              Isim, Ftarg, Btarg
   1 2019          0.3977734      21560.7846623       5544.3597106
   1 2021          0.3860742      21476.3540706       5513.1494672
   1 2023          0.4065479      21574.9048134       5567.7915942
   1 2025          0.3802246      21594.4477406       5482.7212000
   1 2027          0.4182471      21544.0445067       5646.2843953
   1 2029          0.3919238      21569.3584020       5567.9429817
   1 2031          0.3860742      21561.5143188       5506.6670340
   1 2033          0.3889990      21497.2396603       5525.1289808
   1 2035          0.3889990      21564.5719906       5538.4195778
   1 2037          0.3860742      21501.2504707       5493.6322804
   1 2039          0.3772998      21545.9293408       5385.9752069
   1 2041          0.3743750      21484.5968786       5399.8753344
   1 2043          0.4094727      21486.7885324       5588.7540571
   2 2019          0.3977734      21468.4703596       5520.6210708
   2 2021          0.3860742      21452.2993056       5489.9819666
   2 2023          0.4270215      21438.4960664       5645.8966341
   2 2025          0.4387207      21384.9435864       5664.0856995
   2 2027          0.4474951      21459.6024057       5672.0031239
   2 2029          0.4533447      21450.1962324       5681.8108678
   2 2031          0.4562695      21389.2875637       5685.1138522
   2 2033          0.4533447      21450.6790035       5676.5070941
   2 2035          0.3422021      21483.2636513       4952.9814955
   2 2037          0.3656006      21459.8531247       5287.7827981
   2 2039          0.4357959      21456.1512175       5667.9150905
   2 2041          0.4211719      21463.0749653       5630.0953542
   2 2043          0.4240967      21416.2542749       5587.8671382
   3 2019          0.3977734      21902.4674708       5632.2235072
   3 2021          0.3948486      21839.1892539       5648.5677540
   3 2023          0.4240967      21873.0507313       5742.4777051
   3 2025          0.3919238      21922.4422981       5664.4433486
   3 2027          0.3860742      21875.4900063       5604.6181378
   3 2029          0.3831494      21864.6396873       5573.2143668
   3 2031          0.3860742      21871.2909127       5603.8997139
   3 2033          0.3802246      21884.1452907       5545.0869806
   3 2035          0.3889990      21845.8156051       5627.1805718
   3 2037          0.3889990      21853.3989473       5628.4033641
   3 2039          0.3860742      21908.8315754       5610.2636518
   3 2041          0.3889990      21919.0505080       5638.7946393
   3 2043          0.3714502      21835.5322150       5505.5098117
   4 2019          0.3977734      22238.1558441       5718.5458336
   4 2021          0.3802246      22190.1320607       5628.1284860
   4 2023          0.4211719      22205.3692331       5827.3870194
   4 2025          0.4270215      22169.2165498       5834.8576722
   4 2027          0.3626758      22183.0657880       5476.8450312
   4 2029          0.3597510      22274.5387061       5415.2414504
   4 2031          0.3743750      22190.1008773       5563.8557140
   4 2033          0.4065479      22171.3792655       5750.1802247
   4 2035          0.3860742      22238.2359330       5687.0596936
   4 2037          0.4182471      22208.2967145       5816.4694394
   4 2039          0.3802246      22250.1184673       5657.9010626
   4 2041          0.4153223      22211.6940332       5803.8444967
   4 2043          0.4153223      22212.3116232       5803.7966315
   5 2019          0.3977734      21750.2088158       5593.0701663
   5 2021          0.3831494      21760.2619838       5551.6154840
   5 2023          0.4123975      21750.5977598       5654.8263951
   5 2025          0.3889990      21693.3673128       5592.8709662
   5 2027          0.4182471      21711.0224865       5699.6735073
   5 2029          0.4211719      21744.0873353       5701.5642636
   5 2031          0.4182471      21753.0625230       5638.3372709
   5 2033          0.3597510      21671.1810265       5276.0463697
   5 2035          0.3831494      21715.5082117       5559.2165235
   5 2037          0.3860742      21687.9612513       5579.1983312
   5 2039          0.3772998      21771.8421470       5516.8220383
   5 2041          0.3860742      21723.6663826       5583.9710710
   5 2043          0.3860742      21752.0104639       5587.4897857
   6 2019          0.3977734      22156.6315249       5697.5818401
   6 2021          0.3919238      22070.1562452       5705.7675112
   6 2023          0.4328711      22139.0785460       5840.6968211
   6 2025          0.4123975      22147.8124472       5776.9122490
   6 2027          0.4562695      22149.4461573       5866.6901205
   6 2029          0.4533447      22150.8911540       5867.5112196
   6 2031          0.4387207      22110.9857734       5813.1636126
   6 2033          0.4533447      22109.5605925       5856.3050107
   6 2035          0.4445703      22067.8491982       5836.3519387
   6 2037          0.4328711      22137.8296478       5789.3460125
   6 2039          0.4445703      22141.0118296       5824.8445848
   6 2041          0.4621191      22068.7805465       5884.6636937
   6 2043          0.4328711      22072.1660384       5818.9337450
   7 2019          0.3977734      21768.1921215       5597.6945766
   7 2021          0.3948486      21768.5535891       5618.3597893
   7 2023          0.4123975      21750.1932418       5658.4653841
   7 2025          0.4153223      21727.0901337       5656.3819494
   7 2027          0.4182471      21741.1972357       5649.6368558
   7 2029          0.4036230      21698.6727412       5568.5014744
   7 2031          0.4240967      21739.5153894       5639.9288850
   7 2033          0.4211719      21793.9822900       5638.0476804
   7 2035          0.4153223      21784.2860319       5649.2002185
   7 2037          0.4211719      21694.0733401       5644.4358269
   7 2039          0.3524390      21737.3156268       5183.6638114
   7 2041          0.3714502      21718.7535255       5436.1173997
   7 2043          0.4211719      21769.5868927       5700.0764374
   8 2019          0.3977734      21678.2755930       5574.5725249
   8 2021          0.3772998      21705.4369871       5449.8588461
   8 2023          0.3802246      21636.1147682       5471.1221762
   8 2025          0.4006982      21675.4560169       5589.2016236
   8 2027          0.3860742      21623.2816461       5560.2067000
   8 2029          0.4006982      21675.5367076       5588.8121516
   8 2031          0.3919238      21646.2217657       5598.5115782
   8 2033          0.3860742      21699.6193172       5554.8255051
   8 2035          0.3626758      21696.5257108       5371.6980341
   8 2037          0.3831494      21648.6868406       5529.9133525
   8 2039          0.4240967      21650.4395754       5698.5916012
   8 2041          0.4065479      21681.7974465       5629.6394258
   8 2043          0.4387207      21672.4622209       5676.9115170
   9 2019          0.3977734      21799.3631848       5605.7102212
   9 2021          0.3977734      21783.5949476       5639.8876501
   9 2023          0.4270215      21785.9678171       5736.3601338
   9 2025          0.4270215      21738.2480714       5725.3416763
   9 2027          0.3392773      21809.1860411       4914.3059882
   9 2029          0.3743750      21788.8932698       5474.1388414
   9 2031          0.4299463      21750.1952566       5732.6752852
   9 2033          0.4328711      21761.0852395       5736.0588448
   9 2035          0.4270215      21766.9542001       5701.7766621
   9 2037          0.4445703      21790.5863502       5730.0391226
   9 2039          0.4416455      21790.1826259       5723.5598441
   9 2041          0.4504199      21758.8226557       5751.6002921
   9 2043          0.3422021      21835.0127130       5002.0925183
  10 2019          0.3977734      21758.6010251       5595.2282244
  10 2021          0.3860742      21786.8518073       5582.0580127
  10 2023          0.4240967      21746.2567081       5694.9539231
  10 2025          0.4299463      21724.8899582       5699.8457935
  10 2027          0.4123975      21705.0975563       5618.4000839
  10 2029          0.4211719      21710.2259877       5626.7042221
  10 2031          0.4211719      21683.6859208       5628.6716483
  10 2033          0.4357959      21752.9336981       5687.7852735
  10 2035          0.3568262      21690.9793984       5268.2933222
  10 2037          0.3831494      21688.4733293       5551.9888380
  10 2039          0.3831494      21719.3066354       5556.4218152
  10 2041          0.3860742      21733.6648122       5582.8549633
  10 2043          0.3743750      21677.0678477       5464.7105261
  11 2019          0.3977734      21487.6525524       5525.5537752
  11 2021          0.3831494      21411.4002644       5473.7982101
  11 2023          0.4153223      21469.5310569       5595.6344624
  11 2025          0.3860742      21466.3619279       5509.8084909
  11 2027          0.3831494      21491.5197850       5488.3216110
  11 2029          0.3831494      21415.6250638       5476.6400655
  11 2031          0.3743750      21424.2741895       5411.3746050
  11 2033          0.4094727      21474.2045076       5583.6000809
  11 2035          0.3889990      21437.0413765       5520.6213224
  11 2037          0.4182471      21457.8926648       5617.5458140
  11 2039          0.3860742      21447.7666307       5501.5374523
  11 2041          0.3889990      21439.4639184       5525.7905701
  11 2043          0.3860742      21479.3190621       5506.4953645
  12 2019          0.3977734      21775.3854438       5599.5443407
  12 2021          0.3860742      21764.1724504       5577.2137286
  12 2023          0.4270215      21693.5674270       5719.2200373
  12 2025          0.4270215      21761.4219086       5716.4689261
  12 2027          0.4065479      21764.9097177       5626.5123090
  12 2029          0.4357959      21732.5380560       5693.1458375
  12 2031          0.3480518      21785.5909796       5144.7438844
  12 2033          0.3831494      21766.8215405       5548.6335214
  12 2035          0.4270215      21696.0196319       5728.1390055
  12 2037          0.4270215      21804.0203116       5724.8443863
  12 2039          0.4036230      21764.4207213       5597.9805441
  12 2041          0.3714502      21694.1802519       5438.0123705
  12 2043          0.4036230      21784.8249694       5622.1635798
  13 2019          0.3977734      21428.9070871       5510.4473681
  13 2021          0.3948486      21404.8711995       5533.9924664
  13 2023          0.4299463      21402.7340520       5626.3603963
  13 2025          0.3743750      21440.3884073       5405.2088440
  13 2027          0.3685254      21375.1554712       5330.2971841
  13 2029          0.3772998      21454.2728166       5434.8406354
  13 2031          0.3802246      21461.2998555       5461.4385149
  13 2033          0.3802246      21433.3004833       5457.5291660
  13 2035          0.3685254      21457.8766766       5346.5976633
  13 2037          0.3743750      21398.4451082       5403.8772088
  13 2039          0.3743750      21354.6877439       5396.9318093
  13 2041          0.3802246      21349.9740666       5449.5192668
  13 2043          0.3977734      21353.0233686       5538.3314632
  14 2019          0.3977734      21985.1906771       5653.4957948
  14 2021          0.3889990      21952.2398691       5653.3499586
  14 2023          0.4299463      21934.6910780       5793.2707656
  14 2025          0.4270215      22009.4889386       5778.7425110
  14 2027          0.4387207      21975.5709278       5796.2760651
  14 2029          0.4474951      21972.8610496       5805.7164105
  14 2031          0.4153223      21986.2129142       5695.7916682
  14 2033          0.4094727      21977.6614152       5711.1598357
  14 2035          0.4328711      21984.5664040       5773.9463458
  14 2037          0.3597510      21955.0625803       5380.4828101
  14 2039          0.3802246      21936.3730675       5570.6472303
  14 2041          0.3889990      21952.4406914       5656.6657234
  14 2043          0.3860742      21914.6047750       5624.8843848
  15 2019          0.3977734      21157.9586143       5440.7729189
  15 2021          0.3860742      21181.5390768       5430.0919974
  15 2023          0.4211719      21083.0112488       5534.8178178
  15 2025          0.4240967      21140.5580249       5532.3315398
  15 2027          0.4299463      21147.3264406       5534.1964855
  15 2029          0.4006982      21101.3434949       5404.7951301
  15 2031          0.3422021      21142.9889220       4806.6565625
  15 2033          0.3802246      21103.4539898       5374.6329080
  15 2035          0.3772998      21147.1979858       5354.4009241
  15 2037          0.3802246      21177.3384696       5385.8706883
  15 2039          0.3802246      21173.8680666       5385.3525843
  15 2041          0.3743750      21139.2924568       5323.9883914
  15 2043          0.3685254      21081.1789977       5244.5138125
  16 2019          0.3977734      21860.5064242       5621.4332164
  16 2021          0.3860742      21857.4504938       5602.9307544
  16 2023          0.4123975      21868.4702527       5692.6151157
  16 2025          0.3889990      21829.3862018       5629.1683900
  16 2027          0.4182471      21805.6935294       5722.4723231
  16 2029          0.3772998      21884.8186535       5554.5663157
  16 2031          0.3860742      21805.3207124       5597.8518751
  16 2033          0.4094727      21859.1626590       5685.4744636
  16 2035          0.3626758      21827.9747694       5407.8303517
  16 2037          0.3743750      21854.9953241       5501.2106051
  16 2039          0.4357959      21841.2757812       5760.4012996
  16 2041          0.4299463      21809.3654637       5751.3574491
  16 2043          0.4357959      21804.5333074       5740.1957011
  17 2019          0.3977734      21486.4536654       5525.2454812
  17 2021          0.4065479      21449.6271060       5585.9413902
  17 2023          0.3889990      21430.4355984       5506.9515851
  17 2025          0.4328711      21405.2773797       5652.4158275
  17 2027          0.4387207      21518.9386614       5654.9173910
  17 2029          0.4474951      21454.1049435       5664.7443984
  17 2031          0.4445703      21465.9946972       5652.7148919
  17 2033          0.3480518      21421.6269032       5039.3525098
  17 2035          0.4094727      21518.5867278       5590.6106480
  17 2037          0.3860742      21510.1427962       5517.8215830
  17 2039          0.4094727      21417.1542337       5599.9482544
  17 2041          0.4065479      21494.8114968       5594.8731990
  17 2043          0.4153223      21501.1460497       5582.6428885
