FL 2019 2020 2021 2022 2023 2024 2025 2026 2027 2028 2029 2030 2031 2032 2033 2034 2035 2036 2037 2038 2039 2040 2041 2042 2043 2044 2045
 1  0.7288134  0.6829873  0.6669328  0.6662692  0.6874074  0.7183745  0.7065782  0.7010929  0.6992598  0.7006510  0.7052570  0.7033672  0.7026677  0.6951860  0.6904473  0.6944544  0.6932885  0.6744165  0.6652704  0.6828671  0.7046749  0.7103181  0.7107794  0.7138335  0.7122839  0.6960181  0.6843306
 2  0.5725724  0.5324563  0.5399180  0.5521687  0.5979796  0.6165787  0.6077410  0.5786773  0.5346351  0.5016892  0.4993381  0.5332163  0.5515174  0.5446159  0.5326465  0.5447656  0.5569858  0.5401461  0.5322913  0.5667295  0.5953591  0.6030219  0.5933089  0.5872265  0.5820335  0.5694834  0.5442677
 3  0.7521145  0.7094340  0.6928294  0.6894916  0.7039843  0.7418086  0.7301128  0.7204023  0.7155041  0.7150991  0.7190533  0.7192305  0.7206274  0.7132691  0.7068036  0.7105493  0.7123121  0.6947212  0.6824838  0.6992187  0.7249147  0.7313810  0.7308988  0.7313053  0.7316122  0.7165966  0.7031322
 4  0.4566311  0.4437178  0.4684891  0.4698279  0.5364905  0.5537509  0.5082841  0.4376317  0.3843608  0.3706928  0.4080007  0.4583973  0.4632058  0.4307656  0.4255336  0.4696510  0.4801542  0.4350964  0.4420442  0.5089510  0.5299379  0.5189109  0.4866133  0.4932617  0.5046070  0.4724508  0.4258936
 1  0.7290193  0.6838820  0.6677677  0.6673983  0.6676285  0.6771693  0.6968664  0.7005426  0.6943884  0.6968056  0.6967965  0.6963479  0.6870794  0.6714527  0.6868032  0.6953637  0.6953045  0.7107368  0.7066558  0.7061781  0.6953762  0.6834506  0.6823777  0.6631271  0.6458362  0.6475522  0.6735722
 2  0.5731135  0.5329778  0.5396730  0.5534473  0.5520881  0.5618308  0.5764397  0.5771921  0.5676947  0.5672266  0.5636637  0.5561488  0.5452893  0.5386349  0.5520340  0.5563655  0.5740601  0.5936309  0.5943362  0.5757225  0.5385966  0.5216313  0.5245736  0.5138635  0.5035938  0.5304871  0.5636198
 3  0.7523618  0.7102255  0.6935086  0.6903562  0.6880499  0.6945850  0.7155546  0.7201370  0.7124541  0.7153363  0.7159624  0.7137322  0.7047572  0.6894714  0.7040236  0.7134229  0.7113341  0.7311431  0.7281813  0.7245403  0.7122604  0.6998764  0.6996599  0.6820205  0.6627037  0.6637483  0.6921238
 4  0.4573780  0.4432885  0.4673702  0.4728694  0.4588774  0.4837498  0.5021336  0.4833822  0.4756034  0.4848755  0.4653745  0.4564648  0.4551608  0.4539208  0.4690123  0.4588388  0.5045262  0.5289289  0.4964257  0.4483010  0.4180261  0.4305036  0.4405915  0.4116434  0.4178346  0.4737771  0.4967207
 1  0.7283085  0.6841639  0.6668761  0.6702929  0.6863463  0.6908863  0.6833830  0.6858649  0.6920480  0.6902585  0.6894230  0.6924682  0.6908301  0.6810930  0.6833465  0.6967476  0.6793016  0.6737881  0.6791664  0.6866827  0.6827287  0.6772758  0.6782089  0.6860910  0.6994821  0.6979942  0.6931387
 2  0.5726575  0.5332084  0.5389764  0.5663384  0.5806945  0.5771668  0.5534743  0.5490154  0.5573996  0.5538956  0.5441918  0.5425169  0.5560264  0.5595831  0.5674944  0.5702249  0.5579015  0.5552904  0.5637114  0.5656212  0.5513712  0.5327666  0.5300123  0.5653882  0.5934353  0.5952228  0.5790437
 3  0.7516802  0.7103537  0.6925652  0.6921127  0.7075715  0.7112822  0.7014023  0.7029345  0.7104383  0.7089488  0.7071424  0.7086628  0.7080349  0.7016331  0.7022734  0.7152633  0.6982784  0.6926622  0.6983909  0.7057190  0.7017563  0.6948519  0.6943993  0.7029036  0.7199728  0.7204019  0.7139560
 4  0.4573648  0.4429854  0.4670285  0.4984283  0.5035807  0.4744651  0.4474973  0.4674484  0.4756817  0.4569894  0.4331649  0.4500324  0.4884045  0.4812213  0.4795281  0.4808328  0.4749491  0.4801441  0.4832126  0.4773826  0.4486682  0.4228246  0.4467252  0.5069234  0.5307397  0.5131840  0.4642794
 1  0.7292546  0.6839832  0.6690715  0.6697738  0.6758468  0.6847277  0.6880684  0.6977924  0.7076212  0.7193688  0.7177669  0.7163072  0.7194371  0.7154290  0.7174349  0.7200780  0.7211625  0.7243120  0.7156310  0.7115999  0.7102194  0.7139935  0.7020736  0.6923811  0.6891427  0.6900886  0.6762653
 2  0.5718989  0.5325022  0.5404384  0.5567107  0.5622302  0.5594289  0.5540206  0.5578882  0.5803462  0.5978450  0.5976091  0.5886428  0.5758526  0.5626813  0.5487915  0.5407908  0.5446028  0.5507003  0.5539003  0.5542075  0.5700352  0.5824480  0.5713045  0.5443031  0.5174864  0.5144283  0.5177952
 3  0.7524902  0.7105481  0.6948920  0.6924713  0.6960757  0.7035688  0.7052951  0.7150025  0.7248607  0.7390981  0.7385331  0.7344709  0.7371909  0.7330891  0.7332820  0.7354062  0.7362184  0.7404091  0.7324793  0.7285582  0.7273366  0.7334916  0.7222380  0.7103214  0.7050567  0.7054558  0.6929466
 4  0.4556608  0.4436466  0.4674027  0.4776393  0.4743880  0.4597614  0.4604326  0.4729083  0.5077688  0.5251436  0.5010435  0.4809565  0.4753790  0.4491336  0.4284198  0.4234178  0.4455536  0.4546560  0.4530103  0.4585904  0.4936094  0.5040666  0.4649590  0.4128269  0.3976079  0.4212987  0.4390491
 1  0.7307392  0.6864747  0.6695590  0.6699688  0.6840082  0.7018292  0.6985555  0.7028425  0.6889053  0.6830720  0.6572272  0.6118134  0.6150131  0.6726322  0.6787449  0.6892630  0.6674585  0.6487506  0.6617224  0.6932775  0.6843506  0.6763576  0.6753127  0.6740006  0.6487147  0.6257016  0.6719255
 2  0.5709265  0.5324007  0.5400119  0.5590901  0.5816977  0.5922777  0.5870833  0.5778020  0.5625201  0.5553446  0.5253686  0.4743170  0.5395420  0.5916023  0.5989547  0.5878752  0.5428674  0.5028252  0.5411783  0.5825702  0.5794955  0.5548668  0.5294353  0.5129376  0.4933261  0.5303622  0.5820801
 3  0.7534590  0.7126204  0.6953068  0.6925316  0.7034598  0.7224801  0.7186053  0.7219824  0.7077568  0.7024730  0.6781713  0.6302323  0.6245070  0.6957262  0.7024745  0.7100048  0.6870400  0.6664115  0.6755630  0.7135487  0.7068080  0.6955915  0.6925039  0.6908636  0.6654368  0.6407082  0.6906793
 4  0.4540021  0.4430379  0.4677890  0.4835650  0.5102564  0.5136291  0.4962886  0.4815395  0.4750663  0.4730788  0.4188862  0.3766682  0.5050057  0.5408286  0.5156625  0.4823096  0.4303896  0.3958856  0.4890637  0.5251062  0.4850975  0.4355314  0.4205533  0.4089817  0.4117342  0.4864870  0.5259782
 1  0.7296156  0.6865135  0.6678708  0.6673933  0.6747790  0.6821683  0.6805568  0.6898962  0.7040703  0.7060528  0.6985213  0.6949323  0.6821031  0.6790499  0.6873523  0.6909933  0.6763743  0.6640719  0.6779903  0.6903568  0.6974967  0.7109938  0.7139117  0.7070317  0.6988621  0.7026418  0.7023271
 2  0.5721350  0.5333712  0.5390598  0.5573046  0.5654312  0.5613671  0.5467700  0.5580636  0.5839267  0.5902507  0.5745124  0.5451881  0.5178275  0.5318958  0.5554537  0.5610695  0.5380584  0.5140605  0.5294543  0.5493413  0.5693704  0.5922424  0.5969551  0.5833749  0.5590112  0.5646970  0.5722860
 3  0.7525046  0.7124216  0.6935765  0.6900898  0.6953404  0.7016603  0.6982434  0.7061844  0.7229307  0.7271036  0.7186687  0.7122246  0.6973858  0.6953056  0.7052657  0.7098240  0.6952656  0.6809534  0.6936970  0.7078343  0.7148808  0.7294808  0.7351121  0.7271101  0.7160178  0.7198153  0.7218074
 4  0.4555682  0.4427927  0.4676862  0.4825236  0.4819687  0.4609324  0.4447762  0.4862198  0.5179527  0.5072662  0.4578201  0.4085035  0.4235125  0.4645388  0.4798781  0.4681507  0.4254602  0.4115858  0.4535091  0.4710538  0.4917999  0.5217208  0.5147472  0.4677626  0.4522245  0.4900398  0.4932835
 1  0.7282820  0.6802620  0.6618768  0.6649704  0.6804858  0.6862298  0.6807589  0.6818821  0.6919497  0.6984831  0.6945185  0.6981573  0.7138804  0.7127545  0.7105340  0.7115201  0.7088540  0.7031562  0.7019111  0.7166568  0.7110341  0.7107613  0.7076480  0.7047844  0.7017960  0.7011366  0.6929296
 2  0.5697585  0.5310939  0.5383287  0.5619877  0.5729977  0.5659063  0.5354053  0.5147590  0.5180011  0.5232285  0.5277119  0.5620571  0.5945441  0.6017519  0.5909184  0.5707567  0.5452354  0.5255309  0.5689080  0.6052199  0.6114916  0.6029870  0.5852599  0.5672954  0.5440781  0.5243398  0.5022656
 3  0.7517544  0.7072754  0.6881091  0.6873313  0.7015525  0.7058908  0.6979625  0.6974635  0.7073121  0.7141575  0.7103819  0.7136534  0.7336697  0.7342991  0.7305621  0.7289799  0.7252192  0.7194665  0.7162824  0.7386850  0.7342660  0.7312544  0.7269305  0.7235415  0.7188913  0.7168824  0.7082238
 4  0.4555172  0.4446611  0.4681141  0.4916287  0.4894358  0.4544420  0.4111711  0.4073881  0.4212358  0.4220491  0.4297945  0.4994114  0.5310200  0.5176442  0.4789892  0.4467652  0.4306595  0.4123926  0.5123469  0.5481074  0.5280196  0.5028589  0.4871616  0.4589773  0.4218294  0.3974470  0.3819599
