FL 2019 2020 2021 2022 2023 2024 2025 2026 2027 2028 2029 2030 2031 2032 2033 2034 2035 2036 2037 2038 2039 2040 2041 2042 2043 2044 2045
 1    4109.00    3559.25    3559.25    3837.37    3837.37    7847.99    7847.99   14433.80   14433.80   12863.00   12863.00    5185.03    5185.03    5662.73    5662.73    6807.57    6807.57    2603.37    2603.37     168.17     168.17    1647.49    1647.49    5658.58    5658.58   11425.26   11425.26
 2     783.00     677.95     677.95     730.93     730.93    1494.86    1494.86    2749.30    2749.30    2450.10    2450.10     987.62     987.62    1078.62    1078.62    1296.68    1296.68     495.88     495.88      32.03      32.03     313.81     313.81    1077.82    1077.82    2176.24    2176.24
 3    3537.00     834.16     666.86    2143.76    2031.57    1501.10    2098.90   14114.32    8999.93    1795.37    1160.18    4558.66    4184.48     731.98     841.10    8929.78    8929.78    8929.78    4856.52      48.30     272.44     722.75     829.13    9950.00    9693.91    1311.79    1274.09
 4    1379.00    1545.61    1308.80    1942.68    3520.98    4018.34    2918.42    1964.19    1190.50    1377.23    1171.68    1086.95     838.45     899.01     847.52     669.08     669.08     669.08     669.08    1011.54    1319.05    1518.51    1408.16    2227.10    1729.77    1661.56     991.28
 1    4109.00    3542.15    3542.15    6136.28    6136.28    4449.98    4449.98    4167.70    4167.70    5240.00    5240.00    3106.95    3106.95    3345.34    3345.34    2713.33    2713.33    4373.29    4373.29   20880.55   20880.55   10300.29   10300.29    2431.51    2431.51    1447.91    1447.91
 2     783.00     674.70     674.70    1168.82    1168.82     847.62     847.62     793.85     793.85     998.10     998.10     591.80     591.80     637.21     637.21     516.82     516.82     833.01     833.01    3977.25    3977.25    1961.96    1961.96     463.14     463.14     275.79     275.79
 3    3537.00     707.01     954.53   12775.48   10786.80     566.15     688.58    3896.28    4128.20    1007.90    1114.24    6912.97    6713.48    1495.15    1131.03    3793.10    3807.92    1195.54    1764.11   23848.97   16903.67     361.75     259.06     259.06     259.06     473.59     505.25
 4    1379.00    1202.63    1325.05     567.36     657.91    1286.61    1356.23    1281.22    1345.82    1366.82    1269.23    1254.20    1181.99    1302.73    1392.85    1663.34    2571.81    2395.79    2204.47     727.68     652.46     910.25     695.74     695.74     695.74     745.05     897.52
 1    4109.00    5205.35    5205.35    5431.73    5431.73   10730.87   10730.87    4775.69    4775.69    4030.95    4030.95    5495.49    5495.49    2300.30    2300.30    4856.54    4856.54    5233.07    5233.07    4637.56    4637.56    7536.61    7536.61    3318.08    3318.08    4935.55    4935.55
 2     783.00     991.50     991.50    1034.62    1034.62    2043.98    2043.98     909.66     909.66     767.80     767.80    1046.76    1046.76     438.15     438.15     925.06     925.06     996.78     996.78     883.34     883.34    1435.54    1435.54     632.02     632.02     940.10     940.10
 3    3537.00    1499.22    1723.20   12516.56   13152.21     791.94     661.92    2606.96    3088.40     626.82     848.61    7870.74    8848.68     577.69     597.36    7112.75    6579.55     533.55     852.36    6339.82    5553.32     561.81     736.13    1977.56    2681.10     809.78    1361.84
 4    1379.00    1455.36    1597.23    1032.59     776.28    1176.82    1149.22    1030.46     954.59     892.02     872.87     719.92     753.19     954.70    1031.35     886.25    1100.60    1031.69    1212.09    1083.59     814.56     789.42     946.75    1283.09    1626.55    1662.42    1274.05
 1    4109.00    1691.38    1691.38    6601.98    6601.98    5576.34    5576.34    2587.20    2587.20    2613.07    2613.07    4317.39    4317.39    5355.50    5355.50    6309.07    6309.07   10465.69   10465.69    6980.82    6980.82    8908.28    8908.28    8581.19    8581.19    4596.90    4596.90
 2     783.00     322.17     322.17    1257.52    1257.52    1062.16    1062.16     492.80     492.80     497.73     497.73     822.36     822.36    1020.10    1020.10    1201.73    1201.73    1993.46    1993.46    1329.68    1329.68    1696.82    1696.82    1634.51    1634.51     875.60     875.60
 3    3537.00     724.75    1238.98    6757.60    6001.20     982.53    1040.06     852.85     938.31    1077.20    1665.58    9064.28    8778.99    2200.35    2431.15    9930.65    9454.75    1288.07    1569.69   13421.23   13538.86    1014.66    1279.08   12094.37    8711.73     711.06     631.70
 4    1379.00    1443.54    1511.42    1277.08    1030.08    1098.17    1201.49    1380.26    2032.88    2355.21    2328.64    2536.97    1897.68    1963.88    1981.42    1448.55    1711.40    1608.53    1641.71    1332.43    1981.36    2038.10    1538.02     647.76     622.89     899.63     912.55
 1    4109.00    3185.03    3185.03    4410.71    4410.71    9087.54    9087.54   18419.94   18419.94   17407.70   17407.70    3863.24    3863.24    2755.83    2755.83    9247.39    9247.39    7831.82    7831.82    2917.99    2917.99    8638.48    8638.48    7899.28    6107.20     267.50     267.50
 2     783.00     606.67     606.67     840.14     840.14    1730.96    1730.96    3508.56    3508.56    3315.75    3315.75     735.86     735.86     524.92     524.92    1761.41    1761.41    1491.78    1491.78     555.81     555.81    1645.42    1645.42    1504.62    1504.62      50.95      50.95
 3    3537.00     780.21     963.73    4849.09    5057.15    1047.29    1454.43    8107.93    7373.71     818.69     600.64    2421.57    3185.04     391.79    1072.24   14386.19    9960.96     790.12     583.56     471.36     847.78   14704.90   10596.89   10596.89    5340.57    3086.41      69.08
 4    1379.00    1392.95    1458.32    1625.98    1838.47    1772.45    2091.25    1790.97    2039.11    1467.94     906.05     744.06    1413.02    1594.76    1571.41     771.10     549.56     920.64    1530.44    1376.66    1202.61     519.55     404.74     404.74     404.74     404.74     720.16
 1    4109.00    6033.26    6033.26    7952.41    7952.41    7164.70    7164.70    3850.31    3850.31    5463.61    5463.61    3503.35    3503.35    5322.24    5322.24    5939.47    5939.47    3507.97    3507.97    1720.03    1720.03    3857.70    3857.70    8996.06    8996.06    2876.87    2876.87
 2     783.00    1149.19    1149.19    1514.74    1514.74    1364.70    1364.70     733.39     733.39    1040.69    1040.69     667.30     667.30    1013.76    1013.76    1131.33    1131.33     668.18     668.18     327.62     327.62     734.80     734.80    1713.54    1713.54     547.98     547.98
 3    3537.00     866.67     808.37    7652.23    7007.88     548.51     664.52    2627.44    3283.64     620.19    1284.04    7788.47    6241.58     913.89     795.61    7018.76    4976.50     550.49     428.29     583.62     784.58    3770.04    4876.77    1122.69    1033.93    2919.65    3210.55
 4    1379.00    1239.97    1358.89    1013.33     829.94     853.14    1018.59    1313.48    1640.56    1496.31    1221.45     887.44     986.22    1113.83    1239.93     850.13     575.91     699.67     696.20     768.21    1073.59    1511.34    1183.56    1246.41    1276.45    1455.45    1329.38
 1    4109.00    5621.15    5621.15    3211.36    3211.36    3557.86    3557.86    3056.13    3056.13    2998.84    2998.84    2008.78    2008.78    1721.87    1721.87    7745.43    7745.43    4430.58    4430.58    2692.07    2692.07    5173.94    5173.94   11434.96   11434.96    7179.94    7179.94
 2     783.00    1070.70    1070.70     611.69     611.69     677.69     677.69     582.12     582.12     571.21     571.21     382.62     382.62     327.98     327.98    1475.32    1475.32     843.92     843.92     512.78     512.78     985.51     985.51    2178.09    2178.09    1367.61    1367.61
 3    3537.00    1329.73    1409.00    6438.76    7313.22     971.57    1007.77    4686.46    3968.66    3968.66    3968.66    2720.42    4443.84     511.70     977.92    6142.57    4946.83     782.79     587.68     736.97    1514.18   12073.38   14050.89    1843.14    2079.06   17033.76   11582.61
 4    1379.00    1461.35    1367.03    1238.85    1120.43     970.76     843.82     585.88     520.82     520.82     520.82    1013.56    1393.70    1330.04    1076.21     884.79     658.82    1011.67    1772.62    2415.10    2626.52    2689.35    2550.48    2202.14    1808.08     739.03     566.66
 1    4109.00     949.87     949.87    1329.64    1329.64    4109.49    4109.49   11012.23   11012.23    6983.59    6983.59   15408.62   15408.62    8422.26    8422.26    3186.41    3186.41    8718.86    8718.86   24024.00   24024.00   12720.25   12720.25    1728.34    1728.34    2144.60    2144.60
 2     783.00     180.93     180.93     253.26     253.26     782.76     782.76    2097.57    2097.57    1330.21    1330.21    2934.98    2934.98    1604.24    1604.24     606.94     606.94    1660.74    1660.74    4576.00    4576.00    2422.90    2422.90     329.21     329.21     408.50     408.50
 3    3537.00     814.98     958.33    1088.67    1067.18    7383.97    6645.02     876.79    1066.63    5575.44    5768.34    1494.38    1549.79   13120.84    9895.38     472.92     409.38     700.16    1449.71   23908.25   18558.59     403.70     462.15     309.12     399.06     669.33     916.50
 4    1379.00    1248.56    1300.39    1217.81     981.31    1059.94    1594.15    2097.01    2497.81    2429.13    2383.98    1815.67    1388.86     496.97     498.23    1211.31    2663.57    3020.34    2468.91    1595.42     976.52    1031.51     865.67     853.86    1120.86    1584.26    2260.02
 1    4109.00    5379.53    5379.53    9429.42    9429.42    5702.93    5702.93    1302.38    1302.38    5860.47    5860.47   11321.77   11321.77    8999.30    8999.30    4630.63    4630.63    1609.61    1609.61    1987.06    1987.06    2784.47    2784.47    4051.74    4051.74    9204.43    9204.43
 2     783.00    1024.67    1024.67    1796.08    1796.08    1086.27    1086.27     248.07     248.07    1116.28    1116.28    2156.53    2156.53    1714.15    1714.15     882.02     882.02     306.59     306.59     378.49     378.49     530.38     530.38     771.76     771.76    1753.22    1753.22
 3    3537.00    1095.54    1460.70    8149.23    6410.99     502.76     444.18     495.89    1001.59    5076.27    5383.53    2100.82    2053.28   18218.44   13121.38     637.39     593.40     408.22     596.59     789.47     831.43    2008.89    2378.54    1203.82    1429.87    3075.51    4085.38
 4    1379.00    1538.16    1365.79     849.53     901.15     932.72    1133.45    1687.33    2519.58    2566.19    2073.89    2041.37    1684.23     655.01     399.25     640.30     637.80     857.53     901.06     994.16    1165.00    1233.11    2021.66    4496.36    5498.69    4988.52    3472.22
 1    4109.00    5736.19    5736.19    4583.50    4583.50    4358.05    4358.05    4389.92    4389.92    3471.47    3471.47    2820.51    2820.51    3574.49    3574.49    5130.97    5130.97   10112.72   10112.72    8481.86    8481.86    9383.68    9383.68    2189.42    2189.42    1575.88    1575.88
 2     783.00    1092.61    1092.61     873.05     873.05     830.10     830.10     836.18     836.18     661.23     661.23     537.24     537.24     680.86     680.86     977.33     977.33    1926.23    1926.23    1615.59    1615.59    1787.37    1787.37     417.03     417.03     300.17     300.17
 3    3537.00     799.96     851.52    5814.58    6665.34    1198.38    1360.95    9409.70    8035.34     503.76     708.67     730.64     796.98    3211.93    3835.37     879.07    1148.85   11642.93    9697.12    1330.76    1291.74    7352.99    5970.93    5970.93     155.86     338.61     678.42
 4    1379.00    1263.82    1360.50    1919.43    1504.11    1231.82    1005.08     720.78     642.90     954.05    1021.82     998.06     964.12    1303.88    1862.25    2249.83    2130.70    1721.34    1199.79     965.80     875.57     596.89     492.10     492.10     871.82     897.06     996.03
 1    4109.00    2409.79    2409.79    3427.58    3427.58    5535.22    5535.22    6423.19    6423.19    5781.93    5781.93    5079.69    5079.69    9215.51    9215.51    8545.15    8545.15    8674.05    8674.05    4613.99    4613.99    7406.78    7406.78    4830.67    4830.67    6215.75    6215.75
 2     783.00     459.01     459.01     652.87     652.87    1054.33    1054.33    1223.46    1223.46    1101.32    1101.32     967.56     967.56    1755.34    1755.34    1627.65    1627.65    1652.20    1652.20     878.86     878.86    1410.82    1410.82     920.13     920.13    1183.95    1183.95
 3    3537.00     863.90     963.13    4506.99    3874.20    1024.68    1323.75    4540.86    4172.30    1088.75    1176.75   10114.32   14077.86     860.03    1068.21   13404.63   11529.06    1372.10    1069.25    6546.87    6411.09     976.47     760.26    4322.92    4121.61     619.83     513.04
 4    1379.00    1304.41    1467.77    1341.44    1195.36    1405.72    1723.05    1234.70    1043.53     994.96    1261.34    1864.76    1825.90    2174.37    1980.55    1907.89    1400.89    1750.10    1446.64    1107.34    1058.43    1063.04    1037.57     886.64     804.78     801.30    1293.82
 1    4109.00    3878.03    3878.03    5960.72    5960.72    6360.35    6360.35    5045.04    5045.04    3091.24    3091.24    2720.72    2720.72    7907.59    7907.59   13333.32   13333.32   10503.11   10503.11    3995.84    3995.84    5289.44    5289.44   10214.82   10214.82   14721.17   14721.17
 2     783.00     738.67     738.67    1135.38    1135.38    1211.50    1211.50     960.96     960.96     588.81     588.81     518.23     518.23    1506.21    1506.21    2539.68    2539.68    2000.59    2000.59     761.11     761.11    1007.51    1007.51    1945.68    1945.68    2804.03    2804.03
 3    3537.00     666.89     990.58   10607.15    9974.85     626.19     717.67    6003.50    5131.24     334.11     601.03     638.75    1046.86   10044.19    9035.56    1547.59    1655.33   12931.83   11375.96     453.33     669.52    1050.26    1343.83    8162.52    9428.00    1664.73    1928.33
 4    1379.00    1320.62    1276.07    1169.63     886.55     889.87     749.98     515.73     609.36     868.93    1525.62    2081.23    2605.80    2286.45    1813.14    1699.96    1373.35     894.08     813.60    1394.07    1768.16    1707.13    2234.96    3130.65    2883.74    2721.56    2807.50
 1    4109.00    4081.77    4081.77    2938.78    2938.78    3385.07    3385.07    2543.31    2543.31    5780.54    5780.54    6362.20    6362.20    4255.48    4255.48    1668.74    1668.74    3742.20    3742.20    3474.24    3474.24    5013.62    5013.62    8334.94    8334.94    5691.38    5691.38
 2     783.00     777.48     777.48     559.77     559.77     644.78     644.78     484.44     484.44    1101.06    1101.06    1211.85    1211.85     810.57     810.57     317.86     317.86     712.80     712.80     661.76     661.76     954.98     954.98    1587.61    1587.61    1084.07    1084.07
 3    3537.00     812.00     825.92    3751.80    4051.92     791.92    1151.99    3780.72    3780.72    1354.77    1020.87    9344.59    7856.69     278.02     302.97     302.97     369.83    2158.13    3271.53     736.60    1121.68    7914.57    6385.25     654.00     586.39    4316.47    6266.62
 4    1379.00    1185.52    1139.61     999.29    1632.62    1680.94    1445.54    1223.87    1223.87     798.14     842.86     433.52     410.24     639.74     703.03     703.03     681.44    1290.95    1342.36    1153.05    1115.24     611.34     538.98    1030.02    1528.69    2833.53    2293.68
 1    4109.00    5537.53    5537.53   10198.65   10198.65    5932.54    5932.54    9183.17    9183.17    6821.43    6821.43    7295.44    7295.44    8864.39    8864.39    3987.52    3987.52    2182.03    2182.03    6182.95    6182.95   15519.04   15519.04    9215.05    9215.05    3892.81    3892.81
 2     783.00    1054.77    1054.77    1942.60    1942.60    1130.01    1130.01    1749.18    1749.18    1299.32    1299.32    1389.61    1389.61    1688.46    1688.46     759.53     759.53     415.62     415.62    1177.70    1177.70    2956.01    2956.01    1755.25    1755.25     741.49     741.49
 3    3537.00     773.22     918.64   13590.72   10780.64     226.05     418.20    1027.75    1394.33    7971.69    9390.20     488.92     792.73   15682.82   11088.45     502.16     541.86     637.96    1155.90    2677.31    3267.78    6963.87    4644.25    8778.31    8161.29     445.24     561.75
 4    1379.00    1240.08    1327.21     577.02     737.79    1202.97    1585.46    1420.58    1126.39     974.47    1534.45    1668.02    1633.36     500.11     460.86    1131.45    1486.85    1716.34    2634.68    3189.78    2244.87    1916.83    1104.59     489.05     610.24     772.38     731.77
 1    4109.00    4914.76    4914.76    5123.12    5123.12    4298.91    4298.91    3990.29    3990.29    4914.29    4914.29    1648.88    1648.88    7103.71    7103.71    5336.10    5336.10    6087.77    6087.77    4791.40    4791.40    2813.12    2813.12    1997.69    1997.69    3711.25    3711.25
 2     783.00     936.14     936.14     975.83     975.83     818.84     818.84     760.06     760.06     936.06     936.06     314.07     314.07    1353.09    1353.09    1016.40    1016.40    1159.58    1159.58     912.65     912.65     535.83     535.83     380.51     380.51     706.90     706.90
 3    3537.00     707.39     657.18    5217.53    5822.06     723.24    1208.88    1208.88    1208.88    1008.16     599.85     653.29     861.31   11111.86    9040.03    1187.87    1181.70    8905.27    9048.88     488.01     618.06    1676.64    2162.10     920.04     734.28    3124.29    3237.20
 4    1379.00    1178.87    1165.13    1478.43    1703.15    1499.22    1130.27    1130.27    1130.27     719.23    1253.39    2194.70    2379.77    1466.92    1056.83     996.03     870.16     475.02     673.85    1206.36    1111.97     932.76     925.20    1015.14    1134.69    1531.73    1723.84
 1    4109.00    4494.80    4494.80    3170.71    3170.71    8141.36    8141.36    9774.07    9774.07    7849.38    7849.38    6784.01    6784.01    6506.81    6506.81    4081.31    4081.31    6196.81    6196.81   12024.94   12024.94   16085.45   16085.45    7498.26    7498.26    5610.07    5610.07
 2     783.00     856.15     856.15     603.94     603.94    1550.74    1550.74    1861.73    1861.73    1495.12    1495.12    1292.19    1292.19    1239.39    1239.39     777.39     777.39    1180.34    1180.34    2290.46    2290.46    3063.90    3063.90    1428.24    1428.24    1068.58    1068.58
 3    3537.00     566.34     652.38    1009.87     953.13    7082.84    7164.51     799.78     843.89   11119.91   12342.65     808.78     949.21   12571.25   12038.77     636.04     778.92    1173.23    2213.42   33686.62   24977.55    1499.93     891.36   10215.00   11053.01     577.98     929.48
 4    1379.00    1203.84    1274.25    1149.89    1299.32    1324.51    1360.53    1466.44    1402.76    1600.04    1597.98    1561.85    1284.64     795.36     840.28    1877.85    3673.97    4444.34    3121.80     710.13     470.75    1151.68    1201.88    1386.19    1651.04    1914.02    2405.38
 1    4109.00    5696.92    5696.92    3818.89    3818.89    6151.99    6151.99    3881.72    3881.72    3102.33    3102.33    3292.67    3292.67    4161.70    4161.70   11397.08   11397.08   12984.51   12984.51   10883.33   10883.33   13318.54   13318.54    3494.11    3494.11    1193.35    1193.35
 2     783.00    1085.13    1085.13     727.41     727.41    1171.81    1171.81     739.38     739.38     590.92     590.92     627.18     627.18     792.70     792.70    2170.87    2170.87    2473.24    2473.24    2073.02    2073.02    2536.86    2536.86     665.54     665.54     227.30     227.30
 3    3537.00    1559.10    1367.83    5133.94    4889.83     998.56     878.70    5390.58    4752.56     817.77     851.59    5404.01    5350.09    1267.20    1382.56   21845.39   16183.37    1433.93     894.01    2088.67    2122.83   12428.64    7458.23    7458.23     148.85     208.47     459.38
 4    1379.00    1320.63    1323.12    1288.44    1432.12    1447.74    1142.55     941.42    1105.52    1315.92    1179.07    1216.37    1669.71    3146.30    2801.86    1011.15     973.80    1857.51    1915.19    1856.97    1351.25     691.89     427.87     427.87     851.55    1037.46     969.01
 1    4109.00    3259.87    3259.87    5590.66    5590.66    5778.23    5778.23    9825.82    9825.82    5782.85    5782.85    2543.31    2543.31    6012.47    6012.47    3589.28    3589.28    4007.85    4007.85    6136.28    6136.28    5957.95    5957.95    9102.32    9102.32    6163.08    6163.08
 2     783.00     620.93     620.93    1064.89    1064.89    1100.62    1100.62    1871.58    1871.58    1101.50    1101.50     484.44     484.44    1145.23    1145.23     683.67     683.67     763.40     763.40    1168.82    1168.82    1134.85    1134.85    1733.78    1733.78    1173.92    1173.92
 3    3537.00     810.35     960.14    7616.83    7989.71    1132.48    1176.84   21306.15   12311.56     563.23     405.82     440.58     739.70   10086.53   10860.53     720.54     773.14    3941.70    3883.68     996.68    1383.23    3174.36    3168.67   16149.02   11348.89    1309.27    1318.97
 4    1379.00    1433.20    1580.03    1789.19    1511.76    1776.16    1822.07     469.52     320.95     746.90    1114.51    1100.96    1158.71    1166.04    1060.55    1453.62    1500.82    1172.32    1668.06    2411.27    2731.78    2463.19    2004.34     965.35     993.47    1900.86    2250.79
 1    4109.00    4582.58    4582.58   13856.77   13856.77    2850.54    2850.54    1319.93    1319.93     787.25     787.25     926.77     926.77    2948.48    2948.48    2620.00    2620.00    3519.05    3519.05    2313.70    2313.70    3439.59    3439.59    2115.96    2115.96    2408.41    2408.41
 2     783.00     872.87     872.87    2639.38    2639.38     542.96     542.96     251.42     251.42     149.95     149.95     176.53     176.53     561.62     561.62     499.05     499.05     670.30     670.30     440.70     440.70     655.16     655.16     403.04     403.04     458.74     458.74
 3    3537.00     669.08     863.49   15016.31    7218.15    6209.19    7218.15    7218.15    7218.15    7218.15     162.90     185.05     626.29    3818.08    4130.28     695.89     736.82    3202.46    2977.45     904.32     900.85    5714.43    4338.19     517.11     838.08     775.17     886.78
 4    1379.00    1376.19    1206.14     503.89     344.59     344.59     344.59     344.59     344.59     344.59     781.49     869.68     774.84     816.13    1008.17    1086.08     987.26     845.52     844.98    1039.52     854.21     485.05     592.13     898.56    1049.02    1274.58    1472.55
 1    4109.00    3646.57    3646.57    6433.81    6433.81    7045.96    7045.96    8271.19    8271.19    2078.08    2078.08    4600.60    4600.60    7393.39    7393.39   14429.18   14429.18   15001.14   15001.14    4357.58    4357.58    8787.24    8787.24    5367.52    5367.52    2352.50    2352.50
 2     783.00     694.58     694.58    1225.49    1225.49    1342.09    1342.09    1575.46    1575.46     395.82     395.82     876.30     876.30    1408.26    1408.26    2748.42    2748.42    2857.36    2857.36     830.02     830.02    1673.76    1673.76    1022.38    1022.38     448.10     448.10
 3    3537.00    1086.08     778.05    5853.26    6934.93    1156.05    1192.96    8526.20    6333.41     651.71    1010.80    7078.64    7249.80    1414.33    1315.36   22139.08   17535.74     491.12     395.57     912.44    1387.75     793.31     616.08    5796.29    5177.51     289.26     359.22
 4    1379.00    1298.29    1567.40    1867.65    1768.69    1558.83    1164.05     498.89     964.99    1986.62    2091.54    1433.54    1242.92    1754.28    1881.13     774.00     672.51    1045.48     969.46    1167.80    1211.63    1147.69     830.84     515.15     570.06     733.13    1117.90
 1    4109.00    3838.30    3838.30    4313.69    4313.69    2390.39    2390.39    3851.69    3851.69    3389.69    3389.69    7185.49    7185.49    9720.94    9720.94   11749.58   11749.58    7847.99    6863.34     913.37     913.37    1336.10    1336.10    5256.17    5256.17    5378.14    5378.14
 2     783.00     731.10     731.10     821.66     821.66     455.31     455.31     733.66     733.66     645.66     645.66    1368.66    1368.66    1851.61    1851.61    2238.02    2238.02    1494.86    1494.86     173.98     173.98     254.50     254.50    1001.18    1001.18    1024.41    1024.41
 3    3537.00     862.85    1003.73    1985.57    2336.52    1214.48    1009.95    1868.12    2204.68    1566.98    2161.75   15056.99   15478.66    1996.67    1712.42   18290.30   11839.89   11839.89    5683.63    1299.81    2485.22     373.12     862.57    5338.91    4675.57    1218.94    1147.98
 4    1379.00    1314.34    1467.03    1229.16    1196.47    1141.55    1354.87    1603.03    2226.01    2420.78    2436.78    1783.24    1664.35    1912.79    1721.86     488.81     302.93     302.93     302.93     709.56    1155.10    1224.95    1188.34     996.10    1353.51    1912.92    2224.18
 1    4109.00    4263.80    4263.80    4085.47    4085.47    3793.48    3793.48    8779.39    8779.39    1231.23    1231.23    2871.33    2871.33    7907.13    7907.13    6210.67    6210.67    2421.34    2421.34    3885.88    3885.88    4408.87    4408.87    3689.99    3689.99    3111.57    3111.57
 2     783.00     812.15     812.15     778.18     778.18     722.57     722.57    1672.26    1672.26     234.52     234.52     546.92     546.92    1506.12    1506.12    1182.98    1182.98     461.21     461.21     740.17     740.17     839.78     839.78     702.86     702.86     592.68     592.68
 3    3537.00     748.52    1016.16    5880.19    5710.65     976.69    1186.30   16654.51   11960.43     355.37     458.68     678.99    1424.42   17316.69   13208.94     824.66     524.74     392.76     543.68    1715.25    1721.24     852.22     997.32    5131.67    4898.80    1227.63    1054.84
 4    1379.00    1501.78    1473.78    1434.26    1472.05    1452.86    1195.05     572.17     736.83    1025.36    1406.78    1519.50    1522.21     474.48     492.50     855.61     708.63     780.02     952.75    1096.35    1405.48    1499.23    1453.35    1168.02    1036.35    1015.81    1038.86
 1    4109.00    3623.00    3623.00    9393.85    9393.85   21636.38   21636.38   11048.73   11048.73   11494.56   11494.56   13841.06   13841.06    5065.37    5065.37   12502.64   12502.64    6556.70    6556.70    5038.57    5038.57    2004.16    2004.16    6508.19    6508.19    6516.97    6516.97
 2     783.00     690.10     690.10    1789.30    1789.30    4121.22    4121.22    2104.52    2104.52    2189.44    2189.44    2636.39    2636.39     964.83     964.83    2381.46    2381.46    1248.90    1248.90     959.73     959.73     381.74     381.74    1239.66    1239.66    1241.33    1241.33
 3    3537.00     744.28     731.02    6149.10    6884.61     811.89     472.28     287.40     655.47   13887.03   14458.58     304.70     210.84     268.28     366.48     899.64    1059.04   12311.25   10108.80     900.93     902.31     951.94     921.87    6657.47    5751.57     827.17     967.19
 4    1379.00    1310.35    1469.04    1656.46    1399.20    1461.87    1680.86    1544.56    1370.27     733.08     684.32    1185.96    1060.79    1266.93    2406.75    2687.60    1753.56    1045.14     840.24    1085.33    1122.16    1153.22    1353.78     922.44     727.22     881.22    1130.78
 1    4109.00    4445.36    4445.36    4314.62    4314.62    3708.94    3708.94    3380.45    3380.45    4356.66    4356.66    5816.12    5816.12    3855.39    3855.39    3324.55    3324.55    8059.59    8059.59   33695.97   33695.97   32853.28   32853.28   13326.85   13326.85    7047.35    7047.35
 2     783.00     846.74     846.74     821.83     821.83     706.46     706.46     643.90     643.90     829.84     829.84    1107.83    1107.83     734.36     734.36     633.25     633.25    1535.16    1535.16    6418.28    6418.28    6257.77    6257.77    2538.45    2538.45    1342.35    1342.35
 3    3537.00     939.93    1017.41    3915.48    4012.12     897.82     866.28    2687.72    2731.39    1006.84     969.84    4662.40    3803.60     645.85     733.81     919.26    1384.65    2235.47    3612.13    5065.55    5678.89    5766.70    3461.95    9751.20    7165.48     996.27    1122.97
 4    1379.00    1542.93    1456.99    1169.29     989.18    1077.02    1222.96    1224.75    1055.96    1019.25     903.87     686.04     870.06    1116.23    1809.60    2255.48    3954.14    7432.18    8541.61    6706.69    4166.97    2895.50    1869.16    1237.10    1467.58    1579.12    1723.87
 1    4109.00    3956.57    3956.57    5544.46    5544.46    7568.48    7568.48    9696.46    9696.46    2176.48    2176.48    1381.38    1381.38    4330.33    4330.33    6594.59    6594.59    7349.50    7349.50    7603.13    7603.13    7458.53    7458.53    9248.32    9248.32    5600.36    5600.36
 2     783.00     753.63     753.63    1056.09    1056.09    1441.62    1441.62    1846.94    1846.94     414.57     414.57     263.12     263.12     824.82     824.82    1256.11    1256.11    1399.90    1399.90    1448.22    1448.22    1420.67    1420.67    1761.58    1761.58    1066.74    1066.74
 3    3537.00     916.23    1212.88    8376.02    9600.38    1081.87    1033.98   11481.96    7881.82     332.30     299.80     478.03     866.75    8144.22    6683.71     962.62     959.53    6424.64    6038.98    1074.94     865.58   10890.74   16610.52    1441.16    2035.29   13915.30   11670.18
 4    1379.00    1372.40    1416.04    1361.07    1475.64    1460.12    1180.15     445.76     398.63     668.70    1016.03    1502.72    1485.50    1165.63     880.33    1517.00    1775.62    1698.70    1327.90    1134.27    1537.22    2271.70    1716.98    1895.01    1441.72     689.87     630.34
 1    4109.00    2627.39    2627.39    3754.67    3754.67    8337.25    8337.25    2907.37    2907.37    3230.77    3230.77    3087.08    3087.08    6702.70    6702.70    4294.75    4294.75    4381.15    4381.15    4777.54    4777.54    3726.49    3726.49    3833.21    3833.21    1553.71    1553.71
 2     783.00     500.46     500.46     715.18     715.18    1588.05    1588.05     553.78     553.78     615.38     615.38     588.02     588.02    1276.70    1276.70     818.05     818.05     834.50     834.50     910.01     910.01     709.81     709.81     730.14     730.14     295.94     295.94
 3    3537.00    1018.91     883.75    3947.27    3971.30    1327.94     883.78     516.76     662.64     832.31     932.01    1071.93    1453.22    8767.50    7963.57    1935.34    1922.89    9121.99    8208.78    1184.07    1488.76    4401.05    4886.78     866.88    1141.11     848.29    1070.42
 4    1379.00    1533.74    1312.53    1282.55    1073.17     808.36     786.76     957.95    1210.05    1379.97    1535.44    2065.87    2547.32    2074.84    1747.28    1685.18    1450.97    1014.11     893.62    1012.76    1195.90    1134.83     861.07     957.23    1037.71    1033.26     921.38
 1    4109.00    2562.71    2562.71    4448.60    4448.60    5934.85    5934.85    3085.24    3085.24    4262.41    4262.41    3408.64    3408.64    4054.51    4054.51    4985.90    4985.90    3425.73    3425.73    3857.24    3857.24    1432.66    1432.66    2770.61    2770.61    4949.41    4949.41
 2     783.00     488.14     488.14     847.35     847.35    1130.45    1130.45     587.66     587.66     811.89     811.89     649.26     649.26     772.29     772.29     949.70     949.70     652.52     652.52     734.71     734.71     272.89     272.89     527.74     527.74     942.74     942.74
 3    3537.00     811.22    1085.46    7454.20    7283.01     748.13     835.10    3283.01    3045.67     978.89     826.95     842.59    1542.20   13373.42    9640.25    1143.73     703.79    2479.54    2391.76    1271.03     796.80     869.32    1041.63    3036.19    3136.53    1082.98    1106.15
 4    1379.00    1256.36    1360.10    1019.88    1085.32    1174.85    1114.84     933.80     899.32    1146.29    1659.38    2013.92    1541.23     866.49     622.40     990.13    1003.23    1048.59    1170.19    1098.58    1008.14    1065.62    1072.57    1126.73    1629.49    1833.48    1672.07
 1    4109.00    3336.56    3336.56    3842.45    3842.45    7307.92    7307.92    7801.79    7801.79    4959.11    4959.11    5221.99    5221.99    3304.22    3304.22    5167.01    5167.01    4280.43    4280.43    2329.87    2329.87    3651.65    3651.65   10111.33   10111.33   12132.58   12132.58
 2     783.00     635.54     635.54     731.90     731.90    1391.98    1391.98    1486.06    1486.06     944.59     944.59     994.66     994.66     629.38     629.38     984.19     984.19     815.32     815.32     443.78     443.78     695.55     695.55    1925.97    1925.97    2310.97    2310.97
 3    3537.00     738.92     748.80    4164.80    4993.15    1178.11    1859.63   20773.96   13922.43    1084.70    1168.64    7154.76    6420.42     911.40     825.17    8520.79    6827.26     544.29     581.77     633.11    1232.17    5404.46    6532.14    2124.64    2288.96   16620.30   10177.62
 4    1379.00    1175.11    1379.03    1771.09    2364.07    2593.50    2064.78     664.87     534.08    1192.47    1176.73    1176.74    1183.47    1052.05     894.46     471.48     606.69    1080.27    1507.93    2293.49    2732.70    2239.45    2341.06    2117.45    1590.24     531.76     435.54
 1    4109.00    3073.22    3073.22    7839.68    7839.68    4459.69    4459.69    2760.91    2760.91    2355.28    2355.28    7349.03    7349.03    6130.28    6130.28    2669.44    2669.44    5588.81    5588.81    6380.22    6380.22    9054.74    9054.74    6596.44    6596.44    2275.35    2275.35
 2     783.00     585.38     585.38    1493.27    1493.27     849.46     849.46     525.89     525.89     448.62     448.62    1399.82    1399.82    1167.67    1167.67     508.46     508.46    1064.54    1064.54    1215.28    1215.28    1724.71    1724.71    1256.46    1256.46     433.40     433.40
 3    3537.00     702.94     986.87   14189.26   11470.20     472.31     726.53    2768.58    3599.60     913.84    1279.12   16271.45   12119.72     883.81     610.00     727.03     721.78    9481.83   11128.27     987.56    1624.88   23214.87   21476.26     711.19    1049.70     950.74    1276.54
 4    1379.00    1393.29    1309.59     704.74     699.93     913.90     977.75    1113.82    1401.53    1674.52    1645.87     865.89     715.94     976.99    1081.83    1237.01    1221.98    1596.85    2171.21    2334.33    2305.52    1051.13     686.60    1159.63    1569.62    2009.02    2042.08
 1    4109.00    4766.45    4766.45    4285.97    4285.97    7733.42    7733.42    2887.50    2887.50    1612.38    1612.38    4599.21    4599.21   10091.47   10091.47    6380.68    6380.68    1517.21    1517.21    5328.71    5328.71   13770.83   13770.83    5733.88    5733.88    7924.69    7924.69
 2     783.00     907.90     907.90     816.38     816.38    1473.03    1473.03     550.00     550.00     307.12     307.12     876.04     876.04    1922.18    1922.18    1215.37    1215.37     288.99     288.99    1014.99    1014.99    2623.02    2623.02    1092.17    1092.17    1509.46    1509.46
 3    3537.00     983.51    1106.19    6686.49    5318.85    1125.19     708.83    1869.23    1689.23     503.78     782.35    3910.58    3966.09    1445.90    1040.39    4784.94    5099.97     356.75     704.75    3368.23    3437.60    1214.54    1023.32    5437.65    5862.72     588.95    1029.53
 4    1379.00    1522.81    1412.17    1037.76     780.05     822.89     662.79     757.61     952.19    1627.59    1677.54    1277.19     980.38     997.77     822.82     907.81    1259.63    1424.27    1449.01    1341.24    1206.96    1219.85    1267.29    1147.69    1967.60    2692.85    2864.02
 1    4109.00    3891.89    3891.89    5279.74    5279.74    3649.80    3649.80    7674.28    7674.28    8486.02    8486.02    2286.44    2286.44    3043.66    3043.66    4172.32    4172.32    8029.10    8029.10   12693.91   12693.91   10022.17   10022.17    4286.90    4286.90    2830.21    2830.21
 2     783.00     741.31     741.31    1005.66    1005.66     695.20     695.20    1461.77    1461.77    1616.38    1616.38     435.51     435.51     579.74     579.74     794.73     794.73    1529.35    1529.35    2417.89    2417.89    1908.98    1908.98     816.55     816.55     539.09     539.09
 3    3537.00     741.97     721.76    8726.85    7010.19     461.06     752.58   11752.03   10577.48     807.16     832.90     605.61     535.50     813.54     727.12     908.44    1094.48    1651.15    1944.89   17289.43   13143.50     899.74    1125.64    4988.82    4402.65     938.13     828.84
 4    1379.00    1352.79    1143.33     830.70     809.88    1265.66    1923.93    1459.03    1019.22     889.75     846.57     728.64     806.28    1140.01    1550.88    2192.57    2655.86    2418.93    1902.26    1097.88    1216.06    1345.31    1349.79    1029.90    1071.72    1083.46    1100.50
 1    4109.00    4727.18    4727.18    2850.54    2850.54    4318.31    4318.31    4612.61    4612.61    2640.33    2640.33    4586.27    4586.27    5524.60    5524.60    7253.40    7253.40    4112.72    4112.72    2475.86    2475.86    1386.46    1386.46    3599.44    3599.44    3926.08    3926.08
 2     783.00     900.42     900.42     542.96     542.96     822.54     822.54     878.59     878.59     502.92     502.92     873.58     873.58    1052.30    1052.30    1381.60    1381.60     783.38     783.38     471.59     471.59     264.09     264.09     685.61     685.61     747.82     747.82
 3    3537.00    1422.38    1275.25    5640.66    5735.99    1076.14    1177.74    6501.24    6266.16     826.46    1264.01    5183.54    5753.39    2016.27    1672.37   20850.03   19342.45    1254.89    1205.26    2794.79    2695.38     807.69     756.13    2218.99    2087.07     786.91     895.46
 4    1379.00    1728.21    1457.43    1565.36    1315.50    1153.61    1241.95    1267.68    1881.95    2012.57    1799.66    1890.78    1718.40    1802.54    1841.58    1039.68     651.21     991.18     889.34     669.42     705.15     993.21    1130.83     926.89    1028.66    1338.05    1301.88
 1    4109.00   13289.43   13289.43    7732.49    7732.49    4228.22    4228.22    1320.86    1320.86    1785.63    1785.63    4801.57    4801.57    6870.86    6870.86    4454.14    4454.14    5106.95    5106.95   11762.52   11762.52    4012.93    4012.93    8672.66    8672.66    8687.45    8687.45
 2     783.00    2531.32    2531.32    1472.86    1472.86     805.38     805.38     251.59     251.59     340.12     340.12     914.58     914.58    1308.74    1308.74     848.41     848.41     972.75     972.75    2240.48    2240.48     764.37     764.37    1651.94    1651.94    1654.75    1654.75
 3    3537.00    1369.67    1081.05    8956.78    6475.45    6475.45    6475.45    1869.35    3941.80     399.63     998.43    7066.09    7376.18     984.19    1032.58    7882.69    6750.59     896.85    1122.32   17420.15   11099.13     304.50     559.41    6871.47    5997.96    1736.72    1405.91
 4    1379.00    1368.01    1232.13     583.92     518.46     518.46     518.46     939.42    1086.45    1048.62    1267.20    1260.15    1306.98    1564.05    1303.63     771.66    1248.09    1533.28    1473.16     724.75    1146.41    2516.45    2606.83    2033.42    1229.31    1079.79     979.33
 1    4109.00    1907.60    1907.60    2943.86    2943.86    6965.11    6965.11    7064.44    7064.44    7939.01    7939.01   14630.15   14630.15    9386.45    9386.45    1478.40    1478.40     834.37     834.37    2819.59    2819.59    7447.44    7447.44    9552.31    9552.31    5834.14    5834.14
 2     783.00     363.35     363.35     560.74     560.74    1326.69    1326.69    1345.61    1345.61    1512.19    1512.19    2786.70    2786.70    1787.90    1787.90     281.60     281.60     158.93     158.93     537.06     537.06    1418.56    1418.56    1819.49    1819.49    1111.26    1111.26
 3    3537.00    1034.36     855.67     866.87    1620.36   18568.51   16781.18    1202.19    1116.42    7267.47    6633.33    1014.25     835.09     835.09     835.09     835.09     170.12     395.96     819.55    1400.36    1593.98   16246.84   13507.30    1254.06    1313.19    6476.29    6727.31
 4    1379.00    1374.88    1534.75    1973.86    2094.83    1011.25    1007.49    1710.77    1636.68    1537.84    1297.72    1078.85     753.77     753.77     753.77     753.77    1042.04    1710.14    2149.17    2422.53    1876.05    1223.26     967.79    1219.55    1797.78    1603.01    1350.08
 1    4109.00     867.17     867.17    3119.89    3119.89    3340.26    3340.26    3629.93    3629.93    4367.75    4367.75    5337.02    5337.02    6330.79    6330.79    4263.80    4263.80    8455.52    8455.52    7497.80    7497.80    5072.30    5072.30    8101.17    8101.17   11661.34   11661.34
 2     783.00     165.18     165.18     594.26     594.26     636.24     636.24     691.42     691.42     831.95     831.95    1016.58    1016.58    1205.86    1205.86     812.15     812.15    1610.58    1610.58    1428.15    1428.15     966.15     966.15    1543.08    1543.08    2221.21    2221.21
 3    3537.00     663.24     761.20    1123.93    1094.01    6192.30    6001.28    1371.49    1331.24    7646.75    9025.78    2338.11    2503.67   12782.89   10003.19    1344.00    1177.43   12612.54   10680.43    1054.88    1199.22    5520.38    5434.11    1272.91    1160.84   15276.57   11759.23
 4    1379.00    1204.95    1298.40    1421.14    1391.00    1687.67    1628.78    2056.48    2897.49    2915.00    2734.17    2186.89    1625.50     668.53    1179.32    1890.22    1816.43    1524.83    1451.77    1592.97    1444.36    1758.54    1682.78    1585.25    1215.78     572.60     489.32
 1    4109.00    2957.72    2957.72    3303.76    3303.76    6126.12    6126.12    8321.54    8321.54    7015.01    7015.01    7820.27    7820.27    2917.53    2917.53    3962.57    3962.57    9063.05    9063.05    8236.54    8236.54    3240.01    3240.01    5685.37    5685.37    7691.84    7691.84
 2     783.00     563.38     563.38     629.29     629.29    1166.88    1166.88    1585.06    1585.06    1336.19    1336.19    1489.58    1489.58     555.72     555.72     754.78     754.78    1726.30    1726.30    1568.86    1568.86     617.14     617.14    1082.93    1082.93    1465.11    1465.11
 3    3537.00     753.10     991.39    4399.36    4702.63    1319.65    1543.04   10967.27   10166.37     850.72    1030.73    8358.07    6864.86     512.23     461.38     746.88     669.91    4604.65    3869.16     473.29     618.50    1895.82    2518.46     639.34    1420.73    5154.39    6054.31
 4    1379.00    1337.50    1577.86    1633.07    1428.79    1496.32    1620.21    1481.62    1206.92    1243.36    1109.79     665.08     850.87     981.45    1116.72    1093.57    1184.04     924.14     976.79    1020.81     998.28    1350.57    1890.24    1813.68    2678.87    2787.00    2296.71
 1    4109.00    7058.90    7058.90    4284.13    4284.13    4300.30    4300.30    7167.01    7167.01   10387.15   10387.15    9127.73    9127.73   11531.52   11531.52    5510.74    5510.74    2507.74    2507.74    1798.10    1798.10    2633.86    2633.86    1911.76    1911.76    2026.79    2026.79
 2     783.00    1344.55    1344.55     816.02     816.02     819.10     819.10    1365.14    1365.14    1978.50    1978.50    1738.62    1738.62    2196.48    2196.48    1049.66    1049.66     477.66     477.66     342.50     342.50     501.69     501.69     364.14     364.14     386.06     386.06
 3    3537.00    1927.06    1656.23    9906.11    9021.16     620.04     755.29   12369.64   13119.21     821.52    1407.87   24219.78   16865.71    1074.93     831.48    4700.55    4151.48     571.79     436.95     664.10     795.88    2549.07    2409.63     766.62     708.93     815.81     955.40
 4    1379.00    1362.07    1392.69     722.41     963.40    1357.26    1480.34    1368.12    2210.54    3554.69    2817.03     853.67     947.45    1223.50     971.77     680.42     665.13     770.67     738.74     660.34     647.84     600.93     643.82    1050.86    1001.13     956.62     999.61
 1    4109.00    5197.04    5197.04    4415.33    4415.33    3715.40    3715.40    2940.63    2940.63    7922.38    7922.38   12474.92   12474.92    6406.55    6406.55    5531.99    5531.99    2895.35    2895.35    6243.01    6243.01    8768.76    8768.76   11377.21   11377.21   13675.20   13675.20
 2     783.00     989.91     989.91     841.02     841.02     707.70     707.70     560.12     560.12    1509.02    1509.02    2376.18    2376.18    1220.30    1220.30    1053.71    1053.71     551.50     551.50    1189.14    1189.14    1670.24    1670.24    2167.09    2167.09    2604.80    2604.80
 3    3537.00    1066.62    1111.72    9859.82    8747.26     701.01     725.33     836.06    1135.93   11817.42   10108.86    1390.25     730.96    8241.24   10191.24     488.67     493.22     731.75    1089.02    7491.50    6421.93    1096.53    1268.50   10537.01   10282.77    1220.10    1217.13
 4    1379.00    1442.42    1255.17     736.72     657.72    1111.47    1510.27    1678.28    1901.66    1771.72    1283.49    1300.74     903.06     968.58     875.29    1270.34    1313.72    1621.68    1527.34    1057.41    1393.36    1912.24    2538.66    2363.36    1661.61    1459.44    1405.55
 1    4109.00    2985.91    2985.91    4329.86    4329.86    8313.23    8313.23    9458.99    9458.99    4628.78    4628.78    3005.77    3005.77    7373.52    7373.52    7270.49    7270.49    3069.99    3069.99    3026.56    3026.56    5052.89    5052.89    3478.40    3478.40    5483.02    5483.02
 2     783.00     568.74     568.74     824.74     824.74    1583.47    1583.47    1801.71    1801.71     881.67     881.67     572.53     572.53    1404.48    1404.48    1384.86    1384.86     584.76     584.76     576.49     576.49     962.46     962.46     662.55     662.55    1044.38    1044.38
 3    3537.00     828.09     710.55    5152.40    5068.22    1082.69    1055.24   12750.55    8772.04     276.57     423.35     388.95     822.11    9190.73    7931.32    1078.12    1275.90    1035.67    1241.91    4052.97    4217.94    1367.14    1070.17    2442.23    2331.91    1646.21    1493.69
 4    1379.00    1366.10    1410.74    1455.42    1265.74    1497.68    1223.01     465.00     460.88     811.40    1250.26    2024.51    2053.76    1488.33    1144.12    1225.06    1389.93    1180.28    1202.29    1272.38    1258.06    1158.33    1166.90    1344.76    1111.31     974.53    1004.60
 1    4109.00    3745.90    3745.90    6280.43    6280.43    4072.07    4072.07    9878.02    9878.02   11820.27   11820.27    5780.54    5780.54    3139.29    3139.29    3021.94    3021.94    2654.19    2654.19    2547.47    2547.47    1929.31    1929.31    1827.21    1827.21    5824.43    5824.43
 2     783.00     713.50     713.50    1196.27    1196.27     775.63     775.63    1881.53    1881.53    2251.48    2251.48    1101.06    1101.06     597.96     597.96     575.61     575.61     505.56     505.56     485.23     485.23     367.49     367.49     348.04     348.04    1109.42    1109.42
 3    3537.00     637.91     860.77    8704.46    7453.10     691.27     682.80    5460.36    5953.80    1747.21    1315.36   13915.78   13586.77     493.04     731.56    2966.81    2397.50     574.39     709.78    1001.44    1123.18     633.15     786.87     797.99    1147.96    6703.22    5699.65
 4    1379.00    1181.29    1319.24    1072.12     841.47    1379.99    2480.04    2355.42    1873.84    1536.25    1181.50     969.50     650.63     772.50     896.17     827.68     724.84     775.92     799.92     677.28     771.75     891.54    1402.75    1598.44    1543.83    1177.54    1141.33
 1    4109.00    6209.74    6209.74    6511.89    6511.89    4502.65    4502.65    2695.77    2695.77    2334.95    2334.95    4411.64    4411.64    4831.13    4831.13    3841.53    3841.53    2213.44    2213.44    4736.42    4736.42    7189.64    7189.64    5762.06    5762.06    7631.78    7631.78
 2     783.00    1182.81    1182.81    1240.36    1240.36     857.65     857.65     513.48     513.48     444.75     444.75     840.31     840.31     920.22     920.22     731.72     731.72     421.61     421.61     902.18     902.18    1369.46    1369.46    1097.54    1097.54    1453.67    1453.67
 3    3537.00     649.90    1174.87   10527.49    8588.88     407.00     451.11     869.87    1044.25     481.41     762.13    3472.55    3391.09    1126.12    1228.27    5417.95    4897.33     972.30     874.47    2825.17    3293.03    2707.64    2598.00    5696.54    5675.61    1274.48     996.52
 4    1379.00    1332.82    1343.68     824.35     784.89     834.83     636.54     618.97     996.94    1253.56    1421.36    1501.42    1424.95    1200.98     983.48     834.47     974.64    1113.80    1673.50    1764.36    1675.26    1565.94    1463.31    1404.21    1230.30    1060.06     780.51
 1    4109.00    7112.49    7112.49    6441.67    6441.67    3220.14    3220.14    5115.73    5115.73    6171.86    6171.86    7449.75    7449.75   14303.52   14303.52    9340.72    9340.72    3943.63    3943.63    4580.27    4580.27    3274.19    3274.19    6895.35    6895.35    3242.32    3242.32
 2     783.00    1354.76    1354.76    1226.98    1226.98     613.36     613.36     974.42     974.42    1175.59    1175.59    1419.00    1419.00    2724.48    2724.48    1779.18    1779.18     751.17     751.17     872.43     872.43     623.66     623.66    1313.40    1313.40     617.58     617.58
 3    3537.00     596.00     896.41    8594.38    6611.75     606.91     521.04    2678.81    2312.47    1412.72    1259.50    7844.47    7611.66    1052.60     988.10   14456.81   16608.79     314.70     525.13    3375.79    3919.08     867.69     717.40    8529.91    7762.91     463.47     751.91
 4    1379.00    1250.40    1236.26     642.16     790.72    1319.36    1303.26    1530.16    1609.26    1516.83    1498.18    1424.20    1326.46    1225.61    1142.37    1050.26     549.08     902.42     925.82    1026.54    1093.22    1084.12    1051.65     830.81    1133.77    1095.38    1032.60
 1    4109.00    8272.11    8272.11    8099.32    8099.32    6911.98    6911.98    4022.17    4022.17    2450.45    2450.45    4136.29    4136.29    1331.48    1331.48    4537.30    4537.30    5099.56    5099.56    3777.77    3777.77    4010.16    4010.16    3016.86    3016.86    1623.93    1623.93
 2     783.00    1575.64    1575.64    1542.73    1542.73    1316.57    1316.57     766.13     766.13     466.75     466.75     787.86     787.86     253.62     253.62     864.25     864.25     971.34     971.34     719.58     719.58     763.84     763.84     574.64     574.64     309.32     309.32
 3    3537.00    1238.95    1185.95   14425.21   12960.90     585.02     876.48    5351.33    4602.79    1039.02    1056.61    5460.12    4779.41    1066.00    1081.99    8127.87    6900.35     475.00     545.92    2398.12    2201.99     413.56     496.27    1590.71    2056.26     562.06    1217.87
 4    1379.00    1510.77    1481.03    1107.85    1151.45    1764.79    1745.69    1044.67     845.07     987.61    1095.66     953.40    1003.10     966.68     994.02     609.93     502.59     650.75     721.30     917.18     851.79     866.10     876.09     995.48    1528.30    1623.94    1712.03
