FL 2019 2020 2021 2022 2023 2024 2025 2026 2027 2028 2029 2030 2031 2032 2033 2034 2035 2036 2037 2038 2039 2040 2041 2042 2043 2044 2045
 1    4109.00    3559.25    3559.25    3707.09    3707.09    4902.74    4902.74    5172.55    5172.55    6486.02    6486.02    3450.68    3450.68    4740.58    4740.58    8086.39    8086.39    3927.92    3927.92    1529.22    1529.22    2033.26    2033.26    3495.03    3495.03    7591.12    7591.12
 2     783.00     677.95     677.95     706.11     706.11     933.86     933.86     985.25     985.25    1235.43    1235.43     657.27     657.27     902.97     902.97    1540.26    1540.26     748.18     748.18     291.28     291.28     387.29     387.29     665.72     665.72    1445.93    1445.93
 3    3537.00    2573.95    2401.36    3658.90    2763.30    3183.90    2382.34    2896.01    3118.82    2648.54    2093.22    2307.98    1898.29    2092.12    2106.49    2625.46    1500.76    1455.92    1456.95    1785.50    2153.40    2694.41    1968.71    2600.45    2773.69    3116.57    2342.00
 4    1379.00    1453.73    1220.61    1317.46     978.56    1287.06    1256.09    1377.62     985.23     927.18     868.84     972.21     786.14    1155.89     943.97     992.06     679.97     810.49     894.05    1004.85     769.26     934.28     950.14    1254.03    1174.74    1402.71    1405.56
 1    4109.00    3386.92    3386.92    5779.62    5779.62    5926.54    5926.54    4493.87    4493.87    3001.15    3001.15    1595.29    1595.29    2159.85    2159.85    2588.12    2588.12    3222.91    3222.91    9163.77    9163.77    6133.05    6133.05    3833.68    3833.68    6363.13    6363.13
 2     783.00     645.13     645.13    1100.88    1100.88    1128.86    1128.86     855.98     855.98     571.65     571.65     303.86     303.86     411.40     411.40     492.98     492.98     613.89     613.89    1745.48    1745.48    1168.20    1168.20     730.22     730.22    1212.02    1212.02
 3    3537.00    2192.21    2453.15    2704.22    2862.87    2502.79    2691.16    2082.65    1881.15    1583.60    2260.92    2374.81    2447.90    3184.21    2925.00    3458.79    2729.51    2662.52    2335.84    2231.59    2228.39    1818.17    1586.65    2000.82    3137.82    4031.73    4534.10
 4    1379.00    1207.05    1241.68    1263.15    1158.90     970.51     801.44     710.58     691.29     870.19     911.17    1022.20    1294.99    1193.21    1004.27    1076.41     820.37     783.27    1037.06     967.09     922.18     898.46    1058.95    1539.36    1939.16    1944.27    2126.39
 1    4109.00    4730.42    4730.42    4899.97    4899.97   11476.08   11476.08    9289.43    9289.43    7331.02    7331.02    8621.84    8621.84    3874.79    3874.79    8615.84    8615.84    4988.21    4988.21    5713.09    5713.09   11319.00   11319.00    6251.78    6251.78    4863.01    4863.01
 2     783.00     901.03     901.03     933.33     933.33    2185.92    2185.92    1769.42    1769.42    1396.38    1396.38    1642.26    1642.26     738.06     738.06    1641.11    1641.11     950.14     950.14    1088.21    1088.21    2156.00    2156.00    1190.82    1190.82     926.29     926.29
 3    3537.00    2546.09    2226.47    2577.28    3470.13    3598.06    3895.05    3993.62    3989.24    3361.44    3547.11    2867.30    2880.90    3029.81    3258.30    2715.40    1911.04    1890.10    2675.49    3547.86    3537.63    3069.54    2649.79    2450.81    2562.13    2339.27    2240.43
 4    1379.00    1228.90    1196.23    1437.90    1776.73    2283.51    2107.64    1502.62    1324.35    1237.64    1213.13    1241.82    1446.81    1275.36    1002.21     827.19     892.79    1529.32    1618.64    1491.08    1245.01    1214.25    1364.28    1200.87    1074.59     754.80     650.65
 1    4109.00    1523.68    1523.68    6037.88    6037.88    4344.65    4344.65    4103.48    4103.48    7788.40    7788.40    6873.64    6873.64    5115.26    5115.26    8366.36    8366.36   19775.91   19775.91   11995.83   11995.83    8220.83    8220.83    3093.55    3093.55    6444.44    6444.44
 2     783.00     290.22     290.22    1150.07    1150.07     827.55     827.55     781.62     781.62    1483.50    1483.50    1309.26    1309.26     974.34     974.34    1593.59    1593.59    3766.84    3766.84    2284.92    2284.92    1565.87    1565.87     589.25     589.25    1227.51    1227.51
 3    3537.00    2050.30    2946.03    2873.95    2420.40    2485.95    2457.96    5551.75    8224.43    7202.59    7081.77    7330.78    5425.80    4841.12    7490.82    9163.76    8429.88    7993.94    6200.76    3604.67    2683.70    1634.16    1669.08    1874.58    3476.59    4047.40    3949.36
 4    1379.00    1162.54    1166.71    1028.15     807.62    1665.39    3729.30    3857.84    3183.93    2453.90    2199.50    1862.20    1996.12    3928.53    4479.63    3796.62    2688.63    1844.31    1204.76     866.20     663.49     772.48    1069.96    1999.35    1868.87    1701.46    1964.58
 1    4109.00    2942.02    2942.02    4043.42    4043.42    7482.55    7482.55   21255.23   21255.23   23058.42   23058.42    8416.72    8416.72   14090.08   14090.08   14888.87   14888.87    7325.01    7325.01    2592.74    2592.74    9893.27    9893.27   14997.44   14997.44    7353.19    7353.19
 2     783.00     560.38     560.38     770.18     770.18    1425.25    1425.25    4048.62    4048.62    4392.08    4392.08    1603.18    1603.18    2683.82    2683.82    2835.98    2835.98    1395.24    1395.24     493.86     493.86    1884.43    1884.43    2856.66    2856.66    1400.61    1400.61
 3    3537.00    2663.92    2743.11    2793.10    3063.05    3087.73    4761.53    9555.38    7406.61    7732.19    7520.99    4774.86    6404.45    6054.16    4937.13    3976.49    2398.16    1965.81    1731.72    2023.35    3642.13    4224.01    3580.61    3421.14    3316.83    4359.49    4223.51
 4    1379.00    1331.33    1258.96    1165.90    1515.23    2891.29    3041.18    2491.78    1942.66    3313.62    3966.32    2986.74    2644.86    2116.52    1458.65    1050.87     840.44     886.42    1356.21    1765.14    1970.69    1667.40    1601.70    1970.91    2243.33    1866.04    1252.06
 1    4109.00    6413.48    6413.48    8223.60    8223.60    8998.84    8998.84    8231.92    8231.92    7455.76    7455.76    3076.92    3076.92    5526.44    5526.44    6171.40    6171.40    3131.44    3131.44    5142.98    5142.98   11721.40   11721.40    9790.70    9790.70    1441.44    1441.44
 2     783.00    1221.62    1221.62    1566.40    1566.40    1714.06    1714.06    1567.98    1567.98    1420.14    1420.14     586.08     586.08    1052.66    1052.66    1175.50    1175.50     596.46     596.46     979.62     979.62    2232.65    2232.65    1864.90    1864.90     274.56     274.56
 3    3537.00    2693.50    2941.10    3087.76    3080.66    3471.08    3477.42    3422.23    3400.53    3698.70    3248.17    2995.07    3061.97    2445.27    2797.17    2759.29    2040.88    1716.46    3608.97    4965.72    4316.32    4677.79    2842.45    2390.27    1940.98    1025.91    1350.13
 4    1379.00    1368.89    1526.90    1723.35    1692.21    1755.94    1582.31    1598.77    1534.53    1352.35    1284.52    1116.91     991.21     990.80     985.59     759.43    1014.08    1879.99    2398.68    2022.50    1325.74    1120.04     779.70     737.71     625.89     637.83    1055.43
 1    4109.00    5819.35    5819.35    3114.80    3114.80    3074.15    3074.15    4004.15    4004.15    4389.46    4389.46    5835.98    5835.98    4000.00    4000.00   13593.43   13593.43    8762.75    8762.75    5326.86    5326.86    4429.19    4429.19   10285.04   10285.04    5043.19    5043.19
 2     783.00    1108.45    1108.45     593.30     593.30     585.55     585.55     762.70     762.70     836.09     836.09    1111.62    1111.62     761.90     761.90    2589.22    2589.22    1669.10    1669.10    1014.64    1014.64     843.66     843.66    1959.06    1959.06     960.61     960.61
 3    3537.00    2480.30    2794.01    2601.09    3015.34    2668.56    3182.05    3034.86    2160.18    3118.79    3458.93    3121.47    3117.98    4338.78    5128.33    4617.30    4515.49    3399.35    3186.15    3499.09    3961.59    5116.22    5885.42    5342.82    4460.17    2615.26    2734.33
 4    1379.00    1293.28    1326.04    1115.17    1268.71    1113.34     992.89     963.68    1190.46    1410.65    1320.57    1663.30    2086.18    2052.54    2003.05    1773.85    1517.75    1298.96    1593.56    1904.10    2416.70    2176.45    1825.30    1301.59    1041.11     776.79    1090.97
 1    4109.00     902.29     902.29    1280.20    1280.20    5080.61    5080.61   21886.79   21886.79    7890.50    7890.50    8091.47    8091.47    2546.08    2546.08    1941.79    1941.79    9917.29    9917.29   23658.56   23658.56   13598.05   13598.05    2000.00    2000.00    3504.27    3504.27
 2     783.00     171.86     171.86     243.85     243.85     967.74     967.74    4168.91    4168.91    1502.95    1502.95    1541.23    1541.23     484.97     484.97     369.86     369.86    1889.01    1889.01    4506.39    4506.39    2590.10    2590.10     380.95     380.95     667.48     667.48
 3    3537.00    2060.99    2494.44    3177.37    3213.15    4870.09    5668.80   10719.29    8293.55    2512.39    2671.15    2086.50    1589.32    1222.17    1282.88    2130.53    3077.77    4106.48    6137.84   13016.58    9309.66    2403.91    1699.00    1813.04    2423.67    2732.65    3614.12
 4    1379.00    1164.46    1170.65    1550.21    2642.98    2678.46    2105.72    1815.91    1569.21    1055.54     931.77     721.62     608.70     637.50    1269.99    1348.49    2039.49    3351.50    3166.98    2111.85    1243.90     992.26    1108.80    1073.01    1292.06    1584.78    1854.29
 1    4109.00    5486.71    5486.71    9161.46    9161.46    6654.19    6654.19    1506.12    1506.12    2343.26    2343.26    2925.38    2925.38    2590.43    2590.43    3720.95    3720.95    4627.39    4627.39    6521.13    6521.13    5852.62    5852.62    6376.52    6376.52    4984.98    4984.98
 2     783.00    1045.09    1045.09    1745.04    1745.04    1267.46    1267.46     286.88     286.88     446.34     446.34     557.22     557.22     493.42     493.42     708.75     708.75     881.41     881.41    1242.12    1242.12    1114.78    1114.78    1214.58    1214.58     949.52     949.52
 3    3537.00    2377.62    2446.91    2696.53    2872.53    2241.98    1836.94    2025.12    1826.18    1978.75    1782.38    1968.17    1973.22    2269.62    3040.38    3364.47    3500.53    4363.90    4818.64    4304.57    3753.89    3142.48    3605.50    4176.48    4802.88    4059.12    4432.33
 4    1379.00    1258.25    1202.17    1242.88    1125.16     910.58     875.55     792.25     658.13     736.44     695.76     908.40    1074.67    1241.51    1412.54    1594.83    1962.25    1718.61    1444.19    1531.15    1550.29    1448.33    1725.99    1841.13    1834.56    1909.93    2035.63
 1    4109.00    6192.65    6192.65    4635.71    4635.71    2414.87    2414.87    2011.09    2011.09    1693.23    1693.23    2207.44    2207.44    2899.97    2899.97    3817.97    3817.97    4599.21    4599.21    3499.65    3499.65   10134.89   10134.89    6750.28    6750.28    7107.87    7107.87
 2     783.00    1179.55    1179.55     882.99     882.99     459.98     459.98     383.06     383.06     322.52     322.52     420.46     420.46     552.38     552.38     727.23     727.23     876.04     876.04     666.60     666.60    1930.46    1930.46    1285.77    1285.77    1353.88    1353.88
 3    3537.00    2511.91    2663.86    2529.97    2411.70    2411.70    2411.70    2411.70    2411.70    1365.08    1996.37    2293.27    2093.02    1759.98    2254.86    2234.32    1777.39    2212.49    2435.12    2340.12    3103.63    3306.14    2765.73    2688.41    2421.21    3835.80    4060.44
 4    1379.00    1233.86    1129.83     882.83     671.43     671.43     671.43     671.43     671.43     672.05     822.63     764.71     842.90     993.27     933.70     858.43     785.44     881.08    1074.57    1471.19    1465.44    1427.10    1073.80    1197.82    2132.59    2037.08    1469.31
 1    4109.00    2299.84    2299.84    3231.69    3231.69    5196.11    5196.11    6136.28    6136.28    3561.10    3561.10    3017.78    3017.78    6425.50    6425.50    5953.79    5953.79    4981.75    4981.75    2610.30    2610.30    7075.07    7075.07    8753.05    8753.05   11284.81   11284.81
 2     783.00     438.06     438.06     615.56     615.56     989.74     989.74    1168.82    1168.82     678.30     678.30     574.82     574.82    1223.90    1223.90    1134.06    1134.06     948.90     948.90     497.20     497.20    1347.63    1347.63    1667.25    1667.25    2149.49    2149.49
 3    3537.00    2640.58    2791.85    2835.13    2942.10    3452.68    2949.88    2589.70    1915.12    1786.89    1811.78    2219.74    2271.07    2646.62    3015.63    3037.28    2605.68    2407.47    2391.36    2402.70    3454.98    4154.77    4143.82    3999.01    4125.22    2924.67    2234.88
 4    1379.00    1293.41    1385.30    1214.36    1301.97    1110.13     890.49     772.17     688.57     767.87     987.68    1083.30    1238.05    1313.58    1236.14    1154.09     884.36     902.68    1292.28    1362.58    1835.69    2047.23    1712.21    1343.57    1211.74     782.15     629.57
 1    4109.00    4192.65    4192.65    6050.35    6050.35    5553.24    5553.24    4632.94    4632.94    5434.51    5434.51    4615.38    4615.38    6383.92    6383.92    8699.00    8699.00    8839.45    8839.45    5789.78    5789.78    8014.78    8014.78    8984.98    8984.98    5203.97    5203.97
 2     783.00     798.60     798.60    1152.45    1152.45    1057.76    1057.76     882.46     882.46    1035.14    1035.14     879.12     879.12    1215.98    1215.98    1656.95    1656.95    1683.70    1683.70    1102.82    1102.82    1526.62    1526.62    1711.42    1711.42     991.23     991.23
 3    3537.00    2200.65    2497.76    2623.60    2190.29    1906.76    1743.43    1871.12    2315.39    2937.42    2488.86    2818.24    3332.88    3497.38    3535.48    4113.31    3405.47    2836.58    3305.24    4470.98    4271.47    3818.98    2918.84    2364.13    2134.07    2005.05    1795.66
 4    1379.00    1333.62    1227.17     958.36     741.05     748.08     848.26     985.31    1151.86    1295.27    1379.10    1657.77    1559.84    1457.26    1675.40    1413.60    1202.57    1596.94    2099.48    2021.42    1263.84    1040.16     971.25     846.31     811.71     915.83    1213.84
 1    4109.00    4611.22    4611.22    3227.99    3227.99    3253.87    3253.87    2143.22    2143.22    5294.98    5294.98   10772.92   10772.92    9395.23    9395.23    4032.34    4032.34   15334.24   15334.24    6785.86    6785.86   11032.56   11032.56   20681.43   20681.43   16867.16   16867.16
 2     783.00     878.33     878.33     614.86     614.86     619.78     619.78     408.23     408.23    1008.57    1008.57    2051.98    2051.98    1789.57    1789.57     768.06     768.06    2920.81    2920.81    1292.54    1292.54    2101.44    2101.44    3939.32    3939.32    3212.79    3212.79
 3    3537.00    2422.36    2520.15    2886.18    2988.61    3143.87    3492.69    3657.76    3304.98    3969.65    4591.15    3267.74    2433.82    1735.97    1599.64    3723.16    4966.97    4529.25    3688.19    4725.76    6105.64    5967.71    5002.97    5312.99    4720.23    4172.99    2788.57
 4    1379.00    1213.21    1161.06    1115.72    1275.76    1534.75    1179.31    1258.95    1677.13    1544.60    1319.88     941.73     698.40    1241.11    2272.46    2271.14    1856.50    1926.16    3037.83    3140.68    2367.52    2161.04    2135.97    2204.78    1911.70    1668.84    1454.02
 1    4109.00    5421.11    5421.11    9378.60    9378.60   11878.48   11878.48   29214.11   29214.11   13465.45   13465.45    3342.57    3342.57   13117.10   13117.10   13464.99   13464.99    7331.94    7331.94    9328.70    9328.70   16009.22   16009.22    8319.70    8319.70    3510.28    3510.28
 2     783.00    1032.59    1032.59    1786.40    1786.40    2262.57    2262.57    5564.59    5564.59    2564.85    2564.85     636.68     636.68    2498.50    2498.50    2564.76    2564.76    1396.56    1396.56    1776.90    1776.90    3049.38    3049.38    1584.70    1584.70     668.62     668.62
 3    3537.00    2116.41    2580.12    2796.88    3471.39    4246.48    6523.17   14543.76   10278.90    2262.81    1304.83     951.90    4485.21    6723.88    5998.36    5918.11    5673.80    4438.63    5858.18    6607.65    6613.94    5938.89    4266.25    2705.06    1840.86    1465.97    1956.72
 4    1379.00    1174.31    1365.78    1781.21    2728.23    4012.71    3481.95    2227.69    1239.12     780.65    1150.62    2798.03    3217.19    2765.11    2647.11    1987.94    2219.60    2861.57    3087.72    2511.31    2100.91    1652.92    1044.81     749.51     747.41    1068.28    1604.63
 1    4109.00    6735.50    6735.50    6930.92    6930.92    5652.57    5652.57    5623.93    5623.93    9530.60    9530.60    5532.45    5532.45    7704.31    7704.31    5104.64    5104.64    7616.53    7616.53   10701.31   10701.31    4383.46    4383.46    1816.58    1816.58    3320.86    3320.86
 2     783.00    1282.95    1282.95    1320.18    1320.18    1076.68    1076.68    1071.22    1071.22    1815.35    1815.35    1053.80    1053.80    1467.49    1467.49     972.31     972.31    1450.77    1450.77    2038.34    2038.34     834.94     834.94     346.02     346.02     632.54     632.54
 3    3537.00    2840.61    2816.95    3100.70    3847.11    4435.44    4149.71    3836.63    4358.74    4426.43    4072.05    4156.04    4373.25    4610.41    4266.27    4190.14    3767.52    3802.65    3739.69    3600.91    2513.58    2009.54    2252.64    2406.68    2604.40    2747.31    4504.00
 4    1379.00    1451.39    1444.54    1615.33    2060.50    2063.58    1669.05    1745.10    1840.87    1952.78    2102.08    1825.93    1872.68    1625.44    1267.72    1526.64    1844.13    1647.73    1361.42    1088.80     850.89     883.09    1029.94    1026.55    1248.24    2500.08    3129.20
 1    4109.00    5239.54    5239.54    3629.47    3629.47   12086.84   12086.84   14196.34   14196.34    7373.52    7373.52    2684.68    2684.68    2071.15    2071.15    2089.16    2089.16    3169.78    3169.78    3115.73    3115.73    5972.27    5972.27    6855.16    6855.16    7167.47    7167.47
 2     783.00     998.01     998.01     691.33     691.33    2302.26    2302.26    2704.06    2704.06    1404.48    1404.48     511.37     511.37     394.50     394.50     397.94     397.94     603.77     603.77     593.47     593.47    1137.58    1137.58    1305.74    1305.74    1365.23    1365.23
 3    3537.00    2781.70    2886.72    3442.68    4385.43    5053.88    3817.22    3417.32    2476.30    1817.89    1454.61    1364.13    1656.71    1330.86    1756.13    2103.99    2351.71    2301.39    2706.58    2957.36    2864.75    2153.49    2453.24    2598.12    3009.77    2895.52    3114.38
 4    1379.00    1354.99    1614.40    2040.75    1927.78    1857.17    1439.79    1073.73     886.12     802.67     705.37     628.94     625.89     656.70     942.08    1005.27     970.84    1144.25    1102.08     811.95     834.66    1172.62    1254.06    1252.32    1511.48    1241.09    1154.79
 1    4109.00    6705.47    6705.47    4331.25    4331.25    7585.58    7585.58    6692.07    6692.07    9542.61    9542.61    9958.87    9958.87    8958.64    8958.64    7704.77    7704.77    6910.60    6910.60    9275.57    9275.57   12234.22   12234.22    5631.78    5631.78   11272.80   11272.80
 2     783.00    1277.23    1277.23     825.00     825.00    1444.87    1444.87    1274.68    1274.68    1817.64    1817.64    1896.93    1896.93    1706.41    1706.41    1467.58    1467.58    1316.30    1316.30    1766.78    1766.78    2330.33    2330.33    1072.72    1072.72    2147.20    2147.20
 3    3537.00    2801.36    2691.85    2847.05    3484.31    4154.99    5652.83    5710.36    7441.48    6763.54    6377.54    5585.40    5720.60    4645.31    3559.42    3296.95    2669.51    3099.03    2747.71    3117.31    3386.44    3945.21    2649.00    2763.13    4727.32    4889.54    4297.92
 4    1379.00    1441.61    1466.19    1589.90    1842.79    2449.56    2724.65    3110.36    3151.46    2216.74    2340.31    2085.84    1736.71    1393.22    1152.59    1135.33    1247.55    1468.75    1398.04    1694.58    1388.24    1393.00    1891.42    2514.57    2253.30    1673.18    1249.41
 1    4109.00    3317.16    3317.16    5659.96    5659.96    5021.02    5021.02    7561.09    7561.09    4323.40    4323.40    3184.57    3184.57    5143.45    5143.45    4274.89    4274.89    4381.61    4381.61    5373.98    5373.98    2781.24    2781.24    3343.49    3343.49    5024.25    5024.25
 2     783.00     631.84     631.84    1078.09    1078.09     956.38     956.38    1440.21    1440.21     823.50     823.50     606.58     606.58     979.70     979.70     814.26     814.26     834.59     834.59    1023.62    1023.62     529.76     529.76     636.86     636.86     957.00     957.00
 3    3537.00    2989.10    3161.80    3602.63    3371.71    3614.70    3115.85    2282.79    1883.93    1635.96    1654.34    1534.50    1870.72    2944.95    2884.99    3047.74    3415.23    3180.35    2714.20    2421.78    2281.73    2149.93    2848.06    3081.93    4059.56    4101.44    3768.53
 4    1379.00    1510.48    1439.21    1544.45    1412.61    1275.70     995.68     795.46     759.46     641.13     774.80     897.50    1336.16    1465.37    1273.51    1279.04    1258.83    1140.47    1009.05     847.66     886.71    1083.60    1600.96    1732.66    1559.61    1438.90    1714.89
 1    4109.00    4747.97    4747.97   13908.05   13908.05    8597.82    8597.82   15145.75   15145.75    5070.91    5070.91    2989.14    2989.14    4445.83    4445.83    4163.08    4163.08    6319.24    6319.24    4930.00    4930.00    6546.54    6546.54    4978.51    4978.51    6574.26    6574.26
 2     783.00     904.38     904.38    2649.15    2649.15    1637.68    1637.68    2884.90    2884.90     965.89     965.89     569.36     569.36     846.82     846.82     792.97     792.97    1203.66    1203.66     939.05     939.05    1246.96    1246.96     948.29     948.29    1252.24    1252.24
 3    3537.00    2370.09    3018.11    2973.17    3295.67    3371.26    3349.00    3312.13    2266.07    1398.24    1834.33    2451.91    2511.47    2658.58    2688.74    3307.46    4252.72    4092.80    4358.45    4046.45    3937.88    3805.75    3673.36    4273.07    4513.46    4077.06    3777.12
 4    1379.00    1333.58    1455.24    1938.91    2140.10    1652.79    1332.75    1119.78     887.53    1113.27     973.16    1027.60    1144.98    1252.79    1751.46    1988.48    1772.33    1637.34    1713.46    1497.03    1554.60    1380.27    1729.09    1897.12    1658.40    1431.17    1233.82
 1    4109.00    3951.95    3951.95    6976.20    6976.20    5268.65    5268.65    5672.44    5672.44    1634.09    1634.09    1963.96    1963.96    3628.55    3628.55    8390.38    8390.38   12775.22   12775.22    5017.78    5017.78   14802.94   14802.94   14849.60   14849.60   10363.58   10363.58
 2     783.00     752.75     752.75    1328.80    1328.80    1003.55    1003.55    1080.46    1080.46     311.26     311.26     374.09     374.09     691.15     691.15    1598.17    1598.17    2433.38    2433.38     955.77     955.77    2819.61    2819.61    2828.50    2828.50    1974.02    1974.02
 3    3537.00    2560.56    2757.73    3130.16    3018.22    2617.32    2727.87    2727.87    2004.10    1565.45    1795.47    2364.87    2427.61    2759.12    2207.41    2686.38    2547.69    2489.13    1624.82    1160.04    2725.00    4526.85    5439.63    4973.79    3854.43    3036.96    3445.57
 4    1379.00    1329.51    1213.42    1203.88    1304.40    1182.30     955.41     955.41     603.26     850.92    1049.60    1032.47     824.83     988.82    1376.76    1253.82     920.54     758.49     988.85    1708.37    2445.54    2962.31    2558.32    2035.98    1639.10    1434.31    1492.18
 1    4109.00    3602.68    3602.68    4155.69    4155.69    7724.64    7724.64   13311.61   13311.61    6884.72    6884.72    5840.14    5840.14    5716.33    5716.33    7735.27    7735.27   12869.93   12869.93   17897.42   17897.42    7820.74    7820.74    7121.73    7121.73    6607.52    6607.52
 2     783.00     686.22     686.22     791.56     791.56    1471.36    1471.36    2535.54    2535.54    1311.38    1311.38    1112.41    1112.41    1088.82    1088.82    1473.38    1473.38    2451.42    2451.42    3409.03    3409.03    1489.66    1489.66    1356.52    1356.52    1258.58    1258.58
 3    3537.00    2175.69    2918.68    3602.80    8070.71    9257.94    9371.83    8637.90    6044.65    4503.73    4520.63    3326.99    3444.30    3051.23    3131.11    3117.25    5077.37    5617.47    5110.25    5740.96    5353.32    4122.23    3474.04    3604.46    3662.90    3669.81    3486.38
 4    1379.00    1250.98    2341.85    4884.60    4973.91    3129.70    2381.87    2005.15    1558.69    1218.83    1436.70    1337.36    1255.18    1143.49    1296.08    2669.44    2884.65    2450.08    2657.84    2618.82    1763.80    1293.48    1578.92    1585.88    1582.19    1617.24    1583.32
 1    4109.00    3749.13    3749.13    3302.84    3302.84    2865.79    2865.79    6116.88    6116.88    1460.38    1460.38    3227.99    3227.99    3405.40    3405.40    3339.80    3339.80    4357.12    4357.12    8139.98    8139.98    7485.32    7485.32    3525.98    3525.98    2558.09    2558.09
 2     783.00     714.12     714.12     629.11     629.11     545.86     545.86    1165.12    1165.12     278.17     278.17     614.86     614.86     648.65     648.65     636.15     636.15     829.93     829.93    1550.47    1550.47    1425.78    1425.78     671.62     671.62     487.26     487.26
 3    3537.00    2245.18    2489.67    2928.96    2608.43    3012.88    2360.22    2321.92    2086.09    2368.70    2285.89    2019.27    1827.44    1581.17    1796.51    2225.42    2446.56    2707.29    3665.73    4317.14    3576.44    3286.99    3071.21    3001.60    2773.97    3226.89    3102.76
 4    1379.00    1307.00    1146.68    1136.01    1017.54    1020.11     965.36     999.04     936.75     789.58     687.79     587.52     591.19     762.73     905.80    1000.70    1303.73    1643.13    1779.91    1654.99    1383.46    1235.60    1181.82    1201.65    1048.92     972.81    1212.57
 1    4109.00    3433.12    3433.12    8800.64    8800.64   16041.10   16041.10    8291.05    8291.05    4346.96    4346.96   12516.97   12516.97   10200.96   10200.96   14333.55   14333.55    2101.18    2101.18    1641.95    1641.95    1213.67    1213.67    8012.47    8012.47    9689.06    9689.06
 2     783.00     653.93     653.93    1676.31    1676.31    3055.45    3055.45    1579.25    1579.25     827.99     827.99    2384.18    2384.18    1943.04    1943.04    2730.20    2730.20     400.22     400.22     312.75     312.75     231.18     231.18    1526.18    1526.18    1845.54    1845.54
 3    3537.00    2001.66    2214.01    2692.76    2272.06    2493.98    1732.88    1008.04    1279.51    1798.96    1840.07    1473.06    2455.32    3149.49    3074.86    2544.72    2034.93    1595.30    1631.67    1869.27    1697.86    2267.19    3588.24    4715.43    4594.04    4047.81    4697.58
 4    1379.00    1055.74    1116.53    1124.56    1398.30    1106.42     804.78     906.99    1097.00     925.65    1032.55    1571.17    1876.02    1375.07    1119.13    1207.07     950.69     784.51     699.38     790.96     928.76    1632.41    2326.88    1874.98    1828.55    2273.51    1982.42
 1    4109.00    4272.11    4272.11    3997.22    3997.22    3901.13    3901.13    3607.76    3607.76    5825.36    5825.36    9178.55    9178.55   10479.08   10479.08    6605.21    6605.21    5531.06    5531.06   11326.39   11326.39    8718.86    8718.86    3148.53    3148.53    2013.86    2013.86
 2     783.00     813.74     813.74     761.38     761.38     743.07     743.07     687.19     687.19    1109.59    1109.59    1748.30    1748.30    1996.02    1996.02    1258.14    1258.14    1053.54    1053.54    2157.41    2157.41    1660.74    1660.74     599.72     599.72     383.59     383.59
 3    3537.00    2426.18    2493.56    2718.38    2451.17    2595.82    2708.44    3554.79    3353.38    3874.59    4042.57    5169.77    5485.84    4965.61    3783.59    3675.73    3493.40    3520.14    4059.82    4633.13    3921.39    2978.54    2189.80    1463.17    1476.76    1986.86    2229.30
 4    1379.00    1266.93    1246.37    1216.27     957.70    1018.26    1488.55    1864.00    1643.66    1908.34    2404.82    2427.95    1758.62    1332.44    1314.14    1513.48    1535.88    2358.46    1882.90    1397.83    1165.32     801.57     628.49     578.08     738.37     999.35    1078.36
 1    4109.00    4005.54    4005.54    5118.96    5118.96    5933.47    5933.47    5590.20    5590.20    2667.59    2667.59    7796.25    7796.25    8185.25    8185.25    6796.48    6796.48    5195.65    5195.65    4200.04    4200.04    6577.96    6577.96    4410.25    4410.25    1859.55    1859.55
 2     783.00     762.96     762.96     975.04     975.04    1130.18    1130.18    1064.80    1064.80     508.11     508.11    1485.00    1485.00    1559.10    1559.10    1294.57    1294.57     989.65     989.65     800.01     800.01    1252.94    1252.94     840.05     840.05     354.20     354.20
 3    3537.00    2663.85    2607.85    3147.86    2559.97    2544.37    2290.31    1676.15    1533.50    3425.60    5126.96    5036.98    4233.38    3640.35    3461.03    2328.73    2396.54    1702.25    2488.76    2581.43    2540.52    2696.94    2777.07    2336.00    2216.17    2568.89    7110.67
 4    1379.00    1259.90    1167.10    1171.64     892.93     793.94     619.75    1096.92    2112.70    2346.90    1943.66    1550.68    1254.11    1256.23     975.03     874.49    1084.43     983.48    1174.77    1154.71    1081.59    1139.80    1059.40     819.19    1772.40    4715.34    5172.80
 1    4109.00    2445.83    2445.83    3394.31    3394.31    8538.22    8538.22    4510.04    4510.04    5015.93    5015.93    3380.45    3380.45    3678.91    3678.91    1397.55    1397.55    1960.27    1960.27    4176.02    4176.02    5651.18    5651.18    6410.71    6410.71    2936.93    2936.93
 2     783.00     465.87     465.87     646.54     646.54    1626.33    1626.33     859.06     859.06     955.42     955.42     643.90     643.90     700.74     700.74     266.20     266.20     373.38     373.38     795.43     795.43    1076.42    1076.42    1221.09    1221.09     559.42     559.42
 3    3537.00    2301.25    2850.21    3232.70    3623.12    4068.52    3160.69    2349.20    2699.34    2455.24    3103.67    3308.20    2502.99    2453.26    2248.28    2122.49    2514.24    2924.47    3444.03    4040.43    3754.35    5135.23    4098.82    4031.35    3357.98    3156.06    2314.92
 4    1379.00    1145.87    1296.93    1516.77    1524.29    1338.13    1128.47    1133.24    1088.46    1235.39    1109.75    1050.14     927.68     871.18     780.83    1103.46    1212.75    1484.91    1544.27    1609.92    1690.75    1818.81    1702.43    1386.40     948.33     898.13     927.87
 1    4109.00    2442.13    2442.13    4435.20    4435.20    5881.26    5881.26    3225.68    3225.68    4356.20    4356.20    2756.29    2756.29    1320.40    1320.40    2129.82    2129.82    4080.85    4080.85    8552.08    8552.08    2915.68    2915.68    6707.32    6707.32   10783.54   10783.54
 2     783.00     465.17     465.17     844.80     844.80    1120.24    1120.24     614.42     614.42     829.75     829.75     525.01     525.01     251.50     251.50     405.68     405.68     777.30     777.30    1628.97    1628.97     555.37     555.37    1277.58    1277.58    2054.01    2054.01
 3    3537.00    2345.02    3092.44    2892.76    3071.52    3056.04    3152.05    2851.96    3012.48    2550.62    2098.67    2098.67    1657.91    1629.67    1809.84    2565.56    3057.43    3414.79    4556.37    3967.48    3917.40    4152.36    5111.68    6158.33    6053.43    6728.08    6210.19
 4    1379.00    1314.10    1317.31    1232.43    1250.45    1187.90    1190.11     941.73     953.12     797.89     751.85     751.85     548.46     795.67    1112.94    1225.80    1619.91    1902.20    1746.70    1623.11    2102.50    2454.71    2369.15    2729.90    2492.13    2469.06    1808.46
 1    4109.00    3790.25    3790.25    4015.70    4015.70    6507.73    6507.73    6326.17    6326.17    6172.32    6172.32    8745.66    8745.66    5901.59    5901.59    6224.06    6224.06    9136.97    9136.97    7288.51    7288.51    4380.22    4380.22   13515.81   13515.81   14189.87   14189.87
 2     783.00     721.95     721.95     764.90     764.90    1239.57    1239.57    1204.98    1204.98    1175.68    1175.68    1665.84    1665.84    1124.11    1124.11    1185.54    1185.54    1740.38    1740.38    1388.29    1388.29     834.33     834.33    2574.44    2574.44    2702.83    2702.83
 3    3537.00    2766.18    2523.04    3147.59    3264.59    4213.16    4170.27    4912.32    5117.31    4741.85    4274.74    4729.17    3532.83    2702.15    2985.00    3644.80    3607.98    4280.41    4561.20    4438.08    4451.14    6206.69    8069.63    8362.17    6714.72    5162.97    3578.52
 4    1379.00    1317.21    1229.28    1673.82    1761.08    2259.33    2222.48    1926.65    1850.51    1709.53    1707.19    1389.50    1165.90    1214.29    1413.37    1691.31    2158.20    2053.79    1857.99    2321.24    3756.85    3633.28    2825.81    2195.14    1761.25    1387.67    1507.89
 1    4109.00    3049.66    3049.66    7463.61    7463.61    7049.66    7049.66    4732.73    4732.73    1507.04    1507.04    3612.84    3612.84    5651.18    5651.18    3757.45    3757.45    3964.88    3964.88    2024.02    2024.02    3876.64    3876.64    6276.27    6276.27    5949.17    5949.17
 2     783.00     580.89     580.89    1421.64    1421.64    1342.79    1342.79     901.47     901.47     287.06     287.06     688.16     688.16    1076.42    1076.42     715.70     715.70     755.22     755.22     385.53     385.53     738.41     738.41    1195.48    1195.48    1133.18    1133.18
 3    3537.00    2289.88    2959.75    3214.17    3462.44    2948.39    2673.98    2194.11    1848.69    1733.59    1904.10    2800.87    3450.51    3022.50    2770.64    2102.53    1974.52    1974.52    1617.02    1397.93    2290.87    3451.41    4075.00    5522.92    5098.10    5941.82    5438.54
 4    1379.00    1239.49    1441.65    1537.97    1356.30     964.02     823.46     681.33     730.46     867.07    1285.46    1226.35    1144.74     963.57     741.90     662.67     644.62     644.62     654.17    1276.72    1654.95    1854.18    2500.09    2441.67    2168.27    1867.73    1386.32
 1    4109.00    4850.54    4850.54    4030.95    4030.95    9568.94    9568.94    7532.45    7532.45    3224.76    3224.76    6646.79    6646.79   16941.54   16941.54   13443.28   13443.28    4410.71    4410.71    5446.98    5446.98   10044.80   10044.80    3188.26    3188.26    6978.51    6978.51
 2     783.00     923.91     923.91     767.80     767.80    1822.66    1822.66    1434.75    1434.75     614.24     614.24    1266.06    1266.06    3226.96    3226.96    2560.62    2560.62     840.14     840.14    1037.52    1037.52    1913.30    1913.30     607.29     607.29    1329.24    1329.24
 3    3537.00    3113.96    2875.00    3137.97    3556.39    4625.49    4443.96    2848.14    2106.20    2611.32    4750.14    6198.70    6486.75    6672.32    5362.02    3765.04    4043.98    2849.43    2822.72    2933.30    2375.11    1877.55    1554.74    1524.92    1984.50    2759.40    3470.96
 4    1379.00    1513.95    1435.74    1826.21    1847.30    1523.21    1123.03    1002.74    1407.93    2266.22    3134.25    2919.96    2486.91    2069.17    1938.78    1565.91    1285.09    1054.14     988.84     911.49     799.33     827.11     815.60    1104.91    1717.93    1716.89    1363.43
 1    4109.00    4488.79    4488.79    5853.54    5853.54    5480.71    5480.71    8873.17    8873.17    5910.37    5910.37    2317.39    2317.39    4290.59    4290.59    6636.63    6636.63    8898.12    8898.12    9876.17    9876.17    7875.71    7875.71    4346.96    4346.96    4908.75    4908.75
 2     783.00     855.01     855.01    1114.96    1114.96    1043.94    1043.94    1690.13    1690.13    1125.78    1125.78     441.41     441.41     817.26     817.26    1264.12    1264.12    1694.88    1694.88    1881.18    1881.18    1500.14    1500.14     827.99     827.99     935.00     935.00
 3    3537.00    2535.81    2852.34    3105.65    3339.91    3287.22    2771.30    3315.79    2793.58    2428.28    2172.29    1996.86    1683.85    3545.10    3735.79    4027.90    4830.18    4748.84    4576.89    3952.11    3246.44    2882.56    3189.95    3008.55    3983.77    5005.72    4532.17
 4    1379.00    1328.11    1507.00    1433.07    1259.49    1265.76    1307.29    1152.05    1048.85     975.42     829.78     994.94    1554.72    1719.21    1881.39    1986.24    2003.17    1784.61    1426.34    1358.67    1445.36    1234.06    1375.31    2182.86    2275.23    2051.97    2203.29
 1    4109.00    4120.58    4120.58    2603.37    2603.37    4083.16    4083.16    3911.75    3911.75    1882.65    1882.65    2651.42    2651.42    2887.04    2887.04    2919.84    2919.84    5515.36    5515.36    7953.33    7953.33    5405.40    5405.40    8591.81    8591.81    7829.05    7829.05
 2     783.00     784.87     784.87     495.88     495.88     777.74     777.74     745.10     745.10     358.60     358.60     505.03     505.03     549.91     549.91     556.16     556.16    1050.54    1050.54    1514.92    1514.92    1029.60    1029.60    1636.54    1636.54    1491.25    1491.25
 3    3537.00    2846.93    3080.78    2796.73    3147.56    3296.67    2611.49    2090.07    2596.76    2546.35    2756.72    3236.25    3551.64    3172.52    3067.56    2466.50    4911.68    6254.98    6368.69    6554.05    5551.24    5768.40    4613.34    4053.21    4465.56    4482.17    4276.84
 4    1379.00    1420.90    1427.82    1262.73    1030.61     879.72     721.51     960.59    1138.59    1034.05    1408.49    1347.33    1099.94     838.00    1317.25    2695.75    3107.35    2401.36    2130.50    2225.26    1712.16    1673.15    1763.80    2073.57    1943.84    1447.91    1186.88
 1    4109.00   12784.00   12784.00    7702.46    7702.46   14844.06   14844.06   14791.85   14791.85    9094.47    9094.47    9384.61    9384.61    8082.69    8082.69    4617.23    4617.23    7039.49    7039.49   19397.53   19397.53   11717.24   11717.24    8273.96    8273.96    4557.17    4557.17
 2     783.00    2435.05    2435.05    1467.14    1467.14    2827.44    2827.44    2817.50    2817.50    1732.28    1732.28    1787.54    1787.54    1539.56    1539.56     879.47     879.47    1340.86    1340.86    3694.77    3694.77    2231.86    2231.86    1575.99    1575.99     868.03     868.03
 3    3537.00    2211.99    2267.93    2191.02    3736.33    4819.83    4785.94    5560.73    5652.98    4660.59    3707.17    3198.69    3253.83    3402.28    3660.08    3134.15    3353.81    4685.17    5377.41    5594.10    4977.36    4347.15    3846.00    3192.83    3009.66    2456.77    2546.82
 4    1379.00    1268.60    1528.86    2346.20    2460.29    2310.83    2784.83    2645.23    1813.52    1533.30    1538.64    1409.82    1367.96    1766.76    1525.01    1563.41    2737.60    2471.32    2402.65    2359.07    2199.56    1630.93    1206.01    1304.29    1091.26     712.82     682.36
 1    4109.00    1884.50    1884.50    3125.43    3125.43    5835.06    5835.06    9005.30    9005.30   10135.82   10135.82   14447.66   14447.66    8357.12    8357.12    3011.78    3011.78    2794.64    2794.64    2863.94    2863.94    5509.35    5509.35    6516.51    6516.51    6860.24    6860.24
 2     783.00     358.95     358.95     595.32     595.32    1111.44    1111.44    1715.30    1715.30    1930.63    1930.63    2751.94    2751.94    1591.83    1591.83     573.67     573.67     532.31     532.31     545.51     545.51    1049.40    1049.40    1241.24    1241.24    1306.71    1306.71
 3    3537.00    2193.21    2973.74    3415.33    3290.92    5047.84    5696.58    5721.77    4885.69    3947.59    3729.97    2714.89    2338.74    2081.77    2108.71    1702.48    2425.13    2495.57    2793.59    3879.32    3792.91    3175.83    3270.84    3401.46    3147.52    5183.02    5695.31
 4    1379.00    1318.46    1282.58    1555.19    2562.30    2502.38    1960.14    1768.25    1660.17    1379.01    1161.66    1004.10    1190.60     997.21     901.39    1107.21    1275.61    1665.50    1596.79    1395.00    1201.27    1201.46    1395.04    1666.20    2629.46    2882.74    2094.33
 1    4109.00     990.99     990.99    3560.17    3560.17    4567.79    4567.79    5558.32    5558.32    3462.69    3462.69    2178.33    2178.33    2466.16    2466.16    2398.24    2398.24    9907.59    9907.59   10705.00   10705.00    7548.16    7548.16    7872.94    7872.94    8850.07    8850.07
 2     783.00     188.76     188.76     678.13     678.13     870.06     870.06    1058.73    1058.73     659.56     659.56     414.92     414.92     469.74     469.74     456.81     456.81    1887.16    1887.16    2039.05    2039.05    1437.74    1437.74    1499.61    1499.61    1685.73    1685.73
 3    3537.00    2548.67    3159.53    3418.53    3702.75    4972.82    5483.56    4336.77    3291.63    3630.81    3827.46    3166.16    2909.39    2727.49    2538.13    3837.44    4460.48    5651.53    5140.82    5478.47    5611.55    4129.09    3245.81    3105.19    2818.15    2298.92    2787.05
 4    1379.00    1264.34    1482.87    1894.17    2207.18    2088.98    1617.42    1170.01    1223.48    1116.11    1031.51     965.06     796.90    1151.82    1897.31    2453.67    2254.59    2534.61    2185.99    1871.57    1585.21    1365.82    1181.45    1134.87    1139.27    1259.61    1414.22
 1    4109.00    3424.81    3424.81    3513.97    3513.97    4848.23    4848.23    7566.64    7566.64    7343.03    7343.03    8706.85    8706.85    3864.17    3864.17    8674.05    8674.05   11701.07   11701.07   12722.09   12722.09    5591.59    5591.59    5269.11    5269.11    3561.56    3561.56
 2     783.00     652.34     652.34     669.33     669.33     923.47     923.47    1441.26    1441.26    1398.67    1398.67    1658.45    1658.45     736.03     736.03    1652.20    1652.20    2228.78    2228.78    2423.26    2423.26    1065.06    1065.06    1003.64    1003.64     678.39     678.39
 3    3537.00    2556.12    3043.52    3574.67    3349.00    3325.13    3399.34    3342.62    3854.78    3966.45    3608.16    2605.63    2124.93    3172.28    3536.97    3816.63    3533.38    3652.97    3905.74    3093.96    3128.39    2092.06    2419.87    2447.17    1751.21    2004.96    2110.83
 4    1379.00    1370.06    1346.32    1415.14    1346.19    1355.14    1410.07    1641.04    1461.11    1324.02     966.97     963.78    1806.04    1880.05    1341.40    1369.87    1738.52    1720.99    1658.62    1288.70    1158.20    1105.59     998.06     817.77     890.51     981.49    1172.59
 1    4109.00    6342.80    6342.80    4094.24    4094.24    6981.28    6981.28    9330.55    9330.55    7634.55    7634.55    4446.75    4446.75   12100.24   12100.24    8331.71    8331.71    5929.31    5929.31    3218.29    3218.29    3908.52    3908.52    3546.77    3546.77    2884.73    2884.73
 2     783.00    1208.15    1208.15     779.86     779.86    1329.77    1329.77    1777.25    1777.25    1454.20    1454.20     847.00     847.00    2304.81    2304.81    1586.99    1586.99    1129.39    1129.39     613.01     613.01     744.48     744.48     675.58     675.58     549.47     549.47
 3    3537.00    2473.57    2306.34    2910.16    3130.32    3546.42    3703.31    2919.04    2341.77    2066.88    2937.46    4360.71    4423.26    4487.00    3756.17    3426.14    3171.24    2481.69    2993.20    2238.57    2402.64    2235.43    2381.15    2450.78    3299.14    3299.14    3299.14
 4    1379.00    1262.13    1247.49    1482.66    1629.04    1429.44    1126.13     937.80    1074.19    1839.10    2256.67    2178.19    1615.61    1441.50    1421.66    1358.94    1127.33     949.12     989.91     868.61    1026.78    1134.84    1018.74    1150.86     979.22     979.22     979.22
 1    4109.00    5397.55    5397.55    4405.63    4405.63    6117.34    6117.34    5549.08    5549.08    5446.06    5446.06    8441.20    8441.20    8806.64    8806.64   12671.27   12671.27    3665.97    3665.97    7008.54    7008.54   12717.01   12717.01   10903.66   10903.66    8972.50    8972.50
 2     783.00    1028.10    1028.10     839.17     839.17    1165.21    1165.21    1056.97    1056.97    1037.34    1037.34    1607.85    1607.85    1677.46    1677.46    2413.58    2413.58     698.28     698.28    1334.96    1334.96    2422.29    2422.29    2076.89    2076.89    1709.05    1709.05
 3    3537.00    2575.02    2710.14    2874.47    4039.49    4436.65    3704.94    3268.50    2553.56    1948.64    3007.36    3417.32    2961.03    4288.15    4140.68    3258.53    2264.88    2611.92    4034.87    4580.87    5443.86    4502.83    3833.04    2970.72    2898.18    2649.90    2408.86
 4    1379.00    1288.86    1329.95    1766.84    1886.95    1390.88    1102.89     894.30     987.52    1314.58    1563.91    1833.04    1968.51    1702.22    1194.39    1104.41    1385.67    1989.37    2180.93    2056.68    1712.35    1436.32    1501.46    1466.27    1330.66    1155.82    1290.42
 1    4109.00    3605.45    3605.45    4995.14    4995.14    7465.46    7465.46   11499.64   11499.64   10058.66   10058.66    8473.54    8473.54    3998.61    3998.61    4532.22    4532.22    3862.78    3862.78    4745.20    4745.20    6778.00    6778.00    6114.11    6114.11    9357.35    9357.35
 2     783.00     686.75     686.75     951.46     951.46    1421.99    1421.99    2190.41    2190.41    1915.94    1915.94    1614.01    1614.01     761.64     761.64     863.28     863.28     735.77     735.77     903.85     903.85    1291.05    1291.05    1164.59    1164.59    1782.35    1782.35
 3    3537.00    2406.87    2738.30    3074.72    2666.98    2981.34    4601.89    3968.91    3284.88    3076.68    3213.68    2685.47    2435.26    2624.06    2682.97    3343.45    3770.02    4433.39    4389.24    3757.03    4116.22    4423.08    5109.06    4774.78    4720.35    4227.28    3411.84
 4    1379.00    1260.41    1298.26    1238.19    1469.02    1985.67    2030.76    1512.05    1485.43    1539.62    1263.12    1076.77    1195.30    1346.36    1513.37    1888.28    1689.14    1674.30    1492.13    1415.40    2050.56    1988.12    2027.86    1878.25    1464.33    1190.09    1305.76
 1    4109.00    4838.53    4838.53    7112.03    7112.03    4147.37    4147.37   10000.91   10000.91    7100.48    7100.48    3234.46    3234.46    3728.80    3728.80    6973.89    6973.89    4084.08    4084.08    2156.15    2156.15    3186.41    3186.41    3882.19    3882.19    7492.72    7492.72
 2     783.00     921.62     921.62    1354.67    1354.67     789.98     789.98    1904.94    1904.94    1352.47    1352.47     616.09     616.09     710.25     710.25    1328.36    1328.36     777.92     777.92     410.70     410.70     606.94     606.94     739.46     739.46    1427.18    1427.18
 3    3537.00    2248.72    2584.17    2967.72    2562.44    2373.59    3007.35    3677.37    2932.04    2703.14    2647.34    2686.45    3215.05    3917.23    4572.86    3286.89    3222.68    2185.85    1627.15    1735.33    2887.02    4070.38    3879.60    4154.06    4860.53    4379.57    3482.29
 4    1379.00    1304.59    1223.84    1170.26    1103.35    1490.04    1540.47    1407.34    1379.57    1087.47    1076.34    1371.28    1707.19    1498.30    1298.84     882.33     740.82     571.59     710.11    1631.39    1825.75    1716.57    1940.22    1649.66    1408.48    1191.15    1108.45
 1    4109.00    7334.25    7334.25    7035.80    7035.80    6999.30    6999.30    5226.14    5226.14    4035.57    4035.57    4141.37    4141.37    3551.39    3551.39    5087.08    5087.08    7021.48    7021.48   12268.87   12268.87   12371.44   12371.44    7839.68    7839.68    7962.57    7962.57
 2     783.00    1397.00    1397.00    1340.15    1340.15    1333.20    1333.20     995.46     995.46     768.68     768.68     788.83     788.83     676.46     676.46     968.97     968.97    1337.42    1337.42    2336.93    2336.93    2356.46    2356.46    1493.27    1493.27    1516.68    1516.68
 3    3537.00    2527.73    2535.81    2651.46    2818.61    2907.76    2520.56    2401.28    2253.04    2278.36    2615.54    2683.47    2678.97    3628.47    3784.22    4725.41    6396.94    6209.37    6659.04    6953.42    6822.26    6119.38    4589.08    4086.73    3589.37    3012.06    3433.44
 4    1379.00    1245.59    1211.27    1402.03    1287.88    1105.69    1075.22    1052.91    1049.74    1091.18    1036.55    1015.11    1761.10    2099.86    1949.33    2813.50    3314.39    2651.59    2612.66    2668.20    2353.60    1968.70    1552.24    1294.44    1187.02    1105.43    1001.85
 1    4109.00    6598.28    6598.28    5751.90    5751.90    4911.06    4911.06    4717.02    4717.02    2815.43    2815.43    2906.44    2906.44    7856.31    7856.31    7615.15    7615.15    2514.67    2514.67    4086.85    4086.85    2450.91    2450.91    4431.97    4431.97    6358.97    6358.97
 2     783.00    1256.82    1256.82    1095.60    1095.60     935.44     935.44     898.48     898.48     536.27     536.27     553.61     553.61    1496.44    1496.44    1450.50    1450.50     478.98     478.98     778.45     778.45     466.84     466.84     844.18     844.18    1211.23    1211.23
 3    3537.00    2218.56    2483.63    2810.06    2612.87    2540.05    2253.95    1724.44    1434.24    1629.37    2116.44    2046.37    2201.79    2054.89    2104.60    1674.82    1258.55    1406.28    1555.28    1870.26    1730.93    1615.94    1845.34    1752.79    3446.05    5499.99    6739.69
 4    1379.00    1317.00    1366.07    1355.84    1070.09     775.74     620.91     692.10     733.71     803.48     903.40     788.90     965.76     980.15     859.54     594.59     729.19     764.53     720.47     825.20     716.72     647.02     954.73    1858.05    3196.98    3248.31    3693.81
 1    4109.00    6513.74    6513.74    6307.69    6307.69    7063.98    7063.98    4125.66    4125.66    4341.88    4341.88    9379.52    9379.52    3215.52    3215.52    6273.50    6273.50    6727.64    6727.64    5046.89    5046.89    4173.25    4173.25    2804.80    2804.80    2986.83    2986.83
 2     783.00    1240.71    1240.71    1201.46    1201.46    1345.52    1345.52     785.84     785.84     827.02     827.02    1786.58    1786.58     612.48     612.48    1194.95    1194.95    1281.46    1281.46     961.31     961.31     794.90     794.90     534.25     534.25     568.92     568.92
 3    3537.00    2396.13    2588.88    2387.95    2397.76    3312.56    3768.27    2891.35    4453.30    5439.08    5763.91    5299.67    4360.38    3205.91    2824.61    2671.04    2629.39    1993.10    1580.19    1588.89    1721.74    1954.32    1519.05    2456.62    3361.77    5292.72    6379.51
 4    1379.00    1284.64    1240.71    1151.15    1642.36    1563.22    1600.06    2484.78    2619.40    2206.48    1958.25    1535.02    1007.66     828.21    1151.69    1093.66     903.07     701.67     743.28     732.64     743.57     878.92    1112.08    1639.99    2619.33    2778.46    2485.45
 1    4109.00    4747.51    4747.51    3233.08    3233.08    4305.84    4305.84    4677.75    4677.75    2753.98    2753.98    1650.73    1650.73    2005.08    2005.08    7224.29    7224.29    6478.63    6478.63    5048.27    5048.27    2610.30    2610.30    3823.51    3823.51    6988.67    6988.67
 2     783.00     904.29     904.29     615.82     615.82     820.16     820.16     891.00     891.00     524.57     524.57     314.42     314.42     381.92     381.92    1376.06    1376.06    1234.02    1234.02     961.58     961.58     497.20     497.20     728.29     728.29    1331.18    1331.18
 3    3537.00    2630.82    2651.47    2971.56    2666.84    2882.12    2401.44    2179.40    1743.36    1685.88    1484.51    1448.27    1829.77    2655.81    3256.19    3472.53    3849.74    3322.13    2777.47    2504.66    2440.22    2457.33    3132.36    3895.35    3646.90    3398.75    3771.36
 4    1379.00    1260.33    1303.42    1237.88     990.40     951.94     718.63     595.53     627.04     644.04     543.26     730.35    1303.44    1406.35    1266.65    1600.33    1460.78    1089.16    1088.10     926.64    1115.89    1472.89    1508.24    1421.50    1431.63    1473.86    1226.72
 1    4109.00    7429.88    7429.88   13872.47   13872.47    4650.95    4650.95    5416.03    5416.03    4560.40    4560.40    3079.23    3079.23    4455.99    4455.99    5974.58    5974.58    9019.16    9019.16   13326.85   13326.85    6626.93    6626.93    6190.34    6190.34    5645.64    5645.64
 2     783.00    1415.22    1415.22    2642.38    2642.38     885.90     885.90    1031.62    1031.62     868.65     868.65     586.52     586.52     848.76     848.76    1138.02    1138.02    1717.94    1717.94    2538.45    2538.45    1262.27    1262.27    1179.11    1179.11    1075.36    1075.36
 3    3537.00    2464.11    2919.95    2754.69    2319.79    2003.28    1671.98    2770.26    2649.97    2637.21    2031.01    1747.02    2573.48    2892.32    2968.20    3093.10    3423.16    3428.94    4108.45    3397.54    2333.94    2174.27    2897.40    3100.97    2856.19    4209.22    4701.21
 4    1379.00    1326.65    1330.45    1333.77    1057.78    1050.40    1203.18    1298.03     962.83     829.49     851.84    1090.23    1204.85    1266.62    1425.50    1632.98    1471.02    1478.30    1497.82    1199.91    1117.51    1471.33    1591.00    1515.77    2028.29    1972.71    1743.87
 1    4109.00    5042.27    5042.27    4534.99    4534.99    5563.87    5563.87    8462.92    8462.92    3924.69    3924.69    3816.12    3816.12    7075.53    7075.53   13884.49   13884.49   10321.54   10321.54   11812.42   11812.42    6778.93    6778.93    8316.92    8316.92    6974.81    6974.81
 2     783.00     960.43     960.43     863.81     863.81    1059.78    1059.78    1611.98    1611.98     747.56     747.56     726.88     726.88    1347.72    1347.72    2644.66    2644.66    1966.01    1966.01    2249.98    2249.98    1291.22    1291.22    1584.18    1584.18    1328.54    1328.54
 3    3537.00    2501.91    2451.59    2566.88    2534.08    3111.73    3277.21    2831.72    2596.76    2256.09    3022.90    2439.57    3509.94    5081.81    5378.79    4947.43    4341.39    3553.40    3714.79    2961.64    3126.05    3668.63    3434.50    3170.68    2744.31    1491.44    1633.91
 4    1379.00    1198.59    1144.55    1234.84    1311.30    1281.63    1122.04    1150.35    1194.73     973.56    1290.82    1984.28    2429.57    2219.56    1989.79    1833.11    1752.88    1532.57    1330.11    1662.04    1864.08    1554.42    1123.01     817.74     767.30     752.05     723.01
 1    4109.00    6045.73    6045.73    5656.27    5656.27    7273.27    7273.27    7434.50    7434.50    5329.17    5329.17    3723.26    3723.26    6518.36    6518.36    5118.50    5118.50    5525.98    5525.98    5216.44    5216.44    8753.51    8753.51   12500.33   12500.33    8007.85    8007.85
 2     783.00    1151.57    1151.57    1077.38    1077.38    1385.38    1385.38    1416.10    1416.10    1015.08    1015.08     709.19     709.19    1241.59    1241.59     974.95     974.95    1052.57    1052.57     993.61     993.61    1667.34    1667.34    2381.02    2381.02    1525.30    1525.30
 3    3537.00    2528.31    3222.56    2746.41    2996.58    2590.67    3026.52    2847.02    3903.81    3109.09    3516.01    4179.43    3625.15    3532.49    2680.58    2191.10    2322.61    2376.73    3330.19    3975.47    3695.57    3334.57    2887.51    3292.93    3474.54    3324.42    3542.43
 4    1379.00    1298.37    1293.06    1144.24    1248.77    1358.43    1487.67    1501.89    1565.09    1532.28    1705.27    1408.72     978.07     978.17     925.64     932.05    1368.10    1775.69    1749.77    1382.24    1207.84    1245.80    1455.95    1574.90    1939.01    1566.05    1513.33
 1    4109.00    4071.14    4071.14    2193.58    2193.58    6258.71    6258.71    3370.29    3370.29    3662.74    3662.74    4150.15    4150.15    6810.80    6810.80   11916.37   11916.37    3361.05    3361.05    2971.12    2971.12    4974.82    4974.82    8646.33    8646.33    9212.28    9212.28
 2     783.00     775.46     775.46     417.82     417.82    1192.14    1192.14     641.96     641.96     697.66     697.66     790.50     790.50    1297.30    1297.30    2269.78    2269.78     640.20     640.20     565.93     565.93     947.58     947.58    1646.92    1646.92    1754.72    1754.72
 3    3537.00    2425.33    2518.97    2624.91    2549.80    2142.44    1723.88    1928.86    2343.04    2323.82    2520.10    3639.37    2965.04    4074.65    3409.85    3327.64    2054.53    1314.05    1913.97    2706.06    3552.75    3743.08    3115.36    3531.23    3193.71    3302.82    3773.84
 4    1379.00    1212.28    1199.13     930.67     783.31     861.68     852.84     918.52    1151.64    1209.93    1340.62    1422.76    1372.83    1488.08    1153.82     941.42     753.53    1047.78    1136.44    1708.35    1537.91    1182.65    1397.83    1412.62    1582.61    1498.78    1166.86
 1    4109.00    3558.79    3558.79    3324.09    3324.09    5161.00    5161.00    2633.40    2633.40    4922.61    4922.61    5626.24    5626.24    3464.54    3464.54    5439.13    5439.13    3212.29    3212.29    2008.78    2008.78    1805.96    1805.96    5170.70    5170.70    8411.17    8411.17
 2     783.00     677.86     677.86     633.16     633.16     983.05     983.05     501.60     501.60     937.64     937.64    1071.66    1071.66     659.91     659.91    1036.02    1036.02     611.86     611.86     382.62     382.62     343.99     343.99     984.90     984.90    1602.13    1602.13
 3    3537.00    2306.04    3124.61    2908.41    3219.12    3257.15    3290.40    2647.03    2664.94    3029.40    2376.05    2514.23    1934.97    2154.41    2791.46    2944.68    2478.21    2401.34    2231.07    3235.91    3968.17    4247.79    4323.30    4567.56    3936.86    2981.82    1994.11
 4    1379.00    1344.65    1343.87    1210.62    1276.30    1154.40    1031.25    1006.52    1238.24    1130.44     878.71     857.87    1000.99    1168.96    1175.50    1011.81     843.65    1109.86    1385.10    1586.02    1944.24    1952.88    1576.68    1192.53     882.27     885.77    1211.63
 1    4109.00    3439.59    3439.59    8194.49    8194.49   10723.48   10723.48   11454.37   11454.37    8596.43    8596.43    3209.98    3209.98    7954.25    7954.25    8161.23    8161.23    4688.84    4688.84    4467.54    4467.54    6524.83    6524.83    7182.71    7182.71    8875.94    8875.94
 2     783.00     655.16     655.16    1560.86    1560.86    2042.57    2042.57    2181.78    2181.78    1637.42    1637.42     611.42     611.42    1515.10    1515.10    1554.52    1554.52     893.11     893.11     850.96     850.96    1242.82    1242.82    1368.14    1368.14    1690.66    1690.66
 3    3537.00    2814.42    3187.09    3711.91    3313.68    2903.73    3769.44    3681.52    2995.95    2676.06    3390.75    3398.17    3667.20    3606.78    2545.24    2490.46    2761.52    2558.88    2150.57    2261.12    2665.89    2492.01    2393.30    2651.96    2259.87    1916.44    2233.12
 4    1379.00    1386.32    1347.96    1333.42    1459.85    1833.59    1800.54    1370.98    1437.87    1701.53    1641.28    1463.32    1100.31    1099.30    1250.09    1210.53    1208.26    1025.05    1025.19    1091.74    1053.17    1114.32    1036.62    1040.87     966.01    1213.06    1133.80
