FL 2019 2020 2021 2022 2023 2024 2025 2026 2027 2028 2029 2030 2031 2032 2033 2034 2035 2036 2037 2038 2039 2040 2041 2042 2043 2044 2045
 1  0.7288134  0.6828020  0.6548832  0.6443159  0.6473968  0.6857993  0.6864697  0.6846944  0.6630736  0.6485204  0.6593022  0.6675971  0.6782664  0.6777077  0.6774520  0.6869703  0.6878966  0.6685992  0.6627624  0.6828524  0.7028909  0.7067896  0.7079469  0.7120214  0.7126017  0.7003151  0.6887523
 2  0.5725724  0.5236363  0.4984078  0.4803894  0.5244626  0.5740292  0.5790893  0.5566401  0.4979758  0.4637708  0.4822897  0.5283151  0.5505434  0.5444992  0.5323632  0.5458133  0.5576471  0.5390464  0.5340766  0.5708283  0.5978584  0.6036274  0.5938888  0.5881683  0.5832404  0.5728164  0.5467178
 3  0.7521145  0.7089222  0.6786137  0.6641647  0.6610943  0.7047187  0.7081502  0.7034186  0.6796720  0.6637381  0.6735550  0.6838999  0.6969985  0.6965317  0.6941725  0.7031934  0.7071979  0.6893043  0.6800866  0.6994542  0.7236861  0.7283441  0.7283885  0.7296235  0.7318862  0.7205807  0.7073181
 4  0.4566311  0.4168102  0.3871717  0.3618060  0.4743886  0.5201899  0.4848290  0.4194357  0.3616102  0.3588031  0.4121622  0.4665528  0.4700495  0.4357870  0.4293142  0.4731674  0.4827070  0.4358297  0.4463996  0.5141693  0.5333741  0.5207349  0.4883484  0.4946068  0.5051417  0.4743656  0.4260414
 1  0.7290193  0.6837632  0.6533476  0.6414542  0.5964794  0.5701505  0.6107971  0.5881272  0.5504758  0.6086625  0.5945678  0.5458241  0.5824322  0.5677084  0.5862136  0.5971736  0.5842505  0.6845288  0.6906812  0.6958094  0.6302918  0.4907261  0.6007213  0.2604343  0.5042642  0.6342938  0.6466615
 2  0.5731135  0.5245497  0.4965065  0.4786325  0.4410687  0.4716209  0.5411306  0.5207837  0.5086582  0.5487697  0.5242281  0.4972258  0.5239699  0.5163736  0.5326089  0.5287098  0.5590402  0.6030182  0.6063691  0.5872365  0.5024829  0.4687311  0.5312423  0.2838168  0.4920532  0.5740207  0.5754184
 3  0.7523618  0.7097663  0.6770411  0.6612348  0.6138488  0.5825802  0.6265069  0.6112429  0.5638825  0.6269835  0.6185314  0.5613547  0.5992602  0.5870701  0.6015077  0.6199152  0.5898810  0.7071137  0.7142669  0.7152130  0.6483180  0.4987486  0.6237306  0.2571055  0.5077929  0.6533032  0.6701694
 4  0.4573780  0.4167930  0.3848502  0.3637597  0.3508556  0.4346655  0.4996247  0.4586853  0.4707224  0.5062004  0.4589209  0.4534583  0.4818652  0.4659615  0.4935132  0.4690831  0.5212072  0.5484763  0.5138074  0.4615986  0.4096427  0.4454611  0.4870475  0.2971470  0.4738541  0.5294014  0.5209018
 1  0.7283085  0.6840649  0.6457707  0.6280655  0.6289687  0.6247918  0.6237465  0.6347041  0.6588820  0.6667112  0.6735410  0.6831742  0.6961831  0.6990624  0.6989077  0.7076405  0.7029991  0.7042453  0.7001725  0.6988758  0.6964186  0.6940291  0.6917450  0.6936762  0.7055353  0.7055090  0.6984368
 2  0.5726575  0.5248717  0.4901751  0.4821291  0.4936635  0.4942429  0.4938909  0.5199035  0.5473365  0.5501455  0.5430487  0.5435864  0.5607013  0.5681403  0.5713091  0.5712278  0.5668308  0.5658943  0.5662538  0.5646596  0.5541132  0.5394767  0.5338768  0.5668734  0.5952853  0.5992966  0.5813962
 3  0.7516802  0.7099042  0.6696703  0.6473762  0.6462300  0.6429959  0.6403499  0.6506306  0.6774024  0.6860292  0.6917635  0.6995719  0.7132458  0.7185642  0.7171847  0.7256867  0.7211300  0.7223929  0.7187310  0.7175105  0.7148826  0.7110742  0.7077847  0.7107124  0.7260443  0.7276266  0.7190076
 4  0.4573648  0.4163187  0.3810640  0.3945103  0.4197672  0.4071305  0.4117071  0.4611819  0.4779156  0.4604581  0.4370256  0.4539622  0.4892736  0.4830952  0.4774089  0.4772200  0.4754451  0.4782720  0.4783609  0.4729013  0.4475274  0.4236141  0.4460526  0.5072298  0.5313120  0.5151882  0.4648132
 1  0.7292546  0.6838715  0.6597881  0.6520107  0.6290018  0.6154684  0.6030590  0.6023504  0.6206637  0.6821755  0.6952761  0.7009283  0.7135325  0.7162992  0.7142010  0.7134599  0.7154981  0.7194055  0.6975660  0.6812992  0.6873109  0.7003449  0.6860947  0.6721163  0.6626917  0.6574714  0.6577447
 2  0.5718989  0.5240255  0.5023577  0.4878527  0.4646074  0.4611563  0.4794401  0.5190359  0.5652350  0.5997948  0.6037926  0.5947261  0.5821047  0.5689267  0.5474185  0.5361199  0.5415691  0.5486163  0.5438368  0.5404126  0.5659097  0.5817984  0.5665269  0.5337592  0.5034216  0.5040841  0.5204922
 3  0.7524902  0.7101030  0.6834121  0.6715038  0.6459870  0.6316661  0.6181869  0.6178295  0.6358236  0.7036616  0.7180747  0.7201202  0.7316829  0.7339253  0.7301383  0.7289654  0.7306755  0.7355975  0.7151184  0.6990084  0.7047544  0.7202640  0.7070571  0.6907461  0.6791956  0.6733622  0.6750352
 4  0.4556608  0.4177696  0.3889326  0.3702346  0.3687062  0.3792493  0.4213366  0.4737013  0.5185300  0.5391933  0.5145401  0.4901522  0.4815149  0.4538840  0.4274018  0.4213886  0.4448369  0.4543169  0.4496889  0.4584248  0.4973996  0.5075107  0.4639771  0.4084255  0.3956036  0.4277549  0.4495711
 1  0.7307392  0.6865300  0.6581863  0.6472718  0.6338996  0.6441999  0.6542512  0.6680620  0.6302687  0.6132269  0.5476537  0.3421816  0.6619325  0.6990537  0.6924957  0.6993135  0.6947069  0.6961883  0.7019131  0.7122448  0.7034349  0.6993136  0.6962316  0.6939262  0.6857354  0.6731450  0.6936466
 2  0.5709265  0.5237572  0.4987965  0.4858657  0.4938315  0.5241030  0.5439380  0.5509074  0.5319395  0.5290398  0.4698460  0.3724983  0.6066173  0.6098785  0.6130971  0.6003057  0.5693231  0.5386026  0.5508919  0.5821948  0.5827490  0.5649134  0.5378733  0.5196084  0.5079399  0.5419477  0.5853951
 3  0.7534590  0.7122673  0.6817201  0.6667759  0.6498598  0.6613660  0.6725910  0.6865985  0.6490531  0.6321610  0.5718544  0.3345078  0.6737281  0.7283499  0.7181015  0.7207823  0.7139230  0.7129561  0.7164958  0.7319095  0.7245828  0.7176130  0.7128601  0.7102844  0.7018745  0.6899580  0.7132268
 4  0.4540021  0.4161973  0.3866035  0.3765839  0.4272887  0.4623795  0.4691513  0.4673667  0.4654265  0.4740223  0.3906370  0.3835786  0.5584433  0.5542420  0.5276293  0.4933807  0.4479240  0.4107623  0.4835505  0.5187981  0.4844127  0.4386040  0.4200126  0.4075791  0.4136414  0.4858165  0.5256004
 1  0.7296156  0.6865713  0.6505521  0.6320081  0.5787676  0.4852350  0.4802276  0.6712604  0.6841334  0.6448032  0.5395248  0.4087336  0.5154783  0.6360420  0.6197066  0.5929588  0.5199815  0.4547323  0.5911125  0.6311956  0.6004468  0.6501621  0.6508163  0.5523316  0.4334111  0.6477184  0.6481125
 2  0.5721350  0.5249587  0.4922948  0.4756716  0.4540644  0.4416930  0.4655005  0.5994304  0.6046132  0.5664572  0.4677752  0.3798513  0.5019381  0.5708149  0.5543606  0.5251087  0.4592848  0.4401655  0.5473048  0.5606156  0.5511524  0.5863056  0.5722170  0.4797595  0.4478936  0.5832608  0.5712559
 3  0.7525046  0.7120612  0.6742200  0.6517940  0.5954782  0.4984194  0.4887490  0.6936667  0.7102589  0.6707975  0.5636646  0.4195273  0.5178498  0.6565715  0.6420353  0.6142908  0.5414630  0.4604455  0.6038967  0.6543418  0.6176462  0.6688782  0.6766360  0.5774465  0.4283605  0.6675144  0.6737582
 4  0.4555682  0.4155233  0.3824778  0.3741829  0.3895721  0.4035753  0.4449918  0.5509949  0.5488187  0.5032163  0.3959879  0.3534559  0.4830922  0.5232867  0.4994465  0.4707016  0.3995472  0.4235395  0.5113799  0.5073064  0.5046858  0.5397108  0.5115537  0.4045693  0.4448855  0.5382007  0.5106975
 1  0.7282820  0.6798776  0.6371952  0.6158692  0.6189108  0.6186343  0.6169006  0.6174427  0.6198880  0.5985530  0.5296618  0.6427549  0.6920162  0.6614425  0.6371449  0.6202510  0.6076067  0.5738253  0.6034730  0.7069159  0.7039519  0.7074506  0.7128237  0.7165043  0.6915379  0.6700548  0.6447103
 2  0.5697585  0.5218709  0.4877832  0.4747409  0.4794880  0.4744381  0.4616067  0.4651492  0.4895974  0.5003406  0.4948344  0.5922295  0.6093837  0.5821965  0.5511555  0.5260538  0.5116624  0.4918567  0.5820444  0.6193821  0.6236173  0.6135393  0.5971719  0.5796432  0.5339875  0.5015156  0.4780097
 3  0.7517544  0.7066486  0.6619877  0.6358456  0.6363802  0.6361440  0.6328927  0.6324508  0.6356700  0.6164101  0.5422632  0.6551866  0.7186394  0.6877291  0.6607042  0.6401561  0.6252795  0.5932573  0.6004904  0.7348475  0.7299286  0.7291249  0.7324391  0.7349496  0.7090869  0.6866672  0.6612978
 4  0.4555172  0.4185805  0.3829231  0.3846177  0.3964075  0.3768122  0.3602961  0.3875407  0.4272068  0.4418755  0.4617654  0.5478323  0.5546074  0.5131571  0.4654495  0.4419400  0.4464285  0.4287264  0.5431576  0.5656936  0.5419859  0.5132833  0.4954081  0.4657761  0.4145596  0.3900343  0.3812665
 1  0.7315684  0.6873880  0.6660900  0.6591022  0.6616039  0.6708421  0.6768849  0.6936480  0.6901153  0.6896444  0.6899693  0.6898641  0.6513430  0.5750260  0.5043891  0.5281646  0.6754848  0.7213609  0.7019977  0.6939808  0.6196308  0.5137806  0.3981738  0.6284429  0.6546199  0.6375582  0.6531311
 2  0.5697771  0.5223139  0.5042393  0.4893586  0.4730121  0.4643339  0.5002463  0.5541252  0.5762104  0.5803684  0.5769924  0.5614581  0.5073773  0.4541229  0.4730937  0.4985372  0.6154276  0.6325896  0.6181435  0.5912464  0.5148637  0.4543285  0.3970092  0.5666011  0.5820318  0.5753371  0.5869139
 3  0.7537993  0.7128146  0.6891679  0.6785267  0.6781109  0.6851278  0.6897137  0.7104169  0.7098679  0.7102459  0.7106027  0.7088451  0.6697487  0.5919007  0.5137464  0.5391888  0.6884019  0.7492154  0.7279533  0.7144378  0.6375552  0.5338868  0.4012112  0.6490622  0.6790250  0.6579750  0.6735743
 4  0.4515532  0.4146470  0.3915014  0.3651295  0.3410054  0.3414888  0.4408953  0.4963309  0.5046109  0.5033508  0.4842921  0.4502887  0.3991953  0.3865971  0.4477766  0.4746809  0.5629241  0.5739518  0.5230325  0.4729013  0.4463155  0.3945187  0.3902276  0.5256318  0.5287860  0.5240590  0.5371500
 1  0.7286303  0.6826911  0.6395338  0.6142251  0.5658843  0.5132379  0.5916354  0.5935916  0.6737643  0.6978259  0.6994631  0.7001252  0.6861701  0.6779990  0.6643249  0.6320022  0.5971827  0.5708496  0.6630218  0.5862092  0.5735703  0.6345413  0.5902418  0.6325688  0.7159888  0.7118336  0.7052686
 2  0.5686480  0.5225831  0.4870543  0.4617344  0.4363385  0.4743841  0.5324090  0.5561123  0.6003179  0.6170853  0.6080698  0.5850238  0.5396175  0.5143083  0.4982678  0.4726933  0.4686941  0.5475176  0.5841652  0.5229241  0.5339606  0.5652701  0.5191760  0.5990361  0.6284771  0.6291721  0.6032146
 3  0.7517398  0.7088155  0.6638819  0.6347583  0.5826566  0.5214642  0.6126679  0.6047262  0.6969270  0.7226274  0.7224050  0.7197881  0.7033643  0.6943552  0.6813204  0.6491152  0.6127623  0.5765518  0.6879884  0.6107162  0.5842282  0.6569812  0.6142174  0.6321308  0.7422760  0.7372619  0.7263719
 4  0.4547156  0.4168095  0.3812128  0.3560802  0.3682200  0.4504615  0.4889377  0.5205296  0.5488793  0.5461776  0.5105996  0.4597764  0.4199012  0.4151108  0.3967028  0.3768560  0.4067175  0.5154787  0.5332625  0.4616571  0.5013963  0.5135301  0.4535576  0.5530204  0.5732164  0.5412909  0.4723615
 1  0.7290541  0.6814757  0.6455303  0.6335058  0.6310546  0.6096201  0.5706153  0.5024802  0.6128667  0.5803291  0.6236229  0.6187702  0.5449504  0.5510809  0.6761631  0.6482523  0.6801033  0.6896352  0.6884132  0.6909231  0.6969379  0.7064098  0.7056523  0.6855777  0.6886755  0.6989997  0.6922898
 2  0.5720311  0.5230618  0.4927021  0.4960055  0.5088224  0.4908917  0.4382677  0.4362854  0.5527402  0.5322270  0.5623517  0.5479625  0.4833450  0.5394701  0.6001598  0.5793987  0.5971631  0.5950716  0.5694789  0.5344859  0.5069473  0.5095293  0.5324432  0.5393522  0.5701570  0.5870220  0.5799336
 3  0.7524456  0.7078604  0.6697730  0.6524754  0.6489334  0.6299760  0.5885649  0.5110953  0.6309768  0.5993740  0.6427255  0.6427652  0.5661700  0.5519683  0.6996497  0.6719507  0.7033406  0.7117238  0.7079513  0.7077289  0.7116075  0.7204379  0.7220767  0.7045809  0.7066324  0.7202174  0.7139246
 4  0.4569095  0.4176880  0.3855345  0.4167496  0.4409735  0.3944540  0.3327085  0.4141022  0.5121658  0.4895831  0.5187787  0.4903460  0.4282055  0.5113799  0.5505172  0.5221759  0.5262967  0.4998298  0.4466508  0.3932509  0.3763131  0.4162294  0.4517024  0.4587973  0.5044139  0.5174692  0.4801194
 1  0.7304056  0.6863066  0.6599947  0.6499650  0.6363217  0.6355800  0.6512175  0.6729469  0.6774895  0.6821257  0.6959023  0.7048739  0.7169191  0.7115449  0.6931198  0.6840351  0.6834980  0.6849347  0.6798885  0.6606563  0.6460322  0.6281724  0.6135089  0.6019646  0.5526265  0.4936817  0.5950565
 2  0.5719358  0.5241406  0.5000487  0.4851317  0.4738314  0.4831113  0.5153384  0.5407873  0.5390476  0.5291546  0.5326629  0.5657208  0.5924636  0.5980819  0.5777230  0.5616749  0.5510408  0.5436142  0.5403695  0.5285115  0.5122631  0.5048026  0.5236387  0.5330436  0.4900785  0.4699234  0.5473678
 3  0.7532408  0.7120878  0.6834472  0.6694363  0.6530170  0.6515606  0.6666013  0.6902626  0.6960113  0.6981921  0.7116415  0.7207817  0.7365997  0.7328714  0.7132025  0.7035068  0.7025373  0.7018391  0.6974556  0.6797393  0.6639633  0.6454709  0.6291830  0.6218334  0.5741116  0.5015035  0.6105615
 4  0.4545313  0.4161992  0.3865877  0.3700996  0.3826353  0.4042546  0.4477630  0.4639968  0.4291300  0.4183277  0.4395666  0.4997218  0.5267168  0.5109796  0.4841138  0.4725315  0.4478050  0.4485053  0.4582728  0.4381499  0.4201289  0.4300527  0.4742220  0.4813822  0.4306094  0.4482673  0.5081878
 1  0.7281665  0.6808234  0.6486875  0.6366288  0.6246771  0.6097120  0.5804320  0.4844827  0.5791903  0.6564468  0.6201336  0.6806407  0.6969482  0.7090700  0.7023988  0.7037997  0.6769949  0.6497397  0.6398715  0.5982019  0.6283338  0.6493301  0.6663076  0.6899048  0.7063857  0.6989148  0.6969254
 2  0.5709774  0.5221279  0.4951996  0.4859892  0.4811394  0.4747863  0.4580670  0.4441174  0.5473827  0.5722958  0.5758066  0.6022404  0.6195523  0.6172097  0.5954464  0.5664122  0.5110101  0.4985954  0.5308816  0.5404234  0.5599970  0.5711360  0.5728709  0.5883875  0.5958625  0.5891544  0.5737945
 3  0.7515019  0.7071882  0.6728218  0.6563390  0.6421012  0.6274154  0.5972323  0.4951772  0.5889078  0.6846061  0.6349794  0.7048645  0.7210733  0.7322428  0.7234766  0.7216608  0.6939772  0.6651064  0.6567770  0.6162638  0.6476670  0.6719768  0.6863767  0.7071470  0.7276211  0.7199945  0.7161719
 4  0.4557197  0.4170906  0.3872290  0.3876586  0.3988792  0.3908472  0.3840142  0.4146976  0.5134828  0.5227764  0.5287071  0.5520780  0.5487123  0.5304978  0.4820763  0.4367615  0.3910039  0.4282025  0.4802518  0.4910899  0.5117276  0.4968817  0.4820690  0.5168053  0.5245493  0.4958145  0.4727190
 1  0.7281973  0.6810513  0.6437720  0.6236599  0.5906377  0.6243879  0.6527353  0.6676349  0.6813859  0.6962015  0.7106091  0.7219200  0.7188695  0.7109478  0.6979609  0.6922297  0.6975019  0.7039275  0.7180712  0.7088608  0.7038675  0.7085637  0.7136903  0.7185628  0.7142241  0.7102512  0.7110156
 2  0.5743464  0.5232414  0.4907623  0.4669375  0.4711595  0.5312605  0.5564297  0.5517240  0.5317546  0.5059340  0.4983199  0.5304512  0.5562557  0.5637891  0.5565106  0.5537206  0.5561457  0.5844338  0.6048118  0.6025897  0.5832121  0.5600277  0.5442230  0.5429865  0.5638028  0.5989455  0.6074271
 3  0.7516029  0.7069893  0.6677300  0.6441932  0.6055482  0.6397208  0.6725875  0.6863761  0.6980579  0.7107671  0.7234146  0.7363985  0.7358687  0.7296560  0.7167714  0.7103198  0.7161947  0.7205188  0.7396662  0.7317348  0.7234788  0.7253608  0.7295516  0.7339372  0.7311540  0.7293861  0.7351373
 4  0.4584144  0.4155433  0.3854858  0.3558339  0.4186391  0.4870878  0.4787600  0.4387711  0.3953706  0.3554679  0.3932735  0.4491190  0.4751161  0.4721843  0.4578827  0.4675820  0.4630760  0.5166081  0.5415259  0.5107130  0.4595376  0.4360759  0.4317206  0.4483977  0.4906409  0.5387884  0.5397799
 1  0.7281184  0.6803456  0.6465840  0.6318213  0.5840020  0.5220358  0.6552800  0.5432506  0.5301296  0.4945784  0.6214641  0.6594472  0.6470013  0.6292230  0.6017118  0.5762263  0.6202932  0.6538256  0.6719645  0.7024272  0.7036598  0.7028760  0.7002124  0.7004414  0.7104112  0.7117878  0.7073607
 2  0.5729084  0.5231594  0.4941922  0.4757639  0.4425841  0.4889750  0.5791204  0.4889103  0.4746755  0.4764973  0.5713540  0.5856803  0.5694389  0.5434746  0.5036064  0.4960417  0.5596953  0.5748137  0.5960555  0.6046261  0.5957689  0.5710677  0.5276519  0.4983443  0.5064887  0.5376765  0.5498099
 3  0.7517145  0.7068348  0.6708150  0.6520455  0.6013473  0.5275593  0.6805507  0.5644285  0.5497637  0.5041288  0.6355933  0.6836410  0.6716575  0.6517541  0.6217565  0.5912155  0.6335233  0.6773878  0.6923842  0.7233937  0.7251901  0.7214735  0.7161272  0.7147041  0.7241972  0.7281537  0.7254398
 4  0.4576816  0.4178749  0.3866323  0.3658039  0.3637572  0.4690187  0.5309124  0.4508047  0.4317721  0.4525532  0.5319709  0.5319507  0.5003559  0.4582461  0.4158475  0.4448041  0.5192054  0.5149948  0.5217901  0.5292396  0.4969534  0.4352111  0.3752232  0.3673023  0.4186408  0.4582580  0.4521368
 1  0.7289669  0.6798174  0.6469127  0.6342602  0.6319611  0.6418263  0.6354184  0.6211774  0.6075139  0.5811390  0.6302044  0.7013324  0.7177493  0.7097718  0.7029191  0.7076192  0.7166798  0.7273633  0.7275700  0.7230135  0.7136842  0.7013470  0.6984881  0.7020131  0.7118613  0.7186115  0.7200925
 2  0.5742236  0.5219689  0.4941973  0.4884518  0.5070161  0.5263700  0.5155658  0.4797989  0.4426142  0.4422966  0.5882833  0.6205391  0.6306038  0.6231366  0.5873595  0.5443239  0.5137857  0.5134088  0.5434486  0.5699760  0.5795219  0.5720490  0.5598321  0.5532413  0.5621458  0.5802330  0.5917382
 3  0.7523603  0.7060461  0.6709421  0.6539115  0.6485471  0.6602102  0.6550141  0.6391136  0.6240739  0.5946405  0.6380402  0.7261411  0.7454941  0.7341623  0.7223603  0.7236191  0.7304971  0.7406806  0.7426751  0.7405102  0.7334062  0.7214510  0.7169513  0.7188805  0.7285734  0.7362102  0.7394452
 4  0.4578898  0.4160871  0.3887671  0.3969826  0.4437939  0.4560990  0.4157498  0.3620225  0.3299860  0.3915789  0.5477740  0.5650650  0.5650338  0.5177261  0.4431571  0.3900894  0.3800471  0.4108724  0.4594542  0.4936410  0.4977449  0.4744322  0.4497787  0.4532439  0.4770588  0.5034447  0.5117281
 1  0.7287269  0.6810465  0.6501461  0.6369930  0.6268381  0.6382745  0.6558428  0.6658132  0.6616642  0.6500024  0.6722643  0.6826028  0.6703528  0.6656074  0.6756296  0.6833078  0.7015529  0.7182618  0.7099713  0.7057719  0.6726300  0.6200861  0.4695124  0.6527726  0.6394248  0.6790703  0.6870118
 2  0.5719461  0.5224118  0.4963567  0.4769203  0.4649662  0.4895164  0.5237386  0.5469349  0.5491947  0.5498461  0.5714748  0.5763073  0.5546374  0.5344575  0.5350106  0.5469272  0.5922426  0.6123626  0.6073337  0.5817669  0.5064040  0.4262808  0.4863245  0.5749104  0.5747530  0.5974016  0.6015038
 3  0.7520538  0.7073838  0.6741897  0.6572324  0.6436561  0.6531094  0.6722718  0.6836220  0.6810976  0.6689593  0.6910900  0.7036237  0.6907419  0.6832879  0.6927008  0.7002984  0.7180532  0.7410925  0.7328386  0.7250457  0.6897913  0.6355943  0.4589771  0.6794862  0.6619709  0.7029109  0.7084283
 4  0.4562514  0.4171398  0.3883886  0.3602425  0.3702260  0.4228210  0.4576271  0.4750219  0.4735015  0.4801554  0.5057041  0.4951286  0.4495617  0.4355256  0.4476867  0.4693856  0.5336569  0.5476170  0.5091906  0.4425324  0.3524165  0.3122443  0.4846910  0.5284012  0.5229309  0.5289288  0.5207263
 1  0.7276935  0.6808899  0.6304798  0.6002912  0.6163149  0.6404486  0.6433594  0.6335863  0.6324877  0.6424362  0.6521785  0.6463273  0.6438652  0.6842172  0.7124344  0.7086312  0.6830592  0.6718524  0.6887227  0.6944357  0.6755820  0.6539152  0.6349634  0.5953565  0.5946124  0.6620683  0.6563406
 2  0.5721492  0.5231672  0.4815150  0.4623609  0.4864437  0.5144832  0.5185567  0.5046959  0.5077306  0.5362810  0.5541802  0.5494316  0.5486799  0.5942193  0.6109752  0.6047630  0.5480390  0.5101419  0.5414032  0.5635904  0.5508173  0.5168863  0.4924426  0.4753912  0.5313641  0.5870556  0.5761672
 3  0.7511928  0.7071239  0.6550564  0.6203752  0.6328940  0.6569798  0.6613162  0.6515941  0.6486414  0.6589019  0.6716509  0.6665830  0.6622992  0.7008354  0.7349960  0.7307033  0.7019566  0.6869371  0.7041426  0.7137575  0.6962337  0.6725459  0.6517909  0.6136391  0.6057945  0.6831630  0.6817480
 4  0.4573467  0.4167572  0.3789022  0.3757244  0.4162133  0.4437715  0.4340123  0.4108902  0.4351629  0.4799135  0.4881391  0.4714721  0.4788034  0.5351150  0.5438014  0.4957096  0.3949013  0.4085503  0.4821742  0.4921311  0.4469180  0.4038276  0.4068245  0.4061075  0.4935196  0.5394939  0.4990664
 1  0.7285885  0.6862186  0.6587261  0.6488446  0.6335680  0.6173423  0.6462171  0.6615188  0.6628475  0.6667889  0.6810179  0.6995567  0.6934929  0.6929712  0.6993886  0.6871067  0.6960982  0.6993568  0.6987591  0.7088563  0.7184573  0.7109715  0.7021847  0.6966885  0.6915413  0.6997712  0.7152886
 2  0.5713707  0.5254495  0.4986725  0.4917926  0.4898316  0.5000997  0.5306340  0.5382053  0.5197206  0.4946001  0.5256385  0.5638605  0.5699498  0.5700805  0.5729665  0.5691710  0.5748581  0.5719827  0.5596034  0.5745959  0.5930630  0.5915329  0.5703395  0.5399303  0.5011684  0.5242339  0.5713038
 3  0.7516385  0.7118235  0.6820515  0.6677809  0.6508012  0.6344164  0.6629528  0.6802652  0.6807640  0.6823777  0.6948183  0.7178760  0.7138651  0.7107837  0.7183584  0.7068514  0.7151026  0.7187145  0.7164195  0.7247767  0.7385716  0.7317931  0.7211670  0.7139540  0.7069490  0.7126629  0.7330991
 4  0.4556943  0.4160292  0.3839137  0.3940111  0.4124065  0.4344365  0.4617617  0.4459013  0.3951242  0.3709751  0.4629961  0.5021724  0.4761186  0.4801680  0.4938558  0.4881280  0.4914997  0.4724318  0.4505067  0.5026205  0.5234979  0.4963160  0.4520089  0.4044193  0.3550096  0.4596697  0.5115167
 1  0.7287496  0.6818591  0.6507855  0.6372791  0.6109645  0.5737914  0.6304386  0.6315615  0.6402575  0.6479231  0.6693619  0.6959321  0.6918025  0.6940601  0.7061134  0.7115748  0.7127383  0.7092316  0.7099740  0.7146953  0.7184790  0.7162786  0.7179728  0.7276963  0.7321375  0.7261854  0.7228895
 2  0.5722266  0.5235127  0.4964147  0.4740034  0.4308269  0.4331637  0.5275823  0.5456724  0.5518574  0.5522887  0.5781772  0.5926525  0.5838550  0.5678073  0.5683876  0.5801878  0.5834589  0.5780624  0.5681286  0.5685154  0.5703287  0.5585254  0.5422665  0.5560518  0.5796128  0.5945171  0.5998589
 3  0.7522206  0.7083418  0.6748848  0.6574671  0.6288984  0.5870388  0.6454398  0.6533642  0.6610270  0.6684368  0.6870586  0.7174352  0.7137349  0.7119718  0.7232315  0.7304243  0.7324856  0.7283462  0.7275889  0.7319107  0.7366459  0.7337746  0.7332233  0.7425507  0.7502295  0.7455329  0.7431725
 4  0.4567510  0.4181136  0.3859440  0.3523361  0.3072704  0.3902565  0.4873838  0.4835914  0.4809646  0.4764146  0.5142349  0.5242313  0.4795573  0.4564455  0.4859458  0.5043012  0.4960423  0.4728981  0.4640338  0.4798425  0.4742168  0.4307624  0.4112166  0.4737781  0.5056683  0.5146610  0.5163181
 1  0.7314508  0.6878004  0.6573993  0.6456410  0.6393714  0.6394036  0.6176593  0.5692331  0.4933508  0.6998350  0.7020525  0.6968096  0.6936229  0.7009018  0.7060121  0.7044306  0.6895362  0.6787238  0.6347359  0.5459235  0.6513295  0.5463605  0.4826503  0.4937125  0.5555998  0.6322302  0.6050230
 2  0.5718119  0.5234790  0.4967141  0.4947061  0.5152919  0.5297663  0.5035988  0.4391439  0.4466447  0.6209410  0.6136060  0.6143546  0.5898538  0.5666443  0.5658243  0.5711360  0.5607925  0.5419301  0.5070395  0.5140347  0.5740300  0.4851672  0.4473938  0.4543970  0.5264084  0.5609283  0.5599574
 3  0.7538355  0.7130726  0.6807902  0.6647352  0.6560815  0.6587017  0.6384005  0.5878516  0.4989495  0.7229036  0.7311461  0.7226495  0.7145020  0.7177659  0.7227133  0.7238461  0.7093856  0.6970143  0.6533265  0.5539702  0.6761972  0.5713507  0.4934044  0.5112262  0.5641210  0.6554590  0.6208563
 4  0.4534029  0.4143047  0.3867763  0.4050152  0.4548176  0.4596994  0.4018173  0.3329337  0.4321518  0.5661872  0.5557728  0.5220827  0.4619960  0.4550212  0.4915324  0.4929105  0.4597102  0.4399786  0.4269281  0.4852713  0.5255463  0.4289821  0.4222402  0.4197216  0.4981576  0.5104227  0.5141504
 1  0.7320621  0.6914412  0.6652431  0.6531047  0.6453864  0.6474753  0.6599362  0.6800038  0.6941690  0.7079282  0.7106035  0.7118868  0.7074481  0.7003732  0.7010317  0.7000985  0.6956556  0.6876137  0.6852818  0.6874667  0.6773242  0.6858646  0.6867208  0.6948757  0.7020468  0.7105311  0.7168977
 2  0.5746545  0.5263231  0.5000066  0.4821352  0.4713963  0.4737857  0.4972696  0.5295432  0.5635156  0.5849811  0.5881389  0.5814884  0.5637653  0.5496536  0.5386206  0.5286629  0.5132079  0.4931575  0.5191144  0.5623572  0.5831027  0.5882077  0.5863502  0.5726446  0.5606803  0.5733846  0.5906808
 3  0.7544364  0.7162697  0.6880566  0.6724823  0.6619909  0.6630910  0.6747048  0.6953969  0.7107841  0.7268085  0.7304606  0.7300960  0.7251553  0.7179989  0.7176506  0.7161898  0.7115405  0.7030854  0.6996930  0.7067186  0.6976746  0.7084577  0.7086765  0.7133353  0.7188732  0.7275281  0.7360825
 4  0.4545522  0.4138657  0.3854351  0.3637016  0.3693745  0.3797509  0.4177435  0.4550983  0.4941869  0.5108363  0.4944252  0.4751327  0.4621420  0.4444973  0.4274582  0.4140923  0.3913559  0.3714083  0.4526653  0.5051006  0.5192207  0.5194956  0.4878546  0.4583993  0.4635893  0.4987801  0.5199740
 1  0.7287904  0.6835164  0.6542176  0.6424466  0.6370971  0.6474611  0.6620076  0.6702320  0.6754961  0.6859839  0.6966794  0.7104733  0.7083544  0.7088073  0.7051271  0.7053787  0.7064247  0.7027049  0.7039541  0.6990168  0.6970994  0.7020962  0.7060555  0.7036495  0.7052010  0.7103287  0.7205731
 2  0.5701777  0.5238196  0.4980027  0.4805374  0.4766895  0.4967545  0.5123294  0.5109310  0.5122586  0.5319893  0.5639607  0.5837316  0.5834448  0.5683995  0.5414125  0.5256841  0.5233241  0.5406041  0.5612612  0.5703057  0.5772334  0.5888621  0.5928999  0.5829101  0.5619295  0.5405911  0.5353094
 3  0.7520664  0.7098105  0.6781187  0.6622332  0.6535592  0.6631158  0.6786283  0.6865907  0.6904348  0.7023589  0.7135494  0.7293868  0.7279126  0.7268288  0.7216215  0.7207121  0.7219269  0.7190466  0.7219238  0.7184051  0.7160540  0.7217523  0.7270167  0.7236611  0.7230080  0.7257422  0.7351723
 4  0.4552733  0.4179815  0.3858202  0.3652329  0.3881798  0.4228887  0.4212245  0.3947148  0.4203398  0.4564390  0.4935971  0.5061266  0.4852543  0.4480127  0.4139724  0.4112772  0.4254809  0.4595530  0.4852662  0.4876909  0.4988272  0.5167245  0.5103984  0.4770945  0.4308029  0.4132194  0.4297610
 1  0.7295185  0.6835518  0.6549773  0.6465227  0.6221026  0.5868698  0.5508256  0.6557836  0.6376902  0.6146265  0.6286098  0.6489836  0.6222482  0.5923639  0.6397949  0.6845385  0.6737858  0.6660428  0.6636936  0.6667893  0.6669346  0.6656107  0.6700260  0.6756956  0.6661509  0.6499739  0.6360409
 2  0.5718653  0.5230020  0.4979370  0.4984022  0.5040571  0.4930787  0.5116037  0.5799529  0.5591145  0.5340198  0.5440421  0.5589724  0.5365409  0.5278580  0.5801158  0.5998855  0.5842034  0.5525308  0.5232992  0.5134134  0.5139415  0.5265171  0.5456468  0.5580234  0.5498276  0.5258916  0.5218968
 3  0.7524887  0.7094268  0.6786062  0.6654907  0.6393633  0.6070949  0.5600843  0.6796613  0.6643416  0.6348494  0.6461193  0.6693132  0.6425997  0.6099877  0.6554373  0.7084439  0.6978365  0.6859887  0.6808333  0.6833022  0.6832991  0.6823694  0.6873309  0.6943458  0.6860020  0.6693325  0.6524884
 4  0.4555759  0.4158283  0.3878142  0.4096473  0.4436978  0.4230628  0.4795523  0.5329672  0.4786823  0.4561320  0.4874030  0.4908311  0.4704686  0.4795527  0.5320031  0.5381713  0.4869894  0.4319452  0.4181744  0.4210107  0.4285516  0.4484970  0.4742820  0.4831287  0.4625548  0.4268364  0.4541951
 1  0.7274045  0.6818744  0.6525073  0.6403620  0.6407278  0.6485879  0.6708867  0.6814185  0.6873267  0.6911080  0.6950750  0.6971477  0.6998478  0.7050322  0.7028988  0.7164839  0.7135931  0.7224944  0.7265488  0.7191432  0.7039578  0.6957681  0.6709660  0.6504674  0.6294023  0.6204868  0.6078852
 2  0.5715916  0.5239169  0.4971298  0.4769782  0.4571561  0.4604414  0.5000194  0.5322715  0.5449134  0.5456272  0.5396229  0.5276733  0.5385985  0.5574372  0.5856872  0.6034984  0.6104214  0.6195524  0.6217465  0.6132299  0.5749504  0.5203342  0.4450716  0.4228618  0.4849238  0.5601910  0.5478526
 3  0.7509238  0.7080620  0.6763012  0.6602813  0.6578332  0.6627856  0.6849555  0.6981215  0.7046887  0.7082725  0.7119793  0.7133013  0.7149833  0.7229595  0.7206465  0.7377043  0.7349973  0.7429402  0.7498556  0.7417765  0.7236219  0.7119401  0.6849168  0.6637220  0.6427735  0.6374491  0.6298923
 4  0.4571408  0.4171220  0.3856788  0.3584501  0.3278492  0.3685267  0.4336501  0.4557121  0.4513822  0.4451157  0.4310589  0.4126656  0.4570001  0.4810651  0.5175746  0.5354497  0.5302428  0.5470313  0.5491902  0.5134336  0.4306970  0.3420006  0.2948725  0.3327666  0.4451362  0.5196489  0.4962679
 1  0.7295224  0.6865967  0.6593360  0.6500044  0.6217412  0.5979997  0.6217966  0.6332516  0.6417134  0.6518899  0.6778525  0.6974601  0.7088905  0.7098026  0.7085197  0.7072299  0.7166215  0.7129582  0.6962623  0.6858944  0.6803879  0.6903941  0.7127858  0.6926836  0.6814924  0.6827014  0.6939809
 2  0.5724896  0.5259165  0.4995884  0.4901853  0.4791526  0.4847839  0.5061320  0.5078086  0.5006619  0.5082786  0.5459836  0.5798660  0.5947618  0.5912427  0.5699450  0.5567494  0.5724076  0.5790727  0.5620545  0.5418564  0.5273127  0.5747408  0.6046542  0.5921635  0.5552543  0.5107148  0.4927013
 3  0.7526309  0.7122956  0.6826889  0.6691182  0.6387419  0.6150110  0.6389196  0.6512299  0.6587123  0.6675580  0.6938802  0.7154593  0.7291474  0.7297603  0.7267383  0.7229758  0.7339199  0.7327175  0.7155869  0.7034855  0.6978313  0.7047236  0.7353503  0.7168356  0.7011104  0.6982672  0.7080404
 4  0.4564538  0.4168345  0.3852028  0.3866030  0.4036044  0.4209185  0.4304747  0.4150034  0.3996477  0.4306958  0.4812421  0.5142757  0.5160411  0.4896858  0.4433590  0.4607288  0.5010929  0.4928901  0.4525326  0.4366256  0.4262075  0.5194380  0.5467322  0.4905101  0.4009591  0.3643761  0.3782581
 1  0.7309671  0.6881320  0.6613668  0.6516772  0.6430695  0.6356435  0.6187456  0.6033060  0.6439668  0.5964249  0.6244510  0.6291429  0.6846438  0.6946216  0.6982034  0.7047522  0.7121354  0.7176232  0.7174463  0.7152650  0.7118400  0.7066306  0.7048274  0.6930531  0.6847755  0.6910359  0.6891852
 2  0.5684563  0.5234431  0.4999410  0.4860661  0.4682884  0.4485744  0.4389474  0.5223794  0.5724215  0.5441995  0.5553664  0.5729850  0.5999151  0.6024282  0.5844618  0.5626116  0.5466160  0.5334906  0.5304221  0.5314860  0.5344772  0.5466503  0.5589233  0.5482629  0.5390212  0.5485919  0.5529437
 3  0.7533426  0.7135582  0.6846393  0.6710831  0.6601634  0.6516424  0.6331648  0.6140727  0.6666177  0.6158694  0.6453595  0.6474473  0.7067806  0.7168917  0.7176036  0.7218952  0.7282322  0.7325539  0.7322763  0.7304274  0.7275189  0.7226801  0.7227653  0.7120068  0.7011886  0.7081789  0.7078848
 4  0.4519946  0.4152868  0.3865719  0.3714520  0.3560327  0.3306967  0.3567476  0.4929117  0.5216257  0.4962913  0.5071002  0.5193455  0.5354941  0.5107701  0.4691460  0.4459703  0.4269954  0.4155503  0.4175429  0.4263162  0.4327857  0.4631974  0.4757684  0.4376026  0.4428083  0.4725762  0.4612255
 1  0.7317671  0.6900678  0.6639143  0.6539583  0.6374903  0.6327944  0.6469963  0.6571305  0.6735402  0.6874635  0.6981035  0.7145956  0.7136375  0.7105851  0.7126435  0.7215501  0.7329283  0.7314909  0.7259502  0.7227997  0.7217817  0.7194111  0.7224458  0.7239537  0.7294683  0.7301378  0.7252370
 2  0.5734793  0.5252307  0.5001542  0.4874460  0.4771932  0.4874955  0.5066544  0.5173190  0.5300587  0.5361798  0.5608654  0.5880636  0.5936259  0.5783576  0.5461981  0.5252433  0.5348272  0.5547060  0.5628943  0.5659808  0.5681150  0.5689283  0.5699724  0.5693564  0.5773590  0.5911646  0.5937936
 3  0.7541083  0.7150693  0.6868729  0.6732165  0.6543774  0.6490241  0.6635223  0.6739718  0.6899791  0.7041082  0.7136541  0.7333833  0.7344286  0.7294906  0.7286588  0.7350103  0.7469991  0.7478510  0.7428819  0.7397333  0.7393299  0.7369773  0.7400603  0.7406099  0.7460849  0.7484840  0.7452086
 4  0.4539986  0.4140657  0.3865092  0.3761152  0.3882250  0.4125517  0.4253803  0.4292459  0.4401731  0.4384941  0.4888274  0.5213384  0.5034933  0.4492298  0.3852376  0.3980957  0.4481017  0.4632540  0.4591951  0.4675769  0.4724265  0.4746371  0.4655872  0.4641032  0.4906683  0.5134705  0.5041215
 1  0.7288535  0.6820883  0.6527710  0.6426404  0.6398779  0.6509919  0.6709405  0.6738122  0.6788310  0.6902577  0.7064536  0.7121665  0.7122628  0.7115355  0.7077001  0.7060003  0.7108115  0.7187876  0.7211819  0.7168634  0.7194354  0.7145928  0.7152345  0.7204124  0.6934464  0.6536617  0.5644150
 2  0.5713388  0.5228276  0.4974727  0.4929471  0.5109719  0.5439376  0.5602970  0.5490700  0.5211702  0.5046614  0.5191952  0.5390967  0.5591200  0.5684175  0.5621251  0.5423059  0.5324594  0.5584678  0.5905866  0.6102011  0.6151427  0.6065306  0.5897213  0.5733812  0.5327076  0.4814514  0.4379111
 3  0.7520863  0.7082459  0.6765931  0.6619252  0.6563836  0.6683330  0.6904509  0.6931749  0.6955263  0.7044241  0.7209607  0.7281493  0.7290373  0.7299565  0.7264022  0.7227245  0.7259596  0.7346045  0.7407283  0.7383242  0.7423707  0.7360550  0.7337180  0.7378604  0.7112503  0.6706139  0.5798028
 4  0.4561338  0.4167630  0.3878225  0.3992794  0.4471037  0.4846998  0.4800566  0.4323930  0.3761733  0.3915772  0.4325831  0.4510372  0.4738826  0.4812483  0.4503751  0.4098164  0.4207162  0.4879030  0.5267009  0.5420139  0.5372585  0.5037698  0.4787756  0.4623079  0.4127824  0.3674601  0.3795834
 1  0.7275399  0.6835103  0.6565081  0.6469847  0.6195164  0.6063565  0.5991465  0.5856676  0.6409452  0.6429262  0.6695012  0.6838729  0.6889316  0.6961986  0.7074448  0.7129390  0.7098618  0.7100610  0.7034772  0.6977058  0.6941653  0.6937371  0.6779788  0.6542926  0.6613923  0.6829708  0.6974358
 2  0.5739787  0.5258796  0.4988380  0.4807381  0.4558232  0.4645196  0.4854399  0.5262542  0.5729007  0.5704533  0.5830453  0.5781669  0.5545313  0.5332100  0.5422810  0.5602268  0.5672947  0.5723215  0.5829700  0.5884304  0.5841963  0.5718712  0.5455328  0.5165345  0.5229973  0.5538016  0.5748103
 3  0.7511398  0.7093131  0.6798313  0.6665283  0.6364596  0.6219248  0.6156461  0.5981413  0.6603778  0.6658439  0.6912510  0.7040011  0.7070122  0.7117894  0.7225093  0.7303653  0.7280492  0.7274559  0.7219132  0.7192809  0.7155851  0.7124723  0.6964318  0.6734608  0.6773938  0.6995606  0.7162946
 4  0.4592037  0.4164436  0.3852565  0.3624197  0.3635534  0.3980246  0.4242108  0.4881327  0.5250299  0.5080595  0.5015615  0.4750729  0.4289880  0.4162127  0.4605962  0.4807905  0.4720275  0.4826266  0.5150724  0.5178866  0.4883669  0.4679227  0.4536360  0.4141790  0.4402938  0.4886245  0.4976244
 1  0.7283414  0.6853327  0.6549119  0.6413713  0.6407586  0.6487695  0.6571868  0.6689442  0.6900038  0.6959212  0.7081112  0.7060914  0.7038816  0.7104202  0.7138845  0.7145170  0.7152951  0.7135415  0.7118759  0.7105367  0.7015619  0.6976256  0.6822745  0.6542374  0.6580750  0.6839968  0.6950558
 2  0.5707404  0.5255412  0.4966897  0.4734058  0.4545565  0.4444553  0.4465453  0.4917073  0.5513955  0.5909950  0.6054120  0.6010816  0.5754575  0.5468262  0.5287799  0.5326738  0.5684306  0.5916072  0.5979464  0.5884827  0.5608204  0.5432937  0.5402520  0.5417598  0.5715094  0.5971833  0.6052800
 3  0.7516474  0.7112628  0.6785741  0.6612397  0.6575476  0.6635064  0.6712391  0.6828344  0.7068946  0.7152867  0.7307224  0.7281353  0.7225327  0.7261424  0.7289622  0.7299079  0.7321184  0.7340105  0.7331085  0.7301801  0.7195463  0.7141732  0.6996866  0.6741278  0.6758183  0.7049189  0.7181870
 4  0.4561331  0.4174347  0.3828447  0.3497184  0.3298972  0.3251740  0.3398832  0.4280201  0.4936187  0.5302284  0.5350259  0.4987011  0.4399353  0.4138128  0.4162085  0.4438311  0.5010090  0.5233372  0.5111967  0.4792649  0.4432227  0.4427736  0.4671019  0.4756620  0.5138161  0.5393401  0.5324807
 1  0.7279220  0.6800036  0.6490960  0.6342009  0.5842654  0.5265317  0.6346680  0.6400697  0.6248701  0.6055985  0.5868324  0.6007046  0.6047531  0.6062651  0.6309134  0.6665799  0.6890557  0.7066704  0.7005472  0.6996410  0.6917863  0.6877492  0.6895970  0.6837298  0.6847735  0.6919567  0.7011702
 2  0.5722626  0.5225433  0.4957514  0.4746135  0.4339900  0.4676058  0.5775841  0.5647174  0.5456076  0.5068814  0.4803133  0.5060783  0.5270010  0.5403411  0.5749373  0.5909497  0.6110394  0.6122321  0.5919930  0.5588238  0.5253806  0.5331914  0.5480012  0.5480081  0.5425634  0.5420223  0.5499811
 3  0.7514597  0.7064343  0.6731557  0.6544228  0.6015986  0.5347340  0.6519579  0.6654112  0.6500351  0.6271279  0.6031922  0.6157480  0.6231185  0.6229848  0.6473556  0.6896457  0.7113645  0.7294134  0.7219287  0.7171043  0.7071882  0.7041797  0.7075775  0.7025782  0.7024202  0.7083649  0.7179180
 4  0.4572140  0.4171446  0.3870249  0.3588728  0.3479700  0.4454355  0.5340089  0.5112801  0.4627891  0.3990414  0.4063562  0.4570769  0.4701158  0.4924724  0.5279811  0.5363582  0.5409587  0.5300975  0.4751808  0.4178469  0.4231461  0.4591398  0.4686037  0.4514534  0.4369855  0.4482470  0.4615555
 1  0.7299583  0.6872195  0.6534777  0.6370614  0.6092863  0.6026688  0.5950606  0.5882739  0.5803728  0.6625334  0.6785882  0.6885449  0.7043511  0.7094824  0.7117476  0.7149205  0.7157880  0.7127689  0.7123294  0.7181308  0.7242553  0.7275925  0.7317631  0.7244026  0.7181149  0.7175151  0.7231568
 2  0.5711477  0.5252501  0.4946529  0.4752241  0.4559576  0.4630370  0.4804469  0.4976469  0.5442330  0.5886371  0.6011269  0.5959395  0.5845589  0.5723310  0.5562261  0.5568387  0.5575971  0.5442719  0.5267798  0.5157307  0.5153061  0.5405907  0.5701376  0.5777026  0.5651598  0.5712807  0.5874797
 3  0.7529014  0.7130312  0.6772785  0.6568487  0.6262213  0.6186156  0.6104374  0.6047728  0.5899610  0.6851086  0.7033254  0.7084967  0.7230890  0.7277257  0.7281580  0.7311627  0.7329156  0.7295428  0.7273931  0.7319821  0.7384138  0.7416981  0.7489299  0.7429570  0.7356670  0.7336223  0.7424588
 4  0.4546550  0.4171442  0.3820291  0.3642341  0.3707338  0.3894834  0.4205588  0.4420638  0.5065773  0.5418211  0.5180045  0.4949613  0.4883584  0.4633766  0.4470557  0.4614380  0.4576463  0.4179309  0.3835122  0.3917542  0.3969626  0.4576281  0.4917348  0.4779515  0.4463901  0.4889882  0.5154329
 1  0.7300844  0.6846392  0.6209585  0.5643515  0.5479990  0.5441871  0.5865756  0.5971897  0.6747646  0.6726038  0.6743933  0.6868340  0.6973184  0.6969083  0.6959603  0.6942766  0.6988920  0.7134534  0.7135963  0.7069382  0.6936718  0.6638638  0.7042380  0.6946390  0.6863628  0.6894480  0.7041514
 2  0.5711411  0.5235489  0.4726893  0.4317077  0.4281348  0.4624252  0.5132335  0.5593893  0.5953053  0.5912484  0.5783150  0.5772035  0.5829190  0.5821094  0.5749433  0.5541198  0.5455910  0.5642687  0.5758127  0.5697373  0.5440180  0.5664782  0.6022251  0.5976462  0.5642631  0.5183280  0.4976847
 3  0.7530262  0.7106776  0.6460775  0.5854451  0.5654405  0.5573205  0.6035440  0.6077372  0.6984714  0.6970983  0.6951463  0.7054133  0.7166908  0.7171684  0.7158331  0.7128024  0.7144754  0.7298077  0.7327444  0.7256289  0.7114824  0.6773274  0.7267210  0.7184317  0.7061259  0.7052344  0.7176002
 4  0.4548105  0.4170595  0.3741505  0.3456346  0.3577157  0.4235983  0.4654309  0.5202861  0.5411675  0.5089905  0.4838033  0.4956794  0.5082644  0.5003255  0.4760379  0.4295535  0.4456973  0.4925066  0.4920486  0.4615815  0.4291008  0.5174866  0.5462376  0.5001600  0.4137531  0.3550201  0.3775279
 1  0.7297766  0.6848057  0.6617144  0.6570427  0.6648608  0.6652922  0.6741956  0.6856420  0.6846039  0.6835525  0.6890565  0.6885872  0.6751349  0.6589288  0.6542956  0.5798283  0.6556846  0.7036565  0.7161069  0.7141750  0.7170367  0.7182563  0.7081743  0.6975509  0.7002180  0.7097790  0.7016944
 2  0.5731114  0.5244942  0.5022751  0.5054164  0.5186010  0.5232473  0.5304434  0.5392618  0.5383628  0.5381625  0.5456941  0.5383958  0.5089193  0.4904046  0.5037559  0.5002910  0.5888151  0.6209938  0.6279645  0.6225411  0.6056015  0.5848065  0.5487464  0.5176061  0.5395176  0.5714268  0.5758412
 3  0.7529155  0.7106406  0.6849756  0.6755876  0.6822407  0.6830140  0.6903819  0.7024465  0.7019620  0.7003817  0.7065462  0.7064638  0.6923039  0.6748982  0.6718238  0.5975982  0.6705573  0.7269465  0.7417055  0.7369359  0.7374054  0.7367145  0.7251122  0.7134151  0.7147095  0.7282567  0.7221454
 4  0.4566960  0.4162671  0.3882162  0.4151408  0.4379675  0.4302923  0.4396892  0.4500410  0.4433463  0.4500487  0.4562506  0.4298529  0.3852129  0.3985417  0.4297750  0.4572757  0.5416899  0.5627815  0.5565333  0.5286679  0.5001468  0.4662167  0.4223989  0.3953517  0.4689249  0.5065851  0.4807439
 1  0.7280549  0.6809974  0.6605863  0.6560453  0.6460634  0.6468581  0.6688623  0.6849719  0.6953408  0.7135997  0.7109869  0.7123869  0.7077863  0.7026565  0.6999116  0.6999789  0.7040874  0.6905557  0.6905799  0.6930475  0.6926426  0.6845276  0.6961709  0.6996654  0.6929937  0.6921277  0.6840541
 2  0.5742871  0.5233197  0.5035290  0.4923815  0.4801215  0.4948032  0.5324760  0.5520071  0.5746204  0.5888440  0.5859825  0.5682610  0.5351197  0.4993768  0.4857943  0.5451581  0.5770381  0.5741226  0.5636710  0.5595477  0.5548386  0.5539803  0.5674533  0.5669301  0.5492238  0.5330369  0.5257474
 3  0.7515398  0.7070218  0.6838295  0.6753104  0.6628226  0.6622884  0.6845404  0.7029241  0.7120080  0.7329200  0.7308347  0.7297488  0.7238304  0.7173132  0.7128304  0.7147683  0.7240021  0.7109881  0.7091444  0.7108003  0.7109349  0.7024829  0.7143042  0.7187440  0.7107880  0.7085128  0.7008780
 4  0.4584217  0.4157221  0.3907308  0.3775348  0.3826699  0.4217038  0.4661180  0.4674552  0.4985171  0.5129321  0.4822625  0.4400389  0.3948715  0.3448749  0.3887679  0.4927154  0.5083008  0.4784778  0.4629036  0.4702467  0.4662178  0.4709478  0.4873394  0.4690115  0.4337865  0.4261346  0.4338333
 1  0.7296925  0.6821534  0.6534870  0.6459258  0.6461227  0.6398302  0.6487302  0.6691985  0.6743192  0.6672288  0.6564040  0.6425007  0.6317428  0.6327631  0.6368877  0.6348811  0.6413574  0.6296055  0.6158497  0.6308979  0.6045743  0.6001174  0.6586338  0.6874926  0.6936102  0.7073717  0.7094331
 2  0.5699182  0.5222040  0.4990500  0.4979531  0.5030717  0.4962403  0.4986892  0.5244631  0.5440148  0.5420466  0.5265093  0.5059986  0.5154954  0.5481030  0.5570613  0.5565763  0.5542416  0.5385148  0.5360588  0.5501487  0.5281913  0.5436300  0.5875721  0.6043741  0.6028267  0.6016215  0.5920069
 3  0.7528275  0.7087934  0.6776657  0.6650925  0.6636029  0.6579519  0.6642917  0.6843603  0.6921843  0.6864189  0.6752465  0.6601880  0.6474790  0.6508443  0.6581275  0.6547579  0.6623011  0.6504975  0.6321620  0.6512843  0.6267247  0.6133435  0.6784184  0.7107086  0.7146448  0.7275295  0.7301463
 4  0.4541773  0.4185686  0.3886219  0.4049724  0.4214685  0.3958420  0.4039743  0.4532096  0.4719067  0.4546165  0.4260093  0.4121694  0.4573989  0.4982510  0.4935371  0.4929649  0.4851989  0.4577068  0.4811573  0.4942969  0.4565983  0.5005823  0.5367167  0.5319103  0.5173828  0.5190788  0.4966542
 1  0.7310651  0.6893614  0.6462281  0.6190216  0.5801397  0.5893333  0.6244743  0.6425747  0.6725164  0.7001843  0.6957543  0.6768587  0.6742606  0.6846752  0.6847646  0.6823136  0.6851077  0.6819389  0.6872616  0.6843108  0.6908902  0.6976120  0.7045569  0.7057872  0.7140515  0.7064285  0.7053605
 2  0.5714015  0.5249206  0.4872578  0.4602357  0.4427880  0.4990161  0.5412223  0.5559786  0.5784121  0.5997160  0.5926924  0.5623104  0.5339535  0.5172873  0.5043208  0.5002615  0.5170874  0.5330258  0.5443990  0.5444143  0.5437111  0.5516423  0.5626078  0.5834912  0.5971654  0.5914292  0.5786391
 3  0.7535218  0.7145680  0.6700668  0.6394063  0.5967481  0.6018224  0.6432382  0.6625069  0.6898712  0.7201930  0.7184828  0.6986291  0.6917642  0.7004466  0.7008174  0.6975605  0.7010871  0.6991320  0.7053690  0.7026041  0.7082037  0.7145174  0.7226595  0.7238338  0.7351576  0.7277689  0.7236763
 4  0.4534606  0.4148438  0.3791251  0.3523931  0.3722262  0.4614699  0.4861541  0.4782233  0.5103732  0.5336375  0.5123683  0.4431006  0.4080176  0.4095932  0.3941756  0.4004154  0.4299744  0.4543375  0.4579586  0.4468963  0.4447522  0.4661815  0.4796645  0.5132586  0.5249596  0.4918354  0.4725680
 1  0.7294815  0.6844707  0.6486475  0.6303604  0.5909331  0.5531887  0.5552953  0.6503216  0.6180864  0.6546725  0.6705104  0.6817502  0.6829956  0.6850521  0.6974209  0.6935896  0.6832127  0.6762543  0.6882776  0.6935437  0.6945321  0.7054665  0.7022525  0.6938314  0.6893733  0.6830198  0.6511305
 2  0.5725402  0.5238844  0.4928570  0.4709006  0.4415758  0.4511517  0.5299258  0.5772429  0.5511444  0.5727808  0.5721995  0.5604517  0.5338659  0.5321681  0.5550080  0.5668065  0.5638332  0.5645498  0.5731322  0.5667377  0.5572787  0.5664660  0.5788978  0.5809176  0.5743560  0.5548212  0.5070644
 3  0.7525449  0.7104590  0.6727040  0.6506274  0.6081470  0.5669650  0.5624203  0.6739830  0.6418649  0.6763586  0.6910012  0.7003000  0.7002350  0.7005059  0.7147335  0.7129207  0.7024610  0.6956917  0.7078483  0.7127747  0.7115871  0.7221807  0.7215734  0.7145000  0.7100680  0.7024905  0.6692653
 4  0.4554746  0.4167696  0.3842618  0.3587050  0.3571580  0.4055651  0.5002009  0.5292561  0.4926220  0.4974406  0.4795563  0.4518625  0.4156709  0.4482366  0.4856976  0.4858450  0.4828010  0.4895486  0.4904359  0.4621530  0.4551374  0.4898221  0.5082857  0.5035859  0.4821793  0.4431278  0.3992915
