FL 2019 2020 2021 2022 2023 2024 2025 2026 2027 2028 2029 2030 2031 2032 2033 2034 2035 2036 2037 2038 2039 2040 2041 2042 2043 2044 2045
 1  0.1254765  0.0537101  0.0360052  0.0523895  0.0376023  0.0976275  0.0744683  0.1371681  0.1567347  0.1854107  0.2356630  0.1432178  0.1499601  0.1714101  0.2034624  0.2750376  0.2954107  0.1785020  0.2105348  0.0609136  0.0414994  0.0567673  0.0493057  0.1258186  0.1076801  0.1922868  0.2165414
 2  0.0238751  0.0086047  0.0057332  0.0091491  0.0047788  0.0147806  0.0134804  0.0290355  0.0383410  0.0496363  0.0621654  0.0322882  0.0325909  0.0387015  0.0457689  0.0564638  0.0583988  0.0369067  0.0413474  0.0099531  0.0067854  0.0099255  0.0096332  0.0234638  0.0206544  0.0396501  0.0481907
 3  0.1162273  0.0245606  0.0191906  0.0289721  0.0237778  0.0200678  0.0240644  0.0319109  0.0310555  0.0339103  0.0291236  0.0300123  0.0240431  0.0335803  0.0262873  0.0275913  0.0223202  0.0862990  0.0725100  0.0296983  0.0240084  0.0644102  0.0643478  0.0436615  0.0313898  0.0277972  0.0279553
 4  0.0444602  0.0526613  0.0384235  0.0777247  0.0503268  0.0446615  0.0338603  0.0380085  0.0356003  0.0425678  0.0403508  0.0445032  0.0334248  0.0411114  0.0410115  0.0427990  0.0347330  0.0429202  0.0429266  0.0512388  0.0399518  0.0493775  0.0484858  0.0571107  0.0378474  0.0402549  0.0367793
 1  0.1220670  0.0539047  0.0363887  0.0799953  0.0701157  0.1022328  0.0823540  0.1145868  0.1150889  0.1246483  0.1197852  0.0654100  0.0719270  0.0786992  0.0723829  0.0513597  0.0526520  0.0621118  0.0506534  0.2481686  0.3115714  0.2767690  0.3300309  0.2274289  0.3241113  0.1258360  0.0967747
 2  0.0232303  0.0087191  0.0058437  0.0138587  0.0130959  0.0182081  0.0150538  0.0226821  0.0224621  0.0245825  0.0252266  0.0139433  0.0152148  0.0158859  0.0146376  0.0110027  0.0090240  0.0106335  0.0097060  0.0530358  0.0711848  0.0610921  0.0719177  0.0490727  0.0645945  0.0207113  0.0161407
 3  0.1130934  0.0235158  0.0206125  0.0781479  0.0723999  0.0273008  0.0238237  0.0641481  0.0667786  0.0225364  0.0265067  0.2337340  0.2572383  0.0262288  0.0308555  0.1663734  0.1627793  0.0234605  0.0268962  0.0312745  0.0279581  0.0264619  0.0286885  0.2068629  0.2198280  0.0218349  0.0206985
 4  0.0433681  0.0448826  0.0391744  0.0355337  0.0384880  0.0421317  0.0408944  0.0455197  0.0475700  0.0380827  0.0370499  0.0176197  0.0157021  0.0413060  0.0385307  0.0521690  0.0521344  0.0406326  0.0367522  0.0373305  0.0381588  0.0386120  0.0360911  0.0279939  0.0362616  0.0424195  0.0380918
 1  0.1187765  0.0769133  0.0528929  0.0707056  0.0496677  0.2104527  0.2322522  0.1682919  0.1637176  0.1290540  0.1360921  0.1930568  0.2167447  0.0889847  0.0810411  0.1480113  0.1611608  0.1652927  0.1552890  0.1237772  0.1293141  0.2450283  0.2914033  0.1388327  0.1024795  0.1092952  0.0984625
 2  0.0226444  0.0125015  0.0084752  0.0109884  0.0084655  0.0407759  0.0471370  0.0334235  0.0327081  0.0268912  0.0298765  0.0413576  0.0410853  0.0166643  0.0149721  0.0289810  0.0304952  0.0307820  0.0289384  0.0239283  0.0267718  0.0529461  0.0603191  0.0231938  0.0161174  0.0188961  0.0195301
 3  0.1100329  0.0231041  0.0230815  0.0226289  0.0235556  0.0266607  0.0229068  0.0273499  0.0243010  0.0291742  0.0251178  0.1446879  0.1632496  0.0245759  0.0251667  0.1687405  0.1668033  0.0239414  0.0259603  0.1254293  0.1133330  0.0276078  0.0277698  0.0801398  0.0722640  0.0220907  0.0251868
 4  0.0423910  0.0442932  0.0483933  0.0405973  0.0364684  0.0365215  0.0393021  0.0413364  0.0358096  0.0357331  0.0397639  0.0397810  0.0376411  0.0380122  0.0385210  0.0332152  0.0338478  0.0383976  0.0361794  0.0342197  0.0347577  0.0358377  0.0471382  0.0477622  0.0444005  0.0360566  0.0326099
 1  0.1193897  0.0246958  0.0163219  0.0838207  0.0692133  0.0889381  0.0882914  0.0648874  0.0570210  0.0442226  0.0355408  0.0513854  0.0477911  0.0590773  0.0609392  0.0778985  0.0849364  0.1436404  0.1634752  0.1354413  0.1377334  0.1627384  0.1614252  0.1726456  0.2056504  0.1691958  0.2170256
 2  0.0226910  0.0039735  0.0026330  0.0143549  0.0126228  0.0177817  0.0179396  0.0133170  0.0103067  0.0078247  0.0069778  0.0103326  0.0101762  0.0135238  0.0147916  0.0196128  0.0204894  0.0345521  0.0374904  0.0300262  0.0266828  0.0312931  0.0334511  0.0389673  0.0493374  0.0399558  0.0479712
 3  0.1105887  0.0228136  0.0204964  0.0224920  0.0231429  0.0571404  0.0640974  0.0251566  0.0252753  0.0247543  0.0246811  0.0861979  0.0793113  0.0290448  0.0298718  0.0303433  0.0280320  0.0288620  0.0284418  0.0312544  0.0273534  0.0269966  0.0239687  0.0265713  0.0294493  0.1794307  0.1885175
 4  0.0420011  0.0470002  0.0427818  0.0408442  0.0391650  0.0440743  0.0459692  0.0424016  0.0472607  0.0404389  0.0399501  0.0382543  0.0342928  0.0391757  0.0374062  0.0416618  0.0397736  0.0390625  0.0391629  0.0467607  0.0422759  0.0390674  0.0349141  0.0349517  0.0374386  0.0355855  0.0382402
 1  0.1189860  0.0474579  0.0320316  0.0553178  0.0410432  0.1372185  0.1223745  0.2782705  0.3173540  0.3636590  0.4596378  0.2088328  0.2559110  0.0919942  0.0629145  0.1646608  0.1821184  0.2305819  0.2646110  0.1024487  0.0921944  0.2174356  0.2495052  0.3115361  0.4884770  0.1428069  0.0941911
 2  0.0231473  0.0077530  0.0051697  0.0092573  0.0065450  0.0241705  0.0222819  0.0546752  0.0603459  0.0696118  0.0938810  0.0421553  0.0357112  0.0126860  0.0099640  0.0303057  0.0374145  0.0513075  0.0474872  0.0174395  0.0171879  0.0437910  0.0534952  0.0700606  0.1024418  0.0214428  0.0136612
 3  0.1099257  0.0205328  0.0165413  0.0215918  0.0214680  0.0233088  0.0247682  0.0280335  0.0244196  0.0260717  0.0295431  0.2964767  0.5081286  0.0138819  0.0203235  0.1305230  0.1216315  0.0274668  0.0280721  0.1459204  0.1429164  0.0276698  0.0231824  0.1670199  0.1734818  0.0215766  0.0227634
 4  0.0434759  0.0465630  0.0407857  0.0447877  0.0421935  0.0425428  0.0386706  0.0443061  0.0405139  0.0380903  0.0343920  0.0375819  0.0399856  0.0406363  0.0377373  0.0267381  0.0272547  0.0463219  0.0451729  0.0357720  0.0343787  0.0359444  0.0350729  0.0289378  0.0375549  0.0470875  0.0430159
 1  0.1162521  0.0849438  0.0590701  0.1077064  0.0894136  0.1672832  0.1752976  0.1484620  0.1226829  0.1211018  0.1143675  0.0767726  0.0954911  0.1491238  0.1439473  0.1381904  0.1596354  0.1350938  0.1389320  0.0684513  0.0633099  0.1085197  0.0835348  0.1826299  0.2054894  0.0766375  0.0672764
 2  0.0225599  0.0139384  0.0094709  0.0179219  0.0156957  0.0325085  0.0355629  0.0274968  0.0210114  0.0221719  0.0235491  0.0176062  0.0214734  0.0304378  0.0280742  0.0277882  0.0339266  0.0289366  0.0285436  0.0139442  0.0118945  0.0184107  0.0153107  0.0376080  0.0427453  0.0146744  0.0131191
 3  0.1074261  0.0234973  0.0247586  0.0696477  0.0689475  0.0246860  0.0267040  0.0307111  0.0228048  0.0225415  0.0290598  0.2294907  0.2578651  0.0239601  0.0276452  0.1635834  0.1676813  0.0297204  0.0246598  0.0454172  0.0489886  0.0215126  0.0234701  0.0379173  0.0395162  0.1031980  0.0982050
 4  0.0426515  0.0473736  0.0412338  0.0423983  0.0352857  0.0376330  0.0451370  0.0474197  0.0396190  0.0331062  0.0367723  0.0165656  0.0247014  0.0391253  0.0370446  0.0237729  0.0264702  0.0392142  0.0377329  0.0451998  0.0496432  0.0400949  0.0367810  0.0363188  0.0420018  0.0371221  0.0322096
 1  0.1297236  0.0889434  0.0592167  0.0458775  0.0335511  0.0638876  0.0715336  0.0959585  0.1018065  0.0973801  0.1152883  0.1038523  0.0759604  0.0531873  0.0459628  0.1811205  0.2059427  0.1521673  0.1759356  0.0669932  0.0463146  0.0622497  0.0564974  0.1254461  0.1342162  0.1019993  0.1265069
 2  0.0243926  0.0139661  0.0092707  0.0072625  0.0059446  0.0129682  0.0158626  0.0221954  0.0239888  0.0233677  0.0264355  0.0186978  0.0127345  0.0095054  0.0092187  0.0399096  0.0483116  0.0374008  0.0290818  0.0101379  0.0077347  0.0112307  0.0108575  0.0266359  0.0312545  0.0253339  0.0326494
 3  0.1204050  0.0184695  0.0194752  0.0260822  0.0250970  0.1708089  0.1685718  0.0278564  0.0279615  0.1179240  0.1164891  0.0226111  0.0177604  0.0249456  0.0304062  0.0269152  0.0295490  0.1238910  0.1434963  0.0189714  0.0235041  0.1169739  0.1135620  0.0272930  0.0272304  0.1164719  0.1237309
 4  0.0445032  0.0419160  0.0428934  0.0436188  0.0370045  0.0281044  0.0316494  0.0357877  0.0336024  0.0331131  0.0458520  0.0440539  0.0391783  0.0397953  0.0370889  0.0348969  0.0352341  0.0554171  0.0577839  0.0424299  0.0426322  0.0413568  0.0365173  0.0381991  0.0348973  0.0292240  0.0303667
 1  0.1244105  0.0149918  0.0097903  0.0187746  0.0158162  0.0615521  0.0604068  0.2071234  0.1772192  0.1117621  0.0954663  0.2054196  0.2395028  0.1767949  0.2112841  0.1382264  0.1524980  0.1482249  0.1063014  0.2795709  0.3139472  0.2705211  0.3495272  0.1419089  0.1486926  0.1036126  0.0760985
 2  0.0246932  0.0024389  0.0015722  0.0033287  0.0031243  0.0131642  0.0109237  0.0360349  0.0293515  0.0192017  0.0180009  0.0431688  0.0553188  0.0424273  0.0514346  0.0317200  0.0203898  0.0205485  0.0180380  0.0524442  0.0631827  0.0584581  0.0791606  0.0293680  0.0284097  0.0174048  0.0118486
 3  0.1146225  0.0246577  0.0175367  0.0225833  0.0256851  0.1128227  0.1208915  0.0210860  0.0233513  0.0248859  0.0261106  0.0263205  0.0298042  0.0274345  0.0299590  0.2794105  0.4243918  0.0132675  0.0230609  0.0247719  0.0250377  0.0277087  0.0304451  0.1278519  0.1467711  0.0251188  0.0229219
 4  0.0469218  0.0478423  0.0440362  0.0343696  0.0342352  0.0465801  0.0506322  0.0430819  0.0438455  0.0400184  0.0399501  0.0344953  0.0351966  0.0361623  0.0359685  0.0465829  0.0323843  0.0417622  0.0377152  0.0371115  0.0360631  0.0349363  0.0382381  0.0320751  0.0363847  0.0528559  0.0451735
 1  0.1237088  0.0832669  0.0565277  0.1570517  0.1422471  0.1599158  0.1479186  0.0493755  0.0351810  0.0840268  0.0705043  0.1237690  0.1366532  0.1262832  0.1471299  0.1092897  0.1321314  0.0909675  0.0922075  0.0787706  0.0734267  0.0650542  0.0653003  0.0802620  0.0385777  0.0656904  0.0585102
 2  0.0237626  0.0133677  0.0089454  0.0272184  0.0255500  0.0294134  0.0279270  0.0084934  0.0057435  0.0145236  0.0136653  0.0270578  0.0325509  0.0318359  0.0389900  0.0295853  0.0357571  0.0212796  0.0197724  0.0162119  0.0143041  0.0129814  0.0137098  0.0105542  0.0055798  0.0113356  0.0118843
 3  0.1145732  0.0234695  0.0189140  0.0218365  0.0254324  0.0267365  0.0201369  0.0300920  0.0229048  0.0259432  0.0253309  0.0302110  0.0277328  0.0301931  0.0303511  0.0289243  0.0332570  0.1109922  0.1218879  0.0261863  0.0273257  0.1491559  0.1615548  0.0253676  0.0182741  0.0222389  0.0249464
 4  0.0440699  0.0431267  0.0429400  0.0395477  0.0399837  0.0400585  0.0448858  0.0509881  0.0442203  0.0440522  0.0370660  0.0385531  0.0379010  0.0365708  0.0366678  0.0335130  0.0426550  0.0384943  0.0366312  0.0376210  0.0409019  0.0323902  0.0716249  0.0552720  0.0460907  0.0364757  0.0326664
 1  0.1300004  0.0895330  0.0602307  0.0622094  0.0390541  0.0690177  0.0746649  0.1149483  0.1233459  0.1085847  0.1164621  0.1062638  0.1039402  0.1027174  0.0868936  0.1013920  0.0788868  0.1376829  0.1417597  0.1457718  0.1850227  0.3016587  0.4022498  0.1566322  0.1687677  0.1084737  0.0874687
 2  0.0246276  0.0141504  0.0094109  0.0089084  0.0064961  0.0135366  0.0167971  0.0272997  0.0295678  0.0245511  0.0234290  0.0211027  0.0220965  0.0198659  0.0156005  0.0172118  0.0139389  0.0269653  0.0311720  0.0362255  0.0486192  0.0750317  0.0886583  0.0305433  0.0265742  0.0170958  0.0159200
 3  0.1205402  0.0278814  0.0212572  0.0198911  0.0191067  0.1174379  0.1181453  0.0316804  0.0266599  0.1278252  0.1413693  0.0235877  0.0258196  0.0788967  0.0758258  0.0271983  0.0219573  0.0257388  0.0293263  0.0621924  0.0639243  0.0300278  0.0259067  0.2538343  0.3098467  0.0165575  0.0188792
 4  0.0455741  0.0484439  0.0467047  0.0417621  0.0367908  0.0288072  0.0327356  0.0391763  0.0411691  0.0378765  0.0414439  0.0346591  0.0427625  0.0456578  0.0458846  0.0451819  0.0405093  0.0350505  0.0369506  0.0362877  0.0393053  0.0391368  0.0341991  0.0366278  0.0376912  0.0361904  0.0397792
 1  0.1180277  0.0358854  0.0241973  0.0434461  0.0342927  0.0788881  0.0794031  0.1221635  0.1196397  0.1209267  0.1276479  0.1294536  0.0986344  0.1613191  0.1514822  0.1360542  0.1361133  0.1529272  0.1600570  0.0989145  0.1052151  0.1641096  0.1858014  0.1503795  0.1769115  0.2393575  0.2712876
 2  0.0228373  0.0058748  0.0039311  0.0074369  0.0061212  0.0152706  0.0146634  0.0234191  0.0254718  0.0266506  0.0285108  0.0236287  0.0170287  0.0292163  0.0282907  0.0269865  0.0293837  0.0332916  0.0351099  0.0222351  0.0247187  0.0390496  0.0416540  0.0331347  0.0386108  0.0509492  0.0531626
 3  0.1090697  0.0242914  0.0185370  0.0219504  0.0221995  0.1749560  0.1649273  0.0253443  0.0300220  0.0531306  0.0558660  0.0270329  0.0214035  0.0262792  0.0246792  0.0243599  0.0269279  0.0314728  0.0263306  0.0287898  0.0279635  0.0262601  0.0284151  0.1199175  0.1261176  0.0298735  0.0321946
 4  0.0428520  0.0446298  0.0402420  0.0404119  0.0386601  0.0400586  0.0360654  0.0351765  0.0383700  0.0373008  0.0466419  0.0467598  0.0409679  0.0411777  0.0393897  0.0351844  0.0376293  0.0431119  0.0358230  0.0385375  0.0385864  0.0362686  0.0401927  0.0310214  0.0337275  0.0400447  0.0644316
 1  0.1305073  0.0626718  0.0411500  0.0790147  0.0593325  0.1289419  0.1412489  0.2000769  0.2338606  0.1734828  0.1743514  0.0871989  0.0593680  0.1035063  0.0933963  0.1616612  0.1879424  0.2048857  0.2324588  0.1280544  0.1155187  0.1208193  0.1148690  0.1680103  0.1290487  0.1659761  0.1603567
 2  0.0247657  0.0098862  0.0064636  0.0126368  0.0104269  0.0254795  0.0303096  0.0455918  0.0493903  0.0351414  0.0278348  0.0133197  0.0090947  0.0181609  0.0186300  0.0362084  0.0468907  0.0490459  0.0521073  0.0246443  0.0211601  0.0229274  0.0226267  0.0286144  0.0228361  0.0308210  0.0315198
 3  0.1209417  0.0224997  0.0195569  0.0230406  0.0226299  0.1021387  0.1010295  0.0251267  0.0240266  0.0961140  0.1017602  0.0217038  0.0210985  0.0211501  0.0266383  0.0297323  0.0282333  0.0330396  0.0282348  0.0898597  0.0922871  0.0259596  0.0308297  0.0262395  0.0214366  0.0268041  0.0249993
 4  0.0457994  0.0434692  0.0409635  0.0403752  0.0372778  0.0327461  0.0335740  0.0399371  0.0421858  0.0471236  0.0448835  0.0459598  0.0416979  0.0377919  0.0366638  0.0380566  0.0375954  0.0428298  0.0439839  0.0399215  0.0389826  0.0384325  0.0531322  0.0478385  0.0412579  0.0421090  0.0403668
 1  0.1355563  0.0713368  0.0469631  0.0469656  0.0381661  0.0569610  0.0467150  0.0428745  0.0437954  0.1115128  0.1492640  0.2106381  0.2339841  0.1931477  0.2520418  0.1254543  0.1056810  0.1377095  0.0933926  0.0799510  0.0726267  0.1103368  0.1287091  0.2696125  0.2953447  0.1724891  0.1067479
 2  0.0258173  0.0112511  0.0073160  0.0082699  0.0061362  0.0097578  0.0088709  0.0092086  0.0107135  0.0308863  0.0404240  0.0487600  0.0476548  0.0382680  0.0469180  0.0210717  0.0194864  0.0208253  0.0143477  0.0140424  0.0144604  0.0242221  0.0291581  0.0575727  0.0532893  0.0233075  0.0164664
 3  0.1255444  0.0244328  0.0216692  0.0235542  0.0211915  0.0490562  0.0529136  0.0282972  0.0299176  0.1335530  0.1359684  0.0241805  0.0304733  0.3039412  0.3215327  0.0241279  0.0225346  0.1500654  0.1438724  0.0213753  0.0273330  0.1615287  0.1726637  0.0260742  0.0255389  0.1373476  0.1031287
 4  0.0485933  0.0498175  0.0393034  0.0461372  0.0422582  0.0411087  0.0348578  0.0348203  0.0336488  0.0314778  0.0387629  0.0406935  0.0400420  0.0163026  0.0210870  0.0387247  0.0463677  0.0498560  0.0420395  0.0342576  0.0327408  0.0268336  0.0267535  0.0423592  0.0554165  0.0492799  0.0420832
 1  0.1307984  0.0943666  0.0632009  0.1504255  0.1329162  0.2084713  0.1729263  0.2866685  0.3088282  0.2323951  0.2337681  0.2224450  0.1924308  0.2031043  0.2329150  0.1629656  0.1502109  0.0671134  0.0567439  0.0844884  0.0711186  0.1691391  0.2055792  0.1748567  0.2180458  0.1374004  0.1486623
 2  0.0245606  0.0148181  0.0098359  0.0255108  0.0239982  0.0356756  0.0293809  0.0516759  0.0598448  0.0448285  0.0401338  0.0366633  0.0335758  0.0387812  0.0481912  0.0325194  0.0262533  0.0122733  0.0095494  0.0147736  0.0140620  0.0382492  0.0525594  0.0470311  0.0560311  0.0314815  0.0334074
 3  0.1213701  0.0266324  0.0152597  0.0243012  0.0217288  0.0231934  0.0217690  0.0247857  0.0257685  0.0449776  0.0439032  0.0311452  0.0301547  0.0935978  0.0922338  0.0280237  0.0223170  0.0254800  0.0230761  0.0229601  0.0261990  0.0283275  0.0286054  0.0323655  0.0242415  0.0278581  0.0281944
 4  0.0453260  0.0468056  0.0396246  0.0400311  0.0428992  0.0435622  0.0392397  0.0384586  0.0386720  0.0448351  0.0463982  0.0449202  0.0371043  0.0332970  0.0353948  0.0462702  0.0413354  0.0456193  0.0453872  0.0414641  0.0372000  0.0338593  0.0355380  0.0385361  0.0397909  0.0406158  0.0372305
 1  0.1425452  0.0873039  0.0566298  0.0791973  0.0552842  0.0776493  0.0731623  0.0940446  0.1075850  0.1511691  0.1981727  0.0527654  0.0284648  0.0971656  0.0990609  0.0877439  0.0997660  0.1513476  0.1932973  0.1982011  0.1857067  0.0975285  0.1041594  0.0622567  0.0558403  0.0774784  0.0675270
 2  0.0270896  0.0135786  0.0087096  0.0122962  0.0086727  0.0139069  0.0149429  0.0220215  0.0287009  0.0424808  0.0429173  0.0071630  0.0044328  0.0180444  0.0213252  0.0219737  0.0273783  0.0412984  0.0446519  0.0382170  0.0344408  0.0189249  0.0212031  0.0125552  0.0111020  0.0144447  0.0121848
 3  0.1320490  0.0227159  0.0242090  0.0242788  0.0200110  0.0804453  0.0853812  0.0295064  0.0264872  0.1357125  0.1879059  0.0171694  0.0177577  0.0487907  0.0524274  0.0269692  0.0292680  0.1037631  0.1079311  0.0259734  0.0248537  0.1711664  0.1682095  0.0253711  0.0288136  0.1336307  0.1384792
 4  0.0507192  0.0420483  0.0455776  0.0461966  0.0393500  0.0337286  0.0328075  0.0327934  0.0327918  0.0398023  0.0633879  0.0463043  0.0370020  0.0370130  0.0322886  0.0327476  0.0364230  0.0384066  0.0420029  0.0413367  0.0409396  0.0274400  0.0335090  0.0418761  0.0452266  0.0450174  0.0477013
 1  0.1323154  0.0742914  0.0488305  0.0472558  0.0394268  0.1547225  0.1382868  0.2132684  0.2079519  0.2025295  0.1832166  0.1534174  0.1524568  0.1619053  0.1920503  0.1445469  0.1140777  0.0752300  0.0563493  0.0967556  0.1061523  0.1883992  0.2514655  0.2326741  0.2530936  0.1698383  0.1519228
 2  0.0251284  0.0116816  0.0076221  0.0082291  0.0070920  0.0283993  0.0257798  0.0398445  0.0399099  0.0374242  0.0322951  0.0287742  0.0311510  0.0345607  0.0403484  0.0273874  0.0158421  0.0115031  0.0101465  0.0204710  0.0266190  0.0541178  0.0701569  0.0532060  0.0470238  0.0303160  0.0256393
 3  0.1226001  0.0230126  0.0214495  0.0224155  0.0240754  0.0238584  0.0259547  0.0254308  0.0267210  0.0232376  0.0235874  0.0242047  0.0254726  0.1601249  0.1766958  0.0256867  0.0219570  0.0196375  0.0246042  0.0295257  0.0299006  0.0298840  0.0284825  0.0288574  0.0257301  0.0237272  0.0265658
 4  0.0466048  0.0443038  0.0423256  0.0389409  0.0422082  0.0406935  0.0431046  0.0399761  0.0444805  0.0390296  0.0439822  0.0372865  0.0369782  0.0321719  0.0337363  0.0597456  0.0525830  0.0436332  0.0395089  0.0354086  0.0330301  0.0376161  0.0445413  0.0482019  0.0399820  0.0475644  0.0420277
 1  0.1289129  0.0908110  0.0613563  0.0551911  0.0410797  0.1127256  0.1018986  0.0857862  0.0971404  0.0822542  0.0745673  0.0688674  0.0764553  0.0805669  0.0488500  0.1161311  0.1232464  0.1809102  0.1974781  0.2006669  0.2197845  0.2876306  0.3834114  0.2042100  0.2534239  0.1161263  0.0893378
 2  0.0243850  0.0144228  0.0096380  0.0089938  0.0068956  0.0203963  0.0203732  0.0188322  0.0213331  0.0168427  0.0152819  0.0144614  0.0151920  0.0119329  0.0080364  0.0225248  0.0278538  0.0428795  0.0424358  0.0415380  0.0467951  0.0640770  0.0867229  0.0456940  0.0448448  0.0183165  0.0157770
 3  0.1195341  0.0203148  0.0175407  0.0217142  0.0219448  0.0252981  0.0262027  0.1449675  0.1557808  0.0243907  0.0226749  0.2251369  0.2285683  0.0215657  0.0200921  0.0240954  0.0325906  0.0314801  0.0256525  0.0246992  0.0252272  0.0276183  0.0260907  0.1406422  0.1506824  0.0187793  0.0225591
 4  0.0452728  0.0472369  0.0443897  0.0425359  0.0384032  0.0362101  0.0376228  0.0344929  0.0379910  0.0385140  0.0366681  0.0331292  0.0511375  0.0469788  0.0411425  0.0353341  0.0399734  0.0457377  0.0449683  0.0387523  0.0331686  0.0366863  0.0363137  0.0362576  0.0405882  0.0407687  0.0348953
 1  0.1102676  0.0449999  0.0310389  0.0622494  0.0436472  0.0799069  0.0759072  0.1725471  0.1919946  0.1811717  0.2288689  0.1409608  0.1275906  0.1768498  0.1841982  0.1056008  0.0837525  0.0802903  0.0816058  0.1167535  0.0863289  0.0693054  0.0646334  0.1001871  0.1156001  0.0997420  0.0910720
 2  0.0212429  0.0074411  0.0050805  0.0097710  0.0075596  0.0144800  0.0139971  0.0347186  0.0429744  0.0436460  0.0452380  0.0254205  0.0242967  0.0323948  0.0325377  0.0175371  0.0145641  0.0155526  0.0166834  0.0201905  0.0150808  0.0131353  0.0136133  0.0240263  0.0314988  0.0234626  0.0188065
 3  0.1019949  0.0256392  0.0206969  0.0201327  0.0223577  0.2042278  0.1929733  0.0262639  0.0293064  0.1132475  0.1272849  0.0207272  0.0264564  0.2568848  0.2966004  0.0240208  0.0229897  0.1025400  0.1006515  0.0325277  0.0207749  0.0267609  0.0292382  0.0303423  0.0321688  0.0322469  0.0229152
 4  0.0398775  0.0444971  0.0453381  0.0392532  0.0428987  0.0317987  0.0255530  0.0326667  0.0324266  0.0403607  0.0436184  0.0370972  0.0366415  0.0254363  0.0255764  0.0444205  0.0357188  0.0388015  0.0509890  0.0499226  0.0415364  0.0393995  0.0383692  0.0363272  0.0459338  0.0480391  0.0378698
 1  0.1249681  0.0679759  0.0456840  0.2091225  0.2426981  0.1661961  0.1369612  0.1764242  0.1842876  0.1339239  0.1226082  0.0772699  0.0690941  0.1251561  0.1408771  0.0913676  0.0776808  0.0865419  0.0886136  0.0597963  0.0545481  0.0829882  0.1065613  0.0773832  0.0673826  0.0649003  0.0528110
 2  0.0235296  0.0108357  0.0072597  0.0371344  0.0467010  0.0288231  0.0235832  0.0318924  0.0339490  0.0253101  0.0210320  0.0140232  0.0141035  0.0268987  0.0285719  0.0169352  0.0150266  0.0176956  0.0186452  0.0123199  0.0118550  0.0198299  0.0259256  0.0162825  0.0133287  0.0119677  0.0097377
 3  0.1159195  0.0260690  0.0225528  0.1998361  0.1794439  0.0264659  0.0179018  0.1547902  0.1459334  0.0250379  0.0225207  0.0296275  0.0304407  0.1669417  0.1760830  0.0229252  0.0229703  0.0870750  0.0908640  0.0282252  0.0268349  0.1860082  0.1746137  0.0274847  0.0207057  0.0246792  0.0238942
 4  0.0433172  0.0423308  0.0382837  0.0315211  0.0344265  0.0444796  0.0377391  0.0334768  0.0345745  0.0434291  0.0381839  0.0358937  0.0334392  0.0323384  0.0358708  0.0435878  0.0367671  0.0348497  0.0364385  0.0398629  0.0341655  0.0184926  0.0264561  0.0442304  0.0429730  0.0434619  0.0393250
 1  0.1235830  0.0585869  0.0395029  0.0871803  0.0583661  0.1135752  0.1068343  0.1673931  0.2074489  0.0738856  0.0524461  0.0776263  0.0754734  0.1185251  0.1228149  0.2311961  0.2601128  0.3588571  0.4769648  0.3415512  0.2908244  0.3537178  0.4046732  0.2283862  0.2775599  0.1214629  0.0976222
 2  0.0244388  0.0095841  0.0063098  0.0133293  0.0090657  0.0202578  0.0221070  0.0401658  0.0515813  0.0135072  0.0092051  0.0148899  0.0162566  0.0265979  0.0254431  0.0474276  0.0536007  0.0745185  0.0981527  0.0558238  0.0475742  0.0614594  0.0751329  0.0435278  0.0480385  0.0203421  0.0148019
 3  0.1139036  0.0246664  0.0190737  0.0204099  0.0231849  0.0213054  0.0275073  0.0297846  0.0299275  0.0365710  0.0292632  0.0233962  0.0314218  0.0884790  0.0931235  0.0274581  0.0283614  0.0263056  0.0275429  0.0237924  0.0186937  0.0260560  0.0255125  0.2137056  0.2353393  0.0187620  0.0269439
 4  0.0466939  0.0469870  0.0497897  0.0475959  0.0412609  0.0337705  0.0345919  0.0353687  0.0529907  0.0480140  0.0397412  0.0348431  0.0399955  0.0407523  0.0377064  0.0416345  0.0384433  0.0349923  0.0449874  0.0421874  0.0400344  0.0371513  0.0364046  0.0279505  0.0306281  0.0461234  0.0483094
 1  0.1114495  0.0533970  0.0369073  0.0582023  0.0487368  0.0384918  0.0355324  0.0740144  0.0653988  0.0505765  0.0420063  0.0817259  0.0778575  0.1104279  0.1204632  0.1953978  0.2499552  0.2789495  0.3957900  0.2794563  0.2601363  0.0655425  0.0535801  0.1230602  0.1239759  0.1181764  0.0969987
 2  0.0220729  0.0089712  0.0060442  0.0102527  0.0089553  0.0077657  0.0072206  0.0151711  0.0121727  0.0092711  0.0082749  0.0168271  0.0170549  0.0256309  0.0294262  0.0492566  0.0649808  0.0736642  0.0862907  0.0508023  0.0398929  0.0107744  0.0099560  0.0252716  0.0261627  0.0226081  0.0172894
 3  0.1026403  0.0210051  0.0215531  0.0216035  0.0277698  0.0256242  0.0279369  0.0240507  0.0249312  0.0245709  0.0252242  0.0264792  0.0319493  0.0324435  0.0294917  0.0290105  0.0312257  0.0286080  0.0243189  0.0211575  0.0230870  0.0213599  0.0239130  0.0264121  0.0298530  0.0268066  0.0272091
 4  0.0426156  0.0440326  0.0412650  0.0396489  0.0401331  0.0377998  0.0423041  0.0423382  0.0478588  0.0424958  0.0420297  0.0397292  0.0426400  0.0425840  0.0378410  0.0349808  0.0363328  0.0383484  0.0371241  0.0459613  0.0422754  0.0376547  0.0344062  0.0373559  0.0463240  0.0463376  0.0456330
 1  0.1170474  0.0604436  0.0408776  0.0500862  0.0397885  0.0553217  0.0480187  0.1627861  0.2136833  0.0496382  0.0433112  0.0782777  0.0691374  0.1401275  0.1622514  0.1879718  0.2232116  0.1531062  0.1605417  0.1626189  0.1498496  0.1104881  0.0870422  0.0665248  0.0666849  0.0656544  0.0723956
 2  0.0222378  0.0097575  0.0065774  0.0085883  0.0069018  0.0101930  0.0098118  0.0371901  0.0466797  0.0100360  0.0078389  0.0144813  0.0136267  0.0306703  0.0383907  0.0452522  0.0532197  0.0326966  0.0312973  0.0303314  0.0265343  0.0187117  0.0157524  0.0133255  0.0150550  0.0158575  0.0175357
 3  0.1084871  0.0182255  0.0199123  0.0251112  0.0219048  0.0233989  0.0273417  0.1588130  0.1491521  0.0314017  0.0252142  0.0230614  0.0237547  0.0704761  0.0753558  0.0301287  0.0249059  0.1147248  0.1250391  0.0277034  0.0236502  0.0221374  0.0240416  0.0570607  0.0609249  0.1045352  0.1031887
 4  0.0409754  0.0421092  0.0435026  0.0416890  0.0412215  0.0373514  0.0353081  0.0368940  0.0419737  0.0480830  0.0407365  0.0420871  0.0341219  0.0294042  0.0323260  0.0357849  0.0371984  0.0338975  0.0402000  0.0443325  0.0427345  0.0393808  0.0387508  0.0347771  0.0341642  0.0334997  0.0433447
 1  0.1287303  0.0575278  0.0384460  0.1374917  0.0938198  0.3940332  0.4947719  0.3483526  0.3276733  0.3609404  0.3797477  0.5516138  0.6916992  0.4001782  0.2865859  0.2418731  0.2025706  0.1096744  0.1189546  0.1109969  0.1154052  0.0531046  0.0552767  0.1550768  0.1566606  0.1540583  0.1820475
 2  0.0248432  0.0092194  0.0060724  0.0204327  0.0151521  0.0729408  0.0814522  0.0542692  0.0568880  0.0630305  0.0638296  0.0924458  0.1110973  0.0561590  0.0344297  0.0352759  0.0350660  0.0214465  0.0250558  0.0244010  0.0259314  0.0116128  0.0113452  0.0311469  0.0325543  0.0341002  0.0381228
 3  0.1190409  0.0356541  0.0185525  0.0232021  0.0167145  0.0271289  0.0255882  0.0190637  0.0219587  0.0235587  0.0216734  0.0191700  0.0189945  0.0213874  0.0183463  0.0168467  0.0240245  0.1228850  0.1186683  0.0248209  0.0287422  0.1464481  0.1458773  0.0263156  0.0288087  0.1010339  0.1049717
 4  0.0466638  0.0475669  0.0490571  0.0460584  0.0363357  0.0430914  0.0431144  0.0401152  0.0396603  0.0399789  0.0387990  0.0403714  0.0432286  0.0528436  0.0480394  0.0399703  0.0352639  0.0324459  0.0357533  0.0356004  0.0410276  0.0389532  0.0403891  0.0403212  0.0370807  0.0329979  0.0357556
 1  0.1219628  0.0647839  0.0437261  0.0602266  0.0522581  0.0715738  0.0695600  0.0836538  0.0741274  0.0896467  0.0949590  0.1614592  0.1826121  0.1188568  0.1117360  0.0730449  0.0539636  0.0830618  0.0493108  0.1527258  0.1572437  0.1828597  0.2467135  0.1510864  0.1988668  0.1296496  0.1299591
 2  0.0230466  0.0103876  0.0069722  0.0105569  0.0104161  0.0142148  0.0130747  0.0155920  0.0145373  0.0186078  0.0209565  0.0377194  0.0386728  0.0244114  0.0182496  0.0119564  0.0086824  0.0117562  0.0076628  0.0281107  0.0341875  0.0469918  0.0722612  0.0461351  0.0526232  0.0286250  0.0257145
 3  0.1131144  0.0207736  0.0183107  0.0209825  0.0254572  0.1972451  0.2118944  0.0192687  0.0260704  0.1109693  0.1056508  0.0275894  0.0316325  0.0657565  0.0708417  0.0211928  0.0238499  0.0246285  0.0207350  0.0218783  0.0261829  0.0279026  0.0303616  0.0281716  0.0267871  0.0274641  0.0278021
 4  0.0426943  0.0468436  0.0415661  0.0351549  0.0367623  0.0401056  0.0371752  0.0355005  0.0368614  0.0358725  0.0339838  0.0394775  0.0411347  0.0463822  0.0495382  0.0463435  0.0591941  0.0560766  0.0459558  0.0369053  0.0340923  0.0342141  0.0372532  0.0392891  0.0412244  0.0466852  0.0421208
 1  0.1113715  0.0545555  0.0374867  0.0640887  0.0468856  0.1178121  0.1167121  0.2401118  0.2998390  0.1121861  0.1251656  0.0679027  0.0462502  0.0826538  0.0873407  0.1547921  0.1333211  0.1272473  0.1241131  0.1478584  0.1889984  0.2110266  0.1178895  0.1183212  0.1221589  0.0988246  0.1315769
 2  0.0213932  0.0089726  0.0060968  0.0103168  0.0081478  0.0220817  0.0234236  0.0522688  0.0685250  0.0241025  0.0226526  0.0104034  0.0076727  0.0153980  0.0181791  0.0298651  0.0240918  0.0241931  0.0253405  0.0318303  0.0412966  0.0289414  0.0178082  0.0215586  0.0262563  0.0242662  0.0332571
 3  0.1030635  0.0222580  0.0216043  0.0220943  0.0222763  0.1049901  0.1027289  0.0278063  0.0323232  0.2517625  0.2969361  0.0204602  0.0213706  0.1910556  0.1850961  0.0269983  0.0244429  0.0263279  0.0269305  0.2407445  0.2666412  0.0189487  0.0172982  0.0250969  0.0309167  0.2173655  0.2695278
 4  0.0401234  0.0447545  0.0467596  0.0407009  0.0396417  0.0341058  0.0290139  0.0355548  0.0358272  0.0290765  0.0330431  0.0419552  0.0386376  0.0275462  0.0341387  0.0459149  0.0413204  0.0379685  0.0367494  0.0178753  0.0407907  0.0496122  0.0388573  0.0354765  0.0337007  0.0208411  0.0280199
 1  0.1145158  0.0382533  0.0260657  0.0462562  0.0373820  0.1555568  0.1785968  0.0894553  0.0770294  0.0913260  0.0779305  0.0639101  0.0482274  0.0842047  0.0820091  0.0546402  0.0592748  0.0751470  0.0822603  0.0865130  0.0935222  0.0954854  0.0972824  0.1006526  0.1107722  0.0417698  0.0417796
 2  0.0226344  0.0063279  0.0042359  0.0079093  0.0071412  0.0337599  0.0407523  0.0182725  0.0153030  0.0171062  0.0150492  0.0113244  0.0088085  0.0168162  0.0177546  0.0127088  0.0145839  0.0190174  0.0207418  0.0214784  0.0229103  0.0215338  0.0211809  0.0231613  0.0246954  0.0091968  0.0094169
 3  0.1056338  0.0279388  0.0191120  0.0212324  0.0262892  0.0283655  0.0265795  0.0231483  0.0255362  0.0246804  0.0259579  0.0256807  0.0253552  0.0252789  0.0285191  0.0981755  0.1017467  0.0296985  0.0298508  0.0286111  0.0299633  0.0821402  0.0788484  0.0311672  0.0277943  0.0855365  0.0946729
 4  0.0427542  0.0478864  0.0391692  0.0356000  0.0359354  0.0372749  0.0411178  0.0370357  0.0403037  0.0391803  0.0472999  0.0450778  0.0414278  0.0391004  0.0378162  0.0347391  0.0361188  0.0366824  0.0394344  0.0378358  0.0407057  0.0416820  0.0361104  0.0395869  0.0376758  0.0389202  0.0374907
 1  0.1157815  0.0385393  0.0261836  0.0570712  0.0449353  0.0953238  0.0948217  0.0784340  0.0768065  0.1019566  0.1079625  0.0720566  0.0571732  0.0593482  0.0686935  0.1141251  0.1200360  0.0920197  0.1020562  0.1111646  0.1048005  0.0339326  0.0307320  0.0604734  0.0615631  0.0979543  0.0813334
 2  0.0229241  0.0064152  0.0042653  0.0096844  0.0080276  0.0182510  0.0190865  0.0164301  0.0165562  0.0230495  0.0205218  0.0125368  0.0108159  0.0127582  0.0168277  0.0283615  0.0282226  0.0205029  0.0216663  0.0223449  0.0213336  0.0069379  0.0066812  0.0133722  0.0125467  0.0180355  0.0156390
 3  0.1066490  0.0253045  0.0229311  0.0202075  0.0233233  0.1232425  0.1241634  0.0254977  0.0269959  0.0892433  0.0924396  0.0215869  0.0251532  0.1455345  0.1351451  0.0287941  0.0257067  0.1430525  0.1612022  0.0260042  0.0222700  0.0277543  0.0307362  0.1349316  0.1338691  0.0236854  0.0260031
 4  0.0440659  0.0439743  0.0445995  0.0401295  0.0390833  0.0357072  0.0323279  0.0422034  0.0359395  0.0451130  0.0504052  0.0403422  0.0377768  0.0260212  0.0315635  0.0403133  0.0402817  0.0334945  0.0384052  0.0379940  0.0369868  0.0364999  0.0389563  0.0363484  0.0401525  0.0375673  0.0391246
 1  0.1290325  0.0541984  0.0357463  0.0514840  0.0342842  0.0945953  0.0787369  0.1027568  0.1106500  0.0971940  0.1223744  0.1720767  0.1736008  0.0830816  0.0814603  0.1502286  0.1728621  0.1632701  0.1584811  0.0696825  0.0432166  0.0449906  0.0422211  0.1123593  0.1176444  0.1587035  0.2002471
 2  0.0246445  0.0086157  0.0056434  0.0079405  0.0053570  0.0154337  0.0142331  0.0212517  0.0262446  0.0241643  0.0281297  0.0353777  0.0326568  0.0157358  0.0168518  0.0339287  0.0400792  0.0332420  0.0268047  0.0099696  0.0069541  0.0082620  0.0082431  0.0239018  0.0277051  0.0406941  0.0533392
 3  0.1195162  0.0246747  0.0200563  0.0221040  0.0196351  0.1437496  0.1264835  0.0255876  0.0314649  0.2272921  0.2595517  0.0231711  0.0269281  0.1137530  0.1157074  0.0291252  0.0264679  0.1638630  0.1815013  0.0170436  0.0200412  0.1197405  0.1186587  0.0260999  0.0279977  0.0284460  0.0272350
 4  0.0458670  0.0462206  0.0458068  0.0467954  0.0449129  0.0358063  0.0295403  0.0340354  0.0372034  0.0273736  0.0292340  0.0400057  0.0400028  0.0349431  0.0333312  0.0331537  0.0409205  0.0527926  0.0575355  0.0415519  0.0382508  0.0358140  0.0402810  0.0378858  0.0352714  0.0365976  0.0350438
 1  0.1183230  0.0454547  0.0306636  0.0969184  0.0843602  0.1096651  0.1287600  0.1333701  0.1001993  0.0501845  0.0404543  0.1183399  0.1284092  0.1489580  0.1660102  0.1015456  0.1094014  0.1609735  0.1341856  0.1079983  0.0973839  0.1388152  0.1346336  0.1148848  0.1325978  0.0705194  0.0610748
 2  0.0224026  0.0073735  0.0049412  0.0169822  0.0154712  0.0213817  0.0248447  0.0220374  0.0164681  0.0086216  0.0075846  0.0247993  0.0300448  0.0362983  0.0368727  0.0212421  0.0219295  0.0293330  0.0217823  0.0184482  0.0181625  0.0268244  0.0279988  0.0262269  0.0292323  0.0139717  0.0119572
 3  0.1097152  0.0237236  0.0212361  0.0331905  0.0386276  0.3107324  0.3305397  0.0275879  0.0191157  0.0245248  0.0272159  0.0547260  0.0605448  0.0305580  0.0273487  0.1771318  0.1836194  0.0267942  0.0246247  0.1209526  0.1088415  0.0293450  0.0274467  0.0888616  0.0855070  0.0290192  0.0265622
 4  0.0420017  0.0451356  0.0443006  0.0393308  0.0413907  0.0188176  0.0265488  0.0448385  0.0387007  0.0403685  0.0389973  0.0357855  0.0376080  0.0420221  0.0415245  0.0360336  0.0376639  0.0456495  0.0464401  0.0424295  0.0348217  0.0401700  0.0373641  0.0403340  0.0444501  0.0433518  0.0379682
 1  0.1082802  0.0611933  0.0424853  0.0498572  0.0439186  0.1496216  0.1799967  0.1202646  0.1087439  0.0545455  0.0372113  0.0834594  0.0834346  0.1900609  0.2332079  0.2076820  0.2284632  0.0542793  0.0416785  0.1122168  0.1142037  0.2920690  0.3628136  0.1929428  0.1847720  0.1926822  0.1369724
 2  0.0206362  0.0100639  0.0069345  0.0089855  0.0086960  0.0327699  0.0413174  0.0248930  0.0204518  0.0087567  0.0063584  0.0163595  0.0186209  0.0469503  0.0595160  0.0493742  0.0432671  0.0092287  0.0075435  0.0224825  0.0250256  0.0662622  0.0768524  0.0372261  0.0295432  0.0286993  0.0216328
 3  0.1003378  0.0206241  0.0205818  0.0233076  0.0285320  0.1057595  0.1084686  0.0293768  0.0274057  0.0236375  0.0232103  0.0254358  0.0263598  0.0233675  0.0275925  0.0278536  0.0260242  0.0246538  0.0216095  0.0293324  0.0270834  0.0278515  0.0246331  0.0660946  0.0660038  0.0210064  0.0224628
 4  0.0383101  0.0444942  0.0353604  0.0351846  0.0335240  0.0301582  0.0359270  0.0416174  0.0512723  0.0460701  0.0392759  0.0341092  0.0340034  0.0344970  0.0366649  0.0458497  0.0452122  0.0431280  0.0390429  0.0385744  0.0374469  0.0402524  0.0376075  0.0517636  0.0534949  0.0430821  0.0425419
 1  0.1326288  0.0640348  0.0421322  0.0761619  0.0673091  0.0838885  0.0659050  0.1603199  0.1709351  0.2234742  0.2740873  0.0858922  0.0882932  0.1062500  0.0914817  0.0909023  0.0689276  0.1023423  0.0932647  0.1551541  0.1808563  0.1812870  0.1963802  0.1126911  0.1197932  0.0873213  0.0907536
 2  0.0249980  0.0100864  0.0066196  0.0132834  0.0125185  0.0151816  0.0110840  0.0287938  0.0329098  0.0469586  0.0590027  0.0180811  0.0180159  0.0204720  0.0155715  0.0154302  0.0111178  0.0182957  0.0192885  0.0360316  0.0434366  0.0413846  0.0429492  0.0244546  0.0266422  0.0193172  0.0196641
 3  0.1230205  0.0230143  0.0229608  0.0578292  0.0609607  0.0270363  0.0313773  0.2067214  0.2029337  0.0289474  0.0255263  0.1139866  0.1164685  0.0195471  0.0246123  0.0237812  0.0225664  0.0218148  0.0277780  0.0313186  0.0303008  0.0274848  0.0244748  0.0281134  0.0277987  0.0961607  0.0938298
 4  0.0462208  0.0436709  0.0389718  0.0380909  0.0474653  0.0484743  0.0466616  0.0341449  0.0287559  0.0365939  0.0374482  0.0330428  0.0406360  0.0445056  0.0442646  0.0463174  0.0442230  0.0360368  0.0362575  0.0418510  0.0404801  0.0393210  0.0379685  0.0387029  0.0392501  0.0406462  0.0376945
 1  0.1083181  0.0627130  0.0438381  0.0344942  0.0272882  0.0642148  0.0642120  0.0999192  0.0979491  0.0486367  0.0400824  0.0666522  0.0604062  0.0675618  0.0694523  0.0979220  0.1076950  0.0839800  0.0956396  0.0802550  0.1006138  0.0537691  0.0463983  0.0868283  0.0879091  0.1028490  0.0867363
 2  0.0208560  0.0103741  0.0071659  0.0059183  0.0049998  0.0128525  0.0132207  0.0216233  0.0182583  0.0087909  0.0079389  0.0134296  0.0128614  0.0154419  0.0164431  0.0225937  0.0246124  0.0201758  0.0242698  0.0208534  0.0259586  0.0114416  0.0093120  0.0179976  0.0194729  0.0204605  0.0168173
 3  0.1001866  0.0250692  0.0204828  0.0192552  0.0208350  0.1103000  0.1121748  0.0294492  0.0254507  0.0219101  0.0257418  0.0265159  0.0245298  0.0312752  0.0281236  0.1194130  0.1319986  0.0303553  0.0319971  0.1720689  0.1756928  0.0309929  0.0221386  0.0464238  0.0491758  0.0277386  0.0243208
 4  0.0388983  0.0462571  0.0374814  0.0377930  0.0363986  0.0355853  0.0361051  0.0452553  0.0452979  0.0404565  0.0420837  0.0390153  0.0374417  0.0418438  0.0372419  0.0365013  0.0356719  0.0346377  0.0360670  0.0247255  0.0328997  0.0391182  0.0371508  0.0339180  0.0413635  0.0446820  0.0395939
 1  0.1220607  0.2406015  0.1816770  0.1406416  0.1286300  0.2439647  0.2550845  0.1991169  0.1554908  0.1014067  0.0924036  0.1483688  0.1483555  0.1615287  0.1492556  0.0943206  0.1199087  0.1271926  0.0998861  0.2193027  0.2497410  0.1536371  0.0930913  0.1245126  0.1289506  0.1406730  0.1739061
 2  0.0234936  0.0387903  0.0277594  0.0235385  0.0231423  0.0458428  0.0495565  0.0332022  0.0259880  0.0183384  0.0178410  0.0285970  0.0268611  0.0288374  0.0285001  0.0202410  0.0236170  0.0212824  0.0178731  0.0426295  0.0520968  0.0228972  0.0147989  0.0231717  0.0281216  0.0356748  0.0468379
 3  0.1129126  0.0230056  0.0222625  0.0679143  0.0590325  0.0225677  0.0253024  0.0416780  0.0296602  0.0242133  0.0302842  0.1824526  0.1990743  0.0249622  0.0268234  0.2732232  0.3115584  0.0197031  0.0212588  0.0584620  0.0618091  0.0272084  0.0187012  0.0238667  0.0284357  0.0410212  0.0427990
 4  0.0437848  0.0482039  0.0415456  0.0417062  0.0379968  0.0353852  0.0442012  0.0437555  0.0383743  0.0385984  0.0445473  0.0322645  0.0276983  0.0393028  0.0360399  0.0145044  0.0258278  0.0411801  0.0368036  0.0311948  0.0581075  0.0533377  0.0407944  0.0353191  0.0328163  0.0315985  0.0372017
 1  0.1223909  0.0296087  0.0196907  0.0368633  0.0229863  0.0878774  0.0850040  0.1084659  0.1060981  0.1395899  0.1433399  0.2765968  0.3791354  0.4277221  0.7245357  0.2397456  0.1500606  0.0354844  0.0180013  0.0475686  0.0382753  0.0904789  0.0940746  0.1422754  0.1672449  0.1208975  0.1164313
 2  0.0234945  0.0048034  0.0031773  0.0053888  0.0038077  0.0162799  0.0162800  0.0218603  0.0224257  0.0298690  0.0309090  0.0636252  0.0913929  0.0977238  0.1470968  0.0337904  0.0178065  0.0042746  0.0026908  0.0079746  0.0073001  0.0195829  0.0227978  0.0374121  0.0377874  0.0247462  0.0243451
 3  0.1132614  0.0243027  0.0191856  0.0202775  0.0184332  0.1111260  0.1079031  0.0302319  0.0264129  0.0258456  0.0233677  0.0274850  0.0306229  0.1088209  0.1113052  0.0210626  0.0170687  0.0120175  0.0199378  0.0262831  0.0252964  0.0295889  0.0296804  0.0273684  0.0285211  0.0242995  0.0259568
 4  0.0441167  0.0454396  0.0515486  0.0455962  0.0372901  0.0402527  0.0395127  0.0415092  0.0421263  0.0402836  0.0378476  0.0339718  0.0360308  0.0355171  0.0361066  0.0544556  0.0556799  0.0444507  0.0437566  0.0415812  0.0365757  0.0402325  0.0361625  0.0425464  0.0439011  0.0387267  0.0364855
 1  0.1338174  0.0140389  0.0090137  0.0445890  0.0349896  0.0485967  0.0416873  0.0554987  0.0485909  0.0504537  0.0470072  0.0593189  0.0608963  0.0776476  0.0935794  0.0723617  0.0645834  0.1343929  0.1406539  0.1363189  0.1366513  0.1030934  0.0963167  0.1353963  0.1477114  0.2403989  0.3014169
 2  0.0253898  0.0022255  0.0014318  0.0075329  0.0062848  0.0089540  0.0075310  0.0108556  0.0084574  0.0093088  0.0093576  0.0128095  0.0148851  0.0213374  0.0257657  0.0159270  0.0135458  0.0283127  0.0302199  0.0289351  0.0298366  0.0215341  0.0195070  0.0291981  0.0334676  0.0562937  0.0690685
 3  0.1239903  0.0235963  0.0200200  0.0228474  0.0206315  0.1133142  0.1070380  0.0249583  0.0254340  0.1575728  0.1527228  0.0275892  0.0310618  0.0642271  0.0658951  0.0300107  0.0253027  0.0288217  0.0284628  0.0300590  0.0276289  0.0262630  0.0241806  0.0268713  0.0280551  0.0272453  0.0260631
 4  0.0476223  0.0471323  0.0418640  0.0388466  0.0365439  0.0414268  0.0378208  0.0440756  0.0445637  0.0261693  0.0234924  0.0361371  0.0341215  0.0361708  0.0462895  0.0441198  0.0376353  0.0421463  0.0389693  0.0430571  0.0429601  0.0392738  0.0385592  0.0371344  0.0361135  0.0377102  0.0378778
 1  0.1259169  0.0450326  0.0296668  0.0409533  0.0268430  0.0873522  0.0866392  0.1394135  0.1340371  0.1337025  0.1439018  0.2048694  0.2478476  0.1284593  0.1301074  0.1495677  0.1372778  0.2316942  0.2584078  0.2450767  0.2914884  0.1371724  0.0976377  0.1203696  0.0996602  0.1076617  0.0896756
 2  0.0239017  0.0071450  0.0047209  0.0061297  0.0045638  0.0171620  0.0180265  0.0289111  0.0277765  0.0287117  0.0324763  0.0485254  0.0557797  0.0262067  0.0252700  0.0277361  0.0266995  0.0477929  0.0504729  0.0477915  0.0561951  0.0222098  0.0150153  0.0202651  0.0169218  0.0185812  0.0173497
 3  0.1166749  0.0219988  0.0183976  0.0216664  0.0244225  0.0277329  0.0292221  0.0279607  0.0256914  0.0277282  0.0258270  0.0304558  0.0302338  0.1194569  0.1183878  0.0244860  0.0207218  0.0264236  0.0292775  0.1301175  0.1335925  0.0273667  0.0222617  0.0247057  0.0244998  0.0274378  0.0265204
 4  0.0437607  0.0464227  0.0433102  0.0415702  0.0415469  0.0387105  0.0406328  0.0398854  0.0368837  0.0362403  0.0339317  0.0411411  0.0415235  0.0401298  0.0389179  0.0392795  0.0374828  0.0397169  0.0420127  0.0389826  0.0450968  0.0494460  0.0463757  0.0419215  0.0457269  0.0448166  0.0365376
 1  0.1118120  0.0964238  0.0683911  0.0611267  0.0516400  0.0968710  0.0827267  0.1726786  0.1607460  0.1923132  0.1495808  0.1189057  0.1357503  0.2070406  0.2549467  0.2000117  0.2387036  0.1217220  0.1283540  0.0822295  0.0811653  0.0919852  0.0953866  0.0710285  0.0543623  0.0524599  0.0497795
 2  0.0220355  0.0160806  0.0110594  0.0107676  0.0093413  0.0170575  0.0153850  0.0329156  0.0273845  0.0305883  0.0262944  0.0242010  0.0298094  0.0484274  0.0625040  0.0474607  0.0534711  0.0253313  0.0265904  0.0170440  0.0176203  0.0198663  0.0202773  0.0128124  0.0099454  0.0105377  0.0104075
 3  0.1031050  0.0207402  0.0201022  0.0206091  0.0241631  0.1150746  0.1122127  0.0290433  0.0269977  0.0211748  0.0232134  0.0838130  0.0825748  0.0278902  0.0291634  0.0252940  0.0270979  0.1285431  0.1292238  0.0246961  0.0247441  0.1174405  0.1252722  0.0286124  0.0214457  0.0255612  0.0282709
 4  0.0419424  0.0452910  0.0376054  0.0398660  0.0437211  0.0412324  0.0417299  0.0476757  0.0511960  0.0414945  0.0376706  0.0383879  0.0358967  0.0374368  0.0382316  0.0362073  0.0368448  0.0315011  0.0290382  0.0372064  0.0352923  0.0355554  0.0437489  0.0421886  0.0346815  0.0364575  0.0386819
 1  0.1216805  0.0775382  0.0526531  0.0624505  0.0527461  0.0800262  0.0752397  0.0750931  0.0621828  0.1252393  0.1228825  0.2099929  0.2541988  0.2189706  0.2388323  0.2219723  0.2084710  0.0879872  0.0763448  0.1252046  0.1285140  0.1622265  0.1421961  0.1769255  0.1656250  0.2143060  0.2547646
 2  0.0233076  0.0124971  0.0083778  0.0108706  0.0097835  0.0157777  0.0136415  0.0135271  0.0114902  0.0245261  0.0258054  0.0473792  0.0612069  0.0471395  0.0457924  0.0396147  0.0368073  0.0153693  0.0138857  0.0251519  0.0259344  0.0308067  0.0255925  0.0320661  0.0318540  0.0451481  0.0579662
 3  0.1125661  0.0212321  0.0198704  0.0223493  0.0272531  0.0949587  0.0981031  0.0238951  0.0233244  0.0286694  0.0286470  0.0272885  0.0244103  0.1161706  0.1248786  0.0247279  0.0247464  0.1205716  0.1311240  0.0252860  0.0248037  0.0248168  0.0238123  0.0240158  0.0247307  0.0274745  0.0240516
 4  0.0435238  0.0460399  0.0406065  0.0376925  0.0372356  0.0436391  0.0448491  0.0397094  0.0392184  0.0425032  0.0380372  0.0351447  0.0376327  0.0431657  0.0394743  0.0426319  0.0434505  0.0374858  0.0364969  0.0387812  0.0420666  0.0446387  0.0484727  0.0413927  0.0382639  0.0353167  0.0416572
 1  0.1291358  0.0481336  0.0315378  0.0565246  0.0407934  0.1374723  0.1345640  0.2115029  0.2458265  0.2073591  0.2609850  0.1605097  0.0897563  0.1127363  0.1164132  0.1353655  0.1441153  0.0674542  0.0677832  0.0669873  0.0685480  0.1164771  0.1196364  0.0811210  0.0771459  0.1236156  0.1458733
 2  0.0246433  0.0076257  0.0049929  0.0089571  0.0070913  0.0257546  0.0268241  0.0455414  0.0526196  0.0439112  0.0490457  0.0209691  0.0137991  0.0203965  0.0238603  0.0300577  0.0320097  0.0149791  0.0151256  0.0146411  0.0149617  0.0254220  0.0260009  0.0170639  0.0167695  0.0283091  0.0314069
 3  0.1195893  0.0205046  0.0198230  0.0212063  0.0260766  0.0734999  0.0722522  0.0244054  0.0243552  0.1980716  0.2247051  0.0206779  0.0163070  0.0977638  0.0906632  0.0289463  0.0269742  0.0251814  0.0269277  0.1167116  0.1145624  0.0287113  0.0265756  0.0312919  0.0256635  0.1347555  0.1404453
 4  0.0454104  0.0457086  0.0440171  0.0399882  0.0419355  0.0326646  0.0321792  0.0334887  0.0348672  0.0328679  0.0546605  0.0461341  0.0379319  0.0345488  0.0334611  0.0393844  0.0403681  0.0367124  0.0377947  0.0370886  0.0350962  0.0400964  0.0401059  0.0382528  0.0367522  0.0271079  0.0322303
 1  0.1456978  0.0688853  0.0439702  0.0977483  0.0746139  0.0918963  0.0851306  0.1722441  0.1438251  0.1674212  0.1957256  0.1288308  0.1474010  0.1051336  0.1081255  0.1064977  0.1241528  0.0986316  0.0964486  0.0766417  0.0784377  0.0638876  0.0550406  0.0371818  0.0292169  0.0944050  0.0992746
 2  0.0272533  0.0105586  0.0067443  0.0155569  0.0129408  0.0173069  0.0131718  0.0277046  0.0262811  0.0351371  0.0460911  0.0292855  0.0306577  0.0212135  0.0228579  0.0230758  0.0258445  0.0201110  0.0195807  0.0158367  0.0164596  0.0130605  0.0095004  0.0064006  0.0056430  0.0202410  0.0237209
 3  0.1352938  0.0241919  0.0196560  0.0217331  0.0259897  0.1504971  0.1451385  0.0216896  0.0241779  0.0267750  0.0291347  0.2150969  0.2539990  0.0243809  0.0244736  0.2119786  0.2009325  0.0243854  0.0284011  0.1211224  0.1266734  0.0310565  0.0241828  0.0223542  0.0228927  0.0309306  0.0277367
 4  0.0503031  0.0474998  0.0448304  0.0440921  0.0394971  0.0576632  0.0523283  0.0411747  0.0339694  0.0341082  0.0387862  0.0357037  0.0294009  0.0357232  0.0365347  0.0338625  0.0307987  0.0364109  0.0358790  0.0334431  0.0357600  0.0489402  0.0451278  0.0414372  0.0379272  0.0370434  0.0437589
 1  0.1394635  0.1067567  0.0706673  0.0993593  0.0834848  0.1327679  0.1313781  0.1423092  0.1620143  0.1025631  0.0733654  0.0932617  0.0894769  0.0925926  0.1022407  0.0950760  0.0987004  0.0510552  0.0501639  0.0983617  0.0868804  0.1156416  0.1285683  0.1199075  0.1123870  0.1442711  0.1634630
 2  0.0258566  0.0164305  0.0108346  0.0165755  0.0146552  0.0253084  0.0278229  0.0317332  0.0335987  0.0170837  0.0127162  0.0179314  0.0177180  0.0196800  0.0234831  0.0221206  0.0215706  0.0111017  0.0092867  0.0180088  0.0166030  0.0241875  0.0280508  0.0247671  0.0232674  0.0314518  0.0390436
 3  0.1297000  0.0227012  0.0231876  0.0489459  0.0529574  0.0242442  0.0268255  0.1089676  0.1206585  0.0189338  0.0196634  0.0262353  0.0275606  0.1406037  0.1335264  0.0298699  0.0270687  0.1202519  0.1333377  0.0247851  0.0251144  0.1114805  0.1201977  0.0260395  0.0249410  0.0265378  0.0301343
 4  0.0471594  0.0507645  0.0417936  0.0436368  0.0382538  0.0363937  0.0346941  0.0436360  0.0510438  0.0427964  0.0363766  0.0393523  0.0403838  0.0334985  0.0317823  0.0404910  0.0388402  0.0428890  0.0459729  0.0396179  0.0380433  0.0322629  0.0407351  0.0399900  0.0365373  0.0359713  0.0336262
 1  0.1220500  0.1105702  0.0766213  0.0914928  0.0822944  0.0829377  0.0691074  0.1348280  0.1215652  0.1214445  0.1217057  0.1412482  0.1384148  0.2731489  0.3429406  0.3368520  0.2852832  0.1519639  0.1525516  0.2125045  0.2148161  0.1219587  0.1261920  0.2035619  0.2157342  0.0945891  0.0849487
 2  0.0232430  0.0178040  0.0121162  0.0163373  0.0150153  0.0146291  0.0128038  0.0252027  0.0226144  0.0242371  0.0254622  0.0292771  0.0284715  0.0585112  0.0763779  0.0582828  0.0470345  0.0276187  0.0299158  0.0418720  0.0427998  0.0245305  0.0250367  0.0415144  0.0397836  0.0169243  0.0166240
 3  0.1131263  0.0204491  0.0174946  0.0209034  0.0280306  0.0988133  0.0952452  0.0272091  0.0268672  0.0284135  0.0245270  0.0270876  0.0254584  0.0269735  0.0262337  0.0267422  0.0215863  0.0232033  0.0252802  0.0278412  0.0280053  0.1041580  0.1020109  0.0281783  0.0289772  0.0869700  0.0842365
 4  0.0431712  0.0410000  0.0340097  0.0383400  0.0444684  0.0385739  0.0345780  0.0423438  0.0412471  0.0409255  0.0404869  0.0405459  0.0385499  0.0370712  0.0473832  0.0466118  0.0394433  0.0365321  0.0380940  0.0409609  0.0415106  0.0366728  0.0360205  0.0459165  0.0449064  0.0380120  0.0317172
 1  0.1033990  0.1104242  0.0804673  0.1010823  0.0769390  0.1531531  0.1408046  0.1035255  0.1060179  0.0564289  0.0593654  0.1039297  0.1088915  0.0321436  0.0310605  0.1127041  0.1292025  0.1816975  0.2084096  0.1763025  0.1810794  0.1591853  0.1484375  0.0980668  0.0969969  0.0402046  0.0295558
 2  0.0201090  0.0185609  0.0131483  0.0165472  0.0128781  0.0258832  0.0249738  0.0201996  0.0235624  0.0130506  0.0132011  0.0229822  0.0234444  0.0070813  0.0067839  0.0255260  0.0293046  0.0414511  0.0462351  0.0356599  0.0335765  0.0290645  0.0277181  0.0191872  0.0171768  0.0066533  0.0053767
 3  0.0955240  0.0169893  0.0182894  0.0230772  0.0240519  0.1830473  0.1766400  0.0255435  0.0265636  0.1245200  0.1279951  0.0287122  0.0284952  0.0285979  0.0285458  0.1162677  0.1183069  0.0235438  0.0259380  0.1198902  0.1184766  0.0234462  0.0228835  0.1490552  0.1472237  0.0212202  0.0251371
 4  0.0379955  0.0476366  0.0428497  0.0407922  0.0457259  0.0405656  0.0310563  0.0321311  0.0363305  0.0344365  0.0318023  0.0377460  0.0368376  0.0359322  0.0397848  0.0366618  0.0365020  0.0337620  0.0371331  0.0423341  0.0377474  0.0378437  0.0383753  0.0397721  0.0437230  0.0388251  0.0384771
 1  0.1289827  0.0726700  0.0485437  0.0401772  0.0228411  0.0868117  0.0881128  0.1215652  0.0849432  0.1034800  0.0969284  0.1070445  0.1213174  0.1269322  0.1444219  0.1672683  0.1720430  0.1212771  0.0897370  0.1050765  0.1017054  0.1074470  0.1180122  0.1174308  0.1382772  0.1658307  0.2235253
 2  0.0254748  0.0117440  0.0076545  0.0054840  0.0036195  0.0165078  0.0196870  0.0219761  0.0140640  0.0188631  0.0194801  0.0244177  0.0318236  0.0343477  0.0351741  0.0361086  0.0354658  0.0207239  0.0152913  0.0198341  0.0213839  0.0243805  0.0282873  0.0295001  0.0359606  0.0435778  0.0540488
 3  0.1188967  0.0209941  0.0228829  0.0215122  0.0180221  0.0270244  0.0294374  0.0307171  0.0240663  0.0242318  0.0295848  0.0299113  0.0317039  0.0308096  0.0317046  0.0278897  0.0296710  0.0273873  0.0243119  0.0246341  0.0278273  0.0637690  0.0623175  0.0305780  0.0282226  0.1185341  0.1171506
 4  0.0485996  0.0459837  0.0536137  0.0441241  0.0362500  0.0337235  0.0548477  0.0592559  0.0478408  0.0397542  0.0409513  0.0389151  0.0380328  0.0400516  0.0461587  0.0447495  0.0518973  0.0524995  0.0463029  0.0384699  0.0362413  0.0402297  0.0368367  0.0387861  0.0356724  0.0383001  0.0375280
