2019 2020 2021 2022 2023 2024 2025 2026 2027 2028 2029 2030 2031 2032 2033 2034 2035 2036 2037 2038 2039 2040 2041 2042 2043 2044 2045
  25959.53   29781.11   42231.98   54977.90  103957.29  176745.37  205792.66  214653.77  189504.45  157106.82  127793.60  100827.92   92830.64   82316.45   71300.43   66919.97   59696.07   47738.72   43051.10   49763.86   71051.81   93218.63  102506.73  120510.79  135465.99  139552.89  120779.83
  26666.73   30531.55   43058.57   56544.72   62999.35   76057.90   92988.10  103362.95  107340.08  112873.66  113397.72  113474.64   99962.73   87332.45   96876.52  100125.47  114326.02  143734.19  162804.24  173241.95  137168.92  101993.73   83545.50   58650.23   41680.84   32874.70   42960.58
  27337.97   31352.20   43453.21   64101.55   86093.72   99588.98   92297.33   87797.51   89000.31   86035.25   81005.11   78866.61   72058.67   63693.02   73183.69   83829.17   77983.95   75399.54   80971.91   85516.08   79030.55   69468.26   61081.49   63212.37   84779.15  102444.01  108321.42
  27375.08   31749.17   45599.93   61643.99   73812.86   82511.67   86617.85   91636.41  113938.63  149070.69  171388.47  194884.85  205311.77  200506.07  197418.37  186171.58  176357.52  169922.07  149299.79  135475.24  141802.68  155083.86  147294.79  130373.29  111309.24   92308.51   70949.83
  27413.16   31184.50   43927.65   60476.12   87587.70  117422.51  132576.38  145405.73  130331.71  115330.02   84308.40   49143.14   52143.90   62406.35   86430.45  105805.97   93275.48   75997.78   78777.52   89177.04   90518.64   85241.87   74880.40   61174.73   38845.06   25121.70   39870.50
  27916.22   31765.90   43548.11   58661.22   69144.60   74609.50   73200.21   79853.92   98495.07  114796.41  115633.76  107884.32   89682.81   77325.29   80651.80   80966.00   67297.03   53885.11   55382.32   57010.05   65671.02   86172.99  102578.88  107768.01  100129.83  100488.70  109221.15
  25293.69   29440.80   41735.96   60093.30   77755.71   87334.48   78261.77   68280.64   65590.13   61122.06   52215.39   55282.53   73925.17   91347.28  101616.25  106874.66   93934.30   76240.45   81596.72  108647.68  143644.00  179802.16  196152.63  198043.44  185216.86  161333.32  129633.33
  26166.07   29372.72   42723.08   55635.69   64704.99   72394.24   84625.92  106619.88  124558.89  147246.80  165451.79  171920.07  145558.70  111823.95   94592.72   77428.66   92777.60  131647.93  158627.51  177256.61  155975.23  119673.04   92952.09   66350.60   64857.90   71859.20  102876.45
  26381.36   30209.24   42217.36   54233.31   60547.32   68773.95   74460.37   90396.88  130053.98  175581.56  197254.92  202486.36  186129.88  164893.14  139719.64  110511.75   92067.79   82424.94   78247.85   72707.26   81418.28   91570.16   87484.74  135159.29  236021.58  307895.80  333671.81
  25129.66   28957.18   40773.86   67105.30   95204.21  108392.69  100187.97   90668.20   85697.61   82129.24   76866.62   72124.80   72041.91   79961.21   94658.52  118128.70  145509.52  162356.12  153989.20  134105.45  107553.50   85155.11   63207.09   44414.92   45418.71   49887.50   57785.79
  27619.19   31451.88   44366.94   59767.11   76382.93   91988.07   95915.75  100767.15   98480.55   94547.98   90330.64  100004.90  126877.28  148272.92  157842.17  164490.30  160184.17  155968.25  146743.07  131704.56  123785.34  113737.89  103348.89   93024.63   76666.43   62676.02   57511.85
  24999.65   28832.24   41569.37   60087.04   76407.86   86252.96   78503.26   67591.80   61848.08   57646.38   65415.88   88492.45  130141.83  170819.89  182722.06  182187.80  156226.11  131209.56  114562.43  104295.78  113312.28  117381.69  124596.24  156581.28  186621.96  206691.02  210252.86
  23892.22   27141.02   39212.96   49933.29   70491.05   99922.69  115472.47  121399.42  119562.93  110806.20   86573.25   68376.27   61650.45   55757.19   41047.03   31650.39   36502.76   53000.37   73495.41   82671.49   90465.97   94434.17   80808.45   70122.01   67644.66   93940.24  127427.44
  24949.98   28954.52   40925.72   54036.04   60515.69   74851.00   89468.53  100535.74   88712.92   74355.55   80744.00   95384.21  103835.52  103777.80   88405.23   75286.33   89617.21  103284.55  133734.30  178962.05  197528.16  197493.40  162448.16  122263.47  101532.76   82552.88   73831.52
  22802.38   25910.03   37814.36   55810.18   81635.63  104909.15  107143.31   99598.89   88295.21   76039.65   63899.24   80569.92  124393.74  149278.05  145826.34  132247.38  120319.74  107642.19   85678.22   76360.26   78671.67   77684.17   71427.13   66313.00   76717.41   93792.09  105556.90
  24653.49   28396.05   40887.52   52502.76   65469.31   83799.57   93255.55  104225.88  103635.95  105165.20  118733.11  126114.98  123433.41  118370.21   99279.77   86276.78  135293.51  207915.78  249486.88  263859.26  241493.10  207300.26  163664.96  126595.78  119568.03  121667.55  141405.65
  25237.80   28975.21   40728.81   56441.86   77062.54   99093.79  106134.71  105884.07   96202.82   91330.21   99160.74  104170.86   95347.94  121803.43  175067.09  197758.76  185204.36  171918.13  165131.03  158283.88  136115.67  111036.25   83220.48   53985.89   49816.76   55726.46   66533.08
  29448.01   33719.86   46666.96   69513.42   92635.38  115215.14  120191.22  115262.53  101893.12   84085.75   74928.34   73732.52   77157.90   86467.02   80063.32   74081.77   93997.99  106384.29  106713.74  129709.00  164010.36  186701.30  196397.03  189794.80  166004.02  159023.18  168410.21
  26177.49   30319.03   42731.51   53875.32   42833.04   36645.72   45706.65   53228.58   50431.06   46133.89   56581.40   69563.92   73407.73   76565.76   70110.09   68393.11   77726.08   82351.71   81629.12   83595.59   88708.92   86030.44   67573.58   59806.81   68079.65   81430.04   98263.29
  26270.83   29403.21   41505.07   63312.96   94186.18  119925.16  122179.93  113228.73   96303.39  101531.59  131285.39  147302.65  149377.69  151899.27  152724.76  151707.79  130079.13  108128.17   79255.40   60068.36   66697.52   66351.91   55962.69   41147.20   36365.84   33141.96   47416.16
  29044.42   32625.52   45133.53   57922.79   70051.46   79557.43   91117.15  106651.59  127540.89  157794.41  180534.89  200252.10  208443.84  203937.55  186528.75  162234.59  124624.40   86600.65   65884.63   54329.05   62871.02   75063.01   87768.22   98306.08  101311.27  113236.44  138590.97
  27952.23   32448.48   45512.66   60061.93   78481.45   99660.89  111262.48  114301.05   90702.07   74724.74   92413.18  115835.57  127029.62  131876.29  113751.63   93441.41   79197.79   67749.63   64396.77   62059.44   70203.44   87260.60  105021.59  114090.07  112039.68  105949.58   97797.47
  25266.52   28635.19   40696.75   64747.84   88478.58  103197.98   90493.76   87472.12   83891.87   77318.78   75966.44   73941.76   57580.57   43884.25   75406.28  114290.05  122912.71  118556.39  111668.97  101446.39   99920.87   96075.21   94550.24   95880.25   92556.90   83969.79   74993.22
  26685.80   30843.38   43459.86   55885.07   61868.33   70852.51   74297.75   76114.12   85098.21   90904.36   84446.02   75301.76   71634.94   69526.55   84675.42  113117.61  155572.92  264457.12  401057.58  488046.54  455211.75  376458.39  286035.52  192677.79  153636.63  129847.13  130392.66
  29213.68   33616.88   46653.26   66745.06   87550.66  105764.48  104746.38   96244.90   76990.12   59134.67   55483.12   62844.19   86946.58  105111.49   95572.41   92953.08  110109.45  121230.73  121316.87  118751.36   89060.83   98204.56  149033.21  167386.79  160691.28  145188.20  109564.74
  28456.26   32150.95   44921.16   60454.21   71583.60   75906.88   68769.45   68281.59   76978.66   88953.83  100622.00  123778.97  157342.89  178315.38  181619.67  179190.54  163431.65  145519.63  133398.59  122154.03  112848.32  109249.13  103797.40   92707.09   89149.92   89388.60   87204.25
  27992.40   31377.67   44083.61   59605.49   75223.23   90104.44   89503.92   85871.26   89438.39   90146.18   95026.08  114126.34  132321.03  137158.57  117042.81  100839.85   98601.49   93307.36   82882.77   76020.35   80005.60   84978.24   91845.47   97456.09   99376.71  111485.97  126015.01
  25257.70   28924.43   41616.76   63176.05   95871.09  139262.29  154980.86  150426.88  140734.80  129206.84  102803.26   80867.62   83137.02   87086.09   84498.81   76200.02   68647.05   68088.00   72459.05   95082.84  138250.71  169697.76  184505.05  190076.66  178099.85  156605.69  124881.85
  27373.46   31486.29   44605.23   57946.28   66979.84   75000.79   62334.26   58757.83   78629.50  100371.11  122047.91  134693.68  122437.25  106957.79  100743.88   97325.30   87838.28   86756.03  111153.00  140976.08  146993.81  151223.43  153344.19  142281.31  130796.43  130842.14  147861.30
  30096.56   34903.69   47906.67   59796.92   67215.71   71345.96   59594.36   52237.46   59376.10   79027.65  107314.07  123236.86  122822.14  117677.89   96637.93   77217.52   75031.15   83687.18  102947.05  116859.07  114680.78  112009.36   90979.75   71717.24   83330.46  116566.53  153678.29
  24580.27   28268.26   40722.28   52618.34   59650.96   72009.07   97443.40  123710.88  106933.00   81200.54   69460.50   59023.00   58475.57   60253.01   76413.71  101509.68  139396.81  177713.30  183370.31  176156.93  156794.84  139459.52  127022.36  109592.16  103535.86  100525.72   96753.38
  30138.69   34764.99   47314.72   62496.73   78499.12   91997.41   93954.47   92880.33  106523.28  132321.90  149447.04  168542.67  183515.34  186269.06  185141.06  183922.64  161759.94  131783.98  116809.82  103629.07   80983.86   68979.80   77757.29   83393.25   81377.68   87527.37  100508.09
  26759.69   30666.32   38369.01   45862.06   49544.54   53664.55   51267.54   56016.71   68743.99   76135.87   84555.07   96304.13   96295.94   96528.23  100727.90   95092.76   80438.19   81262.09   96838.69  105382.22   90968.09  105772.75  153669.67  173783.28  163911.78  142599.16  120134.26
  26581.09   30258.48   43348.52   71427.45  103557.41  128024.34  135949.57  141005.07  143723.13  147283.38  141557.56  128732.05   92003.60   56435.62   31967.03   12516.92   26353.89   59056.21   98849.18  136965.03  165816.57  182228.53  174876.48  157540.15  145947.23  146147.78  142699.43
  24226.29   27529.05   40830.09   56607.56   71798.31   91064.05  108949.62  121811.17  156822.09  201318.69  203245.92  194374.49  188087.19  169050.29  148448.28  141223.54  149239.35  153000.23  145788.75  142307.89  138628.44  136521.69  145690.87  147359.08  134878.73  121278.35   96594.96
  26100.86   30277.31   43405.14   69085.61   96275.93  110835.82  117463.71  129218.79  131891.96  128935.01  117475.60  104158.08   89539.31   79300.22   76670.62   77865.39   82037.58   82174.43   77621.83   72306.87   59031.97   55298.67   80029.53  105840.62  132021.03  169636.47  189833.79
  29053.97   32827.61   44110.09   55138.07   67480.34   88882.98   98435.38  103937.76  122515.60  164168.57  189565.02  185522.31  167634.06  148211.57  119213.74   89490.02   75289.81   64523.01   59554.34   52720.83   54058.80   56239.00   53795.20   58222.10   72095.21   80023.73   87297.84
  26783.24   30796.61   43035.58   55287.78   65838.36   76397.66   88386.30  106298.73  126535.62  145540.42  145779.86  138811.59  112901.20   92194.88   83388.88   76134.13   81247.82   89578.53  100977.58  101768.67  104883.70  119377.21  136292.41  155675.62  158971.06  149779.93  125440.70
  25371.65   29219.18   42158.66   61979.46   81934.62   99106.81  100092.63   93822.81   83362.03   72830.63   58990.62   72021.06  108127.91  126546.75  121881.71  112250.92  110016.35  106199.13  104661.49  107738.02  103307.28   97797.86   96255.41   96462.76   98891.96   97113.41   84807.51
  22355.18   25695.07   38064.32   55147.70   69689.23   81451.73  104368.51  141585.59  153505.59  148116.95  128126.40  112644.50   96848.81   74334.70   73210.07   73078.81   62991.78   54830.41   57338.95   60293.67   58699.30   58042.86   75589.60  102562.41  120508.04  130377.75  124002.08
  23426.02   27295.08   38963.36   51821.82   62051.15   70435.29   69697.08   66547.65   61376.60   68355.59   88179.61   99165.43  108057.50  115286.70  100205.20   85296.87   85627.32   86546.76   96338.31  110731.60  122107.19  129356.55  116491.80  108469.55  114046.39  110050.14   95582.04
  26696.18   30642.64   42000.51   51466.11   60045.14   76882.46   88100.24   98816.29  111541.05  118195.64  118981.08  123312.19  124658.79  121574.01   93462.69   80527.86   88884.57   84421.29   85436.52   89358.31   87240.82   82138.15   79585.49   75886.32   77787.12   85387.08   88331.17
  31453.20   36055.63   47215.70   63846.46   84109.88  111730.96  114517.27  104008.36  101061.04   97262.72   95014.13   90112.05   87672.26   85395.03   91505.86   98034.20   84075.88   70317.02   62710.92   58766.73   57240.62   56293.01   60468.36   63666.56   69713.46   86522.75  109758.42
  25152.40   28099.88   39972.93   70603.49  109205.60  130358.17  128268.27  157867.65  217657.45  260957.39  268749.81  257838.34  227583.80  198786.72  178542.44  165527.16  156624.47  175412.56  225158.73  256612.37  259662.04  253385.15  230411.47  199586.39  168211.31  137300.88  103626.43
