FL 2019 2020 2021 2022 2023 2024 2025 2026 2027 2028 2029 2030 2031 2032 2033 2034 2035 2036 2037 2038 2039 2040 2041 2042 2043 2044 2045
 1    4109.00    3559.25    3559.25    3860.01    3860.01    7397.54    7397.54   14032.79   14032.79   12296.59   12296.59    4786.32    4786.32    5299.60    5299.60    6282.28    6282.28    3043.19    3043.19     904.13     904.13    2251.79    2251.79    6433.81    6433.81   11516.27   11516.27
 2     783.00     677.95     677.95     735.24     735.24    1409.06    1409.06    2672.91    2672.91    2342.21    2342.21     911.68     911.68    1009.45    1009.45    1196.62    1196.62     579.66     579.66     172.22     172.22     428.91     428.91    1225.49    1225.49    2193.58    2193.58
 3    3537.00     735.21     826.00    4523.21    4596.43    1193.72    2458.52   17086.27   10577.15    1643.87    1387.03    5340.98    4943.45     748.84     713.07    5659.79    5659.79     386.28     386.28     416.45     587.40     889.35    1219.99   12219.31   11585.68    1555.48    1044.40
 4    1379.00    1392.70    1341.18    2205.68    3663.61    4131.16    2956.22    2202.23    1082.10    1232.86    1191.55    1186.16     852.68     844.01     802.63     948.36     948.36     581.42     581.42    1221.55    1333.46    1647.63    1525.14    2387.35    1664.97    1766.28    1125.39
 1    4109.00    3542.15    3542.15    6073.45    6073.45    4863.01    4863.01    4737.35    4737.35    5218.29    5218.29    2914.76    2914.76    3147.61    3147.61    2653.27    2653.27    4366.82    4366.82   21072.28   21072.28    9931.61    9931.61    2403.32    2403.32    1445.60    1445.60
 2     783.00     674.70     674.70    1156.85    1156.85     926.29     926.29     902.35     902.35     993.96     993.96     555.19     555.19     599.54     599.54     505.38     505.38     831.78     831.78    4013.77    4013.77    1891.74    1891.74     457.78     457.78     275.35     275.35
 3    3537.00     963.32     800.96    9797.23    8283.04     709.73     781.91    5654.05    5788.58     945.55    1212.50    7267.28    6825.56    1153.66    1236.35    3586.10    3695.95    1073.24    1882.24   25981.42   15784.79     427.88     342.25     342.25     342.25     307.91     614.16
 4    1379.00    1371.32    1206.82     728.96     791.71    1235.63    1369.94    1203.33    1414.82    1380.91    1321.34    1270.60    1111.59    1277.71    1357.15    1536.37    2304.63    2157.84    2261.86     821.23     626.43     973.79     749.25     749.25     749.25     702.31     822.93
 1    4109.00    5205.35    5205.35    5414.18    5414.18   11091.70   11091.70    5177.17    5177.17    4113.65    4113.65    5300.53    5300.53    2433.35    2433.35    5439.13    5439.13    5526.91    5526.91    4860.70    4860.70    7985.21    7985.21    3558.79    3558.79    4943.40    4943.40
 2     783.00     991.50     991.50    1031.27    1031.27    2112.70    2112.70     986.13     986.13     783.55     783.55    1009.62    1009.62     463.50     463.50    1036.02    1036.02    1052.74    1052.74     925.85     925.85    1520.99    1520.99     677.86     677.86     941.60     941.60
 3    3537.00    1422.99    1522.82   10266.15   10463.65     820.93     644.58    3464.11    3778.28     624.17     827.60    5450.38    6276.33     610.20     732.72    6274.62    5067.13     619.00     809.71    5006.54    4117.71     808.60     766.72    2141.84    2621.69     791.50    1130.75
 4    1379.00    1364.32    1578.33    1532.71    1200.92    1129.99    1087.07    1069.39     968.57     947.20     864.84     916.54     945.25    1046.59    1181.71    1095.70    1072.03    1147.65    1263.38    1026.45     728.28     855.60     987.71    1317.83    1572.87    1469.62    1148.91
 1    4109.00    1691.38    1691.38    6601.98    6601.98    5539.84    5539.84    2520.21    2520.21    2583.50    2583.50    4268.42    4268.42    5342.11    5342.11    6369.59    6369.59   10394.08   10394.08    6816.81    6816.81    9356.42    9356.42    9064.90    9064.90    4593.20    4593.20
 2     783.00     322.17     322.17    1257.52    1257.52    1055.21    1055.21     480.04     480.04     492.10     492.10     813.03     813.03    1017.54    1017.54    1213.26    1213.26    1979.82    1979.82    1298.44    1298.44    1782.18    1782.18    1726.65    1726.65     874.90     874.90
 3    3537.00     801.62    1165.60    7303.29    6574.47    1063.82     995.91     885.37     942.26    1425.98    1527.68    8198.06    8633.74    2168.69    2655.49   11231.20   10137.83    1575.64    1215.19   10357.28   10841.54     843.96    1282.90   14555.52   11414.80     421.44     653.68
 4    1379.00    1444.10    1443.58    1165.74    1077.39    1160.42    1104.49    1498.15    2188.42    2558.56    2310.46    2161.12    2013.96    2074.13    1884.61    1380.13    1556.55    1584.09    1450.90    1511.22    2109.49    2035.75    1571.75     500.38     465.43     801.41     913.90
 1    4109.00    3185.03    3185.03    4402.40    4402.40    9050.12    9050.12   18153.37   18153.37   17461.29   17461.29    4025.41    4025.41    2283.20    2283.20    8315.54    8315.54    6467.08    6467.08    2654.19    2654.19    8705.47    8705.47    8664.35    8586.04     495.73     495.73
 2     783.00     606.67     606.67     838.55     838.55    1723.83    1723.83    3457.78    3457.78    3325.96    3325.96     766.74     766.74     434.90     434.90    1583.91    1583.91    1231.82    1231.82     505.56     505.56    1658.18    1658.18    1650.35    1650.35      94.42      94.42
 3    3537.00     823.61     938.22    5023.19    5694.28    1164.49    1176.56    7750.74    6825.27     772.00     913.45    6071.71    8678.61     354.32     807.64   16685.71   10817.06     685.85     434.42     550.27    1010.37   12837.51    8797.91    8797.91    7742.01    3107.22      71.02
 4    1379.00    1413.42    1484.88    1560.02    2063.28    2028.33    1921.11    1693.48    1800.09    1490.53    1006.29     717.42    1351.74    1463.35    1416.53     931.08     565.80     861.47    1422.56    1272.90    1261.18     686.83     532.51     532.51     532.51     532.51     721.01
 1    4109.00    6033.26    6033.26    7957.49    7957.49    6393.62    6393.62    2982.67    2982.67    5524.60    5524.60    3746.82    3746.82    5757.91    5757.91    6307.22    6307.22    3158.69    3158.69     933.24     933.24    2222.22    2222.22    8322.01    8322.01    2620.93    2620.93
 2     783.00    1149.19    1149.19    1515.71    1515.71    1217.83    1217.83     568.13     568.13    1052.30    1052.30     713.68     713.68    1096.74    1096.74    1201.38    1201.38     601.66     601.66     177.76     177.76     423.28     423.28    1585.14    1585.14     499.22     499.22
 3    3537.00     746.72     885.95   12569.47   10251.98     432.85     465.90     543.19     606.11     886.82    1211.54    7210.20    5422.99     818.29     910.35   10985.43    7877.19    7877.19    7877.19     451.14     642.01     528.85     699.27   10523.36    7675.21     746.59     767.61
 4    1379.00    1271.57    1417.24     993.83     734.10     904.62     954.32    1324.66    1729.41    1525.00    1280.89     972.66    1112.61    1135.03    1136.70     360.48     266.83     266.83     266.83     652.36    1190.28    1405.34    1461.49     908.97    1179.33    1492.33    1261.52
 1    4109.00    5621.15    5621.15    3197.04    3197.04    3761.14    3761.14    3446.06    3446.06    3305.15    3305.15    2063.29    2063.29    2152.46    2152.46    8909.21    8909.21    4343.26    4343.26    2327.09    2327.09    4981.28    4981.28   11128.19   11128.19    7016.39    7016.39
 2     783.00    1070.70    1070.70     608.96     608.96     716.41     716.41     656.39     656.39     629.55     629.55     393.01     393.01     409.99     409.99    1696.99    1696.99     827.29     827.29     443.26     443.26     948.82     948.82    2119.66    2119.66    1336.46    1336.46
 3    3537.00    1346.62    1086.49    4383.11    4743.82    1169.57    1078.10    4060.07    3613.31    3613.31     540.10     539.69     655.24     909.53    1166.89   10380.86    7655.20     566.41     556.74     663.42    1221.16   14754.50   14342.86    2188.84    1924.24   17595.87   13421.95
 4    1379.00    1368.61    1383.10    1237.79    1058.51    1072.36     830.90     595.32     501.69     501.69     694.41    1116.37    1276.72    1305.71    1069.56     659.75     467.08     855.53    1794.35    2511.50    2390.27    2741.65    2329.91    2202.14    1737.90     519.01     462.68
 1    4109.00     949.87     949.87    1327.79    1327.79    4143.22    4143.22   11075.06   11075.06    6966.96    6966.96   15280.19   15280.19    8004.15    8004.15    3437.74    3437.74    9284.81    9284.81   24346.48   24346.48   12294.28   12294.28    1558.79    1558.79    2095.17    2095.17
 2     783.00     180.93     180.93     252.91     252.91     789.18     789.18    2109.54    2109.54    1327.04    1327.04    2910.51    2910.51    1524.60    1524.60     654.81     654.81    1768.54    1768.54    4637.42    4637.42    2341.77    2341.77     296.91     296.91     399.08     399.08
 3    3537.00     721.13     847.01    1202.41    1143.58    7548.52    7461.75     844.08     992.64    7459.16    8150.02    2041.90    1232.62    8510.77    6979.36     409.07     534.52     818.39    2011.98   24865.98   18839.31     423.12     465.05     156.97     496.21     453.75     860.30
 4    1379.00    1275.47    1204.10    1156.36     965.02    1028.29    1540.22    1958.64    2174.11    2476.48    2237.99    1788.51    1228.37     682.01     637.33    1205.27    2717.07    3092.68    2781.81    1966.37    1218.59     895.24     778.24     771.27    1035.84    1472.28    2332.06
 1    4109.00    5379.53    5379.53    9394.77    9394.77    4678.67    4678.67     924.46     924.46    5757.44    5757.44   11179.01   11179.01    8572.41    8572.41    4092.40    4092.40    2115.96    2115.96    2091.01    2091.01    2736.89    2736.89    4025.87    4025.87    9292.21    9292.21
 2     783.00    1024.67    1024.67    1789.48    1789.48     891.18     891.18     176.09     176.09    1096.66    1096.66    2129.34    2129.34    1632.84    1632.84     779.50     779.50     403.04     403.04     398.29     398.29     521.31     521.31     766.83     766.83    1769.94    1769.94
 3    3537.00    1226.26    1864.69   15208.54   10648.50     254.85     256.16     463.11     748.77    1241.95    1851.63   18281.61   15117.71    1247.93     974.97    4754.81    3885.67     546.32     792.77     870.85     769.52    1523.77    1623.86    1259.17    1889.32    2869.17    3942.93
 4    1379.00    1478.89    1524.56     608.38     600.63     945.17     995.66    1761.08    2617.89    2847.88    2385.49    1244.50    1202.14    1160.08     864.48     609.90     667.55     857.00     912.41    1042.32    1113.08    1212.74    1840.01    4680.27    6060.18    4875.40    3437.35
 1    4109.00    5736.19    5736.19    4555.78    4555.78    4382.07    4382.07    4399.63    4399.63    3500.11    3500.11    2708.24    2708.24    3537.53    3537.53    4969.73    4969.73   10006.46   10006.46    8102.09    8102.09    8130.28    8130.28    1897.90    1897.90    1509.35    1509.35
 2     783.00    1092.61    1092.61     867.77     867.77     834.68     834.68     838.02     838.02     666.69     666.69     515.86     515.86     673.82     673.82     946.62     946.62    1905.99    1905.99    1543.26    1543.26    1548.62    1548.62     361.50     361.50     287.50     287.50
 3    3537.00     968.46     925.04    5301.69    7100.10    1284.85    1101.94    9990.67    9311.21     538.82     575.31     752.11     794.57    4194.66    4777.62     829.62    1238.63   17007.20   13910.59    1295.44     741.90    8029.03    6633.28    6633.28     132.39     246.51     513.69
 4    1379.00    1251.49    1552.79    1745.73    1555.92    1144.30     857.87     463.59     447.53     960.35    1050.52     920.80     885.08    1459.69    1783.47    1997.54    2243.57     938.95     584.20     900.25     782.42     458.26     398.49     398.49     933.30     955.68     933.86
 1    4109.00    2409.79    2409.79    3463.61    3463.61    5487.64    5487.64    6289.67    6289.67    5862.78    5862.78    5162.39    5162.39    9769.91    9769.91    9524.59    9524.59    9791.17    9791.17    4981.28    4981.28    6128.43    6128.43    4236.54    4236.54    5727.41    5727.41
 2     783.00     459.01     459.01     659.74     659.74    1045.26    1045.26    1198.03    1198.03    1116.72    1116.72     983.31     983.31    1860.94    1860.94    1814.21    1814.21    1864.98    1864.98     948.82     948.82    1167.32    1167.32     806.96     806.96    1090.94    1090.94
 3    3537.00     774.78     991.24    5225.45    5154.17    1186.54     854.81    1270.30    1401.88    7400.66    7846.62     578.92     655.72    5411.95    5631.29    1464.22    1678.86   15913.64   14565.57     945.26    1054.30    6438.83    5179.04     767.16     931.18    7164.29    6437.33
 4    1379.00    1406.80    1355.44    1197.23    1267.82    1398.70    1511.84    1396.75    1079.64     770.79     928.14    1726.69    2119.90    2262.99    2313.09    2079.82    1837.88    1287.51     893.11    1187.77    1211.34     905.00     957.03     866.34     841.88     602.62    1245.28
 1    4109.00    3878.03    3878.03    5945.48    5945.48    7120.34    7120.34    5946.40    5946.40    2986.83    2986.83    2528.06    2528.06    7945.01    7945.01   13494.56   13494.56   10757.67   10757.67    4643.56    4643.56    5713.55    5713.55   10154.76   10154.76   14636.62   14636.62
 2     783.00     738.67     738.67    1132.47    1132.47    1356.26    1356.26    1132.65    1132.65     568.92     568.92     481.54     481.54    1513.34    1513.34    2570.39    2570.39    2049.08    2049.08     884.49     884.49    1088.30    1088.30    1934.24    1934.24    2787.93    2787.93
 3    3537.00     670.00     865.71    6183.29    5902.10     941.66    1041.52    8042.95    5542.85     312.07     373.13     623.88     955.57    7942.67    8063.58    2007.92    1487.44    8707.17    7914.01     665.34     987.53    6157.41    5966.78    1223.64    1361.78   11961.63   11660.62
 4    1379.00    1417.48    1358.49    1304.75    1097.43    1065.44     888.54     559.42     584.57     808.07    1388.80    2023.72    2786.47    2245.82    1778.07    1603.38    1403.18    1240.43    1173.30    1512.24    1656.48    1592.58    2021.09    3055.05    2853.87    3226.07    2820.15
 1    4109.00    4081.77    4081.77    2908.75    2908.75    3365.67    3365.67    2529.45    2529.45    5726.49    5726.49    6350.65    6350.65    5232.61    5232.61    1899.28    1899.28    2090.09    2090.09    3137.90    3137.90    5456.68    5456.68    8106.25    8106.25    5065.37    5065.37
 2     783.00     777.48     777.48     554.05     554.05     641.08     641.08     481.80     481.80    1090.76    1090.76    1209.65    1209.65     996.69     996.69     361.77     361.77     398.11     398.11     597.70     597.70    1039.37    1039.37    1544.05    1544.05     964.83     964.83
 3    3537.00    1070.22     801.27    3665.79    3670.91    1072.71    1112.12    2355.09    2355.09    4856.44    3628.93     825.12     808.77    7167.76    5408.11    5408.11     176.74     267.96     498.24     579.16    1235.35   11295.41    8800.57     528.53     481.87    2341.53    3899.23
 4    1379.00    1260.79    1164.67    1075.03    1572.75    1852.04    1507.70    1211.65    1211.65     620.82     766.29     804.56     869.25     437.94     415.60     415.60     659.47    1236.71    1384.27    1178.97    1138.34     466.92     433.28    1015.77    1400.11    2399.99    2449.40
