2019 2020 2021 2022 2023 2024 2025 2026 2027 2028 2029 2030 2031 2032 2033 2034 2035 2036 2037 2038 2039 2040 2041 2042 2043 2044 2045
  25959.53   25118.94   25100.33   24073.78   25780.21   32333.07   35704.19   35532.95   22777.04    9864.71    3213.74    3273.86    4365.58    3123.66    2106.42    3271.72    3917.05    2511.26    1705.35    3842.90    6518.10    7287.20    5796.17    6476.30    9353.06   12651.11   13932.72
  26666.73   25889.19   25436.23   23665.09   15572.45   11043.11    9924.91    8102.23    8052.96    8720.66    8562.19    8191.30    8008.91    7655.64    7795.43    7256.56   10187.76   18385.29   23489.18   27025.30   15018.31    7227.88    3916.71    1039.39    1601.41    2694.25    3769.74
  27337.97   26615.99   24119.79   22096.07   18207.95   13673.77   11239.19    9474.75   10822.10   11431.06   11691.51   12224.58   13051.06   13276.95   14469.36   15865.88   15620.43   15726.02   15685.80   15566.08   14975.17   13621.88   11469.22   11128.63   14761.17   17886.29   18733.30
  27375.08   26940.54   28191.16   28359.76   21339.77   15463.51   11602.86    8634.94   10364.66   17168.45   22609.65   28382.28   33182.60   34869.24   33044.71   29922.53   28247.44   27376.07   22677.22   19527.11   21480.62   24368.00   21480.49   17287.52   12708.57    8442.33    6380.28
  27413.16   26481.38   26437.04   25636.38   23288.72   21858.19   22053.51   22062.53   17437.82   13483.28    8261.51    2269.54    4737.46    8240.89   12648.83   16583.41   16717.32   15647.74   15882.86   17222.52   17902.77   17642.59   14970.80   11620.37    7904.52    4994.38    6674.76
  27916.22   26974.74   24914.94   21974.69   13232.73    5076.13    2298.91    3889.45    7856.51    8964.38    5555.26    2517.73    3055.33    4485.53    5103.09    4659.24    2854.99    1799.45    2645.34    3174.39    3851.48    6679.79    8031.00    5286.59    3241.00    5878.89    7501.79
  25293.69   24733.79   22196.65   19671.79   18253.90   15417.02   12499.49    9376.70    7083.24    4728.52    3006.65    3297.22    6264.46    8125.97    8711.04    8664.15    7059.25    4815.38    7096.56   13165.02   20443.39   28121.20   34136.77   37424.91   29447.21   21656.88   14900.61
  26166.07   24685.14   26173.31   26417.97   25179.07   23325.75   21770.59   22315.90   22368.91   23793.70   25564.41   25641.85   21872.49   16852.92   14258.11   11550.28   16634.95   26045.87   29441.19   31592.06   19596.05    8748.47    2491.39    2343.35    3997.15    5850.80    9637.57
  26381.36   25495.33   22201.70   18333.56   10133.86    4141.31    3729.18    4985.00   11027.50   19987.06   26032.09   29386.63   25091.60   20549.99   15161.40    9284.15    5366.89    3155.01    4300.75    3641.46    4058.73    5274.61    4580.80   12806.33   31504.92   45925.63   51708.59
  25129.66   24252.08   22459.40   22291.04   20465.06   16285.15   11894.59    7704.57    5114.98    3263.16    3956.05    4038.53    2796.65    3610.58    6990.44    9993.38   16615.54   21801.97   22345.93   20742.58   17673.52   14651.21   10601.79    6870.29    7520.16    8852.42    9282.80
  27619.19   26805.37   27053.33   26277.08   20343.54   15671.06   16253.90   16826.52   16249.02   15514.96   15100.75   16976.08   21578.24   25155.75   23388.18   22105.96   22273.01   22473.36   19402.30   15837.82   13261.59   10509.18    8303.72    6271.37    4788.34    3213.45    3065.55
  24999.65   24123.67   23497.60   22635.72   17225.44   11235.51    5693.75    1791.88    2203.44    2946.89    4999.22    9186.75   17338.73   25516.79   28565.73   29260.27   19822.70   13217.82    9143.31    6782.67    8452.64   11514.90   15249.39   23129.75   28893.11   32061.47   33785.53
  23892.22   22507.37   20770.03   17772.36   13811.62   12898.26   15670.72   17095.71   17612.16   16973.33   15390.97   13759.43   12031.09   10511.52    8990.48    7820.37    7694.53    9504.24   12949.45   15089.30   16222.64   16760.43   16032.66   15421.59   13740.40   17005.30   22079.21
  24949.98   24200.58   23222.03   21255.74   10874.70    4638.90    6093.54    4759.60    4020.57    3181.55    5779.86    8924.69   12351.23   13886.87   12265.74   10624.75   12096.52   12503.93   18498.78   27030.36   31019.01   31805.96   26418.10   19732.09   15982.36   12282.34   10314.25
  22802.38   21334.82   20357.71   19577.74   17055.26   14970.27   12329.64    8391.89    4749.86    1476.59    2863.70    8427.97   16670.28   21916.28   22892.26   21945.42   20227.26   18173.11   15302.34   14122.63   13790.75   13031.61   12877.02   12752.12   13836.06   16148.51   19045.40
  24653.49   23669.07   23347.41   21709.85   18680.91   16812.48   15845.31   15371.00   12269.11   10032.31   13914.48   17007.97   18311.85   19084.38   15206.65   13027.33   21631.89   34312.80   41809.57   44854.63   33006.02   19542.16    6662.23    5008.50    7900.35   12878.99   19677.92
  25237.80   24329.11   20234.44   16644.40   17115.42   17880.28   14891.17   11004.71    8889.84    7833.16    7754.08    7240.66    7288.44   15879.97   26364.42   31917.45   26317.41   22448.25   22701.10   22744.99   18369.05   13635.96    8392.28    3037.73    2923.61    5274.96    5711.99
  29448.01   28920.55   28621.23   28550.29   23231.29   18909.34   20246.73   20017.78   17530.46   14280.86   13407.44   13626.04   13509.27   14463.93   15307.00   15150.75   18007.87   19438.64   19972.32   24099.56   28079.94   29928.60   31699.77   30933.74   27240.40   23423.70   25687.72
  26177.49   25658.79   25191.26   23349.99   14706.67    6911.04    6092.52    4976.27    5251.59    5259.23    6993.97    9209.37    9840.00   10341.60   10922.71   11989.45   13163.21   13484.41   13527.04   14051.83   14491.29   13606.02   11965.92   11365.10   11985.35   13482.32   15712.65
  26270.83   24754.89   23566.20   23153.63   19613.42   16132.23   11596.09    5690.47    2068.70    5888.24   11312.93   16359.59   18849.96   21589.32   23327.49   24503.61   21750.22   18635.60    8555.73    4115.82    5942.21    4065.44    2771.18    1911.11    2434.81    3116.59    4218.18
  29044.42   27848.87   27414.32   25883.53   22301.45   18414.34   18224.10   18955.04   21606.47   26343.07   30153.00   33626.38   32984.48   30647.09   28588.17   25200.22   19680.39   13745.36   10218.41    8027.73    9167.83   11036.99   13472.18   15647.97   16699.09   19041.79   23435.04
  27952.23   27639.59   27429.58   26300.24   23104.72   20992.47   20588.86   18895.27   16201.93   14025.83   16465.10   19958.82   21602.91   22209.44   19829.56   16888.45   14064.63   11546.41   11099.78   10868.63   11771.59   14243.21   17242.98   18759.35   18949.83   18432.04   18051.01
