2019 2020 2021 2022 2023 2024 2025 2026 2027 2028 2029 2030 2031 2032 2033 2034 2035 2036 2037 2038 2039 2040 2041 2042 2043 2044 2045
  25959.53   26051.37   25825.11   25754.68   24050.59   22932.89   24124.80   26584.75   24988.95   22747.58   19533.21   18315.56   18471.23   19492.29   20282.73   19466.58   14878.18   12263.56   13729.08   16278.29   18373.84   18931.47   19623.31   22396.77   23700.76   24741.41   24332.18
  25975.45   26096.72   26210.67   26238.11   24970.74   22987.89   20715.05   18854.23   17720.34   18039.67   19725.82   20473.39   24194.15   27610.61   28560.58   29050.87   27694.00   24934.70   23917.73   24758.76   21461.62   18536.91   18979.66   23272.13   30984.94   37015.05   39594.68
  25467.19   25159.79   24215.10   25611.75   27851.50   33993.46   37406.95   34482.87   31119.83   27319.80   25424.41   24785.11   25246.50   25598.40   25893.34   24280.19   19795.73   20175.46   27418.67   31245.71   30301.24   28276.32   23676.42   21361.68   22327.69   20080.26   17632.36
  25289.83   25243.07   26730.05   26388.32   22115.60   18592.88   34904.42   61247.35   69594.33   70376.89   66497.41   57556.66   48803.46   53011.09   71592.11   81912.28   79513.37   70584.82   50164.47   31578.42   21108.59   14317.68   14072.65   20584.01   31852.51   36400.77   38161.00
  26039.35   26088.90   26381.29   26005.24   24939.41   33858.62   46155.24   50660.96   39913.87   34072.26   40840.74   45866.46   50437.98   50142.48   41110.75   29868.51   20901.45   13897.21   15720.41   23395.64   32382.11   36930.28   33982.32   32706.11   33604.46   33368.35   31717.32
  29351.88   29700.03   27460.32   27365.61   28575.22   29714.89   30379.14   30028.68   29818.96   28793.48   27390.59   25787.92   25669.12   25712.80   23877.84   20897.88   18255.40   22842.89   35756.80   43109.23   40529.29   35803.11   26386.75   17937.58   13020.88    8804.44   12268.41
  25822.80   26060.51   24874.29   23093.60   24139.55   25950.37   26518.59   24362.83   24449.98   27128.52   27647.68   29798.72   34994.82   40578.18   42923.89   43892.94   37108.10   29277.49   28801.30   30658.64   39029.91   47400.90   48344.52   44727.61   35160.31   25495.16   24191.86
  24991.85   24449.98   26298.37   26490.83   34998.72   49030.83   51104.21   48639.56   34735.35   23792.80   21446.11   17847.25   14248.59   10505.71   14877.60   22406.44   27973.72   42297.96   53216.73   52080.20   36038.37   20173.66   16643.11   15705.09   20242.46   26195.85   32367.49
  26551.78   26416.61   25205.87   24372.01   21307.22   17683.59   16909.51   15638.88   16283.71   16926.86   17383.91   18095.61   20232.11   24219.08   28753.58   31982.02   35522.86   40075.60   39688.59   37508.80   35375.30   34134.85   35038.08   38266.15   40028.00   40897.84   43848.19
  26856.33   26723.11   24544.93   21365.04   18942.16   16422.01   14522.02   12267.24   11522.69   12254.87   14840.11   17194.95   18076.87   20314.58   22302.46   21733.87   21238.90   21062.84   20865.19   23483.17   28521.76   31919.96   27723.28   22264.59   26196.59   34495.69   35864.87
  26666.73   26817.68   27920.58   28097.02   29254.31   29797.32   26838.89   22702.68   19130.69   16453.41   17880.74   20153.57   23434.34   27688.77   27403.84   25885.82   23613.55   20574.94   21419.89   24516.50   30265.20   36668.30   37984.62   36116.76   30858.02   24132.74   16612.56
  26098.35   26266.96   26080.69   24514.89   20160.84   16801.63   16011.98   16594.49   20154.20   22589.14   23909.78   28157.91   32404.30   33097.63   32583.00   33154.10   29081.07   27495.57   31769.72   36442.37   37295.59   33131.02   26997.63   22709.83   18420.46   15614.87   17373.18
  26048.27   26011.29   24865.40   23082.64   23772.06   27690.57   30572.53   29313.55   32682.11   37619.51   35663.47   32031.09   23244.81   16362.53   23184.87   34532.49   40016.76   40110.26   39402.97   45496.47   49755.41   49578.73   46853.56   46576.49   39309.51   29907.62   25658.65
  24483.34   24136.95   22836.65   25560.85   30024.69   44348.91   59275.45   58195.84   37159.35   16939.21   10109.91   19467.92   44177.72   53700.50   52688.49   50242.61   42749.45   42929.92   52840.45   55564.01   52720.38   45718.34   32988.78   21287.30   16228.69   14761.18   21081.16
  30409.17   31412.83   28579.90   27328.80   31277.92   35740.73   37680.77   38381.96   39369.93   40278.14   40953.35   38934.61   39441.08   40614.67   36883.04   33306.22   34694.53   36379.25   35078.08   31344.73   23535.51   18536.47   19750.23   20636.49   22279.65   30948.82   46613.48
  28278.60   28753.38   27161.48   31326.41   38385.00   40817.34   35455.91   28479.16   20318.61   13420.95   12571.30   12125.10   13321.85   13895.19   16560.54   19566.41   21497.90   24146.84   25794.65   25606.13   23272.08   23273.52   25453.93   25716.61   26561.20   27638.17   25396.08
  28329.41   28845.12   26277.37   26906.13   31406.89   39067.01   45087.48   51360.15   59802.61   59726.60   55898.19   52531.85   47074.25   40250.30   33387.39   28185.34   26480.29   27159.76   28092.73   31162.78   31533.67   27522.52   24370.01   30168.68   40352.29   42217.84   34986.06
  29696.28   30542.62   30433.63   30519.70   29902.04   28724.95   26204.42   23110.77   19539.61   16246.59   15794.99   16492.74   20301.13   25648.98   27090.39   28062.88   28450.22   28611.22   27525.37   26089.10   23064.08   21752.42   26196.57   32603.78   37202.79   36550.52   36542.74
  26904.66   27432.08   26297.41   29030.02   30513.61   29831.46   29084.10   26076.59   17489.27   13204.05   18080.47   19794.61   22109.94   24394.67   27110.99   33006.16   37595.40   38984.64   38121.36   36800.47   37322.02   36559.11   35506.76   38256.91   39688.02   39076.56   35429.97
  27754.21   27724.16   27245.64   26389.05   24077.72   23418.64   23606.85   21197.66   16506.55   15203.84   19403.60   22558.09   23304.08   22213.73   24077.98   28189.52   25730.66   21432.71   14408.54   15188.82   27996.65   41439.71   44112.20   39862.47   33139.16   28143.58   25999.70
  27337.97   27563.26   27295.24   47477.22   77259.42   84415.35   76503.40   65938.62   52796.54   40385.22   33753.38   31026.03   30336.86   29619.99   27909.85   33706.31   44742.13   48124.95   47264.50   49866.18   43100.28   30619.57   28244.19   28769.74   29763.56   30458.72   31133.91
  24720.35   24754.63   24499.51   23713.57   22891.69   22903.97   22446.44   23049.03   22791.02   21226.84   20955.17   19866.51   17754.14   16925.07   18605.34   20346.13   22379.95   27633.71   32873.10   35466.85   32833.93   29600.56   26788.50   24929.66   26250.24   25728.76   26102.04
  24274.19   23608.36   23684.09   23081.18   20865.80   20223.94   13176.79    8028.69   12032.92   14304.52   14804.55   20492.91   24572.21   24678.50   22260.62   19840.61   16286.36   11900.20   14488.88   15952.67   17599.34   23025.03   33737.65   42184.22   38849.66   39687.47   42063.40
  25756.42   25660.45   25073.87   24659.51   24035.64   21448.25   23685.31   29873.99   34343.49   36920.60   41127.82   47275.85   45805.72   39023.30   32071.36   28290.45   28603.13   33141.69   40135.99   40343.38   32360.99   24373.44   18508.55   13292.52   12692.03   15181.96   19176.16
  29426.21   29118.04   28031.99   27072.75   24649.54   21570.79   17803.60   14444.95   22460.07   36147.61   42607.77   42981.70   37100.53   32479.88   28242.69   23402.18   21426.46   20915.84   22674.42   23914.29   23766.96   24570.22   24113.16   22028.94   20360.86   40087.54   73089.28
  26734.77   26284.26   27180.11   29143.89   31630.64   32392.58   27611.30   24410.97   24616.41   25452.24   27408.83   25889.77   24750.25   24333.94   22277.21   22406.95   24915.03   28576.17   33615.21   35880.02   37443.07   39000.48   38227.47   37049.70   31624.18   26417.54   25335.15
  27078.40   27258.10   27868.97   28037.02   27545.86   26780.03   26124.36   25073.43   24435.20   23446.87   21516.53   19767.19   17822.88   17080.92   20572.39   24666.89   29129.01   36259.02   40142.58   39547.67   39089.10   43662.37   49033.02   54614.84   58172.64   59012.78   53684.66
  27402.71   27290.41   26914.72   28540.05   31921.60   36470.74   41602.41   43935.44   42508.09   41095.61   39453.28   37744.83   32157.06   27325.83   28414.92   30567.68   34741.05   39913.13   40066.85   38675.51   47807.74   64285.85   72111.33   69040.33   55521.80   43325.26   33332.71
  27325.87   27376.50   27793.13   29421.33   28942.37   25471.82   21016.60   17116.86   16345.97   15986.25   20766.44   26942.76   28020.99   27324.08   23345.33   19825.90   18728.06   16308.66   13570.37   15397.44   24606.75   32141.56   39660.45   46889.95   49163.56   48222.69   43171.50
  30111.08   30813.74   29644.45   30022.49   34826.80   37367.77   32195.49   24999.21   22882.13   28914.85   43565.26   55355.04   57800.97   55934.03   45570.28   36088.40   29823.60   22848.14   22995.57   22366.66   20672.96   19050.91   15397.70   13966.08   20562.48   29335.55   30721.76
  27375.08   27902.26   27562.45   27736.22   28213.72   27203.86   27493.25   27105.56   23448.69   21031.54   19513.12   17833.49   23923.33   31723.07   35607.47   40877.79   43168.67   43222.73   37733.68   31383.14   28469.89   27039.31   25198.59   28741.65   37770.86   43068.87   46794.76
  27305.77   28219.33   27994.44   27749.86   27556.16   25494.92   22603.38   20724.98   21781.05   22195.01   25216.93   28971.91   29429.42   27596.10   24902.95   34263.38   52874.08   59830.56   58714.92   56200.83   52020.98   45301.33   39461.00   39713.80   41286.83   38119.73   32827.53
  25628.43   26298.18   19774.06   21705.39   33694.46   39970.84   42027.30   45013.71   41259.47   33477.29   30897.82   29845.07   28202.12   28284.70   29554.27   27502.33   35169.29   46146.90   48520.15   49883.84   42237.62   34498.30   29279.46   24475.06   24136.32   21292.55   18835.29
  26627.21   27168.76   28498.21   28974.36   35391.95   46545.33   49335.20   47074.51   41605.25   36458.00   30691.57   23985.03   18503.21   15909.21   15696.61   16945.46   21442.84   26638.67   32737.75   34741.75   33252.33   31534.95   31037.04   30199.49   36310.80   48549.56   50893.72
  27041.67   27097.59   28949.54   32633.06   39126.31   44934.22   43782.21   39664.60   35462.75   32720.93   30208.00   27317.83   25023.16   24108.72   28792.64   38112.00   45087.07   50953.47   51222.60   47910.67   41749.70   34004.19   29928.74   26841.94   23723.93   22433.08   24208.62
  28837.28   29205.51   29073.39   28222.54   29022.07   30379.21   31122.49   33626.02   33124.56   30998.47   27430.23   22582.32   23879.98   29909.80   33218.11   32877.89   31677.44   32914.12   30732.35   27708.59   22663.52   18929.39   20809.68   19685.55   18406.61   18559.50   21026.20
  27268.07   27456.05   25407.92   25045.63   29124.70   31815.66   28864.28   24932.06   19593.87   21400.42   32267.09   39703.24   41739.30   39779.91   33240.31   29312.09   26659.77   23382.57   22158.96   20514.69   21664.32   24353.93   24780.21   25374.83   25756.01   23786.36   20765.94
  27150.14   27458.00   26158.55   27727.62   32080.99   33535.12   30468.56   26508.51   22893.15   23548.70   28030.36   30736.35   33965.57   37107.86   33335.11   26884.22   22193.67   24710.54   35165.06   42962.28   41869.60   38478.27   30766.56   26334.79   26816.95   23751.56   22392.33
  28681.81   29070.24   28584.97   27617.90   26965.91   31878.96   35764.06   34714.14   30300.95   27961.42   26476.68   23464.57   21503.70   20982.86   26062.52   32023.24   35995.37   38680.85   38168.46   36499.68   38223.91   43206.62   43628.80   43671.61   42032.30   36598.41   30231.07
  26666.78   26622.21   25867.93   24667.16   21332.00   21907.16   27988.03   30247.23   27144.50   23769.31   22479.44   23206.88   29083.19   33194.72   33020.57   29666.28   23341.37   18216.87   14985.63   18646.38   28357.51   33776.05   37645.67   41906.26   42155.28   38472.28   30338.25
  27413.16   27422.00   24765.05   23245.23   23475.13   22582.13   21555.93   21345.99   20952.36   22251.04   24278.10   23283.87   26186.79   33270.36   38825.01   46113.35   55601.52   60657.20   60374.57   60351.81   56684.09   49223.03   41248.27   33857.65   29961.69   27079.20   24709.91
  25014.09   25065.71   23139.94   23089.25   23938.53   21166.20   17940.56   15917.36   15465.64   14980.17   16863.60   18619.46   19053.10   21292.68   19348.46   14987.50   12141.18   11152.56   13710.94   15914.54   16551.79   16248.89   16703.67   21690.45   36639.50   52658.58   63876.70
  25311.86   25368.41   23490.30   21164.63   23403.22   28587.08   27432.59   32461.13   45507.66   50656.06   50718.79   47027.26   37643.10   27856.62   25090.50   25548.31   23818.82   20674.25   18124.19   17134.93   16430.18   15908.02   18834.78   23446.14   34153.62   47423.84   52642.42
  26328.10   26556.96   26138.33   25169.75   24992.16   24034.60   21931.75   19090.50   16155.39   14022.55   13155.98   12289.42   16856.29   24817.94   28938.04   32860.90   33134.64   29650.86   26619.57   23410.51   22536.93   24935.06   30077.56   33034.50   32745.29   34037.98   32768.45
  27868.90   28062.37   25304.00   23778.58   18784.99   13553.30   17623.38   22497.94   23292.42   21712.31   19615.09   20469.89   24393.31   25939.41   27684.92   32216.83   33658.75   34172.80   32175.16   28776.79   22345.03   19942.95   25598.83   28032.79   33121.26   40372.81   42207.96
  25840.41   25556.46   24416.99   22714.07   23875.43   27035.85   25928.24   24968.32   23513.47   22765.55   23109.64   27212.25   38476.12   46199.27   47031.00   46086.48   39146.39   34366.45   30217.34   27346.27   29279.32   30303.16   29440.97   25624.50   19319.79   15465.05   14805.18
  27930.34   28054.98   25870.48   24000.07   22982.85   23813.63   25818.26   27516.12   28739.32   29194.74   32871.10   35188.04   33811.52   30333.06   25687.33   21987.01   21772.28   27243.36   33861.31   34602.24   32214.32   29530.28   28271.50   28718.70   27535.92   28354.32   29083.08
  26723.98   26349.89   25753.92   23790.98   22112.75   21737.16   20273.69   18863.97   20375.10   23068.83   26709.52   29959.76   31861.14   33534.74   31210.17   26710.48   17810.37   14060.17   18940.93   24710.47   30486.19   30639.92   30110.21   31432.83   30575.60   30907.97   27155.98
  27163.84   27656.58   27734.16   27472.46   28365.37   28564.91   25747.08   23715.92   25648.74   27678.02   25860.09   23332.98   21836.06   22765.97   25222.53   25569.68   23247.68   22192.27   25299.60   29702.15   34927.95   40544.62   43685.09   41785.41   34656.99   28504.40   24651.23
  30056.55   30563.71   30191.65   29814.22   25935.93   27398.62   30758.38   28769.94   25115.53   25953.97   29209.02   29413.11   30990.19   29074.17   26532.14   25421.47   23332.71   21619.13   22141.45   23298.22   23774.70   24062.03   23609.01   22538.66   20930.66   20476.92   20955.58
