2019 2020 2021 2022 2023 2024 2025 2026 2027 2028 2029 2030 2031 2032 2033 2034 2035 2036 2037 2038 2039 2040 2041 2042 2043 2044 2045
  25959.53   26051.37   28471.00   30092.38   41334.14   60484.03   69438.36   71380.78   53054.98   37250.20   30681.79   25409.95   23116.61   19877.41   18807.81   19340.96   16330.65   11500.39   12090.27   15990.52   23560.87   31525.97   35683.62   42914.10   42021.71   37197.43   32354.54
  26666.73   26817.68   29331.43   30981.83   24399.18   21753.13   26745.78   29604.35   31201.25   33597.92   35361.46   36705.10   36555.73   35526.07   37721.17   37807.42   42264.78   51927.44   57319.72   60116.58   35447.10   18007.99   16198.36   12211.31   13047.81   14938.65   18260.01
  27337.97   27563.26   28410.73   31455.85   28865.53   23470.65   21345.95   20581.57   22656.80   22994.57   23451.85   24503.82   23146.45   20636.21   24098.76   27896.33   25491.05   24185.52   26308.55   28155.45   25899.47   22763.59   20171.76   21120.76   28894.31   35770.74   37426.56
  27375.08   27902.26   32099.45   35781.67   32204.04   27792.47   27930.65   28741.70   36190.48   48131.05   56208.21   64577.11   67183.14   64162.81   63614.85   60581.29   52302.57   46098.29   41794.09   39342.84   39707.18   42397.63   42654.30   39288.11   26981.27   17731.87   17978.55
  27413.16   27422.00   30094.53   32969.09   36396.03   40885.79   43905.16   46242.87   36965.46   29502.05   22375.76   13605.12   17967.90   24825.75   32550.41   38475.26   25492.13   15645.02   18997.83   25205.98   30061.73   33128.23   24782.74   16712.64   12048.83    8857.84   13655.68
  27916.22   27932.99   28662.52   29695.58   24507.76   19324.56   18558.00   20798.19   28459.45   34973.22   36606.99   35323.91   31528.98   29216.82   29529.17   29036.09   20360.72   13943.57   11147.56    9120.21   14093.08   23233.46   31058.13   35021.82   26449.26   23225.22   29875.06
  25293.69   25675.19   26659.33   29013.44   30215.51   28526.24   28064.21   26721.79   23623.09   20174.49   16651.70   18710.36   24996.72   30942.59   34365.49   36229.22   27296.94   18805.92   24289.97   36520.00   48922.01   61665.10   66219.13   65474.23   61471.28   53443.69   37309.77
  26166.07   25622.66   29719.16   32630.35   33603.46   33748.99   32057.98   34237.16   38931.07   45653.99   49126.39   48513.58   41509.89   32525.70   22196.33   14552.26   27782.57   48327.46   55228.61   59076.82   40518.41   21759.13   17384.60   13591.69   17743.56   24490.60   35938.52
  26381.36   26438.13   27571.29   27654.36   21169.12   16947.55   18907.05   24339.82   38967.38   55230.65   64230.55   67274.67   55204.14   43283.18   37344.72   29900.88   23212.83   20348.52   22724.79   24410.40   28112.97   32010.18   32083.21   49370.94   82159.63  105885.79  114016.77
  25129.66   25193.12   26295.66   31284.39   33330.68   30137.95   29823.81   29084.57   26112.61   23545.45   24888.27   25991.42   24847.19   26484.93   32144.23   40990.08   48136.94   51336.41   48663.06   42587.29   28670.13   19353.81   15115.38   11233.90   15442.82   20599.58   22976.32
  27619.19   27734.69   31133.45   34124.88   34312.04   34311.59   36774.13   38877.78   33070.42   27988.99   27244.00   31314.01   38313.32   42486.12   47171.37   50793.78   44758.68   39678.10   39838.49   37322.25   33217.37   28909.67   27848.87   26477.43   23243.59   20296.95   19532.24
  24999.65   25065.38   27647.07   30956.73   28080.89   23969.30   22383.55   19525.89   15136.48   12421.44   18271.45   28794.36   43532.53   57792.70   58384.12   54988.31   46940.78   39490.38   28103.72   19752.72   27866.05   34276.38   39118.12   52195.32   58683.52   59836.79   62743.21
  23892.22   23434.10   25511.42   26162.86   29033.90   34325.20   38956.99   40796.81   38967.27   34885.11   30217.21   26319.81   20004.81   15004.30   14588.65   14564.81   15823.14   20829.12   26377.26   28318.13   30354.89   31366.36   27510.14   24700.91   23558.69   32029.73   43724.26
  24949.98   25151.37   26510.71   27276.71   19919.88   16785.60   22121.21   26246.93   25105.94   22687.18   26074.42   32197.88   24062.61   15523.45   16298.86   17542.92   25807.72   33477.73   44983.69   60905.84   67313.65   67538.23   47363.47   30144.52   25551.76   21648.55   20702.32
  22802.38   22249.88   23688.43   26549.29   29758.45   31651.68   33497.08   32476.59   29272.11   25428.23   23779.61   31298.25   45070.34   52493.20   40385.68   30022.83   27719.51   25788.82   20855.60   19263.76   23005.02   25304.50   26991.60   28477.68   31375.36   36155.60   37844.41
  24653.49   24614.47   26634.08   27409.76   27852.34   30261.47   31290.27   33049.98   24922.24   19747.44   27641.16   33596.22   32860.71   31558.27   31769.10   32747.78   44825.57   62205.83   77296.10   83790.62   62837.72   44510.31   35597.44   29470.59   28861.57   29355.70   39780.89
  25237.80   25258.33   25861.78   26903.34   25879.88   25953.95   28315.95   28799.69   29667.33   31410.80   34500.95   36347.16   35807.25   46334.10   63190.43   69933.15   51623.67   38212.49   39463.95   40801.30   38264.10   33493.43   22708.16   12772.43   14870.48   19442.96   23424.75
  29448.01   29880.41   32633.75   37584.69   33446.68   30431.15   36837.97   39608.96   26629.96   16432.15   18193.44   21897.40   25099.55   30022.02   28240.42   26393.62   32765.15   36357.27   36098.75   43557.07   55315.18   62977.72   66340.34   64180.30   47031.50   39890.72   46045.65
  26177.49   26590.86   28595.67   29145.30   14752.82    6056.53    7503.38    6982.91    6840.10    6498.54    8819.36   15325.03   18981.28   22372.41   23851.03   25997.09   29000.44   30186.40   28103.00   27524.78   29046.76   28178.62   23963.07   22291.20   24696.66   28631.12   33841.18
  26270.83   25684.57   27838.20   32237.40   34601.77   34819.56   34988.73   31834.89   21192.36   21414.49   34686.93   43323.71   46259.40   49245.34   42296.27   34508.72   32067.74   28565.77   17218.90   11412.21   17187.57   20103.07   17645.00   13913.05   14695.15   15409.84   19386.81
  29044.42   28804.22   30760.29   31924.28   31613.43   30287.61   32447.10   36281.11   42195.30   51576.84   59435.63   66294.81   62292.99   56368.17   53235.21   47251.57   26811.80   11788.19    5419.99    7388.11   14654.03   22526.64   28231.80   32799.32   30253.23   31741.44   41632.80
  27952.23   28601.36   30898.95   32682.86   33475.90   35242.20   37275.82   36790.27   26220.38   19307.90   26489.26   35442.17   40630.99   43294.11   30275.95   20550.70   18671.58   17566.35   19880.41   22186.04   25563.95   31399.16   35702.08   36967.85   37242.68   36398.17   32681.26
  25266.52   24941.75   27376.49   32701.62   32763.73   29666.47   24282.67   22718.63   22591.01   21326.99   23124.13   24285.81   18030.69   13252.60   24282.01   37840.36   41187.01   40537.79   36060.83   30720.43   30755.49   30380.84   33221.48   36737.53   29489.95   22615.99   21955.60
  26685.80   27043.85   29192.72   30085.94   27925.61   26958.63   29229.47   31124.17   31103.59   30449.21   29709.38   27880.04   24129.27   21579.31   27491.88   38084.52   52577.81   89357.65  135691.41  165556.87  154867.02  128245.45   97558.19   65636.12   48512.25   38015.12   39641.04
  29213.68   29706.20   32062.00   35925.04   35135.96   34036.17   34084.63   31511.27   17510.98    8555.74    8700.54   16540.49   26176.48   33839.37   35037.88   38045.89   43114.55   46026.64   41127.16   36369.91   32838.98   40853.66   47816.23   41345.78   40310.96   37330.78   29626.64
  28456.26   28346.14   31473.77   34275.75   33033.62   29749.39   24576.47   21907.50   24255.35   28223.85   32472.09   40730.04   52305.36   59700.84   56475.67   51899.04   51017.65   49264.11   42711.50   37375.07   34865.41   34137.35   32646.23   29333.75   28954.09   29537.01   30415.74
  27992.40   27615.38   30527.34   33518.35   32032.95   30748.30   30824.10   29900.05   27892.50   25639.26   29629.30   38247.15   44753.42   47040.01   41976.41   38028.62   36437.78   33629.64   28680.07   25732.70   26783.52   28185.94   30275.11   32224.79   34578.42   40025.83   44308.42
  25257.70   25172.50   27709.87   32332.51   37472.42   45364.85   53057.86   54278.32   39941.77   30167.02   30528.48   30699.52   28626.12   27064.79   28101.71   27495.09   20882.97   18139.70   23087.22   33944.29   48376.62   58784.72   62734.35   63970.61   59494.74   52032.17   30761.89
  27373.46   27647.46   30669.36   32737.83   26397.32   21577.69   21870.13   24275.26   28477.22   32905.76   39837.24   43924.43   31315.53   21312.43   22646.12   24601.41   28211.36   33588.58   34851.86   37757.39   44727.39   51076.66   41305.32   29390.60   31258.98   36450.12   44910.70
  30096.56   30971.34   32867.55   33375.06   30201.30   26541.21   21538.33   17907.76   18997.92   24405.71   34260.02   40151.88   40524.74   38962.33   25080.68   14978.89   17452.24   22871.95   31018.38   37076.16   34517.12   32078.67   26481.66   21255.07   25170.03   35924.12   49328.76
  24580.27   24581.66   26898.71   28110.18   22601.79   20984.56   29060.90   37639.13   33345.85   26537.78   23336.12   20374.39   21383.97   22933.89   27804.11   35622.68   47800.24   60200.73   59939.32   55772.72   49735.42   44381.05   35540.76   26656.47   26887.85   27903.85   30668.47
  30138.69   30885.72   32681.25   34038.72   34421.73   34032.85   34584.37   34173.26   33519.34   37688.30   44364.77   52201.25   56604.30   56990.18   58132.61   58678.08   45186.38   32729.30   30676.89   28843.37   25699.78   24651.06   27707.64   29350.95   26380.11   26791.66   31414.06
  26759.69   26880.70   22102.38   17468.51   10643.17    6965.70    5891.95    7240.02   14385.58   18919.80   24128.50   30598.11   32173.51   32998.26   34298.97   32600.68   30267.01   32342.28   36232.41   37713.71   24240.39   24332.67   42969.71   52358.90   47445.94   39243.71   34086.71
  26581.09   26545.55   30270.04   37750.42   44980.85   49110.83   52150.43   53982.22   49488.51   46155.36   44315.76   39808.06   21618.11    8409.81    3673.16    1657.47    6344.55   17830.25   31156.16   44256.21   54602.21   60420.07   49472.69   38142.07   37216.20   40064.51   40287.42
  24226.29   23885.80   28340.16   32463.59   34739.84   38153.54   41424.32   42864.48   53380.05   67408.02   68761.35   66667.28   64623.04   58452.80   44020.05   38205.79   43021.66   45916.59   41758.54   38941.25   39861.76   41208.21   43569.45   43477.84   40942.07   37727.37   24200.29
  26100.86   26523.31   29813.04   36092.95   41112.12   41672.49   41904.73   43722.97   37293.53   29417.37   28262.77   26054.77   18814.72   14764.61   19225.39   24456.27   27580.40   28816.88   26242.67   23543.30   20876.69   21168.66   28503.11   35924.02   44514.04   56874.16   62572.93
  29053.97   29015.13   28416.61   26856.55   21339.66   20877.59   26683.22   31391.89   30875.28   37969.58   50953.01   54249.90   42403.53   32482.65   27762.49   22350.01   17233.58   13672.65   15907.40   16982.68   18359.15   19747.28   20274.59   22921.63   26842.40   28739.85   30437.02
  26783.24   26992.21   28411.29   29016.47   26179.32   24323.53   28715.99   35251.21   42071.63   48384.52   41860.77   34482.23   28136.56   23599.66   20839.74   17733.88   22493.76   28133.57   35187.14   39189.39   36066.91   37402.52   42811.97   49423.19   46543.28   39575.76   33840.60
  25371.65   25493.70   28559.93   32985.01   33194.18   32762.12   32475.22   29854.96   21012.66   14852.68   16572.59   26242.58   38923.38   45761.59   38559.21   30910.70   31082.00   30746.57   31540.05   33646.13   33635.24   32843.71   32718.49   32940.35   33854.00   33266.83   28423.65
  22355.18   22021.23   24439.56   27769.21   27001.61   25319.20   34835.60   49330.88   49120.10   43079.74   36956.93   32632.90   27766.82   21213.66   22139.41   23205.17   23084.92   22271.41   22353.57   22613.07   22000.69   21830.32   27064.96   35621.05   41243.73   44120.56   37557.45
  23426.02   23556.33   24096.01   24520.31   22368.00   20129.77   19433.32   18088.06   17892.02   21666.69   28897.73   33031.83   34499.36   35271.91   34339.24   32463.82   29193.63   26871.93   32411.26   39829.25   42064.79   43106.55   41482.13   41392.62   41033.48   37443.61   31975.54
  26696.18   26881.07   26867.18   25486.88   20736.23   20224.96   25288.18   30402.03   33304.55   34106.64   35902.26   38509.54   36740.68   33406.89   26207.40   23953.01   21652.50   15203.82   17767.00   21655.39   22057.27   20750.12   23648.68   25622.08   22636.45   22211.20   25784.63
  31453.20   32108.03   31111.60   31106.94   24367.14   21916.01   29009.16   31744.43   31435.75   30897.20   33328.70   34173.53   30616.04   27657.40   29754.17   31916.79   27771.66   23762.28   21366.16   19949.76   17961.67   16373.50   18324.73   19876.73   24468.96   32354.01   39663.97
  25152.40   24404.06   25910.31   32917.80   43561.54   48279.19   45903.47   54436.11   69893.38   79227.08   83631.16   81899.90   58867.08   41914.94   40920.39   41877.46   36813.15   41320.20   62718.00   77389.46   70684.81   62127.61   61262.22   57106.84   40916.27   27574.91   24896.76
  24973.46   24934.25   25123.74   24780.78   11163.17    3830.25    7058.09   14446.58   21721.54   29526.99   33600.08   34152.54   28308.71   27371.19   39083.47   51545.12   53422.10   49502.26   41299.43   50550.81   69532.38   74232.59   71927.55   67163.88   46776.74   26880.83   25061.18
  25543.06   25011.68   26352.32   26733.16   24058.96   22898.02   23899.72   23345.46   17817.43   18167.28   26488.58   30926.43   30860.55   30371.59   31037.28   32274.21   31016.07   31128.22   31169.64   29432.51   19238.93   11849.33   13909.56   22098.69   34038.26   41621.67   38653.26
