FL 2019 2020 2021 2022 2023 2024 2025 2026 2027 2028 2029 2030 2031 2032 2033 2034 2035 2036 2037 2038 2039 2040 2041 2042 2043 2044 2045
 1    4109.00    3559.25    3559.25    3875.72    3875.72    7281.12    7281.12   14013.38   14013.38   12205.12   12205.12    4602.91    4602.91    5171.17    5171.17    6216.67    6216.67    3161.47    3161.47     982.67     982.67    2305.84    2305.84    6408.86    6408.86   11757.90   11757.90
 2     783.00     677.95     677.95     738.23     738.23    1386.88    1386.88    2669.22    2669.22    2324.78    2324.78     876.74     876.74     984.98     984.98    1184.13    1184.13     602.18     602.18     187.18     187.18     439.21     439.21    1220.74    1220.74    2239.60    2239.60
 3    3537.00     881.22     836.53    5149.94    5484.29    1405.91    2653.71   18583.21   12292.24    1641.89    1086.99    5694.70    4925.73     656.23     754.93    4951.77    4951.77     394.58     394.58     434.48     347.85    1040.35    1102.24   11419.37   12382.76    1460.45    1241.08
 4    1379.00    1484.46    1201.86    1871.36    3115.49    4044.66    2988.31    1806.40    1001.62    1298.95    1023.07    1096.62     869.11     893.03     753.59     933.75     933.75     596.05     596.05    1196.68    1271.04    1794.98    1599.15    1830.36    1440.67    1762.15    1120.49
 1    4109.00    3542.15    3542.15    6082.69    6082.69    4656.04    4656.04    4567.79    4567.79    5292.67    5292.67    3027.02    3027.02    3434.05    3434.05    2921.69    2921.69    4360.36    4360.36   20492.93   20492.93   10534.52   10534.52    3052.43    3052.43    1659.04    1659.04
 2     783.00     674.70     674.70    1158.61    1158.61     886.86     886.86     870.06     870.06    1008.13    1008.13     576.58     576.58     654.10     654.10     556.51     556.51     830.54     830.54    3903.42    3903.42    2006.58    2006.58     581.42     581.42     316.01     316.01
 3    3537.00     891.57    1050.15   10471.21    8607.03     505.89     824.48    4778.25    4818.28     873.61    1118.89    4725.26    5384.38    1294.61    1307.31    5983.37    5427.33    1336.49    1668.69   20879.25   12965.10     479.61     296.18     296.18     296.18     416.07     505.11
 4    1379.00    1263.23    1420.04     968.01     897.20    1323.52    1395.32    1217.35    1219.78    1408.37    1454.15    1143.26    1062.09    1338.63    1222.70    1473.15    2580.04    2545.15    2121.53     930.34     749.00     965.81     771.51     771.51     771.51     784.43     893.27
 1    4109.00    5205.35    5205.35    5390.15    5390.15   10765.99   10765.99    4670.82    4670.82    4045.73    4045.73    5515.82    5515.82    2537.30    2537.30    5516.28    5516.28    5494.57    5494.57    4639.40    4639.40    7867.86    7867.86    3525.52    3525.52    5173.94    5173.94
 2     783.00     991.50     991.50    1026.70    1026.70    2050.66    2050.66     889.68     889.68     770.62     770.62    1050.63    1050.63     483.30     483.30    1050.72    1050.72    1046.58    1046.58     883.70     883.70    1498.64    1498.64     671.53     671.53     985.51     985.51
 3    3537.00    1556.56    1373.80   12310.23   13564.05     765.08     536.15    2403.10    2860.03     646.57     652.11    5609.84    6348.75     599.88     695.93    6887.00    6241.73     659.39     661.81    5166.91    4428.43     816.51     605.96     958.74     945.35    1222.83    1459.72
 4    1379.00    1497.75    1512.47    1400.30    1129.66    1027.06     956.66    1110.93     965.35     907.31     862.46     951.63     855.60     974.54    1118.36     981.88    1122.37    1133.30    1174.47     936.50     735.22     812.00     979.13    1462.19    1588.23    1599.18    1173.60
 1    4109.00    1691.38    1691.38    6565.48    6565.48    5629.93    5629.93    2582.12    2582.12    2614.46    2614.46    4293.83    4293.83    5341.18    5341.18    6301.68    6301.68   10283.66   10283.66    6772.46    6772.46    9616.07    9616.07    9531.52    9531.52    4953.10    4953.10
 2     783.00     322.17     322.17    1250.57    1250.57    1072.37    1072.37     491.83     491.83     497.99     497.99     817.87     817.87    1017.37    1017.37    1200.32    1200.32    1958.79    1958.79    1289.99    1289.99    1831.63    1831.63    1815.53    1815.53     943.45     943.45
 3    3537.00     721.72     965.19    6779.66    6653.86     928.20    1040.17    1067.32    1186.07    1142.32    1683.05    8703.08    9524.52    2373.20    2219.67   11373.79   10105.66    1276.38    1163.02    8213.67    7994.13    1048.86    1478.81   14109.35   10566.00     630.04     468.67
 4    1379.00    1457.73    1380.27    1144.53    1073.27    1085.39    1136.03    1466.39    2293.23    2426.67    2270.27    2359.27    1998.08    2091.92    1663.85    1421.25    1753.42    1715.71    1501.60    1499.53    2124.98    1990.06    1604.48     498.13     516.33     839.18     910.58
 1    4109.00    3185.03    3185.03    4408.40    4408.40    9114.80    9114.80   18383.44   18383.44   17199.80   17199.80    3893.74    3893.74    2709.63    2709.63    9096.78    9096.78    6694.38    6694.38    2527.14    2527.14    8467.07    8467.07    9327.32    9327.32    1398.47    1398.47
 2     783.00     606.67     606.67     839.70     839.70    1736.15    1736.15    3501.61    3501.61    3276.15    3276.15     741.66     741.66     516.12     516.12    1732.72    1732.72    1275.12    1275.12     481.36     481.36    1612.78    1612.78    1776.63    1776.63     266.38     266.38
 3    3537.00     855.40     885.78    5006.51    5118.01    1243.84    1505.75    9397.04    7159.03     775.61     588.39    3340.82    3970.36     377.62     816.05   18223.42   11477.80     627.74     480.68     558.82     780.85    9399.85    7190.63     570.48     570.48     570.48     242.07
 4    1379.00    1376.54    1428.56    1376.59    1680.57    2028.16    2098.85    1610.00    1517.25    1439.67     850.07     831.96    1567.48    1641.18    1640.42     738.58     501.42     935.55    1390.44    1470.68    1185.80     772.82     639.43     610.33     610.33     610.33     894.38
 1    4109.00    6033.26    6033.26    7961.18    7961.18    6926.30    6926.30    3502.42    3502.42    5462.69    5462.69    3599.90    3599.90    5492.72    5492.72    5884.03    5884.03    3062.60    3062.60     926.77     926.77    2205.13    2205.13    8355.27    8355.27    2453.68    2453.68
 2     783.00    1149.19    1149.19    1516.42    1516.42    1319.30    1319.30     667.13     667.13    1040.51    1040.51     685.70     685.70    1046.23    1046.23    1120.77    1120.77     583.35     583.35     176.53     176.53     420.02     420.02    1591.48    1591.48     467.37     467.37
 3    3537.00     866.27     832.16    9493.65    8002.59     651.71     643.69    1552.24    1873.45     856.41    1244.93    7944.61    6835.99     902.78     796.89   10949.37    7748.04    7748.04    7748.04     387.64     603.49     433.90     778.45   13239.97    9851.65     580.61     861.70
 4    1379.00    1220.66    1274.80    1025.19     788.62     973.26    1032.72    1496.90    1904.36    1458.12    1240.46     832.19     974.65    1148.59    1075.59     532.21     424.35     424.35     424.35     655.00    1007.53    1468.46    1366.72     626.33     880.93    1458.40    1371.91
 1    4109.00    5621.15    5621.15    3195.19    3195.19    3653.96    3653.96    3289.90    3289.90    3261.26    3261.26    2091.94    2091.94    2166.32    2166.32    8840.37    8840.37    4646.80    4646.80    2534.53    2534.53    5048.74    5048.74   11566.63   11566.63    7513.97    7513.97
 2     783.00    1070.70    1070.70     608.61     608.61     695.99     695.99     626.65     626.65     621.19     621.19     398.46     398.46     412.63     412.63    1683.88    1683.88     885.10     885.10     482.77     482.77     961.66     961.66    2203.17    2203.17    1431.23    1431.23
 3    3537.00    1311.49    1119.51    5568.89    6049.42     850.27    1016.80    3622.62    3410.86    3410.86     451.62     570.79     530.80     991.14    1191.44    8193.74    5997.39     510.26     621.64     659.28    1219.26   10141.59   11146.40    2049.89    2162.26   17454.99   11554.08
 4    1379.00    1407.77    1385.30    1273.96    1003.52     933.75     799.93     587.69     597.37     597.37     670.72    1019.95    1293.68    1384.02    1162.06     816.61     634.29     979.97    1929.77    2189.05    2615.66    2589.91    2592.12    2070.70    1833.60     845.23     578.23
 1    4109.00     949.87     949.87    1337.95    1337.95    4126.58    4126.58   10947.09   10947.09    6780.31    6780.31   15215.51   15215.51    8104.40    8104.40    3161.47    3161.47    8890.73    8890.73   23463.13   23463.13   12837.13   12837.13    2049.89    2049.89    2391.77    2391.77
 2     783.00     180.93     180.93     254.85     254.85     786.02     786.02    2085.16    2085.16    1291.49    1291.49    2898.19    2898.19    1543.70    1543.70     602.18     602.18    1693.47    1693.47    4469.17    4469.17    2445.17    2445.17     390.46     390.46     455.58     455.58
 3    3537.00     899.65    1019.13    1101.31    1312.43    8358.58    8755.45    1075.01    1040.60    6852.24    7646.64    1824.81    1441.31   11993.52    9206.28     438.54     629.07    2581.58    3712.89   18750.01   14537.98     625.45     433.35     400.07     468.72     663.47     799.74
 4    1379.00    1199.21    1214.53    1115.50    1035.38     924.66    1566.64    1972.79    2346.35    2258.66    2152.90    1797.62    1255.01     414.88     388.25    1237.42    2878.89    3690.99    2690.98    1873.39    1258.98    1038.27     807.37     848.91    1084.79    1661.75    2110.47
 1    4109.00    5379.53    5379.53    9422.49    9422.49    5787.94    5787.94    1317.16    1317.16    5911.29    5911.29   11330.55   11330.55    8982.20    8982.20    4510.51    4510.51    2250.86    2250.86    2054.98    2054.98    2761.37    2761.37    3981.98    3981.98    9142.06    9142.06
 2     783.00    1024.67    1024.67    1794.76    1794.76    1102.46    1102.46     250.89     250.89    1125.96    1125.96    2158.20    2158.20    1710.90    1710.90     859.14     859.14     428.74     428.74     391.42     391.42     525.98     525.98     758.47     758.47    1741.34    1741.34
 3    3537.00     994.16    1355.97    7845.23    6380.32     468.28     451.28     648.76     960.89    1356.91    1930.36   14124.26   11648.85    1443.76    1450.26    5932.29    4506.96     673.64     481.05     711.32     966.10    2983.35    3491.58    1067.40    1321.07    3001.95    3823.69
 4    1379.00    1345.13    1385.70     964.75     934.26     991.78    1149.19    1721.46    2948.01    2496.07    2172.20    1511.18    1241.37    1193.11     972.57     554.55     547.99     957.85     937.35     944.25    1177.56    1171.95    1932.84    4474.58    5350.75    4712.24    3533.19
 1    4109.00    5736.19    5736.19    4582.58    4582.58    4082.69    4082.69    3940.40    3940.40    3722.80    3722.80    3286.21    3286.21    3751.90    3751.90    5073.68    5073.68   10153.37   10153.37    8733.19    8733.19    9931.61    9931.61    2065.14    2065.14    2563.64    2563.64
 2     783.00    1092.61    1092.61     872.87     872.87     777.66     777.66     750.55     750.55     709.10     709.10     625.94     625.94     714.65     714.65     966.42     966.42    1933.98    1933.98    1663.46    1663.46    1891.74    1891.74     393.36     393.36     488.31     488.31
 3    3537.00     789.23     917.04    8527.00    9728.92     969.30    1157.73    5071.43    5209.00     750.73     830.97    2821.48    2691.77     975.65     722.01    4282.69    5327.00    1731.56    1669.06   13256.58    8742.29     792.11     562.73     456.07     538.35     532.06     719.49
 4    1379.00    1258.70    1423.52    1892.40    1255.73    1050.62     932.69     655.60     758.23     914.22    1073.08     862.53     865.71    1291.02    1748.36    2180.18    2059.70    2073.71    1452.31     416.50     460.29     785.51     655.18     698.42     958.47     991.33     976.87
 1    4109.00    2409.79    2409.79    3451.14    3451.14    5551.85    5551.85    6383.45    6383.45    5514.43    5514.43    4481.40    4481.40    9668.74    9668.74    9204.43    9204.43    9354.58    9354.58    4931.85    4931.85    7473.31    7473.31    4731.34    4731.34    6069.29    6069.29
 2     783.00     459.01     459.01     657.36     657.36    1057.50    1057.50    1215.90    1215.90    1050.37    1050.37     853.60     853.60    1841.66    1841.66    1753.22    1753.22    1781.82    1781.82     939.40     939.40    1423.49    1423.49     901.21     901.21    1156.06    1156.06
 3    3537.00     645.76     868.98    5208.02    4967.16    1067.14    1557.47    7253.18    6100.08    1099.79    1074.71    5570.07    7839.92    1218.06    1456.89   11368.17   10438.90    1179.54    1448.28    7392.44    6862.29     923.38     867.05    4531.43    4263.24     728.49     497.16
 4    1379.00    1356.36    1321.57    1127.54    1234.26    1420.82    1542.60    1294.34    1032.59     988.77    1103.04    1952.90    2221.27    2492.21    2331.64    1583.05    1455.68    1770.84    1565.62    1184.08     857.33    1046.20    1227.86     833.25     736.00     789.12    1390.01
 1    4109.00    3878.03    3878.03    5978.74    5978.74    6748.90    6748.90    5532.91    5532.91    3008.08    3008.08    2576.57    2576.57    7905.74    7905.74   13495.48   13495.48   10804.33   10804.33    4021.25    4021.25    4942.48    4942.48    9958.41    9958.41   14671.27   14671.27
 2     783.00     738.67     738.67    1138.81    1138.81    1285.50    1285.50    1053.89    1053.89     572.97     572.97     490.78     490.78    1505.86    1505.86    2570.57    2570.57    2057.97    2057.97     765.95     765.95     941.42     941.42    1896.84    1896.84    2794.53    2794.53
 3    3537.00     552.45     989.29    9071.75    8361.86     745.50    1070.26    7063.74    5834.46     337.80     419.99     646.86     984.08    7105.88    7340.93    2134.28    1723.13   13988.13   14817.36     524.69     540.30    1023.77    1254.45    8810.16   12242.31    1875.66    1676.09
 4    1379.00    1262.68    1329.07    1101.00     800.83     900.33     789.75     420.84     530.95     926.34    1615.34    2109.42    2837.73    2360.80    1923.86    1849.17    1329.56     931.34    1008.19    1359.97    1628.93    1781.29    1978.83    3047.76    2849.54    2932.31    2826.49
 1    4109.00    4081.77    4081.77    2946.17    2946.17    3343.03    3343.03    2476.78    2476.78    5671.97    5671.97    6427.81    6427.81    4832.06    4832.06    1957.49    1957.49    3957.95    3957.95    3386.46    3386.46    4740.58    4740.58    8619.07    8619.07    6185.26    6185.26
 2     783.00     777.48     777.48     561.18     561.18     636.77     636.77     471.77     471.77    1080.38    1080.38    1224.34    1224.34     920.39     920.39     372.86     372.86     753.90     753.90     645.04     645.04     902.97     902.97    1641.73    1641.73    1178.14    1178.14
 3    3537.00     602.72     923.25    3984.73    4616.37     949.30    1202.83    3241.67    3241.67    1541.22    1081.88    6378.62    5937.75     335.52     376.76     486.00     460.28    2961.41    3964.60     838.31     921.68    5448.11    4687.74     724.95     558.31    3187.54    4881.75
 4    1379.00    1268.65    1166.41    1069.50    1793.74    1773.99    1438.66    1232.48    1232.48     814.75     778.65     602.07     598.83     582.98     654.67     590.73     735.27    1268.00    1435.98    1301.03    1078.86     763.88     710.02     992.14    1698.38    2220.47    2372.96
 1    4109.00    5537.53    5537.53   10188.49   10188.49    7288.97    7288.97   10228.22   10228.22    6874.10    6874.10    8698.54    8698.54    6900.89    6900.89    2606.14    2606.14    2611.69    2611.69    6492.02    6492.02   15734.80   15734.80    8871.79    8871.79    3645.18    3645.18
 2     783.00    1054.77    1054.77    1940.66    1940.66    1388.38    1388.38    1948.23    1948.23    1309.35    1309.35    1656.86    1656.86    1314.46    1314.46     496.41     496.41     497.46     497.46    1236.58    1236.58    2997.10    2997.10    1689.86    1689.86     694.32     694.32
 3    3537.00     717.69     794.54    8477.29    7074.22     478.41     461.57    1265.69    1593.19    1566.93    1192.42   21085.51   19099.27     370.42     459.20     382.08     872.44     849.39    1164.91    1407.82    1893.17   14973.77    9326.66    1326.63     809.56    1347.51    1885.37
 4    1379.00    1359.27    1310.40     929.21     964.20    1329.79    1493.55    1465.25    1291.06    1187.24    1633.61     969.13     669.17    1074.40     980.70    1272.20    1594.11    1774.82    2670.80    3138.41    2450.20    1536.64     899.84     893.58     951.56     898.56     757.10
 1    4109.00    4914.76    4914.76    5126.35    5126.35    4296.60    4296.60    3961.19    3961.19    4916.14    4916.14    1690.92    1690.92    7046.89    7046.89    4858.39    4858.39    4906.44    4906.44    4146.91    4146.91    2932.31    2932.31    2109.95    2109.95    4087.78    4087.78
 2     783.00     936.14     936.14     976.45     976.45     818.40     818.40     754.51     754.51     936.41     936.41     322.08     322.08    1342.26    1342.26     925.41     925.41     934.56     934.56     789.89     789.89     558.54     558.54     401.90     401.90     778.62     778.62
 3    3537.00     678.93     667.11    5096.58    6087.91     775.72    1082.19    1082.19    1082.19     990.96     824.73     626.49    1122.19   19446.78   12787.31    1156.94    1091.00    7423.80    7052.80     560.75     576.14     903.47     825.20     832.31    1072.90    6076.38    6657.62
 4    1379.00    1187.31    1230.23    1442.17    1620.15    1311.40    1140.18    1140.18    1140.18     714.33    1376.27    2148.69    2336.77    1265.11     763.62     924.58     859.56     555.00     775.43    1123.87    1202.78    1014.96     996.11     998.52    1237.13    1472.60    1445.82
 1    4109.00    4494.80    4494.80    3171.63    3171.63    7969.50    7969.50    9973.66    9973.66    7025.17    7025.17    6358.51    6358.51    7318.08    7318.08    5032.57    5032.57    5878.03    5878.03   11357.35   11357.35   15812.41   15812.41    8533.60    8533.60    6593.20    6593.20
 2     783.00     856.15     856.15     604.12     604.12    1518.00    1518.00    1899.74    1899.74    1338.13    1338.13    1211.14    1211.14    1393.92    1393.92     958.58     958.58    1119.62    1119.62    2163.30    2163.30    3011.89    3011.89    1625.45    1625.45    1255.85    1255.85
 3    3537.00     689.73     933.09    3537.36    3343.72     899.09     976.86   14689.21   13262.96     431.24     668.61    6287.75    5756.14    1133.61    1255.41    8540.10   13315.12    1127.23    2215.42   27387.72   18273.98    1690.32     993.55    8621.79   10302.28     693.16     998.28
 4    1379.00    1294.30    1263.18    1107.18    1167.76    1389.15    1525.67     857.68     849.53    1558.46    1948.45    1668.72    1307.79    1363.98    1362.55    1763.50    4114.18    4084.47    3277.74    1053.38     645.57    1150.24    1327.78    1272.85    1645.92    1915.76    2550.57
 1    4109.00    5696.92    5696.92    3823.51    3823.51    5486.71    5486.71    3136.52    3136.52    2911.99    2911.99    3400.78    3400.78    4248.09    4248.09   11398.00   11398.00   12970.19   12970.19   10642.17   10642.17   13168.39   13168.39    4114.57    4114.57    2415.34    2415.34
 2     783.00    1085.13    1085.13     728.29     728.29    1045.09    1045.09     597.43     597.43     554.66     554.66     647.77     647.77     809.16     809.16    2171.05    2171.05    2470.51    2470.51    2027.08    2027.08    2508.26    2508.26     783.73     783.73     460.06     460.06
 3    3537.00    1439.22    1638.13   10454.68   10251.55     859.45     682.04    2963.94    3214.34     918.16    1041.15    5565.18    5352.66    1024.84    1398.01   23811.75   17828.74    1333.32     893.35    1920.16    2182.40    7758.64    5464.00     399.77     516.63     458.80     481.39
 4    1379.00    1329.75    1376.54    1129.43    1118.67    1374.18    1159.32    1010.65    1238.21    1310.20    1296.38    1204.42    1799.32    2800.21    3042.11     573.74     627.93    1702.22    1987.24    1839.49    1463.80     899.02     580.08     594.22    1007.32    1083.67     962.12
 1    4109.00    3259.87    3259.87    5567.10    5567.10    5037.19    5037.19    8617.22    8617.22    5884.03    5884.03    2844.07    2844.07    6340.03    6340.03    3827.21    3827.21    4228.22    4228.22    6106.25    6106.25    5851.23    5851.23    8922.61    8922.61    6145.06    6145.06
 2     783.00     620.93     620.93    1060.40    1060.40     959.46     959.46    1641.38    1641.38    1120.77    1120.77     541.73     541.73    1207.62    1207.62     728.99     728.99     805.38     805.38    1163.10    1163.10    1114.52    1114.52    1699.54    1699.54    1170.49    1170.49
 3    3537.00     906.70     963.05   14313.99   13929.01     718.98    1031.94   17177.60   11266.34     659.08     414.31     407.89     722.58    8562.60    9331.60     653.05     899.22    4872.92    4587.35    1104.70    1253.44    1998.57    2389.94   17071.29   11623.63    1236.25    1461.56
 4    1379.00    1510.40    1515.43    1487.02    1229.79    1777.44    1809.84     419.81     358.86     744.32    1153.04    1046.78    1144.21    1247.70    1103.28    1600.49    1665.79    1405.85    1769.35    2607.10    2765.75    2655.34    2317.17     783.61     900.97    2018.96    2170.95
 1    4109.00    4582.58    4582.58   13821.65   13821.65    3291.29    3291.29    1445.60    1445.60     849.16     849.16     998.38     998.38    3001.61    3001.61    2753.06    2753.06    3805.49    3805.49    2317.39    2317.39    3228.46    3228.46    2095.17    2095.17    2499.88    2499.88
 2     783.00     872.87     872.87    2632.70    2632.70     626.91     626.91     275.35     275.35     161.74     161.74     190.17     190.17     571.74     571.74     524.39     524.39     724.86     724.86     441.41     441.41     614.94     614.94     399.08     399.08     476.17     476.17
 3    3537.00     745.60     926.43   12148.78    6947.30    6947.30    6947.30    6947.30    6947.30    6947.30      89.43     270.75     533.61    2715.29    2781.06     736.99     757.23    4688.94    4113.26    1120.62     942.67    4077.78    3386.17     617.61     805.01     770.06     794.27
 4    1379.00    1388.90    1250.59     458.06     341.92     341.92     341.92     341.92     341.92     341.92     802.66     854.07     810.89     763.27     845.15    1161.54     945.71     976.45     897.89    1001.55     857.97     609.55     667.39     930.78    1039.44    1289.65    1521.48
 1    4109.00    3646.57    3646.57    6491.10    6491.10    6900.43    6900.43    7928.38    7928.38    1705.70    1705.70    4360.36    4360.36    7372.13    7372.13   13544.92   13544.92   14162.15   14162.15    5641.48    5641.48    7847.99    7847.99    4431.50    4431.50    2485.10    2485.10
 2     783.00     694.58     694.58    1236.40    1236.40    1314.37    1314.37    1510.17    1510.17     324.90     324.90     830.54     830.54    1404.22    1404.22    2579.98    2579.98    2697.55    2697.55    1074.57    1074.57    1494.86    1494.86     844.10     844.10     473.35     473.35
 3    3537.00     700.37     887.39    7609.41    9233.51     848.46    1405.24   12383.71    8124.65     381.58     639.31    1390.82    1561.94   18713.48   21038.14     909.28    1037.66   11496.52    8322.53     143.65     325.12    4026.13    3253.22     503.45     386.59     274.71     440.28
 4    1379.00    1270.07    1474.32    1646.71    1868.05    1563.12    1108.07     418.83     952.39    1779.28    2058.28    1716.81    1527.91    1020.14    1087.91    1634.42    1466.07     748.21     675.81    1177.48    1246.25     927.33     631.60     613.01     709.46     815.82    1220.75
 1    4109.00    3838.30    3838.30    4321.55    4321.55    2367.75    2367.75    3790.71    3790.71    3354.12    3354.12    7112.03    7112.03    9726.49    9726.49   12543.76   12543.76    8110.41    6146.12     815.43     815.43    1390.16    1390.16    5304.68    5304.68    5184.10    5184.10
 2     783.00     731.10     731.10     823.15     823.15     451.00     451.00     722.04     722.04     638.88     638.88    1354.67    1354.67    1852.66    1852.66    2389.29    2389.29    1544.84    1544.84     155.32     155.32     264.79     264.79    1010.42    1010.42     987.45     987.45
 3    3537.00    1005.12     993.10    2844.02    3242.44    1088.89     973.24    1729.99    2144.86    1493.25    1816.33   12960.46   11521.25    1508.06    1994.33   19518.99   12637.04   12637.04    5001.90    1134.36    2151.42     512.25     987.18    7394.03    6215.13     631.98    1130.54
 4    1379.00    1290.34    1252.86    1171.72    1277.84    1044.28    1270.92    1686.04    2147.60    2454.66    2624.01    2356.69    1876.83    1857.62    1572.22     520.57     318.62     318.62     318.62     791.97    1350.44    1141.68    1246.79    1071.55    1331.06    1644.42    2381.28
 1    4109.00    4263.80    4263.80    4079.00    4079.00    3873.41    3873.41    8931.38    8931.38    1426.19    1426.19    3312.08    3312.08    8134.43    8134.43    6439.36    6439.36    2794.64    2794.64    4017.55    4017.55    4427.35    4427.35    3630.40    3630.40    3050.12    3050.12
 2     783.00     812.15     812.15     776.95     776.95     737.79     737.79    1701.22    1701.22     271.66     271.66     630.87     630.87    1549.42    1549.42    1226.54    1226.54     532.31     532.31     765.25     765.25     843.30     843.30     691.50     691.50     580.98     580.98
 3    3537.00     859.44     990.85    5238.85    5083.75    1141.89    1221.86   12768.73    9657.80     369.87     595.89     928.44    1179.22   16077.02   10870.51     735.52     633.63    1125.65    1192.14     566.85     870.18    2654.02    3329.55    1186.21    1127.09    6432.48    5975.37
 4    1379.00    1484.45    1380.00    1111.55    1397.12    1574.37    1272.96     563.20     708.88    1183.16    1576.72    1596.80    1596.10     538.80     478.96     789.65     772.45     820.35     930.37    1063.09    1347.31    1501.41    1407.27    1196.80     950.57     807.79     991.19
 1    4109.00    3623.00    3623.00    9436.81    9436.81   21668.26   21668.26   11137.90   11137.90   10873.63   10873.63   17499.17   17499.17    7595.28    7595.28   11493.64   11493.64    6325.24    6325.24    5190.11    5190.11    2088.24    2088.24    6610.30    6610.30    6089.16    6089.16
 2     783.00     690.10     690.10    1797.49    1797.49    4127.29    4127.29    2121.50    2121.50    2071.17    2071.17    3333.18    3333.18    1446.72    1446.72    2189.26    2189.26    1204.81    1204.81     988.59     988.59     397.76     397.76    1259.10    1259.10    1159.84    1159.84
 3    3537.00     598.77     773.78    5922.25    6548.04     882.98     645.18    3003.15    3060.04     596.81     735.72    4149.99    3296.51     245.48     319.42     876.67     969.81   10371.90    9475.43    1015.37     803.35    1301.02    1042.35   10666.29    8254.10     828.73     745.15
 4    1379.00    1242.78    1456.14    1584.85    1456.21    1517.68    1778.53    1359.53    1152.82    1366.09    1491.97    1133.92    1021.78    1504.21    2238.73    2465.60    1766.26    1122.82    1072.74     996.63    1121.97    1270.66    1324.03     876.69     631.54     813.79    1031.20
 1    4109.00    4445.36    4445.36    4352.04    4352.04    3829.52    3829.52    3617.46    3617.46    4408.40    4408.40    5699.23    5699.23    3856.78    3856.78    3317.62    3317.62    8071.14    8071.14   33772.66   33772.66   33027.92   33027.92   13506.11   13506.11    7190.11    7190.11
 2     783.00     846.74     846.74     828.96     828.96     729.43     729.43     689.04     689.04     839.70     839.70    1085.57    1085.57     734.62     734.62     631.93     631.93    1537.36    1537.36    6432.89    6432.89    6291.03    6291.03    2572.59    2572.59    1369.54    1369.54
 3    3537.00     631.65     941.59    2878.08    2569.17    1144.11     914.96    3521.27    3503.91     895.20     805.38    4405.12    3844.33     595.51     611.70     697.36    1130.69    1908.28    3139.97    4512.36    5642.40    4668.60    4090.41    8565.18    6838.29    1138.55    1046.18
 4    1379.00    1430.89    1465.13    1045.82     892.30    1058.20    1294.57    1053.68    1031.62    1041.01     861.10     651.56     859.38    1103.29    1756.61    2435.61    4188.81    7199.82    7901.57    6731.41    4644.48    2818.53    1979.76    1291.61    1471.76    1527.31    1867.67
 1    4109.00    3956.57    3956.57    5489.48    5489.48    7640.56    7640.56   10504.96   10504.96    1945.48    1945.48     681.45     681.45    3557.40    3557.40    6378.83    6378.83    8044.81    8044.81    8325.24    8325.24    7628.08    7628.08    8542.38    8542.38    4602.91    4602.91
 2     783.00     753.63     753.63    1045.62    1045.62    1455.34    1455.34    2000.94    2000.94     370.57     370.57     129.80     129.80     677.60     677.60    1215.02    1215.02    1532.34    1532.34    1585.76    1585.76    1452.97    1452.97    1627.12    1627.12     876.74     876.74
 3    3537.00     983.78     758.36    7469.63    7166.80    1092.11    1376.79   14698.25    9406.10    9406.10     117.68     225.49     581.19    2770.41    2397.59    1061.79    1021.50    6490.44    5719.94    1347.79    1158.85   15400.55   23684.40    1219.52    1417.77   12563.16   11160.07
 4    1379.00    1427.93    1434.87    1711.35    1499.73    1408.96    1280.91     387.56     401.95     401.95     930.47    1390.17    1482.72    1373.82    1262.64    1582.05    1771.56    1705.02    1276.47    1328.13    1513.62    2542.68    1402.25    1882.53    1297.65     494.26     480.29
 1    4109.00    2627.39    2627.39    3806.42    3806.42    8400.08    8400.08    2987.29    2987.29    3263.57    3263.57    3081.54    3081.54    6677.75    6677.75    4268.42    4268.42    4313.69    4313.69    4779.85    4779.85    4038.34    4038.34    4029.10    4029.10    1586.97    1586.97
 2     783.00     500.46     500.46     725.03     725.03    1600.02    1600.02     569.01     569.01     621.63     621.63     586.96     586.96    1271.95    1271.95     813.03     813.03     821.66     821.66     910.45     910.45     769.21     769.21     767.45     767.45     302.28     302.28
 3    3537.00     705.98     873.13    3919.07    3769.98     984.29     863.75     873.74     655.02     857.07     913.13    1203.19    1398.31    9009.28    8623.46    2126.13    1668.43    7052.83    5805.80    1413.04    1371.52    4600.57    4216.29     985.52     912.18     958.03    1059.70
 4    1379.00    1328.49    1399.41    1265.15    1014.51     814.18     825.91    1022.57    1045.75    1384.76    1561.79    2176.29    2533.15    2064.68    1862.88    1573.12    1455.36    1058.73    1029.46    1092.37    1163.82    1074.95     861.24     927.18    1049.64     999.30     917.16
 1    4109.00    2562.71    2562.71    4412.56    4412.56    6074.38    6074.38    3225.68    3225.68    4063.75    4063.75    3098.17    3098.17    3874.79    3874.79    5623.46    5623.46    4462.46    4462.46    3994.45    3994.45    1281.59    1281.59    2546.54    2546.54    4741.97    4741.97
 2     783.00     488.14     488.14     840.49     840.49    1157.02    1157.02     614.42     614.42     774.05     774.05     590.13     590.13     738.06     738.06    1071.14    1071.14     849.99     849.99     760.85     760.85     244.11     244.11     485.06     485.06     903.23     903.23
 3    3537.00     870.84     807.74    6370.66    6200.20     865.29    1076.07    5940.55    5298.77     781.98     810.53     975.82     995.20    6218.48    4582.25    1308.03    1195.12    6411.50    5732.96     860.47     798.63    1230.59    1150.82    2960.07    2949.71    1065.68    1109.87
 4    1379.00    1253.89    1254.12    1365.49    1224.27    1199.86    1083.69     898.42     888.49    1027.20    1549.17    2006.23    1827.19    1045.28     762.22    1018.02    1128.44     903.41     818.17    1013.83    1039.31    1146.86    1062.30    1041.72    1326.39    1862.67    1714.87
 1    4109.00    3336.56    3336.56    3817.51    3817.51    6990.52    6990.52    7523.21    7523.21    4866.71    4866.71    5307.92    5307.92    3506.58    3506.58    5199.35    5199.35    4335.87    4335.87    2426.42    2426.42    3679.37    3679.37    9870.17    9870.17   11387.38   11387.38
 2     783.00     635.54     635.54     727.14     727.14    1331.53    1331.53    1432.99    1432.99     926.99     926.99    1011.03    1011.03     667.92     667.92     990.35     990.35     825.88     825.88     462.18     462.18     700.83     700.83    1880.03    1880.03    2169.02    2169.02
 3    3537.00     915.33     983.61    6189.43    7834.75    1221.25    1475.42   19241.76   12691.20    1173.64     925.17    6520.08    6954.42    1020.03     848.93    7795.87    5821.62     432.65     545.72     657.79    1382.29    9327.98    9722.54    2410.67    2323.93   19702.28   13268.51
 4    1379.00    1444.82    1360.28    1612.28    2044.52    2463.52    2110.99     967.00     713.49    1148.26    1057.82    1057.94    1257.07    1198.12     918.09     509.89     630.25    1010.22    1743.15    2463.88    2486.86    2580.81    2386.36    2241.68    1667.53     371.91     326.19
 1    4109.00    3073.22    3073.22    7780.54    7780.54    5203.51    5203.51    3540.31    3540.31    2455.53    2455.53    7190.57    7190.57    5951.95    5951.95    2528.99    2528.99    5495.49    5495.49    5827.67    5827.67    8571.95    8571.95    6650.95    6650.95    2474.93    2474.93
 2     783.00     585.38     585.38    1482.01    1482.01     991.14     991.14     674.34     674.34     467.72     467.72    1369.63    1369.63    1133.70    1133.70     481.71     481.71    1046.76    1046.76    1110.03    1110.03    1632.75    1632.75    1266.85    1266.85     471.42     471.42
 3    3537.00     778.40     876.92    8792.68    7040.88     685.70     748.86    3885.25    4502.99     871.55    1324.57   17275.26   13186.63     617.87     619.69     565.57     883.71   12666.86   14164.42     860.00    1135.68   21191.35   19210.38    1010.06    1034.25    1194.76    1072.01
 4    1379.00    1358.79    1315.90    1131.45     925.28     879.07    1103.55    1329.07    1574.07    1757.55    1628.00     655.85     467.76     884.16    1137.58    1153.91    1282.68    1490.48    1969.48    2266.88    2025.22    1128.27     695.35    1233.87    1551.08    1928.50    1957.78
 1    4109.00    4766.45    4766.45    4284.13    4284.13    7908.98    7908.98    3142.06    3142.06    1659.50    1659.50    4564.56    4564.56    9984.28    9984.28    5809.65    5809.65    1166.55    1166.55    5471.47    5471.47   13745.42   13745.42    5211.82    5211.82    7993.52    7993.52
 2     783.00     907.90     907.90     816.02     816.02    1506.47    1506.47     598.49     598.49     316.10     316.10     869.44     869.44    1901.77    1901.77    1106.60    1106.60     222.20     222.20    1042.18    1042.18    2618.18    2618.18     992.73     992.73    1522.58    1522.58
 3    3537.00     952.35     848.70    5000.85    4324.71     928.04     824.58    2174.21    2410.13     513.95     646.00    1119.24    1666.51   12431.77    9232.05     448.27     332.15     377.80     849.68    5921.48    5200.21    1214.84     943.06    4042.58    4689.33     716.36    1002.90
 4    1379.00    1636.65    1426.53    1163.10     801.14     757.69     753.93     729.13    1086.71    1553.01    1676.47    1469.90    1141.51     368.46     356.04     701.79    1290.63    1389.37    1474.14    1326.15    1105.09    1212.43    1163.23    1198.66    1969.23    2932.79    2659.37
 1    4109.00    3891.89    3891.89    5270.50    5270.50    3545.39    3545.39    7478.39    7478.39    8496.18    8496.18    2418.57    2418.57    3169.78    3169.78    4182.95    4182.95    8085.00    8085.00   12572.41   12572.41   10597.36   10597.36    4952.64    4952.64    2720.26    2720.26
 2     783.00     741.31     741.31    1003.90    1003.90     675.31     675.31    1424.46    1424.46    1618.32    1618.32     460.68     460.68     603.77     603.77     796.75     796.75    1540.00    1540.00    2394.74    2394.74    2018.54    2018.54     943.36     943.36     518.14     518.14
 3    3537.00     822.85     871.94    9719.07    7320.07     646.18     750.06   10684.30    9040.07    1045.18     801.29     846.63     936.79     488.16     822.92    1062.82    1312.97    4740.14    5025.67    2271.29    1941.84   10260.12    9151.69     852.68     791.09     725.26    1124.92
 4    1379.00    1261.14    1275.95     704.18     692.64    1259.79    2010.92    1745.15    1075.55     932.88     823.63     734.13     903.22    1014.40    1470.70    1934.98    2689.77    2410.90    1832.55    1735.89    1639.38    1537.66    1135.16     941.49    1021.68    1101.03    1070.81
 1    4109.00    4727.18    4727.18    2894.43    2894.43    4501.27    4501.27    4798.33    4798.33    2573.80    2573.80    4465.69    4465.69    5432.20    5432.20    7370.29    7370.29    4097.94    4097.94    2667.13    2667.13    1447.45    1447.45    3615.61    3615.61    3683.53    3683.53
 2     783.00     900.42     900.42     551.32     551.32     857.38     857.38     913.97     913.97     490.25     490.25     850.61     850.61    1034.70    1034.70    1403.86    1403.86     780.56     780.56     508.02     508.02     275.70     275.70     688.69     688.69     701.62     701.62
 3    3537.00    1021.37    1262.35    4995.50    4975.16    1147.07    1293.25    8438.66    8126.28     925.87    1159.71    4599.29    4793.71    1866.85    2168.98   20649.23   16451.52    1034.14    1115.69    3650.96    3483.69     649.21     970.78    4612.73    3908.16     906.17     916.71
 4    1379.00    1518.03    1503.03    1212.49    1134.69    1259.78    1187.77    1068.27    1693.81    1943.26    1707.85    2036.25    1788.13    1896.11    1797.16    1181.76     653.68    1044.87     899.11     736.68     715.20     997.52    1030.41     869.11     907.43    1327.06    1272.05
 1    4109.00   13289.43   13289.43    7743.58    7743.58    3776.85    3776.85    1039.96    1039.96    1728.80    1728.80    4892.12    4892.12    7012.70    7012.70    4423.65    4423.65    5137.44    5137.44   11888.18   11888.18    4506.81    4506.81    8888.88    8888.88    8699.00    8699.00
 2     783.00    2531.32    2531.32    1474.97    1474.97     719.40     719.40     198.09     198.09     329.30     329.30     931.83     931.83    1335.75    1335.75     842.60     842.60     978.56     978.56    2264.42    2264.42     858.44     858.44    1693.12    1693.12    1656.95    1656.95
 3    3537.00    1414.64     972.05   11245.95    7525.24    7525.24    7487.68    1301.19    3041.79     447.43     708.46    7002.97    7935.76     982.67     831.14    7131.27    6222.48     847.69    1208.52   14475.53   10678.23     447.10     645.07    8311.42    7231.03    1545.01    1218.40
 4    1379.00    1304.83    1170.57     406.83     389.21     389.21     389.21     919.78    1063.63     992.78    1159.66    1268.64    1466.04    1730.81    1272.16     776.06    1326.93    1579.48    1507.98     712.45    1133.12    2254.24    2831.20    1872.54    1093.24    1076.42     968.93
 1    4109.00    1907.60    1907.60    2979.44    2979.44    6936.93    6936.93    7684.45    7684.45    9859.54    9859.54   15806.41   15806.41    8191.72    5393.63     258.26     258.26     630.17     630.17    2651.88    2651.88    7282.04    7282.04    9419.26    9419.26    5833.21    5833.21
 2     783.00     363.35     363.35     567.51     567.51    1321.32    1321.32    1463.70    1463.70    1878.01    1878.01    3010.74    3010.74    1560.33    1560.33      49.19      49.19     120.03     120.03     505.12     505.12    1387.06    1387.06    1794.14    1794.14    1111.09    1111.09
 3    3537.00     688.76    1016.92    2416.36    2978.79    1553.60    1968.10    8179.66    7475.93    1138.67    1498.79   13224.78    7648.95    7648.95    4629.48    1506.12      24.71     226.59     530.42    1096.57    1752.71   16012.80   12831.12    1229.40    1045.80    3975.34    4559.37
 4    1379.00    1279.13    1468.18    2011.76    2000.68    1925.60    2014.46    1783.56    1568.92    1661.57    1573.38     467.09     385.38     385.38     385.38     385.38     891.59    1722.85    2120.16    2314.34    2195.63    1313.07     844.86    1425.44    1845.94    1846.10    1745.91
 1    4109.00     867.17     867.17    3112.03    3112.03    3357.35    3357.35    3748.21    3748.21    4510.97    4510.97    5307.92    5307.92    6227.76    6227.76    3957.03    3957.03    8113.18    8113.18    7749.59    7749.59    5449.75    5449.75    8504.96    8504.96   12049.88   12049.88
 2     783.00     165.18     165.18     592.77     592.77     639.50     639.50     713.94     713.94     859.23     859.23    1011.03    1011.03    1186.24    1186.24     753.72     753.72    1545.37    1545.37    1476.11    1476.11    1038.05    1038.05    1619.99    1619.99    2295.22    2295.22
 3    3537.00     618.44     693.94    1026.13     993.54    4857.14    5657.46    1292.59    1535.99   10143.55   11061.84    2193.69    2177.63   16267.19   11498.19     980.34    1251.52    7950.96    7544.17    1242.11    1185.17    4971.73    5022.54    1372.88    1435.74   12719.32    8981.28
 4    1379.00    1107.66    1392.46    1428.49    1374.78    1512.53    1839.70    1948.85    2914.34    2922.85    2233.40    1951.06    1422.68     694.21    1067.73    1869.44    1937.09    1589.56    1370.71    1693.56    1546.75    1710.26    1498.66    1534.16    1327.35     596.47     501.47
 1    4109.00    2957.72    2957.72    3319.01    3319.01    6182.02    6182.02    8532.22    8532.22    6980.36    6980.36    7304.68    7304.68    2431.04    2431.04    3431.27    3431.27    8922.61    8922.61    8322.01    8322.01    3428.96    3428.96    5823.51    5823.51    7741.27    7741.27
 2     783.00     563.38     563.38     632.19     632.19    1177.53    1177.53    1625.18    1625.18    1329.59    1329.59    1391.37    1391.37     463.06     463.06     653.58     653.58    1699.54    1699.54    1585.14    1585.14     653.14     653.14    1109.24    1109.24    1474.53    1474.53
 3    3537.00     799.09     863.59    3529.28    4146.94    1222.63    1622.78   12294.61   13078.45     915.88    1146.83   10865.83    8882.09     327.34     474.00    1358.37    1628.86    2598.54    2292.71     919.85     568.79    1537.84    2271.71     821.83    1291.59    3824.27    4909.06
 4    1379.00    1218.62    1468.90    1648.53    1593.34    1456.97    1565.99    1362.57    1312.93    1333.74    1024.79     614.87     743.93     902.27     956.75    1216.42    1093.42    1066.78    1130.96    1022.75     923.65    1331.96    1722.89    1956.82    2511.88    2796.29    2243.24
 1    4109.00    7058.90    7058.90    4337.26    4337.26    3909.44    3909.44    6539.15    6539.15    9438.66    9438.66    8717.48    8717.48   11724.64   11724.64    5635.48    5635.48    2229.61    2229.61    1488.10    1488.10    2342.80    2342.80    1927.93    1927.93    2219.91    2219.91
 2     783.00    1344.55    1344.55     826.14     826.14     744.66     744.66    1245.55    1245.55    1797.84    1797.84    1660.47    1660.47    2233.26    2233.26    1073.42    1073.42     424.69     424.69     283.45     283.45     446.25     446.25     367.22     367.22     422.84     422.84
 3    3537.00    1440.76    1754.51   13087.14   11195.55     523.48     896.13   15762.56   17418.46     552.71    1105.54   22563.03   17608.10     909.27     981.62    7969.76    6872.13     354.41     602.70     495.97     482.52     594.42     553.94     753.86     787.15    1016.32     934.33
 4    1379.00    1405.11    1288.73     577.33     787.17    1369.47    1450.90    1359.98    2280.40    2756.46    2633.50     722.06     801.79    1207.44    1029.51     601.18     567.50     735.05     729.73     612.04     673.61     656.89     762.60    1090.53    1119.92    1029.84    1031.18
 1    4109.00    5197.04    5197.04    4466.62    4466.62    4044.81    4044.81    3348.58    3348.58    8083.61    8083.61   12430.11   12430.11    6085.93    6085.93    4978.97    4978.97    2719.79    2719.79    6131.66    6131.66    8736.88    8736.88   11351.34   11351.34   13780.07   13780.07
 2     783.00     989.91     989.91     850.78     850.78     770.44     770.44     637.82     637.82    1539.74    1539.74    2367.64    2367.64    1159.22    1159.22     948.38     948.38     518.06     518.06    1167.94    1167.94    1664.17    1664.17    2162.16    2162.16    2624.78    2624.78
 3    3537.00     873.42     837.51    6749.05    5625.70     657.79     882.27    1022.56    1437.36   13003.25   11444.00    1346.88     989.80    9989.28   11651.64     472.32     607.71     883.25     985.91    7275.31    6213.59    1231.27    1175.50    9597.92    9967.83    1176.12    1395.05
 4    1379.00    1333.15    1227.52    1022.81     928.61    1225.35    1582.89    1829.49    2073.48    1316.09     972.58    1172.30    1068.64     703.87     712.10    1226.18    1355.79    1501.11    1489.29    1429.67    1563.35    1973.35    2396.01    2211.36    1927.24    1545.25    1677.45
 1    4109.00    2985.91    2985.91    4346.96    4346.96    8158.92    8158.92    9123.11    9123.11    4745.20    4745.20    3278.81    3278.81    7455.29    7455.29    6924.92    6924.92    2755.83    2755.83    2766.46    2766.46    4985.44    4985.44    3480.25    3480.25    5566.64    5566.64
 2     783.00     568.74     568.74     827.99     827.99    1554.08    1554.08    1737.74    1737.74     903.85     903.85     624.54     624.54    1420.06    1420.06    1319.03    1319.03     524.92     524.92     526.94     526.94     949.61     949.61     662.90     662.90    1060.31    1060.31
 3    3537.00     722.41     781.91    6733.85    6803.30    1032.21    1197.35   10300.98    7184.48     300.03     412.07     637.47     775.64   13485.66   11246.85     990.87    1057.93    1019.03    1187.86    4240.03    4315.00     974.39     936.73     951.96     947.79    6331.26    5277.42
 4    1379.00    1341.02    1287.86    1389.07    1330.66    1415.98    1268.94     788.79     801.96     748.59    1130.16    2173.35    2062.88    1207.37    1006.28    1098.41    1305.14    1191.97    1099.87    1190.71    1060.40    1161.57    1247.65    1203.73    1030.96     813.50     737.12
 1    4109.00    3745.90    3745.90    6240.70    6240.70    4651.88    4651.88   10495.72   10495.72   11764.83   11764.83    5234.92    5234.92    3017.32    3017.32    3146.68    3146.68    2827.90    2827.90    2610.76    2610.76    1904.83    1904.83    1717.25    1717.25    5720.48    5720.48
 2     783.00     713.50     713.50    1188.70    1188.70     886.07     886.07    1999.18    1999.18    2240.92    2240.92     997.13     997.13     574.73     574.73     599.37     599.37     538.65     538.65     497.29     497.29     362.82     362.82     327.10     327.10    1089.62    1089.62
 3    3537.00     723.15     560.31    4700.47    5054.47     879.66     761.66    7947.08    8367.40    1738.97    1495.91   12330.05   12075.16     578.56     660.37    2571.51    2729.86     737.29     784.35    1981.07    1907.17     840.08     662.91     969.73    1478.94    8369.02    6938.08
 4    1379.00    1199.93    1168.76    1159.26    1033.42    1437.05    2315.14    2669.77    1818.30    1498.88    1298.69     943.39     651.43     904.25     850.47     740.63     692.42     794.63     761.51     691.50     659.66    1000.69    1420.07    1819.39    1534.92    1066.16    1094.01
 1    4109.00    6209.74    6209.74    6385.76    6385.76    5330.09    5330.09    3490.41    3490.41    2352.50    2352.50    4180.64    4180.64    4576.57    4576.57    3646.10    3646.10    2111.80    2111.80    4655.57    4655.57    7111.57    7111.57    5821.66    5821.66    8061.44    8061.44
 2     783.00    1182.81    1182.81    1216.34    1216.34    1015.26    1015.26     664.84     664.84     448.10     448.10     796.31     796.31     871.73     871.73     694.50     694.50     402.25     402.25     886.78     886.78    1354.58    1354.58    1108.89    1108.89    1535.51    1535.51
 3    3537.00    1113.84     811.81    5469.63    5041.46     621.27     627.74    2828.16    2647.77     583.73     818.06    3904.40    4078.60    1177.40    1300.45    5939.43    5158.62     785.38     837.88    3430.98    3449.07    1457.38    1417.11    3824.55    4026.84    1276.33    1096.33
 4    1379.00    1505.03    1402.19     964.71    1023.75     794.30     737.11     696.65    1008.53    1290.98    1425.22    1257.13    1523.38    1144.67    1087.65     981.00     980.11    1243.38    1487.90    1752.66    1552.66    1427.87    1240.33    1378.47    1291.17    1006.35     798.58
 1    4109.00    7112.49    7112.49    6390.85    6390.85    3260.33    3260.33    5126.81    5126.81    5972.27    5972.27    6954.49    6954.49   13958.41   13958.41    9492.71    9492.71    4338.64    4338.64    5289.44    5289.44    3216.91    3216.91    6152.92    6152.92    2959.11    2959.11
 2     783.00    1354.76    1354.76    1217.30    1217.30     621.02     621.02     976.54     976.54    1137.58    1137.58    1324.66    1324.66    2658.74    2658.74    1808.14    1808.14     826.41     826.41    1007.51    1007.51     612.74     612.74    1171.98    1171.98     563.64     563.64
 3    3537.00     876.74     873.40    7827.81    6404.91     498.19     734.89    5300.75    5701.93     904.70    1188.00    6778.07    7007.99    1148.86     799.50   12803.12   14715.73     298.40     537.78    5336.17    6254.45     882.80     978.66    8866.20    8201.56     523.89     756.61
 4    1379.00    1373.58    1152.69     855.99    1001.38    1331.79    1341.99    1359.95    1498.52    1382.50    1436.17    1508.60    1477.20    1131.52     980.65    1166.05     652.71     934.76    1009.10    1009.37    1057.88    1111.51    1048.49     786.57    1103.64    1286.49     984.08
 1    4109.00    8272.11    8272.11    8164.93    8164.93    6466.61    6466.61    3576.80    3576.80    2391.77    2391.77    4310.92    4310.92    1386.92    1386.92    4738.27    4738.27    5837.37    5837.37    4666.20    4666.20    3750.98    3750.98    2517.44    2517.44    1548.62    1548.62
 2     783.00    1575.64    1575.64    1555.22    1555.22    1231.74    1231.74     681.30     681.30     455.58     455.58     821.13     821.13     264.18     264.18     902.53     902.53    1111.88    1111.88     888.80     888.80     714.47     714.47     479.51     479.51     294.98     294.98
 3    3537.00    1259.17    1328.02   16771.23   16612.35     523.12     749.95    3697.70    3404.18    1106.11    1045.27    4828.83    4231.51     769.12    1003.51    4558.36    3935.56     561.51     833.24    5237.39    5042.44     330.52     535.40     595.92     650.35     872.33    1276.84
 4    1379.00    1475.84    1394.03     975.38    1159.15    1833.74    1565.52    1025.70     791.27    1067.24    1148.35     892.73     920.06     897.87    1135.56     819.74     648.46     690.41     701.60     667.39     766.77     875.18     899.77     942.27    1446.64    1728.64    1722.71
 1    4109.00    4474.47    4474.47    2898.59    2898.59    6258.71    6258.71    8026.79    8026.79   11424.34   11424.34   12159.84   12159.84    9803.18    9803.18    8706.39    8706.39    6440.28    6440.28   10744.27   10744.27   10834.82   10834.82    8663.42    8663.42    8236.07    8236.07
 2     783.00     852.28     852.28     552.11     552.11    1192.14    1192.14    1528.91    1528.91    2176.06    2176.06    2316.16    2316.16    1867.27    1867.27    1658.36    1658.36    1226.72    1226.72    2046.53    2046.53    2063.78    2063.78    1650.18    1650.18    1568.78    1568.78
 3    3537.00     721.17     803.56     923.23     855.54    1785.17    1773.36    7692.38   10030.49    2174.91    2756.72   26395.61   19164.02    1358.16    1433.43   14510.57   14144.73     818.49    1521.26   20465.07   18391.80    2332.82    2053.09   18636.03   14656.61     946.62    1091.24
 4    1379.00    1248.35    1543.91    2026.69    2161.38    1588.71    1691.22    3686.67    4496.13    3471.20    3265.92    1201.36     874.19    1651.31    1813.47    1489.24    1652.53    3130.21    3933.00    2712.29    2284.32    2381.80    2040.26    1023.81     716.89     918.80    1061.80
 1    4109.00    6600.59    6600.59   12959.10   12959.10    2013.86    2013.86    1213.67    1213.67    3312.08    3312.08    5108.33    5108.33    4855.62    4855.62    7217.36    7217.36   12747.04   12747.04   13751.89   13751.89   15669.65   15669.65   17814.72   17814.72    8006.46    8006.46
 2     783.00    1257.26    1257.26    2468.40    2468.40     383.59     383.59     231.18     231.18     630.87     630.87     973.02     973.02     924.88     924.88    1374.74    1374.74    2428.01    2428.01    2619.41    2619.41    2984.70    2984.70    3393.28    3393.28    1525.04    1525.04
 3    3537.00    1079.15    1284.30   15267.60    8581.89    5834.04      36.68     178.18     488.21     988.98    1463.34    6171.71    4923.83     769.78     758.76    3970.75    5229.98    1946.16    1466.77    6951.83   12396.48    2101.19    2869.85   24867.83   20371.11     880.27     671.11
 4    1379.00    1178.61    1273.26     576.83     339.02     339.02     922.64    1089.85    1246.31    1447.89    1219.55     672.50     771.57    1573.52    2426.65    2519.27    1940.09    1384.93    2020.14    4170.76    4597.14    3537.78    2505.59    1454.48     903.70    1127.05    1022.03
 1    4109.00    4918.45    4918.45    4543.31    4543.31    4877.33    4877.33    5434.97    5434.97    2052.20    2052.20    3679.83    3679.83    4587.66    4587.66    6790.48    6790.48    6088.70    6088.70    9228.91    9228.91    3131.90    3131.90    2303.07    2303.07    9114.80    9114.80
 2     783.00     936.85     936.85     865.39     865.39     929.02     929.02    1035.23    1035.23     390.90     390.90     700.92     700.92     873.84     873.84    1293.42    1293.42    1159.75    1159.75    1757.89    1757.89     596.55     596.55     438.68     438.68    1736.15    1736.15
 3    3537.00     698.84     935.58    6365.69    5525.54     567.18     768.23    8962.89    7554.96     450.59     648.19    3807.38    3403.57    1008.61     887.50    4583.00    4531.55     862.66    1064.06   10515.18    7705.14     326.84     482.37     488.65     711.78    4599.09    4604.16
 4    1379.00    1232.15    1221.58     844.71     863.20    1104.34     902.79     376.35     681.09    1280.59    1383.66    1193.13     924.48    1033.04    1134.04    1190.35    1332.00    1336.55    1079.79     466.14     439.34     721.57    1028.15    1985.72    1940.37    1634.60    1571.62
