FL 2019 2020 2021 2022 2023 2024 2025 2026 2027 2028 2029 2030 2031 2032 2033 2034 2035 2036 2037 2038 2039 2040 2041 2042 2043 2044 2045
 1  0.1254765  0.1016565  0.0883020  0.0874209  0.0792252  0.0969549  0.0776033  0.1391200  0.1784671  0.2190683  0.2807340  0.1398522  0.1482558  0.1814264  0.2034548  0.2478835  0.2784114  0.1811791  0.1899298  0.0505307  0.0334596  0.0566729  0.0480135  0.1214397  0.1229096  0.2379472  0.2616304
 2  0.0238751  0.0186097  0.0167061  0.0176927  0.0119078  0.0155240  0.0144192  0.0297687  0.0428250  0.0551945  0.0677351  0.0286102  0.0291392  0.0371307  0.0419987  0.0475340  0.0507581  0.0341491  0.0347087  0.0080369  0.0054351  0.0099241  0.0094531  0.0231492  0.0225547  0.0445114  0.0531750
 3  0.1162273  0.0260919  0.0186582  0.0639659  0.0640147  0.0209023  0.0253387  0.1522970  0.1291682  0.0348021  0.0333046  0.1618452  0.1559056  0.0275311  0.0242973  0.1988962  0.2257021  0.0264477  0.0277239  0.0227767  0.0209451  0.0299236  0.0247510  0.2815774  0.3147400  0.0235799  0.0190587
 4  0.0444602  0.0416670  0.0334922  0.0585253  0.0487648  0.0459166  0.0317295  0.0284399  0.0263069  0.0393037  0.0393591  0.0322638  0.0263887  0.0380620  0.0389280  0.0390535  0.0430897  0.0358114  0.0327577  0.0447024  0.0386722  0.0403765  0.0358950  0.0342313  0.0256888  0.0374285  0.0318615
 1  0.1220670  0.0981552  0.0852831  0.1355417  0.1629075  0.1554984  0.1297041  0.1118793  0.1120041  0.1179415  0.1094837  0.0622173  0.0627557  0.0722208  0.0684393  0.0561377  0.0571819  0.0662960  0.0554155  0.2507661  0.4309825  0.4877520  0.5081608  0.1438796  0.1351327  0.0736344  0.0591067
 2  0.0232303  0.0180890  0.0162752  0.0273852  0.0331590  0.0276407  0.0229396  0.0211704  0.0207871  0.0222493  0.0223606  0.0130201  0.0135386  0.0154979  0.0146870  0.0126035  0.0103656  0.0118054  0.0108828  0.0545722  0.0909891  0.0768446  0.0818487  0.0245974  0.0239897  0.0130106  0.0107514
 3  0.1130934  0.0234785  0.0229962  0.2284144  0.2203543  0.0218607  0.0206112  0.1141057  0.1062434  0.0235962  0.0231992  0.1232047  0.1222196  0.0244205  0.0278944  0.1205152  0.1231556  0.0202371  0.0238208  0.3193755  0.3819911  0.0178763  0.0113978  0.0137801  0.0128590  0.0219697  0.0219129
 4  0.0433681  0.0366269  0.0362108  0.0221231  0.0252221  0.0394810  0.0366783  0.0316979  0.0330387  0.0335032  0.0353218  0.0303566  0.0309020  0.0330726  0.0339481  0.0373912  0.0378635  0.0340530  0.0341617  0.0140050  0.0199299  0.0373594  0.0323947  0.0452887  0.0432914  0.0353721  0.0353883
 1  0.1187765  0.1402300  0.1287716  0.1251489  0.1272720  0.2843445  0.3291146  0.1726877  0.1654057  0.1300642  0.1270800  0.1628672  0.1745586  0.0829871  0.0738693  0.1455696  0.1566351  0.1649098  0.1567066  0.1264913  0.1356129  0.2483361  0.2954220  0.1340154  0.0954719  0.1074037  0.0991326
 2  0.0226444  0.0259647  0.0243424  0.0228446  0.0227354  0.0530991  0.0619999  0.0306396  0.0293942  0.0242028  0.0256039  0.0325836  0.0315029  0.0151111  0.0134590  0.0283942  0.0297618  0.0310678  0.0294925  0.0246128  0.0279774  0.0530394  0.0602390  0.0221319  0.0150935  0.0187904  0.0198182
 3  0.1100329  0.0412670  0.0415058  0.2709815  0.2830048  0.0224812  0.0250887  0.1516021  0.1629386  0.0236336  0.0303625  0.1972519  0.2251334  0.0217693  0.0219801  0.1585180  0.1463892  0.0258437  0.0269091  0.1577314  0.1361953  0.0320671  0.0237096  0.0352952  0.0278375  0.0438483  0.0439119
 4  0.0423910  0.0426206  0.0446372  0.0281694  0.0237891  0.0347458  0.0366428  0.0312115  0.0328509  0.0338945  0.0359507  0.0359856  0.0284003  0.0367760  0.0387974  0.0314186  0.0333682  0.0384359  0.0387442  0.0275151  0.0269263  0.0373628  0.0413358  0.0452491  0.0353973  0.0379889  0.0337108
 1  0.1193897  0.0451615  0.0376050  0.1283456  0.1388428  0.1347634  0.1419927  0.0671573  0.0592207  0.0434639  0.0348145  0.0511612  0.0483108  0.0614444  0.0628454  0.0777681  0.0917265  0.1648150  0.1833974  0.1313481  0.1445139  0.1766809  0.1620996  0.1680103  0.2305551  0.1758266  0.1764784
 2  0.0226910  0.0082681  0.0072134  0.0260058  0.0285452  0.0284232  0.0294209  0.0136719  0.0105683  0.0076181  0.0067918  0.0102531  0.0102192  0.0138826  0.0150571  0.0193643  0.0213061  0.0370755  0.0394135  0.0274741  0.0253516  0.0302547  0.0309146  0.0356576  0.0502753  0.0353998  0.0354639
 3  0.1105887  0.0307323  0.0202542  0.1195446  0.1232013  0.0289651  0.0241836  0.0228212  0.0250708  0.0269710  0.0209640  0.1108480  0.1156639  0.0260965  0.0291381  0.1370987  0.1432783  0.0270864  0.0307422  0.2122768  0.2516026  0.0228666  0.0251014  0.2258369  0.2179475  0.0207456  0.0286572
 4  0.0420011  0.0391919  0.0371171  0.0295480  0.0317263  0.0331033  0.0376009  0.0408183  0.0446771  0.0388051  0.0342256  0.0350025  0.0286035  0.0344113  0.0379452  0.0323581  0.0338554  0.0371820  0.0380226  0.0319638  0.0332598  0.0354956  0.0343757  0.0239794  0.0258915  0.0342564  0.0397555
 1  0.1189860  0.0867447  0.0750891  0.0946128  0.0902922  0.1630407  0.1561023  0.2913409  0.3633729  0.4045573  0.4913525  0.1861063  0.1969589  0.0827857  0.0593652  0.1688079  0.2295951  0.2715078  0.2914795  0.0801129  0.0622860  0.1857779  0.2857223  0.4489885  0.9990000  0.0491136  0.0204367
 2  0.0231473  0.0161684  0.0144299  0.0187112  0.0164549  0.0303650  0.0290427  0.0569432  0.0660296  0.0714386  0.0939339  0.0353998  0.0273345  0.0121293  0.0097779  0.0318881  0.0457797  0.0543724  0.0447600  0.0125692  0.0113019  0.0378867  0.0580807  0.0833737  0.1808155  0.0046698  0.0023326
 3  0.1099257  0.0239156  0.0207074  0.0899207  0.0997856  0.0256770  0.0266125  0.1294385  0.1336743  0.0170841  0.0237775  0.2250876  0.2767891  0.0137835  0.0215024  0.3389712  0.3115489  0.0208855  0.0242429  0.0168513  0.0237692  0.3631578  0.4025536  0.7218112  0.9990000  0.9990000  0.0107074
 4  0.0434759  0.0378114  0.0364898  0.0349447  0.0362967  0.0418830  0.0376463  0.0337348  0.0360718  0.0338948  0.0325023  0.0383992  0.0443858  0.0383188  0.0322484  0.0182650  0.0171881  0.0419777  0.0403889  0.0357614  0.0325411  0.0119397  0.0126561  0.0193451  0.0323925  0.0274941  0.0400791
 1  0.1162521  0.1609616  0.1500592  0.1878702  0.2192297  0.2334274  0.2547262  0.1309600  0.0974545  0.1158896  0.1065301  0.0727698  0.0848297  0.1418244  0.1419714  0.1512597  0.1757088  0.1387379  0.1447595  0.0727544  0.0672141  0.1098382  0.0860685  0.1855572  0.2686632  0.0841027  0.0600523
 2  0.0225599  0.0301525  0.0284507  0.0361509  0.0407664  0.0437724  0.0480678  0.0217873  0.0155134  0.0203889  0.0214494  0.0165005  0.0194155  0.0307420  0.0291996  0.0316196  0.0386009  0.0307882  0.0307113  0.0151322  0.0128610  0.0189841  0.0159483  0.0384787  0.0519168  0.0132284  0.0103349
 3  0.1074261  0.0294637  0.0246898  0.2256938  0.2390388  0.0240777  0.0238108  0.0473433  0.0427878  0.0209586  0.0214489  0.1601872  0.1523646  0.0246793  0.0176524  0.1173937  0.1143426  0.0188690  0.0284696  0.0258127  0.0197610  0.0225860  0.0245989  0.3064529  0.3087664  0.0192280  0.0211102
 4  0.0426515  0.0413026  0.0378616  0.0274105  0.0245964  0.0355167  0.0394735  0.0395328  0.0409329  0.0344637  0.0317918  0.0275854  0.0308442  0.0359768  0.0349268  0.0275545  0.0304864  0.0334316  0.0356263  0.0382683  0.0420542  0.0396584  0.0351905  0.0222313  0.0306990  0.0367919  0.0351198
 1  0.1297236  0.1629250  0.1465460  0.0779447  0.0726127  0.0846343  0.0884513  0.0880165  0.1035973  0.1165779  0.1434023  0.0926722  0.0676534  0.0529785  0.0455679  0.1809370  0.2570015  0.1821663  0.1734816  0.0527599  0.0351587  0.0613679  0.0567150  0.1296142  0.1374740  0.1023500  0.1421643
 2  0.0243926  0.0292131  0.0268545  0.0142355  0.0139230  0.0176876  0.0201600  0.0212069  0.0249500  0.0278625  0.0322645  0.0166185  0.0113475  0.0094886  0.0091629  0.0400195  0.0565576  0.0382357  0.0244534  0.0076887  0.0057962  0.0110589  0.0108717  0.0272967  0.0317290  0.0251941  0.0352119
 3  0.1204050  0.0385419  0.0335185  0.1371219  0.1302735  0.0217225  0.0249185  0.1198861  0.1168238  0.1373904  0.0306178  0.0261811  0.0185959  0.0200027  0.0246474  0.2649269  0.2653600  0.0243380  0.0278464  0.0165730  0.0201649  0.1498905  0.1493815  0.0241883  0.0303833  0.2439833  0.2359232
 4  0.0445032  0.0366065  0.0349680  0.0349044  0.0286935  0.0290818  0.0341492  0.0297108  0.0251514  0.0295002  0.0402923  0.0459280  0.0383411  0.0346709  0.0336447  0.0213675  0.0177734  0.0534450  0.0477782  0.0388147  0.0384693  0.0339471  0.0304292  0.0294743  0.0336885  0.0177793  0.0180332
 1  0.1244105  0.0278125  0.0228043  0.0281766  0.0273882  0.0871639  0.1027561  0.2458067  0.2180163  0.1131371  0.0989337  0.2176567  0.2512053  0.1759992  0.2599618  0.1659350  0.1214268  0.1462845  0.1093859  0.2879945  0.3356743  0.2845862  0.5364547  0.2086696  0.1358163  0.0594428  0.0369664
 2  0.0246932  0.0052100  0.0044170  0.0058852  0.0062360  0.0210861  0.0202785  0.0428657  0.0355538  0.0190429  0.0181320  0.0440845  0.0559141  0.0407629  0.0567003  0.0299060  0.0143434  0.0209120  0.0189123  0.0547349  0.0674098  0.0603425  0.1052294  0.0270626  0.0191946  0.0085209  0.0054048
 3  0.1146225  0.0217347  0.0209509  0.0286435  0.0282981  0.1809296  0.2133689  0.0200913  0.0202115  0.0991511  0.0959618  0.0257403  0.0258878  0.2848242  0.3645016  0.0197150  0.0253084  0.0341475  0.0449841  0.0534537  0.0516569  0.3712331  0.4149941  0.0190065  0.0158026  0.0197639  0.0209769
 4  0.0469218  0.0336862  0.0351830  0.0325311  0.0334448  0.0330997  0.0403497  0.0421191  0.0376572  0.0325090  0.0329681  0.0331956  0.0307466  0.0120553  0.0152808  0.0573985  0.0457428  0.0431025  0.0383883  0.0324187  0.0326414  0.0147076  0.0205466  0.0416644  0.0430546  0.0421368  0.0409381
 1  0.1237088  0.1514107  0.1373769  0.2295515  0.3031570  0.2391016  0.2176673  0.0429498  0.0276221  0.0827150  0.0671169  0.1226565  0.1541716  0.1570255  0.1771114  0.1061737  0.1333971  0.0822277  0.0707946  0.0627804  0.0571407  0.0656226  0.0613568  0.0770976  0.0430493  0.0632424  0.0560586
 2  0.0237626  0.0277731  0.0256461  0.0453729  0.0570780  0.0405229  0.0371954  0.0066274  0.0042196  0.0138163  0.0127795  0.0265704  0.0352729  0.0359492  0.0424739  0.0260930  0.0324556  0.0168050  0.0141169  0.0126539  0.0111795  0.0133149  0.0134156  0.0112408  0.0063672  0.0108902  0.0113292
 3  0.1145732  0.0323191  0.0286914  0.2319334  0.2307370  0.0219537  0.0187311  0.0222173  0.0187519  0.0181905  0.0241358  0.1961062  0.2038647  0.0199020  0.0239017  0.1323598  0.1271932  0.0292779  0.0210070  0.0187439  0.0240692  0.0245009  0.0311708  0.1411698  0.1334049  0.0222183  0.0250381
 4  0.0440699  0.0383747  0.0350674  0.0227757  0.0257681  0.0349831  0.0415785  0.0470562  0.0406234  0.0353606  0.0324668  0.0206140  0.0243818  0.0288703  0.0299957  0.0261219  0.0316219  0.0356974  0.0355232  0.0367207  0.0392911  0.0354445  0.0587249  0.0558874  0.0409477  0.0365018  0.0316006
