FL 2019 2020 2021 2022 2023 2024 2025 2026 2027 2028 2029 2030 2031 2032 2033 2034 2035 2036 2037 2038 2039 2040 2041 2042 2043 2044 2045
 1  0.1254765  0.0537101  0.0361867  0.0523160  0.0372411  0.0988412  0.0758017  0.1374837  0.1577677  0.1851922  0.2358743  0.1433247  0.1500906  0.1698162  0.2003629  0.2730387  0.2932934  0.1802971  0.2163807  0.0620965  0.0415475  0.0564054  0.0475986  0.1210563  0.1128292  0.2111915  0.2373540
 2  0.0238751  0.0086047  0.0057522  0.0091268  0.0047423  0.0149821  0.0137316  0.0291087  0.0385768  0.0495061  0.0620071  0.0321643  0.0324842  0.0382208  0.0449455  0.0560062  0.0580012  0.0372957  0.0422650  0.0099773  0.0067254  0.0098073  0.0093198  0.0229048  0.0213147  0.0420167  0.0509864
 3  0.1162273  0.0330849  0.0173368  0.0227435  0.0225354  0.0197363  0.0239876  0.0331542  0.0292061  0.0372510  0.0322857  0.0328566  0.0241163  0.0335085  0.0252755  0.0289380  0.0244332  0.1081991  0.1011015  0.0235148  0.0205124  0.0275090  0.0295237  0.1617828  0.1435950  0.0285869  0.0280653
 4  0.0444602  0.0543820  0.0380538  0.0715550  0.0533936  0.0487369  0.0358355  0.0420158  0.0349447  0.0432307  0.0427440  0.0471296  0.0355240  0.0389592  0.0389274  0.0442163  0.0342054  0.0383391  0.0438991  0.0509119  0.0403513  0.0459557  0.0424188  0.0506390  0.0329802  0.0411274  0.0339854
 1  0.1220670  0.0539047  0.0362685  0.0805647  0.0701586  0.1017029  0.0817215  0.1145940  0.1152909  0.1246518  0.1202001  0.0656794  0.0729434  0.0772605  0.0710687  0.0509815  0.0513155  0.0624575  0.0512080  0.2484484  0.3112407  0.2766266  0.3304113  0.2285393  0.3142684  0.1227387  0.0974632
 2  0.0232303  0.0087191  0.0058313  0.0139683  0.0131383  0.0181865  0.0149956  0.0227520  0.0225666  0.0246493  0.0253602  0.0140211  0.0154034  0.0155807  0.0143555  0.0109270  0.0088606  0.0107625  0.0098593  0.0533134  0.0713863  0.0613300  0.0722463  0.0494600  0.0635799  0.0209709  0.0166817
 3  0.1130934  0.0175666  0.0214710  0.0635266  0.0632379  0.0221784  0.0232373  0.0631473  0.0641416  0.0242548  0.0266172  0.2427839  0.2508840  0.0284328  0.0239697  0.1507065  0.1590304  0.0226233  0.0257556  0.0277389  0.0260361  0.0268779  0.0279602  0.1659488  0.1688509  0.0215096  0.0231609
 4  0.0433681  0.0439896  0.0425861  0.0374003  0.0439209  0.0396561  0.0388815  0.0459056  0.0455667  0.0384089  0.0394640  0.0196612  0.0165376  0.0425803  0.0372823  0.0424583  0.0466984  0.0407824  0.0373213  0.0349262  0.0362373  0.0353084  0.0380620  0.0297242  0.0366138  0.0422051  0.0393660
 1  0.1187765  0.0769133  0.0531468  0.0703859  0.0493304  0.2109543  0.2338152  0.1693361  0.1645736  0.1287570  0.1351381  0.1921993  0.2178109  0.0875376  0.0793116  0.1479215  0.1624315  0.1658506  0.1556889  0.1229304  0.1289581  0.2503051  0.2972223  0.1356186  0.1001376  0.1073531  0.0957792
 2  0.0226444  0.0125015  0.0085033  0.0109318  0.0084085  0.0408862  0.0474441  0.0335289  0.0327578  0.0267335  0.0295938  0.0410902  0.0410779  0.0163503  0.0146463  0.0289823  0.0307058  0.0307956  0.0289147  0.0237125  0.0265818  0.0534833  0.0606967  0.0223205  0.0155357  0.0183558  0.0188565
 3  0.1100329  0.0300463  0.0199853  0.0208203  0.0235187  0.0284685  0.0293464  0.0286689  0.0251130  0.0270888  0.0270648  0.1562779  0.1587553  0.0197404  0.0248641  0.1763646  0.1725528  0.0253082  0.0226052  0.1383795  0.1476422  0.0270574  0.0310235  0.1077008  0.0993694  0.0211441  0.0253860
 4  0.0423910  0.0465383  0.0460956  0.0394480  0.0386425  0.0388833  0.0417018  0.0419992  0.0358802  0.0352064  0.0405523  0.0429431  0.0346052  0.0390086  0.0380528  0.0351361  0.0365580  0.0394827  0.0392127  0.0308805  0.0322229  0.0383566  0.0476105  0.0522622  0.0444559  0.0368483  0.0321624
 1  0.1193897  0.0246958  0.0163165  0.0835574  0.0688577  0.0889152  0.0883367  0.0650030  0.0574900  0.0446311  0.0358396  0.0518654  0.0484738  0.0596921  0.0613776  0.0776452  0.0841287  0.1437376  0.1628709  0.1350882  0.1373121  0.1628249  0.1614659  0.1738474  0.2077071  0.1697612  0.2245541
 2  0.0226910  0.0039735  0.0026322  0.0143135  0.0125662  0.0177949  0.0179531  0.0133584  0.0104226  0.0079072  0.0070442  0.0104311  0.0103011  0.0136019  0.0148176  0.0194544  0.0202211  0.0344783  0.0373084  0.0299557  0.0266362  0.0313512  0.0334902  0.0392606  0.0498488  0.0400657  0.0487980
 3  0.1105887  0.0227501  0.0192992  0.0214522  0.0213590  0.0645510  0.0616019  0.0259761  0.0292142  0.0206515  0.0258745  0.0937663  0.0933867  0.0288538  0.0279754  0.0272840  0.0310148  0.0254425  0.0266120  0.0294877  0.0264573  0.0264405  0.0238583  0.0267394  0.0300345  0.2228064  0.2415171
 4  0.0420011  0.0465564  0.0399967  0.0386232  0.0339916  0.0360950  0.0377389  0.0462169  0.0514128  0.0409258  0.0394051  0.0371001  0.0376703  0.0374994  0.0367356  0.0398850  0.0403559  0.0385850  0.0395200  0.0477547  0.0433843  0.0381328  0.0334611  0.0363465  0.0379762  0.0225675  0.0274972
 1  0.1189860  0.0474579  0.0319594  0.0556821  0.0414817  0.1381457  0.1226150  0.2788188  0.3161504  0.3632672  0.4574997  0.2087590  0.2679681  0.0885308  0.0596415  0.1630400  0.1902503  0.2426979  0.2733962  0.0942430  0.0805616  0.2074147  0.2363311  0.3135660  0.5135588  0.1557021  0.0998599
 2  0.0231473  0.0077530  0.0051612  0.0093191  0.0066088  0.0243012  0.0222928  0.0546959  0.0600457  0.0694690  0.0934516  0.0422246  0.0366068  0.0120045  0.0093617  0.0298623  0.0384858  0.0522825  0.0466842  0.0156066  0.0149043  0.0420206  0.0514121  0.0718298  0.1084725  0.0226483  0.0141928
 3  0.1099257  0.0176077  0.0191475  0.0236787  0.0241835  0.0210459  0.0268024  0.0262936  0.0273428  0.0240111  0.0275187  0.3472210  0.5584380  0.0142535  0.0216317  0.1968893  0.1796307  0.0255452  0.0240913  0.0999020  0.1054056  0.0250494  0.0304091  0.1903213  0.1976317  0.0170295  0.0222812
 4  0.0434759  0.0451896  0.0424331  0.0486719  0.0475100  0.0397440  0.0412173  0.0407161  0.0388422  0.0373090  0.0367748  0.0351575  0.0324926  0.0424666  0.0401345  0.0305150  0.0280522  0.0467651  0.0433627  0.0384858  0.0359359  0.0349321  0.0354642  0.0257083  0.0355575  0.0490386  0.0409726
