FL 2019 2020 2021 2022 2023 2024 2025 2026 2027 2028 2029 2030 2031 2032 2033 2034 2035 2036 2037 2038 2039 2040 2041 2042 2043 2044 2045
 1  0.7288134  0.6828411  0.6579133  0.6505257  0.6563350  0.6967102  0.6934171  0.6916896  0.6805876  0.6742475  0.6817552  0.6841691  0.6799006  0.6650143  0.6646013  0.6775355  0.6752344  0.6485054  0.6489905  0.6771787  0.7025479  0.7096271  0.7104096  0.7137157  0.7046931  0.6796358  0.6687905
 2  0.5725724  0.5257627  0.5117072  0.5077265  0.5592043  0.5964142  0.5958546  0.5711318  0.5182903  0.4825523  0.4897522  0.5298667  0.5462766  0.5326903  0.5249310  0.5432587  0.5540926  0.5293324  0.5290420  0.5662952  0.5947998  0.6024850  0.5925665  0.5865286  0.5778150  0.5603342  0.5363699
 3  0.7521145  0.7090282  0.6821143  0.6713736  0.6702147  0.7181720  0.7164939  0.7109270  0.6971399  0.6891988  0.6958865  0.7003425  0.6986991  0.6843868  0.6815902  0.6937468  0.6947224  0.6698420  0.6663590  0.6933077  0.7225758  0.7305342  0.7304353  0.7311165  0.7241080  0.7009316  0.6880526
 4  0.4566311  0.4242774  0.4172428  0.4081735  0.5088126  0.5405954  0.5002068  0.4322145  0.3744463  0.3644401  0.4097315  0.4624171  0.4659094  0.4286047  0.4279103  0.4737153  0.4827076  0.4309431  0.4432946  0.5085593  0.5292917  0.5182023  0.4856263  0.4921991  0.5036859  0.4676577  0.4228888
 1  0.7290193  0.6837882  0.6597045  0.6532011  0.6345607  0.6304539  0.6659521  0.6768715  0.6724006  0.6795716  0.6854647  0.6890462  0.6945375  0.6938998  0.7040677  0.7083733  0.7102173  0.7212605  0.7140259  0.7114196  0.6614992  0.5931911  0.6196143  0.6057756  0.6228985  0.6537866  0.6799697
 2  0.5731135  0.5265721  0.5121429  0.5096288  0.4942104  0.5142393  0.5532002  0.5636713  0.5575750  0.5609455  0.5609851  0.5551882  0.5508175  0.5486974  0.5551417  0.5569826  0.5755601  0.5938438  0.5936253  0.5745364  0.5101534  0.4868375  0.5182910  0.5050069  0.5138119  0.5404107  0.5648467
 3  0.7523618  0.7098613  0.6837319  0.6738005  0.6530073  0.6458166  0.6834157  0.6965695  0.6905223  0.6981441  0.7048617  0.7065069  0.7118915  0.7110817  0.7207211  0.7257777  0.7261010  0.7411111  0.7349290  0.7294255  0.6790092  0.6093597  0.6377236  0.6267908  0.6401807  0.6700735  0.6980994
 4  0.4573780  0.4241020  0.4160960  0.4115619  0.4020656  0.4557717  0.4914741  0.4772831  0.4726395  0.4845827  0.4660731  0.4565533  0.4549363  0.4541603  0.4648132  0.4542073  0.5012480  0.5252157  0.4933509  0.4454066  0.4066796  0.4346295  0.4575646  0.4202119  0.4322642  0.4748496  0.4931043
 1  0.7283085  0.6840857  0.6545209  0.6480976  0.6520738  0.6484105  0.6444970  0.6539832  0.6631934  0.6584836  0.6648278  0.6745334  0.6713376  0.6604891  0.6696537  0.6894352  0.6820503  0.6833251  0.6869662  0.6917269  0.6745067  0.6533950  0.6570198  0.6729112  0.6980271  0.7039798  0.6993292
 2  0.5726575  0.5268711  0.5081572  0.5200356  0.5337692  0.5300277  0.5199550  0.5331311  0.5487703  0.5436555  0.5381798  0.5405647  0.5534656  0.5550205  0.5661682  0.5701241  0.5618081  0.5597871  0.5646327  0.5647833  0.5419413  0.5154403  0.5219452  0.5646812  0.5958261  0.6010279  0.5833440
 3  0.7516802  0.7099972  0.6786645  0.6679427  0.6709144  0.6680545  0.6620812  0.6706612  0.6820202  0.6782119  0.6833640  0.6910656  0.6885742  0.6816096  0.6889079  0.7080746  0.7008344  0.7019102  0.7058281  0.7104786  0.6937095  0.6714760  0.6733065  0.6895100  0.7183880  0.7259805  0.7197662
 4  0.4573648  0.4236758  0.4142148  0.4438586  0.4619339  0.4387808  0.4299064  0.4655494  0.4776295  0.4570124  0.4359116  0.4541182  0.4920616  0.4823843  0.4813217  0.4819112  0.4765609  0.4793717  0.4805966  0.4743819  0.4421015  0.4154330  0.4479728  0.5097395  0.5326332  0.5166420  0.4659946
 1  0.7292546  0.6838950  0.6631924  0.6594340  0.6499633  0.6474237  0.6586289  0.6761326  0.6928537  0.7108302  0.7126293  0.7128146  0.7122680  0.7037969  0.7067209  0.7107808  0.7028741  0.6992197  0.6934972  0.6939139  0.6779262  0.6787917  0.6748649  0.6709553  0.6500086  0.6396066  0.6583525
 2  0.5718989  0.5260567  0.5150422  0.5154787  0.5089395  0.5067774  0.5207020  0.5403115  0.5724321  0.5940920  0.5955185  0.5872541  0.5714629  0.5557103  0.5435663  0.5368320  0.5361133  0.5423238  0.5496199  0.5522470  0.5617719  0.5735529  0.5675609  0.5421742  0.4999427  0.4985111  0.5224102
 3  0.7524902  0.7101951  0.6872706  0.6797850  0.6680597  0.6648705  0.6748564  0.6927995  0.7096531  0.7303615  0.7334113  0.7309907  0.7301455  0.7219297  0.7229163  0.7263807  0.7184675  0.7162812  0.7113061  0.7114637  0.6955285  0.6994963  0.6966008  0.6898185  0.6667808  0.6554681  0.6752490
 4  0.4556608  0.4248787  0.4176742  0.4170809  0.4193768  0.4180230  0.4395427  0.4633807  0.5044991  0.5237072  0.5002454  0.4802298  0.4739144  0.4462850  0.4272203  0.4231857  0.4458582  0.4583725  0.4575601  0.4631461  0.4965301  0.5083989  0.4698318  0.4170199  0.3961292  0.4286611  0.4490423
 1  0.7307392  0.6865184  0.6612995  0.6561579  0.6617006  0.6790711  0.6812398  0.6890300  0.6667076  0.6554046  0.6338012  0.5885377  0.6168618  0.6760447  0.6830960  0.6928111  0.6512289  0.6056385  0.6318375  0.6835210  0.6863877  0.6900189  0.6663847  0.6448462  0.6360599  0.6326958  0.6747547
 2  0.5709265  0.5258337  0.5121026  0.5159034  0.5378915  0.5587299  0.5652716  0.5639501  0.5481540  0.5428581  0.5177845  0.4674104  0.5397496  0.5891189  0.5972252  0.5865389  0.5265267  0.4748040  0.5376862  0.5845423  0.5885710  0.5712929  0.5231421  0.4967952  0.4934518  0.5342113  0.5822715
 3  0.7534590  0.7123403  0.6853196  0.6764778  0.6788745  0.6977097  0.7002320  0.7077162  0.6855808  0.6749669  0.6555652  0.6070390  0.6268955  0.6975991  0.7058490  0.7130409  0.6709890  0.6234869  0.6440943  0.7040144  0.7087938  0.7089018  0.6837414  0.6623401  0.6529505  0.6481130  0.6934801
 4  0.4540021  0.4236161  0.4165774  0.4246023  0.4691349  0.4863287  0.4809439  0.4724387  0.4690153  0.4718275  0.4185741  0.3770828  0.5027962  0.5370146  0.5128317  0.4791815  0.4195595  0.3862829  0.4946148  0.5297630  0.4945432  0.4463806  0.4173431  0.4057781  0.4164129  0.4867101  0.5249747
 1  0.7296156  0.6865591  0.6568396  0.6464189  0.6300952  0.6206503  0.6290819  0.6537453  0.6858102  0.6966171  0.6929383  0.6918044  0.6911709  0.6971797  0.7007217  0.7005917  0.6768267  0.6541141  0.6697977  0.6837252  0.6935475  0.7100737  0.7138338  0.7078964  0.6777838  0.6698236  0.6886610
 2  0.5721350  0.5269808  0.5086440  0.5101266  0.5084962  0.5049618  0.5125536  0.5472817  0.5830265  0.5913242  0.5757914  0.5463320  0.5247263  0.5361875  0.5550540  0.5603953  0.5326027  0.5048980  0.5268276  0.5491907  0.5705418  0.5933836  0.5976245  0.5843244  0.5429135  0.5534429  0.5743556
 3  0.7525046  0.7121357  0.6808875  0.6669589  0.6485852  0.6394205  0.6465029  0.6692406  0.7046428  0.7179935  0.7133432  0.7092076  0.7063200  0.7130520  0.7181121  0.7189505  0.6956367  0.6711352  0.6855591  0.7014349  0.7110649  0.7285739  0.7349755  0.7278717  0.6952470  0.6869677  0.7085113
 4  0.4555682  0.4230816  0.4149998  0.4235869  0.4342925  0.4257103  0.4322404  0.4891490  0.5219270  0.5104576  0.4602560  0.4099177  0.4239223  0.4596656  0.4749370  0.4644775  0.4201933  0.4084802  0.4555516  0.4736594  0.4937749  0.5224787  0.5151011  0.4682565  0.4456196  0.4939963  0.5001166
 1  0.7282820  0.6799588  0.6470992  0.6393975  0.6489482  0.6521554  0.6616292  0.6747775  0.6790077  0.6798069  0.6738567  0.6885329  0.7096703  0.7113405  0.7098658  0.7112713  0.6893785  0.6611756  0.6778816  0.7116398  0.7095625  0.7109680  0.6991935  0.6901517  0.6883488  0.6893909  0.6713397
 2  0.5697585  0.5240958  0.5065037  0.5140778  0.5239809  0.5182456  0.5065996  0.4997531  0.5005348  0.5054540  0.5133810  0.5583941  0.5932212  0.6014566  0.5906579  0.5703802  0.5312840  0.5038523  0.5683403  0.6066465  0.6128875  0.6041288  0.5789271  0.5579162  0.5378691  0.5199251  0.4918155
 3  0.7517544  0.7067786  0.6720051  0.6598477  0.6677369  0.6706238  0.6778983  0.6896378  0.6939678  0.6954717  0.6898923  0.7037326  0.7292368  0.7327612  0.7298184  0.7286853  0.7062536  0.6789077  0.6913920  0.7335117  0.7327486  0.7313916  0.7186672  0.7094188  0.7059375  0.7055000  0.6872509
 4  0.4555172  0.4257960  0.4158367  0.4345310  0.4415963  0.4138911  0.3875975  0.3902358  0.4057750  0.4104295  0.4237953  0.4984446  0.5304571  0.5174869  0.4786628  0.4461368  0.4266958  0.4092051  0.5170317  0.5498985  0.5293235  0.5032180  0.4841365  0.4554085  0.4208587  0.3979736  0.3810160
 1  0.7315684  0.6873634  0.6679308  0.6641037  0.6673017  0.6765380  0.6834037  0.7006076  0.6957203  0.6955833  0.6879347  0.6807853  0.6739785  0.6663775  0.6495992  0.6309438  0.6758391  0.7145332  0.7011711  0.6938086  0.6441605  0.5537008  0.5496179  0.5667818  0.6320036  0.6699902  0.6985007
 2  0.5697771  0.5246284  0.5166421  0.5153539  0.5079226  0.5016598  0.5319288  0.5730012  0.5869988  0.5874962  0.5761955  0.5551464  0.5265778  0.5033300  0.4905399  0.5028990  0.5890136  0.6165186  0.6068153  0.5820801  0.5237215  0.4667459  0.4596429  0.4950153  0.5477358  0.5800505  0.6011154
 3  0.7537993  0.7128878  0.6916462  0.6846647  0.6851100  0.6919626  0.6972063  0.7187817  0.7163067  0.7165229  0.7089101  0.7002138  0.6919006  0.6829414  0.6656541  0.6475439  0.6889684  0.7381965  0.7254399  0.7135627  0.6623716  0.5743796  0.5671985  0.5801124  0.6488204  0.6879514  0.7179802
 4  0.4515532  0.4227631  0.4211534  0.4106387  0.3899985  0.3866717  0.4710310  0.5131575  0.5129936  0.5079039  0.4838639  0.4477121  0.4101664  0.3950642  0.4072794  0.4390732  0.5390195  0.5573289  0.5108433  0.4636650  0.4439064  0.3970025  0.3896534  0.4533835  0.4914331  0.5137149  0.5316473
 1  0.7286303  0.6827316  0.6526533  0.6425327  0.6211324  0.6212182  0.6460806  0.6665446  0.6985721  0.7112814  0.7093135  0.7063125  0.6945390  0.6881001  0.6899069  0.6863789  0.6766184  0.6726487  0.6940706  0.6963808  0.7043391  0.7128757  0.7089017  0.7164950  0.7319300  0.7209010  0.7126001
 2  0.5686480  0.5247601  0.5081939  0.5036041  0.4929271  0.5109405  0.5394769  0.5691811  0.5977551  0.6077705  0.5970068  0.5735993  0.5355182  0.5147714  0.5088074  0.4986906  0.4896866  0.5213867  0.5586169  0.5707152  0.5763439  0.5791456  0.5699512  0.6020438  0.6221574  0.6207832  0.5969963
 3  0.7517398  0.7089221  0.6770768  0.6636214  0.6393535  0.6376651  0.6639833  0.6838619  0.7180257  0.7327129  0.7302519  0.7249285  0.7111516  0.7040586  0.7058976  0.7017827  0.6915910  0.6871777  0.7118313  0.7152853  0.7218273  0.7312918  0.7275049  0.7320915  0.7556487  0.7447609  0.7328488
 4  0.4547156  0.4242532  0.4157949  0.4075752  0.4133667  0.4511664  0.4722348  0.5055507  0.5321767  0.5293973  0.4953120  0.4465511  0.4136088  0.4114439  0.3962483  0.3781216  0.3844992  0.4616475  0.4908391  0.4790353  0.4865469  0.4908665  0.4640374  0.5381551  0.5611125  0.5301290  0.4645022
 1  0.7290541  0.6815356  0.6502921  0.6463238  0.6633107  0.6583508  0.6628715  0.6737798  0.6796998  0.6784745  0.6896993  0.6955774  0.6963311  0.7020331  0.7099052  0.7064652  0.7096688  0.7075313  0.6701685  0.6356928  0.6398686  0.6520765  0.6355498  0.5784802  0.5876234  0.6633129  0.6753541
 2  0.5720311  0.5252907  0.5079814  0.5303538  0.5503660  0.5403664  0.5166249  0.5003000  0.5056112  0.5257383  0.5557854  0.5654543  0.5580395  0.5624196  0.5810311  0.5936287  0.5978359  0.5895010  0.5371626  0.4822781  0.4721246  0.4945383  0.5219318  0.5108772  0.5461566  0.5852976  0.5872389
 3  0.7524456  0.7079812  0.6749079  0.6656993  0.6830274  0.6789015  0.6801830  0.6883981  0.6946191  0.6946436  0.7069518  0.7143758  0.7146157  0.7179835  0.7282827  0.7268014  0.7305890  0.7279778  0.6898475  0.6537996  0.6555872  0.6666571  0.6528559  0.5974720  0.5993669  0.6849286  0.6977169
 4  0.4569095  0.4252592  0.4172357  0.4635718  0.4796310  0.4340974  0.3781847  0.3894324  0.4232994  0.4537367  0.4806797  0.4770226  0.4470737  0.4776879  0.5136110  0.5208620  0.5156004  0.4872157  0.4207543  0.3655587  0.3716483  0.4266733  0.4652886  0.4584549  0.5081223  0.5261565  0.4914362
 1  0.7304056  0.6862981  0.6637251  0.6589176  0.6592896  0.6679109  0.6789341  0.6936864  0.6877718  0.6827721  0.6925950  0.6998177  0.7054889  0.6889974  0.6848922  0.6885059  0.6710483  0.6552093  0.6724487  0.6744993  0.6728064  0.6714637  0.6802370  0.6874143  0.6724912  0.6605032  0.6689496
 2  0.5719358  0.5261459  0.5134270  0.5143549  0.5186162  0.5269759  0.5443971  0.5574178  0.5455137  0.5279171  0.5306888  0.5644526  0.5897275  0.5863788  0.5780740  0.5692888  0.5432915  0.5278869  0.5417924  0.5421097  0.5296715  0.5223358  0.5355335  0.5465446  0.5368597  0.5234208  0.5391019
 3  0.7532408  0.7121606  0.6876211  0.6792115  0.6770258  0.6850597  0.6953327  0.7114344  0.7064552  0.6990583  0.7084861  0.7157927  0.7256239  0.7115925  0.7053390  0.7079569  0.6906104  0.6726239  0.6902076  0.6930798  0.6901669  0.6881030  0.6964262  0.7053127  0.6913315  0.6779563  0.6857959
 4  0.4545313  0.4234454  0.4161336  0.4175908  0.4316775  0.4401596  0.4660231  0.4731665  0.4320060  0.4176549  0.4399626  0.4999367  0.5277900  0.5054806  0.4875182  0.4774942  0.4437231  0.4464547  0.4631891  0.4471285  0.4252619  0.4267111  0.4572517  0.4643827  0.4385042  0.4326472  0.4665492
 1  0.7281665  0.6808930  0.6552231  0.6499096  0.6429935  0.6330804  0.6396753  0.6484245  0.6524999  0.6674010  0.6798338  0.7049435  0.7095782  0.7149490  0.7006005  0.6934015  0.6908831  0.6887910  0.6722104  0.6340187  0.6696676  0.6812233  0.6829366  0.6937656  0.7080296  0.7005039  0.6899950
 2  0.5709774  0.5244168  0.5113930  0.5188694  0.5203490  0.5119455  0.5062379  0.5006910  0.5168369  0.5435502  0.5796099  0.6019343  0.6113233  0.6077828  0.5816217  0.5503670  0.5199411  0.5163392  0.5315116  0.5453307  0.5744682  0.5800795  0.5695148  0.5817253  0.5938096  0.5893536  0.5682008
 3  0.7515019  0.7073161  0.6796624  0.6702730  0.6618103  0.6521499  0.6571669  0.6649346  0.6677788  0.6852346  0.6973267  0.7257259  0.7312880  0.7366480  0.7211408  0.7113156  0.7073245  0.7037596  0.6891592  0.6528579  0.6895149  0.7021741  0.7021185  0.7107961  0.7291774  0.7215167  0.7094345
 4  0.4557197  0.4247425  0.4188543  0.4353494  0.4428591  0.4234026  0.4071892  0.4029083  0.4499316  0.4783650  0.5155672  0.5370018  0.5353002  0.5185088  0.4690309  0.4260479  0.3949779  0.4267741  0.4689492  0.4885197  0.5086187  0.4938563  0.4732121  0.5123654  0.5232399  0.4959940  0.4705621
 1  0.7281973  0.6811210  0.6554205  0.6474101  0.6495748  0.6772434  0.6868064  0.6922791  0.6945486  0.6988187  0.7043669  0.7111196  0.6817474  0.6452235  0.6463002  0.6574230  0.6751051  0.6907109  0.7083601  0.6965151  0.6924934  0.6971455  0.6927441  0.6885445  0.6907270  0.6988324  0.7022153
 2  0.5743464  0.5256035  0.5115021  0.5059157  0.5258482  0.5576165  0.5686018  0.5584673  0.5317888  0.5012458  0.4919337  0.5255655  0.5438505  0.5379429  0.5425234  0.5471978  0.5519346  0.5785894  0.5981550  0.5917757  0.5733377  0.5514063  0.5315296  0.5310699  0.5595800  0.5987005  0.6047479
 3  0.7516029  0.7071254  0.6795747  0.6686734  0.6661930  0.6948763  0.7063754  0.7103915  0.7108469  0.7133397  0.7173246  0.7257867  0.7000036  0.6654682  0.6663749  0.6756087  0.6937510  0.7067383  0.7291379  0.7195215  0.7123105  0.7141342  0.7091397  0.7046955  0.7079302  0.7176645  0.7266397
 4  0.4584144  0.4238650  0.4205100  0.4055059  0.4560344  0.4938499  0.4801745  0.4385303  0.3917347  0.3509393  0.3908892  0.4495100  0.4748388  0.4690180  0.4600986  0.4684988  0.4618577  0.5099775  0.5359959  0.5017445  0.4528979  0.4323675  0.4292431  0.4495146  0.4939834  0.5402201  0.5391997
 1  0.7281184  0.6804225  0.6503319  0.6407156  0.5882689  0.5690944  0.6479553  0.6655631  0.6568882  0.6443865  0.6660279  0.6874382  0.6772497  0.6582208  0.6550634  0.6564675  0.6635347  0.6699492  0.6810772  0.7052406  0.7057462  0.7042788  0.6880468  0.6721712  0.6804745  0.6849113  0.6798964
 2  0.5729084  0.5253939  0.5085838  0.5058821  0.4777015  0.5168036  0.5718727  0.5804914  0.5567631  0.5342230  0.5568398  0.5804675  0.5741203  0.5492511  0.5287383  0.5230902  0.5551731  0.5716894  0.5907657  0.6001476  0.5930364  0.5690957  0.5145174  0.4773901  0.4939663  0.5296161  0.5398964
 3  0.7517145  0.7069668  0.6749764  0.6618506  0.6065994  0.5799306  0.6668430  0.6876498  0.6782811  0.6632370  0.6826748  0.7070278  0.6989759  0.6792862  0.6741763  0.6730337  0.6793752  0.6914631  0.7006444  0.7256643  0.7269135  0.7226932  0.7042907  0.6870594  0.6945976  0.7014782  0.6983647
 4  0.4576816  0.4254499  0.4177663  0.4135990  0.4086457  0.4831018  0.5196375  0.5045839  0.4614627  0.4466467  0.4935417  0.5153762  0.4944444  0.4541183  0.4219478  0.4402457  0.5025002  0.5069985  0.5150159  0.5245093  0.4938994  0.4329798  0.3671838  0.3619299  0.4196183  0.4582744  0.4488006
 1  0.7289669  0.6799096  0.6504390  0.6450385  0.6543440  0.6668685  0.6718206  0.6772746  0.6853905  0.6965559  0.7071653  0.7197919  0.7250527  0.7156166  0.6911941  0.6790803  0.6856227  0.6960452  0.6913661  0.6868040  0.6919391  0.6900525  0.6854138  0.6860233  0.6993089  0.7100913  0.7138599
 2  0.5742236  0.5244783  0.5093598  0.5213003  0.5456709  0.5573341  0.5511352  0.5262490  0.4945955  0.4786678  0.5243455  0.5969591  0.6167698  0.6107976  0.5606024  0.5088002  0.4886217  0.4988263  0.5317977  0.5609847  0.5762842  0.5720199  0.5541859  0.5435020  0.5544614  0.5747727  0.5871571
 3  0.7523603  0.7061980  0.6749532  0.6654636  0.6724361  0.6867603  0.6913347  0.6942581  0.7003031  0.7096864  0.7202647  0.7375655  0.7484728  0.7379569  0.7102903  0.6954995  0.7000672  0.7099039  0.7071193  0.7048182  0.7119936  0.7102317  0.7040322  0.7029744  0.7158842  0.7273947  0.7329883
 4  0.4578898  0.4245232  0.4212323  0.4447163  0.4812076  0.4807192  0.4411246  0.3872512  0.3440890  0.3561953  0.4665941  0.5431062  0.5484714  0.5023482  0.4189238  0.3686307  0.3724013  0.4111412  0.4613757  0.4955805  0.4996442  0.4759236  0.4460539  0.4474262  0.4720466  0.4992327  0.5081726
 1  0.7287269  0.6811145  0.6529231  0.6444535  0.6458700  0.6641977  0.6773931  0.6842435  0.6687050  0.6458437  0.6694669  0.6807542  0.6656738  0.6572858  0.6696863  0.6787790  0.6944305  0.7107673  0.7041977  0.7015574  0.6816069  0.6655127  0.6721463  0.6826182  0.6757320  0.6720546  0.6775407
 2  0.5719461  0.5247374  0.5100587  0.5055235  0.5088791  0.5300375  0.5499933  0.5626347  0.5536038  0.5473836  0.5710741  0.5767004  0.5526986  0.5304659  0.5339523  0.5473095  0.5921227  0.6107870  0.6066608  0.5820411  0.5182973  0.4605616  0.4731527  0.5363155  0.5705325  0.5757363  0.5855685
 3  0.7520538  0.7075128  0.6774547  0.6657327  0.6636794  0.6803564  0.6950069  0.7025940  0.6884740  0.6649540  0.6883924  0.7019665  0.6863164  0.6751251  0.6868915  0.6958973  0.7108126  0.7342641  0.7276219  0.7211545  0.6985778  0.6802726  0.6850270  0.6987940  0.6950174  0.6938580  0.6981121
 4  0.4562514  0.4249534  0.4191932  0.4070757  0.4198279  0.4567073  0.4762545  0.4838854  0.4754263  0.4796251  0.5068991  0.4964879  0.4491069  0.4354026  0.4496370  0.4714000  0.5355080  0.5485412  0.5102717  0.4441788  0.3610163  0.3221821  0.4051609  0.4816545  0.5097060  0.5081831  0.5098643
 1  0.7276935  0.6809570  0.6485414  0.6385516  0.6348814  0.6465040  0.6615456  0.6679915  0.6713109  0.6804458  0.6941916  0.6995501  0.6940249  0.7010783  0.7175833  0.7101647  0.6723691  0.6497486  0.6749424  0.6853061  0.6703650  0.6505678  0.6479892  0.6403220  0.6476653  0.6799407  0.6879876
 2  0.5721492  0.5253584  0.5063768  0.5098344  0.5230508  0.5411919  0.5480135  0.5385422  0.5299902  0.5429436  0.5598560  0.5644469  0.5587093  0.5877500  0.6058803  0.5998117  0.5336976  0.4946795  0.5399948  0.5648744  0.5523952  0.5182526  0.5014418  0.4912136  0.5290670  0.5736996  0.5837186
 3  0.7511928  0.7072493  0.6730671  0.6592009  0.6527340  0.6648284  0.6807147  0.6860432  0.6876457  0.6969223  0.7120781  0.7175488  0.7114599  0.7178528  0.7396111  0.7319599  0.6915402  0.6648020  0.6902540  0.7050640  0.6913571  0.6693491  0.6647649  0.6578177  0.6622825  0.6985322  0.7095364
 4  0.4573467  0.4243489  0.4157540  0.4277673  0.4566549  0.4732255  0.4589077  0.4313911  0.4377552  0.4696946  0.4783978  0.4671674  0.4684786  0.5263909  0.5382582  0.4904009  0.3832023  0.4067087  0.4870112  0.4958553  0.4498898  0.4059538  0.4078207  0.4029678  0.4735635  0.5177146  0.4986108
 1  0.7285885  0.6862115  0.6630755  0.6597023  0.6523239  0.6384699  0.6639545  0.6770445  0.6419638  0.6076519  0.6351975  0.6781730  0.6828488  0.6905476  0.6800533  0.6554087  0.6762813  0.6868890  0.6880062  0.7014384  0.7153499  0.7103578  0.7083119  0.7089322  0.6828870  0.6687709  0.6996570
 2  0.5713707  0.5273137  0.5124109  0.5238028  0.5299181  0.5332942  0.5528746  0.5543541  0.5037726  0.4575684  0.5200554  0.5686561  0.5770337  0.5764028  0.5649643  0.5557106  0.5699730  0.5705939  0.5581373  0.5745444  0.5937516  0.5932053  0.5769502  0.5502673  0.4908140  0.5122801  0.5710919
 3  0.7516385  0.7118951  0.6868139  0.6792418  0.6711102  0.6571856  0.6819549  0.6961768  0.6610512  0.6241135  0.6478603  0.6970400  0.7038789  0.7085118  0.6992762  0.6757783  0.6956453  0.7067301  0.7060548  0.7173839  0.7356025  0.7312260  0.7270579  0.7256951  0.6984986  0.6812675  0.7178067
 4  0.4556943  0.4230688  0.4138042  0.4425281  0.4572387  0.4619147  0.4776309  0.4572393  0.3849699  0.3635289  0.4761409  0.5129105  0.4854618  0.4836720  0.4927417  0.4844326  0.4932164  0.4753287  0.4524018  0.5047294  0.5250673  0.4981516  0.4561469  0.4092387  0.3470262  0.4635020  0.5170480
 1  0.7287496  0.6819100  0.6537359  0.6448331  0.5501927  0.4022007  0.6733196  0.5962832  0.5520695  0.5598625  0.5856848  0.6683671  0.6780526  0.6873604  0.6966726  0.7019982  0.7081692  0.7073181  0.7029668  0.7028028  0.7091748  0.7085007  0.7030301  0.7058149  0.7161328  0.7170143  0.7189193
 2  0.5722266  0.5255809  0.5094311  0.5018022  0.4242029  0.4372569  0.5950542  0.5285763  0.5017207  0.5068010  0.5498807  0.5901379  0.5907732  0.5749637  0.5630583  0.5706988  0.5761902  0.5725034  0.5578659  0.5560044  0.5608808  0.5505824  0.5271123  0.5357350  0.5642375  0.5843851  0.5932067
 3  0.7522206  0.7084508  0.6782590  0.6659822  0.5698400  0.3915514  0.6980591  0.6217175  0.5690975  0.5780443  0.5965893  0.6904230  0.7007184  0.7054805  0.7134232  0.7201577  0.7271294  0.7257647  0.7201998  0.7197012  0.7269453  0.7257073  0.7183004  0.7202818  0.7332065  0.7353444  0.7382386
 4  0.4567510  0.4252016  0.4154967  0.3986531  0.3347330  0.4428564  0.5465041  0.4730434  0.4615930  0.4625641  0.5123377  0.5312265  0.4906761  0.4588763  0.4770156  0.4948726  0.4878973  0.4652314  0.4532673  0.4697601  0.4659613  0.4235208  0.3968556  0.4571681  0.4925445  0.5051316  0.5081794
 1  0.7314508  0.6877703  0.6629490  0.6587425  0.6632088  0.6672302  0.6670051  0.6674747  0.6424692  0.6581314  0.7014472  0.7023289  0.7005392  0.7066298  0.6974252  0.6849657  0.6714731  0.6628196  0.6259922  0.5820796  0.6511071  0.6514237  0.5766368  0.4961306  0.5152917  0.6283138  0.6060483
 2  0.5718119  0.5257133  0.5127274  0.5283692  0.5522359  0.5595565  0.5471769  0.5151359  0.4778205  0.5613509  0.6022897  0.6053827  0.5817331  0.5590390  0.5555940  0.5622229  0.5539656  0.5370582  0.5073310  0.5231525  0.5684322  0.5654630  0.4921464  0.4481688  0.5004083  0.5560179  0.5597455
 3  0.7538355  0.7131425  0.6867823  0.6785083  0.6815852  0.6878802  0.6870882  0.6846872  0.6571208  0.6701608  0.7231219  0.7248977  0.7198364  0.7227414  0.7138936  0.7050624  0.6920591  0.6814943  0.6446801  0.5946775  0.6715157  0.6740744  0.5958554  0.5120998  0.5189588  0.6522430  0.6225617
 4  0.4534029  0.4224447  0.4190600  0.4519635  0.4893897  0.4822812  0.4325798  0.3719556  0.3919391  0.5229995  0.5444016  0.5095755  0.4500021  0.4445651  0.4868932  0.4906949  0.4588163  0.4413792  0.4302859  0.4853411  0.5138903  0.4816988  0.4230431  0.4046638  0.4810616  0.5069756  0.5132212
 1  0.7320621  0.6913670  0.6671385  0.6585879  0.6575739  0.6669554  0.6786987  0.6965960  0.7024784  0.7093600  0.7107751  0.7116313  0.7055189  0.6964406  0.6974917  0.6968809  0.6561561  0.5913852  0.5087342  0.6704102  0.6722182  0.6926812  0.6925978  0.6998833  0.6955914  0.6977742  0.7085744
 2  0.5746545  0.5282665  0.5128115  0.5099446  0.5116819  0.5160438  0.5306548  0.5511499  0.5740680  0.5894358  0.5916994  0.5843427  0.5648938  0.5491913  0.5386680  0.5290913  0.4902961  0.4469561  0.5130197  0.5833576  0.6016761  0.6041315  0.5967627  0.5787907  0.5558459  0.5688849  0.5903477
 3  0.7544364  0.7163070  0.6905867  0.6790690  0.6753478  0.6837998  0.6944720  0.7128089  0.7198820  0.7290109  0.7311351  0.7301369  0.7234731  0.7143647  0.7143549  0.7131888  0.6733183  0.6088582  0.5030799  0.6998865  0.6959815  0.7165740  0.7148616  0.7183723  0.7126269  0.7150447  0.7281204
 4  0.4545522  0.4216404  0.4160318  0.4109435  0.4191705  0.4211784  0.4449914  0.4714489  0.5022982  0.5158612  0.4987368  0.4785027  0.4644773  0.4459926  0.4295452  0.4165447  0.3864813  0.3661718  0.4981140  0.5329866  0.5365809  0.5314063  0.4949006  0.4613835  0.4621308  0.5002481  0.5223346
 1  0.7287904  0.6835439  0.6570113  0.6494548  0.6489406  0.6623274  0.6755907  0.6829068  0.6583839  0.6538243  0.6760998  0.7001357  0.7026166  0.7063415  0.6704590  0.6388489  0.6510820  0.6598131  0.6759593  0.6833757  0.6914207  0.7024070  0.7039212  0.6982606  0.6993571  0.7030299  0.7039018
 2  0.5701777  0.5258088  0.5105585  0.5085526  0.5162819  0.5346783  0.5436227  0.5356829  0.5120959  0.5315577  0.5704054  0.5889754  0.5873909  0.5716258  0.5170514  0.4909734  0.5097966  0.5361516  0.5594625  0.5694462  0.5766669  0.5875103  0.5880618  0.5753784  0.5552133  0.5343880  0.5255261
 3  0.7520664  0.7099026  0.6813500  0.6700820  0.6664608  0.6795606  0.6936343  0.6999965  0.6740706  0.6710020  0.6936679  0.7197428  0.7226617  0.7245794  0.6881345  0.6552416  0.6676853  0.6766405  0.6940804  0.7026881  0.7099905  0.7214653  0.7244857  0.7182223  0.7172353  0.7185780  0.7188741
 4  0.4552733  0.4248972  0.4147677  0.4124987  0.4373288  0.4611339  0.4503706  0.4167024  0.4302793  0.4718368  0.5047806  0.5132730  0.4900609  0.4514725  0.4033084  0.4098733  0.4357305  0.4677717  0.4891580  0.4883564  0.4961490  0.5124795  0.5049673  0.4708846  0.4262374  0.4101371  0.4289809
 1  0.7295185  0.6835816  0.6581795  0.6563343  0.6609768  0.6535166  0.6261284  0.6495402  0.6382877  0.6131662  0.6382543  0.6513980  0.6195202  0.5879148  0.6471575  0.6871712  0.6751303  0.6660397  0.6472623  0.6389121  0.6558549  0.6720449  0.6887572  0.7025027  0.6824560  0.6580433  0.6623912
 2  0.5718653  0.5252527  0.5118004  0.5307286  0.5478642  0.5425033  0.5359821  0.5670062  0.5529301  0.5269632  0.5457295  0.5571211  0.5338181  0.5263939  0.5835436  0.6009430  0.5837321  0.5508810  0.5115076  0.5026358  0.5176903  0.5355182  0.5537150  0.5653278  0.5480730  0.5207403  0.5281887
 3  0.7524887  0.7095319  0.6823231  0.6759331  0.6802394  0.6742974  0.6424767  0.6696974  0.6628748  0.6326987  0.6559244  0.6716657  0.6398230  0.6052383  0.6635159  0.7108477  0.6990200  0.6859383  0.6645410  0.6558435  0.6724417  0.6886470  0.7055187  0.7200143  0.7013825  0.6768829  0.6787762
 4  0.4555759  0.4237087  0.4187560  0.4573026  0.4807568  0.4545596  0.4773066  0.5175305  0.4714037  0.4503330  0.4854367  0.4885378  0.4694142  0.4799374  0.5327675  0.5379028  0.4858423  0.4305371  0.4155260  0.4240568  0.4361473  0.4518169  0.4719967  0.4779942  0.4542622  0.4190543  0.4490876
 1  0.7274045  0.6819251  0.6554837  0.6474967  0.6414541  0.6437349  0.6711516  0.6855100  0.6863638  0.6853113  0.6910343  0.6939272  0.6776841  0.6747954  0.6849151  0.7091654  0.7101623  0.7215262  0.7260056  0.7186118  0.7038284  0.6961803  0.6945491  0.6964319  0.6943790  0.6953846  0.6962920
 2  0.5715916  0.5259799  0.5102730  0.5050719  0.4886613  0.4929947  0.5293437  0.5537432  0.5558677  0.5494902  0.5431452  0.5304449  0.5299017  0.5508303  0.5866941  0.6047513  0.6113996  0.6201560  0.6217138  0.6130765  0.5751247  0.5209793  0.4665732  0.4446979  0.4823201  0.5368708  0.5666389
 3  0.7509238  0.7081733  0.6797328  0.6683798  0.6600488  0.6589756  0.6863972  0.7033146  0.7046317  0.7031779  0.7083797  0.7103193  0.6930706  0.6935098  0.7027294  0.7306071  0.7316966  0.7419827  0.7493526  0.7412770  0.7235008  0.7123402  0.7079581  0.7088960  0.7073852  0.7115737  0.7147831
 4  0.4571408  0.4243994  0.4156775  0.4053484  0.3746737  0.4115353  0.4653248  0.4761820  0.4625871  0.4515882  0.4366193  0.4163588  0.4576658  0.4866661  0.5218391  0.5377492  0.5314808  0.5474824  0.5492083  0.5134338  0.4309551  0.3425081  0.3031573  0.3219112  0.4110450  0.4733777  0.4916721
 1  0.7295224  0.6865847  0.6615429  0.6568334  0.6589452  0.6599623  0.6696339  0.6734256  0.6254039  0.5638630  0.6041116  0.6665148  0.6951762  0.7024248  0.6957837  0.6940209  0.7091155  0.7085601  0.6880830  0.6729697  0.6779341  0.6900458  0.7046396  0.6617472  0.6498471  0.6529870  0.6562486
 2  0.5724896  0.5278014  0.5118658  0.5197636  0.5293668  0.5351661  0.5375346  0.5287602  0.4817139  0.4811509  0.5518612  0.5947086  0.6076637  0.6021489  0.5703552  0.5552930  0.5735248  0.5808090  0.5592919  0.5356875  0.5289605  0.5751955  0.6032686  0.5681729  0.5306571  0.4901823  0.4738440
 3  0.7526309  0.7123651  0.6854215  0.6767172  0.6773798  0.6782494  0.6873908  0.6910115  0.6429020  0.5771840  0.6179801  0.6864910  0.7175426  0.7236449  0.7150042  0.7102146  0.7267316  0.7286533  0.7078218  0.6908917  0.6954058  0.7043470  0.7277513  0.6880287  0.6707750  0.6691579  0.6708334
 4  0.4564538  0.4239397  0.4145854  0.4352715  0.4508463  0.4518132  0.4445079  0.4214671  0.3898148  0.4429772  0.5125785  0.5362091  0.5321534  0.5020902  0.4475222  0.4647585  0.5050745  0.4960035  0.4521650  0.4360379  0.4285901  0.5192487  0.5479975  0.4687735  0.3822850  0.3570856  0.3807934
 1  0.7309671  0.6880999  0.6655404  0.6596578  0.6559702  0.6530571  0.6542076  0.6674104  0.6900389  0.6967375  0.7060218  0.7093562  0.7198500  0.7175282  0.7050271  0.6987694  0.7041126  0.7083470  0.7034260  0.6972206  0.7013988  0.7044757  0.7064087  0.6986526  0.6989940  0.7085956  0.7112753
 2  0.5684563  0.5255169  0.5138597  0.5148170  0.5076749  0.4916727  0.4826313  0.5217983  0.5602929  0.5800350  0.5852077  0.5922515  0.5980792  0.5939582  0.5690589  0.5458289  0.5373122  0.5292421  0.5249629  0.5260580  0.5349508  0.5500765  0.5609409  0.5514197  0.5460311  0.5518517  0.5562617
 3  0.7533426  0.7136188  0.6892791  0.6799461  0.6743328  0.6701798  0.6692568  0.6816588  0.7079675  0.7154560  0.7253938  0.7278426  0.7397733  0.7376539  0.7235846  0.7158469  0.7204097  0.7236255  0.7187676  0.7130892  0.7174815  0.7205454  0.7241468  0.7171250  0.7149676  0.7250418  0.7285142
 4  0.4519946  0.4227639  0.4167534  0.4186906  0.4058673  0.3744164  0.3821301  0.4648221  0.4942400  0.5010128  0.4978015  0.5109155  0.5190811  0.4945805  0.4529116  0.4355062  0.4238182  0.4164177  0.4198700  0.4300727  0.4376971  0.4656902  0.4755252  0.4383501  0.4414994  0.4644249  0.4549463
 1  0.7317671  0.6900097  0.6677334  0.6618046  0.6511732  0.6508446  0.6639582  0.6732691  0.6797318  0.6858776  0.6951455  0.7123362  0.7109587  0.7063180  0.7065913  0.7120614  0.7049409  0.6839035  0.6851114  0.6900866  0.6905470  0.6874352  0.6982476  0.7039262  0.7140762  0.7213255  0.7153622
 2  0.5734793  0.5272679  0.5142910  0.5168735  0.5164919  0.5238225  0.5341604  0.5364924  0.5374628  0.5372167  0.5616025  0.5888204  0.5935230  0.5763339  0.5423031  0.5184477  0.5230793  0.5406659  0.5530163  0.5583760  0.5578758  0.5567461  0.5605547  0.5606275  0.5692639  0.5854745  0.5864070
 3  0.7541083  0.7151179  0.6912242  0.6819950  0.6693093  0.6684938  0.6815639  0.6905735  0.6965407  0.7028926  0.7108978  0.7313439  0.7320118  0.7255041  0.7228717  0.7257429  0.7195431  0.7022295  0.7035510  0.7078122  0.7087324  0.7055993  0.7162677  0.7208490  0.7305266  0.7393100  0.7353590
 4  0.4539986  0.4219226  0.4174967  0.4236045  0.4346387  0.4459157  0.4473269  0.4421143  0.4452261  0.4409517  0.4907613  0.5228403  0.5041253  0.4483885  0.3833624  0.3948297  0.4512994  0.4664508  0.4623966  0.4691617  0.4712427  0.4713853  0.4625246  0.4595146  0.4849079  0.5089603  0.4991402
 1  0.7288535  0.6821393  0.6575399  0.6549912  0.6680407  0.6834252  0.6930043  0.6920411  0.6638359  0.6481864  0.6706809  0.6822616  0.6816619  0.6821707  0.6864200  0.6879968  0.6780717  0.6764370  0.6954768  0.7044639  0.7136355  0.7114091  0.7116856  0.7160233  0.6970487  0.6792238  0.6773533
 2  0.5713388  0.5250791  0.5123369  0.5258133  0.5515190  0.5742669  0.5788382  0.5628592  0.5042306  0.4781887  0.5105199  0.5371713  0.5531751  0.5597631  0.5566548  0.5365706  0.5109050  0.5356331  0.5786370  0.6040712  0.6112785  0.6036442  0.5863051  0.5698348  0.5359920  0.5000838  0.4888447
 3  0.7520863  0.7083627  0.6817684  0.6749081  0.6860881  0.7023397  0.7131188  0.7112486  0.6812333  0.6629286  0.6856899  0.6990705  0.6989917  0.7011597  0.7056850  0.7050754  0.6935081  0.6916339  0.7138043  0.7250345  0.7361472  0.7327032  0.7301349  0.7335577  0.7146930  0.6955098  0.6926320
 4  0.4561338  0.4244854  0.4189321  0.4468482  0.4844643  0.5045211  0.4913133  0.4408199  0.3647666  0.3912584  0.4425014  0.4590480  0.4759304  0.4810685  0.4506657  0.4069962  0.4068237  0.4768296  0.5197855  0.5377871  0.5341051  0.5013840  0.4765672  0.4607735  0.4151528  0.3753403  0.3756186
 1  0.7275399  0.6835386  0.6616112  0.6560882  0.6215998  0.6080755  0.6329892  0.6569712  0.6870902  0.6988623  0.7061449  0.7098144  0.6883492  0.6660265  0.6787924  0.6896710  0.6882916  0.6909499  0.7028778  0.7105466  0.6901215  0.6737733  0.6826177  0.6827177  0.6692410  0.6740380  0.6908434
 2  0.5739787  0.5278422  0.5134836  0.5099997  0.4896038  0.4963839  0.5208224  0.5499844  0.5768329  0.5881780  0.5868316  0.5756240  0.5337221  0.5021413  0.5321554  0.5593443  0.5660009  0.5701180  0.5876648  0.5965751  0.5767878  0.5546687  0.5500102  0.5364541  0.5226445  0.5500104  0.5747921
 3  0.7511398  0.7094119  0.6853530  0.6765623  0.6397017  0.6248271  0.6505334  0.6732195  0.7054993  0.7187586  0.7255707  0.7281929  0.7060693  0.6821807  0.6941457  0.7080899  0.7075937  0.7089560  0.7213349  0.7315092  0.7116391  0.6928966  0.7009440  0.7007932  0.6851131  0.6907035  0.7101439
 4  0.4592037  0.4238584  0.4162825  0.4095924  0.4098306  0.4337923  0.4466782  0.4835130  0.5091643  0.5072346  0.4912721  0.4626412  0.4092251  0.4045593  0.4670019  0.4891309  0.4774543  0.4867548  0.5180419  0.5207120  0.4810195  0.4600157  0.4567395  0.4244235  0.4373055  0.4908003  0.5006914
 1  0.7283414  0.6853366  0.6591275  0.6498716  0.6358604  0.6320976  0.6382561  0.6488585  0.6759610  0.6939840  0.7106588  0.7097329  0.6980114  0.6947869  0.6947076  0.6910931  0.6893016  0.6918149  0.6992597  0.7025547  0.6944756  0.6910713  0.6858532  0.6725451  0.6738306  0.6932726  0.6981775
 2  0.5707404  0.5273625  0.5103351  0.5015206  0.4819911  0.4691258  0.4700445  0.5032468  0.5518572  0.5896914  0.6041227  0.5982198  0.5625395  0.5279618  0.5141694  0.5224479  0.5615280  0.5865080  0.5960921  0.5877949  0.5587643  0.5410351  0.5428135  0.5486264  0.5741786  0.5981740  0.6036770
 3  0.7516474  0.7113379  0.6831575  0.6706277  0.6540579  0.6483151  0.6537011  0.6631900  0.6924745  0.7124098  0.7319976  0.7308205  0.7164590  0.7106803  0.7101020  0.7069120  0.7060817  0.7125716  0.7209175  0.7224893  0.7126788  0.7077500  0.7031571  0.6920215  0.6918689  0.7140238  0.7210400
 4  0.4561331  0.4241758  0.4124778  0.3959318  0.3753055  0.3678308  0.3760894  0.4420255  0.4933672  0.5260105  0.5297867  0.4925315  0.4272213  0.4023480  0.4113605  0.4428644  0.5018255  0.5239203  0.5124000  0.4803555  0.4431071  0.4430361  0.4675269  0.4759416  0.5117137  0.5373389  0.5299931
 1  0.7279220  0.6800847  0.6547468  0.6477005  0.6302993  0.6345604  0.6705958  0.6932814  0.6814762  0.6671115  0.6644369  0.6730096  0.6792392  0.6872264  0.6985949  0.7109377  0.7126613  0.7169541  0.7038126  0.6956784  0.6971180  0.7007908  0.6924478  0.6749990  0.6762860  0.6847747  0.6950544
 2  0.5722626  0.5247952  0.5112192  0.5067553  0.4914641  0.5130627  0.5629021  0.5851711  0.5682813  0.5312773  0.5057925  0.5104018  0.5274582  0.5477852  0.5759112  0.5946756  0.6045530  0.6043058  0.5818066  0.5466115  0.5258770  0.5364359  0.5450797  0.5397901  0.5378543  0.5403855  0.5495554
 3  0.7514597  0.7065687  0.6791465  0.6687501  0.6486340  0.6499045  0.6869337  0.7133918  0.7025872  0.6861743  0.6805032  0.6886785  0.6957447  0.7039680  0.7158563  0.7308790  0.7330128  0.7383641  0.7245633  0.7130572  0.7123377  0.7168343  0.7103179  0.6941838  0.6942157  0.7013703  0.7119988
 4  0.4572140  0.4247517  0.4183280  0.4066953  0.3992487  0.4521474  0.5069375  0.5125305  0.4662415  0.4018977  0.3980589  0.4287959  0.4468566  0.4675619  0.5068801  0.5231715  0.5282863  0.5192690  0.4640476  0.4081269  0.4214339  0.4560282  0.4649276  0.4473569  0.4367387  0.4499899  0.4634266
 1  0.7299583  0.6872006  0.6594396  0.6506609  0.6520835  0.6600579  0.6721770  0.6855263  0.6865896  0.7008905  0.7031379  0.7053442  0.7114960  0.7098175  0.7127582  0.7165485  0.6909777  0.6547241  0.6578721  0.6693929  0.6792758  0.6859699  0.7047615  0.7074717  0.7018406  0.7010651  0.7138450
 2  0.5711477  0.5270822  0.5096970  0.5078385  0.5112160  0.5161172  0.5252691  0.5320140  0.5540810  0.5814545  0.5880252  0.5825639  0.5731394  0.5629541  0.5531019  0.5560723  0.5429162  0.5102169  0.4997245  0.4965473  0.4996370  0.5271448  0.5602002  0.5705912  0.5546144  0.5590031  0.5788896
 3  0.7529014  0.7130919  0.6835425  0.6711209  0.6700091  0.6770510  0.6883062  0.7018861  0.7022262  0.7200821  0.7240793  0.7235209  0.7293506  0.7277374  0.7289902  0.7326603  0.7090905  0.6740347  0.6747888  0.6843306  0.6945049  0.7004465  0.7217084  0.7258697  0.7193380  0.7168440  0.7323694
 4  0.4546550  0.4239010  0.4123964  0.4133047  0.4219664  0.4245068  0.4348735  0.4354590  0.4864046  0.5180259  0.4955224  0.4782857  0.4767941  0.4550677  0.4441810  0.4601277  0.4539217  0.4035830  0.3786427  0.3946192  0.4002295  0.4555340  0.4870372  0.4736302  0.4379938  0.4790357  0.5073890
 1  0.7300844  0.6846528  0.6248450  0.5908569  0.5436527  0.5364942  0.5723066  0.5807998  0.6684941  0.6633495  0.6746060  0.6911788  0.6938560  0.6886768  0.6883102  0.6859022  0.6677207  0.6789128  0.6912494  0.6911998  0.6308619  0.6072913  0.6940304  0.6925140  0.6681217  0.6529447  0.6638505
 2  0.5711411  0.5256631  0.4899994  0.4758079  0.4561962  0.4799175  0.5153015  0.5498479  0.5917781  0.5828806  0.5777045  0.5768204  0.5761314  0.5734466  0.5683386  0.5479408  0.5270421  0.5577492  0.5770589  0.5726426  0.5094674  0.5638936  0.6065574  0.6055928  0.5523326  0.4881239  0.4710119
 3  0.7530262  0.7107667  0.6501525  0.6127501  0.5616548  0.5492034  0.5893358  0.5903968  0.6912839  0.6875896  0.6950115  0.7093119  0.7127791  0.7088085  0.7082364  0.7046613  0.6836787  0.6955144  0.7116398  0.7108221  0.6498996  0.6128542  0.7170923  0.7167288  0.6887329  0.6696652  0.6777795
 4  0.4548105  0.4244444  0.4088439  0.3991783  0.3957591  0.4427099  0.4701823  0.5138280  0.5377670  0.5013036  0.4804120  0.4899127  0.5011802  0.4941574  0.4722103  0.4264336  0.4423727  0.5020966  0.5010223  0.4688136  0.4189394  0.5265536  0.5530671  0.5094113  0.4046149  0.3384326  0.3710152
 1  0.7297766  0.6848170  0.6645636  0.6647426  0.6802444  0.6830540  0.6897559  0.6990747  0.6936756  0.6899755  0.6926765  0.6902908  0.6503545  0.5929185  0.5461601  0.4012923  0.6584453  0.7110391  0.7190426  0.7158146  0.7179375  0.7191708  0.6974860  0.6769947  0.6834529  0.7007693  0.6962799
 2  0.5731114  0.5265539  0.5150638  0.5359046  0.5556272  0.5591500  0.5570135  0.5567930  0.5484434  0.5443435  0.5497027  0.5412305  0.4923062  0.4612104  0.4883098  0.4399527  0.5996327  0.6295608  0.6320231  0.6243129  0.6059011  0.5847450  0.5394498  0.5046250  0.5364491  0.5727480  0.5779020
 3  0.7529155  0.7107291  0.6883393  0.6838819  0.6993479  0.7021960  0.7069482  0.7164644  0.7113993  0.7070702  0.7104175  0.7083697  0.6684060  0.6086145  0.5607024  0.3870967  0.6741259  0.7356651  0.7449274  0.7386132  0.7382834  0.7375770  0.7148088  0.6934986  0.6979679  0.7196288  0.7171264
 4  0.4566960  0.4237589  0.4178018  0.4618828  0.4807246  0.4639161  0.4607033  0.4630014  0.4507972  0.4549323  0.4600194  0.4329130  0.3780994  0.3990169  0.4496136  0.4418972  0.5533115  0.5691090  0.5588095  0.5291182  0.4997466  0.4657642  0.4177367  0.3923421  0.4733986  0.5109169  0.4843934
 1  0.7280549  0.6810653  0.6639097  0.6624238  0.6653249  0.6750121  0.6914943  0.7022881  0.6979454  0.7080795  0.7052977  0.7072711  0.6923771  0.6783542  0.6871508  0.7019163  0.7109827  0.7061745  0.7038908  0.7038545  0.6946286  0.6785276  0.6913285  0.6950203  0.6724585  0.6609353  0.6623873
 2  0.5742871  0.5255907  0.5167993  0.5200138  0.5231979  0.5365311  0.5592026  0.5689000  0.5780761  0.5885679  0.5870988  0.5697496  0.5271450  0.4846946  0.4824185  0.5402751  0.5725113  0.5772123  0.5657245  0.5595645  0.5504352  0.5480791  0.5653635  0.5660786  0.5362191  0.5175013  0.5221884
 3  0.7515398  0.7071526  0.6876962  0.6826879  0.6832247  0.6916614  0.7083449  0.7207627  0.7152079  0.7282101  0.7258696  0.7250779  0.7091339  0.6939133  0.7002845  0.7162697  0.7296752  0.7252396  0.7217000  0.7210927  0.7127650  0.6966139  0.7095895  0.7143759  0.6910329  0.6779785  0.6797047
 4  0.4584217  0.4237373  0.4209642  0.4243130  0.4316840  0.4556343  0.4844469  0.4791922  0.5018967  0.5168282  0.4861212  0.4436908  0.3935806  0.3407000  0.3885930  0.4831837  0.5002993  0.4768027  0.4590043  0.4655262  0.4616183  0.4686037  0.4882052  0.4702282  0.4283068  0.4263070  0.4400340
 1  0.7296925  0.6822010  0.6575872  0.6561170  0.6721442  0.6755641  0.6812481  0.6952524  0.6928424  0.6796613  0.6781109  0.6777661  0.6538721  0.6420906  0.6648097  0.6797034  0.6878662  0.6871025  0.6850475  0.6879646  0.6258761  0.5769989  0.6612299  0.6882314  0.6937872  0.7064391  0.7041856
 2  0.5699182  0.5243568  0.5124907  0.5293415  0.5459282  0.5432271  0.5347210  0.5446455  0.5536364  0.5468183  0.5391729  0.5249840  0.5154580  0.5413848  0.5661306  0.5753406  0.5709907  0.5584329  0.5520169  0.5569142  0.5191103  0.5277853  0.5869429  0.6016626  0.5994139  0.5987232  0.5869465
 3  0.7528275  0.7089000  0.6821413  0.6757658  0.6911029  0.6944441  0.6974054  0.7109624  0.7109135  0.6988470  0.6964897  0.6947104  0.6697647  0.6598145  0.6847132  0.6988815  0.7073109  0.7058446  0.7021185  0.7068909  0.6467162  0.5875235  0.6799795  0.7105710  0.7143946  0.7264131  0.7250673
 4  0.4541773  0.4256261  0.4176705  0.4527632  0.4667115  0.4362845  0.4276873  0.4627682  0.4754805  0.4561173  0.4311463  0.4151656  0.4468403  0.4882666  0.4932675  0.4926685  0.4805818  0.4556351  0.4689789  0.4779191  0.4411671  0.4931688  0.5341294  0.5275579  0.5138371  0.5170035  0.4936941
 1  0.7310651  0.6893144  0.6539511  0.6372647  0.6049281  0.6194892  0.6607560  0.6728545  0.6641851  0.6767958  0.6877094  0.6801744  0.6421733  0.6321135  0.6386781  0.6392095  0.6308648  0.6204961  0.6514121  0.6652210  0.6809308  0.6941168  0.7045356  0.7097452  0.7187866  0.7147682  0.7146593
 2  0.5714015  0.5268909  0.5050591  0.4968456  0.4873140  0.5300524  0.5623850  0.5698698  0.5687322  0.5902533  0.5946332  0.5742289  0.5120187  0.4927961  0.4952370  0.4966810  0.5085407  0.5230661  0.5440746  0.5474787  0.5434015  0.5449511  0.5511236  0.5706705  0.5871386  0.5848798  0.5741308
 3  0.7535218  0.7146189  0.6780849  0.6584415  0.6226236  0.6341779  0.6800750  0.6922372  0.6812426  0.6971982  0.7111758  0.7020683  0.6603356  0.6482358  0.6562474  0.6553305  0.6474386  0.6381761  0.6701006  0.6836961  0.6979015  0.7101630  0.7211138  0.7262789  0.7378986  0.7343524  0.7319005
 4  0.4534606  0.4223056  0.4125656  0.4026833  0.4179130  0.4829178  0.4954304  0.4816579  0.5067324  0.5338899  0.5180141  0.4553613  0.3986664  0.4150595  0.4057141  0.4131173  0.4427441  0.4629886  0.4661159  0.4510349  0.4394912  0.4511976  0.4598150  0.4952266  0.5094520  0.4808704  0.4619441
 1  0.7294815  0.6844867  0.6546516  0.6443758  0.6320891  0.6362237  0.6606529  0.6888027  0.6975562  0.7048651  0.6820099  0.6595887  0.6552530  0.6512770  0.6689002  0.6588262  0.6708360  0.6814280  0.6934318  0.6979397  0.6899417  0.6958376  0.7018566  0.7019520  0.6825988  0.6607036  0.6537486
 2  0.5725402  0.5259815  0.5088036  0.5039643  0.4960007  0.5044939  0.5435323  0.5736015  0.5846362  0.5831686  0.5536311  0.5262828  0.5101583  0.5224117  0.5562443  0.5618579  0.5689242  0.5740971  0.5771631  0.5676021  0.5510446  0.5617685  0.5810393  0.5872006  0.5683619  0.5381597  0.5135313
 3  0.7525449  0.7105500  0.6790375  0.6654393  0.6503493  0.6528254  0.6762107  0.7071891  0.7172298  0.7238899  0.7013058  0.6783391  0.6732441  0.6669193  0.6867840  0.6797387  0.6905864  0.7008311  0.7128036  0.7168942  0.7070610  0.7126910  0.7212188  0.7223807  0.7035519  0.6809178  0.6718880
 4  0.4554746  0.4241928  0.4159780  0.4072419  0.4074905  0.4283122  0.4821100  0.5062210  0.5006295  0.4867601  0.4567905  0.4302863  0.4080221  0.4562693  0.4987683  0.4901067  0.4898681  0.4944215  0.4907317  0.4607094  0.4513808  0.4909613  0.5107915  0.5067849  0.4782448  0.4347646  0.4054200
 1  0.7294027  0.6819304  0.6576236  0.6534953  0.6403339  0.6272165  0.6462126  0.6556323  0.6447783  0.6471460  0.6591326  0.6861219  0.7089045  0.7020661  0.6815251  0.6714699  0.6819250  0.6913957  0.6953352  0.7018256  0.7080312  0.7082076  0.7096921  0.7107946  0.7119946  0.7087942  0.6974726
 2  0.5698543  0.5239712  0.5125622  0.5217075  0.5220000  0.5219931  0.5332242  0.5309573  0.5192512  0.5262705  0.5467400  0.5883559  0.6057231  0.5983500  0.5533856  0.5203980  0.5262051  0.5398183  0.5498381  0.5543698  0.5573454  0.5562458  0.5543225  0.5591745  0.5604097  0.5523556  0.5436648
 3  0.7524993  0.7084541  0.6820790  0.6736825  0.6590210  0.6459088  0.6642855  0.6741031  0.6618583  0.6647112  0.6771233  0.7025930  0.7315062  0.7242556  0.7005689  0.6883384  0.6976690  0.7083250  0.7128268  0.7182416  0.7250769  0.7252953  0.7262977  0.7276835  0.7295407  0.7259322  0.7137662
 4  0.4541562  0.4249877  0.4186865  0.4381161  0.4492857  0.4495329  0.4529716  0.4359235  0.4379923  0.4567091  0.4736080  0.5300054  0.5388084  0.4933715  0.4263642  0.4127478  0.4442283  0.4587778  0.4503776  0.4585788  0.4633133  0.4549943  0.4550576  0.4677388  0.4625734  0.4401061  0.4516740
 1  0.7272826  0.6766737  0.6515987  0.6473391  0.6330110  0.6232413  0.6581180  0.6981970  0.6849145  0.6671496  0.6631786  0.6695066  0.6715094  0.6492454  0.6557038  0.6699321  0.6769062  0.6785967  0.6857899  0.6948685  0.7012047  0.7064941  0.7158189  0.7240910  0.7201713  0.7173126  0.7049513
 2  0.5729577  0.5236270  0.5116030  0.5195266  0.5176316  0.5172888  0.5685224  0.5973635  0.5838439  0.5457492  0.5087110  0.5086640  0.5345704  0.5319547  0.5293215  0.5283572  0.5326432  0.5358986  0.5452860  0.5507945  0.5526874  0.5561584  0.5807674  0.5998491  0.5997928  0.5840113  0.5453468
 3  0.7510606  0.7033850  0.6761701  0.6679439  0.6518501  0.6419030  0.6728910  0.7189997  0.7079490  0.6875431  0.6803631  0.6840702  0.6882518  0.6698427  0.6740995  0.6863315  0.6934580  0.6960236  0.7029307  0.7118852  0.7182790  0.7230828  0.7323650  0.7441672  0.7409906  0.7356085  0.7216718
 4  0.4584400  0.4252542  0.4219902  0.4368269  0.4444837  0.4442502  0.5131012  0.5351795  0.4909329  0.4187091  0.3777062  0.4308190  0.4746472  0.4459624  0.4231024  0.4329615  0.4502406  0.4496434  0.4527804  0.4576228  0.4550115  0.4616107  0.5097648  0.5285706  0.5021969  0.4573898  0.4173471
 1  0.7263195  0.6763092  0.6432733  0.6327176  0.6090169  0.6088156  0.6285166  0.6392570  0.6607052  0.6840781  0.7044946  0.7038123  0.7039049  0.7112565  0.6926449  0.6754028  0.6877379  0.6977820  0.7056771  0.7180868  0.7109916  0.7091221  0.6989201  0.6962824  0.7036906  0.7019217  0.6855392
 2  0.5711790  0.5236523  0.5059014  0.5040153  0.4963199  0.5056602  0.5144857  0.5135415  0.5334394  0.5742899  0.5947129  0.5919178  0.5775125  0.5673929  0.5396994  0.5139718  0.5336751  0.5515554  0.5755080  0.5909824  0.5871855  0.5718919  0.5490046  0.5465809  0.5575377  0.5574648  0.5250886
 3  0.7502776  0.7032470  0.6682242  0.6540129  0.6272483  0.6263736  0.6471521  0.6561565  0.6762965  0.7008977  0.7252931  0.7246394  0.7218575  0.7288857  0.7110030  0.6918462  0.7032919  0.7152318  0.7224628  0.7373783  0.7308412  0.7275411  0.7163733  0.7126879  0.7213017  0.7202563  0.7030313
 4  0.4579942  0.4257769  0.4177976  0.4160926  0.4254773  0.4404969  0.4256725  0.4216490  0.4639294  0.5160875  0.5236503  0.4894724  0.4711983  0.4683208  0.4255242  0.4086931  0.4557423  0.4695109  0.5002343  0.5124614  0.4904472  0.4603891  0.4387552  0.4610746  0.4757640  0.4512221  0.3933877
 1  0.7283663  0.6828137  0.6495149  0.6353287  0.6077275  0.6215594  0.6614593  0.6758890  0.6854735  0.6891793  0.6895738  0.6961977  0.6893981  0.6766666  0.6604916  0.6508928  0.6761153  0.6391224  0.6389613  0.6572928  0.6502924  0.6240705  0.6489804  0.6676745  0.6694562  0.6842637  0.6899232
 2  0.5709641  0.5259476  0.5057413  0.4941753  0.4804513  0.5231752  0.5593268  0.5719440  0.5733270  0.5695767  0.5604791  0.5587760  0.5576884  0.5483646  0.5255650  0.5456198  0.5813481  0.5498090  0.5356124  0.5396478  0.5407280  0.5286666  0.5460825  0.5514458  0.5563615  0.5719119  0.5744928
 3  0.7517058  0.7089869  0.6739924  0.6568399  0.6255460  0.6358135  0.6802868  0.6948563  0.7040215  0.7090325  0.7081010  0.7133050  0.7078268  0.6961008  0.6797495  0.6656760  0.6971536  0.6645086  0.6591505  0.6742635  0.6688447  0.6439809  0.6676316  0.6863225  0.6865162  0.7033544  0.7105495
 4  0.4566222  0.4243291  0.4138762  0.3930238  0.4030812  0.4767772  0.4938404  0.4881320  0.4936426  0.4801837  0.4590083  0.4691851  0.4776543  0.4591738  0.4214478  0.4902504  0.5287760  0.4620389  0.4330419  0.4606089  0.4746113  0.4590500  0.4678134  0.4622623  0.4838414  0.5050388  0.4790098
 1  0.7305319  0.6896108  0.6534406  0.6393450  0.6194399  0.6199606  0.6560393  0.6628723  0.6701034  0.6808370  0.6967558  0.7028823  0.7024074  0.7055363  0.7095935  0.7179508  0.7050148  0.6927575  0.6899724  0.6917722  0.6858438  0.6775216  0.6799404  0.6861400  0.6915437  0.7055736  0.7115586
 2  0.5721984  0.5283647  0.5039657  0.5067017  0.5171148  0.5441853  0.5667077  0.5598000  0.5369364  0.5183453  0.5271751  0.5393206  0.5474884  0.5485311  0.5540499  0.5578888  0.5473577  0.5329205  0.5321637  0.5488323  0.5627417  0.5651368  0.5663233  0.5632888  0.5713509  0.5888754  0.5957348
 3  0.7533336  0.7150453  0.6775798  0.6596207  0.6369856  0.6372759  0.6766405  0.6837909  0.6883167  0.6959828  0.7116109  0.7194502  0.7189631  0.7222840  0.7258655  0.7344066  0.7223128  0.7097485  0.7064624  0.7086717  0.7046238  0.6978142  0.6995255  0.7049835  0.7090612  0.7246586  0.7322694
 4  0.4550996  0.4230248  0.4093913  0.4262722  0.4594444  0.4934694  0.4971984  0.4585148  0.4039185  0.4062578  0.4446667  0.4494619  0.4483570  0.4464296  0.4571310  0.4594674  0.4426327  0.4269137  0.4403756  0.4738440  0.4928191  0.4871688  0.4792288  0.4714781  0.4948639  0.5198790  0.5101030
 1  0.7307829  0.6860775  0.6585972  0.6578520  0.6834227  0.6874294  0.6821720  0.6926756  0.7188889  0.7143320  0.7045095  0.7027948  0.6857670  0.6725983  0.6878250  0.6931452  0.6767211  0.6628400  0.6948972  0.6972288  0.6822406  0.6739293  0.6842046  0.6888629  0.6697799  0.6457025  0.6569129
 2  0.5712566  0.5248832  0.5109848  0.5422267  0.5699890  0.5700465  0.5376694  0.5562490  0.5966722  0.6036938  0.5875195  0.5571900  0.5043952  0.4782905  0.5205741  0.5558208  0.5579619  0.5719449  0.5959834  0.5956778  0.5640211  0.5340348  0.5272294  0.5197391  0.4975343  0.4785819  0.5030053
 3  0.7532018  0.7115500  0.6826637  0.6767391  0.7033678  0.7078660  0.6998217  0.7058423  0.7385947  0.7368170  0.7248403  0.7203853  0.7019356  0.6866076  0.7025688  0.7108250  0.6963644  0.6805180  0.7161150  0.7193398  0.7022874  0.6914264  0.7007225  0.7050931  0.6861253  0.6617880  0.6721070
 4  0.4532831  0.4225278  0.4200050  0.4788643  0.5012734  0.4644793  0.3899600  0.4917681  0.5408253  0.5205964  0.4688885  0.4193570  0.3593868  0.3857027  0.4566765  0.4855578  0.4806358  0.5118695  0.5314465  0.5048182  0.4477191  0.4259603  0.4264090  0.4127990  0.3850128  0.3839496  0.4304179
 1  0.7288303  0.6817804  0.6471353  0.6337159  0.5483845  0.4477349  0.5851086  0.6828261  0.6905181  0.7005579  0.7052778  0.7069442  0.6881108  0.6830916  0.7107218  0.7142602  0.6989573  0.6890310  0.6850369  0.7019058  0.7160086  0.6821919  0.6668485  0.6643139  0.6594156  0.6401504  0.6429060
 2  0.5741911  0.5258759  0.5052046  0.5017832  0.4542066  0.4238272  0.5617729  0.6043653  0.6106305  0.6031791  0.5864011  0.5630757  0.5158090  0.5429399  0.5979222  0.6108445  0.5922998  0.5527942  0.5089750  0.5730473  0.6125753  0.5902011  0.5558802  0.5181185  0.5040869  0.4938671  0.5002823
 3  0.7523075  0.7080710  0.6717508  0.6548943  0.5666630  0.4578701  0.5882538  0.7068412  0.7143255  0.7213741  0.7249171  0.7248640  0.7043532  0.6968880  0.7296582  0.7375929  0.7212334  0.7076915  0.7005865  0.7144681  0.7403022  0.7085280  0.6888579  0.6810181  0.6748821  0.6588028  0.6596116
 4  0.4580154  0.4245422  0.4155392  0.4138085  0.3915715  0.4004682  0.5286036  0.5498061  0.5283523  0.5073943  0.4813463  0.4355827  0.3880721  0.4870678  0.5440378  0.5376749  0.4798703  0.4045304  0.3730222  0.5253458  0.5585832  0.5007870  0.4151123  0.3927624  0.4273966  0.4056707  0.4069246
 1  0.7302531  0.6859001  0.6578813  0.6484281  0.6443135  0.6548295  0.6693924  0.6756373  0.6587136  0.6648795  0.6956191  0.6955999  0.6888830  0.6918847  0.6994921  0.7070577  0.6887551  0.6768971  0.6748969  0.6737776  0.6476602  0.6270305  0.6520450  0.6814242  0.7091636  0.7060285  0.6883833
 2  0.5733499  0.5260023  0.5104993  0.5075128  0.5061670  0.5193417  0.5335712  0.5337902  0.5221111  0.5633276  0.5914086  0.5888666  0.5606153  0.5403494  0.5437496  0.5568402  0.5655901  0.5669512  0.5611437  0.5415143  0.5086284  0.5135891  0.5434968  0.5883217  0.6074771  0.6036122  0.5653982
 3  0.7529906  0.7113900  0.6819093  0.6695125  0.6625103  0.6712867  0.6866637  0.6931864  0.6754186  0.6804668  0.7167827  0.7169369  0.7070926  0.7084293  0.7155933  0.7240257  0.7072464  0.6974660  0.6959059  0.6920347  0.6642748  0.6441507  0.6698037  0.6978384  0.7313725  0.7282995  0.7079223
 4  0.4553468  0.4227668  0.4192047  0.4117416  0.4152149  0.4417355  0.4507169  0.4330289  0.4401964  0.5124454  0.5256584  0.4847039  0.4388075  0.4348287  0.4575430  0.4756430  0.4938790  0.4959230  0.4615762  0.4240706  0.4246126  0.4534019  0.4753803  0.5290132  0.5415883  0.5050440  0.4427040
 1  0.7306463  0.6839757  0.6545617  0.6454016  0.6440741  0.6492747  0.6683206  0.6837891  0.6980807  0.6831410  0.6794229  0.6833397  0.6897646  0.6839944  0.6806216  0.6810331  0.6576368  0.6475708  0.6652815  0.6764550  0.6835069  0.6992413  0.6873536  0.6897740  0.7046861  0.6904030  0.6559824
 2  0.5746519  0.5252001  0.5102415  0.5116230  0.5096026  0.5186145  0.5406894  0.5784311  0.5959032  0.5830708  0.5587241  0.5426377  0.5622388  0.5716081  0.5646239  0.5361060  0.4821836  0.4797493  0.5339474  0.5611313  0.5757044  0.5805857  0.5670908  0.5849304  0.5988493  0.5875674  0.5414237
 3  0.7534515  0.7097975  0.6789155  0.6665011  0.6629552  0.6658386  0.6851778  0.7007208  0.7197838  0.7063397  0.6995513  0.6993207  0.7061707  0.7051891  0.7012967  0.6987721  0.6734442  0.6617953  0.6808600  0.6963105  0.7027174  0.7182781  0.7068925  0.7068141  0.7271921  0.7132406  0.6755426
 4  0.4558021  0.4237556  0.4215018  0.4233020  0.4157221  0.4398290  0.4700527  0.5178913  0.5322945  0.4911538  0.4287998  0.4432873  0.5034611  0.5001499  0.4534694  0.3932948  0.3596004  0.4118507  0.4807628  0.4910949  0.4930221  0.4940882  0.4779623  0.5215685  0.5337436  0.4891607  0.4433078
 1  0.7306384  0.6854714  0.6584788  0.6500871  0.6548530  0.6628001  0.6552955  0.6701533  0.6988906  0.6984150  0.6862019  0.6879454  0.6931692  0.6998433  0.6860658  0.6756494  0.6741948  0.6889698  0.6895245  0.6861429  0.6910324  0.6990695  0.6888489  0.6728907  0.6709339  0.6828132  0.6890380
 2  0.5714296  0.5260166  0.5110022  0.5068634  0.5002510  0.4900293  0.4958277  0.5650704  0.5973130  0.5961212  0.5685210  0.5513516  0.5490266  0.5474705  0.5377911  0.5303854  0.5526854  0.5797663  0.5819008  0.5645174  0.5498832  0.5523811  0.5435326  0.5262166  0.5254623  0.5577319  0.5764038
 3  0.7535934  0.7116730  0.6828080  0.6709282  0.6730784  0.6786137  0.6693178  0.6851926  0.7204293  0.7204164  0.7052523  0.7057419  0.7105109  0.7168218  0.7034807  0.6931514  0.6907233  0.7090930  0.7114129  0.7052977  0.7076903  0.7161340  0.7070963  0.6910266  0.6872274  0.6993368  0.7096189
 4  0.4547070  0.4248329  0.4158567  0.4073848  0.3851791  0.3707058  0.4276383  0.5193921  0.5336465  0.4979378  0.4598785  0.4549563  0.4552652  0.4491588  0.4421798  0.4403921  0.4892844  0.5181626  0.4905885  0.4469617  0.4505348  0.4666010  0.4505316  0.4179557  0.4387309  0.4979126  0.5078408
 1  0.7298247  0.6827102  0.6579988  0.6624008  0.6915200  0.6927663  0.6820173  0.6784032  0.6897876  0.7025869  0.6920270  0.6813205  0.6954508  0.6975504  0.6925890  0.6862282  0.6895666  0.6926642  0.6951515  0.6893685  0.6957893  0.7091754  0.7137207  0.7171125  0.7152421  0.7096890  0.7070203
 2  0.5696666  0.5235318  0.5124567  0.5521868  0.5805480  0.5814312  0.5474672  0.5147449  0.5176532  0.5322178  0.5305866  0.5282693  0.5567463  0.5721734  0.5669193  0.5537179  0.5445940  0.5455053  0.5532047  0.5495379  0.5575247  0.5698335  0.5747216  0.5735758  0.5700210  0.5680142  0.5603364
 3  0.7525837  0.7089407  0.6823745  0.6805844  0.7121489  0.7137131  0.7001944  0.6945478  0.7045075  0.7183812  0.7095180  0.6969999  0.7122952  0.7170122  0.7121105  0.7046273  0.7069235  0.7093667  0.7127144  0.7078973  0.7124533  0.7266331  0.7320577  0.7340521  0.7326777  0.7278181  0.7251139
 4  0.4530319  0.4241191  0.4199191  0.4916105  0.5143220  0.4790596  0.4169486  0.3929012  0.4280961  0.4477324  0.4188910  0.4403855  0.4896885  0.4942393  0.4707823  0.4505312  0.4437723  0.4588348  0.4701202  0.4516734  0.4675787  0.4887403  0.4775292  0.4721045  0.4784140  0.4761197  0.4573830
