FL 2019 2020 2021 2022 2023 2024 2025 2026 2027 2028 2029 2030 2031 2032 2033 2034 2035 2036 2037 2038 2039 2040 2041 2042 2043 2044 2045
 1    4109.00    1983.83    1983.83    4017.55    4017.55   21344.40   21344.40   40794.14   40794.14   39364.71   39364.71   18752.12   18752.12   19436.80   19436.80   23715.85   23715.85   12384.83   12384.83    3556.94    3556.94    6718.40    6718.40   18968.80   18968.80   36524.80   36524.80
 2     783.00     377.87     377.87     765.25     765.25    4065.60    4065.60    7770.31    7770.31    7498.04    7498.04    3571.83    3571.83    3702.25    3702.25    4517.30    4517.30    2359.02    2359.02     677.51     677.51    1279.70    1279.70    3613.10    3613.10    6957.10    6957.10
 3    3537.00    1014.78     943.14    1897.44    2402.30    3847.63    6075.02    8094.02    7601.27    6584.88    4632.34    4071.42    2892.15    3824.75    2377.76    2356.71    1890.47    7537.72    5745.02    1270.58    1498.78    2958.21    3737.54   19625.76   19291.54    5710.40    4384.49
 4    1379.00    2391.12    2682.53    5551.64   10135.60   13920.69    9419.30    8169.38    5303.98    4666.10    3989.13    4144.47    3325.72    3205.29    2637.04    3170.64    2380.08    2067.10    2394.46    3808.58    4191.41    5448.49    4740.40    7227.05    5435.02    6016.43    3780.64
 1    4109.00    2048.51    2048.51    6208.82    6208.82    9921.91    9921.91   15981.50   15981.50   18584.41   18584.41    9902.05    9902.05    9184.56    9184.56    6816.35    6816.35   11580.95   11580.95   59850.25   59850.25   38649.54   38649.54   19391.06   19391.06    5853.54    5853.54
 2     783.00     390.19     390.19    1182.63    1182.63    1889.89    1889.89    3044.10    3044.10    3539.89    3539.89    1886.10    1886.10    1749.44    1749.44    1298.35    1298.35    2205.90    2205.90   11400.05   11400.05    7361.82    7361.82    3693.54    3693.54    1114.96    1114.96
 3    3537.00     936.55    1104.12    6077.32    6432.48    2543.93    2670.89    8858.96    8996.88    3680.61    3922.54   35792.14   35889.79    3061.06    2799.35   17293.96   18160.92    3329.01    5791.95    6402.68    5247.61    3589.46    2728.76   13814.13   10570.13    1044.53    1359.23
 4    1379.00    2277.75    2761.70    2930.05    2929.60    4638.51    4648.57    4387.94    4656.71    4917.48    4153.02    2442.47    1997.86    3915.98    3883.02    4135.13    7875.56    7935.93    7328.18    6004.03    4656.57    3806.81    2899.73    1732.43    1762.03    2215.03    2623.34
 1    4109.00    3005.31    3005.31    5682.14    5682.14   29474.22   29474.22   19756.97   19756.97   15333.78   15333.78   20191.25   20191.25    7867.40    7867.40   16772.45   16772.45   17323.61   17323.61   14638.47   14638.47   23092.61   23092.61    9800.87    9800.87   15129.58   15129.58
 2     783.00     572.44     572.44    1082.31    1082.31    5614.14    5614.14    3763.23    3763.23    2920.72    2920.72    3845.95    3845.95    1498.55    1498.55    3194.75    3194.75    3299.74    3299.74    2788.28    2788.28    4398.59    4398.59    1866.83    1866.83    2881.82    2881.82
 3    3537.00     978.25     812.87    1458.88    2208.20    3088.95    3385.39    2678.37    2527.81    2838.29    2990.46   13993.73   13731.08    1887.02    2618.24   14727.71   14368.52    2439.09    3054.27   17433.77   15926.92    2773.97    1787.08    3506.02    4995.04    2753.68    3777.34
 4    1379.00    2242.59    3083.70    4533.24    4201.65    4005.79    4036.18    4058.22    3609.62    3284.52    3175.32    3110.85    3242.08    3070.13    3849.33    3463.33    3656.39    3905.63    3947.04    2661.14    2356.97    2784.75    2845.37    4471.67    5769.91    4944.20    4067.63
 1    4109.00     973.90     973.90    6945.71    6945.71   10200.04   10200.04    7926.53    7926.53    8200.50    8200.50   12840.83   12840.83   15737.11   15737.11   18871.31   18871.31   31609.58   31609.58   23868.77   23868.77   32745.18   32745.18   31596.64   31596.64   20926.75   20926.75
 2     783.00     185.50     185.50    1322.99    1322.99    1942.86    1942.86    1509.82    1509.82    1562.00    1562.00    2445.87    2445.87    2997.54    2997.54    3594.54    3594.54    6020.87    6020.87    4546.43    4546.43    6237.18    6237.18    6018.41    6018.41    3986.05    3986.05
 3    3537.00     859.38    1352.52    1571.91    2051.46    6465.11    6851.35    3087.35    3572.57    3967.24    5575.14   20409.06   22587.16    6961.63    6405.81    7163.67    6723.08    5892.32    5743.76    4506.46    4705.08    4715.59    4863.53    4472.31    3801.57   18621.40   16933.29
 4    1379.00    2521.94    3168.20    3541.22    3476.39    3647.35    4098.98    4613.92    7630.96    8236.39    7685.78    8794.01    8266.48    6681.97    5788.40    5806.98    6293.09    5615.36    5631.64    5945.88    7702.73    7317.62    5211.27    4135.51    3615.62    2199.31    2459.09
 1    4109.00    1834.60    1834.60    4426.42    4426.42   21171.15   21171.15   54405.12   54405.12   57768.48   57768.48   15949.16   15949.16    7365.20    7365.20   24703.60   24703.60   21923.29   21923.29    9185.02    9185.02   25985.19   25985.19   30006.44   30006.44    5516.28    5516.28
 2     783.00     349.45     349.45     843.13     843.13    4032.60    4032.60   10362.88   10362.88   11003.52   11003.52    3037.94    3037.94    1402.90    1402.90    4705.45    4705.45    4175.86    4175.86    1749.53    1749.53    4949.56    4949.56    5715.51    5715.51    1050.72    1050.72
 3    3537.00     867.29    1460.31    1568.68    2289.29    3010.90    4237.52    4241.10    3892.26    3343.89    3142.26   22096.51   23875.08     994.15    2883.48   35337.62   27000.60    1905.42    1745.11    6853.54    8822.69    3455.28    2919.91   12055.64    8195.64     590.90    1035.78
 4    1379.00    2207.32    3089.11    4054.95    5721.86    6204.26    6770.53    7001.86    6126.08    4777.29    3206.83    2812.41    4694.55    4975.47    5227.71    3116.74    2208.05    2772.09    4711.74    4842.00    3747.28    3601.22    2645.61    1771.58    1712.22    2334.78    2973.39
 1    4109.00    3351.81    3351.81    8461.53    8461.53   17889.10   17889.10   15271.87   15271.87   18627.38   18627.38   11452.52   11452.52   16150.13   16150.13   16758.59   16758.59   11024.71   11024.71    5757.91    5757.91   11560.63   11560.63   26778.45   26778.45    9345.80    9345.80
 2     783.00     638.44     638.44    1611.72    1611.72    3407.45    3407.45    2908.93    2908.93    3548.07    3548.07    2181.43    2181.43    3076.22    3076.22    3192.11    3192.11    2099.94    2099.94    1096.74    1096.74    2202.02    2202.02    5100.66    5100.66    1780.15    1780.15
 3    3537.00    1088.79    1219.68    3248.12    4545.87    2411.68    2860.86    2724.31    2992.55    3655.82    4003.05   26154.99   23737.00    2650.85    2653.01   12213.62   10339.15    2571.58    1993.41    4557.63    5047.34    2537.72    3155.67    7060.78    6378.00    3463.71    4376.53
 4    1379.00    2346.88    2994.03    3561.45    3667.06    3219.50    3630.68    4816.03    5362.95    5204.31    4054.86    2270.91    2698.98    3401.82    3787.31    2800.68    2262.30    2338.03    2509.91    2637.32    4103.39    4943.13    4993.51    4215.62    4534.12    5115.66    4763.70
 1    4109.00    3241.39    3241.39    3580.50    3580.50    7943.63    7943.63    9183.64    9183.64    8340.49    8340.49    7003.00    7003.00    6335.87    6335.87   25892.79   25892.79   15799.94   15799.94    8729.95    8729.95   14703.61   14703.61   33851.67   33851.67   22602.43   22602.43
 2     783.00     617.41     617.41     682.00     682.00    1513.07    1513.07    1749.26    1749.26    1588.66    1588.66    1333.90    1333.90    1206.83    1206.83    4931.96    4931.96    3009.51    3009.51    1662.85    1662.85    2800.69    2800.69    6447.94    6447.94    4305.22    4305.22
 3    3537.00     640.62     832.84    1603.85    2593.62   20009.95   16258.34    2213.57    2158.56    9483.06    8283.67    1445.32    1880.46    2680.89    3039.38    4044.53    3354.08   12924.56   13210.56    1958.24    3596.30   25399.31   27844.63    6258.32    7362.05   35359.03   27879.00
 4    1379.00    2216.69    3029.58    4029.49    3745.51    2496.28    2114.11    2330.60    2152.29    1792.01    2114.59    3373.73    4458.12    4462.58    3612.83    3543.60    2766.78    2848.32    6557.01    7311.80    8884.33    9094.63    8852.34    6587.49    5929.49    3903.00    3187.34
 1    4109.00     541.00     541.00    1448.37    1448.37    6155.23    6155.23   27629.45   27629.45   21434.95   21434.95   48556.20   48556.20   27228.90   27228.90   14261.94   14261.94   24906.42   24906.42   67640.96   67640.96   45948.67   45948.67   12698.07   12698.07    9005.77    9005.77
 2     783.00     103.05     103.05     275.88     275.88    1172.42    1172.42    5262.75    5262.75    4082.85    4082.85    9248.80    9248.80    5186.46    5186.46    2716.56    2716.56    4744.08    4744.08   12883.99   12883.99    8752.13    8752.13    2418.68    2418.68    1715.38    1715.38
 3    3537.00     721.63     979.56    1711.51    2272.29   11509.62   11694.91    2850.81    3614.66    4248.69    4957.76    6813.29    5204.24    4516.52    3640.52   25432.06   29782.68    2297.13    4958.97    6021.09    5693.18    4107.06    3566.91   14113.08   14313.05    1914.12    2370.14
 4    1379.00    2072.11    2694.10    2772.98    2675.73    3034.28    4664.16    6369.42    8303.72    8312.82    7525.56    6681.25    4673.23    3558.64    2954.06    4758.18    8853.17    9561.60    8970.78    8295.30    6712.25    4142.50    3162.23    2530.32    3369.62    4875.70    7604.14
 1    4109.00    3120.35    3120.35   11855.84   11855.84   14934.15   14934.15    5576.80    5576.80   18771.06   18771.06   34220.34   34220.34   27983.34   27983.34   16407.01   16407.01    9477.01    9477.01    7655.80    7655.80    7690.45    7690.45   10789.55   10789.55   27287.57   27287.57
 2     783.00     594.35     594.35    2258.26    2258.26    2844.60    2844.60    1062.25    1062.25    3575.44    3575.44    6518.16    6518.16    5330.16    5330.16    3125.14    3125.14    1805.14    1805.14    1458.25    1458.25    1464.85    1464.85    2055.15    2055.15    5197.63    5197.63
 3    3537.00     626.19    1012.74    1437.90    2096.02    2111.00    2556.81    2465.71    3610.03    4803.34    6680.76    6808.21    6849.44    6357.70    5470.86    4404.85    3265.00   12346.54   13133.53    2354.65    2778.93   14421.71   15309.34    2952.60    4267.83    8784.99   12439.73
 4    1379.00    2279.05    2852.50    2752.73    3544.72    3662.36    4233.07    6483.69    9308.94    9471.66    8049.87    6747.22    5593.70    4717.46    3550.85    2782.20    2435.02    2865.30    3296.17    3154.45    3815.46    2864.37    5219.08   13864.95   17750.55   15936.44   12074.00
 1    4109.00    3203.05    3203.05    5036.26    5036.26   10617.68   10617.68   13933.00   13933.00   12036.02   12036.02   10060.97   10060.97    9428.03    9428.03   13680.74   13680.74   29718.61   29718.61   27112.47   27112.47   34102.07   34102.07    9612.37    9612.37    6836.68    6836.68
 2     783.00     610.10     610.10     959.29     959.29    2022.42    2022.42    2653.90    2653.90    2292.58    2292.58    1916.38    1916.38    1795.82    1795.82    2605.86    2605.86    5660.69    5660.69    5164.28    5164.28    6495.63    6495.63    1830.93    1830.93    1302.22    1302.22
 3    3537.00     722.23    1080.14    1569.05    2245.02   17011.53   13941.42    3456.06    3000.29   17673.18   17744.93    2326.69    2863.31   10512.43   11803.76    2824.53    3923.67    4528.35    5891.50   12580.79    9269.29    2732.16    2531.08   17263.88   18987.17     929.70    1658.20
 4    1379.00    2117.37    3380.64    5399.87    4908.02    3974.64    2772.03    2891.23    2756.37    3076.55    3441.51    2925.13    2991.19    4621.92    5807.33    7032.06    7430.43    6325.84    4938.30    3444.84    2676.36    2626.62    2327.03    1681.81    2238.06    3091.22    3028.32
 1    4109.00    1403.09    1403.09    3483.94    3483.94    9882.64    9882.64   17020.54   17020.54   15851.22   15851.22   15481.62   15481.62   31270.47   31270.47   29866.92   29866.92   31032.54   31032.54   17568.01   17568.01   25192.86   25192.86   18727.63   18727.63   19952.86   19952.86
 2     783.00     267.26     267.26     663.61     663.61    1882.41    1882.41    3242.01    3242.01    3019.28    3019.28    2948.88    2948.88    5956.28    5956.28    5688.94    5688.94    5910.96    5910.96    3346.29    3346.29    4798.64    4798.64    3567.17    3567.17    3800.54    3800.54
 3    3537.00     745.34    1289.97    1372.29    2026.29   18471.21   18802.61    2673.12    3908.66    7881.58    6633.44    3101.59    3178.53    4498.77    5100.35    5171.66    5245.01    5922.69    4579.45    4541.43    4936.20    4198.25    3909.06   16053.58   13135.46    1807.33    1682.36
 4    1379.00    2312.46    2853.26    3273.64    3872.31    3706.86    4165.96    4039.78    3380.89    3881.52    4316.17    6471.36    6912.37    7923.71    8274.35    6540.43    6171.89    6455.65    5465.04    4343.86    4103.34    3973.59    3946.91    3063.93    2492.06    2165.53    4145.00
 1    4109.00    2231.00    2231.00    6219.91    6219.91   15573.10   15573.10   19444.66   19444.66   14076.68   14076.68    9267.72    9267.72   23209.96   23209.96   39934.82   39934.82   35124.94   35124.94   17053.34   17053.34   19398.92   19398.92   31272.78   31272.78   45713.52   45713.52
 2     783.00     424.95     424.95    1184.74    1184.74    2966.30    2966.30    3703.74    3703.74    2681.27    2681.27    1765.28    1765.28    4420.94    4420.94    7606.63    7606.63    6690.46    6690.46    3248.26    3248.26    3695.03    3695.03    5956.72    5956.72    8707.34    8707.34
 3    3537.00     809.06    1086.22    1407.20    1796.27    9759.83    9557.16    2560.06    2221.32    8494.24    9197.13    1958.71    3187.21    4280.34    6050.02    5870.92    6126.37    5126.84    3847.26   10404.83   11699.41    4047.09    3858.86    4801.47    4270.83    7397.42    7075.94
 4    1379.00    2136.36    3361.30    3659.95    3469.73    2816.09    2354.27    2386.04    2665.85    2826.69    4814.50    6624.64    9024.14    8274.53    7317.27    5496.40    4597.08    5109.44    4804.63    4837.66    5569.48    5527.48    6557.89   11353.12    9675.37   11272.85    9778.98
 1    4109.00    2383.00    2383.00    3355.51    3355.51    7431.27    7431.27    7139.29    7139.29   16163.53   16163.53   17100.47   17100.47   14038.33   14038.33    6247.63    6247.63   10104.40   10104.40    8853.31    8853.31   12868.09   12868.09   24632.92   24632.92   18794.62   18794.62
 2     783.00     453.90     453.90     639.14     639.14    1415.48    1415.48    1359.86    1359.86    3078.77    3078.77    3257.23    3257.23    2673.97    2673.97    1190.02    1190.02    1924.65    1924.65    1686.34    1686.34    2451.06    2451.06    4691.98    4691.98    3579.93    3579.93
 3    3537.00     791.30     686.17    1329.00    1944.27    9611.82   12112.61    3912.73    4612.89   22418.91   15269.93    1996.32    1883.62   14994.93   12014.02    1078.68    1627.92   13412.69   18169.78    2363.12    3084.93   14768.15   12562.48    2373.86    2023.59   10550.76   14998.11
 4    1379.00    1896.85    2400.67    2845.81    4720.66    5552.82    5500.37    3895.90    3010.45    1986.76    2408.71    2592.89    2624.03    2048.37    1920.23    1886.42    2506.60    3930.56    3983.28    3964.82    3428.54    2857.27    2550.67    3413.45    5129.99    8342.21    8556.08
 1    4109.00    3375.37    3375.37   11318.54   11318.54   20101.16   20101.16   38618.58   38618.58   23892.79   23892.79   27333.31   27333.31   29564.31   29564.31   15020.08   15020.08    8126.12    8126.12   18893.03   18893.03   46116.38   46116.38   29021.46   29021.46   15018.23   15018.23
 2     783.00     642.93     642.93    2155.91    2155.91    3828.79    3828.79    7355.92    7355.92    4551.01    4551.01    5206.34    5206.34    5631.30    5631.30    2860.97    2860.97    1547.83    1547.83    3598.67    3598.67    8784.07    8784.07    5527.90    5527.90    2860.62    2860.62
 3    3537.00     522.79     801.99    1316.36    1641.26    2445.09    2100.40    2743.12    2703.07    4459.13    3527.62    4440.19    5389.70   22918.78   18683.95    2124.03    1902.31    2816.77    3797.16    4427.23    6493.30    7793.18    6873.30    4726.08    3564.86    2880.96    2334.08
 4    1379.00    2306.59    2813.80    3041.46    3629.93    5034.04    5222.15    4800.47    3597.50    4139.13    5266.53    6517.93    5801.97    3700.41    3017.02    4075.32    5082.54    5874.44    8853.45    9352.95    7575.76    5597.49    4407.47    3118.08    3056.45    2899.00    2558.20
 1    4109.00    2770.15    2770.15    5674.28    5674.28   11146.21   11146.21   13107.86   13107.86   15335.17   15335.17    4267.49    4267.49   19950.08   19950.08   15744.50   15744.50   20411.16   20411.16   18543.76   18543.76   10432.88   10432.88    5563.40    5563.40    8921.68    8921.68
 2     783.00     527.65     527.65    1080.82    1080.82    2123.09    2123.09    2496.74    2496.74    2920.98    2920.98     812.86     812.86    3800.02    3800.02    2998.95    2998.95    3887.84    3887.84    3532.14    3532.14    1987.22    1987.22    1059.70    1059.70    1699.37    1699.37
 3    3537.00     601.50     938.36    1216.74    1991.63   11878.19   12192.96    3851.61    3379.17   17610.19   16810.45    1286.08    2499.88   10941.77   12284.08    5474.03    4439.01   13450.68   10858.21    2322.40    2470.76   21202.17   18523.21    1906.22    2403.35   13522.60   15391.99
 4    1379.00    2012.46    2678.46    4266.24    5242.94    4838.87    3379.89    2653.31    1875.83    1517.71    3510.15    6781.70    7432.61    7028.74    4722.04    3468.86    2992.67    2842.17    3121.14    3810.03    3581.25    1845.30    1782.21    2980.94    3812.58    4783.19    4621.59
 1    4109.00    2597.83    2597.83    3490.87    3490.87   17159.14   17159.14   29124.02   29124.02   27813.33   27813.33   26290.57   26290.57   26131.18   26131.18   15833.20   15833.20   19112.94   19112.94   35725.54   35725.54   52654.14   52654.14   37493.15   37493.15   27037.63   27037.63
 2     783.00     494.82     494.82     664.93     664.93    3268.41    3268.41    5547.43    5547.43    5297.78    5297.78    5007.73    5007.73    4977.37    4977.37    3015.85    3015.85    3640.56    3640.56    6804.86    6804.86   10029.36   10029.36    7141.55    7141.55    5150.02    5150.02
 3    3537.00     613.23     871.84    1305.22    2008.33    2511.16    2760.29    3420.96    3063.69    3399.60    3621.81    3670.19    4986.94   27256.86   24741.06    2885.41    2697.24    4045.81    7536.00   10242.89    9155.18    9642.18    6608.47    4318.46    3363.74    3512.22    4386.82
 4    1379.00    2107.01    2455.73    2854.33    3321.75    4663.03    4731.94    4982.32    5380.90    6187.19    6602.71    5650.17    5173.78    3649.49    3589.75    6831.45   12761.46   13417.15   11277.73    8639.43    6010.55    5317.61    4963.86    6110.65    6534.82    7022.39    8817.21
 1    4109.00    3262.64    3262.64    4171.40    4171.40   14920.29   14920.29   12491.56   12491.56    9863.70    9863.70    9740.81    9740.81   11237.23   11237.23   32426.40   32426.40   41062.10   41062.10   41042.23   41042.23   44297.95   44297.95   15713.08   15713.08    8300.75    8300.75
 2     783.00     621.46     621.46     794.55     794.55    2841.96    2841.96    2379.34    2379.34    1878.80    1878.80    1855.39    1855.39    2140.42    2140.42    6176.46    6176.46    7821.35    7821.35    7817.57    7817.57    8437.70    8437.70    2992.97    2992.97    1581.10    1581.10
 3    3537.00     746.20     809.43    1628.87    2062.34    2836.66    2974.30   19653.31   17298.08    3060.70    3330.09   27895.04   27877.06    2697.20    4167.71   10557.66   11001.34    6389.34    5497.34    4396.36    4878.60    4147.17    3253.27    9384.75    8360.20    1054.33    1745.29
 4    1379.00    2029.89    2781.14    3996.49    4613.70    4611.54    3997.50    3175.30    3558.86    4134.66    4324.53    2371.44    4352.01    9401.25    9971.07    7964.33    6048.31    6587.07    7798.32    6536.27    4814.19    3823.51    3133.59    2167.76    3238.42    3412.21    2963.67
 1    4109.00    1898.82    1898.82    5446.52    5446.52   11689.06   11689.06   29371.65   29371.65   24107.16   24107.16   13845.68   13845.68   20820.49   20820.49   11406.32   11406.32   13337.94   13337.94   18942.00   18942.00   17944.54   17944.54   26872.23   26872.23   19490.86   19490.86
 2     783.00     361.68     361.68    1037.43    1037.43    2226.49    2226.49    5594.60    5594.60    4591.84    4591.84    2637.27    2637.27    3965.81    3965.81    2172.63    2172.63    2540.56    2540.56    3608.00    3608.00    3418.01    3418.01    5118.52    5118.52    3712.54    3712.54
 3    3537.00     784.24    1457.47    6109.79    7703.35    3467.68    4118.03   21699.77   19034.27    2866.21    2602.01    2306.85    2704.04   17976.34   17763.99    2974.84    2553.84    8342.19    8734.19    4066.54    4483.59    6406.64    7363.48    7339.95    6954.82    5612.05    5007.10
 4    1379.00    2218.47    3596.93    5114.52    5500.77    5796.72    5718.75    4189.80    2808.22    2917.82    3889.89    4096.98    3808.73    4391.38    3902.36    4835.58    5044.50    4543.63    5664.15    8703.86    8906.06    8382.09    7174.31    5085.90    4871.91    7566.68    7120.52
 1    4109.00    2561.79    2561.79   16188.48   16188.48    9644.71    9644.71   15269.56   15269.56    8245.31    8245.31    6205.58    6205.58   12063.28   12063.28    7579.57    7579.57    8946.17    8946.17    6254.56    6254.56    9555.08    9555.08    5715.86    5715.86    6382.99    6382.99
 2     783.00     487.96     487.96    3083.52    3083.52    1837.09    1837.09    2908.49    2908.49    1570.54    1570.54    1182.02    1182.02    2297.77    2297.77    1443.73    1443.73    1704.03    1704.03    1191.34    1191.34    1820.02    1820.02    1088.74    1088.74    1215.81    1215.81
 3    3537.00     683.52     767.25    6235.61    5602.68    1069.44    1468.90   16797.77   13555.23    1230.65    1339.80    1541.30    2129.38   22353.90   20636.68    1865.57    2040.67   11034.19   10842.70    2594.57    3269.98   21837.64   17830.36    1690.57    2087.34    4154.92    5347.61
 4    1379.00    2173.57    2597.62    2353.87    1947.67    2392.61    2784.67    2925.80    2132.04    2388.84    3171.24    3002.56    2426.90    2236.77    2554.05    3390.36    3038.99    2848.95    3183.43    3347.23    3057.22    1428.62    1832.80    2737.50    3275.99    4093.92    4861.00
 1    4109.00    2121.50    2121.50    6913.83    6913.83   18670.34   18670.34   26689.74   26689.74    8582.57    8582.57   15241.84   15241.84   22517.88   22517.88   44521.09   44521.09   52492.90   52492.90   26266.09   26266.09   33750.03   33750.03   13549.54   13549.54    6371.44    6371.44
 2     783.00     404.10     404.10    1316.92    1316.92    3556.26    3556.26    5083.76    5083.76    1634.78    1634.78    2903.21    2903.21    4289.12    4289.12    8480.21    8480.21    9998.65    9998.65    5003.06    5003.06    6428.58    6428.58    2580.86    2580.86    1213.61    1213.61
 3    3537.00     751.31     892.15    1179.65    2231.09    3843.29    4780.85    4124.49    3963.54    7319.64    8368.40    4784.39    6089.37   19191.23   17549.18    4594.51    4522.69    3400.39    2719.65    1595.59    1690.90    4862.95    3854.40    2384.91    2442.87   12729.52   12266.94
 4    1379.00    1990.41    3073.99    4765.36    6118.54    5890.84    4012.46    3147.83    4003.33    7735.58    8071.38    5821.17    5710.65    6422.25    6943.65    6354.22    5524.45    3981.05    3571.58    4225.64    3880.75    3937.34    2778.21    2039.17    2512.87    2293.68    3998.71
 1    4109.00    2159.85    2159.85    4643.10    4643.10    4261.95    4261.95   10261.48   10261.48   10049.89   10049.89   21369.35   21369.35   30005.52   30005.52   42815.39   42815.39   33531.96   33531.96   19907.58   19907.58    6444.44    6444.44   16292.43   16292.43   16382.98   16382.98
 2     783.00     411.40     411.40     884.40     884.40     811.80     811.80    1954.57    1954.57    1914.26    1914.26    4070.35    4070.35    5715.34    5715.34    8155.31    8155.31    6387.04    6387.04    3791.92    3791.92    1227.51    1227.51    3103.32    3103.32    3120.57    3120.57
 3    3537.00     775.04    1265.33    1451.48    1878.88    3081.57    3015.46    3377.15    3670.88    4490.42    5401.38    7036.54    7018.62    7588.67    6912.56    5757.73    4801.37    3343.13    2173.53    1528.39    1387.95    1615.27    2642.28    4098.88    3661.15    3530.33    3967.35
 4    1379.00    2118.40    2985.32    3172.60    3280.68    3459.10    3981.45    5227.09    7581.81    8074.07    8002.29    8406.31    7085.63    6925.92    5607.65    4286.24    3191.70    2577.12    2942.23    3492.95    4314.63    4248.13    3793.87    4356.31    4591.20    6181.42    7968.39
 1    4109.00    2443.98    2443.98    4079.46    4079.46    7415.10    7415.10   25312.98   25312.98    5489.48    5489.48   13120.80   13120.80   26071.12   26071.12   24125.18   24125.18   13986.13   13986.13   13379.98   13379.98   11759.29   11759.29   10330.78   10330.78    9269.57    9269.57
 2     783.00     465.52     465.52     777.04     777.04    1412.40    1412.40    4821.52    4821.52    1045.62    1045.62    2499.20    2499.20    4965.93    4965.93    4595.27    4595.27    2664.02    2664.02    2548.57    2548.57    2239.86    2239.86    1967.77    1967.77    1765.63    1765.63
 3    3537.00     911.71    1157.11    1494.37    2373.73    7435.08    8019.87    3668.60    3562.93    4937.45    5578.51    3520.90    4571.48    9383.26    8523.77    3573.10    2883.43   10294.48   10765.57    1931.56    2067.52    2370.45    3458.35    9831.64    9879.47    4251.69    3730.40
 4    1379.00    2298.03    3029.72    3483.33    3934.46    5466.28    4606.93    3570.76    3635.14    4152.22    5631.23    5696.80    5497.79    3885.14    3018.10    2956.82    2920.22    2655.28    3153.56    3542.15    4090.91    4971.46    5136.64    3672.94    2824.61    3299.90    3682.42
 1    4109.00    2033.72    2033.72   11034.87   11034.87   57515.31   57515.31   39993.49   39993.49   38943.37   38943.37   56015.65   56015.65   23903.88   23903.88   35865.06   35865.06   18952.63   18952.63   16335.40   16335.40    7160.54    7160.54   20277.64   20277.64   18431.03   18431.03
 2     783.00     387.38     387.38    2101.88    2101.88   10955.30   10955.30    7617.81    7617.81    7417.78    7417.78   10669.65   10669.65    4553.12    4553.12    6831.44    6831.44    3610.02    3610.02    3111.50    3111.50    1363.91    1363.91    3862.41    3862.41    3510.67    3510.67
 3    3537.00     607.68     768.45    1462.31    2184.98    3131.93    2687.46    1869.29    2561.56    2898.81    2035.01    1981.56    1728.46     899.80    1282.54    2302.87    3663.26   16657.62   15209.00    4362.57    3296.53   15830.04   16399.79    3137.32    2992.66    9250.18    7962.40
 4    1379.00    1972.21    3065.24    4800.02    5492.36    5435.87    6123.07    5540.03    4442.33    4557.24    4828.84    4067.77    4086.64    4451.48    7434.34    7660.48    6219.33    4530.47    3975.22    3965.34    3490.62    3995.51    4466.35    3909.21    3278.12    3016.71    3368.69
 1    4109.00    2487.87    2487.87    4686.07    4686.07    6736.42    6736.42    8978.05    8978.05   11734.80   11734.80   17391.53   17391.53   11481.62   11481.62   10447.67   10447.67   24003.21   24003.21  100886.48  100886.48   97723.17   97723.17   40008.28   40008.28   21934.84   21934.84
 2     783.00     473.88     473.88     892.58     892.58    1283.13    1283.13    1710.10    1710.10    2235.20    2235.20    3312.67    3312.67    2186.98    2186.98    1990.03    1990.03    4572.04    4572.04   19216.47   19216.47   18613.94   18613.94    7620.62    7620.62    4178.06    4178.06
 3    3537.00     809.58    1179.53    1772.51    2059.08   13764.99   14912.19    2425.45    2839.00   10649.06   10443.46    2787.19    2595.24    5023.64    6138.36    2629.05    4156.96    6070.37    8828.40   13176.62   14586.11   13726.26   12047.00    7888.23    5333.26    4352.08    4303.72
 4    1379.00    2151.59    2865.58    2901.40    2376.87    2987.85    3178.80    3678.62    3770.48    3261.00    2669.02    2585.67    3148.94    3905.51    6763.97    7876.69   13604.28   24662.26   26569.97   20820.23   13513.50    8718.61    6388.82    4736.33    5262.13    5533.15    6274.32
 1    4109.00    2287.82    2287.82    5505.65    5505.65   16885.64   16885.64   32756.73   32756.73    9216.44    9216.44    5750.51    5750.51   12581.65   12581.65   18881.48   18881.48   20847.29   20847.29   23815.64   23815.64   21311.14   21311.14   27996.28   27996.28   19990.74   19990.74
 2     783.00     435.78     435.78    1048.70    1048.70    3216.31    3216.31    6239.38    6239.38    1755.51    1755.51    1095.34    1095.34    2396.50    2396.50    3596.47    3596.47    3970.91    3970.91    4536.31    4536.31    4059.26    4059.26    5332.62    5332.62    3807.76    3807.76
 3    3537.00     938.13    1077.06    1516.07    2389.34   12454.39   13285.25    3142.06    2549.17   14745.32   15172.89    1724.01    2595.41   25860.24   23930.90    2800.00    3202.60    3604.49    4383.98   40472.49   34610.28    1942.45    2544.07    5662.96    5974.03   40202.18   33662.32
 4    1379.00    2392.10    3291.01    4343.57    4686.45    4308.41    3577.42    3152.98    2507.44    1946.83    2585.71    4325.07    5545.83    3023.65    3100.54    5210.33    6048.87    5520.21    4777.59    1691.38    3362.89    8891.95    9115.67    6888.49    4749.49    1769.78    1629.42
 1    4109.00    1525.52    1525.52    3787.01    3787.01   16816.80   16816.80    7765.30    7765.30   10226.37   10226.37    9488.56    9488.56   19860.46   19860.46   12949.86   12949.86   14594.58   14594.58   13468.22   13468.22   12893.03   12893.03   12613.52   12613.52    4888.42    4888.42
 2     783.00     290.58     290.58     721.34     721.34    3203.20    3203.20    1479.10    1479.10    1947.88    1947.88    1807.34    1807.34    3782.94    3782.94    2466.64    2466.64    2779.92    2779.92    2565.38    2565.38    2455.82    2455.82    2402.58    2402.58     931.13     931.13
 3    3537.00     852.35    1127.82    1567.87    2367.00    2769.40    2484.60    2075.74    2272.95    2770.73    2767.48    4096.56    4461.87    5830.43    6534.59   29552.54   26230.48    5586.22    4833.47    4924.85    4167.55   11010.45   11019.45    3035.69    3298.98    9845.96    9492.12
 4    1379.00    2294.10    2853.98    3304.43    3106.20    2428.67    2616.57    3319.71    3818.81    4820.78    5113.45    7931.11    8284.06    7349.22    6327.25    4048.94    3275.64    4303.23    3841.74    3800.00    3730.71    4096.52    3466.76    2940.34    3353.76    2708.20    2800.50
 1    4109.00    1496.42    1496.42    4569.18    4569.18   11616.99   11616.99    8942.47    8942.47   12125.65   12125.65   10395.92   10395.92   11685.37   11685.37   15726.48   15726.48   11322.70   11322.70   11312.07   11312.07    3807.80    3807.80    7736.19    7736.19   13925.14   13925.14
 2     783.00     285.03     285.03     870.32     870.32    2212.76    2212.76    1703.33    1703.33    2309.65    2309.65    1980.18    1980.18    2225.78    2225.78    2995.52    2995.52    2156.70    2156.70    2154.68    2154.68     725.30     725.30    1473.56    1473.56    2652.41    2652.41
 3    3537.00     762.40     976.86    1549.35    2459.93   16838.11   15058.85    3207.02    2601.82    8269.45    8922.29    2855.32    3813.12   28024.31   22989.49    3847.90    2854.25   17117.76   16908.15    2682.63    2609.60    4721.22    5719.35    3572.64    3288.65   10634.65   12187.33
 4    1379.00    2219.87    2917.55    3565.42    3940.66    4008.85    3004.20    3122.00    3068.47    3313.31    5918.53    6157.59    5287.22    2797.87    2114.55    3345.15    3266.84    2672.05    2950.31    3283.88    3433.98    3609.20    3269.75    3985.15    4782.53    5691.93    5223.08
 1    4109.00    1936.70    1936.70    4105.79    4105.79   16598.27   16598.27   22115.48   22115.48   17297.28   17297.28   19848.91   19848.91    9715.86    9715.86   15935.30   15935.30   13118.49   13118.49    7638.25    7638.25   10399.16   10399.16   29105.08   29105.08   34695.28   34695.28
 2     783.00     368.90     368.90     782.06     782.06    3161.58    3161.58    4212.47    4212.47    3294.72    3294.72    3780.74    3780.74    1850.64    1850.64    3035.30    3035.30    2498.76    2498.76    1454.90    1454.90    1980.79    1980.79    5543.82    5543.82    6608.62    6608.62
 3    3537.00     698.44     886.86    1449.07    2396.35   17269.87   18522.35    5527.38    6064.15   36532.48   37123.73    2838.48    2587.94   14988.66   16150.34    2508.34    2741.61   11699.74   14142.50    2266.49    3507.38   24124.39   23276.48    6512.46    7259.59    6118.20    5089.35
 4    1379.00    1952.98    3266.64    4935.12    7044.36    9197.92    6707.56    5235.01    4297.03    2450.29    2386.40    3985.81    4059.44    3743.43    2783.67    2393.44    2408.39    3554.93    5636.52    7594.21    8744.25    6709.59    6349.37    6940.77    5372.64    4280.58    3064.35
 1    4109.00    1785.63    1785.63    7750.05    7750.05   10921.22   10921.22   12090.54   12090.54    7194.26    7194.26   19434.49   19434.49   19470.53   19470.53   11596.20   11596.20   18198.18   18198.18   20407.00   20407.00   28768.28   28768.28   22682.81   22682.81   11854.46   11854.46
 2     783.00     340.12     340.12    1476.20    1476.20    2080.23    2080.23    2302.96    2302.96    1370.34    1370.34    3701.81    3701.81    3708.67    3708.67    2208.80    2208.80    3466.32    3466.32    3887.05    3887.05    5479.67    5479.67    4320.54    4320.54    2257.99    2257.99
 3    3537.00     709.25    1244.14    6285.71    7853.57    2342.15    2429.23   28994.80   31809.42    2285.38    2870.08   13277.95   13452.35    3848.22    3063.52   17475.69   17879.66    2840.94    3156.08   21130.92   22721.61    5343.13    5590.43   16637.13   15008.67    3915.39    4882.61
 4    1379.00    2222.77    2967.14    3328.34    3702.08    3084.08    3397.41    3484.70    3673.03    5307.46    4723.69    4590.46    3670.80    3452.72    4036.96    3190.00    3368.26    5303.57    7769.80    7634.96    6931.33    6649.41    6056.27    4387.76    5066.87    6138.20    7396.91
 1    4109.00    2677.29    2677.29    4227.76    4227.76   14963.26   14963.26    8194.03    8194.03    5179.48    5179.48   14170.00   14170.00   29981.95   29981.95   20730.40   20730.40    5624.39    5624.39   17828.58   17828.58   42960.46   42960.46   18598.27   18598.27   26707.76   26707.76
 2     783.00     509.96     509.96     805.29     805.29    2850.14    2850.14    1560.77    1560.77     986.57     986.57    2699.05    2699.05    5710.85    5710.85    3948.65    3948.65    1071.31    1071.31    3395.92    3395.92    8182.94    8182.94    3542.53    3542.53    5087.19    5087.19
 3    3537.00     975.61    1139.30    1945.33    2294.38    9056.49    7237.88    1961.11    1777.09    1894.20    2475.81    4436.44    4703.99    3987.62    3775.62    2501.60    1938.33    2231.39    2473.57    4495.38    3822.55    4116.75    2956.94    7413.28    6854.91    2632.91    3739.18
 4    1379.00    2479.00    3027.48    2823.33    2730.35    2610.33    2178.63    2580.58    3463.71    5453.20    5506.46    4792.88    4032.29    3164.58    2801.95    2987.01    4240.07    4855.45    4624.03    5123.11    3959.98    4008.51    3515.75    4007.87    6044.37    9546.48    9511.76
 1    4109.00    2239.78    2239.78    5630.39    5630.39    8034.64    8034.64   24550.22   24550.22   28473.99   28473.99    8844.07    8844.07    8472.62    8472.62   11621.15   11621.15   23485.31   23485.31   36930.43   36930.43   32789.07   32789.07   16893.03   16893.03   11678.90   11678.90
 2     783.00     426.62     426.62    1072.46    1072.46    1530.41    1530.41    4676.23    4676.23    5423.62    5423.62    1684.58    1684.58    1613.83    1613.83    2213.55    2213.55    4473.39    4473.39    7034.37    7034.37    6245.54    6245.54    3217.72    3217.72    2224.55    2224.55
 3    3537.00     673.53     980.97    2247.67    2528.12   10842.59   13348.27    3022.71    4418.29   24173.20   18060.79    2058.75    2209.24    5260.23    5343.87    2561.91    4268.02    4848.50    6428.66    6956.62    5805.97    4531.50    4528.05    3892.48    3717.69   14137.23   13283.09
 4    1379.00    2210.49    2512.55    2905.33    3162.44    4448.58    6031.22    5902.91    4685.88    2049.27    1967.15    2417.83    2594.61    3681.13    5744.22    6440.46    9739.32    8579.51    6245.90    5495.79    5243.26    5110.00    5138.62    3833.84    3629.15    3742.23    3421.61
 1    4109.00    2725.80    2725.80    2946.64    2946.64    8100.25    8100.25   11610.52   11610.52    7301.45    7301.45   14365.43   14365.43   16576.56   16576.56   22928.60   22928.60   15479.77   15479.77   11481.16   11481.16    5086.16    5086.16   10624.61   10624.61   11390.15   11390.15
 2     783.00     519.20     519.20     561.26     561.26    1542.90    1542.90    2211.53    2211.53    1390.75    1390.75    2736.27    2736.27    3157.44    3157.44    4367.35    4367.35    2948.53    2948.53    2186.89    2186.89     968.79     968.79    2023.74    2023.74    2169.55    2169.55
 3    3537.00    1033.74     926.54    1614.15    2584.41   22585.66   21008.44    2762.49    2878.13    3340.88    5001.69    5756.52    5884.36    7099.15    6658.48   24554.56   23971.68    4576.47    4722.80   17558.49   15041.07    2433.34    2373.44    5909.45    6300.57    3172.92    3300.80
 4    1379.00    2508.21    2913.50    3382.67    3792.97    3203.12    3190.32    3811.65    6261.28    6354.62    6668.39    7584.22    6988.64    6486.59    6444.30    5620.08    4874.86    3554.75    3319.18    2164.25    2246.91    3114.94    3294.53    3203.15    3081.71    4536.83    4521.97
 1    4109.00    9136.97    9136.97    9293.13    9293.13   19419.71   19419.71   13190.56   13190.56    9483.47    9483.47   17950.09   17950.09   21358.26   21358.26   13500.10   13500.10   13788.39   13788.39   32437.02   32437.02   17517.65   17517.65   30009.67   30009.67   28209.72   28209.72
 2     783.00    1740.38    1740.38    1770.12    1770.12    3698.99    3698.99    2512.49    2512.49    1806.38    1806.38    3419.06    3419.06    4068.24    4068.24    2571.45    2571.45    2626.36    2626.36    6178.48    6178.48    3336.70    3336.70    5716.13    5716.13    5373.28    5373.28
 3    3537.00     798.78     772.67    1110.46    1675.88    9119.37    8086.47    1239.39    1559.32    2072.52    2790.88   16276.89   16375.86    3365.36    3063.70   34239.75   29492.54    2188.67    2668.64   10138.03    8489.89    2400.97    3322.28    5589.58    6892.54    8197.71    6458.02
 4    1379.00    2114.04    2700.75    2709.91    2442.51    2677.27    2714.75    3414.34    3827.44    3676.46    4031.77    5049.53    5753.39    5408.84    3818.81    1448.96    2957.87    5269.58    4596.81    4455.74    5381.12    8537.92    8619.46    6972.77    5162.07    3801.17    3488.66
 1    4109.00    1112.50    1112.50    3120.81    3120.81   15274.18   15274.18   20396.84   20396.84   27166.99   27166.99   49041.76   49041.76   33815.17   33815.17    4481.40    4481.40    2307.69    2307.69    8397.31    8397.31   21938.99   21938.99   30048.48   30048.48   22228.67   22228.67
 2     783.00     211.90     211.90     594.44     594.44    2909.37    2909.37    3885.11    3885.11    5174.66    5174.66    9341.29    9341.29    6440.98    6440.98     853.60     853.60     439.56     439.56    1599.49    1599.49    4178.86    4178.86    5723.52    5723.52    4234.03    4234.03
 3    3537.00     834.83    1209.52    1599.60    2543.64   18273.87   17958.50    4785.97    4851.66    5662.46    4627.50    4459.86    4075.48    7235.75    4837.02     367.30     482.97     812.96    2087.53    3599.11    5327.79    6140.30    6953.15    7549.51    5338.82    3854.52    5119.94
 4    1379.00    2146.30    3750.13    5212.49    5987.04    6840.62    6414.95    6008.47    5553.73    5952.93    5061.05    3522.12    2754.99    1646.57    1355.26    1482.67    3552.78    5633.71    6697.85    7749.48    7285.66    5909.27    4953.00    5182.44    6803.05    6610.89    5496.15
 1    4109.00     477.71     477.71    3421.57    3421.57    5752.82    5752.82    9084.31    9084.31   13063.51   13063.51   15575.41   15575.41   17704.76   17704.76   12472.61   12472.61   27886.32   27886.32   25045.48   25045.48   18213.43   18213.43   26945.23   26945.23   38899.02   38899.02
 2     783.00      90.99      90.99     651.73     651.73    1095.78    1095.78    1730.34    1730.34    2488.29    2488.29    2966.74    2966.74    3372.34    3372.34    2375.74    2375.74    5311.68    5311.68    4770.57    4770.57    3469.22    3469.22    5132.42    5132.42    7409.34    7409.34
 3    3537.00     794.54     999.81    1744.73    1944.53   11435.88   12655.58    4031.51    4792.39   35064.48   36028.76    6975.98    6582.19    7994.34    6913.59    8366.52    8648.67    4844.55    5211.93    4832.62    4690.37    4848.47    5060.76    5199.84    4926.46    4197.75    3990.76
 4    1379.00    2057.12    2940.34    3432.53    3790.01    4609.93    5233.34    6713.05   10109.58   10245.96    7418.06    6732.20    5017.08    3941.18    5147.64    6450.46    6370.21    5716.64    5823.95    5609.60    5563.59    6481.97    6416.88    5127.59    4610.42    3892.68    3407.17
 1    4109.00    1688.15    1688.15    3470.08    3470.08   13537.52   13537.52   23314.83   23314.83   23135.57   23135.57   28892.10   28892.10   13147.13   13147.13   15776.84   15776.84   26583.02   26583.02   24346.94   24346.94   10020.78   10020.78   17126.80   17126.80   23135.11   23135.11
 2     783.00     321.55     321.55     660.97     660.97    2578.58    2578.58    4440.92    4440.92    4406.78    4406.78    5503.26    5503.26    2504.22    2504.22    3005.11    3005.11    5063.43    5063.43    4637.51    4637.51    1908.72    1908.72    3262.25    3262.25    4406.69    4406.69
 3    3537.00     733.53    1114.31    1539.21    2465.84    3941.64    4363.27    4956.20    4150.70    4539.85    4568.28    4018.49    3053.75    9139.09   10113.53    2641.05    2450.34    2675.83    2678.82    9194.77    8321.01    1776.55    1897.68    2858.05    3904.42    4598.31    5922.37
 4    1379.00    2222.10    3265.43    4787.42    5274.89    4669.33    4786.08    5822.00    5428.84    4811.18    3763.75    3404.54    3696.87    3589.96    3471.65    3733.65    3300.76    3377.85    3728.95    3123.06    3152.67    4335.97    6162.34    6526.25    8065.41    9622.88    8458.43
 1    4109.00    3933.47    3933.47    4745.66    4745.66   10942.01   10942.01   23985.65   23985.65   38260.99   38260.99   31620.21   31620.21   42683.72   42683.72   25077.82   25077.82   10711.93   10711.93    6104.87    6104.87    7087.08    7087.08    5233.07    5233.07    5792.09    5792.09
 2     783.00     749.23     749.23     903.94     903.94    2084.19    2084.19    4568.70    4568.70    7287.81    7287.81    6022.90    6022.90    8130.23    8130.23    4776.73    4776.73    2040.37    2040.37    1162.83    1162.83    1349.92    1349.92     996.78     996.78    1103.26    1103.26
 3    3537.00     705.94     854.18    1662.93    2167.47   11923.17   13408.12    3608.56    3709.02    3715.43    5117.83   17205.04   16393.66    5551.82    4741.69    3542.77    2701.96    9066.97    8383.76    1661.76    2014.44    8358.81    8665.48    1486.11    2029.80    2771.16    2972.99
 4    1379.00    2369.63    2729.07    3033.39    4051.23    4992.16    4684.36    5470.45    8942.96   10605.51    9362.53    7023.40    6615.38    5130.00    3637.28    3116.75    3023.56    2326.94    1965.39    1867.25    2040.36    1819.12    1990.75    3208.29    3291.03    3196.21    3527.88
 1    4109.00    2958.19    2958.19    4822.36    4822.36    8284.12    8284.12   10592.27   10592.27   24848.67   24848.67   40144.57   40144.57   26118.25   26118.25   21464.06   21464.06    9678.44    9678.44   17771.75   17771.75   24988.66   24988.66   35886.78   35886.78   44950.29   44950.29
 2     783.00     563.46     563.46     918.54     918.54    1577.93    1577.93    2017.58    2017.58    4733.08    4733.08    7646.58    7646.58    4974.90    4974.90    4088.39    4088.39    1843.51    1843.51    3385.10    3385.10    4759.74    4759.74    6835.58    6835.58    8561.96    8561.96
 3    3537.00     958.40    1037.29    1350.65    2026.84    4745.99    5212.34    3556.58    3464.38    5059.93    5348.30    5145.64    4441.11   17952.47   18727.50    1816.42    2116.07   12084.38   13084.78    3698.81    3928.81    3828.81    3267.50    4883.98    5124.45    5716.24    4481.49
 4    1379.00    2163.75    3008.54    2829.01    3386.32    3975.94    5213.84    5941.75    5734.06    6535.92    5650.61    4561.43    3750.19    3498.45    3502.02    4101.76    4453.24    4733.68    4533.78    4301.05    5445.37    6265.94    7641.24    8419.12    7266.08    5579.91    5247.03
 1    4109.00    1737.12    1737.12    4487.41    4487.41   18443.04   18443.04   27561.54   27561.54   20684.20   20684.20   12693.45   12693.45   20220.35   20220.35   20858.84   20858.84    9273.73    9273.73    9074.60    9074.60   15167.46   15167.46   10413.94   10413.94   16540.52   16540.52
 2     783.00     330.88     330.88     854.74     854.74    3512.96    3512.96    5249.82    5249.82    3939.85    3939.85    2417.80    2417.80    3851.50    3851.50    3973.11    3973.11    1766.42    1766.42    1728.50    1728.50    2889.04    2889.04    1983.61    1983.61    3150.58    3150.58
 3    3537.00     777.87     857.20    1475.71    2323.05    7986.29    8603.04    3028.03    3607.34   17403.40   15547.42    1424.43    2484.29   19277.76   18390.79    4176.83    3909.31    3514.17    3768.83   12936.36   13030.84    3529.96    3109.86    3016.60    3095.34   20164.66   17295.43
 4    1379.00    2386.38    3010.95    3815.55    4487.89    4656.89    4143.66    3200.80    3419.73    2314.07    3426.54    6567.14    6744.29    5597.32    4133.73    4048.69    4270.71    3842.76    3844.39    3682.45    3575.91    3626.39    3846.03    3977.18    3102.54    2543.29    2871.91
 1    4109.00    2170.94    2170.94    7174.40    7174.40   10365.89   10365.89   31736.63   31736.63   36164.44   36164.44   19150.36   19150.36   11706.16   11706.16   11312.07   11312.07    7823.05    7823.05    6094.24    6094.24    4878.72    4878.72    4821.89    4821.89   16654.64   16654.64
 2     783.00     413.51     413.51    1366.55    1366.55    1974.46    1974.46    6045.07    6045.07    6888.46    6888.46    3647.69    3647.69    2229.74    2229.74    2154.68    2154.68    1490.10    1490.10    1160.81    1160.81     929.28     929.28     918.46     918.46    3172.31    3172.31
 3    3537.00     514.97     941.32    1232.83    1895.48   12156.92   13123.26    3258.57    5611.89    6066.03    4841.44   27851.19   29971.81    2914.63    2471.76   20000.25   18648.96    2047.68    1979.08    8392.26    8050.47    2146.97    2513.43    2894.40    3627.27    4624.25    4209.05
 4    1379.00    1920.13    2993.39    3592.92    3548.61    4866.44    7658.22    8702.20    7660.55    5186.24    3958.65    2006.34    1643.18    3034.79    2705.52    2434.75    2320.41    2357.59    2519.27    2125.16    1935.16    2830.67    5193.35    5422.37    4995.72    4309.54    4368.67
 1    4109.00    3595.28    3595.28    7217.36    7217.36   13355.50   13355.50   12115.49   12115.49    7336.10    7336.10   12640.32   12640.32   14084.53   14084.53   11055.20   11055.20    5842.91    5842.91   13940.39   13940.39   19860.46   19860.46   16829.74   16829.74   22169.99   22169.99
 2     783.00     684.82     684.82    1374.74    1374.74    2543.90    2543.90    2307.71    2307.71    1397.35    1397.35    2407.68    2407.68    2682.77    2682.77    2105.75    2105.75    1112.94    1112.94    2655.31    2655.31    3782.94    3782.94    3205.66    3205.66    4222.86    4222.86
 3    3537.00     586.43     932.41    1376.77    1895.18   14864.22   13205.06    1948.34    2129.43    4014.66    4117.07    3248.44    3797.42   21141.80   18173.49    3938.79    2790.73   14192.15   15880.53    3190.18    3577.63   16505.86   15160.95    3831.34    3581.34    4186.59    4210.67
 4    1379.00    2110.12    2954.46    3075.43    3132.36    2775.83    2134.59    2353.89    3253.19    4945.34    4815.08    4349.06    4671.59    3116.27    2367.34    3191.89    3249.68    3702.54    5992.10    5791.23    5688.41    4521.00    4460.27    5084.16    4633.15    3629.93    2771.03
