2019 2020 2021 2022 2023 2024 2025 2026 2027 2028 2029 2030 2031 2032 2033 2034 2035 2036 2037 2038 2039 2040 2041 2042 2043 2044 2045
 0.3700447  0.2214647  0.1958685  0.4959763  0.5204362  0.2071596  0.1756832  0.5691604  0.9409792        NaN        NaN        NaN        NaN        NaN        NaN        NaN        NaN        NaN        NaN  2.3355327  6.7978846        NaN        NaN        NaN  0.2515160  0.2456076  0.2348413
 0.3581629  0.2404763  0.2349167  0.8598940  2.4636315        NaN        NaN        NaN        NaN        NaN        NaN        NaN        NaN        NaN        NaN        NaN  0.0771945  0.0913017  0.0895696  0.9733867  1.4777350        NaN        NaN        NaN        NaN  4.0382682        NaN
 0.3469262  0.3537331  0.3729515  0.6266174  0.7066715  0.5942194  0.8335780  0.3513841  0.3060853  0.2248597  0.2276519  0.3109664  0.2946310  0.1714658  0.1606442  0.2957531  0.3046698  0.2992295  0.2987068  0.2527381  0.2620580  0.4429172  0.5694911  0.2846839  0.2160620  0.2029843  0.1947201
 0.3481117  0.1461418  0.1332332  0.4049950  0.4538249  0.2938976  0.3436391  0.1743474  0.1665127  0.1110932  0.1044579  0.1294627  0.1225352  0.2102897  0.2151022  0.1834521  0.1960815  0.4115153  0.4654442  0.2664626  0.2591795  0.4359132  0.4164878  0.5129294  0.7475141  0.7577881  1.0676768
 0.3492800  0.2043267  0.1909751  0.3842847  0.4421481  0.3477014  0.3553298  1.0221359  1.4343813  1.7886700        NaN        NaN        NaN  0.0913276  0.0885843  0.2559157  0.2631337  0.3620536  0.3918454  0.2179553  0.1997101  0.3701239  0.4621830  0.6891379  1.3194805  0.4349934  0.3025032
 0.3398981  0.3468691  0.3467024  0.8461551  1.7843782        NaN        NaN  2.6808519        NaN  2.2682755  4.1328968        NaN        NaN        NaN        NaN        NaN        NaN        NaN        NaN        NaN  5.1312141        NaN  2.9953882        NaN        NaN  5.1448762        NaN
 0.3830502  0.4238095  0.4165536  0.3563504  0.3867391  0.3935157  0.5259328  0.6274379  0.9726172  1.5236101        NaN  2.2858655  0.9615592  0.5770922  0.4895413  0.8117091  1.1218696  1.3266820  1.1205982  0.0847980  0.0860703  0.1350714  0.1264455  0.5474298  0.5305330  0.6324696  1.1234041
 0.3706689  0.1185299  0.1009506  0.1101932  0.1202100  0.2818086  0.3335911  0.4633467  0.4563082  0.3326529  0.2956132  0.3737688  0.4519086  0.3410996  0.4188697  0.2959849  0.2098069  0.2621208  0.2160568  1.0562198  2.2385586        NaN        NaN  2.7859787        NaN        NaN  0.0785012
 0.3644012  0.4383199  0.4369935  1.2585369        NaN        NaN        NaN  2.7745673  0.0578743  0.1351912  0.1168750  0.3799236  0.3989020  0.4572698  0.6308378  0.7729050  1.7408290        NaN        NaN        NaN        NaN  1.8385255  1.4569466  0.0851076  0.0564488  0.1452707  0.1370742
 0.3855958  0.3211251  0.3329096  0.8353461  1.1341237  1.6740683        NaN        NaN        NaN        NaN        NaN        NaN        NaN  2.5007251        NaN  0.1229595  0.0984137  0.2227419  0.2223668  0.2674323  0.3351579  0.5737970  0.8560655  0.4624099  0.4153720  0.2877528  0.2727855
 0.3454323  0.1878146  0.1788598  0.4355232  0.4739523  0.2983128  0.3077631  0.2395428  0.2538634  0.2542692  0.2695163  0.2310960  0.1853254  0.4199660  0.4130664  0.2655303  0.2650534  0.6254106  0.6985399  0.6839608  0.9744840  2.1336560        NaN        NaN        NaN        NaN        NaN
 0.3874715  0.2733675  0.2725937  0.7545377  1.2491371        NaN        NaN        NaN        NaN        NaN  3.0166813  0.0888640  0.0768938  0.1837943  0.1743574  0.7419666  0.8771754  1.6994312        NaN        NaN  0.3125233  0.1458375  0.1435109  0.4258194  0.3690359  0.2905743  0.2950994
 0.4074468  0.3555025  0.3680300  0.6227753  0.9213599  0.1818084  0.1540236  0.1048688  0.1119113  0.2093396  0.2502103  0.3543195  0.4036766  0.4318446  0.5159422  0.3015331  0.3022156  0.3190367  0.1927232  0.1488407  0.1440370  0.2058233  0.2222039  0.4480360  0.5337012  0.3379327  0.2331911
 0.3874858  0.2976369  0.2932446  1.0427050        NaN        NaN        NaN        NaN        NaN        NaN        NaN  0.6053941  0.4230000  0.5648893  0.6587574  0.6661590  0.9767078  0.1354548  0.1185704  0.1602535  0.1387504  0.2980714  0.3804275  0.3713736  0.4925869  0.3744852  0.4393614
 0.4330903  0.3027792  0.3007393  0.4389153  0.4868056  0.3924989  0.4432597  0.4717499  0.7288749  1.3599190  6.4186659  0.0711979  0.0583704  0.1814456  0.1852708  0.1881583  0.2202189  0.3216641  0.3892985  0.4005507  0.3896239  0.2612095  0.2709821  0.2039560  0.1875874  0.1650953  0.1475525
 0.3942923  0.2642523  0.2479791  0.3586508  0.3990889  0.4224284  0.4599937  1.0188736  1.2803202  0.4064794  0.3054566  0.2305104  0.2238037  0.5375990  0.6368000  0.2861340  0.1922621  0.1448095  0.1240275  0.4846330  0.7165326  3.1525316        NaN        NaN  0.2994822  0.1662301  0.1361855
 0.3817389  0.5199402  0.5498368  0.2857102  0.2911175  0.6317917  0.8195401  0.9492372  1.8049804  2.6007980  2.6501666  3.5052212        NaN  0.0795514  0.0620128  0.3286646  0.3259982  0.3448752  0.3631241  0.4622005  0.5125102  0.8054095  1.7279610  1.5930513        NaN  0.9768070  0.6389878
 0.3184712  0.2128431  0.2033074  0.6317892  0.7776950  0.2945388  0.2762577  0.3010341  0.3555311  0.3790461  0.4367351  0.2908385  0.2826931  0.3663641  0.4486255  0.2007943  0.1736022  0.2133558  0.2540640  0.2343374  0.1801165  0.1479234  0.1447603  0.2055611  0.3890369  0.2408105  0.2150258
 0.3667083  0.2541750  0.2393540  0.6748299  1.4245051  1.1088699  1.5541607  0.7166475  0.6856350  0.4568928  0.3428638  0.2607032  0.2480592  0.3342039  0.3206811  0.2466404  0.2201948  0.2532068  0.2587448  0.2043902  0.1977984  0.2592123  0.3150715  0.2671542  0.2373055  0.2199181  0.1359314
 0.3677299  0.2830880  0.2706648  0.8433696  1.1751810  1.2635066  3.6217481        NaN        NaN  1.4247853  0.0507955  0.1411764  0.1318665  0.3090448  0.3110890  0.3893709  0.4356031  1.1303613        NaN        NaN        NaN        NaN        NaN        NaN        NaN        NaN  4.2069651
 0.3255887  0.2038964  0.2034825  0.2908220  0.3485824  0.1720859  0.1831951  0.2323917  0.2404513  0.1227458  0.1234435  0.2968637  0.3080093  0.2345964  0.2440052  0.3576730  0.4764493  0.5999709  0.9815773  0.6726763  0.5671848  0.1375017  0.1168162  0.2158418  0.2307417  0.2299580  0.1887594
 0.3397852  0.2161903  0.2128356  0.3821036  0.4474127  0.1994596  0.2023119  0.3369015  0.4191195  0.1443926  0.1153296  0.1675255  0.1553119  0.2649955  0.3120486  0.3610800  0.4568358  0.3723233  0.3792974  0.3543648  0.3237914  0.2118980  0.1767464  0.1457041  0.1489281  0.1515166  0.1581883
 0.3834312  0.2315669  0.2213965  1.0766393  1.7761918  2.7453721        NaN  0.6512906  0.4986486  0.6733242  0.5188499  1.8992592        NaN        NaN  0.5116344  0.3150455  0.2651223  0.3127441  0.3060984  0.3278456  0.3768370  0.2970052  0.2999297  0.4412843  0.4818865  0.5487730  0.7168017
 0.3568089  0.2351637  0.2266220  0.2170922  0.2534464  0.2705920  0.2582434  0.2078305  0.2114528  0.2134205  0.2289074  0.3088152  0.3566933  0.2715954  0.2180466  0.1589462  0.1555655  0.1595126  0.1212349  0.2638677  0.2828614  0.6017047  0.8303102  0.9319354        NaN        NaN        NaN
 0.3219950  0.2092899  0.1949651  0.6610020  0.7770545  0.3817511  0.4109160  0.4300451  0.5596933  0.2650837  0.2353187  0.1357041  0.1118947  0.1699417  0.1882508  0.3207631  0.2953048  0.2451446  0.2557986  0.2881770  0.5637567  0.3675928  0.2229567  0.3346626  0.3303258  0.3246778  0.4117944
 0.3351417  0.1791571  0.1766111  0.4002970  0.5221340  1.1124167        NaN        NaN        NaN        NaN        NaN  0.1013396  0.0696404  0.1508206  0.1432362  0.1166662  0.1170728  0.1822583  0.2062824  0.2542271  0.2950571  0.3072215  0.3144761  0.3188016  0.3720051  0.2636778  0.2640022
 0.3404215  0.1908783  0.1832296  0.5157454  0.6356354  0.3275849  0.3556974  0.1613293  0.1577115  0.1849526  0.1868766  0.1576477  0.1350258  0.1481355  0.1682045  0.2301160  0.2491589  0.2453867  0.2678760  0.2649639  0.2696294  0.1592597  0.1560989  0.1867501  0.1431968  0.1713093  0.1482014
 0.3831411  0.2411589  0.2407704  0.3685616  0.3903709  0.2442070  0.2180585  0.1997006  0.2314014  0.2216427  0.2429018  0.3002245  0.3254903  0.2462645  0.2615314  0.3550639  0.4561394  0.4424716  0.2937333  0.1406408  0.1059968  0.1181920  0.1149465  0.4241236  0.5471799  1.0288218        NaN
 0.3449323  0.2163247  0.1991964  0.6100054  0.8296376  0.9947464  2.3958039  4.0080347  1.6567976  0.0844111  0.0803282  0.1866117  0.1907832  0.2355082  0.2438638  0.1938298  0.1856617  0.4193977  0.4018685  0.2158112  0.2033310  0.6794248  0.7303672  0.2582383  0.2785475  0.1227651  0.1098483
 0.3105468  0.2470723  0.2319070  0.2270367  0.2703296  0.4284126  0.6781483  0.5282693  0.5535407  0.2354284  0.1071461  0.1604149  0.1644430  0.3349492  0.4213117  0.4036022  0.4116176  0.1231563  0.1065687  0.2473892  0.2613863  0.6245841  0.8820245  0.4918721  0.9117150  0.3210670  0.2187055
 0.3946093  0.2695814  0.2730394  0.8324109  2.1506736        NaN        NaN  0.6434040  0.4632680  0.5926735  0.8055387  0.7466050  0.8830790  0.9861302  0.7976291  0.1874614  0.1665846  0.1799459  0.1715019  0.5853288  0.7915636  0.4113015  0.4071335  0.2089394  0.2103752  0.1672817  0.1588484
 0.3114949  0.2760839  0.2837754  0.5890286  0.6786698  1.0077673  2.8348350        NaN        NaN  0.0631561  0.0680134  0.1327444  0.1066122  0.1431026  0.1459132  0.2906014  0.3168256  0.3193475  0.4227747  0.5112159  0.7544741  0.8642723  0.8348111  0.9249249  1.2347918  1.4115531  0.8220204
 0.3588675  0.7375839  0.9932637  0.8516713  1.7055586  1.6208659        NaN  0.6864958  0.3599098  0.2846640  0.2488445  0.3123088  0.3194524  0.2597628  0.2443024  0.2037412  0.2134674  0.2248267  0.2004702  0.4226194  1.0341570  0.3564529  0.2052949  0.2073522  0.2247297  0.2639581  0.3330517
 0.3602931  0.1573393  0.1515644  0.3405080  0.3312769  0.2373961  0.2508960  0.3661711  0.3800413  0.2979182  0.3055140  0.5327599  0.8397470  1.1259158        NaN  1.3464497  0.5605668  0.0823909  0.0612139  0.1075639  0.1088345  0.4125834  0.5150574  0.8986311  0.4907308  0.1778475  0.1737134
 0.4004679  0.1109383  0.0960591  0.2847989  0.3037890  0.2185023  0.1901564  0.1530704  0.1449987  0.1328665  0.1193910  0.2325168  0.2671829  0.3831181  0.5678611  0.3036015  0.2887250  0.2579698  0.2502943  0.3467148  0.3590820  0.2080367  0.1915175  0.3554182  0.3848362  0.6334214  0.9836101
 0.3703705  0.1926394  0.1837129  0.3775752  0.3912585  0.2450915  0.2646446  0.4521188  0.4889945  0.4907722  0.6057960  0.9195057  1.7513699  1.1234454  0.9868802  0.8956671  0.7850601  1.2071175  1.7428684  1.3925927  1.7844895  1.3952626  0.1237661  0.1786579  0.1456936  0.1926665  0.1612256
 0.3258980  0.4379120  0.4840566  0.6031393  0.7146710  0.3055415  0.2625898  0.5525283  0.5756462  0.3267537  0.2455369  0.4442702  0.4504964  0.7005625  1.2553980  2.4441095        NaN        NaN        NaN        NaN        NaN        NaN        NaN  2.6983987        NaN        NaN        NaN
 0.3571923  0.3148360  0.3222384  0.7930157  1.7497412        NaN        NaN        NaN  0.0889460  0.1551536  0.1410585  0.3163099  0.3637983  0.3644265  0.3435730  0.6341597  0.7491841  0.1955505  0.1624896  0.2159061  0.2281829  0.4675738  0.4763971  0.3313121  0.3041740  0.6155441  0.8252794
 0.3827605  0.2246844  0.2031190  0.3680380  0.3968603  0.3463369  0.3918299  0.4253302  0.5428852  0.4099538  0.4376192  0.2391072  0.1561226  0.2229763  0.2378921  0.4706717  0.6278696  0.5677169  0.7092601  0.7914223  0.8583820  1.0586291  1.3755299  1.4040460  1.3803013  2.1106144        NaN
 0.4425226  0.3272758  0.3273017  0.7982797  1.1330807  1.3562836  0.3136219  0.2241845  0.1874945  0.2826759  0.4622324  0.4598878  0.5131527  0.4562713  0.5768898  0.7350640  0.9838336  1.0475054  1.4931793  1.8629472  3.2205762        NaN  1.7161767  0.0687611  0.0709794  0.1683843  0.1749201
 0.4173530  0.3647339  0.3585714  0.7095472  1.1977944  2.1965674        NaN        NaN        NaN  2.8764260  1.4995826  1.3356867  1.7670878  1.6204974  2.3045244        NaN        NaN        NaN  3.4011918  0.0945112  0.0879992  0.1773188  0.1719606  0.2377574  0.2268607  0.3219750  0.4044123
 0.3579241  0.3905507  0.3992539  0.8437040  2.2910978        NaN        NaN        NaN        NaN        NaN        NaN        NaN        NaN        NaN        NaN        NaN  0.3045323  0.1878666  0.1732626  0.3215217  0.3155874  0.2164849  0.2163135  0.3399688  0.3625490  0.1906567  0.1762808
 0.2962493  0.3657621  0.3821938  0.9929966  1.8854174  0.5296346  0.4133846  0.1604229  0.1657992  0.1274016  0.1200393  0.1802054  0.1899642  0.1111756  0.1081635  0.2246142  0.2485746  0.3409297  0.4189133  0.3947600  0.3914187  0.3258858  0.3186676  0.2295014  0.1950541  0.1098634  0.0918283
 0.3871243  0.2766409  0.2781634  0.3150901  0.2902242  0.3280402  0.2539299  0.3955161  0.3530250  0.1916415  0.1858387  0.4950646  0.5317689  0.3056792  0.3320044  0.4144776  0.4261134  0.2185177  0.1640695  0.3078025  0.3173799  0.2246358  0.2386748  0.4806273  0.7407383  1.7324853        NaN
 0.3871017  0.4305603  0.4421079  0.9849391        NaN  3.1319829        NaN  0.5425962  0.3548456  0.3201648  0.2762484  0.3314934  0.3927989  0.3837622  0.1629867  0.1945387  0.1769269  0.3109354  0.4869875  0.5003729  0.2875454  0.2597826  0.2704341  0.7187677  1.0384501  1.3109639        NaN
