FL 2019 2020 2021 2022 2023 2024 2025 2026 2027 2028 2029 2030 2031 2032 2033 2034 2035 2036 2037 2038 2039 2040 2041 2042 2043 2044 2045
 1    4109.00    3843.84    3843.84    4140.44    4140.44    4552.09    4552.09    7102.33    7102.33    5885.42    5885.42     454.61     454.61     641.72     641.72     387.62     387.62     533.61     533.61      40.19      40.19     431.05     431.05     788.17     788.17    2498.96    2498.96
 2     783.00     732.16     732.16     788.66     788.66     867.06     867.06    1352.82    1352.82    1121.03    1121.03      86.59      86.59     122.23     122.23      73.83      73.83     101.64     101.64       7.66       7.66      82.10      82.10     150.13     150.13     475.99     475.99
 3    3537.00     838.15     780.38    7274.40    5918.38     579.31     984.05   11910.12   11910.12   11910.12    6092.80    3141.17    5280.86    4466.94    2635.53    3094.35    4607.31    3855.58    1986.28    3098.36    6499.70    8457.00    7996.38    6476.15    1366.66     305.87     305.87
 4    1379.00    1276.16     872.05    1014.66    1547.23    1956.32    1337.66     485.28     485.28     485.28     485.28     485.28     485.28     485.28     485.28     485.28     485.28     485.28     485.28     485.28     485.28     485.28     485.28     485.28     663.67     812.65     812.65
 1    4109.00    4466.15    4466.15    6384.38    6384.38    3155.92    3155.92     686.99     686.99     500.81     500.81     376.53     376.53     292.91     292.91     245.32     245.32     820.97     820.97    8215.28    8215.28    4656.50    4656.50     779.39     779.39      85.93      85.93
 2     783.00     850.70     850.70    1216.07    1216.07     601.13     601.13     130.86     130.86      95.39      95.39      71.72      71.72      55.79      55.79      46.73      46.73     156.38     156.38    1564.82    1564.82     886.95     886.95     148.46     148.46      16.37      16.37
 3    3537.00     920.38    1085.83   11588.20   11588.20    8828.53    6696.81    6006.05    5655.81    7671.25    8193.18    6085.00    6550.31    6022.84    6134.31    6770.89      59.39     200.09     600.12   10987.19    6754.26    6754.26    6641.79    2344.84    1850.14    2462.01    4002.67
 4    1379.00    1189.04    1015.13     324.24     324.24     324.24     324.24     324.24     324.24     324.24     324.24     324.24     324.24     324.24     324.24     324.24     952.86    1025.56     982.98     404.21     303.39     303.39     303.39     303.39     303.39     303.39     303.39
 1    4109.00    6493.41    6493.41    5038.11    5038.11    7153.15    7153.15    2583.04    2583.04    1871.56    1871.56    2709.17    2709.17    1447.45    1447.45    3546.77    3546.77    3540.31    3540.31    2959.57    2959.57    4489.25    4489.25    2080.39    2080.39    2650.49    2650.49
 2     783.00    1236.84    1236.84     959.64     959.64    1362.50    1362.50     492.01     492.01     356.49     356.49     516.03     516.03     275.70     275.70     675.58     675.58     674.34     674.34     563.73     563.73     855.10     855.10     396.26     396.26     504.86     504.86
 3    3537.00    1754.68    1954.66    7531.57    6535.20     394.73     394.73     394.73     394.73     394.73     394.73     394.73     394.73     394.73     394.73     394.73     394.73     394.73     394.73     394.73     394.73     394.73     394.73     394.73     412.91     434.28     434.28
 4    1379.00    1167.37    1019.46     777.49     560.09     564.35     564.35     564.35     564.35     564.35     564.35     564.35     564.35     564.35     564.35     564.35     564.35     564.35     564.35     564.35     564.35     564.35     564.35     564.35     831.08     782.10     782.10
 1    4109.00    2510.05    2510.05    6118.27    6118.27    4272.11    4272.11    1661.81    1661.81    1331.48    1331.48    2159.85    2159.85    2661.58    2661.58    3530.14    3530.14    5206.28    5206.28    3702.93    3702.93    4997.92    4997.92    4958.18    4958.18    2505.89    2505.89
 2     783.00     478.10     478.10    1165.38    1165.38     813.74     813.74     316.54     316.54     253.62     253.62     411.40     411.40     506.97     506.97     672.41     672.41     991.67     991.67     705.32     705.32     951.98     951.98     944.42     944.42     477.31     477.31
 3    3537.00     697.84     749.82    5024.89    3826.34     631.73     631.73     476.85     535.25     574.60     849.68    1023.86    1191.82    4557.56    4117.57    1110.86     919.72    4423.39    3538.53     484.36     567.22    3974.12    3482.10    3482.10    3482.10    3482.10    3482.10
 4    1379.00    1189.96    1054.50     861.33     624.28     626.01     626.01     692.55    1074.67    1067.89    1097.30    1193.71    1184.87     832.67     717.10     788.78     876.63     746.86     648.31     758.47    1025.55     900.25     616.68     616.68     616.68     616.68     616.68
 1    4109.00    3921.92    3921.92    4481.40    4481.40    6237.46    6237.46    9537.99    9537.99    7562.94    7562.94    1105.10    1105.10     427.35     427.35    3373.52    3373.52    4195.42    4195.42    2525.29    2525.29    4932.77    4932.77    5226.14    5226.14     942.48     942.48
 2     783.00     747.03     747.03     853.60     853.60    1188.09    1188.09    1816.76    1816.76    1440.56    1440.56     210.50     210.50      81.40      81.40     642.58     642.58     799.13     799.13     481.01     481.01     939.58     939.58     995.46     995.46     179.52     179.52
 3    3537.00     756.73     784.78    5212.14    5023.26     661.26     643.81    6952.55    4540.66    4540.66    4540.66    2901.62    2892.28      78.48     321.95     321.95     321.95     321.95     321.95     498.54     498.54     498.54     498.54     498.54     498.54     498.54     498.54
 4    1379.00    1086.57     908.38     841.55     889.38    1002.51    1019.53     844.10     768.25     768.25     768.25     768.25     768.25     638.95     750.79     750.79     750.79     750.79     750.79     735.80     735.80     735.80     735.80     735.80     735.80     735.80     735.80
 1    4109.00    6447.21    6447.21    7268.65    7268.65    4379.30    4379.30     348.81     348.81     941.09     941.09     517.90     517.90     263.34     263.34     635.71     635.71     290.60     290.60     139.99     139.99     409.33     409.33    1657.19    1657.19     186.19     186.19
 2     783.00    1228.04    1228.04    1384.50    1384.50     834.15     834.15      66.44      66.44     179.26     179.26      98.65      98.65      50.16      50.16     121.09     121.09      55.35      55.35      26.66      26.66      77.97      77.97     315.66     315.66      35.46      35.46
 3    3537.00    1534.96    1391.70    8572.83    8572.83    8572.83    3802.42    2817.03    7258.86    8572.83    8572.83    5821.34    3613.79    4781.55    5785.24    6072.98    4444.33    2476.22    2692.66    3644.27    3837.80    6114.15    8572.83    8572.83    4232.70    5498.58    8572.83
 4    1379.00    1334.80    1052.66     449.94     449.94     449.94     449.94     449.94     449.94     449.94     449.94     449.94     449.94     449.94     449.94     449.94     449.94     449.94     449.94     449.94     449.94     449.94     449.94     449.94     449.94     449.94     449.94
 1    4109.00    6966.04    6966.04    3541.69    3541.69    2554.40    2554.40    1512.13    1512.13     808.50     808.50     283.21     283.21     375.61     375.61    2112.73    2112.73     916.61     916.61     553.48     553.48    2056.82    2056.82    5636.40    5636.40    3598.06    3598.06
 2     783.00    1326.86    1326.86     674.61     674.61     486.55     486.55     288.02     288.02     154.00     154.00      53.94      53.94      71.54      71.54     402.42     402.42     174.59     174.59     105.42     105.42     391.78     391.78    1073.60    1073.60     685.34     685.34
 3    3537.00    1961.98    1672.02    3452.65    3452.65    3452.65    3452.65    3452.65    3452.65    3452.65    3452.65    2567.21    3452.65    3452.65    3452.65    3452.65    3452.65    3452.65    3452.65     141.29     506.07     764.37    1150.32   12507.39    7835.56    7835.56    7835.56
 4    1379.00    1307.32     970.89     803.08     803.08     803.08     803.08     803.08     803.08     803.08     803.08     803.08     803.08     803.08     803.08     803.08     803.08     803.08     803.08    1019.77    1308.58    1419.92    1406.33     762.39     486.82     486.82     486.82
 1    4109.00    1392.47    1392.47    1629.01    1629.01    3347.65    3347.65    7182.25    7182.25    3769.00    3769.00    7671.05    7671.05    4144.14    4144.14    2074.38    2074.38    5063.06    5063.06   12406.55   12406.55    6446.29    4756.44     194.96     194.96     327.56     327.56
 2     783.00     265.23     265.23     310.29     310.29     637.65     637.65    1368.05    1368.05     717.90     717.90    1461.15    1461.15     789.36     789.36     395.12     395.12     964.39     964.39    2363.15    2363.15    1227.86    1227.86      37.14      37.14      62.39      62.39
 3    3537.00     777.90     748.44     748.44     748.44    3022.67    2563.75     608.72     670.77    2949.05    3033.02     669.77     669.77     669.77     669.77     669.77     360.62     472.61     693.12   11756.70    9913.57    9913.57    4133.74    1908.73    3965.77    5578.41     105.54
 4    1379.00    1131.86     901.99     901.99     901.99     559.93     834.02    1069.00    1197.41    1177.37     965.98     760.35     760.35     760.35     760.35     760.35    1362.87    1519.52    1214.39     679.86     460.51     460.51     460.51     460.51     460.51     460.51     904.82
 1    4109.00    6888.42    6888.42    8017.09    8017.09    2980.82    2980.82     159.85     159.85    1882.65    1882.65    4779.85    4779.85    4143.68    4143.68    2091.01    2091.01     549.78     549.78     291.52     291.52     254.10     254.10     442.13     442.13    4485.10    4485.10
 2     783.00    1312.08    1312.08    1527.06    1527.06     567.78     567.78      30.45      30.45     358.60     358.60     910.45     910.45     789.27     789.27     398.29     398.29     104.72     104.72      55.53      55.53      48.40      48.40      84.22      84.22     854.30     854.30
 3    3537.00    2741.65    2149.94    9790.06    9790.06    4827.83    4027.55    4062.04      67.60     237.80     570.32    5920.27    4742.11    4742.11    4742.11    4742.11    4742.11    4742.11    4742.11    4742.11    4424.99    4742.11    4742.11      97.95     311.58    1241.27    1817.71
 4    1379.00    1183.35     981.12     316.82     316.82     316.82     316.82     316.82    1041.98    1216.41    1103.58     741.85     644.74     644.74     644.74     644.74     644.74     644.74     644.74     644.74     644.74     644.74     644.74    1959.29    2234.08    2135.43    1662.60
 1    4109.00    6048.97    6048.97    4769.69    4769.69    2465.23    2465.23     577.96     577.96     187.11     187.11     322.48     322.48     268.42     268.42     674.98     674.98    3653.50    3653.50    3939.47    3939.47    5371.21    5371.21    1665.05    1665.05    1319.93    1319.93
 2     783.00    1152.18    1152.18     908.51     908.51     469.57     469.57     110.09     110.09      35.64      35.64      61.42      61.42      51.13      51.13     128.57     128.57     695.90     695.90     750.38     750.38    1023.09    1023.09     317.15     317.15     251.42     251.42
 3    3537.00     726.24    1014.92   10776.34   10776.34   10776.34    9051.52    2290.87    3016.42    3068.38    4178.79    5199.11    4115.01    3109.11    6706.42     223.33     477.05     588.19     588.19     588.19     588.19     588.19     588.19     588.19     588.19     588.19     588.19
 4    1379.00    1113.54    1039.09     784.70     784.70     784.70     784.70     784.70     784.70     784.70     784.70     784.70     784.70     784.70     784.70     866.92     975.49     982.49     982.49     982.49     982.49     982.49     982.49     982.49     982.49     982.49     982.49
 1    4109.00    3446.06    3446.06    3821.66    3821.66    4102.10    4102.10    3142.06    3142.06    2653.73    2653.73    2555.32    2555.32    5319.01    5319.01    4877.33    4877.33    4859.78    4859.78    2459.69    2459.69    2592.74    2592.74     691.15     691.15     499.42     499.42
 2     783.00     656.39     656.39     727.94     727.94     781.35     781.35     598.49     598.49     505.47     505.47     486.73     486.73    1013.14    1013.14     929.02     929.02     925.67     925.67     468.51     468.51     493.86     493.86     131.65     131.65      95.13      95.13
 3    3537.00     833.93     966.70    7834.89    6195.31     720.59     552.77     552.77     552.77     552.77     552.77     360.91     487.99    3729.70    3589.36     728.88     823.44    7653.61    6304.39    6304.39    6304.39    6304.39    6304.39    5110.06    4279.92    2946.84    3154.46
 4    1379.00    1154.63    1013.35     558.14     490.07     730.26     790.82     790.82     790.82     790.82     790.82     856.79    1085.61    1000.96     977.94    1024.91     868.14     727.65     578.68     578.68     578.68     578.68     578.68     578.68     578.68     578.68     578.68
 1    4109.00    4743.35    4743.35    5522.29    5522.29    4235.62    4235.62     583.04     583.04     231.00     231.00     453.22     453.22    3513.51    3513.51    6458.76    6458.76    4829.75    4829.75     954.03     954.03    1222.45    1222.45    4139.98    4139.98    7105.56    7105.56
 2     783.00     903.50     903.50    1051.86    1051.86     806.78     806.78     111.06     111.06      44.00      44.00      86.33      86.33     669.24     669.24    1230.24    1230.24     919.95     919.95     181.72     181.72     232.85     232.85     788.57     788.57    1353.44    1353.44
 3    3537.00     902.72    1242.64    9634.62    9634.62    9634.62    5433.36    1634.36    1919.35    3477.85    4221.84      56.85     333.43     532.10     900.48   12474.09    7274.23    7274.23    7274.23    6889.97    1390.73     256.82     516.97    3604.10    4811.05     715.43    1272.00
 4    1379.00    1244.20    1028.52     515.07     515.07     515.07     515.07     515.07     515.07     515.07     515.07     855.60    1170.11    1146.43    1010.47     289.24     245.20     245.20     245.20     245.20     676.92     721.15     959.95    1429.12    1538.83    1293.50    1411.20
 1    4109.00    5658.58    5658.58    3340.26    3340.26    1838.76    1838.76     980.83     980.83    2335.41    2335.41    3101.41    3101.41    2948.02    2948.02    1216.45    1216.45    1776.39    1776.39    1654.88    1654.88    2583.04    2583.04    5025.64    5025.64    3906.67    3906.67
 2     783.00    1077.82    1077.82     636.24     636.24     350.24     350.24     186.82     186.82     444.84     444.84     590.74     590.74     561.53     561.53     231.70     231.70     338.36     338.36     315.22     315.22     492.01     492.01     957.26     957.26     744.13     744.13
 3    3537.00    1411.85    1565.87    7759.05    7339.70     326.97     326.97     326.97     326.97     326.97     326.97     326.97     326.97     326.97     326.97     326.97     326.97     326.97     198.54     198.54     198.54     198.54     198.54     198.54     284.57     273.56     585.36
 4    1379.00     946.76     817.16     376.95     666.11     766.64     766.64     766.64     766.64     766.64     766.64     766.64     766.64     766.64     766.64     766.64     766.64     766.64     631.37     631.37     631.37     631.37     631.37     631.37     753.96    1219.21    1141.64
 1    4109.00    5649.34    5649.34    9456.22    9456.22    4917.99    4917.99    2261.03    2261.03     740.12     740.12    1108.80    1108.80    3332.41    3332.41    2087.78    2087.78    1067.68    1067.68    2750.29    2750.29    7424.34    7424.34    4754.90    4754.90    2358.05    2358.05
 2     783.00    1076.06    1076.06    1801.18    1801.18     936.76     936.76     430.67     430.67     140.98     140.98     211.20     211.20     634.74     634.74     397.67     397.67     203.37     203.37     523.86     523.86    1414.16    1414.16     905.70     905.70     449.15     449.15
 3    3537.00     623.76     753.63    8423.43    8423.43    6124.67    6120.01    5721.37    5646.92    3791.94    5285.41    3164.84    3672.65    3672.65    3672.65    3672.65    5672.42     276.29     431.56     618.56     940.35     940.35     940.35     940.35     940.35     940.35     940.35
 4    1379.00    1129.90     957.45     337.20     337.20     337.20     337.20     337.20     337.20     337.20     337.20     575.53     516.64     516.64     516.64     516.64     536.04     724.38    1191.45    1362.84    1075.43    1075.43    1075.43    1075.43    1075.43    1075.43    1075.43
 1    4109.00    5167.01    5167.01    4783.55    4783.55    3169.32    3169.32    1933.01    1933.01    1372.14    1372.14     238.39     238.39    2869.02    2869.02    2472.62    2472.62    3385.07    3385.07    3252.02    3252.02    1774.08    1774.08     924.00     924.00    1599.91    1599.91
 2     783.00     984.19     984.19     911.15     911.15     603.68     603.68     368.19     368.19     261.36     261.36      45.41      45.41     546.48     546.48     470.98     470.98     644.78     644.78     619.43     619.43     337.92     337.92     176.00     176.00     304.74     304.74
 3    3537.00     474.70     539.29    3373.08    3378.71    3378.71    3378.71    3378.71    3378.71    3378.71    3378.71      38.65     254.16     759.33     759.33     759.33     759.33     759.33     759.33     759.33     759.33     759.33     759.33     759.33     759.33     341.11     432.45
 4    1379.00     959.06     903.82     762.25     879.68     879.68     879.68     879.68     879.68     879.68     879.68     970.95     981.00     898.85     898.85     898.85     898.85     898.85     898.85     898.85     898.85     898.85     898.85     898.85     898.85     693.34     892.34
 1    4109.00    4684.22    4684.22    3560.63    3560.63    5670.59    5670.59    5167.47    5167.47    3400.32    3400.32    3232.15    3232.15    4016.63    4016.63    2641.72    2641.72    3149.92    3149.92    6081.77    6081.77    8244.85    8244.85     992.38     992.38    1457.61    1457.61
 2     783.00     892.23     892.23     678.22     678.22    1080.11    1080.11     984.28     984.28     647.68     647.68     615.65     615.65     765.07     765.07     503.18     503.18     599.98     599.98    1158.43    1158.43    1570.45    1570.45     189.02     189.02     277.64     277.64
 3    3537.00     739.58     749.35    4585.26    3753.10     493.27     522.16    6214.92    5365.51     189.67     285.66     404.48     628.70    5157.32    4640.83     512.91     364.39     599.24    1282.30   15294.17   15294.17   15294.17    7575.31    4465.05    1003.42     278.73     562.76
 4    1379.00    1118.30     889.11     507.36     549.96     702.54     720.99     526.11     473.64     750.12     893.44     750.04     654.00     552.50     507.76     972.20    1762.79    2028.46    1505.39     538.22     538.22     538.22     538.22     538.22     822.05    1058.67    1267.45
 1    4109.00    6814.96    6814.96    3604.06    3604.06    3842.92    3842.92    1765.76    1765.76     648.65     648.65     461.54     461.54     418.11     418.11    4513.74    4513.74    6155.69    6155.69    6273.96    6273.96    7024.71    7024.71    1792.10    1792.10     559.02     559.02
 2     783.00    1298.09    1298.09     686.49     686.49     731.98     731.98     336.34     336.34     123.55     123.55      87.91      87.91      79.64      79.64     859.76     859.76    1172.51    1172.51    1195.04    1195.04    1338.04    1338.04     341.35     341.35     106.48     106.48
 3    3537.00    4030.93    3577.13    1102.17    1168.34    6543.95    6543.95    6543.95    6543.95    6543.95    6543.95    6543.95    6543.95      68.15     338.74    4518.92    3756.18     594.67     730.05    3316.01    3099.39    3099.39    3099.39    3099.39    3099.39    3099.39    3099.39
 4    1379.00    1067.17     840.85     786.97     782.05     483.32     483.32     483.32     483.32     483.32     483.32     483.32     483.32    1247.84    1231.26     972.19     698.94     868.21    1075.31     792.15     610.91     610.91     610.91     610.91     610.91     610.91     610.91
 1    4109.00    4288.75    4288.75    5458.99    5458.99    3996.76    3996.76    4470.77    4470.77    3490.41    3490.41    2373.29    2373.29    3422.96    3422.96    2063.29    2063.29    2406.10    2406.10    3287.13    3287.13    2991.91    2991.91    4549.78    4549.78    3596.21    3596.21
 2     783.00     816.90     816.90    1039.81    1039.81     761.29     761.29     851.58     851.58     664.84     664.84     452.06     452.06     651.99     651.99     393.01     393.01     458.30     458.30     626.12     626.12     569.89     569.89     866.62     866.62     684.99     684.99
 3    3537.00    1004.52    1069.87   10985.60    9623.10     547.63     630.21     630.21     630.21     630.21     630.21     630.21     630.21     630.21    2347.26     408.41     550.17    1338.07    1886.69     685.32     734.46     827.59    1220.69    1220.69    5807.35     701.90     780.50
 4    1379.00    1267.11    1076.77     640.01     488.69     874.49     881.97     881.97     881.97     881.97     881.97     881.97     881.97     881.97     589.13     773.66     706.11     679.31     852.66    1303.67    1350.22    1267.49     966.09     966.09     483.55     961.01    1095.39
 1    4109.00    4831.13    4831.13   12429.65   12429.65    3945.94    3945.94    1486.25    1486.25     686.99     686.99     744.74     744.74    1411.87    1411.87    1068.61    1068.61    1494.11    1494.11     949.87     949.87    1430.35    1430.35     841.76     841.76    1066.30    1066.30
 2     783.00     920.22     920.22    2367.55    2367.55     751.61     751.61     283.10     283.10     130.86     130.86     141.86     141.86     268.93     268.93     203.54     203.54     284.59     284.59     180.93     180.93     272.45     272.45     160.34     160.34     203.10     203.10
 3    3537.00     917.53     877.01     877.01     877.01     877.01     877.01     877.01     877.01     877.01     877.01     877.01     877.01     877.01     877.01     877.01     877.01     877.01     877.01     877.01     877.01     877.01     877.01     877.01     877.01     877.01     506.76
 4    1379.00    1115.03     949.80     949.80     949.80     949.80     949.80     949.80     949.80     949.80     949.80     949.80     949.80     949.80     949.80     949.80     949.80     949.80     949.80     949.80     949.80     949.80     949.80     949.80     949.80     949.80     625.71
 1    4109.00    4753.98    4753.98    5930.23    5930.23    3944.56    3944.56    2015.71    2015.71      48.51      48.51    1502.89    1502.89    2986.37    2986.37    7183.18    7183.18    8938.31    8938.31    3708.47    3708.47    2043.43    2043.43     443.98     443.98     215.29     215.29
 2     783.00     905.52     905.52    1129.57    1129.57     751.34     751.34     383.94     383.94       9.24       9.24     286.26     286.26     568.83     568.83    1368.22    1368.22    1702.54    1702.54     706.38     706.38     389.22     389.22      84.57      84.57      41.01      41.01
 3    3537.00    1160.55     990.20    9950.66    9334.92    9334.92    9334.92    6127.38    1862.84    3453.49     108.51     450.87     612.86    2853.14    3072.02     632.74     802.85    5620.71    5620.71    5485.59    5620.71    5199.41    3794.51    2265.95    2273.77    3364.77    3658.50
 4    1379.00    1251.39    1065.91     720.39     625.31     625.31     625.31     625.31     625.31     625.31     911.37     855.79     707.69     758.15     855.01     912.36     792.29     458.07     458.07     458.07     458.07     458.07     458.07     458.07     458.07     458.07     458.07
 1    4109.00    4037.42    4037.42    3996.76    3996.76    2125.66    2125.66    2237.93    2237.93    1689.53    1689.53    3541.23    3541.23    4893.97    4893.97    6391.31    6391.31    5115.73    5115.73    2960.96    2960.96     906.44     906.44    2527.60    2527.60    2695.77    2695.77
 2     783.00     769.03     769.03     761.29     761.29     404.89     404.89     426.27     426.27     321.82     321.82     674.52     674.52     932.18     932.18    1217.39    1217.39     974.42     974.42     563.99     563.99     172.66     172.66     481.45     481.45     513.48     513.48
 3    3537.00     900.47     996.57    3423.56    3423.56     803.84     803.84    1397.82    1702.76     579.30    1054.73    5071.74    5288.28    1056.28     887.06     887.06     887.06     887.06     887.06     887.06     887.06     320.98     320.98     320.98     554.32     628.71     625.86
 4    1379.00    1041.29    1041.51     760.29     760.29     589.75     589.75     862.42    1170.36    1067.19    1188.34    1128.29    1015.71     873.57     770.18     770.18     770.18     770.18     770.18     770.18     770.18     614.68     614.68     614.68     689.32     899.91    1136.82
 1    4109.00    4456.91    4456.91    4250.86    4250.86    3010.85    3010.85    4836.22    4836.22     895.82     895.82    2126.12    2126.12    4383.46    4383.46    4017.55    4017.55    2369.60    2369.60    2190.80    2190.80    1963.04    1963.04    1667.36    1667.36    1501.50    1501.50
 2     783.00     848.94     848.94     809.69     809.69     573.50     573.50     921.18     921.18     170.63     170.63     404.98     404.98     834.94     834.94     765.25     765.25     451.35     451.35     417.30     417.30     373.91     373.91     317.59     317.59     286.00     286.00
 3    3537.00     760.27    1000.44    6086.89    5559.91     554.33     554.33     554.33     554.33     554.33     456.29     557.36     683.49     683.49     683.49     683.49     683.49     683.49     683.49     683.49     683.49     390.57     537.04     537.04     537.04     537.04     537.04
 4    1379.00    1164.69    1082.18     622.48     631.99     755.38     755.38     755.38     755.38     755.38     743.94     893.94     803.90     803.90     803.90     803.90     803.90     803.90     803.90     803.90     803.90     728.68     721.10     721.10     721.10     721.10     721.10
 1    4109.00    4004.62    4004.62    8559.01    8559.01   12012.92    9348.82    3322.24    3322.24    4848.69    4848.69    8941.55    8941.55    3604.52    3604.52    4289.21    4289.21    2942.94    2942.94    2793.71    2793.71    1162.39    1162.39    2998.84    2998.84    2648.65    2648.65
 2     783.00     762.78     762.78    1630.29    1630.29    2288.18    2288.18     632.81     632.81     923.56     923.56    1703.15    1703.15     686.58     686.58     816.99     816.99     560.56     560.56     532.14     532.14     221.41     221.41     571.21     571.21     504.50     504.50
 3    3537.00     857.93     851.56   11043.10    9139.22     328.16     328.16    1185.00    1525.60    1525.60     334.63    3979.62    3979.62    3979.62      31.33     217.04     598.98    3199.49    2710.21    2710.21    2710.21    2710.21    2710.21    2710.21    2710.21    2710.21    2710.21
 4    1379.00    1026.40     969.45     574.30     381.06     706.77     706.77     675.34     545.00     545.00     694.61     463.06     463.06     463.06    1006.69    1035.15     826.01     715.67     586.77     586.77     586.77     586.77     586.77     586.77     586.77     586.77     586.77
 1    4109.00    4684.22    4684.22    4054.05    4054.05    3383.69    3383.69    2455.53    2455.53    2351.58    2351.58    2924.00    2924.00    2034.65    2034.65    1785.63    1785.63    4042.96    4042.96   16936.92   16936.92   16559.93   16559.93    5828.13    5828.13    1632.71    1632.71
 2     783.00     892.23     892.23     772.20     772.20     644.51     644.51     467.72     467.72     447.92     447.92     556.95     556.95     387.55     387.55     340.12     340.12     770.09     770.09    3226.08    3226.08    3154.27    3154.27    1110.12    1110.12     310.99     310.99
 3    3537.00     689.31     858.59     858.59     858.59     858.59     542.07     542.07     542.07     542.07     542.07     542.07     542.07     542.07     287.27     431.74     864.58     725.38    1451.61    2370.33    3132.88   18816.74    9162.97    9162.97    9162.97    8123.93    8511.17
 4    1379.00    1128.52     920.49     920.49     920.49     920.49     649.89     649.89     649.89     649.89     649.89     649.89     649.89     649.89     821.86    1220.13    2210.37    3295.08    4087.17    3009.24    2208.93     560.38     397.87     397.87     397.87     397.87     397.87
 1    4109.00    4122.89    4122.89    5618.84    5618.84    4989.14    4989.14    4377.91    4377.91    1195.66    1195.66     942.02     942.02    2310.92    2310.92    3553.70    3553.70    4019.86    4019.86    4181.56    4181.56    4378.37    4378.37    5031.64    5031.64    3250.17    3250.17
 2     783.00     785.31     785.31    1070.26    1070.26     950.31     950.31     833.89     833.89     227.74     227.74     179.43     179.43     440.18     440.18     676.90     676.90     765.69     765.69     796.49     796.49     833.98     833.98     958.41     958.41     619.08     619.08
 3    3537.00    1079.17     963.14   11542.69    8863.70     588.62     588.62     588.62     588.62     588.62     588.62     269.04     435.39     435.39     957.46    1618.46    1435.92     578.61     707.11     707.11    4402.70     629.05     448.09    4369.37    3296.38    3296.38    3296.38
 4    1379.00    1224.40    1090.50     510.39     373.37     674.06     674.06     674.06     674.06     674.06     674.06     726.14     692.28     692.28     577.03     886.00    1020.85     783.76     751.63     751.63     725.27    1391.56    1417.67     962.16     625.90     625.90     625.90
 1    4109.00    3383.69    3383.69    3923.30    3923.30    5780.08    5780.08     762.30     762.30     387.16     387.16     364.98     364.98    2099.33    2099.33    1662.74    1662.74    2267.03    2267.03    2591.36    2591.36    2247.63    2247.63    1891.89    1891.89     682.37     682.37
 2     783.00     644.51     644.51     747.30     747.30    1100.97    1100.97     145.20     145.20      73.74      73.74      69.52      69.52     399.87     399.87     316.71     316.71     431.82     431.82     493.59     493.59     428.12     428.12     360.36     360.36     129.98     129.98
 3    3537.00     833.81     969.12    6901.04    6901.04    6901.04    6901.04    2783.21    4874.65    5163.34    6901.04     173.10     259.03     598.14     778.06     832.59     898.73    1970.86    1970.86    1970.86    1970.86    1970.86    1970.86    1970.86    1970.86    1970.86    1970.86
 4    1379.00    1066.79    1084.02     664.44     664.44     664.44     664.44     664.44     664.44     664.44     664.44     916.85     946.64    1021.34     973.02     781.49     725.81     693.13     693.13     693.13     693.13     693.13     693.13     693.13     693.13     693.13     693.13
 1    4109.00    3527.83    3527.83    4804.80    4804.80    4314.62    4314.62    1473.32    1473.32    1877.11    1877.11    1769.92    1769.92    2051.74    2051.74    2705.47    2705.47    2344.65    2344.65    2103.02    2103.02     677.29     677.29    1143.45    1143.45    2132.13    2132.13
 2     783.00     671.97     671.97     915.20     915.20     821.83     821.83     280.63     280.63     357.54     357.54     337.13     337.13     390.81     390.81     515.33     515.33     446.60     446.60     400.58     400.58     129.01     129.01     217.80     217.80     406.12     406.12
 3    3537.00     761.99     915.29    8035.84    6807.38     292.25     292.25     292.25     292.25     292.25     387.42     611.60     611.60     611.60     611.60     611.60     611.60     611.60     611.60     611.60     611.60     611.60     611.60     611.60     494.47     401.44     544.82
 4    1379.00    1123.32     935.78     580.14     513.21     575.31     575.31     575.31     575.31     575.31     781.82    1022.53    1022.53    1022.53    1022.53    1022.53    1022.53    1022.53    1022.53    1022.53    1022.53    1022.53    1022.53    1022.53     750.99     858.82     756.40
 1    4109.00    4289.67    4289.67    4019.86    4019.86    4742.89    4742.89    4033.72    4033.72    2948.48    2948.48    3488.10    3488.10    2283.20    2283.20    2777.08    2777.08    2281.36    2281.36    1239.08    1239.08    1797.64    1797.64    4972.04    4972.04    5992.60    5992.60
 2     783.00     817.08     817.08     765.69     765.69     903.41     903.41     768.33     768.33     561.62     561.62     664.40     664.40     434.90     434.90     528.97     528.97     434.54     434.54     236.02     236.02     342.41     342.41     947.06     947.06    1141.45    1141.45
 3    3537.00     839.67     931.96    4404.21    4357.10     609.91     754.28     754.28     754.28     754.28     754.28     754.28     754.28     754.28     754.28     754.28     754.28     754.28     328.21     392.00     556.02     885.09    1100.29    9383.28    9383.28    9383.28    9383.28
 4    1379.00    1049.08    1135.49     888.59    1085.38    1209.06    1091.18    1091.18    1091.18    1091.18    1091.18    1091.18    1091.18    1091.18    1091.18    1091.18    1091.18    1091.18     796.41    1152.71    1173.53    1159.48    1220.54     711.65     711.65     711.65     711.65
 1    4109.00    3978.28    3978.28    7306.99    7306.99    4181.10    4181.10    1240.47    1240.47     456.92     456.92    2524.37    2524.37    2960.03    2960.03    2239.31    2239.31    3762.07    3762.07    3562.02    3562.02    4875.49    4875.49    3471.47    3471.47    1299.61    1299.61
 2     783.00     757.77     757.77    1391.81    1391.81     796.40     796.40     236.28     236.28      87.03      87.03     480.83     480.83     563.82     563.82     426.54     426.54     716.58     716.58     678.48     678.48     928.66     928.66     661.23     661.23     247.54     247.54
 3    3537.00    1059.23     834.45    7217.74    5233.61    5233.61    5233.61    5233.61    5233.61      74.55     277.33     277.33     277.33     277.33     277.33     500.56     426.25    2506.20    2671.88     611.84     960.14   11080.87    8863.93     369.64     430.27     409.74     559.94
 4    1379.00    1158.80    1057.79     475.37     461.30     461.30     461.30     461.30     461.30     638.35     713.25     713.25     713.25     713.25     713.25     608.27     616.06     911.34    1029.94    1079.17    1090.46     562.06     319.98     580.97     727.54     863.40     966.30
 1    4109.00    5283.43    5283.43    4567.79    4567.79    5804.11    5804.11    2271.19    2271.19     726.73     726.73    1968.58    1968.58    4413.95    4413.95    3213.67    3213.67     904.60     904.60    2947.56    2947.56    7179.48    7179.48    2868.56    2868.56    3913.14    3913.14
 2     783.00    1006.37    1006.37     870.06     870.06    1105.54    1105.54     432.61     432.61     138.42     138.42     374.97     374.97     840.75     840.75     612.13     612.13     172.30     172.30     561.44     561.44    1367.52    1367.52     546.39     546.39     745.36     745.36
 3    3537.00    1124.86    1047.04    1047.04    1047.04    1047.04    1047.04    1047.04    1047.04    1047.04     394.55     394.55     394.55     394.55     394.55     394.55     394.55     268.05     461.99    1359.59    1359.59    1359.59    1359.59    1359.59    4773.43     273.15     425.90
 4    1379.00    1372.49    1067.92    1067.92    1067.92    1067.92    1067.92    1067.92    1067.92    1067.92     802.60     802.60     802.60     802.60     802.60     802.60     802.60     732.23     684.25     660.83     660.83     660.83     660.83     660.83     860.18    1286.24    1251.82
 1    4109.00    4769.69    4769.69    5604.52    5604.52    2311.39    2311.39    1168.86    1168.86    2091.47    2091.47     798.34     798.34     800.18     800.18     985.45     985.45    3392.93    3392.93    5868.32    5868.32    4823.28    4823.28    2072.07    2072.07    1486.25    1486.25
 2     783.00     908.51     908.51    1067.53    1067.53     440.26     440.26     222.64     222.64     398.38     398.38     152.06     152.06     152.42     152.42     187.70     187.70     646.27     646.27    1117.78    1117.78     918.72     918.72     394.68     394.68     283.10     283.10
 3    3537.00     717.66    1098.34   10328.35   10328.35    8792.20    6933.27    3594.98    3594.98    3594.98    3594.98    3594.98    3594.98    3594.98    3594.98     728.29    1356.71     570.46     986.06    9104.16    7324.05     479.21     439.75     439.75     439.75     439.75     439.75
 4    1379.00    1190.16    1027.10     291.09     291.09     291.09     291.09     490.15     490.15     490.15     490.15     490.15     490.15     490.15     490.15     874.05    1368.44    1107.54     893.09     333.32     368.84     688.76     708.40     708.40     708.40     708.40     708.40
 1    4109.00    5854.93    5854.93    3453.45    3453.45    2899.05    2899.05    1133.75    1133.75     250.40     250.40    1559.25    1559.25    2349.73    2349.73    3659.50    3659.50    2598.29    2598.29    1721.87    1721.87     509.12     509.12     807.58     807.58     589.05     589.05
 2     783.00    1115.22    1115.22     657.80     657.80     552.20     552.20     215.95     215.95      47.70      47.70     297.00     297.00     447.57     447.57     697.05     697.05     494.91     494.91     327.98     327.98      96.98      96.98     153.82     153.82     112.20     112.20
 3    3537.00    1390.14    1736.77   11674.82    9029.13    9029.13    9029.13    7648.87    5420.50      65.52     299.99     518.00     501.59    1024.98     972.97    4039.50    4039.50    4039.50    4039.50    4039.50    4039.50    4039.50    4039.50    4039.50    4039.50    4039.50    4039.50
 4    1379.00    1263.56    1103.75     379.69     296.22     296.22     296.22     296.22     296.22     809.39     892.61    1036.47     887.35     861.45     995.41     808.11     808.11     808.11     808.11     808.11     808.11     808.11     808.11     808.11     808.11     808.11     808.11
 1    4109.00   13289.43   13289.43    7467.77    7467.77    3420.19    3420.19     762.76     762.76     854.70     854.70    1994.45    1994.45    3260.80    3260.80    2366.36    2366.36    2923.07    2923.07    6738.27    6738.27    3659.50    3659.50    4593.20    4593.20    4346.50    4346.50
 2     783.00    2531.32    2531.32    1422.43    1422.43     651.46     651.46     145.29     145.29     162.80     162.80     379.90     379.90     621.10     621.10     450.74     450.74     556.78     556.78    1283.48    1283.48     697.05     697.05     874.90     874.90     827.90     827.90
 3    3537.00    1346.61    1183.20    1183.20    1183.20    1183.20    1183.20    1183.20    1183.20    1183.20    1183.20    1183.20    2228.07     552.70     552.70     552.70     552.70     527.14     543.62     543.62    6057.09     285.80     257.82     257.82     257.82     257.82     257.82
 4    1379.00    1159.31     900.86     900.86     900.86     900.86     900.86     900.86     900.86     900.86     900.86     900.86     669.09     756.31     756.31     756.31     756.31     833.94     777.84     777.84     483.53    1250.27    1251.49    1251.49    1251.49    1251.49    1251.49
 1    4109.00    2537.77    2537.77    3341.18    3341.18    4656.04    4656.04    3900.20    3900.20    4741.04    4741.04    7521.82    7521.82    5001.61    5001.61     631.55     631.55     254.10     254.10    1242.32    1242.32    3597.59    3597.59    4646.33    4646.33    1969.51    1969.51
 2     783.00     483.38     483.38     636.42     636.42     886.86     886.86     742.90     742.90     903.06     903.06    1432.73    1432.73     952.69     952.69     120.30     120.30      48.40      48.40     236.63     236.63     685.26     685.26     885.02     885.02     375.14     375.14
 3    3537.00     718.42     929.36    5777.96    5531.50     829.59     945.56    4816.37    4292.32     738.08     738.08     738.08     738.08     738.08     738.08     738.08     738.08     107.54     169.80     465.26     978.05    7732.95    7732.95    7732.95     247.09     302.27     782.16
 4    1379.00    1200.01    1102.19    1056.82     863.79     981.06    1013.28     764.85     654.26     809.58     809.58     809.58     809.58     809.58     809.58     809.58     809.58     804.78     898.81     972.93    1002.48     770.64     770.64     770.64     761.32     818.37     798.66
 1    4109.00    1248.32    1248.32    3472.39    3472.39    2845.92    2845.92    2079.46    2079.46    2398.24    2398.24    2729.96    2729.96    3492.72    3492.72    1786.55    1786.55    3805.96    3805.96    3625.31    3625.31    2850.08    2850.08    4221.76    4221.76    6036.49    6036.49
 2     783.00     237.78     237.78     661.41     661.41     542.08     542.08     396.09     396.09     456.81     456.81     519.99     519.99     665.28     665.28     340.30     340.30     724.94     724.94     690.54     690.54     542.87     542.87     804.14     804.14    1149.81    1149.81
 3    3537.00     758.71     618.65    3827.11    3304.37    1079.86     700.58     742.35     764.01    1186.16    1212.56    6068.99    6068.99    6068.99    6068.99    2516.45    3237.51     605.74     575.02    2708.19    2855.79     537.36     591.74    3312.60    2810.47    2810.47    2810.47
 4    1379.00     943.62     913.33     802.45     747.41     934.89     836.88     996.32    1413.96    1326.95    1232.47     874.57     874.57     874.57     874.57     760.92     668.20     796.34     766.35     824.21     793.27     824.49     923.71     671.97     593.60     593.60     593.60
 1    4109.00    3486.71    3486.71    3685.84    3685.84    4170.01    4170.01    4259.64    4259.64    3516.28    3516.28    3681.22    3681.22     948.95     948.95    1009.47    1009.47    2253.64    2253.64    1513.51    1513.51     687.46     687.46    1793.02    1793.02    3572.65    3572.65
 2     783.00     664.14     664.14     702.06     702.06     794.29     794.29     811.36     811.36     669.77     669.77     701.18     701.18     180.75     180.75     192.28     192.28     429.26     429.26     288.29     288.29     130.94     130.94     341.53     341.53     680.50     680.50
 3    3537.00     689.04     902.20    6215.54    6157.24     892.06     604.23    3702.57    3756.38    3756.38    3756.38    3756.38    3756.38    3756.38    3756.38    3756.38    3756.38    3756.38    3756.38    3756.38    3756.38    3756.38     150.13     326.95     384.38     660.86     885.79
 4    1379.00    1193.09    1078.34    1011.70     724.27     741.55     772.15     785.30     734.52     734.52     734.52     734.52     734.52     734.52     734.52     734.52     734.52     734.52     734.52     734.52     734.52     734.52     687.12     871.70    1164.13    1347.52    1041.88
 1    4109.00    7615.61    7615.61    4805.72    4805.72    3086.16    3086.16    3696.46    3696.46    5490.87    5490.87    4840.37    4840.37    6547.46    6547.46    2892.58    2892.58     428.27     428.27     140.45     140.45     118.27     118.27     128.44     128.44     273.50     273.50
 2     783.00    1450.59    1450.59     915.38     915.38     587.84     587.84     704.09     704.09    1045.88    1045.88     921.98     921.98    1247.14    1247.14     550.97     550.97      81.58      81.58      26.75      26.75      22.53      22.53      24.46      24.46      52.10      52.10
 3    3537.00    2912.43    2966.62    6435.79    4507.27     382.65     441.54    3893.13    4058.31     567.78     710.74    7928.47    5581.29    5581.29    5581.29    5581.29    5581.29    2777.22    3408.65    2777.17    2359.35    2195.99    2706.29    3008.89    5581.29    5581.29    4102.68
 4    1379.00    1194.41     968.67     429.59     443.22     668.91     639.69     778.58    1215.96    1537.96    1360.56     808.48     659.62     659.62     659.62     659.62     659.62     659.62     659.62     659.62     659.62     659.62     659.62     659.62     659.62     659.62     659.62
 1    4109.00    6055.43    6055.43    5053.82    5053.82    2423.65    2423.65     366.83     366.83    1547.70    1547.70    4871.79    4871.79    4033.26    4033.26    4236.08    4236.08    1807.81    1807.81    2792.79    2792.79    4295.21    4295.21    5795.79    5795.79    6982.21    6982.21
 2     783.00    1153.42    1153.42     962.63     962.63     461.65     461.65      69.87      69.87     294.80     294.80     927.96     927.96     768.24     768.24     806.87     806.87     344.34     344.34     531.96     531.96     818.14     818.14    1103.96    1103.96    1329.94    1329.94
 3    3537.00    1173.04    1319.23   10751.72   10751.72   10195.20    5156.78    7586.30     145.24     281.24     569.59     569.59     569.59     569.59     444.62    3782.67    3862.41     338.83     368.36     623.01     662.18    3527.70    4096.48     641.91     706.24    5844.98    4548.64
 4    1379.00    1071.38     996.58     301.10     301.10     301.10     301.10     301.10     754.92     748.14     673.82     673.82     673.82     673.82     591.10     551.00     592.49     650.23     703.56     655.00     788.13     901.61    1009.84    1045.90     975.41     408.54     484.69
 1    4109.00    3891.43    3891.43    4345.57    4345.57    5704.78    5704.78    5059.82    5059.82    3076.46    3076.46    2198.20    2198.20    3739.43    3739.43    3841.53    3841.53    1650.73    1650.73     940.17     940.17    1142.53    1142.53     603.83     603.83     759.53     759.53
 2     783.00     741.22     741.22     827.73     827.73    1086.62    1086.62     963.78     963.78     585.99     585.99     418.70     418.70     712.27     712.27     731.72     731.72     314.42     314.42     179.08     179.08     217.62     217.62     115.02     115.02     144.67     144.67
 3    3537.00     858.08     739.11    4561.74    4221.95     503.61     503.61     503.61     503.61     503.61     503.61     263.84     295.27     915.94    1138.23    5399.71    5399.71    5399.71    5399.71    5399.71    5399.71    5399.71    5399.71    5399.71    5399.71    5399.71    5399.71
 4    1379.00    1157.16     985.23     799.58     722.45     683.07     683.07     683.07     683.07     683.07     683.07    1012.31     955.94     784.36     721.94     412.46     412.46     412.46     412.46     412.46     412.46     412.46     412.46     412.46     412.46     412.46     412.46
 1    4109.00    4779.39    4779.39    5593.43    5593.43    2605.22    2605.22    3252.94    3252.94    5454.37    5454.37    3363.82    3363.82    1869.25    1869.25    1610.07    1610.07     778.01     778.01     444.91     444.91     211.13     211.13     201.89     201.89    1962.11    1962.11
 2     783.00     910.36     910.36    1065.42    1065.42     496.23     496.23     619.61     619.61    1038.93    1038.93     640.73     640.73     356.05     356.05     306.68     306.68     148.19     148.19      84.74      84.74      40.22      40.22      38.46      38.46     373.74     373.74
 3    3537.00    1230.16    1351.36    7650.75    6618.56    6618.56     176.45     277.41     624.34     624.34    3792.98    3792.98    3792.98    3792.98    3792.98    3792.98    3792.98    3792.98    3792.98    3792.98    3792.98    3792.98    3792.98     142.80     411.83     411.83     569.90
 4    1379.00    1098.62    1025.29     557.51     431.56     431.56    1093.32    1215.52    1028.92    1028.92     474.57     474.57     474.57     474.57     474.57     474.57     474.57     474.57     474.57     474.57     474.57     474.57     474.57     679.62     635.83     635.83     606.39
 1    4109.00    6467.08    6467.08    6146.45    6146.45    3854.00    3854.00     637.10     637.10     179.26     179.26     779.86     779.86     644.03     644.03     422.27     422.27     136.75     136.75     491.57     491.57    1975.97    1975.97    2585.81    2585.81    4021.71    4021.71
 2     783.00    1231.82    1231.82    1170.75    1170.75     734.10     734.10     121.35     121.35      34.14      34.14     148.54     148.54     122.67     122.67      80.43      80.43      26.05      26.05      93.63      93.63     376.38     376.38     492.54     492.54     766.04     766.04
 3    3537.00     814.03     747.97    6177.83    6177.83    6177.83    6177.83    1730.09    2325.96    4116.87    6177.83    6177.83    6177.83    6177.83    6177.83    4971.46    3910.64    5172.48    5342.05      73.01     326.59     649.24     701.82    1465.18    1465.18    1465.18    1465.18
 4    1379.00     986.53     822.71     540.32     540.32     540.32     540.32     540.32     540.32     540.32     540.32     540.32     540.32     540.32     540.32     540.32     540.32     540.32     540.32     692.91     694.07     671.36     653.43     714.25     714.25     714.25     714.25
 1    4109.00    7341.18    7341.18    5963.96    5963.96    2205.59    2205.59     902.75     902.75     806.19     806.19     773.85     773.85    2133.05    2133.05     839.92     839.92    1687.69    1687.69    3917.76    3917.76    2465.23    2465.23    4030.49    4030.49    2178.79    2178.79
 2     783.00    1398.32    1398.32    1135.99    1135.99     420.11     420.11     171.95     171.95     153.56     153.56     147.40     147.40     406.30     406.30     159.98     159.98     321.46     321.46     746.24     746.24     469.57     469.57     767.71     767.71     415.01     415.01
 3    3537.00    1381.31    1346.54    8890.51    8890.51    8852.68    7424.32    5884.61    7328.03    8890.51    7336.79    6624.07    8245.47    8135.71    5000.59    3403.27    1527.84     308.10     308.10     308.10     308.10     308.10     308.10     308.10     308.10     308.10     308.10
 4    1379.00    1213.13     888.13     291.69     291.69     291.69     291.69     291.69     291.69     291.69     291.69     291.69     291.69     291.69     291.69     291.69     659.90     594.77     594.77     594.77     594.77     594.77     594.77     594.77     594.77     594.77     594.77
 1    4109.00    8482.78    8482.78    7673.82    7673.82    5011.31    5011.31    1683.99    1683.99     979.44     979.44    2023.56    2023.56     710.56     710.56    2607.07    2607.07    3214.60    3214.60    2579.81    2579.81    2134.44    2134.44    1392.01    1392.01     743.82     743.82
 2     783.00    1615.77    1615.77    1461.68    1461.68     954.54     954.54     320.76     320.76     186.56     186.56     385.44     385.44     135.34     135.34     496.58     496.58     612.30     612.30     491.39     491.39     406.56     406.56     265.14     265.14     141.68     141.68
 3    3537.00    1415.83    1298.85   11605.57    9574.66     278.46     267.84     267.84     267.84     267.84     267.84     267.84     267.84     267.84     267.84     267.84     267.84     267.84     267.84     267.84     267.84     267.84     267.84     267.84     267.84     427.60     450.64
 4    1379.00    1213.03    1005.60     506.67     591.57     879.83     771.77     771.77     771.77     771.77     771.77     771.77     771.77     771.77     771.77     771.77     771.77     771.77     771.77     771.77     771.77     771.77     771.77     771.77     771.77     761.28     801.93
 1    4109.00    4911.98    4911.98    3106.49    3106.49    3885.88    3885.88    3739.43    3739.43    5386.00    5386.00    6066.52    6066.52    4879.18    4879.18    4402.86    4402.86    3607.30    3607.30    5774.54    5774.54    6006.00    6006.00    4902.74    4902.74    4533.61    4533.61
 2     783.00     935.62     935.62     591.71     591.71     740.17     740.17     712.27     712.27    1025.90    1025.90    1155.53    1155.53     929.37     929.37     838.64     838.64     687.10     687.10    1099.91    1099.91    1144.00    1144.00     933.86     933.86     863.54     863.54
 3    3537.00     757.17     810.06    3492.72    3913.25    3913.25     862.90    3378.32    5430.38     890.78    1510.77   13437.23    8944.75     719.82     707.40    3031.61    3324.75     510.95     781.93    6072.00    6334.22    1255.74    1385.20    9768.85    9768.85    9768.85    8740.23
 4    1379.00     969.63     969.52    1197.23     943.37     943.37     814.08    1495.41    1946.14    1728.21    1382.25     582.45     457.70     755.48     994.55     915.56    1035.21    1706.67    1960.69    1495.85    1250.81    1183.48    1045.85     308.08     308.08     308.08     308.08
 1    4109.00    6954.49    6954.49   11740.34   11740.34    2286.90    2286.90     624.62     624.62    1088.01    1088.01    1644.26    1644.26    1564.79    1564.79    3368.90    3368.90    6205.58    6205.58    7561.55    7561.55    8364.05    8364.05    9533.37    9533.37    4243.93    4243.93
 2     783.00    1324.66    1324.66    2236.26    2236.26     435.60     435.60     118.98     118.98     207.24     207.24     313.19     313.19     298.06     298.06     641.70     641.70    1182.02    1182.02    1440.30    1440.30    1593.15    1593.15    1815.88    1815.88     808.37     808.37
 3    3537.00    1901.27    1800.63    1800.63    1800.63    1800.63    1800.63    1800.63    1800.63    1800.63    1800.63    1800.63    1800.63    1800.63     453.50     605.17     605.17     605.17    2804.42     580.99     551.60    1333.02    1746.26   12471.93    9972.78    9972.78    9972.78
 4    1379.00    1158.59     834.69     834.69     834.69     834.69     834.69     834.69     834.69     834.69     834.69     834.69     834.69     834.69    1241.43    1210.94    1210.94    1210.94     822.57    2133.22    2263.00    1758.67    1256.42     626.31     402.61     402.61     402.61
