              Isim, Ftarg, Btarg
   1 2019          0.3977734      43121.5693246      11088.7194212
   1 2021          0.3802246      42968.7994358      10938.8978258
   1 2023          0.3860742      43191.5452599      10898.6398351
   1 2025          0.3802246      43018.3067653      10928.3694319
   1 2027          0.4123975      43030.4061972      11259.5549246
   1 2029          0.3919238      43085.5208284      11141.4247955
   1 2031          0.4153223      42998.1937549      11250.4377806
   1 2033          0.3889990      43027.5747315      11095.4132194
   1 2035          0.4065479      43107.2663451      11201.9971313
   1 2037          0.3831494      43069.8017406      11016.3848023
   1 2039          0.3597510      42987.2004287      10507.5831969
   1 2041          0.3743750      42961.5268388      10800.5263431
   1 2043          0.4211719      43132.9893227      11253.0356146
   2 2019          0.3977734      42938.1396063      11041.5504357
   2 2021          0.3772998      42967.4073000      10864.8657286
   2 2023          0.4240967      42913.6170612      11251.4157921
   2 2025          0.3772998      42949.5804116      10882.4219672
   2 2027          0.4094727      42886.0109959      11124.0271419
   2 2029          0.3831494      42901.5689779      10943.4865716
   2 2031          0.4123975      42882.0948848      11124.6068813
   2 2033          0.3802246      42822.7174288      10880.6618838
   2 2035          0.3831494      42945.5440111      10826.9584103
   2 2037          0.3802246      42828.6364770      10861.3031217
   2 2039          0.4182471      42915.8874409      11263.9430514
   2 2041          0.3919238      42927.8490635      11112.8544553
   2 2043          0.3802246      42940.8731041      10934.0435924
   3 2019          0.3977734      43806.1338287      11264.7553084
   3 2021          0.3831494      43745.4802880      11155.7946425
   3 2023          0.4270215      43658.0153226      11477.3267530
   3 2025          0.3919238      43707.8244422      11320.0725270
   3 2027          0.4065479      43770.2499011      11358.4129406
   3 2029          0.3860742      43742.5078286      11214.7898879
   3 2031          0.4211719      43809.7103648      11457.2724535
   3 2033          0.3743750      43657.3534149      11014.3499905
   3 2035          0.4153223      43645.8530929      11410.7323677
   3 2037          0.3831494      43739.3817252      11183.4131008
   3 2039          0.4153223      43828.4526234      11427.6938729
   3 2041          0.3919238      43650.5939494      11307.3121244
   3 2043          0.3977734      43670.5314707      11233.0365857
   4 2019          0.3977734      44476.3116883      11437.0916673
   4 2021          0.3699878      44425.4557750      11054.3406317
   4 2023          0.4240967      44441.2101748      11657.6515059
   4 2025          0.3831494      44505.6199585      11361.5316382
   4 2027          0.3626758      44315.6129699      10937.1724480
   4 2029          0.3685254      44356.5496445      11021.4417215
   4 2031          0.4182471      44455.6335874      11558.4407860
   4 2033          0.3860742      44462.5360008      11347.1304932
   4 2035          0.4211719      44470.0353993      11613.9888712
   4 2037          0.3860742      44548.3682005      11421.1301380
   4 2039          0.4094727      44464.5191753      11522.2228991
   4 2041          0.3889990      44345.3807027      11436.6758352
   4 2043          0.4182471      44474.9731051      11647.9113146
   5 2019          0.3977734      43500.4176316      11186.1403325
   5 2021          0.3743750      43526.9218405      10958.9853214
   5 2023          0.4006982      43422.6765393      11182.6283279
   5 2025          0.3831494      43549.4418795      11127.0143632
   5 2027          0.4006982      43406.6470288      11283.6760683
   5 2029          0.3948486      43417.4824428      11286.8158041
   5 2031          0.4094727      43334.1324336      11259.0942948
   5 2033          0.3685254      43372.2826541      10824.0217036
   5 2035          0.4270215      43473.4683240      11439.6578224
   5 2037          0.3831494      43441.2334854      11127.6851686
   5 2039          0.3802246      43355.7572447      11006.2118650
   5 2041          0.4270215      43448.9340021      11443.7326223
   5 2043          0.4211719      43469.5322919      11413.2994300
   6 2019          0.3977734      44314.4619369      11395.4719742
   6 2021          0.3831494      44270.7826063      11317.9881040
   6 2023          0.4240967      44327.7122896      11621.7284768
   6 2025          0.3860742      44310.3798103      11377.2108096
   6 2027          0.3685254      44261.3546775      11057.4526377
   6 2029          0.3889990      44161.0893386      11364.4327466
   6 2031          0.4240967      44287.2965238      11588.7441721
   6 2033          0.3860742      44199.9541698      11350.0126288
   6 2035          0.4240967      44308.7101902      11633.5916129
   6 2037          0.3860742      44166.0156801      11348.2662601
   6 2039          0.3685254      44168.6291440      11025.8608577
   6 2041          0.3772998      44292.8603820      11206.5587364
   6 2043          0.4240967      44252.0499365      11626.6118595
   7 2019          0.3977734      43536.3842430      11195.3891532
   7 2021          0.3860742      43573.3613358      11134.6921803
   7 2023          0.4211719      43378.4444283      11344.7987239
   7 2025          0.3889990      43512.3083618      11157.4477427
   7 2027          0.4153223      43399.6802125      11339.8724603
   7 2029          0.3889990      43436.3194252      11163.2406331
   7 2031          0.3656006      43585.6678805      10821.2654883
   7 2033          0.3772998      43571.5906013      10971.1966875
   7 2035          0.4211719      43608.4329263      11419.5153530
   7 2037          0.3685254      43424.9632252      10896.0063482
   7 2039          0.3626758      43436.7815187      10689.2257912
   7 2041          0.4211719      43511.4387738      11333.8232678
   7 2043          0.3919238      43439.6643540      11207.0898987
   8 2019          0.3977734      43356.5511859      11149.1450498
   8 2021          0.3656006      43241.8392322      10657.3864387
   8 2023          0.3831494      43206.4347910      10939.0216633
   8 2025          0.4240967      43246.4749325      11310.7365456
   8 2027          0.3802246      43281.6612465      11050.0023366
   8 2029          0.3802246      43393.6711138      11002.1750081
   8 2031          0.4153223      43223.8120575      11343.7583253
   8 2033          0.3919238      43315.1685833      11200.3644955
   8 2035          0.3860742      43236.8662587      10952.8297791
   8 2037          0.3802246      43216.0284487      11019.2442137
   8 2039          0.4240967      43291.6665114      11401.0065933
   8 2041          0.3919238      43418.7014665      11227.6245571
   8 2043          0.3685254      43277.7798995      10804.3683673
   9 2019          0.3977734      43599.9252566      11211.7287364
   9 2021          0.3860742      43531.4682562      11150.6439735
   9 2023          0.4270215      43468.6868626      11466.4997533
   9 2025          0.3802246      43670.0531567      11115.3640672
   9 2027          0.3509766      43543.9739651      10395.8481244
   9 2029          0.3802246      43467.5654307      11034.4646635
   9 2031          0.4270215      43628.8460461      11452.8700328
   9 2033          0.3919238      43568.9254624      11258.0527019
   9 2035          0.4094727      43667.0266822      11336.1316888
   9 2037          0.3772998      43659.0812751      11015.9919610
   9 2039          0.3743750      43475.5369090      10949.7146023
   9 2041          0.3714502      43536.7480291      10890.4399577
   9 2043          0.3772998      43517.7308639      10880.7921333
  10 2019          0.3977734      43518.4009373      11190.7647429
  10 2021          0.3802246      43396.3650487      11064.0478268
  10 2023          0.4065479      43549.5799027      11247.1889936
  10 2025          0.3919238      43355.6681406      11171.1256080
  10 2027          0.4357959      43501.0361846      11470.0163025
  10 2029          0.3802246      43520.9082324      11067.5974365
  10 2031          0.3802246      43546.3166901      11045.2981798
  10 2033          0.3948486      43528.4008838      11130.4429627
  10 2035          0.3714502      43573.1448610      10926.1521907
  10 2037          0.4240967      43423.7722883      11415.9644912
  10 2039          0.3919238      43516.2453064      11243.7124754
  10 2041          0.4153223      43494.3400787      11389.3367619
  10 2043          0.3685254      43554.8014483      10909.9567531
  11 2019          0.3977734      42976.5039919      11051.4158444
  11 2021          0.3743750      42872.3885819      10796.3169370
  11 2023          0.4065479      42860.9107691      11102.1163471
  11 2025          0.3831494      42922.4799454      10961.6500071
  11 2027          0.4094727      42903.4077715      11178.4422996
  11 2029          0.3860742      42915.8479223      11001.2804797
  11 2031          0.4123975      42881.2829764      11128.6512120
  11 2033          0.3831494      42925.5968586      10979.1392062
  11 2035          0.4211719      42882.4541166      11239.9546026
  11 2037          0.3860742      43042.7342824      11030.6692750
  11 2039          0.4211719      42854.5362438      11226.0806346
  11 2041          0.3889990      42859.8229185      11056.3717627
  11 2043          0.4094727      42987.4993207      11171.6526943
  12 2019          0.3977734      43550.7708876      11199.0886815
  12 2021          0.3772998      43532.1055399      11027.1339920
  12 2023          0.4211719      43386.9499731      11382.1042810
  12 2025          0.3919238      43462.7307021      11237.1902703
  12 2027          0.4123975      43559.3019305      11353.6401005
  12 2029          0.3714502      43467.3533036      10936.3001362
  12 2031          0.3597510      43534.6204675      10674.0610425
  12 2033          0.4094727      43579.3319402      11303.7708113
  12 2035          0.3948486      43474.2472797      11269.5152714
  12 2037          0.4211719      43608.2281430      11414.3729278
  12 2039          0.3714502      43552.9192853      10948.3499020
  12 2041          0.3772998      43421.4535382      11007.3986399
  12 2043          0.4036230      43521.8931402      11250.9570978
  13 2019          0.3977734      42857.8141742      11020.8947362
  13 2021          0.3802246      42845.2008847      10894.4103309
  13 2023          0.3977734      42879.4032701      10991.1251443
  13 2025          0.3772998      42802.8613100      10821.8721047
  13 2027          0.3948486      42884.7908635      10965.5003064
  13 2029          0.3919238      42916.5059648      11051.9086463
  13 2031          0.4211719      42750.7524176      11229.2937953
  13 2033          0.3860742      42906.7127946      11009.9970363
  13 2035          0.3772998      42719.0995636      10837.5718391
  13 2037          0.3977734      42725.4551243      11014.8787102
  13 2039          0.3831494      42800.7177878      10908.7569571
  13 2041          0.4328711      42727.3305899      11276.9866130
  13 2043          0.3831494      42773.3982376      10962.0701141
  14 2019          0.3977734      43970.3813542      11306.9915896
  14 2021          0.3831494      43933.1253186      11220.2912058
  14 2023          0.4240967      43876.5646413      11545.2814577
  14 2025          0.3772998      43901.4823804      11170.2925883
  14 2027          0.3889990      43963.9254282      11328.2494473
  14 2029          0.4123975      43872.9126463      11424.4887467
  14 2031          0.3831494      43993.2600312      11244.7975793
  14 2033          0.4211719      43891.3907375      11529.2869911
  14 2035          0.3714502      44014.3269102      11066.3542119
  14 2037          0.3612134      43925.3826877      10781.4292467
  14 2039          0.3831494      44000.9820482      11174.8236473
  14 2041          0.4094727      43890.4305359      11474.3985177
  14 2043          0.3919238      43934.3366719      11357.5555206
  15 2019          0.3977734      42317.1161157      10881.8541318
  15 2021          0.3802246      42351.7669320      10776.8742935
  15 2023          0.4036230      42310.5988365      10923.0044643
  15 2025          0.3860742      42366.4208388      10822.8138010
  15 2027          0.3860742      42330.9125466      10815.6588595
  15 2029          0.3802246      42340.0095890      10769.5448575
  15 2031          0.3597510      42216.3014957      10325.6849127
  15 2033          0.4211719      42349.4035742      11065.8739494
  15 2035          0.3919238      42257.7932378      10899.7995723
  15 2037          0.4182471      42251.0030996      11049.9222829
  15 2039          0.3831494      42220.7444930      10806.7351170
  15 2041          0.4036230      42162.1101447      10925.3918309
  15 2043          0.3743750      42247.0643678      10607.4954621
  16 2019          0.3977734      43721.0128484      11242.8664328
  16 2021          0.3802246      43634.3545418      11123.8199759
  16 2023          0.3802246      43640.1128746      11078.6692725
  16 2025          0.4182471      43645.4846018      11419.4519883
  16 2027          0.3860742      43723.7606972      11225.5710584
  16 2029          0.4240967      43609.1459293      11441.2985242
  16 2031          0.3860742      43620.3259427      11200.0784813
  16 2033          0.4328711      43674.3175357      11503.2386564
  16 2035          0.3539014      43745.7412024      10613.0942712
  16 2037          0.3743750      43591.1674475      10974.9862975
  16 2039          0.4387207      43628.3224036      11552.5258283
  16 2041          0.3919238      43754.4698084      11305.9649619
  16 2043          0.4153223      43626.2952961      11381.6511935
  17 2019          0.3977734      42972.9073307      11050.4909624
  17 2021          0.3889990      42864.1456827      11017.2906840
  17 2023          0.4211719      42933.7327686      11197.3171420
  17 2025          0.3860742      42844.0086985      10999.3823418
  17 2027          0.4094727      43023.5134599      11131.2404532
  17 2029          0.3772998      42844.3446963      10846.1680943
  17 2031          0.4036230      43023.2277045      11051.5183538
  17 2033          0.3685254      42805.1190750      10680.1045898
  17 2035          0.4328711      42899.7688091      11319.7371099
  17 2037          0.3831494      43014.6044082      11000.3669406
  17 2039          0.4036230      42918.7231985      11156.3602354
  17 2041          0.3948486      42875.1540902      11138.4476825
  17 2043          0.4123975      42881.3646582      11177.3402691
  18 2019          0.3977734      44389.9918209      11414.8944976
  18 2021          0.3743750      44264.9345056      11171.0338124
  18 2023          0.4153223      44233.1761335      11534.1860369
  18 2025          0.3802246      44443.0313435      11282.3610289
  18 2027          0.4270215      44424.5569256      11678.5264825
  18 2029          0.3831494      44304.3576659      11356.7049359
  18 2031          0.3714502      44457.6447498      11154.5816566
  18 2033          0.4065479      44283.9484503      11501.2329812
  18 2035          0.3772998      44337.8346654      11221.7317612
  18 2037          0.4094727      44293.6713712      11493.6010514
  18 2039          0.3743750      44248.4647671      11165.4882578
  18 2041          0.4006982      44315.7312292      11426.2935891
  18 2043          0.3919238      44423.6774368      11434.0693576
  19 2019          0.3977734      43103.5860189      11084.0950109
  19 2021          0.3802246      43120.4046001      10957.2526774
  19 2023          0.4153223      43120.9997094      11299.3052044
  19 2025          0.4387207      43112.7087319      11368.7792018
  19 2027          0.4504199      42933.1222157      11406.4102572
  19 2029          0.3539014      43140.6560082      10468.6795894
  19 2031          0.3743750      43014.8233209      10771.4115898
  19 2033          0.4094727      42943.3403946      11161.1599334
  19 2035          0.3802246      42977.1233910      10914.6594587
  19 2037          0.4094727      43160.5693466      11180.3862537
  19 2039          0.3831494      43096.6240239      10949.6511927
  19 2041          0.4182471      43046.1568033      11252.1510451
  19 2043          0.3743750      43166.9951606      10843.7631914
  20 2019          0.3977734      42993.2884105      11055.7319608
  20 2021          0.3772998      42880.5615309      10873.2718161
  20 2023          0.4036230      43045.4887278      11107.9594558
  20 2025          0.3889990      42969.2530517      11051.2257230
  20 2027          0.4123975      42911.2806329      11210.0002545
  20 2029          0.3626758      42865.1951429      10581.7919261
  20 2031          0.4036230      42914.9849077      11091.5815416
  20 2033          0.3831494      42885.0118422      10948.0529385
  20 2035          0.4270215      42918.9006979      11308.7767865
  20 2037          0.3919238      43015.5268080      11132.0934392
  20 2039          0.4006982      42908.3275207      11087.9065868
  20 2041          0.3919238      42826.0381364      11106.2026873
  20 2043          0.4123975      42871.0730053      11210.9395046
  21 2019          0.3977734      44180.1865875      11360.9430436
  21 2021          0.3772998      44177.7622463      11182.0921155
  21 2023          0.3889990      44093.2525158      11307.9591622
  21 2025          0.4006982      44052.6143216      11345.4814521
  21 2027          0.3714502      44008.5724792      11053.8161429
  21 2029          0.3714502      44149.4122291      11025.1669979
  21 2031          0.4240967      44121.2737965      11552.7744220
  21 2033          0.3889990      44212.9813119      11359.3922347
  21 2035          0.4299463      44099.8527628      11646.9103635
  21 2037          0.4182471      44056.3082289      11576.0359298
  21 2039          0.3772998      44050.1036034      11002.3555201
  21 2041          0.3714502      44089.7335366      10998.0448486
  21 2043          0.4065479      44078.2456245      11441.5726279
  22 2019          0.3977734      44478.7094624      11437.7082553
  22 2021          0.3772998      44460.6492569      11264.9048474
  22 2023          0.4006982      44452.1962399      11447.8126549
  22 2025          0.3831494      44430.6065376      11326.7474875
  22 2027          0.4240967      44370.2128330      11672.5268028
  22 2029          0.3626758      44419.2417552      10926.3413207
  22 2031          0.3772998      44542.2349140      11211.6483628
  22 2033          0.4299463      44396.8924517      11709.0185224
  22 2035          0.3889990      44501.2235804      11462.1003306
  22 2037          0.3831494      44356.9339822      11316.6424665
  22 2039          0.3802246      44386.0882106      11288.7609770
  22 2041          0.4036230      44391.7113805      11475.7484889
  22 2043          0.3860742      44541.8536447      11346.3407936
  23 2019          0.3977734      42701.9588580      10980.8165132
  23 2021          0.3743750      42757.3557173      10771.1477825
  23 2023          0.4153223      42752.3263590      11140.1630665
  23 2025          0.3919238      42539.5688077      11042.1618150
  23 2027          0.3948486      42730.9196611      11032.2832058
  23 2029          0.3860742      42678.0704876      10973.6527600
  23 2031          0.3919238      42668.0361497      11049.4404522
  23 2033          0.3919238      42602.8328553      10943.2142957
  23 2035          0.3860742      42623.5180205      10955.8471268
  23 2037          0.4153223      42707.7601436      11126.3626621
  23 2039          0.3860742      42679.9510154      10919.2707910
  23 2041          0.3831494      42736.0404816      10798.3949957
  23 2043          0.4211719      42672.6709319      11177.8184684
  24 2019          0.3977734      43928.4203076      11296.2012988
  24 2021          0.3802246      43962.0908677      11170.3676916
  24 2023          0.4094727      43778.0458467      11402.4236341
  24 2025          0.3772998      43880.8803673      11122.7707729
  24 2027          0.3802246      43930.8181220      11149.8113081
  24 2029          0.4153223      43955.9706778      11453.8553421
  24 2031          0.3860742      43991.9174154      11276.2985399
  24 2033          0.3772998      43790.7958999      11050.1347126
  24 2035          0.3568262      43825.4783317      10677.6141979
  24 2037          0.3597510      43913.7920584      10761.5343104
  24 2039          0.3919238      43896.6722361      11326.8513679
  24 2041          0.3977734      43881.2523277      11409.1341724
  24 2043          0.4036230      43950.4143882      11415.2255546
  25 2019          0.3977734      45213.6272225      11626.6924915
  25 2021          0.3772998      45177.6866947      11431.9021508
  25 2023          0.4299463      45178.5113493      11865.2127468
  25 2025          0.3860742      45274.2826974      11609.3787528
  25 2027          0.4270215      45035.9815074      11893.6320441
  25 2029          0.3685254      45049.6872346      11285.2733467
  25 2031          0.3641382      45159.8460078      11127.6448822
  25 2033          0.4211719      45219.1956507      11803.9520966
  25 2035          0.3802246      45166.1592827      11501.9954047
  25 2037          0.4094727      45108.0524479      11743.5923507
  25 2039          0.3831494      45246.6265957      11558.5566535
  25 2041          0.4387207      45146.3311852      11905.7381006
  25 2043          0.3919238      45152.3972256      11652.1686135
  26 2019          0.3977734      43989.5635470      11311.9242939
  26 2021          0.3743750      43884.9764401      11050.4352651
  26 2023          0.4094727      44047.8840252      11412.5689674
  26 2025          0.3919238      43966.5144781      11369.7634401
  26 2027          0.3772998      43936.1201426      11123.4181483
  26 2029          0.3714502      44013.5071552      11034.1532365
  26 2031          0.3685254      44038.2748376      10940.1779592
  26 2033          0.4240967      43876.5272650      11501.1180100
  26 2035          0.3860742      44038.1370109      11216.6909468
  26 2037          0.4270215      43990.8090014      11522.2152589
  26 2039          0.3860742      43982.4868165      11254.4678309
  26 2041          0.4123975      43859.2437977      11415.8952543
  26 2043          0.3860742      43846.0488652      11232.9715615
  27 2019          0.3977734      43498.0198575      11185.5237445
  27 2021          0.3772998      43342.7244787      10953.4421127
  27 2023          0.4123975      43507.1708460      11289.6425068
  27 2025          0.3860742      43497.8570494      11153.7568275
  27 2027          0.4094727      43372.9901928      11272.2687243
  27 2029          0.3743750      43374.6563039      10955.3141508
  27 2031          0.3743750      43438.0424348      10923.7761482
  27 2033          0.4182471      43420.1021180      11340.5143151
  27 2035          0.3860742      43546.5632048      11140.1792828
  27 2037          0.4153223      43518.2534351      11333.0668362
  27 2039          0.3860742      43404.9821836      11119.3684227
  27 2041          0.3802246      43342.0310199      10948.5967835
  27 2043          0.3977734      43455.2139256      11138.4727048
  28 2019          0.3977734      43378.1311528      11154.6943422
  28 2021          0.3743750      43364.7193012      10931.9047530
  28 2023          0.3889990      43236.7293466      11016.0838724
  28 2025          0.3802246      43317.5811923      11019.1483960
  28 2027          0.4357959      43344.8204326      11441.0872561
  28 2029          0.3860742      43292.0442946      11101.1930067
  28 2031          0.4094727      43262.4952351      11256.2354415
  28 2033          0.3860742      43343.5572767      11076.3515780
  28 2035          0.4182471      43356.3796463      11343.1619664
  28 2037          0.3743750      43340.9161305      10939.3605984
  28 2039          0.3626758      43360.4025064      10678.4252744
  28 2041          0.4006982      43355.2834477      11113.2778347
  28 2043          0.3919238      43259.3124953      11168.2798831
  29 2019          0.3977734      44382.7984986      11413.0447335
  29 2021          0.3772998      44362.0495202      11205.7260287
  29 2023          0.4357959      44301.9717156      11709.1688045
  29 2025          0.3802246      44323.3499160      11304.7231339
  29 2027          0.3656006      44391.3454268      11027.5589666
  29 2029          0.3714502      44411.1398474      11086.1599716
  29 2031          0.4240967      44265.2504147      11642.0981810
  29 2033          0.3860742      44425.7704946      11388.0290435
  29 2035          0.4036230      44227.2977457      11447.8026881
  29 2037          0.3743750      44288.4340674      11192.7319598
  29 2039          0.4211719      44391.8591673      11584.5659001
  29 2041          0.3860742      44406.2230648      11379.4562099
  29 2043          0.4328711      44206.0934948      11665.8354804
  30 2019          0.3977734      45464.1946154      11691.1259423
  30 2021          0.3802246      45363.2521459      11555.5235455
  30 2023          0.4123975      45446.6738504      11820.8554210
  30 2025          0.3919238      45453.1753940      11753.1038008
  30 2027          0.3772998      45481.1793798      11484.7750178
  30 2029          0.3626758      45498.5055157      11184.9970060
  30 2031          0.4123975      45341.8341703      11825.7113765
  30 2033          0.3919238      45526.5351512      11757.5311010
  30 2035          0.4006982      45354.4070531      11764.8010401
  30 2037          0.3656006      45298.8870361      11215.7901815
  30 2039          0.4036230      45539.8517313      11775.8960088
  30 2041          0.3919238      45439.2127527      11757.1098990
  30 2043          0.4036230      45312.5385534      11733.3044771
  31 2019          0.3977734      42622.8323128      10960.4691076
  31 2021          0.3772998      42668.6683573      10796.4725126
  31 2023          0.4182471      42536.7876576      11129.6464132
  31 2025          0.3714502      42469.8679805      10687.4081182
  31 2027          0.4240967      42555.9267307      11172.7494336
  31 2029          0.3919238      42568.6547684      11012.3600466
  31 2031          0.3772998      42494.7989397      10776.1449678
  31 2033          0.3743750      42462.2402595      10705.3791497
  31 2035          0.3656006      42507.6977513      10574.5491011
  31 2037          0.3860742      42643.5703517      10902.9717791
  31 2039          0.4153223      42641.8422304      11135.4971111
  31 2041          0.3889990      42572.5658620      10971.6339655
  31 2043          0.4094727      42615.8153969      11062.8115992
  32 2019          0.3977734      44850.3644471      11533.2794025
  32 2021          0.3802246      44851.1520233      11395.7953184
  32 2023          0.4065479      44708.5889228      11576.4351208
  32 2025          0.3860742      44741.1012215      11455.6295123
  32 2027          0.4036230      44882.7868175      11557.5908809
  32 2029          0.3714502      44764.7870170      11195.0304850
  32 2031          0.3919238      44840.6993382      11453.8514280
  32 2033          0.3860742      44693.9805707      11429.4037738
  32 2035          0.4416455      44837.8383138      11853.5338985
  32 2037          0.3860742      44829.6290989      11473.9832136
  32 2039          0.3948486      44788.6528094      11501.8523651
  32 2041          0.3743750      44807.5017779      11223.2462012
  32 2043          0.4094727      44708.6014960      11638.5914798
  33 2019          0.3977734      43767.7694432      11254.8898997
  33 2021          0.3919238      43728.3861283      11314.9651954
  33 2023          0.4240967      43775.4385004      11496.9624365
  33 2025          0.4328711      43688.5272045      11518.6917355
  33 2027          0.4065479      43777.0364311      11238.5399762
  33 2029          0.3714502      43646.9823726      10914.9929431
  33 2031          0.4182471      43751.8649642      11401.5254729
  33 2033          0.3860742      43793.7145225      11221.0135851
  33 2035          0.4211719      43725.8361146      11420.3665399
  33 2037          0.3802246      43762.9641344      11119.7842219
  33 2039          0.4182471      43648.6307926      11452.1130878
  33 2041          0.3626758      43686.2188637      10838.1316865
  33 2043          0.3977734      43796.3003763      11314.3716973
  34 2019          0.3977734      42927.3496229      11038.7757895
  34 2021          0.3685254      42809.1538578      10663.4663225
  34 2023          0.3714502      42801.5894433      10713.7923809
  34 2025          0.4299463      42935.3173168      11259.3576532
  34 2027          0.3831494      42933.1946198      10959.9503669
  34 2029          0.4094727      42814.6266004      11150.7049240
  34 2031          0.3977734      42789.9127110      11153.5691369
  34 2033          0.3948486      42906.1979871      11116.7743890
  34 2035          0.3568262      42976.3171257      10530.0503597
  34 2037          0.3509766      42760.1456842      10178.8938464
  34 2039          0.3714502      42789.5739089      10705.8304964
  34 2041          0.4270215      42852.2794115      11261.0414700
  34 2043          0.3860742      42810.8797440      11001.5979553
  35 2019          0.3977734      42121.6975270      10831.6022060
  35 2021          0.3656006      42100.8842919      10350.9991299
  35 2023          0.4036230      42034.4105373      10859.5223099
  35 2025          0.3743750      41971.7069039      10569.8148274
  35 2027          0.3977734      42091.3499556      10756.7314580
  35 2029          0.3743750      41982.1457695      10556.0510241
  35 2031          0.4357959      42108.5809386      11081.2809975
  35 2033          0.3889990      42011.3606544      10803.0497991
  35 2035          0.4036230      42148.9092850      10839.9405700
  35 2037          0.3860742      42111.2130384      10796.1491109
  35 2039          0.4036230      42072.7801338      10901.2200829
  35 2041          0.3802246      42083.4017239      10703.3726744
  35 2043          0.4094727      42173.7218304      10963.0003327
  36 2019          0.3977734      43402.1088937      11160.8602226
  36 2021          0.3743750      43329.5509222      10909.4136778
  36 2023          0.4065479      43430.1692937      11192.4986922
  36 2025          0.3860742      43293.7839235      11097.0181133
  36 2027          0.4182471      43364.0764635      11334.6215091
  36 2029          0.3889990      43397.6454846      11161.7900042
  36 2031          0.4270215      43273.5642124      11407.9625333
  36 2033          0.3743750      43428.1807040      10938.7544046
  36 2035          0.4036230      43262.8087574      11207.6139793
  36 2037          0.3889990      43355.9344666      11174.3981107
  36 2039          0.4211719      43353.1658889      11378.9967640
  36 2041          0.3626758      43407.1957785      10752.1896865
  36 2043          0.3714502      43394.6014820      10893.5614945
  37 2019          0.3977734      44078.2811885      11334.7380516
  37 2021          0.3889990      44083.4019130      11313.9415738
  37 2023          0.4299463      43992.8731060      11561.9464050
  37 2025          0.3772998      44067.5228688      11157.3370966
  37 2027          0.4211719      44113.5383893      11492.3096910
  37 2029          0.3802246      44032.0549851      11217.5046318
  37 2031          0.4328711      44086.1601599      11601.9853110
  37 2033          0.3919238      44112.1253632      11395.5726838
  37 2035          0.4211719      44032.9767216      11539.3334868
  37 2037          0.3831494      44012.1146350      11225.0748105
  37 2039          0.3802246      44042.8357661      11167.0391271
  37 2041          0.3860742      44132.2875009      11244.6452947
  37 2043          0.3714502      44051.1495307      11047.7059095
  38 2019          0.3977734      43984.7679988      11310.6911178
  38 2021          0.3831494      44027.6859031      11227.3325391
  38 2023          0.4270215      43939.3103036      11530.3725053
  38 2025          0.3743750      43936.0621349      11086.4856814
  38 2027          0.3685254      43970.1228742      10961.4404742
  38 2029          0.4153223      43861.9006071      11468.5117828
  38 2031          0.3919238      44055.7704383      11375.7320406
  38 2033          0.4270215      43854.1595438      11541.9785029
  38 2035          0.3802246      43932.8972486      11203.6722768
  38 2037          0.3714502      44047.8379678      11017.0352338
  38 2039          0.4094727      43922.0791787      11409.7909768
  38 2041          0.3802246      43944.0294545      11198.8875118
  38 2043          0.4123975      43922.5838475      11453.1690982
  39 2019          0.3977734      43072.4149557      11076.0793663
  39 2021          0.3743750      42972.1813953      10830.8715132
  39 2023          0.4182471      42986.8401884      11217.4370179
  39 2025          0.3889990      42960.9246915      11079.8803025
  39 2027          0.4153223      42961.6013852      11264.6357270
  39 2029          0.3802246      42911.0697944      10964.5603104
  39 2031          0.3670630      43018.7903108      10729.9014011
  39 2033          0.4153223      43041.5383716      11233.4866405
  39 2035          0.3889990      42981.6305740      11064.9052781
  39 2037          0.3802246      43117.6127927      10918.2836262
  39 2039          0.4036230      43080.4033290      11107.4331717
  39 2041          0.3860742      43056.0527087      11024.8002447
  39 2043          0.4036230      43004.2086387      11133.3308336
