2019 2020 2021 2022 2023 2024 2025 2026 2027 2028 2029 2030 2031 2032 2033 2034 2035 2036 2037 2038 2039 2040 2041 2042 2043 2044 2045
 0.3695097  0.3885950  0.3498840  0.3845838  0.3300263  0.4207396  0.3829020  0.4439786  0.3830069  0.4874348  0.5135651  0.3966860  0.3471230  0.5238332  0.4349937  0.6828814  0.7688635  0.5017972  0.4578224  0.3226910  0.2546000  0.3247614  0.2666547  0.3784792  0.3090615  0.5486931  0.5662737
 0.3692543  0.3374912  0.3279683  0.4226882  0.4219961  0.4135376  0.4587620  0.3788572  0.4041526  0.3677881  0.3443534  0.2509710  0.2493760  0.2574491  0.2642962  0.2707833  0.2672805  0.2990100  0.2955770  0.5560580  0.5708180  0.4927740  0.5542861  0.3941732  0.3630752  0.4237723  0.3900327
 0.3801220  0.4173775  0.4243990  0.4098400  0.4039183  0.6228952  0.5591282  0.4697330  0.5117892  0.4817002  0.4922009  0.5247486  0.5437015  0.3277203  0.3147786  0.5557206  0.6502864  0.4602507  0.3882401  0.4073845  0.3825440  0.6697046  0.7883106  0.4895746  0.4633811  0.3995796  0.4210542
 0.3818405  0.2724570  0.2547551  0.4258272  0.4595294  0.4171477  0.3071084  0.3241793  0.2971458  0.3108017  0.3258151  0.2809345  0.3308699  0.2872792  0.2935566  0.3617675  0.3150816  0.4730725  0.6017778  0.5119250  0.7423922  0.6110119  0.6589458  0.3101393  0.3007597  0.4135151  0.3994877
 0.3673954  0.3135630  0.2996084  0.3518169  0.3725289  0.4491172  0.3937577  0.7310370  0.8589839  1.2922790  1.1050238  0.4708579  0.4092316  0.5387988  0.5806689  0.7140390  1.1333922  0.6063831  0.5930750  0.2996221  0.2977239  0.5208881  0.5363711  0.7904358  0.7980745  0.4568170  0.4052942
 0.3209617  0.4735161  0.4764657  0.5217802  0.5138231  0.4943252  0.5250567  0.5085694  0.5073575  0.4513407  0.4651736  0.2925167  0.2920586  0.3824669  0.4071085  0.4359631  0.4768060  0.3510547  0.3055132  0.3660317  0.3270269  0.5178027  0.6646420  0.6752649  1.0569410  0.4400626  0.2881566
 0.3727774  0.4758018  0.4773350  0.3281902  0.2977365  0.3056333  0.2790515  0.3210967  0.3341976  0.3567986  0.3653990  0.4134984  0.3956741  0.3352353  0.3076959  0.5405375  0.5759283  0.4684237  0.4964170  0.3480984  0.3266334  0.3321770  0.3008799  0.3927412  0.4832049  0.3316369  0.3442057
 0.3877464  0.2430914  0.2219361  0.2503582  0.2419873  0.3694746  0.3371293  0.7332641  1.0995527  0.5186857  0.5796484  0.7091020  0.8638735  0.4113298  0.3572550  0.3358762  0.3008894  0.4951263  0.4020523  0.7520981  0.9832293  0.9541400  1.5903219  0.3402671  0.3423517  0.3620736  0.3190786
 0.3602831  0.4410332  0.4572245  0.6412870  0.6851092  0.5779749  0.6125553  0.2715794  0.2570748  0.2827665  0.3046236  0.3341553  0.3323208  0.3070945  0.2719436  0.3236368  0.3303562  0.3274470  0.3320172  0.3673118  0.3670807  0.3448074  0.3519808  0.3647656  0.3396631  0.3361033  0.3080344
 0.3550107  0.4897505  0.4907882  0.3960343  0.3978208  0.3258358  0.3812386  0.4382657  0.5176444  0.3103473  0.2702169  0.3008955  0.2978975  0.3356885  0.3143122  0.3411892  0.3479722  0.3833676  0.3906316  0.3323935  0.3040190  0.5695414  0.5983556  0.4666576  0.4586174  0.4265235  0.4036485
 0.3576641  0.2905598  0.2997022  0.2987060  0.3127470  0.3604900  0.3751745  0.4337622  0.5067320  0.3647892  0.3578470  0.3464801  0.3009124  0.4751722  0.4710597  0.4408847  0.4421141  0.4336651  0.4413379  0.2934054  0.2835803  0.4362470  0.4160931  0.4533515  0.4642410  0.6428895  0.9635666
 0.3668815  0.3722523  0.4037300  0.4521648  0.4838455  0.4422597  0.5083504  0.4329358  0.4281944  0.4649637  0.4639805  0.3621558  0.3463144  0.4200299  0.4058766  0.4439132  0.4772974  0.5408265  0.5098305  0.3743535  0.3561247  0.4333985  0.4826748  0.6246954  0.6975157  0.4604306  0.4453596
 0.3668324  0.3981856  0.4020926  0.3541408  0.3639246  0.2981767  0.2997824  0.2558706  0.2739792  0.3404147  0.3391096  0.5522744  0.6882403  0.7672527  0.6321035  0.3310466  0.3217450  0.6987201  0.7511177  0.3847506  0.3598097  0.4301615  0.4547766  0.7290533  0.8585530  0.8587291  1.0383625
 0.3968966  0.4801266  0.5040049  0.6555415  0.6402769  0.5625007  0.4574358  0.8581728  1.2267624  1.0272051        NaN  0.3081644  0.3216604  0.5349139  0.5127054  0.5194940  0.5437850  0.3740146  0.3598397  0.4085710  0.3723399  0.5304190  0.6805748  0.4659444  0.6273409  0.3875462  0.3290371
 0.3064559  0.4395685  0.4558172  0.4876366  0.4513186  0.3705298  0.3446768  0.3477698  0.3535360  0.4649795  0.4448113  0.3400271  0.3415169  0.3954010  0.3877386  0.3390521  0.3485414  0.4300803  0.4257572  0.5292206  0.6295243  0.3934888  0.3800655  0.2582171  0.2898224  0.3126194  0.2786514
 0.3335692  0.4022462  0.4137501  0.3287560  0.3092332  0.5275678  0.5617612  0.7276221  1.0827017  0.6393404  0.7166661  0.3671738  0.3591625  0.3329957  0.3221938  0.3069294  0.2871963  0.3492205  0.3088146  0.3007275  0.3056093  0.4627690  0.4381116  0.4545862  0.4414882  0.4668089  0.5051450
 0.3340155  0.5049869  0.5012026  0.3734759  0.3737861  0.4237329  0.3838044  0.3727306  0.3450379  0.3700047  0.3849775  0.3724760  0.3621818  0.3607563  0.4371790  0.4335944  0.4731725  0.4504278  0.4369619  0.5603205  0.5103305  0.6942750  0.8778053  0.4118022  0.3630511  0.4875323  0.5298272
 0.3142766  0.3389597  0.3240552  0.4182522  0.3917899  0.3565543  0.3521584  0.4813336  0.5644220  0.4185038  0.4163935  0.3470008  0.3599005  0.4176200  0.3841470  0.3467001  0.3431124  0.3469144  0.3247919  0.3764550  0.4142321  0.3042093  0.3092177  0.3441764  0.3171447  0.3300907  0.3543457
 0.3523488  0.3943764  0.4144008  0.8769910  0.8441893  0.5340637  0.4866466  0.8246223  1.3514162  0.5128483  0.4412406  0.3601105  0.3506613  0.3836737  0.3649022  0.3326902  0.3078354  0.3709584  0.3819867  0.3129843  0.3173188  0.3575000  0.3870404  0.3232387  0.3109362  0.3606094  0.3719814
 0.3410757  0.3477605  0.3599376  0.4833332  0.5370207  0.4217847  0.4002326  0.4454415  0.4680813  0.2868983  0.2695671  0.2848507  0.2881568  0.3422294  0.3470489  0.4977831  0.4866892  0.9031699  1.8108044  0.5468004  0.3966865  0.7455916  0.6384388  0.6692827  0.7633544  0.5702230  0.6165881
 0.3464490  0.3501835  0.3703423  0.2781259  0.2944874  0.3288728  0.2859031  0.3792822  0.4010331  0.3006550  0.3648765  0.3304207  0.3485168  0.3538224  0.3659845  0.4386913  0.4210155  0.5675984  0.5691708  0.6617933  0.7071330  0.4216950  0.4794558  0.4388558  0.4481140  0.4127549  0.4130424
 0.3913524  0.3500577  0.3482564  0.3427093  0.3427753  0.2902985  0.2943485  0.4231225  0.4502590  0.2509001  0.2488407  0.3181005  0.3734623  0.3516197  0.3695480  0.3596045  0.3477970  0.3517052  0.3621883  0.4706698  0.4724519  0.4352917  0.4789482  0.2874993  0.3033644  0.2729245  0.2561781
 0.4014681  0.3438882  0.3691952  0.6414672  0.7251322  1.4665233  3.4330428  1.6529961  1.0304994  0.5324510  0.5334709  1.3937881  1.0228858  0.7217351  0.7239927  1.0777248  1.5105692  0.3334085  0.3318221  0.2735314  0.2916136  0.2649251  0.2715805  0.4121509  0.4236588  0.4691109  0.4419577
 0.3740420  0.3908608  0.3665159  0.3548648  0.3541304  0.3604724  0.3726471  0.3119052  0.3371465  0.3547015  0.3807711  0.4196779  0.4134848  0.4933965  0.5525204  0.4127019  0.4447179  0.3995187  0.3792158  0.5168764  0.5753269  0.5404371  0.6638468  0.4309625  0.3463895  0.2783311  0.2570553
 0.3197832  0.3447104  0.3428973  0.3835808  0.3821942  0.4360778  0.4798643  0.5726619  0.4327652  0.2715764  0.2775382  0.3751162  0.3992598  0.4214377  0.4604687  0.4840280  0.5043206  0.4118127  0.3863576  0.3606613  0.3399869  0.4561030  0.4409873  0.3728763  0.4345053  0.2148482  0.2933042
 0.3580357  0.3032546  0.2935689  0.3090059  0.3231969  0.4965161  0.5486171  0.3653279  0.4009586  0.3840640  0.3488697  0.3178740  0.3081227  0.2951999  0.3294921  0.2566180  0.2642192  0.2662900  0.2743229  0.3338988  0.3199563  0.3657159  0.3476874  0.3505140  0.3753633  0.2446823  0.2500449
 0.3515953  0.2868848  0.2909978  0.3547505  0.3331913  0.3843186  0.4096312  0.2949549  0.2972855  0.3513406  0.3438568  0.3029212  0.3016358  0.2360265  0.2530485  0.2881372  0.2840532  0.3303281  0.2866252  0.4250397  0.4340983  0.2730365  0.2961386  0.3548060  0.3591039  0.4073557  0.4160308
 0.3473115  0.3555762  0.3560433  0.3545880  0.3677204  0.4439533  0.3704712  0.3496013  0.3595553  0.3344246  0.3459872  0.4123005  0.4504891  0.3902172  0.3954814  0.4384829  0.3919174  0.4907605  0.4631408  0.4058251  0.3942796  0.2979407  0.2896822  0.3959109  0.4321654  0.5050697  0.6179968
 0.3468890  0.3194683  0.3093122  0.4783111  0.4615959  0.4609318  0.4770399  0.3982763  0.4320121  0.2864974  0.2488983  0.3484419  0.3136514  0.3812371  0.3988397  0.3422741  0.3767581  0.4416458  0.5626810  0.3159850  0.3131069  0.3417997  0.2980721  0.3366089  0.3428951  0.3249983  0.3105884
 0.3100406  0.3852344  0.3849769  0.3560203  0.3331204  0.4738460  0.4935309  0.4651632  0.5816639  0.3169991  0.3033585  0.3440362  0.3398789  0.5430031  0.6314332  0.5634697  0.6340228  0.3543729  0.3442597  0.4019500  0.4194887  0.7876337  1.0195999  0.4376201  0.3770458  0.5052978  0.4283213
 0.3476240  0.3788812  0.4113740  0.4177188  0.4392344  0.3923380  0.3861906  0.4799624  0.5203836  0.4384755  0.4802765  0.3361228  0.3171829  0.3574100  0.3401927  0.4060406  0.4007580  0.4209069  0.4189082  0.5125627  0.5540125  0.4929163  0.4848341  0.3340357  0.3186785  0.3288624  0.3225949
 0.3462581  0.3503129  0.3462177  0.2800324  0.2680103  0.3267411  0.3502965  0.3373074  0.3554978  0.2830604  0.2626240  0.2937878  0.2936099  0.2780285  0.3121269  0.2888627  0.2950330  0.3368076  0.3179577  0.3548608  0.3416123  0.2697520  0.2978191  0.3913063  0.4090176  0.3852496  0.3992412
 0.3755038  0.9423003  1.1870796  0.6103894  0.4985401  0.7283467  0.6753664  0.6187038  0.5706760  0.4459609  0.5002364  0.5085798  0.5194886  0.4932780  0.4482337  0.3581592  0.3471012  0.3813375  0.3833523  0.6887931  0.7563060  0.5315024  0.5769603  0.4654502  0.4512261  0.3367142  0.3641444
 0.3588831  0.2736591  0.2830745  0.3026583  0.2983261  0.3553284  0.3302211  0.3977319  0.4177050  0.4898884  0.5404378  0.8482315  1.2844334  0.6457509  0.6619892  0.3977325  0.3686232  0.3601520  0.2930711  0.2981148  0.2725318  0.3653530  0.3731359  0.4194653  0.3875817  0.3779531  0.3426805
 0.3518535  0.2389775  0.2308705  0.3250272  0.3184210  0.3329952  0.3070319  0.3130053  0.3139444  0.2615858  0.2776753  0.2361024  0.2426602  0.2855167  0.2858074  0.2748082  0.2561847  0.4434982  0.4572492  0.4553553  0.4588385  0.3993639  0.4428691  0.4642831  0.4830390  0.5112534  0.4929904
 0.3279970  0.3050901  0.3251467  0.3224106  0.3270936  0.3742503  0.3861166  0.4177010  0.4631785  0.4486998  0.4456816  0.5631912  0.6219604  0.3293616  0.3108448  0.4933993  0.5041920  0.6722514  0.6455302  0.7043232  0.8149980  0.4630797  0.4484843  0.4410599  0.4715219  0.3998493  0.3752166
 0.3497784  0.4999825  0.4779339  0.3788394  0.3397129  0.4141803  0.3984515  0.5360350  0.7066829  0.5600436  0.4561367  0.3412009  0.3140996  0.5146095  0.5968656  0.4715664  0.5009415  0.3853479  0.4135862  0.3439489  0.3327050  0.3566234  0.3434864  0.3368676  0.3300219  0.3230094  0.3840133
 0.3498725  0.4328623  0.4541686  0.3827070  0.3656839  0.3707920  0.4074537  0.3654651  0.3988656  0.4152423  0.3747267  0.5047183  0.4995381  0.4887996  0.4745376  0.6700483  0.9500264  0.3418714  0.3223196  0.4025008  0.3706818  0.5436053  0.6566249  0.6473875  0.6271363  0.5845700  0.6018699
 0.3303611  0.3207885  0.3273737  0.3815844  0.4051007  0.4798178  0.4267695  0.5707097  0.6054407  0.5538907  0.6158726  0.5754008  0.6231331  0.3871022  0.3225004  0.3690691  0.3355423  0.3162328  0.2919681  0.3139184  0.3120198  0.3748326  0.3668454  0.3413949  0.3305990  0.4275720  0.5313322
 0.3606860  0.4096599  0.3971331  0.4815657  0.5417821  0.3641831  0.3438257  0.5794361  0.6122640  0.4749393  0.5269332  0.3346931  0.3169922  0.3058757  0.3213634  0.4165337  0.4924378  0.4609751  0.4285415  0.3124306  0.2991761  0.3118364  0.2753123  0.2952319  0.2926765  0.3714930  0.4340923
 0.3487996  0.5229338  0.5471675  0.5357644  0.5508086  0.4906989  0.5412151  0.4052594  0.4115816  0.3748852  0.3497700  0.3754282  0.3673199  0.3388579  0.3135296  0.3332924  0.3466195  0.3334949  0.3366591  0.4151601  0.4245468  0.4285805  0.4831721  0.3857609  0.4629991  0.4576707  0.4863442
 0.3874009  0.5124444  0.5343178  0.4671587  0.4593637  0.3620168  0.4083048  0.4141154  0.4684213  0.3583477  0.3586842  0.3307866  0.3548522  0.6348795  0.6773746  0.7251483  1.0672713  0.3650542  0.3567269  0.4329985  0.4416582  0.3197514  0.3415256  0.4374437  0.3427694  0.3812520  0.3574151
 0.3821057  0.5558669  0.5352729  0.5309234  0.5081196  0.4669953  0.4452976  0.3432489  0.3090191  0.3036808  0.2942908  0.4012493  0.4371329  0.2140983  0.2657134  0.3778255  0.3789811  0.4815868  0.5219506  0.4453152  0.4708927  0.5005252  0.4535554  0.3367285  0.3181380  0.2916216  0.2932427
 0.3650403  0.4038396  0.4140817  0.3379894  0.3189049  0.3682403  0.3734336  0.3731248  0.4581126  0.3947592  0.4038788  0.2970729  0.3036081  0.2603278  0.2744181  0.4320256  0.4176748  0.4024470  0.4220317  0.3462773  0.3814655  0.3128304  0.2733965  0.3282699  0.3024235  0.4075015  0.3958619
 0.3391944  0.5225409  0.5409771  0.9980621  1.2872028  0.4846878  0.4512024  0.4278354  0.4227719  0.3953085  0.4228202  0.3431263  0.3336390  0.3723236  0.3599009  0.3884955  0.3631229  0.4835698  0.4990186  0.7208250  0.9252828  0.5422050  0.4572904  0.4328851  0.4104016  0.3641676  0.3518518
 0.3729476  0.4426487  0.4320792  0.4094529  0.4152301  0.3886310  0.4124017  0.5456017  0.5865193  0.3570327  0.3635504  0.3597860  0.3028059  0.3774992  0.3684306  0.5233951  0.6376965  0.5461566  0.5644291  0.6960974  0.6708934  0.4337464  0.4190555  0.4982094  0.6357126  0.6764897  0.7090942
 0.3410919  0.4705267  0.4680897  0.4564642  0.4632694  0.4990994  0.5033051  0.4857320  0.4946144  0.3889548  0.3712304  0.3073806  0.2779507  0.3573751  0.4050889  0.3627753  0.4213327  0.3881598  0.3742680  0.3563192  0.3561858  0.5053043  0.5051072  0.7244520  0.7652235  0.5095926  0.5047131
 0.3575257  0.4007026  0.3824713  0.2747539  0.2759506  0.4558265  0.4959405  0.3477875  0.3467241  0.3552617  0.3501690  0.3353340  0.3262882  0.4093028  0.4055926  0.6611787  0.9918590  0.4134087  0.3753320  0.3250521  0.3067669  0.3568567  0.3399887  0.4820743  0.5164076  0.5362971  0.5707841
 0.3488433  0.3501643  0.3437868  0.3128194  0.3248524  0.3735409  0.3905677  0.3114487  0.2770457  0.3521712  0.3554583  0.3935386  0.4776434  0.3571760  0.3189627  0.3945475  0.3958163  0.3326817  0.3307875  0.2619080  0.2763736  0.2486934  0.2165225  0.3160778  0.3119325  0.4308221  0.5369211
 0.3112930  0.3158586  0.3123622  0.5106522  0.5500566  0.6666989  0.6116384  0.6548407  0.7459060  0.5472598  0.5525427  0.3342458  0.2879404  0.4702861  0.5354253  0.5288642  0.5188618  0.3872663  0.3974924  0.3526938  0.3607936  0.5089334  0.4811791  0.5407379  0.5746912  0.7085643  0.6968154
