2019 2020 2021 2022 2023 2024 2025 2026 2027 2028 2029 2030 2031 2032 2033 2034 2035 2036 2037 2038 2039 2040 2041 2042 2043 2044 2045
  25959.53   26051.37   25638.57   25630.52   24037.25   23060.10   24048.60   26459.60   25044.90   22969.43   20019.30   18790.36   18529.43   19622.32   20335.10   19720.35   15582.45   13091.37   14418.59   16913.69   19137.86   19711.46   20377.03   23407.24   24133.42   25246.45   24776.74
  25975.45   26096.72   26267.97   26446.65   25418.70   23575.41   21445.90   19463.13   18213.03   18418.81   20135.11   20831.11   24592.19   28078.12   28789.58   29346.93   27745.91   24929.52   24145.03   24847.32   21316.65   18192.53   19039.86   23450.76   31348.83   37318.78   40324.24
  25467.19   25159.79   24517.00   26131.64   28566.97   34404.23   38104.76   35336.93   31716.62   27859.67   25843.19   24925.69   25489.11   25873.51   26349.13   24999.63   20341.30   20441.03   27455.35   31280.48   29964.39   27555.26   23081.23   21088.21   22186.72   20768.62   18266.44
  25289.83   25243.07   27085.56   27051.24   22857.22   19544.20   35712.55   61557.61   68575.18   69155.70   64524.71   55699.46   48276.02   53263.59   72383.66   82786.13   80192.69   69579.67   49540.34   31403.84   21183.75   14543.84   14361.94   21208.09   32198.24   36849.61   38427.42
  26039.35   26088.90   26899.84   26767.35   25466.92   34256.86   46863.60   50979.72   40132.13   35321.94   42210.67   46884.62   51305.06   50680.09   42054.59   30729.69   21415.32   13974.99   15747.66   23407.44   32769.53   37938.58   35139.14   33884.91   35148.12   35135.74   33320.47
  29351.88   29700.03   27303.97   27662.65   29223.88   30203.09   30879.89   30303.43   29893.51   29278.89   27777.39   26355.27   25908.14   26397.84   24811.04   22070.34   19257.95   23747.33   36044.36   43757.41   42050.33   37067.53   27210.40   18883.95   13787.66    9422.22   12954.89
  25822.80   26060.51   24663.93   23505.25   24656.95   26640.31   27314.67   24591.48   25034.80   28013.96   28352.73   30159.16   34901.08   40735.21   44230.80   45611.20   39077.13   31111.41   29968.92   31935.09   40401.01   48104.52   49067.30   45433.05   35393.30   26522.26   24629.99
  24991.85   24449.98   26249.42   26788.00   35385.93   48774.90   51192.65   49400.26   35727.38   23816.82   21708.01   17900.60   14679.12   11150.79   15382.82   23156.90   28602.80   42887.71   54901.99   53771.17   36726.84   20691.45   16935.35   15936.01   20568.26   26460.33   32222.51
  26551.78   26416.61   25171.40   24376.95   21454.54   18205.64   17124.58   16033.07   16538.81   17548.14   18337.46   18894.39   20922.94   24329.87   28866.83   32073.29   35608.50   40329.30   39958.49   38427.79   36483.57   34836.13   35572.75   39158.56   41132.36   41647.12   44392.93
  26856.33   26723.11   24783.08   21853.20   19582.66   16766.06   14582.21   12065.85   11146.63   11742.45   14652.59   17191.90   18235.39   20935.88   23204.34   22804.83   21720.93   21435.28   21508.06   24125.78   28932.99   32542.88   28825.13   23289.33   27294.36   34759.79   35925.39
  26666.73   26817.68   27696.74   28527.06   29547.28   30442.40   27011.10   22813.06   19486.79   16813.34   18145.53   20138.53   23177.62   27684.16   27449.93   26154.17   24302.93   21616.39   22291.70   25581.32   30963.70   37700.89   38789.88   37158.53   32384.99   25680.23   17446.06
  26098.35   26266.96   25941.34   25245.01   21426.49   18040.24   17067.08   17057.04   20341.13   22576.52   24105.80   28357.05   32469.21   33283.87   32911.63   33807.17   30461.73   28718.99   32915.51   37099.61   37260.08   32922.95   26716.52   22393.45   18261.36   15988.64   18150.59
  26048.27   26011.29   25591.78   23867.62   24731.13   28578.30   31292.41   30147.89   33167.16   38223.67   36151.98   31956.95   23568.78   16708.27   23347.48   34399.09   38891.88   40090.29   40165.07   46212.28   50689.74   50158.10   47116.25   46922.02   39972.87   30535.32   25752.81
  24483.34   24136.95   23249.74   26027.90   30376.49   44840.54   59407.07   58544.68   37050.41   16782.09   10110.05   19437.96   44322.32   54475.01   52197.71   49239.23   42975.88   44606.21   54338.58   57441.78   54604.65   48111.30   35299.18   22908.24   17420.73   15167.41   21306.11
  30409.17   31412.83   29159.72   28196.32   31947.61   36581.66   38499.88   39533.27   40318.46   41403.37   42231.59   40098.90   40532.48   42042.80   37726.09   33499.43   34494.42   36488.38   35639.41   31752.27   24680.76   19645.21   20899.51   21354.94   22992.23   31527.87   47331.00
  28278.60   28753.38   27660.85   31695.40   38884.22   41003.28   35243.92   28552.38   20655.23   14168.68   13029.39   12479.79   13473.21   13992.78   16740.19   19459.87   21214.11   24191.59   26002.48   26145.27   23640.91   23776.91   25463.29   25927.41   27119.38   27641.48   25365.72
  28329.41   28845.12   27077.56   27469.42   31732.72   39738.98   46679.56   53468.31   62186.92   63149.26   58558.08   54269.72   49224.90   41592.78   34185.45   28810.04   27028.17   27663.34   28461.79   31630.36   31923.31   27677.97   24790.65   30722.14   41098.77   43169.42   35780.00
  29696.28   30542.62   30401.49   30733.62   30465.13   29292.45   26531.21   23729.38   19983.54   16713.70   16384.25   16748.44   20648.54   26010.88   27515.80   28422.86   29187.47   28682.53   27937.91   26037.42   23135.65   22066.60   26093.56   32822.91   37265.66   36513.80   36955.22
  26904.66   27432.08   26553.05   29232.02   31097.53   30860.76   29715.28   26355.57   18090.94   13726.45   18573.29   20182.73   22546.84   25083.55   27929.17   33807.92   38223.94   39751.25   39248.48   37562.44   38094.84   37205.17   35570.87   38115.66   40323.46   39377.06   35921.76
  27754.21   27724.16   27539.99   26665.56   24069.24   23331.76   23409.32   21400.14   17143.90   15657.41   19703.40   23124.21   23816.80   23223.93   25185.17   29252.25   26148.09   21197.10   14154.80   14941.49   28029.84   41265.59   44146.47   40448.19   34875.76   29684.88   27490.03
  27337.97   27563.26   27897.12   48368.36   78441.14   86963.86   81262.98   71029.18   56023.15   42225.19   34805.29   31705.68   30740.28   29953.47   28089.87   34230.36   44608.35   47890.80   46797.75   49246.68   42478.83   30735.70   28542.65   29005.45   30166.65   30786.19   31305.84
  24720.35   24754.63   25024.12   23818.10   23045.68   23256.92   22681.25   23347.84   23245.04   21281.63   21205.50   20137.60   17603.81   16391.35   18044.45   20064.85   22348.54   28081.81   33125.56   36014.62   33643.13   30996.29   28007.74   25705.87   27145.39   26507.66   26790.41
  24274.19   23608.36   24055.05   23606.70   20957.61   20507.23   14060.08    8616.24   12075.09   14190.71   14919.93   20530.28   24828.16   24779.60   22616.73   20041.36   16191.55   11823.82   14524.49   16177.88   17983.97   23804.36   34659.59   43007.99   39211.29   39928.81   42334.11
  25756.42   25660.45   25246.46   25072.99   24706.94   22345.99   24566.33   30836.64   35033.14   37613.99   41705.76   47922.33   46297.75   40743.24   33781.19   30049.65   29519.24   32948.83   40156.08   40043.69   32481.67   24656.49   18975.42   14154.08   13840.64   16218.25   20028.81
  29426.21   29118.04   28369.59   27270.21   24749.02   21965.72   18313.37   15038.35   22997.61   36986.70   43894.85   44539.35   39233.16   34724.67   29797.99   24566.73   22249.34   21503.31   22900.69   23883.04   24181.01   24972.14   24374.51   22241.81   20309.10   40062.51   73534.43
  26734.77   26284.26   26617.07   28892.65   31363.84   32528.71   27578.60   24261.63   24714.23   25842.80   27515.37   26305.92   25856.22   25555.09   22687.87   22583.79   25116.76   28753.04   33974.93   36630.14   37923.44   39074.31   38680.55   37645.57   32567.41   27819.16   26620.54
  27078.40   27258.10   28526.11   28995.85   27703.52   27264.12   26680.92   26000.00   24931.50   23746.38   21807.03   20017.80   18086.79   17262.15   20991.53   25057.87   29193.67   36846.55   41054.86   40080.32   39676.53   43573.53   49569.30   55324.40   59234.38   60242.12   54351.48
  27402.71   27290.41   26966.93   28816.00   32019.32   36316.63   41609.77   44078.60   43973.21   42061.07   40226.04   37884.66   32573.54   28040.97   29261.69   30791.39   35286.40   40666.23   41126.55   39534.49   48870.04   65351.28   73047.33   70642.02   56483.66   44162.53   34622.26
  27325.87   27376.50   28069.12   29742.15   29318.49   25534.60   21100.25   17594.52   16848.47   16554.81   21223.41   27276.14   28429.22   27607.69   23863.23   20317.03   18827.75   16623.08   14158.18   16442.56   25221.45   32569.72   39951.66   47091.05   49967.59   50214.78   45573.23
  30111.08   30813.74   29792.58   30697.30   35598.64   38682.15   33342.04   26278.31   23759.11   29426.50   43783.82   55196.96   58373.08   56112.96   45094.74   35605.81   29664.63   23653.13   23795.13   23217.68   21701.92   19824.36   16029.16   14018.58   20654.43   29480.96   31437.72
  27375.08   27902.26   27750.16   28070.17   28341.38   27567.08   27904.49   27740.96   24501.72   21834.47   20212.45   18399.42   24175.19   31978.98   36345.05   40654.77   42450.59   42510.83   37768.30   31539.90   28954.45   27977.50   25779.36   29271.44   38131.53   43681.67   47887.59
  27305.77   28219.33   27940.25   27738.17   27981.34   26660.34   23526.38   21445.11   22254.28   22714.24   25650.46   29929.05   30805.58   28936.73   25557.43   34913.29   53716.73   60685.11   58494.20   57084.07   53443.90   46275.79   40729.96   41031.02   42419.92   39231.14   34081.88
  25628.43   26298.18   20253.33   22376.33   34185.41   40604.51   42334.09   45311.43   41916.48   34184.00   32018.86   31119.56   29325.73   29393.67   30085.53   28214.53   35813.73   46581.23   49823.97   50857.44   43481.05   35893.44   31269.21   26067.69   25086.07   22081.21   19634.15
  26627.21   27168.76   28835.10   29272.94   35683.94   47013.81   49549.21   46771.21   41189.15   35690.20   30230.20   24184.48   19025.99   16411.60   16231.27   17487.85   21959.43   27164.35   33162.90   35647.08   34635.49   33625.05   32940.99   31312.94   36762.53   48925.53   51660.77
  27041.67   27097.59   29132.27   32651.80   38863.13   44901.52   44630.94   40776.21   36958.89   33715.26   31482.50   28520.90   25974.52   24949.27   29685.32   38419.12   45597.02   51927.57   51763.19   48225.53   41748.92   34562.32   30842.67   27857.24   24707.75   23025.43   24565.42
  28837.28   29205.51   29054.57   28486.90   29860.21   31086.27   31425.62   33323.48   33203.75   30790.03   26851.91   22064.49   23438.71   29849.10   33583.88   33345.63   32454.60   33405.21   31231.36   27921.74   22989.36   19068.34   20823.88   19860.39   19074.94   18872.62   21348.66
  27268.07   27456.05   25439.11   25099.95   29378.61   32100.61   29561.81   25789.76   20275.63   22096.19   32613.58   40039.18   42639.30   40044.20   33581.35   29992.19   27015.33   23769.89   22702.73   20845.12   21880.95   24830.56   25711.90   26028.03   26744.68   24490.52   21210.08
  27150.14   27458.00   26450.79   28029.17   32585.55   34521.87   31601.33   27714.28   23786.84   24205.54   28496.19   31450.84   35247.48   38246.64   34767.84   28381.94   22720.40   24752.33   35185.84   42914.84   42240.00   38468.96   31342.98   27280.84   27222.72   24505.39   23135.00
  28681.81   29070.24   28902.31   28371.99   27367.70   32020.19   35755.15   34728.04   31114.14   28834.93   27391.58   24063.57   21977.33   21672.09   26631.52   32603.70   36333.17   38924.45   38949.11   37096.66   38450.47   43115.50   43523.94   42334.82   41092.80   36565.97   31144.80
  26666.78   26622.21   25673.43   24922.87   21803.74   22289.00   28684.17   31042.60   27822.61   24969.72   23244.12   23804.47   29557.75   33532.53   33247.26   30273.02   24507.93   18982.05   15279.54   18889.28   28712.71   33987.03   38239.35   42916.65   43656.52   41077.62   32691.22
  27413.16   27422.00   24854.61   23637.40   24042.06   23112.95   21878.45   21621.81   21801.42   22977.76   24992.69   23772.75   26428.59   33641.59   39668.28   48196.13   57224.89   62643.37   62934.79   62902.95   58038.81   50608.19   42479.98   34716.84   30782.43   27985.84   25796.42
  25014.09   25065.71   23258.73   23212.41   24066.36   21676.24   18689.09   16633.18   16073.50   15273.73   16835.19   18585.95   19778.90   22218.82   19806.48   15807.83   12709.33   12103.60   14490.46   16613.07   17178.40   16792.91   16837.85   21971.49   37115.68   53315.89   65395.90
  25311.86   25368.41   23677.34   21263.22   23754.85   28645.59   27273.22   32536.57   45335.32   51476.53   51559.38   48603.45   38537.01   28982.85   26201.17   26426.58   24659.79   21186.10   18271.89   17112.48   16547.84   15797.05   18744.52   23185.57   34227.90   47628.82   53800.17
  26328.10   26556.96   26102.25   25380.50   25250.22   24114.83   22027.49   19253.79   16382.79   14312.39   13491.32   12672.06   17270.21   25182.32   29815.69   33543.84   33966.36   30574.67   27309.48   23976.77   23141.06   25009.80   30354.28   33254.32   33369.56   34665.89   32998.54
  27868.90   28062.37   25676.73   24845.27   19536.83   14074.00   17932.89   22949.86   23848.20   22523.30   20232.06   20862.03   24662.70   26418.32   28278.96   33149.33   34690.60   34864.75   33396.18   29869.99   23205.74   20379.23   25813.94   28010.99   33035.75   40570.48   42428.72
  25840.41   25556.46   24421.50   22387.05   24047.11   27112.70   26850.11   25728.08   24322.48   23588.37   23594.48   28223.46   39512.44   47016.43   47689.93   45488.25   38312.42   33817.26   30591.13   27848.85   29583.91   30687.50   29888.07   26405.73   20405.20   16115.55   15160.16
  27930.34   28054.98   25897.55   24259.05   23049.38   24250.96   26286.50   28202.46   29372.78   29268.34   32935.63   35302.91   34481.73   31275.81   26654.06   23166.96   22636.49   27517.30   33643.89   34849.49   32998.58   30932.76   29181.86   29309.16   28486.31   28986.39   29673.30
  26723.98   26349.89   26100.79   24124.33   22511.43   21885.29   20287.32   18928.90   20643.63   23513.89   27722.51   31136.94   32545.12   33960.47   31595.13   27249.98   18388.00   14366.59   19229.00   24940.19   30570.12   31324.95   31052.85   32811.15   31475.76   31706.24   28085.74
  27163.84   27656.58   27742.65   27508.96   28765.85   29332.22   26660.78   24804.18   26939.99   28525.27   26384.24   23449.89   21754.73   22871.82   25462.33   26104.37   24326.43   22812.53   25746.16   30082.42   34922.77   40986.00   44762.08   42753.10   36121.78   29493.96   25052.02
  30056.55   30563.71   30213.95   30180.31   26380.34   28221.97   31561.64   29477.73   25651.83   26493.95   30310.05   30462.43   31386.90   29550.65   26811.15   25624.87   23895.20   22161.54   22381.69   23558.55   24236.61   24444.32   23963.76   23030.11   21594.30   20799.66   21129.63
