FL 2019 2020 2021 2022 2023 2024 2025 2026 2027 2028 2029 2030 2031 2032 2033 2034 2035 2036 2037 2038 2039 2040 2041 2042 2043 2044 2045
 1  0.1254765  0.0537101  0.0359831  0.0525080  0.0374856  0.0978988  0.0748804  0.1374860  0.1584696  0.1849927  0.2344698  0.1429920  0.1496476  0.1697523  0.2004103  0.2736053  0.2958446  0.1789835  0.2068699  0.0606454  0.0418013  0.0575173  0.0486016  0.1216656  0.1123172  0.2089607  0.2360659
 2  0.0238751  0.0086047  0.0057301  0.0091655  0.0047665  0.0148330  0.0135644  0.0291153  0.0387491  0.0494577  0.0617567  0.0321909  0.0324954  0.0383299  0.0451034  0.0562731  0.0585732  0.0370455  0.0408581  0.0100227  0.0068882  0.0101073  0.0095740  0.0231211  0.0213817  0.0419810  0.0510982
 3  0.1162273  0.0243857  0.0230857  0.0258510  0.0202398  0.0187355  0.0252688  0.0366329  0.0269475  0.0320775  0.0304256  0.0298222  0.0224924  0.0312351  0.0247554  0.0310121  0.0219372  0.0649342  0.0591735  0.0271195  0.0204992  0.0247846  0.0291494  0.1417340  0.1250203  0.0312172  0.0249353
 4  0.0444602  0.0518841  0.0413318  0.0734872  0.0490985  0.0473938  0.0370085  0.0434087  0.0331799  0.0436643  0.0423632  0.0463944  0.0373580  0.0399940  0.0371585  0.0468228  0.0359051  0.0393735  0.0445308  0.0547895  0.0419586  0.0405673  0.0421138  0.0502139  0.0363866  0.0400342  0.0362532
 1  0.1220670  0.0539047  0.0363322  0.0804285  0.0690033  0.1008942  0.0840868  0.1183009  0.1148620  0.1198013  0.1236332  0.0712112  0.0667252  0.0629928  0.0672988  0.0636691  0.0588472  0.0596613  0.0513253  0.2647812  0.3384697  0.2864238  0.3397635  0.2171651  0.3012324  0.1199542  0.0927436
 2  0.0232303  0.0087191  0.0058406  0.0139457  0.0129745  0.0182196  0.0154351  0.0233313  0.0224351  0.0238699  0.0257670  0.0146576  0.0143254  0.0137016  0.0141175  0.0135054  0.0102212  0.0105907  0.0100313  0.0570539  0.0771570  0.0620614  0.0723394  0.0459981  0.0594998  0.0199673  0.0156380
 3  0.1130934  0.0181589  0.0192911  0.0386684  0.0424684  0.0597986  0.0564359  0.0259255  0.0256337  0.1248572  0.1245398  0.0272409  0.0256822  0.1871783  0.1958024  0.0262678  0.0269147  0.0721305  0.0745188  0.0275206  0.0281876  0.0283695  0.0213185  0.2047143  0.2095763  0.0181734  0.0188765
 4  0.0433681  0.0461685  0.0410676  0.0372841  0.0431574  0.0472995  0.0461469  0.0392192  0.0407790  0.0304202  0.0314618  0.0381728  0.0365239  0.0290135  0.0264510  0.0481321  0.0463208  0.0400491  0.0379277  0.0353979  0.0380011  0.0371641  0.0323430  0.0311982  0.0388129  0.0413500  0.0399526
 1  0.1187765  0.0769133  0.0527557  0.0709423  0.0499715  0.2088919  0.2307183  0.1698281  0.1656571  0.1292840  0.1351762  0.1950696  0.2179221  0.0896468  0.0820338  0.1491652  0.1636561  0.1674328  0.1567310  0.1221341  0.1286623  0.2456713  0.2892167  0.1352002  0.0996370  0.1082024  0.0966907
 2  0.0226444  0.0125015  0.0084582  0.0110326  0.0085224  0.0405049  0.0468731  0.0337246  0.0330588  0.0268980  0.0296599  0.0418009  0.0414450  0.0168573  0.0152050  0.0292449  0.0308734  0.0309105  0.0289674  0.0234731  0.0264369  0.0524357  0.0591753  0.0224007  0.0155590  0.0185849  0.0190987
 3  0.1100329  0.0205095  0.0225925  0.0209332  0.0194657  0.0259441  0.0269840  0.0292865  0.0250378  0.0225254  0.0250393  0.1361564  0.1560097  0.0230628  0.0277904  0.1786099  0.1855874  0.0249364  0.0233082  0.1431959  0.1394163  0.0244182  0.0290625  0.1001545  0.0964185  0.0203448  0.0277313
 4  0.0423910  0.0422763  0.0493864  0.0442069  0.0363650  0.0396175  0.0383020  0.0417839  0.0374482  0.0325782  0.0368222  0.0380955  0.0396318  0.0409647  0.0423888  0.0315810  0.0333321  0.0401709  0.0403567  0.0354880  0.0296733  0.0378472  0.0460038  0.0447883  0.0415545  0.0340063  0.0358521
 1  0.1193897  0.0246958  0.0162927  0.0834553  0.0687833  0.0904138  0.0913152  0.0666900  0.0582589  0.0441072  0.0352203  0.0511986  0.0470259  0.0580373  0.0598874  0.0778356  0.0850280  0.1439146  0.1649768  0.1356556  0.1371605  0.1626824  0.1614717  0.1726099  0.2060772  0.1689199  0.2228482
 2  0.0226910  0.0039735  0.0026296  0.0143083  0.0125656  0.0180979  0.0184547  0.0135136  0.0104128  0.0077413  0.0068832  0.0102643  0.0100338  0.0133591  0.0146211  0.0197017  0.0206052  0.0347306  0.0378703  0.0300413  0.0265427  0.0312594  0.0334596  0.0389631  0.0493966  0.0398452  0.0485303
 3  0.1105887  0.0204955  0.0163455  0.0210380  0.0274995  0.0872195  0.0929107  0.0226363  0.0288691  0.0222846  0.0237167  0.0683014  0.0662833  0.0287533  0.0308103  0.0296224  0.0296130  0.0337881  0.0296059  0.0275321  0.0282971  0.0258545  0.0237222  0.0301022  0.0285414  0.2181220  0.2379717
 4  0.0420011  0.0458689  0.0366995  0.0378260  0.0377997  0.0341709  0.0379738  0.0460829  0.0482081  0.0407286  0.0421295  0.0411685  0.0379274  0.0382342  0.0393912  0.0419846  0.0424508  0.0414080  0.0394653  0.0446451  0.0427002  0.0414018  0.0356560  0.0341199  0.0368305  0.0262470  0.0318951
 1  0.1189860  0.0474579  0.0319259  0.0555027  0.0412055  0.1377002  0.1227546  0.2775518  0.3144475  0.3621221  0.4542279  0.2081984  0.2788807  0.0888407  0.0583940  0.1600311  0.1784743  0.2314197  0.2633543  0.1000405  0.0884225  0.2124045  0.2436197  0.3132698  0.4795642  0.1430860  0.0982090
 2  0.0231473  0.0077530  0.0051547  0.0092841  0.0065663  0.0242347  0.0223249  0.0544506  0.0597122  0.0692817  0.0928295  0.0422012  0.0374473  0.0117682  0.0090511  0.0291077  0.0363132  0.0509296  0.0465879  0.0169086  0.0164675  0.0429923  0.0526905  0.0711911  0.1028270  0.0223545  0.0145511
 3  0.1099257  0.0188848  0.0227325  0.0226224  0.0236297  0.0237371  0.0274954  0.0265861  0.0262295  0.0238534  0.0274107  0.3891765  0.6447323  0.0100318  0.0188637  0.1502281  0.1405918  0.0287083  0.0277681  0.1289171  0.1185301  0.0275747  0.0260835  0.1335989  0.1397206  0.0251196  0.0200769
 4  0.0434759  0.0427805  0.0421591  0.0452259  0.0450959  0.0423683  0.0439285  0.0413936  0.0386980  0.0345428  0.0354325  0.0340498  0.0304655  0.0404926  0.0390859  0.0327138  0.0292054  0.0462530  0.0466427  0.0351957  0.0300389  0.0357800  0.0363865  0.0319869  0.0364255  0.0444929  0.0431583
 1  0.1162521  0.0849438  0.0586149  0.1089338  0.0883325  0.1623758  0.1781309  0.1568431  0.1282383  0.1206291  0.1132357  0.0755805  0.0907485  0.1472237  0.1446939  0.1440446  0.1626652  0.1346475  0.1411751  0.0725764  0.0688993  0.1119862  0.0866920  0.1837583  0.2083585  0.0763373  0.0644500
 2  0.0225599  0.0139384  0.0094147  0.0181621  0.0156413  0.0320114  0.0363110  0.0286637  0.0216614  0.0218736  0.0231657  0.0172604  0.0205746  0.0308441  0.0288832  0.0294459  0.0353167  0.0297936  0.0299775  0.0151536  0.0131272  0.0190791  0.0158919  0.0377908  0.0431531  0.0144870  0.0126278
 3  0.1074261  0.0157087  0.0228820  0.0250840  0.0257277  0.0772594  0.0749185  0.0275315  0.0198449  0.0224016  0.0259375  0.1939364  0.2142159  0.0229426  0.0238717  0.1076201  0.1099870  0.0266716  0.0238956  0.0594762  0.0560318  0.0237599  0.0260658  0.0450756  0.0484011  0.0485931  0.0470066
 4  0.0426515  0.0414525  0.0445106  0.0407130  0.0367633  0.0362684  0.0436373  0.0473634  0.0411491  0.0339411  0.0342070  0.0186922  0.0230725  0.0393604  0.0364643  0.0303344  0.0292762  0.0381858  0.0359978  0.0419064  0.0464331  0.0394759  0.0402089  0.0382819  0.0449633  0.0403852  0.0387632
 1  0.1297236  0.0889434  0.0592151  0.0459542  0.0335011  0.0637295  0.0722390  0.0954797  0.1005452  0.0971284  0.1134932  0.1040249  0.0769376  0.0538235  0.0465215  0.1802591  0.2052570  0.1517320  0.1773072  0.0665273  0.0457964  0.0620525  0.0561398  0.1249534  0.1336940  0.1018853  0.1286254
 2  0.0243926  0.0139661  0.0092646  0.0072695  0.0059333  0.0129326  0.0159846  0.0220298  0.0236528  0.0232891  0.0260626  0.0188434  0.0129463  0.0096340  0.0093346  0.0397358  0.0481377  0.0372978  0.0291692  0.0100051  0.0076233  0.0111759  0.0107886  0.0265580  0.0311568  0.0253143  0.0330243
 3  0.1204050  0.0222825  0.0216672  0.0251722  0.0243044  0.1840471  0.1683947  0.0228541  0.0295614  0.1080337  0.1114183  0.0264879  0.0208283  0.0243441  0.0246487  0.0293718  0.0278271  0.1370739  0.1589423  0.0182016  0.0210421  0.1124364  0.1126318  0.0278713  0.0276820  0.1370502  0.1311073
 4  0.0445032  0.0394799  0.0445795  0.0408340  0.0330545  0.0294114  0.0330447  0.0332917  0.0369039  0.0273866  0.0414923  0.0466731  0.0445941  0.0392672  0.0370166  0.0350435  0.0345777  0.0546136  0.0566721  0.0440684  0.0430806  0.0427814  0.0433253  0.0382811  0.0361274  0.0277883  0.0272706
 1  0.1244105  0.0149918  0.0097624  0.0186028  0.0156679  0.0615931  0.0609145  0.2088474  0.1790543  0.1114765  0.0952511  0.2053132  0.2405613  0.1760492  0.2103724  0.1378215  0.1545195  0.1493131  0.1058592  0.2788631  0.3133193  0.2704114  0.3495706  0.1396669  0.1496626  0.1029348  0.0743250
 2  0.0246932  0.0024389  0.0015684  0.0032985  0.0030974  0.0131883  0.0109830  0.0361458  0.0295556  0.0191188  0.0179450  0.0431158  0.0555149  0.0422289  0.0512055  0.0316415  0.0204630  0.0204456  0.0178475  0.0520601  0.0628125  0.0582620  0.0789503  0.0288813  0.0283959  0.0171122  0.0114946
 3  0.1146225  0.0228347  0.0194479  0.0199298  0.0257624  0.1268988  0.1334151  0.0209259  0.0201565  0.0241097  0.0267122  0.0292329  0.0251752  0.0275575  0.0289522  0.2992175  0.4771057  0.0144144  0.0227674  0.0278255  0.0265874  0.0291143  0.0244435  0.1549299  0.1583056  0.0229766  0.0226190
 4  0.0469218  0.0447345  0.0395046  0.0356196  0.0374919  0.0414789  0.0428358  0.0482759  0.0430480  0.0427013  0.0391961  0.0381196  0.0342356  0.0377702  0.0377338  0.0479615  0.0353008  0.0401565  0.0372876  0.0398724  0.0382281  0.0365987  0.0370153  0.0384368  0.0426733  0.0479503  0.0438287
 1  0.1237088  0.0832669  0.0565265  0.1561846  0.1400854  0.1599861  0.1484080  0.0501919  0.0356066  0.0844992  0.0709663  0.1237717  0.1359837  0.1269292  0.1477165  0.1105212  0.1336457  0.0903288  0.0914758  0.0785681  0.0732237  0.0654202  0.0647646  0.0793859  0.0388850  0.0657362  0.0586937
 2  0.0237626  0.0133677  0.0089463  0.0270531  0.0251907  0.0295013  0.0280874  0.0086456  0.0058265  0.0146245  0.0137663  0.0270730  0.0324201  0.0320069  0.0391328  0.0298918  0.0361144  0.0211291  0.0196355  0.0162194  0.0143096  0.0130943  0.0136813  0.0106291  0.0056637  0.0113865  0.0119518
 3  0.1145732  0.0227508  0.0231016  0.0149806  0.0237055  0.0268306  0.0233128  0.0228763  0.0245069  0.0251104  0.0241574  0.0265153  0.0332203  0.0298223  0.0336474  0.0288407  0.0267202  0.1093312  0.1139724  0.0240211  0.0251466  0.1281096  0.1352338  0.0279102  0.0182774  0.0216191  0.0248788
 4  0.0440699  0.0435653  0.0416722  0.0343687  0.0410108  0.0400360  0.0428746  0.0471543  0.0472953  0.0441499  0.0359082  0.0356327  0.0395554  0.0338972  0.0374953  0.0321853  0.0415159  0.0390442  0.0384014  0.0365741  0.0432293  0.0309564  0.0694050  0.0538089  0.0468703  0.0372604  0.0334773
 1  0.1300004  0.0895330  0.0598393  0.0626304  0.0393615  0.0687843  0.0741180  0.1137875  0.1215022  0.1102259  0.1209935  0.1086906  0.1059644  0.1005907  0.0839036  0.1001139  0.0774590  0.1372117  0.1414862  0.1461604  0.1844674  0.3002531  0.4027833  0.1581732  0.1846392  0.1121290  0.0857586
 2  0.0246276  0.0141504  0.0093650  0.0089773  0.0065495  0.0134915  0.0166797  0.0270705  0.0292221  0.0250371  0.0242552  0.0213118  0.0222710  0.0192210  0.0149610  0.0169427  0.0136824  0.0268856  0.0311470  0.0363560  0.0485578  0.0749438  0.0890644  0.0308782  0.0280192  0.0165565  0.0149483
 3  0.1205402  0.0205233  0.0209743  0.0194844  0.0185134  0.1143546  0.1146158  0.0273907  0.0250470  0.1525633  0.1758550  0.0259294  0.0264482  0.0765141  0.0760394  0.0233260  0.0221216  0.0255046  0.0320789  0.0564506  0.0593128  0.0329983  0.0284183  0.3590493  0.5046865  0.0166055  0.0228398
 4  0.0455741  0.0438357  0.0542223  0.0427577  0.0346184  0.0274104  0.0335382  0.0366957  0.0386287  0.0352653  0.0358013  0.0359100  0.0445986  0.0445167  0.0456119  0.0441133  0.0376576  0.0368679  0.0374156  0.0347606  0.0370407  0.0407888  0.0352427  0.0323344  0.0369483  0.0352674  0.0429232
 1  0.1180277  0.0358854  0.0242520  0.0434076  0.0342562  0.0786508  0.0800194  0.1264236  0.1224041  0.1201055  0.1293580  0.1278436  0.0946028  0.1603739  0.1491536  0.1359535  0.1360921  0.1518439  0.1582327  0.0979069  0.1038033  0.1638754  0.1870490  0.1502878  0.1769418  0.2399304  0.2706388
 2  0.0228373  0.0058748  0.0039386  0.0074224  0.0061058  0.0151911  0.0146332  0.0237503  0.0256350  0.0260820  0.0283607  0.0226963  0.0160696  0.0287966  0.0277340  0.0269050  0.0293489  0.0330310  0.0346982  0.0220236  0.0244124  0.0390505  0.0419804  0.0331348  0.0386454  0.0510624  0.0530436
 3  0.1090697  0.0258588  0.0224326  0.0237106  0.0277576  0.2079654  0.2228480  0.0229726  0.0301103  0.0859492  0.0844134  0.0233321  0.0216325  0.0242089  0.0286269  0.0248536  0.0272103  0.0297763  0.0252116  0.0267913  0.0266717  0.0307771  0.0261478  0.1190129  0.1281830  0.0274006  0.0269469
 4  0.0428520  0.0469193  0.0425633  0.0406660  0.0391482  0.0265916  0.0299126  0.0341046  0.0353387  0.0416044  0.0511472  0.0465340  0.0420892  0.0393004  0.0408629  0.0372677  0.0401895  0.0419353  0.0390084  0.0373920  0.0355658  0.0409397  0.0378889  0.0327166  0.0335196  0.0362911  0.0648149
 1  0.1305073  0.0626718  0.0412436  0.0784272  0.0588546  0.1289727  0.1392014  0.1962050  0.2308695  0.1809911  0.1886523  0.0883361  0.0593867  0.1033342  0.0932263  0.1612606  0.1866521  0.2039299  0.2305183  0.1277841  0.1144713  0.1186805  0.1131851  0.1682408  0.1301028  0.1668424  0.1622931
 2  0.0247657  0.0098862  0.0064772  0.0125476  0.0103502  0.0255102  0.0300031  0.0451943  0.0494924  0.0370600  0.0300270  0.0132989  0.0090007  0.0180167  0.0185020  0.0359856  0.0464594  0.0487725  0.0517324  0.0246579  0.0211186  0.0227627  0.0225193  0.0289627  0.0231767  0.0311080  0.0319594
 3  0.1209417  0.0228535  0.0148798  0.0205981  0.0200052  0.0834548  0.0761657  0.0258216  0.0299128  0.1232169  0.1365093  0.0191129  0.0183430  0.0256268  0.0259817  0.0275418  0.0264043  0.0301464  0.0262516  0.0689127  0.0633759  0.0233403  0.0289088  0.0229965  0.0237771  0.0286637  0.0255068
 4  0.0457994  0.0465435  0.0406113  0.0414021  0.0364977  0.0321468  0.0294381  0.0422506  0.0376890  0.0477475  0.0504003  0.0498623  0.0407713  0.0393435  0.0371816  0.0382006  0.0365197  0.0429123  0.0442440  0.0452784  0.0386972  0.0375082  0.0499533  0.0455293  0.0426800  0.0445442  0.0428101
 1  0.1355563  0.0713368  0.0467713  0.0472059  0.0383658  0.0570435  0.0480784  0.0446688  0.0451251  0.1107761  0.1508275  0.2034406  0.2192249  0.1841271  0.2216144  0.1184603  0.1044359  0.1513421  0.1081200  0.0815901  0.0745695  0.1103690  0.1262951  0.2605354  0.2903956  0.1790731  0.1125561
 2  0.0258173  0.0112511  0.0072836  0.0083153  0.0061759  0.0097713  0.0090502  0.0094443  0.0108608  0.0301833  0.0397887  0.0455658  0.0436439  0.0361687  0.0422877  0.0212565  0.0203043  0.0240055  0.0169166  0.0144440  0.0149128  0.0242911  0.0288992  0.0571271  0.0536500  0.0245637  0.0174390
 3  0.1255444  0.0278724  0.0197404  0.0225489  0.0266965  0.1039790  0.1023719  0.0241007  0.0294698  0.1615600  0.1617485  0.0243281  0.0263055  0.2186758  0.2191674  0.0231007  0.0238981  0.1468795  0.1277590  0.0212726  0.0270092  0.1301707  0.1208355  0.0299898  0.0253420  0.1353683  0.1200388
 4  0.0485933  0.0416669  0.0399816  0.0455458  0.0441641  0.0363843  0.0333642  0.0319809  0.0317284  0.0249133  0.0355456  0.0401880  0.0398882  0.0253413  0.0288523  0.0343228  0.0470575  0.0479244  0.0353709  0.0340685  0.0336337  0.0350750  0.0349965  0.0435144  0.0540984  0.0469265  0.0363472
 1  0.1307984  0.0943666  0.0631370  0.1513456  0.1331938  0.2076525  0.1724804  0.2870221  0.3084951  0.2325818  0.2324838  0.2241204  0.1971450  0.2069328  0.2255201  0.1545631  0.1739124  0.0729730  0.0567648  0.0819093  0.0663849  0.1669391  0.1992275  0.1725996  0.2131290  0.1379644  0.1491818
 2  0.0245606  0.0148181  0.0098315  0.0256544  0.0240341  0.0355380  0.0293107  0.0517742  0.0597961  0.0448906  0.0400500  0.0371201  0.0343630  0.0393012  0.0469476  0.0317593  0.0288851  0.0120002  0.0087441  0.0135870  0.0127184  0.0369566  0.0502723  0.0460855  0.0546758  0.0315836  0.0334864
 3  0.1213701  0.0236669  0.0207290  0.0222216  0.0198320  0.0248750  0.0197980  0.0252306  0.0258278  0.0358560  0.0347892  0.0512994  0.0483811  0.0283859  0.0269507  0.2831465  0.3485365  0.0205252  0.0243996  0.0224386  0.0270531  0.0248724  0.0317603  0.0295832  0.0335051  0.0293767  0.0303580
 4  0.0453260  0.0472469  0.0443861  0.0370806  0.0395946  0.0439466  0.0409129  0.0347691  0.0392045  0.0439230  0.0479727  0.0437935  0.0378617  0.0364522  0.0375904  0.0288316  0.0246173  0.0469950  0.0470900  0.0423242  0.0346932  0.0310148  0.0358174  0.0365258  0.0398418  0.0367440  0.0380356
 1  0.1425452  0.0873039  0.0565180  0.0793753  0.0553846  0.0777257  0.0759352  0.0948960  0.1076605  0.1433606  0.1929282  0.0514294  0.0265475  0.0979819  0.0982824  0.0857546  0.0972061  0.1533347  0.1945494  0.1979072  0.1867605  0.0982113  0.1049991  0.0615135  0.0555198  0.0778380  0.0682029
 2  0.0270896  0.0135786  0.0087029  0.0123451  0.0087032  0.0139311  0.0154142  0.0219322  0.0282829  0.0395631  0.0400294  0.0066216  0.0040519  0.0180082  0.0210548  0.0214806  0.0267652  0.0420118  0.0452312  0.0384491  0.0348215  0.0191238  0.0214822  0.0124961  0.0110937  0.0145622  0.0123116
 3  0.1320490  0.0162708  0.0188602  0.0224772  0.0230712  0.1282482  0.1197668  0.0266943  0.0282417  0.1942380  0.2799105  0.0205671  0.0178781  0.0338890  0.0405889  0.0266086  0.0353525  0.0922857  0.0984532  0.0252150  0.0225856  0.1578852  0.1517816  0.0297742  0.0281529  0.1401081  0.1379957
 4  0.0507192  0.0432073  0.0439513  0.0442559  0.0393845  0.0371840  0.0313404  0.0311709  0.0359720  0.0261693  0.0488636  0.0476423  0.0413184  0.0365006  0.0354892  0.0324451  0.0382296  0.0376756  0.0402898  0.0433459  0.0400379  0.0372247  0.0364927  0.0418825  0.0435227  0.0433649  0.0420323
 1  0.1323154  0.0742914  0.0486668  0.0473941  0.0396051  0.1550703  0.1391109  0.2141336  0.2088871  0.2012754  0.1820245  0.1532203  0.1520142  0.1618880  0.1902680  0.1401365  0.1123920  0.0757466  0.0569468  0.0968592  0.1061272  0.1883448  0.2524886  0.2330364  0.2543230  0.1710792  0.1531399
 2  0.0251284  0.0116816  0.0076037  0.0082625  0.0071334  0.0284721  0.0259136  0.0398931  0.0399562  0.0370798  0.0320112  0.0287060  0.0310519  0.0345877  0.0402723  0.0270908  0.0158701  0.0116601  0.0102902  0.0205362  0.0266580  0.0541836  0.0705305  0.0533180  0.0472576  0.0305188  0.0257871
 3  0.1226001  0.0185121  0.0186654  0.0207794  0.0274699  0.0269247  0.0331625  0.0276458  0.0253941  0.0261211  0.0227616  0.0243165  0.0246040  0.1401505  0.1355797  0.0273430  0.0237166  0.0191004  0.0248014  0.0267941  0.0286695  0.0325869  0.0281184  0.0297151  0.0264838  0.0249092  0.0226045
 4  0.0466048  0.0422888  0.0417957  0.0407798  0.0426619  0.0426045  0.0454961  0.0415515  0.0406834  0.0405268  0.0380766  0.0358073  0.0366557  0.0403963  0.0394911  0.0592634  0.0531198  0.0424669  0.0387685  0.0352584  0.0318463  0.0386675  0.0426062  0.0504799  0.0466764  0.0482623  0.0428241
 1  0.1289129  0.0908110  0.0613195  0.0550625  0.0407572  0.1137805  0.1030698  0.0857935  0.0953923  0.0809452  0.0739719  0.0703540  0.0801508  0.0834709  0.0495291  0.1155495  0.1246568  0.1859662  0.2019778  0.1990126  0.2151202  0.2847048  0.3771139  0.2031911  0.2519710  0.1189083  0.0919506
 2  0.0243850  0.0144228  0.0096297  0.0089676  0.0068457  0.0206045  0.0206196  0.0188431  0.0210653  0.0168204  0.0153547  0.0149129  0.0158371  0.0120246  0.0080281  0.0222037  0.0279270  0.0434501  0.0426192  0.0405587  0.0453514  0.0631051  0.0852148  0.0456058  0.0449350  0.0188075  0.0162384
 3  0.1195341  0.0219924  0.0216293  0.0185279  0.0229090  0.0249737  0.0240662  0.1232126  0.1275269  0.0239499  0.0270507  0.2660487  0.3008307  0.0256731  0.0200286  0.0470375  0.0529770  0.0323273  0.0248183  0.0246778  0.0240955  0.0271714  0.0262564  0.1329808  0.1549694  0.0238280  0.0229683
 4  0.0452728  0.0452999  0.0417445  0.0375242  0.0425792  0.0369816  0.0375792  0.0343771  0.0400855  0.0367289  0.0393749  0.0138889  0.0306832  0.0453756  0.0400600  0.0385993  0.0408569  0.0475162  0.0398501  0.0368763  0.0332000  0.0366059  0.0363230  0.0405508  0.0474323  0.0399441  0.0361433
 1  0.1102676  0.0449999  0.0308781  0.0626571  0.0442044  0.0802722  0.0760358  0.1715484  0.1910391  0.1803319  0.2289386  0.1405269  0.1264260  0.1771871  0.1798029  0.1019022  0.0822730  0.0835080  0.0838324  0.1160802  0.0875984  0.0696525  0.0653658  0.1013176  0.1167495  0.0999810  0.0914248
 2  0.0212429  0.0074411  0.0050607  0.0098414  0.0076503  0.0145176  0.0140305  0.0346133  0.0428666  0.0435505  0.0452143  0.0252940  0.0240541  0.0324357  0.0322469  0.0174863  0.0146575  0.0164409  0.0174185  0.0205083  0.0155139  0.0133118  0.0138347  0.0243531  0.0318342  0.0235170  0.0188822
 3  0.1019949  0.0195892  0.0231636  0.0265401  0.0265030  0.1910616  0.1822300  0.0257748  0.0261975  0.1176774  0.1295311  0.0175235  0.0280944  0.1982732  0.2057414  0.0231404  0.0220609  0.0756039  0.0782003  0.0299561  0.0219551  0.0285521  0.0307195  0.0282852  0.0321528  0.0321616  0.0294384
 4  0.0398775  0.0409964  0.0492213  0.0426808  0.0418487  0.0415720  0.0340038  0.0344416  0.0337059  0.0426566  0.0449250  0.0350777  0.0415809  0.0461275  0.0446633  0.0411029  0.0372808  0.0333416  0.0499511  0.0539014  0.0422695  0.0400369  0.0372439  0.0337106  0.0457412  0.0501618  0.0439846
 1  0.1249681  0.0679759  0.0457632  0.2088530  0.2306101  0.1640521  0.1392900  0.1846393  0.2002387  0.1394591  0.1262563  0.0756017  0.0672310  0.1233701  0.1292799  0.0871228  0.0762970  0.0922360  0.0968764  0.0623358  0.0570343  0.0822687  0.1031311  0.0767900  0.0675548  0.0657122  0.0537469
 2  0.0235296  0.0108357  0.0072688  0.0370787  0.0449333  0.0293773  0.0246218  0.0339814  0.0370129  0.0260165  0.0212820  0.0135401  0.0135921  0.0262825  0.0266929  0.0169351  0.0153145  0.0193688  0.0207183  0.0129059  0.0123975  0.0196250  0.0251922  0.0163526  0.0134985  0.0121931  0.0099347
 3  0.1159195  0.0283346  0.0212986  0.1326999  0.1409039  0.0258342  0.0188901  0.1760881  0.1789085  0.0239202  0.0250197  0.0364319  0.0392658  0.0823680  0.0830601  0.0264957  0.0245107  0.0941425  0.1027062  0.0276128  0.0283100  0.1591573  0.1586048  0.0278827  0.0232356  0.0277681  0.0219391
 4  0.0433172  0.0433566  0.0376471  0.0347101  0.0370694  0.0428727  0.0410065  0.0330268  0.0313302  0.0412377  0.0399277  0.0361493  0.0350232  0.0406903  0.0445686  0.0389779  0.0385890  0.0325611  0.0391384  0.0393051  0.0366931  0.0233959  0.0319598  0.0475917  0.0423774  0.0425495  0.0382109
 1  0.1235830  0.0585869  0.0392736  0.0881788  0.0591914  0.1129221  0.1066442  0.1672501  0.2078020  0.0730724  0.0515508  0.0777332  0.0759336  0.1185407  0.1241597  0.2325279  0.2609381  0.3579681  0.4790021  0.3416200  0.2881425  0.3506330  0.4067287  0.2287452  0.2471731  0.1149936  0.0980630
 2  0.0244388  0.0095841  0.0062808  0.0134898  0.0091911  0.0201424  0.0220651  0.0401253  0.0516442  0.0133591  0.0090733  0.0149475  0.0163825  0.0266419  0.0256898  0.0475888  0.0536340  0.0741406  0.0981631  0.0554340  0.0469674  0.0608313  0.0752057  0.0432196  0.0441824  0.0207205  0.0158452
 3  0.1139036  0.0193611  0.0234965  0.0233060  0.0195406  0.0247621  0.0263656  0.0326510  0.0290125  0.0249249  0.0252379  0.0264853  0.0297099  0.0963790  0.0965034  0.0256165  0.0270914  0.0338014  0.0298322  0.0220866  0.0189930  0.0461793  0.0420880  0.0739580  0.0785630  0.0215629  0.0240503
 4  0.0466939  0.0419115  0.0507365  0.0476381  0.0374135  0.0361464  0.0320216  0.0351383  0.0525863  0.0474178  0.0397353  0.0358770  0.0398271  0.0458643  0.0445398  0.0419914  0.0382384  0.0386249  0.0480330  0.0432335  0.0374325  0.0387528  0.0344327  0.0337464  0.0388454  0.0396792  0.0463816
 1  0.1114495  0.0533970  0.0368130  0.0582216  0.0490353  0.0383808  0.0355309  0.0734370  0.0650937  0.0505517  0.0418775  0.0824466  0.0784084  0.1102185  0.1198413  0.1951822  0.2500779  0.2799832  0.3968236  0.2818665  0.2633223  0.0653778  0.0532558  0.1228223  0.1237246  0.1177668  0.0966135
 2  0.0220729  0.0089712  0.0060308  0.0102604  0.0090074  0.0077421  0.0072192  0.0150461  0.0121041  0.0092508  0.0082401  0.0169551  0.0171586  0.0255802  0.0292958  0.0492801  0.0651438  0.0740724  0.0867202  0.0512046  0.0402488  0.0107150  0.0098752  0.0251780  0.0260657  0.0225073  0.0171990
 3  0.1026403  0.0196687  0.0214122  0.0263175  0.0251494  0.0256750  0.0278671  0.0253477  0.0276680  0.0233889  0.0273988  0.0261705  0.0286275  0.0302449  0.0284286  0.0290316  0.0331393  0.0243891  0.0279327  0.0238984  0.0248162  0.0189446  0.0239048  0.0269221  0.0281964  0.0307474  0.0193281
 4  0.0426156  0.0411448  0.0405806  0.0428246  0.0386315  0.0421011  0.0427595  0.0475353  0.0463496  0.0420108  0.0401117  0.0374392  0.0409276  0.0402992  0.0374099  0.0356817  0.0383251  0.0396408  0.0415073  0.0480971  0.0442262  0.0383965  0.0352586  0.0388875  0.0444269  0.0437931  0.0370099
 1  0.1170474  0.0604436  0.0411227  0.0494117  0.0390993  0.0559309  0.0488213  0.1664418  0.2122075  0.0494835  0.0431748  0.0787610  0.0699453  0.1412674  0.1656103  0.1882759  0.2236398  0.1516182  0.1594789  0.1611942  0.1467066  0.1106668  0.0873278  0.0662404  0.0663166  0.0652742  0.0686103
 2  0.0222378  0.0097575  0.0066061  0.0084540  0.0067754  0.0102922  0.0099497  0.0378620  0.0465116  0.0101134  0.0079131  0.0146980  0.0138604  0.0310176  0.0392253  0.0452742  0.0531662  0.0322099  0.0309157  0.0298795  0.0258969  0.0187126  0.0157814  0.0132513  0.0149554  0.0157556  0.0168893
 3  0.1084871  0.0260961  0.0251918  0.0223222  0.0271974  0.0331979  0.0366770  0.1283395  0.1315693  0.0244100  0.0251569  0.0254204  0.0284384  0.0752773  0.0737687  0.0301024  0.0282081  0.1200323  0.1322565  0.0229709  0.0273772  0.0251993  0.0246997  0.0568361  0.0581919  0.0408967  0.0336742
 4  0.0409754  0.0455835  0.0399121  0.0413471  0.0433526  0.0372808  0.0324527  0.0357221  0.0412938  0.0422686  0.0402051  0.0387405  0.0383077  0.0359912  0.0371772  0.0388189  0.0393371  0.0424033  0.0365071  0.0412991  0.0487479  0.0411880  0.0390043  0.0351252  0.0335222  0.0412180  0.0416612
 1  0.1287303  0.0575278  0.0381555  0.1384751  0.0946629  0.3974615  0.4998265  0.3489107  0.3262470  0.3599091  0.3793694  0.5540045  0.6978329  0.4012454  0.2853632  0.2405515  0.2009506  0.1093464  0.1176649  0.1121455  0.1175004  0.0540215  0.0578255  0.1571045  0.1571366  0.1527451  0.1818646
 2  0.0248432  0.0092194  0.0060453  0.0206250  0.0153047  0.0735744  0.0821377  0.0542202  0.0565609  0.0628476  0.0637857  0.0928623  0.1118762  0.0560611  0.0342051  0.0350566  0.0347765  0.0213975  0.0248865  0.0247984  0.0265141  0.0118327  0.0117710  0.0311305  0.0322856  0.0335165  0.0377703
 3  0.1190409  0.0199661  0.0200925  0.0233979  0.0216666  0.0258054  0.0238905  0.0183271  0.0209468  0.0252218  0.0213843  0.0208736  0.0205798  0.0187539  0.0202212  0.0180754  0.0213980  0.1095782  0.1155111  0.0292584  0.0296046  0.1796004  0.1665104  0.0255618  0.0276859  0.1102197  0.1105781
 4  0.0466638  0.0467085  0.0483648  0.0447182  0.0396493  0.0423885  0.0436976  0.0370818  0.0395849  0.0408918  0.0428145  0.0410729  0.0425853  0.0532987  0.0470075  0.0384111  0.0350304  0.0352167  0.0392948  0.0358234  0.0371443  0.0404431  0.0367448  0.0386006  0.0333192  0.0402531  0.0405527
 1  0.1219628  0.0647839  0.0437676  0.0598267  0.0519584  0.0715705  0.0674859  0.0825437  0.0745910  0.0921452  0.0964876  0.1610677  0.1842085  0.1224340  0.1156526  0.0744746  0.0553880  0.0834554  0.0495394  0.1514452  0.1558496  0.1822789  0.2454519  0.1507130  0.1989403  0.1300833  0.1302634
 2  0.0230466  0.0103876  0.0069739  0.0104810  0.0103505  0.0142042  0.0128181  0.0156829  0.0148489  0.0193483  0.0215506  0.0381461  0.0395853  0.0254243  0.0190961  0.0122712  0.0089413  0.0118072  0.0076913  0.0278576  0.0338693  0.0468502  0.0719296  0.0460876  0.0527725  0.0287850  0.0258152
 3  0.1131144  0.0245867  0.0188171  0.0235190  0.0275347  0.1564396  0.1669615  0.0248716  0.0248154  0.0882677  0.0879456  0.0279335  0.0276655  0.0508866  0.0587054  0.0202503  0.0272221  0.0248601  0.0177423  0.0230503  0.0250206  0.0280252  0.0295112  0.0300684  0.0277351  0.0266456  0.0237200
 4  0.0426943  0.0457236  0.0385765  0.0349127  0.0404784  0.0393320  0.0346757  0.0391995  0.0369142  0.0312869  0.0310966  0.0417793  0.0402987  0.0509950  0.0510030  0.0482334  0.0634145  0.0577573  0.0407828  0.0371841  0.0338856  0.0322273  0.0350785  0.0393449  0.0415326  0.0428662  0.0386341
 1  0.1113715  0.0545555  0.0375194  0.0638257  0.0466985  0.1165737  0.1156867  0.2368527  0.2959743  0.1120884  0.1235973  0.0685338  0.0472952  0.0830100  0.0850809  0.1483857  0.1306071  0.1290899  0.1277352  0.1498735  0.1892238  0.2052857  0.1175078  0.1190203  0.1231403  0.0993182  0.1329594
 2  0.0213932  0.0089726  0.0060977  0.0102673  0.0081140  0.0218499  0.0232620  0.0517714  0.0678664  0.0241700  0.0225861  0.0106265  0.0078918  0.0155126  0.0178542  0.0293749  0.0241978  0.0249969  0.0264069  0.0325085  0.0418878  0.0289639  0.0179426  0.0218109  0.0265684  0.0244452  0.0334973
 3  0.1030635  0.0260211  0.0235379  0.0211181  0.0217954  0.0976629  0.0913937  0.0309317  0.0321812  0.2287801  0.2723963  0.0231012  0.0208942  0.1511234  0.1360978  0.0281060  0.0214575  0.0264093  0.0289068  0.2085887  0.2180682  0.0226809  0.0167198  0.0245991  0.0327585  0.2286567  0.2739513
 4  0.0401234  0.0434680  0.0453128  0.0421144  0.0402412  0.0439776  0.0342668  0.0355930  0.0385565  0.0349936  0.0392098  0.0449614  0.0381883  0.0254176  0.0300758  0.0458154  0.0397453  0.0392704  0.0399681  0.0305743  0.0541136  0.0483441  0.0395557  0.0344762  0.0349423  0.0103302  0.0126758
 1  0.1145158  0.0382533  0.0260134  0.0464999  0.0375653  0.1541158  0.1758288  0.0898353  0.0781071  0.0923667  0.0788933  0.0633154  0.0477166  0.0839115  0.0815511  0.0546200  0.0602158  0.0786144  0.0854134  0.0861025  0.0920950  0.0936001  0.0924341  0.0980538  0.1078980  0.0433414  0.0438587
 2  0.0226344  0.0063279  0.0042306  0.0079526  0.0071771  0.0334557  0.0401555  0.0183833  0.0155288  0.0172731  0.0151945  0.0111753  0.0086900  0.0167256  0.0176277  0.0126907  0.0147014  0.0195668  0.0212009  0.0210738  0.0223102  0.0209763  0.0202321  0.0228575  0.0244834  0.0097137  0.0100243
 3  0.1056338  0.0241120  0.0212693  0.0197954  0.0235453  0.0259159  0.0295159  0.0280653  0.0298973  0.0268357  0.0269482  0.0270417  0.0242696  0.0269451  0.0301849  0.1259563  0.1342706  0.0267096  0.0290652  0.0270361  0.0253391  0.0482547  0.0453094  0.0275225  0.0290497  0.0851805  0.0805841
 4  0.0427542  0.0475127  0.0429638  0.0361947  0.0354738  0.0338783  0.0424083  0.0440693  0.0440980  0.0413614  0.0449347  0.0477052  0.0399498  0.0366119  0.0396962  0.0258855  0.0279036  0.0353485  0.0374833  0.0341649  0.0401797  0.0381015  0.0335002  0.0357476  0.0418259  0.0378248  0.0328692
 1  0.1157815  0.0385393  0.0260672  0.0570150  0.0449539  0.0959052  0.0991042  0.0800477  0.0773042  0.0969534  0.1011094  0.0691561  0.0545805  0.0597955  0.0719250  0.1191179  0.1245001  0.0877355  0.0971143  0.1081116  0.1011344  0.0334170  0.0307690  0.0621011  0.0583096  0.0898334  0.0786854
 2  0.0229241  0.0064152  0.0042496  0.0096897  0.0080425  0.0183872  0.0197449  0.0163905  0.0162625  0.0214605  0.0188765  0.0119564  0.0103014  0.0128458  0.0174526  0.0288266  0.0283611  0.0190241  0.0201227  0.0213393  0.0203541  0.0067807  0.0066217  0.0135254  0.0120305  0.0172505  0.0155207
 3  0.1066490  0.0219517  0.0192043  0.0217162  0.0240987  0.1753895  0.1736600  0.0292296  0.0281722  0.0933873  0.0869762  0.0236274  0.0259800  0.1998529  0.1858447  0.0338885  0.0270817  0.1694824  0.1716354  0.0294605  0.0272441  0.0582885  0.0593207  0.0302888  0.0247646  0.0613797  0.0628313
 4  0.0440659  0.0395895  0.0406729  0.0383318  0.0415783  0.0333680  0.0336509  0.0387925  0.0369908  0.0455425  0.0427394  0.0387187  0.0342795  0.0126644  0.0173127  0.0409119  0.0371199  0.0307362  0.0299314  0.0419124  0.0375740  0.0374344  0.0387109  0.0437002  0.0429493  0.0418993  0.0375478
 1  0.1290325  0.0541984  0.0356768  0.0513961  0.0343680  0.0945422  0.0792940  0.1040289  0.1116497  0.0954544  0.1175600  0.1707781  0.1737305  0.0834009  0.0801626  0.1460314  0.1685414  0.1719203  0.1715769  0.0710147  0.0440772  0.0447726  0.0423019  0.1133909  0.1189895  0.1588388  0.1994215
 2  0.0246445  0.0086157  0.0056368  0.0079341  0.0053694  0.0154125  0.0143195  0.0214458  0.0263681  0.0235753  0.0269374  0.0351550  0.0327832  0.0158563  0.0167144  0.0334234  0.0397611  0.0356665  0.0292179  0.0101385  0.0070761  0.0082020  0.0082214  0.0239667  0.0278301  0.0404436  0.0528050
 3  0.1195162  0.0206466  0.0182592  0.0253512  0.0217422  0.1451809  0.1415798  0.0245879  0.0317690  0.2164397  0.2556976  0.0265012  0.0213605  0.0830357  0.0830187  0.0272379  0.0343118  0.1701311  0.1830161  0.0185646  0.0212041  0.1309099  0.1279771  0.0312654  0.0279502  0.0275003  0.0301729
 4  0.0458670  0.0459656  0.0461059  0.0494485  0.0465327  0.0451204  0.0357942  0.0320340  0.0369603  0.0216718  0.0203739  0.0446714  0.0377144  0.0321464  0.0290259  0.0332354  0.0455672  0.0506143  0.0580917  0.0451257  0.0391370  0.0374131  0.0374612  0.0391467  0.0322074  0.0350491  0.0354867
 1  0.1183230  0.0454547  0.0305965  0.0966208  0.0873416  0.1113968  0.1052726  0.1123666  0.1066969  0.0634922  0.0512046  0.1182952  0.1299268  0.1502888  0.1641008  0.0957270  0.1010488  0.1557516  0.1299771  0.1083581  0.0973174  0.1418519  0.1387035  0.1148774  0.1319830  0.0699569  0.0603001
 2  0.0224026  0.0073735  0.0049333  0.0169292  0.0158535  0.0212888  0.0212853  0.0214901  0.0188085  0.0108680  0.0094544  0.0242812  0.0296093  0.0354470  0.0353247  0.0195970  0.0200010  0.0283185  0.0211647  0.0185777  0.0182223  0.0274461  0.0288258  0.0261777  0.0290425  0.0138543  0.0118204
 3  0.1097152  0.0208592  0.0248676  0.0915499  0.0881024  0.0233226  0.0271816  0.2077362  0.2366759  0.0249445  0.0266964  0.0852269  0.0825761  0.0311473  0.0260877  0.1804840  0.1792361  0.0262683  0.0233683  0.1123676  0.1199819  0.0313357  0.0241812  0.0848557  0.0818990  0.0233406  0.0238600
 4  0.0420017  0.0438324  0.0436235  0.0421132  0.0379113  0.0380251  0.0417408  0.0375741  0.0336936  0.0426183  0.0386153  0.0349438  0.0353549  0.0406374  0.0398099  0.0325019  0.0328834  0.0504477  0.0455077  0.0400005  0.0399749  0.0448846  0.0358601  0.0409344  0.0439107  0.0425019  0.0395404
 1  0.1082802  0.0611933  0.0424611  0.0502157  0.0443178  0.1488706  0.1769589  0.1192822  0.1082734  0.0549394  0.0377213  0.0837120  0.0838671  0.1904605  0.2352608  0.2080026  0.2274011  0.0538965  0.0412779  0.1122982  0.1137495  0.2926933  0.3633174  0.1955951  0.1864029  0.1919659  0.1367690
 2  0.0206362  0.0100639  0.0069282  0.0090476  0.0087687  0.0325848  0.0407297  0.0248778  0.0205221  0.0088742  0.0064659  0.0164363  0.0187348  0.0470607  0.0599447  0.0492866  0.0429344  0.0091599  0.0074769  0.0225171  0.0249693  0.0665371  0.0771535  0.0377306  0.0297595  0.0285556  0.0215880
 3  0.1003378  0.0225986  0.0222504  0.0251732  0.0273323  0.0912628  0.0968719  0.0248026  0.0237717  0.0241078  0.0231931  0.0264450  0.0273491  0.0291171  0.0286229  0.0268409  0.0235787  0.0213607  0.0234554  0.0243439  0.0285773  0.0259011  0.0311771  0.0647842  0.0677046  0.0205270  0.0225425
 4  0.0383101  0.0423250  0.0399827  0.0362015  0.0367787  0.0335112  0.0382247  0.0444807  0.0492634  0.0476052  0.0374047  0.0345106  0.0338497  0.0355124  0.0365744  0.0419365  0.0429387  0.0418003  0.0383546  0.0362526  0.0364107  0.0379611  0.0438792  0.0456108  0.0510771  0.0475024  0.0392674
 1  0.1326288  0.0640348  0.0422317  0.0763928  0.0664584  0.0836968  0.0705444  0.1594614  0.1456308  0.1836608  0.2597273  0.1134380  0.1098265  0.0957737  0.0822301  0.0906311  0.0690894  0.1023462  0.0939155  0.1551106  0.1788403  0.1813475  0.1975399  0.1142877  0.1219225  0.0877208  0.0916412
 2  0.0249980  0.0100864  0.0066341  0.0133198  0.0123940  0.0152549  0.0116260  0.0276471  0.0282299  0.0404402  0.0577914  0.0231687  0.0220099  0.0184605  0.0140876  0.0155020  0.0112122  0.0183557  0.0194607  0.0360612  0.0430297  0.0415258  0.0433520  0.0248434  0.0271491  0.0193789  0.0197621
 3  0.1230205  0.0232651  0.0232318  0.0372017  0.0464772  0.1411503  0.1432838  0.0218659  0.0259167  0.2000912  0.2147704  0.0220787  0.0289970  0.0244203  0.0263165  0.0218592  0.0224613  0.0238985  0.0251535  0.0247016  0.0310192  0.0277542  0.0267710  0.0257281  0.0315667  0.1055838  0.1071889
 4  0.0462208  0.0469274  0.0411212  0.0345746  0.0415112  0.0430017  0.0411512  0.0366432  0.0332046  0.0214066  0.0269978  0.0367034  0.0434925  0.0424218  0.0482118  0.0468629  0.0437360  0.0404260  0.0333740  0.0340638  0.0396164  0.0423551  0.0384995  0.0427192  0.0395409  0.0397119  0.0337938
 1  0.1083181  0.0627130  0.0436675  0.0347548  0.0276042  0.0642315  0.0657599  0.1005247  0.0976882  0.0473855  0.0387307  0.0663150  0.0601387  0.0675240  0.0692685  0.0977841  0.1076996  0.0822940  0.0931995  0.0808251  0.1009045  0.0551161  0.0476470  0.0873544  0.0894469  0.1033348  0.0864869
 2  0.0208560  0.0103741  0.0071439  0.0059715  0.0050616  0.0128587  0.0134426  0.0214656  0.0179367  0.0084781  0.0076244  0.0133180  0.0127875  0.0154264  0.0163942  0.0225487  0.0245383  0.0197212  0.0236380  0.0210450  0.0261740  0.0117738  0.0095930  0.0181360  0.0197977  0.0204058  0.0166414
 3  0.1001866  0.0213298  0.0167002  0.0213221  0.0215801  0.1431929  0.1382426  0.0278954  0.0268693  0.0217135  0.0230569  0.0276826  0.0264258  0.0305412  0.0313202  0.1254847  0.1227142  0.0279557  0.0323178  0.1646317  0.1848673  0.0263351  0.0225916  0.0562795  0.0631740  0.0297992  0.0256125
 4  0.0388983  0.0431580  0.0391136  0.0397848  0.0358324  0.0345830  0.0355244  0.0481160  0.0449384  0.0398551  0.0388631  0.0410834  0.0404235  0.0404766  0.0451286  0.0337962  0.0240691  0.0330684  0.0351784  0.0240592  0.0330305  0.0398854  0.0373019  0.0371195  0.0470727  0.0432474  0.0385839
 1  0.1220607  0.2406015  0.1813884  0.1400386  0.1239566  0.2428295  0.2740484  0.2131507  0.1600463  0.0965638  0.0869571  0.1452210  0.1469146  0.1642491  0.1509641  0.0930861  0.1127466  0.1244112  0.1001770  0.2223493  0.2559485  0.1553035  0.0947892  0.1260035  0.1309428  0.1406419  0.1730070
 2  0.0234936  0.0387903  0.0277033  0.0234594  0.0224966  0.0464487  0.0531437  0.0343184  0.0261606  0.0172306  0.0166457  0.0279043  0.0265373  0.0291893  0.0286821  0.0198850  0.0224528  0.0215052  0.0183106  0.0438319  0.0539091  0.0232766  0.0150653  0.0234102  0.0284959  0.0355736  0.0465000
 3  0.1129126  0.0259841  0.0163811  0.0205843  0.0220904  0.1003957  0.0968728  0.0235493  0.0181974  0.0257369  0.0270156  0.1927086  0.2104534  0.0241208  0.0250292  0.2198785  0.2524122  0.0213171  0.0238441  0.0497205  0.0503339  0.0364339  0.0301040  0.0271403  0.0262833  0.0352967  0.0365391
 4  0.0437848  0.0441816  0.0386565  0.0361668  0.0371522  0.0331146  0.0425177  0.0446943  0.0389289  0.0385643  0.0411632  0.0422444  0.0422049  0.0380338  0.0363150  0.0222089  0.0371443  0.0411749  0.0395836  0.0384826  0.0578547  0.0517960  0.0445003  0.0360506  0.0337825  0.0350197  0.0393833
 1  0.1223909  0.0296087  0.0196530  0.0368227  0.0229938  0.0881294  0.0845010  0.1080149  0.1051730  0.1398837  0.1443923  0.2809150  0.3855244  0.4300811  0.7196333  0.2347067  0.1478054  0.0357222  0.0182557  0.0475178  0.0382799  0.0904913  0.0937540  0.1422569  0.1682364  0.1212934  0.1165039
 2  0.0234945  0.0048034  0.0031754  0.0053891  0.0038092  0.0163194  0.0161986  0.0218281  0.0223144  0.0300477  0.0312147  0.0646172  0.0928004  0.0978957  0.1460509  0.0334085  0.0176859  0.0043213  0.0027329  0.0079758  0.0073078  0.0196011  0.0227230  0.0374281  0.0379947  0.0247769  0.0243157
 3  0.1132614  0.0173817  0.0184676  0.0244495  0.0225836  0.1026002  0.1010236  0.0245717  0.0280261  0.0285426  0.0314964  0.0251002  0.0287255  0.0998122  0.1075494  0.0189218  0.0155612  0.0141987  0.0170261  0.0258288  0.0250699  0.0295288  0.0314270  0.0309565  0.0322104  0.0233835  0.0263088
 4  0.0441167  0.0471993  0.0496649  0.0437718  0.0410857  0.0374609  0.0399112  0.0386600  0.0418671  0.0402921  0.0380644  0.0318051  0.0350806  0.0348914  0.0337831  0.0494281  0.0544494  0.0470737  0.0408862  0.0421281  0.0363728  0.0346362  0.0398322  0.0464626  0.0478449  0.0382313  0.0382377
 1  0.1338174  0.0140389  0.0089913  0.0446854  0.0352261  0.0488047  0.0419954  0.0555504  0.0487691  0.0503755  0.0478942  0.0598542  0.0612203  0.0759948  0.0921137  0.0724107  0.0635949  0.1324830  0.1369411  0.1344286  0.1333243  0.1027835  0.0965225  0.1357630  0.1477479  0.2406721  0.3033071
 2  0.0253898  0.0022255  0.0014296  0.0075606  0.0063324  0.0089910  0.0075741  0.0108378  0.0084498  0.0092554  0.0094705  0.0127952  0.0147972  0.0206474  0.0249419  0.0156109  0.0131488  0.0276582  0.0292540  0.0284718  0.0291147  0.0215204  0.0195966  0.0293213  0.0335115  0.0564063  0.0694611
 3  0.1239903  0.0188080  0.0150161  0.0269393  0.0242809  0.1169538  0.1127815  0.0271106  0.0304250  0.1789020  0.1706735  0.0303557  0.0289220  0.0782326  0.0773338  0.0297657  0.0238260  0.0275807  0.0287297  0.0258469  0.0283262  0.0279061  0.0264601  0.0246954  0.0287502  0.0308632  0.0259708
 4  0.0476223  0.0464920  0.0381766  0.0397304  0.0406630  0.0433619  0.0406572  0.0495355  0.0510133  0.0383076  0.0326033  0.0371893  0.0334810  0.0359623  0.0468269  0.0436372  0.0422725  0.0373134  0.0430904  0.0369646  0.0433315  0.0418104  0.0391310  0.0347588  0.0386105  0.0390000  0.0369362
 1  0.1259169  0.0450326  0.0298283  0.0411068  0.0268112  0.0866050  0.0855970  0.1393141  0.1348215  0.1339005  0.1436780  0.2055025  0.2481120  0.1276228  0.1303508  0.1506399  0.1374719  0.2308845  0.2556786  0.2426844  0.2844932  0.1355882  0.0976457  0.1205989  0.1007797  0.1077049  0.0894558
 2  0.0239017  0.0071450  0.0047397  0.0061380  0.0045524  0.0170011  0.0178186  0.0289438  0.0279648  0.0287589  0.0324141  0.0486126  0.0556810  0.0259670  0.0251906  0.0277094  0.0265686  0.0473511  0.0497731  0.0472918  0.0550514  0.0222901  0.0152140  0.0204655  0.0172079  0.0186438  0.0173439
 3  0.1166749  0.0291113  0.0205690  0.0191550  0.0214849  0.0254232  0.0292663  0.0321443  0.0265624  0.0257392  0.0304408  0.0314207  0.0305219  0.1342263  0.1360298  0.0246686  0.0244070  0.0232579  0.0283588  0.1195243  0.1157733  0.0217412  0.0234310  0.0245513  0.0247434  0.0234177  0.0245810
 4  0.0437607  0.0497771  0.0485393  0.0403962  0.0368266  0.0375508  0.0445874  0.0431096  0.0392105  0.0347612  0.0376304  0.0382790  0.0398687  0.0407814  0.0379863  0.0392787  0.0353943  0.0399817  0.0395132  0.0356386  0.0381649  0.0452839  0.0435143  0.0448715  0.0433886  0.0412738  0.0359560
 1  0.1118120  0.0964238  0.0684459  0.0609340  0.0513692  0.0969989  0.0846233  0.1767468  0.1626317  0.1911843  0.1484623  0.1185201  0.1318333  0.2021031  0.2494008  0.2004059  0.2428446  0.1249338  0.1374300  0.0841902  0.0818846  0.0882584  0.0911424  0.0699421  0.0523219  0.0511737  0.0482163
 2  0.0220355  0.0160806  0.0110681  0.0107321  0.0092933  0.0170770  0.0156329  0.0332764  0.0273793  0.0301776  0.0259923  0.0240648  0.0289936  0.0476574  0.0617662  0.0481295  0.0549298  0.0261457  0.0282063  0.0170597  0.0173665  0.0186328  0.0189558  0.0122968  0.0094350  0.0101942  0.0100275
 3  0.1031050  0.0206424  0.0204217  0.0202803  0.0274599  0.1474696  0.1411050  0.0250104  0.0257706  0.0227776  0.0230228  0.0632284  0.0662622  0.0306821  0.0289250  0.0296936  0.0289893  0.1732575  0.1742026  0.0266029  0.0272832  0.1397741  0.1584113  0.0253972  0.0189340  0.0243074  0.0252733
 4  0.0419424  0.0465135  0.0361987  0.0376924  0.0433287  0.0431866  0.0388206  0.0467448  0.0531445  0.0472260  0.0389783  0.0303228  0.0339323  0.0370639  0.0351586  0.0386453  0.0409234  0.0335074  0.0288429  0.0349158  0.0375744  0.0345047  0.0427142  0.0431884  0.0379181  0.0359889  0.0381809
 1  0.1216805  0.0775382  0.0525890  0.0621935  0.0526921  0.0791454  0.0729757  0.0742920  0.0622884  0.1259560  0.1238009  0.2104286  0.2563511  0.2206141  0.2568300  0.2270736  0.2032832  0.0819478  0.0709734  0.1233016  0.1258942  0.1611735  0.1411160  0.1755923  0.1639473  0.2143244  0.2549116
 2  0.0233076  0.0124971  0.0083651  0.0108257  0.0097747  0.0156132  0.0133375  0.0135719  0.0116351  0.0248513  0.0261233  0.0476386  0.0618507  0.0474785  0.0478468  0.0385274  0.0345974  0.0139862  0.0126658  0.0244380  0.0251698  0.0304294  0.0253186  0.0317714  0.0315164  0.0451453  0.0580105
 3  0.1125661  0.0232632  0.0196199  0.0238048  0.0245480  0.0670059  0.0666323  0.0251424  0.0237721  0.0285138  0.0273261  0.0298256  0.0272374  0.1929856  0.2154142  0.0223996  0.0245073  0.1571174  0.1410283  0.0274906  0.0278069  0.0258024  0.0237675  0.0243796  0.0277799  0.0278579  0.0311407
 4  0.0435238  0.0429429  0.0380976  0.0402637  0.0369400  0.0431599  0.0458083  0.0414635  0.0379024  0.0381928  0.0370127  0.0366076  0.0386346  0.0459332  0.0393419  0.0400884  0.0422255  0.0359006  0.0295398  0.0417328  0.0430532  0.0488168  0.0426233  0.0402754  0.0377024  0.0351298  0.0475721
 1  0.1291358  0.0481336  0.0317215  0.0561988  0.0406942  0.1372431  0.1347511  0.2117238  0.2463722  0.2070817  0.2519464  0.1553707  0.0899124  0.1153155  0.1219891  0.1398481  0.1482885  0.0677202  0.0676848  0.0656670  0.0663684  0.1153862  0.1180599  0.0812660  0.0769719  0.1250528  0.1510063
 2  0.0246433  0.0076257  0.0050164  0.0088979  0.0070644  0.0256842  0.0268335  0.0454903  0.0525980  0.0436790  0.0478065  0.0210285  0.0140374  0.0210573  0.0250778  0.0308527  0.0325528  0.0148407  0.0149499  0.0142371  0.0144350  0.0251808  0.0257037  0.0171339  0.0167857  0.0287121  0.0324051
 3  0.1195893  0.0255739  0.0179607  0.0271379  0.0249063  0.0751147  0.0771148  0.0259475  0.0301652  0.1562830  0.1574649  0.0212857  0.0174446  0.1173384  0.1125656  0.0273852  0.0291664  0.0263033  0.0273630  0.1093539  0.1093124  0.0260407  0.0283474  0.0248032  0.0268439  0.1542785  0.1739330
 4  0.0454104  0.0509508  0.0414354  0.0418915  0.0412726  0.0362638  0.0300367  0.0350451  0.0379613  0.0409922  0.0566648  0.0454443  0.0382292  0.0355997  0.0352856  0.0370193  0.0385494  0.0383001  0.0389809  0.0367812  0.0350242  0.0386192  0.0400922  0.0362165  0.0340474  0.0295606  0.0323574
 1  0.1456978  0.0688853  0.0439344  0.0980628  0.0750584  0.0923000  0.0805292  0.1712942  0.1462033  0.1688153  0.1996793  0.1302850  0.1422788  0.0988095  0.1033825  0.1156787  0.1388488  0.1075229  0.1057887  0.0755790  0.0759509  0.0623752  0.0534885  0.0372550  0.0291947  0.0952599  0.1001451
 2  0.0272533  0.0105586  0.0067427  0.0156011  0.0129865  0.0173153  0.0127073  0.0283110  0.0272046  0.0359032  0.0474688  0.0297710  0.0302683  0.0207297  0.0226183  0.0258468  0.0294898  0.0218137  0.0212590  0.0154323  0.0158257  0.0127424  0.0092632  0.0064350  0.0056557  0.0204763  0.0239994
 3  0.1352938  0.0209134  0.0240003  0.0352772  0.0377840  0.0727168  0.0765094  0.0209051  0.0240186  0.0283399  0.0293467  0.1523118  0.1659710  0.0258443  0.0297994  0.2145526  0.2475445  0.0262735  0.0257962  0.1067659  0.1118169  0.0279077  0.0235854  0.0177871  0.0231792  0.0277068  0.0293322
 4  0.0503031  0.0483192  0.0457370  0.0393256  0.0371332  0.0494324  0.0525382  0.0406140  0.0340412  0.0364778  0.0398004  0.0369698  0.0296048  0.0341578  0.0385712  0.0253712  0.0255174  0.0382450  0.0359129  0.0357598  0.0350975  0.0455906  0.0426151  0.0374750  0.0338481  0.0361934  0.0467699
 1  0.1394635  0.1067567  0.0702890  0.0995731  0.0831815  0.1334099  0.1330334  0.1444503  0.1663738  0.1038034  0.0734040  0.0923990  0.0882740  0.0917846  0.1016342  0.0970470  0.1003693  0.0504721  0.0498642  0.0979164  0.0862364  0.1156657  0.1291007  0.1201619  0.1126242  0.1435551  0.1619050
 2  0.0258566  0.0164305  0.0107894  0.0166319  0.0146387  0.0255416  0.0282692  0.0322502  0.0342975  0.0170273  0.0125994  0.0176614  0.0174166  0.0194594  0.0232346  0.0223819  0.0217477  0.0109031  0.0091483  0.0178103  0.0164262  0.0241282  0.0280434  0.0246906  0.0232216  0.0312181  0.0386062
 3  0.1297000  0.0176368  0.0222041  0.0414789  0.0418117  0.0280198  0.0348790  0.1242406  0.1453936  0.0223844  0.0188349  0.0239869  0.0290814  0.1534913  0.1549713  0.0296843  0.0253082  0.1359513  0.1385208  0.0215256  0.0298986  0.1221263  0.1247682  0.0275979  0.0212003  0.0259820  0.0288001
 4  0.0471594  0.0463310  0.0411073  0.0398574  0.0374351  0.0373970  0.0375094  0.0388186  0.0466671  0.0417361  0.0386375  0.0414315  0.0363726  0.0268125  0.0292656  0.0395496  0.0384506  0.0409797  0.0393281  0.0437711  0.0378199  0.0280620  0.0367720  0.0421815  0.0334544  0.0328336  0.0326021
 1  0.1220500  0.1105702  0.0770185  0.0923766  0.0833925  0.0819417  0.0678510  0.1330436  0.1198475  0.1213335  0.1210444  0.1422455  0.1397948  0.2744373  0.3457987  0.3372447  0.2848161  0.1509837  0.1518773  0.2124800  0.2153599  0.1215135  0.1236077  0.2024813  0.2158383  0.0965388  0.0864934
 2  0.0232430  0.0178040  0.0121722  0.0164816  0.0151749  0.0144098  0.0125853  0.0249781  0.0223841  0.0243047  0.0254344  0.0295863  0.0288300  0.0588592  0.0769783  0.0581962  0.0468736  0.0274325  0.0297898  0.0418965  0.0429211  0.0244580  0.0246551  0.0416451  0.0402456  0.0174291  0.0170598
 3  0.1131263  0.0219837  0.0200420  0.0234494  0.0248556  0.0840922  0.0777629  0.0261520  0.0240969  0.0223215  0.0286541  0.0263454  0.0278241  0.0290776  0.0256588  0.0274567  0.0174772  0.0251085  0.0257031  0.0299421  0.0247802  0.0855259  0.0905355  0.0269801  0.0248200  0.0713436  0.0672468
 4  0.0431712  0.0472826  0.0409689  0.0418642  0.0406493  0.0463871  0.0406220  0.0406483  0.0402422  0.0382848  0.0409693  0.0405346  0.0411156  0.0367906  0.0452201  0.0461129  0.0368676  0.0381526  0.0364563  0.0412323  0.0361668  0.0312130  0.0306274  0.0447411  0.0426494  0.0359694  0.0316062
 1  0.1033990  0.1104242  0.0806029  0.1010998  0.0770426  0.1529845  0.1379958  0.1018318  0.1051952  0.0579004  0.0605784  0.1050023  0.1106235  0.0329221  0.0319492  0.1148055  0.1304013  0.1806534  0.2105661  0.1810451  0.1865983  0.1609181  0.1502311  0.0981916  0.1011298  0.0407521  0.0292247
 2  0.0201090  0.0185609  0.0131578  0.0165423  0.0128907  0.0258593  0.0246858  0.0201759  0.0237240  0.0135872  0.0137048  0.0236551  0.0241878  0.0073375  0.0070478  0.0261860  0.0298203  0.0417023  0.0472496  0.0369039  0.0347731  0.0294465  0.0280693  0.0192025  0.0176116  0.0065375  0.0052074
 3  0.0955240  0.0215325  0.0171088  0.0229808  0.0207670  0.1417595  0.1317560  0.0252208  0.0261011  0.1036214  0.1045134  0.0235277  0.0252669  0.0239497  0.0270044  0.1002101  0.0962509  0.0293037  0.0277158  0.1122403  0.1132438  0.0234261  0.0238419  0.2065912  0.2174829  0.0202602  0.0251949
 4  0.0379955  0.0468243  0.0433559  0.0427972  0.0452938  0.0486623  0.0388820  0.0354705  0.0362501  0.0368909  0.0349003  0.0353967  0.0360772  0.0371611  0.0368798  0.0335127  0.0328656  0.0388867  0.0382454  0.0414740  0.0382593  0.0360676  0.0369603  0.0382271  0.0442030  0.0400921  0.0404893
 1  0.1289827  0.0726700  0.0487321  0.0403548  0.0229276  0.0867058  0.0878117  0.1217730  0.0847015  0.1033358  0.0969272  0.1067641  0.1205210  0.1266868  0.1444940  0.1671449  0.1729678  0.1216630  0.0900709  0.1047838  0.1019906  0.1065879  0.1178347  0.1172284  0.1376324  0.1662541  0.2320397
 2  0.0254748  0.0117440  0.0076749  0.0054982  0.0036294  0.0164721  0.0196048  0.0219806  0.0140141  0.0188371  0.0194856  0.0243728  0.0316405  0.0343683  0.0353484  0.0362673  0.0358004  0.0208601  0.0153828  0.0198061  0.0214643  0.0242131  0.0282718  0.0294826  0.0357945  0.0436470  0.0550360
 3  0.1188967  0.0266076  0.0250227  0.0216969  0.0205061  0.0256740  0.0311902  0.0299034  0.0225463  0.0247311  0.0258655  0.0284559  0.0296796  0.0297116  0.0264150  0.0294966  0.0292689  0.0252079  0.0238743  0.0274099  0.0250734  0.0668793  0.0618147  0.0296421  0.0323038  0.1655660  0.1994046
 4  0.0485996  0.0479691  0.0553369  0.0459350  0.0372551  0.0331267  0.0539650  0.0547607  0.0467612  0.0407167  0.0373827  0.0347045  0.0359843  0.0412043  0.0402167  0.0450509  0.0506819  0.0497700  0.0431010  0.0417192  0.0369005  0.0462029  0.0419299  0.0363182  0.0382118  0.0218394  0.0293261
 1  0.1303734  0.1043272  0.0708625  0.2024811  0.2209370  0.1445470  0.1281444  0.1268625  0.1105102  0.1081281  0.0943587  0.1049825  0.1252790  0.1375607  0.0981694  0.1091650  0.0944056  0.1710129  0.2094926  0.2635871  0.1643062  0.1472076  0.1482930  0.1914010  0.2208120  0.1374583  0.1656094
 2  0.0246442  0.0165740  0.0110968  0.0342252  0.0388913  0.0260558  0.0200601  0.0207738  0.0187490  0.0189223  0.0182544  0.0230048  0.0297249  0.0254440  0.0148528  0.0181976  0.0182168  0.0384886  0.0526467  0.0418099  0.0247061  0.0257854  0.0307463  0.0433550  0.0519583  0.0340370  0.0400447
 3  0.1208495  0.0229145  0.0258685  0.2736880  0.2593055  0.0212851  0.0306764  0.1628747  0.1646219  0.0237201  0.0252152  0.1355163  0.1414370  0.0275366  0.0202359  0.0223657  0.0282106  0.0310582  0.0314017  0.0276832  0.0181463  0.0234126  0.0269805  0.0323714  0.0278074  0.0264779  0.0268879
 4  0.0458997  0.0434458  0.0441347  0.0308293  0.0277961  0.0452354  0.0499517  0.0404071  0.0397988  0.0396784  0.0342036  0.0262297  0.0435937  0.0535230  0.0460152  0.0396124  0.0373737  0.0353653  0.0637876  0.0558360  0.0452547  0.0402101  0.0377866  0.0434261  0.0382362  0.0372141  0.0356309
 1  0.1268093  0.0785731  0.0529655  0.0681295  0.0579152  0.1058716  0.1031325  0.1745691  0.1923960  0.0853355  0.0618990  0.0963351  0.1052452  0.1221513  0.1262129  0.1619041  0.1608846  0.1366437  0.1321339  0.2271061  0.2985510  0.1721884  0.1720936  0.1165369  0.0724602  0.1610792  0.1646368
 2  0.0247688  0.0127079  0.0083572  0.0118289  0.0106183  0.0201939  0.0205424  0.0369399  0.0400573  0.0146304  0.0110939  0.0193310  0.0225314  0.0272026  0.0273894  0.0339640  0.0302884  0.0259807  0.0274693  0.0509526  0.0665487  0.0351133  0.0334943  0.0173154  0.0116043  0.0296627  0.0339284
 3  0.1170336  0.0243430  0.0199575  0.0222695  0.0248445  0.1144531  0.1160178  0.0251872  0.0259788  0.0264286  0.0251731  0.1120891  0.1123157  0.0255804  0.0239103  0.0249731  0.0255410  0.0248245  0.0257096  0.1033493  0.1132229  0.0269458  0.0219493  0.0238699  0.0174879  0.0250060  0.0293987
 4  0.0472314  0.0463603  0.0390426  0.0430859  0.0389852  0.0389689  0.0318032  0.0397776  0.0449889  0.0403219  0.0361353  0.0336999  0.0348423  0.0371078  0.0388556  0.0419790  0.0411093  0.0371642  0.0345031  0.0305200  0.0349867  0.0378840  0.0504689  0.0462092  0.0367594  0.0370280  0.0406007
