FL 2019 2020 2021 2022 2023 2024 2025 2026 2027 2028 2029 2030 2031 2032 2033 2034 2035 2036 2037 2038 2039 2040 2041 2042 2043 2044 2045
 1    4109.00    1983.83    1983.83    3770.38    3770.38    8762.29    8762.29   13971.80   13971.80   19223.82   19223.82   10584.88   10584.88   14376.05   14376.05   24206.03   24206.03   11756.98   11756.98    4471.24    4471.24    5898.82    5898.82   10278.58   10278.58   22478.61   22478.61
 2     783.00     377.87     377.87     718.17     718.17    1669.01    1669.01    2661.30    2661.30    3661.68    3661.68    2016.17    2016.17    2738.30    2738.30    4610.67    4610.67    2239.42    2239.42     851.66     851.66    1123.58    1123.58    1957.82    1957.82    4281.64    4281.64
 3    3537.00    3242.91    3268.55    6700.62    6049.91    7572.84    6491.25    8841.56    8981.07    8390.50    6296.45    6496.59    5724.02    6649.13    5785.90    7917.53    5376.43    4690.08    4586.61    6223.32    6573.26    7387.10    5811.47    8119.88    7862.14    8456.92    7212.78
 4    1379.00    2647.97    2827.94    3435.83    2796.98    3917.15    4344.47    4272.96    3260.51    3180.83    2745.45    2958.60    2493.85    3756.65    2935.31    2907.09    2175.75    2817.80    2741.11    3363.04    2744.39    2774.05    3234.76    4318.54    3438.41    4475.09    4929.11
 1    4109.00    1963.96    1963.96    5785.16    5785.16   10864.85   10864.85   12012.46   12012.46    9332.86    9332.86    4866.71    4866.71    6487.87    6487.87    7725.56    7725.56    9692.30    9692.30   27478.38   27478.38   17993.51   17993.51   11312.07   11312.07   18839.90   18839.90
 2     783.00     374.09     374.09    1101.94    1101.94    2069.50    2069.50    2288.09    2288.09    1777.69    1777.69     926.99     926.99    1235.78    1235.78    1471.54    1471.54    1846.15    1846.15    5233.98    5233.98    3427.34    3427.34    2154.68    2154.68    3588.55    3588.55
 3    3537.00    2695.88    4401.47    5002.74    7080.81    7868.16    7794.97    6460.81    6686.23    5702.27    6457.91    6710.21    7804.55    8591.00    9417.37    8798.79    8612.31    7597.33    7178.27    7307.78    7011.42    5304.73    5272.02    6683.74    9349.49   11081.75   11266.26
 4    1379.00    2281.39    2886.14    3210.93    3600.16    3043.40    2819.95    2454.51    2582.81    2761.83    2930.31    3591.57    4143.78    3843.63    3634.42    3025.11    2511.76    2555.62    3468.61    3444.34    2885.50    2787.54    4096.04    5087.72    6398.84    6160.51    6249.09
 1    4109.00    2738.74    2738.74    5088.01    5088.01   26671.26   26671.26   27448.81   27448.81   22884.25   22884.25   26932.75   26932.75   12123.34   12123.34   26259.16   26259.16   14948.93   14948.93   16896.26   16896.26   33876.15   33876.15   18937.84   18937.84   14938.77   14938.77
 2     783.00     521.66     521.66     969.14     969.14    5080.24    5080.24    5228.34    5228.34    4358.90    4358.90    5130.05    5130.05    2309.21    2309.21    5001.74    5001.74    2847.42    2847.42    3218.34    3218.34    6452.60    6452.60    3607.21    3607.21    2845.48    2845.48
 3    3537.00    2147.59    3994.72    5419.58    7548.00    9843.17   11623.71   11914.50   10803.93   10048.94    8899.20    8896.44    7468.00    8061.26    9046.75    8805.14    6314.46    6080.86    7342.49    9854.12    9827.96    8810.18    7390.49    6777.83    8111.03    7017.16    6209.09
 4    1379.00    1921.37    3081.95    4027.41    5063.63    7496.13    6067.07    4792.92    4369.86    3931.00    3913.22    4083.06    4683.43    3906.76    3133.79    2841.02    2917.67    4907.10    5502.27    4308.61    3765.94    3749.40    3772.85    3844.97    3315.00    2358.13    2142.99
 1    4109.00     869.95     869.95    6048.97    6048.97    6937.39    6937.39   12633.39   12633.39   23187.78   23187.78   21185.93   21185.93   15997.67   15997.67   25478.84   25478.84   61445.54   61445.54   38522.49   38522.49   26819.10   26819.10    9628.08    9628.08   19288.50   19288.50
 2     783.00     165.70     165.70    1152.18    1152.18    1321.41    1321.41    2406.36    2406.36    4416.72    4416.72    4035.42    4035.42    3047.18    3047.18    4853.11    4853.11   11703.91   11703.91    7337.62    7337.62    5108.40    5108.40    1833.92    1833.92    3674.00    3674.00
 3    3537.00    2469.25    4022.85    5869.98    5858.52    5278.91    6708.70   15095.08   17952.86   18341.24   18961.44   17680.57   15422.13   12953.31   16540.80   19071.92   18376.56   19131.97   15261.55   12528.04    8675.80    6373.90    4494.98    5150.94    9223.83   10562.47   11423.39
 4    1379.00    2278.90    3035.14    2508.69    2525.48    4677.51   12103.34   11473.10    8460.79    7575.90    6446.46    5062.83    6601.01   12623.77   12886.28    9731.27    7282.69    5595.67    3788.76    2945.32    2335.60    2578.25    3541.82    5993.04    5995.41    5040.57    6356.22
 1    4109.00    1704.78    1704.78    4125.20    4125.20   14029.09   14029.09   61574.90   61574.90   74383.85   74383.85   29666.41   29666.41   45580.92   45580.92   47324.97   47324.97   23160.98   23160.98    7699.69    7699.69   29192.40   29192.40   44275.31   44275.31   21928.83   21928.83
 2     783.00     324.72     324.72     785.75     785.75    2672.21    2672.21   11728.55   11728.55   14168.35   14168.35    5650.74    5650.74    8682.08    8682.08    9014.28    9014.28    4411.62    4411.62    1466.61    1466.61    5560.46    5560.46    8433.39    8433.39    4176.92    4176.92
 3    3537.00    2446.94    3698.20    5425.73    6773.52    7126.57   12569.39   14275.29   13658.96   11329.53   12582.01   13771.39   15108.65   16902.95   13904.77   11391.92    7726.87    5898.80    5479.25    5912.97    9914.27   13565.78   10803.13    9699.03    9662.64   10384.19   11416.55
 4    1379.00    2129.59    2646.96    3031.05    4671.96    8724.60    8932.44    7428.45    6779.92    9250.10   11937.68    8926.24    7673.99    6602.48    4564.42    3413.90    3040.69    2859.58    4780.52    5888.03    5814.55    6000.22    5060.92    6253.12    7285.81    5315.69    3919.51
 1    4109.00    3591.59    3591.59    8625.08    8625.08   22094.23   22094.23   25111.09   25111.09   23779.14   23779.14    9855.85    9855.85   17230.75   17230.75   18371.89   18371.89    9358.27    9358.27   15266.33   15266.33   35464.97   35464.97   29943.61   29943.61    4399.63    4399.63
 2     783.00     684.11     684.11    1642.87    1642.87    4208.42    4208.42    4783.06    4783.06    4529.36    4529.36    1877.30    1877.30    3282.05    3282.05    3499.41    3499.41    1782.53    1782.53    2907.87    2907.87    6755.23    6755.23    5703.54    5703.54     838.02     838.02
 3    3537.00    2814.55    3879.03    5745.96    7808.32    9501.10   10347.62    9930.08    9939.00    9159.66    9728.34    8630.16    9076.34    8682.17    7290.03    7481.93    6383.91    5847.35    9058.19   12067.21   14295.04   11507.19    8973.91    6900.24    4866.57    3946.70    4462.90
 4    1379.00    2206.43    3118.44    5298.22    5145.54    5520.69    5417.62    4724.73    4460.87    4042.14    4140.37    3434.38    3356.55    3475.05    2754.26    2605.99    3474.89    6586.24    6980.62    5671.17    4796.04    3342.71    2636.00    2281.10    1931.52    2237.92    3580.96
 1    4109.00    3347.19    3347.19    3428.04    3428.04    6161.23    6161.23   10242.08   10242.08   12800.17   12800.17   17382.75   17382.75   12186.64   12186.64   40908.72   40908.72   26493.85   26493.85   16361.73   16361.73   13252.47   13252.47   30669.87   30669.87   15616.99   15616.99
 2     783.00     637.56     637.56     652.96     652.96    1173.57    1173.57    1950.87    1950.87    2438.13    2438.13    3311.00    3311.00    2321.26    2321.26    7792.14    7792.14    5046.45    5046.45    3116.52    3116.52    2524.28    2524.28    5841.88    5841.88    2974.66    2974.66
 3    3537.00    2204.25    4184.33    5689.91    7333.60    7641.42    8727.01    7827.01    7095.96    9163.50    8563.07    8740.11    9562.56   11238.91   12874.14   13282.56   11912.21   10611.21   10255.97   10017.66   11042.89   13120.85   14220.89   14248.21   11732.15    9014.32    7529.70
 4    1379.00    2034.26    2912.30    3355.46    3928.39    3918.95    3046.15    2895.46    3897.81    4311.69    3956.59    5133.89    6578.28    6556.90    6121.56    5920.78    4600.99    4432.57    5917.47    6563.02    7719.03    6894.19    5178.64    3910.16    3057.77    2846.65    3343.43
 1    4109.00     510.97     510.97    1325.48    1325.48   10340.95   10340.95   59548.11   59548.11   24990.97   24990.97   29372.58   29372.58    8945.24    8945.24    5665.04    5665.04   29055.18   29055.18   71444.61   71444.61   45317.58   45317.58    8650.49    8650.49   11717.24   11717.24
 2     783.00      97.33      97.33     252.47     252.47    1969.70    1969.70   11342.50   11342.50    4760.18    4760.18    5594.78    5594.78    1703.86    1703.86    1079.06    1079.06    5534.32    5534.32   13608.50   13608.50    8631.92    8631.92    1647.71    1647.71    2231.86    2231.86
 3    3537.00    2081.31    3983.42    5831.69    6424.89   11775.98   12749.45   14718.82   11626.08    9888.77    8721.10    6792.98    5143.06    4257.54    3918.22    6766.40    8469.24   10327.62   15280.61   15426.96   12940.24    9202.19    7082.80    5700.99    7757.27    7983.19    9034.66
 4    1379.00    1985.70    2665.38    4105.15    7587.73    7953.93    5827.44    5555.68    5130.94    4282.30    3025.60    2563.69    2094.03    2242.91    3993.96    4692.74    5974.07   10025.20    9163.68    6091.28    4222.91    3494.09    4237.35    3953.87    4170.48    5311.48    5117.55
 1    4109.00    3177.17    3177.17   11088.92   11088.92   15749.12   15749.12    4850.08    4850.08    7970.42    7970.42    9101.86    9101.86    7683.98    7683.98   10979.43   10979.43   13754.20   13754.20   19250.62   19250.62   18098.39   18098.39   19067.66   19067.66   14925.37   14925.37
 2     783.00     605.18     605.18    2112.18    2112.18    2999.83    2999.83     923.82     923.82    1518.18    1518.18    1733.69    1733.69    1463.62    1463.62    2091.32    2091.32    2619.85    2619.85    3666.78    3666.78    3447.31    3447.31    3631.94    3631.94    2842.93    2842.93
 3    3537.00    2640.68    3890.37    5265.63    6749.73    6861.39    6866.62    5672.90    6825.79    6277.32    5806.14    6011.04    6728.03    6282.96    8737.09    9659.98   10694.87   11419.80   11696.31   11319.25   11501.64   10348.28   11098.44   11202.18   11680.80   11849.02   12183.39
 4    1379.00    2325.98    2863.64    3259.17    3273.57    3008.98    3239.67    2337.61    2325.63    2557.02    2346.86    2739.77    3962.94    4267.13    4684.34    4859.77    6043.41    5356.22    4731.10    4980.33    4695.02    4858.18    5604.17    6439.42    5696.16    5766.21    6347.93
 1    4109.00    3549.08    3549.08    4885.65    4885.65    4814.96    4814.96    5568.95    5568.95    5502.88    5502.88    7136.98    7136.98    9115.72    9115.72   11495.48   11495.48   13403.08   13403.08   10076.68   10076.68   30297.50   30297.50   20154.75   20154.75   20993.28   20993.28
 2     783.00     676.02     676.02     930.60     930.60     917.14     917.14    1060.75    1060.75    1048.17    1048.17    1359.42    1359.42    1736.33    1736.33    2189.62    2189.62    2552.97    2552.97    1919.37    1919.37    5770.95    5770.95    3839.00    3839.00    3998.72    3998.72
 3    3537.00    2441.46    3588.21    5247.74    5379.74    5582.58    5142.42    4892.18    4500.50    4718.36    5380.26    5660.04    6017.20    6325.11    7296.09    7322.65    6581.87    6480.53    5878.00    6667.46    8791.83   10347.45    9697.01    8047.64    7766.51   10239.20   11207.50
 4    1379.00    2077.27    2424.34    2571.47    2015.46    1813.88    1483.10    1691.08    2134.47    2470.43    2444.08    2662.43    2638.44    3452.79    2914.21    2694.17    2848.92    2653.73    3379.28    4599.19    4976.36    4874.97    3666.06    4142.57    6964.16    6077.55    4479.17
 1    4109.00    1335.64    1335.64    3262.64    3262.64    9345.80    9345.80   15756.97   15756.97   10436.58   10436.58    9082.46    9082.46   19279.26   19279.26   17421.56   17421.56   14863.93   14863.93    7805.49    7805.49   21023.77   21023.77   26341.39   26341.39   34327.53   34327.53
 2     783.00     254.41     254.41     621.46     621.46    1780.15    1780.15    3001.33    3001.33    1987.92    1987.92    1729.99    1729.99    3672.24    3672.24    3318.39    3318.39    2831.22    2831.22    1486.76    1486.76    4004.53    4004.53    5017.41    5017.41    6538.58    6538.58
 3    3537.00    2669.89    3478.16    4960.87    7060.31    8615.45    8319.50    7513.66    6567.70    5725.35    5501.21    6569.91    7049.75    9005.67    8687.57    7980.59    7628.85    7608.63    6186.94    7929.43    9343.75   10854.28   10554.17   12628.83   10509.56    8491.93    6380.43
 4    1379.00    2214.96    2634.35    3126.87    4197.86    3527.52    2614.93    2359.05    2557.81    2500.33    3176.30    3325.52    4225.15    4593.10    3814.43    3441.91    2907.48    3062.80    3915.58    4773.54    5526.41    6307.34    5200.39    4371.47    3515.27    2601.97    1871.67
 1    4109.00    2394.55    2394.55    6056.36    6056.36   10108.10   10108.10   12563.63   12563.63   16710.08   16710.08   14838.52   14838.52   19280.18   19280.18   25914.04   25914.04   26379.74   26379.74   17194.25   17194.25   24187.55   24187.55   27179.92   27179.92   15705.23   15705.23
 2     783.00     456.10     456.10    1153.59    1153.59    1925.35    1925.35    2393.07    2393.07    3182.87    3182.87    2826.38    2826.38    3672.42    3672.42    4936.01    4936.01    5024.71    5024.71    3275.10    3275.10    4607.15    4607.15    5177.13    5177.13    2991.47    2991.47
 3    3537.00    2286.95    3805.60    5086.69    6140.94    6000.78    6082.30    6084.81    5982.86    7497.50    7552.29    8302.10    9491.62   10641.83   10353.85   10838.38    9687.69    9599.54    9437.77   10927.10   11752.81   11389.68    9179.31    6744.87    6769.25    5610.60    6126.84
 4    1379.00    2192.38    2609.08    2410.11    2304.01    2595.14    2770.60    3506.25    3370.86    3813.72    4596.61    5308.97    4807.87    4552.84    5160.75    4785.70    3981.24    5483.01    6684.38    5995.70    4200.22    3419.25    3186.83    2706.28    2865.42    3058.84    4191.01
 1    4109.00    2691.61    2691.61    3497.80    3497.80    6243.93    6243.93    5692.30    5692.30   15788.85   15788.85   32749.80   32749.80   29310.21   29310.21   12131.66   12131.66   45698.73   45698.73   20809.87   20809.87   33382.27   33382.27   63513.91   63513.91   52278.54   52278.54
 2     783.00     512.69     512.69     666.25     666.25    1189.32    1189.32    1084.25    1084.25    3007.40    3007.40    6238.06    6238.06    5582.90    5582.90    2310.79    2310.79    8704.52    8704.52    3963.78    3963.78    6358.53    6358.53   12097.89   12097.89    9957.82    9957.82
 3    3537.00    2275.97    3747.82    5666.09    5994.84    7451.25    8342.59    9686.51    9130.73   10551.33   11809.12    9681.33    7698.41    5673.92    5206.23    9590.63   12208.63   11852.46   11830.53   12558.36   14485.75   14878.08   12837.54   13258.15   13089.82   11087.69    9003.21
 4    1379.00    2071.53    2861.35    2961.62    4022.77    4684.33    3563.24    3870.64    5346.21    4793.26    3873.96    2804.52    2366.18    3756.18    7605.05    6625.00    5190.77    6040.54   10014.98    8502.87    6805.85    6533.19    6797.72    6928.69    5835.47    5129.53    4859.40
 1    4109.00    3298.22    3298.22   10218.52   10218.52   32607.50   32607.50   91071.29   91071.29   46012.43   46012.43   17866.46   17866.46   39838.26   39838.26   40067.41   40067.41   22060.04   22060.04   28364.49   28364.49   49340.68   49340.68   26538.67   26538.67   11280.19   11280.19
 2     783.00     628.23     628.23    1946.38    1946.38    6210.95    6210.95   17346.91   17346.91    8764.27    8764.27    3403.14    3403.14    7588.24    7588.24    7631.89    7631.89    4201.91    4201.91    5402.76    5402.76    9398.22    9398.22    5054.98    5054.98    2148.61    2148.61
 3    3537.00    2228.86    4005.66    5097.76    8526.07   11817.13   15247.00   17901.11   14174.32    9247.91    5830.43    3876.00   12482.07   15971.78   13612.53   15028.56   14180.51   12324.27   13947.11   15898.20   15605.80   15635.11   13255.95    8588.89    6373.38    5569.07    5639.46
 4    1379.00    2153.25    3416.06    5285.05    8356.11   12806.21    9650.69    7062.02    4296.76    2712.02    4141.89   10426.86   10142.19    8473.52    7503.36    6542.38    6238.16    8917.60    8381.29    7286.21    6248.96    4931.71    3619.36    2478.73    2402.78    3685.97    5268.75
 1    4109.00    4104.87    4104.87    7181.33    7181.33   12144.13   12144.13   16493.40   16493.40   29416.93   29416.93   17005.30   17005.30   23390.60   23390.60   15326.39   15326.39   23201.18   23201.18   32826.03   32826.03   13292.20   13292.20    5321.32    5321.32    9793.94    9793.94
 2     783.00     781.88     781.88    1367.87    1367.87    2313.17    2313.17    3141.60    3141.60    5603.22    5603.22    3239.10    3239.10    4455.35    4455.35    2919.31    2919.31    4419.27    4419.27    6252.58    6252.58    2531.85    2531.85    1013.58    1013.58    1865.51    1865.51
 3    3537.00    3187.87    4599.94    5903.31    8011.41   11072.49   11387.30   11225.97   12767.89   11921.68   12988.50   11637.46   12067.59   12779.84   11603.54   10571.98    9969.83   10594.55   12095.70   10304.57    7999.63    6114.92    6049.72    7045.02    6870.32    8059.57   11712.33
 4    1379.00    2500.74    3440.86    4796.11    6593.23    6043.75    5556.43    5466.46    5861.74    6140.74    6562.52    5313.22    5642.85    5324.87    4012.60    4463.05    5497.55    4892.46    4760.25    3435.49    2755.23    3162.29    3027.66    3234.84    4189.37    8106.75    9577.58
 1    4109.00    3149.45    3149.45    3738.50    3738.50   29492.23   29492.23   40844.04   40844.04   22975.26   22975.26    8684.21    8684.21    6313.69    6313.69    6124.73    6124.73    9409.55    9409.55    9356.42    9356.42   17948.70   17948.70   20681.89   20681.89   21340.70   21340.70
 2     783.00     599.90     599.90     712.10     712.10    5617.57    5617.57    7779.82    7779.82    4376.24    4376.24    1654.14    1654.14    1202.61    1202.61    1166.62    1166.62    1792.30    1792.30    1782.18    1782.18    3418.80    3418.80    3939.41    3939.41    4064.90    4064.90
 3    3537.00    2799.58    4390.72    5522.40    9602.37   11135.13   11665.08    9368.00    7812.25    5718.29    4347.06    4335.13    4798.07    4373.66    4702.22    6159.64    6641.17    7101.62    7775.53    8184.86    7539.07    6428.41    7573.05    8662.89    7550.08    9682.49    8132.84
 4    1379.00    2368.17    3817.85    5922.41    5732.26    5254.76    4945.71    3405.87    2806.99    2342.92    2310.76    2248.54    2080.66    2223.24    2785.65    2983.89    3348.24    3555.02    3405.79    2787.12    2584.90    3975.59    4195.98    3981.48    4529.75    4181.96    3525.08
 1    4109.00    3790.25    3790.25    4435.66    4435.66   18126.11   18126.11   19292.66   19292.66   29338.85   29338.85   31449.73   31449.73   28230.97   28230.97   24362.65   24362.65   21173.92   21173.92   27671.03   27671.03   36231.89   36231.89   16840.82   16840.82   33767.12   33767.12
 2     783.00     721.95     721.95     844.89     844.89    3452.59    3452.59    3674.79    3674.79    5588.35    5588.35    5990.42    5990.42    5377.33    5377.33    4640.50    4640.50    4033.13    4033.13    5270.67    5270.67    6901.31    6901.31    3207.78    3207.78    6431.83    6431.83
 3    3537.00    2535.62    3783.61    5867.80    8359.66   10797.15   12578.94   13257.37   16929.25   16545.49   15340.00   14671.68   14538.25   12800.09   11676.58    9929.81    8265.80    9011.39    8973.17    8586.73   10413.12   10314.10    7606.94    8320.43   11374.56   12694.27   11529.47
 4    1379.00    2218.47    3216.26    4795.49    6112.85    7783.22    8446.14    9198.24    8830.61    7144.75    6769.81    6049.53    5361.35    3869.06    3965.62    3699.64    4132.41    4892.20    5021.35    5530.29    4551.08    4185.41    6075.52    7756.72    6359.08    4950.71    4299.20
 1    4109.00    1930.70    1930.70    5304.22    5304.22    9133.74    9133.74   20095.15   20095.15   13304.21   13304.21    9823.04    9823.04   15309.76   15309.76   12605.21   12605.21   13051.50   13051.50   16297.05   16297.05    8183.41    8183.41    9947.78    9947.78   15108.32   15108.32
 2     783.00     367.75     367.75    1010.33    1010.33    1739.76    1739.76    3827.65    3827.65    2534.14    2534.14    1871.06    1871.06    2916.14    2916.14    2400.99    2400.99    2486.00    2486.00    3104.20    3104.20    1558.74    1558.74    1894.82    1894.82    2877.78    2877.78
 3    3537.00    3010.39    4553.75    6614.80    6831.18    8638.63    8621.39    8359.39    6485.30    5962.03    5134.63    5093.62    6178.86    7984.19    8513.13    8504.07    9416.60    8778.73    8532.65    8320.56    6560.70    6633.73    7367.70    8915.14   11048.36   10513.41    9724.52
 4    1379.00    2415.69    3171.14    3960.02    4036.83    3487.91    2856.40    2758.97    2617.89    2257.92    2648.31    2821.30    4416.57    4391.26    4051.41    3989.90    3816.72    3642.21    3177.57    3102.49    2746.48    3669.06    4774.66    5586.41    4781.98    4196.93    5653.21
 1    4109.00    2673.59    2673.59   15625.76   15625.76   22419.01   22419.01   49747.24   49747.24   17452.97   17452.97    8818.19    8818.19   12785.39   12785.39   12436.58   12436.58   18972.03   18972.03   14969.26   14969.26   19870.16   19870.16   14936.00   14936.00   19654.40   19654.40
 2     783.00     509.26     509.26    2976.34    2976.34    4270.29    4270.29    9475.66    9475.66    3324.38    3324.38    1679.66    1679.66    2435.31    2435.31    2368.87    2368.87    3613.72    3613.72    2851.29    2851.29    3784.79    3784.79    2844.95    2844.95    3743.70    3743.70
 3    3537.00    2722.60    4135.37    6047.33    8381.51   10756.00   12422.55   10678.03    7647.65    4996.03    5852.37    5958.18    7177.30    6514.80    7967.73    9437.31   11394.66   12411.41   12471.28   10305.08   11312.00   10820.52   11443.85   11669.43   12131.98   12049.16   11987.80
 4    1379.00    2287.59    3458.71    5999.58    6342.51    5326.33    4725.63    3696.74    2987.11    3694.85    3493.09    3077.26    3744.48    3594.30    5428.19    5773.69    5488.98    5505.61    5381.64    4588.03    5030.22    4494.26    5703.13    5962.94    4936.06    4557.60    3861.09
 1    4109.00    2294.29    2294.29    7011.31    7011.31   10375.60   10375.60   16663.88   16663.88    5412.79    5412.79    6301.68    6301.68   11111.10   11111.10   24996.51   24996.51   37813.32   37813.32   14314.61   14314.61   44119.62   44119.62   44929.04   44929.04   31932.98   31932.98
 2     783.00     437.01     437.01    1335.49    1335.49    1976.30    1976.30    3174.07    3174.07    1031.01    1031.01    1200.32    1200.32    2116.40    2116.40    4761.24    4761.24    7202.54    7202.54    2726.59    2726.59    8403.74    8403.74    8557.91    8557.91    6082.47    6082.47
 3    3537.00    2670.87    3530.80    5108.55    6419.51    7766.20    8045.31    7890.01    5962.56    5193.50    6185.08    6610.50    8530.00    7440.73    6960.93    9131.96    8315.34    7517.01    5017.11    3854.01    8044.18   11087.52   12991.07   12892.07   11488.67   10234.21    9106.22
 4    1379.00    2306.65    2562.20    3028.51    3559.45    4004.55    3250.13    2493.81    2089.70    3047.28    3539.23    3250.29    2788.06    2946.18    4566.22    4242.82    3022.71    2389.62    3269.20    5819.86    8203.89    8941.61    8086.25    5442.14    5283.04    4542.02    4104.09
 1    4109.00    1997.23    1997.23    4479.09    4479.09   21232.13   21232.13   38923.04   38923.04   21518.11   21518.11   18786.77   18786.77   17965.33   17965.33   23538.44   23538.44   38771.50   38771.50   54705.88   54705.88   24151.97   24151.97   22342.32   22342.32   20303.05   20303.05
 2     783.00     380.42     380.42     853.16     853.16    4044.22    4044.22    7413.91    7413.91    4098.69    4098.69    3578.43    3578.43    3421.97    3421.97    4483.51    4483.51    7385.05    7385.05   10420.17   10420.17    4600.38    4600.38    4255.68    4255.68    3867.25    3867.25
 3    3537.00    2628.41    4346.88    6941.30   16842.96   19709.79   19197.39   17961.56   15356.28   13034.47   11479.20   11354.16   10054.28    9369.30    9760.56    8533.80   11976.69   14339.01   13114.14   12976.70   13952.70   11423.37    9860.55   10183.82    9824.59   10238.24    9953.77
 4    1379.00    2227.75    6136.04   15387.75   13156.82    9219.93    6561.08    5829.52    4601.17    3863.07    4184.56    4533.88    4070.16    3873.00    4671.55    8118.62    8173.24    7485.76    7450.10    7291.26    5349.61    3932.40    5046.56    5007.43    5126.96    4757.04    5001.80
 1    4109.00    2079.92    2079.92    3433.58    3433.58    5216.90    5216.90   15432.65   15432.65    4297.52    4297.52    9569.87    9569.87   10196.80   10196.80    9783.77    9783.77   12718.40   12718.40   24236.98   24236.98   22790.92   22790.92   10835.75   10835.75    7650.26    7650.26
 2     783.00     396.18     396.18     654.02     654.02     993.70     993.70    2939.55    2939.55     818.58     818.58    1822.83    1822.83    1942.25    1942.25    1863.58    1863.58    2422.55    2422.55    4616.57    4616.57    4341.13    4341.13    2063.95    2063.95    1457.19    1457.19
 3    3537.00    2724.79    3700.60    5377.36    5995.60    6521.94    6779.50    6973.48    7697.72    8046.27    7037.79    5896.33    5909.16    5199.49    5053.37    7266.37    6765.27    7711.69    9246.95   10890.59   10591.47    9517.57    9616.72    8338.75    9156.55    8158.18    8353.33
 4    1379.00    2294.19    2771.01    2791.54    2929.50    2946.13    2801.46    3391.08    3227.06    2795.04    2152.94    1820.67    1859.11    2833.63    3016.28    3505.42    4016.29    5223.99    5429.27    5099.33    4556.62    3985.09    3657.22    3814.36    4012.27    3063.88    4232.34
 1    4109.00    1935.32    1935.32    9880.33    9880.33   38235.12   38235.12   27749.57   27749.57   17325.92   17325.92   38700.82   38700.82   29257.54   29257.54   41081.04   41081.04    6135.36    6135.36    4882.42    4882.42    3521.83    3521.83   23786.07   23786.07   29286.64   29286.64
 2     783.00     368.63     368.63    1881.97    1881.97    7282.88    7282.88    5285.63    5285.63    3300.18    3300.18    7371.58    7371.58    5572.86    5572.86    7824.96    7824.96    1168.64    1168.64     929.98     929.98     670.82     670.82    4530.68    4530.68    5578.41    5578.41
 3    3537.00    2288.96    3416.12    5286.39    5474.70    7162.07    6010.18    3951.63    4125.62    5609.88    6051.69    5182.99    7539.21    9114.09    8239.85    7651.20    6464.34    4698.93    5445.81    5744.74    5697.75    6360.78    9128.57   12169.00   11749.17   10717.85   11583.62
 4    1379.00    1953.22    2576.58    3082.81    3688.19    3779.41    3079.84    3061.87    3388.43    2958.67    3561.76    5836.00    6164.88    4575.05    3626.82    3975.77    3385.12    2799.30    2507.83    2728.37    3356.31    5410.71    6992.76    5766.79    5341.36    7024.54    5921.73
 1    4109.00    2395.93    2395.93    4242.08    4242.08    7455.76    7455.76    9462.22    9462.22   17459.44   17459.44   27527.35   27527.35   31166.98   31166.98   19945.46   19945.46   16893.03   16893.03   34256.38   34256.38   26541.44   26541.44    9702.00    9702.00    5984.29    5984.29
 2     783.00     456.37     456.37     808.02     808.02    1420.14    1420.14    1802.33    1802.33    3325.61    3325.61    5243.30    5243.30    5936.57    5936.57    3799.14    3799.14    3217.72    3217.72    6525.02    6525.02    5055.51    5055.51    1848.00    1848.00    1139.86    1139.86
 3    3537.00    2439.81    3542.27    5515.53    6864.25    6540.23    6528.15    9160.78   11377.46   11403.07   12623.80   14527.75   13460.07   13611.69   10481.16    9276.97    9405.67   10275.26   10830.40   12628.25   11027.55    8841.95    6905.40    5011.12    4585.60    4784.86    6069.09
 4    1379.00    2112.84    2685.09    3258.32    2780.15    2948.75    4801.38    5642.26    5578.03    6332.38    8000.04    7514.71    5365.11    4377.34    4239.46    4595.16    5000.39    7311.10    5849.41    4513.37    3628.20    2626.59    2101.55    2019.66    2397.45    2969.97    3403.02
 1    4109.00    2357.59    2357.59    5012.24    5012.24   10423.18   10423.18   14409.78   14409.78    8594.12    8594.12   23622.98   23622.98   25087.06   25087.06   21072.74   21072.74   15712.62   15712.62   12201.88   12201.88   19206.26   19206.26   12870.40   12870.40    5487.64    5487.64
 2     783.00     449.06     449.06     954.71     954.71    1985.37    1985.37    2744.72    2744.72    1636.98    1636.98    4499.62    4499.62    4778.49    4778.49    4013.86    4013.86    2992.88    2992.88    2324.17    2324.17    3658.34    3658.34    2451.50    2451.50    1045.26    1045.26
 3    3537.00    2536.87    4259.79    6092.60    5872.28    7718.26    5867.73    5235.10    5219.91   10103.72   12689.41   12504.86   11131.12    9985.76    9697.59    8138.25    7042.84    7256.63    6870.28    7640.41    7995.41    8208.93    7767.26    7954.25    6420.62    7433.20   15607.77
 4    1379.00    2143.64    3005.04    3124.68    2576.91    2610.56    2076.33    3388.16    7670.68    7563.85    5479.26    4469.85    4203.44    3873.41    3390.61    3159.66    3579.12    3452.22    3830.58    3651.72    3403.63    3897.99    3407.17    2686.12    5562.23   15166.07   13981.21
 1    4109.00    1422.50    1422.50    3376.76    3376.76   18995.59   18995.59   12235.15   12235.15   14808.95   14808.95    9969.96    9969.96   11013.16   11013.16    4124.74    4124.74    5741.74    5741.74   12421.79   12421.79   16841.75   16841.75   19582.33   19582.33    9116.18    9116.18
 2     783.00     270.95     270.95     643.19     643.19    3618.21    3618.21    2330.50    2330.50    2820.75    2820.75    1899.04    1899.04    2097.74    2097.74     785.66     785.66    1093.66    1093.66    2366.06    2366.06    3207.95    3207.95    3729.97    3729.97    1736.42    1736.42
 3    3537.00    2501.84    3742.50    5843.89    7971.30    9102.95    9104.82    8270.01    8985.32    8376.34    9009.00    8257.54    8651.01    7630.14    7034.36    6253.68    7727.46    8535.39   10451.08   11338.94   10721.67   11439.12   11525.81   11565.11    9900.20    8940.39    8546.40
 4    1379.00    2002.19    3207.53    4294.16    4446.39    3891.03    3454.11    4047.31    3745.62    4193.02    4082.71    3037.41    3139.70    2669.86    2479.59    3363.70    3885.65    4978.15    5087.79    5234.85    5407.03    5020.48    5096.80    4107.63    2798.48    2967.77    3273.46
 1    4109.00    1425.27    1425.27    4415.33    4415.33   10224.52   10224.52    8287.82    8287.82   13205.81   13205.81    8449.52    8449.52    3993.99    3993.99    6295.21    6295.21   12085.00   12085.00   25205.34   25205.34    8801.10    8801.10   20020.77   20020.77   32476.29   32476.29
 2     783.00     271.48     271.48     841.02     841.02    1947.53    1947.53    1578.63    1578.63    2515.39    2515.39    1609.43    1609.43     760.76     760.76    1199.09    1199.09    2301.90    2301.90    4801.02    4801.02    1676.40    1676.40    3813.48    3813.48    6185.96    6185.96
 3    3537.00    2370.65    4104.78    5648.80    6915.80    7880.19    7856.10    8345.69    8604.91    8039.58    7222.19    5542.81    6337.80    4902.57    5347.05    7246.01    8656.44   10666.73   12286.17   11659.99   11064.34   13343.02   14284.90   14541.55   15676.66   15735.29   15227.92
 4    1379.00    2200.32    3033.56    3301.70    3738.88    3568.41    4094.12    3378.16    3085.36    2692.52    2664.44    1884.38    1985.56    2649.92    3481.27    3887.63    5376.77    6530.59    5246.45    4837.88    6419.88    7370.25    7597.34    8453.83    8317.39    7361.22    5477.87
 1    4109.00    2183.41    2183.41    4081.77    4081.77   13230.76   13230.76   18000.44   18000.44   18819.57   18819.57   27366.11   27366.11   18675.43   18675.43   19041.33   19041.33   27306.51   27306.51   21771.75   21771.75   13393.84   13393.84   40795.99   40795.99   43921.42   43921.42
 2     783.00     415.89     415.89     777.48     777.48    2520.14    2520.14    3428.66    3428.66    3584.68    3584.68    5212.59    5212.59    3557.22    3557.22    3626.92    3626.92    5201.24    5201.24    4147.00    4147.00    2551.21    2551.21    7770.66    7770.66    8365.98    8365.98
 3    3537.00    2595.34    3785.82    5956.80    8390.66    9752.90   11648.68   12194.10   12600.77   11935.57   10901.45   11632.55   10416.42    9141.17   10045.10    9157.60   10184.75   11428.92   11395.49   11636.21   12745.04   15328.05   18900.30   19298.16   16421.71   14922.55   10661.21
 4    1379.00    2173.99    2906.27    4506.09    5105.57    6557.52    6858.07    5869.30    5205.28    5264.59    4821.42    4364.53    3909.92    4052.41    5144.24    5359.36    7456.41    6136.51    5768.07    6812.16   11988.60   11046.23    8690.03    6397.10    4882.76    4780.75    4702.13
 1    4109.00    1772.23    1772.23    7279.27    7279.27   14399.62   14399.62   13866.47   13866.47    5102.33    5102.33   11486.71   11486.71   17011.76   17011.76   11360.58   11360.58   12020.32   12020.32    6148.30    6148.30   11745.89   11745.89   18935.99   18935.99   18237.45   18237.45
 2     783.00     337.57     337.57    1386.53    1386.53    2742.78    2742.78    2641.23    2641.23     971.87     971.87    2187.94    2187.94    3240.34    3240.34    2163.92    2163.92    2289.58    2289.58    1171.10    1171.10    2237.31    2237.31    3606.86    3606.86    3473.80    3473.80
 3    3537.00    2711.83    4023.71    5868.57    8043.25    8561.34    7416.40    6247.92    6298.24    5807.67    5793.18    8421.56    8718.15    8169.72    7878.18    6500.64    5557.84    5285.55    4665.39    3898.33    6498.95    9785.51   11049.64   12833.18   13783.53   14716.39   13385.58
 4    1379.00    2374.57    3141.30    4575.04    4005.56    2994.16    2385.99    2359.32    2445.63    3114.71    4268.59    4169.81    3287.20    2762.42    2311.93    2349.37    2030.81    1693.19    2105.01    4093.86    5315.68    5907.87    7269.00    6982.66    6986.19    5659.14    4046.00
 1    4109.00    2711.02    2711.02    4016.17    4016.17   21948.70   21948.70   20400.07   20400.07    9907.59    9907.59   19998.59   19998.59   51420.14   51420.14   41988.87   41988.87   13580.95   13580.95   16701.76   16701.76   30666.64   30666.64    9529.67    9529.67   20540.06   20540.06
 2     783.00     516.38     516.38     764.98     764.98    4180.70    4180.70    3885.73    3885.73    1887.16    1887.16    3809.26    3809.26    9794.31    9794.31    7997.88    7997.88    2586.85    2586.85    3181.29    3181.29    5841.26    5841.26    1815.18    1815.18    3912.39    3912.39
 3    3537.00    2738.39    5026.18    5953.98    8623.11   11443.74   11057.03    9124.36    7104.46    8477.44   11941.41   14648.70   15057.38   16260.69   15028.38   12526.38   10933.17    8305.55    8648.96    7193.52    7124.87    6166.47    5324.30    4449.62    5782.79    8677.10    9346.98
 4    1379.00    2290.05    3620.32    5042.32    5488.75    4908.61    3649.62    2987.66    4651.16    7723.84    9339.07    8512.16    7196.91    6157.91    5788.28    5167.86    3916.13    3341.65    3049.11    2877.98    2819.71    2491.42    2766.79    3446.78    5115.69    5386.03    4301.92
 1    4109.00    2561.79    2561.79    5966.73    5966.73   11195.18   11195.18   25379.97   25379.97   18800.17   18800.17    7361.97    7361.97   12908.74   12908.74   19654.87   19654.87   26453.20   26453.20   30129.33   30129.33   24308.59   24308.59   13031.17   13031.17   14892.11   14892.11
 2     783.00     487.96     487.96    1136.52    1136.52    2132.42    2132.42    4834.28    4834.28    3580.98    3580.98    1402.28    1402.28    2458.81    2458.81    3743.78    3743.78    5038.70    5038.70    5738.92    5738.92    4630.21    4630.21    2482.13    2482.13    2836.59    2836.59
 3    3537.00    3058.86    3818.65    5437.76    6904.86    8752.16    8163.37    9119.67    8450.96    6667.45    6881.56    6095.05    6066.90    9672.99   10518.62   11594.66   11430.81   12338.56   12297.62   11293.55    9917.70    9746.00    8063.17    7810.96   10578.32   11995.82   12265.65
 4    1379.00    2285.60    2975.32    3532.18    3706.05    4296.39    3997.81    3654.62    3449.94    2871.32    2693.07    3377.93    5342.53    5509.77    6317.80    6339.78    5801.74    5463.37    4247.45    4311.51    4775.89    4273.57    4229.20    6231.61    6900.26    6601.49    6372.03
 1    4109.00    2393.16    2393.16    2656.96    2656.96    7009.00    7009.00    8941.09    8941.09    5286.20    5286.20    8216.67    8216.67    8844.53    8844.53    8887.49    8887.49   16691.60   16691.60   23729.71   23729.71   16442.58   16442.58   26554.38   26554.38   23971.33   23971.33
 2     783.00     455.84     455.84     506.09     506.09    1335.05    1335.05    1703.06    1703.06    1006.90    1006.90    1565.08    1565.08    1684.67    1684.67    1692.86    1692.86    3179.35    3179.35    4519.94    4519.94    3131.92    3131.92    5057.98    5057.98    4565.97    4565.97
 3    3537.00    2832.89    4650.95    6521.47    6778.87    7324.31    7200.13    6804.94    6420.09    6284.05    7460.31    9506.98    9747.62    9018.40    8479.62    7130.17   13478.21   17053.86   16081.31   16192.59   14779.98   13980.62   13212.84   11622.43   12289.16   12405.10   11209.89
 4    1379.00    2493.21    3220.76    3381.60    3091.92    2590.92    2254.14    2920.97    3102.20    3174.58    4231.40    4171.93    3462.91    2584.53    4394.59    9604.45    9588.22    7439.01    6708.03    6546.77    5328.33    4491.66    5226.84    6348.33    5798.09    4631.83    3552.31
 1    4109.00    8584.88    8584.88    9073.22    9073.22   43950.52   43950.52   46660.15   46660.15   28474.91   28474.91   29442.34   29442.34   24656.48   24656.48   13711.70   13711.70   21208.11   21208.11   58627.80   58627.80   35913.57   35913.57   25478.38   25478.38   13958.41   13958.41
 2     783.00    1635.22    1635.22    1728.23    1728.23    8371.53    8371.53    8887.65    8887.65    5423.79    5423.79    5608.06    5608.06    4696.47    4696.47    2611.75    2611.75    4039.64    4039.64   11167.20   11167.20    6840.68    6840.68    4853.02    4853.02    2658.74    2658.74
 3    3537.00    2509.09    3667.18    5889.18   10047.56   13615.83   12563.50   14641.32   13980.29   13486.26    9886.28   10359.64    9433.61    9880.81    9734.01    9323.93    8714.41   12716.85   14027.91   14939.93   13155.39   12536.41   11817.09    9367.24    8798.55    6711.97    6621.20
 4    1379.00    2421.46    3960.77    7640.29    7716.66    8033.64    8793.32    7943.51    5633.55    4820.73    5262.14    4916.89    4877.13    5504.93    4324.19    4714.09    7604.90    7379.10    7225.95    7478.34    6343.58    5005.88    4181.29    3966.33    3298.10    2300.88    1986.67
 1    4109.00    1100.02    1100.02    3043.66    3043.66   11653.95   11653.95   24768.28   24768.28   30399.60   30399.60   44455.95   44455.95   25600.35   25600.35    9140.21    9140.21    8273.96    8273.96    8720.25    8720.25   16380.21   16380.21   19548.14   19548.14   20708.23   20708.23
 2     783.00     209.53     209.53     579.74     579.74    2219.80    2219.80    4717.77    4717.77    5790.40    5790.40    8467.80    8467.80    4876.26    4876.26    1740.99    1740.99    1575.99    1575.99    1661.00    1661.00    3120.04    3120.04    3723.46    3723.46    3944.42    3944.42
 3    3537.00    2845.73    3876.03    6242.57    7096.76   11590.62   14221.37   13720.62   13069.73   11181.62   10752.85    8463.46    6284.03    5901.99    6012.69    4898.84    6596.12    6987.64    9368.82   11454.44   10108.43    9847.94    9691.37    9348.80    9422.32   12955.17   14138.21
 4    1379.00    2393.29    2824.42    4412.72    7459.44    7542.57    6204.31    4933.96    5002.56    4410.30    3927.47    3247.89    3575.49    3146.11    3064.85    3853.12    3873.04    4811.17    5176.39    4379.82    3397.57    4123.07    4249.51    5301.91    8521.82    8441.33    6657.80
 1    4109.00     556.25     556.25    3556.94    3556.94    9221.06    9221.06   14463.37   14463.37   10421.33   10421.33    6657.88    6657.88    7623.92    7623.92    7317.16    7317.16   29834.11   29834.11   32374.19   32374.19   22997.90   22997.90   24564.08   24564.08   27054.26   27054.26
 2     783.00     105.95     105.95     677.51     677.51    1756.39    1756.39    2754.93    2754.93    1985.02    1985.02    1268.17    1268.17    1452.18    1452.18    1393.74    1393.74    5682.69    5682.69    6166.51    6166.51    4380.55    4380.55    4678.87    4678.87    5153.19    5153.19
 3    3537.00    2439.13    4238.44    5864.71    8175.14   11122.52   12612.83   12356.49   10648.90    9031.59   10200.27    9281.19    7954.27    8122.30    8327.67   10668.68   12226.54   13481.40   15375.38   12946.96   13527.04   11671.86   10718.28    9568.87    8682.18    7264.25    7353.05
 4    1379.00    2164.64    3278.74    5090.62    7005.71    5488.90    4550.53    3969.89    3951.15    3515.90    3255.73    2939.51    2546.22    3932.01    6243.76    6924.20    6905.92    7217.10    7160.42    5789.11    4595.99    3753.73    4071.63    3561.54    3382.38    3878.60    4556.03
 1    4109.00    1932.55    1932.55    3444.21    3444.21    8558.55    8558.55   20013.38   20013.38   21847.52   21847.52   26855.14   26855.14   12206.50   12206.50   26146.43   26146.43   34947.07   34947.07   37791.60   37791.60   16838.51   16838.51   15690.91   15690.91   10716.09   10716.09
 2     783.00     368.10     368.10     656.04     656.04    1630.20    1630.20    3812.07    3812.07    4161.43    4161.43    5115.26    5115.26    2325.05    2325.05    4980.27    4980.27    6656.58    6656.58    7198.40    7198.40    3207.34    3207.34    2988.74    2988.74    2041.16    2041.16
 3    3537.00    3173.55    4169.88    5761.11    6459.98    9069.18    9059.03    9176.35   10678.28   10029.52    9370.37    7775.47    6499.33    8897.99   11151.98   10300.94   10271.29   11023.29   10374.82    8864.24    8495.03    7123.16    7147.34    6615.44    5816.02    5954.36    6682.82
 4    1379.00    2462.17    2973.50    3521.22    4033.45    4239.00    4748.48    4948.37    4953.29    3617.21    2981.58    3600.41    6095.46    5841.93    4414.11    4415.69    5963.11    5789.08    5062.82    4130.54    3502.41    3745.62    3098.26    2767.43    3105.56    3484.86    4128.75
 1    4109.00    3582.81    3582.81    4452.29    4452.29   15162.38   15162.38   26460.59   26460.59   24255.00   24255.00   13622.07   13622.07   36364.48   36364.48   25066.73   25066.73   18062.81   18062.81    9616.07    9616.07   11669.66   11669.66   10535.45   10535.45    8427.80    8427.80
 2     783.00     682.44     682.44     848.06     848.06    2888.07    2888.07    5040.11    5040.11    4620.00    4620.00    2594.68    2594.68    6926.57    6926.57    4774.62    4774.62    3440.54    3440.54    1831.63    1831.63    2222.79    2222.79    2006.75    2006.75    1605.30    1605.30
 3    3537.00    2680.15    4181.75    5904.88    7612.39    9021.65    9998.34    9036.24    7640.93    6133.89    8586.14   11840.91   13134.92   12142.47    9822.95    8682.41   10730.62    7842.18    7411.70    6705.04    6608.95    7331.13    8616.29    8129.04    8194.04    7792.90    7099.54
 4    1379.00    2270.96    3137.02    4628.42    4928.03    4241.80    3411.49    3048.98    3497.47    6366.27    7110.20    6239.94    5259.56    4477.14    4583.48    4200.02    3772.04    3180.62    2900.94    2786.87    3540.93    3893.43    3629.69    3738.78    3134.47    2378.82    1771.01
 1    4109.00    3055.67    3055.67    4611.68    4611.68   13635.47   13635.47   15703.38   15703.38   17446.97   17446.97   25821.18   25821.18   26208.80   26208.80   37674.25   37674.25   10894.88   10894.88   20914.28   20914.28   37884.46   37884.46   33361.02   33361.02   27487.62   27487.62
 2     783.00     582.03     582.03     878.42     878.42    2597.23    2597.23    2991.12    2991.12    3323.23    3323.23    4918.32    4918.32    4992.15    4992.15    7176.05    7176.05    2075.22    2075.22    3983.67    3983.67    7216.09    7216.09    6354.48    6354.48    5235.74    5235.74
 3    3537.00    2924.16    3822.03    5681.23    8602.91   10345.35    9744.94    7771.14    8101.59    6909.15    8895.20    9727.19    9175.26   11864.64   11957.02    9793.13    7043.35    7749.87   10715.72   13076.62   13619.11   11894.70   10199.19    8685.70    9153.14    8342.34    8049.67
 4    1379.00    2488.19    3234.72    4835.27    5283.83    4216.84    3362.11    2748.59    2954.71    4732.22    5094.21    5696.26    6567.17    5612.63    3888.63    3540.68    4785.24    6589.85    7343.33    6197.81    4990.28    4525.09    4494.43    5129.48    4959.16    3699.96    4997.83
 1    4109.00    2077.15    2077.15    4662.50    4662.50   14441.66   14441.66   31786.99   31786.99   31319.44   31319.44   26367.27   26367.27   12094.24   12094.24   13591.58   13591.58   11495.48   11495.48   14277.65   14277.65   20135.81   20135.81   18490.63   18490.63   28783.06   28783.06
 2     783.00     395.65     395.65     888.10     888.10    2750.79    2750.79    6054.66    6054.66    5965.61    5965.61    5022.34    5022.34    2303.66    2303.66    2588.87    2588.87    2189.62    2189.62    2719.55    2719.55    3835.39    3835.39    3522.02    3522.02    5482.49    5482.49
 3    3537.00    2707.35    4249.94    6346.67    6744.19    8227.60   10150.59   10682.29   10690.79   10160.73    9182.19    8859.15    6939.63    7318.43    8706.16    9626.58   10079.11   11393.26   12114.68   12526.78   10315.38   12792.45   12242.46   11633.21   13142.92   11491.60    9478.43
 4    1379.00    2374.27    2915.09    3361.89    4577.59    6222.50    5642.52    4855.10    4715.95    4894.98    4137.01    3697.88    3549.62    4309.15    5686.17    5557.23    5217.06    5380.11    4695.06    5239.83    5896.38    6439.44    5283.66    5668.60    4630.62    3694.14    3955.61
 1    4109.00    2754.91    2754.91    7690.91    7690.91    8396.39    8396.39   29397.06   29397.06   21932.06   21932.06    9922.37    9922.37   11184.56   11184.56   21056.57   21056.57   12715.16   12715.16    6767.84    6767.84    9704.31    9704.31   11835.05   11835.05   22256.39   22256.39
 2     783.00     524.74     524.74    1464.94    1464.94    1599.31    1599.31    5599.44    5599.44    4177.54    4177.54    1889.98    1889.98    2130.39    2130.39    4010.78    4010.78    2421.94    2421.94    1289.11    1289.11    1848.44    1848.44    2254.30    2254.30    4239.31    4239.31
 3    3537.00    2346.13    3960.39    5485.63    6644.15    6325.32    9103.12   10364.80    8893.48    9120.63    7350.34    6818.14    9116.90   10339.07   10751.62   10088.56    7768.87    7130.30    5680.66    4975.59    7649.48   10947.67   11115.88   11879.01   12530.67   11787.93   10360.79
 4    1379.00    2120.64    2727.84    2901.06    3326.77    4626.28    5286.46    4614.43    4326.87    3808.43    3668.84    4506.58    5184.06    4361.91    3643.08    2791.52    2156.34    2039.87    2574.55    4953.40    5638.54    5286.21    6316.96    5829.91    4619.21    3596.59    3589.90
 1    4109.00    4470.31    4470.31    7407.25    7407.25   15941.31   15941.31   16389.91   16389.91   13660.88   13660.88   12565.01   12565.01   10311.84   10311.84   15185.94   15185.94   21244.61   21244.61   37589.25   37589.25   38425.93   38425.93   24907.81   24907.81   24825.57   24825.57
 2     783.00     851.49     851.49    1410.90    1410.90    3036.44    3036.44    3121.89    3121.89    2602.07    2602.07    2393.34    2393.34    1964.16    1964.16    2892.56    2892.56    4046.59    4046.59    7159.86    7159.86    7319.22    7319.22    4744.34    4744.34    4728.68    4728.68
 3    3537.00    2812.29    3893.49    5475.96    6877.08    8461.45    8759.55    7222.83    7884.16    7420.13    8466.84    7919.53    7510.82    9259.10   10631.76   12126.10   13322.35   16120.94   15914.96   16602.75   15681.50   14988.49   13466.97   12275.44   10891.97    8795.45    9055.36
 4    1379.00    2243.95    3140.68    3751.16    3867.69    3583.56    3569.40    3243.02    3464.12    3940.60    3420.17    3358.60    5574.34    5942.48    6472.97    8704.32    8888.27    7884.40    7642.19    8112.44    6871.15    5510.24    4938.23    4289.12    4099.02    3883.09    3271.75
 1    4109.00    3828.13    3828.13    6186.64    6186.64   11232.14   11232.14   14277.19   14277.19    8965.57    8965.57    8834.83    8834.83   23534.74   23534.74   22638.92   22638.92    7229.38    7229.38   12120.57   12120.57    7337.02    7337.02   12858.38   12858.38   19092.61   19092.61
 2     783.00     729.17     729.17    1178.41    1178.41    2139.46    2139.46    2719.46    2719.46    1707.73    1707.73    1682.82    1682.82    4482.81    4482.81    4312.18    4312.18    1377.02    1377.02    2308.68    2308.68    1397.53    1397.53    2449.22    2449.22    3636.69    3636.69
 3    3537.00    2435.78    3850.78    5639.15    7325.90    7789.37    6633.53    6100.13    5337.53    4799.73    5372.04    6261.32    6322.82    6518.59    5971.71    6038.82    3860.44    3804.39    4702.85    5363.33    5808.16    5485.01    5212.22    6420.77    8585.98   14593.40   15119.60
 4    1379.00    2248.36    2806.54    4115.26    3192.26    2489.09    2159.85    2240.41    2285.27    2312.01    2942.94    2764.77    3245.95    3258.47    2433.88    2220.35    2442.31    2346.29    2340.26    2667.94    2452.90    2218.77    2851.86    6475.47   10142.53   10975.53   11019.07
 1    4109.00    3690.92    3690.92    6789.09    6789.09   16742.42   16742.42   12608.44   12608.44   13523.66   13523.66   28717.00   28717.00   10234.22   10234.22   19387.83   19387.83   20475.84   20475.84   14679.59   14679.59   11823.50   11823.50    8368.21    8368.21    9007.15    9007.15
 2     783.00     703.03     703.03    1293.16    1293.16    3189.03    3189.03    2401.61    2401.61    2575.94    2575.94    5469.90    5469.90    1949.38    1949.38    3692.92    3692.92    3900.16    3900.16    2796.11    2796.11    2252.10    2252.10    1593.94    1593.94    1715.65    1715.65
 3    3537.00    2522.35    3850.50    5046.69    5865.32    9155.23    9693.66    9162.51   12909.32   14687.83   14411.49   13698.26   12331.51   10443.08    8300.07    8332.89    7967.40    7170.99    5450.10    5500.60    5086.91    4787.02    5643.93    6805.27    8271.38   12680.31   15754.99
 4    1379.00    2236.35    2908.91    3312.49    4976.42    4744.78    4950.65    8274.04    8235.17    6751.76    5739.46    4460.33    3033.58    2862.98    3388.56    3614.31    2830.01    2348.92    2650.53    2506.97    2348.76    2809.88    4007.21    5465.94    8536.63    8673.74    7725.17
 1    4109.00    2649.57    2649.57    3355.51    3355.51    7919.60    7919.60   12045.26   12045.26    8206.51    8206.51    5083.39    5083.39    5922.84    5922.84   21576.79   21576.79   19471.45   19471.45   15264.02   15264.02    7734.80    7734.80   11359.19   11359.19   20947.08   20947.08
 2     783.00     504.68     504.68     639.14     639.14    1508.50    1508.50    2294.34    2294.34    1563.14    1563.14     968.26     968.26    1128.16    1128.16    4109.86    4109.86    3708.85    3708.85    2907.43    2907.43    1473.30    1473.30    2163.66    2163.66    3989.92    3989.92
 3    3537.00    2620.17    4012.18    6051.99    6643.37    6999.26    6042.73    5984.51    5511.95    4973.35    5149.60    4876.76    5004.51    7169.61    9605.03    9325.57   10242.14   10226.47    9438.02    7963.81    7342.90    7476.75    8736.85   10191.45   10126.87    9611.67    9981.26
 4    1379.00    2393.86    2924.64    3368.29    3070.17    2785.25    2310.93    1901.74    1987.12    2134.97    1936.29    2788.82    4170.19    4728.59    4299.52    4975.41    4530.72    3422.74    3330.65    2937.74    3576.94    4679.53    4756.67    4181.73    4199.47    4586.41    3999.64
 1    4109.00    4280.43    4280.43   15205.81   15205.81   12534.06   12534.06   23018.69   23018.69   15448.82   15448.82    9007.15    9007.15   12583.49   12583.49   17543.99   17543.99   26908.73   26908.73   39532.42   39532.42   20145.97   20145.97   18459.21   18459.21   16713.31   16713.31
 2     783.00     815.32     815.32    2896.34    2896.34    2387.44    2387.44    4384.51    4384.51    2942.63    2942.63    1715.65    1715.65    2396.86    2396.86    3341.71    3341.71    5125.47    5125.47    7529.98    7529.98    3837.33    3837.33    3516.04    3516.04    3183.49    3183.49
 3    3537.00    2443.43    3737.97    5583.98    5872.92    6286.60    8105.88    8987.36    8212.43    6980.18    6429.15    5717.71    6716.25    8387.34    8902.42    9359.63   10520.08   10146.67   10582.14    9458.28    8427.59    6667.05    7644.82   10034.85    8888.28   11849.29   12024.16
 4    1379.00    2309.71    3078.25    3703.67    3092.12    3409.41    4747.24    4346.18    3127.38    2365.85    2506.42    3307.45    3794.50    3829.31    5207.05    5215.74    4780.98    4817.92    4582.80    3537.72    3942.19    5381.49    4895.13    5617.79    6744.46    6759.40    5317.37
 1    4109.00    2838.99    2838.99    4824.20    4824.20   11506.11   11506.11   23343.01   23343.01   12347.41   12347.41   11832.28   11832.28   21403.07   21403.07   41527.80   41527.80   31623.90   31623.90   36040.16   36040.16   20379.28   20379.28   24994.66   24994.66   21026.54   21026.54
 2     783.00     540.76     540.76     918.90     918.90    2191.64    2191.64    4446.29    4446.29    2351.89    2351.89    2253.77    2253.77    4076.78    4076.78    7910.06    7910.06    6023.60    6023.60    6864.79    6864.79    3881.77    3881.77    4760.89    4760.89    4005.06    4005.06
 3    3537.00    2644.74    3878.49    5416.59    5929.27    9012.72    8908.00    7979.79    8028.59    6936.82    8113.97    7080.33    9883.16   13951.02   13229.19   12131.47   11858.36   10594.66   10757.18    9233.74    8188.35   10451.46   10919.73    8217.21    7502.15    5723.30    5269.55
 4    1379.00    2216.21    2518.64    3074.97    4494.32    4319.05    3887.39    3543.66    3961.87    3361.75    4124.08    5905.53    7733.34    7686.67    6230.92    5236.92    5683.89    4566.75    4374.42    5306.94    6078.59    4916.48    3664.51    2561.76    2271.68    2867.48    2532.79
 1    4109.00    3564.33    3564.33    6168.16    6168.16   15548.15   15548.15   21793.46   21793.46   16740.57   16740.57   11758.36   11758.36   19786.54   19786.54   15684.44   15684.44   16589.50   16589.50   15447.43   15447.43   26026.77   26026.77   37200.24   37200.24   23768.51   23768.51
 2     783.00     678.92     678.92    1174.89    1174.89    2961.55    2961.55    4151.14    4151.14    3188.68    3188.68    2239.69    2239.69    3768.86    3768.86    2987.51    2987.51    3159.90    3159.90    2942.37    2942.37    4957.48    4957.48    7085.76    7085.76    4527.34    4527.34
 3    3537.00    2728.61    4205.75    4957.56    6664.62    7546.50    8856.91    9378.26    8814.75    9220.54    9517.19   11697.78   10819.27    9438.10    8363.62    7773.35    6717.76    7705.11    9974.01   10995.77   10938.11   10072.24    8588.43    9498.92    8930.10    8898.13   10487.46
 4    1379.00    2355.05    2957.22    3088.94    3515.49    4561.13    4746.53    5133.88    4271.28    4871.19    5566.58    4708.37    3308.01    2763.13    2599.26    3012.04    4367.16    6156.42    5644.26    4280.18    3974.36    4162.99    5031.98    4880.76    5885.80    5021.40    5081.19
 1    4109.00    2314.62    2314.62    2286.44    2286.44   10372.36   10372.36    8242.54    8242.54   10827.43   10827.43   12643.55   12643.55   20611.21   20611.21   35813.32   35813.32   10236.53   10236.53    8836.67    8836.67   14635.70   14635.70   26001.36   26001.36   28110.85   28110.85
 2     783.00     440.88     440.88     435.51     435.51    1975.69    1975.69    1570.01    1570.01    2062.37    2062.37    2408.30    2408.30    3925.94    3925.94    6821.58    6821.58    1949.82    1949.82    1683.18    1683.18    2787.75    2787.75    4952.64    4952.64    5354.45    5354.45
 3    3537.00    2558.55    4152.88    5528.70    5781.77    5916.42    6196.06    6080.18    6310.45    7173.13    7820.82    9192.46   10543.14    9830.56    9862.61    8869.16    6836.92    4243.36    6413.38    7693.90    9267.52   10646.49    8355.95    9387.16    8617.80    9404.33   10004.99
 4    1379.00    2118.91    2623.74    2352.04    2230.35    2758.20    2888.30    2780.07    3555.11    4081.11    4696.19    4547.82    5011.51    4536.33    3724.61    2739.70    2735.59    3407.70    4021.15    4956.03    4269.26    3804.48    4090.47    4624.86    5109.39    4428.92    3429.98
 1    4109.00    2011.55    2011.55    3181.79    3181.79   10228.68   10228.68    6439.82    6439.82   14289.66   14289.66   16826.96   16826.96   10241.15   10241.15   15999.52   15999.52    9403.55    9403.55    5973.66    5973.66    5336.56    5336.56   15627.61   15627.61   25223.35   25223.35
 2     783.00     383.15     383.15     606.06     606.06    1948.32    1948.32    1226.63    1226.63    2721.84    2721.84    3205.14    3205.14    1950.70    1950.70    3047.53    3047.53    1791.15    1791.15    1137.84    1137.84    1016.49    1016.49    2976.69    2976.69    4804.45    4804.45
 3    3537.00    3019.06    4352.12    5652.86    6599.89    9308.73    7702.31    7705.40    8272.69    8474.89    8148.58    7882.55    6331.75    7076.96    7917.96    9020.82    7133.98    6594.61    7953.13    8602.27   10153.31   11311.05   12695.90   12867.33   11409.45   10612.87    7313.63
 4    1379.00    2209.53    2993.53    3703.69    3756.98    3518.24    2763.17    3522.11    3893.28    3472.02    2850.24    2909.78    3343.42    3942.27    3789.68    3449.29    2852.05    3445.37    4808.01    5135.74    5826.66    5929.73    4941.71    3691.02    2945.49    3233.06    4022.21
 1    4109.00    2008.31    2008.31    7831.82    7831.82   22435.18   22435.18   34342.31   34342.31   28068.35   28068.35   10176.94   10176.94   23660.87   23660.87   24611.20   24611.20   13959.79   13959.79   13002.07   13002.07   19071.36   19071.36   20975.26   20975.26   26051.26   26051.26
 2     783.00     382.54     382.54    1491.78    1491.78    4273.37    4273.37    6541.39    6541.39    5346.35    5346.35    1938.46    1938.46    4506.83    4506.83    4687.85    4687.85    2659.01    2659.01    2476.58    2476.58    3632.64    3632.64    3995.29    3995.29    4962.14    4962.14
 3    3537.00    2747.84    4580.03    6600.87    7182.10    7531.07    9375.95   10759.19    9614.21    8637.80   10202.77   10323.54    9982.10    9587.51    7850.13    8468.88    8434.00    8055.62    7185.86    7261.84    8569.49    7750.44    8123.45    7416.16    6796.89    6863.48    6468.07
 4    1379.00    2295.76    3125.38    3424.82    4287.13    5940.40    5714.27    4606.20    5058.49    5682.99    5369.50    4583.26    3662.58    3405.63    3920.71    4006.58    3798.49    3725.48    3619.27    3563.02    3534.73    3641.51    3816.98    3370.76    3131.00    4115.59    3695.15
