              Isim, Ftarg, Btarg
   1 2019          0.3977734      21560.7846623       5544.3597106
   1 2021          0.3860742      21484.7346940       5510.4153885
   1 2023          0.4036230      21490.1283529       5550.1502027
   1 2025          0.3802246      21572.1841762       5479.5791360
   1 2027          0.4328711      21526.5660149       5676.0598743
   1 2029          0.4123975      21569.5550616       5619.1268482
   1 2031          0.4328711      21549.0304777       5628.1843204
   1 2033          0.4065479      21567.4059391       5534.1110054
   1 2035          0.4270215      21583.0005011       5608.3721775
   1 2037          0.3977734      21499.4616328       5485.6399586
   1 2039          0.4416455      21532.9440955       5652.2190946
   1 2041          0.4445703      21531.2317492       5670.2418375
   1 2043          0.3656006      21489.1752731       5315.7641432
   2 2019          0.3977734      21468.4703596       5520.6210708
   2 2021          0.3860742      21489.8908791       5495.4769000
   2 2023          0.4270215      21425.8411422       5646.2368116
   2 2025          0.4357959      21430.0441158       5658.5899122
   2 2027          0.4474951      21464.4950954       5673.5461936
   2 2029          0.4533447      21424.9426785       5682.4895269
   2 2031          0.4562695      21412.5123914       5686.2530228
   2 2033          0.4533447      21460.2363654       5677.2094984
   2 2035          0.3422021      21421.8194406       4941.1417910
   2 2037          0.3656006      21469.3122455       5292.2708433
   2 2039          0.4240967      21425.8412377       5643.7685988
   2 2041          0.4299463      21432.8069984       5650.5311978
   2 2043          0.4211719      21448.1456664       5590.1122139
   3 2019          0.3977734      21902.4674708       5632.2235072
   3 2021          0.3948486      21872.0554083       5656.2325408
   3 2023          0.4094727      21917.8750544       5700.5739053
   3 2025          0.3948486      21851.2073603       5674.4510430
   3 2027          0.3889990      21875.8176148       5623.4542007
   3 2029          0.3860742      21873.0445327       5592.0989804
   3 2031          0.3889990      21826.4536428       5614.1156532
   3 2033          0.3831494      21856.4797746       5554.6404327
   3 2035          0.3889990      21886.9191288       5625.5160361
   3 2037          0.3889990      21894.6525262       5626.9442747
   3 2039          0.3889990      21848.7652976       5618.3715988
   3 2041          0.3919238      21847.1959186       5646.9354041
   3 2043          0.3714502      21823.4582548       5493.8560534
   4 2019          0.3977734      22238.1558441       5718.5458336
   4 2021          0.3802246      22163.8025399       5627.5220863
   4 2023          0.4211719      22192.0095652       5827.8058098
   4 2025          0.4270215      22159.5520558       5835.0575915
   4 2027          0.3597510      22262.6702129       5455.6399587
   4 2029          0.3597510      22256.4088491       5404.5080162
   4 2031          0.3772998      22164.6398527       5581.9968124
   4 2033          0.4123975      22234.9664996       5767.6435463
   4 2035          0.3889990      22168.2722031       5692.0593404
   4 2037          0.4270215      22237.5379235       5843.5774011
   4 2039          0.3772998      22211.5636922       5638.0770317
   4 2041          0.3948486      22228.5603153       5733.6084418
   4 2043          0.3948486      22241.8266636       5739.3131527
   5 2019          0.3977734      21750.2088158       5593.0701663
   5 2021          0.3860742      21672.1118960       5559.2830045
   5 2023          0.4123975      21690.5270674       5656.9441422
   5 2025          0.3860742      21739.3281866       5580.7005945
   5 2027          0.4065479      21719.6100447       5663.3395536
   5 2029          0.4065479      21752.0852391       5658.9932062
   5 2031          0.4065479      21756.7264051       5597.9986101
   5 2033          0.3539014      21754.2323731       5250.6479078
   5 2035          0.3831494      21678.9448438       5562.8139054
   5 2037          0.3860742      21674.2548186       5584.1787575
   5 2039          0.3831494      21688.6273658       5544.7842697
   5 2041          0.3889990      21700.4107044       5597.1135440
   5 2043          0.3889990      21714.7072302       5599.0708777
   6 2019          0.3977734      22156.6315249       5697.5818401
   6 2021          0.3919238      22131.1293127       5705.9001163
   6 2023          0.4299463      22157.6926208       5833.0736575
   6 2025          0.4123975      22129.1940282       5775.3812713
   6 2027          0.4562695      22094.1619977       5864.7163543
   6 2029          0.4533447      22147.5095811       5866.4296798
   6 2031          0.4357959      22105.9910189       5802.8994096
   6 2033          0.4504199      22134.0572338       5846.9654626
   6 2035          0.4387207      22182.0041076       5819.3070561
   6 2037          0.4299463      22128.2499488       5776.7636553
   6 2039          0.4416455      22142.7471384       5813.8733189
   6 2041          0.4591943      22114.8461088       5876.6407816
   6 2043          0.4299463      22108.9119128       5808.8828039
   7 2019          0.3977734      21768.1921215       5597.6945766
   7 2021          0.3948486      21758.2999707       5618.5845880
   7 2023          0.4153223      21769.1792954       5669.5986118
   7 2025          0.4182471      21766.8981323       5668.0503495
   7 2027          0.4240967      21710.0464831       5669.8531362
   7 2029          0.3977734      21780.8427579       5544.3559286
   7 2031          0.4299463      21742.8888051       5663.2415622
   7 2033          0.4270215      21780.5755106       5661.4735852
   7 2035          0.4211719      21739.4079154       5668.8669993
   7 2037          0.4153223      21787.7151506       5624.6719863
   7 2039          0.3509766      21684.9771857       5147.8972652
   7 2041          0.3743750      21682.8910180       5456.9697735
   7 2043          0.4270215      21717.2886662       5718.6449516
   8 2019          0.3977734      21678.2755930       5574.5725249
   8 2021          0.3772998      21652.5065544       5448.0773053
   8 2023          0.3772998      21705.1395633       5460.0923772
   8 2025          0.4065479      21685.4104261       5613.9504104
   8 2027          0.3860742      21620.9940351       5562.2262276
   8 2029          0.3919238      21630.1803350       5555.8450046
   8 2031          0.3948486      21688.9697162       5606.5442373
   8 2033          0.3948486      21624.4985859       5584.0802055
   8 2035          0.3626758      21608.9265219       5356.5358138
   8 2037          0.3802246      21702.8356060       5521.9430216
   8 2039          0.4270215      21603.9299984       5706.8030749
   8 2041          0.4094727      21672.9711957       5642.7891157
   8 2043          0.4445703      21669.5210604       5698.5713965
   9 2019          0.3977734      21799.3631848       5605.7102212
   9 2021          0.3977734      21786.2395241       5640.8172505
   9 2023          0.4299463      21796.9063839       5743.6639740
   9 2025          0.4270215      21790.8758116       5726.8447720
   9 2027          0.3392773      21800.9136263       4903.2354039
   9 2029          0.3714502      21788.9326234       5454.0440415
   9 2031          0.4211719      21716.4661153       5704.2796077
   9 2033          0.4211719      21766.6932394       5701.1849407
   9 2035          0.4270215      21807.7687124       5701.4160802
   9 2037          0.4328711      21807.8818895       5694.5802850
   9 2039          0.4328711      21715.2027674       5686.5139353
   9 2041          0.4387207      21764.8097906       5709.3795568
   9 2043          0.3422021      21724.3608528       4963.6261814
  10 2019          0.3977734      21758.6010251       5595.2282244
  10 2021          0.3889990      21774.2253586       5589.3108083
  10 2023          0.4328711      21720.4449051       5719.5339635
  10 2025          0.4387207      21672.7017883       5723.0419215
  10 2027          0.4094727      21785.9051764       5595.1535379
  10 2029          0.4240967      21728.4748805       5639.2488560
  10 2031          0.4211719      21784.1296854       5634.2641458
  10 2033          0.4387207      21726.0440402       5698.0278492
  10 2035          0.3626758      21766.3746961       5329.1133585
  10 2037          0.3889990      21777.5417919       5574.9658472
  10 2039          0.3919238      21680.0390281       5587.0271776
  10 2041          0.3919238      21734.4741332       5600.3251234
  10 2043          0.3860742      21698.9540896       5511.0138790
  11 2019          0.3977734      21487.6525524       5525.5537752
  11 2021          0.3860742      21423.6480054       5482.8474042
  11 2023          0.4270215      21489.2110968       5638.9363620
  11 2025          0.3860742      21425.8299460       5500.8897375
  11 2027          0.3831494      21443.7057851       5477.1729816
  11 2029          0.3802246      21489.2866015       5456.7074465
  11 2031          0.3743750      21496.7711243       5418.1156170
  11 2033          0.4006982      21447.0333668       5552.9613921
  11 2035          0.3889990      21434.1229341       5517.6800380
  11 2037          0.4211719      21415.0323985       5625.9877488
  11 2039          0.4270215      21447.0183460       5627.9755531
  11 2041          0.4270215      21402.1077178       5630.4849435
  11 2043          0.4328711      21506.8232164       5628.3236046
  12 2019          0.3977734      21775.3854438       5599.5443407
  12 2021          0.3860742      21780.8523624       5577.6961715
  12 2023          0.4270215      21718.7301368       5717.8616327
  12 2025          0.4270215      21798.3990487       5714.5908493
  12 2027          0.4036230      21755.2157741       5605.7509163
  12 2029          0.4328711      21737.3022926       5681.4831227
  12 2031          0.3480518      21702.6609097       5128.9079408
  12 2033          0.3831494      21722.1054755       5546.7837130
  12 2035          0.4270215      21699.7120527       5727.9498615
  12 2037          0.4270215      21803.7920877       5724.7650135
  12 2039          0.4036230      21727.8623910       5596.9285709
  12 2041          0.3656006      21753.4081810       5404.6341145
  12 2043          0.3802246      21775.0457067       5522.8226367
  13 2019          0.3977734      21428.9070871       5510.4473681
  13 2021          0.3948486      21424.0667879       5534.0444890
  13 2023          0.4240967      21417.6073907       5605.2963909
  13 2025          0.3743750      21412.3038994       5402.1470306
  13 2027          0.3656006      21458.9288908       5314.3467864
  13 2029          0.3772998      21404.1607102       5428.5252979
  13 2031          0.3802246      21411.3973443       5455.4194540
  13 2033          0.3802246      21378.4765740       5450.7662835
  13 2035          0.3685254      21383.8567924       5334.4680784
  13 2037          0.3714502      21436.9426019       5389.2939657
  13 2039          0.3714502      21401.7359088       5383.8218076
  13 2041          0.3772998      21419.2655445       5439.3975923
  13 2043          0.3889990      21398.7446864       5510.4746452
  14 2019          0.3977734      21985.1906771       5653.4957948
  14 2021          0.3889990      21911.9343514       5649.6849189
  14 2023          0.4270215      22015.9119137       5786.1753438
  14 2025          0.4270215      22011.0758827       5778.9781481
  14 2027          0.4387207      21971.8729752       5796.5236862
  14 2029          0.4474951      21976.1969870       5805.8298312
  14 2031          0.4328711      21914.1328926       5757.6061024
  14 2033          0.4211719      21986.7878500       5747.6368597
  14 2035          0.4270215      21983.5533393       5750.6253463
  14 2037          0.3568262      21982.7274690       5335.5106402
  14 2039          0.3802246      21932.3236112       5569.3253906
  14 2041          0.3889990      21954.6980110       5656.7630228
  14 2043          0.3860742      21920.0409227       5625.3989485
  15 2019          0.3977734      21157.9586143       5440.7729189
  15 2021          0.3860742      21123.2868032       5423.5669590
  15 2023          0.4123975      21127.9605525       5512.2409865
  15 2025          0.4153223      21134.0620719       5509.2256051
  15 2027          0.4182471      21160.0575403       5504.2047422
  15 2029          0.4211719      21140.6004289       5503.7720084
  15 2031          0.3451270      21138.3982236       4896.7364042
  15 2033          0.3802246      21150.8454206       5374.1802936
  15 2035          0.3802246      21088.8962269       5363.6530406
  15 2037          0.3831494      21106.9503571       5394.1710446
  15 2039          0.3831494      21095.6097529       5392.3658373
  15 2041          0.3772998      21076.3285656       5331.3977547
  15 2043          0.3685254      21179.8431958       5247.7821425
  16 2019          0.3977734      21860.5064242       5621.4332164
  16 2021          0.3860742      21833.7538620       5600.4002998
  16 2023          0.4153223      21784.2751474       5697.9254040
  16 2025          0.3889990      21836.6396089       5630.7620075
  16 2027          0.4153223      21884.8378066       5712.2874489
  16 2029          0.3772998      21889.7204282       5554.5821416
  16 2031          0.3860742      21842.8193341       5599.9366762
  16 2033          0.4182471      21850.0777989       5716.2309457
  16 2035          0.3626758      21814.6029264       5406.3189542
  16 2037          0.3743750      21862.4348561       5498.0642309
  16 2039          0.4416455      21840.3360559       5779.1050688
  16 2041          0.4270215      21857.8180996       5750.4252119
  16 2043          0.4006982      21834.1785534       5612.2644689
  17 2019          0.3977734      21486.4536654       5525.2454812
  17 2021          0.4065479      21466.3956633       5582.6917840
  17 2023          0.3889990      21431.7774985       5502.1456297
  17 2025          0.4299463      21436.7407241       5644.6992499
  17 2027          0.4387207      21442.1758880       5653.9498303
  17 2029          0.4445703      21485.0658389       5658.3406477
  17 2031          0.4474951      21440.3712353       5663.1966118
  17 2033          0.3451270      21519.2587094       5029.8124889
  17 2035          0.3977734      21443.2290250       5547.2751375
  17 2037          0.4153223      21496.6039688       5609.5195796
  17 2039          0.3919238      21464.4113880       5549.7644592
  17 2041          0.3919238      21469.2129061       5550.4979986
  17 2043          0.3831494      21508.6425159       5475.7789077
  18 2019          0.3977734      22194.9959104       5707.4472488
  18 2021          0.3860742      22225.1746923       5673.7949857
  18 2023          0.4270215      22195.0914375       5827.5132467
  18 2025          0.3831494      22220.3659630       5671.5062051
  18 2027          0.3860742      22160.3616268       5688.7679849
  18 2029          0.3831494      22174.2916871       5664.4727556
  18 2031          0.3802246      22118.8719504       5626.9826951
  18 2033          0.4065479      22206.4511245       5759.7413531
  18 2035          0.3802246      22155.1022617       5625.6298540
  18 2037          0.3919238      22180.3290563       5675.1542485
  18 2039          0.3743750      22125.5624045       5591.4426435
  18 2041          0.3831494      22157.9378521       5648.6573691
  18 2043          0.4182471      22180.8655386       5803.9141145
  19 2019          0.3977734      21551.1935659       5541.8933584
  19 2021          0.3860742      21485.1400663       5523.4077507
  19 2023          0.3919238      21549.9351114       5576.6588829
  19 2025          0.3831494      21526.9853155       5504.7595462
  19 2027          0.3743750      21473.3867258       5411.4376996
  19 2029          0.3656006      21520.6186324       5311.2476504
  19 2031          0.3656006      21547.8892162       5318.0842432
  19 2033          0.3714502      21565.9647457       5396.3641137
  19 2035          0.3685254      21563.0347441       5360.8031891
  19 2037          0.3714502      21585.7337214       5400.1487782
  19 2039          0.3685254      21497.9280876       5346.4271065
  19 2041          0.3714502      21556.0687243       5394.4498728
  19 2043          0.3656006      21582.2490899       5326.4449427
  20 2019          0.3977734      21496.0447617       5527.7118334
  20 2021          0.3860742      21501.6258428       5507.1446357
  20 2023          0.4270215      21523.2137024       5644.4192385
  20 2025          0.4328711      21501.9077278       5652.3267492
  20 2027          0.4036230      21425.7556087       5550.7267600
  20 2029          0.3407397      21472.1805048       4801.0867275
  20 2031          0.3743750      21439.6128371       5409.2437774
  20 2033          0.3860742      21480.0749711       5481.9093469
  20 2035          0.3948486      21460.4357458       5560.4699661
  20 2037          0.4182471      21482.5472824       5637.4418778
  20 2039          0.4328711      21431.5617706       5658.9292956
  20 2041          0.4270215      21491.3629750       5634.1742425
  20 2043          0.4270215      21467.9440320       5602.1676628
  21 2019          0.3977734      22089.4938502       5680.3173748
  21 2021          0.3860742      22022.4797744       5651.9008751
  21 2023          0.4065479      22027.1753574       5732.7351913
  21 2025          0.3860742      22061.3486680       5637.3070435
  21 2027          0.3772998      22067.9221439       5570.2407614
  21 2029          0.3743750      22057.3331230       5532.2852531
  21 2031          0.4182471      22064.2201368       5757.3173073
  21 2033          0.3919238      22062.3269527       5691.2636204
  21 2035          0.3919238      22109.3169623       5701.0157220
  21 2037          0.3919238      22066.4730761       5692.1364086
  21 2039          0.3889990      22052.5721142       5655.4487596
  21 2041          0.3656006      22070.3579087       5484.3123581
  21 2043          0.3831494      22049.0136678       5627.6206546
  22 2019          0.3977734      22239.3547312       5718.8541277
  22 2021          0.3831494      22223.3410848       5675.3306951
  22 2023          0.4211719      22189.6958729       5813.3694020
  22 2025          0.3860742      22253.8414705       5688.9824701
  22 2027          0.3919238      22154.7697054       5730.0406693
  22 2029          0.3656006      22230.4137008       5495.1602012
  22 2031          0.3831494      22164.8815075       5651.4346786
  22 2033          0.3889990      22185.6921011       5713.9882729
  22 2035          0.3889990      22164.1675702       5710.4749069
  22 2037          0.3831494      22219.3350385       5661.7189044
  22 2039          0.3831494      22187.3634333       5655.7232276
  22 2041          0.3743750      22208.9302830       5608.2780327
  22 2043          0.3714502      22237.8014208       5582.9846995
  23 2019          0.3977734      21350.9794290       5490.4082566
  23 2021          0.3831494      21341.8262303       5448.4892615
  23 2023          0.4153223      21367.7085415       5583.7243451
  23 2025          0.3919238      21266.6414465       5525.0882843
  23 2027          0.3860742      21335.6234533       5485.6422407
  23 2029          0.4065479      21318.8854974       5552.9342092
  23 2031          0.3919238      21322.1831525       5524.1602747
  23 2033          0.3860742      21353.4240760       5457.6701054
  23 2035          0.3860742      21383.7756575       5479.8840699
  23 2037          0.4123975      21296.6275591       5556.5655361
  23 2039          0.4123975      21328.2579256       5552.7399909
  23 2041          0.4182471      21315.2407613       5545.4719839
  23 2043          0.4123975      21314.7982206       5554.3681145
  24 2019          0.3977734      21963.6107103       5647.9465024
  24 2021          0.3860742      21933.7261066       5624.1175457
  24 2023          0.3860742      21882.5351155       5615.8119656
  24 2025          0.3831494      21929.0601322       5595.2491909
  24 2027          0.3802246      21916.5731626       5562.5620766
  24 2029          0.3802246      21879.5350733       5555.4595637
  24 2031          0.3802246      21945.0384470       5567.9059421
  24 2033          0.3714502      21926.7773638       5506.8934701
  24 2035          0.3539014      21982.0709539       5311.6622711
  24 2037          0.3597510      21965.8287526       5380.1159004
  24 2039          0.3919238      21972.3608221       5665.9803463
  24 2041          0.4153223      21902.2509433       5756.9073395
  24 2043          0.3919238      21889.0886575       5669.8048265
  25 2019          0.3977734      22606.2141677       5813.1920987
  25 2021          0.3831494      22593.5086235       5764.8655128
  25 2023          0.4270215      22572.8664333       5936.3194056
  25 2025          0.3889990      22570.1044802       5818.4928207
  25 2027          0.3889990      22543.8226605       5814.8067152
  25 2029          0.3743750      22588.2750199       5673.8003397
  25 2031          0.3656006      22638.9449623       5601.7188430
  25 2033          0.3860742      22619.3538368       5769.8349863
  25 2035          0.4094727      22580.2056556       5866.3042215
  25 2037          0.3889990      22550.5760364       5808.8170748
  25 2039          0.4240967      22606.5407572       5919.1231919
  25 2041          0.3772998      22531.7611312       5731.9601252
  25 2043          0.4094727      22609.6135780       5883.6714597
  26 2019          0.3977734      21994.7817735       5655.9621470
  26 2021          0.3860742      21917.0566990       5612.0898388
  26 2023          0.4270215      21911.6643004       5766.2553919
  26 2025          0.4211719      21961.3690762       5759.0980292
  26 2027          0.4299463      21994.8784849       5744.1300141
  26 2029          0.4416455      21965.5478595       5774.3815865
  26 2031          0.3480518      21919.6048688       5177.4387266
  26 2033          0.3802246      21992.6270632       5570.0388181
  26 2035          0.3860742      21964.7241641       5595.2385499
  26 2037          0.4036230      21997.6092867       5683.3511164
  26 2039          0.4036230      21984.6533944       5688.1315430
  26 2041          0.4036230      21998.2635358       5683.1105237
  26 2043          0.4036230      22015.3924617       5676.8386994
  27 2019          0.3977734      21749.0099288       5592.7618722
  27 2021          0.3831494      21723.6354222       5548.3991454
  27 2023          0.4240967      21736.6026244       5705.8695241
  27 2025          0.3889990      21714.0383217       5595.1796585
  27 2027          0.3802246      21680.9739132       5506.2914533
  27 2029          0.3714502      21734.3573786       5462.8635412
  27 2031          0.3685254      21732.9886498       5422.7246371
  27 2033          0.3714502      21702.5861810       5449.7366287
  27 2035          0.3743750      21739.1450795       5485.7773418
  27 2037          0.3743750      21670.4813237       5474.6913027
  27 2039          0.3714502      21736.8486754       5455.7003080
  27 2041          0.3597510      21702.2676814       5294.0180782
  27 2043          0.3743750      21666.4042978       5457.3289184
  28 2019          0.3977734      21689.0655764       5577.3471711
  28 2021          0.3860742      21673.4486841       5546.7986973
  28 2023          0.4240967      21630.4099035       5669.1511182
  28 2025          0.3831494      21677.4017796       5537.6465964
  28 2027          0.3802246      21714.9508717       5516.5894188
  28 2029          0.3772998      21716.1619455       5488.1533043
  28 2031          0.3802246      21692.7646254       5513.0271226
  28 2033          0.3772998      21635.9008130       5473.9688518
  28 2035          0.3802246      21613.3307808       5499.9066664
  28 2037          0.3743750      21624.1754582       5477.9542523
  28 2039          0.3626758      21610.2210226       5331.9355586
  28 2041          0.3802246      21611.6303301       5466.8882797
  28 2043          0.4445703      21635.8059494       5739.4162938
  29 2019          0.3977734      22191.3992493       5706.5223667
  29 2021          0.3860742      22140.4488841       5672.8990682
  29 2023          0.4328711      22223.3748475       5848.9650005
  29 2025          0.4211719      22156.7229815       5810.3231503
  29 2027          0.4533447      22169.9289958       5866.9171750
  29 2029          0.4591943      22179.7662199       5886.2425065
  29 2031          0.4445703      22118.0897791       5852.3438172
  29 2033          0.4416455      22150.4875025       5831.1831474
  29 2035          0.4533447      22176.1195799       5866.7406288
  29 2037          0.3597510      22177.0588971       5418.8264666
  29 2039          0.3685254      22177.6901856       5524.8501457
  29 2041          0.4211719      22154.6680615       5802.0036622
  29 2043          0.3860742      22136.6574745       5682.3386156
  30 2019          0.3977734      22732.0973077       5845.5629711
  30 2021          0.3889990      22700.6323459       5826.9189228
  30 2023          0.3889990      22661.7769853       5818.4568328
  30 2025          0.3889990      22716.2719198       5830.2612720
  30 2027          0.3831494      22679.8506639       5745.4651111
  30 2029          0.3582886      22699.1899673       5548.1376116
  30 2031          0.3714502      22766.8945943       5723.1175122
  30 2033          0.3860742      22660.7801002       5836.5201669
  30 2035          0.3831494      22655.4618024       5812.8317121
  30 2037          0.3714502      22688.9736670       5670.7865203
  30 2039          0.4006982      22670.3349577       5870.2790606
  30 2041          0.4006982      22661.2686716       5900.4937128
  30 2043          0.4182471      22683.1445173       5915.9054292
  31 2019          0.3977734      21311.4161564       5480.2345538
  31 2021          0.3889990      21247.9950595       5463.0064003
  31 2023          0.4357959      21309.3462569       5622.8399806
  31 2025          0.4416455      21287.8628426       5626.3149395
  31 2027          0.4270215      21330.9198148       5567.2841653
  31 2029          0.4240967      21281.6805296       5569.8454144
  31 2031          0.4328711      21251.6475285       5574.1473625
  31 2033          0.4328711      21270.7662818       5572.8591535
  31 2035          0.3539014      21238.2212275       5124.0173477
  31 2037          0.3860742      21301.6405083       5447.9107352
  31 2039          0.4211719      21270.4266627       5583.5870678
  31 2041          0.3889990      21321.4206099       5487.9076157
  31 2043          0.3831494      21285.6344951       5429.5453722
  32 2019          0.3977734      22425.1822236       5766.6397012
  32 2021          0.3919238      22344.8317019       5762.8590039
  32 2023          0.4182471      22429.3268186       5851.1512381
  32 2025          0.3889990      22365.4827294       5758.9470425
  32 2027          0.3919238      22406.9967306       5743.3298171
  32 2029          0.3743750      22426.0682449       5623.2546457
  32 2031          0.3802246      22457.3853439       5686.9129955
  32 2033          0.4036230      22460.5805208       5789.8002682
  32 2035          0.3889990      22355.6620239       5745.7994060
  32 2037          0.3860742      22345.7272399       5709.7631826
  32 2039          0.3831494      22409.0280404       5687.6146273
  32 2041          0.3772998      22428.1186884       5607.1752067
  32 2043          0.3831494      22371.1947303       5678.4508376
