FL 2019 2020 2021 2022 2023 2024 2025 2026 2027 2028 2029 2030 2031 2032 2033 2034 2035 2036 2037 2038 2039 2040 2041 2042 2043 2044 2045
 1    4109.00    1983.83    1983.83    4024.02    4024.02   21373.51   21373.51   41344.38   41344.38   39742.63   39742.63   18834.35   18834.35   19318.99   19318.99   23629.45   23629.45   12467.99   12467.99    3542.15    3542.15    6653.26    6653.26   18989.59   18989.59   36185.23   36185.23
 2     783.00     377.87     377.87     766.48     766.48    4071.14    4071.14    7875.12    7875.12    7570.02    7570.02    3587.50    3587.50    3679.81    3679.81    4500.85    4500.85    2374.86    2374.86     674.70     674.70    1267.29    1267.29    3617.06    3617.06    6892.42    6892.42
 3    3537.00     852.75    1006.60    1801.79    2299.04    3632.33    6085.34    8876.67    7480.06    7311.99    4486.90    4530.74    2973.50    3600.89    2086.20    2014.16    1936.40    8308.61    6279.12    1578.75    1611.14    2972.60    3506.36   23793.45   22466.35    4537.03    3546.12
 4    1379.00    2450.83    2799.37    5444.96   10384.65   12191.52    8828.39    7636.95    4877.05    4837.08    3657.15    4897.03    3327.93    3070.21    2412.90    3337.81    2355.32    1848.33    2214.33    3718.43    4124.13    5026.53    4708.65    7043.88    4820.79    6028.37    3286.19
 1    4109.00    2048.51    2048.51    6262.87    6262.87   10289.66   10289.66   16214.81   16214.81   18508.18   18508.18    9658.11    9658.11    9559.70    9559.70    8642.63    8642.63   12467.07   12467.07   62554.80   62554.80   37182.22   37182.22   17533.82   17533.82    5864.17    5864.17
 2     783.00     390.19     390.19    1192.93    1192.93    1959.94    1959.94    3088.54    3088.54    3525.37    3525.37    1839.64    1839.64    1820.90    1820.90    1646.22    1646.22    2374.68    2374.68   11915.20   11915.20    7082.33    7082.33    3339.78    3339.78    1116.98    1116.98
 3    3537.00     726.50     921.52    2586.95    4117.39    6497.95    7445.31    2856.99    3288.00   16181.35   14493.50    2996.40    3567.01   21419.70   21354.89    3534.92    3943.01   13859.43   16246.61    6140.83    5261.49    3307.37    2443.35   10982.19    8599.13    1151.78    1333.76
 4    1379.00    2176.39    2673.94    2994.18    3389.92    4474.12    4830.23    4143.10    5258.10    4643.11    3718.44    3737.45    4093.85    3524.78    3442.14    4707.66    8014.48    7870.48    6511.72    5843.73    4458.05    4032.72    2862.84    1846.49    1905.39    2372.22    2532.13
 1    4109.00    3005.31    3005.31    5733.42    5733.42   29148.51   29148.51   19593.88   19593.88   15174.39   15174.39   20162.14   20162.14    7747.74    7747.74   16441.66   16441.66   16446.74   16446.74   14052.65   14052.65   23246.92   23246.92   10254.55   10254.55   14640.32   14640.32
 2     783.00     572.44     572.44    1092.08    1092.08    5552.10    5552.10    3732.17    3732.17    2890.36    2890.36    3840.41    3840.41    1475.76    1475.76    3131.74    3131.74    3132.71    3132.71    2676.70    2676.70    4427.98    4427.98    1953.25    1953.25    2788.63    2788.63
 3    3537.00     918.64    1050.18    1796.00    2055.21    3554.32    3325.66    3189.43    3143.33    2616.75    3068.94   15345.23   14831.47    1648.45    2319.39   19687.50   17499.54    2196.89    2015.21   15692.73   13833.64    2467.31    2153.82    7229.56    8469.50    2492.38    3727.61
 4    1379.00    2156.24    3184.38    4685.54    4475.41    4062.87    4162.68    4432.27    3586.88    3296.29    3002.06    3099.41    3263.95    2961.66    3607.82    3069.04    3159.19    3694.56    3591.33    4110.69    2559.28    2562.42    2957.57    4580.01    5743.54    5063.94    3887.61
 1    4109.00     973.90     973.90    7053.82    7053.82   10197.73   10197.73    7866.47    7866.47    8056.82    8056.82   12876.86   12876.86   15682.59   15682.59   19041.33   19041.33   31829.49   31829.49   23962.55   23962.55   32747.02   32747.02   31806.39   31806.39   20982.65   20982.65
 2     783.00     185.50     185.50    1343.58    1343.58    1942.42    1942.42    1498.38    1498.38    1534.63    1534.63    2452.74    2452.74    2987.16    2987.16    3626.92    3626.92    6062.76    6062.76    4564.30    4564.30    6237.53    6237.53    6058.36    6058.36    3996.70    3996.70
 3    3537.00    1021.92     721.99    2061.77    2370.10    8111.02    8965.93    2692.24    3044.36    3739.69    5834.58   20041.10   21041.81    7208.07    7586.99    6073.18    7112.50    5569.21    5849.62    4556.75    4375.49    4313.52    5324.49    5123.50    4777.07   21930.63   18412.07
 4    1379.00    2335.16    2770.15    3928.86    3478.47    3234.30    3916.62    4584.39    6739.00    7426.00    8222.78    9166.83    7907.43    6698.22    5813.42    5390.48    6375.53    5686.53    5634.57    6088.32    7297.27    6523.52    5315.37    4012.05    3712.59    2123.75    2060.62
 1    4109.00    1834.60    1834.60    4468.00    4468.00   21191.48   21191.48   54601.47   54601.47   57840.09   57840.09   15615.60   15615.60    6389.92    6389.92   22883.78   22883.78   24366.34   24366.34   10954.48   10954.48   25894.18   25894.18   27510.72   27510.72    4485.56    4485.56
 2     783.00     349.45     349.45     851.05     851.05    4036.47    4036.47   10400.28   10400.28   11017.16   11017.16    2974.40    2974.40    1217.13    1217.13    4358.82    4358.82    4641.21    4641.21    2086.57    2086.57    4932.22    4932.22    5240.14    5240.14     854.39     854.39
 3    3537.00     912.65    1064.65    1548.90    2464.81    2570.18    4316.31    4547.29    4817.73    3532.33    2947.75   28509.89   32025.19     693.30    2331.78   21896.92   20467.72    2616.13    2459.37   15653.28   16141.72    3332.43    2791.73   18088.14   13346.07     373.93     698.41
 4    1379.00    2187.38    3062.45    3899.81    5697.93    6001.45    6904.62    6651.43    6708.15    5174.93    3117.27    2072.69    3028.13    4697.81    5238.34    3569.92    2481.42    3273.52    4827.07    4386.32    3214.48    2927.20    2596.19    1134.87    1358.28    2054.47    2896.16
 1    4109.00    3351.81    3351.81    8517.89    8517.89   18170.92   18170.92   15559.24   15559.24   18018.92   18018.92   10654.64   10654.64   15749.58   15749.58   16760.44   16760.44   11005.30   11005.30    5587.89    5587.89   11424.34   11424.34   26911.50   26911.50    9283.43    9283.43
 2     783.00     638.44     638.44    1622.46    1622.46    3461.13    3461.13    2963.66    2963.66    3432.18    3432.18    2029.46    2029.46    2999.92    2999.92    3192.46    3192.46    2096.25    2096.25    1064.36    1064.36    2176.06    2176.06    5126.00    5126.00    1768.27    1768.27
 3    3537.00     824.93    1066.62    2053.66    2455.94    4109.10    4138.34    7866.35    8621.75    2747.22    3784.82   26055.63   23767.63    2250.32    2370.72   14576.82   12779.81    2347.39    2046.50    4966.75    5271.72    2168.45    3162.00    8028.10    6361.13    2653.28    3562.32
 4    1379.00    2256.39    2811.75    3386.53    3419.07    3469.98    3833.21    4564.66    5009.86    5095.40    4196.53    1624.15    2108.52    3812.90    3580.74    2510.16    1878.89    2212.17    2475.66    2577.46    3786.47    5316.74    4694.98    4088.76    4198.72    5215.24    4846.02
 1    4109.00    3241.39    3241.39    3603.14    3603.14    7987.98    7987.98    9233.53    9233.53    8192.65    8192.65    6895.81    6895.81    6368.21    6368.21   25859.99   25859.99   15857.69   15857.69    8758.60    8758.60   14645.40   14645.40   33432.17   33432.17   21182.24   21182.24
 2     783.00     617.41     617.41     686.31     686.31    1521.52    1521.52    1758.77    1758.77    1560.50    1560.50    1313.49    1313.49    1212.99    1212.99    4925.71    4925.71    3020.51    3020.51    1668.30    1668.30    2789.60    2789.60    6368.03    6368.03    4034.71    4034.71
 3    3537.00     636.52     909.03    1474.05    2420.64   19604.76   17805.70    2489.86    2126.37    8827.69    7335.81    1634.92    1982.61    2552.90    3495.63    3497.00    3123.16   13045.87   12028.17    2275.19    4266.94   38043.51   41704.69    6334.02    6984.09   31982.01   27898.11
 4    1379.00    2099.04    3090.42    3739.92    3762.95    2792.89    2243.54    2301.83    2049.30    1844.81    2215.16    3575.24    4586.12    4320.36    3978.13    3225.16    2562.94    3220.51    6277.23    8036.32    8660.67    7066.58    6850.96    7020.50    5620.21    2093.67    1836.31
 1    4109.00     541.00     541.00    1453.45    1453.45    6199.58    6199.58   28067.43   28067.43   21522.73   21522.73   48740.54   48740.54   27421.09   27421.09   14352.49   14352.49   22881.94   22881.94   67582.29   67582.29   46753.02   46753.02   13123.11   13123.11    8814.04    8814.04
 2     783.00     103.05     103.05     276.85     276.85    1180.87    1180.87    5346.18    5346.18    4099.57    4099.57    9283.91    9283.91    5223.06    5223.06    2733.81    2733.81    4358.46    4358.46   12872.82   12872.82    8905.34    8905.34    2499.64    2499.64    1678.86    1678.86
 3    3537.00     775.24    1052.25    1447.56    1910.85   10345.28   10693.58    2597.95    3403.53    3938.40    5199.39    5699.41    6073.66    4178.01    3709.75   30458.36   37915.80    1788.68    4429.30    5843.11    5178.12    4689.23    3528.66   16939.79   16505.76    1703.18    2597.77
 4    1379.00    2006.56    2734.09    2455.72    2519.36    3218.11    4866.48    6674.27    7699.31    8362.20    7714.10    6388.03    4683.46    3452.78    2996.47    3332.75    4783.46    9848.81    8871.04    7883.02    6168.40    4557.72    3050.15    2985.86    3394.34    5226.56    7577.76
 1    4109.00    3120.35    3120.35   11774.99   11774.99   14892.11   14892.11    5631.32    5631.32   18818.18   18818.18   34380.19   34380.19   27987.50   27987.50   16444.89   16444.89    9548.15    9548.15    7618.38    7618.38    7635.47    7635.47   10569.17   10569.17   27019.61   27019.61
 2     783.00     594.35     594.35    2242.86    2242.86    2836.59    2836.59    1072.63    1072.63    3584.42    3584.42    6548.61    6548.61    5330.95    5330.95    3132.36    3132.36    1818.70    1818.70    1451.12    1451.12    1454.38    1454.38    2013.18    2013.18    5146.59    5146.59
 3    3537.00     655.26    1028.32    1963.28    1685.41    2227.11    2187.79    2731.15    3374.68    5025.75    6426.80    7324.95    7839.80    5392.13    5437.26    4171.00    3722.43   12989.83   13226.25    2428.94    2387.01   15030.31   17001.72    2981.44    4131.63    8329.92   11970.89
 4    1379.00    2344.35    2591.77    3002.87    3184.21    3395.66    4069.92    6537.67    8745.39    9301.54    7901.52    6802.38    6117.46    4170.90    3538.40    2729.16    2471.16    2830.02    2708.73    3187.73    3766.37    3227.12    7206.24   14672.96   17048.11   15416.56   11615.87
 1    4109.00    3203.05    3203.05    5024.71    5024.71   10585.34   10585.34   13744.50   13744.50   11644.71   11644.71   10542.84   10542.84   10240.23   10240.23   14476.77   14476.77   30041.09   30041.09   26999.74   26999.74   33849.82   33849.82    9567.10    9567.10    7578.19    7578.19
 2     783.00     610.10     610.10     957.09     957.09    2016.26    2016.26    2618.00    2618.00    2218.04    2218.04    2008.16    2008.16    1950.52    1950.52    2757.48    2757.48    5722.11    5722.11    5142.81    5142.81    6447.58    6447.58    1822.30    1822.30    1443.46    1443.46
 3    3537.00     682.63     998.65    1523.46    2702.53   17067.83   14672.66    3483.66    2812.66   13447.28   13913.01    2406.12    2579.04    9463.29   10090.59    3159.28    4215.66    5461.37    5390.12   12207.48    8854.76    2792.10    2188.25   11911.97   13438.19    1411.03    2209.68
 4    1379.00    2247.07    3226.22    5695.33    5544.00    4006.35    2793.00    3066.07    3010.29    2780.36    3205.04    2808.14    2966.79    4303.84    5352.51    7239.53    7892.14    6661.41    4840.28    3762.98    2778.93    2699.56    2418.44    2426.55    3401.80    2992.12    3178.53
 1    4109.00    1403.09    1403.09    3503.81    3503.81    9779.62    9779.62   16425.49   16425.49   15150.83   15150.83   14722.55   14722.55   31055.18   31055.18   29895.56   29895.56   30911.04   30911.04   17471.92   17471.92   24993.28   24993.28   18659.26   18659.26   20234.68   20234.68
 2     783.00     267.26     267.26     667.39     667.39    1862.78    1862.78    3128.66    3128.66    2885.87    2885.87    2804.30    2804.30    5915.27    5915.27    5694.39    5694.39    5887.82    5887.82    3327.98    3327.98    4760.62    4760.62    3554.14    3554.14    3854.22    3854.22
 3    3537.00     858.76    1286.81    1563.74    2219.78   24066.73   21207.22    2624.38    4036.16   10192.35    8606.96    2838.95    2945.37    4194.52    5381.85    5773.55    6003.39    5481.99    5348.19    4723.97    4635.31    3954.28    3601.23   15333.00   13275.38    2466.55    1536.71
 4    1379.00    2145.30    3170.00    3623.89    4013.66    3903.81    3559.64    4356.52    3778.13    3431.44    3958.50    5929.09    7331.75    7681.31    7802.10    7590.93    6324.92    6054.15    5955.71    4596.11    3946.90    3982.00    4001.48    2900.61    2199.42    2595.58    4047.45
 1    4109.00    2231.00    2231.00    6191.26    6191.26   15504.72   15504.72   18779.38   18779.38   13426.64   13426.64    8939.70    8939.70   22950.77   22950.77   39534.73   39534.73   34796.92   34796.92   17045.49   17045.49   19340.24   19340.24   31634.99   31634.99   45972.70   45972.70
 2     783.00     424.95     424.95    1179.29    1179.29    2953.28    2953.28    3577.02    3577.02    2557.46    2557.46    1702.80    1702.80    4371.58    4371.58    7530.42    7530.42    6627.98    6627.98    3246.76    3246.76    3683.86    3683.86    6025.71    6025.71    8756.70    8756.70
 3    3537.00     747.35     912.34    1725.53    2258.78   12780.05   10849.63    2408.79    2324.34   10132.69   10127.85    2278.57    3124.25    4685.32    5983.95    6272.64    6001.51    4670.09    3662.56    9904.46   10425.49    3807.67    4389.95    4482.13    4915.14    6975.87    6670.46
 4    1379.00    2232.33    3133.04    3821.05    3670.54    3246.12    2564.25    2130.26    2641.81    3258.07    5175.93    7666.17    9317.55    8657.42    6744.29    5405.69    4850.22    4992.47    4631.96    5389.80    5618.27    5638.47    6871.64    9476.69   10327.17   11237.37    9212.56
 1    4109.00    2383.00    2383.00    3355.97    3355.97    7369.36    7369.36    7165.62    7165.62   16567.32   16567.32   19414.63   19414.63   15473.77   15473.77    5703.39    5703.39    8792.78    8792.78    9106.02    9106.02   13869.24   13869.24   24867.61   24867.61   17588.80   17588.80
 2     783.00     453.90     453.90     639.23     639.23    1403.69    1403.69    1364.88    1364.88    3155.68    3155.68    3698.02    3698.02    2947.38    2947.38    1086.36    1086.36    1674.82    1674.82    1734.48    1734.48    2641.76    2641.76    4736.69    4736.69    3350.25    3350.25
 3    3537.00     643.99     903.71    1652.49    1998.57    7998.15    9436.86    3948.91    4472.90   14811.28   12743.95    2730.28    2117.10   19774.66   15188.53     640.51    1047.10    8853.76   12883.41    2029.87    3171.28   20251.63   16802.60    2358.41    1779.11    8552.68   11916.43
 4    1379.00    2007.06    2478.41    3137.01    4991.09    4926.21    4539.29    4096.89    3000.62    1830.33    2165.49    2668.60    2531.84    1835.80    1825.73    1777.01    2252.09    4506.73    4673.22    3897.70    3498.15    2278.69    2229.46    3193.71    4968.72    8862.17    8473.53
 1    4109.00    3375.37    3375.37   11206.27   11206.27   19600.35   19600.35   38184.76   38184.76   23818.41   23818.41   27325.45   27325.45   29950.08   29950.08   17695.06   17695.06    9960.26    9960.26   19238.14   19238.14   45952.83   45952.83   28755.81   28755.81   14873.63   14873.63
 2     783.00     642.93     642.93    2134.53    2134.53    3733.40    3733.40    7273.29    7273.29    4536.84    4536.84    5204.85    5204.85    5704.78    5704.78    3370.49    3370.49    1897.19    1897.19    3664.41    3664.41    8752.92    8752.92    5477.30    5477.30    2833.07    2833.07
 3    3537.00     777.74    1043.92    2568.29    3423.36    1991.07    2063.62    2745.93    2999.68    4224.07    4488.44    2418.86    2988.49    7403.59    7293.61    2741.50    2818.03    2987.77    4436.18    5609.49    5900.39    8049.99    6265.36    4839.85    3847.60    2549.56    2601.95
 4    1379.00    2342.87    2878.97    3234.99    3949.32    4657.92    5231.20    4821.91    3839.07    4174.23    5781.78    5745.63    5385.46    4634.78    3723.89    3876.57    5585.69    5980.28    9089.59   10380.09    7383.52    6123.91    4090.99    3385.65    3265.54    2878.29    2727.23
 1    4109.00    2770.15    2770.15    5709.40    5709.40   11145.29   11145.29   12848.22   12848.22   14753.97   14753.97    3988.91    3988.91   19744.96   19744.96   15701.07   15701.07   20391.29   20391.29   18276.72   18276.72   10255.48   10255.48    5382.76    5382.76    8540.53    8540.53
 2     783.00     527.65     527.65    1087.50    1087.50    2122.91    2122.91    2447.28    2447.28    2810.28    2810.28     759.79     759.79    3760.94    3760.94    2990.68    2990.68    3884.06    3884.06    3481.28    3481.28    1953.42    1953.42    1025.29    1025.29    1626.77    1626.77
 3    3537.00     638.66     785.20    1405.28    2143.46   13476.32   13843.27    4009.51    3669.27   20825.96   19593.44    1108.67    2214.64   11871.44   12705.36    5333.08    4311.64   14589.71   11738.93    2113.02    2568.65   22201.87   19832.47    2205.66    2247.64   12943.73   14445.01
 4    1379.00    1930.57    2701.42    4209.69    5436.99    4874.43    3490.83    2536.45    2052.99    1288.05    2939.60    6711.89    6867.53    6951.05    4469.16    3302.24    2965.06    2996.35    3230.28    4169.31    3847.07    2177.75    2095.03    3243.78    3764.33    5294.28    5610.23
 1    4109.00    2597.83    2597.83    3499.65    3499.65   16945.24   16945.24   28943.38   28943.38   27670.57   27670.57   26256.85   26256.85   26006.44   26006.44   15520.89   15520.89   18979.88   18979.88   35541.66   35541.66   52952.13   52952.13   37370.72   37370.72   27183.62   27183.62
 2     783.00     494.82     494.82     666.60     666.60    3227.66    3227.66    5513.02    5513.02    5270.58    5270.58    5001.30    5001.30    4953.61    4953.61    2956.36    2956.36    3615.22    3615.22    6769.84    6769.84   10086.12   10086.12    7118.23    7118.23    5177.83    5177.83
 3    3537.00     581.14     901.86    1556.11    1848.73    2788.06    3028.49    3342.08    3123.47    2815.93    3078.77    4044.25    4731.59   31827.87   30236.72    2417.10    2851.36    3915.60    7520.72    9860.95    9739.53    8930.57    6704.14    3660.32    3603.86    3364.67    4116.84
 4    1379.00    2106.36    2592.95    2791.90    3902.53    4540.33    5021.07    5161.04    5101.64    5845.58    6960.08    5808.98    5256.64    2565.02    2643.06    6064.97   13038.16   14039.32   11274.10    8292.49    5991.00    5131.62    5517.94    4986.18    6871.66    7658.58   10100.80
 1    4109.00    3262.64    3262.64    4150.15    4150.15   14972.96   14972.96   12504.49   12504.49   10116.88   10116.88   10025.86   10025.86   10794.17   10794.17   31476.52   31476.52   40392.20   40392.20   39939.90   39939.90   43838.26   43838.26   15799.01   15799.01    8087.31    8087.31
 2     783.00     621.46     621.46     790.50     790.50    2851.99    2851.99    2381.81    2381.81    1927.02    1927.02    1909.69    1909.69    2056.03    2056.03    5995.53    5995.53    7693.75    7693.75    7607.60    7607.60    8350.14    8350.14    3009.34    3009.34    1540.44    1540.44
 3    3537.00     704.55    1229.81    1193.82    2180.49    2796.15    3577.58   16785.63   14726.09    3473.00    3126.62   34988.62   33767.00    2627.52    3959.55   14166.27   15308.43    5896.09    4933.03    4765.97    4702.30    4251.63    2935.19   12494.09   10488.87    1152.88    2117.72
 4    1379.00    2071.41    3078.64    3380.41    4676.89    4696.83    3883.27    3154.44    3459.95    4474.24    4104.63    2173.94    4426.25   10239.63    9803.40    7370.71    6135.86    6475.39    7537.79    6421.32    4657.43    3654.71    2925.07    2160.77    3122.14    3447.13    3126.78
 1    4109.00    1898.82    1898.82    5389.69    5389.69   11442.82   11442.82   28436.56   28436.56   24009.68   24009.68   14296.13   14296.13   21231.67   21231.67   12020.32   12020.32   14165.38   14165.38   19038.56   19038.56   17638.70   17638.70   26547.91   26547.91   19356.88   19356.88
 2     783.00     361.68     361.68    1026.61    1026.61    2179.58    2179.58    5416.49    5416.49    4573.27    4573.27    2723.07    2723.07    4044.13    4044.13    2289.58    2289.58    2698.17    2698.17    3626.39    3626.39    3359.75    3359.75    5056.74    5056.74    3687.02    3687.02
 3    3537.00     908.93    1611.48    8973.42   11806.23    3031.86    4037.90   20239.67   16462.09    2912.60    2745.12    2239.65    2677.06   13287.55   13229.06    2563.39    3067.93   13334.68   13275.04    3885.14    3920.76    6495.08    7114.60    7410.54    6367.93    5611.08    4932.63
 4    1379.00    2439.81    3429.87    4716.20    5630.64    5709.51    6262.15    3612.33    2496.56    2895.27    4199.66    3889.12    3856.48    4238.46    3983.17    4940.22    4834.53    4253.91    5703.00    8674.64    9040.78    9347.79    6695.36    4911.53    4640.75    7249.56    7236.17
 1    4109.00    2561.79    2561.79   16141.82   16141.82    9418.79    9418.79   14745.65   14745.65    8346.49    8346.49    6336.33    6336.33   11851.69   11851.69    8425.96    8425.96   10362.66   10362.66    5833.67    5833.67    9509.35    9509.35    5762.53    5762.53    7436.35    7436.35
 2     783.00     487.96     487.96    3074.63    3074.63    1794.06    1794.06    2808.70    2808.70    1589.81    1589.81    1206.92    1206.92    2257.46    2257.46    1604.94    1604.94    1973.84    1973.84    1111.18    1111.18    1811.30    1811.30    1097.62    1097.62    1416.45    1416.45
 3    3537.00     689.95     803.40    7522.95    7076.04    1285.44    1365.83   15827.90   13581.74    1456.55    1722.43    3560.26    5241.39    4118.74    3301.19   15685.53   16921.41    2545.27    2630.88   11317.02   12300.78    2786.12    2664.16    9797.52    9375.95    2253.52    2735.88
 4    1379.00    2237.29    2567.52    2311.95    1988.13    2330.76    2862.98    2414.83    1812.41    2463.89    3467.70    3313.45    3007.88    2875.72    3314.91    3650.35    3356.44    3069.72    3376.21    3359.67    2608.52    2253.38    2253.43    3042.42    3582.19    4346.06    4617.01
