FL 2019 2020 2021 2022 2023 2024 2025 2026 2027 2028 2029 2030 2031 2032 2033 2034 2035 2036 2037 2038 2039 2040 2041 2042 2043 2044 2045
 1  0.7288134  0.6828020  0.6547560  0.6442289  0.6433819  0.6831077  0.6845817  0.6829261  0.6515402  0.5952856  0.5232164  0.6156699  0.6259703  0.5448058  0.4717120  0.6282609  0.6412835  0.5460430  0.4399728  0.6676830  0.6794551  0.6339642  0.5785710  0.5503532  0.6515366  0.6631729  0.6662514
 2  0.5725724  0.5236363  0.4983011  0.4803707  0.5235665  0.5747547  0.5799416  0.5570541  0.4898630  0.4384810  0.5025340  0.5529992  0.5514284  0.4788245  0.4640384  0.5722235  0.5648270  0.4746236  0.4608725  0.6012082  0.6001169  0.5619240  0.5105224  0.5279662  0.5785810  0.5875406  0.5662132
 3  0.7521145  0.7089222  0.6784938  0.6640762  0.6568875  0.7021555  0.7064907  0.7017952  0.6684091  0.6108300  0.5284145  0.6373863  0.6515343  0.5680822  0.4751919  0.6451336  0.6668050  0.5711220  0.4341229  0.6867957  0.7055603  0.6581357  0.6005024  0.5582107  0.6736078  0.6874193  0.6868815
 4  0.4566311  0.4168102  0.3871185  0.3617953  0.4752404  0.5220263  0.4862330  0.4203199  0.3587968  0.3614506  0.4816115  0.5134329  0.4948626  0.4158393  0.4486596  0.5306510  0.5080838  0.4048740  0.4553185  0.5541104  0.5428483  0.5027378  0.4527937  0.4953963  0.5323383  0.5032611  0.4514385
 1  0.7290193  0.6837632  0.6547580  0.6419627  0.5929083  0.5204265  0.6417993  0.5596014  0.5374877  0.6201937  0.5931233  0.5231729  0.5881506  0.5704967  0.5883781  0.5983526  0.5852054  0.6854433  0.6909174  0.6966042  0.6574078  0.6093316  0.5731025  0.4396427  0.4798177  0.6395734  0.6476109
 2  0.5731135  0.5245497  0.4975768  0.4787604  0.4391398  0.4673137  0.5718008  0.4948814  0.5075444  0.5568386  0.5227331  0.4864700  0.5288424  0.5186519  0.5344353  0.5295874  0.5602189  0.6038334  0.6068686  0.5884134  0.5214722  0.4948545  0.5029075  0.3951054  0.4758880  0.5758287  0.5756531
 3  0.7523618  0.7097663  0.6783942  0.6617355  0.6102863  0.5283391  0.6639386  0.5843366  0.5481879  0.6397785  0.6173842  0.5362504  0.6055608  0.5901313  0.6038526  0.6212550  0.5906051  0.7082036  0.7146046  0.7160361  0.6753333  0.6259792  0.5897106  0.4602664  0.4806981  0.6600435  0.6716271
 4  0.4573780  0.4167930  0.3854170  0.3637045  0.3508348  0.4460954  0.5259848  0.4417324  0.4769203  0.5119263  0.4581374  0.4516232  0.4863688  0.4679726  0.4952219  0.4699420  0.5223055  0.5493660  0.5143665  0.4626148  0.4160502  0.4341093  0.4568631  0.3571025  0.4627278  0.5308389  0.5208517
 1  0.7283085  0.6840649  0.6460821  0.6287533  0.6150477  0.6009039  0.5405483  0.6171631  0.6198915  0.5539293  0.5210646  0.5446076  0.6387634  0.6286744  0.5503167  0.6017710  0.5822807  0.5942483  0.5911465  0.5847716  0.5577923  0.4872561  0.5543220  0.6463562  0.6718707  0.6902484  0.6889598
 2  0.5726575  0.5248717  0.4904463  0.4824269  0.4884280  0.4863922  0.4617667  0.5595319  0.5501819  0.4955514  0.4719844  0.5176054  0.5757210  0.5525314  0.5084031  0.5402928  0.5301059  0.5362560  0.5345957  0.5251717  0.4946462  0.4500378  0.5238327  0.5868291  0.5961673  0.6080864  0.5922274
 3  0.7516802  0.7099042  0.6699623  0.6480579  0.6321966  0.6196057  0.5555462  0.6353632  0.6440452  0.5751314  0.5380818  0.5535770  0.6582077  0.6541000  0.5669243  0.6193318  0.6025065  0.6115102  0.6116837  0.6034234  0.5797877  0.5008359  0.5634767  0.6646015  0.6962596  0.7150289  0.7109971
 4  0.4573648  0.4163187  0.3811869  0.3943906  0.4210301  0.4077043  0.4129814  0.5194381  0.4984501  0.4467211  0.4296626  0.4880072  0.5303950  0.4912005  0.4655192  0.4992805  0.4797059  0.4960412  0.4841521  0.4806241  0.4367546  0.4164763  0.4950714  0.5404184  0.5423092  0.5306050  0.4794682
 1  0.7292546  0.6838715  0.6592895  0.6510482  0.6146270  0.5830503  0.5396883  0.6080725  0.6282203  0.6878980  0.6974183  0.7021552  0.7147057  0.7177052  0.7197229  0.7211699  0.7198315  0.7214041  0.7131085  0.7094587  0.7007966  0.6997299  0.6895964  0.6814468  0.6810350  0.6855405  0.6920612
 2  0.5718989  0.5240255  0.5019161  0.4872684  0.4568978  0.4507321  0.4708693  0.5487716  0.5754812  0.6070543  0.6090661  0.5989107  0.5851836  0.5712877  0.5523616  0.5411827  0.5426398  0.5482734  0.5523024  0.5528377  0.5653158  0.5768872  0.5677990  0.5413004  0.5158592  0.5138190  0.5248876
 3  0.7524902  0.7101030  0.6829457  0.6705681  0.6316703  0.5991559  0.5524149  0.6268316  0.6456103  0.7110352  0.7209638  0.7216624  0.7330159  0.7353790  0.7355081  0.7364221  0.7348943  0.7375326  0.7299778  0.7263854  0.7180463  0.7197302  0.7104214  0.6998110  0.6971609  0.7009608  0.7082450
 4  0.4556608  0.4177696  0.3887028  0.3701349  0.3675153  0.3822942  0.4338430  0.5084664  0.5273506  0.5459915  0.5198305  0.4938454  0.4840916  0.4557789  0.4298738  0.4223008  0.4438372  0.4534059  0.4520885  0.4573603  0.4924285  0.5042374  0.4655127  0.4131531  0.3983620  0.4217327  0.4388573
 1  0.7307392  0.6865300  0.6582783  0.6475879  0.6357355  0.6480974  0.6570433  0.6696311  0.6285870  0.6077101  0.5342682  0.3662156  0.6713366  0.7004375  0.6933733  0.7002245  0.6956798  0.6973413  0.7034474  0.7134527  0.7035002  0.6983478  0.6941511  0.6905515  0.6805683  0.6656533  0.6885519
 2  0.5709265  0.5237572  0.4988612  0.4860781  0.4943381  0.5241612  0.5431154  0.5498398  0.5299194  0.5268813  0.4612679  0.3960789  0.6108464  0.6109907  0.6138158  0.6011037  0.5701602  0.5395621  0.5518902  0.5827798  0.5825683  0.5639625  0.5364151  0.5178990  0.5060963  0.5408911  0.5852826
 3  0.7534590  0.7122673  0.6818092  0.6670811  0.6517163  0.6651790  0.6752263  0.6880412  0.6472992  0.6264236  0.5587030  0.3576520  0.6853167  0.7298268  0.7189960  0.7216993  0.7148915  0.7141022  0.7180543  0.7331442  0.7246887  0.7166997  0.7108467  0.7070312  0.6968579  0.6823764  0.7081945
 4  0.4540021  0.4161973  0.3866393  0.3765869  0.4267387  0.4605055  0.4672367  0.4655452  0.4642006  0.4741458  0.3850235  0.4045329  0.5607437  0.5551177  0.5281905  0.4940216  0.4485552  0.4114810  0.4841321  0.5190546  0.4841599  0.4380379  0.4197205  0.4076042  0.4140654  0.4872903  0.5267365
 1  0.7296156  0.6865713  0.6505413  0.6329079  0.5712207  0.4909309  0.4790547  0.6725699  0.6845907  0.6451792  0.5395062  0.4084511  0.5166995  0.6366861  0.6198118  0.5931172  0.5199624  0.4547415  0.5924520  0.6316479  0.6006079  0.6506749  0.6510342  0.5522584  0.4338368  0.6480822  0.6481466
 2  0.5721350  0.5249587  0.4922499  0.4762983  0.4511755  0.4477161  0.4663713  0.6001504  0.6049313  0.5667658  0.4677924  0.3799464  0.5029358  0.5712188  0.5544615  0.5252779  0.4593265  0.4407036  0.5482460  0.5609009  0.5514183  0.5866627  0.5723569  0.4797270  0.4484334  0.5834798  0.5712581
 3  0.7525046  0.7120612  0.6742171  0.6526824  0.5877379  0.5049567  0.4867836  0.6952019  0.7107606  0.6711935  0.5636543  0.4191666  0.5191229  0.6573149  0.6421600  0.6144686  0.5414578  0.4603027  0.6053762  0.6548742  0.6177810  0.6694563  0.6768892  0.5773826  0.4287203  0.6679327  0.6738097
 4  0.4555682  0.4155233  0.3824699  0.3744866  0.3897313  0.4108460  0.4470634  0.5514473  0.5490706  0.5035029  0.3960861  0.3538575  0.4838841  0.5235943  0.4996146  0.4709555  0.3997248  0.4243549  0.5121008  0.5075888  0.5050429  0.5400039  0.5116879  0.4046253  0.4453972  0.5383486  0.5107288
 1  0.7282820  0.6798776  0.6372107  0.6164794  0.6229475  0.6263237  0.6296041  0.6364660  0.6453686  0.6430159  0.6267039  0.6305858  0.6813553  0.6691961  0.6566156  0.6500764  0.6438366  0.6274140  0.6441999  0.7020973  0.7036402  0.7078007  0.7128499  0.7165661  0.6986175  0.6849363  0.6710985
 2  0.5697585  0.5218709  0.4877184  0.4752150  0.4816418  0.4781103  0.4673604  0.4700265  0.4898753  0.5038106  0.5145388  0.5745722  0.6029194  0.5894729  0.5665801  0.5440712  0.5249410  0.5079289  0.5776490  0.6141397  0.6196227  0.6100448  0.5942005  0.5774554  0.5378973  0.5099330  0.4898030
 3  0.7517544  0.7066486  0.6620160  0.6364597  0.6404216  0.6436562  0.6453721  0.6513424  0.6608397  0.6601939  0.6442689  0.6420161  0.7059927  0.6949143  0.6797769  0.6698160  0.6618832  0.6464662  0.6539532  0.7265440  0.7283559  0.7289206  0.7321780  0.7348383  0.7158197  0.7011454  0.6870556
 4  0.4555172  0.4185805  0.3829077  0.3851148  0.3968762  0.3775914  0.3602616  0.3815410  0.4149897  0.4288626  0.4503020  0.5328586  0.5500339  0.5178546  0.4734612  0.4467635  0.4427124  0.4266181  0.5326367  0.5606150  0.5375859  0.5093916  0.4922877  0.4633931  0.4158205  0.3913729  0.3811214
 1  0.7315684  0.6873880  0.6654811  0.6587668  0.6615461  0.6710165  0.6788641  0.6958925  0.6919833  0.6901458  0.6824292  0.6755948  0.6696840  0.6638044  0.6721391  0.6771259  0.6991005  0.7216697  0.7045498  0.6954514  0.6376759  0.5450277  0.3880008  0.6326510  0.6548785  0.6375866  0.6544119
 2  0.5697771  0.5223139  0.5037164  0.4892505  0.4732409  0.4647097  0.5008384  0.5539195  0.5760592  0.5799777  0.5711538  0.5517090  0.5244807  0.5025271  0.5028500  0.5183511  0.5896120  0.6161484  0.6060931  0.5813549  0.5197676  0.4641684  0.3868655  0.5691553  0.5820034  0.5756265  0.5878390
 3  0.7537993  0.7128146  0.6885996  0.6782097  0.6780613  0.6853022  0.6916975  0.7125937  0.7116528  0.7107208  0.7033607  0.6950733  0.6876754  0.6804154  0.6878994  0.6933040  0.7138178  0.7452155  0.7286647  0.7151600  0.6558044  0.5656748  0.3911776  0.6538793  0.6794180  0.6579700  0.6750143
 4  0.4515532  0.4146470  0.3912538  0.3653003  0.3413742  0.3417549  0.4402990  0.4952087  0.5040855  0.5030173  0.4811080  0.4461524  0.4094070  0.3953410  0.4090778  0.4366620  0.5363634  0.5559695  0.5095850  0.4629995  0.4435736  0.3967985  0.3804072  0.5273557  0.5290098  0.5247864  0.5380004
 1  0.7286303  0.6826911  0.6402095  0.6149241  0.5671944  0.5159446  0.5914502  0.5933799  0.6737450  0.6977126  0.6995614  0.7004845  0.6927175  0.6909567  0.6853159  0.6710262  0.6622512  0.6524139  0.6676917  0.6392746  0.6331788  0.6513762  0.6424264  0.6855846  0.7245871  0.7179387  0.7105560
 2  0.5686480  0.5225831  0.4874908  0.4621513  0.4368221  0.4741279  0.5323272  0.5559905  0.6003051  0.6169818  0.6081792  0.5853532  0.5449447  0.5215108  0.5072658  0.4898600  0.4875796  0.5314113  0.5697064  0.5549000  0.5554754  0.5682987  0.5538462  0.6088407  0.6270542  0.6257543  0.6001793
 3  0.7517398  0.7088155  0.6645437  0.6354479  0.5839932  0.5245703  0.6124275  0.6044789  0.6969074  0.7225168  0.7224980  0.7201339  0.7097500  0.7069982  0.7016084  0.6871000  0.6777979  0.6670909  0.6881081  0.6620874  0.6508118  0.6723847  0.6648875  0.6995185  0.7493276  0.7423429  0.7310858
 4  0.4547156  0.4168095  0.3814533  0.3562579  0.3681478  0.4494851  0.4888395  0.5204626  0.5488711  0.5460996  0.5106871  0.4599973  0.4222485  0.4156342  0.3965457  0.3775585  0.3943862  0.4831758  0.5146030  0.4796867  0.4981703  0.5078749  0.4716435  0.5486001  0.5672644  0.5357664  0.4679952
 1  0.7290541  0.6814757  0.6454438  0.6324251  0.6282183  0.6038333  0.5574121  0.4640365  0.6195241  0.5837264  0.6227050  0.6183403  0.5453167  0.5490380  0.6744845  0.6479595  0.6796359  0.6884072  0.6879251  0.6910841  0.6976780  0.7076716  0.7076003  0.6895723  0.6928383  0.7021983  0.6958755
 2  0.5720311  0.5230618  0.4926184  0.4954802  0.5081377  0.4884831  0.4307899  0.4309757  0.5570355  0.5342603  0.5615279  0.5477000  0.4832922  0.5373229  0.5991708  0.5791803  0.5966982  0.5938205  0.5690724  0.5347973  0.5076679  0.5099637  0.5324603  0.5401678  0.5704527  0.5871561  0.5807229
 3  0.7524456  0.7078604  0.6696935  0.6513937  0.6460702  0.6243956  0.5754106  0.4680903  0.6386396  0.6031248  0.6417044  0.6422115  0.5665485  0.5502014  0.6976810  0.6716166  0.7028398  0.7105163  0.7074690  0.7078801  0.7123227  0.7216520  0.7238974  0.7083489  0.7107232  0.7232168  0.7172476
 4  0.4569095  0.4176880  0.3854979  0.4168120  0.4416238  0.3935029  0.3297686  0.4207306  0.5150672  0.4903670  0.5178081  0.4898919  0.4275019  0.5095314  0.5498319  0.5218895  0.5257826  0.4988572  0.4465293  0.3936005  0.3765220  0.4155572  0.4505123  0.4579489  0.5031645  0.5163603  0.4798613
 1  0.7304056  0.6863066  0.6600071  0.6502246  0.6406594  0.6432713  0.6564763  0.6746811  0.6767305  0.6784496  0.6904814  0.6983561  0.7093315  0.7002817  0.6939285  0.6954235  0.6823425  0.6712556  0.6821572  0.6812622  0.6837133  0.6859796  0.6878917  0.6874918  0.6786130  0.6720126  0.6698947
 2  0.5719358  0.5241406  0.5000867  0.4853063  0.4759395  0.4850124  0.5144216  0.5387770  0.5360771  0.5250032  0.5292778  0.5641050  0.5912250  0.5931517  0.5822197  0.5713557  0.5484564  0.5336923  0.5424522  0.5408256  0.5323816  0.5270836  0.5356083  0.5444380  0.5407796  0.5311191  0.5412750
 3  0.7532408  0.7120878  0.6834537  0.6696814  0.6573106  0.6591563  0.6717802  0.6918604  0.6952034  0.6945554  0.7062945  0.7143072  0.7293381  0.7223210  0.7141063  0.7146659  0.7014765  0.6884388  0.6996576  0.6994955  0.7006865  0.7022066  0.7039708  0.7055632  0.6974018  0.6894516  0.6870409
 4  0.4545313  0.4161992  0.3866004  0.3700200  0.3822886  0.4021617  0.4445984  0.4612772  0.4262121  0.4158614  0.4391460  0.5004312  0.5280183  0.5092465  0.4882466  0.4767314  0.4447382  0.4452910  0.4591599  0.4432122  0.4236971  0.4251810  0.4551515  0.4635947  0.4416607  0.4371932  0.4710232
 1  0.7281665  0.6808234  0.6486484  0.6362826  0.6216287  0.6026929  0.5639646  0.4902543  0.5820768  0.6586767  0.6211761  0.6805185  0.6968365  0.7090526  0.7023681  0.7032843  0.6765815  0.6541973  0.6495534  0.6193557  0.6420321  0.6557170  0.6695405  0.6908214  0.7042904  0.6920919  0.6911011
 2  0.5709774  0.5221279  0.4952377  0.4856766  0.4792771  0.4715519  0.4518746  0.4586459  0.5496365  0.5747171  0.5763044  0.6021724  0.6194401  0.6171508  0.5952823  0.5657795  0.5106775  0.5008855  0.5318077  0.5460626  0.5646538  0.5710064  0.5705957  0.5862608  0.5939888  0.5845726  0.5706627
 3  0.7515019  0.7071882  0.6727715  0.6559840  0.6390374  0.6204529  0.5805793  0.5009856  0.5918010  0.6866885  0.6361980  0.7046973  0.7209434  0.7322035  0.7234303  0.7211549  0.6935790  0.6695701  0.6665929  0.6381359  0.6617686  0.6779003  0.6893369  0.7079680  0.7255681  0.7134903  0.7105034
 4  0.4557197  0.4170906  0.3872269  0.3871255  0.3980310  0.3900857  0.3842624  0.4322241  0.5154962  0.5246299  0.5288819  0.5519925  0.5485769  0.5303278  0.4818302  0.4363343  0.3910041  0.4285931  0.4776902  0.4918495  0.5101642  0.4938952  0.4787875  0.5153191  0.5239026  0.4930930  0.4717950
 1  0.7281973  0.6810513  0.6442225  0.6241889  0.6060834  0.6354020  0.6586928  0.6716773  0.6844349  0.6984145  0.7124083  0.7233724  0.7203194  0.7122400  0.6991820  0.6932442  0.6986286  0.7051725  0.7189876  0.7093938  0.7041112  0.7085478  0.7133661  0.7179620  0.7134957  0.7089984  0.7125286
 2  0.5743464  0.5232414  0.4911172  0.4672009  0.4765331  0.5282351  0.5519119  0.5476727  0.5285937  0.5037801  0.4969827  0.5293887  0.5555886  0.5634891  0.5565238  0.5539639  0.5567234  0.5850372  0.6051930  0.6027989  0.5832277  0.5598834  0.5439164  0.5426238  0.5635159  0.5986210  0.6084944
 3  0.7516029  0.7069893  0.6681580  0.6447064  0.6214523  0.6510560  0.6779558  0.6899655  0.7008026  0.7127931  0.7251108  0.7377447  0.7372053  0.7308710  0.7179461  0.7113357  0.7173178  0.7217942  0.7405939  0.7322542  0.7237171  0.7253451  0.7292352  0.7333518  0.7304331  0.7281119  0.7365371
 4  0.4584144  0.4155433  0.3856395  0.3557991  0.4169465  0.4790828  0.4721472  0.4333307  0.3910017  0.3521041  0.3905432  0.4470531  0.4739043  0.4715215  0.4576587  0.4677509  0.4634459  0.5169182  0.5416512  0.5107958  0.4594839  0.4359297  0.4315481  0.4482776  0.4906001  0.5387710  0.5403290
 1  0.7281184  0.6803456  0.6465186  0.6314331  0.5658402  0.5140196  0.6550735  0.5484921  0.5317664  0.4944021  0.6178613  0.6584163  0.6608332  0.6499889  0.6300151  0.6139186  0.6418027  0.6650229  0.6796643  0.7056210  0.7060232  0.7047123  0.7014811  0.7010830  0.7103198  0.7113253  0.7069442
 2  0.5729084  0.5231594  0.4941965  0.4754658  0.4338084  0.5070306  0.5775459  0.4926936  0.4760221  0.4752067  0.5690549  0.5850084  0.5815232  0.5591716  0.5207125  0.5084907  0.5577412  0.5762679  0.5950525  0.6029306  0.5945474  0.5701637  0.5271361  0.4976792  0.5053317  0.5363404  0.5486790
 3  0.7517145  0.7068348  0.6707420  0.6516581  0.5829410  0.5145770  0.6811103  0.5701322  0.5514766  0.5043441  0.6315061  0.6824713  0.6853301  0.6722882  0.6499724  0.6302740  0.6567966  0.6872490  0.6995644  0.7262349  0.7272809  0.7231492  0.7173089  0.7152957  0.7240583  0.7276006  0.7249164
 4  0.4576816  0.4178749  0.3866165  0.3655347  0.3623510  0.4888850  0.5300205  0.4532928  0.4323420  0.4505375  0.5303441  0.5314598  0.5083589  0.4663120  0.4216241  0.4430157  0.5114799  0.5130018  0.5188871  0.5266795  0.4951239  0.4338281  0.3741648  0.3660209  0.4169553  0.4566889  0.4507734
 1  0.7289669  0.6798174  0.6466660  0.6341235  0.6335651  0.6438097  0.6384431  0.6264277  0.6157850  0.5972248  0.6162664  0.7007421  0.7176503  0.7097328  0.7030442  0.7079165  0.7171804  0.7280705  0.7284200  0.7237352  0.7141343  0.7015469  0.6986357  0.7022361  0.7122078  0.7189599  0.7203669
 2  0.5742236  0.5219689  0.4939802  0.4884768  0.5078007  0.5269213  0.5168203  0.4826234  0.4464427  0.4439748  0.5704253  0.6204672  0.6306125  0.6229510  0.5872021  0.5442375  0.5138575  0.5137501  0.5440074  0.5705364  0.5799704  0.5723767  0.5602316  0.5538417  0.5629393  0.5809923  0.5923528
 3  0.7523603  0.7060461  0.6707126  0.6537822  0.6501780  0.6621560  0.6579008  0.6442293  0.6321877  0.6110939  0.6227603  0.7252934  0.7452953  0.7340763  0.7224545  0.7238904  0.7309746  0.7413758  0.7435312  0.7412714  0.7339107  0.7217025  0.7171408  0.7191438  0.7289731  0.7366229  0.7397770
 4  0.4578898  0.4160871  0.3886799  0.3972486  0.4439101  0.4558344  0.4160300  0.3626705  0.3296768  0.3846329  0.5359456  0.5650365  0.5649042  0.5173753  0.4428016  0.3897472  0.3798793  0.4110483  0.4599013  0.4941750  0.4982347  0.4748888  0.4503863  0.4541225  0.4780323  0.5042625  0.5123678
 1  0.7287269  0.6810465  0.6492475  0.6360842  0.6295913  0.6421083  0.6584954  0.6675041  0.6586413  0.6413507  0.6677711  0.6803058  0.6755785  0.6763390  0.6841237  0.6897058  0.7016478  0.7140464  0.7063005  0.7028185  0.6849384  0.6658088  0.6315328  0.6664597  0.6113996  0.6270788  0.6564974
 2  0.5719461  0.5224118  0.4956356  0.4764402  0.4669893  0.4908252  0.5237990  0.5467120  0.5469702  0.5460384  0.5711289  0.5770614  0.5610827  0.5426768  0.5383273  0.5472027  0.5908914  0.6102895  0.6061143  0.5812688  0.5199730  0.4599019  0.4701517  0.5888055  0.5561278  0.5566156  0.5881074
 3  0.7520538  0.7073838  0.6733370  0.6563539  0.6463908  0.6569776  0.6748945  0.6852756  0.6781414  0.6603026  0.6866361  0.7014972  0.6958309  0.6938599  0.7010392  0.7065341  0.7181637  0.7372281  0.7294866  0.7222890  0.7017774  0.6805822  0.6439739  0.6920318  0.6311595  0.6503682  0.6781991
 4  0.4562514  0.4171398  0.3880351  0.3602805  0.3709962  0.4222411  0.4567267  0.4743772  0.4727057  0.4798609  0.5073078  0.4968061  0.4544644  0.4381929  0.4464587  0.4671783  0.5330585  0.5472206  0.5091522  0.4429846  0.3615485  0.3226618  0.4294951  0.5376840  0.5122498  0.5090813  0.5214015
 1  0.7276935  0.6808899  0.6299891  0.6007265  0.6170884  0.6416409  0.6417159  0.6277121  0.6219103  0.6299807  0.6399349  0.6294232  0.6237282  0.6755792  0.7092907  0.7066942  0.6783627  0.6657085  0.6848645  0.6916875  0.6733227  0.6521373  0.6332528  0.5949719  0.5940844  0.6605021  0.6562184
 2  0.5721492  0.5231672  0.4811745  0.4626715  0.4865630  0.5143639  0.5167630  0.5006990  0.5034416  0.5350717  0.5525185  0.5432187  0.5420632  0.5947838  0.6122514  0.6061734  0.5456209  0.5073859  0.5416884  0.5642926  0.5511196  0.5169508  0.4917559  0.4746492  0.5292208  0.5854729  0.5758202
 3  0.7511928  0.7071239  0.6545796  0.6208081  0.6336734  0.6581349  0.6596632  0.6457911  0.6379493  0.6461978  0.6597460  0.6500728  0.6418835  0.6918460  0.7321509  0.7289934  0.6974872  0.6808411  0.7003000  0.7111751  0.6941068  0.6708242  0.6500642  0.6131414  0.6054137  0.6811814  0.6814168
 4  0.4573467  0.4167572  0.3787328  0.3757738  0.4157488  0.4428568  0.4326000  0.4090723  0.4356139  0.4833038  0.4903412  0.4709182  0.4800601  0.5377736  0.5458753  0.4976081  0.3935018  0.4095000  0.4842596  0.4935888  0.4477798  0.4040970  0.4060799  0.4048665  0.4911482  0.5380454  0.4986013
 1  0.7285885  0.6862186  0.6587628  0.6495030  0.6224141  0.5979959  0.6360664  0.6561241  0.6600271  0.6665971  0.6825019  0.7015777  0.6960853  0.6959819  0.7021136  0.6916696  0.6992938  0.7013812  0.6978956  0.7054400  0.7167403  0.7103259  0.7078929  0.7081703  0.7100494  0.7048938  0.7182499
 2  0.5713707  0.5254495  0.4987325  0.4921664  0.4851113  0.4951247  0.5305983  0.5396101  0.5218202  0.4972222  0.5267766  0.5637891  0.5703441  0.5709747  0.5736724  0.5708791  0.5756800  0.5722892  0.5579561  0.5730028  0.5929896  0.5923339  0.5762728  0.5495245  0.5147429  0.5226165  0.5700231
 3  0.7516385  0.7118235  0.6820807  0.6684261  0.6395764  0.6149511  0.6527883  0.6750936  0.6780939  0.6822170  0.6963172  0.7197847  0.7162696  0.7137138  0.7210092  0.7112777  0.7182190  0.7206659  0.7155938  0.7213786  0.7369661  0.7312004  0.7266505  0.7249616  0.7247550  0.7177413  0.7359352
 4  0.4556943  0.4160292  0.3839363  0.3939736  0.4126086  0.4357570  0.4649723  0.4490012  0.3979665  0.3729895  0.4627862  0.5012095  0.4758461  0.4800338  0.4934787  0.4884602  0.4913438  0.4720970  0.4493517  0.5029472  0.5241932  0.4973510  0.4556955  0.4088453  0.3596588  0.4562543  0.5094565
 1  0.7287496  0.6818591  0.6504648  0.6371029  0.6111145  0.5754883  0.6293652  0.6343821  0.6441028  0.6520774  0.6725674  0.6976923  0.6945104  0.6970484  0.7080910  0.7131500  0.7143146  0.7108639  0.7114151  0.7157846  0.7194619  0.7174526  0.7188897  0.7278300  0.7323831  0.7270866  0.7239541
 2  0.5722266  0.5235127  0.4961753  0.4739532  0.4309791  0.4321410  0.5232072  0.5452765  0.5523063  0.5524869  0.5767642  0.5910723  0.5832285  0.5673500  0.5667844  0.5783099  0.5819915  0.5770675  0.5670934  0.5670750  0.5689084  0.5574103  0.5409506  0.5532740  0.5768363  0.5926384  0.5986972
 3  0.7522206  0.7083418  0.6745765  0.6572887  0.6290287  0.5888517  0.6441331  0.6556776  0.6646314  0.6723285  0.6901964  0.7187583  0.7160099  0.7147269  0.7249825  0.7316895  0.7337492  0.7297254  0.7288348  0.7328057  0.7373877  0.7347206  0.7339854  0.7424914  0.7501058  0.7460968  0.7439530
 4  0.4567510  0.4181136  0.3858131  0.3523063  0.3071631  0.3872069  0.4827139  0.4823367  0.4790991  0.4739251  0.5109858  0.5213200  0.4778815  0.4539917  0.4823383  0.5013380  0.4936452  0.4708242  0.4616574  0.4772159  0.4717355  0.4287348  0.4082532  0.4693317  0.5020030  0.5121917  0.5143300
 1  0.7314508  0.6878004  0.6574669  0.6459674  0.6305600  0.6252383  0.5874918  0.4694554  0.5095661  0.7050795  0.7043690  0.6986273  0.6954905  0.7025723  0.7084295  0.7087540  0.6930509  0.6821170  0.6271898  0.5271201  0.6612797  0.5061582  0.5027442  0.4996186  0.5583804  0.6328766  0.6048795
 2  0.5718119  0.5234790  0.4967969  0.4948305  0.5125318  0.5261861  0.4872327  0.3809590  0.5145093  0.6225362  0.6152834  0.6161632  0.5919963  0.5685000  0.5671913  0.5726725  0.5615134  0.5426848  0.5021593  0.5146518  0.5791196  0.4541303  0.4631495  0.4587620  0.5280099  0.5615091  0.5599504
 3  0.7538355  0.7130726  0.6808479  0.6650543  0.6470766  0.6447953  0.6092141  0.4865713  0.5044306  0.7298090  0.7337335  0.7245355  0.7163941  0.7194598  0.7251241  0.7279453  0.7127159  0.7002948  0.6457799  0.5307881  0.6882264  0.5296005  0.5149142  0.5176996  0.5672908  0.6560882  0.6206518
 4  0.4534029  0.4143047  0.3868026  0.4048698  0.4557793  0.4608601  0.3933837  0.3120280  0.4979344  0.5668440  0.5573110  0.5239734  0.4641411  0.4563155  0.4915700  0.4928119  0.4591655  0.4393927  0.4252388  0.4908753  0.5292032  0.4089172  0.4357305  0.4230239  0.4990578  0.5108081  0.5142266
 1  0.7320621  0.6914412  0.6654587  0.6544275  0.6510171  0.6569226  0.6683010  0.6857350  0.6959914  0.7073444  0.7100486  0.7111182  0.7048245  0.6948955  0.6955782  0.6951820  0.6914638  0.6838473  0.6825028  0.6855623  0.6752895  0.6850316  0.6863956  0.6949558  0.7022353  0.7109400  0.7174508
 2  0.5746545  0.5263231  0.5001894  0.4830342  0.4746080  0.4774282  0.4982800  0.5291178  0.5621966  0.5838337  0.5878731  0.5813313  0.5625633  0.5468445  0.5365174  0.5271982  0.5123588  0.4927651  0.5210320  0.5650132  0.5843605  0.5889823  0.5875374  0.5739464  0.5615155  0.5736333  0.5906557
 3  0.7544364  0.7162697  0.6882586  0.6737684  0.6675295  0.6723747  0.6829241  0.7010248  0.7125837  0.7262870  0.7299686  0.7293877  0.7226240  0.7127490  0.7123986  0.7114703  0.7075383  0.6995060  0.6969948  0.7052259  0.6958541  0.7078386  0.7084861  0.7134772  0.7190831  0.7279220  0.7365975
 4  0.4545522  0.4138657  0.3855188  0.3640183  0.3697859  0.3784172  0.4150070  0.4525955  0.4928560  0.5104336  0.4946358  0.4754424  0.4621814  0.4439528  0.4276634  0.4149037  0.3926253  0.3732789  0.4568728  0.5087181  0.5209273  0.5208788  0.4893999  0.4596504  0.4640183  0.4985859  0.5196884
 1  0.7287904  0.6835164  0.6542644  0.6423124  0.6265896  0.6319667  0.6514345  0.6626235  0.6713112  0.6856359  0.6982245  0.7119804  0.7098028  0.7100337  0.7061728  0.7061400  0.7069768  0.7030272  0.7041256  0.6990600  0.6971071  0.7020985  0.7060474  0.7042007  0.7061954  0.7116848  0.7220369
 2  0.5701777  0.5238196  0.4980823  0.4804118  0.4710721  0.4935176  0.5133359  0.5131017  0.5152282  0.5341577  0.5650330  0.5840513  0.5835416  0.5683531  0.5412839  0.5255414  0.5232347  0.5405555  0.5612878  0.5703281  0.5772832  0.5889148  0.5929454  0.5834261  0.5627608  0.5414585  0.5357398
 3  0.7520664  0.7098105  0.6781559  0.6620955  0.6430756  0.6476606  0.6684418  0.6793658  0.6864030  0.7020273  0.7150323  0.7307854  0.7292393  0.7279672  0.7226041  0.7214384  0.7224576  0.7193655  0.7221008  0.7184584  0.7160701  0.7217622  0.7270138  0.7241858  0.7239561  0.7270437  0.7365695
 4  0.4552733  0.4179815  0.3858544  0.3650367  0.3877394  0.4273854  0.4269254  0.3999862  0.4243927  0.4578170  0.4936410  0.5055820  0.4847110  0.4474101  0.4133808  0.4108118  0.4251980  0.4594788  0.4853038  0.4877471  0.4989063  0.5167920  0.5104545  0.4774395  0.4312144  0.4132219  0.4290488
 1  0.7295185  0.6835518  0.6543397  0.6462061  0.6295643  0.6001204  0.5618461  0.6546403  0.6309103  0.6038998  0.6234371  0.6342836  0.6015579  0.5684842  0.6352934  0.6853567  0.6749083  0.6683319  0.6693817  0.6750693  0.6776421  0.6781933  0.6831953  0.6885621  0.6801311  0.6670919  0.6574332
 2  0.5718653  0.5230020  0.4974273  0.4983933  0.5067887  0.4976885  0.5127540  0.5791879  0.5524174  0.5268380  0.5434690  0.5531036  0.5282354  0.5207370  0.5813459  0.6025609  0.5873165  0.5562341  0.5281418  0.5174603  0.5171329  0.5295237  0.5477632  0.5600339  0.5532561  0.5321946  0.5282130
 3  0.7524887  0.7094268  0.6780013  0.6651826  0.6469745  0.6202420  0.5726246  0.6783603  0.6577400  0.6237993  0.6406873  0.6550228  0.6216932  0.5840755  0.6504290  0.7097787  0.6991659  0.6883304  0.6864899  0.6914338  0.6937535  0.6947140  0.7002423  0.7068174  0.6994474  0.6859463  0.6739943
 4  0.4555759  0.4158283  0.3875658  0.4099976  0.4434411  0.4240036  0.4778240  0.5324178  0.4730651  0.4539561  0.4900553  0.4902492  0.4699967  0.4812730  0.5351355  0.5413218  0.4901059  0.4346716  0.4198896  0.4209438  0.4273897  0.4463302  0.4715302  0.4805381  0.4614260  0.4273457  0.4527671
