2019 2020 2021 2022 2023 2024 2025 2026 2027 2028 2029 2030 2031 2032 2033 2034 2035 2036 2037 2038 2039 2040 2041 2042 2043 2044 2045
  25959.53   29781.11   42230.20   55015.34  104621.03  177017.24  205404.25  213189.83  187703.72  155607.68  126323.93  100241.50   92386.78   81965.65   71146.14   66939.45   59808.21   47886.71   42415.88   48039.68   69511.38   92090.20  105047.35  127133.52  132051.67  125470.39  107869.62
  26666.73   30531.55   43151.46   56641.11   65776.24   80926.37   89939.82   92118.00  100652.50  110867.27  101679.50   93194.19  100171.69  106006.31  105775.47   99309.28  123853.08  162033.28  175219.59  179598.97  138264.20   99108.50   80477.75   56247.06   41925.22   34548.33   44617.01
  27337.97   31352.20   43454.03   64389.12   86531.84  100175.48   93291.33   88336.89   89377.99   85794.09   81143.22   78975.52   72492.53   64770.02   74153.86   84527.27   80210.88   78361.13   82961.04   86644.96   79239.48   68271.68   59751.91   62071.20   83161.01  100375.60  106836.20
  27375.08   31749.17   45735.63   61923.99   74276.35   83291.31   85345.02   88871.68  111262.73  146491.61  169722.15  193470.40  202526.93  196237.16  194167.58  182869.02  174440.90  167850.74  148415.58  134787.87  141832.65  155126.90  148014.48  130643.06  110586.81   91556.91   69718.21
  27413.16   31184.50   43948.69   60497.81   87459.84  117215.92  132757.12  145286.82  130496.98  115736.98   84599.84   49611.06   52230.55   64281.85   88035.34  106928.31   89945.07   68776.42   73010.26   85081.56   91764.01   92361.90   81715.84   66866.36   44085.26   28568.20   42170.05
  27916.22   31765.90   43629.43   58738.69   69736.53   75743.24   74189.10   80791.73   99333.24  114766.65  115043.87  107676.51   92821.82   82804.60   84630.73   83804.86   71024.84   58783.31   59359.58   59774.71   66816.30   85805.76  101645.42  106186.09   96656.04   95833.45  109796.58
  25293.69   29440.80   41711.74   60064.95   78308.34   88229.58   83202.29   76325.10   71657.27   65739.98   54790.08   56467.56   74006.79   90628.05  101058.69  106750.27   93663.15   76150.76   82527.61  110133.21  144735.28  180383.16  193718.13  192507.26  181189.90  157477.76  122527.03
  26166.07   29372.72   42965.89   56060.13   65097.92   72514.39   83500.91  105009.88  123412.78  146673.88  164358.70  170947.52  144220.54  110807.20   93936.69   77163.58   91698.97  129737.61  157494.94  176380.43  153938.33  117915.75   91127.06   65478.48   62679.97   68535.70  100497.40
  26381.36   30209.24   42326.10   54244.31   60515.15   68615.81   74816.18   90483.94  130436.52  176325.34  198328.79  203535.42  187120.39  165543.57  140136.99  110944.01   92617.29   82913.49   76175.30   68736.31   77874.31   88667.69   83899.84  132902.35  234325.80  306667.58  332422.18
  25129.66   28957.18   40813.90   67096.67   95008.84  108533.15   99484.87   89255.60   84824.50   81594.65   76036.76   71025.45   71009.25   78838.74   91276.86  112166.79  141352.58  159496.77  152087.14  133307.38  106201.40   83739.80   62275.72   43621.70   44949.01   49708.21   57730.94
  27619.19   31451.88   44503.22   59852.15   76359.80   91880.38   99364.63  106419.50  102758.02   98087.06   94527.77  104613.70  123908.99  137398.54  149144.30  157422.84  154982.39  152768.25  145723.80  131300.25  123896.99  114390.57  103282.21   93129.20   77659.14   64652.08   59471.30
  24999.65   28832.24   41472.42   59843.17   76228.30   86267.31   80877.01   71950.30   65165.25   60102.68   65226.22   85926.99  127549.29  168207.25  180609.03  180938.66  155755.06  131557.26  115269.63  105367.85  115107.31  120882.36  127953.43  159996.39  189006.19  207579.03  210776.80
  23892.22   27141.02   39317.51   50053.99   70813.52   99713.44  111502.05  113645.45  112386.90  105307.55   84914.66   68953.57   62747.63   57635.92   45671.27   38291.12   42149.50   57284.42   74481.81   80966.54   88423.37   92243.16   82103.58   73573.68   70007.10   95849.76  130156.25
  24949.98   28954.52   40892.90   53750.83   58010.45   70126.28   85779.67   98093.55   88400.18   75318.72   81568.39   95692.34  104618.70  104399.66   92274.64   80519.69   84395.27   88834.68  121605.58  168323.03  189690.03  192600.59  159586.33  120958.93  101114.71   82239.87   74153.64
  22802.38   25910.03   37670.72   55856.20   81865.16  104715.99  106674.25  100542.77   89557.60   77029.53   61791.42   76995.88  121542.10  147016.22  145567.21  132916.04  121111.21  108623.83   85734.27   74824.14   77421.20   76906.14   71159.82   66331.62   77054.22   94283.11  106135.46
  24653.49   28396.05   40796.17   52355.76   65026.21   83524.71   92757.54  103836.97  103765.24  105818.52  118532.05  126764.12  124837.90  119300.14   99331.08   86547.23  135433.94  208555.64  249990.16  264660.08  242416.72  207864.44  164284.25  126526.86  120052.65  122049.95  142417.10
  25237.80   28975.21   40846.02   56591.94   77129.63   98798.62  105468.84  105624.47   95224.20   90373.69   98012.32  102586.79   92606.02  116751.02  171171.37  194918.43  179252.30  164336.80  159483.71  154407.28  134228.21  110333.40   83037.54   54393.54   49768.79   55504.78   66398.78
  29448.01   33719.86   46640.87   69693.20   92274.45  114561.73  118185.05  110736.87   97735.48   80475.94   70538.79   68694.69   73794.64   84729.24   84485.45   85490.16  104113.85  113875.74  111259.08  131367.54  165589.58  187194.19  196621.09  190636.84  167397.09  160517.47  169991.81
  26177.49   30319.03   42664.51   53906.28   44797.20   39146.18   47776.10   54504.38   44854.76   35883.60   48231.63   63066.48   69846.48   75241.42   70111.36   68760.07   78654.22   83236.59   79980.50   79892.52   85325.46   83165.72   63512.78   54417.23   64019.05   78533.10   96440.74
  26270.83   29403.21   41680.48   63570.30   94520.03  120395.47  122084.96  112947.26   95958.25  101141.85  129208.04  142549.80  145074.99  148737.17  149031.97  147143.90  128033.90  107343.74   78666.26   60310.69   66946.18   66898.47   56596.38   41972.72   37659.68   34735.64   48662.32
  29044.42   32625.52   44881.77   57817.08   70241.94   80297.11   92058.41  107244.11  127214.05  157136.26  179709.64  199413.39  206773.96  203893.33  187520.77  163911.82  126304.52   88304.88   66799.93   54375.90   62580.29   74546.93   87541.52   98015.36  100789.83  113270.23  138836.87
  27952.23   32448.48   45084.96   59599.98   78105.85   99442.69  110577.63  113600.08   93209.19   79028.52   96809.78  119523.28  130024.73  133689.46  117932.35  100621.46   75921.08   57293.97   59762.33   63519.17   73365.21   91711.70  108245.82  116339.23  114870.09  109711.37  101000.19
  25266.52   28635.19   41065.42   65124.54   89421.62  103419.98   90515.23   86867.61   83333.14   76774.14   75304.09   73271.22   57047.58   43731.95   75417.89  114279.07  123342.77  118853.39  112125.48  101980.06   99798.24   95990.79   91703.65   90766.93   88943.25   81802.83   73899.30
  26685.80   30843.38   43448.35   56017.92   62036.61   70981.33   78463.55   84059.99   91251.50   95608.58   90091.00   81051.93   75573.59   72271.54   87442.46  116679.37  157631.93  265434.25  401634.21  489214.76  454516.74  376044.88  285915.23  193051.27  153054.54  128984.33  130140.73
  29213.68   33616.88   46718.05   66901.27   87687.54  105921.10  104008.03   94036.56   75558.45   58857.49   59582.88   70156.65   92927.69  109678.54   97451.15   93986.93  110673.30  121137.83  121274.18  118500.41   85394.17   92783.59  144869.77  165236.23  159568.20  144821.01  107054.51
  28456.26   32150.95   45091.86   60761.01   71829.21   76356.31   69280.72   68476.58   76895.93   88811.48   99950.95  122976.36  156066.71  177565.80  180859.06  178197.84  159487.91  139540.15  128444.29  118767.33  110484.97  108221.30  104023.18   94419.21   91232.21   90826.74   86771.00
  27992.40   31377.67   44225.02   60087.67   75669.67   90644.70   85529.89   78423.98   83158.84   84695.76   92245.27  113705.27  132657.24  138130.89  118023.87  101156.48   98893.53   93326.32   80516.04   73468.29   77841.83   82887.81   87706.98   91635.25  102621.36  122065.85  129458.42
  25257.70   28924.43   41846.92   63337.04   95884.17  138727.16  155840.93  152187.50  142644.16  131317.35  105924.17   82739.29   83981.25   87458.73   84554.64   76693.96   69212.86   68225.52   72773.95   95748.14  138433.84  169086.30  184149.05  189601.14  177856.00  156355.78  124809.97
  27373.46   31486.29   44685.05   58429.39   68035.81   76886.84   65223.58   62633.94   81750.83  101858.50  122733.16  135612.55  124707.16  110651.02  102484.87   96760.02   85580.09   84060.57  109265.54  140027.93  147358.77  151436.04  153920.62  142808.00  132075.79  132245.43  148386.11
  30096.56   34903.69   47924.83   59713.18   67109.24   71312.34   61566.91   55908.89   62362.39   81153.16  108960.34  124687.70  123923.83  117620.66   95461.26   75661.01   74032.70   83173.17  103160.22  116730.30  114956.99  112175.58   91153.45   71558.70   83691.85  117194.61  153503.96
  24580.27   28268.26   40708.35   52804.12   61091.93   74823.07   91025.51  106857.64  110862.58  103140.07   77834.94   57224.01   59323.33   63848.73   79298.60  104261.83  140616.00  178514.83  182906.66  175869.49  157385.63  140115.18  127398.78  109685.32  104043.56  100803.24   95361.12
  30138.69   34764.99   47275.53   62110.14   78017.45   91012.93   92890.19   93143.32  107401.26  132524.22  149422.34  168615.04  182954.54  185398.30  185441.86  183432.72  156271.83  122526.31  109760.50   98502.31   79637.70   69581.96   78382.40   83648.20   79700.86   83681.64   97309.54
  26759.69   30666.32   38583.06   46187.75   50513.27   54564.29   51467.66   56033.03   69196.87   76720.64   85025.02   97131.03   99040.41  100860.18  103459.70   97005.63   83325.50   84435.08   98550.53  106063.09   90005.85  104099.91  152485.80  173265.57  163949.57  142738.91  119303.36
  26581.09   30258.48   43492.53   71569.74  103833.60  127849.37  133710.25  137021.85  140679.37  144575.24  139611.54  127279.76   91404.10   56481.38   32225.92   12561.40   26362.54   59040.00   98613.51  136699.28  166172.88  182317.32  176159.88  159068.70  146417.17  146088.18  142083.29
  24226.29   27529.05   40963.35   56738.69   72023.73   90866.81  108580.55  119654.58  154235.14  198069.32  204542.48  199357.72  192531.79  173469.71  156742.59  151829.60  152155.33  147905.77  140421.05  137018.36  135078.90  133991.62  143876.82  145925.63  134234.47  120810.14   96345.07
  26100.86   30277.31   43598.97   69047.14   95954.13  110923.81  117804.93  129845.57  132447.81  129396.58  117425.78  103738.26   89252.04   79551.29   78910.07   81228.63   84769.10   83847.69   78504.23   72873.53   61038.81   58497.60   83099.12  108168.58  133819.14  170466.31  190384.67
  29053.97   32827.61   44041.58   54913.38   67025.68   88187.21   98535.30  104939.77  123227.24  164727.52  188720.07  184535.48  172214.53  156577.68  126553.06   95338.62   78476.08   65700.53   58559.72   50682.44   52256.82   54598.57   52554.15   57511.06   71593.09   79824.53   87140.09
