FL 2019 2020 2021 2022 2023 2024 2025 2026 2027 2028 2029 2030 2031 2032 2033 2034 2035 2036 2037 2038 2039 2040 2041 2042 2043 2044 2045
 1  0.7288134  0.6828411  0.6581731  0.6511493  0.6605471  0.6994618  0.6954758  0.6929503  0.6811064  0.6747585  0.6819288  0.6844831  0.6800891  0.6663930  0.6657211  0.6776372  0.6513712  0.5622338  0.4284972  0.6827127  0.7088945  0.7126810  0.7116237  0.7150205  0.7050083  0.6791233  0.6690410
 2  0.5725724  0.5257627  0.5118513  0.5081338  0.5604484  0.5966220  0.5957871  0.5706136  0.5175892  0.4823768  0.4894983  0.5295428  0.5459277  0.5332062  0.5252084  0.5429693  0.5456473  0.4795701  0.4470154  0.6083747  0.6265152  0.6261936  0.6088989  0.5968291  0.5824954  0.5627649  0.5385173
 3  0.7521145  0.7090282  0.6823745  0.6719896  0.6746946  0.7207837  0.7183552  0.7120883  0.6976220  0.6896881  0.6960448  0.7006238  0.6988478  0.6856989  0.6826770  0.6938419  0.6714003  0.5853338  0.4241324  0.7051895  0.7349747  0.7367028  0.7331946  0.7331485  0.7249062  0.7007062  0.6884164
 4  0.4566311  0.4242774  0.4173332  0.4084246  0.5087154  0.5398102  0.4995872  0.4313802  0.3737489  0.3641246  0.4092114  0.4618242  0.4654172  0.4286958  0.4276957  0.4734465  0.4822234  0.4031593  0.4430198  0.5581291  0.5612236  0.5407999  0.5018478  0.5010435  0.5082950  0.4701759  0.4247683
 1  0.7290193  0.6837882  0.6592220  0.6525154  0.6162560  0.6018252  0.6537415  0.6705736  0.6804889  0.6957121  0.6876243  0.6775795  0.6909555  0.6969039  0.7020861  0.7024437  0.7089754  0.7234290  0.7136791  0.7076057  0.6939874  0.6784008  0.6436589  0.5515041  0.4494663  0.6467763  0.6489749
 2  0.5731135  0.5265721  0.5117835  0.5093439  0.4841376  0.5074230  0.5545376  0.5666630  0.5677142  0.5702048  0.5567300  0.5428309  0.5483168  0.5519352  0.5544363  0.5537004  0.5761799  0.5950311  0.5921786  0.5699479  0.5335917  0.5181366  0.5116967  0.4650956  0.4418940  0.5784393  0.5761986
 3  0.7523618  0.7098613  0.6832781  0.6731294  0.6348109  0.6161726  0.6712242  0.6906359  0.6985770  0.7139296  0.7069114  0.6952854  0.7083610  0.7139323  0.7187714  0.7201112  0.7248784  0.7431415  0.7345799  0.7257552  0.7108451  0.6949474  0.6616779  0.5726188  0.4519840  0.6693672  0.6735207
 4  0.4573780  0.4241020  0.4159837  0.4116030  0.3993216  0.4596602  0.4969398  0.4819449  0.4778645  0.4847357  0.4595927  0.4504867  0.4551358  0.4562339  0.4647776  0.4534076  0.5020162  0.5250225  0.4914635  0.4422749  0.4149293  0.4305543  0.4440805  0.3957084  0.4302668  0.5326862  0.5212226
 1  0.7283085  0.6840857  0.6538516  0.6472715  0.6417373  0.6278069  0.6268002  0.6427318  0.6602262  0.6621171  0.6694749  0.6797502  0.6844200  0.6799051  0.6835127  0.6971820  0.6751416  0.6664096  0.6741764  0.6835666  0.6821375  0.6794110  0.6797628  0.6871474  0.6989743  0.6965429  0.6917937
 2  0.5726575  0.5268711  0.5077580  0.5195706  0.5293835  0.5200292  0.5147960  0.5333851  0.5519821  0.5490455  0.5420541  0.5423996  0.5557607  0.5599930  0.5670776  0.5691863  0.5538795  0.5511341  0.5622815  0.5653300  0.5525920  0.5349484  0.5297573  0.5639118  0.5919507  0.5934828  0.5776148
 3  0.7516802  0.7099972  0.6780031  0.6671108  0.6605644  0.6480648  0.6445934  0.6593788  0.6791649  0.6817725  0.6878747  0.6961767  0.7015178  0.7001581  0.7022573  0.7155140  0.6940942  0.6852680  0.6934768  0.7026632  0.7011398  0.6968740  0.6958637  0.7038444  0.7192977  0.7188945  0.7125974
 4  0.4573648  0.4236758  0.4140067  0.4435287  0.4617904  0.4354687  0.4319430  0.4701646  0.4814171  0.4605027  0.4370833  0.4527690  0.4885559  0.4811037  0.4780478  0.4786200  0.4722327  0.4791528  0.4836526  0.4780449  0.4497340  0.4232442  0.4446487  0.5047885  0.5293904  0.5117487  0.4631338
 1  0.7292546  0.6838950  0.6628339  0.6592512  0.6477609  0.6439259  0.6560625  0.6748979  0.6922998  0.7113357  0.7127838  0.7129528  0.7140935  0.7073116  0.7099975  0.7137093  0.7074942  0.7044911  0.6976896  0.6969977  0.6843694  0.6859294  0.6802738  0.6748422  0.6442259  0.6244406  0.6480041
 2  0.5718989  0.5260567  0.5148011  0.5154178  0.5077156  0.5053012  0.5203076  0.5405702  0.5726898  0.5944165  0.5953933  0.5871983  0.5726497  0.5577407  0.5449732  0.5379040  0.5378935  0.5436619  0.5500732  0.5522692  0.5631903  0.5752192  0.5681007  0.5420203  0.4941229  0.4940645  0.5232865
 3  0.7524902  0.7101951  0.6869247  0.6796036  0.6658799  0.6614237  0.6723222  0.6915915  0.7090961  0.7308548  0.7335617  0.7311273  0.7319141  0.7252815  0.7260775  0.7292124  0.7229607  0.7213717  0.7153216  0.7144366  0.7019260  0.7064124  0.7016782  0.6935301  0.6610338  0.6401983  0.6651251
 4  0.4556608  0.4248787  0.4175644  0.4170656  0.4190696  0.4180187  0.4401422  0.4640219  0.5047074  0.5236841  0.5000186  0.4802632  0.4742095  0.4469661  0.4273415  0.4230304  0.4455089  0.4573429  0.4564198  0.4619874  0.4957696  0.5074124  0.4686572  0.4158108  0.3941243  0.4319475  0.4539271
 1  0.7307392  0.6865184  0.6622806  0.6565366  0.6598718  0.6766173  0.6793798  0.6877245  0.6625882  0.6497217  0.6288279  0.5830695  0.6132419  0.6756820  0.6828729  0.6927595  0.6531906  0.6223415  0.6429811  0.6871417  0.6883897  0.6901393  0.6443857  0.5967234  0.4726428  0.6516057  0.6765763
 2  0.5709265  0.5258337  0.5127223  0.5160293  0.5372131  0.5583569  0.5656547  0.5644901  0.5468892  0.5410567  0.5164246  0.4658815  0.5402874  0.5898348  0.5979364  0.5871907  0.5284452  0.4852380  0.5388939  0.5836725  0.5872004  0.5691438  0.5073246  0.4772629  0.4489527  0.5859386  0.6005555
 3  0.7534590  0.7123403  0.6862749  0.6768529  0.6770455  0.6953894  0.6985066  0.7065153  0.6815554  0.6693289  0.6508076  0.6015699  0.6228171  0.6974646  0.7057520  0.7130495  0.6729629  0.6402049  0.6559585  0.7074729  0.7105769  0.7089472  0.6619129  0.6144628  0.4821493  0.6723900  0.7014860
 4  0.4540021  0.4236161  0.4168688  0.4246346  0.4695376  0.4873138  0.4821539  0.4735996  0.4691543  0.4722565  0.4186792  0.3775091  0.5041261  0.5378061  0.5136151  0.4799639  0.4209125  0.3900874  0.4925982  0.5277842  0.4926393  0.4444178  0.4125365  0.4059525  0.4244760  0.5411386  0.5461791
 1  0.7296156  0.6865591  0.6564233  0.6464468  0.6266692  0.6120508  0.6222977  0.6497954  0.6853897  0.6983631  0.6950510  0.6938723  0.6813584  0.6790300  0.6870149  0.6907564  0.6715476  0.6561238  0.6723085  0.6864447  0.6953130  0.7108953  0.7142421  0.7073123  0.6595479  0.6404558  0.6734394
 2  0.5721350  0.5269808  0.5083813  0.5101976  0.5068719  0.5011439  0.5109093  0.5475887  0.5840471  0.5931922  0.5771993  0.5471366  0.5175292  0.5316112  0.5553479  0.5612984  0.5349962  0.5098287  0.5278374  0.5485943  0.5691358  0.5923043  0.5968587  0.5829700  0.5303412  0.5472434  0.5753370
 3  0.7525046  0.7121357  0.6804825  0.6669866  0.6451304  0.6308692  0.6397598  0.6652015  0.7041932  0.7195879  0.7153029  0.7111661  0.6966224  0.6952937  0.7049690  0.7096327  0.6906430  0.6731461  0.6880276  0.7039524  0.7126744  0.7292850  0.7353045  0.7272955  0.6771066  0.6566328  0.6938082
 4  0.4555682  0.4230816  0.4148877  0.4236457  0.4339239  0.4249408  0.4330953  0.4906666  0.5227459  0.5115031  0.4606560  0.4096076  0.4227559  0.4644265  0.4801813  0.4687249  0.4240797  0.4106642  0.4538743  0.4713404  0.4917476  0.5212394  0.5142300  0.4670580  0.4416653  0.4991630  0.5058010
 1  0.7282820  0.6799588  0.6478070  0.6392282  0.6481117  0.6492648  0.6584419  0.6720804  0.6795840  0.6830507  0.6801788  0.6925360  0.7113785  0.7122516  0.7103073  0.7114773  0.6919970  0.6664505  0.6811681  0.7126293  0.7103437  0.7111435  0.7041430  0.6972560  0.6945853  0.6940960  0.6743236
 2  0.5697585  0.5240958  0.5069570  0.5138811  0.5235192  0.5164860  0.5050428  0.4990430  0.5018879  0.5075216  0.5161257  0.5584099  0.5926877  0.6010335  0.5901951  0.5700245  0.5327330  0.5062105  0.5688514  0.6067790  0.6131729  0.6040932  0.5825549  0.5620224  0.5401312  0.5209343  0.4916904
 3  0.7517544  0.7067786  0.6726938  0.6596793  0.6669099  0.6678401  0.6748077  0.6870109  0.6945433  0.6986183  0.6960429  0.7077407  0.7308681  0.7335887  0.7302162  0.7288652  0.7088130  0.6840645  0.6948408  0.7345492  0.7335252  0.7315787  0.7234813  0.7162593  0.7119304  0.7100465  0.6901344
 4  0.4555172  0.4257960  0.4160366  0.4344078  0.4415299  0.4131560  0.3874991  0.3909972  0.4067923  0.4108988  0.4235806  0.4970811  0.5295255  0.5168630  0.4780602  0.4457022  0.4269322  0.4096203  0.5169560  0.5499044  0.5294978  0.5032656  0.4855774  0.4564916  0.4205936  0.3969972  0.3796384
 1  0.7315684  0.6873634  0.6680708  0.6640199  0.6674555  0.6768300  0.6815676  0.6975182  0.6931964  0.6940627  0.6870357  0.6805981  0.6734824  0.6664599  0.6441609  0.6212853  0.6715731  0.7133853  0.7005723  0.6927938  0.6470901  0.5786129  0.5721272  0.5824682  0.6370262  0.6715348  0.6987723
 2  0.5697771  0.5246284  0.5167345  0.5152801  0.5080069  0.5018005  0.5312746  0.5729187  0.5869308  0.5876275  0.5763836  0.5555680  0.5262991  0.5032590  0.4876858  0.5004930  0.5894375  0.6168646  0.6072079  0.5817149  0.5256113  0.4777606  0.4671678  0.4944620  0.5431161  0.5759278  0.5989515
 3  0.7537993  0.7128878  0.6917805  0.6845798  0.6852576  0.6922465  0.6953564  0.7158268  0.7139319  0.7150682  0.7080531  0.7000232  0.6914073  0.6830023  0.6602411  0.6378313  0.6843071  0.7371375  0.7248960  0.7125900  0.6653334  0.5993931  0.5900864  0.5969126  0.6537528  0.6892430  0.7180694
 4  0.4515532  0.4227631  0.4211902  0.4105713  0.3899942  0.3866574  0.4712664  0.5142373  0.5135712  0.5084684  0.4842167  0.4479412  0.4098013  0.3947211  0.4068454  0.4401664  0.5399430  0.5578531  0.5113590  0.4635176  0.4443114  0.4013041  0.3893689  0.4462524  0.4849168  0.5098653  0.5299692
 1  0.7286303  0.6827316  0.6523633  0.6421859  0.6022532  0.5947402  0.6325784  0.6597437  0.6965257  0.7105206  0.7074946  0.7034845  0.7026528  0.7050332  0.6834828  0.6538177  0.6606897  0.6728477  0.6957905  0.6990940  0.7068689  0.7148959  0.7118983  0.7198335  0.7331443  0.7215820  0.7130136
 2  0.5686480  0.5247601  0.5080323  0.5033853  0.4832814  0.5058725  0.5418543  0.5728021  0.6006167  0.6096889  0.5971660  0.5724943  0.5434905  0.5251915  0.5004877  0.4759374  0.4853435  0.5258844  0.5607295  0.5721579  0.5770358  0.5792976  0.5707450  0.6024001  0.6220863  0.6206604  0.5968263
 3  0.7517398  0.7089221  0.6767872  0.6632774  0.6203512  0.6102898  0.6507070  0.6772135  0.7162989  0.7322100  0.7286493  0.7222985  0.7190621  0.7204936  0.6997311  0.6702442  0.6760252  0.6873846  0.7134560  0.7178266  0.7242609  0.7331729  0.7303098  0.7355126  0.7568089  0.7453891  0.7332375
 4  0.4547156  0.4242532  0.4157002  0.4074288  0.4114536  0.4570579  0.4795944  0.5105641  0.5352400  0.5314306  0.4960317  0.4464939  0.4176043  0.4122677  0.3901034  0.3707081  0.3886737  0.4647386  0.4915797  0.4793800  0.4859980  0.4899754  0.4635998  0.5376883  0.5607348  0.5298665  0.4642511
 1  0.7290541  0.6815356  0.6505016  0.6467807  0.6637416  0.6592694  0.6640281  0.6750185  0.6790007  0.6748727  0.6869789  0.6936392  0.6956714  0.7019085  0.7099554  0.7056345  0.7089557  0.7066783  0.6675979  0.6325388  0.6371704  0.6509762  0.6442074  0.6084091  0.6471322  0.6836084  0.6882391
 2  0.5720311  0.5252907  0.5080944  0.5306139  0.5505929  0.5410134  0.5175218  0.5010229  0.5048349  0.5241219  0.5550692  0.5651687  0.5586904  0.5629008  0.5812177  0.5932560  0.5977030  0.5893074  0.5356026  0.4805425  0.4707854  0.4940508  0.5232991  0.5207865  0.5646845  0.5857894  0.5813749
 3  0.7524456  0.7079812  0.6751183  0.6661629  0.6834763  0.6797986  0.6813139  0.6896172  0.6939046  0.6911208  0.7042834  0.7125290  0.7139826  0.7178658  0.7283558  0.7260371  0.7299230  0.7271758  0.6873504  0.6506875  0.6529023  0.6655333  0.6614551  0.6280164  0.6641531  0.7041121  0.7092009
 4  0.4569095  0.4252592  0.4173052  0.4637356  0.4797748  0.4345835  0.3788026  0.3893016  0.4225885  0.4534053  0.4810187  0.4774680  0.4479468  0.4779639  0.5137474  0.5208217  0.5158452  0.4873484  0.4199319  0.3647373  0.3710925  0.4263075  0.4635888  0.4600783  0.5051712  0.5163599  0.4802135
