FL 2019 2020 2021 2022 2023 2024 2025 2026 2027 2028 2029 2030 2031 2032 2033 2034 2035 2036 2037 2038 2039 2040 2041 2042 2043 2044 2045
 1  0.7288134  0.6828411  0.6528241  0.6434414  0.6447631  0.6519134  0.6675902  0.6864082  0.6828934  0.6800334  0.6784138  0.6844735  0.6871958  0.6865087  0.6939783  0.6896395  0.6703822  0.6618629  0.6731782  0.6821943  0.6891467  0.6898176  0.6944639  0.7062112  0.7055824  0.7008520  0.6930990
 2  0.5725724  0.5257627  0.5083639  0.5070615  0.5052774  0.5073847  0.5347435  0.5595454  0.5568582  0.5386583  0.5285941  0.5399907  0.5471818  0.5567179  0.5672032  0.5631664  0.5369757  0.5326916  0.5554996  0.5708134  0.5746988  0.5629500  0.5569637  0.5688609  0.5742389  0.5711933  0.5699178
 3  0.7521145  0.7090282  0.6771951  0.6642470  0.6632439  0.6685803  0.6826989  0.7046558  0.7024862  0.6977239  0.6947053  0.7012871  0.7054138  0.7038143  0.7124275  0.7095863  0.6890631  0.6790568  0.6911661  0.7015241  0.7091716  0.7087601  0.7109878  0.7235540  0.7247994  0.7195470  0.7113672
 4  0.4566311  0.4242774  0.4158680  0.4156312  0.4092751  0.4146028  0.4690180  0.4884156  0.4568271  0.4228272  0.4361723  0.4639289  0.4593130  0.4734483  0.4914790  0.4681867  0.4349628  0.4574286  0.4885483  0.4989235  0.4857655  0.4529631  0.4644605  0.4933021  0.4891617  0.4771105  0.4926097
 1  0.7287870  0.6827335  0.6535169  0.6449280  0.6431298  0.6475472  0.6516472  0.6609250  0.6691161  0.6775082  0.6919531  0.6914562  0.6997951  0.7084720  0.7055329  0.7064272  0.7063326  0.7062800  0.7086684  0.7147519  0.6905124  0.6629841  0.6663883  0.6838603  0.6947980  0.6985583  0.6911411
 2  0.5725221  0.5257448  0.5089394  0.5094898  0.5129683  0.5150086  0.5141774  0.5174346  0.5237204  0.5424584  0.5612856  0.5662127  0.5746297  0.5801420  0.5732876  0.5600584  0.5461477  0.5293488  0.5361946  0.5602548  0.5548624  0.5384352  0.5573329  0.5827714  0.5967107  0.5949252  0.5818441
 3  0.7521049  0.7089533  0.6778639  0.6655768  0.6613495  0.6654159  0.6687733  0.6773101  0.6859237  0.6936904  0.7100659  0.7102870  0.7174084  0.7275159  0.7243140  0.7236761  0.7230311  0.7219556  0.7231329  0.7317650  0.7102533  0.6820986  0.6841515  0.7032448  0.7158658  0.7202213  0.7111266
 4  0.4566462  0.4243713  0.4160124  0.4199251  0.4307144  0.4269817  0.4210034  0.4288799  0.4350925  0.4688719  0.4850016  0.4768245  0.4927118  0.4945612  0.4699093  0.4497106  0.4299046  0.4055602  0.4510435  0.4843425  0.4669562  0.4553233  0.4916946  0.5205023  0.5261038  0.5091535  0.4900063
 1  0.7305922  0.6848867  0.6523138  0.6425030  0.6565824  0.6674289  0.6789117  0.6602360  0.6547811  0.6596675  0.6670337  0.6762369  0.6756725  0.6742938  0.6740475  0.6755502  0.6648273  0.6670773  0.6950477  0.6937203  0.6836290  0.6814496  0.6720464  0.6660876  0.6709179  0.6659540  0.6614396
 2  0.5728104  0.5252798  0.5071657  0.5195208  0.5386067  0.5632319  0.5734398  0.5541340  0.5336137  0.5226745  0.5268573  0.5379244  0.5551293  0.5604683  0.5557416  0.5388055  0.5156852  0.5515904  0.5906975  0.5932320  0.5711803  0.5457074  0.5346178  0.5482648  0.5588906  0.5453416  0.5214449
 3  0.7534214  0.7108077  0.6767039  0.6624835  0.6755275  0.6850124  0.6990716  0.6824447  0.6736560  0.6769570  0.6839324  0.6930177  0.6934903  0.6943410  0.6941229  0.6934461  0.6814476  0.6819655  0.7152329  0.7164909  0.7043723  0.6990814  0.6887706  0.6845391  0.6910505  0.6860791  0.6792212
 4  0.4549219  0.4235101  0.4162798  0.4466321  0.4649273  0.4955138  0.5058156  0.4592888  0.4289956  0.4303734  0.4418587  0.4599237  0.4854753  0.4856112  0.4560835  0.4235387  0.4202947  0.4996389  0.5329536  0.5095241  0.4567631  0.4334482  0.4586075  0.4848899  0.4802876  0.4397399  0.4051320
 1  0.7291430  0.6827285  0.6579697  0.6488228  0.6402530  0.6453484  0.6813036  0.7187022  0.7032955  0.6953457  0.6994449  0.7017701  0.7050428  0.7107406  0.7242627  0.7149034  0.7051595  0.7005734  0.6938723  0.6897759  0.6889859  0.6838464  0.6873260  0.6881245  0.7062935  0.6964976  0.6796214
 2  0.5726204  0.5251685  0.5124487  0.5048437  0.4902750  0.4899325  0.5847353  0.6163651  0.6091227  0.5799445  0.5474673  0.5217589  0.4984648  0.5496293  0.5922703  0.5985232  0.5791061  0.5429917  0.4933091  0.4538967  0.4570428  0.4892554  0.5425634  0.5901516  0.6076931  0.5980536  0.5699643
 3  0.7522586  0.7089208  0.6822077  0.6699311  0.6584950  0.6612568  0.6926812  0.7427264  0.7276745  0.7147675  0.7161904  0.7175220  0.7191851  0.7239576  0.7437983  0.7364951  0.7247447  0.7176324  0.7087131  0.7030049  0.7023025  0.6978046  0.7037130  0.7064175  0.7296438  0.7196244  0.6985630
 4  0.4556339  0.4243245  0.4190863  0.4006988  0.3844858  0.3997699  0.5379252  0.5600242  0.5090141  0.4472624  0.4221206  0.3941769  0.3687591  0.4899073  0.5328169  0.5092081  0.4545435  0.3920149  0.3326733  0.3194484  0.3438971  0.4165656  0.4834804  0.5339996  0.5420448  0.4985504  0.4739716
 1  0.7281315  0.6824165  0.6551873  0.6462078  0.6474648  0.6681844  0.7007876  0.6918734  0.6697245  0.6543399  0.6670558  0.6626629  0.6532219  0.6480344  0.6393871  0.6277964  0.6141495  0.6172684  0.6387532  0.6817674  0.6979620  0.6957094  0.6766950  0.6674079  0.6689487  0.6657441  0.6590479
 2  0.5721117  0.5261938  0.5104331  0.5074957  0.5061381  0.5582357  0.5929050  0.5905271  0.5528787  0.5415149  0.5760236  0.5752243  0.5614724  0.5364691  0.5059527  0.4750115  0.4681782  0.5023250  0.5524809  0.5931377  0.6045793  0.5945538  0.5575686  0.5469575  0.5662421  0.5684908  0.5546483
 3  0.7515323  0.7085148  0.6793407  0.6670051  0.6657073  0.6820165  0.7215920  0.7143988  0.6901258  0.6713473  0.6851077  0.6868087  0.6762544  0.6678420  0.6575647  0.6450763  0.6294331  0.6333630  0.6548897  0.7008346  0.7208775  0.7173287  0.6961789  0.6850031  0.6872678  0.6881929  0.6811351
 4  0.4574745  0.4243489  0.4171016  0.4132508  0.4101057  0.5047660  0.5345138  0.4998673  0.4431028  0.4699614  0.5259229  0.5098607  0.4688467  0.4315789  0.4019337  0.3689926  0.3963947  0.4482545  0.4987160  0.5367872  0.5311448  0.4944712  0.4538526  0.4708494  0.5088604  0.4990507  0.4490599
 1  0.7302442  0.6876301  0.6518353  0.6397050  0.6465735  0.6497839  0.6597746  0.6643997  0.6687356  0.6756310  0.6763699  0.6794633  0.6849601  0.6892286  0.6939604  0.6893263  0.6839774  0.6911911  0.7133004  0.7072298  0.6948114  0.6908138  0.6766819  0.6650515  0.6614029  0.6437806  0.6674371
 2  0.5712935  0.5270284  0.5044983  0.5152442  0.5364302  0.5481601  0.5538768  0.5510096  0.5484421  0.5470714  0.5448628  0.5426984  0.5405714  0.5398618  0.5410180  0.5362107  0.5285296  0.5729700  0.6057970  0.6054406  0.5795454  0.5406764  0.4949261  0.4834111  0.5048436  0.5217637  0.5687149
 3  0.7530500  0.7132989  0.6761059  0.6595013  0.6651994  0.6692062  0.6789194  0.6836926  0.6869902  0.6938115  0.6944890  0.6970975  0.7025646  0.7055972  0.7106805  0.7068774  0.7005364  0.7063078  0.7348337  0.7304251  0.7154813  0.7080858  0.6921676  0.6801742  0.6778443  0.6616370  0.6841371
 4  0.4545673  0.4233061  0.4112889  0.4427510  0.4718117  0.4765767  0.4754348  0.4642474  0.4617913  0.4602674  0.4541564  0.4521689  0.4391681  0.4426526  0.4500723  0.4333042  0.4302068  0.5176086  0.5460375  0.5183318  0.4536411  0.3964764  0.3740043  0.3998256  0.4304057  0.4566447  0.5114018
 1  0.7289947  0.6824479  0.6465543  0.6316495  0.6392120  0.6574409  0.6718338  0.6762077  0.6830541  0.7020521  0.6991458  0.6975056  0.7024440  0.7057325  0.7013585  0.6989297  0.6919109  0.6817590  0.6775867  0.6864258  0.6920051  0.7009508  0.6949967  0.6930248  0.6823169  0.6739441  0.6825129
 2  0.5714732  0.5247021  0.5046134  0.5005000  0.5113950  0.5294850  0.5373383  0.5267775  0.5345672  0.5608900  0.5677514  0.5679164  0.5802670  0.5880693  0.5816590  0.5689730  0.5488412  0.5303979  0.5367998  0.5611412  0.5830896  0.5885253  0.5753519  0.5455046  0.4988566  0.4757447  0.5052313
 3  0.7522130  0.7088365  0.6713381  0.6528258  0.6572367  0.6742467  0.6894186  0.6935072  0.6976392  0.7193123  0.7184299  0.7152578  0.7206141  0.7261603  0.7216151  0.7173783  0.7097825  0.6995759  0.6937708  0.7046143  0.7111122  0.7216215  0.7154131  0.7105078  0.6978718  0.6885125  0.6964154
 4  0.4550080  0.4246142  0.4148531  0.4123851  0.4289732  0.4523762  0.4465641  0.4070607  0.4537830  0.4924284  0.4774524  0.4776765  0.5077169  0.5111213  0.4848353  0.4624387  0.4478356  0.4277828  0.4614638  0.4947961  0.5122771  0.5081386  0.4638460  0.4042031  0.3621272  0.3666059  0.4390902
 1  0.7296185  0.6841285  0.6624922  0.6559045  0.6663705  0.6997540  0.6949958  0.6914224  0.6771977  0.6655797  0.6666950  0.6581064  0.6466649  0.6295448  0.6532098  0.6973739  0.6969743  0.7047515  0.7067443  0.6812029  0.6322166  0.5847334  0.6013715  0.6341968  0.6619128  0.6738952  0.6916480
 2  0.5721330  0.5251804  0.5144322  0.5089588  0.5491276  0.5832549  0.5832373  0.5619889  0.5290771  0.5222407  0.5216239  0.5121627  0.5022271  0.4978007  0.5591607  0.5965887  0.6014111  0.6068926  0.6028209  0.5765520  0.5030416  0.4526655  0.5057844  0.5568206  0.5761660  0.5812240  0.5846949
 3  0.7524823  0.7098500  0.6862987  0.6767594  0.6815707  0.7191286  0.7163049  0.7098636  0.6940752  0.6829997  0.6849110  0.6756537  0.6631588  0.6477097  0.6668116  0.7183095  0.7194152  0.7237184  0.7297339  0.7047309  0.6525346  0.6011250  0.6145473  0.6528443  0.6837622  0.6934585  0.7111929
 4  0.4552526  0.4229797  0.4203302  0.4033506  0.4887649  0.5219597  0.4871630  0.4372081  0.4273450  0.4434495  0.4284161  0.4080952  0.4188407  0.4201129  0.5086701  0.5389576  0.5172041  0.5311974  0.5335913  0.4717603  0.3761907  0.3756878  0.4659879  0.5081573  0.5017596  0.4998264  0.5065211
 1  0.7295170  0.6852218  0.6501571  0.6371157  0.6354881  0.6360708  0.6423595  0.6553871  0.6658310  0.6773954  0.6886445  0.6945399  0.7002911  0.7072232  0.7082488  0.7073989  0.7054951  0.7106114  0.7057241  0.7009118  0.6961119  0.6927843  0.6950988  0.6996828  0.7010309  0.6974257  0.7013399
 2  0.5724068  0.5257959  0.5049974  0.5069130  0.5129948  0.5150130  0.5228180  0.5313176  0.5340292  0.5349650  0.5416426  0.5506309  0.5658703  0.5831675  0.5895988  0.5851478  0.5809286  0.5807984  0.5704010  0.5541279  0.5439531  0.5480269  0.5581381  0.5719197  0.5748593  0.5690960  0.5677426
 3  0.7523910  0.7109780  0.6745275  0.6578027  0.6541386  0.6544805  0.6595204  0.6732719  0.6838334  0.6936432  0.7051126  0.7115720  0.7173816  0.7260446  0.7281381  0.7271089  0.7238452  0.7294883  0.7249616  0.7180937  0.7126628  0.7104028  0.7126453  0.7178248  0.7205054  0.7160820  0.7191539
 4  0.4547988  0.4229388  0.4144377  0.4246157  0.4354545  0.4327524  0.4458461  0.4513200  0.4356492  0.4392629  0.4546422  0.4639988  0.4892800  0.5086462  0.5073035  0.4904925  0.4913269  0.4953233  0.4648416  0.4406106  0.4532498  0.4639414  0.4759275  0.4937908  0.4872735  0.4731784  0.4780431
 1  0.7294070  0.6855712  0.6494628  0.6324040  0.6285388  0.6348522  0.6467436  0.6576749  0.6726076  0.6884145  0.6969372  0.7000059  0.6994157  0.7006247  0.7079725  0.7002135  0.6965431  0.6997135  0.6982322  0.7004994  0.7063243  0.7029098  0.6809619  0.6559808  0.6629461  0.6939076  0.6853463
 2  0.5726944  0.5263729  0.5043186  0.4944665  0.4860750  0.4802481  0.4785850  0.4820494  0.5126786  0.5522320  0.5736452  0.5774073  0.5687977  0.5687901  0.5742159  0.5667362  0.5544466  0.5540041  0.5586150  0.5739031  0.5882497  0.5865804  0.5572692  0.5243587  0.5569142  0.5889512  0.5841803
 3  0.7523779  0.7112215  0.6737446  0.6537989  0.6471744  0.6512091  0.6622962  0.6724572  0.6868422  0.7050427  0.7157021  0.7191811  0.7180932  0.7177124  0.7267825  0.7194605  0.7137168  0.7168941  0.7159946  0.7182753  0.7263145  0.7233397  0.7009478  0.6751196  0.6776189  0.7148586  0.7081473
 4  0.4557622  0.4228491  0.4137892  0.3994427  0.3840396  0.3796467  0.3748347  0.3831244  0.4430526  0.4876008  0.4965688  0.4866321  0.4664574  0.4846678  0.4931587  0.4625294  0.4517673  0.4651218  0.4744986  0.5019471  0.5134176  0.4960506  0.4574132  0.4246962  0.5015993  0.5306313  0.4902917
 1  0.7290193  0.6837882  0.6582490  0.6510926  0.6561008  0.6710874  0.6711328  0.6729748  0.6766218  0.6834735  0.6886784  0.6974192  0.6962014  0.7028335  0.6956709  0.6886197  0.6866735  0.6822726  0.6879420  0.6979734  0.7025411  0.7053152  0.7008388  0.6936663  0.6797182  0.6680123  0.6473438
 2  0.5731135  0.5265721  0.5113003  0.5099006  0.5212748  0.5327720  0.5248170  0.5075682  0.5044010  0.5220675  0.5513884  0.5722181  0.5804726  0.5840621  0.5742215  0.5599919  0.5454966  0.5342235  0.5464486  0.5716995  0.5865117  0.5901699  0.5806814  0.5628238  0.5338691  0.5095019  0.4808252
 3  0.7523618  0.7098613  0.6822874  0.6716006  0.6735809  0.6885528  0.6888114  0.6889511  0.6915216  0.6993023  0.7052691  0.7163345  0.7154490  0.7222409  0.7157386  0.7075281  0.7047802  0.6995652  0.7039653  0.7161828  0.7222731  0.7251136  0.7209184  0.7128002  0.6976281  0.6852976  0.6642573
 4  0.4573780  0.4241020  0.4156604  0.4148568  0.4402541  0.4463549  0.4144866  0.3854161  0.4106671  0.4440089  0.4825040  0.4969678  0.4990632  0.5015077  0.4820625  0.4610554  0.4431443  0.4331531  0.4720059  0.5039725  0.5092484  0.5058832  0.4875676  0.4560639  0.4250520  0.4000441  0.3750548
 1  0.7286387  0.6826092  0.6516377  0.6401757  0.6335270  0.6337977  0.6526276  0.6636905  0.6811320  0.6860507  0.6823668  0.6899228  0.6961457  0.6914608  0.6866012  0.6927973  0.6863105  0.6802873  0.6871398  0.6862789  0.6810195  0.6745537  0.6719547  0.6804337  0.6804758  0.6729214  0.6813042
 2  0.5727279  0.5259170  0.5075602  0.5009297  0.4854667  0.4830843  0.5080689  0.5408152  0.5688357  0.5756447  0.5711886  0.5772374  0.5823856  0.5721182  0.5605129  0.5601702  0.5484257  0.5440079  0.5695251  0.5795646  0.5697987  0.5394987  0.5077610  0.5079416  0.5218110  0.5402458  0.5622947
 3  0.7520377  0.7088497  0.6760278  0.6612654  0.6523128  0.6495777  0.6679205  0.6803629  0.6994394  0.7065747  0.7018015  0.7085016  0.7165311  0.7116467  0.7045099  0.7110490  0.7053176  0.6969669  0.7046805  0.7079076  0.7024108  0.6933990  0.6877146  0.6953635  0.6971773  0.6901127  0.6999954
 4  0.4570261  0.4243655  0.4149375  0.4038923  0.3756860  0.3960046  0.4389014  0.4766107  0.5024528  0.4945363  0.4846170  0.5037356  0.5037756  0.4725671  0.4679064  0.4754152  0.4456676  0.4586694  0.5091391  0.5087801  0.4673550  0.4038294  0.3891395  0.4239291  0.4413785  0.4689118  0.4922316
 1  0.7283148  0.6831720  0.6522565  0.6393475  0.6420265  0.6648492  0.6805293  0.6821937  0.6900804  0.7082018  0.7030919  0.6968801  0.6786994  0.6587230  0.6811342  0.7058353  0.6901739  0.6848326  0.6705442  0.6893450  0.6851629  0.6808820  0.6746413  0.6786327  0.6653148  0.6363048  0.6255200
 2  0.5733267  0.5264931  0.5077515  0.4999949  0.5099561  0.5397350  0.5563147  0.5486925  0.5536191  0.5691277  0.5644411  0.5432303  0.5058970  0.4945075  0.5860475  0.6111694  0.6019582  0.5740869  0.5607233  0.5836103  0.5826081  0.5632548  0.5419138  0.5468659  0.5423817  0.5238673  0.5265628
 3  0.7516587  0.7091073  0.6764835  0.6605492  0.6594911  0.6811185  0.6990847  0.7007217  0.7056089  0.7259355  0.7222194  0.7139704  0.6951460  0.6741938  0.6942002  0.7317826  0.7151554  0.7050276  0.6863311  0.7101827  0.7075699  0.7004144  0.6919058  0.6960431  0.6849964  0.6562268  0.6431441
 4  0.4576247  0.4237749  0.4159430  0.4033190  0.4288363  0.4736821  0.4759042  0.4359906  0.4679408  0.4931808  0.4602545  0.4151046  0.3827889  0.4151492  0.5413217  0.5536662  0.5051620  0.4493690  0.4944467  0.5255109  0.4922818  0.4482804  0.4486483  0.4727919  0.4646070  0.4424631  0.4638999
 1  0.7288068  0.6821140  0.6473292  0.6406987  0.6549937  0.6683540  0.6908996  0.6777031  0.6429962  0.6054394  0.5893926  0.6454289  0.7176437  0.6985066  0.6676025  0.6655323  0.6552579  0.6546232  0.6869753  0.6880915  0.6845405  0.6854808  0.6780270  0.6704966  0.6658148  0.6623238  0.6895107
 2  0.5718598  0.5247055  0.5059938  0.5286297  0.5581610  0.5880442  0.5977516  0.5791523  0.5131761  0.4417776  0.4260580  0.5962921  0.6258303  0.6147421  0.5677967  0.5435837  0.5253543  0.5410279  0.5765365  0.5790490  0.5594274  0.5355550  0.5019679  0.4760090  0.4788084  0.5192304  0.5770703
 3  0.7519277  0.7081572  0.6718713  0.6601068  0.6741085  0.6871339  0.7140832  0.7010522  0.6630041  0.6223445  0.6043689  0.6459618  0.7449399  0.7247360  0.6882696  0.6841827  0.6744442  0.6696528  0.7061967  0.7092290  0.7034241  0.7027512  0.6943243  0.6855348  0.6808847  0.6769729  0.7068143
 4  0.4558752  0.4239608  0.4182374  0.4644891  0.5005324  0.5295817  0.5308700  0.4726871  0.3725129  0.3258023  0.3496008  0.5538003  0.5713295  0.5193289  0.4595363  0.4552138  0.4289500  0.4822919  0.5146580  0.4875412  0.4454336  0.4129625  0.3748422  0.3636207  0.3838174  0.4637321  0.5229405
 1  0.7290677  0.6862388  0.6490900  0.6357728  0.6504283  0.6695040  0.6753326  0.6790049  0.6880352  0.6920779  0.6940252  0.6912495  0.6897991  0.6965304  0.6931461  0.6892435  0.6985754  0.7031670  0.6989138  0.6906325  0.6693228  0.6519659  0.6729905  0.6790913  0.6872348  0.6995996  0.7182853
 2  0.5727112  0.5281024  0.5030024  0.5074405  0.5385490  0.5607141  0.5613016  0.5538183  0.5509381  0.5539663  0.5595043  0.5586019  0.5566906  0.5560174  0.5451145  0.5328582  0.5463610  0.5631763  0.5624083  0.5474984  0.5132794  0.5081814  0.5435221  0.5602542  0.5639442  0.5874864  0.6073714
 3  0.7524285  0.7122459  0.6734957  0.6558415  0.6678572  0.6886509  0.6950965  0.6968732  0.7053614  0.7095136  0.7118210  0.7102991  0.7077176  0.7140680  0.7112772  0.7054989  0.7144172  0.7210959  0.7176161  0.7089318  0.6868892  0.6675784  0.6900404  0.6980728  0.7058438  0.7161212  0.7393603
 4  0.4570490  0.4243603  0.4084817  0.4297626  0.4761140  0.4905064  0.4678974  0.4554780  0.4603881  0.4678089  0.4782738  0.4672670  0.4617935  0.4642200  0.4352614  0.4279642  0.4678124  0.4840223  0.4679678  0.4353038  0.3986092  0.4387523  0.4798230  0.4814289  0.4703658  0.5187570  0.5429686
 1  0.7285444  0.6845489  0.6517644  0.6462317  0.6717571  0.6744734  0.6709038  0.6674625  0.6472559  0.6257012  0.6307780  0.6393474  0.6576302  0.6646337  0.6824101  0.6979117  0.6974934  0.7015760  0.7037417  0.7015049  0.6978677  0.6986889  0.7098120  0.7013000  0.6911568  0.6929540  0.6817491
 2  0.5715557  0.5269665  0.5063457  0.5306507  0.5574929  0.5599894  0.5412550  0.5214671  0.4987175  0.4968120  0.5211389  0.5387128  0.5513233  0.5507852  0.5652482  0.5776588  0.5772903  0.5760594  0.5746140  0.5657379  0.5444370  0.5466275  0.5714750  0.5770577  0.5730136  0.5696006  0.5543748
 3  0.7518726  0.7105461  0.6760311  0.6650539  0.6912759  0.6943510  0.6888720  0.6850999  0.6643338  0.6426152  0.6486139  0.6574954  0.6772600  0.6831673  0.6992887  0.7171953  0.7168894  0.7197341  0.7225707  0.7203040  0.7154035  0.7136716  0.7275918  0.7218869  0.7101442  0.7126047  0.7014078
 4  0.4567600  0.4241813  0.4127273  0.4666082  0.4881994  0.4649997  0.4371173  0.4161573  0.4082282  0.4315497  0.4554196  0.4750983  0.4705728  0.4607168  0.4919326  0.5013834  0.4854935  0.4869557  0.4870027  0.4631366  0.4175153  0.4615867  0.5066080  0.4923755  0.4865193  0.4839545  0.4525332
 1  0.7296366  0.6855762  0.6476814  0.6351673  0.6549076  0.6698479  0.6864285  0.6882678  0.6976281  0.6960738  0.6844789  0.6842876  0.6805730  0.6714830  0.6649044  0.6651660  0.6737100  0.6861772  0.6901786  0.6901996  0.6900533  0.6770966  0.6545519  0.6732760  0.6924262  0.6846867  0.6625747
 2  0.5720962  0.5265683  0.5031701  0.5147952  0.5411623  0.5661541  0.5771351  0.5806681  0.5803695  0.5683177  0.5430302  0.5329988  0.5306526  0.5159317  0.5079202  0.5119633  0.5338512  0.5603988  0.5718949  0.5765511  0.5720017  0.5511902  0.5340038  0.5782205  0.5961118  0.5824023  0.5359317
 3  0.7526637  0.7116277  0.6722966  0.6549759  0.6734765  0.6879498  0.7061537  0.7078312  0.7171338  0.7156671  0.7020220  0.7009089  0.6981125  0.6887948  0.6813300  0.6813947  0.6899597  0.7037232  0.7096609  0.7092972  0.7101887  0.6973477  0.6710309  0.6905298  0.7152475  0.7069005  0.6816972
 4  0.4551399  0.4242029  0.4115270  0.4443865  0.4725338  0.4974391  0.5018174  0.4982430  0.4950692  0.4618947  0.4331317  0.4418939  0.4362195  0.4103833  0.4092027  0.4270470  0.4613755  0.4909066  0.4930527  0.4963920  0.4880831  0.4422642  0.4605584  0.5280174  0.5274699  0.4756604  0.4122860
 1  0.7284429  0.6853761  0.6576604  0.6487485  0.6475219  0.6510099  0.6573087  0.6619821  0.6622317  0.6605668  0.6660625  0.6802019  0.6885027  0.7037611  0.6955274  0.6913046  0.6932691  0.6942414  0.6964525  0.6955313  0.6941480  0.6936537  0.7042941  0.7093524  0.7083509  0.7012730  0.6993234
 2  0.5730610  0.5279833  0.5091586  0.5087204  0.5155649  0.5222236  0.5201081  0.5113250  0.5102822  0.5180401  0.5384934  0.5570755  0.5799677  0.5919685  0.5845680  0.5702271  0.5602793  0.5544583  0.5479615  0.5433483  0.5358294  0.5442481  0.5713988  0.5898313  0.5901552  0.5715071  0.5588762
 3  0.7519268  0.7113701  0.6816511  0.6689329  0.6654007  0.6689593  0.6751382  0.6784003  0.6779377  0.6779000  0.6829757  0.6983701  0.7065778  0.7241915  0.7166220  0.7103991  0.7116297  0.7119950  0.7137036  0.7126086  0.7108133  0.7098404  0.7216659  0.7288915  0.7289225  0.7206990  0.7155582
 4  0.4576491  0.4240232  0.4111822  0.4180541  0.4368856  0.4403433  0.4183892  0.4049536  0.4273285  0.4391958  0.4648698  0.4831075  0.5100974  0.5190641  0.4920942  0.4724873  0.4647233  0.4575581  0.4495739  0.4403250  0.4333124  0.4634677  0.5024369  0.5164636  0.4998404  0.4511028  0.4628779
 1  0.7277919  0.6820969  0.6498295  0.6440445  0.6510277  0.6470146  0.6467501  0.6460811  0.6268432  0.6018057  0.6631831  0.6660825  0.6718769  0.6864367  0.6918155  0.7014705  0.7035773  0.6996986  0.6964399  0.6989523  0.6997109  0.7033573  0.6955949  0.6984972  0.6995027  0.6956412  0.6944678
 2  0.5737728  0.5269579  0.5061916  0.5248855  0.5525266  0.5538655  0.5438132  0.5238249  0.4910854  0.5150692  0.5681563  0.5715117  0.5652143  0.5643939  0.5700147  0.5814951  0.5864721  0.5764647  0.5612481  0.5533732  0.5519882  0.5516568  0.5517203  0.5637513  0.5696002  0.5616498  0.5454306
 3  0.7515671  0.7084518  0.6742479  0.6633151  0.6697686  0.6688648  0.6676288  0.6646582  0.6445739  0.6147164  0.6821050  0.6881412  0.6907089  0.7047023  0.7099016  0.7201784  0.7239146  0.7193450  0.7143201  0.7164764  0.7167224  0.7206246  0.7126209  0.7161222  0.7188573  0.7141376  0.7117401
 4  0.4588903  0.4247927  0.4127539  0.4564917  0.4963575  0.4821597  0.4480826  0.4201184  0.3974674  0.4746735  0.5150298  0.4855839  0.4723133  0.4781355  0.4909632  0.5086111  0.5025734  0.4737489  0.4593863  0.4553683  0.4592320  0.4535446  0.4630856  0.4889426  0.4818758  0.4555934  0.4347601
 1  0.7298005  0.6869835  0.6582271  0.6465288  0.6389088  0.6477941  0.6604810  0.6635515  0.6611539  0.6652902  0.6945123  0.7009632  0.6993990  0.6978127  0.7033980  0.7144612  0.6923786  0.6666919  0.6380735  0.6542971  0.6971703  0.6991992  0.6746840  0.6523772  0.6271857  0.6279738  0.6405680
 2  0.5740700  0.5276939  0.5094124  0.5054544  0.5071917  0.5251476  0.5383820  0.5309636  0.5052568  0.5156380  0.5601060  0.5800024  0.5743920  0.5555271  0.5608638  0.5782739  0.5665581  0.5296428  0.5070771  0.5776681  0.6107165  0.6127228  0.5827919  0.5490084  0.5150984  0.5133625  0.5284034
 3  0.7528205  0.7124562  0.6820690  0.6672370  0.6568654  0.6648181  0.6787153  0.6819929  0.6783911  0.6793141  0.7110481  0.7206442  0.7187039  0.7153527  0.7188904  0.7332050  0.7134268  0.6860804  0.6545823  0.6679224  0.7203453  0.7232667  0.6978231  0.6746180  0.6463870  0.6449799  0.6587652
 4  0.4569187  0.4228657  0.4150515  0.4119157  0.4269075  0.4555469  0.4576286  0.4255940  0.3772556  0.4455581  0.5025849  0.5011219  0.4673573  0.4352887  0.4829377  0.5081265  0.4694398  0.4105986  0.4327277  0.5347279  0.5529798  0.5382325  0.5017354  0.4523185  0.4243970  0.4447986  0.4553297
 1  0.7283085  0.6840857  0.6555717  0.6683926  0.7064986  0.6963585  0.6877919  0.6898839  0.6967108  0.7008575  0.6993725  0.7029461  0.7036631  0.7005499  0.6975426  0.6985688  0.7095444  0.6918017  0.6763112  0.6847424  0.6759390  0.6547115  0.6546708  0.6736290  0.6786099  0.6819655  0.6830020
 2  0.5726575  0.5268711  0.5090492  0.5757616  0.6058445  0.6001661  0.5631336  0.5160922  0.4865386  0.4748044  0.4968958  0.5253414  0.5455951  0.5512217  0.5470986  0.5705136  0.5946669  0.5858120  0.5679874  0.5681825  0.5554894  0.5166313  0.5100191  0.5340381  0.5499309  0.5561497  0.5572064
 3  0.7516802  0.7099972  0.6796163  0.6838138  0.7298106  0.7199766  0.7070076  0.7052263  0.7103915  0.7145070  0.7132473  0.7178417  0.7204963  0.7179048  0.7150450  0.7142973  0.7303496  0.7149908  0.6957679  0.7036567  0.6967936  0.6741515  0.6702899  0.6900154  0.6967889  0.7004000  0.7014434
 4  0.4573648  0.4236758  0.4144180  0.5239866  0.5474739  0.4980595  0.4073453  0.3594687  0.3618468  0.3626861  0.3967432  0.4433544  0.4596167  0.4567492  0.4428055  0.5033074  0.5336610  0.4955802  0.4760281  0.4923423  0.4615936  0.3943307  0.4227973  0.4659463  0.4730533  0.4701604  0.4687469
 1  0.7276216  0.6799711  0.6507138  0.6408286  0.6415903  0.6551956  0.6689632  0.6778145  0.6823792  0.6754871  0.6784315  0.6846134  0.6893429  0.6955390  0.7046994  0.7043166  0.6994613  0.7038378  0.7058992  0.7010595  0.6921384  0.6885743  0.6868302  0.6839384  0.6935754  0.6937061  0.6956896
 2  0.5713430  0.5245389  0.5087382  0.5035354  0.5021268  0.5118205  0.5208502  0.5336939  0.5469295  0.5456492  0.5388034  0.5270033  0.5190160  0.5329895  0.5660491  0.5800874  0.5820707  0.5884862  0.5916545  0.5836351  0.5643716  0.5501965  0.5389741  0.5387729  0.5508576  0.5509667  0.5470087
 3  0.7511091  0.7064469  0.6752506  0.6620179  0.6597107  0.6714249  0.6854859  0.6937497  0.6995664  0.6948828  0.6963956  0.7008875  0.7049118  0.7105591  0.7217325  0.7241651  0.7188279  0.7228837  0.7265320  0.7214886  0.7111876  0.7065059  0.7044960  0.7006751  0.7109193  0.7117688  0.7123115
 4  0.4565952  0.4247408  0.4175413  0.4069637  0.4073291  0.4267444  0.4301811  0.4494596  0.4722946  0.4554792  0.4273988  0.4125049  0.4126291  0.4552943  0.4990821  0.5010619  0.4962817  0.5125393  0.5128901  0.4887308  0.4613757  0.4516529  0.4392819  0.4527051  0.4671980  0.4503747  0.4442203
 1  0.7295355  0.6833054  0.6538730  0.6438996  0.6319857  0.6487381  0.6182036  0.5571832  0.6268084  0.6440830  0.6376495  0.6570798  0.6788373  0.6568080  0.6383305  0.6318511  0.6264496  0.5963577  0.6302719  0.6493324  0.6672010  0.6893099  0.7096881  0.7135696  0.6974447  0.6926230  0.6975052
 2  0.5725281  0.5249292  0.5091928  0.5062097  0.5148689  0.5396809  0.5186015  0.4993763  0.5657483  0.5651687  0.5542541  0.5739195  0.5912931  0.5702568  0.5404978  0.5239796  0.5237573  0.5141825  0.5366603  0.5431579  0.5487898  0.5729169  0.5986663  0.6030744  0.5785972  0.5636560  0.5680592
 3  0.7525048  0.7090707  0.6780201  0.6650179  0.6492163  0.6669589  0.6399597  0.5703019  0.6435657  0.6685863  0.6606998  0.6732157  0.7008142  0.6818049  0.6604650  0.6500329  0.6442392  0.6161162  0.6492124  0.6681449  0.6845243  0.7058031  0.7291450  0.7352416  0.7180899  0.7095630  0.7162672
 4  0.4559979  0.4229972  0.4190435  0.4120994  0.4481173  0.4773126  0.4387957  0.4609608  0.5219532  0.5025958  0.4654942  0.5108233  0.5364454  0.4924545  0.4416664  0.4411021  0.4620786  0.4542235  0.4631249  0.4570860  0.4630478  0.5058674  0.5327407  0.5193201  0.4623171  0.4723975  0.4954876
 1  0.7297679  0.6837130  0.6517670  0.6413696  0.6470190  0.6513913  0.6637139  0.6935921  0.6971077  0.6965178  0.6984096  0.7062797  0.6996339  0.6901223  0.6843651  0.6878806  0.6941966  0.6956804  0.7047875  0.6966679  0.6799126  0.6733896  0.6644010  0.6568815  0.6610628  0.6801345  0.6938762
 2  0.5727351  0.5256898  0.5071508  0.5085539  0.5122576  0.5049175  0.5303916  0.5699703  0.5824275  0.5761264  0.5750885  0.5811862  0.5717122  0.5476227  0.5213162  0.5255747  0.5431222  0.5691045  0.5846083  0.5750888  0.5384026  0.5066734  0.4879416  0.4865255  0.5219876  0.5613532  0.5824179
 3  0.7529215  0.7098162  0.6761404  0.6620107  0.6656198  0.6689544  0.6778047  0.7111724  0.7174963  0.7157229  0.7162011  0.7254648  0.7196690  0.7085434  0.7005002  0.7033116  0.7112168  0.7129410  0.7246537  0.7174279  0.6981610  0.6897963  0.6804407  0.6722700  0.6767629  0.6974493  0.7133098
 4  0.4563384  0.4239990  0.4151521  0.4225348  0.4206310  0.3964771  0.4648608  0.5105230  0.4998629  0.4766611  0.4915636  0.5029747  0.4731296  0.4207690  0.4052800  0.4445604  0.4651453  0.4981565  0.5102797  0.4691060  0.4110568  0.3891789  0.3832399  0.4039968  0.4578488  0.4983812  0.5093835
 1  0.7307883  0.6902578  0.6618559  0.6502324  0.6484212  0.6516072  0.6502439  0.6471622  0.6803150  0.7132414  0.7008924  0.6941982  0.6803888  0.6814743  0.6831931  0.6768015  0.6806351  0.6838924  0.6879371  0.6895856  0.6889860  0.6891940  0.6848115  0.6718301  0.6706092  0.6992619  0.7280617
 2  0.5721036  0.5278407  0.5090691  0.5054309  0.5031429  0.5003438  0.4912748  0.4930807  0.5828341  0.6138155  0.6084656  0.5803973  0.5323600  0.5152600  0.5154840  0.5228348  0.5377366  0.5542648  0.5653796  0.5687931  0.5624721  0.5579059  0.5539878  0.5430146  0.5343061  0.6048220  0.6258352
 3  0.7532927  0.7151701  0.6853209  0.6706991  0.6666522  0.6684617  0.6666590  0.6627255  0.6926871  0.7374398  0.7252357  0.7145184  0.6975053  0.6970129  0.6995768  0.6934644  0.6973055  0.7017856  0.7066242  0.7088334  0.7080997  0.7068310  0.7031758  0.6914280  0.6885625  0.7122994  0.7535249
 4  0.4546830  0.4210379  0.4127711  0.4109850  0.4068526  0.4020812  0.3893902  0.4106976  0.5362953  0.5566854  0.5144812  0.4465606  0.4049979  0.4213968  0.4262443  0.4323564  0.4586121  0.4791400  0.4875239  0.4839581  0.4656612  0.4671035  0.4735569  0.4502655  0.4332713  0.5498574  0.5680937
 1  0.7303903  0.6872068  0.6615062  0.6546567  0.6663422  0.6747785  0.6716047  0.6714156  0.6851808  0.6870054  0.6949242  0.6903205  0.6897132  0.6961766  0.6965161  0.6973740  0.7102373  0.7093961  0.7154857  0.7117578  0.7088192  0.7112817  0.7063335  0.7070037  0.6997312  0.6957926  0.7014768
 2  0.5724657  0.5261880  0.5114431  0.5208274  0.5392988  0.5461069  0.5324507  0.5285995  0.5403776  0.5523748  0.5617366  0.5549165  0.5437162  0.5393071  0.5339375  0.5418025  0.5638416  0.5793913  0.5868143  0.5837648  0.5756508  0.5689976  0.5648997  0.5572794  0.5410721  0.5210893  0.5218855
 3  0.7530171  0.7125659  0.6852290  0.6745725  0.6846203  0.6932846  0.6895310  0.6875631  0.7022808  0.7042980  0.7130098  0.7093321  0.7066492  0.7125537  0.7134171  0.7125581  0.7276025  0.7274653  0.7343418  0.7312001  0.7267900  0.7292984  0.7241311  0.7246193  0.7171717  0.7113756  0.7163102
 4  0.4545642  0.4220062  0.4167577  0.4400215  0.4626278  0.4555054  0.4248673  0.4417419  0.4577398  0.4713785  0.4786107  0.4508766  0.4360239  0.4424489  0.4236357  0.4597551  0.4862204  0.4979878  0.5037537  0.4863173  0.4778831  0.4737074  0.4685459  0.4558829  0.4187294  0.3995347  0.4259256
 1  0.7296366  0.6850449  0.6586348  0.6508226  0.6529652  0.6634499  0.6667288  0.6726684  0.6768550  0.6832380  0.6875752  0.6916747  0.6947711  0.6950227  0.7089039  0.7139549  0.7102675  0.7138666  0.7118103  0.7049317  0.6902608  0.6968939  0.6997462  0.7019854  0.7052322  0.7052627  0.6975421
 2  0.5735597  0.5268509  0.5111235  0.5093894  0.5138244  0.5224177  0.5313137  0.5380404  0.5394818  0.5355340  0.5323249  0.5329934  0.5281028  0.5357006  0.5666135  0.5861652  0.5911773  0.5951640  0.5910822  0.5732879  0.5549110  0.5703406  0.5807137  0.5812332  0.5784524  0.5723478  0.5524959
 3  0.7528274  0.7109904  0.6826682  0.6714025  0.6708039  0.6804365  0.6835123  0.6903264  0.6946836  0.6999970  0.7040130  0.7080655  0.7112685  0.7103259  0.7251680  0.7334115  0.7296394  0.7331862  0.7322683  0.7243767  0.7068678  0.7152262  0.7198175  0.7207538  0.7238982  0.7239777  0.7157279
 4  0.4567928  0.4240181  0.4160190  0.4140340  0.4256830  0.4359025  0.4509207  0.4539842  0.4418002  0.4330897  0.4339621  0.4352800  0.4172643  0.4463275  0.5000280  0.5100457  0.5053795  0.5139698  0.5021536  0.4568815  0.4669168  0.5042051  0.4978714  0.4891569  0.4884987  0.4754059  0.4425267
 1  0.7302785  0.6870950  0.6582354  0.6502937  0.6636750  0.6737422  0.6812608  0.6815131  0.6810869  0.6857017  0.6841747  0.6846468  0.6827356  0.6782513  0.6873282  0.6948931  0.6951518  0.7030557  0.6929089  0.6890690  0.6877697  0.7045658  0.7011546  0.6953542  0.6813466  0.6764491  0.6807946
 2  0.5733585  0.5267900  0.5094423  0.5205889  0.5404140  0.5578434  0.5675689  0.5654235  0.5560473  0.5449921  0.5389195  0.5381647  0.5350183  0.5321212  0.5497862  0.5655513  0.5789637  0.5859563  0.5764685  0.5597707  0.5718162  0.5930968  0.5925269  0.5682742  0.5155565  0.4849574  0.4940728
 3  0.7530235  0.7126356  0.6822139  0.6701433  0.6822379  0.6918605  0.6998173  0.7016412  0.6999681  0.7029924  0.7012115  0.7018979  0.7003610  0.6951390  0.7038888  0.7134532  0.7135973  0.7232703  0.7133337  0.7079172  0.7043056  0.7252475  0.7231522  0.7146671  0.6978098  0.6909822  0.6953872
 4  0.4550866  0.4227626  0.4154371  0.4437694  0.4657266  0.4816806  0.4940206  0.4784795  0.4531217  0.4435404  0.4476744  0.4488712  0.4362094  0.4400252  0.4759679  0.4884118  0.5041248  0.5076013  0.4819528  0.4575792  0.5045065  0.5299807  0.4990858  0.4308891  0.3682196  0.3734014  0.4153177
 1  0.7293163  0.6858686  0.6578277  0.6505274  0.6511763  0.6460551  0.6353508  0.6320831  0.6542271  0.6696602  0.6864591  0.7054494  0.6996812  0.6960626  0.6932097  0.6911364  0.6971644  0.6955536  0.6896490  0.6946572  0.7152659  0.7121061  0.7045745  0.7083982  0.7027698  0.7021960  0.6937686
 2  0.5744903  0.5275923  0.5101046  0.5191426  0.5288316  0.5214237  0.4962029  0.4872812  0.5171920  0.5416585  0.5749784  0.5920411  0.5844961  0.5624557  0.5343011  0.5191807  0.5251564  0.5318217  0.5261281  0.5651571  0.6027683  0.6085700  0.6009311  0.5930769  0.5814244  0.5654064  0.5404417
 3  0.7524203  0.7115102  0.6817637  0.6704988  0.6699990  0.6655726  0.6532674  0.6476562  0.6697897  0.6870582  0.7034358  0.7255688  0.7205178  0.7144571  0.7100121  0.7066644  0.7126855  0.7124425  0.7061216  0.7094319  0.7357512  0.7349203  0.7251747  0.7287563  0.7225226  0.7206909  0.7114720
 4  0.4571711  0.4233741  0.4160606  0.4397368  0.4536741  0.4254876  0.3852330  0.4049077  0.4511057  0.4694690  0.5075453  0.5191941  0.4848220  0.4417247  0.4106906  0.4153308  0.4374172  0.4309962  0.4193234  0.5067371  0.5437259  0.5287095  0.5120851  0.5052346  0.4849090  0.4589135  0.4171999
 1  0.7296147  0.6875420  0.6552270  0.6455282  0.6607607  0.6744460  0.6687101  0.6632751  0.6645542  0.6877203  0.7059517  0.7066314  0.6990733  0.6970934  0.6891519  0.6852045  0.6808096  0.6690914  0.6767089  0.6798027  0.6831424  0.6836185  0.6671454  0.6519155  0.6749418  0.6962351  0.6877081
 2  0.5737913  0.5281508  0.5063332  0.5149211  0.5415947  0.5541550  0.5373307  0.5071212  0.5101965  0.5684118  0.6014678  0.6050262  0.5879258  0.5637203  0.5354654  0.5264795  0.5255469  0.5209365  0.5273306  0.5303045  0.5307368  0.5333316  0.5359159  0.5497584  0.5861236  0.6006516  0.5877168
 3  0.7527116  0.7132616  0.6793335  0.6653053  0.6786968  0.6935626  0.6875984  0.6803084  0.6790747  0.7034652  0.7269381  0.7289775  0.7198111  0.7155789  0.7061749  0.7017033  0.6982793  0.6864920  0.6935607  0.6967550  0.6997079  0.7004408  0.6846271  0.6707470  0.6937260  0.7181994  0.7103884
 4  0.4563463  0.4233721  0.4103590  0.4374478  0.4735587  0.4700678  0.4253518  0.3802916  0.4354145  0.5186805  0.5386635  0.5210541  0.4820996  0.4458199  0.4265316  0.4359240  0.4322993  0.4285724  0.4351879  0.4350211  0.4361266  0.4429460  0.4641749  0.4913469  0.5256271  0.5323529  0.4954996
 1  0.7292546  0.6838950  0.6516792  0.6415387  0.6479762  0.6519736  0.6639560  0.6768764  0.6637740  0.6573984  0.6651405  0.6653933  0.6837873  0.7066005  0.6995892  0.7017881  0.7008153  0.6987716  0.6935493  0.6869696  0.6880433  0.6934864  0.6834021  0.6823142  0.7013732  0.6980593  0.6974461
 2  0.5718989  0.5260567  0.5071638  0.5121015  0.5222428  0.5265980  0.5372507  0.5441708  0.5307147  0.5276029  0.5368778  0.5367026  0.5706655  0.5936255  0.5923870  0.5856477  0.5776106  0.5668715  0.5464831  0.5265529  0.5324713  0.5527417  0.5515656  0.5653634  0.5864551  0.5871498  0.5780425
 3  0.7524902  0.7101951  0.6762142  0.6618823  0.6665760  0.6701109  0.6807245  0.6947684  0.6821312  0.6745651  0.6835282  0.6834615  0.6994749  0.7272064  0.7206584  0.7211101  0.7201993  0.7176489  0.7115902  0.7036505  0.7033421  0.7115631  0.7028118  0.6989472  0.7213345  0.7190421  0.7164473
 4  0.4556608  0.4248787  0.4143098  0.4307803  0.4423492  0.4404096  0.4572726  0.4570923  0.4370333  0.4504785  0.4546601  0.4476619  0.5083672  0.5266828  0.5037687  0.4945211  0.4870869  0.4675698  0.4327134  0.4101659  0.4557299  0.4797006  0.4566812  0.4952343  0.5192003  0.4983418  0.4820384
 1  0.7268804  0.6807195  0.6503615  0.6401530  0.6477949  0.6561525  0.6634340  0.6712759  0.6880167  0.6944716  0.6963854  0.7062217  0.7045462  0.7025121  0.7019699  0.7146427  0.7302287  0.7146182  0.7014031  0.7028586  0.6995645  0.6931756  0.6937250  0.6988738  0.7065613  0.6974840  0.6874930
 2  0.5720317  0.5262093  0.5074464  0.5045951  0.5075897  0.5051852  0.4959777  0.5037086  0.5371321  0.5567736  0.5696887  0.5776876  0.5724722  0.5520496  0.5266024  0.5762269  0.6095555  0.6083849  0.5810162  0.5538800  0.5345058  0.5189537  0.5210286  0.5449000  0.5673467  0.5640596  0.5412616
 3  0.7507258  0.7073971  0.6749321  0.6608222  0.6659944  0.6730095  0.6791989  0.6857780  0.7034343  0.7127056  0.7140990  0.7247470  0.7236840  0.7199473  0.7175241  0.7280684  0.7521664  0.7379500  0.7210059  0.7194698  0.7161272  0.7094657  0.7093303  0.7141171  0.7247713  0.7172385  0.7053510
 4  0.4578270  0.4254919  0.4128949  0.4134880  0.4125229  0.4012045  0.3825502  0.4171320  0.4697925  0.4760333  0.4854970  0.4943304  0.4702356  0.4239152  0.3922015  0.5197585  0.5520170  0.5133368  0.4499830  0.4361045  0.4307236  0.4117966  0.4148884  0.4708664  0.4947609  0.4617936  0.4160020
 1  0.7276814  0.6792428  0.6163333  0.6026096  0.6589057  0.6636187  0.6573519  0.6704142  0.6658938  0.6529989  0.6591982  0.6732550  0.6696734  0.6638909  0.6751359  0.6687050  0.6812528  0.7051366  0.6964383  0.6946456  0.6751264  0.6565113  0.6450889  0.6302515  0.6510848  0.6549273  0.6588405
 2  0.5706466  0.5246105  0.4872146  0.5275524  0.5746312  0.5763124  0.5655809  0.5669502  0.5526294  0.5199507  0.5142744  0.5307369  0.5371701  0.5479311  0.5595288  0.5496998  0.5709783  0.5911075  0.5867156  0.5720439  0.5495846  0.5345999  0.5169516  0.5047822  0.5235930  0.5261998  0.5158591
 3  0.7513709  0.7062406  0.6420568  0.6186306  0.6790554  0.6864622  0.6769762  0.6902441  0.6869895  0.6717823  0.6749981  0.6898516  0.6878201  0.6816310  0.6946948  0.6885864  0.6971582  0.7256064  0.7177418  0.7135386  0.6939484  0.6759516  0.6647978  0.6473402  0.6676974  0.6737518  0.6762285
 4  0.4564608  0.4263262  0.4071065  0.4832735  0.5212637  0.4972951  0.4867709  0.4932981  0.4547405  0.4031030  0.4261695  0.4564374  0.4574676  0.4775774  0.4825767  0.4528940  0.5037771  0.5244355  0.4934927  0.4703983  0.4640849  0.4541822  0.4179503  0.4221021  0.4534343  0.4353852  0.4035177
 1  0.7288869  0.6824790  0.6571594  0.6489200  0.6588938  0.6903066  0.6898493  0.6858515  0.6860861  0.6904858  0.6897373  0.6840406  0.6696477  0.6657825  0.6470422  0.6248009  0.6669245  0.6762353  0.6931094  0.6948634  0.6953622  0.6982645  0.7048591  0.7063317  0.7037459  0.7149013  0.7033830
 2  0.5722694  0.5257889  0.5119055  0.5069485  0.5408009  0.5748376  0.5765388  0.5561457  0.5330923  0.5254375  0.5217290  0.5211928  0.5302161  0.5543513  0.5455235  0.5419458  0.5694556  0.5823812  0.5865084  0.5796152  0.5593027  0.5407101  0.5471824  0.5543619  0.5797533  0.5989947  0.5927926
 3  0.7523135  0.7089899  0.6815156  0.6697240  0.6746924  0.7090602  0.7107070  0.7044453  0.7025210  0.7065264  0.7060530  0.7007416  0.6860131  0.6850045  0.6694218  0.6420029  0.6866049  0.6961514  0.7130044  0.7151176  0.7137269  0.7141013  0.7206975  0.7240357  0.7205132  0.7358759  0.7256519
 4  0.4564181  0.4253472  0.4166875  0.4070302  0.4788255  0.5124691  0.4832040  0.4334116  0.4202892  0.4270856  0.4258757  0.4203806  0.4603200  0.4956004  0.4644316  0.4818040  0.5057312  0.5070571  0.5070615  0.4817916  0.4355349  0.4300648  0.4645828  0.4669531  0.5105512  0.5324878  0.4965099
 1  0.7293529  0.6853485  0.6631660  0.6592620  0.6730100  0.6876243  0.6857558  0.6854182  0.6817509  0.6875511  0.6914285  0.6943995  0.6981898  0.7032102  0.7141918  0.7203508  0.7155846  0.7107312  0.7065941  0.7006905  0.6944896  0.6887511  0.6895950  0.6911494  0.6892117  0.6836317  0.6799744
 2  0.5733252  0.5268649  0.5142404  0.5246929  0.5533110  0.5690952  0.5604114  0.5345262  0.5115373  0.5168645  0.5278003  0.5340357  0.5307377  0.5362063  0.5684472  0.5959078  0.5996143  0.5918988  0.5773742  0.5627843  0.5432691  0.5252578  0.5208257  0.5266944  0.5339760  0.5423951  0.5619434
 3  0.7524326  0.7111111  0.6869378  0.6790180  0.6906327  0.7071381  0.7051587  0.7024990  0.6969221  0.7029996  0.7078106  0.7106229  0.7141952  0.7183182  0.7299417  0.7400375  0.7367042  0.7302575  0.7255230  0.7194042  0.7121890  0.7053541  0.7053570  0.7071838  0.7061944  0.7007149  0.6979193
 4  0.4564886  0.4236263  0.4179923  0.4426157  0.4867215  0.4910175  0.4504311  0.3999434  0.4053862  0.4321999  0.4347110  0.4291332  0.4182195  0.4409430  0.5029963  0.5278140  0.5126185  0.4930965  0.4818281  0.4609520  0.4303476  0.4122255  0.4208337  0.4381770  0.4432095  0.4617177  0.4981595
 1  0.7305986  0.6873727  0.6581716  0.6476463  0.6513631  0.6684923  0.6752525  0.6863289  0.6905526  0.6867416  0.6765625  0.6679081  0.6737021  0.6995055  0.6936651  0.6875530  0.6807658  0.6881693  0.6792882  0.6709599  0.6509723  0.6273439  0.6557596  0.6575876  0.6618365  0.6744735  0.6852919
 2  0.5717957  0.5268754  0.5095209  0.5050987  0.5157707  0.5326087  0.5439971  0.5568341  0.5617225  0.5532771  0.5305058  0.5099992  0.5498075  0.5898945  0.5904474  0.5685102  0.5504101  0.5621211  0.5610221  0.5532093  0.5303706  0.5202561  0.5431021  0.5417358  0.5359589  0.5451076  0.5637804
 3  0.7533970  0.7131662  0.6822707  0.6683560  0.6687719  0.6855504  0.6925750  0.7035891  0.7092268  0.7055352  0.6944844  0.6848213  0.6876224  0.7202752  0.7165026  0.7069549  0.6972104  0.7067698  0.6993667  0.6905025  0.6709198  0.6446829  0.6740314  0.6773924  0.6789993  0.6916175  0.7031051
 4  0.4545695  0.4238309  0.4141866  0.4084210  0.4342204  0.4528376  0.4611107  0.4769578  0.4764887  0.4526660  0.4202297  0.4014670  0.4969156  0.5334163  0.4973207  0.4453911  0.4675261  0.4928342  0.4796313  0.4663756  0.4388625  0.4535443  0.4744075  0.4474680  0.4445377  0.4684259  0.4910992
 1  0.7296065  0.6848502  0.6474444  0.6348795  0.6520651  0.6668128  0.6602729  0.6533078  0.6433228  0.6549945  0.6972310  0.6954328  0.6891067  0.6874645  0.6746374  0.6770848  0.6749437  0.6673846  0.6733285  0.6770381  0.6836013  0.6960341  0.6974030  0.6942362  0.6999232  0.6962317  0.6965085
 2  0.5709990  0.5260874  0.5040034  0.5117020  0.5381004  0.5503705  0.5350241  0.5103127  0.4945830  0.5567832  0.6018465  0.6029758  0.5848688  0.5541642  0.5241427  0.5370470  0.5447256  0.5363844  0.5350526  0.5333517  0.5433740  0.5641909  0.5682402  0.5643422  0.5612955  0.5488852  0.5259235
 3  0.7526389  0.7108550  0.6719847  0.6551240  0.6701818  0.6858321  0.6792602  0.6708373  0.6596736  0.6679267  0.7185630  0.7193813  0.7107339  0.7059360  0.6904910  0.6940508  0.6943298  0.6856462  0.6906045  0.6944825  0.6998990  0.7135285  0.7167499  0.7121751  0.7179307  0.7143030  0.7126491
 4  0.4553632  0.4242783  0.4136593  0.4370578  0.4696778  0.4682963  0.4325455  0.4004817  0.4066693  0.5130302  0.5467871  0.5235088  0.4741717  0.4218292  0.4318962  0.4710096  0.4575965  0.4387326  0.4433588  0.4394252  0.4630726  0.4904699  0.4774949  0.4697821  0.4675815  0.4353557  0.3907774
 1  0.7282144  0.6833599  0.6494263  0.6403503  0.6602980  0.6697466  0.6685606  0.6704532  0.6756488  0.6824515  0.7012551  0.6954435  0.6852238  0.6871549  0.6765819  0.6670337  0.6515754  0.6757825  0.6927140  0.6966068  0.6893053  0.6863208  0.6772682  0.6674507  0.6778947  0.6662657  0.6498507
 2  0.5716742  0.5259985  0.5051342  0.5186179  0.5451536  0.5521079  0.5357545  0.5144547  0.5009058  0.5320743  0.5736844  0.5828160  0.5789429  0.5775919  0.5596306  0.5220270  0.5136119  0.5715108  0.5970576  0.5966614  0.5738740  0.5461765  0.5208275  0.5331670  0.5586874  0.5540466  0.5396838
 3  0.7515257  0.7094771  0.6738560  0.6600168  0.6788444  0.6892099  0.6869177  0.6868871  0.6911387  0.6965654  0.7197204  0.7163236  0.7045175  0.7081771  0.6977167  0.6851990  0.6659462  0.6930550  0.7142993  0.7185339  0.7097721  0.7039221  0.6938436  0.6838696  0.6968305  0.6873908  0.6684943
 4  0.4562747  0.4238654  0.4125174  0.4473663  0.4764038  0.4631017  0.4214303  0.3966095  0.3911568  0.4718466  0.5130761  0.5003583  0.5028212  0.5007477  0.4512731  0.3865357  0.4476898  0.5238256  0.5304945  0.5084598  0.4600012  0.4273343  0.4245941  0.4681744  0.4931729  0.4660665  0.4586540
 1  0.7303159  0.6867608  0.6560555  0.6448877  0.6454265  0.6663175  0.6847758  0.6804765  0.6665196  0.6649562  0.6657954  0.6539997  0.6477360  0.6514484  0.6740087  0.6900938  0.6929504  0.6953412  0.6981016  0.6986654  0.7042409  0.7117637  0.7074031  0.6997984  0.7012023  0.6967336  0.6846696
 2  0.5706112  0.5258546  0.5077806  0.5026689  0.5094416  0.5464305  0.5694415  0.5640909  0.5403043  0.5395809  0.5445083  0.5344010  0.5312027  0.5443012  0.5715626  0.5847397  0.5835840  0.5749595  0.5622036  0.5473834  0.5524358  0.5712726  0.5736916  0.5649280  0.5550566  0.5351801  0.5160398
 3  0.7531030  0.7126676  0.6802922  0.6656495  0.6629611  0.6821344  0.7041024  0.7008327  0.6847600  0.6824201  0.6848645  0.6734553  0.6657385  0.6692911  0.6924422  0.7101419  0.7132043  0.7145527  0.7164027  0.7155453  0.7199806  0.7294620  0.7268038  0.7180156  0.7188660  0.7140088  0.6998523
 4  0.4535079  0.4234462  0.4125375  0.4055451  0.4270451  0.4857100  0.4999681  0.4655334  0.4426976  0.4650654  0.4676704  0.4474042  0.4529857  0.4795740  0.5054080  0.5099191  0.4956479  0.4784541  0.4546828  0.4365273  0.4693047  0.4966202  0.4811275  0.4627979  0.4504904  0.4097568  0.4188102
 1  0.7303754  0.6852017  0.6523938  0.6397291  0.6308413  0.6358582  0.6733990  0.6822268  0.6622578  0.6577014  0.6591686  0.6676308  0.6879554  0.6967550  0.6932267  0.6935708  0.6822433  0.6751646  0.6796778  0.6895076  0.7153874  0.7074770  0.7015693  0.7074867  0.7054341  0.7040589  0.7007949
 2  0.5696476  0.5249187  0.5071132  0.5047153  0.4981293  0.5251295  0.5649712  0.5723639  0.5472074  0.5352370  0.5356738  0.5479310  0.5739640  0.5812337  0.5670834  0.5422975  0.5049283  0.4915079  0.5029039  0.5675078  0.6040040  0.6052359  0.5908113  0.5807132  0.5668259  0.5440936  0.5196427
 3  0.7531583  0.7111841  0.6768069  0.6606590  0.6495773  0.6511773  0.6911268  0.7028633  0.6814536  0.6759592  0.6778094  0.6845389  0.7061616  0.7170015  0.7125417  0.7106697  0.6980494  0.6902022  0.6952627  0.7035359  0.7366764  0.7303366  0.7211627  0.7262943  0.7241466  0.7207992  0.7162854
 4  0.4536058  0.4238927  0.4154557  0.4148157  0.4089589  0.4667628  0.5054240  0.4852771  0.4522094  0.4541088  0.4502683  0.4763941  0.5061744  0.4965079  0.4543058  0.4096994  0.3817526  0.3958078  0.4118709  0.5146261  0.5451235  0.5156844  0.4902402  0.4872374  0.4584118  0.4165604  0.3864321
 1  0.7307392  0.6865184  0.6467312  0.6303600  0.6338247  0.6394334  0.6418268  0.6562478  0.6680217  0.6758471  0.6889778  0.6870402  0.6896085  0.7074958  0.7059186  0.7051270  0.7092797  0.7082172  0.6967912  0.6911881  0.6934814  0.6892855  0.6753694  0.6675052  0.6695718  0.6755557  0.6816045
 2  0.5709265  0.5258337  0.5024115  0.5060363  0.5232481  0.5285966  0.5284757  0.5363365  0.5443481  0.5545801  0.5642448  0.5568146  0.5625432  0.5852347  0.5916728  0.5903879  0.5908754  0.5856206  0.5645597  0.5519289  0.5498770  0.5403119  0.5218004  0.5132886  0.5172470  0.5302743  0.5418218
 3  0.7534590  0.7123403  0.6713195  0.6509029  0.6520926  0.6587951  0.6599998  0.6734300  0.6863487  0.6931865  0.7076148  0.7062968  0.7056296  0.7263948  0.7268355  0.7243957  0.7288508  0.7282626  0.7157485  0.7086758  0.7111607  0.7072158  0.6924470  0.6843210  0.6863267  0.6918019  0.6993142
 4  0.4540021  0.4236161  0.4127760  0.4297800  0.4562462  0.4490879  0.4433130  0.4600351  0.4610885  0.4770034  0.4839179  0.4510299  0.4845487  0.5196848  0.5085688  0.5029947  0.5088241  0.4921504  0.4589913  0.4562845  0.4591292  0.4360994  0.4180900  0.4204712  0.4265134  0.4503100  0.4573438
 1  0.7295925  0.6821011  0.6429705  0.6306559  0.6444934  0.6457382  0.6438979  0.6538236  0.6720283  0.6781156  0.6824803  0.6926951  0.6905266  0.6967853  0.6856824  0.6566970  0.6383905  0.6576963  0.6717670  0.6783925  0.6821418  0.6816775  0.6849621  0.6968254  0.7160836  0.7160764  0.7034630
 2  0.5730097  0.5253028  0.5031687  0.5129580  0.5279970  0.5185807  0.4919275  0.4906266  0.5212707  0.5412224  0.5601398  0.5691261  0.5672544  0.5704871  0.5623244  0.5297622  0.5190726  0.5548267  0.5721767  0.5725319  0.5657665  0.5556796  0.5484767  0.5768395  0.6107800  0.6162952  0.6064592
 3  0.7529158  0.7085250  0.6678292  0.6509426  0.6636765  0.6651688  0.6607407  0.6681478  0.6875416  0.6958875  0.7000489  0.7117928  0.7094643  0.7145638  0.7057817  0.6775461  0.6548108  0.6754464  0.6925169  0.6979270  0.7013075  0.7006244  0.7026774  0.7127954  0.7364851  0.7403346  0.7257304
 4  0.4567029  0.4251962  0.4155196  0.4413382  0.4510369  0.4104397  0.3663202  0.4058035  0.4546765  0.4637185  0.4832971  0.4871644  0.4754316  0.4883152  0.4800272  0.4228608  0.4473322  0.5014212  0.4974757  0.4851824  0.4772217  0.4611988  0.4521820  0.5120231  0.5515398  0.5444772  0.5170809
 1  0.7290320  0.6819636  0.6441463  0.6277856  0.6286387  0.6639102  0.6627739  0.6655145  0.6997277  0.6985708  0.6959798  0.6978379  0.6943436  0.6925264  0.6977113  0.7081475  0.7048036  0.6931537  0.6753505  0.6718835  0.6745203  0.6700853  0.6823639  0.6964219  0.7019688  0.7132425  0.7066098
 2  0.5710038  0.5247564  0.5038660  0.4966155  0.5248653  0.5595956  0.5549763  0.5646398  0.5889664  0.5898021  0.5710927  0.5468962  0.5127585  0.4764475  0.4908147  0.5315064  0.5510999  0.5435070  0.5266338  0.5400273  0.5524118  0.5545346  0.5746090  0.5897948  0.6041897  0.6091227  0.5994403
 3  0.7522313  0.7083381  0.6689807  0.6493224  0.6447155  0.6826452  0.6842233  0.6813272  0.7194464  0.7201973  0.7148737  0.7149277  0.7102362  0.7065934  0.7106541  0.7229663  0.7226175  0.7112491  0.6920108  0.6890009  0.6938742  0.6889612  0.7001524  0.7170018  0.7219330  0.7354478  0.7284935
 4  0.4554349  0.4249441  0.4158776  0.4061545  0.4672478  0.4997511  0.4575264  0.4936989  0.5261505  0.4982787  0.4537855  0.4194434  0.3710131  0.3334995  0.4001724  0.4622106  0.4643420  0.4297994  0.4335446  0.4735505  0.4755138  0.4727273  0.5076248  0.5205600  0.5332683  0.5352399  0.4992006
 1  0.7297245  0.6834269  0.6501165  0.6382013  0.6440608  0.6530200  0.6611529  0.6692299  0.6739099  0.6801240  0.6874171  0.6880532  0.6988414  0.7139793  0.7094161  0.7039041  0.6973928  0.6823209  0.6764825  0.6796960  0.6831461  0.6930772  0.7032666  0.7042700  0.7000569  0.7032628  0.6988418
 2  0.5712080  0.5253414  0.5066960  0.5051645  0.5089475  0.5090713  0.5062084  0.5030461  0.5043866  0.5216529  0.5400179  0.5474925  0.5763175  0.5995631  0.5986732  0.5874016  0.5708658  0.5505699  0.5331768  0.5283653  0.5371079  0.5591365  0.5811032  0.5826905  0.5689603  0.5616349  0.5540645
 3  0.7528725  0.7097512  0.6747285  0.6591342  0.6624932  0.6700790  0.6772238  0.6850383  0.6892792  0.6955816  0.7045770  0.7055203  0.7151299  0.7343690  0.7313040  0.7230557  0.7163384  0.7022844  0.6940486  0.6963423  0.6998312  0.7097901  0.7221421  0.7242878  0.7186003  0.7201386  0.7169478
 4  0.4552588  0.4249101  0.4154562  0.4165515  0.4169991  0.4108767  0.4057923  0.3977608  0.4070522  0.4436487  0.4570825  0.4566148  0.5094769  0.5336472  0.5084163  0.4865559  0.4838442  0.4489927  0.4267408  0.4343566  0.4532746  0.4889961  0.5077348  0.4898096  0.4592593  0.4659140  0.4639161
 1  0.7288970  0.6851915  0.6466635  0.6312354  0.6175078  0.5905378  0.6271787  0.6651922  0.6691529  0.6672023  0.6699809  0.6798391  0.6989957  0.6991508  0.6964740  0.7040321  0.7008655  0.6945847  0.6914541  0.6874891  0.6702702  0.6644647  0.6834913  0.6815119  0.6782613  0.6946889  0.6911520
 2  0.5725989  0.5272463  0.5023046  0.5069065  0.5096355  0.5005898  0.5425965  0.5698227  0.5658436  0.5437048  0.5224464  0.5362279  0.5666253  0.5760834  0.5752466  0.5807208  0.5771934  0.5656077  0.5573995  0.5492154  0.5300782  0.5477986  0.5773031  0.5759473  0.5749593  0.5820912  0.5756504
 3  0.7521482  0.7109845  0.6710152  0.6515154  0.6365764  0.6097394  0.6428919  0.6846909  0.6902199  0.6862167  0.6869223  0.6948430  0.7167028  0.7190154  0.7146934  0.7227716  0.7210020  0.7133400  0.7094615  0.7061708  0.6883924  0.6808258  0.7033711  0.7032644  0.6967631  0.7146004  0.7118837
 4  0.4571183  0.4234838  0.4113036  0.4318811  0.4424195  0.4354325  0.4871622  0.5052230  0.4738926  0.4297905  0.4099310  0.4660545  0.5017353  0.4875802  0.4863257  0.5027264  0.4873358  0.4663919  0.4674337  0.4534260  0.4356193  0.4880928  0.5149494  0.4892939  0.4950978  0.5087685  0.4795857
 1  0.7299151  0.6847412  0.6509337  0.6365876  0.6387920  0.6678379  0.6691710  0.6715315  0.6682799  0.6676409  0.6745851  0.6818570  0.7060141  0.7076609  0.6977478  0.6950225  0.6801650  0.6721347  0.6724545  0.6648266  0.6713393  0.6720160  0.6667989  0.6619691  0.6508097  0.6449214  0.6673675
 2  0.5719803  0.5255412  0.5063716  0.4981796  0.5185890  0.5471004  0.5488608  0.5400935  0.5383598  0.5480771  0.5517713  0.5703644  0.5949162  0.5994043  0.5819710  0.5599679  0.5366995  0.5358050  0.5394986  0.5400944  0.5611603  0.5690974  0.5575329  0.5284500  0.4884717  0.4925631  0.5394736
 3  0.7527795  0.7105727  0.6753014  0.6579856  0.6555249  0.6855797  0.6886700  0.6889403  0.6853157  0.6863175  0.6939302  0.6984714  0.7254752  0.7295460  0.7180722  0.7132212  0.6976156  0.6896603  0.6914182  0.6824803  0.6886939  0.6935837  0.6880867  0.6806313  0.6675009  0.6591089  0.6841139
 4  0.4551191  0.4234447  0.4160911  0.4017264  0.4503996  0.4795172  0.4554397  0.4400205  0.4625122  0.4768996  0.4612429  0.4982617  0.5312271  0.5167237  0.4750963  0.4477353  0.4436517  0.4609779  0.4507617  0.4574460  0.5014165  0.4983017  0.4554041  0.4030691  0.3666763  0.4293604  0.4835490
 1  0.7309689  0.6872571  0.6508277  0.6351452  0.6388359  0.6492278  0.6653944  0.6658868  0.6734938  0.6717654  0.6786772  0.6854190  0.6845666  0.6846273  0.6805760  0.6810243  0.6859995  0.6990400  0.7044881  0.6954159  0.6788912  0.6745465  0.6750349  0.6814656  0.6689697  0.6743887  0.6652506
 2  0.5716721  0.5260865  0.5043694  0.5022290  0.5083752  0.5289892  0.5523324  0.5627634  0.5646109  0.5592029  0.5623886  0.5639512  0.5521232  0.5265917  0.5073148  0.5143157  0.5458595  0.5842312  0.5972786  0.5849915  0.5499354  0.5264545  0.5409735  0.5617681  0.5682101  0.5713780  0.5628389
 3  0.7536761  0.7130407  0.6752626  0.6559641  0.6573061  0.6656477  0.6832209  0.6855034  0.6935704  0.6911615  0.6967328  0.7048168  0.7036192  0.7012339  0.6956038  0.6967239  0.7022131  0.7171552  0.7261991  0.7171256  0.6980121  0.6912066  0.6910446  0.7008647  0.6888670  0.6950554  0.6865417
 4  0.4539400  0.4233816  0.4125024  0.4167054  0.4230854  0.4596138  0.4876925  0.4911657  0.4825938  0.4712049  0.4848754  0.4800847  0.4377361  0.3938718  0.4045289  0.4340375  0.4785504  0.5224801  0.5246630  0.4830148  0.4287761  0.4251361  0.4768524  0.4950860  0.4963894  0.5003994  0.4771126
 1  0.7301943  0.6869906  0.6568340  0.6442542  0.6419720  0.6508371  0.6660615  0.6734215  0.6804567  0.6916708  0.6964756  0.7010167  0.6967436  0.7005673  0.6951329  0.6901773  0.6626825  0.6404272  0.6839282  0.6859607  0.6976707  0.6942126  0.6914702  0.7036931  0.6972832  0.6947572  0.6823078
 2  0.5734017  0.5267790  0.5088363  0.5008329  0.4894060  0.4921990  0.5167897  0.5371989  0.5547089  0.5701453  0.5805472  0.5807794  0.5742685  0.5681257  0.5560736  0.5379588  0.4966666  0.5255207  0.5754597  0.5921206  0.5922847  0.5767682  0.5571494  0.5578297  0.5641688  0.5654867  0.5540635
 3  0.7529447  0.7123598  0.6807675  0.6654482  0.6604343  0.6660941  0.6813673  0.6909488  0.6979266  0.7099790  0.7155389  0.7209493  0.7157032  0.7188667  0.7136295  0.7077953  0.6800128  0.6534498  0.7032881  0.7066516  0.7186135  0.7148443  0.7082814  0.7207246  0.7157211  0.7136912  0.7023628
 4  0.4555068  0.4224447  0.4167700  0.4008479  0.3752038  0.4009932  0.4473832  0.4604926  0.4764395  0.4937414  0.5036100  0.4932673  0.4794220  0.4749117  0.4558248  0.4224126  0.3806761  0.4810532  0.5210309  0.5179757  0.5094337  0.4625392  0.4531213  0.4756241  0.4831079  0.4839507  0.4546903
 1  0.7279256  0.6825742  0.6537702  0.6446885  0.6517563  0.6658892  0.6683456  0.6740416  0.6878131  0.6989737  0.6946641  0.6910394  0.6901370  0.6976119  0.7001334  0.6961714  0.6897547  0.6879308  0.6990794  0.7055412  0.7070801  0.7092435  0.7112734  0.7090502  0.7062296  0.7066650  0.7082934
 2  0.5728958  0.5267540  0.5086703  0.5066725  0.5175556  0.5270556  0.5223782  0.5212620  0.5411630  0.5574984  0.5535710  0.5404324  0.5398326  0.5606091  0.5733351  0.5692327  0.5505763  0.5435609  0.5625242  0.5804269  0.5873192  0.5872877  0.5801541  0.5605820  0.5277392  0.5028238  0.5242389
 3  0.7515529  0.7088559  0.6780235  0.6652685  0.6694394  0.6832181  0.6855652  0.6898861  0.7035814  0.7166398  0.7128600  0.7082380  0.7062127  0.7148772  0.7194857  0.7154403  0.7079356  0.7046200  0.7159273  0.7245962  0.7266245  0.7282925  0.7303050  0.7267635  0.7217396  0.7206309  0.7219809
 4  0.4580642  0.4245925  0.4137031  0.4145148  0.4347234  0.4383307  0.4190417  0.4257108  0.4654517  0.4746852  0.4511647  0.4281969  0.4538717  0.4912962  0.4928585  0.4693806  0.4409319  0.4527775  0.4916909  0.5059134  0.5013638  0.4976706  0.4790831  0.4318211  0.3796111  0.3711234  0.4538367
 1  0.7294668  0.6874658  0.6588740  0.6488481  0.6374278  0.6419566  0.6716416  0.6592793  0.6357038  0.6442612  0.6706350  0.6675329  0.6757105  0.6794359  0.6779376  0.6877740  0.6805091  0.6755299  0.6770481  0.6834389  0.6887380  0.6875451  0.6909222  0.6874056  0.6823630  0.6765355  0.6780072
 2  0.5714501  0.5275612  0.5091378  0.5068600  0.5014681  0.5363073  0.5704046  0.5591024  0.5299443  0.5488347  0.5706207  0.5648139  0.5541802  0.5335805  0.5256057  0.5466051  0.5553724  0.5510738  0.5523279  0.5569209  0.5580037  0.5580695  0.5591098  0.5590631  0.5520705  0.5522407  0.5624227
 3  0.7524214  0.7130838  0.6827550  0.6692323  0.6557494  0.6570881  0.6913349  0.6819769  0.6548164  0.6605813  0.6911199  0.6883870  0.6947788  0.6968981  0.6929612  0.7050743  0.6998056  0.6944332  0.6956200  0.7012172  0.7073778  0.7055726  0.7088618  0.7063387  0.7011364  0.6944561  0.6969941
 4  0.4553545  0.4231839  0.4122408  0.4136779  0.4161411  0.4823675  0.5120759  0.4685966  0.4421960  0.4933892  0.5038319  0.4760945  0.4463974  0.4112616  0.4436020  0.4782335  0.4727929  0.4647067  0.4640205  0.4751014  0.4703459  0.4673869  0.4763857  0.4731802  0.4607047  0.4738116  0.4929801
