FL 2019 2020 2021 2022 2023 2024 2025 2026 2027 2028 2029 2030 2031 2032 2033 2034 2035 2036 2037 2038 2039 2040 2041 2042 2043 2044 2045
 1  0.7288134  0.6828411  0.6450400  0.6298984  0.6319805  0.6398875  0.6596487  0.6831207  0.6763185  0.6708672  0.6629163  0.6678042  0.6765144  0.6807017  0.6851549  0.6780845  0.6494919  0.6384046  0.6611211  0.6767987  0.6869809  0.6906251  0.6887802  0.6986958  0.6940236  0.6861200  0.6769639
 2  0.5725724  0.5257627  0.5034033  0.5002130  0.5009350  0.5050304  0.5357192  0.5614515  0.5548322  0.5343312  0.5227377  0.5380465  0.5493585  0.5597877  0.5661568  0.5594218  0.5269091  0.5259779  0.5562300  0.5729941  0.5764692  0.5654229  0.5534592  0.5661300  0.5701221  0.5655811  0.5654041
 3  0.7521145  0.7090282  0.6696342  0.6508862  0.6506412  0.6567486  0.6747449  0.7015258  0.6963412  0.6889029  0.6794835  0.6849865  0.6952795  0.6982377  0.7038805  0.6986398  0.6687113  0.6554463  0.6791511  0.6962560  0.7070998  0.7095264  0.7053862  0.7161837  0.7138077  0.7053682  0.6954240
 4  0.4566311  0.4242774  0.4138585  0.4143710  0.4104471  0.4173508  0.4727751  0.4913313  0.4564646  0.4224196  0.4385721  0.4697827  0.4654277  0.4774024  0.4935589  0.4680891  0.4325272  0.4608584  0.4930447  0.5018077  0.4875009  0.4545866  0.4633425  0.4941355  0.4890701  0.4768912  0.4946030
 1  0.7287870  0.6827335  0.6470790  0.6314134  0.6346454  0.6421414  0.6484534  0.6593656  0.6636219  0.6679017  0.6860489  0.6871250  0.6973264  0.7066020  0.6993983  0.6954039  0.6919255  0.6882096  0.6919072  0.7024811  0.6894510  0.6758479  0.6757591  0.6881412  0.6963992  0.6990634  0.6854809
 2  0.5725221  0.5257448  0.5048554  0.5024523  0.5114532  0.5156413  0.5156605  0.5186231  0.5218749  0.5398911  0.5614092  0.5669227  0.5757115  0.5807372  0.5702468  0.5538430  0.5391303  0.5216681  0.5331054  0.5598160  0.5598089  0.5486274  0.5592233  0.5814546  0.5950618  0.5937952  0.5770505
 3  0.7521049  0.7089533  0.6715998  0.6522330  0.6529051  0.6601354  0.6656859  0.6757987  0.6805924  0.6842092  0.7044060  0.7062143  0.7150673  0.7257924  0.7185220  0.7130727  0.7092079  0.7046058  0.7066798  0.7198549  0.7091521  0.6946707  0.6934770  0.7073670  0.7173201  0.7206578  0.7056004
 4  0.4566462  0.4243713  0.4142835  0.4185663  0.4330448  0.4298035  0.4233287  0.4301262  0.4353914  0.4705643  0.4877127  0.4789869  0.4945000  0.4958800  0.4688740  0.4484876  0.4299137  0.4063032  0.4552560  0.4886105  0.4718639  0.4582651  0.4887345  0.5178106  0.5244052  0.5081731  0.4877373
 1  0.7305922  0.6848867  0.6519047  0.6418563  0.6516322  0.6581132  0.6736375  0.6549574  0.6502114  0.6560965  0.6588168  0.6636122  0.6714708  0.6790156  0.6790846  0.6793052  0.6656691  0.6654033  0.6948196  0.6925027  0.6743744  0.6646350  0.6578173  0.6581207  0.6672897  0.6649869  0.6538313
 2  0.5728104  0.5252798  0.5068840  0.5193087  0.5366200  0.5604746  0.5731522  0.5534694  0.5333245  0.5228371  0.5244340  0.5350745  0.5573826  0.5658159  0.5593776  0.5400957  0.5144332  0.5513966  0.5914168  0.5929256  0.5636555  0.5344361  0.5311448  0.5494122  0.5607182  0.5475879  0.5170313
 3  0.7534214  0.7108077  0.6763157  0.6618367  0.6706256  0.6757104  0.6940677  0.6775723  0.6692647  0.6734823  0.6759245  0.6806898  0.6894316  0.6989691  0.6989559  0.6970633  0.6822626  0.6802491  0.7151126  0.7154242  0.6955135  0.6825947  0.6745750  0.6766887  0.6875990  0.6851941  0.6718330
 4  0.4549219  0.4235101  0.4161961  0.4467207  0.4652019  0.4963520  0.5080589  0.4602871  0.4303832  0.4319333  0.4429733  0.4627113  0.4891031  0.4886597  0.4573915  0.4229119  0.4190284  0.5006665  0.5338753  0.5095450  0.4519200  0.4304940  0.4619625  0.4882714  0.4828697  0.4420302  0.4033465
 1  0.7291430  0.6827285  0.6582358  0.6509328  0.6347298  0.6339945  0.6767432  0.7179311  0.6970227  0.6819559  0.6814457  0.6797028  0.6851211  0.6965835  0.7161252  0.7047116  0.6893308  0.6788160  0.6624376  0.6461288  0.6500868  0.6501947  0.6714198  0.6864836  0.7074399  0.6989746  0.6811756
 2  0.5726204  0.5251685  0.5126088  0.5062844  0.4861024  0.4847870  0.5865685  0.6176510  0.6042550  0.5683511  0.5346173  0.5105035  0.4928130  0.5501095  0.5937781  0.5959031  0.5696958  0.5282153  0.4720768  0.4317069  0.4474677  0.4915974  0.5486929  0.5940501  0.6095749  0.5998650  0.5701830
 3  0.7522586  0.7089208  0.6824694  0.6719807  0.6530788  0.6499655  0.6875717  0.7421837  0.7219257  0.7018313  0.6985997  0.6962619  0.6999421  0.7096777  0.7360983  0.7271128  0.7097133  0.6967572  0.6782506  0.6602972  0.6642166  0.6645848  0.6879530  0.7046961  0.7306488  0.7218940  0.7000609
 4  0.4556339  0.4243245  0.4191676  0.4013507  0.3826028  0.4010476  0.5402259  0.5614679  0.5043512  0.4398132  0.4193709  0.3940667  0.3723793  0.4946156  0.5364979  0.5085873  0.4497754  0.3854438  0.3255988  0.3226591  0.3577401  0.4337419  0.4929820  0.5363732  0.5426697  0.4994274  0.4734652
 1  0.7281315  0.6824165  0.6544950  0.6461359  0.6405079  0.6591648  0.6961554  0.6821819  0.6494680  0.6258451  0.6638882  0.6697616  0.6653041  0.6655891  0.6552860  0.6429267  0.6356020  0.6374542  0.6481779  0.6828273  0.6976561  0.6955813  0.6762614  0.6680271  0.6747595  0.6753379  0.6676085
 2  0.5721117  0.5261938  0.5099715  0.5075957  0.5020270  0.5574302  0.5939266  0.5862490  0.5396369  0.5317561  0.5787158  0.5819609  0.5712094  0.5485176  0.5127514  0.4781689  0.4719760  0.5006620  0.5472831  0.5900046  0.6027895  0.5938155  0.5569782  0.5472525  0.5678006  0.5723836  0.5576661
 3  0.7515323  0.7085148  0.6786737  0.6669332  0.6588688  0.6725215  0.7174034  0.7054774  0.6703830  0.6421462  0.6819070  0.6937166  0.6879641  0.6850259  0.6731236  0.6598174  0.6508020  0.6536544  0.6643734  0.7017313  0.7204577  0.7171487  0.6957380  0.6856137  0.6930771  0.6973244  0.6891948
 4  0.4574745  0.4243489  0.4169269  0.4133973  0.4090739  0.5072661  0.5372908  0.4974651  0.4373147  0.4723491  0.5291700  0.5146104  0.4746030  0.4358753  0.4008195  0.3656606  0.3908637  0.4380806  0.4922910  0.5343374  0.5297878  0.4939241  0.4534743  0.4709102  0.5081457  0.4997913  0.4492603
 1  0.7302442  0.6876301  0.6429524  0.6252494  0.6394991  0.6467555  0.6588751  0.6645402  0.6610280  0.6626427  0.6585834  0.6587782  0.6692247  0.6768670  0.6814469  0.6769913  0.6687610  0.6788536  0.7094748  0.7058069  0.6868653  0.6753716  0.6619669  0.6509068  0.6519770  0.6411207  0.6675611
 2  0.5712935  0.5270284  0.4988904  0.5095978  0.5362619  0.5495164  0.5552908  0.5520722  0.5438557  0.5412720  0.5385868  0.5369872  0.5392692  0.5406922  0.5405267  0.5350113  0.5248798  0.5728348  0.6067987  0.6067989  0.5735704  0.5281551  0.4871573  0.4813929  0.5062015  0.5241598  0.5695069
 3  0.7530500  0.7132989  0.6674756  0.6449231  0.6580548  0.6662634  0.6780804  0.6838429  0.6794263  0.6811358  0.6772502  0.6769659  0.6874950  0.6936801  0.6986085  0.6951167  0.6857351  0.6935302  0.7311648  0.7291304  0.7079114  0.6931263  0.6777564  0.6662444  0.6685838  0.6589654  0.6842482
 4  0.4545673  0.4233061  0.4090405  0.4430303  0.4743978  0.4786766  0.4767337  0.4648686  0.4604244  0.4605584  0.4553294  0.4555593  0.4447053  0.4481248  0.4547937  0.4366672  0.4323914  0.5204476  0.5477422  0.5199707  0.4493290  0.3901817  0.3745541  0.4048160  0.4350579  0.4587341  0.5112165
 1  0.7289947  0.6824479  0.6372134  0.6177900  0.6294598  0.6511343  0.6636642  0.6622428  0.6713231  0.6954542  0.6881882  0.6826263  0.6886676  0.6938824  0.6932053  0.6941141  0.6822789  0.6664033  0.6687965  0.6848453  0.6920153  0.7018509  0.6898470  0.6805445  0.6677675  0.6601651  0.6727910
 2  0.5714732  0.5247021  0.4988725  0.4937838  0.5091289  0.5296229  0.5359696  0.5206622  0.5329512  0.5620189  0.5650674  0.5625512  0.5775250  0.5862043  0.5819160  0.5702315  0.5453524  0.5238280  0.5365872  0.5628843  0.5840526  0.5893035  0.5706278  0.5345576  0.4892013  0.4711433  0.5061894
 3  0.7522130  0.7088365  0.6622171  0.6390636  0.6474956  0.6679929  0.6815688  0.6802069  0.6860068  0.7129251  0.7081722  0.7007677  0.7070599  0.7148955  0.7139672  0.7128143  0.7004592  0.6847341  0.6850596  0.7030400  0.7111152  0.7224766  0.7105319  0.6984739  0.6837294  0.6750197  0.6867725
 4  0.4550080  0.4246142  0.4124780  0.4110331  0.4306547  0.4549575  0.4484420  0.4058927  0.4575168  0.4962802  0.4776044  0.4782181  0.5106271  0.5134320  0.4875936  0.4649951  0.4480951  0.4273357  0.4643302  0.4963706  0.5128228  0.5084359  0.4601068  0.3976061  0.3601875  0.3702512  0.4439414
 1  0.7296185  0.6841285  0.6616393  0.6550421  0.6612385  0.6956686  0.6862012  0.6759963  0.6509937  0.6326300  0.6420257  0.6395746  0.6353761  0.6294169  0.6546993  0.6980104  0.6973762  0.7050371  0.7077854  0.6821679  0.6337463  0.5858733  0.6073728  0.6411736  0.6649244  0.6765055  0.6872733
 2  0.5721330  0.5251804  0.5138709  0.5085564  0.5476208  0.5832874  0.5791700  0.5520100  0.5161810  0.5155664  0.5221448  0.5141536  0.5054135  0.5028441  0.5598260  0.5960865  0.6006123  0.6063648  0.6031907  0.5768708  0.5037895  0.4529417  0.5058584  0.5557924  0.5742532  0.5798303  0.5800042
 3  0.7524823  0.7098500  0.6854787  0.6759213  0.6762709  0.7152679  0.7082205  0.6950706  0.6682308  0.6503950  0.6612290  0.6578137  0.6520506  0.6475512  0.6684199  0.7187153  0.7196679  0.7239485  0.7306781  0.7056160  0.6540218  0.6022789  0.6208937  0.6595339  0.6862990  0.6958138  0.7067697
 4  0.4552526  0.4229797  0.4201202  0.4033143  0.4894597  0.5239679  0.4848415  0.4326717  0.4283738  0.4514554  0.4376724  0.4162675  0.4251695  0.4238206  0.5079082  0.5378809  0.5161797  0.5307235  0.5336118  0.4718253  0.3764318  0.3755961  0.4637939  0.5052011  0.4984418  0.4974849  0.5041545
 1  0.7295170  0.6852218  0.6430477  0.6244468  0.6182123  0.6157930  0.6292726  0.6477098  0.6607730  0.6744961  0.6834328  0.6865714  0.6898778  0.6958194  0.6976357  0.6967305  0.6919674  0.6973729  0.6956707  0.6930524  0.6921728  0.6895328  0.6928133  0.6981472  0.6944894  0.6847098  0.6919613
 2  0.5724068  0.5257959  0.5006400  0.5010225  0.5071045  0.5095035  0.5233649  0.5336485  0.5366387  0.5373490  0.5415077  0.5492020  0.5643821  0.5816053  0.5881259  0.5828157  0.5767868  0.5773928  0.5696318  0.5542702  0.5452364  0.5481232  0.5580627  0.5719844  0.5715352  0.5625122  0.5652665
 3  0.7523910  0.7109780  0.6675988  0.6451840  0.6368316  0.6344663  0.6465770  0.6658698  0.6790953  0.6909079  0.7001285  0.7039854  0.7073070  0.7151623  0.7181391  0.7170351  0.7107590  0.7167748  0.7155004  0.7105954  0.7088334  0.7072625  0.7104351  0.7163326  0.7142857  0.7038596  0.7100669
 4  0.4547988  0.4229388  0.4127217  0.4236739  0.4367781  0.4353713  0.4514378  0.4564976  0.4398721  0.4423813  0.4569655  0.4661770  0.4922048  0.5116416  0.5095723  0.4920772  0.4925114  0.4977161  0.4679306  0.4434336  0.4552756  0.4648082  0.4765822  0.4943559  0.4864614  0.4716664  0.4799858
 1  0.7294070  0.6855712  0.6403084  0.6167456  0.6164297  0.6258173  0.6403946  0.6534764  0.6702758  0.6876043  0.6965038  0.6996082  0.6914053  0.6890129  0.6962850  0.6865725  0.6831521  0.6877030  0.6899005  0.6939754  0.7028442  0.7009909  0.6792298  0.6543229  0.6659846  0.6966259  0.6798547
 2  0.5726944  0.5263729  0.4987140  0.4864306  0.4824954  0.4794666  0.4793306  0.4833753  0.5140815  0.5533113  0.5742581  0.5776536  0.5632379  0.5637580  0.5712008  0.5628437  0.5509252  0.5515788  0.5582972  0.5735927  0.5881769  0.5866684  0.5568683  0.5238168  0.5580196  0.5890657  0.5775018
 3  0.7523779  0.7112215  0.6648171  0.6383721  0.6352482  0.6422926  0.6561008  0.6683711  0.6845545  0.7042839  0.7153163  0.7188148  0.7104098  0.7062942  0.7155874  0.7066035  0.7007283  0.7051994  0.7078991  0.7118232  0.7229177  0.7214885  0.6992633  0.6734986  0.6807886  0.7173389  0.7028830
 4  0.4557622  0.4228491  0.4116558  0.3974655  0.3854780  0.3827226  0.3782379  0.3861267  0.4451822  0.4887956  0.4972188  0.4869216  0.4640672  0.4850787  0.4954904  0.4630850  0.4533081  0.4675938  0.4767961  0.5030882  0.5140912  0.4965365  0.4574830  0.4247458  0.5012330  0.5295688  0.4840547
 1  0.7290193  0.6837882  0.6578352  0.6500518  0.6489084  0.6614298  0.6562320  0.6526681  0.6527257  0.6619944  0.6753027  0.6912667  0.6878662  0.6932861  0.6824406  0.6708063  0.6723737  0.6717445  0.6758044  0.6877284  0.6964755  0.7019464  0.6918970  0.6795290  0.6659995  0.6546850  0.6354962
 2  0.5731135  0.5265721  0.5110389  0.5092861  0.5177735  0.5295937  0.5189433  0.4988264  0.4983855  0.5223827  0.5558942  0.5759635  0.5797479  0.5812806  0.5690478  0.5523985  0.5418812  0.5335142  0.5452532  0.5717115  0.5878191  0.5915856  0.5765726  0.5551725  0.5284238  0.5058887  0.4793911
 3  0.7523618  0.7098613  0.6818830  0.6705781  0.6664248  0.6791418  0.6746063  0.6692610  0.6680122  0.6783413  0.6922784  0.7105606  0.7075143  0.7130562  0.7031257  0.6902852  0.6909539  0.6893746  0.6919544  0.7062747  0.7165639  0.7219641  0.7123826  0.6992360  0.6843304  0.6723847  0.6527164
 4  0.4573780  0.4241020  0.4155349  0.4146315  0.4401094  0.4479063  0.4140805  0.3858206  0.4174618  0.4544338  0.4904368  0.5020306  0.5004165  0.5026001  0.4817270  0.4605061  0.4455132  0.4364340  0.4754868  0.5076872  0.5123176  0.5079965  0.4865026  0.4537282  0.4256671  0.4023992  0.3784827
 1  0.7286387  0.6826092  0.6447361  0.6268828  0.6187239  0.6178610  0.6433091  0.6597968  0.6803927  0.6868981  0.6801176  0.6850147  0.6936580  0.6904782  0.6808569  0.6839950  0.6786352  0.6748278  0.6849982  0.6873577  0.6819862  0.6764516  0.6653113  0.6691370  0.6675291  0.6586426  0.6744910
 2  0.5727279  0.5259170  0.5031335  0.4937412  0.4791094  0.4790098  0.5088100  0.5430252  0.5703393  0.5768494  0.5694088  0.5746584  0.5819180  0.5727356  0.5574876  0.5566582  0.5468339  0.5446541  0.5706330  0.5813296  0.5705255  0.5406969  0.5019803  0.5040108  0.5209225  0.5395560  0.5640466
 3  0.7520377  0.7088497  0.6693266  0.6482036  0.6377957  0.6336902  0.6585938  0.6765028  0.6986987  0.7073492  0.6995736  0.7036010  0.7141199  0.7107174  0.6988762  0.7025048  0.6980718  0.6916448  0.7025655  0.7088898  0.7033081  0.6952027  0.6811718  0.6842133  0.6847194  0.6761030  0.6933976
 4  0.4570261  0.4243655  0.4131428  0.4020853  0.3753860  0.3989448  0.4433051  0.4793774  0.5034582  0.4950442  0.4834551  0.5033739  0.5043535  0.4735027  0.4673380  0.4764083  0.4472400  0.4612590  0.5105381  0.5099863  0.4674564  0.4041859  0.3871649  0.4272582  0.4460160  0.4731335  0.4960227
 1  0.7283148  0.6831720  0.6445515  0.6255182  0.6320763  0.6600816  0.6740834  0.6705944  0.6807151  0.7026562  0.6925362  0.6784482  0.6608004  0.6408050  0.6779007  0.7086492  0.6933964  0.6882585  0.6726488  0.6895350  0.6853750  0.6815029  0.6737116  0.6783546  0.6661405  0.6383762  0.6351104
 2  0.5733267  0.5264931  0.5029571  0.4925608  0.5076027  0.5403601  0.5552390  0.5429150  0.5515143  0.5693884  0.5607336  0.5324946  0.4979037  0.4916526  0.5859943  0.6127500  0.6030775  0.5752046  0.5606061  0.5833280  0.5827413  0.5638772  0.5414628  0.5470858  0.5431219  0.5250255  0.5303890
 3  0.7516587  0.7091073  0.6689659  0.6469505  0.6495432  0.6763185  0.6929243  0.6897200  0.6963659  0.7206181  0.7123714  0.6962622  0.6777579  0.6564257  0.6906460  0.7337475  0.7179271  0.7082249  0.6884522  0.7104210  0.7078034  0.7010357  0.6910030  0.6957820  0.6857938  0.6582582  0.6529020
 4  0.4576247  0.4237749  0.4140014  0.4011700  0.4305537  0.4757266  0.4768838  0.4337146  0.4700473  0.4960488  0.4592367  0.4111309  0.3837045  0.4203408  0.5410172  0.5544729  0.5053896  0.4491829  0.4938206  0.5253766  0.4924785  0.4488102  0.4488293  0.4732153  0.4650174  0.4426708  0.4633979
 1  0.7288068  0.6821140  0.6388170  0.6279579  0.6528325  0.6704293  0.6885364  0.6690845  0.6180755  0.5530039  0.5556360  0.6450356  0.7186307  0.7003642  0.6681338  0.6681935  0.6649976  0.6706808  0.6943389  0.6934346  0.6809213  0.6736994  0.6573501  0.6356133  0.6406882  0.6498468  0.6858412
 2  0.5718598  0.5247055  0.5008954  0.5242180  0.5590974  0.5896688  0.5959089  0.5713898  0.4913802  0.4096855  0.4210823  0.6004317  0.6274059  0.6169543  0.5683037  0.5452453  0.5310278  0.5450282  0.5754631  0.5775581  0.5515075  0.5244105  0.4889388  0.4611706  0.4769034  0.5249412  0.5806927
 3  0.7519277  0.7081572  0.6635415  0.6470789  0.6718788  0.6892590  0.7117407  0.6928557  0.6386331  0.5697403  0.5700377  0.6445676  0.7459861  0.7265202  0.6888000  0.6868223  0.6838027  0.6860100  0.7132494  0.7140937  0.6997857  0.6912539  0.6743004  0.6513787  0.6562467  0.6644287  0.7032055
 4  0.4558752  0.4239608  0.4162829  0.4648386  0.5019331  0.5300822  0.5295414  0.4661772  0.3580777  0.3188706  0.3604864  0.5562090  0.5726533  0.5214042  0.4598836  0.4554368  0.4311992  0.4790899  0.5102302  0.4843036  0.4392627  0.4081671  0.3718791  0.3671149  0.3951705  0.4722022  0.5262124
 1  0.7290677  0.6862388  0.6418223  0.6219986  0.6430646  0.6664895  0.6674361  0.6656578  0.6795493  0.6864777  0.6856009  0.6806561  0.6808532  0.6903665  0.6828353  0.6720538  0.6857925  0.6950229  0.6867621  0.6744463  0.6636668  0.6578792  0.6774898  0.6827526  0.6900041  0.7013695  0.7155413
 2  0.5727112  0.5281024  0.4983402  0.5013270  0.5381454  0.5619536  0.5578489  0.5471310  0.5494252  0.5548947  0.5582422  0.5555340  0.5551286  0.5560914  0.5416217  0.5255082  0.5447868  0.5644002  0.5597396  0.5410500  0.5155825  0.5141622  0.5445871  0.5599860  0.5635502  0.5871803  0.6059724
 3  0.7524285  0.7122459  0.6664198  0.6420258  0.6603470  0.6857326  0.6875953  0.6838868  0.6971223  0.7041432  0.7036625  0.7001839  0.6991127  0.7081433  0.7015098  0.6888142  0.7018678  0.7133437  0.7061026  0.6934592  0.6814765  0.6735415  0.6944654  0.7015497  0.7084710  0.7178758  0.7368222
 4  0.4570490  0.4243603  0.4064746  0.4294418  0.4785364  0.4926581  0.4667735  0.4546897  0.4632174  0.4708719  0.4801044  0.4681530  0.4637490  0.4669068  0.4355008  0.4283118  0.4725116  0.4884032  0.4693139  0.4350728  0.4033206  0.4401349  0.4781884  0.4798862  0.4691869  0.5182012  0.5428920
 1  0.7285444  0.6845489  0.6423277  0.6324275  0.6651911  0.6698564  0.6584942  0.6489465  0.6387254  0.6319509  0.6381978  0.6475474  0.6629115  0.6685645  0.6834660  0.6985592  0.6930415  0.6922765  0.6930418  0.6876897  0.6839657  0.6846284  0.7010768  0.6940214  0.6856038  0.6904929  0.6768720
 2  0.5715557  0.5269665  0.5003058  0.5262720  0.5574307  0.5609308  0.5355465  0.5136404  0.5003401  0.5029456  0.5235760  0.5394497  0.5500289  0.5488911  0.5629558  0.5766895  0.5734849  0.5705894  0.5703867  0.5603247  0.5394955  0.5431420  0.5711485  0.5763226  0.5723549  0.5698866  0.5521894
 3  0.7518726  0.7105461  0.6668568  0.6509113  0.6848347  0.6900321  0.6767970  0.6671258  0.6560070  0.6489294  0.6559420  0.6655395  0.6821628  0.6868299  0.7002377  0.7177485  0.7126044  0.7106427  0.7122476  0.7071293  0.7021235  0.6997567  0.7189906  0.7149828  0.7047260  0.7102001  0.6967087
 4  0.4567600  0.4241813  0.4102739  0.4677913  0.4910779  0.4675574  0.4368034  0.4169868  0.4133280  0.4335169  0.4540636  0.4718656  0.4666746  0.4573402  0.4899856  0.5005156  0.4832397  0.4859721  0.4876604  0.4629086  0.4176267  0.4636007  0.5091620  0.4934257  0.4873252  0.4848621  0.4516018
 1  0.7296366  0.6855762  0.6386715  0.6213674  0.6480948  0.6669673  0.6807293  0.6775928  0.6909272  0.6914712  0.6806755  0.6823736  0.6849373  0.6837450  0.6751868  0.6724636  0.6777833  0.6872971  0.6852991  0.6791619  0.6822953  0.6704158  0.6493505  0.6728930  0.6928991  0.6854429  0.6635140
 2  0.5720962  0.5265683  0.4975116  0.5095773  0.5408238  0.5674154  0.5753813  0.5758535  0.5788270  0.5685175  0.5432250  0.5336120  0.5339814  0.5230797  0.5109481  0.5119666  0.5325583  0.5594703  0.5689591  0.5714814  0.5702656  0.5504668  0.5345025  0.5791790  0.5968841  0.5831522  0.5366137
 3  0.7526637  0.7116277  0.6635295  0.6409976  0.6666262  0.6850963  0.7006627  0.6975025  0.7106737  0.7113317  0.6983721  0.6990421  0.7022837  0.7005707  0.6913161  0.6885255  0.6939658  0.7048700  0.7050492  0.6985588  0.7027808  0.6910667  0.6658232  0.6901568  0.7157066  0.7076190  0.6826110
 4  0.4551399  0.4242029  0.4092305  0.4447555  0.4748681  0.4991401  0.5020726  0.4972432  0.4965215  0.4639226  0.4344565  0.4428181  0.4374231  0.4121647  0.4070233  0.4238680  0.4593003  0.4903918  0.4923522  0.4960519  0.4899304  0.4440048  0.4626167  0.5287310  0.5280396  0.4761847  0.4125481
 1  0.7284429  0.6853761  0.6571317  0.6486261  0.6472249  0.6520665  0.6579545  0.6623934  0.6615624  0.6604235  0.6659718  0.6795912  0.6817025  0.6964708  0.6841092  0.6780304  0.6838969  0.6879398  0.6862939  0.6818896  0.6756058  0.6728990  0.6922011  0.7028380  0.6995039  0.6886436  0.6812657
 2  0.5730610  0.5279833  0.5087990  0.5087363  0.5155523  0.5228949  0.5201895  0.5110229  0.5095414  0.5179291  0.5384576  0.5568203  0.5769892  0.5894066  0.5793812  0.5644371  0.5584386  0.5544302  0.5447018  0.5380555  0.5289505  0.5402224  0.5727027  0.5918608  0.5878487  0.5649548  0.5507869
 3  0.7519268  0.7113701  0.6811408  0.6688164  0.6651056  0.6699777  0.6757428  0.6787872  0.6772629  0.6777466  0.6828830  0.6977685  0.6998754  0.7172429  0.7058387  0.6975031  0.7025506  0.7059046  0.7038879  0.6994551  0.6928767  0.6894769  0.7098662  0.7227123  0.7205941  0.7087416  0.6977542
 4  0.4576491  0.4240232  0.4110259  0.4181880  0.4370352  0.4404714  0.4179900  0.4043781  0.4270378  0.4391885  0.4648450  0.4831240  0.5096583  0.5198049  0.4905585  0.4721378  0.4667232  0.4596257  0.4501474  0.4408518  0.4348723  0.4684995  0.5077324  0.5199025  0.5000614  0.4483439  0.4633875
 1  0.7277919  0.6820969  0.6416820  0.6315890  0.6452353  0.6446423  0.6443451  0.6443540  0.6242250  0.6025000  0.6638533  0.6673855  0.6670496  0.6776292  0.6797254  0.6889442  0.6958901  0.6941656  0.6859517  0.6850697  0.6889166  0.6957172  0.6888500  0.6929708  0.6958977  0.6936714  0.6849176
 2  0.5737728  0.5269579  0.5009847  0.5201224  0.5523773  0.5543993  0.5435777  0.5238574  0.4905905  0.5163087  0.5686740  0.5724896  0.5613624  0.5597981  0.5663431  0.5793775  0.5867423  0.5773520  0.5573821  0.5479756  0.5504763  0.5517403  0.5516653  0.5634521  0.5697648  0.5623176  0.5397728
 3  0.7515671  0.7084518  0.6663048  0.6506676  0.6638339  0.6666188  0.6653484  0.6630032  0.6420141  0.6154443  0.6828013  0.6893826  0.6859275  0.6960893  0.6981286  0.7080374  0.7166983  0.7141700  0.7041850  0.7030540  0.7063029  0.7133069  0.7060988  0.7107141  0.7154164  0.7122526  0.7024975
 4  0.4588903  0.4247927  0.4105300  0.4566122  0.4981596  0.4833083  0.4485384  0.4209011  0.3982947  0.4755584  0.5152661  0.4862566  0.4707387  0.4783822  0.4924675  0.5113155  0.5057281  0.4763830  0.4595123  0.4564125  0.4621680  0.4565903  0.4650678  0.4904916  0.4831655  0.4566814  0.4331828
 1  0.7298005  0.6869835  0.6493111  0.6316350  0.6246044  0.6367081  0.6547423  0.6604821  0.6597733  0.6580393  0.6909913  0.6984472  0.6912363  0.6839140  0.6868248  0.7025681  0.6849573  0.6642483  0.6246804  0.6451900  0.6960312  0.6987606  0.6758572  0.6547490  0.6407381  0.6469503  0.6542527
 2  0.5740700  0.5276939  0.5037425  0.4980134  0.5034215  0.5250872  0.5408497  0.5340515  0.5082586  0.5142714  0.5608492  0.5806129  0.5696637  0.5469396  0.5561911  0.5784175  0.5685682  0.5337046  0.5022674  0.5793821  0.6123011  0.6136384  0.5843502  0.5510238  0.5241549  0.5200600  0.5283815
 3  0.7528205  0.7124562  0.6734201  0.6525885  0.6425787  0.6537576  0.6732592  0.6791749  0.6771463  0.6720302  0.7075956  0.7183309  0.7109812  0.7019987  0.7023837  0.7218884  0.7065452  0.6838112  0.6410625  0.6575948  0.7195124  0.7229810  0.6990250  0.6769372  0.6598154  0.6640792  0.6721033
 4  0.4569187  0.4228657  0.4128624  0.4106161  0.4293470  0.4602494  0.4624079  0.4298038  0.3805173  0.4474625  0.5046530  0.5024132  0.4653004  0.4328845  0.4864820  0.5130493  0.4736680  0.4147612  0.4327173  0.5379542  0.5546392  0.5391559  0.5027402  0.4533471  0.4275345  0.4413346  0.4495226
 1  0.7283085  0.6840857  0.6493485  0.6608361  0.7030121  0.6881091  0.6798670  0.6827749  0.6844286  0.6831974  0.6843458  0.6914596  0.6912093  0.6860520  0.6874949  0.6926985  0.7083249  0.6931142  0.6681619  0.6739498  0.6608125  0.6264256  0.6336896  0.6625977  0.6673205  0.6696063  0.6744023
 2  0.5726575  0.5268711  0.5050150  0.5747425  0.6057582  0.5949178  0.5579575  0.5117750  0.4799343  0.4692693  0.4956018  0.5270714  0.5463441  0.5497131  0.5476711  0.5725312  0.5961164  0.5881249  0.5621823  0.5633130  0.5489086  0.5004664  0.5042426  0.5349390  0.5499876  0.5535967  0.5567144
 3  0.7516802  0.7099972  0.6735805  0.6755163  0.7266594  0.7124201  0.6995032  0.6983498  0.6983905  0.6974871  0.6986978  0.7067532  0.7087127  0.7041517  0.7055362  0.7084904  0.7291945  0.7162253  0.6876838  0.6929140  0.6823988  0.6468689  0.6492709  0.6790480  0.6859280  0.6884480  0.6931659
 4  0.4573648  0.4236758  0.4127776  0.5250689  0.5486938  0.4936562  0.4036533  0.3582783  0.3633958  0.3672919  0.4037668  0.4508460  0.4655501  0.4608878  0.4476456  0.5063569  0.5350103  0.4975831  0.4733583  0.4930115  0.4600622  0.3866385  0.4265752  0.4713125  0.4760943  0.4720315  0.4715580
 1  0.7276216  0.6799711  0.6432515  0.6270090  0.6311365  0.6473650  0.6589245  0.6652767  0.6754167  0.6711221  0.6750726  0.6826183  0.6816796  0.6850049  0.6943999  0.6943594  0.6893240  0.6966232  0.7007528  0.6972736  0.6813914  0.6724165  0.6680070  0.6602669  0.6788220  0.6833643  0.6826541
 2  0.5713430  0.5245389  0.5040612  0.4959396  0.4989532  0.5111993  0.5192143  0.5316139  0.5482634  0.5475005  0.5402299  0.5283574  0.5161238  0.5312863  0.5665351  0.5796939  0.5805679  0.5879892  0.5914164  0.5836480  0.5583549  0.5422460  0.5322669  0.5327343  0.5505745  0.5523091  0.5444190
 3  0.7511091  0.7064469  0.6679727  0.6484273  0.6493743  0.6636626  0.6757507  0.6815367  0.6928563  0.6908203  0.6932588  0.6990174  0.6975278  0.7002748  0.7118040  0.7148722  0.7091507  0.7158730  0.7216414  0.7179053  0.7007952  0.6907604  0.6862616  0.6774711  0.6965846  0.7019368  0.6997253
 4  0.4565952  0.4247408  0.4155706  0.4047301  0.4086400  0.4294243  0.4328126  0.4527377  0.4765756  0.4588686  0.4299068  0.4145783  0.4138393  0.4589749  0.5036740  0.5039684  0.4980236  0.5144679  0.5142716  0.4897977  0.4593583  0.4512134  0.4409411  0.4562876  0.4728437  0.4552259  0.4464680
 1  0.7295355  0.6833054  0.6478198  0.6321933  0.6172913  0.6407391  0.6146961  0.5703916  0.6325416  0.6538744  0.6452853  0.6594169  0.6764209  0.6481235  0.6305808  0.6256706  0.6253792  0.6022592  0.6337622  0.6521127  0.6693615  0.6900756  0.7101616  0.7132925  0.6899179  0.6777638  0.6880761
 2  0.5725281  0.5249292  0.5055082  0.4999493  0.5108195  0.5404097  0.5207748  0.5057519  0.5647013  0.5712382  0.5562154  0.5719283  0.5895351  0.5634138  0.5356418  0.5221136  0.5250382  0.5177386  0.5378220  0.5434636  0.5485186  0.5720819  0.5982793  0.6023822  0.5717108  0.5548507  0.5661606
 3  0.7525048  0.7090707  0.6721124  0.6535133  0.6342269  0.6590075  0.6367121  0.5848688  0.6495343  0.6773511  0.6677249  0.6755372  0.6983816  0.6734450  0.6528721  0.6438194  0.6431713  0.6220735  0.6526947  0.6708285  0.6866063  0.7065320  0.7295616  0.7349632  0.7109106  0.6947476  0.7070439
 4  0.4559979  0.4229972  0.4175970  0.4103243  0.4501367  0.4816446  0.4419236  0.4616133  0.5181534  0.5049783  0.4640481  0.5083811  0.5357495  0.4877424  0.4399392  0.4423032  0.4636760  0.4556674  0.4625744  0.4560808  0.4618036  0.5049440  0.5322896  0.5187057  0.4572857  0.4712452  0.4981848
 1  0.7297679  0.6837130  0.6441150  0.6277290  0.6367631  0.6430356  0.6518800  0.6864621  0.6925960  0.6937454  0.6907820  0.6963551  0.6851583  0.6679618  0.6636962  0.6720987  0.6845317  0.6899674  0.6979646  0.6857740  0.6593408  0.6454194  0.6437305  0.6466814  0.6619166  0.6834109  0.6915581
 2  0.5727351  0.5256898  0.5023283  0.5019820  0.5094378  0.5038317  0.5292869  0.5719580  0.5847278  0.5782576  0.5728797  0.5783868  0.5660312  0.5354015  0.5132778  0.5241444  0.5449634  0.5709266  0.5836263  0.5699275  0.5253628  0.4920190  0.4838099  0.4896835  0.5258549  0.5620747  0.5790309
 3  0.7529215  0.7098162  0.6686984  0.6484771  0.6555000  0.6608528  0.6657873  0.7043564  0.7134640  0.7132171  0.7087774  0.7159559  0.7060420  0.6873556  0.6803548  0.6877458  0.7018792  0.7073569  0.7181557  0.7072310  0.6782819  0.6623111  0.6602467  0.6621964  0.6775531  0.7005197  0.7109390
 4  0.4563384  0.4239990  0.4132042  0.4215266  0.4222404  0.3987317  0.4686986  0.5154769  0.5035181  0.4794681  0.4925055  0.5045511  0.4720887  0.4161805  0.4073109  0.4504108  0.4702791  0.5008429  0.5116370  0.4667767  0.4052195  0.3888185  0.3890865  0.4100721  0.4591130  0.4965320  0.5065754
 1  0.7307883  0.6902578  0.6532946  0.6362795  0.6377320  0.6443687  0.6428950  0.6416395  0.6753953  0.7108886  0.7000041  0.6936807  0.6805588  0.6810941  0.6858135  0.6807275  0.6841224  0.6864922  0.6834753  0.6799402  0.6820797  0.6848625  0.6836846  0.6737494  0.6735491  0.7010931  0.7285319
 2  0.5721036  0.5278407  0.5035849  0.4985292  0.5003669  0.5001911  0.4903486  0.4927996  0.5835937  0.6140597  0.6096156  0.5814710  0.5334284  0.5152955  0.5166385  0.5241826  0.5381377  0.5540472  0.5619124  0.5637474  0.5608842  0.5585748  0.5554468  0.5452165  0.5359817  0.6047644  0.6257056
 3  0.7532927  0.7151701  0.6770355  0.6570023  0.6561296  0.6613589  0.6594662  0.6572509  0.6872773  0.7355004  0.7245379  0.7140870  0.6976990  0.6966463  0.7020858  0.6972502  0.7006939  0.7042959  0.7022967  0.6995402  0.7015008  0.7026586  0.7020795  0.6932368  0.6913947  0.7143144  0.7539494
 4  0.4546830  0.4210379  0.4106905  0.4099251  0.4085774  0.4045570  0.3909658  0.4119750  0.5377763  0.5574474  0.5159728  0.4477505  0.4056302  0.4214098  0.4261981  0.4318820  0.4573426  0.4779806  0.4862068  0.4832210  0.4672569  0.4692052  0.4748048  0.4514115  0.4333170  0.5494949  0.5678809
 1  0.7303903  0.6872068  0.6620743  0.6555512  0.6610331  0.6652789  0.6553107  0.6476297  0.6705259  0.6763655  0.6850845  0.6769047  0.6792706  0.6895339  0.6871519  0.6840201  0.7016386  0.7036737  0.7076132  0.7005074  0.6928610  0.6935640  0.6859664  0.6863238  0.6823472  0.6817301  0.6911178
 2  0.5724657  0.5261880  0.5117981  0.5212546  0.5368138  0.5421138  0.5248200  0.5212578  0.5410165  0.5553779  0.5624146  0.5515138  0.5424182  0.5399141  0.5315552  0.5381132  0.5631070  0.5801331  0.5849304  0.5791322  0.5685618  0.5628292  0.5589305  0.5519809  0.5381937  0.5198796  0.5219124
 3  0.7530171  0.7125659  0.6857824  0.6754572  0.6793906  0.6841717  0.6738728  0.6640334  0.6880870  0.6941131  0.7036159  0.6967094  0.6966182  0.7061426  0.7044654  0.6994272  0.7192839  0.7219782  0.7267902  0.7205636  0.7113545  0.7122820  0.7045756  0.7047754  0.7006642  0.6978099  0.7062332
 4  0.4545642  0.4220062  0.4169149  0.4400771  0.4627892  0.4556239  0.4240334  0.4463198  0.4656958  0.4775028  0.4829833  0.4518943  0.4387991  0.4455314  0.4247250  0.4615480  0.4892695  0.5002757  0.5048585  0.4856267  0.4775691  0.4757355  0.4707879  0.4593771  0.4227872  0.4038465  0.4300671
 1  0.7296366  0.6850449  0.6592035  0.6510705  0.6461481  0.6524019  0.6565323  0.6651736  0.6716000  0.6801472  0.6798965  0.6776453  0.6732806  0.6766638  0.6984992  0.7083710  0.7068656  0.7121970  0.7062422  0.6942355  0.6822822  0.6935914  0.6978735  0.7010040  0.6988576  0.6941868  0.6833524
 2  0.5735597  0.5268509  0.5115035  0.5094460  0.5099007  0.5182655  0.5301319  0.5386681  0.5411102  0.5375812  0.5305756  0.5283328  0.5203802  0.5337294  0.5688945  0.5885330  0.5926617  0.5960873  0.5884001  0.5664288  0.5525536  0.5705257  0.5810640  0.5815839  0.5749868  0.5667974  0.5463470
 3  0.7528274  0.7109904  0.6832159  0.6716402  0.6640648  0.6695892  0.6735580  0.6831409  0.6897468  0.6970926  0.6966552  0.6945482  0.6907314  0.6924294  0.7150045  0.7282042  0.7264671  0.7316196  0.7270024  0.7142419  0.6989889  0.7119518  0.7180318  0.7198148  0.7177546  0.7134188  0.7021933
 4  0.4567928  0.4240181  0.4161722  0.4139258  0.4249431  0.4372712  0.4542598  0.4578867  0.4455046  0.4363150  0.4357335  0.4375174  0.4192414  0.4526590  0.5055975  0.5138160  0.5074147  0.5151073  0.5013558  0.4532998  0.4678166  0.5053349  0.4986188  0.4897270  0.4880236  0.4746894  0.4423437
 1  0.7302785  0.6870950  0.6580050  0.6504055  0.6592061  0.6653811  0.6812437  0.6867412  0.6779611  0.6750607  0.6819233  0.6888725  0.6798871  0.6707660  0.6813772  0.6913311  0.6877052  0.6942861  0.6774906  0.6702019  0.6797571  0.7048307  0.7020206  0.6978428  0.6838113  0.6779576  0.6823670
 2  0.5733585  0.5267900  0.5092697  0.5207507  0.5386095  0.5549887  0.5700180  0.5702314  0.5526271  0.5375250  0.5399356  0.5426466  0.5329038  0.5275201  0.5482068  0.5656817  0.5767683  0.5828860  0.5690555  0.5509339  0.5729936  0.5955754  0.5938817  0.5704689  0.5169039  0.4850390  0.4937900
 3  0.7530235  0.7126356  0.6820001  0.6702581  0.6778275  0.6836998  0.6998511  0.7066622  0.6969494  0.6926127  0.6990179  0.7059703  0.6975927  0.6878013  0.6980028  0.7100283  0.7063261  0.7148852  0.6986458  0.6896166  0.6962295  0.7254506  0.7239359  0.7170143  0.7001778  0.6924490  0.6969066
 4  0.4550866  0.4227626  0.4153981  0.4439669  0.4660805  0.4822908  0.4962726  0.4810734  0.4503628  0.4419634  0.4503821  0.4508707  0.4343901  0.4388824  0.4771763  0.4898699  0.5043924  0.5083017  0.4796379  0.4569371  0.5078844  0.5315671  0.4997855  0.4322230  0.3682905  0.3724748  0.4141648
 1  0.7293163  0.6858686  0.6526970  0.6411308  0.6479964  0.6464940  0.6445224  0.6502278  0.6614167  0.6682275  0.6843704  0.7042955  0.6933218  0.6814582  0.6710062  0.6638257  0.6774376  0.6823826  0.6822769  0.6865405  0.7120321  0.7109787  0.6972994  0.6979867  0.6945376  0.6965001  0.6868525
 2  0.5744903  0.5275923  0.5067938  0.5150195  0.5291658  0.5236474  0.5040913  0.4959555  0.5154250  0.5370476  0.5731186  0.5916205  0.5800351  0.5515234  0.5204429  0.5087507  0.5242302  0.5337563  0.5293862  0.5645840  0.6026710  0.6088966  0.5961079  0.5870321  0.5789696  0.5652580  0.5386279
 3  0.7524203  0.7115102  0.6768006  0.6611496  0.6668342  0.6659968  0.6622169  0.6657053  0.6769241  0.6856670  0.7013318  0.7244402  0.7144963  0.7003592  0.6884840  0.6799890  0.6934474  0.6997968  0.6989843  0.7011219  0.7325334  0.7338396  0.7180645  0.7186730  0.7146531  0.7152481  0.7048847
 4  0.4571711  0.4233741  0.4147894  0.4395797  0.4552367  0.4274972  0.3892553  0.4026825  0.4457181  0.4661771  0.5070808  0.5192905  0.4818388  0.4363412  0.4078740  0.4192872  0.4454286  0.4379040  0.4237567  0.5075809  0.5442149  0.5292808  0.5099482  0.5042076  0.4859893  0.4609507  0.4177444
 1  0.7296147  0.6875420  0.6487752  0.6332690  0.6543422  0.6702321  0.6596463  0.6469450  0.6541136  0.6839508  0.7046829  0.7062249  0.6928266  0.6854281  0.6700046  0.6595240  0.6610505  0.6525244  0.6658605  0.6731867  0.6724861  0.6692876  0.6544858  0.6423986  0.6717765  0.6959969  0.6824344
 2  0.5737913  0.5281508  0.5021606  0.5095255  0.5410025  0.5544364  0.5330080  0.4971841  0.5081561  0.5694381  0.6022155  0.6056013  0.5830182  0.5551838  0.5248344  0.5180404  0.5237312  0.5207556  0.5286192  0.5321276  0.5281997  0.5292855  0.5347741  0.5499106  0.5875265  0.6020546  0.5839725
 3  0.7527116  0.7132616  0.6730731  0.6530393  0.6722337  0.6894866  0.6789122  0.6644173  0.6686143  0.6996113  0.7257216  0.7286054  0.7138157  0.7042867  0.6875220  0.6765146  0.6791812  0.6704144  0.6830179  0.6903762  0.6893537  0.6865358  0.6721194  0.6611980  0.6905828  0.7180108  0.7053550
 4  0.4563463  0.4233721  0.4085805  0.4372046  0.4754434  0.4717366  0.4235585  0.3768132  0.4379848  0.5202757  0.5394935  0.5216330  0.4790486  0.4422154  0.4250174  0.4398002  0.4386727  0.4340259  0.4401139  0.4386827  0.4377256  0.4450793  0.4677603  0.4940945  0.5273611  0.5334454  0.4928207
 1  0.7292546  0.6838950  0.6447244  0.6294145  0.6395673  0.6459140  0.6600377  0.6746795  0.6704203  0.6711182  0.6750702  0.6725861  0.6877727  0.7076113  0.6940004  0.6905861  0.6870845  0.6812295  0.6715195  0.6607217  0.6648349  0.6776483  0.6734898  0.6785974  0.6965344  0.6898796  0.6847833
 2  0.5718989  0.5260567  0.5027335  0.5064886  0.5204805  0.5266059  0.5379264  0.5448271  0.5363996  0.5340212  0.5382133  0.5356913  0.5690118  0.5924108  0.5871151  0.5781121  0.5712717  0.5597418  0.5376371  0.5162444  0.5295858  0.5538778  0.5542999  0.5681503  0.5860378  0.5833001  0.5713485
 3  0.7524902  0.7101951  0.6694537  0.6497929  0.6582064  0.6641859  0.6768743  0.6926547  0.6885550  0.6881250  0.6931169  0.6903672  0.7034535  0.7281100  0.7153088  0.7101488  0.7069378  0.7008155  0.6904760  0.6782307  0.6802613  0.6962537  0.6934470  0.6952917  0.7166942  0.7113345  0.7041615
 4  0.4556608  0.4248787  0.4124219  0.4302062  0.4442228  0.4425579  0.4589682  0.4582937  0.4399894  0.4496478  0.4511650  0.4440138  0.5061740  0.5253897  0.5001206  0.4925109  0.4871305  0.4676006  0.4324393  0.4114362  0.4627088  0.4865595  0.4620968  0.4973516  0.5200762  0.4966696  0.4806967
 1  0.7268804  0.6807195  0.6416660  0.6264914  0.6377078  0.6492425  0.6507564  0.6554188  0.6787483  0.6897197  0.6881060  0.6975936  0.6924623  0.6853540  0.6839222  0.7005858  0.7249509  0.7116488  0.6921688  0.6887190  0.6947066  0.6955195  0.6911861  0.6925884  0.6984250  0.6837462  0.6751836
 2  0.5720317  0.5262093  0.5016963  0.4978083  0.5050482  0.5053204  0.4918957  0.5005350  0.5390273  0.5596880  0.5684116  0.5756392  0.5679582  0.5435090  0.5184857  0.5763912  0.6109718  0.6096961  0.5749283  0.5448208  0.5344755  0.5235644  0.5200608  0.5425146  0.5658055  0.5583712  0.5368992
 3  0.7507258  0.7073971  0.6664964  0.6473113  0.6560472  0.6662897  0.6668939  0.6701631  0.6943393  0.7082393  0.7061337  0.7164826  0.7123058  0.7036002  0.7001468  0.7135146  0.7472566  0.7352815  0.7121887  0.7056453  0.7113737  0.7116560  0.7068302  0.7078974  0.7170059  0.7043791  0.6935890
 4  0.4578270  0.4254919  0.4104134  0.4125736  0.4145842  0.4042745  0.3841014  0.4222316  0.4755874  0.4804217  0.4867540  0.4961291  0.4701074  0.4216429  0.3925046  0.5237563  0.5545192  0.5153409  0.4462622  0.4348173  0.4334072  0.4149580  0.4143612  0.4714698  0.4967591  0.4599929  0.4162208
 1  0.7276814  0.6792428  0.6041796  0.5836885  0.6567908  0.6674107  0.6520392  0.6611380  0.6589618  0.6475896  0.6481934  0.6619292  0.6673802  0.6711388  0.6757347  0.6622042  0.6763041  0.7025390  0.6877521  0.6818063  0.6661813  0.6526128  0.6499813  0.6451580  0.6572474  0.6549157  0.6567805
 2  0.5706466  0.5246105  0.4803980  0.5235134  0.5762123  0.5814352  0.5622954  0.5623642  0.5508181  0.5199844  0.5110273  0.5300074  0.5415465  0.5541879  0.5591140  0.5438795  0.5691845  0.5910876  0.5818318  0.5646637  0.5474233  0.5356492  0.5230968  0.5139259  0.5237939  0.5224803  0.5118788
 3  0.7513709  0.7062406  0.6299444  0.5976812  0.6769158  0.6901795  0.6716523  0.6810453  0.6804086  0.6666052  0.6640444  0.6787673  0.6856648  0.6888726  0.6952867  0.6823157  0.6920846  0.7231769  0.7095940  0.7010638  0.6851757  0.6721496  0.6695379  0.6621663  0.6738172  0.6737186  0.6741975
 4  0.4564608  0.4263262  0.4043595  0.4850125  0.5236457  0.5014880  0.4853238  0.4931689  0.4557852  0.4050138  0.4285056  0.4611538  0.4624189  0.4794755  0.4811632  0.4490519  0.5044461  0.5256960  0.4906535  0.4686084  0.4659856  0.4563817  0.4221587  0.4234733  0.4502525  0.4313420  0.4007470
 1  0.7288869  0.6824790  0.6566532  0.6482905  0.6533122  0.6853273  0.6861810  0.6835274  0.6753118  0.6753394  0.6699143  0.6589633  0.6390563  0.6459180  0.6478764  0.6473350  0.6780850  0.6839548  0.6926578  0.6881103  0.6883551  0.6922673  0.6960926  0.6940416  0.6939617  0.7102190  0.6941528
 2  0.5722694  0.5257889  0.5115712  0.5066084  0.5391891  0.5750498  0.5776472  0.5579558  0.5279621  0.5206191  0.5177565  0.5153958  0.5269656  0.5561699  0.5567165  0.5580824  0.5730961  0.5816021  0.5817671  0.5725307  0.5541946  0.5384169  0.5447268  0.5514833  0.5794714  0.5995913  0.5882718
 3  0.7523135  0.7089899  0.6810256  0.6691094  0.6689539  0.7043703  0.7074613  0.7023587  0.6920707  0.6918503  0.6870100  0.6765648  0.6554091  0.6653655  0.6705241  0.6654725  0.6976401  0.7035308  0.7124044  0.7085999  0.7069758  0.7082651  0.7121027  0.7123520  0.7108137  0.7314772  0.7170825
 4  0.4564181  0.4253472  0.4165366  0.4069520  0.4799476  0.5152643  0.4857694  0.4361287  0.4208944  0.4307662  0.4307956  0.4257198  0.4684927  0.5037990  0.4756525  0.4860390  0.5023632  0.5035267  0.5034344  0.4774781  0.4333937  0.4305305  0.4666001  0.4688477  0.5130391  0.5345647  0.4938941
 1  0.7293529  0.6853485  0.6625852  0.6597903  0.6690959  0.6820596  0.6812576  0.6827860  0.6809587  0.6877929  0.6921435  0.6945266  0.6923187  0.6924709  0.7030075  0.7115568  0.7096687  0.7061276  0.6969796  0.6862492  0.6740549  0.6617953  0.6682488  0.6757093  0.6731270  0.6677471  0.6777556
 2  0.5733252  0.5268649  0.5138448  0.5251135  0.5521224  0.5676243  0.5602168  0.5358359  0.5132555  0.5176758  0.5279990  0.5337757  0.5266669  0.5315683  0.5679425  0.5962447  0.6002817  0.5922291  0.5732295  0.5563104  0.5338785  0.5141081  0.5170322  0.5275615  0.5330608  0.5409819  0.5648954
 3  0.7524326  0.7111111  0.6863814  0.6795432  0.6867334  0.7018911  0.7009976  0.7000425  0.6961897  0.7032382  0.7084948  0.7107407  0.7085611  0.7078967  0.7189575  0.7318076  0.7312819  0.7259435  0.7162786  0.7055927  0.6925428  0.6792490  0.6845497  0.6922095  0.6906886  0.6851940  0.6956813
 4  0.4564886  0.4236263  0.4178417  0.4428746  0.4875744  0.4920966  0.4521200  0.4022750  0.4067815  0.4323297  0.4345135  0.4288866  0.4171971  0.4424537  0.5071177  0.5308429  0.5150036  0.4947808  0.4818793  0.4603323  0.4294246  0.4134859  0.4273006  0.4452402  0.4482496  0.4656113  0.5002295
 1  0.7305986  0.6873727  0.6583594  0.6476161  0.6453744  0.6606328  0.6639398  0.6741883  0.6769589  0.6687511  0.6678394  0.6674826  0.6699458  0.6961100  0.6902217  0.6836590  0.6768605  0.6848570  0.6696132  0.6566977  0.6475523  0.6382692  0.6633468  0.6653927  0.6592400  0.6655809  0.6777089
 2  0.5717957  0.5268754  0.5096266  0.5050748  0.5128178  0.5306279  0.5416538  0.5551877  0.5595669  0.5477763  0.5324243  0.5158701  0.5505707  0.5903534  0.5899337  0.5672840  0.5497621  0.5624025  0.5574830  0.5471149  0.5327911  0.5286072  0.5456545  0.5432645  0.5300585  0.5400147  0.5625915
 3  0.7533970  0.7131662  0.6824578  0.6683311  0.6628182  0.6778538  0.6816751  0.6918127  0.6962825  0.6883934  0.6861767  0.6844874  0.6837682  0.7171606  0.7134217  0.7032872  0.6933437  0.7036416  0.6901591  0.6765606  0.6676517  0.6557836  0.6815333  0.6847717  0.6763273  0.6827883  0.6957004
 4  0.4545695  0.4238309  0.4142489  0.4084722  0.4343157  0.4550900  0.4634953  0.4807369  0.4798527  0.4538375  0.4255340  0.4065268  0.4982174  0.5349089  0.4976131  0.4455032  0.4689417  0.4946867  0.4790255  0.4663022  0.4430738  0.4561440  0.4725609  0.4459742  0.4406838  0.4686476  0.4930972
 1  0.7296065  0.6848502  0.6409661  0.6236617  0.6459859  0.6639887  0.6575550  0.6517068  0.6441166  0.6563140  0.6975640  0.6954693  0.6885943  0.6865505  0.6734607  0.6768290  0.6753813  0.6674950  0.6731189  0.6765899  0.6842129  0.6970750  0.6926025  0.6819127  0.6908377  0.6885725  0.6904413
 2  0.5709990  0.5260874  0.5000197  0.5068836  0.5374228  0.5512542  0.5351528  0.5107644  0.4959202  0.5567606  0.6015851  0.6026884  0.5842272  0.5532950  0.5236512  0.5372871  0.5451868  0.5364204  0.5348253  0.5330535  0.5437405  0.5644912  0.5648095  0.5571469  0.5583463  0.5480196  0.5261267
 3  0.7526389  0.7108550  0.6656573  0.6438464  0.6640519  0.6830968  0.6766729  0.6693006  0.6604701  0.6693451  0.7188608  0.7193975  0.7102314  0.7050532  0.6893292  0.6937879  0.6947467  0.6857490  0.6903946  0.6940450  0.7004932  0.7145393  0.7122151  0.7002330  0.7091674  0.7070531  0.7068505
 4  0.4553632  0.4242783  0.4120282  0.4366962  0.4713682  0.4701457  0.4334402  0.4014447  0.4072994  0.5125146  0.5464505  0.5232385  0.4737097  0.4213636  0.4322703  0.4713482  0.4578812  0.4386410  0.4432120  0.4393315  0.4630847  0.4902311  0.4756547  0.4680261  0.4694730  0.4378122  0.3931102
 1  0.7282144  0.6833599  0.6409526  0.6269499  0.6527751  0.6653479  0.6587359  0.6533581  0.6599336  0.6704460  0.6965179  0.6944533  0.6864575  0.6895358  0.6720707  0.6537062  0.6386020  0.6705073  0.6906963  0.6960195  0.6808731  0.6692455  0.6613802  0.6547530  0.6723744  0.6655064  0.6604965
 2  0.5716742  0.5259985  0.4997212  0.5135417  0.5446723  0.5531825  0.5315933  0.5054897  0.4960184  0.5332163  0.5756136  0.5851484  0.5806434  0.5787698  0.5544212  0.5096474  0.5092204  0.5735398  0.5988503  0.5981452  0.5676771  0.5343934  0.5151538  0.5333208  0.5606578  0.5572498  0.5480137
 3  0.7515257  0.7094771  0.6656208  0.6464726  0.6713260  0.6850350  0.6775099  0.6702519  0.6758227  0.6845174  0.7150807  0.7153651  0.7057375  0.7104226  0.6933718  0.6722384  0.6526500  0.6877658  0.7125444  0.7180927  0.7017401  0.6873145  0.6782401  0.6712147  0.6914597  0.6866853  0.6791104
 4  0.4562747  0.4238654  0.4103358  0.4479087  0.4791226  0.4658268  0.4204763  0.3957076  0.3947598  0.4769213  0.5159197  0.5025503  0.5032133  0.5004616  0.4465399  0.3788726  0.4500426  0.5271663  0.5324614  0.5099987  0.4562015  0.4233724  0.4273339  0.4726707  0.4964816  0.4691752  0.4611931
 1  0.7303159  0.6867608  0.6562977  0.6445895  0.6380239  0.6558680  0.6797243  0.6765618  0.6590513  0.6572357  0.6645807  0.6598288  0.6524520  0.6556869  0.6755466  0.6909974  0.6876818  0.6857838  0.6833935  0.6792802  0.6894718  0.7024632  0.6964959  0.6855616  0.6896479  0.6872320  0.6775962
 2  0.5706112  0.5258546  0.5079568  0.5024052  0.5056492  0.5454323  0.5713551  0.5660137  0.5386181  0.5386033  0.5469911  0.5400952  0.5332500  0.5444334  0.5703233  0.5840975  0.5791608  0.5688383  0.5541682  0.5387992  0.5507643  0.5723835  0.5719834  0.5599187  0.5518041  0.5335665  0.5162046
 3  0.7531030  0.7126676  0.6805210  0.6653566  0.6555903  0.6715488  0.6994671  0.6973402  0.6775333  0.6747911  0.6837098  0.6791275  0.6704156  0.6734799  0.6939202  0.7109699  0.7081166  0.7053144  0.7022855  0.6968627  0.7055109  0.7205320  0.7165553  0.7043487  0.7077389  0.7049711  0.6929396
 4  0.4535079  0.4234462  0.4125984  0.4053701  0.4269069  0.4897616  0.5042347  0.4688174  0.4440041  0.4675700  0.4704966  0.4504343  0.4522145  0.4777204  0.5038877  0.5092609  0.4932993  0.4766619  0.4532711  0.4369768  0.4741310  0.5009822  0.4827202  0.4628364  0.4523680  0.4120207  0.4213393
 1  0.7303754  0.6852017  0.6515925  0.6379040  0.6279740  0.6309974  0.6713851  0.6809796  0.6604770  0.6575711  0.6592089  0.6678137  0.6883986  0.6974177  0.6855418  0.6786686  0.6669725  0.6620870  0.6620064  0.6793724  0.7122851  0.7065931  0.6936716  0.6967826  0.6972852  0.6963353  0.6865061
 2  0.5696476  0.5249187  0.5065858  0.5037740  0.4970108  0.5245406  0.5659889  0.5735093  0.5474358  0.5361068  0.5361214  0.5480176  0.5739284  0.5813215  0.5600397  0.5303951  0.4970613  0.4892501  0.5004693  0.5699445  0.6057938  0.6070723  0.5857566  0.5750272  0.5648145  0.5429887  0.5126363
 3  0.7531583  0.7111841  0.6760359  0.6588669  0.6467471  0.6461839  0.6892168  0.7017960  0.6797806  0.6758527  0.6778580  0.6847156  0.7065702  0.7175913  0.7051931  0.6962642  0.6832132  0.6773784  0.6781262  0.6930777  0.7338067  0.7295952  0.7134962  0.7159055  0.7164151  0.7134464  0.7025158
 4  0.4536058  0.4238927  0.4152594  0.4147062  0.4091921  0.4683920  0.5074370  0.4869602  0.4530312  0.4548615  0.4505217  0.4761863  0.5058325  0.4962707  0.4493458  0.4043996  0.3822431  0.4002287  0.4175588  0.5186544  0.5473560  0.5176553  0.4881955  0.4871956  0.4602328  0.4183876  0.3862282
 1  0.7307392  0.6865184  0.6380205  0.6139366  0.6302274  0.6446398  0.6398399  0.6498973  0.6626661  0.6708829  0.6811212  0.6739257  0.6721040  0.6962575  0.6987840  0.7005323  0.7018853  0.6967620  0.6943178  0.6966823  0.6930718  0.6836380  0.6786506  0.6779046  0.6725366  0.6721121  0.6743953
 2  0.5709265  0.5258337  0.4971502  0.4988610  0.5246060  0.5338480  0.5265970  0.5326774  0.5426382  0.5538483  0.5619947  0.5507606  0.5576866  0.5853231  0.5933289  0.5919924  0.5888406  0.5805038  0.5675009  0.5585552  0.5495528  0.5359585  0.5249361  0.5189650  0.5156907  0.5261377  0.5382418
 3  0.7534590  0.7123403  0.6628043  0.6343956  0.6484369  0.6638684  0.6580290  0.6670498  0.6811263  0.6883056  0.7000557  0.6939150  0.6881056  0.7155545  0.7202670  0.7200698  0.7217651  0.7174241  0.7134427  0.7140642  0.7107795  0.7018081  0.6956275  0.6944527  0.6891804  0.6883799  0.6923504
 4  0.4540021  0.4236161  0.4106601  0.4291432  0.4588373  0.4520395  0.4415382  0.4594699  0.4617174  0.4780606  0.4850964  0.4493900  0.4873450  0.5245551  0.5123332  0.5054291  0.5096374  0.4912757  0.4630183  0.4590912  0.4581516  0.4338122  0.4197847  0.4201445  0.4230174  0.4484896  0.4575394
 1  0.7295925  0.6821011  0.6340093  0.6146547  0.6358083  0.6393917  0.6296500  0.6376122  0.6592652  0.6656390  0.6748535  0.6891241  0.6823238  0.6854767  0.6769031  0.6474788  0.6309456  0.6559972  0.6720805  0.6793991  0.6752657  0.6691913  0.6754658  0.6900862  0.7115667  0.7107817  0.6922340
 2  0.5730097  0.5253028  0.4977154  0.5065393  0.5270458  0.5190311  0.4853402  0.4868403  0.5234141  0.5431556  0.5626118  0.5713880  0.5647620  0.5664882  0.5607566  0.5275127  0.5185122  0.5553591  0.5730436  0.5733265  0.5610027  0.5488646  0.5460703  0.5771045  0.6110642  0.6142859  0.5993818
 3  0.7529158  0.7085250  0.6590671  0.6347440  0.6550427  0.6591317  0.6468962  0.6519386  0.6749888  0.6840348  0.6927347  0.7084775  0.7016469  0.7034830  0.6973667  0.6687601  0.6472971  0.6736858  0.6927771  0.6988832  0.6945807  0.6885267  0.6934823  0.7060077  0.7320974  0.7354404  0.7148888
 4  0.4567029  0.4251962  0.4133954  0.4414022  0.4539670  0.4132631  0.3652561  0.4115639  0.4628811  0.4695690  0.4877082  0.4903923  0.4753131  0.4892960  0.4820378  0.4233866  0.4488795  0.5020208  0.4980768  0.4854145  0.4754947  0.4597303  0.4539397  0.5142119  0.5527838  0.5437669  0.5135081
 1  0.7290320  0.6819636  0.6341235  0.6102067  0.6215940  0.6632617  0.6573049  0.6520480  0.6942506  0.6944215  0.6849880  0.6829503  0.6734113  0.6635527  0.6735168  0.6915428  0.6899755  0.6760936  0.6646621  0.6694065  0.6752659  0.6735884  0.6788365  0.6900119  0.6975709  0.7106987  0.6971599
 2  0.5710038  0.5247564  0.4978239  0.4876433  0.5249977  0.5608016  0.5511693  0.5582231  0.5881159  0.5898433  0.5646029  0.5377259  0.5008495  0.4614783  0.4856207  0.5330399  0.5520958  0.5399031  0.5264128  0.5410357  0.5528693  0.5554582  0.5715186  0.5865644  0.6033357  0.6088610  0.5927447
 3  0.7522313  0.7083381  0.6591636  0.6318902  0.6374054  0.6819346  0.6790135  0.6673899  0.7140562  0.7163412  0.7043317  0.7005574  0.6901132  0.6785123  0.6867731  0.7067014  0.7085635  0.6950146  0.6815446  0.6864337  0.6943866  0.6922310  0.6965100  0.7107770  0.7176054  0.7330626  0.7196094
 4  0.4554349  0.4249441  0.4134427  0.4038484  0.4692961  0.5004410  0.4542056  0.4931269  0.5279470  0.4996350  0.4507785  0.4173852  0.3685428  0.3324337  0.4089634  0.4710567  0.4701537  0.4313851  0.4362735  0.4736437  0.4747850  0.4716184  0.5061287  0.5199701  0.5338443  0.5359095  0.4947660
 1  0.7297245  0.6834269  0.6428588  0.6258667  0.6353784  0.6467530  0.6507523  0.6557395  0.6562158  0.6595486  0.6656132  0.6604904  0.6823342  0.7076931  0.7055462  0.7026475  0.6970407  0.6831319  0.6693021  0.6678324  0.6750214  0.6878861  0.7006786  0.7027498  0.6913645  0.6896043  0.6937544
 2  0.5712080  0.5253414  0.5021525  0.4989895  0.5066430  0.5086634  0.5030941  0.4989370  0.4999838  0.5200055  0.5394352  0.5430166  0.5785353  0.6026290  0.6007764  0.5897763  0.5718926  0.5515055  0.5275758  0.5226052  0.5365133  0.5602497  0.5820282  0.5830679  0.5629793  0.5546317  0.5548326
 3  0.7528725  0.7097512  0.6676600  0.6469180  0.6539002  0.6639443  0.6670708  0.6719433  0.6720544  0.6753675  0.6836853  0.6790795  0.6986886  0.7285400  0.7278410  0.7219396  0.7160251  0.7030412  0.6870446  0.6846858  0.6919131  0.7046943  0.7196499  0.7228680  0.7102724  0.7067861  0.7120615
 4  0.4552588  0.4249101  0.4135540  0.4153188  0.4183341  0.4129052  0.4071781  0.4000987  0.4113063  0.4519031  0.4655835  0.4623311  0.5162540  0.5381317  0.5113345  0.4886132  0.4843705  0.4494284  0.4242698  0.4353334  0.4564679  0.4913468  0.5090294  0.4904447  0.4563839  0.4663149  0.4673841
 1  0.7288970  0.6851915  0.6376582  0.6143328  0.6145760  0.6001354  0.6330804  0.6683676  0.6642125  0.6527830  0.6563273  0.6691382  0.6908284  0.6889529  0.6812067  0.6905113  0.6894243  0.6828127  0.6782149  0.6715184  0.6445867  0.6375460  0.6735516  0.6767985  0.6697163  0.6875630  0.6857645
 2  0.5725989  0.5272463  0.4967420  0.4998438  0.5117503  0.5080533  0.5449568  0.5702846  0.5603191  0.5319233  0.5149906  0.5354309  0.5679314  0.5743667  0.5697016  0.5774839  0.5755936  0.5634100  0.5535668  0.5437884  0.5200514  0.5444463  0.5799335  0.5792529  0.5732223  0.5804639  0.5753059
 3  0.7521482  0.7109845  0.6622183  0.6345029  0.6336471  0.6194681  0.6490779  0.6878276  0.6854892  0.6722020  0.6735621  0.6841391  0.7088227  0.7095067  0.6998346  0.7096304  0.7101723  0.7020446  0.6965166  0.6907814  0.6633084  0.6529968  0.6937548  0.6989842  0.6883258  0.7076869  0.7068383
 4  0.4571183  0.4234838  0.4091215  0.4318047  0.4460231  0.4395304  0.4870569  0.5044652  0.4696204  0.4237216  0.4096769  0.4700929  0.5059170  0.4887350  0.4866084  0.5055266  0.4899379  0.4678463  0.4687185  0.4540489  0.4352195  0.4944495  0.5205919  0.4937158  0.4958268  0.5102959  0.4811438
 1  0.7299151  0.6847412  0.6437473  0.6249318  0.6272209  0.6604382  0.6643388  0.6686769  0.6739855  0.6788341  0.6820793  0.6864652  0.7043036  0.6998398  0.6832731  0.6764580  0.6645684  0.6617073  0.6667032  0.6627218  0.6717489  0.6739386  0.6690817  0.6645530  0.6498663  0.6442779  0.6675353
 2  0.5719803  0.5255412  0.5019838  0.4920530  0.5155601  0.5468928  0.5499310  0.5414666  0.5425833  0.5517904  0.5514075  0.5688651  0.5928711  0.5941769  0.5725317  0.5495139  0.5326876  0.5363743  0.5411855  0.5422481  0.5619792  0.5698424  0.5582234  0.5292764  0.4864390  0.4918264  0.5393824
 3  0.7527795  0.7105727  0.6682894  0.6465193  0.6437583  0.6782361  0.6841089  0.6862129  0.6909664  0.6971393  0.7010016  0.7029894  0.7238397  0.7222797  0.7042535  0.6952210  0.6823532  0.6794068  0.6858974  0.6804402  0.6890921  0.6953401  0.6902005  0.6830871  0.6665498  0.6584461  0.6842667
 4  0.4551191  0.4234447  0.4143439  0.3999599  0.4518208  0.4824597  0.4580643  0.4419896  0.4630175  0.4753222  0.4577144  0.4957965  0.5307046  0.5139242  0.4707301  0.4460745  0.4468648  0.4650226  0.4540896  0.4593931  0.5012383  0.4981647  0.4552453  0.4028069  0.3650955  0.4291855  0.4833876
 1  0.7309689  0.6872571  0.6432354  0.6216372  0.6290324  0.6431828  0.6623588  0.6653948  0.6740908  0.6724146  0.6829992  0.6909968  0.6822418  0.6748598  0.6705906  0.6741566  0.6791485  0.6942271  0.7014935  0.6937923  0.6853840  0.6880493  0.6888446  0.6925866  0.6765647  0.6771275  0.6702372
 2  0.5716721  0.5260865  0.4996815  0.4956829  0.5057732  0.5292381  0.5531122  0.5638895  0.5655678  0.5596910  0.5646066  0.5660197  0.5474668  0.5167751  0.5019323  0.5144057  0.5467217  0.5847714  0.5973568  0.5854445  0.5569621  0.5357178  0.5433730  0.5612795  0.5669027  0.5698681  0.5641604
 3  0.7536761  0.7130407  0.6678652  0.6425343  0.6475502  0.6595747  0.6802122  0.6850360  0.6941702  0.6917944  0.7010024  0.7101662  0.7013796  0.6917643  0.6857823  0.6900414  0.6955067  0.7124105  0.7233832  0.7156158  0.7043131  0.7044665  0.7047370  0.7114429  0.6961763  0.6976311  0.6912875
 4  0.4539400  0.4233816  0.4105630  0.4154138  0.4244545  0.4617606  0.4891978  0.4921451  0.4831097  0.4713174  0.4849325  0.4797243  0.4332197  0.3884474  0.4057568  0.4378824  0.4814038  0.5240769  0.5254505  0.4838923  0.4334144  0.4263917  0.4726188  0.4905027  0.4933204  0.4982316  0.4771638
 1  0.7301943  0.6869906  0.6565015  0.6438405  0.6420813  0.6510369  0.6615575  0.6651378  0.6753121  0.6892386  0.6908966  0.6931161  0.6849223  0.6880549  0.6800910  0.6697707  0.6432048  0.6267104  0.6801222  0.6857378  0.6978836  0.6939591  0.6829582  0.6928780  0.6822436  0.6792375  0.6720627
 2  0.5734017  0.5267790  0.5086158  0.5006353  0.4896979  0.4924444  0.5158530  0.5357812  0.5555910  0.5716404  0.5792892  0.5778042  0.5692232  0.5636323  0.5511911  0.5294505  0.4910883  0.5265503  0.5773088  0.5943427  0.5933504  0.5767176  0.5506952  0.5539068  0.5607158  0.5624528  0.5538308
 3  0.7529447  0.7123598  0.6804499  0.6650513  0.6605434  0.6662952  0.6769205  0.6830342  0.6930017  0.7077020  0.7102092  0.7134456  0.7043458  0.7067528  0.6992402  0.6881688  0.6611489  0.6389139  0.6995513  0.7064640  0.7188336  0.7146039  0.6999009  0.7101806  0.7013145  0.6987028  0.6926578
 4  0.4555068  0.4224447  0.4167034  0.4008686  0.3755083  0.4010876  0.4490246  0.4623773  0.4792403  0.4959776  0.5042529  0.4934401  0.4788888  0.4761883  0.4568201  0.4220280  0.3830177  0.4851780  0.5235363  0.5197700  0.5099865  0.4622526  0.4510325  0.4782917  0.4851645  0.4868029  0.4583233
 1  0.7279256  0.6825742  0.6538489  0.6444033  0.6440989  0.6550983  0.6545981  0.6566761  0.6767539  0.6918386  0.6834730  0.6753548  0.6724478  0.6823552  0.6909747  0.6914976  0.6799020  0.6733264  0.6891229  0.6996090  0.7037207  0.7070515  0.7043072  0.6959695  0.6863032  0.6809037  0.6808581
 2  0.5728958  0.5267540  0.5087357  0.5064581  0.5136795  0.5234075  0.5184066  0.5169636  0.5425067  0.5599072  0.5513932  0.5342265  0.5355233  0.5602481  0.5753419  0.5720404  0.5471106  0.5378789  0.5614228  0.5808255  0.5880152  0.5875393  0.5761343  0.5519050  0.5143570  0.4890724  0.5217917
 3  0.7515529  0.7088559  0.6780957  0.6649866  0.6618385  0.6727011  0.6723691  0.6729220  0.6927757  0.7099114  0.7023071  0.6931423  0.6888571  0.6999549  0.7108325  0.7110747  0.6984692  0.6902770  0.7060840  0.7188672  0.7234119  0.7261919  0.7236921  0.7143647  0.7025799  0.6956099  0.6947643
 4  0.4580642  0.4245925  0.4137176  0.4143839  0.4346090  0.4401111  0.4208844  0.4299069  0.4716298  0.4797838  0.4525118  0.4287118  0.4578096  0.4969016  0.4976351  0.4732500  0.4406828  0.4534980  0.4942446  0.5079092  0.5027370  0.4983697  0.4777584  0.4276919  0.3748667  0.3727974  0.4651153
 1  0.7294668  0.6874658  0.6531778  0.6368089  0.6321879  0.6432081  0.6746212  0.6668682  0.6427131  0.6482252  0.6712150  0.6673658  0.6753443  0.6788191  0.6749057  0.6835732  0.6770855  0.6743936  0.6770032  0.6839161  0.6845037  0.6775060  0.6761480  0.6690094  0.6614343  0.6558352  0.6625540
 2  0.5714501  0.5275612  0.5053641  0.5005798  0.5013836  0.5381547  0.5709283  0.5630968  0.5321983  0.5483348  0.5690974  0.5635034  0.5533823  0.5330473  0.5243449  0.5465023  0.5558974  0.5523735  0.5532723  0.5572886  0.5551537  0.5525777  0.5535542  0.5535906  0.5461287  0.5484370  0.5611696
 3  0.7524214  0.7130838  0.6772551  0.6573907  0.6505460  0.6583985  0.6941003  0.6889998  0.6617074  0.6646486  0.6916469  0.6881884  0.6944084  0.6963019  0.6899508  0.7010475  0.6965814  0.6933639  0.6955839  0.7016654  0.7032877  0.6958259  0.6944129  0.6886304  0.6808710  0.6740179  0.6817520
 4  0.4553545  0.4231839  0.4106937  0.4126075  0.4183176  0.4828043  0.5108179  0.4706641  0.4415146  0.4913554  0.5021295  0.4750730  0.4459903  0.4111551  0.4442253  0.4803114  0.4744230  0.4659804  0.4644884  0.4748287  0.4690875  0.4661223  0.4779221  0.4749623  0.4628395  0.4775173  0.4971474
