FL 2019 2020 2021 2022 2023 2024 2025 2026 2027 2028 2029 2030 2031 2032 2033 2034 2035 2036 2037 2038 2039 2040 2041 2042 2043 2044 2045
 1    4109.00    3843.84    3843.84    4124.27    4124.27    4785.40    4785.40    7285.74    7285.74    5872.48    5872.48     461.08     461.08     590.90     590.90     326.63     326.63     471.70     471.70      36.96      36.96     404.25     404.25     714.71     714.71    2617.69    2617.69
 2     783.00     732.16     732.16     785.58     785.58     911.50     911.50    1387.76    1387.76    1118.57    1118.57      87.82      87.82     112.55     112.55      62.22      62.22      89.85      89.85       7.04       7.04      77.00      77.00     136.14     136.14     498.61     498.61
 3    3537.00     879.25     618.96    5102.05    4564.80     905.29    1108.68   11456.75   11456.75   11456.75    6126.96    3010.08    4879.08    3904.24    2133.64    2683.60    4112.71    3303.43    1520.36    2721.86    5942.84    7823.84    7413.94    5917.89     112.17     399.22     399.22
 4    1379.00    1268.39     980.68    1095.22    1710.79    1982.11    1322.57     886.27     886.27     886.27     886.27     886.27     886.27     886.27     886.27     886.27     886.27     886.27     886.27     886.27     886.27     886.27     886.27     886.27     686.38     734.19     734.19
 1    4109.00    4466.15    4466.15    6347.42    6347.42    3648.88    3648.88    1434.05    1434.05     906.44     906.44     537.31     537.31     472.63     472.63     359.44     359.44     882.88     882.88    8551.62    8551.62    4921.69    4921.69     848.69     848.69      77.15      77.15
 2     783.00     850.70     850.70    1209.03    1209.03     695.02     695.02     273.15     273.15     172.66     172.66     102.34     102.34      90.02      90.02      68.46      68.46     168.17     168.17    1628.88    1628.88     937.46     937.46     161.66     161.66      14.70      14.70
 3    3537.00     983.22    1247.75    8290.44    6308.44    6308.44    6308.44    6308.44    6308.44    6308.44    6308.44    6308.44    6308.44    6308.44    6308.44    6308.44     159.80     278.60     577.87    9961.48    6568.02    6568.02    6568.02    2443.23    1763.91    2292.84    3825.56
 4    1379.00    1289.29    1077.65     366.56     328.06     328.06     328.06     328.06     328.06     328.06     328.06     328.06     328.06     328.06     328.06     328.06     942.05    1046.16    1063.37     517.50     429.97     429.97     429.97     429.97     429.97     429.97     429.97
 1    4109.00    6493.41    6493.41    5042.73    5042.73    7491.33    7491.33    2880.57    2880.57    1973.20    1973.20    2623.24    2623.24    1368.44    1368.44    3355.51    3355.51    3429.43    3429.43    2863.94    2863.94    4382.53    4382.53    2004.62    2004.62    2564.10    2564.10
 2     783.00    1236.84    1236.84     960.52     960.52    1426.92    1426.92     548.68     548.68     375.85     375.85     499.66     499.66     260.66     260.66     639.14     639.14     653.22     653.22     545.51     545.51     834.77     834.77     381.83     381.83     488.40     488.40
 3    3537.00    1833.46    1764.49    5498.44    4927.21     534.38     534.38     534.38     534.38     534.38     534.38     534.38     534.38     534.38     534.38     534.38     534.38     534.38     534.38     534.38     534.38     534.38     534.38     534.38     140.57     405.07     405.07
 4    1379.00    1090.51     998.57     815.00     617.73     610.13     610.13     610.13     610.13     610.13     610.13     610.13     610.13     610.13     610.13     610.13     610.13     610.13     610.13     610.13     610.13     610.13     610.13     610.13     782.92     692.47     692.47
 1    4109.00    2510.05    2510.05    6133.05    6133.05    4120.12    4120.12    1118.04    1118.04     641.72     641.72    1637.33    1637.33    2475.86    2475.86    3477.01    3477.01    5369.36    5369.36    3734.35    3734.35    4801.57    4801.57    4947.56    4947.56    2784.94    2784.94
 2     783.00     478.10     478.10    1168.20    1168.20     784.78     784.78     212.96     212.96     122.23     122.23     311.87     311.87     471.59     471.59     662.29     662.29    1022.74    1022.74     711.30     711.30     914.58     914.58     942.39     942.39     530.46     530.46
 3    3537.00     660.85     898.72    7513.78    5676.51    5676.51    5676.51    5676.51     914.28     345.15     699.27     768.94    1064.59    2964.82    2909.25    1273.48     895.69    5706.76    4638.36     684.70     513.58    3012.43    2753.50    2753.50    2753.50    2753.50    2753.50
 4    1379.00    1218.91    1018.37     490.44     391.80     391.80     391.80     391.80     844.41    1068.92    1052.58    1203.45    1164.75     800.31     750.90     890.37     838.10     563.29     562.78     782.48    1037.31     873.19     665.06     665.06     665.06     665.06     665.06
 1    4109.00    3921.92    3921.92    4468.46    4468.46    5990.75    5990.75    9029.33    9029.33    7141.13    7141.13     833.91     833.91     405.17     405.17    3454.84    3454.84    4267.96    4267.96    2581.66    2581.66    4940.17    4940.17    5273.27    5273.27     964.66     964.66
 2     783.00     747.03     747.03     851.14     851.14    1141.10    1141.10    1719.87    1719.87    1360.22    1360.22     158.84     158.84      77.18      77.18     658.06     658.06     812.94     812.94     491.74     491.74     940.98     940.98    1004.43    1004.43     183.74     183.74
 3    3537.00     642.96     944.15    7499.26    6566.76     399.10     546.75    8065.24    6097.34    6097.34    6097.34    2003.94    2774.89      74.26     270.98     270.98     270.98     270.98     270.98     412.57     412.57     412.57     412.57     412.57     412.57     412.57     412.57
 4    1379.00    1075.27    1074.09     701.16     827.82     998.15     971.28     702.49     654.65     654.65     654.65     654.65     654.65     611.67     713.69     713.69     713.69     713.69     713.69     755.01     755.01     755.01     755.01     755.01     755.01     755.01     755.01
 1    4109.00    6447.21    6447.21    7278.81    7278.81    4142.29    3378.67     253.64     253.64     936.47     936.47     440.75     440.75     248.56     248.56     634.33     634.33     291.98     291.98     139.99     139.99     409.79     409.79    1666.90    1666.90     170.94     170.94
 2     783.00    1228.04    1228.04    1386.44    1386.44     789.01     789.01      48.31      48.31     178.38     178.38      83.95      83.95      47.34      47.34     120.82     120.82      55.62      55.62      26.66      26.66      78.06      78.06     317.50     317.50      32.56      32.56
 3    3537.00    1581.68    1410.78   10202.17   10202.17    8812.10    2851.57    2757.12    7261.05   10202.17    9018.77    4567.18    3422.67    4760.14    5783.32    6089.96    4459.71    2491.56    2704.76    3657.36    3853.44    6128.23    9621.09    8048.69    3960.46    5414.02    8792.79
 4    1379.00    1307.23     972.92     439.25     439.25     439.25     439.25     439.25     439.25     439.25     439.25     439.25     439.25     439.25     439.25     439.25     439.25     439.25     439.25     439.25     439.25     439.25     439.25     439.25     439.25     439.25     439.25
 1    4109.00    6966.04    6966.04    3538.00    3538.00    2464.31    2464.31    1359.67    1359.67     633.86     633.86     137.68     137.68     359.90     359.90    1904.36    1904.36     726.73     726.73     391.78     391.78    1921.92    1921.92    5562.02    5562.02    3479.32    3479.32
 2     783.00    1326.86    1326.86     673.90     673.90     469.39     469.39     258.98     258.98     120.74     120.74      26.22      26.22      68.55      68.55     362.74     362.74     138.42     138.42      74.62      74.62     366.08     366.08    1059.43    1059.43     662.73     662.73
 3    3537.00    2008.97    2013.70    4094.35    4094.35    4094.35    4094.35    4094.35    4094.35    4094.35    2379.88    2181.97    4094.35    4094.35    4094.35    4094.35    4094.35    4094.35    4014.78      86.63     520.74     705.33    1135.29   14738.45    9854.11    9854.11    9854.11
 4    1379.00    1242.53    1037.93     780.68     780.68     780.68     780.68     780.68     780.68     780.68     780.68     780.68     780.68     780.68     780.68     780.68     780.68     780.68     780.68    1043.56    1234.11    1276.00    1292.51     460.49     355.70     355.70     355.70
 1    4109.00    1392.47    1392.47    1629.94    1629.94    3333.79    3333.79    7174.86    7174.86    3787.48    3787.48    7922.38    7922.38    4084.08    4084.08     808.04     808.04    2998.38    2998.38   10884.72   10884.72    5999.53    5054.45     218.53     218.53     329.41     329.41
 2     783.00     265.23     265.23     310.46     310.46     635.01     635.01    1366.64    1366.64     721.42     721.42    1509.02    1509.02     777.92     777.92     153.91     153.91     571.12     571.12    2073.28    2073.28    1142.77    1142.77      41.62      41.62      62.74      62.74
 3    3537.00     782.55     784.80     784.80     784.80    2793.84    2324.49     747.56     551.93     504.49     722.43    6523.46    6523.46    6523.46    6523.46    3531.02      53.83     234.47     666.33   13234.20    9994.68    9994.68    4416.74    1942.51    3998.57    5600.23      83.84
 4    1379.00    1047.81     939.01     939.01     939.01     666.60     809.34     999.67    1224.50    1160.86    1115.51     611.58     611.58     611.58     611.58     611.58    1255.67    1392.35    1205.65     664.12     436.09     436.09     436.09     436.09     436.09     436.09     914.95
 1    4109.00    6888.42    6888.42    8138.13    8138.13    3229.38    3229.38     165.86     165.86    1860.47    1860.47    4731.34    4731.34    3957.95    3957.95    1948.72    1948.72     446.29     446.29     276.74     276.74     249.02     249.02     438.90     438.90    4547.47    4547.47
 2     783.00    1312.08    1312.08    1550.12    1550.12     615.12     615.12      31.59      31.59     354.38     354.38     901.21     901.21     753.90     753.90     371.18     371.18      85.01      85.01      52.71      52.71      47.43      47.43      83.60      83.60     866.18     866.18
 3    3537.00    2214.57    2060.92    8783.37    8783.37    5687.60    4134.67    3945.45      81.96     327.01     787.86    7690.22    5325.75    5325.75    5325.75    5325.75    5325.75    3881.07    5029.83    4830.84    4434.72    5325.75    5325.75     128.51     244.58    1430.62    1785.88
 4    1379.00    1089.11     894.89     353.70     353.70     353.70     353.70     353.70    1062.62    1329.35    1104.76     648.73     482.29     482.29     482.29     482.29     482.29     482.29     482.29     482.29     482.29     482.29     482.29    1894.71    2421.49    2204.33    1853.64
 1    4109.00    6048.97    6048.97    4671.74    4671.74    3036.26    3036.26    1775.00    1775.00     718.41     718.41     351.12     351.12     241.16     241.16     682.37     682.37    3831.37    3831.37    3978.28    3978.28    4943.86    4943.86    1062.60    1062.60     665.74     665.74
 2     783.00    1152.18    1152.18     889.86     889.86     578.34     578.34     338.10     338.10     136.84     136.84      66.88      66.88      45.94      45.94     129.98     129.98     729.78     729.78     757.77     757.77     941.69     941.69     202.40     202.40     126.81     126.81
 3    3537.00    1171.34     820.76    5004.58    5004.58    5004.58    5004.58    5004.58    5004.58    5004.58    4503.19    4809.79    3822.73    2852.55    5004.58     163.69     351.46    2292.19    2292.19    2292.19    2292.19    2292.19    2292.19    2292.19    2292.19    2292.19    2292.19
 4    1379.00    1139.80    1146.61     948.80     948.80     948.80     948.80     948.80     948.80     948.80     948.80     948.80     948.80     948.80     948.80     840.10    1018.84     857.47     857.47     857.47     857.47     857.47     857.47     857.47     857.47     857.47     857.47
 1    4109.00    3446.06    3446.06    3832.75    3832.75    4198.19    4198.19    3243.24    3243.24    2714.71    2714.71    2587.20    2587.20    5323.16    5323.16    4714.71    4714.71    4595.51    4595.51    2389.46    2389.46    2559.94    2559.94     701.32     701.32     515.59     515.59
 2     783.00     656.39     656.39     730.05     730.05     799.66     799.66     617.76     617.76     517.09     517.09     492.80     492.80    1013.94    1013.94     898.04     898.04     875.34     875.34     455.14     455.14     487.61     487.61     133.58     133.58      98.21      98.21
 3    3537.00     761.82     819.84    7013.73    5683.26     554.60     569.37     569.37     569.37     569.37     569.37     494.77     682.83    5088.43    4490.00     497.75     731.10    7628.26    6331.61    6331.61    6331.61    6331.61    6331.61    5224.79    4374.16    3024.02    3221.48
 4    1379.00    1205.06     928.31     671.82     530.40     723.86     762.46     762.46     762.46     762.46     762.46     875.18    1031.47    1112.37    1013.96     986.97     850.82     801.73     516.31     516.31     516.31     516.31     516.31     516.31     516.31     516.31     516.31
 1    4109.00    4743.35    4743.35    5530.60    5530.60    4455.99    4455.99    1023.33    1023.33     211.60     211.60     432.89     432.89    3527.37    3527.37    6395.93    6395.93    5121.27    5121.27    1501.04    1501.04    1981.06    1981.06    4442.59    4442.59    7363.82    7363.82
 2     783.00     903.50     903.50    1053.45    1053.45     848.76     848.76     194.92     194.92      40.30      40.30      82.46      82.46     671.88     671.88    1218.27    1218.27     975.48     975.48     285.91     285.91     377.34     377.34     846.21     846.21    1402.63    1402.63
 3    3537.00     907.62     976.88    8032.43    8032.43    8032.43    8032.43    1982.20    1696.39    3073.54    3886.05      67.51     219.53     642.14     788.83    9241.54    5259.47    5259.47    5259.47    5259.47    2815.66     240.03     410.21    1990.99    2651.17     933.16    1224.21
 4    1379.00    1260.27     953.28     659.72     659.72     659.72     659.72     659.72     659.72     659.72     659.72     890.84    1215.29    1244.74     977.04     462.73     331.91     331.91     331.91     331.91     751.64     716.08     962.21    1505.98    1538.72    1384.77    1381.18
 1    4109.00    5658.58    5658.58    3333.79    3333.79    1913.14    1913.14    1074.15    1074.15    2462.00    2462.00    3191.03    3191.03    2981.29    2981.29    1212.75    1212.75    1783.78    1783.78    1638.25    1638.25    2527.60    2527.60    4922.61    4922.61    3775.46    3775.46
 2     783.00    1077.82    1077.82     635.01     635.01     364.41     364.41     204.60     204.60     468.95     468.95     607.82     607.82     567.86     567.86     231.00     231.00     339.77     339.77     312.05     312.05     481.45     481.45     937.64     937.64     719.14     719.14
 3    3537.00    1397.87    1577.13    6841.56    5488.63     346.36     346.36     346.36     346.36     346.36     346.36     346.36     346.36     346.36     346.36     346.36     346.36     346.36     330.57     330.57     330.57     330.57     330.57     330.57    1772.98     269.77     442.86
 4    1379.00    1008.56     769.94     518.15     691.07     750.69     750.69     750.69     750.69     750.69     750.69     750.69     750.69     750.69     750.69     750.69     750.69     750.69     656.01     656.01     656.01     656.01     656.01     656.01     777.57    1145.01    1283.12
 1    4109.00    5649.34    5649.34    9428.50    9428.50    5056.13    5056.13    2339.57    2339.57     732.73     732.73    1095.40    1095.40    3196.58    3196.58    1833.22    1833.22     868.10     868.10    2749.36    2749.36    7447.44    7447.44    4774.31    4774.31    2379.76    2379.76
 2     783.00    1076.06    1076.06    1795.90    1795.90     963.07     963.07     445.63     445.63     139.57     139.57     208.65     208.65     608.87     608.87     349.18     349.18     165.35     165.35     523.69     523.69    1418.56    1418.56     909.39     909.39     453.29     453.29
 3    3537.00     757.74     730.84    7716.02    7716.02    6999.49    6279.05    5715.91    5596.52    3720.27    5255.87    3588.88    4366.51    4366.51    4366.51    4366.51    4366.51     213.23     458.89     600.94    1015.86    1015.86    1015.86    1015.86    1015.86    1015.86    1015.86
 4    1379.00    1126.92     976.13     346.86     346.86     346.86     346.86     346.86     346.86     346.86     346.86     734.47     555.30     555.30     555.30     555.30     555.30     748.30    1199.74    1322.98    1034.94    1034.94    1034.94    1034.94    1034.94    1034.94    1034.94
 1    4109.00    5167.01    5167.01    4826.05    4826.05    2702.24    2702.24    1166.55    1166.55     261.03     261.03      91.94      91.94    2933.24    2933.24    2483.25    2483.25    3459.46    3459.46    3382.30    3382.30    1889.58    1889.58     992.38     992.38    1711.71    1711.71
 2     783.00     984.19     984.19     919.25     919.25     514.71     514.71     222.20     222.20      49.72      49.72      17.51      17.51     558.71     558.71     473.00     473.00     658.94     658.94     644.25     644.25     359.92     359.92     189.02     189.02     326.04     326.04
 3    3537.00     515.49     761.81    7807.48    7305.01    7305.01    7305.01    7305.01    4441.90    1155.53    1922.36      28.18     170.07     568.06     568.06     568.06     568.06     568.06     568.06     568.06     568.06     568.06     568.06     568.06     568.06     420.56     606.55
 4    1379.00     895.62     842.79     459.90     474.21     474.21     474.21     474.21     474.21     474.21     474.21     957.27     962.46     815.57     815.57     815.57     815.57     815.57     815.57     815.57     815.57     815.57     815.57     815.57     815.57     725.43     846.65
 1    4109.00    4684.22    4684.22    3547.24    3547.24    5749.13    5749.13    5384.15    5384.15    3481.17    3481.17    3215.52    3215.52    3903.44    3903.44    2951.26    2951.26    3205.82    3205.82    6033.72    6033.72    8290.13    8290.13    1976.44    1976.44    1089.86    1089.86
 2     783.00     892.23     892.23     675.66     675.66    1095.07    1095.07    1025.55    1025.55     663.08     663.08     612.48     612.48     743.51     743.51     562.14     562.14     610.63     610.63    1149.28    1149.28    1579.07    1579.07     376.46     376.46     207.59     207.59
 3    3537.00     918.68     652.38    3499.51    2939.23     597.49     495.59    6132.04    5417.34     176.68     376.63     999.09    1591.93     571.90     530.71    2534.67    3115.64     575.90    1403.81   12190.43   12190.43   12190.43   12190.43    4904.84    6771.35      63.19     225.08
 4    1379.00    1114.54     886.52     614.99     597.40     723.92     739.05     562.17     506.77     744.25     908.66     838.53     744.63     679.54     655.11    1030.76    1803.98    1936.34    1754.88     887.89     887.89     887.89     887.89     887.89     887.89     754.77    1234.48
 1    4109.00    6814.96    6814.96    3616.07    3616.07    3864.17    3864.17    1594.36    1594.36     353.89     353.89     374.22     374.22     369.14     369.14    4536.84    4536.84    6208.82    6208.82    6282.28    6282.28    7063.98    7063.98    1929.77    1929.77     717.02     717.02
 2     783.00    1298.09    1298.09     688.78     688.78     736.03     736.03     303.69     303.69      67.41      67.41      71.28      71.28      70.31      70.31     864.16     864.16    1182.63    1182.63    1196.62    1196.62    1345.52    1345.52     367.58     367.58     136.58     136.58
 3    3537.00    3830.47    3598.98    1107.50     993.84    8809.23    8809.23    8809.23    6809.21    5150.67    6772.56    6589.57    6012.80      76.59     336.44    4385.07    3636.01     868.19     658.00    3228.28    2649.11    2649.11    2649.11    2649.11    2649.11    2649.11    2649.11
 4    1379.00    1134.71     836.75     731.69     727.97     333.93     333.93     333.93     333.93     333.93     333.93     333.93     333.93    1303.56    1232.86     899.87     619.09     930.08    1049.52     740.03     580.22     580.22     580.22     580.22     580.22     580.22     580.22
 1    4109.00    4288.75    4288.75    5428.50    5428.50    4073.45    4073.45    4565.48    4565.48    3553.70    3553.70    2413.95    2413.95    3489.95    3489.95    2103.02    2103.02    2415.80    2415.80    3247.40    3247.40    3036.73    3036.73    4565.95    4565.95    3046.89    3046.89
 2     783.00     816.90     816.90    1034.00    1034.00     775.90     775.90     869.62     869.62     676.90     676.90     459.80     459.80     664.75     664.75     400.58     400.58     460.15     460.15     618.55     618.55     578.42     578.42     869.70     869.70     580.36     580.36
 3    3537.00     975.14     944.20   10449.80    9478.26     479.79     576.68     576.68     576.68     576.68     576.68     576.68     576.68     576.68    2232.68     376.52     581.01    1078.86    1174.44     789.28    1130.29    2496.50    2653.98    2653.98    1042.81    3059.73    3150.20
 4    1379.00    1235.69    1082.60     630.77     514.58     867.79     851.00     851.00     851.00     851.00     851.00     851.00     851.00     851.00     654.97     767.20     806.01     672.01     823.96    1313.03    1447.86    1195.31     887.79     887.79     663.57     938.27     906.70
 1    4109.00    4831.13    4831.13   12438.89   12438.89    3903.44    3903.44    1401.25    1401.25     630.63     630.63     689.77     689.77    1313.47    1313.47     995.61     995.61    1407.71    1407.71     899.51     899.51    1358.28    1358.28     787.71     787.71    1002.54    1002.54
 2     783.00     920.22     920.22    2369.31    2369.31     743.51     743.51     266.90     266.90     120.12     120.12     131.38     131.38     250.18     250.18     189.64     189.64     268.14     268.14     171.34     171.34     258.72     258.72     150.04     150.04     190.96     190.96
 3    3537.00     776.29     967.77     967.77     967.77     967.77     967.77     967.77     967.77     967.77     967.77     967.77     967.77     967.77     967.77     967.77     967.77     967.77     967.77     967.77     967.77     967.77     967.77     967.77     967.77     967.77     437.83
 4    1379.00    1125.31    1017.21    1017.21    1017.21    1017.21    1017.21    1017.21    1017.21    1017.21    1017.21    1017.21    1017.21    1017.21    1017.21    1017.21    1017.21    1017.21    1017.21    1017.21    1017.21    1017.21    1017.21    1017.21    1017.21    1017.21     633.07
 1    4109.00    4753.98    4753.98    6029.10    6029.10    4083.62    4083.62    2359.90    2359.90      53.13      53.13    1467.77    1467.77    2989.60    2989.60    7119.88    7119.88    8715.17    8715.17    3651.19    3651.19    2030.03    2030.03     439.36     439.36     214.83     214.83
 2     783.00     905.52     905.52    1148.40    1148.40     777.83     777.83     449.50     449.50      10.12      10.12     279.58     279.58     569.45     569.45    1356.17    1356.17    1660.03    1660.03     695.46     695.46     386.67     386.67      83.69      83.69      40.92      40.92
 3    3537.00    1054.33    1157.29    8833.65    8315.40    8315.40    8315.40    8066.07    1960.52    3373.35     107.58     471.87     532.46    3255.81    3406.83     779.38     504.67    5918.08    5918.08    5363.42    5918.08    5048.70    3761.01    2250.67    2265.29    3358.09    3648.43
 4    1379.00    1054.84     983.07     787.20     750.02     750.02     750.02     750.02     750.02     750.02     789.03     731.38     697.54     829.12     952.09     973.60     724.24     465.54     465.54     465.54     465.54     465.54     465.54     465.54     465.54     465.54     465.54
 1    4109.00    4037.42    4037.42    4005.54    4005.54    2157.54    2157.54    2389.46    2389.46    1816.58    1816.58    3660.89    3660.89    4942.94    4942.94    6435.66    6435.66    5067.68    5067.68    2749.36    2749.36     855.62     855.62    2464.77    2464.77    2686.99    2686.99
 2     783.00     769.03     769.03     762.96     762.96     410.96     410.96     455.14     455.14     346.02     346.02     697.31     697.31     941.51     941.51    1225.84    1225.84     965.27     965.27     523.69     523.69     162.98     162.98     469.48     469.48     511.81     511.81
 3    3537.00     858.07     694.22    2143.54    2143.54     646.49     686.01     742.71     808.68     525.38     948.62    5666.97    5127.36    1079.40    1133.72    1133.72    1133.72    1133.72    1133.72    1133.72    1133.72     275.41     275.41     275.41     491.90     638.69     629.45
 4    1379.00    1104.54     941.60     848.21     848.21     599.77     638.17     820.45    1068.60    1217.59    1146.58    1176.93     963.58     860.49     767.38     767.38     767.38     767.38     767.38     767.38     767.38     635.71     635.71     635.71     638.52     896.53    1142.15
 1    4109.00    4456.91    4456.91    4237.46    4237.46    2988.68    2988.68    4928.15    4928.15     905.06     905.06    2107.64    2107.64    4370.06    4370.06    4060.06    4060.06    2431.04    2431.04    2264.72    2264.72    2033.26    2033.26    1705.24    1705.24    1524.14    1524.14
 2     783.00     848.94     848.94     807.14     807.14     569.27     569.27     938.70     938.70     172.39     172.39     401.46     401.46     832.39     832.39     773.34     773.34     463.06     463.06     431.38     431.38     387.29     387.29     324.81     324.81     290.31     290.31
 3    3537.00     843.89     950.50    5717.61    4625.75     646.21     646.21     646.21     646.21     646.21     545.58     432.64     630.70     630.70     630.70     630.70     630.70     630.70     630.70     630.70     630.70     289.88     410.62     410.62     410.62     410.62     410.62
 4    1379.00    1212.48    1105.54     752.38     757.16     758.45     758.45     758.45     758.45     758.45     894.04     830.76     718.07     718.07     718.07     718.07     718.07     718.07     718.07     718.07     718.07     747.47     720.77     720.77     720.77     720.77     720.77
 1    4109.00    4004.62    4004.62    8553.93    8553.93   11803.18    9237.73    3260.80    3260.80    5103.25    5103.25    9779.15    9779.15    3080.62    3080.62    3918.22    3918.22    2841.30    2841.30    2783.09    2783.09    1237.70    1237.70    3245.09    3245.09    2956.80    2956.80
 2     783.00     762.78     762.78    1629.32    1629.32    2248.22    2248.22     621.10     621.10     972.05     972.05    1862.70    1862.70     586.78     586.78     746.33     746.33     541.20     541.20     530.11     530.11     235.75     235.75     618.11     618.11     563.20     563.20
 3    3537.00     824.05     838.33   11503.10    9198.02     245.03     245.03     173.25     496.49     696.69     601.56    6395.68    6395.68    4141.33      76.30     236.17     573.13    2539.66    2095.50    2095.50    2095.50    2095.50    2095.50    2095.50    2095.50    2095.50    2095.50
 4    1379.00    1030.36    1009.14     668.92     426.84     629.38     629.38     741.57     618.76     746.76     821.09     424.83     424.83     424.83    1092.93    1078.39     958.04     719.24     610.21     610.21     610.21     610.21     610.21     610.21     610.21     610.21     610.21
 1    4109.00    4684.22    4684.22    4062.83    4062.83    3389.69    3389.69    2458.30    2458.30    2337.26    2337.26    2906.90    2906.90    2035.11    2035.11    1769.46    1769.46    4034.65    4034.65   16964.18   16964.18   16552.54   16552.54    6119.19    6119.19    2061.91    2061.91
 2     783.00     892.23     892.23     773.87     773.87     645.66     645.66     468.25     468.25     445.19     445.19     553.70     553.70     387.64     387.64     337.04     337.04     768.50     768.50    3231.27    3231.27    3152.86    3152.86    1165.56    1165.56     392.74     392.74
 3    3537.00     910.74     898.25     898.25     898.25     898.25     606.47     606.47     606.47     606.47     606.47     606.47     606.47     606.47     301.96     480.11     553.62     786.04    1496.98    2529.94    3357.54   14223.75    8721.15    8721.15    8721.15    3456.03    4134.85
 4    1379.00    1191.64     896.89     896.89     896.89     896.89     628.77     628.77     628.77     628.77     628.77     628.77     628.77     628.77     847.82    1109.42    2035.54    3298.56    3995.92    3318.13    2213.95     658.85     474.77     474.77     474.77     517.11     548.03
 1    4109.00    4122.89    4122.89    5650.26    5650.26    5373.52    5373.52    5015.47    5015.47    1253.87    1253.87     909.22     909.22    2241.62    2241.62    3442.36    3442.36    4011.55    4011.55    4005.54    4005.54    4351.58    4351.58    4906.44    4906.44    3277.43    3277.43
 2     783.00     785.31     785.31    1076.24    1076.24    1023.53    1023.53     955.33     955.33     238.83     238.83     173.18     173.18     426.98     426.98     655.69     655.69     764.10     764.10     762.96     762.96     828.87     828.87     934.56     934.56     624.27     624.27
 3    3537.00     743.17     872.16    8414.59    7410.67     450.86     450.86     450.86     450.86     450.86     450.86     450.86     439.52     439.52     630.03    2591.14    3303.19     521.26     733.68     733.68    6148.27     559.30     410.74    3679.60    3299.02    3299.02    3299.02
 4    1379.00    1201.79    1097.18     832.03     669.11     776.03     776.03     776.03     776.03     776.03     776.03     776.03     785.01     785.01     573.87     690.85     784.21     777.28     638.73     638.73     505.48    1193.05    1389.15     922.95     628.33     628.33     628.33
 1    4109.00    3383.69    3383.69    3932.08    3932.08    6025.87    6025.87    1377.22    1377.22     637.56     637.56     559.02     559.02    2517.90    2517.90    1912.68    1912.68    2364.52    2364.52    2513.74    2513.74    2329.40    2329.40    2223.61    2223.61     853.31     853.31
 2     783.00     644.51     644.51     748.97     748.97    1147.78    1147.78     262.33     262.33     121.44     121.44     106.48     106.48     479.60     479.60     364.32     364.32     450.38     450.38     478.81     478.81     443.70     443.70     423.54     423.54     162.54     162.54
 3    3537.00     843.55     793.04    4161.36    4161.36    4161.36    4161.36    4161.36    4161.36    4161.36    4161.36     276.06     487.79     577.16     996.08    2339.44    1791.66    1045.41    1045.41    1045.41    1045.41    1045.41    1045.41    1045.41    1045.41    1045.41    1045.41
 4    1379.00    1150.37     954.15     714.29     714.29     714.29     714.29     714.29     714.29     714.29     714.29     935.54    1073.69     916.05     836.73     883.24     662.94     606.59     606.59     606.59     606.59     606.59     606.59     606.59     606.59     606.59     606.59
