              Isim, Ftarg, Btarg
   1 2019          0.3977734      21560.7846623       5544.3597106
   1 2021          0.3831494      21584.2884090       5502.5294482
   1 2023          0.3977734      21587.1905961       5538.8949693
   1 2025          0.3831494      21509.5692809       5491.0161715
   1 2027          0.4270215      21497.3246470       5657.7523465
   1 2029          0.4211719      21482.0997739       5638.2575419
   1 2031          0.4211719      21552.9087929       5587.2317309
   1 2033          0.3919238      21583.0451529       5456.8325963
   1 2035          0.4153223      21586.3875828       5556.6521120
   1 2037          0.3831494      21501.9336380       5395.6906939
   1 2039          0.4328711      21475.1382656       5615.6503866
   1 2041          0.4357959      21538.6470208       5637.5749648
   1 2043          0.3568262      21491.2654489       5264.0343230
   2 2019          0.3977734      21468.4703596       5520.6210708
   2 2021          0.3860742      21447.3687772       5491.9683005
   2 2023          0.4240967      21417.7026314       5638.3522655
   2 2025          0.4328711      21412.3669915       5649.8535174
   2 2027          0.4445703      21395.2462240       5664.9644891
   2 2029          0.4445703      21504.0610243       5661.1427916
   2 2031          0.4504199      21426.9764632       5670.8811918
   2 2033          0.4504199      21444.7605758       5670.2593527
   2 2035          0.3465894      21445.4210665       5053.8619220
   2 2037          0.3685254      21424.0600455       5310.8389585
   2 2039          0.4211719      21452.1948671       5637.5928815
   2 2041          0.4299463      21444.2178707       5650.8673474
   2 2043          0.4211719      21428.3853697       5594.0847250
   3 2019          0.3977734      21902.4674708       5632.2235072
   3 2021          0.3948486      21865.6981293       5653.0559466
   3 2023          0.4094727      21911.7257760       5698.2716420
   3 2025          0.3919238      21916.9929394       5664.5013218
   3 2027          0.3860742      21898.5153639       5610.5450657
   3 2029          0.3831494      21870.6584320       5577.2318734
   3 2031          0.3860742      21842.4202400       5601.2438064
   3 2033          0.3802246      21828.5659778       5537.8071051
   3 2035          0.3860742      21919.0133248       5613.8749020
   3 2037          0.3860742      21927.4611187       5615.2368365
   3 2039          0.3860742      21870.1569605       5605.8781307
   3 2041          0.3889990      21890.7761642       5635.8283076
   3 2043          0.3714502      21883.5090275       5509.6559876
   4 2019          0.3977734      22238.1558441       5718.5458336
   4 2021          0.3802246      22195.3933259       5627.4830991
   4 2023          0.4211719      22237.3542416       5828.7476023
   4 2025          0.4270215      22211.5399626       5836.3568908
   4 2027          0.3626758      22188.7170983       5482.7136156
   4 2029          0.3626758      22192.9986337       5424.3790737
   4 2031          0.3772998      22179.6221888       5582.0417254
   4 2033          0.4123975      22209.0821777       5768.8580806
   4 2035          0.3860742      22271.8289985       5684.6748410
   4 2037          0.4182471      22244.0980014       5815.9571369
   4 2039          0.3802246      22174.0265058       5658.4530346
   4 2041          0.4036230      22187.7490288       5764.3810945
   4 2043          0.4036230      22181.0235533       5767.0061301
   5 2019          0.3977734      21750.2088158       5593.0701663
   5 2021          0.3860742      21667.9383947       5555.9092324
   5 2023          0.4182471      21719.3505090       5671.2777688
   5 2025          0.3860742      21737.0605447       5582.8182295
   5 2027          0.4123975      21691.9973156       5680.6698395
   5 2029          0.4123975      21744.3570426       5676.8038104
   5 2031          0.4123975      21703.1863579       5619.6036393
   5 2033          0.3539014      21702.7947010       5231.8592030
   5 2035          0.3802246      21750.2620202       5548.2135787
   5 2037          0.3831494      21738.5836389       5569.5139136
   5 2039          0.3772998      21745.3864674       5515.4931533
   5 2041          0.3860742      21701.7837252       5582.6098284
   5 2043          0.3860742      21727.3563583       5585.7336396
   6 2019          0.3977734      22156.6315249       5697.5818401
   6 2021          0.3919238      22154.6330207       5704.9393046
   6 2023          0.4357959      22135.7903016       5847.5463242
   6 2025          0.4123975      22138.2279068       5776.6353950
   6 2027          0.4562695      22184.9175056       5867.6165805
   6 2029          0.4562695      22085.0972357       5874.9320301
   6 2031          0.4387207      22160.4328566       5815.3608280
   6 2033          0.4533447      22144.7697195       5857.7451130
   6 2035          0.4445703      22106.3771238       5838.0727596
   6 2037          0.4357959      22101.3200236       5799.4065995
   6 2039          0.4445703      22191.1972159       5827.0158038
   6 2041          0.4621191      22090.8480521       5885.5403014
   6 2043          0.4328711      22104.4275497       5820.4869440
   7 2019          0.3977734      21768.1921215       5597.6945766
   7 2021          0.3948486      21736.7998474       5620.4639850
   7 2023          0.4211719      21707.7442088       5684.5998116
   7 2025          0.4240967      21724.9120024       5683.2944479
   7 2027          0.4240967      21775.6191652       5666.6111682
   7 2029          0.3919238      21716.8742823       5493.6962950
   7 2031          0.4357959      21713.4469483       5684.0630358
   7 2033          0.4328711      21747.3641304       5681.5342192
   7 2035          0.4240967      21739.9350977       5671.5326759
   7 2037          0.4094727      21791.6873081       5588.6064457
   7 2039          0.3509766      21705.7008620       5141.8323210
   7 2041          0.3743750      21742.1721071       5454.9955158
   7 2043          0.4270215      21720.5090082       5716.1496673
   8 2019          0.3977734      21678.2755930       5574.5725249
   8 2021          0.3743750      21669.8478465       5434.3990549
   8 2023          0.3772998      21609.2877789       5456.6155445
   8 2025          0.4036230      21670.1465586       5608.2015760
   8 2027          0.3860742      21596.0546081       5560.9631789
   8 2029          0.3831494      21609.6594841       5518.6885877
   8 2031          0.4328711      21624.5229987       5714.4846644
   8 2033          0.4153223      21698.8329290       5660.5457227
   8 2035          0.3392773      21678.9809829       4902.8880674
   8 2037          0.3772998      21682.0754622       5497.9412225
   8 2039          0.4211719      21632.7913499       5688.9225308
   8 2041          0.4211719      21623.7368723       5680.3383510
   8 2043          0.4328711      21607.0486781       5659.3236371
   9 2019          0.3977734      21799.3631848       5605.7102212
   9 2021          0.3977734      21771.1413305       5640.1228431
   9 2023          0.4270215      21773.0767619       5736.1277058
   9 2025          0.4270215      21722.1974992       5724.8248909
   9 2027          0.3422021      21714.5803683       4956.5325541
   9 2029          0.3743750      21714.8565308       5467.8216328
   9 2031          0.4182471      21779.7456257       5696.0201143
   9 2033          0.4211719      21725.7884470       5700.5583404
   9 2035          0.4270215      21756.3173950       5700.4293638
   9 2037          0.4328711      21778.9922413       5694.0654885
   9 2039          0.4299463      21773.3874552       5677.5948106
   9 2041          0.4357959      21803.8088712       5700.0243207
   9 2043          0.3422021      21792.8994407       4991.1676893
  10 2019          0.3977734      21758.6010251       5595.2282244
  10 2021          0.3860742      21789.4467535       5578.1973628
  10 2023          0.4299463      21702.9119265       5712.1827022
  10 2025          0.4357959      21719.5634473       5717.0817643
  10 2027          0.4123975      21743.0393901       5615.2044558
  10 2029          0.4240967      21737.2988691       5640.2944697
  10 2031          0.4240967      21704.9017556       5642.7417318
  10 2033          0.4387207      21740.4693450       5698.7060648
  10 2035          0.3597510      21743.3013539       5306.5184799
  10 2037          0.3831494      21696.4627655       5549.5769295
  10 2039          0.3831494      21730.6988869       5554.7220040
  10 2041          0.3860742      21738.9245341       5581.0716143
  10 2043          0.3743750      21699.2704750       5461.7423140
  11 2019          0.3977734      21487.6525524       5525.5537752
  11 2021          0.3802246      21520.3582531       5460.5037079
  11 2023          0.4211719      21445.5104656       5616.8525381
  11 2025          0.3860742      21479.2644061       5510.0257030
  11 2027          0.3831494      21502.5732907       5487.9426994
  11 2029          0.3831494      21431.4796891       5476.7276064
  11 2031          0.3772998      21408.0862803       5431.1749611
  11 2033          0.3860742      21470.2937078       5493.7362076
  11 2035          0.4240967      21459.0548815       5633.4853013
  11 2037          0.3860742      21501.6969522       5515.8296545
  11 2039          0.3860742      21435.1751047       5484.0349690
  11 2041          0.3889990      21461.0373991       5518.6291452
  11 2043          0.3860742      21509.1327202       5498.4330840
  12 2019          0.3977734      21775.3854438       5599.5443407
  12 2021          0.3860742      21696.9967255       5569.4064614
  12 2023          0.4211719      21755.1153465       5702.5723319
  12 2025          0.4211719      21811.2259620       5699.7279776
  12 2027          0.4036230      21796.9162294       5619.1585648
  12 2029          0.4299463      21771.4300323       5672.2825395
  12 2031          0.3495142      21758.8476291       5152.2951088
  12 2033          0.3831494      21703.4458293       5546.8536779
  12 2035          0.4270215      21714.8609468       5726.8395078
  12 2037          0.4299463      21729.9420569       5730.5715882
  12 2039          0.4006982      21757.6274340       5584.8941231
  12 2041          0.3656006      21721.0785267       5400.2876293
  12 2043          0.3743750      21780.8449068       5493.1074967
  13 2019          0.3977734      21428.9070871       5510.4473681
  13 2021          0.3948486      21433.9393232       5532.7103406
  13 2023          0.4153223      21437.2494481       5579.8068516
  13 2025          0.3743750      21391.4486518       5399.1071960
  13 2027          0.3656006      21460.7491374       5315.3249979
  13 2029          0.3772998      21382.8872009       5425.5945356
  13 2031          0.3802246      21381.6705301       5451.4584478
  13 2033          0.3772998      21450.8084076       5435.7330568
  13 2035          0.3656006      21460.1363851       5315.1979285
  13 2037          0.3714502      21381.8351573       5381.3675704
  13 2039          0.3714502      21350.1034055       5376.3157557
  13 2041          0.3772998      21373.9585754       5433.6960210
  13 2043          0.3889990      21363.5901249       5509.9177501
  14 2019          0.3977734      21985.1906771       5653.4957948
  14 2021          0.3889990      21932.1217295       5654.7980812
  14 2023          0.4270215      21937.8007550       5786.7587958
  14 2025          0.4270215      21995.0355169       5779.4214041
  14 2027          0.4387207      21936.4861051       5796.5436791
  14 2029          0.4474951      21965.7691135       5804.9975377
  14 2031          0.4357959      21956.2211583       5770.2896429
  14 2033          0.4270215      21898.0651528       5765.9333055
  14 2035          0.4328711      21923.5670023       5769.5267703
  14 2037          0.3509766      21988.2956620       5268.1215269
  14 2039          0.3772998      21971.7313417       5553.9239429
  14 2041          0.3860742      22021.5597336       5644.9430370
  14 2043          0.3831494      21971.7927921       5611.7810428
  15 2019          0.3977734      21157.9586143       5440.7729189
  15 2021          0.3860742      21156.4708129       5426.7242803
  15 2023          0.4123975      21133.3681280       5507.1087852
  15 2025          0.4153223      21146.7894066       5502.1931650
  15 2027          0.4211719      21079.0435489       5502.8927376
  15 2029          0.3977734      21132.7951646       5399.4606775
  15 2031          0.3480518      21075.5512763       4908.7604337
  15 2033          0.3802246      21130.5132704       5374.4089791
  15 2035          0.3802246      21073.9187156       5365.1175485
  15 2037          0.3831494      21102.1034151       5396.4197458
  15 2039          0.3831494      21093.8863675       5395.1629725
  15 2041          0.3743750      21185.6838681       5325.8719958
  15 2043          0.3685254      21153.3856708       5250.1557571
  16 2019          0.3977734      21860.5064242       5621.4332164
  16 2021          0.3860742      21787.7287904       5600.3096898
  16 2023          0.4065479      21847.7171166       5671.7334151
  16 2025          0.3889990      21834.7729173       5627.3437080
  16 2027          0.4211719      21853.6002717       5727.7595391
  16 2029          0.3772998      21839.4704340       5553.0980118
  16 2031          0.3831494      21874.3207251       5581.3020389
  16 2033          0.4240967      21838.6606063       5733.0021023
  16 2035          0.3626758      21779.5544572       5400.2444700
  16 2037          0.3772998      21793.1867557       5509.0550987
  16 2039          0.4416455      21860.0068676       5775.9246538
  16 2041          0.4153223      21825.2043934       5711.6755406
  16 2043          0.3539014      21776.2270251       5292.5560455
  17 2019          0.3977734      21486.4536654       5525.2454812
  17 2021          0.4065479      21436.7323675       5582.8151595
  17 2023          0.3919238      21412.4058509       5522.0027764
  17 2025          0.4328711      21427.6614616       5653.3742707
  17 2027          0.4416455      21456.2133052       5662.9717291
  17 2029          0.4504199      21409.0592060       5673.3296942
  17 2031          0.4445703      21516.0985677       5654.9471817
  17 2033          0.3465894      21463.6883183       5022.8734038
  17 2035          0.4065479      21477.0415518       5574.5571116
  17 2037          0.3860742      21488.8872017       5515.0358483
  17 2039          0.4065479      21483.8470046       5593.5207369
  17 2041          0.4065479      21466.6589575       5595.6603196
  17 2043          0.4153223      21449.3337371       5583.3933917
  18 2019          0.3977734      22194.9959104       5707.4472488
  18 2021          0.3860742      22151.2664242       5670.9743193
  18 2023          0.4387207      22123.2774892       5860.5431387
  18 2025          0.3831494      22123.1375929       5668.0495827
  18 2027          0.3831494      22184.0180796       5676.1927354
  18 2029          0.3802246      22209.1170841       5654.5463725
  18 2031          0.3772998      22155.1040593       5619.8967626
  18 2033          0.3977734      22182.0766945       5732.5757506
  18 2035          0.3772998      22129.3245541       5611.0959106
  18 2037          0.3802246      22154.9889787       5630.6222845
  18 2039          0.3860742      22142.4859092       5641.8733293
  18 2041          0.3860742      22148.5537517       5661.8096607
  18 2043          0.4182471      22142.5271063       5800.1563228
  19 2019          0.3977734      21551.1935659       5541.8933584
  19 2021          0.3860742      21465.2029714       5516.2952109
  19 2023          0.3919238      21533.1055637       5572.8378731
  19 2025          0.3831494      21498.5058089       5495.3948170
  19 2027          0.3714502      21558.4973187       5383.0373340
  19 2029          0.3656006      21532.9582615       5294.1705204
  19 2031          0.3656006      21557.7278592       5301.2434645
  19 2033          0.3714502      21526.8024716       5376.1524977
  19 2035          0.3685254      21545.9550345       5341.7670234
  19 2037          0.3714502      21550.3916419       5381.2932669
  19 2039          0.3685254      21502.9133081       5330.9884169
  19 2041          0.3714502      21530.9854337       5377.0712854
  19 2043          0.3670630      21524.3694554       5314.8626051
  20 2019          0.3977734      21496.0447617       5527.7118334
  20 2021          0.3831494      21519.2553848       5488.5385370
  20 2023          0.4211719      21481.5048546       5625.0245752
  20 2025          0.4240967      21499.0738249       5625.9565226
  20 2027          0.4065479      21474.0997445       5561.8433879
  20 2029          0.3422021      21472.6113404       4877.2709752
  20 2031          0.3743750      21514.3193365       5402.5503265
  20 2033          0.4065479      21483.9019611       5556.9916508
  20 2035          0.3919238      21437.1889390       5549.1444563
  20 2037          0.4240967      21465.3840727       5650.8873608
  20 2039          0.4328711      21529.3575765       5658.6762477
  20 2041          0.4299463      21472.8983061       5643.9032345
  20 2043          0.4299463      21491.8667339       5615.5260540
  21 2019          0.3977734      22089.4938502       5680.3173748
  21 2021          0.3889990      22047.5872366       5659.9497758
  21 2023          0.4153223      22108.0580657       5759.5353432
  21 2025          0.4211719      22099.3439547       5759.3131207
  21 2027          0.4036230      22084.4974511       5681.0638483
  21 2029          0.3656006      22118.5040587       5453.6730670
  21 2031          0.4065479      22082.1875979       5712.9034114
  21 2033          0.3889990      22106.0763758       5679.3062591
  21 2035          0.3919238      22069.9814831       5701.3318621
  21 2037          0.3919238      22019.1996185       5692.4442997
  21 2039          0.3860742      22098.7471458       5647.4231191
  21 2041          0.3685254      22067.0485256       5506.6866531
  21 2043          0.3802246      22080.9889839       5618.1186982
  22 2019          0.3977734      22239.3547312       5718.8541277
  22 2021          0.3860742      22165.6913996       5686.0788082
  22 2023          0.4123975      22218.2624378       5789.2338201
  22 2025          0.3860742      22182.2793979       5687.2365473
  22 2027          0.3889990      22229.9304004       5722.3732948
  22 2029          0.3656006      22240.8707845       5500.4509480
  22 2031          0.3831494      22173.1190297       5656.8305835
  22 2033          0.3889990      22191.7457077       5716.9680811
  22 2035          0.3889990      22171.3019238       5713.7642638
  22 2037          0.3831494      22226.6294354       5666.4601162
  22 2039          0.3831494      22197.0787764       5661.1800591
  22 2041          0.3772998      22164.1797895       5624.2628007
  22 2043          0.3743750      22192.8017618       5599.3009587
  23 2019          0.3977734      21350.9794290       5490.4082566
  23 2021          0.3831494      21360.4957522       5451.4618936
  23 2023          0.4182471      21333.3878455       5593.5649500
  23 2025          0.3889990      21355.4682282       5514.6278082
  23 2027          0.3860742      21313.7516401       5485.3677086
  23 2029          0.4006982      21305.8301014       5528.0135401
  23 2031          0.3919238      21337.9603039       5524.7726936
  23 2033          0.3889990      21316.7931033       5462.3007877
  23 2035          0.3860742      21327.7502805       5477.4741972
  23 2037          0.4123975      21337.7078979       5554.5610613
  23 2039          0.4153223      21274.4581290       5558.0207427
  23 2041          0.4211719      21269.2192219       5551.0736436
  23 2043          0.4153223      21272.4047938       5558.2556138
  24 2019          0.3977734      21963.6107103       5647.9465024
  24 2021          0.3860742      21965.5457983       5626.9778311
  24 2023          0.3860742      21914.4633740       5618.5193773
  24 2025          0.3860742      21904.9168514       5625.7693578
  24 2027          0.3831494      21892.9134757       5597.4044748
  24 2029          0.3802246      21994.1518131       5585.7735254
  24 2031          0.3831494      21966.9005180       5608.9322088
  24 2033          0.3714502      21929.6442197       5512.6184836
  24 2035          0.3568262      21954.6633766       5347.7281691
  24 2037          0.3597510      21956.7061297       5390.5670127
  24 2039          0.3948486      21906.1946014       5674.5926791
  24 2041          0.4211719      21951.5747244       5771.9118539
  24 2043          0.4387207      21938.8620971       5801.5920166
  25 2019          0.3977734      22606.2141677       5813.1920987
  25 2021          0.3860742      22545.4882851       5774.8864776
  25 2023          0.4328711      22578.2584294       5955.7327572
  25 2025          0.3889990      22564.6132633       5818.1702682
  25 2027          0.3860742      22629.5784158       5802.0415177
  25 2029          0.3743750      22591.9294129       5676.1062160
  25 2031          0.3714502      22520.1029891       5632.2673231
  25 2033          0.3977734      22636.1389297       5827.6312003
  25 2035          0.3831494      22542.2243116       5766.3302145
  25 2037          0.4094727      22524.1682682       5875.6354169
  25 2039          0.3860742      22579.6320901       5798.4666230
  25 2041          0.4006982      22584.3618966       5812.1831886
  25 2043          0.3948486      22540.4061587       5837.3318794
  26 2019          0.3977734      21994.7817735       5655.9621470
  26 2021          0.3831494      21935.7500392       5596.9535283
  26 2023          0.4270215      21969.7559234       5765.0961805
  26 2025          0.4211719      22020.6229677       5757.5732327
  26 2027          0.4299463      21953.5120813       5738.7607839
  26 2029          0.4416455      21973.2293694       5774.0195864
  26 2031          0.3495142      21962.0076550       5205.0689170
  26 2033          0.3831494      21932.5523346       5587.3174330
  26 2035          0.3889990      21986.6475016       5608.4848294
  26 2037          0.4094727      22029.8333481       5703.9829360
  26 2039          0.4094727      22006.8367570       5707.5069679
  26 2041          0.4123975      21947.4953107       5708.6656445
  26 2043          0.4123975      21990.0116387       5702.1525737
  27 2019          0.3977734      21749.0099288       5592.7618722
  27 2021          0.3831494      21733.6371546       5541.4421620
  27 2023          0.4270215      21663.8739027       5710.1161676
  27 2025          0.3889990      21730.9970768       5598.9002188
  27 2027          0.3802246      21686.3220337       5510.5133635
  27 2029          0.3772998      21722.4732040       5497.2146409
  27 2031          0.3714502      21671.3573831       5442.3979099
  27 2033          0.3714502      21759.8290535       5458.0697113
  27 2035          0.3772998      21673.6691998       5502.3893434
  27 2037          0.3743750      21730.0295778       5482.9986556
  27 2039          0.3743750      21674.0732786       5473.8268449
  27 2041          0.3597510      21757.3485981       5305.6625522
  27 2043          0.3743750      21674.3453198       5452.5794510
  28 2019          0.3977734      21689.0655764       5577.3471711
  28 2021          0.3831494      21714.5732593       5530.9129642
  28 2023          0.4240967      21658.0506040       5673.7580902
  28 2025          0.3831494      21699.7372435       5540.4860437
  28 2027          0.3831494      21627.8698151       5529.4256621
  28 2029          0.3802246      21625.3397987       5501.1383710
  28 2031          0.3802246      21711.0519845       5515.2993444
  28 2033          0.3772998      21652.5054864       5476.0133611
  28 2035          0.3802246      21625.1259112       5501.1021635
  28 2037          0.3743750      21703.8312394       5487.6050015
  28 2039          0.3626758      21722.9580552       5344.2809888
  28 2041          0.3772998      21641.6111967       5452.6410207
  28 2043          0.4328711      21692.3799523       5708.4128272
  29 2019          0.3977734      22191.3992493       5706.5223667
  29 2021          0.3831494      22200.2397896       5665.8286669
  29 2023          0.4387207      22107.3727389       5865.2927726
  29 2025          0.4240967      22182.4352767       5824.0617437
  29 2027          0.4591943      22162.3959063       5886.7797222
  29 2029          0.4621191      22214.9462200       5897.3639476
  29 2031          0.4474951      22183.4442848       5866.1702815
  29 2033          0.4504199      22108.8894850       5862.0886089
  29 2035          0.4591943      22173.0605819       5886.6561701
  29 2037          0.3743750      22114.0435393       5519.3885784
  29 2039          0.3685254      22208.4054000       5528.8179808
  29 2041          0.4270215      22196.7941082       5822.7417557
  29 2043          0.3831494      22197.0214372       5668.7291142
  30 2019          0.3977734      22732.0973077       5845.5629711
  30 2021          0.3889990      22652.8697283       5831.2618095
  30 2023          0.3860742      22724.1997931       5813.7375267
  30 2025          0.3889990      22678.2493206       5835.7774394
  30 2027          0.3802246      22723.6800553       5745.3685013
  30 2029          0.3597510      22682.9924975       5559.1674752
  30 2031          0.3714502      22760.3296710       5719.0984176
  30 2033          0.3831494      22728.3595028       5820.1527471
  30 2035          0.3802246      22697.9695830       5792.0789581
  30 2037          0.3714502      22768.4784996       5675.4763931
  30 2039          0.4036230      22699.3649164       5880.5005929
  30 2041          0.4006982      22741.1417804       5900.4173322
  30 2043          0.4153223      22664.6525304       5906.0041187
  31 2019          0.3977734      21311.4161564       5480.2345538
  31 2021          0.3860742      21307.6875409       5458.6410855
  31 2023          0.4270215      21312.9041435       5601.6617604
  31 2025          0.3743750      21249.7506082       5388.1966278
  31 2027          0.3772998      21237.7092499       5394.3676538
  31 2029          0.3831494      21298.3989393       5451.9802766
  31 2031          0.3743750      21229.1925562       5365.5414544
  31 2033          0.3772998      21248.6556643       5393.9005567
  31 2035          0.3685254      21270.9086328       5314.1573288
  31 2037          0.3860742      21286.6683201       5451.7457369
  31 2039          0.4182471      21255.1532563       5577.2563203
  31 2041          0.3889990      21274.3945833       5487.6984417
  31 2043          0.3802246      21306.3202991       5418.7592619
  32 2019          0.3977734      22425.1822236       5766.6397012
  32 2021          0.3919238      22389.5605299       5766.8503902
  32 2023          0.4240967      22397.2546775       5873.3978333
  32 2025          0.3860742      22443.8285544       5750.0394528
  32 2027          0.3860742      22351.2116695       5710.1773563
  32 2029          0.3714502      22397.5489073       5594.9978273
  32 2031          0.3802246      22352.6030632       5671.1781079
  32 2033          0.4065479      22357.6433608       5796.7745415
  32 2035          0.3831494      22450.5091820       5721.5913358
  32 2037          0.3802246      22398.2324590       5681.1626598
  32 2039          0.3772998      22447.5503187       5657.1723503
  32 2041          0.3714502      22392.3108725       5564.9725025
  32 2043          0.3772998      22406.5835670       5648.7016463
  33 2019          0.3977734      21883.2852781       5627.2908028
  33 2021          0.3948486      21879.7703942       5674.5404018
  33 2023          0.3919238      21901.7589701       5650.1319006
  33 2025          0.3889990      21854.0262950       5609.3704098
  33 2027          0.3802246      21854.7809009       5492.5048787
  33 2029          0.3802246      21869.4719583       5497.0670264
  33 2031          0.4036230      21869.3103202       5641.4477232
  33 2033          0.3831494      21819.5925353       5582.1885378
  33 2035          0.3772998      21882.3655607       5536.5681183
  33 2037          0.3831494      21877.7322417       5583.2708000
  33 2039          0.4211719      21874.6242709       5736.8747816
  33 2041          0.3743750      21902.6687318       5528.1557268
  33 2043          0.3772998      21903.8232849       5555.0068335
  34 2019          0.3977734      21463.6748115       5519.3878948
  34 2021          0.3772998      21484.1390844       5419.0755052
  34 2023          0.4094727      21473.9384623       5559.9164907
  34 2025          0.3860742      21460.7414227       5496.6431114
  34 2027          0.4094727      21483.3201437       5575.3062478
  34 2029          0.3860742      21495.8476470       5508.6189647
  34 2031          0.3919238      21408.8191697       5543.9838641
  34 2033          0.3889990      21407.9355804       5520.3647942
  34 2035          0.3685254      21463.0827855       5309.8046638
  34 2037          0.3465894      21450.5369439       5032.2405386
  34 2039          0.3714502      21405.6114957       5348.6251442
  34 2041          0.4182471      21458.5156915       5598.5123547
  34 2043          0.3860742      21397.2151544       5500.5598378
  35 2019          0.3977734      21060.8487635       5415.8011030
  35 2021          0.3743750      20993.3787419       5264.3556636
  35 2023          0.4123975      21011.8064324       5476.8578034
  35 2025          0.3802246      21041.5663750       5353.5409242
  35 2027          0.3714502      21058.1231974       5263.9980393
  35 2029          0.3889990      21010.3382812       5356.3896333
  35 2031          0.3919238      20987.1213208       5382.9556678
  35 2033          0.3919238      21083.4553510       5413.3049578
  35 2035          0.3948486      20998.8889124       5398.1049142
  35 2037          0.3889990      21019.1942320       5409.8545713
  35 2039          0.4153223      20979.3292384       5495.5649996
  35 2041          0.3802246      21054.2717344       5354.7573047
  35 2043          0.4094727      20990.1807979       5476.4841522
  36 2019          0.3977734      21701.0544469       5580.4301113
  36 2021          0.3802246      21721.4141282       5516.2453009
  36 2023          0.4211719      21728.2980123       5670.9923264
  36 2025          0.3889990      21709.0582790       5576.8214946
  36 2027          0.4182471      21686.6985469       5671.4844065
  36 2029          0.4211719      21663.6945576       5674.1425506
  36 2031          0.4211719      21669.3314608       5673.7821687
  36 2033          0.4328711      21692.7034643       5676.8725791
  36 2035          0.4328711      21690.7766061       5676.9953997
  36 2037          0.4270215      21707.5803080       5673.6607829
  36 2039          0.4328711      21624.1899843       5681.2303962
  36 2041          0.4357959      21654.7315882       5680.3941992
  36 2043          0.4094727      21727.0244444       5589.5231601
  37 2019          0.3977734      22039.1405943       5667.3690258
  37 2021          0.3977734      22009.1429542       5703.5126000
  37 2023          0.4240967      22013.0070096       5781.1785232
  37 2025          0.3831494      21994.7943495       5626.0780922
  37 2027          0.3948486      22026.0592627       5650.9323245
  37 2029          0.3831494      21990.1978088       5628.1890688
  37 2031          0.4299463      22014.3502131       5794.5972392
  37 2033          0.4270215      22019.6644610       5790.5751246
  37 2035          0.4211719      21965.2838467       5749.3590929
  37 2037          0.4328711      22021.8779833       5752.0325984
  37 2039          0.4211719      22074.7200154       5704.9403450
  37 2041          0.4270215      22009.3821178       5725.1168841
  37 2043          0.4474951      22001.9667748       5801.7839843
