2019 2020 2021 2022 2023 2024 2025 2026 2027 2028 2029 2030 2031 2032 2033 2034 2035 2036 2037 2038 2039 2040 2041 2042 2043 2044 2045
 0.3700447  0.2240921  0.2012839  0.3879714  0.4214500  0.2162359  0.1852436  0.5626322  0.9326683        NaN        NaN        NaN        NaN        NaN        NaN        NaN        NaN        NaN        NaN  2.0181560  5.5098333        NaN        NaN        NaN  0.1532670  0.2516506  0.2402384
 0.3581629  0.2401023  0.2449365  0.8301362  2.1245535        NaN        NaN        NaN        NaN        NaN        NaN        NaN        NaN        NaN        NaN        NaN  0.0789604  0.0922027  0.0826149  0.8979049  1.3004016  2.8289398        NaN        NaN        NaN  4.0573753        NaN
 0.3469262  0.3507220  0.3524018  0.5282930  0.5333916  0.5375827  0.7451623  0.3489375  0.3169749  0.2319564  0.2385097  0.3159304  0.3010671  0.1699701  0.1589361  0.2900443  0.2974774  0.2958902  0.2953171  0.2506040  0.2599851  0.4401202  0.5655510  0.2822565  0.2022557  0.2028067  0.1951136
 0.3481117  0.1426990  0.1432966  0.6475045  0.7825139  1.0595789        NaN        NaN  0.1408957  0.0750041  0.0799971  0.1227369  0.1063033  0.1947759  0.2048576  0.1835154  0.1966835  0.4270662  0.4908761  0.2784637  0.2528038  0.3070569  0.2911244  0.3464465  0.4399478  0.4092647  0.4926019
 0.3492800  0.2021610  0.1942508  0.4510664  0.5516115  0.3615170  0.3687229  1.2187629  2.4523096        NaN        NaN        NaN  2.3749673  0.0851186  0.0828271  0.2532945  0.2601080  0.3605705  0.3932433  0.2164081  0.1984782  0.3672780  0.4580582  0.6815388  1.2922023  0.4210027  0.2936960
 0.3398981  0.3420293  0.3442225  1.1012437        NaN        NaN        NaN  2.6276554        NaN        NaN        NaN        NaN        NaN        NaN        NaN        NaN        NaN        NaN        NaN        NaN        NaN        NaN        NaN        NaN        NaN  8.5247401        NaN
 0.3830502  0.4160645  0.4186634  0.4977938  0.5948792  0.6896840  1.2435606        NaN        NaN        NaN        NaN  1.6212272  4.7919078  1.6881636  1.7076267        NaN        NaN        NaN  1.3220693  0.0719971  0.0693159  0.1314245  0.1136673  0.4119373  0.4463884  0.5187800  0.8214352
 0.3706689  0.1108507  0.1047234  0.1145078  0.1253004  0.2993296  0.3828132  0.4874739  0.4652601  0.2898435  0.2600115  0.3677004  0.4449171  0.3448156  0.4275520  0.3080507  0.2149204  0.2636349  0.2206240  1.2318109  3.6975605        NaN        NaN  2.5855612        NaN        NaN  0.0797197
 0.3644012  0.4109284  0.4274284  0.9696544  4.7309862        NaN        NaN  2.4903310  0.0641007  0.1398199  0.1159089  0.3493047  0.3506488  0.3908259  0.5106035  0.5611915  0.9320673  1.0810452  1.0375833  0.9838570  0.9480754  0.7269546  0.1390560  0.1091127  0.0706574  0.1404134  0.1392981
 0.3855958  0.3296499  0.3339718  0.5768363  0.6422220  0.6721169  1.1905622        NaN        NaN        NaN        NaN        NaN        NaN  2.5966153        NaN  0.1186591  0.1051149  0.2223133  0.2205960  0.2640676  0.3297189  0.5691279  0.8489574  0.4533541  0.4114566  0.2845520  0.2667941
 0.3454323  0.1879645  0.1784991  0.3900355  0.4608628  0.2834713  0.3090347  0.2442291  0.2597954  0.2583471  0.2751534  0.3049150  0.2531482  0.2849749  0.2666483  0.3732667  0.3728709  0.3061539  0.3073330  0.2959577  0.3344608  0.5077610  0.6516851  0.5519458  0.6701030  0.8969958  1.2015334
 0.3874715  0.2785285  0.2623999  0.5482328  0.7252487  1.0678341        NaN        NaN        NaN        NaN  2.2974752  0.0906056  0.0734639  0.1851487  0.1701461  0.4879200  0.5756338  0.8191781  0.5774680  0.2040438  0.1585593  0.1923562  0.2008719  0.4433192  0.3890753  0.3138598  0.3045343
 0.4074468  0.3771476  0.3727703  0.5328327  0.6132064  0.1724835  0.1508920  0.1081562  0.1168630  0.2137717  0.2584971  0.3627805  0.4177853  0.4443094  0.5355378  0.3115157  0.3127285  0.3206334  0.1906374  0.1489099  0.1441680  0.2047393  0.2206605  0.4482753  0.5404812  0.3447512  0.2304407
 0.3874858  0.3113357  0.2887676  1.1607282        NaN        NaN        NaN        NaN        NaN        NaN        NaN  0.7153238  0.5423473  0.7029455  0.8839692  0.9888918  0.9570389  0.1167213  0.1009669  0.1646418  0.1402219  0.3001844  0.3838803  0.3740595  0.4957494  0.3808123  0.4486599
 0.4330903  0.3111554  0.2969618  0.4416934  0.4872131  0.3921037  0.4410163  0.4677173  0.7178935  1.3273524  6.2279545  0.0746830  0.0562743  0.1733056  0.1762121  0.1764776  0.2049552  0.3027019  0.3636566  0.3766742  0.3670750  0.2428222  0.2512331  0.1833371  0.1686776  0.1735265  0.1453188
 0.3942923  0.2556535  0.2443129  0.3200912  0.3549251  0.4251261  0.4460043  0.8997265  1.1610601  0.4140039  0.3129974  0.2368061  0.2269701  0.5804955  0.7431513  0.2660023  0.1972102  0.1463997  0.1226871  0.4602256  0.6603526  2.1610531        NaN        NaN  0.4701717  0.1502814  0.1208166
 0.3817389  0.5040019  0.5353968  0.2851663  0.2923268  0.5088953  0.6034127  0.5919907  0.7893021  0.7471934  0.7152337  0.7033597  0.1492310  0.1096507  0.0798798  0.3339768  0.3549317  0.3772215  0.3965684  0.5009248  0.5421476  0.8392028  1.8859060  1.7927761        NaN  1.0193904  0.6587525
 0.3184712  0.2047608  0.2033668  0.6939952  0.9320841  0.2916301  0.2611768  0.2768115  0.3180103  0.3392366  0.3831022  0.2597647  0.2519798  0.3358935  0.3944857  0.1988004  0.1791372  0.2244166  0.2445165  0.2263046  0.1948825  0.2195428  0.2213864  0.3038112  0.2564553  0.2725908  0.2710813
 0.3667083  0.2492120  0.2344330  0.6653265  1.3814864  1.0433672  1.4160024  0.6694515  0.6432769  0.4227998  0.3180725  0.2454549  0.2354274  0.3195641  0.3065968  0.2350771  0.2107834  0.2442410  0.2496888  0.1948490  0.1890165  0.2494151  0.3019428  0.2525729  0.2242789  0.2095702  0.1317149
 0.3677299  0.2741865  0.2667735  0.7939604  1.1627973  1.2827806  4.9673531        NaN        NaN  1.4139065  0.0542687  0.1293449  0.1229141  0.3116068  0.3033317  0.3934374  0.4181821  0.9105160  2.1719150  3.9041828  2.6511093  2.0583572        NaN        NaN        NaN        NaN  3.9611957
 0.3255887  0.2112978  0.2009349  0.2556689  0.2978791  0.1689702  0.1739178  0.1770942  0.1814225  0.1315549  0.1146566  0.2799913  0.2801576  0.2363010  0.2471791  0.3658533  0.4939550  0.6242242  1.0600229  0.7100727  0.5936214  0.1330727  0.1131899  0.2122529  0.2157393  0.2223363  0.1751879
 0.3397852  0.2199264  0.2178708  0.5633678  0.6715481  0.2104497  0.2048851  0.3193792  0.3781707  0.1279310  0.1038479  0.1614801  0.1482875  0.2586592  0.3035493  0.3513434  0.4429241  0.3580724  0.3650764  0.3409774  0.3125959  0.2106568  0.1629831  0.1317630  0.1342216  0.1358443  0.1410628
 0.3834312  0.2235341  0.2165662  0.8850684  1.3299775  2.1060857        NaN  0.5382705  0.4088558  0.7147259  0.7369317  1.1394266  1.6941835  0.6645627  0.4199424  0.3917252  0.3499497  0.4029172  0.4154923  0.4389936  0.5344045  0.4625223  0.4797946  0.6030296  0.6514107  0.7866052  1.1671570
 0.3568089  0.2442485  0.2272764  0.2168893  0.2532281  0.2697373  0.2617999  0.2142439  0.2185184  0.2205230  0.2369077  0.3189305  0.3705602  0.2820518  0.2304864  0.1482918  0.1460180  0.1681804  0.1144465  0.2683415  0.2797049  0.4791758  0.6761440  0.3320869  0.4514208  0.2636471  0.2597818
 0.3219950  0.2109780  0.1873777  0.5944408  0.7014582  0.3646835  0.3962508  0.4313815  0.5705546  0.2582554  0.2289685  0.1438255  0.1090014  0.1676451  0.1764384  0.3858590  0.3992860  0.2551748  0.2616248  0.2795976  0.6031260  0.3634268  0.2176823  0.3321091  0.3292353  0.3259240  0.4138260
 0.3351417  0.1812878  0.1826548  0.3072921  0.3695298  0.6813548  1.6310160  1.9540315  2.0168523  1.3397117  0.8821833  0.1020772  0.0814403  0.1549822  0.1441515  0.1268661  0.1225300  0.1890423  0.2162280  0.2658346  0.3116025  0.3246633  0.3335904  0.3376486  0.3977658  0.2878948  0.2881562
 0.3404215  0.1903382  0.1795995  0.3907019  0.4377739  0.3155419  0.3559011  0.1941280  0.1983487  0.2213846  0.2071974  0.1424994  0.1204535  0.1333426  0.1495320  0.2086495  0.2239301  0.2240579  0.2436035  0.2408640  0.2448990  0.1341974  0.1311560  0.1612658  0.1482919  0.1935516  0.1645528
 0.3831411  0.2458216  0.2428720  0.6013286  0.7247637  0.2718984  0.2264165  0.1972802  0.2243271  0.2162379  0.2316971  0.2903628  0.3097983  0.2377975  0.2519211  0.3450055  0.4404114  0.4307254  0.2859527  0.1375593  0.1012043  0.1186477  0.1150603  0.5193284  0.7374453  1.9523436        NaN
 0.3449323  0.2098707  0.1930933  0.7965393  1.2058287  2.0924768        NaN        NaN        NaN  1.8292079  1.2105422  1.3631157  2.6194211        NaN        NaN        NaN        NaN        NaN  0.2114717  0.1277663  0.1189156  0.5522047  0.5818551  0.2600832  0.2760361  0.1409008  0.1145743
 0.3105468  0.2455570  0.2568158  0.2577569  0.3147066  0.4976619  0.8524874  0.7211357  0.7591917  0.3312050  0.0905392  0.1413767  0.1415548  0.3068664  0.3735754  0.3648338  0.3702544  0.1311889  0.1182568  0.2810963  0.3038621  0.7171367  1.1050530  0.6111697  1.0970692  0.2875364  0.1984729
 0.3946093  0.2721011  0.2682126  0.7101680  1.3762520        NaN  0.3812979  0.1735741  0.1450715  0.2654323  0.3090853  0.1983044  0.2088624  0.2417667  0.2175504  0.1921555  0.1661569  0.2522549  0.2418199  0.3003423  0.3614329  0.6880970  0.8917853  0.8698090  1.3907998  1.8736259  3.0974326
 0.3114949  0.2898038  0.2960588  0.4481379  0.4635946  0.2339137  0.2512764  0.2039734  0.2075587  0.1165968  0.1143863  0.1594044  0.1421560  0.2060144  0.2171475  0.2083567  0.2139637  0.1793975  0.2128261  0.2293967  0.2761210  0.2094360  0.1964251  0.2742902  0.3032456  0.2848832  0.2354276
 0.3588675  0.7316730  0.9548122  0.7917720  1.4472588  1.3093010  2.4814837  0.5436163  0.3044585  0.2418805  0.2122602  0.3399679  0.3235207  0.2603848  0.2466216  0.2018855  0.2116824  0.2355745  0.2041594  0.4264736  0.9089662  0.3482091  0.2092335  0.2173149  0.2372889  0.2773804  0.3541511
 0.3602931  0.1554703  0.1488474  0.2773547  0.2835132  0.2376321  0.2442181  0.3272851  0.3530574  0.2984634  0.3109387  0.5436134  0.8761241  1.1988917        NaN  1.7619253  0.6209901  0.1715586  0.0710692  0.1101050  0.0985343  0.3177086  0.3645806  0.3070585  0.3453464  0.2120793  0.2058989
 0.4004679  0.1136341  0.1027983  0.3384878  0.3662631  0.1898007  0.1917236  0.1458515  0.1479888  0.1286296  0.1158295  0.1991294  0.2232297  0.3128785  0.4303020  0.3155121  0.3290442  0.2752642  0.2682899  0.4044888  0.3985857  0.2179569  0.1896771  0.3567985  0.3935393  0.6541256  1.0314787
 0.3703705  0.1889012  0.1873366  0.3170441  0.3180257  0.2280179  0.2641562  0.6220600  0.7616701  0.8659118  1.4205345        NaN        NaN        NaN        NaN        NaN        NaN        NaN        NaN        NaN        NaN        NaN  2.3504385  0.4995869  0.4061677  0.1810806  0.1538462
 0.3258980  0.4346115  0.4606945  0.7254994  0.8834950  0.3000439  0.2601818  0.5249773  0.5410660  0.3231006  0.2375005  0.3932410  0.4073280  0.6307156  1.0501567  1.5767572        NaN        NaN        NaN        NaN        NaN        NaN        NaN  2.5703170  2.8444031  2.5805461        NaN
 0.3571923  0.3254636  0.3249005  0.7936210  1.7483517        NaN        NaN        NaN  0.0840920  0.1573715  0.1393834  0.3125456  0.3596256  0.3599955  0.3453847  0.6187516  0.6822767  0.1965752  0.1671430  0.2142023  0.2222462  0.4370862  0.4479892  0.3317306  0.2980956  0.9231136  1.5834141
 0.3827605  0.2178573  0.2032773  0.3987698  0.4152029  0.3545981  0.4010430  0.4331373  0.5527811  0.4149694  0.4407649  0.2412054  0.1544708  0.2101386  0.2187142  0.3875684  0.4781120  0.3885596  0.4467723  0.4551946  0.4679248  0.5682173  0.6451606  0.5853271  0.5746748  0.6996582  0.8672667
 0.4425226  0.3243396  0.3109852  0.8128185  1.0374627  0.3197696  0.2577216  0.2648254  0.2389687  0.3114110  0.5641451  0.6036968  0.7267044  0.6655115  0.9481739  1.5220961        NaN        NaN        NaN        NaN        NaN        NaN  2.7254675  0.0642020  0.0634685  0.1591128  0.1751307
 0.4173530  0.3608377  0.3622572  0.8974957  2.1891099        NaN        NaN        NaN        NaN  4.1947143        NaN        NaN        NaN        NaN        NaN        NaN        NaN        NaN  4.5538037  0.0977566  0.0939829  0.1697347  0.1682255  0.1938864  0.1817140  0.2660432  0.3233884
 0.3579241  0.3884870  0.3899113  0.8594052  2.4971606        NaN        NaN        NaN        NaN        NaN        NaN        NaN        NaN        NaN        NaN        NaN  0.2697138  0.1842828  0.1694768  0.3193198  0.3142009  0.2142175  0.2142305  0.3375511  0.3607482  0.1889921  0.1744162
 0.2962493  0.3757017  0.3815839  0.8519196  1.3214494  0.5065077  0.4296490  0.1754608  0.1829530  0.1384883  0.1317731  0.1913599  0.2026803  0.1198553  0.1168830  0.2349684  0.2602607  0.3531448  0.4355752  0.4119544  0.4081311  0.3414674  0.3334522  0.2434231  0.2076375  0.1086552  0.0892328
