FL 2019 2020 2021 2022 2023 2024 2025 2026 2027 2028 2029 2030 2031 2032 2033 2034 2035 2036 2037 2038 2039 2040 2041 2042 2043 2044 2045
 1  0.7288134  0.6828020  0.6551168  0.6442623  0.6432531  0.6833965  0.6847204  0.6833505  0.6551309  0.6076248  0.4969127  0.6143658  0.6243151  0.5412637  0.4715533  0.6312237  0.6419058  0.5456657  0.4391464  0.6706421  0.6798916  0.6341035  0.5787605  0.5507262  0.6522412  0.6643209  0.6673301
 2  0.5725724  0.5236363  0.4985682  0.4803558  0.5234242  0.5745335  0.5796115  0.5570706  0.4924854  0.4437434  0.4817313  0.5522071  0.5499802  0.4762262  0.4652584  0.5739920  0.5651878  0.4743729  0.4623668  0.6027425  0.6003249  0.5620703  0.5107554  0.5285452  0.5790459  0.5886711  0.5672705
 3  0.7521145  0.7089222  0.6788408  0.6641051  0.6567562  0.7023872  0.7065821  0.7021812  0.6719227  0.6232075  0.4999144  0.6358857  0.6498299  0.5644150  0.4745519  0.6485404  0.6675469  0.5707696  0.4322783  0.6903250  0.7060980  0.6582999  0.6007160  0.5584910  0.6744191  0.6885629  0.6879520
 4  0.4566311  0.4168102  0.3872622  0.3617270  0.4751253  0.5216510  0.4858164  0.4201987  0.3597494  0.3609385  0.4656421  0.5128943  0.4937884  0.4144694  0.4504327  0.5318424  0.5084568  0.4049570  0.4573508  0.5550030  0.5430543  0.5030176  0.4531781  0.4959960  0.5327024  0.5042749  0.4522345
 1  0.7290193  0.6837632  0.6538837  0.6416599  0.6036787  0.5886541  0.6235335  0.6164710  0.6030133  0.6273155  0.6259916  0.6100306  0.6236051  0.6182788  0.6265600  0.6286401  0.6302514  0.6925327  0.6964623  0.7009768  0.6522131  0.5945405  0.5570728  0.3946190  0.4858445  0.6351847  0.6464525
 2  0.5731135  0.5245497  0.4968961  0.4787089  0.4450186  0.4750650  0.5365191  0.5353490  0.5312306  0.5502287  0.5427952  0.5271186  0.5321447  0.5330845  0.5408200  0.5389326  0.5670443  0.5995787  0.6009230  0.5823143  0.5119117  0.4884164  0.5019147  0.3632335  0.4795693  0.5736974  0.5749875
 3  0.7523618  0.7097663  0.6775586  0.6614367  0.6210544  0.6020160  0.6395425  0.6383354  0.6205454  0.6458786  0.6480028  0.6285632  0.6418875  0.6373325  0.6440634  0.6493277  0.6438922  0.7138717  0.7189511  0.7197739  0.6699734  0.6107530  0.5726799  0.4117798  0.4875405  0.6547250  0.6701775
 4  0.4573780  0.4167930  0.3850618  0.3637664  0.3520125  0.4316016  0.4909048  0.4660112  0.4728590  0.4963854  0.4671523  0.4572001  0.4679882  0.4652534  0.4813690  0.4664750  0.5157272  0.5398433  0.5057392  0.4553208  0.4098284  0.4338739  0.4607097  0.3381332  0.4650382  0.5292773  0.5201902
 1  0.7283085  0.6840649  0.6466329  0.6287593  0.6218894  0.6139382  0.6135961  0.6272912  0.6549175  0.6641869  0.6717418  0.6818962  0.6951342  0.6982469  0.6979377  0.7066071  0.7018217  0.7030052  0.6988577  0.6975341  0.6950186  0.6924457  0.6898347  0.6917942  0.7041976  0.7048491  0.6989521
 2  0.5726575  0.5248717  0.4908443  0.4823712  0.4907911  0.4906826  0.4919521  0.5204401  0.5488260  0.5515180  0.5439248  0.5439519  0.5605432  0.5678479  0.5707459  0.5705661  0.5661464  0.5652427  0.5656249  0.5640143  0.5534284  0.5386186  0.5329309  0.5662991  0.5949535  0.5992131  0.5822295
 3  0.7516802  0.7099042  0.6704944  0.6480646  0.6391033  0.6323711  0.6302784  0.6431123  0.6735987  0.6836723  0.6900720  0.6983330  0.7121936  0.7177419  0.7162203  0.7246548  0.7199657  0.7211605  0.7174343  0.7161872  0.7135165  0.7095260  0.7058884  0.7087958  0.7247059  0.7269778  0.7194835
 4  0.4573648  0.4163187  0.3813941  0.3943752  0.4201988  0.4074349  0.4136545  0.4645260  0.4806642  0.4624470  0.4382703  0.4543815  0.4892193  0.4829300  0.4770240  0.4768432  0.4751010  0.4779980  0.4781148  0.4726673  0.4472562  0.4232347  0.4457547  0.5071746  0.5312931  0.5152419  0.4654782
 1  0.7292546  0.6838715  0.6593669  0.6516887  0.6369933  0.6311129  0.6281768  0.6341679  0.6490081  0.6869561  0.6977684  0.7028685  0.7148733  0.7172441  0.7181182  0.7188870  0.7197195  0.7229503  0.7051875  0.6921054  0.6950348  0.7045262  0.6877155  0.6721564  0.6615020  0.6549704  0.6546499
 2  0.5718989  0.5240255  0.5020179  0.4876942  0.4692879  0.4666906  0.4833580  0.5173844  0.5633654  0.5935121  0.5983714  0.5909324  0.5797383  0.5671999  0.5486973  0.5381574  0.5421096  0.5487224  0.5466196  0.5442208  0.5668377  0.5817050  0.5654335  0.5321868  0.5017494  0.5025680  0.5193999
 3  0.7524902  0.7101030  0.6830121  0.6711907  0.6539020  0.6471622  0.6433949  0.6503077  0.6653097  0.7074697  0.7198080  0.7216907  0.7327819  0.7346911  0.7338250  0.7341472  0.7347240  0.7389800  0.7224192  0.7095935  0.7123963  0.7242977  0.7085724  0.6907576  0.6780048  0.6708487  0.6719392
 4  0.4556608  0.4177696  0.3887487  0.3702352  0.3694585  0.3773361  0.4146967  0.4598639  0.5102295  0.5314001  0.5081956  0.4860826  0.4784668  0.4515472  0.4267408  0.4204559  0.4432609  0.4528597  0.4496893  0.4577911  0.4958886  0.5061768  0.4624353  0.4068980  0.3944958  0.4272570  0.4493954
 1  0.7307392  0.6865300  0.6579906  0.6470180  0.6323066  0.6435944  0.6538625  0.6679212  0.6402597  0.6296159  0.5809368  0.3632018  0.6400491  0.6967366  0.6904615  0.6978523  0.6937756  0.6958395  0.7025139  0.7130456  0.7037168  0.6992128  0.6957422  0.6930285  0.6842129  0.6709157  0.6920006
 2  0.5709265  0.5237572  0.4986144  0.4857530  0.4933326  0.5243154  0.5441452  0.5510888  0.5370319  0.5349567  0.4893299  0.3585180  0.5966536  0.6075747  0.6113216  0.5991177  0.5686380  0.5384506  0.5515305  0.5827743  0.5830183  0.5649084  0.5376345  0.5191915  0.5072680  0.5412044  0.5849641
 3  0.7534590  0.7122673  0.6815392  0.6665264  0.6482489  0.6607596  0.6722223  0.6864763  0.6590987  0.6489806  0.6044236  0.3664200  0.6468852  0.7260643  0.7161245  0.7193454  0.7130046  0.7126122  0.7171010  0.7327571  0.7248972  0.7175375  0.7123944  0.7094156  0.7003827  0.6876774  0.7115463
 4  0.4540021  0.4161973  0.3865172  0.3765782  0.4276264  0.4628618  0.4694448  0.4675949  0.4671278  0.4736686  0.4026524  0.3531841  0.5530384  0.5523449  0.5262824  0.4924641  0.4474492  0.4108173  0.4842070  0.5192251  0.4846375  0.4386908  0.4200491  0.4075530  0.4134646  0.4856644  0.5255291
 1  0.7296156  0.6865713  0.6507505  0.6322235  0.5931367  0.5356194  0.4783862  0.6723062  0.6836177  0.6440222  0.5624852  0.4143490  0.5152964  0.6377940  0.6200339  0.5935212  0.5198853  0.4547556  0.5959451  0.6327962  0.6009196  0.6520083  0.6515761  0.5557284  0.4340873  0.6495402  0.6483591
 2  0.5721350  0.5249587  0.4923686  0.4758601  0.4599395  0.4518846  0.4618222  0.5999633  0.6040748  0.5657691  0.4860494  0.3823589  0.5025485  0.5717886  0.5546823  0.5257085  0.4594165  0.4421355  0.5506829  0.5616191  0.5520568  0.5875912  0.5726938  0.4826056  0.4492796  0.5843087  0.5713447
 3  0.7525046  0.7120612  0.6744253  0.6520070  0.6101293  0.5518042  0.4874749  0.6949107  0.7097819  0.6700429  0.5870605  0.4257533  0.5173366  0.6586876  0.6424494  0.6149283  0.5414156  0.4599019  0.6092417  0.6562289  0.6180076  0.6709624  0.6775263  0.5809181  0.4287082  0.6696371  0.6740889
 4  0.4555682  0.4155233  0.3825440  0.3743394  0.3895962  0.3990867  0.4401126  0.5513007  0.5484750  0.5028842  0.4082128  0.3534810  0.4840289  0.5241191  0.5000399  0.4716109  0.4001809  0.4265128  0.5139619  0.5083073  0.5059552  0.5407733  0.5120203  0.4067813  0.4463620  0.5388945  0.5108750
 1  0.7282820  0.6798776  0.6367263  0.6157395  0.6155885  0.6116976  0.6044459  0.5969354  0.5898133  0.5442948  0.5374241  0.6442117  0.6926491  0.6515154  0.6178481  0.5903202  0.5709080  0.5270573  0.6115387  0.7106235  0.7059900  0.7087044  0.7133979  0.7170237  0.7025429  0.6909549  0.6795559
 2  0.5697585  0.5218709  0.4873932  0.4748006  0.4782817  0.4718583  0.4566328  0.4607191  0.4899798  0.4937392  0.5032417  0.5931682  0.6100164  0.5735557  0.5359196  0.5081366  0.4991282  0.4744697  0.5895873  0.6219177  0.6252711  0.6146147  0.5977417  0.5802159  0.5427042  0.5147870  0.4944475
 3  0.7517544  0.7066486  0.6615437  0.6357209  0.6330623  0.6293840  0.6206226  0.6118510  0.6053207  0.5609393  0.5507502  0.6568475  0.7192196  0.6777828  0.6413582  0.6097726  0.5869489  0.5461767  0.6067443  0.7390345  0.7320636  0.7304271  0.7330456  0.7354734  0.7196913  0.7070498  0.6953140
 4  0.4555172  0.4185805  0.3827293  0.3849323  0.3969880  0.3769760  0.3608054  0.3937106  0.4394996  0.4526514  0.4707985  0.5483885  0.5551052  0.5071062  0.4568081  0.4361800  0.4497692  0.4269422  0.5488492  0.5675164  0.5433092  0.5141695  0.4959054  0.4661936  0.4191881  0.3933070  0.3818188
 1  0.7315684  0.6873880  0.6661097  0.6594180  0.6621861  0.6716514  0.6794549  0.6959607  0.6918361  0.6899173  0.6839327  0.6769189  0.6706358  0.6643531  0.6722022  0.6768213  0.6983857  0.7212907  0.7044918  0.6950466  0.6350405  0.5406911  0.3909276  0.6332787  0.6550827  0.6377624  0.6545513
 2  0.5697771  0.5223139  0.5042275  0.4896118  0.4734628  0.4648610  0.5009387  0.5541258  0.5761877  0.5800850  0.5725429  0.5526326  0.5249691  0.5026419  0.5024906  0.5175291  0.5884883  0.6155096  0.6057770  0.5807178  0.5181351  0.4625446  0.3895685  0.5695386  0.5821440  0.5757688  0.5879380
 3  0.7537993  0.7128146  0.6891921  0.6788363  0.6786805  0.6859210  0.6922892  0.7127042  0.7115566  0.7105343  0.7048335  0.6963784  0.6886074  0.6809498  0.6879389  0.6929479  0.7130204  0.7447182  0.7285428  0.7147390  0.6531170  0.5612889  0.3941596  0.6545978  0.6796441  0.6581548  0.6751706
 4  0.4515532  0.4146470  0.3915053  0.3653109  0.3412446  0.3415978  0.4402315  0.4955188  0.5043446  0.5033328  0.4820695  0.4465848  0.4095545  0.3951552  0.4083863  0.4354513  0.5353956  0.5553475  0.5092611  0.4624266  0.4431181  0.3963226  0.3828613  0.5276166  0.5291362  0.5249238  0.5380897
 1  0.7286303  0.6826911  0.6385654  0.6134727  0.5547255  0.5068526  0.5910056  0.5944835  0.6729796  0.6975929  0.6991882  0.7003080  0.6876763  0.6829958  0.6741551  0.6536088  0.6371811  0.6177543  0.6487588  0.6057378  0.5943790  0.6323934  0.6164779  0.6744440  0.7219886  0.7168361  0.7098363
 2  0.5686480  0.5225831  0.4863460  0.4613995  0.4315383  0.4819289  0.5316139  0.5562859  0.5998556  0.6169206  0.6076415  0.5849215  0.5405476  0.5169980  0.5025703  0.4822049  0.4781543  0.5286999  0.5711283  0.5371026  0.5397029  0.5625592  0.5397038  0.6080977  0.6275155  0.6268672  0.6009911
 3  0.7517398  0.7088155  0.6629486  0.6340156  0.5712515  0.5132834  0.6122152  0.6060271  0.6959957  0.7223096  0.7220894  0.7199310  0.7048229  0.6992183  0.6907874  0.6701349  0.6529372  0.6308398  0.6698032  0.6295145  0.6087295  0.6536978  0.6399218  0.6870816  0.7469707  0.7413738  0.7304378
 4  0.4547156  0.4168095  0.3808547  0.3560668  0.3677446  0.4609509  0.4886111  0.5202953  0.5484727  0.5459105  0.5100312  0.4595191  0.4202560  0.4152565  0.3965693  0.3765456  0.3957883  0.4894021  0.5213808  0.4697295  0.4974463  0.5097429  0.4655087  0.5500116  0.5683254  0.5371600  0.4689778
 1  0.7290541  0.6814757  0.6457216  0.6330431  0.6380294  0.6263703  0.6090102  0.5923407  0.6043132  0.5773574  0.6175978  0.6138141  0.5424158  0.5568186  0.6806966  0.6545041  0.6839008  0.6928084  0.6872846  0.6856986  0.6875933  0.6934238  0.6877367  0.6494391  0.6533058  0.6758231  0.6657911
 2  0.5720311  0.5230618  0.4928174  0.4958118  0.5114617  0.4992829  0.4618644  0.4567449  0.5140060  0.5310147  0.5588215  0.5435953  0.4824486  0.5454770  0.6028003  0.5840960  0.6000354  0.5975201  0.5679338  0.5298072  0.5009146  0.5064859  0.5322044  0.5313615  0.5663075  0.5847693  0.5718932
 3  0.7524456  0.7078604  0.6699620  0.6520133  0.6559691  0.6461421  0.6265231  0.6063482  0.6191449  0.5953254  0.6360368  0.6379536  0.5635198  0.5568421  0.7049832  0.6785067  0.7072679  0.7148979  0.7069402  0.7027400  0.7025737  0.7078566  0.7050979  0.6697960  0.6707690  0.6982113  0.6892116
 4  0.4569095  0.4176880  0.3856030  0.4169362  0.4406098  0.3986332  0.3428033  0.3966896  0.4724127  0.4886295  0.5174122  0.4880071  0.4296339  0.5165070  0.5523376  0.5254553  0.5282297  0.5015330  0.4455607  0.3910069  0.3762833  0.4224250  0.4605612  0.4633687  0.5118041  0.5236984  0.4792560
 1  0.7304056  0.6863066  0.6602623  0.6501857  0.6361781  0.6363725  0.6520476  0.6730473  0.6769845  0.6808619  0.6940671  0.7027121  0.7155152  0.7107603  0.6944812  0.6879361  0.6871898  0.6886385  0.6770563  0.6519027  0.6300898  0.6018599  0.5787832  0.6050769  0.5431898  0.5086722  0.5932199
 2  0.5719358  0.5241406  0.5002593  0.4852445  0.4736911  0.4834842  0.5156181  0.5407339  0.5386458  0.5282259  0.5315502  0.5648741  0.5920503  0.5978681  0.5790771  0.5642056  0.5526286  0.5445052  0.5378944  0.5238444  0.5045439  0.4958591  0.5195549  0.5363598  0.4843057  0.4779351  0.5457531
 3  0.7532408  0.7120878  0.6837019  0.6696504  0.6528746  0.6523546  0.6674305  0.6903578  0.6955248  0.6969541  0.7098230  0.7186130  0.7352153  0.7321224  0.7145276  0.7073048  0.7060809  0.7054375  0.6946331  0.6712407  0.6481693  0.6189870  0.5921046  0.6282063  0.5653005  0.5186467  0.6085372
 4  0.4545313  0.4161992  0.3866995  0.3700951  0.3825864  0.4043634  0.4477744  0.4639469  0.4288614  0.4177439  0.4391576  0.4995079  0.5266623  0.5109888  0.4849331  0.4732088  0.4477127  0.4478285  0.4573394  0.4363897  0.4185426  0.4312384  0.4810184  0.4868999  0.4294403  0.4515421  0.5062524
 1  0.7281665  0.6808234  0.6490341  0.6362463  0.6054235  0.5583805  0.4373656  0.5377009  0.6026181  0.6557206  0.6212129  0.6757672  0.6945207  0.7076948  0.7013280  0.7026725  0.6683014  0.6316197  0.6188421  0.5771783  0.6231949  0.6511346  0.6683499  0.6917760  0.7085765  0.7029815  0.6965768
 2  0.5709774  0.5221279  0.4955055  0.4856208  0.4721646  0.4562832  0.4123450  0.4926886  0.5603036  0.5780155  0.5747221  0.5990695  0.6175428  0.6156568  0.5937967  0.5647733  0.5044587  0.4927005  0.5331420  0.5328507  0.5592702  0.5769897  0.5784928  0.5916609  0.5976681  0.5917886  0.5726500
 3  0.7515019  0.7071882  0.6731456  0.6559518  0.6227274  0.5761241  0.4460437  0.5539142  0.6163252  0.6808342  0.6369625  0.6991577  0.7183233  0.7306860  0.7223248  0.7205120  0.6854913  0.6468645  0.6352202  0.5949468  0.6426641  0.6743405  0.6887347  0.7092197  0.7298340  0.7238971  0.7158447
 4  0.4557197  0.4170906  0.3873732  0.3871888  0.3982228  0.3900321  0.3903959  0.4645063  0.5206418  0.5272498  0.5262148  0.5494651  0.5469273  0.5288213  0.4804662  0.4355772  0.3885690  0.4308324  0.4894300  0.4896175  0.5158947  0.5039391  0.4870630  0.5186016  0.5252925  0.4972866  0.4719709
 1  0.7281973  0.6810513  0.6434542  0.6238340  0.5993470  0.6280463  0.6543898  0.6684000  0.6817083  0.6960301  0.7098382  0.7208179  0.7178505  0.7101502  0.6971435  0.6911787  0.6965284  0.7029679  0.7175156  0.7084927  0.7035152  0.7081788  0.7132441  0.7180441  0.7137431  0.7100178  0.7115625
 2  0.5743464  0.5232414  0.4905526  0.4670825  0.4742948  0.5301153  0.5548173  0.5501481  0.5304338  0.5047020  0.4967899  0.5286893  0.5547456  0.5626014  0.5553319  0.5524267  0.5549477  0.5832821  0.6040658  0.6018960  0.5825188  0.5594179  0.5437643  0.5427395  0.5638070  0.5990434  0.6079428
 3  0.7516029  0.7069893  0.6674192  0.6443643  0.6145334  0.6435264  0.6740756  0.6870229  0.6983066  0.7105560  0.7226242  0.7352317  0.7347609  0.7287621  0.7158862  0.7092037  0.7151451  0.7194853  0.7389748  0.7313026  0.7230994  0.7249661  0.7291114  0.7334390  0.7306982  0.7291586  0.7356295
 4  0.4584144  0.4155433  0.3853745  0.3558998  0.4179303  0.4844583  0.4766301  0.4369763  0.3938924  0.3540641  0.3914095  0.4472436  0.4736480  0.4709098  0.4566352  0.4662784  0.4618670  0.5155011  0.5407726  0.5099970  0.4588859  0.4356285  0.4315274  0.4484944  0.4909166  0.5389173  0.5401196
