FL 2019 2020 2021 2022 2023 2024 2025 2026 2027 2028 2029 2030 2031 2032 2033 2034 2035 2036 2037 2038 2039 2040 2041 2042 2043 2044 2045
 1    4109.00    3843.84    3843.84    4156.15    4156.15    4879.64    4879.64    7361.97    7361.97    5835.98    4858.68     290.60     290.60     650.03     650.03     410.72     410.72     543.31     543.31      41.12      41.12     438.44     438.44     800.65     800.65    2533.15    2533.15
 2     783.00     732.16     732.16     791.65     791.65     929.46     929.46    1402.28    1402.28    1111.62    1111.62      55.35      55.35     123.82     123.82      78.23      78.23     103.49     103.49       7.83       7.83      83.51      83.51     152.50     152.50     482.50     482.50
 3    3537.00     656.11     763.10    4257.02    4252.72     746.81    1122.47   13750.95   13750.95   13750.95    4131.89    3016.48    5342.00    4696.05    2767.40    3189.24    4702.91    3955.16    2086.05    3173.96    6609.13    8581.67    8110.00    6584.83    1193.94     396.36     396.36
 4    1379.00    1237.70     916.30    1215.85    1759.96    1899.40    1443.05     404.85     404.85     404.85     404.85     404.85     404.85     404.85     404.85     404.85     404.85     404.85     404.85     404.85     404.85     404.85     404.85     404.85     721.95     711.07     711.07
 1    4109.00    4466.15    4466.15    6394.08    6394.08    3683.06    3683.06    1588.36    1588.36    1098.17    1098.17     652.81     652.81     617.69     617.69     505.43     505.43    1055.21    1055.21    8924.92    8924.92    4796.02    4796.02     657.43     657.43      79.93      79.93
 2     783.00     850.70     850.70    1217.92    1217.92     701.54     701.54     302.54     302.54     209.18     209.18     124.34     124.34     117.66     117.66      96.27      96.27     200.99     200.99    1699.98    1699.98     913.53     913.53     125.22     125.22      15.22      15.22
 3    3537.00     950.03     988.96    8541.47    5722.90    5722.90    5722.90    5722.90    5722.90    5722.90    5722.90    5722.90    5722.90    5722.90    5722.90    5722.90     160.42     288.91     686.84   11872.61    7296.86    7296.86    5812.09    1961.44    1784.26    2478.23    3987.84
 4    1379.00    1120.01    1009.92     351.35     316.22     316.22     316.22     316.22     316.22     316.22     316.22     316.22     316.22     316.22     316.22     316.22    1040.66    1157.37    1015.54     422.18     318.83     318.83     318.83     318.83     318.83     318.83     318.83
 1    4109.00    6493.41    6493.41    5036.72    5036.72    7622.54    7622.54    2999.30    2999.30    2038.34    2038.34    2652.80    2652.80    1368.91    1368.91    3355.51    3355.51    3436.36    3436.36    2873.64    2873.64    4393.16    4393.16    2012.93    2012.93    2570.11    2570.11
 2     783.00    1236.84    1236.84     959.38     959.38    1451.91    1451.91     571.30     571.30     388.26     388.26     505.30     505.30     260.74     260.74     639.14     639.14     654.54     654.54     547.36     547.36     836.79     836.79     383.42     383.42     489.54     489.54
 3    3537.00    1823.32    1959.36    4618.14    4295.08     525.21     525.21     525.21     525.21     525.21     525.21     525.21     525.21     525.21     525.21     525.21     525.21     525.21     525.21     525.21     525.21     525.21     525.21     525.21     348.73     340.40     340.40
 4    1379.00    1137.95    1002.92     797.99     628.04     604.43     604.43     604.43     604.43     604.43     604.43     604.43     604.43     604.43     604.43     604.43     604.43     604.43     604.43     604.43     604.43     604.43     604.43     604.43     791.88     739.15     739.15
 1    4109.00    2510.05    2510.05    6116.42    6116.42    4105.33    4105.33    1075.54    1075.54     610.30     610.30    1613.30    1613.30    2463.85    2463.85    3429.89    3429.89    5511.20    5511.20    3749.59    3749.59    4731.80    4731.80    4888.42    4888.42    2656.50    2656.50
 2     783.00     478.10     478.10    1165.03    1165.03     781.97     781.97     204.86     204.86     116.25     116.25     307.30     307.30     469.30     469.30     653.31     653.31    1049.75    1049.75     714.21     714.21     901.30     901.30     931.13     931.13     506.00     506.00
 3    3537.00     878.40     911.50    7221.04    5818.01    5818.01    5818.01    5818.01     718.67     283.51     625.63     967.45     807.92    1730.54    1736.69    1579.30    1397.15    6383.32    5484.78     397.40     594.20    3402.51    3117.00    3117.00    3117.00    3117.00    3117.00
 4    1379.00    1211.53    1003.45     638.73     510.32     510.32     510.32     510.32     879.26    1039.97    1045.72    1181.60    1072.13    1032.17     878.00     861.43     950.75     414.46     505.69     792.84    1021.88     851.23     544.87     544.87     544.87     544.87     544.87
 1    4109.00    3921.92    3921.92    4446.75    4446.75    6304.91    6304.91    9803.18    9803.18    6843.61    6843.61     599.68     599.68     375.14     375.14    3515.82    3515.82    4323.40    4323.40    2553.94    2553.94    4936.01    4936.01    5231.69    5231.69     949.41     949.41
 2     783.00     747.03     747.03     847.00     847.00    1200.94    1200.94    1867.27    1867.27    1303.54    1303.54     114.22     114.22      71.46      71.46     669.68     669.68     823.50     823.50     486.46     486.46     940.19     940.19     996.51     996.51     180.84     180.84
 3    3537.00     955.37     820.26    3947.54    3899.00     767.07     794.07   10454.19    7272.92    7272.92    7108.68    1298.55    2685.80      46.68     327.40     327.40     327.40     327.40     327.40     463.75     463.75     463.75     463.75     463.75     463.75     463.75     463.75
 4    1379.00    1172.04     975.06     872.71    1044.92    1043.35     938.45     483.62     489.02     489.02     489.02     489.02     489.02     655.00     725.79     725.79     725.79     725.79     725.79     737.91     737.91     737.91     737.91     737.91     737.91     737.91     737.91
 1    4109.00    6447.21    6447.21    7319.93    7319.93    4138.13    3377.94     251.79     251.79     945.71     945.71     432.89     432.89     252.71     252.71     642.18     642.18     299.38     299.38     143.22     143.22     418.11     418.11    1682.14    1682.14     175.10     175.10
 2     783.00    1228.04    1228.04    1394.27    1394.27     788.22     788.22      47.96      47.96     180.14     180.14      82.46      82.46      48.14      48.14     122.32     122.32      57.02      57.02      27.28      27.28      79.64      79.64     320.41     320.41      33.35      33.35
 3    3537.00    1286.24    1302.74   10586.18   10586.18    8547.30    2850.31    2783.45    7331.17   10586.18    8921.67    4606.16    3493.19    4844.35    5877.75    6182.07    4549.60    2575.54    2779.41    3740.76    3950.67    6215.19    9711.68    8147.83    4040.96    5480.06    8881.24
 4    1379.00    1285.50    1003.30     370.33     370.33     370.33     370.33     370.33     370.33     370.33     370.33     370.33     370.33     370.33     370.33     370.33     370.33     370.33     370.33     370.33     370.33     370.33     370.33     370.33     370.33     370.33     370.33
 1    4109.00    6966.04    6966.04    3580.04    3580.04    2412.10    2412.10    1090.78    1090.78     296.60     296.60      82.70      82.70     347.42     347.42    1432.66    1432.66     357.13     357.13     319.24     319.24    1947.33    1947.33    5538.92    5538.92    3566.64    3566.64
 2     783.00    1326.86    1326.86     681.91     681.91     459.45     459.45     207.77     207.77      56.50      56.50      15.75      15.75      66.18      66.18     272.89     272.89      68.02      68.02      60.81      60.81     370.92     370.92    1055.03    1055.03     679.36     679.36
 3    3537.00    1689.27    1739.52    5677.48    5677.48    5677.48    5677.48    5677.48    4673.86    2187.71    1689.49    2199.89    5677.48    5677.48    5677.48    5677.48    4828.16    2710.05    2925.42      57.79     335.93     728.45     924.13   13480.17    8820.51    8820.51    8820.51
 4    1379.00    1186.96     907.15     688.49     688.49     688.49     688.49     688.49     688.49     688.49     688.49     688.49     688.49     688.49     688.49     688.49     688.49     688.49     688.49    1010.84    1125.30    1343.91    1302.79     602.83     454.51     454.51     454.51
 1    4109.00    1392.47    1392.47    1633.63    1633.63    3326.86    3326.86    7133.74    7133.74    3801.80    3801.80    7822.58    7822.58    4209.28    4209.28    2026.33    2026.33    4899.05    4899.05   12220.36   12220.36    6172.78    4998.37     215.75     215.75     328.48     328.48
 2     783.00     265.23     265.23     311.17     311.17     633.69     633.69    1358.81    1358.81     724.15     724.15    1490.02    1490.02     801.77     801.77     385.97     385.97     933.15     933.15    2327.69    2327.69    1175.77    1175.77      41.10      41.10      62.57      62.57
 3    3537.00     605.61     817.64     817.64     817.64    2631.06    2277.19     574.98     588.62    2192.03    2405.62     907.91     907.91     907.91     907.91     907.91     336.72     644.41     804.43   12463.93    9483.80    9483.80    4365.62    1931.98    3986.69    5590.66     101.61
 4    1379.00    1041.01     972.08     972.08     972.08     608.91     914.01    1022.22    1088.67    1202.98    1074.14     903.78     903.78     903.78     903.78     903.78    1429.69    1428.77    1246.31     766.99     442.71     442.71     442.71     442.71     442.71     442.71    1001.30
 1    4109.00    6888.42    6888.42    8115.03    8115.03    3334.25    3334.25     174.64     174.64    1818.43    1818.43    4726.72    4726.72    4181.56    4181.56    2164.47    2164.47     651.42     651.42     382.07     382.07     361.75     361.75     579.81     579.81    4600.13    4600.13
 2     783.00    1312.08    1312.08    1545.72    1545.72     635.10     635.10      33.26      33.26     346.37     346.37     900.33     900.33     796.49     796.49     412.28     412.28     124.08     124.08      72.78      72.78      68.90      68.90     110.44     110.44     876.22     876.22
 3    3537.00    2167.70    2391.83    7499.29    7499.29    6755.83    4291.51    3915.15     116.20     395.46     716.97    5146.07    4255.18    4255.18    4255.18    4255.18    4255.18    4255.18    4255.18    4255.18    4255.18    4255.18     118.21     211.99     501.53    1368.91    2209.81
 4    1379.00    1189.82     936.85     422.95     422.95     422.95     422.95     422.95    1042.08    1278.20    1079.25     738.20     676.76     676.76     676.76     676.76     676.76     676.76     676.76     676.76     676.76     676.76     758.14    1815.15    2438.91    2331.57    1699.30
 1    4109.00    6048.97    6048.97    4674.05    4674.05    2931.85    2931.85    1534.76    1534.76     466.16     466.16     307.69     307.69     242.09     242.09     671.75     671.75    3737.58    3737.58    4056.82    4056.82    5601.75    5601.75    1798.10    1798.10    1433.12    1433.12
 2     783.00    1152.18    1152.18     890.30     890.30     558.45     558.45     292.34     292.34      88.79      88.79      58.61      58.61      46.11      46.11     127.95     127.95     711.92     711.92     772.73     772.73    1067.00    1067.00     342.50     342.50     272.98     272.98
 3    3537.00    1049.12     950.36    5966.91    5966.91    5966.91    5966.91    5966.91    5966.91    3259.38    3956.96    4791.48    3828.41    2880.93    5966.91     158.30     194.46     472.25     472.25     472.25     472.25     472.25     472.25     472.25     472.25     472.25     472.25
 4    1379.00    1257.72    1068.76     949.01     949.01     949.01     949.01     949.01     949.01     949.01     949.01     949.01     949.01     949.01     949.01     811.61     895.14     838.64     838.64     838.64     838.64     838.64     838.64     838.64     838.64     838.64     838.64
 1    4109.00    3446.06    3446.06    3870.64    3870.64    3976.43    3976.43    3003.00    3003.00    2562.71    2562.71    2459.69    2459.69    5180.41    5180.41    4982.67    4982.67    5057.98    5057.98    2601.06    2601.06    3891.43    3891.43    2679.60    2679.60    2866.71    2866.71
 2     783.00     656.39     656.39     737.26     737.26     757.42     757.42     572.00     572.00     488.14     488.14     468.51     468.51     986.74     986.74     949.08     949.08     963.42     963.42     495.44     495.44     741.22     741.22     510.40     510.40     546.04     546.04
 3    3537.00     665.39     997.29    9355.34    7115.67     620.44     721.82     721.82     721.82     721.82     721.82     991.43    1334.44     732.18     580.79    4821.55    4326.10     755.66     686.07    1625.21    1625.21    1625.21    1625.21    1625.21    1625.21    1625.21    1625.21
 4    1379.00    1119.23     988.83     539.35     491.63     677.60     761.30     761.30     761.30     761.30     761.30     845.33    1012.81    1155.95     980.81     882.30     770.75     879.00     812.91     684.50     684.50     684.50     684.50     684.50     684.50     684.50     684.50
 1    4109.00    4743.35    4743.35    5520.90    5520.90    4517.44    4517.44    1250.63    1250.63     221.76     221.76     433.82     433.82    3546.77    3546.77    6418.57    6418.57    5431.73    5431.73    1719.10    1719.10    2914.30    2914.30    5404.48    5404.48    7592.97    7592.97
 2     783.00     903.50     903.50    1051.60    1051.60     860.46     860.46     238.22     238.22      42.24      42.24      82.63      82.63     675.58     675.58    1222.58    1222.58    1034.62    1034.62     327.45     327.45     555.10     555.10    1029.42    1029.42    1446.28    1446.28
 3    3537.00     967.53    1296.62    7417.85    7417.85    7417.85    7417.85    2532.29    1846.75    3092.84    3988.61      68.25     250.22     576.61     673.64    7009.50    4795.11    4795.11     407.61     356.25     422.83     471.83     620.48    3483.36    4656.76     825.10    1004.20
 4    1379.00    1162.09    1073.03     566.69     566.69     566.69     566.69     566.69     566.69     566.69     566.69     858.35    1275.65    1185.29    1019.09     524.21     371.34     371.34     624.32     815.16     832.75     790.38    1082.88    1503.16    1456.90    1441.44    1326.78
 1    4109.00    5658.58    5658.58    3338.41    3338.41    1772.23    1772.23     953.11     953.11    2295.68    2295.68    2969.74    2969.74    2802.03    2802.03    1158.23    1158.23    1695.54    1695.54    1590.67    1590.67    2468.93    2468.93    4807.11    4807.11    3661.35    3661.35
 2     783.00    1077.82    1077.82     635.89     635.89     337.57     337.57     181.54     181.54     437.27     437.27     565.66     565.66     533.72     533.72     220.62     220.62     322.96     322.96     302.98     302.98     470.27     470.27     915.64     915.64     697.40     697.40
 3    3537.00    1431.33    1527.25    8607.40    7354.66     417.53     417.53     417.53     417.53     417.53     417.53     417.53     417.53     417.53     417.53     417.53     417.53     417.53     459.10     459.10     459.10     459.10     459.10     459.10    3090.37     307.86     249.32
 4    1379.00     952.12     791.75     356.46     564.50     831.13     831.13     831.13     831.13     831.13     831.13     831.13     831.13     831.13     831.13     831.13     831.13     831.13     668.21     668.21     668.21     668.21     668.21     668.21     725.97    1221.03    1123.72
 1    4109.00    5649.34    5649.34    9416.02    9416.02    4615.38    4615.38    2150.15    2150.15     741.05     741.05    1105.10    1105.10    3332.41    3332.41    2014.78    2014.78    1004.85    1004.85    2824.67    2824.67    7526.44    7526.44    4790.02    4790.02    2350.66    2350.66
 2     783.00    1076.06    1076.06    1793.53    1793.53     879.12     879.12     409.55     409.55     141.15     141.15     210.50     210.50     634.74     634.74     383.77     383.77     191.40     191.40     538.03     538.03    1433.61    1433.61     912.38     912.38     447.74     447.74
 3    3537.00     699.08     737.90    9687.66    9687.66    5038.05    5867.15    5714.53    5644.78    3797.11    5231.07    2884.49    3866.30    3866.30    3866.30    3866.30    3857.13     245.20     316.90     658.10     970.35     970.35     970.35     970.35     970.35     970.35     970.35
 4    1379.00    1158.29    1056.05     410.80     410.80     410.80     410.80     410.80     410.80     410.80     410.80     681.86     557.00     557.00     557.00     557.00     708.97     746.78    1207.60    1280.89    1097.44    1097.44    1097.44    1097.44    1097.44    1097.44    1097.44
 1    4109.00    5167.01    5167.01    4788.17    4788.17    3214.60    3214.60    2079.46    2079.46    1644.26    1644.26     351.12     351.12    3069.07    3069.07    2543.77    2543.77    3461.30    3461.30    3308.38    3308.38    1805.03    1805.03     938.32     938.32    1627.63    1627.63
 2     783.00     984.19     984.19     912.03     912.03     612.30     612.30     396.09     396.09     313.19     313.19      66.88      66.88     584.58     584.58     484.53     484.53     659.30     659.30     630.17     630.17     343.82     343.82     178.73     178.73     310.02     310.02
 3    3537.00     549.36     493.19    2978.60    2812.29    2812.29    2812.29    2812.29    2812.29    2812.29    2812.29     103.78     274.68     701.35     701.35     701.35     701.35     701.35     701.35     701.35     701.35     701.35     701.35     701.35     701.35     536.21     544.31
 4    1379.00     904.43     864.07     839.26     786.60     786.60     786.60     786.60     786.60     786.60     786.60     996.16    1001.36     887.18     887.18     887.18     887.18     887.18     887.18     887.18     887.18     887.18     887.18     887.18     887.18     827.43     924.02
 1    4109.00    4684.22    4684.22    3544.46    3544.46    5723.72    5723.72    5407.71    5407.71    3801.34    3801.34    3512.12    3512.12    4093.32    4093.32    2724.41    2724.41    3235.85    3235.85    6112.26    6112.26    8370.05    8370.05    1267.27    1267.27    1349.50    1349.50
 2     783.00     892.23     892.23     675.14     675.14    1090.23    1090.23    1030.04    1030.04     724.06     724.06     668.98     668.98     779.68     779.68     518.94     518.94     616.35     616.35    1164.24    1164.24    1594.30    1594.30     241.38     241.38     257.05     257.05
 3    3537.00     929.24     740.45    3459.22    2679.13     676.41     546.95    3968.09    3752.90     310.59     298.55     472.78     528.02    4662.14    3695.28     322.91     469.54     780.25    1244.20   14614.67   14614.67   14614.67    9095.74    4624.29    2098.76     178.36     492.30
 4    1379.00    1101.97     917.15     631.71     627.82     694.43     693.26     667.49     641.10     822.23     855.77     824.74     691.06     579.32     560.31     862.89    1759.83    2020.43    1707.24     434.36     434.36     434.36     434.36     434.36     785.23     992.88    1298.73
 1    4109.00    6814.96    6814.96    3620.69    3620.69    3920.53    3920.53    1874.33    1874.33     785.40     785.40     620.93     620.93     691.61     691.61    5046.43    5046.43    5954.26    5954.26    5138.36    5138.36    6569.18    6569.18    2205.13    2205.13    1114.34    1114.34
 2     783.00    1298.09    1298.09     689.66     689.66     746.77     746.77     357.02     357.02     149.60     149.60     118.27     118.27     131.74     131.74     961.22     961.22    1134.14    1134.14     978.74     978.74    1251.27    1251.27     420.02     420.02     212.26     212.26
 3    3537.00    3804.63    3321.61     751.23    1076.37    5706.80    5706.80    5706.80    5706.80    5706.80    5706.80    5706.80     165.80     206.14     724.87   12840.16    8359.95     802.93     430.66    1832.85    1773.05    1773.05    1773.05    1773.05    1773.05    1773.05    1773.05
 4    1379.00    1125.45     865.57     772.64     835.41     531.15     531.15     531.15     531.15     531.15     531.15     531.15     828.26    1415.35    1416.47     498.77     430.98     843.71     897.48     761.94     621.46     621.46     621.46     621.46     621.46     621.46     621.46
 1    4109.00    4288.75    4288.75    5425.73    5425.73    4144.14    4144.14    4842.22    4842.22    3698.77    3698.77    2448.14    2448.14    3496.42    3496.42    2103.02    2103.02    2375.14    2375.14    3192.88    3192.88    3067.22    3067.22    4614.92    4614.92    3553.24    3553.24
 2     783.00     816.90     816.90    1033.47    1033.47     789.36     789.36     922.33     922.33     704.53     704.53     466.31     466.31     665.98     665.98     400.58     400.58     452.41     452.41     608.17     608.17     584.23     584.23     879.03     879.03     676.81     676.81
 3    3537.00    1115.68     955.65    9263.26    7657.18     457.92     631.43     631.43     631.43     631.43     631.43     631.43     631.43     631.43    2883.00     483.31     594.83     995.07     790.07     520.99     694.79    1000.58    1212.25    1212.25    4724.97     780.35     722.89
 4    1379.00    1174.02    1065.52     814.61     684.64     825.71     807.07     807.07     807.07     807.07     807.07     807.07     807.07     807.07     584.15     685.60     829.91     718.75     784.33    1175.97    1473.91    1260.21     960.17     960.17     580.20     982.11    1059.95
 1    4109.00    4831.13    4831.13   12570.56   12570.56    3878.49    3878.49    1327.79    1327.79     593.21     593.21     653.73     653.73    1275.12    1275.12     965.12     965.12    1374.45    1374.45     882.42     882.42    1337.03    1337.03     772.00     772.00     975.28     975.28
 2     783.00     920.22     920.22    2394.39    2394.39     738.76     738.76     252.91     252.91     112.99     112.99     124.52     124.52     242.88     242.88     183.83     183.83     261.80     261.80     168.08     168.08     254.67     254.67     147.05     147.05     185.77     185.77
 3    3537.00     567.54    1119.64    1119.64    1119.64    1119.64    1119.64    1119.64    1119.64    1119.64    1119.64    1119.64    1119.64    1119.64    1119.64    1119.64    1119.64    1119.64    1119.64    1119.64    1119.64    1119.64    1119.64    1119.64    1119.64    1119.64     259.77
 4    1379.00    1142.04     980.29     980.29     980.29     980.29     980.29     980.29     980.29     980.29     980.29     980.29     980.29     980.29     980.29     980.29     980.29     980.29     980.29     980.29     980.29     980.29     980.29     980.29     980.29     980.29     685.93
 1    4109.00    4753.98    4753.98    5993.99    5993.99    4143.68    4143.68    2510.05    2510.05      60.98      60.98    1451.14    1451.14    2983.13    2983.13    7155.92    7155.92    8882.41    8882.41    3141.14    3141.14    1971.82    1971.82     456.46     456.46     224.99     224.99
 2     783.00     905.52     905.52    1141.71    1141.71     789.27     789.27     478.10     478.10      11.62      11.62     276.41     276.41     568.22     568.22    1363.03    1363.03    1691.89    1691.89     598.31     598.31     375.58     375.58      86.94      86.94      42.86      42.86
 3    3537.00    1193.49    1197.81    8226.40    8100.98    8100.98    8100.98    8100.98    2224.05    3429.92     166.23     512.30     594.80    3003.70    3329.01     566.04     802.72    8040.78    8040.78    3965.30    6237.26    5169.84    3881.70    2441.57    2405.74    3491.93    3804.56
 4    1379.00    1132.74    1021.51     706.83     698.47     698.47     698.47     698.47     698.47     698.47     851.31     750.25     721.97     809.63     917.05     899.98     741.92     358.25     358.25     358.25     358.25     358.25     358.25     358.25     358.25     358.25     358.25
 1    4109.00    4037.42    4037.42    4030.49    4030.49    2103.02    2103.02    2054.05    2054.05    1236.31    1236.31    3142.06    3142.06    4798.33    4798.33    6767.84    6767.84    5350.42    5350.42    3023.79    3023.79     877.34     877.34    2476.78    2476.78    2668.51    2668.51
 2     783.00     769.03     769.03     767.71     767.71     400.58     400.58     391.25     391.25     235.49     235.49     598.49     598.49     913.97     913.97    1289.11    1289.11    1019.13    1019.13     575.96     575.96     167.11     167.11     471.77     471.77     508.29     508.29
 3    3537.00     899.06     978.51    3833.49    3833.49    3833.49    3833.49    2820.70    3129.60     499.40     671.89    3062.41    2795.55     962.21     895.84     895.84     895.84     895.84     895.84     895.84     895.84     351.98     351.98     351.98     548.98     586.62     546.53
 4    1379.00    1087.55     976.40     783.02     783.02     783.02     783.02     682.45    1090.53    1111.72    1092.41    1170.03    1023.55     918.44     852.96     852.96     852.96     852.96     852.96     852.96     852.96     563.08     563.08     563.08     687.21     852.78    1126.06
 1    4109.00    4456.91    4456.91    4288.75    4288.75    2730.42    2730.42    4151.07    4151.07     806.19     806.19    2138.14    2138.14    4434.74    4434.74    4085.93    4085.93    2422.27    2422.27    2242.55    2242.55    2012.47    2012.47    1701.08    1701.08    1519.52    1519.52
 2     783.00     848.94     848.94     816.90     816.90     520.08     520.08     790.68     790.68     153.56     153.56     407.26     407.26     844.71     844.71     778.27     778.27     461.38     461.38     427.15     427.15     383.33     383.33     324.02     324.02     289.43     289.43
 3    3537.00     830.59     942.70   10735.94    8334.82     365.04     365.04     365.04     365.04     365.04     456.27     646.35     652.11     652.11     652.11     652.11     652.11     652.11     652.11     652.11     652.11     338.86     492.42     492.42     492.42     492.42     492.42
 4    1379.00    1185.11     951.95     512.40     515.98     702.42     702.42     702.42     702.42     702.42     756.91     795.75     741.38     741.38     741.38     741.38     741.38     741.38     741.38     741.38     741.38     747.69     721.98     721.98     721.98     721.98     721.98
 1    4109.00    4004.62    4004.62    8560.86    8560.86   13089.38   11883.04    4223.60    4223.60    4910.60    4910.60    9421.10    9421.10    3834.60    3834.60    5801.33    5801.33    3195.19    3195.19    2752.60    2752.60    1094.02    1094.02    2778.01    2778.01    2502.65    2502.65
 2     783.00     762.78     762.78    1630.64    1630.64    2493.22    2493.22     804.50     804.50     935.35     935.35    1794.50    1794.50     730.40     730.40    1105.02    1105.02     608.61     608.61     524.30     524.30     208.38     208.38     529.14     529.14     476.70     476.70
 3    3537.00     686.25     783.60    7426.25    6304.49     291.93     129.97      91.88     278.97     278.97    3560.33     239.67     239.67     239.67     168.31     230.45     584.01    3768.93    3008.87    3008.87    3008.87    3008.87    3008.87    3008.87    3008.87    3008.87    3008.87
 4    1379.00    1068.46    1036.67     848.49     611.17     703.39     815.34     713.40     634.28     634.28     622.94     663.40     663.40     663.40    1097.10    1059.08     919.10     680.80     523.87     523.87     523.87     523.87     523.87     523.87     523.87     523.87     523.87
 1    4109.00    4684.22    4684.22    4063.75    4063.75    3410.02    3410.02    2513.28    2513.28    2364.05    2364.05    2914.76    2914.76    2015.71    2015.71    1750.98    1750.98    4027.72    4027.72   16923.98   16923.98   16607.51   16607.51    6192.65    6192.65    1755.14    1755.14
 2     783.00     892.23     892.23     774.05     774.05     649.53     649.53     478.72     478.72     450.30     450.30     555.19     555.19     383.94     383.94     333.52     333.52     767.18     767.18    3223.62    3223.62    3163.34    3163.34    1179.55    1179.55     334.31     334.31
 3    3537.00     581.40     734.34     734.34     734.34     734.34     609.93     609.93     609.93     609.93     609.93     609.93     609.93     609.93     506.26     406.60     577.22     936.97    1262.27    2611.28    2924.48   15188.94   10200.26   10200.26   10200.26    7843.76    8380.97
 4    1379.00    1119.49     915.90     915.90     915.90     915.90     640.27     640.27     640.27     640.27     640.27     640.27     640.27     640.27     880.62    1168.28    1796.79    3577.35    3683.83    3281.89    2093.33     462.60     366.76     366.76     366.76     366.76     366.76
 1    4109.00    4122.89    4122.89    5630.39    5630.39    5125.43    5125.43    4291.06    4291.06    1180.87    1180.87     944.79     944.79    2322.47    2322.47    3528.29    3528.29    4009.24    4009.24    3932.54    3932.54    4283.66    4283.66    5086.16    5086.16    3201.20    3201.20
 2     783.00     785.31     785.31    1072.46    1072.46     976.27     976.27     817.34     817.34     224.93     224.93     179.96     179.96     442.38     442.38     672.06     672.06     763.66     763.66     749.06     749.06     815.94     815.94     968.79     968.79     609.75     609.75
 3    3537.00     895.82    1034.24   10564.69    9738.24     503.49     503.49     503.49     503.49     503.49     503.49     319.26     387.02     387.02     661.61    2942.69    3460.94     619.17     601.18     601.18    4360.93     459.55     510.67    5469.99    4192.22    4192.22    4192.22
 4    1379.00    1217.27    1130.90     496.97     452.24     704.46     704.46     704.46     704.46     704.46     704.46     725.65     709.11     709.11     573.33     692.45     785.58     844.88     625.02     625.02     593.62    1278.80    1494.22     864.11     527.33     527.33     527.33
 1    4109.00    3383.69    3383.69    3958.88    3958.88    5756.52    5756.52     652.34     652.34     389.47     389.47     374.22     374.22    2125.66    2125.66    1689.07    1689.07    2314.16    2314.16    2589.97    2589.97    2015.71    2015.71    1590.20    1590.20     555.79     555.79
 2     783.00     644.51     644.51     754.07     754.07    1096.48    1096.48     124.26     124.26      74.18      74.18      71.28      71.28     404.89     404.89     321.73     321.73     440.79     440.79     493.33     493.33     383.94     383.94     302.90     302.90     105.86     105.86
 3    3537.00     864.27    1096.56    7569.77    7569.77    7569.77    7569.77    2522.15    4913.66    5353.90    7051.63      68.91     220.41     650.80     849.34     766.66    1344.62    3011.73    3011.73    3011.73    3011.73    3011.73    3011.73    3011.73    3011.73    3011.73    3011.73
 4    1379.00    1012.13    1057.31     574.54     574.54     574.54     574.54     574.54     574.54     574.54     574.54     847.32     890.30    1013.64     888.74     766.83     777.13     563.65     563.65     563.65     563.65     563.65     563.65     563.65     563.65     563.65     563.65
 1    4109.00    3527.83    3527.83    4794.64    4794.64    4501.73    4501.73    1658.58    1658.58    1930.70    1930.70    1684.45    1684.45    2010.62    2010.62    2731.81    2731.81    2515.13    2515.13    2283.67    2283.67     734.58     734.58    1223.84    1223.84    2355.28    2355.28
 2     783.00     671.97     671.97     913.26     913.26     857.47     857.47     315.92     315.92     367.75     367.75     320.85     320.85     382.98     382.98     520.34     520.34     479.07     479.07     434.98     434.98     139.92     139.92     233.11     233.11     448.62     448.62
 3    3537.00     789.95     947.44    5985.92    5132.61     598.73     598.73     598.73     598.73     598.73     413.69     340.84     340.84     340.84     340.84     340.84     340.84     340.84     340.84     340.84     340.84     340.84     340.84     340.84     570.96     547.13     649.69
 4    1379.00    1076.31    1020.06     709.22     631.18     631.76     631.76     631.76     631.76     631.76     804.93     937.20     937.20     937.20     937.20     937.20     937.20     937.20     937.20     937.20     937.20     937.20     937.20     937.20     729.64     877.08     802.03
 1    4109.00    4289.67    4289.67    4039.27    4039.27    4447.67    4447.67    3712.63    3712.63    2820.97    2820.97    3459.46    3459.46    2323.40    2323.40    2825.13    2825.13    2415.80    2415.80    1291.29    1291.29    1820.28    1820.28    4971.12    4971.12    6169.09    6169.09
 2     783.00     817.08     817.08     769.38     769.38     847.18     847.18     707.17     707.17     537.33     537.33     658.94     658.94     442.55     442.55     538.12     538.12     460.15     460.15     245.96     245.96     346.72     346.72     946.88     946.88    1175.06    1175.06
 3    3537.00     950.78    1312.33    7062.22    6979.90     581.31     665.93     665.93     665.93     665.93     665.93     665.93     665.93     665.93     665.93     665.93     665.93     665.93     349.51     335.26     551.77     929.38     928.09    7339.81    7339.81    7339.81    7339.81
 4    1379.00    1063.71    1113.19     813.22     975.50    1152.34    1029.89    1029.89    1029.89    1029.89    1029.89    1029.89    1029.89    1029.89    1029.89    1029.89    1029.89    1029.89     806.56    1108.21    1219.37    1216.85    1194.26     771.65     771.65     771.65     771.65
 1    4109.00    3978.28    3978.28    7373.06    7373.06    4103.02    4103.02    1071.84    1071.84     395.01     395.01    1652.11    1652.11    2406.56    2406.56    2067.45    2067.45    3770.38    3770.38    3466.85    3466.85    4687.45    4687.45    3646.10    3646.10    1440.52    1440.52
 2     783.00     757.77     757.77    1404.39    1404.39     781.53     781.53     204.16     204.16      75.24      75.24     314.69     314.69     458.39     458.39     393.80     393.80     718.17     718.17     660.35     660.35     892.85     892.85     694.50     694.50     274.38     274.38
 3    3537.00     735.71     721.90    8260.93    5999.06    5999.06    5999.06    5315.12    5999.06    5999.06     180.23     180.23     180.23     180.23     180.23     598.58     576.75    3636.45    4056.48     595.57     691.41    8385.75    8055.92     475.17     732.64     432.38     864.92
 4    1379.00    1192.56     919.32     397.31     339.60     339.60     339.60     339.60     339.60     339.60     636.36     636.36     636.36     636.36     636.36     601.82     706.39     834.55     989.62    1109.39    1041.86     592.04     413.02     658.97     828.24     889.22     935.15
 1    4109.00    5283.43    5283.43    4576.57    4576.57    5823.05    5823.05    2286.44    2286.44     731.35     731.35    1998.61    1998.61    4502.65    4502.65    3323.63    3323.63     956.34     956.34    2991.45    2991.45    7341.64    7341.64    3109.72    3109.72    4476.78    4476.78
 2     783.00    1006.37    1006.37     871.73     871.73    1109.15    1109.15     435.51     435.51     139.30     139.30     380.69     380.69     857.65     857.65     633.07     633.07     182.16     182.16     569.80     569.80    1398.41    1398.41     592.33     592.33     852.72     852.72
 3    3537.00    1087.35    1044.22    1044.22    1044.22    1044.22    1044.22    1044.22    1044.22    1044.22     244.26     244.26     244.26     244.26     244.26     244.26     244.26     414.15     420.58     460.19     741.41     741.41     741.41     741.41     188.23     350.44     686.53
 4    1379.00    1329.24    1053.03    1053.03    1053.03    1053.03    1053.03    1053.03    1053.03    1053.03     739.09     739.09     739.09     739.09     739.09     739.09     739.09     754.66     720.82     657.69     638.98     638.98     638.98     638.98     894.17    1304.96    1427.88
