FL 2019 2020 2021 2022 2023 2024 2025 2026 2027 2028 2029 2030 2031 2032 2033 2034 2035 2036 2037 2038 2039 2040 2041 2042 2043 2044 2045
 1    4109.00    3559.25    3559.25    3888.19    3888.19    7250.63    7250.63   13870.16   13870.16   12484.63   12484.63    4933.24    4933.24    5592.97    5592.97    6938.32    6938.32    3072.30    3072.30     494.80     494.80    1648.88    1648.88    5769.92    5769.92   10992.37   10992.37
 2     783.00     677.95     677.95     740.61     740.61    1381.07    1381.07    2641.94    2641.94    2378.02    2378.02     939.66     939.66    1065.33    1065.33    1321.58    1321.58     585.20     585.20      94.25      94.25     314.07     314.07    1099.03    1099.03    2093.78    2093.78
 3    3537.00     758.09     894.17    5238.75    6174.53    1274.32    2042.33   16042.00   10431.29    1552.87     905.83    3811.37    3294.24    1113.00     702.54    6251.66    6251.66    6251.66    6251.66     129.32     268.70     756.44     956.29   14485.89   14867.81    1021.89    1067.21
 4    1379.00    1455.82    1297.04    2095.04    3790.13    4011.60    2856.22    1608.54     948.31    1295.58    1099.72    1212.10     881.63     933.69     788.36     862.45     862.45     862.45     862.45    1008.04    1277.55    1451.22    1444.58    1753.04    1427.81    1522.21    1007.90
 1    4109.00    3542.15    3542.15    6103.94    6103.94    4849.15    4849.15    4807.57    4807.57    5429.42    5429.42    3131.44    3131.44    3375.37    3375.37    2786.78    2786.78    4431.50    4431.50   20814.49   20814.49    9720.02    9720.02    2463.85    2463.85    1503.35    1503.35
 2     783.00     674.70     674.70    1162.66    1162.66     923.65     923.65     915.73     915.73    1034.18    1034.18     596.46     596.46     642.93     642.93     530.82     530.82     844.10     844.10    3964.66    3964.66    1851.43    1851.43     469.30     469.30     286.35     286.35
 3    3537.00     736.89     955.21    9133.63    7183.26     742.43     636.97    4295.35    3539.27    1044.25    1321.64    6154.87    6293.44    1217.73    1155.48    4143.10    4533.79    1192.10    1622.90   26164.00   14726.09     472.14     351.52     351.52     351.52     471.79     794.32
 4    1379.00    1345.95    1306.40    1110.11     946.14    1258.66    1402.68    1467.98    1489.37    1425.98    1320.68    1114.50     992.33    1293.51    1307.49    1603.89    2544.09    2437.08    2180.00     975.82     699.38     907.13     720.18     720.18     720.18     741.87     967.35
 1    4109.00    5205.35    5205.35    5454.37    5454.37   11477.93   11477.93    5411.41    5411.41    3578.65    3578.65    4194.04    4194.04    2351.12    2351.12    5899.28    5899.28    5324.09    5324.09    4167.70    4167.70    7397.08    7397.08    3437.28    3437.28    5179.02    5179.02
 2     783.00     991.50     991.50    1038.93    1038.93    2186.27    2186.27    1030.74    1030.74     681.65     681.65     798.86     798.86     447.83     447.83    1123.67    1123.67    1014.11    1014.11     793.85     793.85    1408.97    1408.97     654.72     654.72     986.48     986.48
 3    3537.00    1380.91    1526.61    8685.35    9402.02     890.33     978.04    7432.50    7349.74     614.79     622.12    4416.80    4857.43     544.45     689.43    9575.02    8534.33     481.31     832.83    5027.39    4855.59     935.62     673.02    1269.62    1677.22     857.88    1120.47
 4    1379.00    1470.19    1435.39    1498.23    1211.64    1208.62    1121.41     920.95     833.87     825.76     839.45     870.42     941.65     972.99    1128.74     848.23    1013.17    1135.91    1209.41     911.05     779.96     827.34     997.13    1372.92    1898.91    1430.94    1122.04
 1    4109.00    1691.38    1691.38    6553.01    6553.01    5730.19    5730.19    2815.89    2815.89    2742.89    2742.89    4339.10    4339.10    5292.21    5292.21    6134.44    6134.44   10149.68   10149.68    6628.31    6628.31    9232.61    9232.61    9087.54    9087.54    4929.08    4929.08
 2     783.00     322.17     322.17    1248.19    1248.19    1091.46    1091.46     536.36     536.36     522.46     522.46     826.50     826.50    1008.04    1008.04    1168.46    1168.46    1933.27    1933.27    1262.54    1262.54    1758.59    1758.59    1730.96    1730.96     938.87     938.87
 3    3537.00     706.65     772.55    4703.31    4466.58    1182.95     824.26     820.36    1050.05    1193.58    1663.38   10921.72   11353.57    1838.59    2012.66   12128.73   11005.58    1752.28    1516.54   10013.82   11321.69     968.53    1399.25   12246.06    8722.76     551.11     664.67
 4    1379.00    1408.17    1521.54    1391.15    1162.85    1096.83    1198.07    1387.26    2128.51    2362.66    2302.95    2502.75    2047.24    1862.28    1813.74    1412.96    1445.85    1573.76    1661.40    1176.31    1518.54    1899.63    1700.49     742.84     682.15     798.60     880.17
 1    4109.00    3185.03    3185.03    4414.41    4414.41    9248.78    9248.78   18398.69   18398.69   17167.00   17167.00    3806.88    3806.88    2609.84    2609.84    9016.39    9016.39    7153.61    7153.61    2752.13    2752.13    8655.57    8655.57    8823.74    8708.34     507.28     507.28
 2     783.00     606.67     606.67     840.84     840.84    1761.67    1761.67    3504.51    3504.51    3269.90    3269.90     725.12     725.12     497.11     497.11    1717.41    1717.41    1362.59    1362.59     524.22     524.22    1648.68    1648.68    1680.71    1680.71      96.62      96.62
 3    3537.00     874.72     726.30    4187.10    4897.00    1293.92    1580.97    8401.18    7207.99     907.96     693.06    3380.91    4169.23     414.14    1045.03   16200.45   10435.20     507.36     347.62     642.42     941.93   11687.83    8912.29    8912.29    7861.65    3101.00      54.46
 4    1379.00    1422.59    1270.15    1585.72    2078.12    1992.44    2087.10    1994.00    2055.81    1394.54     975.45     755.38    1487.03    1593.25    1575.34     809.98     572.89     898.60    1307.15    1532.96    1270.15     717.68     546.92     546.92     546.92     546.92     794.76
 1    4109.00    6033.26    6033.26    7941.78    7941.78    7000.69    7000.69    3608.22    3608.22    5513.51    5513.51    3593.44    3593.44    5864.17    5864.17    6528.98    6528.98    3282.05    3282.05    1050.59    1050.59    2246.71    2246.71    8242.08    8242.08    2615.38    2615.38
 2     783.00    1149.19    1149.19    1512.72    1512.72    1333.46    1333.46     687.28     687.28    1050.19    1050.19     684.46     684.46    1116.98    1116.98    1243.62    1243.62     625.15     625.15     200.11     200.11     427.94     427.94    1569.92    1569.92     498.17     498.17
 3    3537.00     821.17     873.23    8340.99    7715.69     613.70     609.77    1422.23    1468.95     921.65    1004.08    5576.17    4587.79     987.63    1008.21   10382.98    7008.46    7008.46    7008.46    1154.28    1614.25     568.21     628.43   10297.10    7019.67     734.47     795.55
 4    1379.00    1299.17    1413.06    1112.76     941.57     947.72    1044.89    1614.12    1788.08    1569.06    1247.71     879.36    1049.80    1045.68    1201.39     464.91     340.61     340.61     340.61     755.62    1025.34    1571.30    1354.80     937.65    1073.53    1383.49    1426.55
 1    4109.00    5621.15    5621.15    3234.46    3234.46    3586.04    3586.04    3240.93    3240.93    3045.50    3045.50    1949.18    1949.18    1704.78    1704.78    7939.47    7939.47    4081.31    4081.31    2389.46    2389.46    5031.64    5031.64   11517.20   11517.20    7508.42    7508.42
 2     783.00    1070.70    1070.70     616.09     616.09     683.06     683.06     617.32     617.32     580.10     580.10     371.27     371.27     324.72     324.72    1512.28    1512.28     777.39     777.39     455.14     455.14     958.41     958.41    2193.75    2193.75    1430.18    1430.18
 3    3537.00    1214.89    1436.57    5989.86    5403.05     997.21    1228.02    5180.28    4214.20    4214.20    4214.20    2375.23    3622.07     681.21     907.49    9890.45    7253.14     580.40     648.44     552.14    1121.76   11239.89   11499.82    1766.87    2238.19   16658.23   12952.31
 4    1379.00    1336.62    1445.03    1376.03    1035.05     979.66     945.98     659.81     524.38     524.38     524.38     959.38    1082.63    1117.03    1063.75     721.24     499.68     936.04    1886.55    2134.39    2462.62    2610.04    2300.13    2079.16    1830.17     537.62     453.31
 1    4109.00     949.87     949.87    1325.02    1325.02    4146.45    4146.45   11175.32   11175.32    6925.84    6925.84   15595.27   15595.27    8440.28    8440.28    3318.55    3318.55    8920.30    8920.30   23963.48   23963.48   12692.53   12692.53    1737.12    1737.12    2166.78    2166.78
 2     783.00     180.93     180.93     252.38     252.38     789.80     789.80    2128.63    2128.63    1319.21    1319.21    2970.53    2970.53    1607.67    1607.67     632.10     632.10    1699.10    1699.10    4564.47    4564.47    2417.62    2417.62     330.88     330.88     412.72     412.72
 3    3537.00     712.16     891.77    1071.73    1229.14    6969.40    7612.12     802.56     986.06    5073.65    5773.95    1955.47    1618.48   11893.72    8613.38     520.24     599.04     985.44    1925.19   23140.35   18028.18     765.19     514.15     216.26     403.38     521.80     723.11
 4    1379.00    1242.00    1362.22    1114.99     972.26    1002.80    1531.53    2092.32    2388.93    2193.67    2256.91    1781.14    1344.94     524.05     412.66    1259.57    2822.45    3187.63    2665.69    1477.79     909.29    1095.17     805.29     791.87    1045.68    1423.80    2321.29
 1    4109.00    5379.53    5379.53    9363.82    9363.82    5681.21    5681.21    1299.14    1299.14    5900.66    5900.66   11260.33   11260.33    9094.01    9094.01    4751.21    4751.21    2341.88    2341.88    2072.99    2072.99    2731.34    2731.34    3925.61    3925.61    9213.67    9213.67
 2     783.00    1024.67    1024.67    1783.58    1783.58    1082.14    1082.14     247.46     247.46    1123.94    1123.94    2144.82    2144.82    1732.19    1732.19     904.99     904.99     446.07     446.07     394.86     394.86     520.26     520.26     747.74     747.74    1754.98    1754.98
 3    3537.00    1141.82    1121.31    8394.47    6646.20     290.77     542.70     634.11     838.42    1282.89    1946.39   11286.79    9412.68    1595.25    1617.06    6429.99    4909.00     620.10     782.28     753.38     822.31    1897.23    2142.37    1151.80    1245.04    3063.31    4267.10
 4    1379.00    1541.76    1418.12     985.67     852.93     980.54    1176.06    1795.66    2765.23    2875.47    2595.05    1606.77    1275.17    1294.76    1015.59     622.40     629.39     850.49     908.85     988.77    1145.69    1215.21    2194.20    4374.69    5175.01    4929.83    3851.42
 1    4109.00    5736.19    5736.19    4572.88    4572.88    4321.09    4321.09    4484.63    4484.63    3975.05    3975.05    3280.20    3280.20    3831.83    3831.83    5121.27    5121.27   10016.62   10016.62    8069.75    8069.75    8275.34    8275.34    1928.39    1928.39    1475.63    1475.63
 2     783.00    1092.61    1092.61     871.02     871.02     823.06     823.06     854.22     854.22     757.15     757.15     624.80     624.80     729.87     729.87     975.48     975.48    1907.93    1907.93    1537.10    1537.10    1576.26    1576.26     367.31     367.31     281.07     281.07
 3    3537.00     788.76     963.95    6041.07    6355.59    1133.09    1221.79    5686.98    5902.18     608.10     626.91     713.80     922.56    3669.17    4608.96     784.33    1214.03   16575.47   13323.75    1179.48     994.73    7923.26    6718.51    6718.51     214.12     341.52     565.95
 4    1379.00    1297.55    1559.53    1680.36    1164.29    1137.13     953.52     765.43     744.70     941.90    1123.58     903.17     968.32    1189.26    1643.17    2390.20    2241.06     953.84     603.01     944.34     784.97     449.22     396.11     396.11     900.53     955.88     964.98
 1    4109.00    2409.79    2409.79    3430.35    3430.35    5731.57    5731.57    6609.37    6609.37    5815.19    5815.19    4935.55    4935.55    9717.25    9717.25    9151.76    9151.76    9064.44    9064.44    4706.86    4706.86    7228.45    7228.45    4733.19    4733.19    5707.09    5707.09
 2     783.00     459.01     459.01     653.40     653.40    1091.73    1091.73    1258.93    1258.93    1107.66    1107.66     940.10     940.10    1850.90    1850.90    1743.19    1743.19    1726.56    1726.56     896.54     896.54    1376.85    1376.85     901.56     901.56    1087.06    1087.06
 3    3537.00     786.05     771.56    2599.13    2544.80    1445.20    1477.42    5665.93    4772.33     975.26    1113.35    6242.50    8797.89    1105.32    1197.80   13664.08   11361.68    1041.68    1236.16    7896.34    6080.54     846.82     906.14    6734.13    5542.33     692.16     412.09
 4    1379.00    1427.03    1401.83    1425.93    1274.54    1422.03    1577.19    1242.86    1023.19     989.25    1233.07    1975.62    2273.32    2098.26    2074.87    1966.49    1463.30    1766.80    1571.01    1223.81     894.94    1116.72    1140.34     772.15     670.26     830.90    1343.22
 1    4109.00    3878.03    3878.03    5953.79    5953.79    6955.41    6955.41    5755.13    5755.13    3668.28    3668.28    2939.24    2939.24    7921.45    7921.45   13199.34   13199.34   10516.04   10516.04    3459.92    3459.92    4668.51    4668.51    9746.81    9746.81   15051.96   15051.96
 2     783.00     738.67     738.67    1134.06    1134.06    1324.84    1324.84    1096.22    1096.22     698.72     698.72     559.86     559.86    1508.85    1508.85    2514.16    2514.16    2003.06    2003.06     659.03     659.03     889.24     889.24    1856.54    1856.54    2867.04    2867.04
 3    3537.00     707.98     914.04    7180.52    6935.26     888.43     684.50    3769.00    3338.59     505.34     533.70     609.96    1253.42    9664.12    8572.68    1661.90    1939.95   17629.04   16359.71     334.25     626.28    2419.55    2891.97    1482.62    1416.18    9565.03    9012.19
 4    1379.00    1313.17    1368.22    1407.48    1051.12    1009.74     814.23     603.21     747.08     979.81    1491.34    1994.35    2779.67    2518.41    1939.85    1542.17    1434.40     623.41     631.75    1340.97    1498.43    1743.36    2286.51    3234.90    3242.06    3304.99    2595.26
 1    4109.00    4081.77    4081.77    2949.87    2949.87    3388.77    3388.77    2522.52    2522.52    5800.41    5800.41    6243.01    6243.01    4142.29    4142.29    1616.54    1616.54    3668.28    3668.28    3388.31    3388.31    4975.28    4975.28    7828.59    7828.59    5461.76    5461.76
 2     783.00     777.48     777.48     561.88     561.88     645.48     645.48     480.48     480.48    1104.84    1104.84    1189.14    1189.14     789.01     789.01     307.91     307.91     698.72     698.72     645.39     645.39     947.67     947.67    1491.16    1491.16    1040.34    1040.34
 3    3537.00     714.74     819.04    3589.93    4044.03    1029.34    1131.80    3907.32    3907.32    1823.10    1239.40    9356.01    7937.39     375.82     375.82     375.82     488.71    2527.29    3441.26     722.74    1017.77    9323.07    6856.70     674.07     501.89    3825.40    5448.66
 4    1379.00    1162.68    1171.72    1192.60    1747.82    1712.40    1353.42    1090.22    1090.22     797.47     824.28     557.78     544.78     646.01     646.01     646.01     844.07    1351.71    1448.74    1173.66     991.47     706.25     560.55     944.11    1401.90    2346.27    2241.42
 1    4109.00    5537.53    5537.53   10236.07   10236.07    5857.24    5857.24    9587.89    9587.89    7041.80    7041.80    7425.73    7425.73    8839.91    8839.91    4474.47    4474.47    2488.79    2488.79    6298.91    6298.91   15631.77   15631.77    9147.14    9147.14    4173.25    4173.25
 2     783.00    1054.77    1054.77    1949.73    1949.73    1115.66    1115.66    1826.26    1826.26    1341.30    1341.30    1414.42    1414.42    1683.79    1683.79     852.28     852.28     474.06     474.06    1199.79    1199.79    2977.48    2977.48    1742.31    1742.31     794.90     794.90
 3    3537.00     579.27     764.79   14211.61    8935.50     231.26     358.64     710.04     748.29    8610.56    9702.75     475.17     650.78   11776.67    8477.36     773.49     574.24     657.91    1130.26    1954.47    2546.27   10843.68    7576.37    1320.68    1112.00    4018.22    3585.12
 4    1379.00    1290.87    1314.65     529.01     584.23    1092.67    1430.74    1419.17    1071.78    1037.46    1384.49    1754.37    1535.76     898.22     717.66    1199.94    1539.26    1697.63    2563.96    2755.98    2427.97    1467.63     887.38     902.52     833.01     804.26     700.44
