2019 2020 2021 2022 2023 2024 2025 2026 2027 2028 2029 2030 2031 2032 2033 2034 2035 2036 2037 2038 2039 2040 2041 2042 2043 2044 2045
  25959.53   29781.11   42173.47   54842.07  104123.14  176429.38  205655.51  213996.84  187652.85  155735.85  125867.23   99346.52   91475.12   81490.96   71210.49   66806.26   59740.21   47793.08   42217.34   47914.77   69576.89   92151.18  105137.07  126657.24  129879.07  123267.46  106991.08
  26666.73   30531.55   43163.01   56505.10   62415.11   74446.28   91457.19  102432.09  105750.39  111824.64  112553.03  113484.64  101782.38   90714.34  100018.02  103485.46  118296.76  147121.16  165710.22  175593.36  138904.75  103151.04   83696.77   58808.31   43291.31   34358.08   44102.99
  27337.97   31352.20   43356.22   64237.67   86484.83   99754.93   92314.88   87160.51   88480.77   85462.81   80652.05   78588.36   70917.47   62107.22   71985.58   82976.03   73481.72   69165.10   76639.76   82803.31   75300.80   64340.84   57787.68   61799.01   84796.74  104013.64  110040.60
  27375.08   31749.17   45498.46   61446.20   73720.09   82566.16   86465.30   91833.81  113873.48  148516.51  170464.24  194107.04  205027.84  201208.00  198856.55  187835.62  177680.59  170764.92  149829.36  135605.78  141990.01  155019.64  147845.97  130406.78  111118.92   91892.35   69802.84
  27413.16   31184.50   43881.44   60398.02   87298.68  116721.13  132280.71  144760.44  130389.91  115456.09   84905.74   50075.40   54009.43   66531.17   90070.94  108490.92   89220.96   67449.84   71853.09   84330.97   92522.00   94132.33   83356.51   68280.99   42614.86   25391.22   39687.19
  27916.22   31765.90   43695.41   58837.11   71425.57   78707.05   74013.92   77683.39   96836.64  112952.74  114289.48  107131.51   89670.16   78302.10   81253.36   80914.26   65130.16   50609.40   53180.60   55651.80   64662.69   85693.88  102486.53  107937.40   98000.43   96981.15  111899.77
  25293.69   29440.80   41403.55   59748.44   77842.75   87487.58   80516.99   73150.55   69690.88   64243.49   53956.19   55599.32   73398.45   90176.17  101189.54  106935.04   93749.88   76044.20   81676.63  108629.00  143098.44  179035.34  193491.39  194310.35  182288.21  159186.18  121515.53
  26166.07   29372.72   42711.76   55467.98   64841.43   72500.03   83144.54  103639.48  121826.26  145109.32  163769.72  170785.57  144591.96  111239.04   94029.40   77143.43   94817.70  133763.80  158858.14  175349.64  153291.38  116909.02   90800.55   65034.30   60322.12   66119.78   98878.68
  26381.36   30209.24   42142.87   54291.81   60347.80   68687.45   74715.82   90609.71  130464.11  175649.78  198081.99  203212.23  187549.94  166066.99  140740.71  111414.05   92726.77   83270.72   77871.41   70926.23   79624.18   89751.62   86705.16  135970.88  236763.94  309295.47  334240.90
  25129.66   28957.18   41071.93   67347.78   95188.72  108624.88  100565.10   91747.84   86585.61   82675.48   74809.70   68549.57   68908.63   77424.52   91665.51  114584.67  143200.56  160865.52  153349.08  133653.07  105973.50   83099.64   61713.99   43311.74   45645.38   50851.85   58571.86
  27619.19   31451.88   44351.42   59514.68   76174.85   91695.00   93269.96   94943.41   93354.50   90863.22   87353.26   98149.54  126366.69  148121.09  158051.81  164434.57  159787.44  154879.26  146971.16  131817.63  124220.65  113975.85  102746.82   92692.15   77050.03   64031.62   59069.89
  24999.65   28832.24   41543.47   59983.91   76766.01   86731.65   79935.51   70294.39   63952.26   58804.26   64220.93   85174.42  127259.48  167920.75  180075.06  179622.53  154868.53  130317.45  114374.60  104692.91  114015.53  118623.05  125449.55  157501.67  187884.44  207200.10  210661.62
  23892.22   27141.02   39337.92   50218.59   70758.33   99579.97  112880.04  115548.15  114535.29  106790.07   82600.58   65832.02   60711.70   56429.66   43397.02   35773.90   40069.32   55545.68   75143.34   84579.07   92028.41   95538.94   83436.92   74352.29   70126.54   95267.50  129133.16
  24949.98   28954.52   40908.98   53805.62   60631.75   75004.15   88369.23   98350.72   86425.83   72557.19   79882.17   95665.15  102864.43  101524.45   92467.26   83936.10   81949.94   79189.97  113265.45  162251.75  186004.38  190283.81  158612.80  120757.57  101370.76   82638.76   74365.41
  22802.38   25910.03   37931.04   55969.35   81865.24  104943.89  107153.29  100171.58   89222.15   76591.23   61194.37   77136.13  121565.64  146653.14  146739.10  137160.74  124363.82  111255.73   89701.89   80771.81   81707.02   79516.02   72436.68   67063.39   77309.52   94828.14  108645.54
  24653.49   28396.05   40909.92   52656.13   66032.69   84529.78   93383.78  104245.87  103015.94  104251.82  117194.03  125120.92  122547.63  117682.88   98770.84   85552.54  134857.20  207507.12  249769.01  265094.50  242905.44  207815.16  162810.27  125120.57  118997.92  121565.47  141254.63
  25237.80   28975.21   40703.99   56322.84   76886.61   98541.19  105663.31  105589.43   93434.94   87765.40   96206.14  101320.61   92216.62  116891.36  170782.10  194539.21  178088.05  161475.02  156702.71  152244.49  132112.60  109130.82   82508.55   54392.84   47905.55   52193.31   63519.27
  29448.01   33719.86   46727.83   69433.48   92326.83  115070.07  120753.63  114970.59  101411.57   83005.69   71548.79   69425.15   73756.78   84206.92   85479.83   86739.25  104817.01  114840.01  114381.30  136328.47  169876.90  191392.50  200196.97  193227.03  168493.87  160526.86  169261.84
  26177.49   30319.03   42676.95   53880.68   45230.90   40734.54   49075.04   55755.19   49016.68   41060.33   52243.71   65695.56   70536.18   74271.98   69222.72   68361.92   78246.98   82793.40   80550.63   81712.54   87308.03   84890.35   63347.94   54037.08   63895.31   78287.77   96330.63
  26270.83   29403.21   41581.34   63492.72   94529.44  120268.94  122479.31  113587.95   96762.64  102153.18  129916.81  143176.15  145190.54  148786.50  147476.56  145355.69  125919.89  105810.35   78690.47   61117.15   67694.75   67175.19   54411.53   37374.40   39307.37   41461.10   54482.96
  29044.42   32625.52   45127.54   58036.92   69998.50   79631.66   91084.47  106633.16  127229.29  157926.96  180695.63  200472.05  208725.15  205469.55  189076.99  164429.17  125904.11   87363.20   66168.48   54005.67   62509.40   74691.99   87263.83   97566.81  100358.32  112990.00  138658.96
  27952.23   32448.48   45347.45   59773.33   78240.34   99072.78  110446.34  113390.55   92051.08   76182.79   94327.36  117507.29  128345.62  132766.41  114650.24   95373.26   80817.48   68189.18   63886.08   61170.10   69770.01   86202.23  104138.74  113566.79  111969.57  105908.61  104288.01
  25266.52   28635.19   41149.51   65207.07   88931.68  103169.84   90385.93   86806.42   83622.22   77250.00   76063.09   73812.43   57196.21   43537.30   75359.76  114544.65  123175.26  118614.56  109973.48   99134.03   98016.08   94717.75   94912.54   97774.36   94808.13   86200.46   78631.31
  26685.80   30843.38   43600.46   56034.54   62088.68   71200.11   78750.57   84115.19   91193.40   95712.59   88096.47   77642.39   72890.94   70415.30   86796.67  116653.95  157897.99  266611.37  404217.60  490119.54  456159.10  377320.36  285398.41  192840.16  153245.75  129371.26  130111.31
  29213.68   33616.88   46635.47   66999.36   87747.61  105880.77  104889.96   96570.04   77284.39   59805.39   57223.57   65083.07   88735.26  106608.43  101378.41  102474.93  117566.33  126965.15  125386.38  120757.84   86842.35   94460.10  145960.74  164590.22  158771.70  144311.22  112721.93
  28456.26   32150.95   44995.49   60197.55   71183.09   75930.00   69155.33   68463.59   76974.83   89038.28  100590.29  124132.21  157622.40  178549.81  181189.85  178586.38  160887.98  142659.04  130447.22  120235.66  111777.76  108789.33  104436.98   93818.31   90579.77   90384.87   89528.87
  27992.40   31377.67   44007.74   59748.15   75606.83   90650.46   88672.29   84077.77   88052.42   89126.03   95444.44  115377.45  132969.25  138259.51  112089.97   93417.65   92445.94   88683.46   78627.46   73537.26   78205.06   83802.34   89303.51   93090.48  103361.13  122765.08  130073.73
  25257.70   28924.43   41841.70   63517.37   96088.52  139740.41  156217.57  150811.97  140421.57  129148.33  102697.61   80374.13   81992.16   86067.02   83249.60   75341.92   67894.85   67499.61   72144.76   94726.72  137283.91  168324.54  183524.48  190882.80  178376.17  157031.68  124792.90
  27373.46   31486.29   44723.90   58437.32   66523.30   73622.28   77274.20   86747.00   91226.16   97049.51  116481.29  128087.62  117979.62  105638.37  100659.60   98267.48   87439.74   85823.95  110087.51  140193.13  149403.49  154776.56  155999.10  144121.05  134604.39  135444.37  152083.67
  30096.56   34903.69   48039.28   59862.54   67323.71   71635.52   60416.26   53397.82   60499.49   80155.27  108547.11  124277.11  123626.19  117899.52   96345.70   76769.22   74425.86   83357.77  103003.45  116911.38  115449.81  112588.82   90913.59   71312.70   83438.94  117021.66  154252.26
  24580.27   28268.26   40688.61   52801.58   61247.20   75291.01   87897.73  100106.82  106210.29  100514.45   72585.54   50688.70   54823.13   61083.61   77074.00  101725.45  139812.95  177923.10  182556.79  175135.55  156790.44  139828.98  127283.50  109876.60  103933.21  101021.73   97795.81
  30138.69   34764.99   47352.35   62282.09   78032.90   91078.29   90951.37   87860.81  102319.31  129084.53  146274.29  166096.63  181483.56  184163.08  184529.89  182670.87  158217.37  127262.49  113917.25  101481.30   81511.97   70572.38   79365.05   84515.77   82389.98   88574.15  101498.14
  26759.69   30666.32   38255.43   45914.23   51455.07   56917.26   49312.59   50117.19   64395.44   73503.26   83512.71   96856.25   99438.10  101134.31  104447.20   97995.26   81161.52   81023.53   96525.44  104894.40   88849.10  103145.75  152538.94  173018.63  164129.24  143012.33  121532.63
  26581.09   30258.48   43454.56   71590.94  103969.11  128513.82  133616.64  137043.79  140868.81  145113.99  140392.57  128168.21   91527.62   56247.12   31726.27   12384.50   26341.76   59206.68   98864.72  137213.06  166102.03  181776.18  174841.77  157414.88  146023.78  146334.66  142551.52
  24226.29   27529.05   40860.88   56610.24   71781.86   90430.45  107643.84  120113.90  155353.32  199320.30  205337.39  199933.61  192902.49  173599.50  154436.54  147498.21  153482.72  155771.35  147719.54  142670.87  139010.30  137283.08  146118.14  147417.79  134631.85  120825.25   96351.70
  26100.86   30277.31   43371.08   69007.37   96306.33  111442.21  118482.19  130186.11  132719.67  129111.37  117304.50  103828.12   89500.03   79113.09   76649.42   78024.05   82172.67   82212.99   77803.22   72746.27   59968.99   56748.44   81652.13  107349.29  133200.52  170712.79  191376.76
