2019 2020 2021 2022 2023 2024 2025 2026 2027 2028 2029 2030 2031 2032 2033 2034 2035 2036 2037 2038 2039 2040 2041 2042 2043 2044 2045
 0.3695097  0.3728853  0.3252135  0.3650662  0.3291791  0.4181349  0.4027373  0.4181348  0.3846255  0.5127541  0.5272231  0.3956390  0.3690095  0.4624927  0.4361651  0.6460201  0.7996985  0.5237181  0.4812516  0.3197211  0.2784103  0.3272790  0.2826008  0.4042731  0.3278065  0.5753836  0.5535797
 0.3692543  0.3641590  0.3504100  0.4231533  0.4201284  0.4162406  0.4399836  0.3752879  0.4084954  0.3324378  0.3459164  0.2682193  0.2350404  0.2704306  0.2661830  0.2555724  0.2480061  0.2822011  0.2914295  0.5576787  0.5982963  0.5304182  0.6144900  0.4020023  0.3410329  0.4050992  0.3682930
 0.3801220  0.4062870  0.4383515  0.4234411  0.3854287  0.6211691  0.5268232  0.4903174  0.4939741  0.4531205  0.4554959  0.5364109  0.5346956  0.3171735  0.3233189  0.5532392  0.6483584  0.4544563  0.3918260  0.3750671  0.3752216  0.6459801  0.7582199  0.5058651  0.4532836  0.3961883  0.4179715
 0.3818405  0.2673214  0.2575693  0.4169621  0.4409254  0.4046530  0.3103645  0.3154680  0.2641032  0.3059908  0.3160888  0.2708738  0.3025024  0.2897777  0.2703183  0.3458520  0.3050340  0.4503690  0.5817657  0.4930416  0.7369927  0.6161320  0.6820674  0.3315924  0.3110113  0.4326778  0.4002898
 0.3673954  0.3251501  0.3012151  0.3634190  0.3692237  0.4721514  0.3951574  0.7247799  0.8516955  1.2433545  1.1155097  0.4397701  0.3988255  0.4777451  0.5743313  0.7029842  1.1096210  0.5727840  0.5986332  0.2896638  0.2776067  0.5089225  0.5111820  0.7893719  0.7805895  0.4306355  0.4210853
 0.3209617  0.4398728  0.4531254  0.5448736  0.5278144  0.5340042  0.5531792  0.4683777  0.4942510  0.4646979  0.4697786  0.3009053  0.2718245  0.3600631  0.4006332  0.4499874  0.4977718  0.3596143  0.2874119  0.3352146  0.3250828  0.5265459  0.6951213  0.7162895  1.1768826  0.5042981  0.2606745
 0.3727774  0.4654065  0.4564300  0.3179834  0.3098222  0.3186616  0.2948364  0.3334984  0.3421940  0.3447677  0.3504273  0.4087784  0.3930815  0.3009323  0.3073703  0.5541977  0.6194030  0.4831792  0.5085654  0.3641205  0.3161141  0.2914691  0.2677017  0.4076009  0.4395767  0.3237208  0.3794803
 0.3877464  0.2326370  0.2309795  0.2470442  0.2284958  0.3230854  0.3134647  0.7089024  1.0077469  0.5161626  0.5397052  0.6727340  0.8484773  0.4117611  0.3569220  0.2950933  0.3092859  0.5154590  0.4005638  0.7256712  0.9866275  0.9314904  1.5214991  0.3401989  0.3301045  0.3394863  0.3239241
 0.3602831  0.4494371  0.4588205  0.6529834  0.7467341  0.5746346  0.6015985  0.2511846  0.2629494  0.2931443  0.2991151  0.3259248  0.3218764  0.3259548  0.2818059  0.3251224  0.3266827  0.3449305  0.2961781  0.3655396  0.3877625  0.3437167  0.3425353  0.3474537  0.3352935  0.2989370  0.3325134
 0.3550107  0.4827306  0.5028241  0.4143297  0.4269546  0.3550625  0.4226589  0.4946832  0.5970200  0.3032382  0.2848401  0.3324981  0.3154153  0.3205111  0.2987079  0.3456559  0.3496030  0.3744498  0.4015058  0.3505905  0.3314958  0.6095272  0.6150709  0.4726356  0.4613853  0.4047285  0.4068218
 0.3576641  0.3237148  0.2800156  0.3250686  0.3104281  0.3602481  0.3414207  0.4111559  0.4826736  0.3478425  0.3578368  0.3284638  0.3257834  0.4279414  0.4890506  0.4389845  0.4522081  0.4118750  0.4150984  0.2963939  0.2927764  0.4340364  0.3998017  0.4647533  0.4869614  0.6583158  0.9530313
 0.3668815  0.3565341  0.3716665  0.4526794  0.4938759  0.4817710  0.5144550  0.4430738  0.4095713  0.4709349  0.4604308  0.3651949  0.3770361  0.4085700  0.3931998  0.4448129  0.4740043  0.5305530  0.4989814  0.3710321  0.3514800  0.4492215  0.4949097  0.5647310  0.7081322  0.4636887  0.4772706
 0.3668324  0.4113999  0.3953691  0.3492771  0.3392460  0.3191012  0.2850158  0.2514565  0.2469679  0.3387324  0.3260729  0.5268003  0.6605489  0.7317113  0.6135874  0.3590646  0.3342160  0.6805192  0.7503934  0.3697225  0.3494518  0.4271188  0.4503352  0.7297813  0.8552657  0.8137450  1.0233166
 0.3968966  0.4668135  0.4550587  0.6760986  0.6131589  0.5520716  0.4621135  0.8070960  1.2290141  1.0879383        NaN  0.2881965  0.3046981  0.5187455  0.4965083  0.5297234  0.5646110  0.3936405  0.3427439  0.3958570  0.3563008  0.5243389  0.6776159  0.5231698  0.6530468  0.3698560  0.3301015
 0.3064559  0.4386946  0.4765658  0.4831721  0.4835035  0.3726703  0.3529292  0.3527248  0.3565275  0.4503918  0.4410407  0.3259273  0.3345823  0.4116124  0.3825866  0.3304761  0.3776236  0.4227606  0.3984451  0.5376818  0.6331576  0.3943948  0.3635613  0.2941623  0.2834118  0.3048079  0.2910643
 0.3335692  0.4160445  0.4143140  0.3244114  0.3283558  0.5417366  0.5818399  0.7356930  1.0805551  0.6511511  0.7297901  0.3602417  0.3610038  0.3509088  0.3062750  0.3074998  0.3061625  0.3084136  0.3085449  0.3175006  0.2992713  0.4496981  0.4309603  0.4536642  0.4502579  0.4716525  0.4797550
 0.3340155  0.4659991  0.4664174  0.4113443  0.3445886  0.4348841  0.4073449  0.3436447  0.3103996  0.3308737  0.3250157  0.3399703  0.3749049  0.4014931  0.4375694  0.4172958  0.4333233  0.4473913  0.4473701  0.5644796  0.5178594  0.6531195  0.8440276  0.4056479  0.3289841  0.4867926  0.5194939
 0.3142766  0.3105970  0.3137525  0.3889037  0.3997297  0.3461424  0.3634800  0.4760483  0.5423815  0.3823789  0.4337986  0.4078125  0.3564620  0.4110409  0.4005520  0.3481745  0.3345632  0.3447648  0.3399279  0.3980588  0.4155417  0.3037976  0.3034097  0.3095930  0.2811076  0.3358571  0.3324110
 0.3523488  0.4210928  0.3969693  0.8514184  0.8175501  0.4808430  0.4728602  0.8210482  1.2763978  0.5168631  0.4331208  0.3405939  0.3263368  0.3907869  0.3568086  0.3462364  0.3408553  0.3688629  0.3692838  0.3178518  0.3006732  0.3443998  0.3778985  0.3455503  0.3102345  0.3526051  0.3697849
 0.3410757  0.3752682  0.3521482  0.4471455  0.5191381  0.4103335  0.4119965  0.4694399  0.4783635  0.2797616  0.2696736  0.2827156  0.2832163  0.3526898  0.3701999  0.4891902  0.5345852  0.9623121  2.0252629  0.5394690  0.3921341  0.7106213  0.5978073  0.6327626  0.7396083  0.5777150  0.6137388
 0.3464490  0.3552989  0.3554274  0.2924489  0.2768360  0.3107284  0.2789199  0.3677904  0.4171108  0.2960961  0.3502194  0.3542200  0.3481725  0.3429986  0.3597084  0.4403822  0.3950264  0.5139956  0.5356748  0.6454649  0.6706812  0.4248260  0.4842810  0.4676134  0.4585464  0.4078517  0.4124783
 0.3913524  0.3841216  0.3580201  0.3406144  0.3228593  0.3081060  0.3100399  0.4420123  0.4445968  0.2314732  0.2280170  0.3160349  0.3718468  0.3752584  0.3724505  0.3213985  0.3268887  0.3688314  0.3287211  0.4808458  0.4780867  0.4437533  0.4907599  0.3050068  0.3145308  0.2604341  0.2833271
 0.4014681  0.3725340  0.3850687  0.6167302  0.7612443  1.4534131  3.4628592  1.6193218  1.1164598  0.5111899  0.5128239  1.3750720  1.0330028  0.7282941  0.7026965  1.1462710  1.5198775  0.3392146  0.3016208  0.2819644  0.2741723  0.2550066  0.2386291  0.3972131  0.4225766  0.4818906  0.4479833
 0.3740420  0.3851848  0.3944061  0.3925316  0.3612713  0.3391124  0.3689602  0.3072479  0.3265482  0.3602718  0.3855537  0.4407315  0.4280617  0.4558387  0.5145180  0.3776088  0.3916267  0.3763021  0.3466862  0.4964329  0.5751073  0.5256210  0.6654926  0.4313743  0.4109707  0.2905726  0.2855032
 0.3197832  0.3387716  0.3429027  0.3914139  0.3951886  0.4461364  0.4565678  0.5639547  0.4364392  0.3089414  0.2922551  0.3662596  0.3955067  0.3964391  0.4279837  0.4702059  0.4900775  0.4283670  0.3945777  0.3734239  0.3508201  0.4416725  0.4488931  0.3810277  0.4459962  0.2029943  0.2527484
 0.3580357  0.2871519  0.3012619  0.3450251  0.2951274  0.4569110  0.5251843  0.3661837  0.3630641  0.3656235  0.3376130  0.3121725  0.2976310  0.3146873  0.3267450  0.2274849  0.2578610  0.2743094  0.2593042  0.3141927  0.2945257  0.3541971  0.3457265  0.3631043  0.3835315  0.2609873  0.2651704
 0.3515953  0.2825287  0.2781096  0.3533729  0.3421509  0.3921215  0.3900433  0.3089842  0.3011333  0.3626879  0.3463637  0.3035498  0.3031930  0.2733320  0.2494239  0.2672860  0.2676842  0.3301785  0.2993746  0.3898510  0.4034586  0.2685722  0.2618403  0.3256497  0.3030251  0.4052651  0.4118760
 0.3473115  0.3451175  0.3553366  0.3542685  0.3554049  0.3977817  0.3791136  0.3289619  0.3351372  0.3265487  0.3362270  0.4157767  0.4600574  0.3603947  0.3914159  0.4103775  0.3758416  0.4482352  0.4345759  0.3974085  0.3918425  0.2840374  0.2719962  0.3983208  0.4234473  0.5002780  0.6247953
 0.3468890  0.3087357  0.3197640  0.4828356  0.4704044  0.4412887  0.5144137  0.4172472  0.4558295  0.2829478  0.2713082  0.3468016  0.3106475  0.3962003  0.4098101  0.3281165  0.3370659  0.3875375  0.4558233  0.3217982  0.2869541  0.3646321  0.3352956  0.3591886  0.3301931  0.3056924  0.3151063
 0.3100406  0.3794566  0.3663806  0.3714648  0.3299643  0.4818451  0.5172036  0.4710189  0.6011383  0.3015761  0.2961408  0.3325760  0.3250084  0.5556633  0.6344926  0.5655255  0.6801058  0.3344581  0.3378827  0.3890875  0.3993289  0.7510098  0.9970441  0.4474190  0.3553852  0.4578126  0.4211746
 0.3476240  0.3954155  0.3786056  0.4167664  0.4212397  0.3875751  0.4193694  0.4898699  0.5351165  0.4412769  0.4585934  0.3010949  0.3012478  0.3558689  0.3393336  0.3950996  0.3635636  0.4112033  0.4161872  0.5076473  0.5941010  0.4790850  0.5367356  0.3303451  0.3237336  0.3423554  0.3148141
 0.3462581  0.4038093  0.3830671  0.2870074  0.2782463  0.3341617  0.3425209  0.3555752  0.3366712  0.2944876  0.2377228  0.2970157  0.2578614  0.2848389  0.3111196  0.2649368  0.2717313  0.3121627  0.2679143  0.3203149  0.3213521  0.2856824  0.2964500  0.3947781  0.4007762  0.4039960  0.4068706
 0.3755038  0.9482015  1.1842963  0.6146374  0.4827876  0.6846370  0.6658897  0.5784993  0.5568641  0.4525764  0.4873005  0.5103298  0.5382641  0.4670289  0.4678904  0.3611737  0.3217483  0.3756627  0.3670518  0.6423045  0.7549978  0.5263713  0.5710587  0.4923289  0.5060550  0.3467949  0.3471633
 0.3588831  0.2736186  0.2564106  0.3092780  0.3361672  0.3638298  0.3457793  0.3742411  0.4126868  0.4659376  0.5416145  0.8787878  1.3297171  0.6734781  0.6670136  0.3821882  0.3565235  0.3511465  0.3054441  0.2768697  0.2556004  0.3312880  0.3602342  0.3908197  0.3945148  0.3754926  0.3410548
 0.3518535  0.2296587  0.2445804  0.3247473  0.3167681  0.3172394  0.2966393  0.3003431  0.3144586  0.2710572  0.2626619  0.2320160  0.2217713  0.2584155  0.2602089  0.2735403  0.2644902  0.4399197  0.4059777  0.4408947  0.4731213  0.3891166  0.4118321  0.4636481  0.4964133  0.5435451  0.5284126
 0.3279970  0.3226779  0.3110219  0.3011751  0.2827730  0.3767557  0.3575144  0.4212821  0.4220737  0.4269758  0.4406506  0.6209708  0.6816228  0.3225371  0.2928535  0.4499453  0.5093016  0.6170755  0.6385069  0.7285165  0.8194192  0.4574089  0.4190101  0.4626700  0.4622317  0.4006187  0.3852622
 0.3497784  0.4561952  0.4936733  0.3632497  0.3464818  0.4260372  0.3998076  0.5581647  0.7417523  0.5665723  0.4370677  0.3431705  0.2998598  0.5174179  0.6386551  0.4733781  0.5369087  0.4102458  0.4044509  0.3139988  0.3265164  0.3551759  0.3311674  0.3283365  0.3198599  0.3117147  0.3676037
 0.3498725  0.4247963  0.4453595  0.4016499  0.3309785  0.3804538  0.3656091  0.3370613  0.3885918  0.4118005  0.3956143  0.5517837  0.4856483  0.4553959  0.4589783  0.7166255  0.9952488  0.3412895  0.3055750  0.3845628  0.3556245  0.5591181  0.6607633  0.6690261  0.6141071  0.6084161  0.6034089
 0.3303611  0.3477407  0.3203239  0.3797063  0.3893657  0.4508572  0.4270278  0.5596457  0.6163232  0.5891562  0.6074401  0.5992655  0.6286775  0.3928431  0.3318656  0.3572475  0.3199197  0.3047370  0.2824016  0.3008590  0.3336447  0.3514351  0.3508721  0.3480490  0.3305422  0.4437135  0.4869597
 0.3606860  0.3918528  0.4074550  0.4905206  0.5578352  0.3721913  0.3611736  0.5416582  0.6174008  0.4712302  0.5009436  0.3418307  0.3246319  0.3088070  0.3046081  0.4206872  0.4845045  0.4496001  0.4524110  0.2890404  0.2735838  0.3156453  0.2900428  0.2900115  0.2806308  0.3684913  0.3987714
 0.3487996  0.5337609  0.5774990  0.5579305  0.5444593  0.4876363  0.4871153  0.3996115  0.4254494  0.3504356  0.3680305  0.3561058  0.3547463  0.3205099  0.2900247  0.3499017  0.3173247  0.3354043  0.3072157  0.3903271  0.4188745  0.4448693  0.4950272  0.3816868  0.4578353  0.4623321  0.4983845
 0.3874009  0.5386722  0.5356830  0.4512826  0.4460396  0.3827258  0.4200836  0.4287706  0.4392812  0.3480944  0.3349726  0.3290549  0.3377798  0.6136900  0.6961989  0.7784572  1.2771896  0.4303102  0.3549424  0.4352467  0.3864686  0.3311568  0.3359862  0.4226195  0.3385431  0.3657098  0.3325362
 0.3821057  0.5057609  0.5452102  0.5142845  0.4907968  0.4481185  0.4848585  0.3570732  0.3125898  0.2840052  0.2656990  0.3822973  0.4042920  0.2310805  0.2780186  0.3569958  0.3872188  0.4630956  0.5609194  0.4902449  0.5139283  0.4675798  0.4364044  0.3408675  0.3154894  0.2777097  0.2564312
 0.3650403  0.4109898  0.3972262  0.3222450  0.3248606  0.3714837  0.3660832  0.3786260  0.4678103  0.4063123  0.4178961  0.3034772  0.2638049  0.2913375  0.2866442  0.4544586  0.4418485  0.3833495  0.4152210  0.3634557  0.3933005  0.2865912  0.2708861  0.3113333  0.2927324  0.3899405  0.3951560
 0.3391944  0.5511739  0.5601237  0.9875576  1.2860450  0.5051507  0.4541992  0.4431156  0.4050725  0.3894025  0.3895084  0.3323849  0.3110232  0.3724580  0.3620501  0.3844872  0.3455086  0.4603394  0.4850625  0.6908362  0.9409919  0.5393340  0.4714745  0.4044532  0.4174781  0.3647033  0.3442776
 0.3729476  0.4428929  0.4156538  0.3822164  0.4208340  0.3877343  0.4053378  0.5301820  0.5610581  0.3576270  0.3337629  0.3403149  0.3247309  0.3856906  0.3763366  0.5209600  0.6181891  0.4800739  0.5213735  0.6478366  0.6271371  0.4485363  0.4137815  0.4912371  0.6133595  0.6382247  0.6785123
 0.3410919  0.4739986  0.4769637  0.4322805  0.4485344  0.5184446  0.5103281  0.4895314  0.4977153  0.3888667  0.3525588  0.3059222  0.2690075  0.3733198  0.4128453  0.3793988  0.4153845  0.4129587  0.3751723  0.3270367  0.3503933  0.4536538  0.4957857  0.6769101  0.7595664  0.4981785  0.5167696
 0.3575257  0.3729434  0.3823431  0.2666114  0.2674740  0.4532512  0.5048196  0.3551307  0.3592917  0.3466182  0.3208576  0.3425052  0.3047428  0.3785028  0.4338803  0.6819217  0.9863283  0.4089802  0.3889987  0.3200559  0.2868123  0.3320276  0.3534752  0.4877137  0.5336159  0.5504476  0.5574604
 0.3488433  0.3554790  0.3566958  0.3236156  0.3340398  0.3727067  0.3932009  0.2812416  0.2603814  0.3573532  0.3608151  0.3910755  0.4510284  0.3326373  0.3154986  0.3680116  0.3876942  0.3191540  0.3136895  0.2846753  0.2621501  0.2420937  0.2345234  0.2990064  0.3116220  0.4456609  0.5400840
 0.3112930  0.3181467  0.3198980  0.5160395  0.5641197  0.6969006  0.6054096  0.6311817  0.7208335  0.5602019  0.5104256  0.2844058  0.2837058  0.4579566  0.5099959  0.5252538  0.5407099  0.3806192  0.3875881  0.3777400  0.3745546  0.5079850  0.4920395  0.5307114  0.5686222  0.7098336  0.6919524
