FL 2019 2020 2021 2022 2023 2024 2025 2026 2027 2028 2029 2030 2031 2032 2033 2034 2035 2036 2037 2038 2039 2040 2041 2042 2043 2044 2045
 1  0.7288134  0.6828411  0.6456069  0.6319094  0.6310949  0.6360952  0.6521982  0.6759172  0.6692848  0.6618756  0.6565431  0.6652359  0.6696587  0.6694432  0.6800893  0.6748937  0.6503030  0.6393202  0.6568407  0.6694332  0.6766383  0.6751232  0.6760868  0.6919310  0.6905263  0.6855669  0.6786296
 2  0.5725724  0.5257627  0.5038170  0.5011845  0.4996844  0.5025705  0.5339497  0.5611533  0.5545324  0.5318808  0.5225866  0.5393338  0.5473808  0.5556928  0.5664483  0.5601621  0.5296405  0.5265524  0.5542399  0.5699840  0.5716904  0.5573377  0.5507262  0.5673068  0.5719338  0.5678007  0.5670215
 3  0.7521145  0.7090282  0.6701663  0.6528623  0.6497593  0.6529885  0.6672027  0.6947012  0.6898103  0.6802599  0.6732216  0.6824774  0.6887456  0.6872090  0.6989309  0.6956408  0.6695378  0.6563782  0.6748920  0.6891051  0.6972481  0.6947414  0.6929406  0.7096219  0.7105248  0.7048829  0.6971032
 4  0.4566311  0.4242774  0.4139569  0.4142919  0.4093847  0.4167158  0.4746418  0.4942569  0.4584535  0.4233964  0.4410236  0.4717180  0.4656048  0.4780024  0.4959104  0.4697340  0.4342681  0.4603178  0.4926460  0.5017116  0.4868756  0.4525767  0.4664382  0.4978350  0.4917516  0.4787535  0.4949795
 1  0.7287870  0.6827335  0.6459486  0.6314613  0.6321437  0.6392888  0.6403530  0.6476038  0.6559500  0.6634743  0.6808144  0.6786213  0.6867662  0.6971623  0.6919393  0.6904050  0.6891834  0.6874860  0.6893739  0.7001253  0.6830017  0.6652431  0.6648684  0.6784392  0.6876888  0.6897041  0.6795478
 2  0.5725221  0.5257448  0.5041125  0.5027248  0.5102715  0.5147166  0.5119895  0.5148141  0.5224132  0.5418541  0.5616316  0.5642825  0.5722826  0.5783695  0.5694757  0.5542840  0.5400570  0.5230591  0.5327062  0.5599076  0.5574645  0.5439831  0.5566703  0.5802369  0.5935618  0.5903378  0.5764736
 3  0.7521049  0.7089533  0.6705097  0.6522749  0.6504152  0.6573418  0.6577873  0.6642448  0.6731629  0.6798701  0.6993925  0.6981079  0.7047130  0.7167787  0.7114605  0.7082875  0.7065925  0.7039194  0.7041892  0.7176212  0.7030701  0.6843173  0.6825827  0.6978011  0.7089626  0.7117830  0.6998869
 4  0.4566462  0.4243713  0.4140155  0.4187963  0.4329405  0.4301950  0.4231853  0.4324167  0.4395102  0.4734995  0.4897014  0.4790174  0.4953466  0.4974600  0.4707096  0.4505447  0.4316802  0.4077072  0.4560777  0.4899291  0.4714814  0.4579454  0.4904668  0.5199188  0.5254786  0.5079496  0.4891618
 1  0.7305922  0.6848867  0.6453138  0.6300941  0.6454001  0.6571774  0.6749338  0.6609811  0.6467502  0.6470905  0.6512579  0.6599521  0.6659665  0.6719564  0.6691719  0.6655645  0.6555943  0.6633479  0.6927591  0.6885505  0.6728473  0.6653150  0.6596549  0.6610457  0.6639297  0.6559223  0.6467225
 2  0.5728104  0.5252798  0.5028185  0.5144933  0.5359900  0.5623821  0.5746456  0.5580333  0.5291516  0.5170013  0.5224819  0.5361431  0.5567723  0.5638112  0.5551238  0.5332001  0.5125045  0.5528821  0.5915587  0.5908125  0.5636625  0.5357706  0.5317945  0.5495308  0.5572239  0.5403489  0.5133969
 3  0.7534214  0.7108077  0.6699002  0.6499970  0.6644071  0.6747844  0.6953203  0.6832673  0.6657964  0.6645231  0.6684689  0.6770949  0.6840184  0.6921856  0.6895319  0.6837816  0.6723829  0.6781311  0.7131017  0.7116904  0.6940581  0.6832763  0.6763989  0.6795169  0.6842811  0.6764313  0.6648960
 4  0.4549219  0.4235101  0.4145748  0.4466403  0.4671732  0.4980729  0.5085491  0.4632117  0.4274932  0.4309357  0.4445841  0.4648467  0.4902365  0.4892692  0.4564071  0.4216651  0.4216838  0.5018226  0.5343096  0.5083245  0.4524381  0.4311066  0.4612854  0.4871858  0.4804248  0.4378246  0.4030172
 1  0.7291430  0.6827285  0.6518443  0.6389032  0.6247987  0.6276439  0.6722606  0.7162495  0.6950652  0.6803612  0.6806904  0.6781405  0.6784787  0.6874512  0.7127524  0.7032472  0.6869274  0.6764968  0.6621694  0.6495371  0.6479163  0.6419784  0.6632393  0.6792080  0.7023413  0.6890503  0.6725966
 2  0.5726204  0.5251685  0.5085323  0.4992643  0.4825612  0.4844149  0.5877986  0.6181548  0.6039958  0.5682411  0.5350945  0.5103976  0.4893518  0.5502170  0.5955136  0.5978250  0.5694710  0.5275126  0.4730213  0.4342597  0.4460668  0.4903776  0.5503957  0.5948878  0.6088999  0.5941559  0.5668973
 3  0.7522586  0.7089208  0.6762686  0.6602459  0.6433052  0.6436236  0.6825019  0.7409412  0.7202474  0.7003486  0.6979021  0.6947992  0.6935464  0.7003644  0.7329996  0.7258541  0.7074778  0.6945573  0.6780048  0.6636487  0.6620748  0.6563963  0.6799353  0.6975012  0.7260955  0.7127063  0.6916521
 4  0.4556339  0.4243245  0.4174475  0.3989020  0.3831799  0.4030791  0.5417959  0.5623179  0.5043813  0.4403170  0.4204438  0.3948480  0.3723923  0.4986840  0.5392732  0.5108081  0.4500579  0.3855378  0.3266805  0.3226855  0.3572645  0.4364002  0.4979551  0.5386239  0.5438226  0.4959526  0.4736407
 1  0.7281315  0.6824165  0.6486235  0.6354339  0.6322907  0.6549208  0.6952206  0.6830336  0.6516174  0.6291915  0.6605074  0.6625594  0.6529131  0.6472883  0.6421280  0.6317336  0.6189263  0.6214412  0.6385945  0.6792268  0.6938613  0.6875335  0.6705990  0.6658878  0.6697499  0.6687085  0.6554612
 2  0.5721117  0.5261938  0.5062276  0.5019207  0.4995533  0.5582401  0.5947656  0.5879423  0.5417694  0.5329493  0.5779187  0.5776366  0.5625448  0.5366184  0.5082702  0.4770447  0.4691521  0.5017452  0.5507585  0.5920268  0.6023602  0.5890983  0.5551270  0.5479184  0.5668936  0.5699021  0.5500179
 3  0.7515323  0.7085148  0.6729630  0.6564027  0.6507483  0.6680100  0.7165587  0.7063289  0.6725205  0.6456331  0.6783925  0.6869244  0.6760594  0.6671468  0.6602659  0.6489283  0.6342124  0.6375780  0.6547121  0.6982949  0.7170801  0.7095723  0.6902680  0.6835005  0.6880421  0.6909659  0.6776310
 4  0.4574745  0.4243489  0.4153853  0.4119675  0.4100259  0.5089453  0.5383190  0.4989995  0.4385032  0.4719144  0.5295954  0.5121568  0.4698092  0.4318374  0.4028842  0.3691379  0.3951690  0.4459578  0.4974559  0.5369878  0.5303549  0.4916042  0.4540453  0.4720023  0.5087285  0.4993275  0.4447471
 1  0.7302442  0.6876301  0.6450225  0.6279414  0.6416830  0.6481007  0.6536188  0.6526269  0.6540818  0.6596306  0.6584333  0.6602652  0.6662545  0.6701524  0.6783291  0.6730391  0.6656460  0.6789084  0.7073479  0.7000592  0.6819044  0.6708654  0.6582249  0.6488372  0.6452829  0.6249145  0.6528391
 2  0.5712935  0.5270284  0.5002120  0.5104179  0.5362802  0.5491002  0.5511590  0.5452569  0.5430543  0.5429231  0.5409457  0.5390082  0.5375464  0.5373921  0.5407356  0.5346761  0.5252591  0.5739527  0.6065857  0.6031469  0.5709021  0.5262433  0.4862489  0.4815489  0.5048082  0.5203983  0.5688958
 3  0.7530500  0.7132989  0.6694801  0.6476475  0.6602434  0.6675494  0.6728710  0.6722371  0.6726290  0.6782701  0.6771751  0.6784728  0.6846726  0.6871535  0.6956154  0.6913966  0.6827450  0.6936159  0.7292901  0.7238366  0.7032290  0.6887822  0.6740912  0.6641878  0.6620034  0.6428115  0.6691669
 4  0.4545673  0.4233061  0.4095276  0.4425800  0.4733483  0.4777631  0.4750403  0.4633656  0.4628699  0.4632675  0.4574621  0.4566937  0.4441066  0.4482032  0.4567262  0.4379176  0.4342405  0.5211908  0.5481205  0.5175503  0.4482936  0.3901066  0.3752092  0.4055366  0.4364173  0.4609109  0.5155872
 1  0.7289947  0.6824479  0.6385907  0.6187974  0.6251639  0.6443068  0.6585968  0.6596577  0.6641756  0.6892461  0.6852651  0.6821243  0.6894037  0.6946430  0.6890475  0.6834472  0.6722140  0.6567610  0.6558193  0.6746325  0.6818737  0.6931695  0.6841911  0.6773923  0.6671887  0.6628035  0.6707265
 2  0.5714732  0.5247021  0.4997162  0.4941282  0.5066252  0.5272899  0.5355287  0.5221332  0.5315272  0.5624710  0.5674589  0.5649961  0.5787434  0.5866191  0.5783008  0.5624832  0.5410687  0.5218743  0.5346300  0.5630404  0.5835444  0.5879150  0.5711955  0.5365035  0.4919555  0.4734352  0.5044802
 3  0.7522130  0.7088365  0.6635618  0.6400691  0.6431961  0.6611918  0.6767023  0.6777788  0.6788545  0.7069711  0.7055097  0.7003659  0.7078280  0.7156414  0.7099960  0.7024719  0.6906710  0.6754186  0.6721234  0.6931076  0.7013615  0.7143119  0.7053125  0.6955328  0.6832078  0.6776007  0.6847019
 4  0.4550080  0.4246142  0.4128112  0.4109858  0.4301380  0.4559485  0.4502836  0.4084226  0.4592938  0.4998670  0.4810449  0.4801736  0.5110771  0.5134329  0.4851884  0.4620659  0.4490506  0.4294956  0.4674606  0.5006796  0.5151839  0.5103826  0.4628471  0.4006063  0.3623844  0.3697640  0.4429432
 1  0.7296185  0.6841285  0.6564981  0.6444991  0.6538338  0.6932094  0.6855954  0.6757893  0.6544410  0.6380851  0.6412697  0.6301491  0.6279970  0.6226006  0.6468373  0.6946791  0.6911276  0.6961155  0.7039843  0.6826591  0.6385630  0.5959895  0.6080554  0.6359569  0.6591743  0.6666107  0.6832580
 2  0.5721330  0.5251804  0.5105736  0.5024194  0.5469954  0.5841787  0.5807126  0.5531045  0.5187520  0.5168330  0.5192612  0.5065161  0.5028399  0.5025552  0.5606908  0.5973492  0.5984808  0.6030072  0.6027140  0.5801583  0.5100964  0.4585112  0.5040109  0.5544833  0.5719511  0.5752799  0.5801859
 3  0.7524823  0.7098500  0.6805093  0.6656749  0.6685735  0.7128895  0.7077000  0.6949071  0.6716744  0.6558303  0.6604843  0.6485562  0.6446636  0.6409269  0.6601137  0.7157861  0.7139654  0.7150057  0.7271488  0.7061646  0.6587891  0.6125634  0.6216392  0.6543583  0.6808925  0.6861238  0.7028957
 4  0.4552526  0.4229797  0.4188448  0.4013520  0.4913894  0.5256877  0.4866188  0.4336693  0.4288953  0.4501829  0.4348483  0.4127580  0.4269058  0.4265858  0.5107108  0.5404283  0.5155085  0.5308931  0.5348893  0.4756427  0.3808053  0.3750779  0.4615687  0.5055479  0.4982491  0.4971244  0.5062338
 1  0.7295170  0.6852218  0.6433382  0.6244583  0.6202414  0.6167167  0.6236962  0.6390168  0.6500701  0.6606144  0.6744177  0.6807729  0.6875940  0.6965058  0.6964211  0.6947820  0.6907764  0.6963469  0.6885077  0.6809462  0.6825290  0.6833377  0.6842014  0.6891085  0.6904568  0.6840339  0.6880266
 2  0.5724068  0.5257959  0.5008032  0.5010298  0.5082051  0.5097433  0.5205072  0.5308777  0.5339080  0.5338994  0.5422986  0.5513234  0.5665213  0.5832322  0.5874490  0.5814485  0.5763520  0.5771634  0.5647038  0.5468206  0.5422577  0.5483138  0.5566499  0.5702475  0.5725113  0.5648363  0.5640960
 3  0.7523910  0.7109780  0.6678873  0.6452028  0.6388835  0.6354105  0.6410009  0.6573729  0.6688885  0.6773874  0.6914292  0.6984548  0.7051253  0.7158384  0.7169556  0.7151485  0.7095856  0.7157762  0.7087286  0.6988846  0.6993878  0.7012744  0.7020885  0.7075608  0.7104553  0.7032425  0.7062232
 4  0.4547988  0.4229388  0.4128013  0.4238049  0.4371905  0.4353886  0.4513988  0.4582740  0.4416245  0.4454915  0.4619990  0.4701574  0.4942669  0.5123998  0.5090389  0.4913940  0.4926020  0.4979176  0.4650703  0.4412065  0.4572603  0.4674799  0.4781344  0.4960907  0.4889072  0.4737112  0.4801146
 1  0.7294070  0.6855712  0.6416887  0.6177144  0.6094059  0.6130287  0.6235720  0.6311662  0.6462351  0.6675651  0.6813964  0.6860014  0.6826937  0.6846019  0.6957874  0.6872164  0.6806932  0.6839447  0.6842211  0.6874416  0.6958259  0.6907718  0.6700116  0.6498144  0.6593792  0.6927832  0.6802888
 2  0.5726944  0.5263729  0.4995510  0.4867707  0.4776269  0.4733636  0.4745433  0.4800358  0.5182367  0.5614031  0.5806116  0.5802245  0.5666751  0.5673299  0.5739824  0.5647714  0.5494901  0.5499653  0.5564736  0.5723794  0.5865515  0.5825209  0.5538113  0.5244621  0.5574975  0.5892410  0.5803494
 3  0.7523779  0.7112215  0.6661643  0.6393277  0.6283199  0.6296002  0.6396581  0.6465848  0.6606613  0.6852573  0.7016284  0.7063563  0.7024003  0.7021343  0.7151964  0.7072530  0.6983261  0.7015241  0.7024062  0.7054078  0.7162119  0.7118028  0.6903917  0.6691346  0.6739261  0.7136737  0.7033538
 4  0.4557622  0.4228491  0.4119616  0.3973926  0.3834933  0.3835582  0.3826427  0.3952456  0.4618940  0.5049179  0.5082413  0.4942360  0.4706612  0.4891721  0.4977678  0.4644889  0.4528443  0.4678809  0.4773295  0.5042774  0.5151683  0.4957821  0.4579213  0.4270069  0.5025111  0.5309721  0.4871066
 1  0.7290193  0.6837882  0.6498591  0.6377439  0.6408551  0.6570525  0.6548658  0.6535426  0.6556017  0.6649352  0.6741505  0.6873167  0.6860700  0.6927996  0.6846994  0.6721049  0.6671669  0.6596535  0.6670190  0.6838259  0.6910943  0.6942069  0.6873594  0.6767587  0.6655642  0.6559339  0.6381870
 2  0.5731135  0.5265721  0.5057717  0.5031333  0.5166726  0.5305386  0.5212620  0.5015401  0.5003324  0.5225327  0.5540317  0.5736458  0.5798029  0.5818935  0.5710613  0.5528593  0.5379046  0.5268332  0.5440988  0.5726653  0.5865785  0.5882446  0.5758210  0.5556927  0.5300468  0.5074265  0.4805731
 3  0.7523618  0.7098613  0.6741745  0.6584867  0.6583833  0.6748766  0.6733310  0.6701516  0.6708787  0.6812124  0.6911204  0.7067380  0.7057841  0.7125941  0.7052939  0.6915493  0.6858797  0.6776005  0.6831810  0.7024422  0.7114229  0.7145188  0.7080582  0.6966026  0.6839220  0.6735906  0.6553309
 4  0.4573780  0.4241020  0.4134099  0.4137964  0.4424855  0.4505899  0.4168384  0.3877362  0.4173705  0.4529311  0.4891463  0.5016136  0.5012147  0.5031736  0.4827529  0.4603140  0.4439275  0.4353576  0.4779246  0.5095832  0.5124835  0.5075711  0.4877058  0.4552261  0.4269657  0.4028102  0.3781178
 1  0.7286387  0.6826092  0.6461644  0.6283289  0.6164825  0.6114562  0.6353194  0.6502423  0.6728088  0.6783652  0.6703642  0.6781513  0.6870611  0.6794732  0.6723044  0.6804219  0.6716308  0.6630349  0.6798454  0.6855002  0.6753719  0.6622148  0.6511704  0.6579373  0.6598661  0.6529492  0.6688658
 2  0.5727279  0.5259170  0.5040612  0.4943566  0.4770055  0.4759973  0.5088267  0.5442765  0.5716019  0.5759896  0.5673515  0.5744792  0.5810745  0.5679408  0.5554728  0.5573862  0.5444375  0.5398676  0.5706495  0.5822412  0.5666699  0.5297957  0.4943873  0.5026482  0.5223611  0.5406404  0.5638397
 3  0.7520377  0.7088497  0.6707086  0.6496207  0.6355942  0.6272555  0.6505895  0.6672193  0.6914907  0.6994355  0.6901971  0.6968658  0.7078585  0.7002785  0.6905115  0.6990235  0.6913759  0.6799422  0.6973844  0.7071392  0.6970300  0.6814888  0.6672543  0.6730905  0.6772865  0.6704759  0.6879057
 4  0.4570261  0.4243655  0.4134905  0.4020034  0.3740507  0.3997090  0.4482485  0.4839861  0.5075463  0.4972592  0.4849656  0.5057333  0.5058853  0.4721170  0.4686668  0.4783328  0.4467209  0.4612941  0.5123298  0.5113750  0.4650890  0.3976364  0.3869835  0.4317076  0.4501028  0.4755709  0.4977186
 1  0.7283148  0.6831720  0.6446536  0.6267117  0.6253847  0.6523377  0.6697045  0.6692755  0.6748631  0.6970796  0.6884753  0.6775879  0.6629019  0.6463591  0.6777028  0.7072063  0.6854430  0.6714481  0.6603069  0.6860472  0.6780198  0.6682373  0.6644602  0.6732299  0.6633188  0.6369816  0.6290405
 2  0.5733267  0.5264931  0.5029783  0.4933701  0.5041784  0.5393242  0.5566445  0.5462298  0.5507025  0.5691824  0.5617195  0.5354958  0.5012802  0.4937522  0.5850388  0.6117265  0.5958304  0.5605062  0.5569673  0.5843155  0.5794625  0.5549290  0.5382141  0.5473126  0.5440128  0.5256381  0.5282051
 3  0.7516587  0.7091073  0.6690815  0.6481348  0.6428365  0.6685406  0.6888461  0.6886026  0.6905900  0.7153211  0.7086590  0.6955165  0.6798438  0.6619490  0.6904186  0.7324940  0.7104565  0.6918830  0.6756536  0.7070368  0.7009515  0.6882026  0.6818677  0.6907291  0.6830683  0.6569013  0.6467352
 4  0.4576247  0.4237749  0.4140688  0.4016593  0.4303449  0.4788668  0.4803942  0.4376952  0.4715913  0.4988031  0.4617559  0.4141196  0.3853084  0.4188846  0.5403647  0.5537689  0.4991636  0.4406156  0.4958593  0.5275126  0.4903403  0.4446036  0.4501546  0.4753798  0.4664959  0.4434945  0.4636609
 1  0.7288068  0.6821140  0.6399884  0.6299470  0.6513619  0.6677763  0.6879332  0.6678292  0.6174990  0.5551522  0.5465352  0.6485179  0.7209454  0.6957267  0.6635236  0.6651041  0.6535420  0.6545409  0.6844435  0.6813005  0.6698810  0.6667967  0.6531063  0.6359691  0.6356236  0.6411382  0.6803767
 2  0.5718598  0.5247055  0.5015891  0.5249135  0.5584725  0.5889094  0.5961454  0.5710424  0.4917273  0.4116255  0.4194681  0.6082406  0.6298567  0.6129288  0.5653886  0.5442240  0.5249453  0.5415924  0.5763132  0.5755203  0.5498677  0.5249312  0.4906838  0.4641268  0.4752392  0.5238022  0.5816481
 3  0.7519277  0.7081572  0.6646894  0.6491226  0.6704153  0.6865711  0.7112643  0.6917376  0.6381028  0.5719299  0.5607047  0.6461901  0.7493462  0.7224918  0.6843411  0.6837899  0.6728191  0.6695805  0.7038430  0.7029297  0.6893240  0.6846723  0.6702419  0.6517409  0.6512260  0.6555421  0.6978202
 4  0.4558752  0.4239608  0.4165409  0.4648231  0.5020623  0.5303021  0.5302533  0.4661855  0.3586224  0.3198328  0.3636416  0.5609811  0.5746714  0.5174283  0.4588208  0.4561711  0.4291057  0.4827023  0.5155972  0.4857746  0.4414244  0.4117183  0.3751819  0.3685959  0.3951363  0.4741636  0.5287469
 1  0.7290677  0.6862388  0.6435146  0.6235700  0.6384544  0.6594350  0.6630107  0.6627772  0.6731345  0.6768207  0.6795633  0.6774272  0.6741498  0.6809149  0.6746657  0.6663100  0.6788647  0.6861567  0.6805816  0.6714186  0.6546069  0.6454954  0.6676132  0.6731486  0.6776499  0.6891315  0.7116480
 2  0.5727112  0.5281024  0.4994343  0.5018085  0.5363017  0.5597230  0.5578692  0.5482375  0.5480612  0.5527160  0.5589660  0.5572459  0.5535711  0.5529752  0.5399307  0.5261416  0.5448034  0.5635749  0.5602918  0.5430180  0.5120013  0.5109161  0.5444280  0.5594875  0.5598970  0.5855596  0.6071620
 3  0.7524285  0.7122459  0.6680641  0.6436053  0.6556322  0.6789097  0.6834721  0.6811629  0.6909297  0.6948738  0.6978928  0.6971985  0.6926697  0.6989854  0.6937769  0.6832614  0.6950435  0.7049462  0.7003242  0.6906515  0.6727215  0.6611455  0.6847421  0.6923794  0.6966354  0.7055611  0.7331484
 4  0.4570490  0.4243603  0.4069219  0.4291338  0.4787529  0.4934082  0.4687675  0.4569100  0.4650895  0.4729185  0.4833801  0.4711191  0.4644896  0.4681846  0.4372179  0.4310829  0.4756076  0.4909678  0.4721090  0.4381632  0.4031758  0.4422026  0.4820064  0.4823187  0.4701750  0.5208115  0.5451809
 1  0.7285444  0.6845489  0.6440626  0.6346991  0.6629746  0.6620100  0.6522259  0.6448288  0.6284543  0.6162576  0.6247945  0.6365657  0.6531789  0.6568213  0.6712073  0.6887623  0.6856608  0.6881878  0.6920901  0.6884361  0.6804122  0.6798179  0.6969137  0.6891484  0.6769893  0.6804688  0.6661267
 2  0.5715557  0.5269665  0.5014199  0.5268195  0.5561015  0.5556684  0.5327746  0.5133274  0.4970414  0.5000849  0.5232310  0.5397908  0.5497049  0.5466142  0.5613796  0.5761848  0.5740482  0.5719189  0.5721639  0.5620988  0.5367603  0.5413838  0.5716151  0.5760913  0.5691898  0.5660944  0.5486704
 3  0.7518726  0.7105461  0.6685406  0.6532552  0.6826497  0.6825564  0.6706748  0.6631525  0.6458925  0.6331930  0.6426971  0.6546860  0.6729032  0.6755114  0.6880786  0.7084472  0.7056705  0.7067384  0.7113732  0.7078645  0.6987316  0.6949589  0.7150095  0.7105035  0.6963186  0.7004811  0.6864399
 4  0.4567600  0.4241813  0.4106960  0.4673339  0.4906975  0.4644963  0.4369669  0.4187661  0.4143764  0.4373571  0.4585766  0.4761425  0.4699294  0.4594242  0.4932911  0.5038906  0.4860458  0.4883565  0.4893817  0.4641241  0.4158940  0.4648113  0.5117672  0.4945434  0.4872361  0.4855854  0.4518980
 1  0.7296366  0.6855762  0.6410605  0.6243255  0.6446535  0.6607698  0.6780545  0.6760280  0.6856402  0.6817733  0.6741758  0.6793853  0.6791585  0.6735311  0.6667666  0.6668059  0.6694412  0.6796603  0.6809739  0.6779190  0.6767259  0.6592358  0.6423044  0.6706839  0.6890090  0.6775435  0.6558620
 2  0.5720962  0.5265683  0.4990618  0.5103556  0.5386921  0.5651357  0.5755774  0.5767087  0.5767478  0.5634381  0.5419803  0.5344454  0.5321334  0.5180875  0.5084147  0.5118038  0.5316697  0.5593049  0.5699106  0.5731523  0.5679639  0.5438228  0.5331455  0.5795331  0.5950387  0.5774362  0.5320345
 3  0.7526637  0.7116277  0.6658364  0.6440053  0.6631891  0.6789565  0.6981630  0.6960637  0.7055916  0.7021698  0.6921093  0.6961306  0.6967138  0.6907187  0.6831159  0.6829889  0.6857953  0.6974380  0.7009659  0.6974028  0.6974112  0.6803828  0.6586890  0.6878485  0.7120897  0.7001711  0.6751835
 4  0.4551399  0.4242029  0.4097830  0.4440662  0.4743300  0.4994535  0.5036813  0.4986222  0.4968653  0.4622101  0.4357476  0.4442081  0.4374525  0.4111130  0.4083753  0.4261536  0.4616349  0.4931440  0.4947023  0.4976598  0.4895676  0.4406358  0.4636806  0.5294057  0.5270594  0.4722202  0.4110832
 1  0.7284429  0.6853761  0.6512315  0.6373478  0.6401224  0.6480660  0.6507835  0.6500871  0.6537125  0.6573971  0.6609106  0.6740762  0.6785422  0.6953058  0.6836682  0.6767209  0.6778856  0.6777828  0.6786060  0.6766492  0.6733660  0.6736610  0.6895175  0.6979973  0.6967061  0.6868748  0.6808990
 2  0.5730610  0.5279833  0.5048724  0.5029353  0.5143338  0.5235882  0.5181073  0.5056920  0.5089782  0.5196410  0.5379516  0.5556480  0.5772399  0.5900180  0.5800595  0.5639909  0.5550274  0.5496460  0.5433774  0.5384558  0.5306693  0.5419188  0.5719359  0.5900552  0.5874869  0.5653738  0.5518070
 3  0.7519268  0.7113701  0.6754260  0.6576826  0.6580204  0.6660664  0.6688385  0.6668047  0.6695170  0.6747937  0.6778992  0.6923689  0.6967558  0.7161561  0.7054485  0.6962371  0.6967190  0.6960868  0.6964799  0.6944350  0.6907352  0.6902376  0.7072332  0.7180910  0.7179864  0.7071044  0.6974201
 4  0.4576491  0.4240232  0.4093047  0.4172289  0.4389057  0.4426421  0.4183994  0.4045064  0.4300732  0.4417186  0.4656056  0.4840854  0.5108027  0.5207786  0.4912954  0.4721372  0.4660696  0.4594753  0.4522792  0.4433850  0.4371226  0.4690712  0.5078755  0.5198223  0.5008619  0.4494890  0.4641512
 1  0.7277919  0.6820969  0.6417756  0.6318686  0.6460644  0.6462152  0.6405726  0.6351134  0.6184107  0.5987670  0.6617965  0.6620538  0.6634348  0.6758017  0.6795513  0.6909531  0.6928087  0.6850104  0.6787947  0.6802670  0.6801298  0.6852766  0.6806452  0.6893966  0.6892636  0.6828265  0.6785900
 2  0.5737728  0.5269579  0.5010127  0.5203736  0.5527985  0.5553602  0.5401948  0.5172619  0.4886173  0.5166208  0.5692535  0.5697277  0.5603329  0.5599954  0.5671860  0.5806918  0.5842113  0.5705759  0.5543449  0.5474957  0.5479345  0.5485638  0.5510862  0.5647612  0.5680098  0.5570969  0.5390369
 3  0.7515671  0.7084518  0.6664060  0.6509520  0.6646967  0.6681543  0.6616539  0.6538837  0.6362357  0.6114635  0.6808307  0.6844325  0.6824180  0.6943271  0.6979792  0.7100062  0.7137634  0.7054021  0.6972183  0.6984064  0.6978043  0.7032673  0.6981636  0.7072561  0.7091841  0.7019123  0.6964240
 4  0.4588903  0.4247927  0.4105763  0.4569096  0.4983577  0.4838198  0.4462311  0.4181937  0.3989735  0.4765461  0.5165551  0.4845964  0.4711561  0.4793261  0.4932138  0.5116051  0.5041074  0.4729510  0.4599743  0.4581625  0.4630111  0.4580833  0.4676790  0.4927574  0.4834282  0.4556171  0.4355239
 1  0.7298005  0.6869835  0.6497916  0.6340043  0.6291380  0.6399822  0.6523749  0.6520471  0.6431958  0.6440547  0.6823086  0.6905290  0.6865669  0.6812173  0.6851068  0.7008781  0.6825002  0.6578056  0.6203022  0.6451549  0.6944668  0.6939281  0.6731365  0.6546276  0.6314074  0.6317272  0.6373426
 2  0.5740700  0.5276939  0.5040656  0.4992662  0.5050236  0.5248466  0.5375782  0.5271193  0.4964721  0.5119908  0.5635536  0.5818565  0.5714806  0.5488071  0.5573730  0.5789076  0.5680902  0.5295549  0.5012328  0.5793303  0.6111924  0.6097972  0.5829448  0.5521001  0.5184610  0.5145502  0.5255883
 3  0.7528205  0.7124562  0.6738785  0.6549217  0.6471098  0.6570124  0.6708858  0.6710066  0.6610961  0.6578043  0.6990999  0.7110896  0.7067180  0.6995176  0.7007134  0.7203260  0.7042662  0.6775810  0.6366175  0.6575792  0.7180941  0.7183306  0.6963881  0.6768659  0.6506110  0.6487984  0.6556165
 4  0.4569187  0.4228657  0.4129513  0.4108372  0.4286991  0.4582342  0.4598081  0.4258724  0.3754964  0.4522075  0.5106694  0.5056500  0.4685489  0.4355871  0.4879411  0.5141152  0.4737824  0.4127341  0.4334029  0.5377927  0.5538971  0.5368943  0.5027631  0.4548723  0.4256667  0.4439304  0.4537278
 1  0.7283085  0.6840857  0.6483047  0.6603785  0.7031273  0.6881317  0.6705399  0.6654852  0.6687841  0.6698354  0.6691411  0.6780015  0.6824104  0.6807267  0.6793890  0.6836097  0.7050645  0.6913272  0.6688141  0.6750281  0.6623991  0.6311793  0.6304673  0.6564088  0.6624723  0.6665832  0.6674276
 2  0.5726575  0.5268711  0.5043281  0.5747149  0.6058011  0.5948414  0.5480861  0.4961944  0.4719554  0.4680284  0.4943781  0.5280557  0.5489496  0.5525257  0.5464654  0.5717645  0.5970194  0.5890105  0.5640955  0.5642622  0.5497475  0.5035901  0.5017952  0.5345362  0.5512486  0.5550180  0.5549410
 3  0.7516802  0.7099972  0.6725729  0.6750145  0.7267712  0.7124390  0.6905043  0.6814309  0.6830015  0.6845341  0.6838754  0.6936427  0.7003790  0.6991475  0.6978208  0.6993365  0.7261314  0.7146311  0.6883794  0.6940015  0.6839001  0.6514652  0.6459783  0.6729350  0.6813928  0.6856537  0.6864797
 4  0.4573648  0.4236758  0.4125277  0.5251356  0.5486575  0.4935368  0.3953704  0.3518093  0.3661719  0.3732144  0.4098318  0.4581581  0.4714852  0.4651446  0.4494131  0.5086006  0.5368964  0.4989149  0.4746733  0.4931819  0.4603002  0.3882489  0.4263726  0.4747033  0.4790525  0.4746193  0.4726190
 1  0.7276216  0.6799711  0.6424965  0.6269104  0.6244039  0.6379357  0.6521337  0.6608585  0.6740788  0.6716292  0.6716930  0.6750402  0.6761171  0.6787362  0.6910879  0.6931126  0.6884733  0.6947570  0.6969871  0.6904704  0.6756423  0.6682900  0.6657822  0.6606288  0.6759109  0.6757903  0.6776379
 2  0.5713430  0.5245389  0.5035529  0.4960937  0.4951869  0.5081878  0.5194206  0.5333804  0.5501625  0.5492636  0.5380559  0.5234497  0.5143697  0.5306368  0.5671613  0.5805253  0.5808831  0.5872170  0.5894706  0.5796212  0.5560428  0.5415772  0.5328065  0.5342540  0.5499431  0.5488616  0.5440080
 3  0.7511091  0.7064469  0.6672492  0.6483317  0.6427104  0.6542851  0.6691700  0.6772643  0.6915957  0.6913251  0.6900030  0.6916443  0.6921077  0.6940927  0.7085539  0.7136864  0.7083262  0.7140135  0.7179988  0.7113930  0.6952201  0.6867362  0.6841174  0.6778522  0.6938008  0.6947947  0.6949218
 4  0.4565952  0.4247408  0.4154101  0.4050188  0.4079412  0.4315135  0.4364040  0.4559530  0.4784820  0.4602083  0.4287046  0.4133916  0.4150120  0.4608688  0.5051742  0.5050040  0.4982983  0.5142480  0.5136575  0.4880834  0.4594250  0.4523057  0.4423030  0.4574448  0.4737692  0.4546872  0.4484694
 1  0.7295355  0.6833054  0.6473345  0.6307306  0.6197297  0.6423474  0.6047885  0.5402080  0.6286926  0.6500758  0.6378097  0.6507667  0.6762282  0.6518436  0.6241855  0.6122546  0.6180610  0.5985400  0.6285756  0.6452631  0.6597234  0.6811712  0.7033061  0.7061442  0.6855639  0.6754006  0.6878885
 2  0.5725281  0.5249292  0.5051870  0.4991986  0.5122957  0.5407166  0.5138741  0.4954264  0.5675229  0.5704072  0.5529686  0.5699928  0.5908320  0.5672125  0.5301642  0.5143757  0.5244131  0.5187137  0.5370592  0.5417587  0.5459434  0.5719997  0.5986974  0.6011617  0.5723507  0.5560520  0.5671139
 3  0.7525048  0.7090707  0.6716506  0.6520880  0.6367290  0.6606316  0.6270120  0.5513213  0.6456108  0.6742945  0.6607528  0.6664492  0.6983301  0.6771239  0.6465528  0.6301672  0.6357269  0.6184780  0.6476397  0.6642450  0.6772176  0.6977264  0.7231001  0.7284335  0.7069025  0.6924533  0.7068880
 4  0.4559979  0.4229972  0.4175212  0.4103041  0.4505722  0.4811451  0.4374874  0.4626144  0.5229839  0.5058675  0.4633580  0.5099691  0.5371859  0.4906244  0.4362027  0.4409098  0.4666639  0.4577842  0.4641474  0.4574423  0.4638174  0.5083348  0.5349323  0.5197092  0.4594469  0.4727854  0.4988479
 1  0.7297679  0.6837130  0.6453422  0.6291206  0.6314921  0.6328441  0.6463840  0.6847002  0.6881591  0.6838820  0.6846162  0.6935364  0.6830952  0.6659998  0.6548601  0.6599835  0.6731700  0.6779808  0.6928921  0.6829302  0.6593653  0.6477127  0.6399098  0.6354946  0.6473624  0.6707091  0.6861321
 2  0.5727351  0.5256898  0.5031015  0.5025541  0.5063408  0.4986692  0.5304975  0.5740447  0.5839072  0.5727498  0.5717536  0.5790547  0.5665413  0.5353340  0.5083406  0.5218535  0.5455714  0.5710465  0.5852945  0.5718668  0.5285492  0.4949559  0.4818347  0.4860410  0.5252938  0.5639554  0.5832626
 3  0.7529215  0.7098162  0.6698909  0.6498721  0.6503118  0.6509843  0.6601696  0.7027575  0.7094343  0.7037835  0.7027236  0.7132727  0.7041340  0.6855029  0.6716766  0.6757152  0.6909980  0.6956728  0.7134429  0.7046850  0.6783922  0.6646230  0.6565492  0.6511252  0.6631450  0.6882548  0.7060447
 4  0.4563384  0.4239990  0.4135010  0.4216589  0.4217484  0.3981203  0.4723237  0.5181557  0.5036684  0.4777812  0.4941311  0.5061994  0.4730957  0.4167409  0.4070574  0.4549124  0.4756365  0.5045406  0.5150058  0.4696336  0.4080202  0.3901053  0.3886373  0.4125033  0.4653583  0.5035641  0.5124181
 1  0.7307883  0.6902578  0.6556918  0.6387778  0.6333320  0.6345018  0.6354498  0.6369989  0.6739404  0.7114375  0.6945220  0.6802781  0.6690095  0.6719476  0.6744960  0.6680834  0.6693930  0.6720520  0.6762932  0.6779545  0.6757464  0.6743359  0.6789883  0.6714420  0.6654429  0.6947297  0.7261068
 2  0.5721036  0.5278407  0.5051103  0.4995646  0.4970442  0.4951137  0.4890546  0.4942433  0.5845376  0.6147035  0.6039551  0.5682790  0.5252169  0.5125467  0.5150207  0.5219911  0.5358103  0.5529894  0.5641763  0.5668105  0.5587110  0.5539765  0.5554274  0.5463171  0.5320755  0.6050470  0.6260579
 3  0.7532927  0.7151701  0.6793557  0.6594580  0.6517955  0.6516714  0.6522109  0.6527031  0.6856966  0.7358986  0.7193400  0.7011537  0.6863925  0.6876189  0.6911599  0.6849977  0.6862909  0.6903070  0.6954164  0.6976960  0.6954417  0.6923740  0.6974955  0.6910331  0.6835178  0.7071755  0.7519463
 4  0.4546830  0.4210379  0.4112461  0.4098606  0.4071996  0.4043781  0.3935443  0.4152973  0.5384666  0.5578948  0.5107253  0.4381538  0.4036895  0.4238417  0.4292924  0.4346586  0.4616145  0.4825256  0.4905009  0.4862292  0.4669151  0.4690576  0.4767409  0.4531378  0.4324939  0.5510483  0.5689320
 1  0.7303903  0.6872068  0.6559854  0.6445257  0.6546828  0.6627964  0.6553773  0.6505267  0.6683481  0.6698213  0.6814480  0.6767755  0.6729893  0.6798376  0.6787856  0.6779818  0.6961625  0.6951493  0.7028453  0.6986314  0.6928821  0.6956662  0.6884307  0.6880472  0.6771571  0.6689018  0.6761226
 2  0.5724657  0.5261880  0.5078758  0.5164269  0.5363215  0.5438609  0.5274192  0.5234749  0.5397826  0.5524535  0.5619473  0.5536070  0.5391124  0.5358482  0.5298775  0.5390164  0.5635194  0.5783712  0.5849844  0.5806304  0.5704783  0.5649002  0.5599949  0.5521167  0.5331576  0.5109482  0.5169909
 3  0.7530171  0.7125659  0.6799056  0.6645272  0.6730966  0.6817983  0.6739706  0.6669517  0.6859800  0.6877670  0.7001087  0.6966059  0.6905018  0.6967047  0.6964807  0.6934970  0.7140393  0.7138718  0.7222882  0.7188685  0.7114307  0.7143220  0.7069611  0.7064359  0.6957168  0.6853106  0.6915520
 4  0.4545642  0.4220062  0.4154302  0.4400851  0.4651442  0.4583580  0.4262189  0.4463597  0.4653677  0.4771048  0.4841931  0.4542479  0.4380200  0.4467013  0.4270845  0.4642367  0.4919851  0.5011448  0.5068046  0.4878958  0.4791145  0.4764380  0.4706359  0.4588226  0.4193565  0.4018573  0.4342284
 1  0.7296366  0.6850449  0.6531490  0.6400082  0.6382994  0.6490552  0.6555226  0.6660663  0.6675788  0.6714517  0.6718321  0.6742463  0.6754505  0.6747712  0.6940181  0.7025495  0.6992482  0.7036733  0.7012573  0.6904409  0.6807091  0.6942295  0.6947703  0.6934190  0.6943342  0.6924909  0.6829888
 2  0.5735597  0.5268509  0.5075550  0.5035806  0.5081074  0.5192180  0.5313336  0.5396945  0.5379821  0.5320190  0.5277609  0.5293326  0.5241243  0.5327332  0.5678208  0.5872715  0.5903671  0.5933247  0.5880815  0.5667622  0.5537828  0.5713363  0.5788615  0.5766350  0.5735261  0.5675969  0.5475385
 3  0.7528274  0.7109904  0.6773573  0.6607840  0.6562703  0.6662766  0.6725567  0.6839712  0.6858387  0.6885995  0.6888108  0.6912453  0.6927945  0.6905461  0.7105884  0.7227864  0.7192182  0.7233933  0.7223123  0.7106920  0.6974673  0.7125601  0.7150814  0.7124572  0.7133654  0.7117844  0.7018503
 4  0.4567928  0.4240181  0.4145406  0.4126692  0.4265060  0.4392228  0.4552212  0.4579645  0.4434489  0.4349031  0.4369661  0.4398149  0.4215708  0.4518106  0.5067646  0.5147413  0.5077220  0.5158804  0.5030765  0.4549136  0.4690962  0.5053926  0.4970711  0.4879272  0.4887535  0.4761153  0.4433512
 1  0.7302785  0.6870950  0.6511749  0.6379807  0.6518208  0.6612094  0.6748714  0.6781411  0.6733846  0.6743316  0.6769682  0.6805006  0.6746781  0.6672096  0.6759759  0.6843233  0.6832718  0.6929871  0.6788585  0.6724725  0.6765168  0.7004037  0.6936182  0.6818862  0.6668325  0.6635723  0.6655978
 2  0.5733585  0.5267900  0.5049655  0.5153646  0.5374507  0.5555266  0.5685581  0.5670369  0.5531314  0.5399786  0.5382967  0.5393124  0.5327046  0.5284005  0.5480218  0.5646506  0.5773028  0.5841125  0.5713532  0.5528939  0.5712805  0.5941729  0.5893265  0.5584329  0.5059589  0.4799142  0.4925154
 3  0.7530235  0.7126356  0.6753710  0.6578391  0.6704520  0.6795916  0.6936304  0.6985086  0.6926063  0.6919373  0.6942171  0.6978993  0.6926174  0.6843696  0.6927019  0.7033519  0.7020448  0.7136962  0.7000021  0.6918532  0.6929345  0.7212472  0.7161478  0.7018452  0.6837503  0.6783145  0.6804816
 4  0.4550866  0.4227626  0.4136607  0.4435967  0.4678283  0.4840030  0.4972832  0.4811345  0.4527136  0.4439032  0.4503794  0.4513764  0.4367047  0.4411212  0.4791303  0.4915738  0.5062000  0.5098299  0.4813319  0.4576206  0.5074349  0.5321092  0.4972036  0.4242630  0.3650017  0.3759486  0.4212215
 1  0.7293163  0.6858686  0.6530682  0.6415107  0.6457746  0.6424084  0.6333797  0.6315232  0.6492596  0.6621111  0.6777772  0.6982047  0.6881404  0.6794613  0.6714818  0.6668824  0.6758172  0.6758799  0.6690568  0.6782684  0.7075464  0.7045218  0.6928652  0.6964515  0.6877138  0.6854104  0.6783416
 2  0.5744903  0.5275923  0.5070656  0.5150766  0.5280353  0.5215622  0.4971937  0.4882280  0.5163286  0.5406165  0.5742530  0.5913597  0.5800036  0.5537075  0.5232185  0.5111035  0.5229936  0.5303581  0.5227929  0.5651513  0.6038330  0.6068992  0.5952989  0.5876237  0.5751944  0.5588556  0.5358453
 3  0.7524203  0.7115102  0.6771468  0.6615279  0.6646256  0.6620711  0.6513762  0.6471142  0.6648586  0.6797922  0.6948825  0.7188152  0.7097752  0.6985435  0.6889990  0.6829982  0.6918698  0.6936047  0.6862492  0.6926298  0.7283794  0.7279211  0.7138117  0.7172245  0.7081252  0.7045613  0.6967370
 4  0.4571711  0.4233741  0.4148447  0.4394394  0.4551298  0.4269076  0.3867778  0.4054889  0.4525125  0.4714789  0.5098807  0.5216065  0.4836283  0.4391030  0.4098211  0.4193614  0.4450338  0.4373232  0.4232582  0.5108453  0.5464848  0.5287341  0.5105850  0.5053320  0.4844009  0.4593036  0.4188567
 1  0.7296147  0.6875420  0.6489903  0.6349875  0.6507332  0.6640170  0.6527781  0.6390100  0.6413022  0.6761525  0.7001615  0.6990883  0.6873874  0.6808329  0.6654019  0.6571832  0.6542329  0.6386936  0.6515418  0.6570454  0.6621690  0.6652166  0.6563096  0.6510170  0.6719768  0.6931070  0.6810141
 2  0.5737913  0.5281508  0.5022962  0.5103498  0.5396455  0.5521450  0.5308712  0.4948649  0.5066874  0.5734621  0.6045004  0.6033478  0.5819672  0.5546480  0.5244737  0.5189877  0.5218677  0.5153752  0.5247973  0.5289192  0.5294197  0.5327290  0.5379300  0.5526397  0.5856203  0.5993316  0.5834139
 3  0.7527116  0.7132616  0.6732828  0.6547644  0.6686325  0.6835894  0.6724362  0.6567733  0.6557044  0.6918070  0.7218247  0.7221243  0.7087480  0.6999272  0.6830843  0.6742292  0.6725914  0.6568853  0.6689914  0.6747914  0.6793773  0.6826373  0.6739647  0.6698551  0.6907319  0.7152034  0.7040267
 4  0.4563463  0.4233721  0.4086396  0.4372919  0.4759826  0.4721995  0.4242189  0.3782834  0.4433478  0.5262938  0.5425822  0.5214221  0.4801351  0.4436981  0.4266706  0.4415402  0.4393404  0.4341443  0.4432143  0.4424390  0.4429970  0.4493011  0.4690502  0.4933601  0.5256805  0.5322058  0.4931618
 1  0.7292546  0.6838950  0.6443432  0.6299495  0.6374440  0.6409944  0.6517088  0.6636248  0.6560964  0.6553055  0.6610216  0.6567667  0.6754483  0.7004778  0.6899253  0.6893213  0.6867665  0.6827308  0.6736138  0.6631985  0.6636862  0.6745873  0.6642653  0.6632393  0.6916598  0.6875765  0.6835503
 2  0.5718989  0.5260567  0.5024829  0.5068575  0.5194880  0.5244297  0.5351301  0.5419178  0.5328562  0.5310875  0.5367793  0.5329766  0.5689780  0.5928711  0.5885425  0.5798959  0.5723369  0.5613830  0.5390635  0.5174070  0.5287074  0.5533737  0.5498461  0.5633606  0.5872827  0.5855365  0.5729314
 3  0.7524902  0.7101951  0.6690859  0.6503294  0.6560957  0.6593845  0.6686418  0.6820501  0.6748252  0.6725671  0.6795394  0.6750415  0.6909521  0.7214405  0.7115562  0.7089966  0.7066852  0.7022914  0.6925051  0.6806468  0.6791060  0.6933724  0.6847379  0.6796648  0.7120647  0.7092756  0.7030428
 4  0.4556608  0.4248787  0.4123276  0.4303938  0.4442209  0.4424481  0.4602975  0.4607865  0.4420663  0.4534448  0.4553370  0.4467482  0.5095961  0.5282529  0.5025250  0.4943047  0.4880405  0.4685522  0.4329569  0.4114184  0.4627524  0.4876037  0.4604260  0.4995072  0.5236629  0.4995248  0.4822031
 1  0.7268804  0.6807195  0.6408569  0.6247438  0.6312936  0.6384269  0.6430292  0.6497261  0.6716355  0.6817779  0.6828610  0.6956001  0.6914532  0.6857764  0.6805174  0.6969882  0.7226628  0.7054462  0.6855031  0.6851637  0.6872394  0.6839428  0.6819383  0.6871883  0.6964399  0.6843175  0.6680505
 2  0.5720317  0.5262093  0.5011726  0.4969172  0.5018619  0.5006897  0.4910355  0.5016869  0.5402054  0.5599050  0.5697612  0.5775553  0.5693869  0.5453961  0.5164631  0.5771598  0.6120315  0.6063522  0.5710252  0.5439017  0.5315714  0.5192384  0.5182923  0.5435221  0.5671703  0.5604750  0.5315673
 3  0.7507258  0.7073971  0.6657087  0.6455770  0.6497175  0.6557420  0.6593906  0.6645587  0.6873545  0.7008458  0.7011761  0.7146663  0.7114371  0.7040517  0.6968792  0.7097248  0.7453654  0.7296715  0.7058545  0.7021881  0.7041760  0.7005678  0.6978976  0.7025882  0.7150981  0.7049203  0.6866790
 4  0.4578270  0.4254919  0.4101901  0.4124435  0.4144418  0.4046939  0.3870220  0.4256593  0.4798492  0.4835063  0.4897948  0.4986195  0.4717460  0.4232589  0.3920872  0.5258100  0.5561908  0.5127044  0.4443387  0.4355804  0.4342188  0.4154901  0.4170507  0.4743616  0.4984845  0.4618793  0.4132751
 1  0.7276814  0.6792428  0.6060825  0.5857268  0.6554422  0.6611212  0.6473816  0.6592288  0.6514309  0.6309390  0.6354445  0.6540115  0.6575514  0.6591713  0.6706384  0.6607998  0.6712362  0.6987240  0.6860374  0.6802402  0.6662659  0.6532705  0.6438948  0.6303455  0.6477395  0.6483045  0.6467412
 2  0.5706466  0.5246105  0.4814874  0.5236582  0.5754912  0.5766744  0.5603802  0.5625403  0.5464423  0.5091065  0.5070952  0.5307440  0.5409264  0.5520626  0.5603789  0.5468872  0.5686608  0.5907976  0.5829174  0.5650742  0.5482253  0.5361989  0.5185456  0.5057276  0.5225056  0.5235165  0.5096341
 3  0.7513709  0.7062406  0.6318349  0.6000054  0.6756318  0.6842335  0.6670096  0.6791857  0.6732482  0.6504034  0.6512306  0.6709522  0.6762324  0.6770897  0.6904411  0.6810539  0.6869090  0.7195891  0.7080360  0.6995759  0.6852733  0.6727856  0.6636500  0.6474398  0.6643422  0.6674344  0.6645306
 4  0.4564608  0.4263262  0.4047507  0.4844862  0.5235638  0.4984421  0.4855520  0.4942889  0.4533937  0.4000592  0.4311212  0.4652862  0.4648529  0.4819261  0.4845797  0.4523822  0.5054375  0.5269543  0.4922724  0.4693213  0.4664993  0.4564985  0.4193948  0.4224047  0.4539722  0.4349213  0.4020339
 1  0.7288869  0.6824790  0.6505201  0.6381618  0.6465698  0.6823735  0.6790932  0.6685761  0.6654796  0.6684516  0.6658018  0.6578565  0.6408216  0.6489821  0.6442103  0.6352628  0.6695195  0.6735627  0.6863564  0.6843879  0.6797609  0.6788349  0.6880262  0.6900416  0.6885919  0.7058723  0.6914530
 2  0.5722694  0.5257889  0.5075189  0.5010723  0.5382896  0.5754356  0.5738247  0.5472110  0.5241269  0.5202517  0.5190760  0.5169392  0.5280237  0.5563552  0.5522674  0.5506801  0.5701584  0.5789282  0.5815333  0.5734254  0.5500008  0.5318256  0.5436698  0.5525856  0.5788148  0.5987419  0.5881573
 3  0.7523135  0.7089899  0.6750929  0.6591815  0.6619993  0.7014521  0.7008458  0.6879803  0.6824451  0.6851267  0.6830086  0.6754879  0.6571995  0.6683793  0.6669198  0.6530352  0.6892070  0.6934925  0.7063656  0.7051308  0.6987752  0.6951800  0.7041536  0.7084898  0.7054132  0.7273093  0.7145859
 4  0.4564181  0.4253472  0.4147780  0.4055414  0.4812516  0.5164903  0.4832656  0.4305213  0.4222702  0.4336375  0.4332092  0.4270473  0.4683465  0.5027176  0.4718374  0.4842073  0.5041450  0.5044032  0.5055682  0.4796853  0.4320126  0.4304026  0.4691677  0.4711592  0.5135878  0.5352357  0.4946250
 1  0.7293529  0.6853485  0.6572401  0.6488028  0.6626443  0.6784435  0.6725737  0.6678983  0.6690693  0.6795400  0.6818234  0.6821046  0.6836583  0.6874525  0.7010191  0.7114078  0.7059145  0.6980028  0.6909963  0.6821300  0.6714647  0.6603434  0.6616174  0.6661356  0.6663130  0.6630660  0.6726878
 2  0.5733252  0.5268649  0.5103374  0.5199859  0.5514751  0.5679748  0.5556218  0.5258573  0.5089348  0.5175250  0.5268418  0.5305627  0.5261330  0.5329067  0.5690054  0.5968128  0.5975956  0.5865629  0.5706325  0.5558192  0.5343080  0.5145773  0.5142769  0.5251932  0.5333433  0.5421892  0.5649724
 3  0.7524326  0.7111111  0.6812193  0.6686545  0.6802127  0.6984232  0.6927833  0.6856892  0.6845459  0.6951600  0.6986111  0.6987910  0.7002550  0.7030299  0.7169797  0.7316170  0.7277043  0.7180846  0.7104557  0.7016236  0.6900408  0.6778372  0.6780418  0.6828930  0.6841431  0.6806510  0.6906888
 4  0.4564886  0.4236263  0.4164186  0.4425248  0.4893117  0.4936168  0.4496731  0.3980588  0.4091685  0.4361559  0.4371517  0.4309888  0.4206092  0.4453535  0.5080965  0.5311418  0.5132274  0.4922749  0.4821525  0.4614873  0.4305583  0.4141683  0.4278687  0.4475511  0.4514838  0.4681548  0.5019123
 1  0.7305986  0.6873727  0.6520169  0.6364307  0.6384569  0.6574385  0.6623989  0.6737048  0.6777338  0.6717165  0.6630603  0.6555438  0.6601075  0.6931932  0.6849371  0.6726739  0.6703632  0.6821546  0.6694995  0.6576374  0.6412619  0.6232011  0.6511121  0.6505795  0.6478838  0.6607921  0.6718762
 2  0.5717957  0.5268754  0.5055175  0.4991328  0.5115486  0.5311913  0.5422887  0.5555390  0.5601223  0.5495482  0.5279763  0.5080012  0.5503171  0.5918791  0.5880873  0.5597965  0.5476075  0.5623595  0.5583905  0.5478311  0.5282114  0.5216106  0.5430489  0.5393820  0.5294258  0.5419754  0.5625839
 3  0.7533970  0.7131662  0.6763198  0.6573455  0.6558983  0.6746710  0.6801550  0.6913232  0.6970131  0.6912342  0.6815167  0.6728321  0.6735000  0.7144996  0.7086115  0.6927311  0.6868330  0.7009224  0.6899901  0.6774508  0.6614623  0.6405209  0.6694518  0.6707159  0.6652014  0.6781022  0.6900310
 4  0.4545695  0.4238309  0.4125251  0.4070489  0.4357726  0.4565031  0.4642406  0.4809381  0.4799530  0.4544250  0.4228790  0.4044587  0.5014018  0.5371960  0.4965595  0.4413296  0.4694704  0.4953298  0.4796393  0.4662112  0.4405370  0.4556274  0.4759245  0.4470780  0.4441537  0.4718689  0.4947565
 1  0.7296065  0.6848502  0.6415523  0.6230301  0.6413196  0.6571654  0.6533405  0.6501830  0.6431414  0.6565783  0.6962739  0.6902810  0.6771598  0.6695381  0.6596170  0.6689720  0.6661065  0.6522100  0.6566768  0.6601070  0.6675117  0.6835456  0.6848501  0.6794009  0.6861823  0.6789725  0.6742646
 2  0.5709990  0.5260874  0.5003920  0.5064691  0.5356882  0.5488204  0.5352481  0.5126579  0.4970943  0.5570090  0.6013566  0.5989843  0.5751689  0.5408302  0.5189623  0.5380993  0.5440804  0.5302784  0.5297311  0.5299590  0.5424270  0.5645499  0.5668577  0.5608932  0.5582448  0.5435675  0.5163755
 3  0.7526389  0.7108550  0.6662254  0.6432100  0.6593461  0.6765205  0.6726839  0.6678794  0.6595424  0.6696386  0.7177311  0.7145546  0.6992843  0.6886052  0.6755830  0.6860321  0.6859419  0.6708933  0.6742712  0.6781116  0.6841360  0.7014272  0.7049657  0.6978992  0.7047142  0.6979630  0.6912839
 4  0.4553632  0.4242783  0.4121604  0.4365488  0.4718023  0.4705887  0.4353539  0.4037671  0.4084518  0.5124248  0.5465561  0.5208071  0.4681911  0.4157896  0.4345025  0.4750230  0.4593587  0.4383200  0.4461097  0.4434620  0.4680515  0.4955161  0.4803814  0.4716627  0.4709851  0.4363947  0.3899212
 1  0.7282144  0.6833599  0.6422309  0.6277288  0.6488251  0.6584978  0.6540623  0.6520134  0.6573610  0.6668718  0.6927541  0.6867856  0.6775862  0.6828930  0.6670346  0.6489771  0.6341815  0.6701214  0.6881804  0.6894574  0.6764555  0.6680859  0.6617675  0.6561724  0.6689233  0.6567419  0.6442759
 2  0.5716742  0.5259985  0.5005800  0.5135527  0.5429002  0.5499843  0.5308606  0.5075079  0.4964730  0.5334842  0.5762757  0.5825048  0.5777358  0.5774035  0.5542934  0.5095120  0.5095568  0.5744113  0.5977454  0.5934735  0.5658078  0.5356883  0.5165322  0.5335767  0.5588794  0.5520492  0.5396595
 3  0.7515257  0.7094771  0.6668481  0.6472635  0.6673823  0.6785007  0.6730805  0.6690015  0.6733454  0.6809193  0.7115884  0.7082531  0.6970007  0.7040881  0.6886766  0.6677196  0.6481140  0.6874029  0.7102293  0.7118562  0.6975388  0.6862156  0.6786346  0.6726105  0.6880721  0.6783158  0.6629959
 4  0.4562747  0.4238654  0.4106181  0.4474484  0.4792127  0.4652526  0.4218800  0.3982454  0.3962323  0.4783862  0.5180908  0.5019951  0.5039654  0.5021036  0.4482331  0.3801849  0.4520101  0.5279783  0.5319094  0.5076401  0.4563667  0.4250133  0.4278450  0.4719354  0.4960710  0.4666037  0.4601971
 1  0.7303159  0.6867608  0.6496328  0.6333820  0.6315285  0.6539691  0.6763322  0.6683031  0.6529205  0.6539907  0.6583938  0.6480787  0.6434108  0.6506685  0.6696181  0.6843235  0.6837442  0.6832965  0.6823119  0.6806275  0.6860663  0.6966180  0.6924404  0.6820260  0.6828161  0.6753795  0.6652780
 2  0.5706112  0.5258546  0.5035987  0.4965295  0.5047539  0.5461660  0.5705090  0.5608563  0.5362056  0.5385791  0.5452482  0.5349117  0.5314088  0.5454352  0.5702630  0.5827486  0.5793843  0.5695039  0.5551420  0.5408204  0.5493960  0.5710515  0.5720599  0.5600832  0.5492580  0.5277456  0.5127214
 3  0.7531030  0.7126676  0.6740813  0.6543458  0.6490909  0.6695948  0.6961823  0.6894881  0.6715041  0.6715523  0.6777161  0.6677550  0.6614786  0.6685241  0.6881382  0.7046214  0.7044192  0.7029671  0.7012869  0.6981903  0.7021538  0.7149372  0.7127925  0.7009942  0.7011652  0.6937063  0.6808417
 4  0.4535079  0.4234462  0.4107719  0.4041158  0.4286011  0.4904013  0.5042153  0.4657449  0.4441730  0.4687442  0.4709195  0.4494537  0.4544678  0.4806223  0.5057029  0.5103112  0.4949449  0.4780853  0.4544717  0.4381771  0.4744490  0.5023339  0.4843913  0.4641832  0.4530821  0.4105962  0.4237064
 1  0.7303754  0.6852017  0.6459437  0.6272238  0.6210813  0.6278683  0.6686107  0.6749048  0.6573259  0.6552859  0.6531634  0.6583010  0.6791967  0.6870909  0.6789006  0.6736285  0.6644818  0.6609868  0.6610921  0.6747405  0.7094162  0.6998177  0.6890757  0.6944167  0.6905034  0.6845187  0.6767585
 2  0.5696476  0.5249187  0.5030679  0.4983324  0.4954519  0.5254560  0.5666110  0.5710386  0.5477397  0.5365086  0.5340579  0.5453817  0.5728234  0.5788034  0.5608388  0.5313419  0.4988859  0.4902810  0.5005123  0.5700482  0.6063823  0.6036332  0.5846182  0.5752371  0.5614337  0.5359790  0.5086318
 3  0.7531583  0.7111841  0.6705393  0.6483028  0.6398970  0.6429634  0.6865367  0.6961898  0.6767912  0.6736447  0.6720183  0.6752282  0.6976026  0.7079503  0.6990157  0.6914932  0.6808381  0.6763048  0.6772303  0.6882107  0.7313612  0.7234422  0.7091058  0.7136526  0.7099964  0.7021286  0.6930921
 4  0.4536058  0.4238927  0.4138131  0.4135090  0.4104663  0.4700038  0.5090831  0.4861391  0.4545108  0.4561680  0.4505825  0.4776643  0.5085235  0.4976095  0.4526396  0.4071920  0.3846013  0.4010489  0.4177439  0.5202777  0.5490621  0.5156113  0.4887717  0.4883923  0.4590868  0.4158565  0.3871050
 1  0.7307392  0.6865184  0.6381013  0.6147141  0.6245976  0.6352444  0.6335366  0.6482059  0.6585567  0.6634406  0.6784887  0.6725743  0.6732446  0.6974834  0.6955191  0.6933790  0.6971444  0.6945772  0.6859720  0.6845767  0.6842749  0.6763459  0.6656807  0.6612910  0.6610469  0.6632360  0.6681643
 2  0.5709265  0.5258337  0.4972168  0.4991627  0.5220700  0.5298583  0.5262400  0.5347155  0.5424061  0.5518389  0.5628001  0.5518626  0.5590062  0.5853971  0.5901396  0.5871194  0.5871503  0.5809880  0.5628014  0.5524558  0.5478169  0.5356592  0.5201838  0.5136409  0.5158367  0.5276853  0.5397576
 3  0.7534590  0.7123403  0.6628770  0.6351773  0.6427335  0.6547258  0.6518907  0.6654442  0.6772134  0.6809901  0.6975210  0.6926438  0.6892872  0.7167274  0.7171551  0.7130644  0.7171438  0.7153454  0.7054370  0.7022813  0.7022621  0.6948365  0.6830656  0.6782685  0.6780528  0.6797134  0.6863878
 4  0.4540021  0.4236161  0.4106649  0.4290102  0.4587341  0.4519011  0.4438515  0.4619720  0.4628464  0.4789753  0.4869169  0.4508179  0.4873434  0.5237845  0.5098972  0.5037669  0.5102789  0.4926511  0.4611005  0.4589240  0.4606618  0.4361968  0.4203509  0.4232346  0.4283350  0.4532358  0.4612353
 1  0.7295925  0.6821011  0.6345502  0.6168824  0.6329206  0.6300248  0.6238353  0.6324527  0.6564413  0.6653096  0.6715724  0.6839610  0.6799071  0.6853634  0.6789210  0.6497399  0.6234908  0.6425634  0.6592889  0.6652941  0.6692381  0.6695000  0.6708601  0.6841348  0.7096664  0.7104974  0.6936719
 2  0.5730097  0.5253028  0.4980480  0.5074768  0.5252745  0.5127710  0.4833954  0.4863239  0.5241781  0.5444609  0.5613961  0.5691724  0.5650981  0.5676966  0.5621474  0.5284807  0.5137915  0.5541890  0.5708776  0.5691518  0.5621243  0.5530783  0.5449374  0.5759284  0.6113873  0.6149815  0.6010335
 3  0.7529158  0.7085250  0.6595943  0.6370110  0.6521697  0.6501368  0.6412421  0.6467634  0.6721846  0.6837002  0.6894984  0.7034882  0.6993362  0.7033853  0.6993013  0.6709057  0.6396411  0.6598896  0.6807399  0.6853141  0.6888164  0.6888986  0.6890245  0.6999490  0.7302621  0.7352198  0.7163169
 4  0.4567029  0.4251962  0.4135123  0.4414233  0.4534447  0.4096767  0.3656173  0.4133047  0.4645730  0.4707656  0.4875534  0.4904354  0.4765966  0.4900099  0.4823232  0.4234960  0.4477743  0.5065454  0.4993636  0.4862467  0.4790516  0.4633533  0.4539456  0.5151513  0.5535278  0.5445283  0.5145895
 1  0.7290320  0.6819636  0.6366567  0.6122345  0.6162102  0.6593674  0.6559254  0.6528094  0.6924046  0.6882446  0.6805546  0.6798476  0.6713672  0.6634327  0.6691942  0.6865970  0.6877880  0.6753600  0.6641226  0.6681784  0.6705441  0.6627574  0.6733168  0.6884845  0.6934004  0.7054840  0.6954023
 2  0.5710038  0.5247564  0.4993073  0.4884711  0.5230024  0.5608980  0.5531935  0.5604514  0.5884849  0.5864237  0.5632397  0.5374241  0.5013077  0.4631646  0.4846490  0.5341080  0.5543166  0.5422468  0.5276807  0.5412070  0.5510754  0.5505400  0.5713665  0.5876942  0.6019082  0.6062356  0.5933908
 3  0.7522313  0.7083381  0.6616580  0.6339178  0.6317621  0.6781733  0.6778790  0.6682541  0.7124136  0.7106954  0.7001511  0.6976054  0.6881812  0.6784177  0.6824812  0.7019358  0.7066072  0.6944125  0.6810645  0.6852346  0.6898923  0.6816803  0.6909782  0.7093195  0.7134784  0.7280722  0.7179750
 4  0.4554349  0.4249441  0.4140564  0.4040007  0.4698848  0.5028038  0.4571310  0.4944248  0.5292126  0.4974596  0.4511036  0.4186457  0.3699608  0.3340305  0.4105431  0.4748171  0.4733590  0.4339507  0.4373735  0.4741904  0.4746368  0.4710951  0.5079960  0.5213697  0.5334798  0.5353656  0.4963960
 1  0.7297245  0.6834269  0.6430861  0.6258063  0.6298363  0.6366638  0.6424754  0.6485415  0.6519306  0.6591096  0.6675045  0.6651814  0.6815917  0.7052370  0.6996803  0.6899416  0.6889783  0.6773588  0.6667728  0.6677500  0.6697239  0.6796625  0.6926203  0.6936375  0.6848054  0.6867830  0.6882791
 2  0.5712080  0.5253414  0.5022916  0.4989233  0.5034504  0.5039727  0.5016671  0.4991744  0.5020677  0.5221430  0.5407441  0.5448548  0.5768695  0.6010803  0.5966954  0.5812800  0.5690011  0.5511402  0.5294789  0.5241200  0.5342141  0.5582015  0.5809002  0.5807509  0.5628615  0.5561221  0.5536049
 3  0.7528725  0.7097512  0.6678823  0.6468548  0.6484168  0.6540610  0.6590022  0.6649920  0.6679132  0.6749547  0.6854865  0.6835895  0.6978791  0.7261472  0.7223301  0.7096078  0.7081543  0.6975551  0.6846145  0.6846159  0.6867437  0.6966020  0.7119744  0.7143504  0.7040759  0.7040704  0.7068012
 4  0.4552588  0.4249101  0.4136128  0.4152344  0.4175847  0.4129818  0.4100524  0.4039212  0.4149894  0.4532294  0.4655404  0.4619828  0.5150217  0.5376120  0.5087910  0.4852556  0.4856744  0.4514257  0.4264267  0.4359051  0.4561288  0.4930134  0.5111908  0.4914592  0.4586120  0.4682146  0.4680121
 1  0.7288970  0.6851915  0.6370607  0.6161566  0.6100208  0.5857497  0.6220647  0.6615584  0.6618565  0.6542437  0.6519698  0.6617964  0.6874537  0.6875924  0.6815144  0.6913823  0.6883326  0.6805932  0.6767131  0.6712726  0.6489268  0.6427771  0.6731584  0.6711609  0.6672276  0.6862996  0.6796038
 2  0.5725989  0.5272463  0.4963619  0.5008156  0.5095402  0.5013543  0.5428865  0.5702876  0.5630719  0.5366845  0.5136819  0.5338914  0.5685946  0.5755551  0.5711711  0.5783310  0.5746712  0.5618673  0.5530975  0.5442748  0.5230895  0.5450642  0.5784130  0.5741661  0.5723239  0.5803831  0.5713132
 3  0.7521482  0.7109845  0.6616394  0.6363456  0.6290222  0.6049840  0.6375717  0.6813216  0.6834341  0.6737584  0.6693450  0.6767529  0.7055679  0.7082721  0.7001791  0.7105001  0.7091413  0.6998975  0.6950439  0.6905480  0.6675688  0.6584921  0.6933470  0.6935856  0.6858320  0.7064463  0.7009973
 4  0.4571183  0.4234838  0.4089993  0.4319878  0.4455027  0.4376572  0.4894835  0.5074226  0.4734107  0.4276220  0.4100319  0.4717347  0.5077083  0.4902959  0.4876588  0.5057730  0.4892329  0.4672526  0.4690501  0.4546679  0.4362600  0.4928206  0.5192041  0.4902149  0.4960294  0.5106818  0.4785781
 1  0.7299151  0.6847412  0.6436178  0.6240072  0.6247104  0.6575778  0.6578122  0.6560569  0.6594867  0.6651805  0.6681127  0.6732175  0.6994520  0.6985995  0.6830832  0.6762976  0.6667341  0.6633525  0.6631676  0.6524885  0.6659173  0.6716863  0.6600188  0.6480080  0.6369672  0.6347371  0.6605088
 2  0.5719803  0.5255412  0.5018647  0.4915967  0.5148607  0.5468965  0.5475470  0.5353527  0.5390557  0.5506982  0.5499109  0.5678284  0.5941563  0.5960482  0.5738742  0.5499289  0.5341346  0.5367584  0.5385734  0.5369209  0.5615889  0.5709021  0.5528200  0.5179266  0.4807907  0.4917303  0.5410472
 3  0.7527795  0.7105727  0.6681786  0.6456149  0.6411909  0.6754691  0.6780190  0.6739037  0.6766663  0.6839280  0.6877434  0.6897828  0.7191051  0.7211469  0.7041000  0.6950820  0.6844867  0.6810369  0.6825018  0.6703486  0.6832132  0.6932443  0.6815811  0.6670386  0.6539113  0.6488041  0.6773108
 4  0.4551191  0.4234447  0.4143526  0.3999681  0.4523281  0.4841717  0.4576139  0.4417114  0.4667796  0.4797865  0.4609400  0.4989888  0.5331202  0.5159139  0.4717485  0.4463843  0.4472967  0.4647124  0.4527531  0.4585280  0.5033438  0.4999811  0.4520395  0.3975630  0.3656319  0.4327382  0.4872959
 1  0.7309689  0.6872571  0.6425794  0.6210709  0.6230576  0.6344069  0.6594060  0.6645395  0.6686622  0.6608570  0.6705307  0.6792091  0.6742749  0.6699029  0.6683372  0.6736607  0.6780304  0.6926732  0.6979422  0.6851118  0.6722861  0.6707852  0.6752027  0.6845946  0.6670089  0.6679709  0.6597694
 2  0.5716721  0.5260865  0.4992541  0.4955328  0.5029943  0.5272116  0.5546264  0.5657024  0.5633316  0.5538122  0.5604519  0.5635819  0.5480431  0.5189740  0.5037777  0.5148615  0.5459250  0.5842461  0.5956723  0.5794673  0.5483069  0.5268193  0.5420728  0.5625433  0.5655210  0.5672489  0.5604342
 3  0.7536761  0.7130407  0.6672341  0.6419757  0.6416017  0.6507369  0.6773666  0.6843028  0.6889376  0.6805621  0.6886913  0.6989107  0.6938941  0.6870597  0.6836031  0.6895091  0.6943671  0.7108676  0.7200626  0.7074340  0.6916973  0.6875412  0.6911918  0.7037475  0.6868367  0.6886124  0.6812088
 4  0.4539400  0.4233816  0.4104202  0.4156120  0.4243913  0.4637887  0.4920441  0.4940157  0.4828644  0.4699406  0.4866586  0.4823017  0.4368700  0.3920696  0.4074078  0.4376305  0.4808444  0.5242297  0.5250612  0.4803817  0.4297117  0.4267805  0.4769931  0.4942070  0.4942240  0.4991000  0.4767497
 1  0.7301943  0.6869906  0.6509181  0.6318867  0.6262342  0.6333607  0.6513659  0.6594353  0.6672791  0.6803432  0.6864995  0.6910796  0.6833940  0.6881646  0.6817698  0.6719337  0.6460597  0.6315258  0.6804041  0.6800890  0.6913075  0.6832209  0.6750609  0.6883626  0.6809719  0.6790210  0.6652665
 2  0.5734017  0.5267790  0.5051500  0.4940212  0.4818083  0.4868095  0.5168619  0.5380360  0.5547571  0.5698019  0.5801805  0.5790883  0.5699063  0.5645929  0.5524977  0.5304510  0.4920043  0.5272868  0.5774604  0.5908284  0.5896242  0.5703763  0.5489993  0.5542286  0.5618188  0.5629206  0.5490779
 3  0.7529447  0.7123598  0.6750271  0.6533551  0.6450565  0.6486918  0.6667468  0.6775172  0.6851663  0.6990798  0.7060012  0.7115704  0.7029099  0.7068698  0.7008395  0.6902473  0.6639210  0.6440370  0.7000150  0.7011073  0.7125662  0.7045378  0.6921910  0.7057454  0.7000490  0.6984685  0.6861165
 4  0.4555068  0.4224447  0.4153997  0.3988315  0.3738043  0.4042034  0.4543039  0.4661413  0.4808419  0.4977849  0.5065874  0.4952248  0.4797802  0.4767461  0.4572515  0.4219336  0.3827779  0.4845770  0.5238590  0.5179965  0.5096831  0.4595525  0.4524840  0.4800013  0.4862536  0.4869230  0.4554708
 1  0.7279256  0.6825742  0.6462816  0.6307760  0.6358197  0.6498716  0.6506477  0.6538509  0.6710709  0.6857247  0.6798225  0.6742211  0.6728102  0.6835343  0.6878568  0.6834566  0.6762331  0.6731815  0.6863705  0.6949237  0.6949433  0.6965682  0.6979913  0.6916751  0.6835627  0.6803220  0.6825315
 2  0.5728958  0.5267540  0.5037508  0.4995251  0.5125778  0.5241423  0.5193386  0.5178311  0.5420687  0.5595563  0.5526695  0.5363368  0.5368957  0.5604522  0.5728090  0.5662908  0.5462103  0.5393193  0.5610054  0.5794863  0.5839978  0.5831800  0.5754336  0.5527547  0.5155739  0.4905262  0.5219268
 3  0.7515529  0.7088559  0.6707627  0.6515459  0.6535710  0.6676003  0.6685952  0.6701784  0.6871996  0.7041316  0.6989133  0.6921077  0.6892364  0.7010792  0.7078200  0.7033448  0.6949208  0.6901422  0.7033729  0.7143919  0.7150378  0.7161093  0.7177034  0.7103219  0.6999718  0.6950567  0.6964234
 4  0.4580642  0.4245925  0.4116450  0.4133134  0.4371391  0.4429405  0.4231256  0.4317566  0.4738464  0.4820838  0.4551233  0.4308630  0.4582209  0.4961983  0.4959834  0.4704675  0.4415637  0.4544929  0.4947653  0.5082633  0.5019406  0.4984676  0.4798913  0.4301684  0.3768389  0.3738427  0.4637814
 1  0.7294668  0.6874658  0.6528760  0.6375743  0.6296956  0.6380742  0.6697087  0.6566978  0.6357109  0.6460907  0.6679165  0.6591364  0.6641688  0.6627816  0.6617015  0.6770934  0.6685056  0.6636332  0.6640043  0.6705578  0.6762957  0.6726242  0.6745180  0.6709195  0.6645622  0.6589870  0.6646634
 2  0.5714501  0.5275612  0.5051959  0.5010203  0.4998499  0.5372692  0.5710436  0.5584508  0.5309361  0.5495617  0.5688578  0.5592429  0.5469329  0.5242983  0.5220901  0.5480188  0.5546286  0.5487394  0.5486526  0.5538316  0.5553451  0.5538566  0.5549736  0.5556868  0.5477032  0.5491465  0.5613068
 3  0.7524214  0.7130838  0.6769535  0.6581391  0.6480738  0.6530833  0.6894718  0.6795630  0.6548574  0.6624929  0.6885160  0.6803112  0.6835799  0.6808527  0.6767993  0.6947018  0.6883700  0.6828419  0.6829282  0.6885614  0.6953848  0.6911156  0.6928358  0.6904652  0.6839198  0.6771450  0.6838439
 4  0.4553545  0.4231839  0.4105937  0.4126128  0.4178840  0.4841592  0.5132028  0.4684528  0.4429049  0.4930416  0.5029253  0.4731574  0.4442261  0.4092665  0.4480371  0.4839857  0.4752809  0.4662742  0.4649947  0.4769352  0.4723349  0.4685839  0.4792745  0.4759417  0.4628991  0.4770113  0.4966052
