FL 2019 2020 2021 2022 2023 2024 2025 2026 2027 2028 2029 2030 2031 2032 2033 2034 2035 2036 2037 2038 2039 2040 2041 2042 2043 2044 2045
 1    4109.00    3559.25    3559.25    3436.82    3436.82    3993.99    3993.99    4177.40    4177.40    5609.14    5609.14    2668.97    2668.97    4096.09    4096.09    7087.54    7087.54    3032.57    3032.57    1256.64    1256.64    1732.96    1732.96    2866.71    2866.71    6638.48    6638.48
 2     783.00     677.95     677.95     654.63     654.63     760.76     760.76     795.70     795.70    1068.41    1068.41     508.38     508.38     780.21     780.21    1350.01    1350.01     577.63     577.63     239.36     239.36     330.09     330.09     546.04     546.04    1264.47    1264.47
 3    3537.00    5560.08    5192.74    5563.76    4867.73    5286.25    3618.31    5711.82    4862.85    4569.11    3558.16    3680.64    3154.44    3855.04    3663.20    4569.96    2710.72    2383.13    2919.73    3372.62    3901.10    3809.69    3408.15    4742.88    4758.11    5254.29    4071.30
 4    1379.00    1543.63    1361.46    1345.66     987.20    1179.83    1343.42    1429.97     834.47     869.88     880.03     990.77     725.03    1178.91     928.00     874.64     665.57     814.30     890.96    1029.77     762.05     786.48     871.06    1382.55    1106.62    1506.88    1509.72
 1    4109.00    3386.92    3386.92    5383.22    5383.22    4860.24    4860.24    3487.18    3487.18    2347.42    2347.42    1336.57    1336.57    1856.78    1856.78    2229.15    2229.15    2640.79    2640.79    6891.65    6891.65    4936.93    4936.93    3321.78    3321.78    5871.56    5871.56
 2     783.00     645.13     645.13    1025.38    1025.38     925.76     925.76     664.22     664.22     447.13     447.13     254.58     254.58     353.67     353.67     424.60     424.60     503.01     503.01    1312.70    1312.70     940.37     940.37     632.72     632.72    1118.39    1118.39
 3    3537.00    4763.68    4964.64    5165.21    5475.52    4518.33    4399.66    3555.56    3166.14    2952.22    3947.35    3408.34    4455.05    5030.43    4832.95    5610.85    4773.16    4489.12    3179.77    4802.78    4174.33    3391.89    3216.04    3733.44    5284.37    7968.92    7330.08
 4    1379.00    1317.65    1338.52    1234.85    1207.68     852.76     802.26     676.04     695.13     900.73     902.41     948.01    1273.09    1165.78     962.15     931.08     756.73     747.71     985.52    1098.04     908.88     889.50    1218.51    1675.80    1944.68    2119.89    2169.86
 1    4109.00    4730.42    4730.42    4650.03    4650.03   10397.31   10397.31    8424.11    8424.11    6266.57    6266.57    7101.86    7101.86    3027.02    3027.02    6940.16    6940.16    4101.64    4101.64    5098.63    5098.63   10384.84   10384.84    5095.40    5095.40    3862.78    3862.78
 2     783.00     901.03     901.03     885.72     885.72    1980.44    1980.44    1604.59    1604.59    1193.63    1193.63    1352.74    1352.74     576.58     576.58    1321.94    1321.94     781.26     781.26     971.17     971.17    1978.06    1978.06     970.55     970.55     735.77     735.77
 3    3537.00    4122.42    4529.29    4616.78    5752.03    6223.93    7671.05    7929.53    6305.13    4914.74    5199.45    4794.10    4869.08    5028.07    4548.15    4621.38    3739.14    3133.43    4487.16    6471.25    6167.15    5524.36    4234.03    4383.25    4151.28    4140.20    3617.20
 4    1379.00    1239.46    1325.14    1620.93    1774.00    2398.09    2066.89    1491.52    1389.45    1099.73    1243.90    1401.15    1460.14    1201.27     929.40     781.39     927.80    1537.99    1816.95    1508.52    1084.34    1117.70    1247.71    1294.26     996.16     697.16     652.96
 1    4109.00    1523.68    1523.68    5848.92    5848.92    3503.81    3503.81    3758.37    3758.37    7228.45    7228.45    5580.04    5580.04    3516.74    3516.74    7253.40    7253.40   17402.15   17402.15    9165.16    9165.16    5015.01    5015.01    2144.60    2144.60    6070.22    6070.22
 2     783.00     290.22     290.22    1114.08    1114.08     667.39     667.39     715.88     715.88    1376.85    1376.85    1062.86    1062.86     669.86     669.86    1381.60    1381.60    3314.70    3314.70    1745.74    1745.74     955.24     955.24     408.50     408.50    1156.23    1156.23
 3    3537.00    4338.67    5131.45    5740.03    4552.18    3432.19    4141.89   12168.18   17963.87   13728.78   13076.43   11129.65    8578.62    6390.94   14213.02   16992.51   17428.16   13597.71    8112.57    4892.50    3865.66    2449.21    2398.27    3042.32    6671.25    7735.25    6862.24
 4    1379.00    1301.04    1270.76     986.44     808.82    1569.58    4440.15    4460.56    3679.36    2706.14    2127.95    1473.60    1913.97    3851.34    5327.49    4003.18    2845.17    1624.72     945.40     684.25     575.96     779.79    1122.54    2051.47    2107.65    1772.91    2124.70
 1    4109.00    2942.02    2942.02    3898.82    3898.82    6722.56    6722.56   19522.73   19522.73   20953.55   20953.55    8057.74    8057.74   13291.28   13291.28   12581.18   12581.18    4363.13    4363.13    1967.20    1967.20    9207.20    9207.20   13552.31   13552.31    6302.60    6302.60
 2     783.00     560.38     560.38     742.63     742.63    1280.49    1280.49    3718.62    3718.62    3991.15    3991.15    1534.81    1534.81    2531.67    2531.67    2396.42    2396.42     831.07     831.07     374.70     374.70    1753.75    1753.75    2581.39    2581.39    1200.50    1200.50
 3    3537.00    4292.09    5490.76    5109.26    5318.64    4827.11    9086.41   11209.84    9254.99    6453.56    7930.06   10160.80   11716.04   11040.17    9166.00    6611.91    3600.07    2843.55    2517.36    4250.01    6832.86    7795.40    6994.09    5750.47    6123.27    6930.09    7646.47
 4    1379.00    1323.60    1397.20    1112.11    1599.55    2883.40    3384.91    2612.79    2263.31    3375.07    4375.07    3308.07    2699.66    2159.75    1536.12    1008.45     814.36     842.21    1387.20    2034.17    1936.80    1613.79    1686.49    2071.62    2445.06    1806.88    1246.35
 1    4109.00    6413.48    6413.48    7814.27    7814.27    7975.97    7975.97    7085.23    7085.23    6335.87    6335.87    2416.72    2416.72    4443.05    4443.05    4914.29    4914.29    2573.80    2573.80    4741.97    4741.97   10602.90   10602.90    7482.55    7482.55     973.90     973.90
 2     783.00    1221.62    1221.62    1488.43    1488.43    1519.23    1519.23    1349.57    1349.57    1206.83    1206.83     460.33     460.33     846.30     846.30     936.06     936.06     490.25     490.25     903.23     903.23    2019.60    2019.60    1425.25    1425.25     185.50     185.50
 3    3537.00    5527.42    5175.74    5744.63    5668.64    6142.53    6126.02    6122.99    6203.33    5493.20    4994.12    4524.79    4970.94    4548.01    4677.52    3769.15    3332.50    3286.14    6605.44    9433.59    9205.60    6943.41    4713.06    3148.34    3148.34    3148.34    2106.88
 4    1379.00    1544.84    1478.50    1827.95    1851.59    1906.73    1715.32    1547.92    1545.76    1262.84    1191.38    1040.64    1044.14     956.03     892.57     689.26    1067.99    2230.62    2708.99    2046.47    1423.35     993.93     710.77     587.76     587.76     587.76    1070.72
 1    4109.00    5819.35    5819.35    2987.29    2987.29    2689.30    2689.30    3282.51    3282.51    3367.98    3367.98    5079.23    5079.23    3532.91    3532.91   12286.43   12286.43    7297.75    7297.75    3857.24    3857.24    3586.97    3586.97    8968.34    8968.34    3639.64    3639.64
 2     783.00    1108.45    1108.45     569.01     569.01     512.25     512.25     625.24     625.24     641.52     641.52     967.47     967.47     672.94     672.94    2340.27    2340.27    1390.05    1390.05     734.71     734.71     683.23     683.23    1708.26    1708.26     693.26     693.26
 3    3537.00    4113.11    4643.44    5015.67    5213.05    5003.18    5271.92    5143.56    4372.23    4725.65    5281.43    5386.91    6091.30    8072.16    9021.90    8237.82    7408.88    5835.24    5286.26    5800.93    6775.29   10613.54    9207.03    9342.27    7020.29    4246.94    3804.28
 4    1379.00    1231.96    1169.10    1160.89    1267.15    1199.23     883.92     875.63    1362.21    1280.04    1318.22    1634.67    2105.65    2258.05    2084.43    1762.29    1491.48    1253.15    1721.06    2201.76    2651.78    2676.67    1512.20    1191.28     848.59     764.13    1002.93
 1    4109.00     902.29     902.29    1243.70    1243.70    4556.71    4556.71   20387.60   20387.60    6557.17    6557.17    6956.33    6956.33    1992.61    1992.61    1627.63    1627.63    9033.49    9033.49   21890.95   21890.95   11865.08   11865.08    1700.62    1700.62    3170.24    3170.24
 2     783.00     171.86     171.86     236.90     236.90     867.94     867.94    3883.35    3883.35    1248.98    1248.98    1325.02    1325.02     379.54     379.54     310.02     310.02    1720.66    1720.66    4169.70    4169.70    2260.02    2260.02     323.93     323.93     603.86     603.86
 3    3537.00    3942.97    5094.99    5063.83    4997.72    9447.56   12083.00   10237.21    7002.60    4668.06    4711.89    3357.65    2844.67    1939.66    2463.00    4080.53    5503.89    6873.17   12187.27   12139.93    8290.81    3993.77    3106.83    2802.13    4446.30    4745.89    5880.13
 4    1379.00    1248.33    1308.85    1433.22    2771.71    2861.53    2262.32    1958.27    1540.92    1154.02     897.37     683.25     617.18     650.99    1372.22    1521.77    2124.92    3706.63    3588.04    2171.64    1197.75     932.48    1154.36    1200.19    1384.95    1757.98    1711.85
 1    4109.00    5486.71    5486.71    8945.71    8945.71    5908.52    5908.52    1179.95    1179.95    1903.44    1903.44    2427.35    2427.35    2153.84    2153.84    3350.42    3350.42    4062.37    4062.37    5541.23    5541.23    4481.86    4481.86    4899.97    4899.97    4351.58    4351.58
 2     783.00    1045.09    1045.09    1703.94    1703.94    1125.43    1125.43     224.75     224.75     362.56     362.56     462.35     462.35     410.26     410.26     638.18     638.18     773.78     773.78    1055.47    1055.47     853.69     853.69     933.33     933.33     828.87     828.87
 3    3537.00    4256.73    4957.32    4774.99    4657.59    3553.33    3042.85    3060.17    3000.70    2938.46    3650.52    2982.36    3462.79    4195.36    5477.96    6225.97    6329.97    7420.90    7890.84    6351.19    6024.95    6746.65    6275.58    7111.13    8181.59    8376.60    7751.93
 4    1379.00    1293.38    1227.16    1174.67    1104.30     874.62     830.59     653.31     620.77     684.36     735.21     823.67    1047.45    1329.29    1614.50    1535.00    1995.39    1747.42    1541.59    1397.34    1544.92    1615.15    1777.95    2124.81    1987.66    2153.64    2051.39
 1    4109.00    6192.65    6192.65    4297.52    4297.52    2066.06    2066.06    1599.44    1599.44    1235.39    1235.39    1733.89    1733.89    2402.86    2402.86    3198.89    3198.89    3743.12    3743.12    2705.93    2705.93    9232.61    9232.61    5481.63    5481.63    5696.92    5696.92
 2     783.00    1179.55    1179.55     818.58     818.58     393.54     393.54     304.66     304.66     235.31     235.31     330.26     330.26     457.69     457.69     609.31     609.31     712.98     712.98     515.42     515.42    1758.59    1758.59    1044.12    1044.12    1085.13    1085.13
 3    3537.00    4573.14    4585.49    4092.40    3861.54    3861.54    3861.54    3861.54    3861.54    2197.46    2806.76    3474.61    3581.63    3265.39    4010.81    3941.69    4259.58    3964.82    3367.16    3947.79    5480.51    6037.38    5588.74    4357.64    3737.34    6676.80    7090.59
 4    1379.00    1353.40    1223.69     854.89     645.61     645.61     645.61     645.61     645.61     731.88     762.20     786.58     836.83    1019.07     889.45     786.38     889.04     976.75    1011.73    1515.12    1737.54    1440.21    1192.20    1185.42    2034.28    2170.40    1458.45
 1    4109.00    2299.84    2299.84    3096.79    3096.79    4328.94    4328.94    5139.75    5139.75    2512.36    2512.36    2334.02    2334.02    5701.54    5701.54    5295.91    5295.91    3964.42    3964.42    2007.85    2007.85    6306.76    6306.76    7655.80    7655.80    9491.79    9491.79
 2     783.00     438.06     438.06     589.86     589.86     824.56     824.56     979.00     979.00     478.54     478.54     444.58     444.58    1086.01    1086.01    1008.74    1008.74     755.13     755.13     382.45     382.45    1201.29    1201.29    1458.25    1458.25    1807.96    1807.96
 3    3537.00    4630.35    5111.02    6237.97    5693.18    6230.28    5049.63    4443.85    3259.89    2880.22    2962.99    3970.23    3998.12    4970.11    5361.02    5037.66    4959.32    3788.74    4025.39    4245.53    5801.28    7611.27    7042.10    6776.59    6318.10    4679.33    3483.05
 4    1379.00    1348.57    1424.30    1376.11    1423.04    1125.07     729.71     682.68     674.63     783.39    1019.98    1081.01    1337.25    1335.99    1202.41    1051.99     907.03     925.86    1276.93    1513.81    1872.36    2260.99    1709.10    1353.95    1080.96     727.38     512.49
 1    4109.00    4192.65    4192.65    5673.82    5673.82    4435.20    4435.20    3471.01    3471.01    4779.39    4779.39    4194.96    4194.96    5957.49    5957.49    7647.02    7647.02    7539.84    7539.84    4807.57    4807.57    7264.95    7264.95    7306.53    7306.53    3575.88    3575.88
 2     783.00     798.60     798.60    1080.73    1080.73     844.80     844.80     661.14     661.14     910.36     910.36     799.04     799.04    1134.76    1134.76    1456.58    1456.58    1436.16    1436.16     915.73     915.73    1383.80    1383.80    1391.72    1391.72     681.12     681.12
 3    3537.00    4847.74    4875.88    5043.93    4180.32    3494.88    3334.23    2825.18    3725.06    3824.53    4300.10    4642.44    6306.66    6848.47    5780.95    6530.20    6168.57    5544.57    5028.35    7078.35    7904.77    7126.10    4902.63    4129.03    3460.42    2493.96    3125.96
 4    1379.00    1522.33    1326.95     978.44     684.09     740.83     760.24     919.61    1185.37    1042.11    1490.12    1656.65    1677.17    1428.79    1640.89    1464.46    1259.24    1810.10    2164.23    1927.39    1336.37     990.57     947.86     815.23     801.71     867.43    1285.28
 1    4109.00    4611.22    4611.22    3043.19    3043.19    2742.43    2742.43    1825.82    1825.82    4418.11    4418.11    9225.68    9225.68    6642.64    6642.64    3324.09    3324.09   14746.58   14746.58    5847.07    5847.07    9663.19    9663.19   17607.74   17607.74   14105.78   14105.78
 2     783.00     878.33     878.33     579.66     579.66     522.37     522.37     347.78     347.78     841.54     841.54    1757.27    1757.27    1265.26    1265.26     633.16     633.16    2808.87    2808.87    1113.73    1113.73    1840.61    1840.61    3353.86    3353.86    2686.82    2686.82
 3    3537.00    4450.30    5002.99    5184.57    4143.41    5333.94    6201.42    6468.95    5241.19    7362.59    7537.66    5742.25    4275.17    2926.99    2731.32    6584.24    8915.14    8550.74    6512.95    9343.75   10853.49    9612.73    8735.96    8835.74    8764.76    6539.98    4539.87
 4    1379.00    1219.89    1265.46    1084.58    1278.47    1492.72    1302.11    1312.07    1684.33    1766.52    1217.11     895.74     630.19    1263.53    2317.20    2402.93    1883.15    2077.61    3411.18    3324.91    2467.14    2185.50    2323.00    2376.99    1958.33    1731.37    1563.22
 1    4109.00    5421.11    5421.11    9010.39    9010.39   10885.18   10885.18   26872.23   26872.23   12013.39   12013.39    2717.48    2717.48   12439.35   12439.35   11849.84   11849.84    5977.36    5977.36    8061.44    8061.44   13534.75   13534.75    6373.75    6373.75    2262.88    2262.88
 2     783.00    1032.59    1032.59    1716.26    1716.26    2073.37    2073.37    5118.52    5118.52    2288.26    2288.26     517.62     517.62    2369.40    2369.40    2257.11    2257.11    1138.54    1138.54    1535.51    1535.51    2578.05    2578.05    1214.05    1214.05     431.02     431.02
 3    3537.00    3964.76    4782.68    4758.61    5849.40    7695.57   11510.15   14909.47    8700.00    3894.26    2159.42    1551.17    8479.18   13768.92    9930.15   10925.21    8811.77    7604.07   11230.39   12212.32   10191.21    9151.30    7004.86    4003.00    2832.66    2666.74    3342.58
 4    1379.00    1267.64    1459.16    2013.22    2893.81    4664.03    3672.35    2612.54    1253.39     605.61    1168.65    3344.49    3905.96    3121.10    2660.00    2261.56    2042.00    3254.51    3352.36    2761.54    1866.01    1354.97     894.15     626.33     641.66    1078.24    1714.76
 1    4109.00    6735.50    6735.50    6616.30    6616.30    4799.72    4799.72    5102.79    5102.79    8219.44    8219.44    4679.60    4679.60    6426.42    6426.42    4239.31    4239.31    6303.99    6303.99    9252.01    9252.01    3301.45    3301.45    1402.17    1402.17    2740.12    2740.12
 2     783.00    1282.95    1282.95    1260.25    1260.25     914.23     914.23     971.96     971.96    1565.61    1565.61     891.35     891.35    1224.08    1224.08     807.49     807.49    1200.76    1200.76    1762.29    1762.29     628.85     628.85     267.08     267.08     521.93     521.93
 3    3537.00    5597.84    5221.84    5410.56    5989.35    6412.15    8182.37    7602.60    8096.55    7498.13    7678.46    7962.10    7918.71    6826.35    7786.11    5841.87    5831.69    6201.03    6995.07    6118.39    4507.52    3401.54    3648.79    4074.58    4568.26    4541.88    8499.47
 4    1379.00    1612.05    1409.67    1748.88    2252.45    1854.36    1732.69    1776.51    1991.66    1961.91    2011.01    1720.90    1964.91    1630.74    1247.05    1376.44    1779.25    1596.95    1392.44    1024.99     807.28     870.44     946.31    1018.01    1458.30    2541.69    3409.82
 1    4109.00    5239.54    5239.54    3395.70    3395.70   11125.88   11125.88   12588.11   12588.11    5233.07    5233.07    2049.43    2049.43    1841.53    1841.53    1778.70    1778.70    2715.17    2715.17    2639.87    2639.87    4962.80    4962.80    5697.85    5697.85    5955.64    5955.64
 2     783.00     998.01     998.01     646.80     646.80    2119.22    2119.22    2397.74    2397.74     996.78     996.78     390.37     390.37     350.77     350.77     338.80     338.80     517.18     517.18     502.83     502.83     945.30     945.30    1085.30    1085.30    1134.41    1134.41
 3    3537.00    5043.66    5453.40    5697.07    7954.91    8165.10    7062.13    6151.56    3628.24    2555.63    2456.53    2350.97    2809.88    2835.02    2613.46    3501.60    3865.52    4364.28    4799.09    4725.08    4624.07    3465.81    4870.83    5685.81    4587.83    5707.51    5222.74
 4    1379.00    1580.32    1791.44    2246.35    2112.84    1740.35    1361.44    1037.84     759.28     673.42     677.19     679.93     587.42     719.61     923.66     934.38    1008.19    1130.35    1098.98     825.92     772.63    1100.24    1304.39    1429.80    1473.20    1262.12    1186.37
 1    4109.00    6705.47    6705.47    3934.85    3934.85    6714.71    6714.71    5939.01    5939.01    8379.29    8379.29    7975.51    7975.51    7296.83    7296.83    5390.15    5390.15    5568.02    5568.02    8224.99    8224.99   10717.01   10717.01    4185.26    4185.26   10328.47   10328.47
 2     783.00    1277.23    1277.23     749.50     749.50    1278.99    1278.99    1131.24    1131.24    1596.06    1596.06    1519.14    1519.14    1389.87    1389.87    1026.70    1026.70    1060.58    1060.58    1566.66    1566.66    2041.34    2041.34     797.19     797.19    1967.33    1967.33
 3    3537.00    5848.38    5221.03    5252.66    6580.63    6617.48    9246.29   10060.67   12439.34   12403.55   10611.20   10268.37    9088.43    8168.69    6364.65    5083.40    4502.58    5526.20    5764.57    5916.82    6482.22    6103.93    4128.68    4994.45    8669.38    9074.79    7303.22
 4    1379.00    1549.68    1652.05    1804.13    2140.81    2526.42    2923.25    3317.56    3216.50    2229.65    2172.67    2086.84    1663.08    1338.12    1194.98    1081.49    1311.77    1666.38    1615.61    1856.26    1408.45    1310.81    1959.45    2633.91    2459.98    1623.57    1302.52
 1    4109.00    3317.16    3317.16    5331.94    5331.94    4253.17    4253.17    5957.49    5957.49    3263.57    3263.57    2539.15    2539.15    4397.32    4397.32    3770.84    3770.84    3589.28    3589.28    4690.69    4690.69    2162.62    2162.62    2734.12    2734.12    4524.83    4524.83
 2     783.00     631.84     631.84    1015.61    1015.61     810.13     810.13    1134.76    1134.76     621.63     621.63     483.65     483.65     837.58     837.58     718.26     718.26     683.67     683.67     893.46     893.46     411.93     411.93     520.78     520.78     861.87     861.87
 3    3537.00    5520.71    5822.50    6212.16    6198.26    5968.35    5400.13    4298.60    3285.52    3129.52    2680.56    3126.61    3476.72    4650.37    6001.50    5046.92    5478.95    5101.39    4922.37    4057.64    4025.29    3653.25    4365.41    5432.62    7356.59    7281.30    5623.00
 4    1379.00    1632.78    1492.62    1630.09    1369.70    1123.08     824.58     766.13     632.22     680.69     744.57     969.79    1390.85    1380.59    1376.33    1185.00    1225.19    1167.43    1011.17     810.42     851.27    1112.38    1699.89    1961.10    1642.23    1411.23    1882.04
 1    4109.00    4747.97    4747.97   13208.58   13208.58    7702.00    7702.00   13282.04   13282.04    3699.70    3699.70    2462.92    2462.92    3722.80    3722.80    3484.40    3484.40    5749.59    5749.59    3966.73    3966.73    4962.80    4962.80    3783.32    3783.32    5679.83    5679.83
 2     783.00     904.38     904.38    2515.92    2515.92    1467.05    1467.05    2529.91    2529.91     704.70     704.70     469.13     469.13     709.10     709.10     663.70     663.70    1095.16    1095.16     755.57     755.57     945.30     945.30     720.63     720.63    1081.87    1081.87
 3    3537.00    4977.26    5576.03    5329.39    5510.46    6093.31    5850.64    6018.92    3821.98    2198.45    3707.90    4307.12    3908.93    4650.62    4789.57    5378.55    7015.68    8350.05    8108.27    7335.05    7265.57    6836.90    6147.11    6950.94    7741.69    7715.05    5901.66
 4    1379.00    1489.09    1607.60    2074.69    2167.12    1682.15    1166.53    1101.50     849.58    1150.58    1186.06    1021.42    1162.23    1324.90    1669.84    1775.94    1905.76    1754.26    1828.75    1696.82    1511.16    1342.17    1815.99    2066.37    1657.37    1408.39    1070.48
 1    4109.00    3951.95    3951.95    6750.74    6750.74    4404.25    4404.25    4610.76    4610.76    1254.33    1254.33    1603.14    1603.14    2963.27    2963.27    6860.70    6860.70   11615.60   11615.60    3737.12    3737.12   13864.62   13864.62   14001.83   14001.83    8923.07    8923.07
 2     783.00     752.75     752.75    1285.86    1285.86     838.90     838.90     878.24     878.24     238.92     238.92     305.36     305.36     564.43     564.43    1306.80    1306.80    2212.50    2212.50     711.83     711.83    2640.88    2640.88    2667.02    2667.02    1699.63    1699.63
 3    3537.00    4869.22    5339.35    4882.22    4755.44    4446.86    4923.55    4923.55    3320.65    2465.81    3733.15    4411.38    4268.92    3942.21    3721.19    5186.00    4978.35    4444.91    2545.02    1839.19    5072.04    7902.55   10468.89    8884.21    7054.87    5625.83    5373.35
 4    1379.00    1369.08    1317.44    1214.00    1222.40    1119.84     931.80     931.80     518.88     910.50    1108.84     976.67     771.66     860.99    1410.36    1292.30     896.39     738.87     968.14    1614.24    2687.13    3061.77    2682.51    1865.61    1651.23    1313.62    1369.97
 1    4109.00    3602.68    3602.68    4015.24    4015.24    7146.68    7146.68   11642.86   11642.86    5141.14    5141.14    3865.55    3865.55    3963.04    3963.04    5771.77    5771.77   11845.22   11845.22   15978.73   15978.73    6714.71    6714.71    5641.02    5641.02    5408.63    5408.63
 2     783.00     686.22     686.22     764.81     764.81    1361.27    1361.27    2217.69    2217.69     979.26     979.26     736.30     736.30     754.86     754.86    1099.38    1099.38    2256.23    2256.23    3043.57    3043.57    1278.99    1278.99    1074.48    1074.48    1030.22    1030.22
 3    3537.00    4872.50    5678.64    6957.43   16259.70   20826.55   17265.64   12706.29    9263.02    7146.99    6167.02    5257.10    5719.33    5481.30    5152.75    5106.70    8474.48   11415.71    8974.36    9325.57    9400.23    6629.92    5219.77    6445.13    6275.58    5943.22    5887.86
 4    1379.00    1371.00    2380.32    6188.19    5715.35    3696.14    2243.01    1861.18    1288.40    1042.62    1185.19    1337.48    1244.18    1200.53    1424.07    2818.81    3135.74    2737.57    2991.75    2758.09    1740.14    1238.35    1575.38    1724.50    1748.93    1578.85    1585.38
 1    4109.00    3749.13    3749.13    3162.85    3162.85    2472.62    2472.62    5035.80    5035.80    1174.40    1174.40    2561.33    2561.33    2603.83    2603.83    2718.87    2718.87    3742.66    3742.66    7538.92    7538.92    6717.02    6717.02    2644.49    2644.49    2005.54    2005.54
 2     783.00     714.12     714.12     602.45     602.45     470.98     470.98     959.20     959.20     223.70     223.70     487.87     487.87     495.97     495.97     517.88     517.88     712.89     712.89    1435.98    1435.98    1279.43    1279.43     503.71     503.71     382.01     382.01
 3    3537.00    3950.94    5126.00    4792.63    4842.38    4273.01    4635.53    4260.24    4417.57    3837.52    4170.20    3153.18    3153.18    2418.27    2903.23    3498.89    3651.59    5032.65    6343.74    7164.77    6643.30    5784.55    4828.12    4829.53    4991.11    5211.90    4111.84
 4    1379.00    1308.21    1188.49     965.29     969.08     917.20     917.62    1024.40     965.90     731.46     647.08     533.91     533.91     721.37    1022.06    1014.96    1277.39    1782.48    1859.11    1605.23    1497.29    1258.68    1047.37    1203.40    1071.42    1014.39    1209.22
 1    4109.00    3433.12    3433.12    8541.92    8541.92   14103.47   14103.47    6620.46    6620.46    3991.22    3991.22   12164.46   12164.46    9418.33    9418.33   12442.58   12442.58    1625.32    1625.32    1365.67    1365.67    1003.93    1003.93    7191.03    7191.03    8864.39    8864.39
 2     783.00     653.93     653.93    1627.03    1627.03    2686.38    2686.38    1261.04    1261.04     760.23     760.23    2317.04    2317.04    1793.97    1793.97    2370.02    2370.02     309.58     309.58     260.13     260.13     191.22     191.22    1369.72    1369.72    1688.46    1688.46
 3    3537.00    3983.18    4674.64    4832.65    3775.53    4199.24    2939.82    1601.18    2069.74    3368.02    3238.35    3268.07    4857.85    5457.50    4685.52    4334.66    3732.94    2113.67    2938.33    3358.68    3178.03    3433.40    5519.13    8504.43    8201.11    6932.25    7829.21
 4    1379.00    1178.80    1201.76    1164.30    1259.41    1172.52     783.24     923.94    1071.97     971.86    1134.08    1907.24    2130.18    1523.20    1187.01    1159.39    1017.32     678.99     805.54     806.35     979.09    1576.55    2263.38    2021.90    1655.25    2327.82    2024.29
 1    4109.00    4272.11    4272.11    3862.32    3862.32    3203.05    3203.05    2781.24    2781.24    5239.54    5239.54    8135.82    8135.82    9082.46    9082.46    5205.82    5205.82    4473.08    4473.08   10280.42   10280.42    7533.37    7533.37    2189.88    2189.88    1359.67    1359.67
 2     783.00     813.74     813.74     735.68     735.68     610.10     610.10     529.76     529.76     998.01     998.01    1549.68    1549.68    1729.99    1729.99     991.58     991.58     852.02     852.02    1958.18    1958.18    1434.93    1434.93     417.12     417.12     258.98     258.98
 3    3537.00    4616.11    5029.01    5423.20    4993.63    4109.12    4140.98    5351.17    6700.94    7490.25    7505.76    9865.66    9469.27    7855.14    5861.06    5422.01    4937.45    5459.29    7610.71    7695.27    6400.28    5153.98    3609.58    3609.58    2192.15    2599.18    3440.93
 4    1379.00    1333.93    1296.33    1330.60     892.91     909.66    1578.02    1813.48    1692.31    1993.90    2685.34    2728.03    1806.27    1238.37    1253.96    1391.16    1528.66    2313.84    2128.17    1308.80    1004.17     719.65     594.06     594.06     723.81     916.93    1030.56
 1    4109.00    4005.54    4005.54    4713.32    4713.32    4899.97    4899.97    4246.24    4246.24    2354.35    2354.35    7285.28    7285.28    6607.99    6607.99    5359.66    5359.66    3664.58    3664.58    3287.59    3287.59    5418.34    5418.34    3690.46    3690.46    1510.74    1510.74
 2     783.00     762.96     762.96     897.78     897.78     933.33     933.33     808.81     808.81     448.45     448.45    1387.67    1387.67    1258.66    1258.66    1020.89    1020.89     698.02     698.02     626.21     626.21    1032.06    1032.06     702.94     702.94     287.76     287.76
 3    3537.00    5339.60    5332.36    5084.31    5703.41    3896.22    3337.39    2568.85    2834.13    6636.58    9601.04    9509.62    7548.02    5735.41    5532.55    4829.51    3809.89    3929.06    4080.44    4599.03    4494.60    4491.56    5069.10    4357.49    3868.69    4064.51   15035.20
 4    1379.00    1446.22    1376.17    1060.52     972.79     664.90     571.66    1006.24    2457.73    2620.90    2099.63    1510.80    1295.05    1105.58     980.27    1013.77    1002.47    1105.03    1130.00    1131.08    1020.47    1154.70    1157.95     836.85    1904.33    5036.13    5954.73
 1    4109.00    2445.83    2445.83    3212.75    3212.75    7905.28    7905.28    3885.42    3885.42    3906.67    3906.67    2614.00    2614.00    2764.61    2764.61    1109.26    1109.26    1592.51    1592.51    3568.95    3568.95    4910.14    4910.14    5487.17    5487.17    2186.65    2186.65
 2     783.00     465.87     465.87     611.95     611.95    1505.77    1505.77     740.08     740.08     744.13     744.13     497.90     497.90     526.59     526.59     211.29     211.29     303.34     303.34     679.80     679.80     935.26     935.26    1045.18    1045.18     416.50     416.50
 3    3537.00    4514.60    4857.37    5340.61    6092.51    6527.42    5283.10    4196.14    4588.32    5046.49    5770.77    5550.16    4200.11    4253.42    4199.95    3423.14    4845.07    4631.15    6613.15    6632.96    7189.85    7558.92    7061.96    7177.19    6217.84    5012.90    4129.01
 4    1379.00    1310.83    1339.87    1534.60    1590.14    1277.32    1105.31    1145.23    1146.77    1340.43    1264.83    1028.36     848.01     814.51     751.81    1051.45    1257.86    1499.60    1674.99    1529.58    1830.51    1768.08    1698.51    1334.20     886.57     881.37     846.90
 1    4109.00    2442.13    2442.13    4156.15    4156.15    5141.14    5141.14    2610.76    2610.76    3467.77    3467.77    2168.17    2168.17    1007.62    1007.62    1651.19    1651.19    3386.92    3386.92    7002.07    7002.07    2306.77    2306.77    5947.33    5947.33    9544.46    9544.46
 2     783.00     465.17     465.17     791.65     791.65     979.26     979.26     497.29     497.29     660.53     660.53     412.98     412.98     191.93     191.93     314.51     314.51     645.13     645.13    1333.73    1333.73     439.38     439.38    1132.82    1132.82    1817.99    1817.99
 3    3537.00    4832.17    4704.96    5133.15    5984.86    5318.20    4943.29    4811.12    5097.52    4332.68    3882.27    3882.27    3151.83    3334.15    3036.28    4349.21    5251.99    6671.66    7169.23    8382.80    6644.82    7247.20    9505.16   10498.29   11765.95   12347.66   10173.70
 4    1379.00    1404.43    1195.69    1164.96    1288.45    1148.70    1077.56     950.74     897.49     836.41     775.27     775.27     537.06     828.23    1111.11    1276.40    1791.98    2307.13    1515.97    1641.02    2396.66    2244.66    2455.29    3004.61    3176.87    2640.59    1696.55
 1    4109.00    3790.25    3790.25    3860.01    3860.01    5668.28    5668.28    5374.45    5374.45    5032.57    5032.57    7542.15    7542.15    4538.69    4538.69    5162.39    5162.39    8098.86    8098.86    6445.36    6445.36    3404.94    3404.94   11938.54   11938.54   11501.95   11501.95
 2     783.00     721.95     721.95     735.24     735.24    1079.67    1079.67    1023.70    1023.70     958.58     958.58    1436.60    1436.60     864.51     864.51     983.31     983.31    1542.64    1542.64    1227.69    1227.69     648.56     648.56    2274.01    2274.01    2190.85    2190.85
 3    3537.00    4408.20    5514.59    4984.31    6449.50    6822.57    7446.79    9552.87    8254.37    8019.74    7348.73    6812.91    6324.86    5011.62    4989.38    5357.11    5671.12    8310.10    8226.02    9160.86    7652.49   13467.70   16212.55   13944.84    9419.00    8270.93    5701.08
 4    1379.00    1342.14    1466.24    1519.68    1991.19    2218.43    2149.42    2064.70    1698.32    1606.82    1634.80    1402.60    1192.38    1288.22    1529.50    1590.14    2200.78    2228.70    2042.42    2493.55    4114.40    4691.57    3313.77    1923.40    1415.62    1347.20    1556.31
 1    4109.00    3049.66    3049.66    6781.24    6781.24    5973.66    5973.66    3748.67    3748.67    1142.06    1142.06    2990.06    2990.06    4952.18    4952.18    2990.53    2990.53    3061.67    3061.67    1577.73    1577.73    3322.70    3322.70    5684.45    5684.45    5197.50    5197.50
 2     783.00     580.89     580.89    1291.66    1291.66    1137.84    1137.84     714.03     714.03     217.54     217.54     569.54     569.54     943.27     943.27     569.62     569.62     583.18     583.18     300.52     300.52     632.90     632.90    1082.75    1082.75     990.00     990.00
 3    3537.00    5330.87    4790.62    6040.55    5589.73    5683.00    4781.33    3442.06    2667.43    2920.20    3189.75    5313.23    5776.59    4991.81    4488.03    3541.83    3245.08    3245.08    3245.08    2133.95    4268.43    6454.61    6643.17    9615.10    9867.41   11193.99    8613.74
 4    1379.00    1511.37    1410.88    1638.62    1261.38     951.79     748.54     711.78     739.01     859.54    1382.87    1360.52    1065.64     849.39     647.66     649.22     655.01     655.01     655.01    1256.49    1883.52    2019.62    2507.43    2584.18    2234.79    2058.09    1326.64
 1    4109.00    4850.54    4850.54    3830.44    3830.44    8797.40    8797.40    6533.60    6533.60    2400.09    2400.09    5974.12    5974.12   15230.29   15230.29   11240.92   11240.92    3104.18    3104.18    4351.12    4351.12    8461.99    8461.99    2587.20    2587.20    6143.21    6143.21
 2     783.00     923.91     923.91     729.61     729.61    1675.70    1675.70    1244.50    1244.50     457.16     457.16    1137.93    1137.93    2901.01    2901.01    2141.13    2141.13     591.27     591.27     828.78     828.78    1611.81    1611.81     492.80     492.80    1170.14    1170.14
 3    3537.00    5504.13    5058.70    6032.13    6073.38    7418.55    6753.83    5251.90    4237.60    4304.01    8003.78   11984.05   12252.98   10651.13    9146.75    6961.41    5975.25    4446.29    4446.59    4151.10    3752.87    3232.15    2890.62    2757.16    3267.20    6239.49    6114.53
 4    1379.00    1589.90    1393.23    1922.61    1998.32    1546.70    1020.78     904.64    1568.32    2604.10    3332.36    3225.21    2672.66    2104.53    1828.03    1502.90    1059.97     957.09     940.46     806.57     828.06     724.52     793.52    1035.53    1715.43    1922.65    1369.39
 1    4109.00    4488.79    4488.79    5497.34    5497.34    4713.79    4713.79    7249.70    7249.70    4894.43    4894.43    1961.19    1961.19    3653.96    3653.96    6117.80    6117.80    7866.47    7866.47    8253.17    8253.17    6112.26    6112.26    3318.55    3318.55    4468.46    4468.46
 2     783.00     855.01     855.01    1047.11    1047.11     897.86     897.86    1380.90    1380.90     932.27     932.27     373.56     373.56     695.99     695.99    1165.30    1165.30    1498.38    1498.38    1572.03    1572.03    1164.24    1164.24     632.10     632.10     851.14     851.14
 3    3537.00    4971.29    5158.51    5336.20    5605.39    5359.09    4841.07    5129.23    4747.83    4074.20    3517.87    3305.19    3702.95    6062.46    7024.88    8088.79    8763.26    8753.40    7734.27    6171.25    4972.34    5041.50    4790.20    4875.97    7536.33    8477.63    9846.11
 4    1379.00    1496.86    1380.94    1415.70    1309.48    1232.03    1265.51    1040.61     988.65     936.11     731.52    1077.40    1716.57    1913.72    2071.78    2433.90    2156.48    1756.35    1308.90    1239.02    1509.06    1216.92    1264.63    2171.29    2434.93    2302.60    2423.56
 1    4109.00    4120.58    4120.58    2437.51    2437.51    3521.36    3521.36    2972.05    2972.05    1440.52    1440.52    2148.76    2148.76    2434.74    2434.74    2333.10    2333.10    4922.15    4922.15    6931.85    6931.85    4348.34    4348.34    6846.84    6846.84    6627.85    6627.85
 2     783.00     784.87     784.87     464.29     464.29     670.74     670.74     566.10     566.10     274.38     274.38     409.29     409.29     463.76     463.76     444.40     444.40     937.55     937.55    1320.35    1320.35     828.26     828.26    1304.16    1304.16    1262.45    1262.45
 3    3537.00    5385.89    5194.95    5382.28    5889.72    5564.58    4756.86    3406.34    3620.08    4502.10    4498.73    5098.08    5888.30    5201.08    4365.74    4274.82    9276.69   13890.92   11886.29   10598.05    9248.90    8666.61    7019.96    6470.35    8244.44    8369.83    6426.56
 4    1379.00    1544.57    1454.75    1226.87    1119.87     899.06     740.52     881.89    1027.31    1197.87    1367.53    1260.27    1009.02     721.21    1248.21    3257.48    3574.35    2732.53    2376.69    2039.46    1595.70    1437.70    1448.73    2133.05    1976.45    1543.65    1038.21
 1    4109.00   12784.00   12784.00    6981.74    6981.74   13711.24   13711.24   13130.96   13130.96    8041.11    8041.11    7594.82    7594.82    6493.87    6493.87    3738.50    3738.50    6244.39    6244.39   17711.69   17711.69    9884.03    9884.03    6321.08    6321.08    3396.16    3396.16
 2     783.00    2435.05    2435.05    1329.86    1329.86    2611.66    2611.66    2501.14    2501.14    1531.64    1531.64    1446.63    1446.63    1236.93    1236.93     712.10     712.10    1189.41    1189.41    3373.66    3373.66    1882.67    1882.67    1204.02    1204.02     646.89     646.89
 3    3537.00    4565.16    4168.78    3956.95    6536.08    9493.93    7751.90    9466.35    9520.70    7070.59    5533.19    5549.57    5550.93    5980.73    6134.06    5095.12    5722.62    9142.35   10696.89    9634.25    8388.21    7070.12    6354.74    5029.07    4763.15    4631.76    3423.36
 4    1379.00    1383.99    1642.79    2542.36    2807.37    2858.54    2994.51    2653.31    1824.87    1386.25    1581.42    1379.46    1502.01    1851.78    1444.36    1496.84    2814.13    2757.63    2786.92    2391.27    2171.16    1518.53    1180.71    1240.04     949.93     737.67     554.65
 1    4109.00    1884.50    1884.50    2952.64    2952.64    5178.10    5178.10    8224.06    8224.06    8702.69    8702.69   11945.93   11945.93    5846.15    5846.15    2770.61    2770.61    2685.61    2685.61    2560.87    2560.87    4723.03    4723.03    5296.83    5296.83    5881.26    5881.26
 2     783.00     358.95     358.95     562.41     562.41     986.30     986.30    1566.49    1566.49    1657.66    1657.66    2275.42    2275.42    1113.55    1113.55     527.74     527.74     511.54     511.54     487.78     487.78     899.62     899.62    1008.92    1008.92    1120.24    1120.24
 3    3537.00    4752.30    5379.08    5897.58    6125.77    8856.26   10400.48    9133.14    7473.13    6928.31    5684.36    4777.41    3091.16    3015.73    3738.97    2877.43    4541.91    4655.66    5514.22    7094.52    6822.96    5532.96    5451.25    6063.31    5696.40    9975.06   10869.39
 4    1379.00    1397.36    1324.37    1648.09    2709.44    2834.77    2026.73    1668.61    1467.62    1309.69    1013.57     934.80    1074.01     971.42    1000.95    1238.64    1471.30    1666.69    1562.30    1408.15    1055.16    1251.28    1331.11    1640.72    3012.94    3339.79    2099.75
 1    4109.00     990.99     990.99    3444.21    3444.21    4017.55    4017.55    4485.10    4485.10    2572.42    2572.42    1631.78    1631.78    1896.51    1896.51    1930.70    1930.70    9111.56    9111.56    9248.32    9248.32    6260.10    6260.10    6183.87    6183.87    6242.08    6242.08
 2     783.00     188.76     188.76     656.04     656.04     765.25     765.25     854.30     854.30     489.98     489.98     310.82     310.82     361.24     361.24     367.75     367.75    1735.54    1735.54    1761.58    1761.58    1192.40    1192.40    1177.88    1177.88    1188.97    1188.97
 3    3537.00    4552.22    5585.60    6057.20    6837.83   10080.19    9207.66    7565.39    6033.42    5603.60    5701.33    4614.42    4360.09    4231.46    4776.72    6777.87    9196.00   10710.62    9401.70    9198.15    8078.58    6806.05    5621.20    5184.00    4331.09    3615.00    4865.46
 4    1379.00    1227.14    1560.59    2013.56    2508.16    2152.68    1529.14    1172.25    1136.69    1021.78     988.38     769.54     752.21    1082.32    2010.80    2513.05    2427.71    2894.29    2286.51    1832.80    1439.79    1284.69    1083.45    1159.33    1037.85    1131.60    1607.56
 1    4109.00    3424.81    3424.81    3322.70    3322.70    4119.19    4119.19    6659.27    6659.27    6155.69    6155.69    7271.42    7271.42    2971.12    2971.12    7954.72    7954.72   10046.65   10046.65   10918.45   10918.45    4460.61    4460.61    4463.84    4463.84    2917.07    2917.07
 2     783.00     652.34     652.34     632.90     632.90     784.61     784.61    1268.43    1268.43    1172.51    1172.51    1385.03    1385.03     565.93     565.93    1515.18    1515.18    1913.65    1913.65    2079.70    2079.70     849.64     849.64     850.26     850.26     555.63     555.63
 3    3537.00    5058.76    5867.05    5932.99    5563.32    5405.06    5964.38    7040.54    6596.70    5924.37    5276.49    4422.09    3600.45    5313.78    7855.23    6861.91    5328.20    5758.72    6070.98    5425.44    4622.31    3731.60    4342.00    3832.72    3437.62    3608.64    3886.74
 4    1379.00    1411.13    1411.24    1291.17    1472.38    1352.52    1570.65    1787.44    1556.78    1070.57     898.23    1029.59    1833.31    1817.04    1542.63    1481.61    1830.25    1706.41    1566.93    1408.48    1055.82    1208.01    1067.53     783.48     841.74    1026.34    1281.73
 1    4109.00    6342.80    6342.80    3831.37    3831.37    5997.68    5997.68    7968.11    7968.11    5690.92    5690.92    3976.90    3976.90   11033.02   11033.02    6916.14    6916.14    4447.21    4447.21    2529.45    2529.45    3273.27    3273.27    3147.14    3147.14    2465.23    2465.23
 2     783.00    1208.15    1208.15     729.78     729.78    1142.42    1142.42    1517.74    1517.74    1083.98    1083.98     757.50     757.50    2101.53    2101.53    1317.36    1317.36     847.09     847.09     481.80     481.80     623.48     623.48     599.46     599.46     469.57     469.57
 3    3537.00    4560.62    5202.05    4996.41    5799.11    6843.72    5939.59    4350.12    3575.60    3241.94    5635.87    8923.57    8845.57    7311.68    5532.25    5632.82    5517.16    4212.83    3766.51    3633.62    3824.33    4091.58    4844.71    4461.09    4301.99    4301.99    4301.99
 4    1379.00    1417.52    1480.47    1546.63    1640.68    1569.11    1022.00     723.06    1003.91    2025.94    2521.82    2366.62    1696.95    1337.27    1476.26    1343.87    1134.20     986.79     863.70     809.93    1136.26    1185.47    1043.59    1142.31     884.03     884.03     884.03
 1    4109.00    5397.55    5397.55    4106.26    4106.26    5383.69    5383.69    4497.57    4497.57    4159.39    4159.39    7416.49    7416.49    7926.07    7926.07   11115.26   11115.26    2633.86    2633.86    6338.18    6338.18   11390.61   11390.61    8807.57    8807.57    7557.40    7557.40
 2     783.00    1028.10    1028.10     782.14     782.14    1025.46    1025.46     856.68     856.68     792.26     792.26    1412.66    1412.66    1509.73    1509.73    2117.19    2117.19     501.69     501.69    1207.27    1207.27    2169.64    2169.64    1677.63    1677.63    1439.50    1439.50
 3    3537.00    5147.40    5182.87    5412.18    5882.54    7179.21    6786.73    4535.68    4178.33    3821.83    5008.03    5969.53    6180.10    7391.19    7389.73    5594.54    3564.75    4116.05    6914.43    8715.49    9138.43    7474.66    5992.61    4214.36    4794.01    5159.81    4634.47
 4    1379.00    1505.22    1470.27    1891.84    1655.15    1401.94    1079.02     775.79     809.38    1488.95    1650.20    1789.93    2227.70    1953.99    1147.38     977.59    1520.56    2062.26    2559.75    2170.04    1681.69    1520.20    1336.93    1609.88    1437.98    1229.25    1562.94
 1    4109.00    3605.45    3605.45    4618.61    4618.61    6613.53    6613.53   10357.12   10357.12    8508.19    8508.19    7175.78    7175.78    3144.37    3144.37    3672.90    3672.90    3454.84    3454.84    4075.30    4075.30    5667.82    5667.82    5371.67    5371.67    7768.53    7768.53
 2     783.00     686.75     686.75     879.74     879.74    1259.72    1259.72    1972.78    1972.78    1620.61    1620.61    1366.82    1366.82     598.93     598.93     699.60     699.60     658.06     658.06     776.25     776.25    1079.58    1079.58    1023.18    1023.18    1479.72    1479.72
 3    3537.00    5366.12    5460.43    5626.35    5109.59    5045.95    7423.06    7738.31    5437.35    5279.30    5401.96    4617.91    4379.75    4341.30    4478.78    6101.22    7687.40    7696.24    7813.10    6731.98    6520.28    7248.67    8937.38    8481.60    7562.71    6554.41    5183.66
 4    1379.00    1386.09    1333.18    1291.18    1481.55    1956.70    1960.02    1554.74    1517.44    1393.28    1304.91    1103.51    1113.44    1528.46    1679.57    1981.74    2112.00    1819.39    1485.58    1363.24    2147.94    2103.44    2020.99    1882.52    1413.79    1066.76    1208.68
 1    4109.00    4838.53    4838.53    6861.16    6861.16    3416.95    3416.95    8664.35    8664.35    5797.18    5797.18    2528.99    2528.99    3061.21    3061.21    6155.23    6155.23    3172.09    3172.09    1592.51    1592.51    2779.39    2779.39    3322.24    3322.24    6607.06    6607.06
 2     783.00     921.62     921.62    1306.89    1306.89     650.85     650.85    1650.35    1650.35    1104.22    1104.22     481.71     481.71     583.09     583.09    1172.42    1172.42     604.21     604.21     303.34     303.34     529.41     529.41     632.81     632.81    1258.49    1258.49
 3    3537.00    4494.94    5331.31    4755.14    4655.51    3964.49    5828.81    6007.25    5766.82    5014.64    4584.50    3788.94    5188.62    6557.84    6695.51    5588.54    4218.17    4218.17    2678.04    2478.70    4942.73    7076.68    7790.15    8338.62    8611.78    6917.56    5728.47
 4    1379.00    1336.92    1438.18    1072.08    1159.87    1557.62    1745.63    1363.73    1393.44    1120.43    1092.69    1431.67    1685.37    1477.09    1107.82     828.62     586.78     586.78     770.36    1607.65    1926.83    1679.00    2164.01    1856.04    1430.24     977.71    1053.05
 1    4109.00    7334.25    7334.25    6715.17    6715.17    5823.51    5823.51    4136.75    4136.75    3351.35    3351.35    3525.52    3525.52    2869.94    2869.94    4653.73    4653.73    6084.54    6084.54   10798.33   10798.33   10357.12   10357.12    6323.86    6323.86    6153.38    6153.38
 2     783.00    1397.00    1397.00    1279.08    1279.08    1109.24    1109.24     787.95     787.95     638.35     638.35     671.53     671.53     546.66     546.66     886.42     886.42    1158.96    1158.96    2056.82    2056.82    1972.78    1972.78    1204.54    1204.54    1172.07    1172.07
 3    3537.00    4717.65    4814.03    4532.07    4848.67    4938.37    4304.22    3879.30    4085.23    4264.90    4718.78    4642.33    3977.87    5663.51    7704.87    9340.50   10132.68   12318.71   12663.03   12423.91   11140.70   10018.73    7233.63    6472.34    5015.03    5417.09    4559.18
 4    1379.00    1439.69    1346.88    1335.83    1321.78    1121.06    1097.11     994.37    1008.59    1270.13    1111.72    1102.28    1738.49    2080.16    2442.67    3342.80    3055.33    2924.21    2832.91    2835.85    2358.06    1732.80    1342.91    1252.32    1093.83    1260.89     895.13
 1    4109.00    6598.28    6598.28    5414.64    5414.64    4204.20    4204.20    3568.03    3568.03    2085.93    2085.93    2395.47    2395.47    7086.62    7086.62    6904.13    6904.13    1939.94    1939.94    3420.19    3420.19    2148.76    2148.76    3661.81    3661.81    5877.56    5877.56
 2     783.00    1256.82    1256.82    1031.36    1031.36     800.80     800.80     679.62     679.62     397.32     397.32     456.28     456.28    1349.83    1349.83    1315.07    1315.07     369.51     369.51     651.46     651.46     409.29     409.29     697.49     697.49    1119.54    1119.54
 3    3537.00    4029.45    4690.79    4461.94    4983.15    5095.68    3970.36    3156.82    2726.04    2705.67    2844.53    3321.13    3304.64    3840.63    3546.08    3315.08    2073.92    2293.67    2526.45    2879.96    3533.24    3135.02    2740.61    3078.90    5833.52   10778.73   13080.66
 4    1379.00    1320.90    1476.55    1377.30    1078.41     697.36     582.80     687.32     722.34     662.05     891.95     782.08     883.25    1069.95     781.23     608.80     731.47     766.46     767.04     706.43     759.83     662.85     864.36    2055.48    3636.26    4069.61    4331.25
 1    4109.00    6513.74    6513.74    5972.74    5972.74    5983.82    5983.82    3499.65    3499.65    3969.50    3969.50    8391.77    8391.77    2191.27    2191.27    4107.64    4107.64    5002.54    5002.54    4073.92    4073.92    3624.85    3624.85    2494.80    2494.80    2692.07    2692.07
 2     783.00    1240.71    1240.71    1137.66    1137.66    1139.78    1139.78     666.60     666.60     756.10     756.10    1598.43    1598.43     417.38     417.38     782.41     782.41     952.86     952.86     775.98     775.98     690.45     690.45     475.20     475.20     512.78     512.78
 3    3537.00    4205.42    4587.02    4521.64    4341.96    5514.28    5839.53    5266.82    8805.16   11077.32   10604.50    9943.85    7108.16    4965.75    4147.83    4168.93    4261.86    3864.86    2970.61    3158.20    3495.58    2660.34    2963.23    4048.85    5222.38    8847.10   11713.19
 4    1379.00    1202.19    1333.66    1289.30    1764.98    1538.64    1426.35    2814.42    2892.50    2351.82    2051.44    1422.47     798.01     665.97    1040.49    1013.93     839.04     680.91     746.12     754.29     765.14     877.79    1245.59    1624.34    2781.42    2891.53    2521.07
 1    4109.00    4747.51    4747.51    3067.22    3067.22    3680.29    3680.29    3762.53    3762.53    2004.62    2004.62    1171.17    1171.17    1512.13    1512.13    6549.31    6549.31    5642.41    5642.41    3671.51    3671.51    1948.25    1948.25    3106.03    3106.03    5437.74    5437.74
 2     783.00     904.29     904.29     584.23     584.23     701.01     701.01     716.67     716.67     381.83     381.83     223.08     223.08     288.02     288.02    1247.49    1247.49    1074.74    1074.74     699.34     699.34     371.10     371.10     591.62     591.62    1035.76    1035.76
 3    3537.00    4681.72    5264.65    5045.90    5314.19    4449.68    4757.70    3775.15    3775.15    3775.15    3775.15    2359.55    2544.38    4336.77    6474.23    5427.46    6879.03    6380.80    4977.42    4456.45    3953.14    4586.61    5165.85    7671.21    5648.47    6548.20    6090.17
 4    1379.00    1309.53    1405.05    1166.56    1015.30     821.00     811.13     532.62     532.62     532.62     532.62     737.76    1353.36    1474.25    1505.42    1538.19    1612.54    1183.11    1044.63     915.52    1134.06    1579.95    1681.34    1603.31    1283.27    1650.44    1183.85
 1    4109.00    7429.88    7429.88   13337.02   13337.02    3798.10    3798.10    4374.22    4374.22    3781.01    3781.01    2428.73    2428.73    3600.37    3600.37    4834.37    4834.37    8110.87    8110.87   11657.65   11657.65    5373.06    5373.06    5201.66    5201.66    5040.88    5040.88
 2     783.00    1415.22    1415.22    2540.38    2540.38     723.45     723.45     833.18     833.18     720.19     720.19     462.62     462.62     685.78     685.78     920.83     920.83    1544.93    1544.93    2220.50    2220.50    1023.44    1023.44     990.79     990.79     960.17     960.17
 3    3537.00    4724.57    5081.40    4935.33    4017.48    3221.70    3095.19    4972.19    4664.07    4629.20    3698.33    3272.98    4188.68    5241.06    4853.99    5475.69    6278.41    6707.62    5918.23    5450.86    4536.57    3074.64    4710.61    6571.75    5856.37    7474.16    9442.26
 4    1379.00    1262.75    1478.86    1368.63     973.79    1047.21    1451.04    1409.57    1028.13     782.00     804.66    1096.06    1325.89    1310.17    1658.60    1688.98    1493.05    1669.43    1458.33    1048.11    1277.65    1519.21    1635.65    1723.74    2296.93    2170.75    1952.65
 1    4109.00    5042.27    5042.27    4304.92    4304.92    4735.96    4735.96    7000.69    7000.69    3196.58    3196.58    3213.21    3213.21    6220.83    6220.83   12426.41   12426.41    8588.12    8588.12    9350.88    9350.88    5687.22    5687.22    7425.73    7425.73    5777.31    5777.31
 2     783.00     960.43     960.43     819.98     819.98     902.09     902.09    1333.46    1333.46     608.87     608.87     612.04     612.04    1184.92    1184.92    2366.94    2366.94    1635.83    1635.83    1781.12    1781.12    1083.28    1083.28    1414.42    1414.42    1100.44    1100.44
 3    3537.00    4381.66    4526.97    4617.00    4190.48    5450.86    5380.16    4680.76    4268.85    4321.55    4942.40    4480.76    6502.78    9809.27   10036.58    8608.26    8010.26    6419.19    5931.94    4902.07    5157.05    6299.24    6238.54    4953.66    3667.43    2851.20    2595.20
 4    1379.00    1331.06    1066.09    1173.22    1517.86    1405.39    1095.95    1071.60    1180.80    1085.71    1203.49    2213.41    2614.76    2543.65    2210.01    1797.00    1900.36    1549.90    1260.77    1651.64    2023.70    1721.75    1070.07     740.93     602.97     753.54     727.55
 1    4109.00    6045.73    6045.73    5436.35    5436.35    6435.66    6435.66    6527.60    6527.60    4426.42    4426.42    3077.38    3077.38    5314.39    5314.39    3935.78    3935.78    4197.73    4197.73    4553.01    4553.01    7343.95    7343.95   10547.00   10547.00    6781.24    6781.24
 2     783.00    1151.57    1151.57    1035.50    1035.50    1225.84    1225.84    1243.35    1243.35     843.13     843.13     586.17     586.17    1012.26    1012.26     749.67     749.67     799.57     799.57     867.24     867.24    1398.85    1398.85    2008.95    2008.95    1291.66    1291.66
 3    3537.00    4738.63    5593.31    4896.62    4538.46    4569.99    4905.43    5235.33    5835.48    5496.75    6528.10    6946.02    6628.79    5437.52    4446.35    4153.89    3697.68    4191.71    6582.15    7288.75    6479.17    6191.16    4684.25    5703.06    4984.37    5754.96    6057.78
 4    1379.00    1350.07    1355.77    1116.51    1119.06    1417.48    1671.11    1562.27    1527.48    1526.46    1994.68    1432.31     963.72     803.30     857.00     906.14    1355.26    1953.81    2008.50    1384.39    1167.39    1274.81    1376.54    1652.03    1820.81    1858.52    1537.70
 1    4109.00    4071.14    4071.14    2107.18    2107.18    5316.70    5316.70    2662.04    2662.04    2914.76    2914.76    3471.01    3471.01    5979.67    5979.67   10231.91   10231.91    2517.44    2517.44    2498.03    2498.03    4218.98    4218.98    7501.03    7501.03    7939.47    7939.47
 2     783.00     775.46     775.46     401.37     401.37    1012.70    1012.70     507.06     507.06     555.19     555.19     661.14     661.14    1138.98    1138.98    1948.94    1948.94     479.51     479.51     475.82     475.82     803.62     803.62    1428.77    1428.77    1512.28    1512.28
 3    3537.00    3945.48    4842.73    5041.83    4238.76    4160.19    3390.63    3742.75    3538.12    4204.74    5032.38    6285.96    6203.34    6338.37    5328.07    5277.59    3640.05    1846.31    3967.32    4374.34    5924.98    6841.74    5773.10    5512.24    5853.42    5676.77    5364.63
 4    1379.00    1197.83    1214.94     857.27     762.42     921.74     786.95     909.15    1100.46    1342.99    1483.10    1482.39    1584.64    1461.10    1067.96     810.51     689.02     990.47    1435.00    1707.26    1490.30    1135.40    1455.40    1533.34    1680.82    1374.76     973.27
 1    4109.00    3558.79    3558.79    3106.03    3106.03    4601.98    4601.98    2032.80    2032.80    3869.25    3869.25    4587.66    4587.66    2614.92    2614.92    4403.78    4403.78    2620.00    2620.00    1661.81    1661.81    1525.06    1525.06    4672.21    4672.21    6835.29    6835.29
 2     783.00     677.86     677.86     591.62     591.62     876.57     876.57     387.20     387.20     737.00     737.00     873.84     873.84     498.08     498.08     838.82     838.82     499.05     499.05     316.54     316.54     290.49     290.49     889.94     889.94    1301.96    1301.96
 3    3537.00    4986.37    5590.11    5571.87    5867.30    5953.81    5042.15    4569.63    4394.51    5166.42    4902.20    4465.87    3288.27    4158.06    4745.05    5231.61    4333.06    3966.61    4490.75    5279.66    6350.41    7379.32    8288.52    8850.99    6369.43    4386.10    3189.49
 4    1379.00    1433.37    1369.19    1312.91    1288.81    1117.99     920.14    1024.07    1186.77    1134.60     928.39     821.19     974.09    1275.40    1076.32     962.08     818.90    1056.19    1396.18    1605.52    1938.46    2009.68    1507.88    1168.64     765.51     802.36    1160.91
 1    4109.00    3439.59    3439.59    7865.09    7865.09    9523.21    9523.21   10293.82   10293.82    7231.69    7231.69    2689.30    2689.30    7069.99    7069.99    6929.54    6929.54    3963.96    3963.96    3527.37    3527.37    5639.63    5639.63    6143.68    6143.68    7412.33    7412.33
 2     783.00     655.16     655.16    1498.11    1498.11    1813.94    1813.94    1960.73    1960.73    1377.46    1377.46     512.25     512.25    1346.66    1346.66    1319.91    1319.91     755.04     755.04     671.88     671.88    1074.22    1074.22    1170.22    1170.22    1411.87    1411.87
 3    3537.00    5512.07    5810.28    5696.35    5306.52    4846.76    5653.23    7253.86    4998.70    4238.96    5770.11    5789.74    6466.74    5222.27    4423.63    4658.68    4662.01    4372.05    4434.25    4060.66    4608.99    4716.28    4669.18    4658.78    4088.48    3633.27    4185.14
 4    1379.00    1560.79    1440.55    1337.42    1483.16    2120.08    1727.32    1519.74    1490.46    1710.36    1615.48    1477.07    1030.39     980.71    1211.74    1179.48    1168.56    1058.92    1018.91    1106.12    1041.38    1218.23    1082.78    1096.72     964.41    1166.45    1143.64
