FL 2019 2020 2021 2022 2023 2024 2025 2026 2027 2028 2029 2030 2031 2032 2033 2034 2035 2036 2037 2038 2039 2040 2041 2042 2043 2044 2045
 1  0.7288134  0.6828411  0.6580783  0.6510774  0.6611160  0.7000358  0.6957470  0.6933304  0.6820536  0.6752889  0.6822605  0.6847068  0.6812595  0.6671423  0.6668387  0.6786115  0.6729545  0.6399828  0.6418555  0.6727533  0.7005925  0.7088019  0.7103878  0.7136329  0.6942886  0.6581901  0.6507473
 2  0.5725724  0.5257627  0.5117390  0.5081550  0.5611767  0.5971237  0.5961977  0.5711211  0.5185655  0.4829216  0.4901475  0.5302051  0.5468686  0.5337382  0.5260229  0.5436476  0.5532526  0.5241957  0.5265871  0.5661634  0.5952955  0.6030696  0.5933077  0.5867801  0.5734898  0.5499422  0.5288847
 3  0.7521145  0.7090282  0.6822993  0.6719410  0.6752730  0.7214435  0.7186601  0.7124785  0.6985592  0.6902281  0.6964001  0.7008867  0.7000351  0.6864577  0.6838006  0.6948392  0.6925735  0.6616935  0.6592612  0.6887722  0.7206974  0.7297703  0.7304307  0.7310489  0.7139452  0.6804449  0.6705484
 4  0.4566311  0.4242774  0.4173391  0.4087123  0.5094204  0.5402190  0.4999821  0.4318287  0.3744003  0.3647125  0.4101224  0.4625710  0.4660268  0.4290495  0.4283732  0.4739224  0.4827982  0.4281284  0.4438692  0.5098770  0.5301730  0.5188821  0.4863055  0.4924426  0.5042299  0.4628868  0.4214934
 1  0.7290193  0.6837882  0.6595326  0.6529654  0.6307127  0.6247262  0.6636124  0.6758773  0.6763546  0.6856673  0.6902762  0.6932575  0.6959803  0.6936865  0.7031008  0.7070932  0.7067961  0.7173525  0.7107932  0.7089860  0.6590449  0.5951296  0.6211046  0.6093559  0.6260265  0.6558038  0.6813452
 2  0.5731135  0.5265721  0.5120202  0.5095284  0.4920016  0.5127701  0.5535542  0.5644699  0.5610948  0.5639580  0.5621029  0.5555036  0.5499305  0.5475780  0.5543926  0.5564033  0.5744264  0.5932917  0.5936564  0.5749718  0.5101405  0.4881359  0.5185984  0.5067730  0.5145710  0.5400155  0.5642221
 3  0.7523618  0.7098613  0.6835686  0.6735660  0.6491950  0.6399430  0.6810960  0.6956462  0.6944434  0.7041306  0.7094463  0.7105657  0.7132755  0.7108783  0.7197820  0.7245532  0.7227277  0.7374790  0.7319908  0.7271655  0.6766249  0.6113717  0.6392006  0.6302287  0.6432887  0.6720719  0.6993969
 4  0.4573780  0.4241020  0.4160524  0.4115316  0.4013791  0.4566087  0.4926744  0.4783808  0.4742544  0.4844735  0.4651329  0.4554348  0.4538004  0.4534456  0.4646736  0.4542117  0.5017462  0.5265363  0.4945739  0.4466879  0.4075327  0.4350217  0.4571836  0.4208181  0.4314534  0.4734573  0.4919891
 1  0.7283085  0.6840857  0.6549743  0.6477467  0.6451501  0.6339485  0.6319760  0.6454410  0.6591387  0.6592773  0.6672313  0.6771926  0.6779702  0.6704091  0.6760419  0.6934112  0.6877834  0.6898787  0.6910708  0.6941547  0.6832042  0.6708436  0.6700663  0.6792066  0.6975466  0.6976899  0.6932659
 2  0.5726575  0.5268711  0.5084790  0.5197418  0.5308711  0.5229430  0.5162395  0.5330697  0.5502757  0.5469569  0.5412135  0.5421043  0.5547728  0.5576367  0.5661539  0.5697408  0.5632715  0.5619782  0.5652725  0.5650020  0.5468715  0.5255028  0.5257469  0.5646679  0.5943312  0.5960762  0.5796584
 3  0.7516802  0.7099972  0.6790949  0.6675928  0.6639851  0.6540471  0.6497303  0.6620993  0.6781128  0.6790478  0.6857344  0.6936940  0.6951616  0.6910985  0.6950615  0.7118944  0.7063907  0.7083527  0.7098520  0.7128564  0.7021297  0.6885498  0.6863213  0.6959657  0.7180393  0.7200953  0.7140541
 4  0.4573648  0.4236758  0.4143162  0.4437041  0.4619834  0.4364123  0.4313180  0.4688385  0.4802988  0.4597302  0.4375960  0.4539676  0.4903938  0.4818212  0.4794360  0.4803266  0.4764198  0.4793261  0.4800728  0.4740554  0.4442268  0.4187342  0.4467095  0.5084426  0.5318197  0.5138065  0.4646076
 1  0.7292546  0.6838950  0.6633158  0.6596951  0.6502589  0.6485203  0.6596594  0.6773375  0.6938108  0.7119254  0.7134052  0.7135080  0.7128424  0.7049376  0.7079706  0.7117329  0.7019959  0.6978936  0.6926972  0.6936521  0.6872886  0.6913243  0.6844355  0.6786335  0.6575423  0.6467154  0.6626270
 2  0.5718989  0.5260567  0.5151369  0.5156189  0.5089612  0.5072370  0.5209581  0.5404875  0.5722999  0.5941140  0.5953416  0.5871151  0.5713294  0.5561087  0.5439632  0.5369345  0.5352024  0.5417869  0.5496445  0.5524927  0.5657230  0.5775300  0.5691523  0.5430188  0.5012366  0.4997319  0.5226578
 3  0.7524902  0.7101951  0.6873861  0.6800332  0.6683538  0.6659481  0.6758687  0.6939711  0.7105777  0.7313670  0.7341010  0.7316287  0.7306845  0.7229912  0.7241046  0.7272868  0.7176128  0.7149993  0.7105377  0.7112174  0.7048396  0.7116686  0.7056037  0.6971567  0.6741605  0.6626012  0.6794944
 4  0.4556608  0.4248787  0.4177070  0.4170266  0.4192541  0.4180669  0.4393557  0.4629444  0.5039911  0.5232486  0.4997140  0.4797882  0.4734908  0.4462450  0.4269978  0.4227549  0.4455340  0.4585602  0.4579090  0.4634187  0.4968265  0.5074952  0.4683209  0.4154299  0.3948951  0.4276293  0.4481933
 1  0.7307392  0.6865184  0.6625221  0.6566614  0.6585019  0.6750653  0.6779621  0.6866609  0.6663865  0.6565868  0.6351540  0.5909047  0.6250202  0.6808037  0.6865871  0.6950034  0.6647973  0.6365216  0.6510728  0.6888279  0.6889433  0.6906763  0.6608577  0.6310869  0.5485234  0.6353489  0.6705542
 2  0.5709265  0.5258337  0.5129284  0.5159786  0.5363300  0.5576438  0.5651715  0.5642074  0.5492772  0.5437023  0.5181473  0.4683259  0.5397687  0.5871701  0.5950315  0.5847262  0.5342730  0.4909188  0.5387502  0.5831763  0.5867840  0.5692153  0.5182305  0.4905183  0.4638609  0.5769627  0.5962061
 3  0.7534590  0.7123403  0.6864926  0.6769648  0.6756540  0.6938509  0.6971220  0.7054707  0.6852857  0.6761312  0.6568441  0.6093930  0.6360055  0.7015855  0.7087272  0.7149174  0.6841235  0.6542100  0.6644326  0.7092274  0.7111462  0.7094856  0.6782650  0.6487834  0.5640830  0.6532934  0.6949399
 4  0.4540021  0.4236161  0.4169092  0.4243547  0.4690883  0.4871612  0.4821107  0.4736445  0.4698876  0.4717663  0.4183549  0.3771297  0.5001597  0.5333940  0.5098888  0.4766595  0.4225522  0.3899749  0.4908132  0.5272302  0.4922057  0.4444397  0.4156774  0.4057100  0.4178678  0.5354481  0.5433675
 1  0.7296156  0.6865591  0.6566540  0.6467733  0.6292550  0.6194252  0.6281377  0.6531964  0.6852509  0.6959980  0.6927426  0.6915140  0.6866329  0.6880022  0.6934423  0.6951862  0.6801776  0.6659692  0.6788875  0.6902357  0.6979408  0.7117885  0.7113376  0.6999704  0.6920372  0.6974112  0.7046411
 2  0.5721350  0.5269808  0.5085308  0.5103505  0.5080731  0.5044716  0.5123439  0.5471190  0.5827699  0.5908950  0.5756336  0.5460278  0.5216507  0.5334377  0.5545645  0.5602285  0.5380526  0.5130565  0.5281934  0.5479749  0.5686290  0.5917341  0.5945234  0.5772879  0.5545371  0.5626835  0.5744000
 3  0.7525046  0.7121357  0.6807055  0.6673101  0.6477384  0.6382044  0.6455616  0.6686753  0.7040442  0.7173649  0.7131339  0.7089122  0.7018393  0.7040661  0.7110871  0.7137710  0.6988409  0.6827605  0.6945367  0.7076269  0.7152235  0.7301407  0.7325432  0.7203443  0.7093096  0.7145876  0.7238489
 4  0.4555682  0.4230816  0.4149464  0.4236816  0.4342012  0.4256658  0.4322530  0.4889919  0.5217361  0.5100976  0.4600799  0.4096223  0.4233445  0.4614687  0.4769612  0.4659626  0.4241702  0.4096137  0.4516496  0.4695326  0.4906465  0.5205888  0.5129480  0.4633015  0.4504473  0.4900357  0.4942804
 1  0.7282820  0.6799588  0.6472347  0.6388325  0.6437568  0.6430486  0.6535628  0.6681857  0.6770250  0.6811512  0.6784820  0.6916826  0.7112174  0.7118831  0.7100572  0.7107894  0.6740127  0.6243617  0.6560710  0.7059935  0.7068123  0.7098360  0.7036766  0.6986638  0.6965869  0.6967187  0.6767164
 2  0.5697585  0.5240958  0.5065635  0.5138028  0.5215559  0.5139099  0.5039568  0.4987839  0.5023190  0.5078693  0.5161969  0.5587845  0.5930317  0.6009384  0.5901268  0.5695862  0.5215587  0.4887922  0.5691668  0.6086330  0.6145086  0.6056117  0.5833292  0.5636049  0.5417116  0.5226551  0.4925628
 3  0.7517544  0.7067786  0.6721449  0.6592891  0.6626048  0.6618361  0.6700859  0.6832246  0.6920547  0.6967825  0.6944006  0.7068978  0.7307113  0.7332573  0.7299913  0.7282178  0.6911970  0.6428555  0.6680188  0.7281741  0.7302936  0.7303853  0.7230776  0.7176393  0.7138671  0.7125876  0.6924689
 4  0.4555172  0.4257960  0.4158866  0.4346024  0.4416224  0.4129504  0.3884468  0.3926110  0.4083094  0.4119388  0.4242450  0.4977101  0.5298805  0.5168225  0.4781000  0.4456951  0.4248838  0.4083978  0.5220766  0.5529164  0.5313822  0.5047292  0.4862552  0.4575646  0.4214596  0.3973760  0.3793608
 1  0.7315684  0.6873634  0.6682189  0.6640412  0.6673140  0.6765431  0.6807269  0.6974116  0.6929263  0.6943814  0.6948652  0.6958540  0.6718479  0.6445992  0.6524651  0.6580866  0.6839919  0.7133822  0.6994576  0.6918007  0.6447106  0.5682098  0.5630890  0.5760339  0.6344977  0.6702265  0.6982691
 2  0.5697771  0.5246284  0.5168214  0.5153002  0.5078985  0.5015461  0.5313692  0.5735163  0.5873134  0.5881544  0.5824873  0.5665090  0.5212951  0.4871894  0.4940424  0.5130812  0.5871623  0.6142551  0.6052306  0.5808926  0.5246210  0.4734809  0.4644017  0.4942194  0.5442795  0.5768850  0.5994009
 3  0.7537993  0.7128878  0.6919267  0.6845978  0.6851151  0.6919639  0.6945173  0.7158024  0.7137259  0.7154280  0.7156009  0.7147394  0.6897967  0.6615494  0.6684670  0.6744180  0.6977345  0.7372268  0.7238837  0.7116462  0.6629414  0.5889920  0.5809404  0.5900957  0.6512215  0.6879855  0.7176033
 4  0.4515532  0.4227631  0.4212376  0.4105802  0.3898773  0.3864697  0.4720526  0.5150173  0.5140422  0.5089068  0.4877609  0.4530201  0.4049418  0.3897005  0.4094517  0.4373057  0.5363346  0.5559004  0.5098717  0.4633179  0.4445294  0.3998559  0.3895426  0.4483704  0.4868246  0.5108478  0.5303060
 1  0.7286303  0.6827316  0.6526867  0.6418949  0.6034112  0.5975049  0.6338570  0.6608539  0.6968539  0.7108389  0.7099171  0.7082733  0.6918638  0.6803047  0.6825766  0.6798339  0.6787360  0.6821917  0.7002995  0.7011370  0.7076039  0.7151781  0.7144945  0.7233848  0.7317545  0.7148302  0.7070866
 2  0.5686480  0.5247601  0.5082043  0.5032204  0.4839330  0.5063287  0.5414602  0.5724847  0.6001671  0.6094089  0.5987593  0.5760212  0.5334361  0.5108816  0.5071983  0.4983641  0.4943506  0.5242155  0.5578368  0.5694118  0.5753064  0.5785830  0.5724628  0.6034428  0.6213801  0.6152458  0.5925668
 3  0.7517398  0.7089221  0.6771127  0.6629931  0.6215262  0.6131858  0.6519509  0.6782973  0.7165464  0.7324477  0.7309082  0.7268445  0.7085785  0.6965193  0.6988966  0.6955238  0.6937015  0.6966681  0.7177688  0.7196951  0.7249234  0.7334498  0.7327920  0.7391606  0.7555857  0.7391227  0.7276185
 4  0.4547156  0.4242532  0.4158110  0.4074337  0.4116239  0.4563127  0.4786329  0.5098319  0.5346202  0.5309778  0.4968411  0.4482605  0.4129562  0.4123521  0.3986919  0.3809971  0.3871345  0.4588894  0.4871025  0.4762029  0.4846640  0.4896206  0.4647380  0.5374637  0.5605138  0.5254538  0.4615781
 1  0.7290541  0.6815356  0.6510184  0.6467806  0.6608709  0.6510728  0.6557140  0.6676087  0.6752716  0.6737839  0.6870365  0.6938187  0.6934138  0.6970812  0.7121013  0.7138387  0.7074320  0.6962587  0.6893983  0.6862461  0.6535437  0.6296153  0.6451812  0.6338271  0.6621663  0.6913668  0.6930808
 2  0.5720311  0.5252907  0.5084337  0.5305084  0.5493171  0.5357278  0.5125785  0.4981505  0.5054222  0.5257826  0.5563056  0.5659480  0.5571895  0.5606581  0.5824760  0.5969961  0.5945219  0.5803159  0.5555502  0.5216103  0.4737181  0.4853888  0.5292165  0.5352038  0.5702389  0.5879738  0.5819594
 3  0.7524456  0.7079812  0.6756175  0.6661625  0.6806500  0.6720181  0.6732945  0.6823536  0.6902659  0.6900736  0.7043847  0.7127233  0.7118538  0.7131225  0.7304160  0.7338510  0.7284380  0.7172420  0.7084950  0.7030613  0.6691042  0.6440687  0.6628119  0.6538375  0.6797431  0.7118435  0.7138771
 4  0.4569095  0.4252592  0.4174370  0.4635905  0.4797616  0.4312007  0.3766817  0.3906352  0.4252428  0.4553092  0.4820773  0.4781400  0.4472198  0.4782333  0.5137815  0.5218983  0.5134434  0.4821891  0.4337593  0.3844708  0.3669719  0.4313434  0.4703320  0.4671235  0.5062104  0.5162350  0.4795244
 1  0.7304056  0.6862981  0.6641605  0.6588506  0.6587309  0.6663817  0.6777901  0.6928023  0.6838902  0.6744008  0.6859323  0.6949863  0.7069583  0.6979512  0.6928961  0.6951039  0.6803312  0.6665590  0.6792147  0.6791186  0.6773590  0.6766782  0.6842350  0.6900608  0.6740944  0.6608459  0.6687598
 2  0.5719358  0.5261459  0.5136626  0.5143324  0.5185872  0.5267915  0.5448979  0.5579306  0.5436935  0.5232881  0.5291899  0.5651744  0.5915599  0.5925685  0.5821565  0.5714144  0.5470031  0.5314049  0.5423940  0.5416200  0.5300686  0.5238262  0.5362718  0.5467331  0.5367549  0.5228680  0.5386130
 3  0.7532408  0.7121606  0.6880583  0.6791606  0.6764942  0.6836100  0.6942489  0.7106551  0.7028314  0.6909215  0.7020132  0.7110341  0.7270285  0.7200816  0.7130927  0.7143427  0.6995491  0.6838317  0.6968328  0.6975201  0.6945924  0.6931950  0.7003721  0.7078881  0.6928786  0.6782830  0.6856013
 4  0.4545313  0.4234454  0.4162908  0.4178116  0.4322268  0.4410439  0.4671433  0.4741962  0.4313554  0.4171771  0.4425112  0.5021052  0.5285887  0.5090507  0.4882884  0.4767142  0.4440102  0.4456563  0.4610551  0.4451262  0.4243716  0.4263915  0.4565692  0.4637137  0.4379495  0.4320258  0.4661824
 1  0.7281665  0.6808930  0.6550596  0.6506002  0.6518080  0.6504430  0.6544969  0.6598589  0.6462724  0.6416412  0.6626614  0.6984120  0.7061511  0.7135054  0.6966643  0.6868459  0.6851722  0.6835592  0.6771841  0.6533822  0.6793994  0.6874570  0.6875296  0.6965978  0.7093107  0.7008959  0.6855425
 2  0.5709774  0.5244168  0.5112718  0.5193165  0.5246041  0.5199010  0.5102500  0.5012320  0.5096838  0.5382008  0.5805830  0.6038868  0.6131188  0.6093696  0.5801082  0.5464286  0.5173649  0.5152220  0.5337975  0.5511657  0.5759233  0.5801918  0.5693980  0.5815710  0.5938536  0.5891378  0.5648998
 3  0.7515019  0.7073161  0.6795090  0.6709538  0.6705351  0.6690217  0.6715832  0.6760408  0.6614608  0.6597475  0.6801388  0.7197050  0.7282211  0.7354199  0.7174630  0.7049894  0.7018149  0.6986289  0.6940945  0.6722793  0.6991109  0.7080943  0.7065327  0.7136369  0.7304588  0.7219316  0.7050887
 4  0.4557197  0.4247425  0.4188187  0.4354809  0.4430369  0.4245830  0.4046341  0.3980795  0.4467759  0.4838084  0.5206013  0.5407583  0.5377016  0.5204207  0.4684782  0.4246718  0.3950877  0.4281821  0.4687342  0.4891260  0.5067883  0.4919763  0.4719030  0.5119497  0.5231642  0.4958303  0.4694962
 1  0.7281973  0.6811210  0.6556060  0.6477300  0.6501529  0.6786218  0.6880068  0.6936124  0.6959968  0.7004212  0.7067551  0.7133228  0.6982405  0.6780511  0.6699502  0.6717273  0.6834143  0.6942729  0.7076973  0.6901511  0.6867038  0.6919495  0.6754074  0.6594251  0.6726304  0.6919786  0.7041683
 2  0.5743464  0.5256035  0.5116061  0.5061395  0.5260043  0.5575920  0.5683406  0.5582373  0.5316900  0.5014631  0.4926596  0.5256197  0.5483312  0.5495333  0.5468204  0.5468939  0.5500657  0.5767932  0.5970930  0.5870263  0.5697430  0.5486571  0.5221333  0.5219434  0.5591118  0.6001747  0.6081395
 3  0.7516029  0.7071254  0.6797605  0.6689839  0.6667792  0.6961859  0.7074258  0.7116031  0.7121972  0.7148674  0.7196467  0.7279078  0.7158402  0.6976334  0.6893725  0.6897109  0.7017658  0.7102965  0.7285030  0.7135305  0.7067574  0.7090699  0.6921915  0.6760483  0.6899029  0.7106859  0.7284879
 4  0.4584144  0.4238650  0.4205715  0.4056303  0.4558131  0.4928819  0.4792925  0.4375934  0.3908831  0.3504072  0.3902363  0.4482548  0.4736619  0.4687459  0.4561223  0.4638228  0.4578153  0.5082867  0.5356965  0.4983253  0.4509807  0.4315821  0.4280654  0.4524471  0.4990488  0.5423654  0.5416122
 1  0.7281184  0.6804225  0.6502615  0.6408213  0.6055679  0.5970725  0.6539498  0.6673499  0.6603868  0.6508108  0.6594115  0.6754629  0.6804007  0.6778335  0.6346153  0.5922508  0.6474056  0.6808613  0.6913179  0.7116746  0.7102018  0.7074756  0.6777248  0.6475272  0.6597399  0.6704706  0.6787279
 2  0.5729084  0.5253939  0.5085433  0.5059437  0.4862744  0.5203601  0.5689847  0.5771753  0.5566268  0.5367165  0.5537871  0.5775461  0.5812225  0.5672873  0.5118239  0.4935913  0.5574059  0.5820211  0.5956999  0.6017617  0.5930529  0.5684233  0.5030063  0.4620385  0.4913528  0.5319120  0.5475327
 3  0.7517145  0.7069668  0.6749065  0.6619578  0.6241373  0.6107029  0.6726820  0.6890921  0.6815444  0.6695567  0.6759123  0.6955143  0.7022397  0.6984459  0.6540760  0.6077976  0.6625536  0.7017451  0.7106109  0.7318382  0.7310826  0.7257090  0.6942474  0.6628327  0.6740333  0.6874689  0.6972961
 4  0.4576816  0.4254499  0.4177444  0.4136441  0.4107661  0.4782302  0.5148788  0.5009076  0.4605190  0.4470287  0.4943294  0.5169960  0.5009852  0.4650977  0.4117292  0.4392321  0.5086253  0.5130380  0.5157831  0.5234269  0.4923399  0.4314167  0.3605252  0.3612532  0.4277410  0.4659237  0.4565152
 1  0.7289669  0.6799096  0.6514159  0.6453118  0.6511522  0.6619318  0.6678005  0.6739943  0.6828867  0.6947616  0.7066718  0.7192385  0.7250031  0.7157663  0.6968912  0.6891865  0.6950653  0.7042671  0.6945048  0.6831118  0.6884467  0.6863681  0.6835907  0.6859461  0.6993522  0.7100524  0.7104590
 2  0.5742236  0.5244783  0.5099565  0.5213192  0.5444379  0.5556031  0.5505755  0.5262899  0.4948683  0.4787030  0.5239532  0.5965603  0.6166587  0.6108412  0.5660916  0.5170793  0.4935678  0.5004583  0.5306380  0.5587273  0.5750962  0.5706986  0.5544827  0.5444891  0.5545143  0.5742535  0.5849206
 3  0.7523603  0.7061980  0.6759076  0.6657368  0.6692198  0.6820262  0.6875697  0.6911534  0.6979108  0.7079399  0.7197499  0.7369526  0.7483764  0.7380756  0.7157721  0.7053407  0.7092718  0.7179419  0.7102003  0.7012048  0.7086496  0.7067331  0.7022926  0.7028950  0.7158898  0.7273057  0.7296980
 4  0.4578898  0.4245232  0.4214760  0.4446426  0.4815148  0.4811308  0.4422198  0.3885749  0.3453008  0.3565825  0.4659411  0.5428357  0.5483682  0.5023549  0.4228154  0.3719043  0.3717649  0.4083103  0.4593198  0.4951310  0.4998320  0.4759122  0.4469671  0.4478593  0.4714830  0.4984812  0.5072810
 1  0.7287269  0.6811145  0.6528909  0.6446645  0.6498140  0.6692883  0.6625718  0.6509109  0.6625304  0.6653760  0.6737044  0.6745018  0.6729076  0.6764736  0.6607534  0.6426256  0.6830607  0.7124236  0.7062374  0.7034531  0.6828498  0.6672831  0.6740761  0.6837254  0.6751309  0.6678578  0.6747442
 2  0.5719461  0.5247374  0.5100229  0.5056952  0.5112589  0.5315683  0.5428781  0.5495447  0.5588059  0.5635798  0.5726628  0.5711699  0.5595501  0.5443360  0.5273756  0.5336933  0.5942206  0.6150591  0.6093600  0.5835072  0.5185333  0.4611736  0.4739544  0.5364509  0.5701011  0.5733540  0.5844761
 3  0.7520538  0.7075128  0.6774287  0.6659415  0.6675758  0.6854153  0.6805605  0.6699645  0.6826628  0.6846045  0.6927326  0.6959956  0.6933247  0.6940524  0.6781146  0.6601287  0.6990191  0.7358262  0.7295405  0.7229519  0.6997706  0.6819993  0.6869583  0.6998917  0.6943951  0.6896721  0.6953177
 4  0.4562514  0.4249534  0.4191956  0.4072097  0.4203561  0.4554818  0.4751345  0.4836518  0.4832381  0.4873458  0.5063403  0.4930260  0.4546534  0.4401591  0.4473823  0.4723471  0.5394676  0.5516800  0.5119953  0.4447931  0.3606867  0.3221534  0.4053588  0.4814614  0.5093470  0.5070930  0.5095987
 1  0.7276935  0.6809570  0.6487641  0.6385527  0.6377445  0.6500873  0.6637456  0.6698118  0.6754455  0.6866618  0.6985682  0.7034340  0.7038798  0.7122709  0.7229972  0.7137147  0.6801117  0.6590902  0.6799781  0.6883619  0.6801037  0.6710745  0.6234873  0.5414400  0.5245440  0.6850139  0.6887981
 2  0.5721492  0.5253584  0.5064617  0.5099343  0.5245776  0.5426137  0.5485796  0.5390965  0.5323473  0.5454814  0.5608971  0.5654081  0.5637227  0.5901252  0.6058800  0.5989844  0.5381191  0.4991522  0.5405247  0.5647297  0.5584348  0.5321795  0.4843105  0.4572831  0.5250282  0.6020940  0.6091095
 3  0.7511928  0.7072493  0.6733035  0.6592115  0.6556464  0.6684421  0.6828890  0.6878415  0.6917476  0.7030991  0.7163523  0.7213103  0.7210520  0.7291284  0.7447283  0.7352411  0.6989723  0.6741448  0.6953681  0.7080255  0.7006240  0.6892978  0.6402070  0.5584967  0.5220356  0.7116914  0.7149063
 4  0.4573467  0.4243489  0.4158562  0.4280625  0.4572035  0.4734884  0.4589285  0.4316754  0.4386765  0.4697479  0.4779885  0.4669916  0.4692967  0.5248537  0.5365063  0.4884988  0.3859021  0.4068983  0.4857879  0.4949524  0.4534581  0.4117066  0.4029817  0.4037937  0.5025271  0.5512410  0.5273082
 1  0.7285885  0.6862115  0.6625310  0.6594365  0.6525888  0.6441244  0.6678198  0.6799270  0.6353107  0.5913858  0.6248911  0.6743007  0.6808318  0.6897429  0.6799262  0.6580991  0.6776652  0.6878942  0.6885689  0.7012628  0.7153448  0.7101934  0.7063252  0.7052055  0.6971092  0.6961599  0.7134448
 2  0.5713707  0.5273137  0.5120768  0.5236334  0.5298844  0.5359891  0.5538630  0.5545694  0.4968986  0.4475303  0.5190423  0.5697808  0.5784170  0.5775143  0.5653686  0.5571823  0.5701117  0.5704505  0.5576376  0.5735798  0.5930906  0.5925192  0.5747598  0.5469029  0.5036865  0.5202592  0.5698923
 3  0.7516385  0.7118951  0.6862780  0.6789713  0.6713740  0.6627643  0.6857589  0.6989071  0.6545324  0.6077639  0.6369743  0.6932702  0.7020308  0.7077680  0.6991519  0.6784018  0.6969756  0.7076467  0.7065530  0.7171614  0.7355074  0.7310066  0.7251190  0.7221045  0.7122657  0.7090117  0.7312045
 4  0.4556943  0.4230688  0.4136233  0.4422979  0.4569924  0.4626234  0.4768834  0.4562146  0.3800106  0.3609092  0.4785686  0.5150198  0.4872908  0.4845875  0.4928650  0.4848391  0.4925893  0.4746085  0.4514803  0.5036399  0.5242451  0.4974349  0.4546127  0.4074196  0.3541654  0.4579787  0.5108732
 1  0.7287496  0.6819100  0.6537829  0.6447067  0.5683923  0.4336598  0.6673606  0.5891307  0.5511894  0.5606163  0.5866941  0.6690241  0.6781799  0.6874214  0.6983683  0.7046455  0.7097648  0.7082651  0.7004992  0.6984630  0.7057340  0.7051170  0.6957840  0.6982230  0.7108575  0.7135737  0.7168629
 2  0.5722266  0.5255809  0.5094739  0.5017106  0.4346437  0.4346995  0.5914698  0.5229329  0.5016131  0.5074744  0.5506540  0.5906945  0.5909237  0.5751387  0.5641876  0.5716956  0.5764026  0.5725128  0.5555559  0.5539075  0.5600996  0.5498473  0.5228943  0.5330199  0.5634844  0.5843582  0.5931609
 3  0.7522206  0.7084508  0.6783009  0.6658516  0.5881003  0.4319014  0.6911061  0.6142665  0.5680583  0.5788792  0.5976634  0.6911471  0.7008900  0.7055614  0.7151115  0.7227432  0.7286582  0.7266603  0.7178103  0.7154736  0.7236494  0.7224989  0.7112832  0.7127545  0.7280539  0.7319966  0.7362509
 4  0.4567510  0.4252016  0.4155048  0.3985472  0.3391096  0.4326512  0.5441232  0.4693727  0.4622053  0.4633313  0.5129513  0.5317281  0.4908165  0.4591000  0.4772058  0.4948308  0.4876484  0.4649201  0.4522485  0.4699141  0.4667275  0.4239743  0.3955976  0.4579611  0.4936645  0.5059058  0.5086062
 1  0.7314508  0.6877703  0.6633799  0.6588076  0.6524282  0.6509929  0.6536591  0.6560357  0.6448404  0.6663891  0.7041005  0.7042166  0.7015594  0.7065693  0.7039717  0.6960491  0.6803053  0.6696824  0.6335510  0.5926153  0.6537239  0.6530182  0.6276963  0.5976627  0.6026245  0.6270287  0.6448297
 2  0.5718119  0.5257133  0.5129573  0.5284405  0.5486857  0.5534104  0.5434532  0.5126323  0.4837848  0.5592580  0.5997977  0.6036590  0.5801070  0.5574798  0.5574425  0.5648016  0.5554617  0.5379732  0.5090280  0.5249877  0.5683656  0.5653405  0.5263614  0.4935945  0.5112556  0.5387496  0.5695992
 3  0.7538355  0.7131425  0.6872165  0.6785761  0.6706655  0.6721663  0.6744365  0.6737209  0.6595675  0.6790744  0.7253397  0.7264517  0.7206993  0.7226290  0.7203310  0.7156459  0.7004814  0.6881810  0.6522216  0.6061668  0.6741210  0.6755830  0.6478861  0.6169082  0.6179012  0.6454269  0.6624257
 4  0.4534029  0.4224447  0.4192124  0.4520752  0.4902349  0.4816823  0.4332189  0.3732781  0.3945606  0.5185930  0.5413399  0.5074160  0.4481657  0.4434025  0.4855629  0.4896965  0.4576397  0.4400735  0.4296341  0.4848354  0.5131512  0.4812114  0.4374888  0.4142219  0.4572444  0.4826535  0.5101946
 1  0.7320621  0.6913670  0.6671462  0.6589496  0.6599205  0.6698133  0.6804454  0.6977525  0.7033319  0.7102776  0.7114907  0.7121193  0.7055479  0.6964220  0.6970493  0.6968233  0.6586969  0.5940522  0.5077042  0.6704170  0.6723071  0.6922063  0.6924581  0.6996492  0.6963851  0.6991186  0.7093431
 2  0.5746545  0.5282665  0.5128295  0.5101466  0.5129655  0.5171521  0.5305302  0.5506763  0.5736258  0.5893589  0.5914186  0.5839694  0.5644211  0.5488987  0.5381634  0.5288722  0.4915178  0.4473419  0.5125764  0.5833335  0.6017535  0.6037526  0.5968322  0.5787737  0.5564935  0.5693883  0.5903970
 3  0.7544364  0.7163070  0.6905889  0.6794184  0.6776519  0.6865868  0.6961644  0.7139107  0.7206777  0.7298151  0.7317650  0.7305738  0.7234728  0.7143247  0.7139050  0.7131102  0.6757730  0.6114851  0.5018349  0.6999067  0.6960693  0.7161108  0.7147326  0.7181498  0.7134113  0.7163738  0.7288537
 4  0.4545522  0.4216404  0.4160205  0.4109590  0.4193799  0.4208624  0.4439456  0.4703863  0.5015884  0.5153518  0.4980583  0.4779333  0.4640426  0.4456851  0.4290795  0.4161559  0.3864308  0.3653638  0.4979429  0.5329510  0.5366586  0.5312969  0.4951113  0.4614200  0.4623815  0.5001861  0.5221303
 1  0.7287904  0.6835439  0.6570801  0.6499680  0.6525563  0.6673878  0.6794057  0.6857011  0.6521744  0.6378903  0.6663746  0.6957685  0.7001413  0.7049474  0.6683210  0.6403119  0.6524786  0.6617276  0.6797912  0.6885138  0.6951759  0.7051073  0.7088538  0.7060036  0.7005211  0.6981967  0.7079266
 2  0.5701777  0.5258088  0.5105970  0.5088784  0.5181092  0.5361274  0.5438027  0.5353115  0.5072239  0.5288611  0.5716970  0.5906811  0.5889354  0.5728768  0.5168351  0.4923866  0.5102220  0.5363841  0.5603109  0.5709136  0.5770304  0.5877126  0.5903107  0.5799016  0.5537934  0.5289794  0.5274250
 3  0.7520664  0.7099026  0.6814187  0.6705903  0.6700598  0.6845475  0.6972853  0.7026502  0.6678389  0.6549205  0.6840563  0.7156499  0.7204114  0.7233081  0.6860865  0.6567167  0.6690597  0.6785190  0.6977906  0.7076035  0.7136306  0.7241170  0.7292173  0.7256119  0.7183441  0.7138956  0.7227590
 4  0.4552733  0.4248972  0.4147913  0.4126814  0.4374580  0.4601382  0.4489252  0.4153330  0.4288601  0.4757324  0.5083422  0.5160591  0.4921818  0.4530795  0.4037366  0.4102985  0.4353900  0.4671577  0.4883751  0.4878958  0.4953785  0.5120902  0.5057271  0.4729643  0.4242664  0.4076220  0.4280588
 1  0.7295185  0.6835816  0.6586303  0.6568020  0.6604356  0.6511866  0.6231960  0.6490496  0.6424624  0.6251963  0.6449238  0.6556301  0.6255937  0.5929381  0.6477711  0.6869458  0.6744589  0.6650082  0.6527350  0.6483684  0.6632835  0.6768914  0.6917611  0.7040864  0.6847998  0.6617362  0.6650890
 2  0.5718653  0.5252527  0.5121162  0.5308094  0.5474167  0.5409066  0.5354289  0.5677641  0.5572874  0.5355027  0.5478466  0.5573238  0.5354101  0.5275203  0.5831042  0.6004436  0.5830069  0.5500602  0.5153764  0.5065610  0.5190112  0.5356787  0.5534269  0.5649124  0.5487464  0.5224213  0.5286180
 3  0.7524887  0.7095319  0.6827504  0.6763954  0.6797080  0.6720800  0.6393976  0.6692907  0.6669608  0.6449222  0.6627875  0.6757603  0.6459021  0.6105880  0.6641633  0.7106286  0.6983867  0.6849361  0.6699914  0.6652416  0.6797511  0.6934024  0.7084518  0.7215459  0.7036334  0.6804661  0.6814492
 4  0.4555759  0.4237087  0.4188549  0.4570572  0.4805272  0.4537380  0.4782185  0.5186948  0.4751072  0.4538468  0.4841966  0.4871162  0.4689713  0.4794890  0.5323385  0.5375674  0.4853025  0.4301418  0.4168112  0.4239211  0.4348789  0.4504235  0.4708660  0.4771912  0.4542131  0.4193486  0.4483308
 1  0.7274045  0.6819251  0.6557306  0.6478120  0.6427451  0.6461471  0.6729778  0.6869997  0.6901105  0.6920268  0.6968556  0.6997552  0.6932586  0.6941241  0.6969963  0.7137780  0.7119924  0.7220273  0.7259995  0.7185189  0.7033168  0.6952676  0.6939511  0.6956462  0.6939675  0.6952886  0.6958829
 2  0.5715916  0.5259799  0.5104334  0.5052146  0.4895537  0.4943830  0.5301089  0.5542907  0.5580207  0.5530309  0.5449970  0.5316285  0.5347373  0.5529044  0.5846538  0.6028385  0.6097679  0.6193706  0.6213072  0.6127422  0.5745550  0.5201101  0.4663301  0.4448489  0.4829863  0.5377191  0.5671699
 3  0.7509238  0.7081733  0.6799728  0.6686995  0.6613216  0.6613861  0.6882541  0.7047820  0.7082344  0.7096511  0.7139571  0.7158889  0.7084650  0.7121999  0.7146492  0.7349201  0.7333628  0.7424323  0.7493343  0.7412000  0.7230237  0.7114700  0.7073855  0.7081483  0.7069989  0.7115553  0.7144363
 4  0.4571408  0.4243994  0.4157493  0.4054528  0.3752333  0.4120490  0.4655218  0.4763240  0.4632610  0.4518885  0.4354891  0.4148810  0.4549344  0.4804528  0.5175122  0.5349892  0.5298067  0.5469138  0.5489245  0.5131611  0.4305564  0.3420486  0.3035878  0.3231448  0.4120937  0.4744133  0.4923437
 1  0.7295224  0.6865847  0.6620317  0.6572482  0.6563487  0.6551602  0.6656693  0.6706908  0.6279731  0.5804903  0.6380897  0.6776146  0.6998246  0.7055093  0.6976677  0.6944799  0.7087181  0.7076371  0.6803655  0.6601671  0.6688385  0.6842525  0.7061273  0.6747952  0.6633125  0.6656905  0.6570461
 2  0.5724896  0.5278014  0.5121985  0.5199234  0.5280891  0.5332786  0.5365970  0.5286960  0.4844628  0.4840316  0.5483669  0.5867697  0.6002381  0.5957408  0.5653882  0.5519841  0.5718720  0.5795847  0.5532118  0.5281333  0.5259670  0.5752454  0.6038673  0.5792264  0.5416669  0.4992518  0.4741480
 3  0.7526309  0.7123651  0.6858916  0.6771272  0.6748148  0.6735615  0.6835388  0.6883782  0.6454474  0.5948370  0.6537521  0.6962158  0.7208483  0.7259361  0.7164867  0.7105197  0.7262365  0.7277185  0.7003693  0.6782837  0.6865002  0.6983229  0.7290313  0.7002066  0.6837196  0.6816408  0.6716798
 4  0.4564538  0.4239397  0.4147232  0.4352628  0.4508219  0.4518301  0.4451631  0.4223784  0.3909652  0.4395818  0.4976168  0.5247489  0.5229139  0.4948026  0.4421327  0.4618952  0.5037872  0.4950706  0.4486060  0.4344258  0.4298106  0.5201692  0.5477517  0.4789966  0.3907512  0.3607542  0.3822860
 1  0.7309671  0.6880999  0.6649616  0.6594317  0.6570482  0.6549582  0.6563902  0.6698288  0.6916611  0.6977296  0.7060911  0.7093670  0.7196683  0.7174752  0.7067053  0.7010021  0.7061554  0.7101082  0.7062089  0.7010503  0.7043269  0.7065933  0.7042634  0.6915893  0.6917693  0.7035593  0.7075920
 2  0.5684563  0.5255169  0.5134942  0.5147301  0.5084599  0.4928386  0.4835833  0.5217457  0.5597066  0.5793372  0.5843454  0.5917957  0.5977609  0.5939086  0.5704780  0.5469149  0.5374716  0.5286672  0.5250187  0.5264375  0.5346492  0.5495119  0.5589435  0.5467643  0.5429660  0.5510801  0.5563663
 3  0.7533426  0.7136188  0.6887158  0.6797286  0.6753866  0.6720287  0.6714041  0.6840835  0.7094739  0.7163534  0.7254139  0.7278219  0.7395712  0.7375728  0.7251620  0.7179611  0.7223229  0.7252629  0.7214048  0.7167322  0.7202574  0.7225735  0.7220992  0.7104763  0.7079588  0.7201698  0.7250373
 4  0.4519946  0.4227639  0.4165791  0.4187202  0.4062238  0.3748438  0.3819972  0.4635354  0.4929523  0.5000160  0.4969423  0.5105370  0.5188401  0.4945283  0.4534241  0.4348664  0.4223616  0.4146295  0.4182057  0.4284112  0.4359369  0.4644490  0.4749486  0.4360891  0.4418162  0.4660998  0.4565848
 1  0.7317671  0.6900097  0.6684424  0.6629450  0.6562119  0.6583688  0.6689000  0.6769768  0.6838014  0.6896989  0.6976811  0.7136757  0.7126040  0.7084024  0.6910329  0.6829855  0.6984200  0.7021145  0.6961218  0.6936040  0.6997830  0.7031577  0.7099072  0.7130218  0.7163011  0.7185698  0.7177275
 2  0.5734793  0.5272679  0.5147640  0.5174445  0.5187473  0.5261486  0.5341876  0.5359254  0.5376099  0.5375549  0.5613621  0.5886325  0.5940280  0.5775934  0.5264525  0.4981330  0.5229952  0.5489739  0.5544785  0.5552167  0.5597067  0.5620352  0.5626542  0.5608792  0.5666264  0.5828998  0.5885240
 3  0.7541083  0.7151179  0.6919037  0.6831014  0.6742874  0.6758875  0.6863403  0.6941247  0.7004657  0.7065656  0.7133955  0.7326630  0.7335698  0.7274797  0.7078923  0.6972423  0.7130714  0.7193995  0.7139523  0.7110786  0.7175480  0.7206895  0.7273732  0.7295241  0.7326617  0.7366926  0.7375979
 4  0.4539986  0.4219226  0.4176765  0.4236053  0.4345282  0.4448517  0.4452102  0.4401220  0.4438140  0.4397758  0.4899177  0.5224109  0.5042866  0.4491464  0.3724863  0.3935852  0.4537971  0.4679977  0.4592461  0.4649280  0.4693019  0.4703085  0.4594793  0.4562076  0.4825783  0.5083077  0.5006655
 1  0.7288535  0.6821393  0.6581966  0.6554708  0.6686074  0.6840318  0.6932037  0.6922924  0.6646360  0.6468013  0.6701809  0.6814044  0.6779445  0.6771804  0.6827264  0.6856266  0.6813871  0.6853533  0.7006728  0.7073523  0.7148673  0.7119312  0.7092125  0.7121843  0.7099686  0.7085628  0.6797302
 2  0.5713388  0.5250791  0.5127231  0.5261104  0.5519738  0.5747495  0.5790993  0.5633555  0.5052775  0.4778592  0.5112814  0.5378687  0.5523585  0.5588125  0.5569210  0.5378915  0.5151891  0.5376034  0.5774423  0.6031789  0.6104229  0.6027494  0.5833681  0.5669674  0.5472962  0.5220184  0.4850379
 3  0.7520863  0.7083627  0.6824182  0.6753944  0.6866791  0.7029904  0.7133752  0.7115336  0.6820385  0.6615608  0.6852398  0.6983058  0.6954259  0.6964158  0.7022625  0.7028698  0.6968066  0.7005161  0.7187866  0.7277152  0.7372167  0.7331270  0.7277094  0.7298510  0.7269733  0.7237923  0.6948713
 4  0.4561338  0.4244854  0.4191422  0.4471783  0.4849212  0.5049748  0.4917161  0.4414482  0.3656727  0.3919941  0.4438719  0.4602341  0.4769644  0.4825493  0.4526524  0.4092551  0.4085502  0.4740155  0.5170171  0.5363447  0.5328506  0.5003181  0.4748712  0.4600530  0.4223563  0.3838766  0.3699076
 1  0.7275399  0.6835386  0.6612276  0.6559034  0.6188587  0.6047099  0.6307524  0.6553171  0.6841323  0.6933700  0.7020599  0.7066763  0.6805001  0.6555875  0.6711666  0.6850596  0.6847920  0.6885543  0.7017669  0.7103024  0.6963407  0.6866222  0.6922964  0.6909872  0.6661421  0.6638174  0.6844954
 2  0.5739787  0.5278422  0.5132253  0.5099380  0.4882825  0.4955600  0.5206846  0.5497416  0.5757951  0.5856409  0.5856904  0.5752536  0.5295603  0.4972689  0.5298493  0.5583734  0.5651918  0.5696582  0.5876272  0.5967647  0.5817180  0.5629756  0.5536258  0.5378451  0.5170682  0.5475406  0.5752782
 3  0.7511398  0.7094119  0.6849824  0.6763845  0.6369559  0.6213907  0.6482959  0.6715467  0.7026061  0.7135244  0.7216972  0.7252257  0.6984842  0.6718728  0.6864447  0.7035075  0.7041707  0.7065821  0.7202130  0.7312344  0.7175466  0.7054492  0.7103529  0.7086969  0.6819916  0.6803852  0.7040707
 4  0.4592037  0.4238584  0.4161745  0.4096330  0.4096322  0.4342375  0.4471299  0.4834090  0.5092087  0.5066429  0.4918042  0.4635383  0.4077704  0.4031985  0.4669709  0.4893693  0.4775865  0.4869749  0.5181943  0.5208451  0.4841008  0.4624677  0.4553404  0.4223385  0.4345250  0.4933404  0.5033490
 1  0.7283414  0.6853366  0.6583429  0.6492937  0.6407549  0.6425442  0.6476040  0.6567222  0.6786209  0.6924595  0.7094501  0.7085751  0.6963688  0.6929393  0.6931070  0.6900933  0.6852796  0.6873459  0.6964488  0.7007387  0.6915609  0.6874072  0.6834422  0.6709769  0.6733913  0.6935179  0.6985326
 2  0.5707404  0.5273625  0.5098260  0.5012157  0.4854224  0.4746949  0.4723879  0.5024703  0.5498244  0.5876898  0.6032845  0.5978505  0.5618058  0.5272038  0.5138600  0.5226355  0.5609242  0.5857569  0.5959309  0.5880688  0.5577785  0.5397510  0.5427802  0.5488724  0.5744827  0.5983872  0.6038156
 3  0.7516474  0.7113379  0.6823936  0.6700645  0.6588546  0.6586085  0.6628672  0.6710407  0.6950789  0.7109023  0.7308626  0.7297459  0.7149001  0.7088966  0.7085493  0.7059446  0.7020730  0.7082574  0.7182994  0.7208032  0.7098896  0.7041896  0.7008083  0.6904882  0.6914285  0.7142482  0.7213670
 4  0.4561331  0.4241758  0.4122324  0.3958364  0.3767109  0.3681669  0.3735240  0.4378539  0.4908569  0.5250202  0.5296868  0.4926981  0.4270474  0.4025814  0.4119516  0.4434498  0.5026236  0.5245243  0.5131289  0.4812591  0.4432084  0.4434669  0.4684818  0.4765831  0.5119249  0.5373445  0.5299701
 1  0.7279220  0.6800847  0.6547058  0.6478020  0.6333149  0.6394167  0.6732519  0.6946321  0.6811335  0.6652727  0.6631561  0.6713685  0.6756600  0.6819239  0.6949679  0.7090765  0.7113902  0.7165701  0.7057210  0.6994115  0.6978402  0.6983510  0.6879597  0.6704649  0.6729377  0.6822419  0.6926874
 2  0.5722626  0.5247952  0.5111559  0.5068668  0.4935087  0.5149496  0.5631992  0.5851579  0.5673517  0.5293350  0.5049777  0.5099807  0.5265479  0.5463950  0.5759124  0.5950482  0.6047676  0.6046331  0.5837816  0.5497446  0.5258891  0.5353790  0.5439318  0.5386243  0.5374107  0.5402775  0.5492896
 3  0.7514597  0.7065687  0.6791189  0.6688640  0.6516310  0.6548601  0.6896446  0.7147029  0.7022523  0.6843926  0.6792407  0.6870585  0.6922861  0.6988115  0.7123028  0.7291118  0.7317879  0.7379786  0.7263500  0.7166505  0.7130408  0.7144835  0.7060110  0.6898240  0.6909860  0.6988932  0.7097126
 4  0.4572140  0.4247517  0.4183409  0.4069261  0.4002852  0.4521210  0.5065022  0.5122131  0.4654108  0.4005681  0.3979984  0.4292901  0.4473396  0.4685002  0.5080750  0.5240086  0.5286485  0.5195238  0.4655341  0.4098459  0.4212642  0.4564459  0.4654738  0.4477571  0.4374938  0.4507264  0.4640504
 1  0.7299583  0.6872006  0.6597951  0.6507557  0.6506419  0.6575221  0.6703536  0.6842097  0.6858159  0.7008395  0.7033718  0.7051557  0.7085394  0.7041936  0.7077139  0.7127638  0.6907765  0.6562013  0.6591100  0.6705630  0.6793544  0.6855194  0.7044559  0.7073664  0.7053151  0.7065292  0.7174203
 2  0.5711477  0.5270822  0.5099292  0.5078540  0.5103275  0.5149065  0.5250287  0.5322381  0.5545321  0.5817219  0.5882059  0.5822916  0.5711307  0.5596662  0.5510847  0.5550075  0.5436576  0.5113651  0.5003099  0.4968381  0.4992410  0.5267993  0.5601864  0.5707771  0.5576764  0.5616975  0.5796370
 3  0.7529014  0.7130919  0.6838873  0.6712114  0.6685807  0.6745740  0.6865370  0.7006368  0.7014721  0.7200197  0.7242915  0.7233292  0.7264600  0.7223621  0.7241137  0.7289725  0.7088681  0.6754418  0.6759836  0.6854756  0.6945770  0.7000057  0.7214292  0.7257889  0.7226848  0.7222419  0.7358540
 4  0.4546550  0.4239010  0.4125046  0.4132534  0.4216532  0.4244787  0.4356110  0.4364471  0.4869546  0.5181318  0.4955518  0.4780307  0.4762865  0.4539260  0.4440450  0.4604253  0.4544534  0.4041377  0.3786731  0.3942999  0.3997969  0.4555200  0.4872739  0.4739372  0.4397053  0.4790393  0.5066782
 1  0.7300844  0.6846528  0.6271592  0.5931106  0.5515340  0.5418319  0.5727085  0.5802244  0.6700646  0.6716570  0.6810307  0.6959301  0.6978325  0.6937452  0.6924058  0.6889085  0.6680488  0.6770487  0.6900795  0.6900732  0.6436762  0.6292728  0.6977131  0.6945788  0.6783934  0.6714172  0.6803030
 2  0.5711411  0.5256631  0.4913651  0.4766202  0.4592253  0.4802193  0.5144822  0.5499689  0.5932577  0.5902562  0.5820275  0.5784815  0.5767397  0.5748189  0.5693190  0.5483538  0.5258422  0.5567452  0.5766628  0.5720958  0.5180889  0.5656247  0.6051808  0.6037769  0.5600587  0.5032108  0.4799442
 3  0.7530262  0.7107667  0.6524223  0.6150102  0.5697856  0.5550361  0.5896507  0.5895072  0.6927489  0.6955325  0.7012684  0.7139708  0.7166620  0.7136844  0.7121601  0.7075271  0.6839882  0.6935819  0.7104776  0.7097260  0.6626554  0.6388809  0.7204654  0.7184934  0.6985379  0.6876932  0.6940570
 4  0.4548105  0.4244444  0.4093176  0.3990229  0.3959376  0.4410691  0.4691197  0.5142578  0.5386397  0.5066584  0.4819158  0.4893410  0.5003335  0.4939493  0.4717571  0.4257815  0.4413473  0.5019081  0.5009097  0.4684969  0.4223374  0.5238306  0.5505792  0.5069701  0.4107067  0.3460541  0.3702234
 1  0.7297766  0.6848170  0.6644293  0.6645721  0.6804569  0.6829993  0.6898610  0.6990426  0.6892257  0.6825517  0.6868292  0.6850437  0.6448737  0.5882560  0.5489954  0.4021035  0.6598695  0.7116003  0.7196179  0.7163574  0.7183527  0.7194514  0.6999446  0.6812693  0.6869107  0.7024105  0.6930251
 2  0.5731114  0.5265539  0.5149400  0.5359419  0.5559221  0.5593306  0.5573380  0.5569489  0.5457035  0.5408887  0.5480877  0.5400244  0.4907445  0.4607537  0.4899949  0.4407235  0.6004121  0.6298480  0.6325436  0.6248489  0.6062815  0.5850306  0.5414675  0.5074730  0.5374832  0.5726919  0.5745567
 3  0.7529155  0.7107291  0.6882212  0.6837162  0.6995900  0.7021713  0.7070675  0.7164341  0.7071116  0.6998184  0.7047277  0.7033304  0.6630773  0.6038489  0.5637865  0.3878568  0.6757521  0.7363339  0.7455415  0.7391687  0.7387151  0.7378715  0.7172155  0.6976894  0.7014572  0.7212058  0.7140616
 4  0.4566960  0.4237589  0.4177869  0.4621229  0.4810762  0.4642043  0.4610257  0.4631167  0.4497184  0.4546590  0.4608109  0.4335291  0.3782815  0.4003540  0.4507137  0.4425273  0.5537933  0.5693521  0.5592989  0.5295535  0.5000537  0.4660627  0.4189655  0.3935976  0.4730071  0.5102905  0.4815695
 1  0.7280549  0.6810653  0.6643079  0.6631738  0.6690175  0.6810364  0.6900236  0.6947967  0.7013420  0.7169354  0.7061201  0.6996548  0.7031935  0.7070029  0.7010078  0.7034019  0.7118129  0.7073514  0.6919045  0.6812376  0.6891369  0.6896017  0.6941221  0.6917430  0.6879565  0.6905656  0.6585316
 2  0.5742871  0.5255907  0.5170640  0.5204285  0.5252353  0.5387815  0.5570938  0.5644178  0.5820579  0.5934447  0.5838467  0.5595850  0.5350328  0.5072696  0.4869966  0.5413807  0.5745110  0.5797783  0.5580291  0.5494013  0.5538818  0.5587780  0.5665592  0.5623665  0.5480857  0.5346064  0.5141808
 3  0.7515398  0.7071526  0.6880808  0.6834226  0.6868452  0.6975651  0.7069208  0.7136677  0.7185994  0.7366973  0.7266099  0.7176821  0.7195134  0.7215277  0.7138719  0.7179127  0.7307779  0.7265491  0.7101695  0.6991471  0.7074956  0.7074001  0.7123278  0.7112673  0.7060103  0.7070415  0.6758996
 4  0.4584217  0.4237373  0.4210756  0.4244413  0.4320297  0.4549167  0.4833278  0.4780819  0.5043826  0.5169969  0.4811854  0.4364614  0.3977850  0.3515150  0.3863840  0.4858024  0.5027669  0.4792145  0.4572935  0.4665802  0.4672890  0.4734186  0.4874877  0.4674242  0.4349208  0.4280815  0.4333385
 1  0.7296925  0.6822010  0.6574134  0.6561218  0.6730453  0.6774631  0.6808334  0.6936931  0.6738416  0.6314912  0.6401839  0.6469473  0.6380695  0.6451936  0.6686681  0.6838141  0.6883070  0.6847735  0.6831724  0.6863758  0.6425355  0.6168182  0.6721166  0.6928591  0.6960882  0.7071344  0.7056586
 2  0.5699182  0.5243568  0.5123744  0.5293712  0.5463665  0.5442613  0.5338025  0.5436977  0.5466500  0.5254147  0.5259830  0.5181632  0.5180441  0.5452906  0.5679810  0.5763536  0.5691484  0.5549797  0.5503416  0.5561513  0.5285258  0.5378581  0.5859005  0.5994587  0.5972460  0.5973059  0.5870031
 3  0.7528275  0.7089000  0.6819736  0.6757707  0.6919849  0.6962546  0.6969890  0.7094244  0.6924945  0.6519447  0.6596255  0.6646703  0.6538964  0.6628996  0.6883677  0.7027846  0.7076268  0.7035282  0.7002272  0.7052976  0.6631046  0.6316803  0.6910847  0.7147781  0.7164772  0.7270014  0.7264287
 4  0.4541773  0.4256261  0.4176179  0.4527944  0.4667118  0.4367017  0.4270726  0.4628515  0.4757674  0.4500449  0.4322019  0.4203883  0.4531952  0.4895679  0.4931052  0.4916232  0.4782449  0.4530344  0.4682940  0.4777731  0.4456614  0.4903506  0.5297535  0.5241658  0.5115048  0.5156937  0.4933820
 1  0.7310651  0.6893144  0.6543817  0.6379622  0.5975463  0.6087030  0.6567172  0.6704581  0.6657436  0.6792258  0.6892795  0.6814768  0.6505685  0.6451051  0.6497569  0.6490920  0.6466217  0.6410565  0.6629794  0.6725422  0.6855441  0.6961634  0.6986589  0.6986442  0.7119900  0.7094170  0.7103316
 2  0.5714015  0.5268909  0.5052932  0.4972989  0.4837388  0.5286056  0.5635904  0.5712439  0.5705160  0.5910072  0.5948453  0.5741992  0.5178910  0.4979318  0.4966322  0.4967153  0.5106041  0.5259608  0.5431368  0.5458623  0.5419711  0.5436644  0.5473427  0.5677619  0.5871818  0.5854916  0.5744343
 3  0.7535218  0.7146189  0.6785160  0.6591259  0.6151254  0.6227031  0.6761549  0.6899928  0.6828947  0.6995992  0.7126130  0.7032569  0.6686033  0.6612812  0.6669893  0.6650508  0.6631455  0.6586943  0.6813384  0.6907017  0.7023329  0.7121502  0.7155057  0.7155243  0.7314884  0.7294013  0.7277945
 4  0.4534606  0.4223056  0.4127037  0.4029185  0.4171194  0.4852942  0.4980565  0.4834191  0.5072320  0.5336576  0.5175884  0.4548760  0.4010685  0.4130688  0.4025687  0.4093704  0.4383413  0.4594289  0.4617037  0.4474907  0.4370093  0.4498959  0.4598762  0.4972594  0.5124040  0.4832535  0.4634856
 1  0.7294815  0.6844867  0.6550815  0.6451617  0.6336257  0.6385462  0.6618854  0.6893326  0.6984379  0.7055878  0.6809224  0.6550653  0.6509821  0.6471476  0.6581756  0.6421049  0.6613244  0.6764210  0.6916526  0.6989050  0.6910689  0.6964797  0.7018963  0.7018172  0.6841220  0.6635382  0.6562672
 2  0.5725402  0.5259815  0.5090770  0.5043981  0.4967521  0.5051445  0.5431614  0.5731713  0.5846934  0.5832399  0.5525168  0.5231788  0.5078911  0.5212041  0.5549350  0.5562804  0.5672935  0.5744588  0.5784109  0.5698563  0.5518741  0.5616322  0.5807201  0.5869318  0.5693544  0.5398537  0.5146736
 3  0.7525449  0.7105500  0.6794551  0.6662121  0.6518719  0.6551323  0.6774437  0.7076734  0.7180431  0.7245576  0.7002083  0.6738697  0.6690397  0.6627358  0.6760199  0.6635237  0.6812821  0.6959510  0.7110750  0.7177827  0.7081394  0.7133112  0.7212373  0.7222399  0.7050204  0.6836810  0.6743616
 4  0.4554746  0.4241928  0.4160965  0.4073940  0.4075854  0.4276906  0.4812846  0.5056571  0.5004357  0.4864989  0.4559395  0.4287403  0.4072957  0.4564964  0.5015958  0.4887191  0.4911722  0.4960587  0.4920530  0.4621996  0.4512645  0.4905326  0.5105135  0.5065746  0.4786933  0.4354698  0.4057511
 1  0.7294027  0.6819304  0.6572534  0.6538278  0.6569709  0.6588732  0.6687857  0.6727098  0.6559295  0.6491083  0.6576072  0.6839344  0.7081385  0.7015672  0.6794759  0.6684066  0.6793831  0.6894120  0.6936356  0.7007207  0.7079684  0.7090242  0.7104134  0.7112448  0.7105635  0.7054792  0.7046287
 2  0.5698543  0.5239712  0.5122939  0.5219916  0.5298311  0.5347818  0.5377586  0.5317539  0.5171677  0.5231530  0.5447873  0.5884653  0.6064126  0.5993271  0.5527021  0.5191612  0.5259996  0.5401276  0.5500909  0.5546335  0.5578636  0.5569540  0.5545609  0.5590282  0.5591445  0.5500327  0.5486070
 3  0.7524993  0.7084541  0.6817288  0.6740106  0.6756059  0.6770825  0.6863831  0.6905129  0.6727947  0.6666665  0.6756773  0.7004032  0.7309665  0.7238937  0.6986313  0.6853551  0.6951861  0.7064318  0.7112138  0.7171866  0.7250153  0.7260664  0.7269749  0.7280997  0.7281510  0.7227635  0.7207321
 4  0.4541562  0.4249877  0.4185902  0.4382541  0.4498457  0.4504957  0.4482439  0.4301113  0.4328573  0.4544634  0.4732659  0.5313054  0.5400293  0.4946356  0.4264204  0.4131457  0.4453451  0.4599235  0.4512152  0.4591288  0.4636658  0.4552279  0.4547906  0.4672833  0.4618964  0.4391233  0.4523994
 1  0.7272826  0.6766737  0.6511492  0.6475111  0.6451317  0.6435285  0.6694729  0.7024557  0.6917848  0.6780936  0.6734473  0.6774397  0.6729349  0.6423023  0.6487751  0.6645319  0.6759501  0.6832824  0.6901068  0.6985739  0.7023183  0.7058195  0.7149825  0.7237709  0.7197204  0.7166040  0.7031327
 2  0.5729577  0.5236270  0.5113065  0.5197269  0.5236848  0.5254144  0.5686996  0.5962002  0.5865974  0.5528920  0.5144684  0.5101780  0.5330608  0.5270531  0.5254150  0.5266027  0.5336840  0.5390139  0.5466471  0.5511538  0.5513222  0.5544514  0.5801598  0.5998058  0.5995415  0.5835627  0.5441163
 3  0.7510606  0.7033850  0.6757369  0.6681177  0.6639713  0.6620053  0.6846816  0.7230608  0.7143463  0.6980274  0.6903406  0.6919561  0.6896656  0.6631764  0.6673541  0.6810114  0.6925030  0.7005060  0.7070639  0.7154263  0.7193154  0.7224161  0.7315327  0.7438572  0.7405815  0.7349416  0.7199208
 4  0.4584400  0.4252542  0.4218832  0.4370281  0.4455198  0.4447224  0.5102322  0.5329193  0.4924106  0.4228353  0.3787841  0.4282000  0.4729333  0.4428579  0.4219720  0.4337295  0.4512720  0.4503593  0.4519137  0.4561793  0.4532390  0.4605525  0.5096998  0.5286567  0.5020419  0.4572443  0.4171122
 1  0.7263195  0.6763092  0.6435993  0.6325031  0.5940036  0.5916230  0.6176646  0.6329963  0.6615087  0.6895016  0.7076516  0.7062547  0.7025823  0.7074830  0.7059556  0.7058586  0.7020061  0.6983837  0.7041943  0.7158965  0.7031643  0.6974030  0.6952616  0.6999894  0.7038917  0.6982600  0.6917377
 2  0.5711790  0.5236523  0.5060793  0.5038848  0.4893538  0.5011551  0.5142366  0.5156282  0.5362385  0.5750196  0.5937396  0.5909150  0.5742177  0.5638904  0.5502490  0.5342532  0.5368441  0.5479119  0.5736997  0.5902471  0.5830787  0.5653826  0.5500313  0.5505878  0.5572227  0.5539762  0.5304192
 3  0.7502776  0.7032470  0.6685515  0.6538055  0.6119624  0.6088244  0.6365573  0.6500470  0.6771175  0.7061839  0.7281166  0.7268033  0.7204828  0.7251889  0.7235847  0.7213682  0.7173351  0.7159592  0.7211118  0.7354040  0.7234949  0.7162959  0.7128455  0.7163045  0.7214398  0.7167395  0.7089558
 4  0.4579942  0.4257769  0.4179024  0.4161274  0.4243691  0.4427483  0.4293522  0.4249827  0.4641853  0.5140574  0.5213551  0.4876681  0.4686984  0.4669816  0.4323791  0.4144852  0.4520345  0.4663382  0.5000006  0.5132299  0.4888446  0.4585359  0.4413269  0.4619409  0.4746417  0.4486970  0.3968945
