FL 2019 2020 2021 2022 2023 2024 2025 2026 2027 2028 2029 2030 2031 2032 2033 2034 2035 2036 2037 2038 2039 2040 2041 2042 2043 2044 2045
 1    4109.00    3559.25    3559.25    3836.45    3836.45    7130.51    7130.51   13877.09   13877.09   12698.53   12698.53    5225.22    5225.22    5617.46    5617.46    6448.60    6448.60    3245.55    3245.55    1003.46    1003.46    2309.08    2309.08    6495.72    6495.72   10642.17   10642.17
 2     783.00     677.95     677.95     730.75     730.75    1358.19    1358.19    2643.26    2643.26    2418.77    2418.77     995.28     995.28    1069.99    1069.99    1228.30    1228.30     618.20     618.20     191.14     191.14     439.82     439.82    1237.28    1237.28    2027.08    2027.08
 3    3537.00     930.74    1018.06    6034.37    5832.14    1257.33    1989.07   12569.95    8681.24    1759.23    1247.16    5404.53    4815.95     750.00     561.99    4509.25    4509.25     477.76     477.76     406.54     528.07     847.43    1247.95   18515.72   17183.59     923.27     916.73
 4    1379.00    1634.80    1452.28    2168.66    3519.72    3699.85    2917.40    2221.17    1292.82    1324.03    1197.02    1204.54     811.27     949.98     757.53     893.11     893.11     586.07     586.07    1295.45    1353.94    1538.64    1466.28    1985.34    1186.34    1649.92    1039.90
 1    4109.00    3542.15    3542.15    6104.41    6104.41    4753.98    4753.98    4556.24    4556.24    5316.23    5316.23    3027.02    3027.02    3304.69    3304.69    2832.98    2832.98    4323.86    4323.86   20466.14   20466.14   10355.27   10355.27    2942.48    2942.48    1621.16    1621.16
 2     783.00     674.70     674.70    1162.74    1162.74     905.52     905.52     867.86     867.86    1012.62    1012.62     576.58     576.58     629.46     629.46     539.62     539.62     823.59     823.59    3898.31    3898.31    1972.43    1972.43     560.47     560.47     308.79     308.79
 3    3537.00     747.81     920.28   10210.62    8723.04     588.16     702.39    4765.65    4847.00     948.54    1091.25    6116.52    5395.13    1238.20    1217.02    5614.88    6266.65    1189.20    1600.46   21977.31   13579.52     502.49     413.42     413.42     413.42     484.08     580.50
 4    1379.00    1346.10    1301.47     863.31     975.69    1242.27    1382.63    1265.65    1308.53    1352.27    1360.25    1330.15    1051.51    1202.15    1224.10    1612.05    2523.44    2411.51    2090.32     905.55     713.88     895.42     753.66     753.66     753.66     809.90     856.82
 1    4109.00    5205.35    5205.35    5459.45    5459.45   11106.48   11106.48    5056.13    5056.13    3857.70    3857.70    5107.87    5107.87    2358.05    2358.05    5321.32    5321.32    5994.45    5994.45    5327.78    5327.78    8205.58    8205.58    3372.14    3372.14    4805.72    4805.72
 2     783.00     991.50     991.50    1039.90    1039.90    2115.52    2115.52     963.07     963.07     734.80     734.80     972.93     972.93     449.15     449.15    1013.58    1013.58    1141.80    1141.80    1014.82    1014.82    1562.97    1562.97     642.31     642.31     915.38     915.38
 3    3537.00    1275.22    1757.27   10611.70   11299.04     860.40     738.55    4302.48    3900.29     627.38     842.95    6364.15    6678.22     760.38     468.33    3783.33    3491.41     683.39     778.97    5584.56    5047.60     896.75     718.38    1903.21    3114.54     898.77    1072.59
 4    1379.00    1412.62    1604.13    1216.82    1192.26    1174.74    1072.39    1085.62     967.68     980.79     850.46     812.87     907.20     991.92    1154.73    1205.83    1169.02    1170.73    1149.78     982.61     833.14     762.20     904.84    1262.24    1711.89    1568.45    1128.82
 1    4109.00    1691.38    1691.38    6583.50    6583.50    5574.49    5574.49    2586.28    2586.28    2623.24    2623.24    4322.47    4322.47    5286.20    5286.20    6153.38    6153.38    9939.01    9939.01    6528.06    6528.06    9426.65    9426.65    9456.22    9456.22    5321.32    5321.32
 2     783.00     322.17     322.17    1254.00    1254.00    1061.81    1061.81     492.62     492.62     499.66     499.66     823.33     823.33    1006.90    1006.90    1172.07    1172.07    1893.14    1893.14    1243.44    1243.44    1795.55    1795.55    1801.18    1801.18    1013.58    1013.58
 3    3537.00     708.19     881.39    7211.67    6322.42     812.10     812.64     912.44     865.68    1263.72    1528.49   11283.83   10829.65    2304.72    2324.11   13586.71   11108.61    1063.93    1296.54    8414.12    8632.38    1078.76    1389.51   10991.10    7679.94     508.48     730.96
 4    1379.00    1387.63    1334.50    1384.37    1140.53    1000.06    1134.83    1404.90    1953.17    2488.94    2194.50    2538.51    1929.27    2004.88    1738.21    1434.11    1490.00    1529.07    1638.73    1575.36    1994.93    1864.84    1502.11     854.30     878.05     815.69     890.44
 1    4109.00    3185.03    3185.03    4492.03    4492.03    8987.75    8987.75   18038.33   18038.33   17575.87   17575.87    4154.77    4154.77    2773.85    2773.85    9175.32    9175.32    8054.97    8054.97    3036.73    3036.73    8759.98    8759.98    8891.19    8891.19     617.23     617.23
 2     783.00     606.67     606.67     855.62     855.62    1711.95    1711.95    3435.87    3435.87    3347.78    3347.78     791.38     791.38     528.35     528.35    1747.68    1747.68    1534.28    1534.28     578.42     578.42    1668.57    1668.57    1693.56    1693.56     117.57     117.57
 3    3537.00     677.53     978.88    6155.27    6135.43    1137.18    1311.94    7049.50    6149.16     814.29     651.77    3149.52    3584.98     549.05     862.08   12485.59    9357.42     714.82     469.58     470.72     889.43   11409.90    8142.57    8142.57    8142.57    3258.02      45.54
 4    1379.00    1286.39    1329.23    1508.15    1928.70    1830.39    1958.43    1718.69    1748.84    1543.47     946.66     870.75    1459.01    1514.85    1590.71    1043.46     803.63     941.43    1318.39    1356.16    1282.00     671.76     520.45     520.45     520.45     520.45     795.78
 1    4109.00    6033.26    6033.26    7933.93    7933.93    6844.99    6844.99    3540.77    3540.77    5560.17    5560.17    3656.73    3656.73    5531.53    5531.53    5716.33    5716.33    3711.25    3711.25    1872.02    1872.02    3945.94    3945.94    9143.44    9143.44    3065.37    3065.37
 2     783.00    1149.19    1149.19    1511.22    1511.22    1303.81    1303.81     674.43     674.43    1059.08    1059.08     696.52     696.52    1053.62    1053.62    1088.82    1088.82     706.90     706.90     356.58     356.58     751.61     751.61    1741.61    1741.61     583.88     583.88
 3    3537.00     800.84     850.76    9345.52    7843.46     564.54     555.85    1357.42    1715.63     785.91    1285.45    8445.86    7958.41     915.89     769.47    4946.23    4432.36     520.27     514.00     629.41     711.95    2476.78    3270.56    1139.97     994.94    2067.46    2498.90
 4    1379.00    1396.59    1327.51    1133.94     874.43     847.19     947.19    1357.33    1892.27    1528.87    1227.17     714.98     799.87    1088.66    1079.32     821.24     558.07     676.63     708.34     782.72    1170.59    1364.90    1356.00    1313.36    1329.02    1458.19    1361.43
 1    4109.00    5621.15    5621.15    3195.19    3195.19    3505.66    3505.66    3049.20    3049.20    3111.11    3111.11    2096.09    2096.09    2187.57    2187.57    8861.16    8861.16    3742.20    3742.20    2009.24    2009.24    4801.10    4801.10   11250.62   11250.62    7375.83    7375.83
 2     783.00    1070.70    1070.70     608.61     608.61     667.74     667.74     580.80     580.80     592.59     592.59     399.26     399.26     416.68     416.68    1687.84    1687.84     712.80     712.80     382.71     382.71     914.50     914.50    2142.98    2142.98    1404.92    1404.92
 3    3537.00    1226.42    1392.28    7096.77    6909.74    1127.25    1026.77    3400.51    3281.26    3281.26     699.01     365.15     770.74     896.16    1430.03   13923.22   10279.68     486.25     385.04     730.93    1097.78   12121.62   11674.52    1874.39    1965.51   17141.15   12059.62
 4    1379.00    1410.40    1427.13    1271.56     942.10    1016.22     860.93     664.78     576.71     576.71     703.01    1008.55    1449.30    1342.48    1237.16     551.00     384.55     828.23    1774.58    2344.98    2520.99    2944.27    2398.93    2126.57    1655.06     760.01     587.95
 1    4109.00     949.87     949.87    1326.86    1326.86    4147.84    4147.84   11003.92   11003.92    6976.66    6976.66   15907.12   15907.12    8302.60    8302.60    3236.31    3236.31    8735.03    8735.03   23790.23   23790.23   12510.50   12510.50    1645.64    1645.64    2108.57    2108.57
 2     783.00     180.93     180.93     252.74     252.74     790.06     790.06    2095.98    2095.98    1328.89    1328.89    3029.93    3029.93    1581.45    1581.45     616.44     616.44    1663.82    1663.82    4531.47    4531.47    2382.95    2382.95     313.46     313.46     401.63     401.63
 3    3537.00     746.58     815.83    1038.44    1275.91    7491.09    6639.18     968.69     799.30    1261.29    1586.18   12719.52    9290.56     971.11     859.97    3606.22    4872.18    1047.05    1855.47   24210.49   19088.88     533.19     586.84     352.84     521.35     544.80     646.67
 4    1379.00    1290.55    1199.66    1104.37    1066.76    1041.53    1667.26    2050.74    2492.94    2432.74    2147.24    1539.19     987.15     900.78     875.79    1381.44    2812.97    3216.30    2582.63    1473.09     866.12     946.72     779.78     850.15    1023.75    1656.88    2146.31
 1    4109.00    5379.53    5379.53    9414.17    9414.17    5385.53    5385.53    1173.02    1173.02    5834.60    5834.60   11266.79   11266.79    8703.62    8703.62    4292.90    4292.90    2293.83    2293.83    2193.11    2193.11    2805.26    2805.26    4057.75    4057.75    8530.37    8530.37
 2     783.00    1024.67    1024.67    1793.18    1793.18    1025.82    1025.82     223.43     223.43    1111.35    1111.35    2146.06    2146.06    1657.83    1657.83     817.70     817.70     436.92     436.92     417.74     417.74     534.34     534.34     772.90     772.90    1624.83    1624.83
 3    3537.00     975.64    1199.52   10897.48    7586.62     429.22     351.05     581.39     762.72    1330.98    1876.38   15737.40   12573.49    1435.60    1065.24    3914.19    3091.63     835.59     505.36     845.31     816.73    1088.09    1141.50    5714.08    9257.35    2473.77    4626.71
 4    1379.00    1466.27    1299.65     903.11     818.93     954.53    1213.93    1804.34    2498.00    2959.64    2405.47    1933.69    1534.43    1252.94     912.45     571.91     590.90     990.89     843.54    1087.83    1243.44    1241.43    1694.52    4489.09    5340.62    4558.69    3692.05
 1    4109.00    5736.19    5736.19    4607.99    4607.99    4267.49    4267.49    4094.24    4094.24    3618.85    3618.85    3060.75    3060.75    3713.09    3713.09    5153.15    5153.15    9840.14    9840.14    8204.20    8204.20    8852.84    8852.84    1734.35    1734.35    2528.06    2528.06
 2     783.00    1092.61    1092.61     877.71     877.71     812.86     812.86     779.86     779.86     689.30     689.30     583.00     583.00     707.26     707.26     981.55     981.55    1874.31    1874.31    1562.70    1562.70    1686.26    1686.26     330.35     330.35     481.54     481.54
 3    3537.00     565.75     930.16    7044.50    8694.38    1251.44    1224.01    6536.20    6323.15     820.14     752.48    1688.93    2076.75     966.77    1109.84    6532.12    7706.74    2004.43    1613.28   15957.01   10655.03     576.94     556.84     264.91     408.32     486.72     727.70
 4    1379.00    1299.73    1453.04    1881.66    1428.60    1148.31     930.64     763.25     733.25    1024.30    1032.89     911.80     950.01    1481.39    1829.69    2489.45    2128.84    2136.87    1441.67     323.31     356.21     720.96     639.95     671.61    1019.38     937.72    1081.57
 1    4109.00    2409.79    2409.79    3446.52    3446.52    5427.58    5427.58    6267.49    6267.49    5586.50    5586.50    4634.78    4634.78    9822.58    9822.58    9469.15    9469.15    9440.97    9440.97    4849.15    4849.15    7530.60    7530.60    5074.61    5074.61    5938.09    5938.09
 2     783.00     459.01     459.01     656.48     656.48    1033.82    1033.82    1193.81    1193.81    1064.10    1064.10     882.82     882.82    1870.97    1870.97    1803.65    1803.65    1798.28    1798.28     923.65     923.65    1434.40    1434.40     966.59     966.59    1131.06    1131.06
 3    3537.00     809.27    1083.76    5155.04    5270.09     884.03    1393.02    5919.63    5584.57    1206.89     789.83    4853.96    6298.75    1066.84    1391.64   11920.81   10958.21    1269.83    1166.99    6112.34    4946.95    1123.31     888.28    6547.67    5470.30     685.93     588.00
 4    1379.00    1493.89    1410.88    1388.41    1296.34    1323.57    1696.57    1264.43    1035.16    1083.03    1125.64    1992.41    2168.62    2246.88    2349.22    1890.21    1645.09    1628.13    1624.10    1235.25     889.10    1139.24    1075.71     830.97     624.49     808.53    1373.53
 1    4109.00    3878.03    3878.03    5922.84    5922.84    7312.07    7312.07    6260.56    6260.56    3442.82    3442.82    2418.57    2418.57    7854.92    7854.92   13186.87   13186.87   10360.81   10360.81    4187.57    4187.57    5455.76    5455.76   10215.28   10215.28   14905.51   14905.51
 2     783.00     738.67     738.67    1128.16    1128.16    1392.78    1392.78    1192.49    1192.49     655.78     655.78     460.68     460.68    1496.18    1496.18    2511.78    2511.78    1973.49    1973.49     797.63     797.63    1039.19    1039.19    1945.77    1945.77    2839.14    2839.14
 3    3537.00     702.38     657.29    5014.02    5028.54     968.75     942.86    7108.46    7421.50     363.38     373.39     686.05    1018.05    9577.35    9379.18    1773.40    1676.73   10502.19    9551.86     674.68     806.08    3628.83    4371.37    1226.47    1504.98   13412.85   11943.59
 4    1379.00    1329.25    1264.25    1227.04    1041.42     965.33     794.41     404.82     527.13     891.73    1427.57    2049.36    2840.62    2658.85    1812.53    1695.41    1327.49    1145.00    1035.28    1578.21    1721.40    1899.89    2248.13    3199.62    3303.61    2723.61    2333.04
 1    4109.00    4081.77    4081.77    2949.87    2949.87    3433.12    3433.12    2631.55    2631.55    5894.20    5894.20    6518.36    6518.36    5197.96    5197.96    2130.74    2130.74    4113.19    4113.19    3324.09    3324.09    4572.41    4572.41    7160.08    7160.08    4899.05    4899.05
 2     783.00     777.48     777.48     561.88     561.88     653.93     653.93     501.25     501.25    1122.70    1122.70    1241.59    1241.59     990.09     990.09     405.86     405.86     783.46     783.46     633.16     633.16     870.94     870.94    1363.82    1363.82     933.15     933.15
 3    3537.00     701.90     740.78    3184.96    2836.35     912.15    1249.26    3943.84    3943.84    1084.88     907.75    4725.69    4561.36     509.86     384.36     353.35     541.89    3345.77    5589.46     705.66    1120.40   10414.72    9016.07     506.80     614.51    4452.44    6901.91
 4    1379.00    1200.86    1156.56    1089.52    1410.23    1538.55    1613.02    1136.22    1136.22     710.06     766.89     586.43     644.71     696.72     675.71     659.34     745.96    1148.78    1278.67    1235.17     983.74     560.24     587.60     927.09    1513.46    2536.28    2525.29
 1    4109.00    5537.53    5537.53   10197.73   10197.73    7078.30    7078.30   10174.16   10174.16    6933.23    6933.23    7884.49    7884.49    9503.80    9503.80    4269.80    4269.80    2164.47    2164.47    6130.28    6130.28   15412.32   15412.32    8407.48    8407.48    3102.33    3102.33
 2     783.00    1054.77    1054.77    1942.42    1942.42    1348.25    1348.25    1937.94    1937.94    1320.62    1320.62    1501.81    1501.81    1810.25    1810.25     813.30     813.30     412.28     412.28    1167.67    1167.67    2935.68    2935.68    1601.42    1601.42     590.92     590.92
 3    3537.00     717.28     806.02    9530.66    7401.74     328.56     442.23    1259.27    1363.20    4945.08    5081.34     625.17     841.62   15147.35   11712.30     496.89     503.65     646.05    1051.99    1604.76    2063.53   19119.53   11856.48    1050.45     685.73     501.95     816.53
 4    1379.00    1326.28    1284.00     813.93     848.25    1237.77    1485.56    1374.17    1129.04    1206.76    1711.31    1764.42    1570.65     692.21     642.58    1053.17    1610.60    1768.42    2604.88    2910.82    2329.20    1194.53     597.64     827.27     883.56     811.80     740.26
 1    4109.00    4914.76    4914.76    5162.85    5162.85    4205.12    4205.12    3863.71    3863.71    4857.47    4857.47    1678.45    1678.45    7089.39    7089.39    5434.51    5434.51    6414.87    6414.87    5466.85    5466.85    3144.37    3144.37    2020.33    2020.33    3604.52    3604.52
 2     783.00     936.14     936.14     983.40     983.40     800.98     800.98     735.94     735.94     925.23     925.23     319.70     319.70    1350.36    1350.36    1035.14    1035.14    1221.88    1221.88    1041.30    1041.30     598.93     598.93     384.82     384.82     686.58     686.58
 3    3537.00     493.22     769.47    6086.67    6835.64     728.23    1132.04    1132.04    1132.04     922.65    1018.08     568.88     849.03    8828.28    7575.53    1542.69    1173.35    6835.62    6780.66     511.42     701.00    2965.18    2982.99     768.10     970.33    4312.15    5041.36
 4    1379.00    1118.94    1195.22    1496.38    1653.05    1302.75    1083.80    1083.80    1083.80     712.25    1229.10    2204.28    2252.55    1526.17    1119.53     993.94     889.61     581.25     757.93    1030.19    1170.63     913.83     808.17     877.70    1225.60    1476.69    1692.76
 1    4109.00    4494.80    4494.80    3148.53    3148.53    8099.32    8099.32    9050.12    9050.12    7223.83    7223.83    7284.35    7284.35    7698.77    7698.77    4455.53    4455.53    6093.78    6093.78   11969.96   11969.96   16890.72   16890.72    9221.52    9221.52    6868.09    6868.09
 2     783.00     856.15     856.15     599.72     599.72    1542.73    1542.73    1723.83    1723.83    1375.97    1375.97    1387.50    1387.50    1466.43    1466.43     848.67     848.67    1160.72    1160.72    2279.99    2279.99    3217.28    3217.28    1756.48    1756.48    1308.21    1308.21
 3    3537.00     954.69     678.38    1019.31    1200.34   10835.80    9877.54     496.17     587.12    5802.27    6755.13     879.91    1323.73   13143.22   12176.47     516.31     748.16    1409.82    2533.27   24356.01   17691.13    2056.35    1102.51    7898.87    9420.59     627.43    1048.49
 4    1379.00    1359.09    1232.25    1142.27    1194.03    1293.05    1316.78    1342.51    1506.34    1744.83    1909.37    1694.27    1518.72     907.62    1009.56    2026.23    3546.52    4140.41    3488.91    1122.95     699.80    1236.91    1253.37    1193.54    1579.12    2011.82    2636.20
 1    4109.00    5696.92    5696.92    3794.87    3794.87    5801.33    5801.33    3419.72    3419.72    2894.43    2894.43    3239.08    3239.08    4283.66    4283.66   11631.77   11631.77   13232.14   13232.14   11126.81   11126.81   13523.66   13523.66    3368.44    3368.44     604.30     604.30
 2     783.00    1085.13    1085.13     722.83     722.83    1105.02    1105.02     651.38     651.38     551.32     551.32     616.97     616.97     815.94     815.94    2215.58    2215.58    2520.41    2520.41    2119.39    2119.39    2575.94    2575.94     641.61     641.61     115.10     115.10
 3    3537.00    1430.38    1659.60    8234.95    7745.43     821.62    1004.94    4687.61    4138.99    1001.03     798.72    3750.16    3976.43    1035.66    1529.62   20576.72   15503.80    1340.38     895.10    1274.28    1375.37   14451.93   10096.91   10096.91    5563.35      81.65     414.46
 4    1379.00    1535.20    1425.24    1226.65    1292.66    1400.01    1250.96    1032.28    1171.54    1235.88    1307.45    1245.26    1832.54    2921.37    3175.86    1238.72    1049.71    1737.65    2052.25    1915.07    1424.56     589.11     426.76     426.76     426.76     905.07     899.66
 1    4109.00    3259.87    3259.87    5566.64    5566.64    5173.48    5173.48    9005.30    9005.30    5629.47    5629.47    2669.44    2669.44    6186.64    6186.64    3569.87    3569.87    4025.87    4025.87    6173.71    6173.71    6007.39    6007.39    9153.14    9153.14    6388.07    6388.07
 2     783.00     620.93     620.93    1060.31    1060.31     985.42     985.42    1715.30    1715.30    1072.28    1072.28     508.46     508.46    1178.41    1178.41     679.98     679.98     766.83     766.83    1175.94    1175.94    1144.26    1144.26    1743.46    1743.46    1216.78    1216.78
 3    3537.00    1078.90     962.43   13040.85   11678.33     998.47    1144.50   19624.55   11697.22     572.81     498.59     450.82     801.01   10291.49   10532.00     748.46     705.35    3113.64    2909.87    1254.26    1371.53    4214.61    3904.38    9855.71    8097.63    1580.85    1524.47
 4    1379.00    1374.47    1463.60    1624.64    1250.96    1737.71    1820.21     462.40     312.27     770.15    1203.14    1128.24    1175.25    1057.59     890.60    1492.88    1466.09    1319.23    1648.76    2654.59    2581.40    2667.26    1887.06    1152.07    1161.68    1997.07    2041.43
 1    4109.00    4582.58    4582.58   13820.73   13820.73    3211.36    3211.36    1331.02    1331.02     698.54     698.54     888.43     888.43    2811.73    2811.73    2688.84    2688.84    3792.56    3792.56    2290.13    2290.13    3194.27    3194.27    2044.35    2044.35    2436.59    2436.59
 2     783.00     872.87     872.87    2632.52    2632.52     611.69     611.69     253.53     253.53     133.06     133.06     169.22     169.22     535.57     535.57     512.16     512.16     722.39     722.39     436.22     436.22     608.43     608.43     389.40     389.40     464.11     464.11
 3    3537.00     858.65     864.29   12811.76    7844.86    7108.02    7246.39    7710.50    7552.55    7195.26      77.56     259.58     527.92    2350.05    2591.84     750.59     766.54    4979.82    4333.90     898.39     955.45    4740.71    3417.71     773.25     567.02     950.97    1000.91
 4    1379.00    1326.36    1215.14     498.25     385.62     385.62     385.62     385.62     385.62     385.62     823.74     888.67     781.11     894.33     964.95    1139.71     968.80    1025.03     906.92    1061.08     885.17     504.69     577.44     893.46    1039.71    1362.68    1471.22
 1    4109.00    3646.57    3646.57    6542.38    6542.38    6347.42    6347.42    7152.22    7152.22    1833.68    1833.68    4659.27    4659.27    7547.23    7547.23   14677.28   14677.28   16426.41   16426.41    7199.35    7199.35    8744.27    8744.27    3957.49    3957.49    1601.29    1601.29
 2     783.00     694.58     694.58    1246.17    1246.17    1209.03    1209.03    1362.33    1362.33     349.27     349.27     887.48     887.48    1437.57    1437.57    2795.67    2795.67    3128.84    3128.84    1371.30    1371.30    1665.58    1665.58     753.81     753.81     305.01     305.01
 3    3537.00     608.07     943.37   12226.94   12613.41     860.18    1084.69    7806.29    5843.53     507.56     711.98    1619.80    1681.22   11437.96   11761.83    1488.13    1039.58    8600.68    5436.39     324.94     312.06    5274.03    4265.25    4265.25    4265.25    3327.92    3829.00
 4    1379.00    1396.17    1332.22    1627.73    1435.46    1528.43    1211.61     520.72     995.78    1873.32    2204.63    1899.96    1452.61    1555.66    1685.91    1793.41    1467.59    1077.00     877.74    1151.45    1193.64     866.21     596.21     596.21     596.21     707.01    1087.67
 1    4109.00    3838.30    3838.30    4334.02    4334.02    2427.81    2427.81    3928.85    3928.85    3316.24    3316.24    7018.70    7018.70    9670.12    9670.12   12416.25   12416.25    8356.19    6756.62     899.98     899.98    1356.89    1356.89    5240.47    5240.47    5382.76    5382.76
 2     783.00     731.10     731.10     825.53     825.53     462.44     462.44     748.35     748.35     631.66     631.66    1336.90    1336.90    1841.93    1841.93    2365.00    2365.00    1591.66    1591.66     171.42     171.42     258.46     258.46     998.18     998.18    1025.29    1025.29
 3    3537.00     763.68     921.68    1745.12    1803.41    1220.17    1215.10    3890.05    4147.08    1293.16    1885.46   11985.66   11665.18    2039.75    1576.60   18191.98   12407.79   12407.79    5581.80    1152.87    2390.07     500.02     867.41    5260.73    4781.86     917.49     950.72
 4    1379.00    1266.18    1379.19    1234.69    1168.92    1069.47    1327.23    1633.78    2049.34    2548.44    2461.23    2177.59    1999.89    1918.23    1500.46     507.71     288.27     288.27     288.27     855.34    1341.58    1208.49    1176.73    1106.82    1202.69    1788.39    2245.59
 1    4109.00    4263.80    4263.80    4060.06    4060.06    3963.96    3963.96    9197.96    9197.96    1316.24    1316.24    2985.91    2985.91    7933.00    7933.00    6152.45    6152.45    2676.37    2676.37    3952.87    3952.87    4384.38    4384.38    3777.31    3777.31    3211.36    3211.36
 2     783.00     812.15     812.15     773.34     773.34     755.04     755.04    1751.99    1751.99     250.71     250.71     568.74     568.74    1511.05    1511.05    1171.90    1171.90     509.78     509.78     752.93     752.93     835.12     835.12     719.49     719.49     611.69     611.69
 3    3537.00     772.11     779.60    4182.24    4267.26    1161.19    1275.61   15857.70   11328.79     391.36     579.71     755.18    1253.30   17342.58   11182.70     679.46     697.42    1204.23    1316.42     586.77     679.72     740.76    1120.08    4382.54    4089.92    1084.72    1206.99
 4    1379.00    1440.32    1349.38    1340.91    1522.20    1548.97    1233.33     535.57     700.24    1014.47    1543.29    1663.42    1515.66     508.71     471.50     804.45     767.66     806.08     946.94    1083.76    1425.41    1588.67    1664.34    1093.08     869.04     973.32    1149.12
 1    4109.00    3623.00    3623.00    9434.04    9434.04   21669.19   21669.19   11021.01   11021.01   11083.84   11083.84   18001.37   18001.37    8013.85    8013.85   11708.00   11708.00    6329.86    6329.86    4713.32    4713.32    1886.35    1886.35    6427.34    6427.34    6013.85    6013.85
 2     783.00     690.10     690.10    1796.96    1796.96    4127.46    4127.46    2099.24    2099.24    2111.21    2111.21    3428.83    3428.83    1526.45    1526.45    2230.10    2230.10    1205.69    1205.69     897.78     897.78     359.30     359.30    1224.26    1224.26    1145.50    1145.50
 3    3537.00     687.81     623.99    5666.51    6594.96     928.09     541.70    1595.86    2005.08     670.40     642.60    3011.78    2393.85     277.66     305.37     665.63    1428.87   13049.77   10887.94     875.83     873.18    1051.98    1231.12   10468.26    8537.59     617.02     502.69
 4    1379.00    1227.76    1431.34    1901.46    1664.18    1509.88    1681.84    1693.23    1394.37    1302.79    1336.60    1219.46    1271.05    1447.72    2204.27    2377.52    1962.41    1222.61    1009.91    1085.32    1107.28    1185.75    1387.80     916.20     713.83     806.67    1009.78
 1    4109.00    4445.36    4445.36    4358.51    4358.51    3737.58    3737.58    3473.32    3473.32    4373.29    4373.29    5774.08    5774.08    3931.16    3931.16    3354.58    3354.58    8068.83    8068.83   33935.75   33935.75   32744.25   32744.25   13319.46   13319.46    7136.05    7136.05
 2     783.00     846.74     846.74     830.19     830.19     711.92     711.92     661.58     661.58     833.01     833.01    1099.82    1099.82     748.79     748.79     638.97     638.97    1536.92    1536.92    6463.95    6463.95    6237.00    6237.00    2537.04    2537.04    1359.25    1359.25
 3    3537.00     717.23     898.02    3960.98    3207.16    1057.38     863.74    3226.63    2958.06     861.86     745.51    4484.97    3839.25     549.25     619.87     968.18    1085.72    2357.53    3042.09    5173.01    6019.55    4800.90    4185.83    7691.54    6321.28    1091.06    1490.16
 4    1379.00    1377.28    1333.04    1157.15     993.29    1116.71    1195.81    1075.17    1028.93    1032.32     839.07     640.92     816.95    1066.05    1846.91    2236.89    3775.82    7769.52    8939.98    6536.69    4620.56    2769.86    1918.52    1200.02    1646.62    1470.35    1843.00
 1    4109.00    3956.57    3956.57    5512.58    5512.58    7631.32    7631.32   10242.08   10242.08    2067.45    2067.45    1260.34    1260.34    4192.65    4192.65    6711.01    6711.01    7616.99    7616.99    6850.54    6850.54    6347.88    6347.88    8855.62    8855.62    5374.91    5374.91
 2     783.00     753.63     753.63    1050.02    1050.02    1453.58    1453.58    1950.87    1950.87     393.80     393.80     240.06     240.06     798.60     798.60    1278.29    1278.29    1450.86    1450.86    1304.86    1304.86    1209.12    1209.12    1686.78    1686.78    1023.79    1023.79
 3    3537.00     762.59     892.71    8010.19    7807.47    1104.81     953.37   13499.09    8366.25     300.68     324.48     373.96     751.59    5732.59    5281.91    1228.93    1238.10   12097.68    9926.41     840.77     989.30   10863.53   16395.34    1656.10    2170.54   14808.98   12002.44
 4    1379.00    1407.10    1562.25    1615.49    1186.03    1455.87    1268.62     449.38     400.60     713.38    1032.07    1466.75    1527.01    1237.44    1036.84    1741.07    1902.96    1442.80    1144.23    1149.87    1519.88    3038.03    2142.40    2126.06    1616.95     600.85     563.14
 1    4109.00    2627.39    2627.39    3823.97    3823.97    8297.52    8297.52    2772.00    2772.00    3172.55    3172.55    3082.93    3082.93    6693.46    6693.46    4370.52    4370.52    4456.45    4456.45    4905.98    4905.98    3957.49    3957.49    3868.79    3868.79    1491.80    1491.80
 2     783.00     500.46     500.46     728.38     728.38    1580.48    1580.48     528.00     528.00     604.30     604.30     587.22     587.22    1274.94    1274.94     832.48     832.48     848.85     848.85     934.47     934.47     753.81     753.81     736.91     736.91     284.15     284.15
 3    3537.00     903.22    1019.63    4968.84    4906.27     962.78     612.98     617.90     598.07     973.13     938.73    1250.50    1110.11    7954.78    8113.35    1924.71    1913.13    8048.77    6899.95    1280.62    1171.68    5757.33    5687.91     936.24     832.03    1037.19     704.68
 4    1379.00    1297.31    1429.51    1356.83     996.29     771.11     783.50     963.35    1115.21    1305.35    1629.52    2266.34    2203.89    1863.68    1641.07    1702.98    1392.36    1011.90     881.50    1093.90    1123.58    1066.87     889.01     872.77     990.08    1084.15     909.37
 1    4109.00    2562.71    2562.71    4481.86    4481.86    6009.70    6009.70    3121.73    3121.73    4315.08    4315.08    3394.31    3394.31    3997.22    3997.22    5017.78    5017.78    3490.41    3490.41    3768.53    3768.53    1370.75    1370.75    2727.19    2727.19    4905.98    4905.98
 2     783.00     488.14     488.14     853.69     853.69    1144.70    1144.70     594.62     594.62     821.92     821.92     646.54     646.54     761.38     761.38     955.77     955.77     664.84     664.84     717.82     717.82     261.10     261.10     519.46     519.46     934.47     934.47
 3    3537.00     643.12     862.95    7233.41    6634.21     946.72     782.93    3303.13    3167.75     905.39     923.00    1019.10    1688.72   12265.04    8899.49    1353.93     934.87    4061.06    3798.68     902.97     785.73    1023.12    1065.93    3438.17    3196.05     853.01    1285.85
 4    1379.00    1275.83    1235.13    1257.27    1123.84    1211.28    1089.52    1014.45     929.44    1122.05    1761.71    2039.63    1762.71     884.09     679.07     973.61    1049.89     912.99     899.46    1071.69    1030.05    1099.98     984.53    1163.38    1415.51    1766.21    1642.40
 1    4109.00    3336.56    3336.56    3822.59    3822.59    7304.22    7304.22    7832.75    7832.75    4942.01    4942.01    5184.56    5184.56    3336.10    3336.10    5154.53    5154.53    4966.96    4966.96    2787.71    2787.71    3766.22    3766.22   10060.05   10060.05   12056.81   12056.81
 2     783.00     635.54     635.54     728.11     728.11    1391.28    1391.28    1491.95    1491.95     941.34     941.34     987.54     987.54     635.45     635.45     981.82     981.82     946.09     946.09     530.99     530.99     717.38     717.38    1916.20    1916.20    2296.54    2296.54
 3    3537.00     654.05     825.40    4073.79    4399.33    1297.92    1488.68   20465.08   13842.62    1123.15    1012.08    7012.68    6763.40     656.59     727.07    4355.38    3448.54     542.13     489.73     790.80    1035.28    6074.36    6400.86    2156.79    2465.97   17984.18   12739.10
 4    1379.00    1364.20    1462.90    1788.12    2368.17    2523.16    2175.07    1030.67     748.73    1194.38    1079.25    1219.10    1308.81    1171.30     889.83     590.09     656.64     990.53    1537.16    2493.55    2275.94    2472.43    2445.86    2189.19    1789.13     456.08     404.89
 1    4109.00    3073.22    3073.22    7822.58    7822.58    4488.79    4488.79    2910.60    2910.60    2423.65    2423.65    7383.68    7383.68    6449.52    6449.52    2918.92    2918.92    5458.07    5458.07    7045.04    7045.04    9919.14    9919.14    7713.55    7713.55    3179.95    3179.95
 2     783.00     585.38     585.38    1490.02    1490.02     855.01     855.01     554.40     554.40     461.65     461.65    1406.42    1406.42    1228.48    1228.48     555.98     555.98    1039.63    1039.63    1341.91    1341.91    1889.36    1889.36    1469.25    1469.25     605.70     605.70
 3    3537.00     907.52     959.18   13993.39   10464.27     435.17     570.60    2167.41    2779.32     887.33    1187.66   14719.14   11182.88    1079.58    1093.16    3585.18    3638.92     875.58     912.92    8160.68    8079.18    1488.25    1664.58   17903.05   14763.92     776.45     920.89
 4    1379.00    1306.65    1349.19     689.25     595.04     823.95     926.86    1534.63    1592.02    1724.22    1680.71     488.48     384.34     947.16    1255.39    1033.69    1154.68    1727.78    2343.80    2219.49    1851.33    2180.64    1806.63     759.30    1206.03    1693.82    1959.75
 1    4109.00    4766.45    4766.45    4280.43    4280.43    7771.30    7771.30    3038.57    3038.57    1635.94    1635.94    4583.04    4583.04    9774.53    9774.53    6018.94    6018.94    1476.55    1476.55    5402.63    5402.63   13625.77   13625.77    5075.53    5075.53    8252.24    8252.24
 2     783.00     907.90     907.90     815.32     815.32    1480.25    1480.25     578.78     578.78     311.61     311.61     872.96     872.96    1861.82    1861.82    1146.46    1146.46     281.25     281.25    1029.07    1029.07    2595.38    2595.38     966.77     966.77    1571.86    1571.86
 3    3537.00    1082.17    1098.68    5756.78    4693.25     933.68     780.52    2053.08    1918.29     585.34     840.45    6265.28    5405.47    1016.04     996.48    4387.67    4501.89     554.07     893.27    5969.17    5736.92     925.62     764.20    3400.61    4075.66     705.73    1211.64
 4    1379.00    1464.64    1463.08    1097.69     871.08     733.61     732.94     811.07    1151.01    1577.47    1524.54    1281.61     978.46     839.98     903.24     723.27    1125.74    1583.67    1377.73    1212.90    1135.38    1225.25    1079.20    1139.84    1887.01    2746.56    2787.35
 1    4109.00    3891.89    3891.89    5260.33    5260.33    3871.56    3871.56    8154.76    8154.76    9250.16    9250.16    2892.58    2892.58    3308.38    3308.38    3956.11    3956.11    7908.98    7908.98   12559.01   12559.01   10614.45   10614.45    4929.54    4929.54    2934.16    2934.16
 2     783.00     741.31     741.31    1001.97    1001.97     737.44     737.44    1553.29    1553.29    1761.94    1761.94     550.97     550.97     630.17     630.17     753.54     753.54    1506.47    1506.47    2392.19    2392.19    2021.80    2021.80     938.96     938.96     558.89     558.89
 3    3537.00     593.86     669.03    6719.69    5447.49     720.57     580.55    6797.38    6028.12    1021.80    1004.66    3274.75    2958.05     705.23     623.22    1108.40    1141.73    3506.72    4339.13    4360.33    3924.56    7758.34    6518.17     835.59     924.59    2355.76    2879.09
 4    1379.00    1297.89    1259.19     954.65     973.56    1325.11    1800.76    1729.59    1243.67    1008.46     822.99     657.76     739.86     951.23    1493.96    2019.95    2704.06    2665.35    1945.35    1485.55    1549.38    1365.60    1273.59    1106.22    1081.62    1282.23    1111.81
 1    4109.00    4727.18    4727.18    2874.10    2874.10    4356.66    4356.66    4611.68    4611.68    2677.29    2677.29    4664.35    4664.35    5447.90    5447.90    7058.44    7058.44    3985.21    3985.21    2460.61    2460.61    1391.54    1391.54    3568.95    3568.95    3983.36    3983.36
 2     783.00     900.42     900.42     547.45     547.45     829.84     829.84     878.42     878.42     509.96     509.96     888.45     888.45    1037.70    1037.70    1344.46    1344.46     759.09     759.09     468.69     468.69     265.06     265.06     679.80     679.80     758.74     758.74
 3    3537.00    1073.25    1504.28    6046.38    5792.30     997.48    1177.68    6158.68    5855.99     860.48    1592.29    6812.54    7051.85    1654.70    1783.14   20822.38   19030.32    1131.37    1106.07    3302.15    2950.67     770.31     733.19    2045.39    2128.00     805.23     962.46
 4    1379.00    1638.47    1631.41    1214.47    1211.43    1229.98    1268.67    1110.80    1746.25    2085.78    1859.77    2057.24    1813.57    1704.70    1905.86     993.06     645.39    1002.40     816.46     613.80     652.60    1015.12    1116.47     938.32     920.58    1284.34    1322.70
 1    4109.00   13289.43   13289.43    7784.70    7784.70    4323.86    4323.86    1318.55    1318.55    1826.75    1826.75    4954.95    4954.95    7240.00    7240.00    4767.38    4767.38    4794.17    4794.17   11068.13   11068.13    4186.64    4186.64    8927.69    8927.69    8670.82    8670.82
 2     783.00    2531.32    2531.32    1482.80    1482.80     823.59     823.59     251.15     251.15     347.95     347.95     943.80     943.80    1379.05    1379.05     908.07     908.07     913.18     913.18    2108.22    2108.22     797.46     797.46    1700.51    1700.51    1651.58    1651.58
 3    3537.00    1264.55    1041.28    8767.93    6514.45    6514.45    6514.45    1444.37    3195.73     518.30     640.08    5377.99    6046.91     713.55    1079.23   11538.71    9315.65     736.62     954.74   15055.38    9648.18     488.85     665.83    7051.86    6228.15    1563.99    1338.00
 4    1379.00    1308.05    1171.60     598.38     553.21     553.21     553.21     894.20     969.85    1042.14    1128.70    1334.90    1436.26    1640.13    1386.34     558.97     897.99    1630.49    1521.76     674.20    1151.35    2671.08    2991.31    1955.44    1395.24    1048.71     977.90
 1    4109.00    1907.60    1907.60    2963.73    2963.73    6854.69    6854.69    7563.86    7563.86    9538.45    9538.45   14824.66   14824.66    8473.54    7445.04     468.01     468.01     569.65     569.65    2642.18    2642.18    7278.81    7278.81    9268.64    9268.64    5702.00    5702.00
 2     783.00     363.35     363.35     564.52     564.52    1305.66    1305.66    1440.74    1440.74    1816.85    1816.85    2823.74    2823.74    1614.01    1614.01      89.14      89.14     108.50     108.50     503.27     503.27    1386.44    1386.44    1765.46    1765.46    1086.10    1086.10
 3    3537.00     756.28    1080.82    3338.43    3917.80    1417.98    1733.20   11893.50    9821.66    1605.62    1534.10    9567.29    5759.62    5759.62    5759.62    1603.52      11.15     126.83     414.29    1330.78    1613.58   17090.39   13691.22    1124.86    1084.59    4740.11    5215.73
 4    1379.00    1353.90    1525.43    2153.64    1840.65    1927.79    2034.71    1690.14    1491.97    1701.10    1570.00     747.77     554.60     554.60     554.60     554.60     964.76    1645.68    1901.35    2368.72    2127.72    1413.33     973.67    1266.82    1758.06    1831.37    1568.23
 1    4109.00     867.17     867.17    3136.52    3136.52    3343.96    3343.96    3669.67    3669.67    4433.35    4433.35    5343.49    5343.49    6166.31    6166.31    4103.95    4103.95    8396.85    8396.85    7682.14    7682.14    5313.00    5313.00    8250.86    8250.86   11653.49   11653.49
 2     783.00     165.18     165.18     597.43     597.43     636.94     636.94     698.98     698.98     844.45     844.45    1017.81    1017.81    1174.54    1174.54     781.70     781.70    1599.40    1599.40    1463.26    1463.26    1012.00    1012.00    1571.59    1571.59    2219.71    2219.71
 3    3537.00     509.87     726.13    1403.36    1238.07    5707.67    6293.01    1164.02    1457.76    9322.52   10589.07    2803.37    2170.03   13274.72    9797.53    1277.91    1042.78   10282.90    8758.01    1130.17    1313.88    6196.59    5687.06    1188.74    1273.13   12968.22    9208.06
 4    1379.00    1175.71    1296.89    1313.17    1359.98    1560.50    1655.71    1939.63    2766.79    2698.94    2338.20    2082.70    1607.00     865.36    1379.04    1808.91    1618.38    1690.14    1400.02    1585.32    1620.82    1863.89    1667.90    1474.66    1301.21     823.75     612.89
 1    4109.00    2957.72    2957.72    3307.46    3307.46    6134.44    6134.44    8716.09    8716.09    6379.76    6379.76    6160.31    6160.31    2371.91    2371.91    3831.37    3831.37    8986.36    8986.36    7881.26    7881.26    2612.61    2612.61    5075.53    5075.53    7579.11    7579.11
 2     783.00     563.38     563.38     629.99     629.99    1168.46    1168.46    1660.21    1660.21    1215.19    1215.19    1173.39    1173.39     451.79     451.79     729.78     729.78    1711.69    1711.69    1501.19    1501.19     497.64     497.64     966.77     966.77    1443.64    1443.64
 3    3537.00     757.74     822.64    1924.51    2275.74    2706.57    2322.65   18333.95   18627.41     649.02     827.17    7988.89    6879.00     457.40     587.68    3492.79    3728.25     762.60     688.28    9472.09    6756.80     371.96     416.03     931.79    1186.35    4639.33    5405.75
 4    1379.00    1339.62    1618.33    1911.15    1773.10    1391.75    1465.39    1016.81     905.55    1115.50     912.29     627.10     751.55     927.03    1041.88    1181.89    1047.03    1020.73     985.05     580.65     658.92    1212.85    1619.62    1983.84    2457.53    2866.39    2413.41
 1    4109.00    7058.90    7058.90    4293.83    4293.83    3537.53    3537.53    6177.40    6177.40   10193.57   10193.57    9201.19    9201.19   12245.77   12245.77    6317.39    6317.39    2455.07    2455.07    1624.39    1624.39    2474.01    2474.01    1801.80    1801.80    1996.76    1996.76
 2     783.00    1344.55    1344.55     817.87     817.87     673.82     673.82    1176.65    1176.65    1941.63    1941.63    1752.61    1752.61    2332.53    2332.53    1203.31    1203.31     467.63     467.63     309.41     309.41     471.24     471.24     343.20     343.20     380.34     380.34
 3    3537.00    1658.39    1812.76   15556.40   12026.07     335.16     680.59   12169.78   13266.10     581.37    1340.15   20966.65   14917.64     920.23    1078.52    6588.40    5195.95     529.02     448.59     568.78     853.43    3091.49    2549.56     414.21     705.66     979.91     825.22
 4    1379.00    1510.43    1298.16     537.83     713.78    1187.02    1368.03    1519.47    2389.41    3180.45    2730.15    1022.04     988.04    1266.09     969.29     715.42     622.73     796.62     699.03     622.85     666.04     646.75     682.13     954.96     996.77    1020.70    1056.67
 1    4109.00    5197.04    5197.04    4442.59    4442.59    3969.97    3969.97    3237.23    3237.23    8079.92    8079.92   12032.33   12032.33    5250.17    5250.17    4820.97    4820.97    2938.32    2938.32    6309.07    6309.07    9016.85    9016.85   11539.84   11539.84   13781.46   13781.46
 2     783.00     989.91     989.91     846.21     846.21     756.18     756.18     616.62     616.62    1539.03    1539.03    2291.87    2291.87    1000.03    1000.03     918.28     918.28     559.68     559.68    1201.73    1201.73    1717.50    1717.50    2198.06    2198.06    2625.04    2625.04
 3    3537.00     932.86     953.95    7190.19    5980.79    1038.50     760.50     769.13    1197.10   16634.92   14804.26     986.61     807.54    9184.80    9952.11     389.99     681.99     850.93     854.19    6095.47    5845.19    1184.93    1154.58   10059.71   10248.01    1488.19    1254.64
 4    1379.00    1396.68    1391.18    1037.06     912.01    1200.77    1533.52    1801.91    1806.04    1168.34    1040.48    1177.09     992.20     702.67     590.15    1255.13    1423.87    1526.45    1551.26    1239.86    1648.77    1977.48    2335.86    2263.37    1994.16    1574.92    1448.88
 1    4109.00    2985.91    2985.91    4324.32    4324.32    8135.82    8135.82    9187.33    9187.33    5420.65    5420.65    3781.01    3781.01    7507.96    7507.96    7050.12    7050.12    2929.54    2929.54    2858.39    2858.39    5104.18    5104.18    3761.14    3761.14    5759.75    5759.75
 2     783.00     568.74     568.74     823.68     823.68    1549.68    1549.68    1749.97    1749.97    1032.50    1032.50     720.19     720.19    1430.09    1430.09    1342.88    1342.88     558.01     558.01     544.46     544.46     972.22     972.22     716.41     716.41    1097.10    1097.10
 3    3537.00     822.53     862.75    6393.40    6265.15    1021.91    1048.66    7246.82    5502.70     535.63     495.15     526.59     735.13   11194.31    8878.85    1193.84    1240.71    1071.66    1091.13    1840.00    2067.26    1424.76    1276.96    2907.23    2884.92    1097.16    1131.14
 4    1379.00    1357.20    1387.35    1601.22    1354.29    1413.03    1203.34     816.27     707.55     800.59    1275.16    2218.13    2101.01    1477.21    1083.00    1227.55    1272.45    1104.07    1211.73    1067.95    1108.56    1122.04    1244.98    1192.06     992.52    1000.49    1024.18
 1    4109.00    3745.90    3745.90    6236.54    6236.54    4464.77    4464.77   10296.59   10296.59   12009.69   12009.69    6041.57    6041.57    3152.69    3152.69    2899.51    2899.51    2605.68    2605.68    2516.05    2516.05    1922.84    1922.84    1806.42    1806.42    5756.98    5756.98
 2     783.00     713.50     713.50    1187.91    1187.91     850.43     850.43    1961.26    1961.26    2287.56    2287.56    1150.78    1150.78     600.51     600.51     552.29     552.29     496.32     496.32     479.25     479.25     366.26     366.26     344.08     344.08    1096.57    1096.57
 3    3537.00     684.79     717.44    5531.33    5679.43     886.10     673.20    4279.89    5223.31    1536.58    1787.70   14312.92   14234.41     878.17     556.61    2916.21    2620.01     654.53     719.61    1212.10    1177.12     756.72     788.81     987.80    1294.93    9371.67    7785.31
 4    1379.00    1160.00    1349.20    1230.49    1210.26    1496.89    2482.85    2429.06    1899.84    1376.35    1264.00     884.38     579.21     931.18     710.88     775.88     791.48     712.03     776.28     708.10     760.50     984.41    1589.66    1827.78    1506.00    1103.64    1091.07
 1    4109.00    6209.74    6209.74    6480.94    6480.94    3976.43    3976.43    2472.16    2472.16    2301.68    2301.68    4443.05    4443.05    5021.02    5021.02    4009.70    4009.70    2223.14    2223.14    4652.80    4652.80    6975.28    6975.28    5507.96    5507.96    7817.96    7817.96
 2     783.00    1182.81    1182.81    1234.46    1234.46     757.42     757.42     470.89     470.89     438.42     438.42     846.30     846.30     956.38     956.38     763.75     763.75     423.46     423.46     886.25     886.25    1328.62    1328.62    1049.14    1049.14    1489.14    1489.14
 3    3537.00     710.97    1101.55   13472.61    9159.24     413.76     352.60     576.53     392.38     698.91     737.86    2703.72    2785.28    1217.92    1102.48    6463.82    5835.72     842.76    1108.49    5680.58    5626.42    1526.69    1351.04    3512.61    3850.95    1160.24    1066.09
 4    1379.00    1417.34    1328.01     741.20     614.23     728.21     609.70     676.75     972.66    1558.04    1338.76    1204.85    1375.86    1162.61     957.71     761.05     890.01    1114.00    1645.17    1591.56    1339.95    1529.59    1385.84    1336.10    1342.55    1021.55     746.91
