              Isim, Ftarg, Btarg
   1 2019          0.3977734      21560.7846623       5544.3597106
   1 2021          0.3889990      21526.5604823       5518.8115936
   1 2023          0.4416455      21555.2578904       5695.2559543
   1 2025          0.4270215      21494.3189470       5657.0906699
   1 2027          0.4504199      21510.1371055       5693.3379446
   1 2029          0.4299463      21560.1221803       5635.4400867
   1 2031          0.4445703      21537.2974163       5669.4085446
   1 2033          0.4445703      21537.6078152       5676.6365268
   1 2035          0.4270215      21529.0069433       5633.4838540
   1 2037          0.4387207      21517.8558365       5651.4112384
   1 2039          0.4474951      21560.6690583       5679.9512745
   1 2041          0.4328711      21568.6480399       5632.6532445
   1 2043          0.4504199      21576.2018205       5690.8132570
   2 2019          0.3977734      21577.5690810       5548.6758269
   2 2021          0.3919238      21538.6112312       5541.0523338
   2 2023          0.4328711      21602.0099681       5686.9480983
   2 2025          0.4270215      21544.4972170       5666.9370607
   2 2027          0.4387207      21531.2784340       5659.8693334
   2 2029          0.4504199      21592.3796636       5695.0367440
   2 2031          0.4533447      21530.7079513       5702.2523581
   2 2033          0.4562695      21582.7184147       5713.9974934
   2 2035          0.4504199      21534.8104066       5695.3079219
   2 2037          0.4387207      21533.4566924       5653.7026450
   2 2039          0.4504199      21572.6576238       5700.1741368
   2 2041          0.4416455      21568.6943510       5680.0835874
   2 2043          0.3539014      21579.8544102       5198.0803101
   3 2019          0.3977734      21028.4788132       5407.4771644
   3 2021          0.3977734      20975.5003186       5433.4475311
   3 2023          0.4328711      20984.3633595       5534.6062631
   3 2025          0.3860742      21017.3637646       5396.1346277
   3 2027          0.4182471      21021.3800226       5497.5186346
   3 2029          0.4211719      21010.9117981       5499.6320983
   3 2031          0.4211719      21016.1126080       5499.3173134
   3 2033          0.4299463      21026.3198119       5503.0299778
   3 2035          0.4240967      20983.3112074       5502.7591860
   3 2037          0.3597510      21035.2909649       5179.4411152
   3 2039          0.3889990      20985.8488193       5368.1145931
   3 2041          0.3948486      20969.2037750       5435.0254141
   3 2043          0.3919238      21003.8826471       5409.9935181
   4 2019          0.3977734      21677.0767059       5574.2642309
   4 2021          0.3889990      21653.2417652       5523.7656171
   4 2023          0.3919238      21689.3968047       5578.2714099
   4 2025          0.3714502      21597.4970948       5428.2811642
   4 2027          0.3831494      21671.0508020       5469.9373346
   4 2029          0.4445703      21656.9581669       5732.3672764
   4 2031          0.3919238      21636.9535030       5551.2738083
   4 2033          0.4065479      21623.3991366       5565.7200797
   4 2035          0.3948486      21615.9580702       5555.7033829
   4 2037          0.3948486      21694.9723983       5595.9458636
   4 2039          0.3948486      21655.6558796       5576.9007571
   4 2041          0.3948486      21615.4367689       5555.4092417
   4 2043          0.3568262      21673.5354188       5281.4219357
   5 2019          0.3977734      22003.1739828       5658.1202051
   5 2021          0.3919238      21946.4150548       5643.0640871
   5 2023          0.4328711      21946.0582766       5790.0557288
   5 2025          0.3802246      21997.9965774       5591.3711609
   5 2027          0.4270215      21965.9292690       5787.6089534
   5 2029          0.3860742      22025.0767744       5640.4254643
   5 2031          0.4474951      21959.6681317       5823.3036337
   5 2033          0.3919238      21921.2659403       5664.5196032
   5 2035          0.3889990      22014.0059582       5652.2102147
   5 2037          0.3860742      21955.3933575       5607.1486633
   5 2039          0.3860742      21982.2025533       5568.6392844
   5 2041          0.3948486      21960.8009020       5674.6424347
   5 2043          0.4270215      21944.8840755       5780.4294319
   6 2019          0.3977734      22223.7691996       5714.8463054
   6 2021          0.3919238      22250.7903324       5722.2987816
   6 2023          0.4270215      22212.4050745       5842.1337856
   6 2025          0.3889990      22155.0342186       5713.0905909
   6 2027          0.4182471      22163.2345696       5798.3076253
   6 2029          0.3889990      22200.3523527       5701.4623568
   6 2031          0.3831494      22200.2335763       5631.0946428
   6 2033          0.3889990      22178.8002434       5697.0597787
   6 2035          0.3889990      22233.7733507       5708.1682762
   6 2037          0.3714502      22154.5643312       5547.2888950
   6 2039          0.4153223      22230.4773148       5775.5987710
   6 2041          0.4094727      22251.6771716       5780.9603873
   6 2043          0.4123975      22170.9563618       5776.3805923
   7 2019          0.3977734      21721.4355267       5585.6711097
   7 2021          0.3977734      21718.9039203       5620.9772972
   7 2023          0.4328711      21721.8715364       5717.1321464
   7 2025          0.4416455      21717.4498898       5728.9898555
   7 2027          0.4445703      21648.1558991       5728.3737613
   7 2029          0.4533447      21685.0186991       5745.0797465
   7 2031          0.3948486      21743.0244250       5526.3391611
   7 2033          0.3743750      21686.1086400       5397.0842504
   7 2035          0.4328711      21756.9074682       5725.6012426
   7 2037          0.4445703      21644.0776245       5746.7754098
   7 2039          0.4036230      21653.4819043       5557.5609284
   7 2041          0.3860742      21693.1265038       5492.8730789
   7 2043          0.3919238      21694.5098567       5582.8174182
   8 2019          0.3977734      21307.8194953       5479.3096718
   8 2021          0.3919238      21236.3113344       5422.4928308
   8 2023          0.4036230      21342.6714498       5467.5139170
   8 2025          0.3889990      21271.4523344       5446.0314957
   8 2027          0.4211719      21223.4717629       5596.1727056
   8 2029          0.4357959      21305.3875275       5614.0903622
   8 2031          0.4182471      21262.3190233       5548.0064985
   8 2033          0.4270215      21319.1467593       5539.3615475
   8 2035          0.3480518      21336.0631602       5013.5585383
   8 2037          0.3860742      21283.7029352       5405.1069995
   8 2039          0.4182471      21299.9706166       5587.9450961
   8 2041          0.4211719      21287.2317421       5588.2769619
   8 2043          0.4504199      21328.3815476       5627.0655101
   9 2019          0.3977734      21496.0447617       5527.7118334
   9 2021          0.3977734      21455.6322253       5561.3252586
   9 2023          0.4270215      21478.4334625       5653.0350777
   9 2025          0.4153223      21476.5913418       5610.0845200
   9 2027          0.4357959      21442.0213678       5616.2578568
   9 2029          0.4357959      21479.6037122       5620.0143374
   9 2031          0.4387207      21530.0340244       5634.7794906
   9 2033          0.4562695      21451.5128569       5690.2239339
   9 2035          0.4533447      21454.0430398       5685.9974311
   9 2037          0.3743750      21424.4222663       5346.4973769
   9 2039          0.4094727      21410.4100753       5554.2468333
   9 2041          0.3860742      21511.2052681       5468.3097142
   9 2043          0.4357959      21461.0753290       5655.7486705
  10 2019          0.3977734      21596.7512737       5553.6085313
  10 2021          0.3948486      21539.5961874       5577.2795024
  10 2023          0.3919238      21604.4951034       5557.1841973
  10 2025          0.3889990      21571.0936694       5504.3938596
  10 2027          0.3860742      21590.3306312       5460.8068184
  10 2029          0.3860742      21533.3819618       5436.8068321
  10 2031          0.3860742      21548.2540926       5443.3328146
  10 2033          0.3860742      21573.1782205       5453.8485531
  10 2035          0.3860742      21619.2335815       5472.0723515
  10 2037          0.3889990      21535.8063186       5492.1820263
  10 2039          0.3919238      21583.9104016       5507.6744687
  10 2041          0.3889990      21596.9999055       5550.5808741
  10 2043          0.4211719      21559.6700935       5637.0203218
  11 2019          0.3977734      21468.4703596       5520.6210708
  11 2021          0.3889990      21472.0178795       5492.2017966
  11 2023          0.4416455      21425.7269024       5674.0089712
  11 2025          0.4416455      21436.2484370       5673.7441468
  11 2027          0.4211719      21455.7214301       5612.0333190
  11 2029          0.4474951      21460.2082697       5655.0517993
  11 2031          0.4562695      21457.6928718       5686.4959607
  11 2033          0.4562695      21401.1127532       5693.7240436
  11 2035          0.4474951      21466.7345477       5671.0060794
  11 2037          0.4474951      21421.0342164       5662.9282160
  11 2039          0.3509766      21450.5545697       5089.1789887
  11 2041          0.3802246      21391.6172411       5424.2304384
  11 2043          0.4328711      21438.7593284       5648.8319650
  12 2019          0.3977734      21500.8403099       5528.9450095
  12 2021          0.3948486      21433.5063859       5539.9135194
  12 2023          0.3948486      21451.7196140       5545.8165856
  12 2025          0.3919238      21524.8611187       5525.9635176
  12 2027          0.3919238      21440.9876192       5495.4718115
  12 2029          0.3919238      21416.0213762       5485.5943358
  12 2031          0.4211719      21512.3861992       5600.2500854
  12 2033          0.3860742      21415.0968430       5485.9009427
  12 2035          0.4299463      21486.3681216       5654.1854831
  12 2037          0.3802246      21460.7515508       5464.9050469
  12 2039          0.4036230      21531.6427445       5544.3107807
  12 2041          0.4036230      21486.3281868       5561.1552641
  12 2043          0.4036230      21480.8155426       5563.2318255
  13 2019          0.3977734      21780.1809920       5600.7775168
  13 2021          0.4006982      21712.8349459       5640.3622609
  13 2023          0.4270215      21766.6562974       5716.8691268
  13 2025          0.3802246      21810.7829599       5528.4515186
  13 2027          0.3772998      21807.8638056       5455.7067646
  13 2029          0.4211719      21779.3571897       5684.3744059
  13 2031          0.4153223      21757.9439310       5685.6446202
  13 2033          0.4153223      21792.8656500       5664.3626827
  13 2035          0.3714502      21777.1409911       5401.3450568
  13 2037          0.4240967      21747.6077576       5703.6959532
  13 2039          0.3802246      21785.9241966       5514.0689437
  13 2041          0.4357959      21778.8819350       5738.7284568
  13 2043          0.3948486      21782.8725705       5634.3395630
  14 2019          0.3977734      21695.0600116       5578.8886412
  14 2021          0.3919238      21644.2616899       5583.3159051
  14 2023          0.4211719      21715.5220530       5682.4940963
  14 2025          0.3802246      21647.5902512       5512.9587916
  14 2027          0.4240967      21650.2505857       5699.8302031
  14 2029          0.3831494      21677.5770869       5514.8233316
  14 2031          0.3451270      21627.1844705       4952.2540581
  14 2033          0.4270215      21616.8357311       5694.8614587
  14 2035          0.3919238      21657.8392318       5582.0673474
  14 2037          0.4357959      21640.8409134       5695.4924413
  14 2039          0.3919238      21673.2699444       5563.5731260
  14 2041          0.3948486      21641.5970375       5597.0959807
  14 2043          0.3919238      21672.5194820       5563.3153512
  15 2019          0.3977734      22475.5354795       5779.5880502
  15 2021          0.3919238      22499.4052809       5786.4798363
  15 2023          0.4328711      22394.3597795       5917.4568512
  15 2025          0.3860742      22453.3113152       5741.3727106
  15 2027          0.4211719      22466.4673409       5857.3076836
  15 2029          0.3860742      22410.0561217       5743.2327416
  15 2031          0.4123975      22423.6577255       5827.5177259
  15 2033          0.3948486      22464.4231681       5787.4283581
  15 2035          0.4182471      22449.5596026       5851.7761284
  15 2037          0.3919238      22461.5463774       5775.0678314
  15 2039          0.3919238      22512.4469742       5789.7670962
  15 2041          0.3889990      22490.9554859       5739.2130625
  15 2043          0.3860742      22470.9778988       5678.3842876
  16 2019          0.3977734      22360.4423230       5749.9918240
  16 2021          0.3889990      22367.5351565       5734.1142760
  16 2023          0.4387207      22371.4153600       5896.5731936
  16 2025          0.3948486      22342.5127844       5784.9768851
  16 2027          0.3948486      22319.9179402       5779.1202833
  16 2029          0.3919238      22316.1840472       5738.1425592
  16 2031          0.3860742      22390.3970046       5667.0598371
  16 2033          0.3860742      22347.2005298       5650.0186241
  16 2035          0.3860742      22340.2613610       5647.1621207
  16 2037          0.3889990      22287.2578227       5681.8333117
  16 2039          0.3889990      22302.2587387       5687.2307392
  16 2041          0.4182471      22343.2811130       5834.7451187
  16 2043          0.3889990      22297.6269373       5733.0016342
  17 2019          0.3977734      22135.0515581       5692.0325477
  17 2021          0.4036230      22109.9643015       5742.7880548
  17 2023          0.4211719      22131.8632420       5781.9939172
  17 2025          0.3802246      22164.7386690       5624.8118647
  17 2027          0.4211719      22143.4134143       5766.6754906
  17 2029          0.3919238      22103.3679160       5675.8895474
  17 2031          0.4387207      22121.3048622       5844.7631450
  17 2033          0.3948486      22085.7602913       5706.2514357
  17 2035          0.3919238      22139.7565347       5676.8073978
  17 2037          0.3860742      22049.5331381       5653.9186481
  17 2039          0.4270215      22092.5504513       5813.8056466
  17 2041          0.3860742      22094.8813979       5682.6649092
  17 2043          0.3714502      22126.6615656       5518.3814748
  18 2019          0.3977734      22119.4660264       5688.0247254
  18 2021          0.3948486      22081.4083348       5688.5690333
  18 2023          0.4328711      22121.5930169       5828.7594363
  18 2025          0.4387207      22154.9466552       5836.9122209
  18 2027          0.4240967      22064.7972501       5787.7770551
  18 2029          0.4387207      22033.7377035       5795.7525937
  18 2031          0.4504199      22072.4122013       5837.5638122
  18 2033          0.4562695      22085.5461797       5863.3320778
  18 2035          0.4504199      22136.2396315       5847.5184304
  18 2037          0.4504199      22110.2643781       5842.8460610
  18 2039          0.4445703      22064.7638147       5824.3073734
  18 2041          0.4562695      22063.9640144       5854.1695304
  18 2043          0.3509766      22054.4876249       5268.9221856
  19 2019          0.3977734      21690.2644634       5577.6554651
  19 2021          0.3889990      21689.3314289       5559.1105503
  19 2023          0.4211719      21683.0845649       5692.8336278
  19 2025          0.3889990      21680.6627495       5581.0675587
  19 2027          0.3889990      21668.3825789       5579.1641526
  19 2029          0.3831494      21622.2862422       5515.6003082
  19 2031          0.3802246      21716.5646808       5502.4398711
  19 2033          0.3831494      21658.1931878       5517.3658694
  19 2035          0.4153223      21651.2945335       5634.4074367
  19 2037          0.3889990      21677.6630622       5550.4165118
  19 2039          0.4240967      21658.4981859       5666.8974327
  19 2041          0.3860742      21663.1411873       5533.5740386
  19 2043          0.4153223      21708.9644764       5636.5098336
  20 2019          0.3977734      22003.1739828       5658.1202051
  20 2021          0.3948486      21975.3452445       5666.8784855
  20 2023          0.4270215      21996.5071878       5786.1528555
  20 2025          0.4387207      21967.1144832       5804.1599099
  20 2027          0.4211719      21980.3200383       5732.0480632
  20 2029          0.4504199      21957.1892363       5799.7727570
  20 2031          0.4504199      22035.0144657       5808.8200677
  20 2033          0.4387207      22023.5150816       5773.6476837
  20 2035          0.4562695      21915.6429774       5829.9817976
  20 2037          0.4153223      21938.8128694       5735.9223602
  20 2039          0.3451270      21957.5536433       5118.8928217
  20 2041          0.4123975      21970.7025686       5733.3363795
  20 2043          0.3919238      22013.0461502       5676.2559070
  21 2019          0.3977734      21902.4674708       5632.2235072
  21 2021          0.3831494      21880.8099898       5560.0512848
  21 2023          0.4211719      21835.9793336       5696.6604865
  21 2025          0.3977734      21934.5670307       5633.6205815
  21 2027          0.4387207      21927.8783929       5786.1140606
  21 2029          0.4504199      21872.3780068       5805.6158802
  21 2031          0.4504199      21908.8630391       5793.3887916
  21 2033          0.4533447      21876.6840941       5795.2386007
  21 2035          0.3889990      21868.9636285       5519.9854784
  21 2037          0.3860742      21876.9656566       5590.2725571
  21 2039          0.4328711      21840.7448947       5776.7856753
  21 2041          0.4387207      21925.2206322       5780.2625886
  21 2043          0.4562695      21823.0789239       5808.1406718
  22 2019          0.3977734      21563.1824364       5544.9762987
  22 2021          0.3889990      21581.4954460       5524.0740701
  22 2023          0.4387207      21584.8224370       5691.9438709
  22 2025          0.4474951      21541.1907791       5706.2397381
  22 2027          0.4416455      21529.3332680       5685.6311546
  22 2029          0.4504199      21509.8571491       5687.8603664
  22 2031          0.4357959      21566.1598685       5643.4005169
  22 2033          0.4504199      21528.8314016       5688.5798536
  22 2035          0.4533447      21550.5064045       5704.5276369
  22 2037          0.3685254      21553.9031837       5323.5904739
  22 2039          0.3860742      21544.8103467       5492.5738217
  22 2041          0.4299463      21523.2079811       5665.6257243
  22 2043          0.4387207      21510.2460457       5675.9670177
  23 2019          0.3977734      21006.8988464       5401.9278720
  23 2021          0.3919238      20944.1943526       5394.0899365
  23 2023          0.4270215      21008.0701360       5527.5921349
  23 2025          0.3919238      21024.3617280       5403.2981860
  23 2027          0.4474951      20981.2315748       5540.1472970
  23 2029          0.4445703      20975.6709336       5544.6712685
  23 2031          0.3743750      20939.0118872       5309.6331468
  23 2033          0.3889990      20962.9379221       5393.3734965
  23 2035          0.3919238      21005.6766715       5426.8253881
  23 2037          0.3802246      20975.3317631       5302.6184421
  23 2039          0.3772998      20983.5632135       5266.9780401
  23 2041          0.3656006      20972.3736087       5143.9863531
  23 2043          0.4270215      21020.6392918       5509.3870258
  24 2019          0.3977734      21076.4342951       5419.8089253
  24 2021          0.3919238      21111.1895397       5416.8110402
  24 2023          0.4357959      21040.8331175       5551.3478796
  24 2025          0.4387207      21053.0231824       5554.0703248
  24 2027          0.3802246      21073.4995952       5285.1809504
  24 2029          0.3772998      21024.6706172       5294.2492185
  24 2031          0.4240967      21053.9898342       5518.4431421
  24 2033          0.3948486      21077.3639749       5443.3775660
  24 2035          0.4270215      21094.0467048       5524.4732252
  24 2037          0.3772998      21065.6087874       5316.4576533
  24 2039          0.4387207      21013.9615155       5566.4528684
  24 2041          0.4211719      21037.3002079       5522.7824971
  24 2043          0.4328711      21100.1725144       5503.4423377
  25 2019          0.3977734      21630.3201111       5562.2407640
  25 2021          0.3919238      21577.8867263       5553.4619158
  25 2023          0.4387207      21558.7906800       5714.5919940
  25 2025          0.4240967      21627.8361604       5679.5571081
  25 2027          0.4445703      21592.1514933       5697.9318248
  25 2029          0.3714502      21553.6614927       5322.1796047
  25 2031          0.4328711      21560.2072202       5690.7768575
  25 2033          0.4328711      21548.0643679       5691.2265512
  25 2035          0.4387207      21564.8746250       5697.6363261
  25 2037          0.4445703      21630.9788782       5699.5215530
  25 2039          0.4504199      21551.2311971       5711.7545112
  25 2041          0.4445703      21645.6413576       5700.0451110
  25 2043          0.4387207      21571.0321979       5675.2991060
  26 2019          0.3977734      21263.4606745       5467.9027929
  26 2021          0.3889990      21239.4780582       5432.9712769
  26 2023          0.4328711      21188.7686963       5592.2094062
  26 2025          0.3948486      21267.6422097       5495.7521763
  26 2027          0.3919238      21268.8599118       5446.9304355
  26 2029          0.3919238      21268.2272354       5446.6617273
  26 2031          0.3919238      21231.6888046       5430.5581119
  26 2033          0.3919238      21250.3976307       5438.9521170
  26 2035          0.3889990      21265.5804410       5382.5607943
  26 2037          0.3802246      21259.5561606       5348.0667786
  26 2039          0.4153223      21241.6266994       5523.6707241
  26 2041          0.3919238      21181.9153056       5446.5698613
  26 2043          0.3919238      21198.0501843       5451.4135390
  27 2019          0.3977734      21884.4841651       5627.5990968
  27 2021          0.3889990      21905.4123367       5604.7072769
  27 2023          0.4328711      21892.5300657       5765.8616352
  27 2025          0.4387207      21805.0055867       5777.1247341
  27 2027          0.4445703      21916.9176125       5770.3388658
  27 2029          0.4445703      21830.8070184       5759.5232864
  27 2031          0.4416455      21868.5238888       5744.7314053
  27 2033          0.4504199      21850.8303115       5769.3497317
  27 2035          0.4591943      21846.1067043       5802.8228009
  27 2037          0.3802246      21801.8315103       5468.1362682
  27 2039          0.3831494      21822.6908002       5544.1483923
  27 2041          0.3802246      21813.9539008       5484.0008096
  27 2043          0.4211719      21868.4359714       5700.5585942
  28 2019          0.3977734      21684.2700282       5576.1139950
  28 2021          0.3948486      21658.2783951       5584.4502365
  28 2023          0.4387207      21599.5178585       5720.3436209
  28 2025          0.3831494      21628.3846986       5521.0184325
  28 2027          0.4240967      21637.5634360       5664.8331928
  28 2029          0.3889990      21626.8736266       5539.1417987
  28 2031          0.4328711      21628.7750252       5704.7885249
  28 2033          0.4387207      21642.9963156       5711.3776567
  28 2035          0.4328711      21599.7943493       5679.3528247
  28 2037          0.3802246      21631.1352004       5484.4837530
  28 2039          0.4153223      21713.7969857       5619.6330140
  28 2041          0.3831494      21678.7940088       5461.2640185
  28 2043          0.4357959      21644.4109528       5722.8310638
  29 2019          0.3977734      22205.7858939       5710.2218950
  29 2021          0.3919238      22131.7490368       5693.1891076
  29 2023          0.4328711      22138.6548672       5851.8980069
  29 2025          0.4211719      22202.8986201       5815.4502324
  29 2027          0.4270215      22162.1500418       5776.7761866
  29 2029          0.4445703      22147.8911677       5833.6194991
  29 2031          0.4562695      22135.2606602       5879.8570263
  29 2033          0.4328711      22157.4048634       5813.2853917
  29 2035          0.4328711      22149.3978869       5792.8702835
  29 2037          0.4182471      22212.5064564       5740.6531869
  29 2039          0.3422021      22179.2875272       5016.7512311
  29 2041          0.3743750      22149.7212965       5548.4899297
  29 2043          0.4211719      22200.7767476       5790.6719734
  30 2019          0.3977734      22174.6148306       5702.2062504
  30 2021          0.3919238      22144.5799459       5696.1524560
  30 2023          0.4416455      22153.6517229       5858.5689649
  30 2025          0.3889990      22197.1324560       5705.1282918
  30 2027          0.3860742      22113.6583406       5660.1308785
  30 2029          0.3656006      22165.4842734       5462.9750130
  30 2031          0.4211719      22206.0570037       5780.4250337
  30 2033          0.3948486      22144.4697869       5734.3805872
  30 2035          0.4270215      22171.9018672       5831.9679887
  30 2037          0.4445703      22194.9082689       5857.3649393
  30 2039          0.4387207      22140.5918138       5834.6989373
  30 2041          0.4387207      22094.2013758       5828.6584362
  30 2043          0.4562695      22099.2046943       5871.7836668
  31 2019          0.3977734      22238.1558441       5718.5458336
  31 2021          0.3919238      22173.0305295       5715.2896187
  31 2023          0.4328711      22167.1281437       5861.3743891
  31 2025          0.4416455      22200.0401716       5873.8984068
  31 2027          0.4357959      22230.2556077       5848.4710445
  31 2029          0.4474951      22191.1103828       5864.0752589
  31 2031          0.4474951      22226.3759203       5859.9896494
  31 2033          0.3656006      22180.3994713       5445.6297204
  31 2035          0.3831494      22223.1291597       5642.6718202
  31 2037          0.4328711      22164.0841998       5857.5570739
  31 2039          0.4299463      22223.2534340       5851.4663911
  31 2041          0.4387207      22238.4093150       5863.6094917
  31 2043          0.3582886      22213.4814624       5417.0237893
  32 2019          0.3977734      22061.9194482       5673.2266123
  32 2021          0.3919238      22083.0093179       5672.3349309
  32 2023          0.4445703      22003.8780153       5832.0476081
  32 2025          0.4416455      22043.3490403       5823.4561466
  32 2027          0.4387207      21978.8622389       5790.0816443
  32 2029          0.4504199      22003.3638797       5818.1230560
  32 2031          0.4562695      22022.9353770       5840.4069343
  32 2033          0.4328711      22040.9261781       5764.0021288
  32 2035          0.3422021      22065.4538029       4975.2375133
  32 2037          0.3889990      22045.8804143       5608.3448171
  32 2039          0.4416455      22043.2033327       5828.0022233
  32 2041          0.3919238      22037.6296208       5652.9992068
  32 2043          0.4387207      22003.6766234       5815.5234882
  33 2019          0.3977734      21940.8318564       5642.0889159
  33 2021          0.3919238      21973.0523455       5674.3672425
  33 2023          0.4299463      21927.8835833       5769.5667947
  33 2025          0.3831494      21933.4681257       5610.3533962
  33 2027          0.4299463      21898.5516312       5770.3039762
  33 2029          0.3889990      21928.8337179       5628.2024276
  33 2031          0.4328711      21860.1794855       5770.7117566
  33 2033          0.3860742      21857.5843102       5606.2649110
  33 2035          0.3948486      21905.4448417       5594.3557864
  33 2037          0.3860742      21944.9307533       5589.9081385
  33 2039          0.4270215      21905.8929053       5769.9049795
  33 2041          0.3919238      21918.5701319       5658.8866081
  33 2043          0.3860742      21972.3891993       5607.0828150
  34 2019          0.3977734      22040.3394813       5667.6773198
  34 2021          0.3889990      21976.0594201       5612.5595431
  34 2023          0.4328711      21956.2048332       5784.9993814
  34 2025          0.3889990      22017.4039944       5638.2096860
  34 2027          0.4328711      22035.0709788       5803.7299109
  34 2029          0.3919238      21988.4366495       5673.5367563
  34 2031          0.3919238      22030.0064023       5682.2897922
  34 2033          0.3889990      22048.8382140       5653.5441972
  34 2035          0.4094727      22029.4985547       5705.2845895
  34 2037          0.3802246      21992.7305005       5560.9512739
  34 2039          0.3802246      21979.5725949       5557.8576690
  34 2041          0.3948486      21995.0517735       5666.8112154
  34 2043          0.4211719      21971.9298837       5745.0841068
  35 2019          0.3977734      22169.8192824       5700.9730743
  35 2021          0.3831494      22121.1812676       5593.5775361
  35 2023          0.4299463      22131.1287327       5815.6271980
  35 2025          0.3948486      22145.3893463       5698.8498328
  35 2027          0.4387207      22192.1295605       5845.2737258
  35 2029          0.4474951      22134.7160065       5859.2817160
  35 2031          0.4533447      22157.3142240       5865.8651185
  35 2033          0.4504199      22158.5048044       5851.8664138
  35 2035          0.3597510      22112.4423761       5336.7236283
  35 2037          0.4328711      22090.0443258       5823.9099402
  35 2039          0.3948486      22102.3527325       5718.1283893
  35 2041          0.4328711      22104.9404235       5831.0560631
  35 2043          0.4299463      22169.1561616       5825.0356661
  36 2019          0.3977734      22330.4701468       5742.2844734
  36 2021          0.3919238      22241.2649425       5722.9216404
  36 2023          0.4387207      22364.2276907       5893.0641384
  36 2025          0.3889990      22262.3120607       5722.3922291
  36 2027          0.4299463      22329.4834493       5862.4092349
  36 2029          0.4328711      22294.8795432       5867.0489835
  36 2031          0.4211719      22334.3326842       5828.7398714
  36 2033          0.3685254      22340.7026551       5502.1314650
  36 2035          0.4270215      22338.1951555       5852.8495953
  36 2037          0.3889990      22338.9856141       5743.5899729
  36 2039          0.4328711      22257.9189491       5885.6726046
  36 2041          0.4416455      22277.4797318       5892.9303643
  36 2043          0.4357959      22318.5918525       5860.6642148
  37 2019          0.3977734      22192.5981363       5706.8306608
  37 2021          0.3977734      22134.9976249       5736.6545432
  37 2023          0.4357959      22150.6165290       5849.2171651
  37 2025          0.3889990      22167.7135432       5701.5678888
  37 2027          0.3889990      22123.1653068       5693.6385719
  37 2029          0.3743750      22178.5596379       5591.3965338
  37 2031          0.4153223      22177.0840802       5765.5980330
  37 2033          0.3948486      22123.8276150       5733.0828759
  37 2035          0.4328711      22111.6204611       5842.3096791
  37 2037          0.4387207      22169.4612512       5848.1002665
  37 2039          0.4387207      22127.5638582       5825.4151483
  37 2041          0.4533447      22160.0061058       5867.1160668
  37 2043          0.4504199      22144.2719796       5859.9401699
  38 2019          0.3977734      21555.9891141       5543.1265345
  38 2021          0.3948486      21507.9135216       5557.6544559
  38 2023          0.4357959      21549.3710967       5682.7294924
  38 2025          0.4416455      21538.5583436       5691.4572903
  38 2027          0.4270215      21488.9677102       5629.6206185
  38 2029          0.4562695      21492.2296851       5704.4091087
  38 2031          0.4357959      21554.6266921       5655.5702095
  38 2033          0.3743750      21504.0873231       5427.4810445
  38 2035          0.3860742      21471.6641239       5526.4003028
  38 2037          0.3772998      21577.3663011       5423.6999071
  38 2039          0.4328711      21539.9660811       5672.3481420
  38 2041          0.3919238      21578.2165306       5561.6854201
  38 2043          0.4357959      21547.1479784       5686.6025743
  39 2019          0.3977734      21673.4800448       5573.3393488
  39 2021          0.3919238      21663.1895148       5565.0219875
  39 2023          0.4299463      21640.5280701       5698.8490283
  39 2025          0.3860742      21611.9500721       5547.3314941
  39 2027          0.4270215      21621.9821602       5694.8280911
  39 2029          0.4328711      21602.8921298       5702.8487406
  39 2031          0.4387207      21627.7165884       5708.1171486
  39 2033          0.4504199      21615.4521762       5723.4282090
  39 2035          0.4036230      21632.2715834       5549.1369541
  39 2037          0.3860742      21589.0980950       5492.8616507
  39 2039          0.4153223      21636.8096680       5621.7368141
  39 2041          0.3860742      21627.2130899       5526.4064061
  39 2043          0.4182471      21631.7481269       5642.1166441
  40 2019          0.3977734      21725.0321878       5586.5959918
  40 2021          0.3948486      21674.6583934       5602.0454933
  40 2023          0.4270215      21647.2976595       5714.4035314
  40 2025          0.3743750      21739.5226595       5494.6776528
  40 2027          0.3919238      21726.9233344       5575.8383962
  40 2029          0.3919238      21726.5524297       5575.7075980
  40 2031          0.4094727      21694.3126659       5611.5456802
  40 2033          0.3860742      21679.2176465       5529.2198826
  40 2035          0.3889990      21705.2934171       5570.0206422
  40 2037          0.3860742      21704.2883338       5535.3125711
  40 2039          0.3685254      21673.8179356       5394.1219486
  40 2041          0.3860742      21752.4767582       5511.2326392
  40 2043          0.3948486      21672.1010024       5564.7086413
  41 2019          0.3977734      21750.2088158       5593.0701663
  41 2021          0.3919238      21734.1047768       5609.4170558
  41 2023          0.4270215      21706.8859059       5721.1444703
  41 2025          0.4328711      21764.2712019       5728.0759397
  41 2027          0.4445703      21720.8750433       5735.7756457
  41 2029          0.4562695      21675.5695413       5760.8626844
  41 2031          0.4445703      21724.1928093       5729.5100465
  41 2033          0.3597510      21671.4812420       5237.8565579
  41 2035          0.3948486      21703.4580964       5537.5932722
  41 2037          0.3919238      21664.0390439       5556.4373887
  41 2039          0.4387207      21778.3083916       5743.2772395
  41 2041          0.3919238      21767.5803329       5605.4900677
  41 2043          0.4211719      21725.1903542       5686.0494779
  42 2019          0.3977734      21689.0655764       5577.3471711
  42 2021          0.3948486      21666.6711954       5600.9165563
  42 2023          0.4328711      21679.6744415       5712.6402935
  42 2025          0.4182471      21646.8741184       5662.5126813
  42 2027          0.4299463      21690.6463929       5649.9642638
  42 2029          0.4357959      21687.1041343       5673.2966427
  42 2031          0.4416455      21671.1447110       5696.0846350
  42 2033          0.4416455      21686.6659151       5707.9395205
  42 2035          0.4123975      21649.7424948       5618.6386912
  42 2037          0.4445703      21651.1587074       5701.2491094
  42 2039          0.4357959      21667.7725918       5686.2716176
  42 2041          0.4328711      21672.1647940       5664.6492327
  42 2043          0.3436646      21654.1534306       5015.5752285
  43 2019          0.3977734      21931.2407600       5639.6225637
  43 2021          0.3919238      21956.5841391       5654.1128582
  43 2023          0.4240967      21932.4229015       5753.6936487
  43 2025          0.3889990      21855.6971743       5641.3288301
  43 2027          0.3626758      21892.8136711       5362.5442243
  43 2029          0.4065479      21876.5492751       5653.7678385
  43 2031          0.4036230      21897.7554726       5678.0533396
  43 2033          0.4065479      21891.6365824       5648.1127988
  43 2035          0.4036230      21943.1395385       5660.6277566
  43 2037          0.4036230      21959.4505628       5654.4686677
  43 2039          0.4065479      21908.3591552       5641.8951993
  43 2041          0.4065479      21939.6283747       5630.4050677
  43 2043          0.3539014      21903.2601337       5255.1985021
  44 2019          0.3977734      21949.2240657       5644.2469741
  44 2021          0.3919238      21880.3121457       5642.1182339
  44 2023          0.4387207      21911.3051812       5788.2275038
  44 2025          0.4416455      21899.2058309       5792.6375186
  44 2027          0.4094727      21956.4647162       5667.5551930
  44 2029          0.4328711      21866.9084130       5720.0713638
  44 2031          0.4328711      21964.5384563       5727.3625926
  44 2033          0.4562695      21946.4463895       5810.6757675
  44 2035          0.4474951      21912.6442253       5797.5099759
  44 2037          0.4387207      21894.9895168       5763.6368371
  44 2039          0.4416455      21903.7297593       5761.9773986
  44 2041          0.4562695      21910.4294140       5808.9753937
  44 2043          0.4504199      21966.1167412       5798.0672186
  45 2019          0.3977734      21883.2852781       5627.2908028
  45 2021          0.3977734      21820.6890820       5663.5047731
  45 2023          0.4211719      21842.4477593       5748.3241256
  45 2025          0.4270215      21855.6358003       5734.4780485
  45 2027          0.4533447      21843.3775748       5790.7529748
  45 2029          0.4328711      21882.0193601       5730.3032876
  45 2031          0.4562695      21805.5489973       5790.2203376
  45 2033          0.4504199      21831.0349064       5781.2851241
  45 2035          0.4562695      21875.2978863       5799.5039984
  45 2037          0.4445703      21918.2050791       5777.0294299
  45 2039          0.4357959      21848.2486191       5754.4532264
  45 2041          0.3612134      21861.5629982       5347.8176626
  45 2043          0.3743750      21821.5779483       5481.5579914
  46 2019          0.3977734      21448.0892798       5515.3800725
  46 2021          0.3948486      21390.3169962       5532.1419492
  46 2023          0.4270215      21461.5034857       5632.0053560
  46 2025          0.3860742      21422.1076139       5494.1481297
  46 2027          0.3860742      21373.3182447       5486.4467886
  46 2029          0.3860742      21479.1225591       5464.4946907
  46 2031          0.4094727      21384.3069244       5533.7697297
  46 2033          0.3860742      21482.9419507       5469.3379105
  46 2035          0.4270215      21466.1403028       5637.2232656
  46 2037          0.3919238      21395.4914714       5526.0857312
  46 2039          0.4357959      21399.8054380       5651.4182918
  46 2041          0.3772998      21396.6587890       5427.9862928
  46 2043          0.3802246      21456.9325563       5463.0062832
  47 2019          0.3977734      21612.3368053       5557.6163536
  47 2021          0.3919238      21562.6471604       5561.3721524
  47 2023          0.4240967      21616.0656139       5671.1372976
  47 2025          0.3860742      21626.0585035       5552.5518296
  47 2027          0.4065479      21556.7995685       5593.6580790
  47 2029          0.3802246      21632.7511419       5467.1206804
  47 2031          0.3802246      21592.8660090       5458.0416502
  47 2033          0.3860742      21553.5670959       5516.6038787
  47 2035          0.3831494      21605.2302028       5495.2268194
  47 2037          0.3831494      21587.1082800       5503.6493139
  47 2039          0.4240967      21614.1591926       5658.4388024
  47 2041          0.4211719      21533.4164145       5660.6278550
  47 2043          0.4240967      21612.7806708       5668.6716768
  48 2019          0.3977734      21830.5342480       5613.7258658
  48 2021          0.3919238      21813.6547524       5614.0659282
  48 2023          0.3889990      21813.7688587       5573.3436265
  48 2025          0.3919238      21807.9841987       5612.5373865
  48 2027          0.3889990      21777.8184977       5562.0453661
  48 2029          0.3743750      21851.2095684       5490.4405055
  48 2031          0.3889990      21838.6332848       5560.5344689
  48 2033          0.3889990      21800.7015722       5593.9731731
  48 2035          0.3919238      21822.6746307       5630.4236217
  48 2037          0.3860742      21773.5890715       5551.9240571
  48 2039          0.4036230      21752.9459770       5612.4997154
  48 2041          0.3919238      21813.4054962       5597.1120918
  48 2043          0.4328711      21842.8004960       5748.1098548
  49 2019          0.3977734      21762.1976863       5596.1531065
  49 2021          0.3919238      21731.3215511       5578.9172842
  49 2023          0.4328711      21750.3267475       5723.0682215
  49 2025          0.4328711      21725.4547111       5723.9999803
  49 2027          0.4445703      21745.5610773       5734.5581963
  49 2029          0.4445703      21687.9357104       5728.4574393
  49 2031          0.4299463      21749.2578324       5678.7241165
  49 2033          0.4504199      21758.5296255       5742.0806378
  49 2035          0.4387207      21686.5471052       5712.2015957
  49 2037          0.4445703      21727.7052056       5721.6726725
  49 2039          0.3480518      21734.8925885       5115.0296833
  49 2041          0.3597510      21710.5921865       5260.5824151
  49 2043          0.3743750      21681.3605167       5466.2267173
  50 2019          0.3977734      22475.5354795       5779.5880502
  50 2021          0.3948486      22411.6819574       5783.2834679
  50 2023          0.4240967      22441.7088417       5904.9093418
  50 2025          0.3889990      22445.1712309       5787.7932363
  50 2027          0.4299463      22459.4471747       5914.0549662
  50 2029          0.3772998      22478.4491551       5698.5212057
  50 2031          0.3772998      22460.9826980       5647.6086883
  50 2033          0.3860742      22502.7504163       5757.5236231
  50 2035          0.3919238      22500.7734660       5794.9788937
  50 2037          0.3919238      22402.2533611       5770.5224883
  50 2039          0.3919238      22389.8282490       5767.2917660
  50 2041          0.3919238      22452.6118578       5783.2697151
  50 2043          0.3919238      22470.8992228       5787.7687231
