FL 2019 2020 2021 2022 2023 2024 2025 2026 2027 2028 2029 2030 2031 2032 2033 2034 2035 2036 2037 2038 2039 2040 2041 2042 2043 2044 2045
 1  0.7288134  0.6828411  0.6579774  0.6512885  0.6638481  0.7016242  0.6970106  0.6940757  0.6751472  0.6625764  0.6707317  0.6757951  0.6744171  0.6622496  0.6629856  0.6762644  0.6556533  0.5857642  0.4903017  0.6653691  0.7023415  0.7088290  0.7101760  0.7145367  0.7037910  0.6770992  0.6667647
 2  0.5725724  0.5257627  0.5117001  0.5082865  0.5614459  0.5967399  0.5957017  0.5704168  0.5114845  0.4747300  0.4877256  0.5305975  0.5473808  0.5343409  0.5260131  0.5432532  0.5471357  0.4931635  0.4636441  0.5995649  0.6221143  0.6229699  0.6074855  0.5961646  0.5815878  0.5614586  0.5369840
 3  0.7521145  0.7090282  0.6821926  0.6721335  0.6781947  0.7228770  0.7197557  0.7131393  0.6918015  0.6777610  0.6850360  0.6921504  0.6934694  0.6817842  0.6800318  0.6924718  0.6755656  0.6087067  0.4980232  0.6842997  0.7275551  0.7325757  0.7316175  0.7325875  0.7236331  0.6987221  0.6861871
 4  0.4566311  0.4242774  0.4172930  0.4086198  0.5085731  0.5390967  0.4990891  0.4309464  0.3706281  0.3637113  0.4135412  0.4662828  0.4686813  0.4309324  0.4288736  0.4736778  0.4821751  0.4107884  0.4394984  0.5529956  0.5580843  0.5383455  0.5006770  0.5004179  0.5078046  0.4693497  0.4239277
 1  0.7290193  0.6837882  0.6593659  0.6530651  0.6264381  0.6169838  0.6595772  0.6737338  0.6831449  0.6979606  0.6905161  0.6810590  0.6933177  0.6984353  0.7021986  0.7014476  0.7082628  0.7229098  0.7099394  0.7005861  0.6869703  0.6715971  0.6270770  0.5116356  0.4398443  0.6467642  0.6502217
 2  0.5731135  0.5265721  0.5119290  0.5095784  0.4895361  0.5101314  0.5528752  0.5645698  0.5665778  0.5697452  0.5571630  0.5436282  0.5485091  0.5517695  0.5537905  0.5528427  0.5761115  0.5950846  0.5896801  0.5647207  0.5294526  0.5158963  0.5079075  0.4500648  0.4462907  0.5784737  0.5772575
 3  0.7523618  0.7098613  0.6834010  0.6736641  0.6449386  0.6319716  0.6770131  0.6935278  0.7010767  0.7160480  0.7096216  0.6986498  0.7106468  0.7154041  0.7188821  0.7191773  0.7241819  0.7426621  0.7310891  0.7190178  0.7040156  0.6882566  0.6450403  0.5320814  0.4378236  0.6693322  0.6747667
 4  0.4573780  0.4241020  0.4159917  0.4115246  0.4005168  0.4564825  0.4930946  0.4789254  0.4760459  0.4833784  0.4589903  0.4499800  0.4543790  0.4555761  0.4643531  0.4531499  0.5022655  0.5252659  0.4896903  0.4392557  0.4140135  0.4313292  0.4459013  0.3902765  0.4406932  0.5326685  0.5217254
 1  0.7283085  0.6840857  0.6545412  0.6480220  0.6425546  0.6284113  0.6267778  0.6423884  0.6591606  0.6585608  0.6666643  0.6769856  0.6743417  0.6630335  0.6709090  0.6895943  0.6729803  0.6693362  0.6764406  0.6854641  0.6806504  0.6738251  0.6746341  0.6841353  0.7025052  0.7053887  0.6984575
 2  0.5726575  0.5268711  0.5081654  0.5200219  0.5299341  0.5205014  0.5146361  0.5330496  0.5514079  0.5470149  0.5412445  0.5421700  0.5534077  0.5547128  0.5652033  0.5691339  0.5559676  0.5537525  0.5628200  0.5652959  0.5499588  0.5302291  0.5278822  0.5643983  0.5943214  0.5992717  0.5807258
 3  0.7516802  0.7099972  0.6786858  0.6678698  0.6613956  0.6486606  0.6445763  0.6590279  0.6781487  0.6783737  0.6851914  0.6934867  0.6915267  0.6839706  0.6900656  0.7081871  0.6919961  0.6881490  0.6956385  0.7044490  0.6996794  0.6914421  0.6908111  0.7008547  0.7227107  0.7272696  0.7189061
 4  0.4573648  0.4236758  0.4142241  0.4439391  0.4622058  0.4357559  0.4316186  0.4699096  0.4813212  0.4599501  0.4378233  0.4538075  0.4903932  0.4811512  0.4800923  0.4811126  0.4743404  0.4796567  0.4828818  0.4770331  0.4475829  0.4212624  0.4456924  0.5062798  0.5303800  0.5147298  0.4637754
 1  0.7292546  0.6838950  0.6633356  0.6592665  0.6423629  0.6356224  0.6498491  0.6707819  0.6900547  0.7102440  0.7124131  0.7125571  0.7114055  0.7016614  0.7049635  0.7094749  0.7051322  0.7051601  0.6990430  0.6987310  0.6875152  0.6867285  0.6800314  0.6742750  0.6473067  0.6275956  0.6503120
 2  0.5718989  0.5260567  0.5151642  0.5153117  0.5045597  0.5018567  0.5193826  0.5407708  0.5732778  0.5947623  0.5957114  0.5871632  0.5709333  0.5544641  0.5427621  0.5363820  0.5378200  0.5447313  0.5507944  0.5527032  0.5638117  0.5748098  0.5671398  0.5411172  0.4959818  0.4945348  0.5229840
 3  0.7524902  0.7101951  0.6874010  0.6796127  0.6605248  0.6532172  0.6661794  0.6875401  0.7068822  0.7297868  0.7332073  0.7307416  0.7293009  0.7198785  0.7212175  0.7251269  0.7206610  0.7219768  0.7165888  0.7160959  0.7050212  0.7071608  0.7014272  0.6929665  0.6640757  0.6433861  0.6673804
 4  0.4556608  0.4248787  0.4177069  0.4168597  0.4181972  0.4180491  0.4416830  0.4656480  0.5056491  0.5241445  0.5003344  0.4802106  0.4738236  0.4457721  0.4270263  0.4233781  0.4464217  0.4577764  0.4563188  0.4614952  0.4952393  0.5067589  0.4677252  0.4151242  0.3944135  0.4309398  0.4527952
 1  0.7307392  0.6865184  0.6615264  0.6565078  0.6634937  0.6809754  0.6828414  0.6898886  0.6660530  0.6524022  0.6300773  0.5824334  0.6158969  0.6765699  0.6837768  0.6932696  0.6363992  0.5902814  0.6238063  0.6818470  0.6861805  0.6903965  0.6636181  0.6396471  0.6296359  0.6257208  0.6714614
 2  0.5709265  0.5258337  0.5122589  0.5160702  0.5385999  0.5591620  0.5655215  0.5639634  0.5476405  0.5415625  0.5161808  0.4647057  0.5399841  0.5890131  0.5970873  0.5862757  0.5150973  0.4677501  0.5378948  0.5850799  0.5892854  0.5718526  0.5209051  0.4939539  0.4911373  0.5333513  0.5824963
 3  0.7534590  0.7123403  0.6855363  0.6768234  0.6806744  0.6995913  0.7017864  0.7085657  0.6849462  0.6720024  0.6520151  0.6009219  0.6258562  0.6979250  0.7063887  0.7134208  0.6564114  0.6080293  0.6354738  0.7021878  0.7085111  0.7092319  0.6809790  0.6571785  0.6465512  0.6407841  0.6901883
 4  0.4540021  0.4236161  0.4166367  0.4246471  0.4690324  0.4859827  0.4807940  0.4724047  0.4688985  0.4718643  0.4180546  0.3769286  0.5029875  0.5366275  0.5124528  0.4785982  0.4135521  0.3858409  0.4963858  0.5303854  0.4951816  0.4465812  0.4161242  0.4049243  0.4162665  0.4879086  0.5259666
 1  0.7296156  0.6865591  0.6564122  0.6465164  0.6184328  0.5988087  0.6127079  0.6446154  0.6825430  0.6954205  0.6927479  0.6919235  0.6909841  0.6963275  0.6999507  0.6997590  0.6671184  0.6353257  0.6274546  0.6298008  0.6577564  0.6912407  0.7052774  0.7038272  0.6813019  0.6791160  0.6946477
 2  0.5721350  0.5269808  0.5083537  0.5102907  0.5033417  0.4967170  0.5100828  0.5488885  0.5850958  0.5930216  0.5772676  0.5473390  0.5249306  0.5362289  0.5553723  0.5605828  0.5264121  0.4951763  0.5164526  0.5420994  0.5735983  0.5975711  0.6024805  0.5896821  0.5499290  0.5567696  0.5741860
 3  0.7525046  0.7121357  0.6804792  0.6670645  0.6368385  0.6176711  0.6302350  0.6599080  0.7015085  0.7169363  0.7132162  0.7093474  0.7061480  0.7122596  0.7174103  0.7181954  0.6862963  0.6525285  0.6427083  0.6487376  0.6762956  0.7104818  0.7272262  0.7242401  0.6988311  0.6963344  0.7142005
 4  0.4555682  0.4230816  0.4149025  0.4238455  0.4339370  0.4255693  0.4358503  0.4933274  0.5244758  0.5122520  0.4616372  0.4107042  0.4242055  0.4603654  0.4756898  0.4650896  0.4172794  0.4067460  0.4641563  0.4860468  0.5066058  0.5311925  0.5221174  0.4745321  0.4493512  0.4922060  0.4975530
 1  0.7282820  0.6799588  0.6472270  0.6391557  0.6482710  0.6509338  0.6605090  0.6736785  0.6764982  0.6764211  0.6693335  0.6710801  0.6929777  0.6862752  0.6909831  0.6968975  0.6760224  0.6513764  0.6728590  0.7105801  0.7094112  0.7107336  0.7022037  0.6953600  0.6933485  0.6934877  0.6732261
 2  0.5697585  0.5240958  0.5065796  0.5139186  0.5235784  0.5174352  0.5060247  0.4993741  0.4997431  0.5047947  0.5125992  0.5559632  0.5928746  0.5919066  0.5851046  0.5678370  0.5286416  0.5028612  0.5684894  0.6067751  0.6130511  0.6039707  0.5810945  0.5609640  0.5399151  0.5209548  0.4909754
 3  0.7517544  0.7067786  0.6721313  0.6596038  0.6670571  0.6694406  0.6768062  0.6885657  0.6915299  0.6922144  0.6855149  0.6860347  0.7133859  0.7093370  0.7120655  0.7149848  0.6932249  0.6692892  0.6860830  0.7323557  0.7325597  0.7311462  0.7215833  0.7144202  0.7107224  0.7094385  0.6890563
 4  0.4555172  0.4257960  0.4158753  0.4344064  0.4413815  0.4134511  0.3875140  0.3904986  0.4064214  0.4114957  0.4251601  0.5028938  0.5355141  0.5145550  0.4792955  0.4487502  0.4287785  0.4110164  0.5176977  0.5500608  0.5294587  0.5031127  0.4848975  0.4562513  0.4207726  0.3968894  0.3791807
 1  0.7315684  0.6873634  0.6678882  0.6638553  0.6670538  0.6762369  0.6840069  0.7007367  0.6958572  0.6954054  0.6847112  0.6742080  0.6680079  0.6609758  0.6463684  0.6298405  0.6754748  0.7144918  0.7014266  0.6942395  0.6509972  0.5795037  0.5720413  0.5810621  0.6364670  0.6711256  0.6984742
 2  0.5697771  0.5246284  0.5165921  0.5152363  0.5078768  0.5015603  0.5319111  0.5726863  0.5867836  0.5872478  0.5739199  0.5508475  0.5237586  0.5015452  0.4903130  0.5032575  0.5891271  0.6166135  0.6070756  0.5824155  0.5277536  0.4776420  0.4665822  0.4940993  0.5433325  0.5760736  0.5988637
 3  0.7537993  0.7128878  0.6916135  0.6844269  0.6848698  0.6916676  0.6978057  0.7188862  0.7164290  0.7163557  0.7058109  0.6938394  0.6861067  0.6776491  0.6624472  0.6464275  0.6885680  0.7381342  0.7256734  0.7139793  0.6692662  0.6002762  0.5899950  0.5954170  0.6531950  0.6888339  0.7177575
 4  0.4515532  0.4227631  0.4211592  0.4106749  0.3900693  0.3866254  0.4704870  0.5127366  0.5128054  0.5078531  0.4827614  0.4458963  0.4097535  0.3953556  0.4080033  0.4395907  0.5391106  0.5574202  0.5110575  0.4639372  0.4447916  0.4008843  0.3890912  0.4466660  0.4853365  0.5099411  0.5297995
 1  0.7286303  0.6827316  0.6526509  0.6419591  0.6099536  0.6021429  0.6359407  0.6614300  0.6970838  0.7108884  0.7097063  0.7080226  0.6879517  0.6720642  0.6752350  0.6730668  0.6717090  0.6753994  0.6966482  0.6984499  0.7059857  0.7142975  0.7140155  0.7236187  0.7327338  0.7175716  0.7094053
 2  0.5686480  0.5247601  0.5081935  0.5032452  0.4871295  0.5065575  0.5405864  0.5714419  0.5996123  0.6090713  0.5983497  0.5756895  0.5303500  0.5063304  0.5042472  0.4958767  0.4917015  0.5236479  0.5586588  0.5701398  0.5758512  0.5788096  0.5724650  0.6035423  0.6216658  0.6171771  0.5940738
 3  0.7517398  0.7089221  0.6770741  0.6630546  0.6281260  0.6180206  0.6539783  0.6788284  0.7167200  0.7324559  0.7306890  0.7265958  0.7047475  0.6884069  0.6917284  0.6889217  0.6868062  0.6899043  0.7142333  0.7171704  0.7233671  0.7325854  0.7323091  0.7393906  0.7564881  0.7416748  0.7298177
 4  0.4547156  0.4242532  0.4157935  0.4074038  0.4120781  0.4546496  0.4770121  0.5087813  0.5340826  0.5306750  0.4965096  0.4480265  0.4114840  0.4114010  0.3984832  0.3808347  0.3876173  0.4614013  0.4893951  0.4776619  0.4853613  0.4898246  0.4646762  0.5374827  0.5604909  0.5269562  0.4624793
 1  0.7290541  0.6815356  0.6499640  0.6463384  0.6630346  0.6581869  0.6627085  0.6738618  0.6824845  0.6825335  0.6925984  0.6968020  0.6909475  0.6905542  0.7079895  0.7114185  0.7073712  0.6982663  0.6920663  0.6889907  0.6556991  0.6275590  0.6432475  0.6313344  0.6607879  0.6907573  0.6928714
 2  0.5720311  0.5252907  0.5077687  0.5304569  0.5503802  0.5405048  0.5167936  0.5006419  0.5065731  0.5260575  0.5555955  0.5647575  0.5528457  0.5565821  0.5816461  0.5971993  0.5955358  0.5820844  0.5573292  0.5228640  0.4738819  0.4840893  0.5290456  0.5346226  0.5705596  0.5885184  0.5827976
 3  0.7524456  0.7079812  0.6745900  0.6657147  0.6827768  0.6787740  0.6800451  0.6884866  0.6973398  0.6985667  0.7097557  0.7155291  0.7094634  0.7066456  0.7263643  0.7315036  0.7283479  0.7191416  0.7110274  0.7056845  0.6712031  0.6419655  0.6609164  0.6514382  0.6783793  0.7113402  0.7137466
 4  0.4569095  0.4252592  0.4171509  0.4637512  0.4798777  0.4343705  0.3785452  0.3896387  0.4223245  0.4524022  0.4795064  0.4760275  0.4439088  0.4779098  0.5147662  0.5226004  0.5140608  0.4830043  0.4343582  0.3843909  0.3659161  0.4311319  0.4709462  0.4674773  0.5072034  0.5172194  0.4805676
 1  0.7304056  0.6862981  0.6637362  0.6589847  0.6619147  0.6715292  0.6814824  0.6952855  0.6888230  0.6824467  0.6919477  0.6992966  0.7072622  0.6935101  0.6883628  0.6910505  0.6742559  0.6595605  0.6750714  0.6766759  0.6776055  0.6779528  0.6850006  0.6905313  0.6709070  0.6561005  0.6658841
 2  0.5719358  0.5261459  0.5134041  0.5144458  0.5202118  0.5285512  0.5448390  0.5575512  0.5456392  0.5274066  0.5306573  0.5650109  0.5907707  0.5891341  0.5796813  0.5699785  0.5445372  0.5293032  0.5417956  0.5416973  0.5315055  0.5249366  0.5363606  0.5465755  0.5344683  0.5203476  0.5378464
 3  0.7532408  0.7121606  0.6876415  0.6792853  0.6796228  0.6886170  0.6978499  0.7130243  0.7074938  0.6987563  0.7078932  0.7153198  0.7273779  0.7159138  0.7087163  0.7104400  0.6937041  0.6769236  0.6927536  0.6951527  0.6948199  0.6944294  0.7011196  0.7083404  0.6897936  0.6735916  0.6827148
 4  0.4545313  0.4234454  0.4161534  0.4177769  0.4321612  0.4401566  0.4656449  0.4729745  0.4319719  0.4176137  0.4407406  0.5008263  0.5281750  0.5070012  0.4878012  0.4771718  0.4438585  0.4459300  0.4617865  0.4458945  0.4253870  0.4265585  0.4562358  0.4634343  0.4367156  0.4313800  0.4663082
 1  0.7281665  0.6808930  0.6551256  0.6508106  0.6516965  0.6493630  0.6532089  0.6593430  0.6581702  0.6670906  0.6781283  0.7039827  0.7085143  0.7142007  0.6977388  0.6883384  0.6861296  0.6843863  0.6707775  0.6331794  0.6696072  0.6815995  0.6877924  0.7018868  0.7090951  0.6949350  0.6926044
 2  0.5709774  0.5244168  0.5113228  0.5194223  0.5245777  0.5193715  0.5099229  0.5017858  0.5150768  0.5418590  0.5790357  0.6019627  0.6113614  0.6079893  0.5799241  0.5469532  0.5174221  0.5149899  0.5317615  0.5453139  0.5745219  0.5803085  0.5730415  0.5847943  0.5926766  0.5837023  0.5702213
 3  0.7515019  0.7073161  0.6795702  0.6711649  0.6704371  0.6680009  0.6703537  0.6755773  0.6734173  0.6849934  0.6956646  0.7249200  0.7303443  0.7359791  0.7184367  0.7064103  0.7027204  0.6994243  0.6877149  0.6519902  0.6894367  0.7025088  0.7068186  0.7189140  0.7301780  0.7161972  0.7119773
 4  0.4557197  0.4247425  0.4188317  0.4355485  0.4431942  0.4246303  0.4051471  0.3992675  0.4468724  0.4777191  0.5158859  0.5375845  0.5357504  0.5190868  0.4681187  0.4245257  0.3945359  0.4274132  0.4694770  0.4885290  0.5085065  0.4938765  0.4746460  0.5116552  0.5216277  0.4918837  0.4714149
 1  0.7281973  0.6811210  0.6550984  0.6472191  0.6496477  0.6780896  0.6875744  0.6931157  0.6968100  0.7025711  0.7088358  0.7147255  0.6926211  0.6632655  0.6585580  0.6636234  0.6781333  0.6916388  0.7082874  0.6961664  0.6921765  0.6971939  0.6918548  0.6862853  0.6888862  0.6979555  0.7056729
 2  0.5743464  0.5256035  0.5112957  0.5058612  0.5258698  0.5575997  0.5683700  0.5583273  0.5329495  0.5035820  0.4935725  0.5254634  0.5457120  0.5433444  0.5441343  0.5461167  0.5503835  0.5776914  0.5979146  0.5916909  0.5732517  0.5512926  0.5304162  0.5296272  0.5592221  0.5988560  0.6071623
 3  0.7516029  0.7071254  0.6792630  0.6684849  0.6662682  0.6956746  0.7070537  0.7111486  0.7129921  0.7169440  0.7216732  0.7292545  0.7104528  0.6832213  0.6783132  0.6817282  0.6966861  0.7076669  0.7290540  0.7191650  0.7119850  0.7141550  0.7082429  0.7024698  0.7061097  0.7167993  0.7299386
 4  0.4584144  0.4238650  0.4204335  0.4055265  0.4558961  0.4932014  0.4795377  0.4379841  0.3918819  0.3513114  0.3894960  0.4472067  0.4731289  0.4682120  0.4575710  0.4658301  0.4598578  0.5094313  0.5359474  0.5017613  0.4526137  0.4316522  0.4282277  0.4491877  0.4944421  0.5405718  0.5405476
 1  0.7281184  0.6804225  0.6504461  0.6410729  0.5907338  0.5763117  0.6492088  0.6657189  0.6516272  0.6346446  0.6603933  0.6847337  0.6680465  0.6441849  0.6442355  0.6486893  0.6684967  0.6829480  0.6906174  0.7102720  0.7086033  0.7060650  0.6789427  0.6531321  0.6643388  0.6736056  0.6794209
 2  0.5729084  0.5253939  0.5086662  0.5060723  0.4787500  0.5175350  0.5710011  0.5793872  0.5516934  0.5282510  0.5562007  0.5813488  0.5697290  0.5415058  0.5244373  0.5218569  0.5573270  0.5759328  0.5919831  0.6000881  0.5922894  0.5682141  0.5049769  0.4654090  0.4914407  0.5309186  0.5457209
 3  0.7517145  0.7069668  0.6750843  0.6621994  0.6091052  0.5880135  0.6680176  0.6876991  0.6730881  0.6535144  0.6769301  0.7044430  0.6901288  0.6655857  0.6635761  0.6652809  0.6844374  0.7038194  0.7098964  0.7304842  0.7295764  0.7243716  0.6954319  0.6683550  0.6786019  0.6904819  0.6979095
 4  0.4576816  0.4254499  0.4177908  0.4136132  0.4086992  0.4817215  0.5183009  0.5034100  0.4582840  0.4453097  0.4955131  0.5170951  0.4927005  0.4510902  0.4217406  0.4414817  0.5019010  0.5070491  0.5136420  0.5229337  0.4923341  0.4316967  0.3617035  0.3610426  0.4253438  0.4637387  0.4544588
 1  0.7289669  0.6799096  0.6503648  0.6448425  0.6540623  0.6667026  0.6717608  0.6775542  0.6860539  0.6975936  0.7090515  0.7209513  0.7257178  0.7159197  0.6935266  0.6806111  0.6867016  0.6968765  0.6871092  0.6776653  0.6863049  0.6863583  0.6873740  0.6923716  0.7047053  0.7141859  0.7177909
 2  0.5742236  0.5244783  0.5092881  0.5212734  0.5456816  0.5573879  0.5513350  0.5267274  0.4953020  0.4793363  0.5244276  0.5967779  0.6167449  0.6106889  0.5626670  0.5098222  0.4890926  0.4991047  0.5306930  0.5593823  0.5763296  0.5725602  0.5583541  0.5486004  0.5562941  0.5750121  0.5876528
 3  0.7523603  0.7061980  0.6748914  0.6652709  0.6721574  0.6866207  0.6912903  0.6945369  0.7009489  0.7106968  0.7221278  0.7387270  0.7490984  0.7382388  0.7125359  0.6969973  0.7011278  0.7107276  0.7030008  0.6958901  0.7066449  0.7067620  0.7059825  0.7091856  0.7211593  0.7313611  0.7367517
 4  0.4578898  0.4245232  0.4212420  0.4448301  0.4813733  0.4808806  0.4414003  0.3876453  0.3444510  0.3560497  0.4656101  0.5427498  0.5483574  0.5021945  0.4203298  0.3689295  0.3724364  0.4111719  0.4623395  0.4973129  0.5015791  0.4776299  0.4491833  0.4487074  0.4710982  0.4980626  0.5074221
 1  0.7287269  0.6811145  0.6538076  0.6455530  0.6507641  0.6702641  0.6682996  0.6613809  0.6691007  0.6693653  0.6662401  0.6609588  0.6614211  0.6676792  0.6438025  0.6217850  0.6751003  0.7102880  0.7049813  0.7026759  0.6783808  0.6602481  0.6680730  0.6798859  0.6742359  0.6696272  0.6759478
 2  0.5719461  0.5247374  0.5106238  0.5061034  0.5115176  0.5317094  0.5446227  0.5527755  0.5594891  0.5628206  0.5675339  0.5638794  0.5548640  0.5421176  0.5212316  0.5294409  0.5949268  0.6159079  0.6098921  0.5839008  0.5149273  0.4563731  0.4730350  0.5377390  0.5714613  0.5749787  0.5853338
 3  0.7520538  0.7075128  0.6783129  0.6668052  0.6685116  0.6863812  0.6861531  0.6802784  0.6889984  0.6884586  0.6851165  0.6828072  0.6822662  0.6854435  0.6611962  0.6389592  0.6905599  0.7338195  0.7283959  0.7222310  0.6954520  0.6751279  0.6809723  0.6961517  0.6935933  0.6915217  0.6965568
 4  0.4562514  0.4249534  0.4194274  0.4072055  0.4201966  0.4551900  0.4746433  0.4830408  0.4812211  0.4853004  0.5046302  0.4903303  0.4536831  0.4406910  0.4478826  0.4742829  0.5412597  0.5528461  0.5127044  0.4453280  0.3586423  0.3212243  0.4080257  0.4841054  0.5107259  0.5081155  0.5101326
 1  0.7276935  0.6809570  0.6480111  0.6377745  0.6353666  0.6449381  0.6602894  0.6671432  0.6730563  0.6847337  0.6975400  0.7025497  0.7000554  0.7065777  0.7198811  0.7112670  0.6720339  0.6491211  0.6742390  0.6849399  0.6702429  0.6525042  0.6492833  0.6417854  0.6444249  0.6770314  0.6860441
 2  0.5721492  0.5253584  0.5059704  0.5096307  0.5236167  0.5406863  0.5479045  0.5388910  0.5321132  0.5453491  0.5609991  0.5652736  0.5614718  0.5887955  0.6057839  0.5992952  0.5324562  0.4943842  0.5406333  0.5655603  0.5530448  0.5201852  0.5019409  0.4911906  0.5274151  0.5736758  0.5841790
 3  0.7511928  0.7072493  0.6725753  0.6584356  0.6532350  0.6633107  0.6795482  0.6852748  0.6894100  0.7011974  0.7153404  0.7204437  0.7173278  0.7234376  0.7418861  0.7330328  0.6912270  0.6641699  0.6895757  0.7047691  0.6912646  0.6712515  0.6660439  0.6592134  0.6589499  0.6956967  0.7077782
 4  0.4573467  0.4243489  0.4156715  0.4280399  0.4570616  0.4734533  0.4595065  0.4323644  0.4392725  0.4702262  0.4783064  0.4669824  0.4686545  0.5258128  0.5376111  0.4896196  0.3822183  0.4074238  0.4881593  0.4966464  0.4505452  0.4068317  0.4072799  0.4021038  0.4735147  0.5190231  0.4997668
 1  0.7285885  0.6862115  0.6631204  0.6595087  0.6443936  0.6276873  0.6579535  0.6733844  0.6382726  0.6095217  0.6368339  0.6784867  0.6832874  0.6905636  0.6822547  0.6625537  0.6805247  0.6895533  0.6866927  0.6976256  0.7132577  0.7085095  0.7069765  0.7079493  0.6904922  0.6846780  0.7073038
 2  0.5713707  0.5273137  0.5124501  0.5236507  0.5265781  0.5298346  0.5521983  0.5546525  0.5032988  0.4599059  0.5189445  0.5668854  0.5756649  0.5752195  0.5653609  0.5587636  0.5710971  0.5710424  0.5558714  0.5727901  0.5936205  0.5931694  0.5770179  0.5502790  0.4978886  0.5165698  0.5700901
 3  0.7516385  0.7118951  0.6868544  0.6790465  0.6631734  0.6464505  0.6760081  0.6926646  0.6574776  0.6259910  0.6496128  0.6971360  0.7041277  0.7084428  0.7014357  0.6828141  0.6998350  0.7093120  0.7047921  0.7135624  0.7336206  0.7295116  0.7258022  0.7247704  0.7058823  0.6974556  0.7252167
 4  0.4556943  0.4230688  0.4138119  0.4423763  0.4571591  0.4619019  0.4789556  0.4587177  0.3853694  0.3638068  0.4736571  0.5107919  0.4839221  0.4824750  0.4921961  0.4854685  0.4931011  0.4749688  0.4508598  0.5050833  0.5258467  0.4986193  0.4566163  0.4096216  0.3509718  0.4601902  0.5133239
 1  0.7287496  0.6819100  0.6537429  0.6447194  0.5545300  0.4024151  0.6736960  0.5948175  0.5521505  0.5602524  0.5859824  0.6685092  0.6779619  0.6873386  0.6966959  0.7032256  0.7088249  0.7075248  0.7008988  0.7000562  0.7069009  0.7060129  0.6975572  0.6992564  0.7114831  0.7134081  0.7168356
 2  0.5722266  0.5255809  0.5094379  0.5016958  0.4267214  0.4363052  0.5952322  0.5274083  0.5019103  0.5071203  0.5501355  0.5902810  0.5907438  0.5750684  0.5631813  0.5713090  0.5763772  0.5723434  0.5560791  0.5545085  0.5600178  0.5494958  0.5234314  0.5331976  0.5637230  0.5843193  0.5932977
 3  0.7522206  0.7084508  0.6782650  0.6658777  0.5742108  0.3922260  0.6985212  0.6202035  0.5691612  0.5784659  0.5968936  0.6905941  0.7006588  0.7054712  0.7134524  0.7213557  0.7277404  0.7259471  0.7181780  0.7169988  0.7247327  0.7233193  0.7129852  0.7137818  0.7286981  0.7318753  0.7362561
 4  0.4567510  0.4252016  0.4154977  0.3986243  0.3359417  0.4417419  0.5465944  0.4723129  0.4619004  0.4628629  0.5125578  0.5314235  0.4906916  0.4590336  0.4771221  0.4949986  0.4878386  0.4648997  0.4523186  0.4694454  0.4659319  0.4231804  0.3954040  0.4579757  0.4938516  0.5060234  0.5088417
 1  0.7314508  0.6877703  0.6625147  0.6585379  0.6645199  0.6701208  0.6692732  0.6698078  0.6495719  0.6618401  0.7022341  0.7025625  0.6994626  0.7036841  0.7025622  0.6956363  0.6807538  0.6700528  0.6322519  0.5811821  0.6512091  0.6505487  0.6316092  0.6115339  0.6330710  0.6603554  0.6774717
 2  0.5718119  0.5257133  0.5124393  0.5283506  0.5528032  0.5610110  0.5479497  0.5159442  0.4809940  0.5596002  0.6008642  0.6042263  0.5797730  0.5563049  0.5575355  0.5652030  0.5562765  0.5383479  0.5082783  0.5227598  0.5689551  0.5652725  0.5306955  0.5023061  0.5216659  0.5427321  0.5713541
 3  0.7538355  0.7131425  0.6863671  0.6783058  0.6829153  0.6906560  0.6892355  0.6869268  0.6642048  0.6741855  0.7237536  0.7250267  0.7187553  0.7198442  0.7189570  0.7152643  0.7009156  0.6885463  0.6509266  0.5935931  0.6717383  0.6733390  0.6518821  0.6307963  0.6492552  0.6781900  0.6948249
 4  0.4534029  0.4224447  0.4189614  0.4520417  0.4894480  0.4827679  0.4325511  0.3719084  0.3912087  0.5206717  0.5428510  0.5083718  0.4483814  0.4435804  0.4862236  0.4902105  0.4582663  0.4401689  0.4293752  0.4857969  0.5148083  0.4818645  0.4402365  0.4173371  0.4535902  0.4721591  0.5020164
 1  0.7320621  0.6913670  0.6672193  0.6584277  0.6541130  0.6609423  0.6734582  0.6933212  0.7021080  0.7111894  0.7120808  0.7130025  0.7033061  0.6895044  0.6906496  0.6909562  0.6473647  0.5838037  0.5090393  0.6701498  0.6713914  0.6919345  0.6925588  0.6997468  0.6938678  0.6960515  0.7076336
 2  0.5746545  0.5282665  0.5128846  0.5097967  0.5095381  0.5133960  0.5299146  0.5516008  0.5753324  0.5908711  0.5920612  0.5846040  0.5627364  0.5448459  0.5357259  0.5273003  0.4873419  0.4460043  0.5124200  0.5833097  0.6010605  0.6035826  0.5969137  0.5787676  0.5547154  0.5683271  0.5903011
 3  0.7544364  0.7163070  0.6906564  0.6789015  0.6719435  0.6779265  0.6893573  0.7096343  0.7195282  0.7307452  0.7323519  0.7314364  0.7213149  0.7076826  0.7077417  0.7074775  0.6647368  0.6013065  0.5038222  0.6995396  0.6951120  0.7158018  0.7148045  0.7182311  0.7109275  0.7133315  0.7272064
 4  0.4545522  0.4216404  0.4160320  0.4107413  0.4186124  0.4216765  0.4466451  0.4731012  0.5033031  0.5162533  0.4984108  0.4782174  0.4635326  0.4446141  0.4295076  0.4173429  0.3870990  0.3677910  0.4973335  0.5330285  0.5361675  0.5311619  0.4951265  0.4613050  0.4617445  0.5003757  0.5225586
 1  0.7287904  0.6835439  0.6567003  0.6490391  0.6464494  0.6597895  0.6739167  0.6816743  0.6516367  0.6374191  0.6665332  0.6956898  0.6997988  0.7046957  0.6774133  0.6550583  0.6627859  0.6682186  0.6829177  0.6895964  0.6949340  0.7042042  0.7065881  0.7028612  0.7036461  0.7064935  0.7063408
 2  0.5701777  0.5258088  0.5103499  0.5083273  0.5152363  0.5342401  0.5437681  0.5359035  0.5089456  0.5287442  0.5715350  0.5904399  0.5886361  0.5727226  0.5236589  0.4989814  0.5114157  0.5358886  0.5595892  0.5703335  0.5768281  0.5877527  0.5895536  0.5785474  0.5578210  0.5357864  0.5257189
 3  0.7520664  0.7099026  0.6810498  0.6696816  0.6639793  0.6770467  0.6920320  0.6988255  0.6673351  0.6544097  0.6841798  0.7155562  0.7200763  0.7230626  0.6949211  0.6713862  0.6792458  0.6849746  0.7009165  0.7087359  0.7134616  0.7232921  0.7270975  0.7226372  0.7213551  0.7219293  0.7212277
 4  0.4552733  0.4248972  0.4146753  0.4125281  0.4375572  0.4618474  0.4511305  0.4172874  0.4298984  0.4753752  0.5081239  0.5159266  0.4920359  0.4529858  0.4067368  0.4096971  0.4325189  0.4650562  0.4873622  0.4876558  0.4959016  0.5127104  0.5057921  0.4725917  0.4271338  0.4098719  0.4277617
 1  0.7295185  0.6835816  0.6585579  0.6557681  0.6547741  0.6407146  0.6136715  0.6469943  0.6362133  0.6134926  0.6393915  0.6536866  0.6358992  0.6165106  0.6515312  0.6844871  0.6720039  0.6628620  0.6526727  0.6503487  0.6649031  0.6776624  0.6922052  0.7046322  0.6954310  0.6831348  0.6831027
 2  0.5718653  0.5252527  0.5120592  0.5303268  0.5454236  0.5359550  0.5332387  0.5683471  0.5531751  0.5286096  0.5465559  0.5580333  0.5423245  0.5370812  0.5816179  0.5970731  0.5804317  0.5483896  0.5156005  0.5073911  0.5190608  0.5354069  0.5533265  0.5651339  0.5554167  0.5349135  0.5337876
 3  0.7524887  0.7095319  0.6826840  0.6753645  0.6740283  0.6619504  0.6294366  0.6672996  0.6611030  0.6331183  0.6571154  0.6738585  0.6562960  0.6353812  0.6682303  0.7080888  0.6959763  0.6828218  0.6699156  0.6671823  0.6813256  0.6941548  0.7088932  0.7220758  0.7138329  0.7011560  0.6992217
 4  0.4555759  0.4237087  0.4188440  0.4570479  0.4808519  0.4518528  0.4790178  0.5200744  0.4721529  0.4515064  0.4853193  0.4884073  0.4720222  0.4803717  0.5298566  0.5350679  0.4835165  0.4292364  0.4167368  0.4236110  0.4343045  0.4500623  0.4708170  0.4772732  0.4568736  0.4232023  0.4455691
 1  0.7274045  0.6819251  0.6550800  0.6472057  0.6419412  0.6442298  0.6719551  0.6864479  0.6919930  0.6951012  0.6987504  0.7008741  0.6913830  0.6901659  0.6937917  0.7122460  0.7115294  0.7217615  0.7260105  0.7184750  0.7033689  0.6954154  0.6939273  0.6954322  0.6922027  0.6931031  0.6946963
 2  0.5715916  0.5259799  0.5099945  0.5049453  0.4892142  0.4934542  0.5297736  0.5541374  0.5593290  0.5547355  0.5454779  0.5315065  0.5337084  0.5525825  0.5851979  0.6033114  0.6104090  0.6195670  0.6215294  0.6129284  0.5748301  0.5204382  0.4662891  0.4442473  0.4818098  0.5371262  0.5671075
 3  0.7509238  0.7081733  0.6793457  0.6681061  0.6605331  0.6594747  0.6872184  0.7042224  0.7100320  0.7126152  0.7157823  0.7169777  0.7066403  0.7084612  0.7115384  0.7335059  0.7329550  0.7422057  0.7493776  0.7411745  0.7230801  0.7116123  0.7073590  0.7079198  0.7052513  0.7093850  0.7132829
 4  0.4571408  0.4243994  0.4155711  0.4054417  0.3751798  0.4118308  0.4654553  0.4762764  0.4637863  0.4522267  0.4351723  0.4144897  0.4555792  0.4823334  0.5187780  0.5358392  0.5304515  0.5471630  0.5491945  0.5134142  0.4308363  0.3422664  0.3032814  0.3221209  0.4117462  0.4746902  0.4926338
 1  0.7295224  0.6865847  0.6614732  0.6564841  0.6478026  0.6396185  0.6548192  0.6623338  0.6307031  0.6011222  0.6474036  0.6815785  0.7012751  0.7063153  0.6978470  0.6942444  0.7084824  0.7077876  0.6912793  0.6800197  0.6836835  0.6935554  0.7102810  0.6786649  0.6667398  0.6687433  0.6626263
 2  0.5724896  0.5278014  0.5118203  0.5195764  0.5243579  0.5271905  0.5345004  0.5282755  0.4903820  0.4897075  0.5461659  0.5839672  0.5979884  0.5940830  0.5640018  0.5510536  0.5714457  0.5795656  0.5614368  0.5397767  0.5308926  0.5748422  0.6036089  0.5803020  0.5429379  0.5004902  0.4762346
 3  0.7526309  0.7123651  0.6853539  0.6763736  0.6662943  0.6583002  0.6729745  0.6803567  0.6482054  0.6163427  0.6632759  0.6999295  0.7220150  0.7265661  0.7165832  0.7102540  0.7259623  0.7278087  0.7108285  0.6977658  0.7009862  0.7079679  0.7329728  0.7037777  0.6869770  0.6846170  0.6772032
 4  0.4564538  0.4239397  0.4145647  0.4352556  0.4507383  0.4514785  0.4474747  0.4252230  0.3949562  0.4360457  0.4921085  0.5212263  0.5204107  0.4929751  0.4407141  0.4612895  0.5034625  0.4949618  0.4531948  0.4367073  0.4276936  0.5183029  0.5465895  0.4795088  0.3913585  0.3606363  0.3811786
 1  0.7309671  0.6880999  0.6651120  0.6599841  0.6628333  0.6654517  0.6667906  0.6772650  0.6939695  0.6970649  0.7050426  0.7083509  0.7189425  0.7165639  0.6975624  0.6864470  0.6940173  0.6998601  0.6984876  0.6958837  0.7012590  0.7043980  0.7026964  0.6885714  0.6890745  0.7017299  0.7064528
 2  0.5684563  0.5255169  0.5135680  0.5151019  0.5121570  0.4990477  0.4872640  0.5208309  0.5574777  0.5768056  0.5829043  0.5913119  0.5976472  0.5935699  0.5632469  0.5379565  0.5327032  0.5266407  0.5240797  0.5262444  0.5348198  0.5495061  0.5588368  0.5453420  0.5419813  0.5507731  0.5565020
 3  0.7533426  0.7136188  0.6888692  0.6802754  0.6810290  0.6821718  0.6815897  0.6914995  0.7116676  0.7156807  0.7243928  0.7268255  0.7388640  0.7367082  0.7163625  0.7038307  0.7105879  0.7153645  0.7139072  0.7117167  0.7172724  0.7204255  0.7205771  0.7076045  0.7053298  0.7183918  0.7239480
 4  0.4519946  0.4227639  0.4166375  0.4189661  0.4074359  0.3765866  0.3800539  0.4592569  0.4900660  0.4981699  0.4963325  0.5105751  0.5189592  0.4944086  0.4495973  0.4330799  0.4236185  0.4168811  0.4201836  0.4300232  0.4370954  0.4650503  0.4753288  0.4355171  0.4419217  0.4666382  0.4571824
 1  0.7317671  0.6900097  0.6684199  0.6629826  0.6604734  0.6652915  0.6742289  0.6807905  0.6845309  0.6880099  0.6958897  0.7125787  0.7116768  0.7084188  0.7006463  0.6997242  0.7113879  0.7116353  0.6970795  0.6863256  0.6933583  0.6971094  0.7056259  0.7101255  0.7167262  0.7210788  0.7194399
 2  0.5734793  0.5272679  0.5147370  0.5174984  0.5211283  0.5289619  0.5352568  0.5361178  0.5365256  0.5362102  0.5614051  0.5890968  0.5943907  0.5785665  0.5363739  0.5094489  0.5254107  0.5484388  0.5500023  0.5489804  0.5572856  0.5613274  0.5628591  0.5613849  0.5681296  0.5841362  0.5886594
 3  0.7541083  0.7151179  0.6918868  0.6831445  0.6785007  0.6826974  0.6915364  0.6978318  0.7012001  0.7049839  0.7116628  0.7316746  0.7327510  0.7275322  0.7171725  0.7136943  0.7257995  0.7285153  0.7148610  0.7039950  0.7113675  0.7149025  0.7233016  0.7267663  0.7330842  0.7390706  0.7392003
 4  0.4539986  0.4219226  0.4176821  0.4237248  0.4350845  0.4446956  0.4442113  0.4391310  0.4431283  0.4398758  0.4909380  0.5233154  0.5049568  0.4501971  0.3792579  0.3940162  0.4489574  0.4637970  0.4551997  0.4633348  0.4704998  0.4720432  0.4612863  0.4576109  0.4832866  0.5081948  0.5000154
 1  0.7288535  0.6821393  0.6575375  0.6547920  0.6668336  0.6813679  0.6914409  0.6907616  0.6584836  0.6342928  0.6615069  0.6761988  0.6816060  0.6879308  0.6913293  0.6926082  0.6749580  0.6687733  0.6917241  0.7027273  0.7130384  0.7109558  0.7091930  0.7131927  0.7108227  0.7092798  0.6803039
 2  0.5713388  0.5250791  0.5122850  0.5258417  0.5513745  0.5739273  0.5788950  0.5632512  0.5010973  0.4714315  0.5089517  0.5373507  0.5554410  0.5634724  0.5584168  0.5374766  0.5067137  0.5341902  0.5797609  0.6049892  0.6119426  0.6039513  0.5846619  0.5683596  0.5479606  0.5222252  0.4848510
 3  0.7520863  0.7083627  0.6817833  0.6747193  0.6848994  0.7003931  0.7117083  0.7100979  0.6760556  0.6490417  0.6765149  0.6931412  0.6989280  0.7067077  0.7103198  0.7094635  0.6904143  0.6839357  0.7102042  0.7234161  0.7356404  0.7323088  0.7277433  0.7308388  0.7277871  0.7244683  0.6954150
 4  0.4561338  0.4244854  0.4189675  0.4471690  0.4850424  0.5051461  0.4922139  0.4418748  0.3634265  0.3912449  0.4447547  0.4610768  0.4775161  0.4818273  0.4502037  0.4060463  0.4051507  0.4792295  0.5219317  0.5388954  0.5348134  0.5017444  0.4760062  0.4607740  0.4224807  0.3835393  0.3691821
 1  0.7275399  0.6835386  0.6615715  0.6565709  0.6284970  0.6209236  0.6410750  0.6613954  0.6853162  0.6924244  0.7011425  0.7054580  0.6744401  0.6435337  0.6632949  0.6811159  0.6888288  0.6984225  0.6908086  0.6851183  0.6859036  0.6890341  0.6675802  0.6344581  0.6458271  0.6745541  0.6932509
 2  0.5739787  0.5278422  0.5134604  0.5103049  0.4932572  0.5004531  0.5212974  0.5487998  0.5743077  0.5840717  0.5847964  0.5742952  0.5249648  0.4911352  0.5293423  0.5595784  0.5705963  0.5762509  0.5817714  0.5851218  0.5828035  0.5721202  0.5410190  0.5068087  0.5188719  0.5536223  0.5757584
 3  0.7511398  0.7094119  0.6853132  0.6770383  0.6465989  0.6378565  0.6585270  0.6776277  0.7037308  0.7125814  0.7207822  0.7240298  0.6926057  0.6599486  0.6785206  0.6997073  0.7080648  0.7162613  0.7093124  0.7070278  0.7076933  0.7079201  0.6861750  0.6541593  0.6618625  0.6911272  0.7122543
 4  0.4592037  0.4238584  0.4162681  0.4097412  0.4108039  0.4327020  0.4442049  0.4812042  0.5079007  0.5055335  0.4911826  0.4629149  0.4053946  0.4029817  0.4699198  0.4918165  0.4814156  0.4884976  0.5169566  0.5180826  0.4892582  0.4691916  0.4530476  0.4107331  0.4417937  0.4911301  0.4996574
 1  0.7283414  0.6853366  0.6591154  0.6502379  0.6380704  0.6372200  0.6434718  0.6530444  0.6774471  0.6922492  0.7096729  0.7090501  0.6998792  0.6978934  0.6974122  0.6933277  0.6831698  0.6801777  0.6918571  0.6977224  0.6933398  0.6935202  0.6886225  0.6762969  0.6714492  0.6897986  0.6965756
 2  0.5707404  0.5273625  0.5103476  0.5017246  0.4833701  0.4718415  0.4716314  0.5030687  0.5508858  0.5882268  0.6035616  0.5979896  0.5646438  0.5304837  0.5156164  0.5231047  0.5599558  0.5837560  0.5952822  0.5881693  0.5611837  0.5441692  0.5436912  0.5492098  0.5721011  0.5968153  0.6036205
 3  0.7516474  0.7113379  0.6831397  0.6709870  0.6562300  0.6533680  0.6588305  0.6673808  0.6939263  0.7106789  0.7310279  0.7301585  0.7182469  0.7137121  0.7127562  0.7091089  0.6999846  0.7012655  0.7139704  0.7179691  0.7116352  0.7101518  0.7058402  0.6956260  0.6894209  0.7105900  0.7195535
 4  0.4561331  0.4241758  0.4124642  0.3959772  0.3758537  0.3681012  0.3751188  0.4401176  0.4920655  0.5252694  0.5296014  0.4925039  0.4287263  0.4034022  0.4116537  0.4427065  0.5027546  0.5248025  0.5139339  0.4822223  0.4454957  0.4441300  0.4667319  0.4751122  0.5108456  0.5374575  0.5305681
 1  0.7279220  0.6800847  0.6538549  0.6470025  0.6365358  0.6443145  0.6761206  0.6960072  0.6763164  0.6517658  0.6497372  0.6613620  0.6741324  0.6866041  0.6990661  0.7117372  0.7135315  0.7177829  0.7087529  0.7045110  0.6882003  0.6795673  0.6827082  0.6787436  0.6755300  0.6795805  0.6924148
 2  0.5722626  0.5247952  0.5106053  0.5064715  0.4957251  0.5164739  0.5629842  0.5845824  0.5625149  0.5181768  0.4979947  0.5088783  0.5303372  0.5509856  0.5771678  0.5949999  0.6045759  0.6044668  0.5856853  0.5535993  0.5190171  0.5307258  0.5483284  0.5487067  0.5395114  0.5378753  0.5489969
 3  0.7514597  0.7065687  0.6782929  0.6680832  0.6548187  0.6598273  0.6925306  0.7160220  0.6976511  0.6713089  0.6660018  0.6771902  0.6907923  0.7033873  0.7163155  0.7316097  0.7338193  0.7391115  0.7291935  0.7215492  0.7035715  0.6961987  0.7010286  0.6978952  0.6935462  0.6962857  0.7094216
 4  0.4572140  0.4247517  0.4181034  0.4068533  0.4012327  0.4512709  0.5053477  0.5113296  0.4619384  0.3942451  0.3981896  0.4334356  0.4515316  0.4700633  0.5071845  0.5228925  0.5279858  0.5190697  0.4668440  0.4118099  0.4209216  0.4615160  0.4715962  0.4540304  0.4375486  0.4497396  0.4640241
 1  0.7299583  0.6872006  0.6590013  0.6503955  0.6532134  0.6613519  0.6733225  0.6860728  0.6781705  0.6888138  0.6948171  0.6990190  0.7060992  0.7048581  0.7088536  0.7138951  0.6973265  0.6707100  0.6715774  0.6810309  0.6882019  0.6920752  0.7078430  0.7091893  0.7032671  0.7015410  0.7143434
 2  0.5711477  0.5270822  0.5093910  0.5077658  0.5118633  0.5164743  0.5253113  0.5317403  0.5504326  0.5791943  0.5878250  0.5828498  0.5726501  0.5619967  0.5524240  0.5557347  0.5469304  0.5190904  0.5056417  0.4999842  0.5010621  0.5272789  0.5602389  0.5707104  0.5552026  0.5591413  0.5792229
 3  0.7529014  0.7130919  0.6831234  0.6708556  0.6711172  0.6783108  0.6894153  0.7024046  0.6938218  0.7082778  0.7163302  0.7174944  0.7241549  0.7230136  0.7252256  0.7300821  0.7151921  0.6894014  0.6880855  0.6957574  0.7032148  0.7065044  0.7247799  0.7275620  0.7207352  0.7173362  0.7329036
 4  0.4546550  0.4239010  0.4122721  0.4132965  0.4219452  0.4241447  0.4344030  0.4349897  0.4862121  0.5204841  0.4980199  0.4802133  0.4781557  0.4557874  0.4447660  0.4606079  0.4550173  0.4072358  0.3790837  0.3927306  0.3978067  0.4541565  0.4866054  0.4734883  0.4381976  0.4792481  0.5077032
 1  0.7300844  0.6846528  0.6269964  0.5929976  0.5472255  0.5389397  0.5734864  0.5819991  0.6700010  0.6725978  0.6816756  0.6966272  0.6996559  0.6963802  0.6938512  0.6896271  0.6586618  0.6627126  0.6822435  0.6849878  0.6403481  0.6231399  0.6965736  0.6940779  0.6760315  0.6662367  0.6755738
 2  0.5711411  0.5256631  0.4912900  0.4765316  0.4571906  0.4801619  0.5154849  0.5505002  0.5930345  0.5909026  0.5822778  0.5786816  0.5774665  0.5758711  0.5695593  0.5482008  0.5200864  0.5559229  0.5785793  0.5744016  0.5192163  0.5652930  0.6055659  0.6043771  0.5583846  0.4987569  0.4770155
 3  0.7530262  0.7107667  0.6522554  0.6148985  0.5653433  0.5518561  0.5905337  0.5917182  0.6926262  0.6963927  0.7018759  0.7146476  0.7184500  0.7162330  0.7135524  0.7082153  0.6746237  0.6789923  0.7031473  0.7050159  0.6594543  0.6317998  0.7193664  0.7180454  0.6962777  0.6826380  0.6893821
 4  0.4548105  0.4244444  0.4092681  0.3989570  0.3955019  0.4422379  0.4700091  0.5141715  0.5382403  0.5070578  0.4819050  0.4892475  0.5003579  0.4941678  0.4715399  0.4254190  0.4403871  0.5070216  0.5053262  0.4720094  0.4240210  0.5245745  0.5512722  0.5077456  0.4093428  0.3434834  0.3699668
 1  0.7297766  0.6848170  0.6643057  0.6650725  0.6833870  0.6887370  0.6790761  0.6772131  0.6830788  0.6900578  0.6887186  0.6815674  0.6643334  0.6417630  0.6363931  0.5850017  0.6468913  0.7005213  0.7149110  0.7137962  0.7166425  0.7182910  0.7025800  0.6860665  0.6904905  0.7043317  0.6951033
 2  0.5731114  0.5265539  0.5148663  0.5361435  0.5569665  0.5618677  0.5482122  0.5458880  0.5491892  0.5508610  0.5496262  0.5364763  0.5046019  0.4833635  0.4965293  0.4977769  0.5764562  0.6166122  0.6243661  0.6188893  0.6023436  0.5823649  0.5424829  0.5094195  0.5373024  0.5720877  0.5747234
 3  0.7529155  0.7107291  0.6880989  0.6842116  0.7024212  0.7076114  0.6964549  0.6952457  0.7012199  0.7071845  0.7065732  0.6999619  0.6819791  0.6578687  0.6535482  0.6026052  0.6610183  0.7218609  0.7394391  0.7360320  0.7367277  0.7365738  0.7196459  0.7022745  0.7050079  0.7230594  0.7160051
 4  0.4566960  0.4237589  0.4177451  0.4619882  0.4805643  0.4646929  0.4575455  0.4634222  0.4563701  0.4594101  0.4602187  0.4308402  0.3851910  0.3973783  0.4263250  0.4482787  0.5297101  0.5582260  0.5518215  0.5243614  0.4965669  0.4636577  0.4186217  0.3929593  0.4713292  0.5091465  0.4813058
