2019 2020 2021 2022 2023 2024 2025 2026 2027 2028 2029 2030 2031 2032 2033 2034 2035 2036 2037 2038 2039 2040 2041 2042 2043 2044 2045
  25959.53   26051.37   28419.43   29970.68   41454.34   60651.62   69650.88   71932.89   53606.12   38377.27   31508.29   25912.81   23491.43   20356.60   19069.86   19432.32   14366.00    7918.50    4763.35    7807.38   16279.44   25392.43   31438.61   40235.29   39435.57   35014.95   31044.68
  26666.73   26817.68   29399.80   31156.88   24129.62   21059.56   26107.00   29450.13   33708.01   38472.99   35619.89   32786.52   34866.82   36467.39   36810.35   35279.61   43185.87   55535.69   57475.79   56277.74   43140.02   30663.26   17144.44    6201.63    3370.04    5029.08    7638.32
  27337.97   27563.26   28442.76   31400.90   29042.69   24343.39   21963.35   20856.18   22011.73   21275.04   22024.49   23433.39   21380.75   18457.58   22396.68   26590.47   24034.92   22973.18   25493.99   27810.43   26153.29   23205.81   20532.54   21410.79   29460.29   36431.07   37757.80
  27375.08   27902.26   32192.91   35813.01   30127.21   24853.19   25560.16   27123.41   35312.96   47739.18   55865.17   64354.87   65173.84   60399.79   60105.10   57415.38   51197.56   47185.69   42999.09   40380.74   39150.79   39871.17   40365.14   37485.77   26449.66   17754.73   18255.04
  27413.16   27422.00   29981.89   32902.87   37353.47   42180.19   45005.82   46945.45   37865.42   29802.79   22384.38   13288.60   17160.43   23326.68   31382.04   37633.23   23543.84   14196.02   18268.59   25231.75   30391.87   33485.50   24156.56   16123.30   11672.78    8691.78   13574.36
  27916.22   27932.99   28491.22   29412.71   22405.27   16057.12   16162.30   19213.47   27645.12   34923.72   36736.29   35505.85   32420.18   30523.59   30441.67   29472.60   20960.40   14587.84   11918.12    9965.62   14591.97   23260.42   31032.56   34985.98   29584.42   28111.76   34008.01
  25293.69   25675.19   26759.84   29127.09   30686.28   29282.74   28650.93   27055.43   22770.89   18835.81   15129.80   15304.06   20072.04   23674.59   28474.89   31786.85   23959.44   16450.40   22752.54   35959.05   48595.88   61470.03   63864.13   62221.82   58965.18   51568.22   36231.53
  26166.07   25622.66   29645.01   32611.05   33625.38   33894.57   34116.99   37937.00   41849.23   47445.90   48803.63   46294.67   39632.10   31004.23   22267.95   15489.65   28621.65   49311.46   57448.85   62678.35   40993.06   19594.44   15462.77   11936.04   16448.81   23602.28   35468.10
  26381.36   26438.13   27545.15   27761.80   20501.69   15643.43   17974.19   23656.32   38417.21   55272.80   64002.41   66963.65   52560.12   39022.25   33890.76   27541.71   22325.87   20330.91   23005.62   24704.42   28346.89   32331.76   33573.82   52324.39   82710.77  102984.91  111526.59
  25129.66   25193.12   26225.68   31197.98   35057.39   33723.62   32732.20   31536.83   27512.45   24218.76   25165.14   25943.72   24298.25   25539.39   31590.93   40467.24   46904.07   49165.81   47120.49   41389.85   25914.11   15604.90   12877.15   10114.17   14784.59   20336.94   22986.08
  27619.19   27734.69   30935.68   33905.67   35029.81   35655.81   37715.24   39757.58   35435.93   31403.02   29810.49   33198.50   39125.44   42042.59   46738.61   50119.53   42886.65   37558.14   38175.74   36260.85   34048.03   31116.44   29411.58   27782.40   22268.97   18288.27   18068.90
  24999.65   25065.38   27556.36   31039.18   30358.47   27501.35   24971.56   21477.90   18079.38   15738.38   20526.72   30108.49   44291.89   58342.25   57234.53   52731.32   45166.91   38222.91   27566.44   20508.03   28620.65   35080.39   39810.90   52793.39   61073.04   65108.07   67112.65
  23892.22   23434.10   25422.36   26152.64   29459.12   35743.00   40186.52   41938.13   40089.60   35978.31   31208.01   26948.12   19930.08   14548.94   14151.22   14059.66   15332.59   20468.83   26340.10   28691.44   30915.89   31890.10   27416.90   23893.91   22866.96   31523.00   42658.73
  24949.98   25151.37   26577.79   27439.34   17630.81   13972.62   20497.71   25502.29   23319.60   20308.46   24665.73   31633.71   30133.66   26425.89   24997.75   23806.16   26960.07   29850.63   41268.19   57199.61   64356.31   65521.80   44937.61   27770.82   23991.36   20767.65   20530.74
  22802.38   22249.88   23602.14   26523.63   30159.09   32458.41   34202.81   33035.66   29638.75   25611.00   23980.15   31404.41   45134.46   52673.73   46193.15   36767.63   33178.62   30123.53   23432.23   20548.96   23533.78   25153.66   26014.06   26772.40   29615.30   34962.79   40149.28
  24653.49   24614.47   26663.07   27647.49   29552.73   33212.59   29375.58   27205.65   28256.85   30063.38   31041.98   30688.28   32626.18   33989.17   24887.54   19488.98   38608.43   65627.03   81125.67   87610.23   65507.35   45954.09   36265.97   29451.07   29352.12   30311.84   40465.83
  25237.80   25258.33   25578.94   26646.78   26608.37   27044.05   29259.53   29288.55   28781.70   29847.21   33264.35   35451.26   35264.87   45199.23   61734.43   68717.58   50354.66   38156.45   39501.56   40925.18   36152.03   29818.85   23711.20   16598.44   16206.18   19020.61   22767.56
  29448.01   29880.41   32662.14   37530.60   31933.13   28257.82   34965.81   38286.70   26272.05   17455.26   19270.39   22871.34   25656.53   30187.81   27412.10   25321.87   31917.22   35822.69   35871.73   43575.85   55410.39   63076.53   66350.61   64492.64   47350.87   40751.38   46826.07
  26177.49   26590.86   28523.78   28986.83   13066.18    4408.44    7269.53    6595.23    6021.80    5590.46    7882.39   14376.96   18088.21   21631.14   23187.13   25629.61   28871.07   30015.85   28226.98   27809.74   29359.22   28387.15   23876.67   21997.12   24336.34   28368.70   33544.45
  26270.83   25684.57   27757.30   32203.19   35392.11   37152.63   36742.54   33367.05   23377.50   23214.49   35910.52   44119.50   46285.76   48329.43   46249.44   43481.32   38827.62   33380.78   20720.74   13198.64   17771.68   19552.21   16577.10   12655.78   13827.27   14886.38   19033.18
  29044.42   28804.22   30970.39   32043.90   30680.51   28984.07   31293.46   35289.00   40774.65   49683.93   57859.43   65232.94   60423.90   52421.20   49503.44   44185.35   24839.86   11624.69    5742.98    7448.14   14567.70   22359.87   28062.45   32735.94   31073.57   33104.30   42446.92
  27952.23   28601.36   30904.86   32617.94   32327.41   33671.40   36121.44   35961.33   24581.93   16890.73   24425.12   33693.73   39487.56   42656.82   31463.74   22116.61   19713.34   18132.85   19950.29   21799.82   25060.85   31039.19   36060.05   38381.42   38530.69   37238.85   33295.32
  25266.52   24941.75   27283.05   32469.34   31307.52   26990.07   22523.78   21867.49   21768.08   20657.71   22849.98   24512.56   20388.78   16773.50   26025.80   37611.77   40804.22   39615.50   34053.93   28402.76   28884.74   28920.84   32288.28   36196.63   32253.22   27016.61   25457.28
  26685.80   27043.85   28995.75   30028.10   27197.10   25675.91   28270.21   30515.19   31474.84   31584.17   30570.33   28460.57   23685.75   20605.85   26725.89   37397.28   52161.64   88806.17  134896.64  164536.25  153700.80  127280.24   96602.52   65156.44   47677.80   37589.62   39423.11
  29213.68   29706.20   32060.04   35690.09   32532.21   29133.53   30161.80   28830.50   18730.29   11939.55   15858.09   22967.44   31397.47   37706.63   35628.11   35719.08   40514.52   43462.73   39241.60   34501.62   31708.34   40202.92   51210.34   48733.15   46867.86   42574.61   32551.58
  28456.26   28346.14   31320.59   34113.58   33962.33   31540.28   25937.62   22976.74   24680.53   28017.48   32098.64   40471.76   52033.41   59610.12   53155.79   46913.98   47064.62   46174.08   40205.66   35148.73   33490.64   33156.33   31225.66   26888.62   26980.29   28044.67   29302.75
  27992.40   27615.38   30609.38   33524.60   32686.49   31986.02   31629.70   30522.43   29184.19   27482.65   30941.22   38886.40   44980.30   46803.74   41204.44   36568.65   35132.14   32611.45   27877.63   24991.72   26318.92   27932.57   30428.30   32568.26   35340.23   41384.89   45160.49
  25257.70   25172.50   27749.55   32436.44   38259.28   47069.20   54510.99   55363.40   38941.64   27289.39   28255.47   28975.96   29189.18   30094.60   30935.46   29789.23   21774.29   18100.49   22761.60   33539.62   48103.72   58562.14   65423.74   69637.31   64780.81   56502.35   34602.71
  27373.46   27647.46   30711.98   32754.77   24978.98   19626.96   20381.77   23435.77   28748.19   34285.19   41290.44   45226.19   32587.22   22612.45   23409.54   24975.47   28429.78   33678.11   35904.21   39315.14   46028.17   51841.30   41741.00   29376.40   31115.02   36247.52   44930.71
  30096.56   30971.34   33072.04   33453.67   28884.03   24546.97   20024.35   16882.59   18643.85   24758.56   34771.47   40642.75   38700.51   34920.76   28518.46   22816.13   20399.23   21579.38   29341.42   35298.84   34464.42   33207.89   27562.13   22241.73   25140.77   35286.28   48885.97
  24580.27   24581.66   26856.49   28155.49   24992.99   24637.84   31876.17   39698.11   35025.52   27332.51   23720.05   20241.60   21063.67   22494.82   27407.58   35321.42   47527.77   60146.74   61946.50   59391.34   44636.78   34956.54   33580.46   30542.23   29084.19   28513.77   30691.31
  30138.69   30885.72   32367.57   33674.47   34287.23   34041.81   34751.10   34341.24   32421.60   35313.23   42380.27   50336.94   54496.49   54921.74   56538.51   57498.00   46831.98   34592.27   31960.21   29772.69   26751.41   25655.35   28321.65   29891.79   27566.50   28211.32   32628.98
  26759.69   26880.70   22207.52   17480.75   11516.27    8049.04    6808.55    7987.18   14961.79   19421.94   24481.13   30907.35   33674.13   35886.29   36737.57   34233.52   26469.42   24779.29   30381.68   33724.59   22217.18   23636.83   42615.67   52507.01   47664.40   39087.46   33977.72
  26581.09   26545.55   30188.81   37885.61   45896.38   50896.74   46321.86   42818.74   43916.34   45674.80   41866.50   36340.15   26177.73   16168.07   10559.52    5289.60    9127.45   19932.01   32996.82   45739.94   55602.79   61211.55   50838.44   38968.81   37741.08   40230.04   40240.64
