2019 2020 2021 2022 2023 2024 2025 2026 2027 2028 2029 2030 2031 2032 2033 2034 2035 2036 2037 2038 2039 2040 2041 2042 2043 2044 2045
  25959.53   26051.37   28426.00   30039.72   42243.96   62529.71   71212.06   73124.95   58097.61   43646.22   35461.18   28447.66   25974.08   22649.25   20718.33   20404.16   15977.48    9983.71    7358.30    8600.84   17019.42   25928.86   31634.56   40298.69   40743.15   37627.36   32999.42
  26666.73   26817.68   29310.89   31234.11   26926.89   25586.79   29683.97   31702.50   29997.78   29851.35   32098.48   34176.82   35375.07   35549.93   38134.36   38299.74   42730.97   51825.43   57398.40   60016.87   31537.77   13031.34   12875.93   10194.54   11795.98   14456.21   18188.19
  27337.97   27563.26   28351.00   31355.83   30331.69   27272.21   24473.26   22647.34   22005.85   20057.38   20703.25   22095.97   20586.40   18149.71   22330.74   26740.22   26493.58   27003.47   28700.81   29798.47   23762.54   17948.90   16583.94   18769.50   27889.53   35705.45   35381.72
  27375.08   27902.26   32093.14   35765.35   30956.66   26316.54   26813.37   28134.44   36055.12   48302.12   56755.23   65020.92   66857.32   62705.45   62325.22   59336.71   50771.34   44629.09   40622.55   38254.95   35883.12   36171.06   37972.43   36270.11   28980.43   22913.86   22262.83
  27413.16   27422.00   30245.83   33126.05   36055.26   39989.32   43427.97   46014.47   38109.87   30960.87   23319.63   14058.27   18153.49   25184.43   32924.56   38854.30   25075.92   15044.40   18712.01   25234.86   30218.31   33042.13   22463.81   13626.92    5146.01    4151.70    8443.91
  27916.22   27932.99   28586.39   29537.11   25719.02   21197.49   20032.14   21917.52   28666.74   34373.71   35959.90   34660.69   30683.42   28114.98   28853.53   28583.85   21475.71   16061.63   16974.67   17851.47   21526.40   29149.90   34634.83   36390.81   27239.00   23396.81   29866.48
  25293.69   25675.19   26771.84   28796.88   28810.07   26361.82   26113.86   25157.18   22576.36   19853.01   16873.23   18969.03   25218.63   31015.12   34430.84   36462.60   25731.57   16233.44   22323.72   35254.20   47911.15   61086.96   63141.33   61461.35   57678.73   50619.89   37331.59
  26166.07   25622.66   29861.30   32636.53   33431.10   33739.39   33909.39   37955.46   41939.92   48099.70   51674.15   51588.22   43815.67   33762.34   23686.37   16561.32   29245.95   49510.80   57646.98   62644.08   38687.48   17494.45   14080.63   11122.02   15908.37   23166.95   35141.70
  26381.36   26438.13   27582.29   27836.97   21988.59   18084.74   19808.89   24836.75   39301.12   55580.68   63539.22   65240.20   60875.89   54131.73   37038.05   23772.80   20539.57   20130.63   23017.04   25003.26   28451.17   32426.34   33759.88   52656.32   84282.83  106969.53  114596.46
  25129.66   25193.12   26307.37   31428.53   35697.45   34910.45   33820.60   32273.60   26628.43   22225.61   23578.59   24798.79   24869.83   27349.62   33009.73   41655.76   46726.50   47383.77   45205.94   39600.80   27148.84   19012.03   15300.84   11909.33   16102.10   21221.23   23505.06
  27619.19   27734.69   31104.45   34037.53   34111.71   33645.42   36206.50   38647.13   34236.22   30103.59   28794.70   32600.47   39904.21   44687.46   49173.73   52358.51   45783.94   40605.07   40337.73   38002.79   35010.21   31411.09   29626.82   27653.55   22528.78   18514.07   18202.38
  24999.65   25065.38   27560.37   30919.15   30015.76   27112.16   24731.28   21312.85   17715.85   15584.24   20559.94   30272.72   44387.18   58042.90   58712.33   55599.01   47648.20   39994.39   28995.10   21477.38   29336.15   35214.27   37708.22   48487.77   59821.61   67596.85   61559.51
  23892.22   23434.10   25488.04   26211.22   29033.78   34734.36   39397.88   41078.92   39183.42   35042.60   30546.96   26464.82   19574.79   14409.27   14109.41   14194.00   15547.96   20626.54   25760.36   26700.52   29101.44   30176.71   23989.07   19822.96   20741.92   30858.89   43181.18
  24949.98   25151.37   26569.26   27364.95   20724.98   17654.82   22690.50   26482.44   24965.39   22447.12   26102.20   32101.39   27757.49   21430.71   20956.27   20851.40   26500.81   31384.09   42669.41   58636.57   65601.28   66233.89   46687.50   29055.73   24866.68   21079.87   19276.89
  22802.38   22249.88   23668.02   26531.49   30351.96   32985.05   34679.46   33238.03   29511.57   25183.15   23571.02   31134.10   44921.62   52419.93   44247.14   35426.59   32412.36   29587.28   23649.31   21288.41   24027.73   25471.75   25807.09   26068.09   29083.65   34417.07   38984.79
  24653.49   24614.47   26792.64   27642.18   29555.08   33211.82   27308.89   23640.07   25513.14   28145.64   27994.43   26086.23   28835.80   30914.61   27067.40   25113.14   43370.03   69417.92   84172.30   89711.06   67616.89   47298.89   36778.29   29434.25   27709.39   27580.19   38334.47
  25237.80   25258.33   25831.63   26749.83   25926.48   25836.73   28347.43   28696.43   28907.44   30300.17   33654.99   35658.05   34060.30   43177.10   60559.23   67856.46   47423.83   33127.22   35637.14   38207.36   37348.87   34031.89   19701.20    8845.90    7751.67   13925.25   19464.44
  29448.01   29880.41   32584.18   37299.12   35111.58   33989.06   39560.08   41665.74   27905.43   17220.41   18672.91   21910.18   24827.66   29737.96   29795.55   29632.45   35646.00   38753.67   36475.26   42389.97   53990.99   61667.90   65284.58   63562.25   43692.21   36303.44   43393.01
  26177.49   26590.86   28649.93   29194.45   14332.35    5600.38    7388.79    6655.12    6443.67    6092.65    8365.42   14878.81   18481.89   21872.57   22736.01   24192.55   27575.68   29100.53   27042.08   26487.63   28388.67   27684.25   24037.60   22750.38   25056.64   29058.34   33980.26
  26270.83   25684.57   27900.89   32363.52   35522.41   37390.83   37046.75   33488.18   22212.95   21392.12   34518.20   43011.38   46139.66   49073.12   44761.14   41323.64   37145.84   32265.24   20477.50   13887.40   18334.57   20123.31   16209.80   11579.10   10816.00   10215.39   13604.52
  29044.42   28804.22   30785.75   31900.28   31639.23   30791.70   32832.83   36649.49   41916.33   50703.51   58873.99   66137.37   64158.59   59418.03   55396.20   49075.10   30297.16   15328.50   12791.75   12445.18   18763.95   26018.83   30865.22   34839.26   30846.70   31480.22   40918.77
  27952.23   28601.36   30925.33   32719.64   33487.54   34883.76   37092.63   36395.79   25808.98   19311.43   26363.12   35246.82   40509.81   43140.18   29300.41   19119.04   17612.06   16998.21   20057.04   22821.39   24606.51   28932.27   34607.86   37450.14   36818.73   34802.20   34483.80
  25266.52   24941.75   27240.17   32465.38   28076.34   22254.45   19779.84   20848.53   23495.99   25162.93   19688.26   15283.34   13836.99   12687.68   24784.08   39391.03   42587.12   41258.38   33644.68   26375.28   27099.26   27502.67   31377.78   35622.82   27752.78   19858.41   19960.27
  26685.80   27043.85   29118.38   30139.71   27996.39   26998.53   29352.60   31311.10   31109.90   30033.60   29259.39   27279.21   23572.45   21412.39   27424.60   38073.08   52433.72   89325.54  135505.37  165174.53  153859.50  126966.52   96474.28   64819.92   46982.29   36639.24   38570.25
  29213.68   29706.20   32160.10   35796.17   35332.27   33963.37   33923.57   31602.69   18041.75    9734.02   10106.59   17841.43   27279.15   34770.68   34581.11   35956.06   41024.57   43974.98   38189.82   32343.21   30176.91   39337.43   48538.34   44297.37   43172.99   39792.29   30016.76
  28456.26   28346.14   31312.42   34216.76   33851.06   31130.18   25749.20   22878.16   24981.85   28414.92   32497.66   40584.13   51997.95   59345.20   54209.02   48635.16   48432.16   47254.05   40513.93   34875.71   33043.50   33091.88   32277.58   29495.23   29219.12   29745.92   30680.91
  27992.40   27615.38   30599.51   33519.95   30840.09   28747.66   29313.06   28914.49   28512.30   27553.54   31146.25   39414.36   45860.74   47805.00   40459.35   34941.28   33928.38   31910.63   28860.73   27039.91   27978.44   29226.11   31313.45   33070.23   34932.92   39788.80   44045.81
  25257.70   25172.50   27860.14   32611.12   38863.35   48407.78   55511.55   55840.03   42513.94   31823.37   31579.41   31082.47   28069.63   26013.67   27295.94   26890.05   21714.65   19753.27   24270.43   34858.85   48957.21   59200.15   65240.95   68508.03   63604.43   55358.53   33237.57
  27373.46   27647.46   30684.03   32784.17   25087.09   19124.01   19936.80   22917.38   28090.04   33114.76   40242.58   44170.00   35684.01   27737.54   27643.75   28195.52   29842.53   33428.33   41076.80   50549.33   45715.78   41616.87   43634.76   41492.78   35330.96   33798.28   41834.91
  30096.56   30971.34   32980.83   33351.43   29322.03   25047.67   20356.70   17071.39   18541.66   24475.17   34460.39   40325.59   39971.46   37971.41   28381.37   21021.74   21921.09   26236.49   33451.07   38545.84   35368.57   32773.70   27010.84   21618.60   24846.02   34890.67   48724.97
  24580.27   24581.66   26922.17   28122.40   22193.68   20346.94   28406.15   37371.59   34439.43   27953.41   24416.87   21155.76   22075.05   23432.55   26416.54   32368.41   44888.26   57825.56   60210.91   58329.21   42995.95   31959.71   31255.70   28770.84   27627.94   27669.17   30175.25
  30138.69   30885.72   32490.96   33880.22   35415.97   35881.50   35945.95   35143.63   33431.20   37088.87   43916.18   51621.41   56092.09   56561.32   57730.99   58227.28   43071.03   29543.38   28088.20   26971.92   25289.91   25601.29   28525.46   30234.65   27910.44   28599.00   32802.34
  26759.69   26880.70   21846.73   17131.05   10135.35    6593.14    5693.16    7252.54   14552.22   19394.36   24506.53   30917.97   32023.52   32763.46   34387.09   32478.63   29725.49   31851.92   35889.82   37802.10   24263.05   25338.16   43758.62   53036.00   47345.40   38585.30   33490.03
  26581.09   26545.55   30248.81   37662.95   44543.23   48393.59   51421.41   53539.58   47585.99   43187.69   41618.99   37956.23   20893.82    8819.04    3857.69    1659.44    6275.72   17676.68   31005.07   44291.45   54575.83   60571.65   50889.02   40881.31   39485.46   41716.66   39633.61
  24226.29   23885.80   28271.74   32363.26   33858.68   36551.18   42352.35   46699.55   54619.89   65592.85   71942.93   74909.87   64665.80   52564.77   47359.14   46231.80   46510.04   45119.21   44024.01   43818.21   40912.79   38972.00   43675.91   45598.62   37823.95   31024.93   25694.18
  26100.86   26523.31   29871.03   35949.02   39861.15   39374.58   39540.16   41741.52   37760.35   32510.55   30855.58   28359.87   21652.14   17792.72   21566.24   25972.59   28091.20   28670.38   26957.37   24929.53   16252.02   13047.60   22478.38   32408.12   42526.03   56300.53   64207.91
