FL 2019 2020 2021 2022 2023 2024 2025 2026 2027 2028 2029 2030 2031 2032 2033 2034 2035 2036 2037 2038 2039 2040 2041 2042 2043 2044 2045
 1  0.7288134  0.6828020  0.6553442  0.6447933  0.6447041  0.6836253  0.6849822  0.6832254  0.6495811  0.5858061  0.5651499  0.6172384  0.6270782  0.5465365  0.4719461  0.6275043  0.6411278  0.5461293  0.4400955  0.6670570  0.6793631  0.6339380  0.5784684  0.5502142  0.6514112  0.6624942  0.6661385
 2  0.5725724  0.5236363  0.4987911  0.4806568  0.5233843  0.5740705  0.5793544  0.5565455  0.4877075  0.4341536  0.5289770  0.5539838  0.5523441  0.4801514  0.4638471  0.5717715  0.5647361  0.4746812  0.4605292  0.6008806  0.6000737  0.5618953  0.5104282  0.5278265  0.5784968  0.5868534  0.5661460
 3  0.7521145  0.7089222  0.6790493  0.6646224  0.6582911  0.7025876  0.7067898  0.7020397  0.6664619  0.6012645  0.5760786  0.6391725  0.6527002  0.5698815  0.4755690  0.6442638  0.6666194  0.5712020  0.4344488  0.6860509  0.7054467  0.6581043  0.6003920  0.5580785  0.6734667  0.6867675  0.6867717
 4  0.4566311  0.4168102  0.3873639  0.3617588  0.4743376  0.5210367  0.4855004  0.4196933  0.3575317  0.3614654  0.4983691  0.5141202  0.4956115  0.4166742  0.4482760  0.5303471  0.5079917  0.4048553  0.4548701  0.5539188  0.5428051  0.5026789  0.4526875  0.4952717  0.5322777  0.5026715  0.4514820
 1  0.7290193  0.6837632  0.6541498  0.6420781  0.5888563  0.5037834  0.6433836  0.5621663  0.5377447  0.6186573  0.5927545  0.5230744  0.5866166  0.5701283  0.5873002  0.5976401  0.5844684  0.6847293  0.6908680  0.6966358  0.6570381  0.6147049  0.5882726  0.4801649  0.4667128  0.6418555  0.6479084
 2  0.5731135  0.5245497  0.4970902  0.4789783  0.4369278  0.4651423  0.5727635  0.4969081  0.5069748  0.5557529  0.5224625  0.4857892  0.5276107  0.5181617  0.5333982  0.5290613  0.5592867  0.6031758  0.6065704  0.5881030  0.5208905  0.4971413  0.5062252  0.4270261  0.4667495  0.5767596  0.5757142
 3  0.7523618  0.7097663  0.6778153  0.6618436  0.6062161  0.5097203  0.6657894  0.5870063  0.5487061  0.6380471  0.6169308  0.5362812  0.6038703  0.5897369  0.6027090  0.6204244  0.5900585  0.7073474  0.7144638  0.7160185  0.6749573  0.6314540  0.6056247  0.5021867  0.4663990  0.6629109  0.6721060
 4  0.4573780  0.4167930  0.3851672  0.3638426  0.3500500  0.4477005  0.5266114  0.4429405  0.4758965  0.5109842  0.4577554  0.4505542  0.4852374  0.4672808  0.4941189  0.4693757  0.5214308  0.5486210  0.5140011  0.4622271  0.4157205  0.4346309  0.4558666  0.3776480  0.4561944  0.5315561  0.5210743
 1  0.7283085  0.6840649  0.6469478  0.6302864  0.6277171  0.6213057  0.6202577  0.6320119  0.6576135  0.6659476  0.6732186  0.6833205  0.6965869  0.6995196  0.6992623  0.7079356  0.7032165  0.7044273  0.7002781  0.6989409  0.6964725  0.6941332  0.6919572  0.6939348  0.7057085  0.7058163  0.6993231
 2  0.5726575  0.5248717  0.4910708  0.4832321  0.4928773  0.4927834  0.4932296  0.5206636  0.5486369  0.5513549  0.5441861  0.5447342  0.5616311  0.5688652  0.5718445  0.5717013  0.5672830  0.5663375  0.5666578  0.5650275  0.5544982  0.5399217  0.5345101  0.5675638  0.5957495  0.5997927  0.5824347
 3  0.7516802  0.7099042  0.6707990  0.6495825  0.6449833  0.6396079  0.6369075  0.6479357  0.6762685  0.6853969  0.6915286  0.6997682  0.7137051  0.7190679  0.7175709  0.7260199  0.7213842  0.7226164  0.7188784  0.7176178  0.7149766  0.7112092  0.7080304  0.7110294  0.7262913  0.7279714  0.7198770
 4  0.4573648  0.4163187  0.3815127  0.3945470  0.4197071  0.4070676  0.4127835  0.4633828  0.4798503  0.4620316  0.4384369  0.4552033  0.4901606  0.4837716  0.4779561  0.4778011  0.4759883  0.4788359  0.4788746  0.4734205  0.4480513  0.4242432  0.4469175  0.5079626  0.5317795  0.5156656  0.4656773
 1  0.7292546  0.6838715  0.6597367  0.6518072  0.6326972  0.6207801  0.6102386  0.6103798  0.6270108  0.6832415  0.6959959  0.7018855  0.7139447  0.7167380  0.7178970  0.7187849  0.7194712  0.7224392  0.7032367  0.6878953  0.6918653  0.7027591  0.6897608  0.6778097  0.6712541  0.6691268  0.6709408
 2  0.5718989  0.5240255  0.5022803  0.4877318  0.4668727  0.4630152  0.4803295  0.5182619  0.5649371  0.5984909  0.6026097  0.5941100  0.5814768  0.5686550  0.5499086  0.5390900  0.5425585  0.5488210  0.5458416  0.5424936  0.5665293  0.5819733  0.5682087  0.5374638  0.5083939  0.5078752  0.5223505
 3  0.7524902  0.7101030  0.6833698  0.6713105  0.6496557  0.6369477  0.6254393  0.6261472  0.6425523  0.7044492  0.7185813  0.7209641  0.7320373  0.7343147  0.7336808  0.7340883  0.7345116  0.7385129  0.7205614  0.7054927  0.7092920  0.7226339  0.7105652  0.6962699  0.6876024  0.6849077  0.6879483
 4  0.4556608  0.4177696  0.3888989  0.3703002  0.3693099  0.3787047  0.4194146  0.4701123  0.5168262  0.5373937  0.5130185  0.4892967  0.4807772  0.4534613  0.4282088  0.4214795  0.4438107  0.4532568  0.4496646  0.4579905  0.4968204  0.5071563  0.4648750  0.4103263  0.3965733  0.4258823  0.4464617
 1  0.7307392  0.6865300  0.6581435  0.6471091  0.6351322  0.6448497  0.6545836  0.6679119  0.6334452  0.6166129  0.5540649  0.3298348  0.6573226  0.6984276  0.6919957  0.6994298  0.6952499  0.6970346  0.7027597  0.7128684  0.7037409  0.6991315  0.6957354  0.6930074  0.6843751  0.6708733  0.6922786
 2  0.5709265  0.5237572  0.4987644  0.4857629  0.4940083  0.5233464  0.5429376  0.5498492  0.5329141  0.5299016  0.4736402  0.3608933  0.6044986  0.6093714  0.6126632  0.6004491  0.5697592  0.5390896  0.5504819  0.5815416  0.5818494  0.5638219  0.5370471  0.5191207  0.5079933  0.5430612  0.5866407
 3  0.7534590  0.7122673  0.6816791  0.6666113  0.6511048  0.6619422  0.6728374  0.6863840  0.6522115  0.6356305  0.5781189  0.3222437  0.6680978  0.7276818  0.7175961  0.7208804  0.7144292  0.7137520  0.7173143  0.7323960  0.7247988  0.7174018  0.7123717  0.7094281  0.7006163  0.6877759  0.7120761
 4  0.4540021  0.4161973  0.3865864  0.3764536  0.4265225  0.4609841  0.4678478  0.4662053  0.4653578  0.4735938  0.3930104  0.3735799  0.5572830  0.5538326  0.5272908  0.4934309  0.4480508  0.4106001  0.4824055  0.5177146  0.4833071  0.4376582  0.4197741  0.4079603  0.4149181  0.4882951  0.5273551
 1  0.7296156  0.6865713  0.6501618  0.6322880  0.5831582  0.4943117  0.4809424  0.6736428  0.6843947  0.6447771  0.5390564  0.4078190  0.5194032  0.6381004  0.6200667  0.5935077  0.5198668  0.4546915  0.5954836  0.6326478  0.6008898  0.6518298  0.6514728  0.5519198  0.4337615  0.6497584  0.6484437
 2  0.5721350  0.5249587  0.4919726  0.4759502  0.4558282  0.4430465  0.4658526  0.6006914  0.6046784  0.5664049  0.4674994  0.3801494  0.5051413  0.5721013  0.5547030  0.5256795  0.4593808  0.4419121  0.5503619  0.5615274  0.5519772  0.5874668  0.5726211  0.4795170  0.4494210  0.5844333  0.5714147
 3  0.7525046  0.7120612  0.6738518  0.6520685  0.5999719  0.5081564  0.4895728  0.6964850  0.7106038  0.6708130  0.5632096  0.4183588  0.5219414  0.6589494  0.6424579  0.6149043  0.5413905  0.4598853  0.6087306  0.6560530  0.6179910  0.6707603  0.6774108  0.5770638  0.4282038  0.6698936  0.6741776
 4  0.4555682  0.4155233  0.3823290  0.3743405  0.3896055  0.4020412  0.4450675  0.5517569  0.5489202  0.5033454  0.3960607  0.3547324  0.4856336  0.5242684  0.5000012  0.4715335  0.4001003  0.4262131  0.5137165  0.5082138  0.5058347  0.5406693  0.5119561  0.4046681  0.4466633  0.5389720  0.5109191
 1  0.7282820  0.6798776  0.6371925  0.6154851  0.6176838  0.6165534  0.6135065  0.6123202  0.6132311  0.5896167  0.5254687  0.6392521  0.6911871  0.6604954  0.6353719  0.6173807  0.6033413  0.5680355  0.5986272  0.7065345  0.7038320  0.7076761  0.7129198  0.7165777  0.6831097  0.6505420  0.6050709
 2  0.5697585  0.5218709  0.4876982  0.4746146  0.4792599  0.4739716  0.4603355  0.4630470  0.4874137  0.4976284  0.4924066  0.5902653  0.6090494  0.5814078  0.5495434  0.5236453  0.5088175  0.4888374  0.5802873  0.6192345  0.6235526  0.6137040  0.5971304  0.5795663  0.5273761  0.4897571  0.4620307
 3  0.7517544  0.7066486  0.6619996  0.6354685  0.6351545  0.6341089  0.6295422  0.6273003  0.6289060  0.6072272  0.5378537  0.6512261  0.7175869  0.6867089  0.6588821  0.6372344  0.6208417  0.5872699  0.5945623  0.7343642  0.7297756  0.7293249  0.7325150  0.7349976  0.7009310  0.6674943  0.6221398
 4  0.4555172  0.4185805  0.3828987  0.3849201  0.3969379  0.3771305  0.3600202  0.3870391  0.4268146  0.4411533  0.4606258  0.5465589  0.5543311  0.5123665  0.4640067  0.4400180  0.4445889  0.4269622  0.5423329  0.5656272  0.5418916  0.5132674  0.4952492  0.4656048  0.4109220  0.3873629  0.3819042
 1  0.7315684  0.6873880  0.6657502  0.6588309  0.6614519  0.6708742  0.6774929  0.6945629  0.6908409  0.6898386  0.6857215  0.6820905  0.6758032  0.6695825  0.6762915  0.6797248  0.6995899  0.7214783  0.7047526  0.6952311  0.6198708  0.5052673  0.4051825  0.6325941  0.6560828  0.6384932  0.6535104
 2  0.5697771  0.5223139  0.5040015  0.4891862  0.4729600  0.4645094  0.5009196  0.5547001  0.5765939  0.5805460  0.5739622  0.5563139  0.5276265  0.5043918  0.5027045  0.5169708  0.5877712  0.6151623  0.6057422  0.5806695  0.5098078  0.4479659  0.4046871  0.5690800  0.5830500  0.5760034  0.5871704
 3  0.7537993  0.7128146  0.6888395  0.6782645  0.6779662  0.6851656  0.6903314  0.7113652  0.7106203  0.7104636  0.7065544  0.7013701  0.6935984  0.6860314  0.6919129  0.6957560  0.7142602  0.7448441  0.7287591  0.7149033  0.6375698  0.5255968  0.4077523  0.6538399  0.6806391  0.6589903  0.6740002
 4  0.4515532  0.4146470  0.3913706  0.3650620  0.3410705  0.3418469  0.4415158  0.4966736  0.5048865  0.5036070  0.4827648  0.4482384  0.4098645  0.3942666  0.4065337  0.4336456  0.5346787  0.5550245  0.5091939  0.4622063  0.4412322  0.3904671  0.3981132  0.5272923  0.5296103  0.5245726  0.5373553
 1  0.7286303  0.6826911  0.6390425  0.6147834  0.5573903  0.5009683  0.5910165  0.5936373  0.6726460  0.6970761  0.6987091  0.7000004  0.6911642  0.6881264  0.6808478  0.6633357  0.6506950  0.6353011  0.6569338  0.6187198  0.6095667  0.6387473  0.6256039  0.6789023  0.7232074  0.7173559  0.7103196
 2  0.5686480  0.5225831  0.4867361  0.4621771  0.4320738  0.4769246  0.5316455  0.5556955  0.5996550  0.6164285  0.6071683  0.5846979  0.5435904  0.5198994  0.5052836  0.4863087  0.4835825  0.5315816  0.5715214  0.5449865  0.5465893  0.5650685  0.5455183  0.6090886  0.6277513  0.6266754  0.6010118
 3  0.7517398  0.7088155  0.6634008  0.6352987  0.5739837  0.5070084  0.6121913  0.6051195  0.6956141  0.7217861  0.7216204  0.7196375  0.7082224  0.7042367  0.6972962  0.6796463  0.6664138  0.6493716  0.6779204  0.6422366  0.6254436  0.6600165  0.6487912  0.6920781  0.7481543  0.7418691  0.7308964
 4  0.4547156  0.4168095  0.3810382  0.3561520  0.3668449  0.4566609  0.4884452  0.5198669  0.5483121  0.5454847  0.5097257  0.4595327  0.4217051  0.4155096  0.3965225  0.3773246  0.3963022  0.4884038  0.5196794  0.4747266  0.4988736  0.5099045  0.4687149  0.5500547  0.5683008  0.5368301  0.4688867
 1  0.7290541  0.6814757  0.6458379  0.6333419  0.6391486  0.6286638  0.6134582  0.6003613  0.6127743  0.5761606  0.6140997  0.6116601  0.5413017  0.5572859  0.6813537  0.6571913  0.6852500  0.6936056  0.6836204  0.6770790  0.6730071  0.6725448  0.6582613  0.5736919  0.5945673  0.6558697  0.6266223
 2  0.5720311  0.5230618  0.4928729  0.4959579  0.5117458  0.5002271  0.4643860  0.4591548  0.5119252  0.5306019  0.5564919  0.5418853  0.4817447  0.5462026  0.6031750  0.5861419  0.6010105  0.5979436  0.5642686  0.5224858  0.4914488  0.5007459  0.5304325  0.5106764  0.5558982  0.5788549  0.5479611
 3  0.7524456  0.7078604  0.6700797  0.6523125  0.6570889  0.6483374  0.6308805  0.6145439  0.6279210  0.5929258  0.6320675  0.6356942  0.5623399  0.5570814  0.7057613  0.6812934  0.7086320  0.7156795  0.7034087  0.6943970  0.6883407  0.6873176  0.6764786  0.5928665  0.6055462  0.6806551  0.6527123
 4  0.4569095  0.4176880  0.3856421  0.4168951  0.4403019  0.3989215  0.3437588  0.3951056  0.4674137  0.4876350  0.5157094  0.4868547  0.4294094  0.5171919  0.5525954  0.5267781  0.5287159  0.5016377  0.4429379  0.3871252  0.3747273  0.4285210  0.4700201  0.4629508  0.5185893  0.5274942  0.4656852
 1  0.7304056  0.6863066  0.6593702  0.6495786  0.6355826  0.6343024  0.6499247  0.6720286  0.6766975  0.6813398  0.6951195  0.7041477  0.7164867  0.7114145  0.6892049  0.6786703  0.6801629  0.6822830  0.6694801  0.6379797  0.6050289  0.5553144  0.5675055  0.6114224  0.5519928  0.5187324  0.5935506
 2  0.5719358  0.5241406  0.4995743  0.4849358  0.4736513  0.4828627  0.5152193  0.5407685  0.5389995  0.5289549  0.5322766  0.5653008  0.5921740  0.5978813  0.5748338  0.5588451  0.5502657  0.5434016  0.5363632  0.5190595  0.4946157  0.4846993  0.5296940  0.5403249  0.4912497  0.4835463  0.5462322
 3  0.7532408  0.7120878  0.6828495  0.6690670  0.6522838  0.6502905  0.6653177  0.6893629  0.6952526  0.6974243  0.7108592  0.7200374  0.7361389  0.7327330  0.7093776  0.6982367  0.6993072  0.6992447  0.6872049  0.6577767  0.6231486  0.5709469  0.5789720  0.6355547  0.5745826  0.5299163  0.6088035
 4  0.4545313  0.4161992  0.3863320  0.3701902  0.3828865  0.4045447  0.4480652  0.4642813  0.4293142  0.4182478  0.4393085  0.4994217  0.5264887  0.5107948  0.4828218  0.4720785  0.4483552  0.4490405  0.4590416  0.4360901  0.4190086  0.4376014  0.4984118  0.4901803  0.4346350  0.4540065  0.5069101
 1  0.7281665  0.6808234  0.6489971  0.6371424  0.6176289  0.5909540  0.5281499  0.5437742  0.5885855  0.6605564  0.6218563  0.6802291  0.6968506  0.7087340  0.7020095  0.7032490  0.6775122  0.6552714  0.6500548  0.6185960  0.6413073  0.6557374  0.6698495  0.6912812  0.7066145  0.6986670  0.6966276
 2  0.5709774  0.5221279  0.4954520  0.4862391  0.4776275  0.4675479  0.4402956  0.4962816  0.5540498  0.5779221  0.5765990  0.6019867  0.6194534  0.6167963  0.5948805  0.5658022  0.5114856  0.5015381  0.5321870  0.5459511  0.5645315  0.5714948  0.5712004  0.5866404  0.5949834  0.5885689  0.5734186
 3  0.7515019  0.7071882  0.6731150  0.6568390  0.6350398  0.6088405  0.5438175  0.5606964  0.5988121  0.6878763  0.6369643  0.7043434  0.7209317  0.7318845  0.7230859  0.7211202  0.6944955  0.6706521  0.6671351  0.6373759  0.6610533  0.6779562  0.6896683  0.7084409  0.7277994  0.7197357  0.7158727
 4  0.4557197  0.4170906  0.3873537  0.3875094  0.3985099  0.3906138  0.3861898  0.4626743  0.5188126  0.5272122  0.5289058  0.5518309  0.5485550  0.5300110  0.4815458  0.4364873  0.3915263  0.4289304  0.4780426  0.4920086  0.5104972  0.4945077  0.4792724  0.5153719  0.5238464  0.4953626  0.4724556
 1  0.7281973  0.6810513  0.6440018  0.6239500  0.5919675  0.6176967  0.6489265  0.6646645  0.6791398  0.6945031  0.7091547  0.7207513  0.7180986  0.7107753  0.6982194  0.6927595  0.6980501  0.7043846  0.7182551  0.7087872  0.7035688  0.7081743  0.7133918  0.7183396  0.7141127  0.7091380  0.7129351
 2  0.5743464  0.5232414  0.4909917  0.4670108  0.4712909  0.5314676  0.5575192  0.5525660  0.5325358  0.5064004  0.4982614  0.5299712  0.5557282  0.5634780  0.5562530  0.5533223  0.5555414  0.5835979  0.6041725  0.6017777  0.5823095  0.5593974  0.5441745  0.5435114  0.5646599  0.5992991  0.6092329
 3  0.7516029  0.7069893  0.6679378  0.6444760  0.6069320  0.6326872  0.6690377  0.6836275  0.6959626  0.7091598  0.7220015  0.7352254  0.7350554  0.7294007  0.7169425  0.7107617  0.7166201  0.7209132  0.7397119  0.7315967  0.7231610  0.7249790  0.7292892  0.7337763  0.7311354  0.7283573  0.7369796
 4  0.4584144  0.4155433  0.3855604  0.3556932  0.4180219  0.4898598  0.4809838  0.4405060  0.3969308  0.3566071  0.3936338  0.4487936  0.4746012  0.4715663  0.4571476  0.4664592  0.4618548  0.5154524  0.5407054  0.5098014  0.4587771  0.4359577  0.4322812  0.4495207  0.4918920  0.5394500  0.5410470
 1  0.7281184  0.6803456  0.6464117  0.6313636  0.5594311  0.5355669  0.6546380  0.5527338  0.5313709  0.4933689  0.6160296  0.6578331  0.6534650  0.6411371  0.6198761  0.6022205  0.6342253  0.6609556  0.6767441  0.7042970  0.7055835  0.7047731  0.7020003  0.7020715  0.7116152  0.7129054  0.7088754
 2  0.5729084  0.5231594  0.4940896  0.4754641  0.4309099  0.5207574  0.5770973  0.4956754  0.4757121  0.4739914  0.5678483  0.5846409  0.5750558  0.5524095  0.5145770  0.5043209  0.5574147  0.5757299  0.5949389  0.6031080  0.5950808  0.5708531  0.5278990  0.4984589  0.5056722  0.5364362  0.5490046
 3  0.7517145  0.7068348  0.6706445  0.6515900  0.5764079  0.5386688  0.6807062  0.5747598  0.5510439  0.5033879  0.6294484  0.6818018  0.6780057  0.6635314  0.6398848  0.6182673  0.6487031  0.6834338  0.6967517  0.7249824  0.7268757  0.7232126  0.7178109  0.7162534  0.7253140  0.7290999  0.7267305
 4  0.4576816  0.4178749  0.3865702  0.3655892  0.3619081  0.4976242  0.5297538  0.4550225  0.4318315  0.4492276  0.5294651  0.5311649  0.5038836  0.4626719  0.4193798  0.4429820  0.5130684  0.5135490  0.5193951  0.5271583  0.4957654  0.4344623  0.3746208  0.3660811  0.4164035  0.4559775  0.4503067
 1  0.7289669  0.6798174  0.6469152  0.6339113  0.6322210  0.6434531  0.6389555  0.6282257  0.6195748  0.6050703  0.6246866  0.7010448  0.7176173  0.7097143  0.7029300  0.7076641  0.7166503  0.7272872  0.7274239  0.7226883  0.7131823  0.7006123  0.6976530  0.7011584  0.7110943  0.7179396  0.7201603
 2  0.5742236  0.5219689  0.4942115  0.4882136  0.5070284  0.5267909  0.5172857  0.4840644  0.4491555  0.4480484  0.5711923  0.6206210  0.6304995  0.6230113  0.5872383  0.5441312  0.5134211  0.5130080  0.5431996  0.5698421  0.5793951  0.5717823  0.5595549  0.5530707  0.5621739  0.5803601  0.5921580
 3  0.7523603  0.7060461  0.6709419  0.6535635  0.6488093  0.6618045  0.6584063  0.6460087  0.6359492  0.6190604  0.6326657  0.7256386  0.7453066  0.7340812  0.7223568  0.7236481  0.7304541  0.7405932  0.7425293  0.7402071  0.7329439  0.7207656  0.7161620  0.7180641  0.7278484  0.7355846  0.7395418
 4  0.4578898  0.4160871  0.3887678  0.3968240  0.4436095  0.4558529  0.4164485  0.3636936  0.3312216  0.3863628  0.5357097  0.5651424  0.5648819  0.5175572  0.4428853  0.3896264  0.3794657  0.4104425  0.4593284  0.4937263  0.4978629  0.4744812  0.4498998  0.4535649  0.4775188  0.5038628  0.5121399
 1  0.7287269  0.6810465  0.6502132  0.6372581  0.6308932  0.6428863  0.6591208  0.6675799  0.6529758  0.6307339  0.6625472  0.6775530  0.6766981  0.6806176  0.6782618  0.6745231  0.6972943  0.7168932  0.7089060  0.7052197  0.6770307  0.6370836  0.5153649  0.6518063  0.6339607  0.6709052  0.6821804
 2  0.5719461  0.5224118  0.4963936  0.4771233  0.4673626  0.4907603  0.5236865  0.5464322  0.5440386  0.5416230  0.5700491  0.5768866  0.5636265  0.5465243  0.5347240  0.5414106  0.5921244  0.6129883  0.6076862  0.5821926  0.5110709  0.4378676  0.4626327  0.5744860  0.5708787  0.5907244  0.5992528
 3  0.7520538  0.7073838  0.6742567  0.6574895  0.6476782  0.6577547  0.6755033  0.6853398  0.6725100  0.6495508  0.6813423  0.6988303  0.6969097  0.6980532  0.6953141  0.6917392  0.7137360  0.7398415  0.7318781  0.7245428  0.6940760  0.6523704  0.5183104  0.6782876  0.6560920  0.6947836  0.7036558
 4  0.4562514  0.4171398  0.3884124  0.3603364  0.3707502  0.4219088  0.4564078  0.4740684  0.4718236  0.4788203  0.5077735  0.4973760  0.4566447  0.4397405  0.4457982  0.4681672  0.5348564  0.5486281  0.5097374  0.4430516  0.3554138  0.3151392  0.4564077  0.5282258  0.5205757  0.5254036  0.5205546
 1  0.7276935  0.6808899  0.6299701  0.6003416  0.6166344  0.6415623  0.6445425  0.6346723  0.6329880  0.6420782  0.6508147  0.6427753  0.6390908  0.6828672  0.7120978  0.7086736  0.6911426  0.6844761  0.6969049  0.6996142  0.6787392  0.6550688  0.6339816  0.5901898  0.5881498  0.6607089  0.6543841
 2  0.5721492  0.5231672  0.4811277  0.4625022  0.4866379  0.5147088  0.5184489  0.5045050  0.5080119  0.5376246  0.5551503  0.5489098  0.5483253  0.5959578  0.6124211  0.6063791  0.5574500  0.5198496  0.5434148  0.5634704  0.5505221  0.5157921  0.4908103  0.4730225  0.5299229  0.5871951  0.5749833
 3  0.7511928  0.7071239  0.6545677  0.6204257  0.6332183  0.6580597  0.6624511  0.6526523  0.6491501  0.6586385  0.6705549  0.6632922  0.6575846  0.6995410  0.7349059  0.7308756  0.7098074  0.6994853  0.7123489  0.7187593  0.6992279  0.6736439  0.6507831  0.6084137  0.5987169  0.6818950  0.6799591
 4  0.4573467  0.4167572  0.3787232  0.3758797  0.4162251  0.4432791  0.4332889  0.4105089  0.4362265  0.4822636  0.4901428  0.4728439  0.4812604  0.5373598  0.5455354  0.4974847  0.4026884  0.4111000  0.4804679  0.4905400  0.4457662  0.4024238  0.4056701  0.4053547  0.4934299  0.5401261  0.4982357
 1  0.7285885  0.6862186  0.6589337  0.6492154  0.6323258  0.6150232  0.6445968  0.6607106  0.6627286  0.6674873  0.6825826  0.7010680  0.6949501  0.6945911  0.7009108  0.6874898  0.6960323  0.6991112  0.6987632  0.7086348  0.7150633  0.7034685  0.7021918  0.7033134  0.7060119  0.7014801  0.7161243
 2  0.5713707  0.5254495  0.4988841  0.4919314  0.4889206  0.4987808  0.5296452  0.5375665  0.5195027  0.4950329  0.5266843  0.5646475  0.5707395  0.5711118  0.5739684  0.5694777  0.5749933  0.5721220  0.5600864  0.5748042  0.5920854  0.5875955  0.5729264  0.5470810  0.5130538  0.5217117  0.5695654
 3  0.7516385  0.7118235  0.6822405  0.6681410  0.6495278  0.6320578  0.6612889  0.6794318  0.6806216  0.6830538  0.6963998  0.7194376  0.7153191  0.7124157  0.7199204  0.7072846  0.7150930  0.7185286  0.7164533  0.7245723  0.7353629  0.7247410  0.7211949  0.7202971  0.7208529  0.7143220  0.7337970
 4  0.4556943  0.4160292  0.3840117  0.3938151  0.4117418  0.4335526  0.4610043  0.4453310  0.3949229  0.3713309  0.4637141  0.5026111  0.4766485  0.4809651  0.4945516  0.4884618  0.4918794  0.4728580  0.4511037  0.5028582  0.5238692  0.4942499  0.4542929  0.4083069  0.3595443  0.4564278  0.5095927
 1  0.7287496  0.6818591  0.6502079  0.6368221  0.6107761  0.5744287  0.6307912  0.6327744  0.6417148  0.6494833  0.6707273  0.6967915  0.6927968  0.6951991  0.7071124  0.7124446  0.7135440  0.7100377  0.7107803  0.7154547  0.7191936  0.7170726  0.7188695  0.7285732  0.7329376  0.7270039  0.7235958
 2  0.5722266  0.5235127  0.4959662  0.4737595  0.4308674  0.4334095  0.5270835  0.5459484  0.5523661  0.5527833  0.5783110  0.5926421  0.5840449  0.5681429  0.5685479  0.5802170  0.5835202  0.5782363  0.5683442  0.5686579  0.5704544  0.5587639  0.5426300  0.5562008  0.5796047  0.5945634  0.5999631
 3  0.7522206  0.7083418  0.6743324  0.6570232  0.6287148  0.5877017  0.6457866  0.6544896  0.6624544  0.6699610  0.6884426  0.7182323  0.7146456  0.7130644  0.7242010  0.7312506  0.7332417  0.7291064  0.7283607  0.7326405  0.7373203  0.7345197  0.7340813  0.7433988  0.7509770  0.7463008  0.7438392
 4  0.4567510  0.4181136  0.3857033  0.3523106  0.3074138  0.3901135  0.4867012  0.4835834  0.4808696  0.4762203  0.5138688  0.5238663  0.4794687  0.4563341  0.4856061  0.5040050  0.4958376  0.4727862  0.4639048  0.4796510  0.4740364  0.4307132  0.4111385  0.4734125  0.5053121  0.5144636  0.5161765
 1  0.7314508  0.6878004  0.6564720  0.6444520  0.6299520  0.6246889  0.5872690  0.4722558  0.4996458  0.7034954  0.7040883  0.6982524  0.6946848  0.7015774  0.7060243  0.7052067  0.6901766  0.6793594  0.6341769  0.5404761  0.6545132  0.5394857  0.4902369  0.4952887  0.5573083  0.6328757  0.6051395
 2  0.5718119  0.5234790  0.4960344  0.4941313  0.5127453  0.5263535  0.4874761  0.3826080  0.5078810  0.6218758  0.6151940  0.6157717  0.5910707  0.5675469  0.5662196  0.5718118  0.5612801  0.5424210  0.5068553  0.5134860  0.5757289  0.4796348  0.4533899  0.4556637  0.5276108  0.5613934  0.5601466
 3  0.7538355  0.7130726  0.6799007  0.6635593  0.6464588  0.6442583  0.6090003  0.4894962  0.4936911  0.7278411  0.7333746  0.7241366  0.7155916  0.7184664  0.7227741  0.7246385  0.7100303  0.6976533  0.6527887  0.5475994  0.6800120  0.5643396  0.5015009  0.5129749  0.5659895  0.6561665  0.6209360
 4  0.4534029  0.4143047  0.3864384  0.4049649  0.4562898  0.4611990  0.3936403  0.3122343  0.4935583  0.5665296  0.5571975  0.5235039  0.4632939  0.4557817  0.4920215  0.4933775  0.4600759  0.4403515  0.4270902  0.4858679  0.5267582  0.4253612  0.4274395  0.4209224  0.4990372  0.5107816  0.5143859
 1  0.7320621  0.6914412  0.6645010  0.6525496  0.6450493  0.6473685  0.6602198  0.6805220  0.6942219  0.7081743  0.7108416  0.7121579  0.7088261  0.7027212  0.7027632  0.7017762  0.6973074  0.6893599  0.6870974  0.6887566  0.6783811  0.6864988  0.6870637  0.6949530  0.7018627  0.7098826  0.7133252
 2  0.5746545  0.5263231  0.4994541  0.4818574  0.4712831  0.4737611  0.4973853  0.5296564  0.5634072  0.5850723  0.5882852  0.5816126  0.5646741  0.5508052  0.5387673  0.5285933  0.5131411  0.4932508  0.5191700  0.5622578  0.5831886  0.5883541  0.5863919  0.5725179  0.5603136  0.5727589  0.5890335
 3  0.7544364  0.7162697  0.6873454  0.6719387  0.6616571  0.6629833  0.6749803  0.6959041  0.7108415  0.7270504  0.7306848  0.7303597  0.7264645  0.7202181  0.7192823  0.7177710  0.7131018  0.7047524  0.7014918  0.7079884  0.6987277  0.7090843  0.7090023  0.7134023  0.7186738  0.7268575  0.7326757
 4  0.4545522  0.4138657  0.3851523  0.3636209  0.3693358  0.3797119  0.4177151  0.4549565  0.4941217  0.5108845  0.4945050  0.4751692  0.4622759  0.4443817  0.4265179  0.4130261  0.3904090  0.3706917  0.4520341  0.5046607  0.5191396  0.5194744  0.4877927  0.4581412  0.4630830  0.4982663  0.5197172
 1  0.7287904  0.6835164  0.6543163  0.6430599  0.6369023  0.6457976  0.6607076  0.6691232  0.6747413  0.6858232  0.6969294  0.7104709  0.7081287  0.7085818  0.7049474  0.7051511  0.7061385  0.7025864  0.7040624  0.6996223  0.6979635  0.7028717  0.7062540  0.7035711  0.7048385  0.7095895  0.7195093
 2  0.5701777  0.5238196  0.4980511  0.4810065  0.4764880  0.4965605  0.5128820  0.5117085  0.5128777  0.5319058  0.5633769  0.5828782  0.5824344  0.5676373  0.5409233  0.5251752  0.5225077  0.5395015  0.5600634  0.5694630  0.5765131  0.5881769  0.5919761  0.5819422  0.5609265  0.5394584  0.5340947
 3  0.7520664  0.7098105  0.6782180  0.6628268  0.6533683  0.6614970  0.6774179  0.6855651  0.6897138  0.7021472  0.7137118  0.7292897  0.7276343  0.7265704  0.7214177  0.7204545  0.7215812  0.7188260  0.7218748  0.7188309  0.7167735  0.7223844  0.7271012  0.7235128  0.7226107  0.7249924  0.7340952
 4  0.4552733  0.4179815  0.3858529  0.3653746  0.3881168  0.4239799  0.4227312  0.3961319  0.4208327  0.4557617  0.4925230  0.5049598  0.4841930  0.4473374  0.4134901  0.4104485  0.4241846  0.4578305  0.4834938  0.4862245  0.4974211  0.5154950  0.5092176  0.4760406  0.4298051  0.4121733  0.4286966
 1  0.7295185  0.6835518  0.6553227  0.6471063  0.6219496  0.5859614  0.5521655  0.6531990  0.6459315  0.6342217  0.6477901  0.6597962  0.6155528  0.5559298  0.6282065  0.6820707  0.6723412  0.6667240  0.6674730  0.6721813  0.6735558  0.6730189  0.6774865  0.6828308  0.6738884  0.6594677  0.6478565
 2  0.5718653  0.5230020  0.4982114  0.4986667  0.5037003  0.4924616  0.5115263  0.5784219  0.5677466  0.5485050  0.5516457  0.5599169  0.5291113  0.5133996  0.5784262  0.6003293  0.5867149  0.5569310  0.5283769  0.5168569  0.5159161  0.5279380  0.5462826  0.5585682  0.5512359  0.5289296  0.5246727
 3  0.7524887  0.7094268  0.6789343  0.6660665  0.6391890  0.6061401  0.5617110  0.6766353  0.6721182  0.6546836  0.6659808  0.6798890  0.6356351  0.5701596  0.6423071  0.7069661  0.6969198  0.6868675  0.6846602  0.6886225  0.6897660  0.6896247  0.6946171  0.7012119  0.6933907  0.6785093  0.6643770
 4  0.4555759  0.4158283  0.3879490  0.4095665  0.4432358  0.4225605  0.4789100  0.5319530  0.4861947  0.4624740  0.4857375  0.4878055  0.4658126  0.4772185  0.5347515  0.5407378  0.4906560  0.4360325  0.4207865  0.4214689  0.4276607  0.4466565  0.4719788  0.4809505  0.4612890  0.4264591  0.4524149
 1  0.7274045  0.6818744  0.6520976  0.6403785  0.6412574  0.6498591  0.6727529  0.6847844  0.6914378  0.6958507  0.7007015  0.7041066  0.7094416  0.7138908  0.7101131  0.7204288  0.7158703  0.7238336  0.7267934  0.7190012  0.7042018  0.6961908  0.6668575  0.6410009  0.6119279  0.6489844  0.6144528
 2  0.5715916  0.5239169  0.4968805  0.4769889  0.4575002  0.4615049  0.5017249  0.5346514  0.5479461  0.5498944  0.5455389  0.5356433  0.5499479  0.5681161  0.5939850  0.6088024  0.6142298  0.6214953  0.6224361  0.6135040  0.5755677  0.5210326  0.4415510  0.4189413  0.4860232  0.5777806  0.5521178
 3  0.7509238  0.7080620  0.6758965  0.6602983  0.6583590  0.6640506  0.6868733  0.7016007  0.7089252  0.7131813  0.7178300  0.7204906  0.7249368  0.7326782  0.7285768  0.7424215  0.7376862  0.7445285  0.7502354  0.7417002  0.7238776  0.7123568  0.6808907  0.6543146  0.6248380  0.6714238  0.6372555
 4  0.4571408  0.4171220  0.3855258  0.3584160  0.3280419  0.3696457  0.4352409  0.4576090  0.4544205  0.4499260  0.4376033  0.4213118  0.4690565  0.4917261  0.5248350  0.5408573  0.5336196  0.5483831  0.5497544  0.5137579  0.4313029  0.3425375  0.2933923  0.3344931  0.4513722  0.5322768  0.4988793
 1  0.7295224  0.6865967  0.6598835  0.6503508  0.6208428  0.5973838  0.6218262  0.6336709  0.6426638  0.6535383  0.6796356  0.6989320  0.7089670  0.7100184  0.7090534  0.7108315  0.7097273  0.6926798  0.6851952  0.6840568  0.6888556  0.6846510  0.7128409  0.7002099  0.6893385  0.6897957  0.6997104
 2  0.5724896  0.5259165  0.5000066  0.4903392  0.4787890  0.4850375  0.5068449  0.5087478  0.5019374  0.5098860  0.5474320  0.5809306  0.5949807  0.5918117  0.5708979  0.5596037  0.5704900  0.5707848  0.5613938  0.5465161  0.5351005  0.5710174  0.6035096  0.5977881  0.5611538  0.5155528  0.4957677
 3  0.7526309  0.7122956  0.6832136  0.6694577  0.6378474  0.6144106  0.6389872  0.6516950  0.6596938  0.6692425  0.6957319  0.7170122  0.7293368  0.7300411  0.7272977  0.7265249  0.7272539  0.7136544  0.7051068  0.7017702  0.7059810  0.6987332  0.7350803  0.7236823  0.7085437  0.7051572  0.7136556
 4  0.4564538  0.4168345  0.3854283  0.3865955  0.4038072  0.4216239  0.4314547  0.4160532  0.4008851  0.4320331  0.4823531  0.5150717  0.5164834  0.4904381  0.4443251  0.4617031  0.5029035  0.4906810  0.4555708  0.4405081  0.4281104  0.5173827  0.5454052  0.4957179  0.4055274  0.3662477  0.3784338
 1  0.7309671  0.6881320  0.6618765  0.6522471  0.6415156  0.6313352  0.6082129  0.5787645  0.6531793  0.5862647  0.6210783  0.6211757  0.6820550  0.6928396  0.6962281  0.7030805  0.7113582  0.7168200  0.7155388  0.7120190  0.7070551  0.7000306  0.6978527  0.6841023  0.6732011  0.6803381  0.6775850
 2  0.5684563  0.5234431  0.5003636  0.4863718  0.4670336  0.4458180  0.4344622  0.5278292  0.5768071  0.5380574  0.5536444  0.5687436  0.5988894  0.6023341  0.5841387  0.5624630  0.5468095  0.5333279  0.5294088  0.5300366  0.5328005  0.5451879  0.5579046  0.5456720  0.5351762  0.5469591  0.5510197
 3  0.7533426  0.7135582  0.6851198  0.6716317  0.6586269  0.6474166  0.6226405  0.5861307  0.6782830  0.6049826  0.6418511  0.6389624  0.7042838  0.7152598  0.7157364  0.7202912  0.7274854  0.7317784  0.7304380  0.7273179  0.7229389  0.7163078  0.7160986  0.7035784  0.6898566  0.6976790  0.6968774
 4  0.4519946  0.4152868  0.3867846  0.3713822  0.3553274  0.3296440  0.3574093  0.5024976  0.5245069  0.4934686  0.5074041  0.5176739  0.5358441  0.5114063  0.4694832  0.4463885  0.4274010  0.4156169  0.4175407  0.4266651  0.4336783  0.4648358  0.4778604  0.4379199  0.4437793  0.4760330  0.4632213
 1  0.7317671  0.6900678  0.6636127  0.6529179  0.6299259  0.6208057  0.6377897  0.6497355  0.6680661  0.6834128  0.6949153  0.7127757  0.7126869  0.7100968  0.7126916  0.7223492  0.7343184  0.7330354  0.7275784  0.7245148  0.7234446  0.7210013  0.7239345  0.7254637  0.7309970  0.7313463  0.7261125
 2  0.5734793  0.5252307  0.4999290  0.4867790  0.4731381  0.4835683  0.5052289  0.5166257  0.5298844  0.5360364  0.5605204  0.5877683  0.5934241  0.5782763  0.5465135  0.5263733  0.5365397  0.5563955  0.5645634  0.5677600  0.5699144  0.5707078  0.5717338  0.5712415  0.5792953  0.5927566  0.5949913
 3  0.7541083  0.7150693  0.6865840  0.6721897  0.6468369  0.6370271  0.6544232  0.6667232  0.6846239  0.7001662  0.7104775  0.7315668  0.7335100  0.7290276  0.7287160  0.7358068  0.7484313  0.7494555  0.7445635  0.7415125  0.7410775  0.7386531  0.7416390  0.7421912  0.7477224  0.7497905  0.7461398
 4  0.4539986  0.4140657  0.3863941  0.3757261  0.3872770  0.4133401  0.4272207  0.4310153  0.4417235  0.4395682  0.4890597  0.5213880  0.5034865  0.4493228  0.3856999  0.3994941  0.4497980  0.4647691  0.4607858  0.4693479  0.4742080  0.4763908  0.4674207  0.4660980  0.4926837  0.5148816  0.5051329
