FL 2019 2020 2021 2022 2023 2024 2025 2026 2027 2028 2029 2030 2031 2032 2033 2034 2035 2036 2037 2038 2039 2040 2041 2042 2043 2044 2045
 1  0.7288134  0.6829873  0.6669662  0.6665587  0.6878383  0.7185658  0.7068912  0.7015722  0.6997211  0.7007966  0.7052775  0.7034471  0.7028269  0.6954525  0.6904048  0.6946136  0.6935592  0.6747509  0.6662380  0.6837342  0.7051845  0.7106924  0.7108826  0.7137971  0.7121906  0.6957503  0.6838473
 2  0.5725724  0.5324563  0.5399384  0.5523514  0.5980583  0.6165750  0.6079682  0.5790426  0.5347900  0.5011382  0.4982324  0.5323708  0.5510373  0.5443733  0.5325184  0.5451588  0.5574171  0.5406007  0.5331474  0.5674101  0.5958255  0.6033589  0.5933257  0.5872656  0.5821132  0.5694748  0.5441150
 3  0.7521145  0.7094340  0.6928594  0.6897697  0.7044464  0.7419696  0.7303804  0.7208444  0.7159279  0.7152073  0.7190252  0.7192743  0.7207530  0.7135256  0.7067742  0.7107255  0.7126264  0.6950766  0.6834576  0.7001409  0.7254544  0.7317701  0.7310266  0.7312822  0.7315515  0.7163683  0.7026831
 4  0.4566311  0.4437178  0.4684894  0.4698954  0.5363918  0.5536368  0.5084676  0.4377236  0.3838582  0.3693868  0.4063232  0.4574720  0.4627257  0.4305547  0.4258717  0.4702094  0.4805697  0.4355132  0.4426819  0.5094872  0.5303246  0.5191416  0.4866165  0.4934237  0.5048248  0.4725648  0.4260102
 1  0.7290193  0.6838820  0.6675651  0.6673079  0.6693968  0.6800055  0.6985124  0.7019487  0.6987936  0.7028993  0.7014952  0.7002545  0.6933242  0.6805644  0.6929688  0.6995751  0.6962274  0.7101736  0.7058239  0.7052925  0.6947430  0.6830120  0.6820336  0.6626787  0.6354510  0.6293954  0.6645635
 2  0.5731135  0.5329778  0.5395585  0.5534613  0.5534242  0.5633834  0.5770174  0.5776868  0.5703288  0.5698374  0.5643524  0.5559834  0.5467874  0.5411303  0.5524584  0.5561189  0.5728932  0.5931095  0.5942005  0.5756968  0.5386618  0.5216994  0.5247284  0.5140000  0.4981507  0.5278405  0.5653520
 3  0.7523618  0.7102255  0.6933191  0.6902727  0.6897893  0.6974229  0.7171992  0.7215027  0.7167524  0.7212128  0.7203931  0.7174573  0.7107882  0.6982857  0.7100112  0.7174417  0.7122432  0.7306759  0.7274420  0.7237167  0.7116570  0.6994606  0.6993485  0.6816085  0.6523631  0.6451187  0.6833623
 4  0.4573780  0.4432885  0.4673561  0.4729603  0.4596450  0.4842161  0.5021922  0.4835301  0.4763610  0.4842629  0.4638487  0.4547498  0.4537349  0.4529782  0.4671429  0.4570704  0.5037788  0.5290244  0.4967028  0.4485610  0.4182443  0.4308045  0.4410332  0.4120251  0.4171382  0.4783949  0.5013011
 1  0.7283085  0.6841639  0.6669392  0.6704950  0.6866161  0.6912797  0.6838395  0.6865892  0.6925998  0.6913028  0.6902378  0.6929450  0.6887994  0.6764079  0.6797823  0.6945081  0.6743211  0.6666481  0.6744730  0.6836842  0.6784124  0.6710243  0.6727737  0.6832544  0.7003007  0.7013870  0.6957072
 2  0.5726575  0.5332084  0.5389862  0.5665113  0.5809562  0.5774718  0.5536570  0.5490021  0.5570839  0.5538570  0.5440309  0.5423267  0.5553990  0.5581477  0.5670454  0.5701352  0.5558539  0.5523153  0.5625017  0.5650261  0.5494651  0.5294560  0.5281029  0.5647314  0.5937487  0.5969496  0.5798366
 3  0.7516802  0.7103537  0.6926459  0.6923197  0.7078286  0.7116491  0.7018337  0.7036213  0.7109228  0.7099131  0.7079054  0.7091231  0.7060592  0.6971644  0.6988358  0.7130900  0.6933906  0.6855253  0.6937508  0.7027676  0.6975726  0.6887574  0.6889963  0.6999679  0.7206348  0.7235709  0.7163722
 4  0.4573648  0.4429854  0.4670722  0.4985917  0.5037406  0.4745725  0.4472519  0.4668078  0.4749676  0.4564941  0.4326769  0.4498663  0.4889670  0.4814095  0.4801168  0.4813280  0.4742783  0.4795903  0.4833686  0.4775849  0.4480585  0.4218266  0.4467290  0.5066751  0.5304666  0.5137522  0.4642282
 1  0.7292546  0.6839832  0.6688632  0.6698107  0.6761861  0.6850548  0.6899413  0.7004753  0.7093711  0.7202990  0.7181304  0.7163929  0.7190975  0.7146601  0.7166325  0.7193262  0.7209177  0.7242802  0.7159426  0.7121506  0.7110675  0.7144583  0.7023686  0.6924779  0.6894944  0.6903453  0.6794544
 2  0.5718989  0.5325022  0.5403164  0.5568034  0.5625472  0.5597110  0.5553000  0.5592854  0.5809151  0.5980380  0.5976902  0.5886361  0.5757369  0.5624459  0.5487174  0.5408100  0.5450140  0.5512164  0.5545273  0.5548022  0.5705655  0.5827193  0.5715420  0.5444544  0.5179573  0.5149309  0.5196401
 3  0.7524902  0.7105481  0.6946982  0.6925142  0.6964170  0.7038982  0.7071380  0.7176630  0.7266088  0.7400551  0.7389065  0.7345739  0.7368916  0.7323888  0.7325338  0.7347006  0.7360112  0.7404060  0.7328041  0.7291097  0.7281912  0.7339846  0.7225520  0.7104353  0.7054212  0.7057296  0.6961476
 4  0.4556608  0.4436466  0.4673851  0.4777821  0.4746452  0.4599738  0.4610279  0.4733406  0.5078624  0.5251668  0.5011237  0.4810804  0.4756584  0.4493441  0.4288321  0.4239132  0.4462931  0.4553537  0.4535927  0.4589559  0.4938902  0.5043104  0.4652093  0.4130637  0.3981818  0.4219204  0.4399769
 1  0.7307392  0.6864747  0.6693565  0.6700257  0.6841218  0.7021450  0.6986166  0.7028108  0.6886213  0.6827033  0.6572841  0.6121645  0.6228993  0.6744101  0.6805914  0.6904236  0.6718065  0.6564169  0.6667556  0.6950745  0.6875341  0.6814331  0.6791827  0.6775199  0.6486599  0.6157210  0.6683206
 2  0.5709265  0.5324007  0.5398907  0.5592055  0.5818989  0.5925998  0.5871527  0.5777242  0.5622821  0.5550911  0.5254527  0.4745065  0.5386488  0.5891154  0.5969075  0.5861439  0.5441409  0.5061015  0.5410525  0.5819822  0.5806753  0.5580173  0.5310993  0.5139117  0.4920866  0.5289460  0.5828778
 3  0.7534590  0.7126204  0.6951240  0.6926002  0.7035835  0.7227963  0.7186666  0.7219515  0.7074711  0.7020977  0.6782081  0.6305731  0.6334828  0.6965028  0.7037357  0.7108764  0.6911332  0.6738845  0.6807356  0.7152488  0.7097494  0.7004810  0.6962778  0.6942878  0.6653799  0.6300870  0.6871035
 4  0.4540021  0.4430379  0.4677850  0.4837697  0.5104906  0.5138572  0.4962748  0.4814053  0.4748852  0.4729141  0.4189455  0.3765096  0.5015863  0.5377356  0.5131976  0.4799487  0.4299691  0.3959006  0.4875488  0.5240742  0.4857798  0.4370080  0.4203711  0.4084142  0.4107720  0.4883853  0.5276831
 1  0.7296156  0.6865135  0.6679863  0.6674750  0.6746767  0.6820097  0.6785323  0.6868270  0.7020745  0.7047402  0.6975092  0.6940362  0.6822397  0.6790022  0.6871287  0.6910294  0.6768506  0.6646407  0.6783825  0.6905034  0.6970319  0.7104861  0.7135735  0.7066411  0.6979612  0.7016981  0.7009766
 2  0.5721350  0.5333712  0.5391145  0.5573514  0.5653139  0.5612298  0.5452455  0.5572339  0.5842469  0.5906983  0.5748670  0.5453845  0.5185304  0.5322102  0.5556083  0.5613300  0.5386998  0.5144712  0.5294501  0.5491498  0.5688906  0.5919634  0.5968934  0.5833160  0.5585433  0.5643654  0.5718926
 3  0.7525046  0.7124216  0.6936919  0.6901662  0.6952374  0.7014957  0.6962801  0.7031494  0.7210471  0.7259277  0.7177603  0.7113908  0.6975369  0.6952840  0.7050725  0.7098843  0.6957271  0.6815128  0.6940823  0.7079595  0.7144175  0.7289877  0.7347986  0.7267470  0.7151366  0.7188926  0.7205287
 4  0.4555682  0.4427927  0.4677054  0.4825199  0.4818453  0.4608047  0.4442510  0.4872241  0.5191091  0.5081607  0.4585078  0.4090749  0.4240363  0.4648947  0.4801558  0.4684640  0.4259492  0.4115674  0.4532197  0.4707587  0.4914967  0.5217086  0.5148710  0.4678550  0.4519731  0.4901325  0.4934182
 1  0.7282820  0.6802620  0.6622645  0.6653707  0.6806217  0.6865042  0.6811169  0.6821098  0.6925750  0.6985730  0.6926249  0.6954262  0.7124194  0.7119236  0.7100090  0.7111718  0.7086266  0.7027505  0.7004352  0.7149481  0.7098378  0.7098543  0.7045551  0.6999370  0.6973505  0.6974274  0.6874357
 2  0.5697585  0.5310939  0.5385387  0.5621135  0.5729275  0.5659387  0.5355360  0.5148367  0.5184096  0.5233116  0.5266348  0.5616091  0.5947203  0.6019195  0.5911737  0.5709129  0.5452906  0.5254233  0.5689994  0.6054985  0.6117295  0.6031272  0.5835664  0.5648608  0.5425849  0.5233986  0.5002306
 3  0.7517544  0.7072754  0.6884820  0.6877263  0.7016786  0.7061494  0.6983064  0.6976910  0.7079301  0.7142475  0.7085616  0.7109313  0.7322682  0.7335421  0.7300728  0.7286528  0.7250098  0.7190876  0.7147839  0.7371529  0.7332124  0.7304255  0.7239739  0.7189090  0.7146464  0.7133264  0.7029258
 4  0.4555172  0.4446611  0.4681635  0.4915708  0.4892651  0.4543719  0.4111983  0.4074995  0.4214751  0.4221287  0.4296852  0.5001278  0.5316327  0.5180004  0.4794009  0.4469796  0.4308075  0.4125302  0.5131023  0.5489402  0.5285497  0.5032856  0.4869533  0.4586815  0.4221398  0.3982597  0.3826121
 1  0.7315684  0.6872715  0.6724644  0.6711992  0.6750613  0.6851891  0.6931026  0.7091316  0.7017029  0.7013900  0.6997635  0.6995919  0.6919671  0.6838438  0.6864335  0.6859248  0.6912384  0.7095920  0.6953437  0.6878939  0.6813875  0.6668646  0.6563895  0.6485918  0.6593993  0.6696743  0.6948900
 2  0.5697771  0.5318252  0.5423552  0.5546152  0.5529764  0.5453630  0.5633653  0.5897152  0.5961823  0.5937831  0.5855650  0.5683687  0.5359430  0.5099915  0.5046069  0.5159171  0.5841605  0.6117666  0.6033132  0.5796160  0.5492714  0.5216844  0.4962509  0.5013035  0.5325583  0.5636306  0.5943642
 3  0.7537993  0.7131676  0.6982453  0.6944913  0.6952935  0.7024203  0.7083275  0.7287874  0.7230352  0.7226167  0.7204914  0.7184304  0.7093286  0.6999673  0.7018174  0.7016915  0.7054383  0.7340096  0.7201972  0.7079475  0.6996429  0.6858703  0.6735789  0.6645451  0.6761928  0.6873507  0.7142574
 4  0.4515532  0.4434329  0.4710644  0.4702778  0.4465115  0.4346417  0.4975838  0.5269429  0.5198259  0.5118814  0.4890778  0.4537674  0.4119456  0.3939892  0.4038546  0.4289252  0.5338183  0.5549918  0.5090812  0.4635453  0.4507662  0.4164503  0.3890807  0.4272496  0.4687070  0.5021489  0.5289560
 1  0.7286303  0.6828830  0.6646256  0.6634872  0.6626193  0.6751559  0.6841845  0.6931126  0.7113851  0.7176075  0.7134742  0.7102622  0.7087314  0.7100864  0.7095142  0.7054142  0.7062254  0.7093919  0.7107215  0.6974111  0.7025629  0.7100821  0.6985268  0.7048809  0.7280890  0.7183094  0.7105199
 2  0.5686480  0.5316152  0.5387241  0.5508499  0.5518007  0.5578052  0.5626156  0.5775219  0.5992341  0.6075552  0.5971643  0.5749481  0.5460256  0.5272167  0.5160893  0.5046775  0.5022873  0.5280395  0.5560677  0.5617196  0.5714787  0.5774857  0.5643898  0.6006911  0.6225714  0.6212530  0.5972199
 3  0.7517398  0.7093301  0.6905803  0.6867867  0.6827533  0.6935279  0.7027935  0.7109145  0.7309136  0.7389005  0.7342619  0.7287422  0.7249410  0.7254243  0.7247994  0.7201606  0.7204115  0.7235107  0.7280332  0.7163843  0.7201400  0.7287137  0.7177467  0.7199970  0.7521579  0.7424526  0.7309452
 4  0.4547156  0.4436557  0.4680451  0.4693360  0.4649250  0.4759096  0.4799782  0.5052913  0.5303728  0.5278599  0.4947572  0.4471223  0.4179805  0.4124732  0.3942998  0.3759821  0.3817863  0.4515166  0.4827994  0.4706123  0.4848636  0.4917556  0.4625476  0.5401263  0.5626903  0.5312307  0.4653266
 1  0.7290541  0.6817587  0.6642651  0.6714387  0.6927618  0.6925198  0.6880508  0.6917015  0.7034432  0.7075203  0.7012324  0.6907612  0.6897121  0.6951594  0.7090190  0.7096925  0.7123643  0.7096639  0.7027273  0.6990658  0.6952719  0.6954232  0.6918753  0.6706043  0.6643331  0.6764120  0.6793679
 2  0.5720311  0.5322537  0.5396715  0.5753184  0.5906603  0.5832074  0.5471846  0.5187072  0.5217820  0.5378561  0.5576442  0.5603790  0.5549833  0.5623905  0.5836038  0.5970182  0.5998592  0.5907130  0.5637341  0.5276857  0.4990635  0.5025179  0.5278511  0.5346386  0.5598624  0.5773700  0.5764618
 3  0.7524456  0.7084427  0.6903655  0.6926921  0.7150401  0.7137461  0.7056921  0.7065310  0.7183720  0.7232229  0.7185809  0.7101518  0.7085547  0.7113719  0.7275929  0.7300273  0.7332576  0.7300643  0.7212768  0.7154153  0.7099244  0.7096515  0.7085243  0.6896276  0.6817080  0.6974013  0.7010941
 4  0.4569095  0.4447763  0.4695683  0.5123622  0.5167084  0.4707189  0.4013837  0.4022321  0.4295690  0.4553091  0.4802290  0.4755633  0.4480376  0.4813509  0.5163589  0.5230544  0.5166425  0.4877123  0.4366710  0.3853736  0.3714988  0.4158299  0.4521392  0.4569640  0.4994293  0.5138058  0.4796476
 1  0.7304056  0.6862663  0.6699193  0.6701031  0.6794391  0.6924037  0.6919173  0.6979630  0.6943500  0.6931052  0.6991265  0.7033395  0.7159258  0.7108734  0.7025158  0.7016580  0.6989049  0.6983473  0.7026219  0.6980887  0.6997188  0.7010281  0.7029794  0.7033539  0.6882623  0.6751430  0.6774570
 2  0.5719358  0.5325228  0.5396889  0.5565703  0.5676749  0.5712748  0.5695498  0.5700009  0.5584322  0.5414729  0.5381157  0.5680014  0.5940566  0.5989861  0.5859220  0.5732228  0.5582112  0.5474207  0.5488559  0.5440469  0.5364727  0.5314944  0.5389307  0.5468932  0.5394418  0.5267054  0.5399549
 3  0.7532408  0.7124399  0.6955945  0.6927432  0.6993999  0.7113796  0.7098013  0.7169179  0.7135733  0.7095396  0.7152057  0.7195661  0.7359172  0.7324304  0.7224457  0.7207519  0.7174501  0.7149655  0.7196840  0.7157353  0.7162061  0.7168205  0.7187021  0.7207254  0.7064994  0.6923327  0.6943156
 4  0.4545313  0.4425846  0.4667487  0.4782625  0.4838277  0.4790443  0.4860963  0.4862464  0.4445902  0.4272292  0.4450678  0.5026263  0.5285806  0.5121318  0.4890207  0.4765313  0.4488130  0.4478169  0.4567861  0.4406314  0.4224007  0.4235718  0.4515404  0.4592456  0.4363950  0.4312895  0.4655698
 1  0.7281665  0.6811525  0.6650934  0.6681419  0.6803692  0.6861015  0.6810925  0.6798958  0.6837208  0.6920171  0.6840216  0.6980684  0.7043304  0.7111529  0.7042401  0.7041776  0.7022522  0.7006463  0.7052592  0.6970297  0.7011071  0.6970417  0.6963362  0.7050800  0.7133305  0.7034201  0.6993525
 2  0.5709774  0.5315600  0.5401771  0.5633009  0.5729193  0.5678097  0.5421976  0.5202857  0.5286737  0.5486805  0.5758887  0.5978147  0.6104817  0.6078810  0.5883698  0.5615367  0.5281920  0.5211548  0.5386559  0.5601782  0.5758151  0.5759217  0.5688838  0.5827109  0.5939397  0.5888312  0.5737981
 3  0.7515019  0.7078046  0.6911622  0.6905913  0.7013844  0.7058349  0.6988916  0.6963851  0.6991906  0.7096787  0.7017304  0.7193466  0.7264886  0.7332430  0.7247412  0.7218115  0.7183586  0.7154017  0.7215479  0.7149589  0.7202081  0.7171864  0.7149941  0.7221067  0.7343253  0.7243306  0.7185696
 4  0.4557197  0.4444463  0.4698268  0.4918125  0.4903372  0.4633013  0.4268404  0.4101156  0.4501392  0.4750103  0.5126301  0.5372981  0.5367995  0.5203775  0.4751759  0.4325674  0.3974467  0.4258530  0.4609281  0.4852692  0.5002604  0.4853256  0.4695542  0.5107695  0.5220390  0.4949596  0.4726458
 1  0.7281973  0.6813801  0.6665363  0.6652328  0.6739242  0.7011068  0.7016564  0.7010931  0.7050494  0.7114237  0.7096555  0.7097266  0.7041774  0.6965934  0.6629354  0.6399254  0.6606642  0.6787570  0.7034612  0.6938327  0.6913155  0.6967651  0.6906382  0.6847600  0.6882993  0.6982184  0.7079905
 2  0.5743464  0.5328744  0.5416804  0.5510394  0.5718749  0.5893214  0.5878371  0.5694105  0.5437580  0.5146703  0.4975269  0.5288955  0.5555284  0.5614329  0.5391566  0.5299496  0.5439967  0.5775861  0.5993031  0.5930297  0.5749085  0.5527330  0.5311512  0.5302815  0.5599661  0.5993267  0.6087894
 3  0.7516029  0.7076443  0.6924923  0.6889815  0.6924305  0.7208374  0.7223588  0.7197502  0.7214460  0.7257996  0.7226700  0.7247412  0.7218731  0.7158059  0.6826497  0.6579013  0.6796812  0.6946584  0.7245383  0.7171108  0.7112650  0.7138159  0.7071284  0.7010375  0.7055771  0.7170890  0.7321143
 4  0.4584144  0.4447439  0.4722334  0.4659539  0.4972982  0.5176968  0.4945329  0.4476666  0.4014752  0.3602431  0.3955730  0.4558381  0.4793201  0.4736080  0.4506365  0.4619812  0.4620230  0.5129386  0.5384370  0.5037363  0.4547581  0.4337821  0.4299851  0.4505398  0.4952823  0.5408617  0.5414509
