FL 2019 2020 2021 2022 2023 2024 2025 2026 2027 2028 2029 2030 2031 2032 2033 2034 2035 2036 2037 2038 2039 2040 2041 2042 2043 2044 2045
 1  0.7288134  0.6828411  0.6559825  0.6481028  0.6522762  0.6600549  0.6747897  0.6922639  0.6896990  0.6884191  0.6876775  0.6920520  0.6948569  0.6944848  0.7007007  0.6959527  0.6784192  0.6691833  0.6791449  0.6865228  0.6945256  0.6973995  0.7025813  0.7136802  0.7124049  0.7081288  0.7020895
 2  0.5725724  0.5257627  0.5103610  0.5095324  0.5090746  0.5104742  0.5360892  0.5602796  0.5589482  0.5426022  0.5325717  0.5419564  0.5492114  0.5590346  0.5687893  0.5648565  0.5401182  0.5352054  0.5571654  0.5718642  0.5771640  0.5674822  0.5607576  0.5710139  0.5756962  0.5733326  0.5729637
 3  0.7521145  0.7090282  0.6802730  0.6688437  0.6706346  0.6765926  0.6899284  0.7103844  0.7089827  0.7058570  0.7038139  0.7087834  0.7128318  0.7116356  0.7190286  0.7156339  0.6968972  0.6864010  0.6971622  0.7058522  0.7144110  0.7160654  0.7189623  0.7308633  0.7313341  0.7265568  0.7202441
 4  0.4566311  0.4242774  0.4167610  0.4164289  0.4100968  0.4142956  0.4679252  0.4872712  0.4571681  0.4241272  0.4363430  0.4631299  0.4589204  0.4731093  0.4906154  0.4679327  0.4357956  0.4577628  0.4885733  0.4989594  0.4867209  0.4550605  0.4649092  0.4923307  0.4883464  0.4769364  0.4925391
 1  0.7287870  0.6827335  0.6568055  0.6499968  0.6534040  0.6614670  0.6655935  0.6719603  0.6778488  0.6833911  0.6959567  0.6962591  0.7044957  0.7119794  0.7100372  0.7118074  0.7129377  0.7136955  0.7160663  0.7208360  0.7039130  0.6855420  0.6823001  0.6922976  0.7004847  0.7033364  0.6990150
 2  0.5725221  0.5257448  0.5110532  0.5121220  0.5177515  0.5205591  0.5181253  0.5189255  0.5242670  0.5423912  0.5615885  0.5678124  0.5763621  0.5813466  0.5755991  0.5630492  0.5498911  0.5333034  0.5387512  0.5613975  0.5602415  0.5488087  0.5604349  0.5828073  0.5970010  0.5961656  0.5859330
 3  0.7521049  0.7089533  0.6810590  0.6705796  0.6715471  0.6790484  0.6823666  0.6881327  0.6944399  0.6995251  0.7140059  0.7149433  0.7220585  0.7309675  0.7286612  0.7289069  0.7294220  0.7291160  0.7303912  0.7376787  0.7230317  0.7042086  0.7001040  0.7116704  0.7214082  0.7248213  0.7187847
 4  0.4566462  0.4243713  0.4169375  0.4206937  0.4313377  0.4267724  0.4193721  0.4261156  0.4327088  0.4675784  0.4843718  0.4771753  0.4930514  0.4947664  0.4709990  0.4507933  0.4309630  0.4064413  0.4502261  0.4829345  0.4683479  0.4569873  0.4892268  0.5184383  0.5252741  0.5091671  0.4916633
 1  0.7305922  0.6848867  0.6519350  0.6421613  0.6565130  0.6674358  0.6790805  0.6621309  0.6215983  0.6084705  0.6020953  0.6053154  0.6420355  0.6642835  0.6740287  0.6828894  0.6830111  0.6901159  0.7061670  0.7015667  0.6917771  0.6893425  0.6865468  0.6847061  0.6852619  0.6784873  0.6743470
 2  0.5728104  0.5252798  0.5068922  0.5195342  0.5389123  0.5636013  0.5738090  0.5559228  0.5091657  0.4991737  0.5097726  0.5277146  0.5619480  0.5713290  0.5680146  0.5510965  0.5283164  0.5541582  0.5881559  0.5921210  0.5723976  0.5479581  0.5398865  0.5520632  0.5608713  0.5478066  0.5252071
 3  0.7534214  0.7108077  0.6763491  0.6621479  0.6754764  0.6850437  0.6992960  0.6842863  0.6407012  0.6256139  0.6192376  0.6220648  0.6603679  0.6851092  0.6944545  0.7007365  0.6993019  0.7053524  0.7258433  0.7236725  0.7120332  0.7067226  0.7031237  0.7028635  0.7048780  0.6980620  0.6917218
 4  0.4549219  0.4235101  0.4162121  0.4469828  0.4654392  0.4959984  0.5062674  0.4607379  0.4180161  0.4312929  0.4505107  0.4758509  0.5023686  0.4982648  0.4670324  0.4311352  0.4222362  0.4929253  0.5275047  0.5064944  0.4559559  0.4331830  0.4575375  0.4822615  0.4777584  0.4383204  0.4048892
 1  0.7291430  0.6827285  0.6609361  0.6549467  0.6492825  0.6551915  0.6871969  0.7205769  0.7086301  0.7042645  0.7071719  0.7087571  0.7064254  0.7074436  0.7207645  0.7078217  0.6817307  0.6575156  0.6252628  0.5847825  0.5766273  0.5363179  0.6427247  0.6818622  0.7102534  0.7059353  0.7008337
 2  0.5726204  0.5251685  0.5143524  0.5085766  0.4950907  0.4935070  0.5839719  0.6157678  0.6126564  0.5871617  0.5528371  0.5255400  0.4974049  0.5501374  0.5941097  0.5968236  0.5621665  0.5100802  0.4450259  0.4023537  0.4337458  0.5021124  0.5779027  0.6122878  0.6220462  0.6138285  0.5895673
 3  0.7522586  0.7089208  0.6850859  0.6758939  0.6673416  0.6710038  0.6991273  0.7443673  0.7325625  0.7233338  0.7237278  0.7243006  0.7205957  0.7207127  0.7407728  0.7301239  0.7023582  0.6760501  0.6418044  0.5992347  0.5905743  0.5446286  0.6628627  0.7027732  0.7352663  0.7293039  0.7197327
 4  0.4556339  0.4243245  0.4199279  0.4021657  0.3856327  0.3985748  0.5363729  0.5590751  0.5122291  0.4520286  0.4239653  0.3948569  0.3680131  0.4933572  0.5362090  0.5089211  0.4442751  0.3745073  0.3132902  0.3222638  0.3787767  0.4752072  0.5338876  0.5527601  0.5538949  0.5118545  0.4836835
 1  0.7281315  0.6824165  0.6578753  0.6514111  0.6539788  0.6742037  0.7044080  0.6978445  0.6735288  0.6553434  0.6619814  0.6523457  0.6243689  0.6036896  0.5810229  0.5523241  0.5300811  0.5707910  0.6268732  0.6840657  0.7022528  0.7035370  0.6955693  0.6942042  0.6913837  0.6839655  0.6651074
 2  0.5721117  0.5261938  0.5121484  0.5104158  0.5092886  0.5598274  0.5935074  0.5936750  0.5543692  0.5415656  0.5757434  0.5701138  0.5401745  0.5070072  0.4762545  0.4454742  0.4528124  0.5148327  0.5704703  0.6026362  0.6107100  0.6017829  0.5716782  0.5597466  0.5693812  0.5716134  0.5498388
 3  0.7515323  0.7085148  0.6819590  0.6721223  0.6721391  0.6882707  0.7251676  0.7200455  0.6938335  0.6723657  0.6798562  0.6769537  0.6480691  0.6236965  0.5993025  0.5700152  0.5429674  0.5848856  0.6432547  0.7039011  0.7253575  0.7249575  0.7146177  0.7115890  0.7096816  0.7056042  0.6867360
 4  0.4574745  0.4243489  0.4178632  0.4142871  0.4109456  0.5048562  0.5341476  0.5019340  0.4436766  0.4703717  0.5275068  0.5072174  0.4555199  0.4191363  0.3960638  0.3670610  0.4113243  0.4782420  0.5156910  0.5429229  0.5350544  0.4991312  0.4603728  0.4710746  0.5042014  0.4967456  0.4418584
 1  0.7302442  0.6876301  0.6440293  0.6268912  0.6333079  0.6342646  0.6205905  0.6051482  0.6141754  0.6297528  0.6419766  0.6538147  0.6707273  0.6826663  0.6936566  0.6945232  0.6919388  0.6995733  0.7176537  0.7122993  0.7026561  0.7003040  0.6944423  0.6897337  0.6805545  0.6576966  0.6735707
 2  0.5712935  0.5270284  0.4995825  0.5101359  0.5337141  0.5442228  0.5361244  0.5249557  0.5321420  0.5387732  0.5439335  0.5440730  0.5455446  0.5457446  0.5460985  0.5418393  0.5331132  0.5740284  0.6055791  0.6069811  0.5844780  0.5472445  0.5066911  0.4928607  0.5069221  0.5215269  0.5674473
 3  0.7530500  0.7132989  0.6685167  0.6465861  0.6517485  0.6539197  0.6397946  0.6250583  0.6327790  0.6487926  0.6612021  0.6722467  0.6890331  0.6993723  0.7104790  0.7118743  0.7082858  0.7148769  0.7390075  0.7351446  0.7229362  0.7172558  0.7095172  0.7043848  0.6966220  0.6754571  0.6903892
 4  0.4545673  0.4233061  0.4092886  0.4428344  0.4743331  0.4776471  0.4729116  0.4606486  0.4669365  0.4702500  0.4652947  0.4621342  0.4488104  0.4497483  0.4540570  0.4363818  0.4309487  0.5159324  0.5446836  0.5188523  0.4567805  0.3998140  0.3769846  0.3966451  0.4247822  0.4527798  0.5094958
 1  0.7289947  0.6824479  0.6451932  0.6305247  0.6411294  0.6603488  0.6762649  0.6819849  0.6898822  0.7066557  0.7033706  0.7023885  0.7072433  0.7103271  0.7072593  0.7065044  0.6977664  0.6854216  0.6717367  0.6762609  0.6804144  0.6907554  0.6905867  0.6929712  0.6911601  0.6915467  0.6987563
 2  0.5714732  0.5247021  0.5037075  0.5001307  0.5130668  0.5311471  0.5395153  0.5297905  0.5371116  0.5615778  0.5683150  0.5694522  0.5817866  0.5896663  0.5843658  0.5731494  0.5511312  0.5310426  0.5334771  0.5595560  0.5814670  0.5863337  0.5779548  0.5510899  0.5100614  0.4876572  0.5077626
 3  0.7522130  0.7088365  0.6700304  0.6517288  0.6591548  0.6771644  0.6937430  0.6990658  0.7044173  0.7238351  0.7224685  0.7200329  0.7253893  0.7306197  0.7272794  0.7247093  0.7154993  0.7031764  0.6879988  0.6947220  0.6999371  0.7120402  0.7114186  0.7105994  0.7065336  0.7057271  0.7124268
 4  0.4550080  0.4246142  0.4145287  0.4127033  0.4299965  0.4529135  0.4471131  0.4081713  0.4534001  0.4912674  0.4768361  0.4778203  0.5077327  0.5113375  0.4858954  0.4638920  0.4478988  0.4274115  0.4617747  0.4980153  0.5142334  0.5100754  0.4688081  0.4101381  0.3685909  0.3673982  0.4331753
 1  0.7296185  0.6841285  0.6646055  0.6599713  0.6713266  0.7028893  0.6998984  0.6986965  0.6849426  0.6722613  0.6643025  0.6473171  0.6268932  0.5974880  0.6170414  0.6905467  0.6962816  0.7086958  0.7155887  0.7021048  0.6699708  0.6376185  0.6245746  0.6259891  0.6579239  0.6727088  0.6933352
 2  0.5721330  0.5251804  0.5157814  0.5113562  0.5508519  0.5838938  0.5855846  0.5667874  0.5331558  0.5242124  0.5183461  0.5052306  0.4959174  0.4918474  0.5602778  0.6017751  0.6085250  0.6130037  0.6090210  0.5922574  0.5312398  0.4788823  0.5024456  0.5513898  0.5741481  0.5815955  0.5864928
 3  0.7524823  0.7098500  0.6883485  0.6807265  0.6866441  0.7222504  0.7209307  0.7168651  0.7016826  0.6896291  0.6827378  0.6652426  0.6434550  0.6160907  0.6271306  0.7124414  0.7192907  0.7279511  0.7383230  0.7244362  0.6892801  0.6542526  0.6388960  0.6442321  0.6797933  0.6922808  0.7128625
 4  0.4552526  0.4229797  0.4209074  0.4043074  0.4889554  0.5215826  0.4885766  0.4398915  0.4279398  0.4429023  0.4264469  0.4067148  0.4232364  0.4262168  0.5181058  0.5465750  0.5245520  0.5345577  0.5357582  0.4833540  0.3925867  0.3758497  0.4552038  0.5054790  0.5012561  0.5006071  0.5073805
 1  0.7295170  0.6852218  0.6506043  0.6372045  0.6183616  0.6054106  0.6065245  0.6184185  0.6417291  0.6625177  0.6828370  0.6948507  0.7040258  0.7116199  0.7129795  0.7123938  0.7114460  0.7162535  0.7120786  0.7092540  0.7110137  0.7109100  0.7099594  0.7102696  0.7088527  0.7041550  0.7077540
 2  0.5724068  0.5257959  0.5052523  0.5069592  0.5050801  0.5035377  0.5143463  0.5254880  0.5382854  0.5429834  0.5498571  0.5574740  0.5702450  0.5856298  0.5914284  0.5871187  0.5835188  0.5830915  0.5733647  0.5585426  0.5511321  0.5536671  0.5597718  0.5722362  0.5753969  0.5703423  0.5698620
 3  0.7523910  0.7109780  0.6749711  0.6579010  0.6369764  0.6240917  0.6236191  0.6369248  0.6609694  0.6794505  0.6997530  0.7120741  0.7211488  0.7303743  0.7327223  0.7319347  0.7296647  0.7350030  0.7310375  0.7261596  0.7271851  0.7278485  0.7270070  0.7281153  0.7280523  0.7226010  0.7254564
 4  0.4547988  0.4229388  0.4145687  0.4247905  0.4350032  0.4336414  0.4522205  0.4618515  0.4497821  0.4521685  0.4639211  0.4696874  0.4914064  0.5091133  0.5075307  0.4909207  0.4920199  0.4956410  0.4658506  0.4419914  0.4525887  0.4613179  0.4722526  0.4910940  0.4857101  0.4728347  0.4782998
 1  0.7294070  0.6855712  0.6411051  0.6184045  0.6172765  0.6249038  0.6381572  0.6497883  0.6661696  0.6837838  0.6956236  0.7011301  0.7028900  0.7072443  0.7145049  0.7087945  0.7052444  0.7070368  0.7051985  0.7062515  0.7109896  0.7082824  0.6952991  0.6797256  0.6836735  0.7034830  0.6924932
 2  0.5726944  0.5263729  0.4991902  0.4872874  0.4826291  0.4788975  0.4790123  0.4838189  0.5172766  0.5576270  0.5790594  0.5824360  0.5739329  0.5736495  0.5770326  0.5704692  0.5579854  0.5563222  0.5604451  0.5751557  0.5895323  0.5888663  0.5665897  0.5381888  0.5608056  0.5883547  0.5837994
 3  0.7523779  0.7112215  0.6655973  0.6400164  0.6360990  0.6414104  0.6539790  0.6648636  0.6806155  0.7009413  0.7148730  0.7205774  0.7216230  0.7242930  0.7331535  0.7276400  0.7221825  0.7240440  0.7228103  0.7239911  0.7309037  0.7285323  0.7148382  0.6982568  0.6989979  0.7241218  0.7147979
 4  0.4557622  0.4228491  0.4118385  0.3977212  0.3854749  0.3833082  0.3800172  0.3899862  0.4521281  0.4955614  0.5026164  0.4912571  0.4701959  0.4862461  0.4930305  0.4635762  0.4522226  0.4645768  0.4740719  0.5017664  0.5134225  0.4968753  0.4616964  0.4290003  0.4983842  0.5271281  0.4882680
 1  0.7290193  0.6837882  0.6601022  0.6540025  0.6612344  0.6765892  0.6775470  0.6803055  0.6841065  0.6899501  0.6949524  0.7021861  0.7014929  0.7075049  0.7016716  0.6962212  0.6949089  0.6910574  0.6954087  0.7030057  0.7068688  0.7096673  0.7055356  0.6989135  0.6906506  0.6830308  0.6625226
 2  0.5731135  0.5265721  0.5124879  0.5115285  0.5236451  0.5346666  0.5270602  0.5106721  0.5071402  0.5237499  0.5527051  0.5732245  0.5821666  0.5857514  0.5768785  0.5636432  0.5490721  0.5375028  0.5480711  0.5725211  0.5877905  0.5920222  0.5829596  0.5654182  0.5403429  0.5172077  0.4861741
 3  0.7523618  0.7098613  0.6840933  0.6744636  0.6786830  0.6939506  0.6949876  0.6960721  0.6988862  0.7057080  0.7114743  0.7210113  0.7206073  0.7267993  0.7215186  0.7148982  0.7127597  0.7080946  0.7113821  0.7212256  0.7265312  0.7293744  0.7254737  0.7178654  0.7082427  0.6998752  0.6790580
 4  0.4573780  0.4241020  0.4162186  0.4154658  0.4405101  0.4459007  0.4145366  0.3858497  0.4103173  0.4433616  0.4820570  0.4965497  0.4993285  0.5016497  0.4827501  0.4619313  0.4434102  0.4329162  0.4712898  0.5036597  0.5095912  0.5064671  0.4882446  0.4568493  0.4270712  0.4011516  0.3739685
 1  0.7286387  0.6826092  0.6528093  0.6421885  0.6373811  0.6384293  0.6568330  0.6685435  0.6859231  0.6911197  0.6887185  0.6964211  0.7021298  0.6989761  0.6972417  0.7027028  0.6937587  0.6849846  0.6856620  0.6793397  0.6590702  0.6364970  0.6059302  0.6085813  0.6255962  0.6265911  0.6641661
 2  0.5727279  0.5259170  0.5082483  0.5021079  0.4879480  0.4855559  0.5094272  0.5418006  0.5697764  0.5771898  0.5735903  0.5791990  0.5840062  0.5752220  0.5655111  0.5636806  0.5496402  0.5438368  0.5685233  0.5767700  0.5545170  0.5112642  0.4696455  0.4955467  0.5261295  0.5423663  0.5701741
 3  0.7520377  0.7088497  0.6771874  0.6632682  0.6561196  0.6542006  0.6721553  0.6851840  0.7041597  0.7114158  0.7079692  0.7149263  0.7223208  0.7188285  0.7149157  0.7207086  0.7124698  0.7016016  0.7032143  0.7012618  0.6814217  0.6565526  0.6221406  0.6229053  0.6437555  0.6441025  0.6834513
 4  0.4570261  0.4243655  0.4153024  0.4045987  0.3771020  0.3967474  0.4385609  0.4761367  0.5018352  0.4944275  0.4848342  0.5032725  0.5033389  0.4734814  0.4687884  0.4745952  0.4442336  0.4577517  0.5094590  0.5080764  0.4574797  0.3877170  0.3837569  0.4469308  0.4640743  0.4836371  0.5039087
 1  0.7283148  0.6831720  0.6503073  0.6371756  0.6437837  0.6679952  0.6842935  0.6882301  0.6968058  0.7131172  0.7083044  0.7034785  0.6947339  0.6845648  0.6967021  0.7107549  0.6966992  0.6928832  0.6856487  0.7004970  0.6948495  0.6901116  0.6829218  0.6850187  0.6527405  0.5923712  0.5697081
 2  0.5733267  0.5264931  0.5064973  0.4989445  0.5117413  0.5412400  0.5575572  0.5515967  0.5561496  0.5703600  0.5660117  0.5466279  0.5165161  0.5052490  0.5833503  0.6100082  0.6040708  0.5785402  0.5671002  0.5854573  0.5840069  0.5661362  0.5443871  0.5478661  0.5348069  0.5010347  0.5087463
 3  0.7516587  0.7091073  0.6745951  0.6584354  0.6612474  0.6842850  0.7027151  0.7064718  0.7122448  0.7307716  0.7271984  0.7203390  0.7107185  0.6996404  0.7109661  0.7360269  0.7210998  0.7127416  0.7017727  0.7210904  0.7166706  0.7092732  0.7000370  0.7023373  0.6726235  0.6121673  0.5844541
 4  0.4576247  0.4237749  0.4154668  0.4032622  0.4300640  0.4736987  0.4756786  0.4370425  0.4678923  0.4925268  0.4603963  0.4165470  0.3859157  0.4130309  0.5365795  0.5515180  0.5062848  0.4517551  0.4946860  0.5234245  0.4914969  0.4486096  0.4480306  0.4713616  0.4610259  0.4340894  0.4661650
 1  0.7288068  0.6821140  0.6392675  0.6296893  0.6457680  0.6593196  0.6692272  0.6344511  0.5537914  0.4157346  0.4451102  0.6919594  0.7308876  0.7104469  0.6655935  0.6578275  0.6266331  0.6091227  0.6578037  0.6434507  0.6184053  0.6063410  0.5762567  0.5422634  0.5457121  0.5612879  0.6696822
 2  0.5718598  0.5247055  0.5011577  0.5248551  0.5566885  0.5860627  0.5856574  0.5470636  0.4444184  0.3452974  0.4240394  0.6262230  0.6378998  0.6294177  0.5680170  0.5404667  0.5111016  0.5295568  0.5756876  0.5598045  0.5229935  0.4950063  0.4589935  0.4375039  0.4670292  0.5369861  0.5999631
 3  0.7519277  0.7081572  0.6639847  0.6488584  0.6646696  0.6778477  0.6929543  0.6600194  0.5751137  0.4271610  0.4507344  0.7006816  0.7610411  0.7370404  0.6865820  0.6765965  0.6466711  0.6218019  0.6776899  0.6674136  0.6390703  0.6249688  0.5945313  0.5573459  0.5597181  0.5679948  0.6886001
 4  0.4558752  0.4239608  0.4163863  0.4647761  0.5023115  0.5298192  0.5270686  0.4489122  0.3296047  0.3080542  0.4065108  0.5701193  0.5818587  0.5334676  0.4605280  0.4564792  0.4237349  0.4857242  0.5247973  0.4784904  0.4308714  0.4064070  0.3719065  0.3777629  0.4218654  0.5057913  0.5474002
 1  0.7290677  0.6862388  0.6420031  0.6238524  0.6316940  0.6503755  0.6579848  0.6596646  0.6756463  0.6847973  0.6863983  0.6831696  0.6782266  0.6828946  0.6690033  0.6547397  0.6660846  0.6733220  0.6658538  0.6517582  0.6041049  0.5683551  0.6369505  0.6626069  0.6814687  0.6996546  0.7203071
 2  0.5727112  0.5281024  0.4984356  0.5022317  0.5344114  0.5574223  0.5582918  0.5492942  0.5511081  0.5565437  0.5598020  0.5572300  0.5525686  0.5516205  0.5346445  0.5190244  0.5410601  0.5614106  0.5562077  0.5342790  0.4841924  0.4908898  0.5477385  0.5682705  0.5717725  0.5917960  0.6091278
 3  0.7524285  0.7122459  0.6666019  0.6438896  0.6486675  0.6700340  0.6787368  0.6781894  0.6934040  0.7025585  0.7044628  0.7025848  0.6965391  0.7008553  0.6882746  0.6718548  0.6821951  0.6924768  0.6861386  0.6715999  0.6229013  0.5810732  0.6537350  0.6822005  0.7004727  0.7162994  0.7414014
 4  0.4570490  0.4243603  0.4065335  0.4294871  0.4796631  0.4945142  0.4710162  0.4585647  0.4659066  0.4726591  0.4809118  0.4686260  0.4620868  0.4663630  0.4338741  0.4287331  0.4775719  0.4931384  0.4723716  0.4360644  0.3944903  0.4513980  0.4947282  0.4925996  0.4782550  0.5211197  0.5435141
 1  0.7285444  0.6845489  0.6445276  0.6337987  0.6666304  0.6730437  0.6639748  0.6569944  0.6066786  0.5386788  0.5510929  0.5939319  0.6038178  0.5500392  0.5956086  0.6477865  0.6656882  0.6866135  0.6999651  0.7049044  0.7056454  0.7087521  0.7171084  0.7082807  0.6965289  0.6967316  0.6838923
 2  0.5715557  0.5269665  0.5017036  0.5264960  0.5575976  0.5623710  0.5386050  0.5174331  0.4809929  0.4795893  0.5068564  0.5381025  0.5352122  0.5015108  0.5533302  0.5738092  0.5888866  0.5916375  0.5879617  0.5774303  0.5542621  0.5528425  0.5728575  0.5783603  0.5738441  0.5705091  0.5546628
 3  0.7518726  0.7105461  0.6689969  0.6523265  0.6862474  0.6930645  0.6821593  0.6749670  0.6240327  0.5516904  0.5681027  0.6124650  0.6273890  0.5675481  0.6073956  0.6714522  0.6884596  0.7063880  0.7196399  0.7239047  0.7230161  0.7236617  0.7347824  0.7285165  0.7154020  0.7163211  0.7035182
 4  0.4567600  0.4241813  0.4108221  0.4674747  0.4905951  0.4681466  0.4376831  0.4171706  0.4066473  0.4436981  0.4679798  0.4999235  0.4788545  0.4571971  0.5165016  0.5201446  0.5083760  0.5054153  0.4993764  0.4723013  0.4240370  0.4620205  0.5049395  0.4918137  0.4861922  0.4839592  0.4523968
 1  0.7296366  0.6855762  0.6473239  0.6357346  0.6574073  0.6732774  0.6882007  0.6886512  0.6933721  0.6861793  0.6692292  0.6681756  0.6548845  0.6313724  0.6240193  0.6301413  0.6520318  0.6768313  0.6878179  0.6927412  0.6876178  0.6688480  0.6145854  0.6371838  0.6812982  0.6783240  0.6597087
 2  0.5720962  0.5265683  0.5029204  0.5152337  0.5423581  0.5673665  0.5773454  0.5801148  0.5774881  0.5622579  0.5350562  0.5278358  0.5223061  0.5001569  0.4947268  0.5058488  0.5358576  0.5640287  0.5753197  0.5801307  0.5704244  0.5452237  0.5154383  0.5799718  0.6015480  0.5884568  0.5411950
 3  0.7526637  0.7116277  0.6719563  0.6555511  0.6759814  0.6913554  0.7078830  0.7082216  0.7130327  0.7063176  0.6872212  0.6850606  0.6731579  0.6496729  0.6410039  0.6466037  0.6684629  0.6945230  0.7073967  0.7117837  0.7078406  0.6894624  0.6299821  0.6515814  0.7054288  0.7014064  0.6791614
 4  0.4551399  0.4242029  0.4114442  0.4447771  0.4727454  0.4974680  0.5014422  0.4978605  0.4946479  0.4595134  0.4316476  0.4443063  0.4375668  0.4083359  0.4118758  0.4349765  0.4696619  0.4960087  0.4961791  0.4981150  0.4872013  0.4387467  0.4585868  0.5391714  0.5358622  0.4830178  0.4175285
 1  0.7284429  0.6853761  0.6607913  0.6539281  0.6593496  0.6687846  0.6737459  0.6777533  0.6820640  0.6832532  0.6844261  0.6913369  0.6957719  0.7076201  0.6994974  0.6965458  0.6993912  0.7008301  0.7027992  0.7020311  0.7009908  0.7008441  0.7096934  0.7139717  0.7128174  0.7079317  0.7071785
 2  0.5730610  0.5279833  0.5112313  0.5115307  0.5208248  0.5286401  0.5240979  0.5141561  0.5144314  0.5215111  0.5387057  0.5561247  0.5794283  0.5919562  0.5859973  0.5732263  0.5636452  0.5575186  0.5504153  0.5459964  0.5387756  0.5467838  0.5725619  0.5908105  0.5917410  0.5754705  0.5627482
 3  0.7519268  0.7113701  0.6846904  0.6740423  0.6771388  0.6863010  0.6909390  0.6936606  0.6973969  0.6999151  0.7009399  0.7092584  0.7137718  0.7280256  0.7204842  0.7155540  0.7176216  0.7184277  0.7198979  0.7189462  0.7174852  0.7169324  0.7270177  0.7334059  0.7332075  0.7270413  0.7232694
 4  0.4576491  0.4240232  0.4121570  0.4189337  0.4369435  0.4390273  0.4154874  0.4012040  0.4223162  0.4332519  0.4593460  0.4791364  0.5085696  0.5185413  0.4928333  0.4739267  0.4657750  0.4581819  0.4498637  0.4408171  0.4338208  0.4633879  0.5019016  0.5161951  0.5001566  0.4531986  0.4632887
 1  0.7277919  0.6820969  0.6430534  0.6320744  0.6397254  0.6333632  0.5974558  0.5697376  0.5419132  0.5252020  0.6545962  0.6673663  0.6783781  0.6941709  0.7000496  0.7090193  0.7099346  0.7067724  0.7044901  0.7063111  0.7071380  0.7096763  0.7046638  0.7088892  0.7073096  0.7022948  0.6986965
 2  0.5737728  0.5269579  0.5018367  0.5202730  0.5509929  0.5489524  0.5110814  0.4811011  0.4617866  0.5185235  0.5808559  0.5865310  0.5784527  0.5725701  0.5742663  0.5836365  0.5883293  0.5793431  0.5647501  0.5559966  0.5542068  0.5533138  0.5553365  0.5673063  0.5713155  0.5631249  0.5458350
 3  0.7515671  0.7084518  0.6676485  0.6511629  0.6581459  0.6556218  0.6190857  0.5882603  0.5585476  0.5266616  0.6746587  0.6903296  0.6975865  0.7125242  0.7180771  0.7276195  0.7300427  0.7261198  0.7221273  0.7236245  0.7239274  0.7267835  0.7214623  0.7263437  0.7263705  0.7205436  0.7158428
 4  0.4588903  0.4247927  0.4109039  0.4567252  0.4989087  0.4811144  0.4310949  0.4089095  0.4036867  0.4944532  0.5307322  0.5004987  0.4811594  0.4815171  0.4917242  0.5083201  0.5024014  0.4743888  0.4597831  0.4549559  0.4587513  0.4530629  0.4637438  0.4884149  0.4809305  0.4550515  0.4339990
 1  0.7298005  0.6869835  0.6589387  0.6486042  0.6448945  0.6544477  0.6665689  0.6691769  0.6670150  0.6707707  0.6977743  0.7045841  0.7041984  0.7043923  0.7091537  0.7185019  0.7024158  0.6860947  0.6561592  0.6624432  0.6985976  0.7004811  0.6845337  0.6694712  0.6344165  0.6244857  0.6065976
 2  0.5740700  0.5276939  0.5098285  0.5066964  0.5104017  0.5275340  0.5400881  0.5326132  0.5075522  0.5178651  0.5615470  0.5817926  0.5775072  0.5601107  0.5633983  0.5794100  0.5721857  0.5431633  0.5141181  0.5764095  0.6094711  0.6126620  0.5901149  0.5611612  0.5162579  0.5090487  0.5135380
 3  0.7528205  0.7124562  0.6827747  0.6692963  0.6628386  0.6715027  0.6847012  0.6874571  0.6840978  0.6848276  0.7144202  0.7242316  0.7233669  0.7217307  0.7246415  0.7372047  0.7229822  0.7048639  0.6727275  0.6768988  0.7216404  0.7244570  0.7075072  0.6912795  0.6535568  0.6413854  0.6250043
 4  0.4569187  0.4228657  0.4152783  0.4125997  0.4279594  0.4554757  0.4573436  0.4256053  0.3779176  0.4465805  0.5033935  0.5021250  0.4692388  0.4375064  0.4833295  0.5080430  0.4728115  0.4178549  0.4318752  0.5321720  0.5516966  0.5380364  0.5057766  0.4585411  0.4222653  0.4425006  0.4521207
 1  0.7283085  0.6840857  0.6586768  0.6720794  0.7084863  0.7009842  0.6960438  0.6993523  0.7037758  0.7054443  0.6938975  0.6889922  0.6824473  0.6696240  0.6746791  0.6842901  0.7089660  0.7031815  0.6799341  0.6817554  0.6449451  0.5733113  0.5579650  0.6163565  0.6487656  0.6687801  0.6792846
 2  0.5726575  0.5268711  0.5110534  0.5766322  0.6062299  0.6032502  0.5702132  0.5241196  0.4915103  0.4776725  0.4947118  0.5242523  0.5443486  0.5449399  0.5458283  0.5736144  0.5982560  0.5964121  0.5688935  0.5654492  0.5366670  0.4627598  0.4738836  0.5392742  0.5665079  0.5705833  0.5679996
 3  0.7516802  0.7099972  0.6826357  0.6877885  0.7316845  0.7242645  0.7148973  0.7144330  0.7173410  0.7190715  0.7080750  0.7044625  0.7004788  0.6884261  0.6932856  0.7000567  0.7297373  0.7256105  0.6992745  0.7006770  0.6669458  0.5946035  0.5705577  0.6320217  0.6686406  0.6883502  0.6983327
 4  0.4573648  0.4236758  0.4153041  0.5238911  0.5472302  0.5006663  0.4131751  0.3638636  0.3637947  0.3641858  0.3995993  0.4518561  0.4681410  0.4625491  0.4511963  0.5093084  0.5360810  0.5038060  0.4752454  0.4915730  0.4517329  0.3641656  0.4301134  0.4962059  0.4968821  0.4862255  0.4785288
 1  0.7276216  0.6799711  0.6494905  0.6386979  0.6433119  0.6586509  0.6732444  0.6832161  0.6923862  0.6901847  0.6928220  0.6982435  0.7012289  0.7049505  0.7106725  0.7096526  0.7047654  0.7095414  0.7111062  0.7070662  0.6984210  0.6945091  0.6860032  0.6760529  0.6885404  0.6903861  0.6951674
 2  0.5713430  0.5245389  0.5079287  0.5023786  0.5039711  0.5142300  0.5230644  0.5357851  0.5502174  0.5510973  0.5436660  0.5314522  0.5222084  0.5345026  0.5669424  0.5817574  0.5844014  0.5909525  0.5936111  0.5861372  0.5670858  0.5526313  0.5371580  0.5347811  0.5504534  0.5519922  0.5495304
 3  0.7511091  0.7064469  0.6740710  0.6599463  0.6614249  0.6748783  0.6896893  0.6990560  0.7093808  0.7089284  0.7102020  0.7140708  0.7164603  0.7198396  0.7277384  0.7294282  0.7240498  0.7285437  0.7315846  0.7272640  0.7172860  0.7123208  0.7037662  0.6930243  0.7061068  0.7086864  0.7118913
 4  0.4565952  0.4247408  0.4172340  0.4068232  0.4088099  0.4278233  0.4306877  0.4494667  0.4711488  0.4557708  0.4271675  0.4113419  0.4107864  0.4538433  0.4988178  0.5015973  0.4972196  0.5129432  0.5130254  0.4893742  0.4620929  0.4521305  0.4384922  0.4529986  0.4695610  0.4529237  0.4470121
 1  0.7295355  0.6833054  0.6575596  0.6493064  0.6437884  0.6612546  0.6290424  0.5667873  0.6269384  0.6410037  0.6355260  0.6539448  0.6775896  0.6534673  0.5887284  0.5365912  0.5754282  0.5384793  0.5719266  0.5861411  0.5956053  0.6569465  0.6989992  0.7107127  0.7004186  0.6997269  0.7075022
 2  0.5725281  0.5249292  0.5115218  0.5089518  0.5192611  0.5418561  0.5201176  0.5003947  0.5646608  0.5623199  0.5528656  0.5730848  0.5915691  0.5683454  0.5021755  0.4783476  0.5221751  0.4898715  0.5146432  0.5224920  0.5315945  0.5829459  0.6095226  0.6126427  0.5886776  0.5717234  0.5729871
 3  0.7525048  0.7090707  0.6815914  0.6703073  0.6611290  0.6793925  0.6503597  0.5808040  0.6436472  0.6655497  0.6586293  0.6698600  0.6997569  0.6787018  0.6109933  0.5506639  0.5911419  0.5585670  0.5897197  0.6062248  0.6128354  0.6736805  0.7197189  0.7332563  0.7213019  0.7167592  0.7260935
 4  0.4559979  0.4229972  0.4199167  0.4126507  0.4477060  0.4739623  0.4372349  0.4592516  0.5208784  0.5006492  0.4650424  0.5116652  0.5373979  0.4914100  0.4197716  0.4359696  0.4840040  0.4486548  0.4703372  0.4645729  0.4781436  0.5258685  0.5449256  0.5288994  0.4712529  0.4762227  0.4953034
 1  0.7297679  0.6837130  0.6511774  0.6402384  0.6455559  0.6498777  0.6635033  0.6937911  0.6990497  0.7008801  0.7037191  0.7108608  0.7025064  0.6907801  0.6702873  0.6632336  0.6667823  0.6644571  0.6806875  0.6648874  0.6145854  0.5824075  0.5786876  0.5710656  0.5990112  0.6388715  0.6771548
 2  0.5727351  0.5256898  0.5067045  0.5081380  0.5119890  0.5048767  0.5316437  0.5711550  0.5844028  0.5796785  0.5781782  0.5830422  0.5721882  0.5466784  0.5107932  0.5185938  0.5416908  0.5668510  0.5822510  0.5635921  0.4997594  0.4637809  0.4673137  0.4803697  0.5318696  0.5698840  0.5954762
 3  0.7529215  0.7098162  0.6755917  0.6609062  0.6642061  0.6675267  0.6776083  0.7114878  0.7194406  0.7199954  0.7214719  0.7299816  0.7224765  0.7092285  0.6867553  0.6789349  0.6848267  0.6822019  0.7017424  0.6877853  0.6345713  0.5989532  0.5957285  0.5855637  0.6137257  0.6569992  0.6985762
 4  0.4563384  0.4239990  0.4150476  0.4228420  0.4212930  0.3973311  0.4664712  0.5118257  0.5014664  0.4788251  0.4925156  0.5031636  0.4728265  0.4199881  0.4030140  0.4515903  0.4748249  0.5053154  0.5172543  0.4661942  0.3942797  0.3891842  0.3979782  0.4306495  0.4870273  0.5200630  0.5271058
 1  0.7307883  0.6902578  0.6600834  0.6474963  0.6478267  0.6528009  0.6578309  0.6606254  0.6882610  0.7159788  0.7061515  0.7020904  0.6991723  0.7046592  0.7048915  0.6973226  0.6933278  0.6899418  0.6905337  0.6897745  0.6911779  0.6920604  0.6947341  0.6888680  0.6874114  0.7089014  0.7309350
 2  0.5721036  0.5278407  0.5078596  0.5041869  0.5038768  0.5020944  0.4962987  0.4984487  0.5815077  0.6129137  0.6109754  0.5860778  0.5469452  0.5270146  0.5202935  0.5261167  0.5374464  0.5530759  0.5649191  0.5684782  0.5645802  0.5602623  0.5593329  0.5512107  0.5404776  0.6049413  0.6255595
 3  0.7532927  0.7151701  0.6836316  0.6680442  0.6660895  0.6696579  0.6740652  0.6759734  0.7012580  0.7397962  0.7300455  0.7220315  0.7157711  0.7197498  0.7205473  0.7133534  0.7097548  0.7078042  0.7092785  0.7091512  0.7103134  0.7097024  0.7128741  0.7077554  0.7048444  0.7228527  0.7562285
 4  0.4546830  0.4210379  0.4123913  0.4111921  0.4081430  0.4033854  0.3907889  0.4092303  0.5336844  0.5552757  0.5162884  0.4503574  0.4110928  0.4198726  0.4211772  0.4277800  0.4545529  0.4772376  0.4873532  0.4844447  0.4674980  0.4684914  0.4742723  0.4522658  0.4328493  0.5485966  0.5672508
 1  0.7303903  0.6872068  0.6633436  0.6590446  0.6702929  0.6797177  0.6772726  0.6771262  0.6898168  0.6908326  0.6981983  0.6933887  0.6929594  0.6991393  0.7002549  0.7021981  0.7140344  0.7140752  0.7197459  0.7170391  0.7146018  0.7167207  0.7126505  0.7128433  0.7042027  0.6995879  0.7055145
 2  0.5724657  0.5261880  0.5125934  0.5230632  0.5405482  0.5478399  0.5345908  0.5302834  0.5412459  0.5527491  0.5624509  0.5560003  0.5453678  0.5409382  0.5360993  0.5439437  0.5649758  0.5808499  0.5881564  0.5860394  0.5780902  0.5709763  0.5673426  0.5592840  0.5422827  0.5224232  0.5240643
 3  0.7530171  0.7125659  0.6870187  0.6789113  0.6885454  0.6980633  0.6950049  0.6931851  0.7068175  0.7080438  0.7162500  0.7123265  0.7098450  0.7154862  0.7170563  0.7173206  0.7313300  0.7319891  0.7384720  0.7362303  0.7323919  0.7345584  0.7302288  0.7302882  0.7215008  0.7151040  0.7203118
 4  0.4545642  0.4220062  0.4172696  0.4404741  0.4622887  0.4554481  0.4250135  0.4411850  0.4567439  0.4707971  0.4785597  0.4512666  0.4369525  0.4431893  0.4245164  0.4599542  0.4857870  0.4980508  0.5036196  0.4868458  0.4782175  0.4735976  0.4687239  0.4558074  0.4185047  0.4002003  0.4270493
 1  0.7296366  0.6850449  0.6616266  0.6552825  0.6584058  0.6696178  0.6765293  0.6847610  0.6880698  0.6932411  0.6960269  0.6978533  0.6997160  0.7000878  0.7133903  0.7180623  0.7155050  0.7188539  0.7169771  0.7118251  0.7064258  0.7134986  0.7135689  0.7141710  0.7149503  0.7139471  0.7068157
 2  0.5735597  0.5268509  0.5130572  0.5118074  0.5162449  0.5245844  0.5344956  0.5415753  0.5418596  0.5375296  0.5338802  0.5341825  0.5296381  0.5378492  0.5682561  0.5875765  0.5934742  0.5972515  0.5934458  0.5772138  0.5640589  0.5750598  0.5826552  0.5832102  0.5803272  0.5745028  0.5558745
 3  0.7528274  0.7109904  0.6855729  0.6757853  0.6761875  0.6864957  0.6931069  0.7020804  0.7054671  0.7096941  0.7122464  0.7141238  0.7161066  0.7153417  0.7296824  0.7374238  0.7347354  0.7381029  0.7372710  0.7309750  0.7228158  0.7315325  0.7329631  0.7324701  0.7332855  0.7323367  0.7246567
 4  0.4567928  0.4240181  0.4168850  0.4148439  0.4260131  0.4354173  0.4501075  0.4524157  0.4400436  0.4315055  0.4328108  0.4348576  0.4175179  0.4470941  0.5002671  0.5102815  0.5062062  0.5144621  0.5028926  0.4588981  0.4688742  0.5013148  0.4953733  0.4875653  0.4871882  0.4747685  0.4429824
 1  0.7302785  0.6870950  0.6601568  0.6548521  0.6685064  0.6792300  0.6910968  0.6960225  0.6952646  0.6986551  0.7003803  0.7031315  0.6921837  0.6790353  0.6812575  0.6847306  0.6827973  0.6924734  0.6692805  0.6577119  0.6470044  0.6773726  0.6853413  0.6862914  0.6748097  0.6741782  0.6623217
 2  0.5733585  0.5267900  0.5106492  0.5228320  0.5421008  0.5594742  0.5711855  0.5715898  0.5607025  0.5483281  0.5439537  0.5434189  0.5339322  0.5276674  0.5466364  0.5634599  0.5772376  0.5843476  0.5652292  0.5443353  0.5620149  0.5900872  0.5953808  0.5733500  0.5191113  0.4873580  0.4881233
 3  0.7530235  0.7126356  0.6840838  0.6746800  0.6870433  0.6972431  0.7094247  0.7154547  0.7135431  0.7155295  0.7169224  0.7197573  0.7094521  0.6959110  0.6979755  0.7038648  0.7016568  0.7132833  0.6907992  0.6773203  0.6623090  0.6986582  0.7085939  0.7063013  0.6916120  0.6887908  0.6772015
 4  0.4550866  0.4227626  0.4159672  0.4442756  0.4655168  0.4813837  0.4934990  0.4791190  0.4524394  0.4417675  0.4459681  0.4463177  0.4315562  0.4370054  0.4774170  0.4912095  0.5067295  0.5104936  0.4779825  0.4550529  0.5080318  0.5364661  0.5065175  0.4383174  0.3726789  0.3751492  0.4179722
 1  0.7293163  0.6858686  0.6618608  0.6572349  0.6633184  0.6641643  0.6615580  0.6644929  0.6769336  0.6844494  0.6957992  0.7107490  0.7049966  0.7016094  0.6994913  0.6976466  0.7033873  0.7013284  0.6957524  0.6996169  0.7180006  0.7156836  0.7100588  0.7142002  0.7098642  0.7098719  0.7054007
 2  0.5744903  0.5275923  0.5126895  0.5223473  0.5335754  0.5293121  0.5092106  0.4988934  0.5178366  0.5388151  0.5729447  0.5912497  0.5854139  0.5645731  0.5375333  0.5222123  0.5274195  0.5338227  0.5285526  0.5664141  0.6032863  0.6103756  0.6042389  0.5961768  0.5847233  0.5687959  0.5469320
 3  0.7524203  0.7115102  0.6856800  0.6771502  0.6820332  0.6830504  0.6787213  0.6797671  0.6922974  0.7014652  0.7126440  0.7306383  0.7255277  0.7197890  0.7161048  0.7130338  0.7188127  0.7180576  0.7120631  0.7145153  0.7385244  0.7383422  0.7305233  0.7343952  0.7293397  0.7280910  0.7226200
 4  0.4571711  0.4233741  0.4171630  0.4403182  0.4533372  0.4271550  0.3885019  0.4001594  0.4418443  0.4623022  0.5041481  0.5172178  0.4845240  0.4423799  0.4117191  0.4157064  0.4372767  0.4310040  0.4196786  0.5067970  0.5436559  0.5297638  0.5134779  0.5057601  0.4856488  0.4594978  0.4195145
 1  0.7296147  0.6875420  0.6551317  0.6448400  0.6625317  0.6767434  0.6636050  0.6507325  0.6431561  0.6732754  0.7018763  0.7067398  0.7015506  0.7004511  0.6842308  0.6738159  0.6391228  0.5811827  0.6213684  0.6436684  0.6627950  0.6764091  0.6760371  0.6754568  0.6887402  0.7041572  0.6947457
 2  0.5737913  0.5281508  0.5062296  0.5147339  0.5427720  0.5554752  0.5326236  0.4976411  0.5031759  0.5722636  0.6056702  0.6093377  0.5923077  0.5673333  0.5319101  0.5218315  0.5098245  0.4883918  0.5186311  0.5325734  0.5375533  0.5407621  0.5436185  0.5558650  0.5854290  0.5997652  0.5880796
 3  0.7527116  0.7132616  0.6792542  0.6646306  0.6804871  0.6957989  0.6827117  0.6681033  0.6575284  0.6887797  0.7233688  0.7293338  0.7223295  0.7189021  0.7014576  0.6906263  0.6577019  0.5991527  0.6387896  0.6616202  0.6799534  0.6934349  0.6933063  0.6939198  0.7073483  0.7255381  0.7168885
 4  0.4563463  0.4233721  0.4103557  0.4378682  0.4741789  0.4705959  0.4220392  0.3763299  0.4399406  0.5263354  0.5432675  0.5250085  0.4853636  0.4479955  0.4256998  0.4376781  0.4332694  0.4278124  0.4485042  0.4498486  0.4480662  0.4500726  0.4651272  0.4876088  0.5208606  0.5290421  0.4939121
 1  0.7292546  0.6838950  0.6511288  0.6405610  0.6506793  0.6572690  0.6697247  0.6823202  0.6784793  0.6784565  0.6811317  0.6781821  0.6928674  0.7112491  0.7048456  0.7070187  0.7061985  0.7041573  0.6913664  0.6770084  0.6522548  0.6387671  0.5993091  0.5808925  0.6694438  0.6831276  0.6924814
 2  0.5718989  0.5260567  0.5067690  0.5117438  0.5240877  0.5294772  0.5394709  0.5457617  0.5382813  0.5357328  0.5394765  0.5370635  0.5702917  0.5933389  0.5937285  0.5877401  0.5799893  0.5692110  0.5432154  0.5193115  0.5205495  0.5467674  0.5203023  0.5412961  0.5893579  0.5973784  0.5888799
 3  0.7524902  0.7101951  0.6756926  0.6609219  0.6692734  0.6753114  0.6864394  0.7000844  0.6963464  0.6953642  0.6990600  0.6958634  0.7086435  0.7316883  0.7256664  0.7262247  0.7254477  0.7228912  0.7095545  0.6940465  0.6674759  0.6579721  0.6219620  0.5895491  0.6902387  0.7053538  0.7120299
 4  0.4556608  0.4248787  0.4141770  0.4310800  0.4432320  0.4413307  0.4572060  0.4566094  0.4394026  0.4488690  0.4504437  0.4439451  0.5062441  0.5252580  0.5040306  0.4950954  0.4876982  0.4682192  0.4306887  0.4083132  0.4614644  0.4936814  0.4472789  0.5052991  0.5343960  0.5125114  0.4918597
 1  0.7268804  0.6807195  0.6510718  0.6426684  0.6518635  0.6620854  0.6701875  0.6785917  0.6940286  0.6997245  0.7023688  0.7114699  0.7102645  0.7093500  0.7094662  0.7207753  0.7330541  0.7194698  0.7093557  0.7116127  0.7136526  0.7125774  0.7106828  0.7125247  0.7106702  0.6926087  0.6507763
 2  0.5720317  0.5262093  0.5078382  0.5061838  0.5099144  0.5083491  0.4991822  0.5060093  0.5376573  0.5570319  0.5710632  0.5790392  0.5744715  0.5551698  0.5303751  0.5772643  0.6096393  0.6110494  0.5870544  0.5600000  0.5424459  0.5277505  0.5265870  0.5464957  0.5655477  0.5578258  0.5122726
 3  0.7507258  0.7073971  0.6756438  0.6633167  0.6700236  0.6788221  0.6857862  0.6929816  0.7093745  0.7177650  0.7198992  0.7298274  0.7291098  0.7264825  0.7247539  0.7343617  0.7549464  0.7424881  0.7286296  0.7280349  0.7297641  0.7281117  0.7257321  0.7275146  0.7288224  0.7127394  0.6697242
 4  0.4578270  0.4254919  0.4131412  0.4143296  0.4133916  0.4020943  0.3828982  0.4159592  0.4678539  0.4745934  0.4851037  0.4937164  0.4702940  0.4247124  0.3928953  0.5190881  0.5514619  0.5153742  0.4541275  0.4384470  0.4318092  0.4123960  0.4124821  0.4668201  0.4922158  0.4569993  0.4009927
 1  0.7276814  0.6792428  0.5520256  0.5197616  0.6501037  0.6522330  0.6145401  0.6292535  0.6113691  0.5640312  0.5637794  0.6079423  0.6349832  0.6532969  0.6750856  0.6766801  0.6896037  0.7104113  0.7022644  0.7004846  0.6813288  0.6627537  0.6233409  0.5737432  0.6130550  0.6180854  0.6326129
 2  0.5706466  0.5246105  0.4548777  0.5114005  0.5799527  0.5746620  0.5428278  0.5511505  0.5263433  0.4716105  0.4846815  0.5327213  0.5516049  0.5628484  0.5693036  0.5597056  0.5743543  0.5915384  0.5876771  0.5736827  0.5516531  0.5363536  0.5009147  0.4771596  0.5180240  0.5212651  0.5173294
 3  0.7513709  0.7062406  0.5766515  0.5220393  0.6709847  0.6765132  0.6335340  0.6487172  0.6345998  0.5842631  0.5767749  0.6245133  0.6547880  0.6717036  0.6949819  0.6963284  0.7056512  0.7306339  0.7231923  0.7191720  0.7000150  0.6820720  0.6435384  0.5899710  0.6289947  0.6385045  0.6511036
 4  0.4564608  0.4263262  0.3942619  0.4891432  0.5315131  0.4991307  0.4804195  0.4956682  0.4444546  0.3840373  0.4395436  0.4847427  0.4811235  0.4913166  0.4896279  0.4588841  0.5029059  0.5224549  0.4929695  0.4703163  0.4638567  0.4536204  0.4084703  0.4179462  0.4651827  0.4420134  0.4134472
 1  0.7288869  0.6824790  0.6595858  0.6537799  0.6646573  0.6942626  0.6952871  0.6934430  0.6936079  0.6962729  0.6891048  0.6751736  0.6141869  0.6337891  0.6172852  0.6045230  0.6634214  0.6797764  0.6984171  0.7020158  0.7035378  0.7071913  0.7129115  0.7132804  0.7099759  0.7184905  0.7072135
 2  0.5722694  0.5257889  0.5135088  0.5097966  0.5428155  0.5756457  0.5789342  0.5607448  0.5371559  0.5276455  0.5202470  0.5164455  0.5138445  0.5641652  0.5423904  0.5432345  0.5745332  0.5892288  0.5914730  0.5840162  0.5636382  0.5445481  0.5496868  0.5558273  0.5807495  0.5994683  0.5941792
 3  0.7523135  0.7089899  0.6838652  0.6744849  0.6805688  0.7130216  0.7158680  0.7117482  0.7098682  0.7122177  0.7055474  0.6922753  0.6296983  0.6558755  0.6428817  0.6211584  0.6835022  0.6997773  0.7182532  0.7219659  0.7215624  0.7227782  0.7286031  0.7307361  0.7267257  0.7394232  0.7293073
 4  0.4564181  0.4253472  0.4174229  0.4080657  0.4789401  0.5120256  0.4844185  0.4358453  0.4212054  0.4270740  0.4254403  0.4207042  0.4652983  0.5191779  0.4695440  0.4885267  0.5113850  0.5118044  0.5089652  0.4832527  0.4369227  0.4303902  0.4636279  0.4659259  0.5100306  0.5320239  0.4970782
 1  0.7293529  0.6853485  0.6651297  0.6636094  0.6774648  0.6922409  0.6919041  0.6936555  0.6984768  0.7069445  0.7085720  0.7085744  0.7097820  0.7127307  0.7207152  0.7251178  0.7206499  0.7168002  0.7119500  0.7054823  0.6921698  0.6781304  0.6553759  0.6336173  0.6132485  0.5862807  0.6425703
 2  0.5733252  0.5268649  0.5154654  0.5270672  0.5548752  0.5706010  0.5632150  0.5394181  0.5214232  0.5230759  0.5297265  0.5350566  0.5319315  0.5375439  0.5689332  0.5963387  0.6011333  0.5946648  0.5795786  0.5645771  0.5400464  0.5181959  0.5053480  0.5122887  0.5175578  0.5223720  0.5681213
 3  0.7524326  0.7111111  0.6888603  0.6833257  0.6951205  0.7116214  0.7110214  0.7104385  0.7132682  0.7218837  0.7242613  0.7242680  0.7253447  0.7275806  0.7364072  0.7446482  0.7415163  0.7360951  0.7307470  0.7240612  0.7100221  0.6951348  0.6718160  0.6506516  0.6316996  0.6025286  0.6603301
 4  0.4564886  0.4236263  0.4186033  0.4434609  0.4867008  0.4909121  0.4515003  0.4020592  0.4063165  0.4274600  0.4291465  0.4248214  0.4151927  0.4390257  0.5016784  0.5269947  0.5127774  0.4939628  0.4821690  0.4612851  0.4286973  0.4111177  0.4233139  0.4486474  0.4551706  0.4745633  0.5142277
 1  0.7305986  0.6873727  0.6607207  0.6519290  0.6568597  0.6739006  0.6819718  0.6928425  0.6963608  0.6932832  0.6887399  0.6846327  0.6856373  0.7035398  0.6973447  0.6920778  0.6931231  0.7015947  0.6895355  0.6776608  0.6559191  0.6297251  0.6563130  0.6563153  0.6611964  0.6750251  0.6883546
 2  0.5717957  0.5268754  0.5111719  0.5074826  0.5179220  0.5339506  0.5456802  0.5582522  0.5627901  0.5551298  0.5368546  0.5184111  0.5506062  0.5890745  0.5908038  0.5706507  0.5572447  0.5658976  0.5618185  0.5534027  0.5308807  0.5200989  0.5431113  0.5409681  0.5365254  0.5466319  0.5661973
 3  0.7533970  0.7131662  0.6847409  0.6725473  0.6742339  0.6908794  0.6991024  0.7099420  0.7148122  0.7118213  0.7062451  0.7010751  0.6998539  0.7242784  0.7199795  0.7113130  0.7095402  0.7198885  0.7092248  0.6970297  0.6757555  0.6471022  0.6746642  0.6762878  0.6784318  0.6922506  0.7061927
 4  0.4545695  0.4238309  0.4149195  0.4091006  0.4340273  0.4518379  0.4604311  0.4759213  0.4754460  0.4523578  0.4220630  0.4024790  0.4941402  0.5317877  0.4970568  0.4467014  0.4683217  0.4907657  0.4775818  0.4648902  0.4381280  0.4532716  0.4748501  0.4474194  0.4460368  0.4701458  0.4925219
 1  0.7296065  0.6848502  0.6469379  0.6342403  0.6530224  0.6692539  0.6686156  0.6679783  0.6583367  0.6659042  0.6990680  0.6944903  0.6900205  0.6895691  0.6837974  0.6894665  0.6793959  0.6602562  0.6637296  0.6668875  0.6791942  0.6961620  0.7001855  0.6997243  0.7059680  0.7034838  0.7051560
 2  0.5709990  0.5260874  0.5036493  0.5115848  0.5390013  0.5520035  0.5407907  0.5195139  0.4999570  0.5551915  0.6000004  0.6005160  0.5851365  0.5559736  0.5301901  0.5401091  0.5423107  0.5278430  0.5297327  0.5313082  0.5467537  0.5678942  0.5718613  0.5684181  0.5645772  0.5523282  0.5303555
 3  0.7526389  0.7108550  0.6715039  0.6544941  0.6711623  0.6882423  0.6873294  0.6851395  0.6744730  0.6794919  0.7203334  0.7184581  0.7116082  0.7079833  0.6995660  0.7062285  0.6986204  0.6786793  0.6812179  0.6847774  0.6957049  0.7138007  0.7195115  0.7175477  0.7238293  0.7212506  0.7209939
 4  0.4553632  0.4242783  0.4135564  0.4374757  0.4704210  0.4691588  0.4355758  0.4033831  0.4046769  0.5090057  0.5448529  0.5214840  0.4746470  0.4232294  0.4333469  0.4682030  0.4534463  0.4343616  0.4445029  0.4430452  0.4681872  0.4936298  0.4800038  0.4716543  0.4681076  0.4361394  0.3921225
 1  0.7282144  0.6833599  0.6490709  0.6389502  0.6606166  0.6708803  0.6716194  0.6743734  0.6812863  0.6901454  0.7061765  0.7006761  0.6945751  0.6974666  0.6839083  0.6707619  0.6451668  0.6686600  0.6914458  0.6986220  0.6945804  0.6939735  0.6898228  0.6841569  0.6774280  0.6446340  0.6019948
 2  0.5716742  0.5259985  0.5048900  0.5180801  0.5457320  0.5531046  0.5382625  0.5173291  0.5043402  0.5341739  0.5738766  0.5839903  0.5829765  0.5817049  0.5607213  0.5201727  0.5094048  0.5738190  0.6003631  0.6008073  0.5797301  0.5524346  0.5277563  0.5373261  0.5554253  0.5392649  0.5156334
 3  0.7515257  0.7094771  0.6735157  0.6586123  0.6791864  0.6903579  0.6899137  0.6907392  0.6966718  0.7042791  0.7245334  0.7212806  0.7137604  0.7181365  0.7046646  0.6887641  0.6593586  0.6859685  0.7133732  0.7206655  0.7149360  0.7114106  0.7061726  0.7004239  0.6963869  0.6665766  0.6198699
 4  0.4562747  0.4238654  0.4124315  0.4475948  0.4770466  0.4638949  0.4231764  0.3980952  0.3920592  0.4708761  0.5116655  0.5002406  0.5032912  0.5005301  0.4496461  0.3838943  0.4483121  0.5282793  0.5338033  0.5118564  0.4641310  0.4303709  0.4253792  0.4655800  0.4908284  0.4575340  0.4537866
 1  0.7303159  0.6867608  0.6597647  0.6514679  0.6544154  0.6730721  0.6897303  0.6867466  0.6764921  0.6748766  0.6693161  0.6534944  0.6373957  0.6363699  0.6670631  0.6878881  0.6949468  0.7000251  0.7037677  0.7066582  0.7120232  0.7178892  0.7106886  0.7015413  0.6902214  0.6717641  0.6395354
 2  0.5706112  0.5258546  0.5101824  0.5063779  0.5132993  0.5474133  0.5696925  0.5660965  0.5452562  0.5427805  0.5437882  0.5322605  0.5254171  0.5403555  0.5726686  0.5869732  0.5872840  0.5790503  0.5656934  0.5517654  0.5552786  0.5727193  0.5737089  0.5647387  0.5475299  0.5203403  0.4968916
 3  0.7531030  0.7126676  0.6838876  0.6721054  0.6718938  0.6889679  0.7089162  0.7067864  0.6945224  0.6922849  0.6883494  0.6729933  0.6553974  0.6540794  0.6856077  0.7081156  0.7152013  0.7191293  0.7218926  0.7232856  0.7276420  0.7354685  0.7300242  0.7197511  0.7083018  0.6902369  0.6551517
 4  0.4535079  0.4234462  0.4136260  0.4067832  0.4271935  0.4842973  0.4986346  0.4659492  0.4439107  0.4641426  0.4660051  0.4460120  0.4522034  0.4818044  0.5086090  0.5124535  0.4982760  0.4803918  0.4558272  0.4377761  0.4691028  0.4960073  0.4803063  0.4626469  0.4493632  0.4046138  0.4207798
 1  0.7303754  0.6852017  0.6507535  0.6365289  0.6268764  0.6303409  0.6717781  0.6830406  0.6713463  0.6727480  0.6651516  0.6652945  0.6872101  0.6980026  0.6968755  0.6986782  0.6968534  0.6974107  0.6982877  0.7033629  0.7208647  0.7128155  0.7082248  0.7136535  0.7126927  0.7119923  0.7078469
 2  0.5696476  0.5249187  0.5060340  0.5031164  0.4969112  0.5250559  0.5667058  0.5751809  0.5554304  0.5439242  0.5353048  0.5439865  0.5733741  0.5825452  0.5703291  0.5463724  0.5154339  0.5020022  0.5065275  0.5665667  0.6028329  0.6061629  0.5938865  0.5836588  0.5704730  0.5478885  0.5229227
 3  0.7531583  0.7111841  0.6752289  0.6575224  0.6456706  0.6455102  0.6896626  0.7038079  0.6904356  0.6908975  0.6836874  0.6822019  0.7054448  0.7182304  0.7160554  0.7156197  0.7122281  0.7119213  0.7133226  0.7176796  0.7419622  0.7353232  0.7276099  0.7323103  0.7310962  0.7284348  0.7231232
 4  0.4536058  0.4238927  0.4150563  0.4147605  0.4097590  0.4692767  0.5080717  0.4881808  0.4570788  0.4552069  0.4471089  0.4747718  0.5065673  0.4976218  0.4565236  0.4119168  0.3852668  0.3936277  0.4061898  0.5108751  0.5429484  0.5156807  0.4915057  0.4878280  0.4595109  0.4176156  0.3870067
 1  0.7307392  0.6865184  0.6255291  0.5918289  0.6142733  0.6311432  0.6391836  0.6580367  0.6711151  0.6798078  0.6929804  0.6920316  0.6961812  0.7118359  0.7107201  0.7108501  0.7150969  0.7145321  0.7113778  0.7117955  0.7086290  0.7012419  0.6797163  0.6629580  0.6422347  0.6279176  0.6397212
 2  0.5709265  0.5258337  0.4899593  0.4898392  0.5212682  0.5313415  0.5327788  0.5399169  0.5462297  0.5557304  0.5651639  0.5586046  0.5650777  0.5863719  0.5933486  0.5929397  0.5933836  0.5884044  0.5736923  0.5629395  0.5538768  0.5415251  0.5191033  0.5085456  0.5046890  0.5173602  0.5365569
 3  0.7534590  0.7123403  0.6504973  0.6118553  0.6321458  0.6507076  0.6574960  0.6752586  0.6893634  0.6970717  0.7115142  0.7110813  0.7121779  0.7307115  0.7314574  0.7299858  0.7345467  0.7343313  0.7297447  0.7286923  0.7258315  0.7187037  0.6966598  0.6798802  0.6596253  0.6443471  0.6586520
 4  0.4540021  0.4236161  0.4078218  0.4279867  0.4614610  0.4545378  0.4475717  0.4615033  0.4611817  0.4766333  0.4833723  0.4513480  0.4850524  0.5194546  0.5090262  0.5037981  0.5091732  0.4928106  0.4630087  0.4574409  0.4561567  0.4330124  0.4147976  0.4193165  0.4258823  0.4579490  0.4692223
 1  0.7295925  0.6821011  0.6341455  0.6158607  0.6366894  0.6402703  0.6419200  0.6542362  0.6745750  0.6816018  0.6877862  0.6977928  0.6961847  0.7025520  0.6966273  0.6776471  0.6591091  0.6687702  0.6790736  0.6847430  0.6877406  0.6879798  0.6922252  0.7031096  0.7194271  0.7194200  0.7093497
 2  0.5730097  0.5253028  0.4978254  0.5069838  0.5270933  0.5190442  0.4947236  0.4935617  0.5232260  0.5426251  0.5622299  0.5708013  0.5690260  0.5721604  0.5668387  0.5414479  0.5256830  0.5545705  0.5711974  0.5727668  0.5669500  0.5579882  0.5515301  0.5784992  0.6112535  0.6177841  0.6102633
 3  0.7529158  0.7085250  0.6591907  0.6359706  0.6559236  0.6599740  0.6588925  0.6686066  0.6901100  0.6992936  0.7052629  0.7167307  0.7149046  0.7202123  0.7163060  0.6975983  0.6756351  0.6866369  0.6994697  0.7040404  0.7067551  0.7067577  0.7097716  0.7191660  0.7399220  0.7435440  0.7314332
 4  0.4567029  0.4251962  0.4134042  0.4412426  0.4535469  0.4129562  0.3699644  0.4081754  0.4553511  0.4639863  0.4834293  0.4867394  0.4753197  0.4878488  0.4804128  0.4284245  0.4457831  0.4972578  0.4947135  0.4839903  0.4768683  0.4616251  0.4528683  0.5118788  0.5513368  0.5452684  0.5192146
 1  0.7290320  0.6819636  0.6369228  0.6143721  0.6059543  0.6510551  0.6505496  0.6514877  0.6954821  0.6979325  0.6970919  0.6999860  0.6900286  0.6804392  0.6872953  0.7013331  0.7015780  0.6932528  0.6874137  0.6910617  0.6909695  0.6847499  0.6908684  0.7005437  0.7056350  0.7162706  0.7110435
 2  0.5710038  0.5247564  0.4995054  0.4896171  0.5190999  0.5603903  0.5544904  0.5633460  0.5904648  0.5927392  0.5744228  0.5500818  0.5098717  0.4682260  0.4888008  0.5338737  0.5545093  0.5476994  0.5364824  0.5459723  0.5537275  0.5554889  0.5740118  0.5891833  0.6047942  0.6102838  0.6020549
 3  0.7522313  0.7083381  0.6619055  0.6360336  0.6209555  0.6700257  0.6730891  0.6670149  0.7154415  0.7197302  0.7160392  0.7170908  0.7061764  0.6949527  0.7004476  0.7164336  0.7196745  0.7114510  0.7039005  0.7078955  0.7096199  0.7031432  0.7086106  0.7210422  0.7255844  0.7384000  0.7327182
 4  0.4554349  0.4249441  0.4140906  0.4042022  0.4700069  0.5064158  0.4604301  0.4966973  0.5290921  0.5016284  0.4568514  0.4220235  0.3701297  0.3320486  0.4060521  0.4684338  0.4691051  0.4338642  0.4365788  0.4694812  0.4707305  0.4692669  0.5052302  0.5192635  0.5332865  0.5355401  0.5007035
 1  0.7297245  0.6834269  0.6499563  0.6364327  0.6455882  0.6563977  0.6656925  0.6739552  0.6785392  0.6855997  0.6930014  0.6932669  0.7039268  0.7179783  0.7149996  0.7117843  0.7113865  0.7042172  0.6967987  0.6959954  0.6961271  0.7014751  0.7087818  0.7090146  0.7053397  0.7086404  0.7096810
 2  0.5712080  0.5253414  0.5065938  0.5041208  0.5102127  0.5110308  0.5082522  0.5046893  0.5056885  0.5232169  0.5415001  0.5488949  0.5775746  0.6004827  0.6012595  0.5917462  0.5783788  0.5618773  0.5403466  0.5323239  0.5390257  0.5595906  0.5817147  0.5840965  0.5714472  0.5642895  0.5594350
 3  0.7528725  0.7097512  0.6745729  0.6573920  0.6639928  0.6733895  0.6816634  0.6896424  0.6938130  0.7009957  0.7100327  0.7105975  0.7202489  0.7382622  0.7365744  0.7306685  0.7299847  0.7231357  0.7137100  0.7122694  0.7125358  0.7181461  0.7275964  0.7288889  0.7237209  0.7254352  0.7274191
 4  0.4552588  0.4249101  0.4154133  0.4162637  0.4176122  0.4113218  0.4058443  0.3974313  0.4066863  0.4431932  0.4566196  0.4564554  0.5093425  0.5333783  0.5095929  0.4882635  0.4846852  0.4525266  0.4263565  0.4317423  0.4507956  0.4876043  0.5072002  0.4900717  0.4603491  0.4667490  0.4647414
 1  0.7288970  0.6851915  0.6262040  0.5968063  0.5608106  0.5033224  0.5979943  0.6592745  0.6714618  0.6762352  0.6818694  0.6919403  0.7072026  0.7059063  0.7025592  0.7085475  0.7060179  0.7008866  0.6955810  0.6886280  0.6488084  0.6271818  0.6669670  0.6666517  0.6702299  0.6924076  0.6901847
 2  0.5725989  0.5272463  0.4900343  0.4929057  0.4937661  0.4654498  0.5456129  0.5793606  0.5786890  0.5584846  0.5338764  0.5411979  0.5675371  0.5770063  0.5765679  0.5818188  0.5793426  0.5687253  0.5588684  0.5490426  0.5170511  0.5406848  0.5792342  0.5747252  0.5770901  0.5844257  0.5772861
 3  0.7521482  0.7109845  0.6509268  0.6166204  0.5777437  0.5197915  0.6119199  0.6797475  0.6930518  0.6952720  0.6986810  0.7069692  0.7247888  0.7254700  0.7206368  0.7272530  0.7259907  0.7194654  0.7135521  0.7073780  0.6674539  0.6419620  0.6874520  0.6895245  0.6889914  0.7125075  0.7110491
 4  0.4571183  0.4234838  0.4064709  0.4309510  0.4469264  0.4289844  0.5011763  0.5173091  0.4861084  0.4404970  0.4149480  0.4653782  0.4999511  0.4866608  0.4860689  0.5026409  0.4881121  0.4675904  0.4677010  0.4533374  0.4316285  0.4953385  0.5224049  0.4921059  0.4989238  0.5113270  0.4812544
 1  0.7299151  0.6847412  0.6509246  0.6369444  0.6411572  0.6699826  0.6735470  0.6779287  0.6820196  0.6854736  0.6888057  0.6929163  0.7118622  0.7117924  0.7038084  0.7020532  0.6932767  0.6885490  0.6723703  0.6430140  0.6391442  0.6344427  0.6213063  0.6080378  0.6046638  0.6151323  0.6558670
 2  0.5719803  0.5255412  0.5063229  0.4984452  0.5201353  0.5481966  0.5513871  0.5437642  0.5442179  0.5529077  0.5532817  0.5706412  0.5947213  0.5996925  0.5849741  0.5640295  0.5436599  0.5409879  0.5345922  0.5263749  0.5554075  0.5572357  0.5357861  0.5006860  0.4717671  0.4927388  0.5416412
 3  0.7527795  0.7105727  0.6753087  0.6583590  0.6579178  0.6877511  0.6928828  0.6952096  0.6988928  0.7036779  0.7075046  0.7094502  0.7312496  0.7334921  0.7238919  0.7200583  0.7104318  0.7057888  0.6913912  0.6608759  0.6553621  0.6575778  0.6446418  0.6281051  0.6221063  0.6288274  0.6723381
 4  0.4551191  0.4234447  0.4161265  0.4020686  0.4513522  0.4799328  0.4568725  0.4412786  0.4618392  0.4744339  0.4576963  0.4959085  0.5298398  0.5161658  0.4766406  0.4492755  0.4447499  0.4592604  0.4460228  0.4537971  0.5086766  0.4972940  0.4463088  0.3943415  0.3694375  0.4382040  0.4871463
 1  0.7309689  0.6872571  0.6441201  0.6240261  0.6251692  0.6359006  0.6543492  0.6515559  0.6387379  0.6091445  0.6460097  0.6702420  0.6787562  0.6859309  0.6927329  0.7002469  0.7025102  0.7095295  0.7104545  0.7011817  0.6947454  0.6968989  0.7000120  0.7035848  0.6843249  0.6799912  0.6655661
 2  0.5716721  0.5260865  0.5002021  0.4969197  0.5033561  0.5270170  0.5525032  0.5600902  0.5480370  0.5294774  0.5568225  0.5672220  0.5589772  0.5352712  0.5180528  0.5205616  0.5456434  0.5826894  0.5961764  0.5857048  0.5608126  0.5398672  0.5472483  0.5637151  0.5676846  0.5695044  0.5597933
 3  0.7536761  0.7130407  0.6687350  0.6449156  0.6437103  0.6522409  0.6723294  0.6716182  0.6593286  0.6291121  0.6640204  0.6901762  0.6981555  0.7025678  0.7075498  0.7153972  0.7182833  0.7274050  0.7318473  0.7225773  0.7133100  0.7131420  0.7158218  0.7221585  0.7038057  0.7005165  0.6868376
 4  0.4539400  0.4233816  0.4107955  0.4157335  0.4237811  0.4630661  0.4922732  0.4927310  0.4793249  0.4637023  0.4912313  0.4878687  0.4460696  0.4009213  0.4065392  0.4290902  0.4722385  0.5184586  0.5222447  0.4825141  0.4349788  0.4275106  0.4721094  0.4890995  0.4922974  0.4975788  0.4746257
 1  0.7301943  0.6869906  0.6592525  0.6480695  0.6481967  0.6578627  0.6724428  0.6796816  0.6869155  0.6966895  0.7020079  0.7060804  0.7031046  0.7076469  0.7027277  0.6978214  0.6705716  0.6483733  0.6875011  0.6904245  0.7028984  0.7007336  0.6991733  0.7097726  0.7024087  0.6992669  0.6807161
 2  0.5734017  0.5267790  0.5103727  0.5028393  0.4928263  0.4949044  0.5175596  0.5375412  0.5555565  0.5707828  0.5819869  0.5823425  0.5770304  0.5712857  0.5590335  0.5409408  0.4996175  0.5265878  0.5751518  0.5933302  0.5948707  0.5804851  0.5609876  0.5599846  0.5656375  0.5670431  0.5519581
 3  0.7529447  0.7123598  0.6831072  0.6691777  0.6664991  0.6730554  0.6876989  0.6970021  0.7042182  0.7148864  0.7209289  0.7258492  0.7218552  0.7257567  0.7209464  0.7151784  0.6876859  0.6617812  0.7068476  0.7109659  0.7236799  0.7210293  0.7158188  0.7267417  0.7207749  0.7181711  0.7009312
 4  0.4555068  0.4224447  0.4173486  0.4013922  0.3762643  0.4002503  0.4452024  0.4586937  0.4753292  0.4928678  0.5034628  0.4932748  0.4801806  0.4751971  0.4559827  0.4226817  0.3809010  0.4798929  0.5197549  0.5183402  0.5101697  0.4642960  0.4541682  0.4755904  0.4832432  0.4844299  0.4533845
 1  0.7279256  0.6825742  0.6558256  0.6479167  0.6562745  0.6709198  0.6755361  0.6821061  0.6952652  0.7041105  0.7004955  0.6971397  0.6967528  0.7031115  0.7054202  0.7023822  0.6974842  0.6966528  0.7060958  0.7111408  0.7124142  0.7146829  0.7169847  0.7158035  0.7143820  0.7150099  0.7148108
 2  0.5728958  0.5267540  0.5099982  0.5084232  0.5195921  0.5289439  0.5254475  0.5239707  0.5422289  0.5573052  0.5545301  0.5424580  0.5421761  0.5619906  0.5748426  0.5718882  0.5545123  0.5474312  0.5643626  0.5815493  0.5888784  0.5893905  0.5826692  0.5640602  0.5326906  0.5078703  0.5266790
 3  0.7515529  0.7088559  0.6800256  0.6684557  0.6739336  0.6881521  0.6924952  0.6977574  0.7108851  0.7215749  0.7184313  0.7141395  0.7127235  0.7203443  0.7246129  0.7214331  0.7154336  0.7131954  0.7228879  0.7300720  0.7317924  0.7335723  0.7358046  0.7332227  0.7296090  0.7287583  0.7284614
 4  0.4580642  0.4245925  0.4143180  0.4151247  0.4350482  0.4381859  0.4193262  0.4245858  0.4631983  0.4726057  0.4504517  0.4282827  0.4538865  0.4909457  0.4928798  0.4701790  0.4422164  0.4533189  0.4911436  0.5054159  0.5014535  0.4980269  0.4795726  0.4331391  0.3817753  0.3725812  0.4537309
 1  0.7294668  0.6874658  0.6614350  0.6540714  0.6530857  0.6626115  0.6817399  0.6702036  0.6331155  0.6323728  0.6436726  0.6017098  0.6289350  0.6408661  0.6563976  0.6809325  0.6793178  0.6797487  0.6799653  0.6856280  0.6900045  0.6869770  0.6775112  0.6645338  0.6215456  0.5877287  0.6325287
 2  0.5714501  0.5275612  0.5107937  0.5098026  0.5093053  0.5399908  0.5688432  0.5605012  0.5228570  0.5439195  0.5612443  0.5269405  0.5326536  0.5224192  0.5284396  0.5502249  0.5576512  0.5539962  0.5523590  0.5560392  0.5569616  0.5565980  0.5523096  0.5502417  0.5243796  0.5239578  0.5581568
 3  0.7524214  0.7130838  0.6852441  0.6743671  0.6712082  0.6781870  0.7010116  0.6920784  0.6520403  0.6480298  0.6649560  0.6241703  0.6490813  0.6596121  0.6715396  0.6981945  0.6984873  0.6984172  0.6983571  0.7032839  0.7085541  0.7050161  0.6957187  0.6842286  0.6410837  0.6037341  0.6514513
 4  0.4553545  0.4231839  0.4130033  0.4146366  0.4170691  0.4779478  0.5067071  0.4673353  0.4370692  0.4941076  0.5036887  0.4572832  0.4436927  0.4158012  0.4520441  0.4816934  0.4742264  0.4646766  0.4620624  0.4733233  0.4690374  0.4666244  0.4765182  0.4733550  0.4555592  0.4769740  0.5050162
