FL 2019 2020 2021 2022 2023 2024 2025 2026 2027 2028 2029 2030 2031 2032 2033 2034 2035 2036 2037 2038 2039 2040 2041 2042 2043 2044 2045
 1  0.7288134  0.6828020  0.6397418  0.6162734  0.6172133  0.6236947  0.6379490  0.6607724  0.6626659  0.6622953  0.6655152  0.6749297  0.6801849  0.6805154  0.6887244  0.6829758  0.6622916  0.6510895  0.6630033  0.6707297  0.6778879  0.6781165  0.6835270  0.6985792  0.6993410  0.6962479  0.6877879
 2  0.5725724  0.5236363  0.4874293  0.4657916  0.4598872  0.4645290  0.5060918  0.5453171  0.5483081  0.5318902  0.5266655  0.5410741  0.5492320  0.5587094  0.5690268  0.5633101  0.5359838  0.5323469  0.5576797  0.5716155  0.5742606  0.5618450  0.5580450  0.5725000  0.5777808  0.5741738  0.5706813
 3  0.7521145  0.7089222  0.6640065  0.6364988  0.6345930  0.6392899  0.6517264  0.6787359  0.6827919  0.6804263  0.6820130  0.6920549  0.6989335  0.6981592  0.7075904  0.7035570  0.6814024  0.6684495  0.6814516  0.6908527  0.6988680  0.6979504  0.7005192  0.7165316  0.7192644  0.7154003  0.7062828
 4  0.4566311  0.4168102  0.3814021  0.3639566  0.3605051  0.3772612  0.4528562  0.4837669  0.4546264  0.4227322  0.4402930  0.4695849  0.4644481  0.4783736  0.4963059  0.4710056  0.4376743  0.4635825  0.4956811  0.5044256  0.4904432  0.4573807  0.4719461  0.5013681  0.4953117  0.4816409  0.4951411
 1  0.7287870  0.6826929  0.6379300  0.6135649  0.6047724  0.6032140  0.5985529  0.5922500  0.5914152  0.5776107  0.6351654  0.5972414  0.6082111  0.6459662  0.6295208  0.6239298  0.6216108  0.6065926  0.6017328  0.6518723  0.6181056  0.5828947  0.5959633  0.6471717  0.6618825  0.6817003  0.6765249
 2  0.5725221  0.5236217  0.4862563  0.4659725  0.4648537  0.4723657  0.4785647  0.4931362  0.5110746  0.5360754  0.5646394  0.5351853  0.5544845  0.5708429  0.5522842  0.5358857  0.5242550  0.5036180  0.5337617  0.5769181  0.5453191  0.5167889  0.5480737  0.5811193  0.5887918  0.5960485  0.5832060
 3  0.7521049  0.7088467  0.6622718  0.6337175  0.6217982  0.6199616  0.6152603  0.6080707  0.6092608  0.5895562  0.6574256  0.6197338  0.6233123  0.6688452  0.6526054  0.6435044  0.6412748  0.6255522  0.6138525  0.6727530  0.6426521  0.6012061  0.6100859  0.6673632  0.6848828  0.7049645  0.6973792
 4  0.4566462  0.4169339  0.3807798  0.3681042  0.3863381  0.3976256  0.4066699  0.4378271  0.4558041  0.4991879  0.5159078  0.4774793  0.5116257  0.5137758  0.4750127  0.4608237  0.4463366  0.4226081  0.4922311  0.5282094  0.4761921  0.4632696  0.5068212  0.5327724  0.5292062  0.5175622  0.4957288
 1  0.7305922  0.6848759  0.6442262  0.6244147  0.6287717  0.6379879  0.6612507  0.6437742  0.6410416  0.6486554  0.6581851  0.6687443  0.6740883  0.6756825  0.6711755  0.6681177  0.6592167  0.6609485  0.6886128  0.6903543  0.6751155  0.6683682  0.6595660  0.6533030  0.6519114  0.6356680  0.6164993
 2  0.5728104  0.5230737  0.4891410  0.4824773  0.4969230  0.5322209  0.5588999  0.5424031  0.5256732  0.5182077  0.5245815  0.5368359  0.5564928  0.5620976  0.5530746  0.5326845  0.5138732  0.5549395  0.5934217  0.5960592  0.5681810  0.5391140  0.5314068  0.5467269  0.5522604  0.5289001  0.4974905
 3  0.7534214  0.7107166  0.6683559  0.6438644  0.6461744  0.6539084  0.6803174  0.6660857  0.6599443  0.6659615  0.6751696  0.6856334  0.6918983  0.6956298  0.6913353  0.6862208  0.6759943  0.6756897  0.7095669  0.7137689  0.6964146  0.6863459  0.6763221  0.6718054  0.6725980  0.6568882  0.6352576
 4  0.4549219  0.4157554  0.3829817  0.3980381  0.4237576  0.4746879  0.4976154  0.4520123  0.4259503  0.4302509  0.4427846  0.4614676  0.4868665  0.4862086  0.4537743  0.4207377  0.4229007  0.5059305  0.5377832  0.5135937  0.4560035  0.4322731  0.4605868  0.4871010  0.4794985  0.4330411  0.3998780
 1  0.7291430  0.6826862  0.6534117  0.6409232  0.6306188  0.6313761  0.6677232  0.7122235  0.6942289  0.6791243  0.6784204  0.6770144  0.6822132  0.6939526  0.7150863  0.7046199  0.6906182  0.6798022  0.6613363  0.6332987  0.5842614  0.5460116  0.6774726  0.6594760  0.6856922  0.6813408  0.6707234
 2  0.5726204  0.5229265  0.4979118  0.4769456  0.4525775  0.4502756  0.5671317  0.6100926  0.6001821  0.5648104  0.5316805  0.5085013  0.4910627  0.5493277  0.5934819  0.5961032  0.5708935  0.5286702  0.4702895  0.4254949  0.4492070  0.5367965  0.5961760  0.5980764  0.6012159  0.6002968  0.5775102
 3  0.7522586  0.7088094  0.6772265  0.6610009  0.6477147  0.6462582  0.6775650  0.7354292  0.7188113  0.6989095  0.6955422  0.6935942  0.6970885  0.7069810  0.7349638  0.7269476  0.7109068  0.6976761  0.6771744  0.6477213  0.5988981  0.5442145  0.7042796  0.6780276  0.7130244  0.7070099  0.6905077
 4  0.4556339  0.4166043  0.3883581  0.3547745  0.3356391  0.3593107  0.5280293  0.5558004  0.5010389  0.4371415  0.4176820  0.3931020  0.3717746  0.4946762  0.5364249  0.5087635  0.4503450  0.3851523  0.3242978  0.3276206  0.4020377  0.5110667  0.5460776  0.5479228  0.5465375  0.5088769  0.4845901
 1  0.7281315  0.6823707  0.6504587  0.6370850  0.6265801  0.6404052  0.6836678  0.6717390  0.6398244  0.6169837  0.6611518  0.6696518  0.6653528  0.6648868  0.6534543  0.6357089  0.5974449  0.6122227  0.5583161  0.6881744  0.6645644  0.6695769  0.6620395  0.6673674  0.6737884  0.6742691  0.6668739
 2  0.5721117  0.5240494  0.4954958  0.4774161  0.4614293  0.5252120  0.5791151  0.5752348  0.5313217  0.5281331  0.5786653  0.5828076  0.5716420  0.5479630  0.5112996  0.4734809  0.4592781  0.5464912  0.5408588  0.6082925  0.5837153  0.5865150  0.5622838  0.5573462  0.5702531  0.5721004  0.5569324
 3  0.7515323  0.7084022  0.6742039  0.6569561  0.6437301  0.6524597  0.7032424  0.6946760  0.6605839  0.6328467  0.6790104  0.6935966  0.6880067  0.6843270  0.6713139  0.6527985  0.6125459  0.6324717  0.5640300  0.7133769  0.6919292  0.6937455  0.6826432  0.6853070  0.6921542  0.6961680  0.6884079
 4  0.4574745  0.4167219  0.3856110  0.3653290  0.3596318  0.4833516  0.5265783  0.4890636  0.4326203  0.4721656  0.5298393  0.5153811  0.4747980  0.4353332  0.4000192  0.3643150  0.3999071  0.5045523  0.5087294  0.5573051  0.5224711  0.4987304  0.4653282  0.4782375  0.5088516  0.4992877  0.4485011
 1  0.7302442  0.6876550  0.6390844  0.6093181  0.6146630  0.6195197  0.6387906  0.6487957  0.6515517  0.6584742  0.6578514  0.6588619  0.6635049  0.6652358  0.6709948  0.6631949  0.6514260  0.6624112  0.7057125  0.7037291  0.6846453  0.6738449  0.6576303  0.6321450  0.5778759  0.5428285  0.6515570
 2  0.5712935  0.5251229  0.4836449  0.4713783  0.4955171  0.5177517  0.5361183  0.5405768  0.5395469  0.5404599  0.5389223  0.5366903  0.5347628  0.5342289  0.5382391  0.5319876  0.5217914  0.5765415  0.6109217  0.6100223  0.5751091  0.5293406  0.4867067  0.4822853  0.5063730  0.5114626  0.5922365
 3  0.7530500  0.7132381  0.6632586  0.6286328  0.6314897  0.6373309  0.6569476  0.6678104  0.6697924  0.6768812  0.6764196  0.6769611  0.6819067  0.6822971  0.6884852  0.6820739  0.6689065  0.6760547  0.7281528  0.7275811  0.7059832  0.6917513  0.6736195  0.6479712  0.5944199  0.5539041  0.6691546
 4  0.4545673  0.4162033  0.3767345  0.3918436  0.4338974  0.4548615  0.4651860  0.4594034  0.4594087  0.4604973  0.4551421  0.4545398  0.4421833  0.4476037  0.4584826  0.4395672  0.4382047  0.5285340  0.5528304  0.5236821  0.4514146  0.3921910  0.3783336  0.4191123  0.4639308  0.4857993  0.5452225
 1  0.7289947  0.6824030  0.6266747  0.5917469  0.5992644  0.6220023  0.6407635  0.6450272  0.6510846  0.6778728  0.6822225  0.6863405  0.6917593  0.6966042  0.6954527  0.6953710  0.6836046  0.6670530  0.6693672  0.6841590  0.6914701  0.7017415  0.6899271  0.6805873  0.6672240  0.6510153  0.6445008
 2  0.5714732  0.5225117  0.4785828  0.4520803  0.4631105  0.4914339  0.5087629  0.5018783  0.5191298  0.5573700  0.5687603  0.5696561  0.5791947  0.5864116  0.5815932  0.5696348  0.5452408  0.5234248  0.5360751  0.5620351  0.5836128  0.5891959  0.5705815  0.5343515  0.4883893  0.4670919  0.5099079
 3  0.7522130  0.7087276  0.6516157  0.6124107  0.6161571  0.6374198  0.6575373  0.6625141  0.6652140  0.6953724  0.7023804  0.7044527  0.7101047  0.7174264  0.7160362  0.7139779  0.7017115  0.6853245  0.6856025  0.7023294  0.7105398  0.7223193  0.7105652  0.6984871  0.6831907  0.6660853  0.6585676
 4  0.4550080  0.4172151  0.3777618  0.3592134  0.3848142  0.4238112  0.4276129  0.3915969  0.4527247  0.4996034  0.4835835  0.4816340  0.5097823  0.5123819  0.4865794  0.4639893  0.4474323  0.4265590  0.4633853  0.4957447  0.5125168  0.5082073  0.4599125  0.3971846  0.3596457  0.3733432  0.4636850
 1  0.7296185  0.6841061  0.6582540  0.6476295  0.6488924  0.6809449  0.6823009  0.6808141  0.6594650  0.6362505  0.6275927  0.5899241  0.5528626  0.5367995  0.6143042  0.7046072  0.6616595  0.6846062  0.7030865  0.6846686  0.6416831  0.6020836  0.5969190  0.6143259  0.6280592  0.6243331  0.6521822
 2  0.5721330  0.5228668  0.4998986  0.4805167  0.5096801  0.5554076  0.5637871  0.5474707  0.5139943  0.5106222  0.5091446  0.4838438  0.4860717  0.4771379  0.5875253  0.6160067  0.5842947  0.6052251  0.6080477  0.5868684  0.5159481  0.4623054  0.5014940  0.5553808  0.5550927  0.5558955  0.5711911
 3  0.7524823  0.7097460  0.6815450  0.6673962  0.6633502  0.6982963  0.7024955  0.6988183  0.6761995  0.6537403  0.6470796  0.6086982  0.5663081  0.5594464  0.6137323  0.7331761  0.6883469  0.7040561  0.7269228  0.7083599  0.6619475  0.6187549  0.6098802  0.6326900  0.6513559  0.6435650  0.6720609
 4  0.4552526  0.4147791  0.3890238  0.3570903  0.4500729  0.4984721  0.4709718  0.4257092  0.4204296  0.4447568  0.4295483  0.4077197  0.4473859  0.4368704  0.5457637  0.5623662  0.5093313  0.5376010  0.5410943  0.4822898  0.3848931  0.3743811  0.4630912  0.5114055  0.4914525  0.4948003  0.5116447
 1  0.7295170  0.6852160  0.6340226  0.6003017  0.5858169  0.5683052  0.5677479  0.5742265  0.5609407  0.5353191  0.6121000  0.6010121  0.6138153  0.6496112  0.6514349  0.6518880  0.6656731  0.6864786  0.6831173  0.6783710  0.6853546  0.6891997  0.6931800  0.6990930  0.7009374  0.6962915  0.6968133
 2  0.5724068  0.5236713  0.4812168  0.4598898  0.4628130  0.4703904  0.4954965  0.5150069  0.4989071  0.5013303  0.5518961  0.5425291  0.5620244  0.5804732  0.5781285  0.5704269  0.5790751  0.5842786  0.5703384  0.5504195  0.5455609  0.5504155  0.5584575  0.5715800  0.5742857  0.5675884  0.5645473
 3  0.7523910  0.7108911  0.6583961  0.6204308  0.6028963  0.5852390  0.5827696  0.5917228  0.5822806  0.5451805  0.6313942  0.6214428  0.6300068  0.6717551  0.6748486  0.6745456  0.6854298  0.7065892  0.7038348  0.6965042  0.7021892  0.7068445  0.7106892  0.7171419  0.7203099  0.7149182  0.7146923
 4  0.4547988  0.4152720  0.3780657  0.3724897  0.3950419  0.4115708  0.4492663  0.4712365  0.4389837  0.4719806  0.5069382  0.4940229  0.5194575  0.5299822  0.5166082  0.4975122  0.5040513  0.5073444  0.4714114  0.4442803  0.4576503  0.4661676  0.4757925  0.4929811  0.4863731  0.4719160  0.4769490
 1  0.7294070  0.6855701  0.6366007  0.6011667  0.5804579  0.5638672  0.5607071  0.4995209  0.6132170  0.6632984  0.6357606  0.6070901  0.5724206  0.5798715  0.6528941  0.5882316  0.5252466  0.6119548  0.6055921  0.6204215  0.6529272  0.6419579  0.6191201  0.5937330  0.6092015  0.6783163  0.6729737
 2  0.5726944  0.5242874  0.4827306  0.4500399  0.4282985  0.4228472  0.4389443  0.4564623  0.5683555  0.5879559  0.5663451  0.5420755  0.5139779  0.5468028  0.5761495  0.5173669  0.4919219  0.5526941  0.5466541  0.5677274  0.5796778  0.5667406  0.5361508  0.5066896  0.5578672  0.5962883  0.5899225
 3  0.7523779  0.7111375  0.6607473  0.6218880  0.5982541  0.5791142  0.5761326  0.5099974  0.6258141  0.6881169  0.6596518  0.6285399  0.5925858  0.5898703  0.6770695  0.6139713  0.5343304  0.6309654  0.6260696  0.6367371  0.6764417  0.6660177  0.6409680  0.6139065  0.6185925  0.7015547  0.6977315
 4  0.4557622  0.4151688  0.3781720  0.3464812  0.3332583  0.3516238  0.3760848  0.4284379  0.5296051  0.5373914  0.5118319  0.4910816  0.4651074  0.5112511  0.5251495  0.4450390  0.4642167  0.5085096  0.4981731  0.5243052  0.5271619  0.4974025  0.4604750  0.4310886  0.5171782  0.5441670  0.4993591
 1  0.7290193  0.6837632  0.6524245  0.6386586  0.6338834  0.6434830  0.6400243  0.6298337  0.6221328  0.6154003  0.6100030  0.6358145  0.6211183  0.6428713  0.6396239  0.6311966  0.6278965  0.6169938  0.6242424  0.6551689  0.6634908  0.6828326  0.6822508  0.6746182  0.6627073  0.6487310  0.6137825
 2  0.5731135  0.5245497  0.4959947  0.4780263  0.4775197  0.4916160  0.4878856  0.4710612  0.4838752  0.5251356  0.5550259  0.5653797  0.5602016  0.5687811  0.5606589  0.5448617  0.5304270  0.5182959  0.5432697  0.5765901  0.5837998  0.5933554  0.5811700  0.5601728  0.5310120  0.5040320  0.4681962
 3  0.7523618  0.7097663  0.6761209  0.6583898  0.6503284  0.6596666  0.6572682  0.6460487  0.6370640  0.6319901  0.6264932  0.6578218  0.6423352  0.6636862  0.6624959  0.6517920  0.6476049  0.6357462  0.6393410  0.6748455  0.6855409  0.7041613  0.7035291  0.6947241  0.6812022  0.6665958  0.6314296
 4  0.4573780  0.4167930  0.3845537  0.3663189  0.3928552  0.4104311  0.3868251  0.3683804  0.4220104  0.4787714  0.5088261  0.5175737  0.5037812  0.5134233  0.4892285  0.4675830  0.4518031  0.4435109  0.4936391  0.5236292  0.5182487  0.5164406  0.4942774  0.4594468  0.4280819  0.4021763  0.3770159
 1  0.7286387  0.6825674  0.6372946  0.6113898  0.5940235  0.5771410  0.5963117  0.5888319  0.6281732  0.6253301  0.6059937  0.6356184  0.6586797  0.6691804  0.6689507  0.6806289  0.6722403  0.6654102  0.6807031  0.6851943  0.6808439  0.6765322  0.6759407  0.6850470  0.6827171  0.6672961  0.6719244
 2  0.5727279  0.5238275  0.4856789  0.4589517  0.4322240  0.4308701  0.4904066  0.5384381  0.5663219  0.5531756  0.5432983  0.5686696  0.5786924  0.5787221  0.5652164  0.5625023  0.5462666  0.5408336  0.5698855  0.5810833  0.5705929  0.5412942  0.5106408  0.5124803  0.5269165  0.5442820  0.5668261
 3  0.7520377  0.7087434  0.6616506  0.6319077  0.6119672  0.5917209  0.6098527  0.6044548  0.6473870  0.6497066  0.6258935  0.6535760  0.6812345  0.6911952  0.6876368  0.6993948  0.6919916  0.6823045  0.6981771  0.7067434  0.7021848  0.6952820  0.6916319  0.7001307  0.7000075  0.6852548  0.6918288
 4  0.4570261  0.4170074  0.3800483  0.3520552  0.3241316  0.3666356  0.4489948  0.4960218  0.5228030  0.4945376  0.4867863  0.5180224  0.5147002  0.4869488  0.4767916  0.4813374  0.4475247  0.4606303  0.5109170  0.5101712  0.4677064  0.4047021  0.3913228  0.4293765  0.4484921  0.4791727  0.5038186
 1  0.7283148  0.6831372  0.6342972  0.6012135  0.6026158  0.6315247  0.6538410  0.6572269  0.6708763  0.6965117  0.6885464  0.6781298  0.6606204  0.6281966  0.6594335  0.7065982  0.6916290  0.6880809  0.6756630  0.6922119  0.6867268  0.6826224  0.6754180  0.6792380  0.6666758  0.6370067  0.6352815
 2  0.5733267  0.5243695  0.4828847  0.4520670  0.4614994  0.5052754  0.5328875  0.5288762  0.5431238  0.5646418  0.5579101  0.5325641  0.4976171  0.4888971  0.5988497  0.6172493  0.6077127  0.5802437  0.5640128  0.5838504  0.5818050  0.5631619  0.5413115  0.5462245  0.5421710  0.5232181  0.5299333
 3  0.7516587  0.7090010  0.6585491  0.6218960  0.6190681  0.6461572  0.6714911  0.6758555  0.6861397  0.7142176  0.7083165  0.6958499  0.6775774  0.6438457  0.6688128  0.7339695  0.7170977  0.7084153  0.6916811  0.7129114  0.7089622  0.7020441  0.6926304  0.6965718  0.6862157  0.6568438  0.6530373
 4  0.4576247  0.4160708  0.3789654  0.3497697  0.3856282  0.4489378  0.4604236  0.4231302  0.4648696  0.4930987  0.4574461  0.4110263  0.3836172  0.4263617  0.5543175  0.5596185  0.5107503  0.4542183  0.4946529  0.5244590  0.4909873  0.4475827  0.4476077  0.4716157  0.4636951  0.4412503  0.4626523
 1  0.7288068  0.6820604  0.6351709  0.6113757  0.6240016  0.6440993  0.6805373  0.6687792  0.6223399  0.5458837  0.4425860  0.7153921  0.7352616  0.7117585  0.6731255  0.6702676  0.6657861  0.6714465  0.6950021  0.6938022  0.6810021  0.6745251  0.6566076  0.6240202  0.5912568  0.5971771  0.6848246
 2  0.5718598  0.5223214  0.4847036  0.4861004  0.5239873  0.5712072  0.5907816  0.5732297  0.4967628  0.4056570  0.4107063  0.6348405  0.6406067  0.6303452  0.5749719  0.5489036  0.5334742  0.5468946  0.5764950  0.5780907  0.5516559  0.5249722  0.4880050  0.4558784  0.4716475  0.5638094  0.6076080
 3  0.7519277  0.7080332  0.6595205  0.6301751  0.6408569  0.6606521  0.7032367  0.6923592  0.6427727  0.5625206  0.4486252  0.7318219  0.7661144  0.7385736  0.6941379  0.6891435  0.6847900  0.6868794  0.7139741  0.7144836  0.6998714  0.6920518  0.6736033  0.6400051  0.6071067  0.6056156  0.7091164
 4  0.4558752  0.4157904  0.3826004  0.4172143  0.4720108  0.5205413  0.5276436  0.4690667  0.3620040  0.3180517  0.3944663  0.5747527  0.5839163  0.5342398  0.4654416  0.4591922  0.4338059  0.4805966  0.5109656  0.4846631  0.4392662  0.4081766  0.3713173  0.3700441  0.4184083  0.5269032  0.5559730
 1  0.7290677  0.6862459  0.6371938  0.6064090  0.6193703  0.6431725  0.6562319  0.6637086  0.6735417  0.6774632  0.6794919  0.6761783  0.6788967  0.6894183  0.6838385  0.6742675  0.6877163  0.6956003  0.6868828  0.6748100  0.6536382  0.6300117  0.6482479  0.6415998  0.6399261  0.6556098  0.7043658
 2  0.5727112  0.5263597  0.4832467  0.4637792  0.4958301  0.5296261  0.5397205  0.5392427  0.5404557  0.5466722  0.5545015  0.5536792  0.5550822  0.5559419  0.5422317  0.5259624  0.5440170  0.5628781  0.5582972  0.5402088  0.5074100  0.5050810  0.5465972  0.5535441  0.5486611  0.5843044  0.6125918
 3  0.7524285  0.7121797  0.6615132  0.6260414  0.6352602  0.6605473  0.6750169  0.6811284  0.6906862  0.6950198  0.6974840  0.6957369  0.6971430  0.7071508  0.7023638  0.6909139  0.7036910  0.7137711  0.7061081  0.6937328  0.6716887  0.6454213  0.6658298  0.6625287  0.6602644  0.6705360  0.7267620
 4  0.4570490  0.4177869  0.3748846  0.3769735  0.4361870  0.4658877  0.4518311  0.4461010  0.4556231  0.4660725  0.4788015  0.4678385  0.4639354  0.4663995  0.4353130  0.4271362  0.4702236  0.4863594  0.4676884  0.4339469  0.3995252  0.4461515  0.4937661  0.4866751  0.4752100  0.5302026  0.5528726
 1  0.7285444  0.6845345  0.6387352  0.6180259  0.6438298  0.6509545  0.6456163  0.6393528  0.6191956  0.5828541  0.5701312  0.5863523  0.5927941  0.5353476  0.6097478  0.6552898  0.6221983  0.6262197  0.6439269  0.6406075  0.6259492  0.6213963  0.6686172  0.6630342  0.6505727  0.6621361  0.6626514
 2  0.5715557  0.5250164  0.4855016  0.4886226  0.5186872  0.5268811  0.5128059  0.4989088  0.4847548  0.4885875  0.5112607  0.5337146  0.5265454  0.4965159  0.5644078  0.5785031  0.5527354  0.5559819  0.5654275  0.5533581  0.5211744  0.5361910  0.5819680  0.5777991  0.5652233  0.5635991  0.5562791
 3  0.7518726  0.7104597  0.6629066  0.6364294  0.6614698  0.6695077  0.6628007  0.6568902  0.6362425  0.5987742  0.5869806  0.6036129  0.6157430  0.5506205  0.6225049  0.6802142  0.6456832  0.6447449  0.6650619  0.6626243  0.6467474  0.6350465  0.6877977  0.6868972  0.6705055  0.6826668  0.6831893
 4  0.4567600  0.4170512  0.3782395  0.4188705  0.4498785  0.4364026  0.4176508  0.4047984  0.4056844  0.4400648  0.4658160  0.4961350  0.4737066  0.4601988  0.5258578  0.5242302  0.4864770  0.5006977  0.5036844  0.4728610  0.4196480  0.4833360  0.5329909  0.5019423  0.4910842  0.4903491  0.4608221
 1  0.7296366  0.6855753  0.6334662  0.6014133  0.6226901  0.6441714  0.6656188  0.6677616  0.6855298  0.6874367  0.6778198  0.6807505  0.6839256  0.6832736  0.6748023  0.6680129  0.6590082  0.6566663  0.6517020  0.6637444  0.6728326  0.6620396  0.6466296  0.6729907  0.6927305  0.6866325  0.6641090
 2  0.5720962  0.5246205  0.4812706  0.4693624  0.4991947  0.5364670  0.5576266  0.5663801  0.5739800  0.5648783  0.5407088  0.5318968  0.5325460  0.5220060  0.5097607  0.5088447  0.5266194  0.5549378  0.5624760  0.5749278  0.5726730  0.5510474  0.5364312  0.5787336  0.5960365  0.5833722  0.5361890
 3  0.7526637  0.7115512  0.6580708  0.6207497  0.6395766  0.6605259  0.6841959  0.6870247  0.7049141  0.7071764  0.6954448  0.6973382  0.7011933  0.7000159  0.6908653  0.6841139  0.6755134  0.6747540  0.6727952  0.6837141  0.6938440  0.6831702  0.6631543  0.6901544  0.7153424  0.7086255  0.6831287
 4  0.4551399  0.4171846  0.3765886  0.3935411  0.4325975  0.4750561  0.4891682  0.4910651  0.4930355  0.4611229  0.4324575  0.4410992  0.4359324  0.4108594  0.4053867  0.4228198  0.4619764  0.4985034  0.4973034  0.5038654  0.4949600  0.4465874  0.4636496  0.5275107  0.5269502  0.4760368  0.4116479
 1  0.7284429  0.6853728  0.6522019  0.6365791  0.6300702  0.6328260  0.6326895  0.6242220  0.6184635  0.5960939  0.5612686  0.6274088  0.6180457  0.6599661  0.6396290  0.6324124  0.6374733  0.6392374  0.6412352  0.6378057  0.6287310  0.6220989  0.6523125  0.6685620  0.6846205  0.6875844  0.6832419
 2  0.5730610  0.5262178  0.4946078  0.4765379  0.4739075  0.4840384  0.4841505  0.4771468  0.4938471  0.5108155  0.5215212  0.5602633  0.5689154  0.5833007  0.5649875  0.5496816  0.5463678  0.5432093  0.5382941  0.5318035  0.5224124  0.5383158  0.5759818  0.5895707  0.5943868  0.5803244  0.5604964
 3  0.7519268  0.7112964  0.6758777  0.6561155  0.6467647  0.6492125  0.6495901  0.6405201  0.6338115  0.6144223  0.5746945  0.6485320  0.6351724  0.6836810  0.6645342  0.6527377  0.6572615  0.6585965  0.6601991  0.6568428  0.6471839  0.6383137  0.6704977  0.6905441  0.7073453  0.7083528  0.7000070
 4  0.4576491  0.4173467  0.3809708  0.3687376  0.3883817  0.4031839  0.3893461  0.3880070  0.4347664  0.4576398  0.4832458  0.5168613  0.5213803  0.5331643  0.4905105  0.4763609  0.4744137  0.4680012  0.4617978  0.4525118  0.4479402  0.4855419  0.5250030  0.5283100  0.5124322  0.4648776  0.4690194
 1  0.7277919  0.6820498  0.6383170  0.6167282  0.6144648  0.6116335  0.6191531  0.6220791  0.6189514  0.6113922  0.6646680  0.6643308  0.6680677  0.6814073  0.6868990  0.6939346  0.6986257  0.6965002  0.6886579  0.6864070  0.6900214  0.6961242  0.6892743  0.6935953  0.6962361  0.6933988  0.6863683
 2  0.5737728  0.5250074  0.4866155  0.4828302  0.5152286  0.5265085  0.5248008  0.5110318  0.4920694  0.5203445  0.5688436  0.5697975  0.5627413  0.5626221  0.5698324  0.5804136  0.5866589  0.5773327  0.5578969  0.5475531  0.5500199  0.5511006  0.5513142  0.5633536  0.5694783  0.5616701  0.5406567
 3  0.7515671  0.7083461  0.6626060  0.6355868  0.6307553  0.6322752  0.6398272  0.6407268  0.6366952  0.6248658  0.6837265  0.6865882  0.6869997  0.6998685  0.7051981  0.7129291  0.7192735  0.7163579  0.7067779  0.7043172  0.7073384  0.7136654  0.7064881  0.7112977  0.7157224  0.7119798  0.7038887
 4  0.4588903  0.4177643  0.3790695  0.4066947  0.4662702  0.4645132  0.4386238  0.4173275  0.4016573  0.4757752  0.5153445  0.4843042  0.4721110  0.4796133  0.4931089  0.5104863  0.5046229  0.4755540  0.4588213  0.4552604  0.4612369  0.4557596  0.4645950  0.4900566  0.4826903  0.4561729  0.4334031
 1  0.7298005  0.6870013  0.6430704  0.6153377  0.6009720  0.6085366  0.6247921  0.6201875  0.6032553  0.5882469  0.6626235  0.6623120  0.6473638  0.6346183  0.6429166  0.6783377  0.6621518  0.6417431  0.5960020  0.6341996  0.6898848  0.6920861  0.6726372  0.6561854  0.6443101  0.6502832  0.6570142
 2  0.5740700  0.5257027  0.4866412  0.4616634  0.4593138  0.4897928  0.5149267  0.5060096  0.4736745  0.5089860  0.5846566  0.5823548  0.5573245  0.5315293  0.5562133  0.5854134  0.5696557  0.5302297  0.4970664  0.5878176  0.6093938  0.6109828  0.5846219  0.5547100  0.5279677  0.5212282  0.5278558
 3  0.7528205  0.7123844  0.6668404  0.6354910  0.6177644  0.6239205  0.6424355  0.6394660  0.6219184  0.5982511  0.6812401  0.6867008  0.6700375  0.6546000  0.6573026  0.6993371  0.6857787  0.6623766  0.6117231  0.6441332  0.7156075  0.7171893  0.6960945  0.6784206  0.6633725  0.6673832  0.6747408
 4  0.4569187  0.4152260  0.3792207  0.3599610  0.3835150  0.4331647  0.4469094  0.4158391  0.3684256  0.4744265  0.5393786  0.5123769  0.4684119  0.4391692  0.5037077  0.5288410  0.4802014  0.4176546  0.4385081  0.5471148  0.5535774  0.5391365  0.5044121  0.4565770  0.4290565  0.4399365  0.4474929
 1  0.7283085  0.6840649  0.6433622  0.6408241  0.6872319  0.6831327  0.6685473  0.6641158  0.6671732  0.6644859  0.6552409  0.6508165  0.6414934  0.6100462  0.5832542  0.5854299  0.6897632  0.6912499  0.6722680  0.6788414  0.6638965  0.6315753  0.6366280  0.6632628  0.6679588  0.6705730  0.6682556
 2  0.5726575  0.5248717  0.4888152  0.5401583  0.5831419  0.5814004  0.5382453  0.4887201  0.4653435  0.4608626  0.4867711  0.5263808  0.5452920  0.5305072  0.5107957  0.5650009  0.6089803  0.6083511  0.5775179  0.5696745  0.5504472  0.5026477  0.5040878  0.5338864  0.5493643  0.5534912  0.5522150
 3  0.7516802  0.7099042  0.6672718  0.6556820  0.7079158  0.7056600  0.6876522  0.6796972  0.6811807  0.6791614  0.6701510  0.6667841  0.6612282  0.6299743  0.6026245  0.5879307  0.7131755  0.7158683  0.6923602  0.6980160  0.6853869  0.6518306  0.6522251  0.6796789  0.6864871  0.6893349  0.6871251
 4  0.4573648  0.4163187  0.3803015  0.4917275  0.5270154  0.4810418  0.3862648  0.3436179  0.3580759  0.3672987  0.4106042  0.4712990  0.4829934  0.4685821  0.4533580  0.5284348  0.5552834  0.5198888  0.4836566  0.4950010  0.4598547  0.3871616  0.4249399  0.4699424  0.4752901  0.4713621  0.4694157
 1  0.7276216  0.6798879  0.6378279  0.6152039  0.6142502  0.6277681  0.6454265  0.6582623  0.6725176  0.6710889  0.6742955  0.6805620  0.6851309  0.6906524  0.6983584  0.6966092  0.6904224  0.6972113  0.6987949  0.6910635  0.6767083  0.6683545  0.6645225  0.6575824  0.6700788  0.6684895  0.6680851
 2  0.5713430  0.5222614  0.4879650  0.4635366  0.4561606  0.4694859  0.4876189  0.5114554  0.5359925  0.5398175  0.5335471  0.5230280  0.5173731  0.5355578  0.5705859  0.5827596  0.5827551  0.5894840  0.5909661  0.5800271  0.5567980  0.5414104  0.5317119  0.5325927  0.5478206  0.5464371  0.5408153
 3  0.7511091  0.7063106  0.6622461  0.6357359  0.6313929  0.6428285  0.6608843  0.6735114  0.6890518  0.6900682  0.6921277  0.6968588  0.7009020  0.7060161  0.7161306  0.7174706  0.7104738  0.7166041  0.7198653  0.7120180  0.6962729  0.6867875  0.6828692  0.6748228  0.6880810  0.6878447  0.6856472
 4  0.4565952  0.4171017  0.3831621  0.3556740  0.3582282  0.3889268  0.4028458  0.4336342  0.4639110  0.4505816  0.4235269  0.4112423  0.4152252  0.4631534  0.5077471  0.5071328  0.5002925  0.5159081  0.5145733  0.4882778  0.4597404  0.4518885  0.4415167  0.4570528  0.4744687  0.4550089  0.4497194
 1  0.7295355  0.6832702  0.6435767  0.6204709  0.5989689  0.6113145  0.5358259  0.5692063  0.6621397  0.6289525  0.5800079  0.6004296  0.6749782  0.6661443  0.6403072  0.6283485  0.6202194  0.5772403  0.6016668  0.6116706  0.6240078  0.6534553  0.6885911  0.7014060  0.6827886  0.6753480  0.6882193
 2  0.5725281  0.5225575  0.4893839  0.4667688  0.4699961  0.5118394  0.4743744  0.5420145  0.5880020  0.5502226  0.5114001  0.5590741  0.5970799  0.5862298  0.5471099  0.5238238  0.5221551  0.5069690  0.5239744  0.5284364  0.5382699  0.5753896  0.6031890  0.6086847  0.5782628  0.5600333  0.5681622
 3  0.7525048  0.7089570  0.6674380  0.6408016  0.6149336  0.6275922  0.5576115  0.5751183  0.6868654  0.6558827  0.6040588  0.6090207  0.6995179  0.6921066  0.6629106  0.6466623  0.6379050  0.5966948  0.6203395  0.6311959  0.6417359  0.6697274  0.7096394  0.7247491  0.7046636  0.6925681  0.7072097
 4  0.4559979  0.4146528  0.3842007  0.3612134  0.4083470  0.4622156  0.4158740  0.5135377  0.5399118  0.4945784  0.4424165  0.5196761  0.5463271  0.5073462  0.4466461  0.4415447  0.4628099  0.4525395  0.4632950  0.4593031  0.4738172  0.5220889  0.5440238  0.5289381  0.4657494  0.4750445  0.4989900
 1  0.7297679  0.6836862  0.6389501  0.6144514  0.6189943  0.6241836  0.6392475  0.6764559  0.6851261  0.6882889  0.6872128  0.6942939  0.6834052  0.6674316  0.6636919  0.6713354  0.6841556  0.6895481  0.6986406  0.6863842  0.6627465  0.6463226  0.6269704  0.5904782  0.5879076  0.6322892  0.6399587
 2  0.5727351  0.5235637  0.4862256  0.4671474  0.4670839  0.4617386  0.5021178  0.5585010  0.5762795  0.5728021  0.5701436  0.5770634  0.5648937  0.5352305  0.5131463  0.5233702  0.5444703  0.5704363  0.5837156  0.5698363  0.5275535  0.4915883  0.4743948  0.4765476  0.5321234  0.5712432  0.5709341
 3  0.7529215  0.7097180  0.6632099  0.6345127  0.6364008  0.6406762  0.6521493  0.6932348  0.7055371  0.7075759  0.7050596  0.7137932  0.7042743  0.6867911  0.6803238  0.6869622  0.7014607  0.7069033  0.7187296  0.7077411  0.6815546  0.6631798  0.6438853  0.6056428  0.6016184  0.6516462  0.6631248
 4  0.4563384  0.4165036  0.3805333  0.3710164  0.3725960  0.3570393  0.4477747  0.5056324  0.4972209  0.4757394  0.4909838  0.5037544  0.4713114  0.4160062  0.4067473  0.4498026  0.4698212  0.5003557  0.5112232  0.4663382  0.4059132  0.3876379  0.3875877  0.4256417  0.4930855  0.5274255  0.5175347
 1  0.7307883  0.6903155  0.6510038  0.6273356  0.6239606  0.6264584  0.6315443  0.6315817  0.6689805  0.7107568  0.6991777  0.6943938  0.6825380  0.6829568  0.6791047  0.6627022  0.6529860  0.6423214  0.6417531  0.6393810  0.6351436  0.6296288  0.6415988  0.6308108  0.6143862  0.6805342  0.7249800
 2  0.5721036  0.5259416  0.4894296  0.4662694  0.4585000  0.4578760  0.4600136  0.4746332  0.5838739  0.6155841  0.6102395  0.5834224  0.5358194  0.5162600  0.5129732  0.5163105  0.5309403  0.5476731  0.5572866  0.5558284  0.5457370  0.5427726  0.5501671  0.5374916  0.5157627  0.6090208  0.6290511
 3  0.7532927  0.7151250  0.6742256  0.6471095  0.6410811  0.6422223  0.6470414  0.6466362  0.6797850  0.7357028  0.7239304  0.7148510  0.6996619  0.6984814  0.6956611  0.6798210  0.6701080  0.6611581  0.6616558  0.6601833  0.6561641  0.6480491  0.6607121  0.6521664  0.6334281  0.6906981  0.7511243
 4  0.4546830  0.4134365  0.3783924  0.3597569  0.3579611  0.3632220  0.3631059  0.4004636  0.5404093  0.5592808  0.5167554  0.4495436  0.4067932  0.4209099  0.4254507  0.4328239  0.4660942  0.4890119  0.4962464  0.4898369  0.4696671  0.4752899  0.4873871  0.4575470  0.4359675  0.5556838  0.5719816
 1  0.7303903  0.6872281  0.6561940  0.6443056  0.6456110  0.6499883  0.6417046  0.6297806  0.6459846  0.6395561  0.6535497  0.6428686  0.6319445  0.6380569  0.6315455  0.6152083  0.6565174  0.6486247  0.6663620  0.6793279  0.6816539  0.6902682  0.6888968  0.6921336  0.6840523  0.6782451  0.6836383
 2  0.5724657  0.5240630  0.4958239  0.4887233  0.4983144  0.5077610  0.4981920  0.5024564  0.5290626  0.5433573  0.5555343  0.5427511  0.5255230  0.5282380  0.5206635  0.5333476  0.5702605  0.5759410  0.5804169  0.5863773  0.5772636  0.5703556  0.5647655  0.5557753  0.5369252  0.5150207  0.5197447
 3  0.7530171  0.7124936  0.6794907  0.6634737  0.6625118  0.6672342  0.6590996  0.6454326  0.6634483  0.6578882  0.6727209  0.6644662  0.6502376  0.6555771  0.6513333  0.6296568  0.6762073  0.6695658  0.6872717  0.7011247  0.7009100  0.7093027  0.7074893  0.7103835  0.7022854  0.6944277  0.6990685
 4  0.4545642  0.4140901  0.3847749  0.3917513  0.4187352  0.4220564  0.4009313  0.4356504  0.4651194  0.4783138  0.4903423  0.4547537  0.4414851  0.4593526  0.4367372  0.4820817  0.5188554  0.5107393  0.5172424  0.5014298  0.4881801  0.4820903  0.4738025  0.4597025  0.4200368  0.4022119  0.4356413
 1  0.7296366  0.6850367  0.6545216  0.6395670  0.6292724  0.6331052  0.6439104  0.6570136  0.6650863  0.6741069  0.6798296  0.6840504  0.6866026  0.6867587  0.7020179  0.7071521  0.7040322  0.7103397  0.7051588  0.6939216  0.6843986  0.6965470  0.7004663  0.7031620  0.7007126  0.6950254  0.6854465
 2  0.5735597  0.5248236  0.4969737  0.4779688  0.4684030  0.4794781  0.5037023  0.5225320  0.5294745  0.5288033  0.5278520  0.5299860  0.5258051  0.5359482  0.5705166  0.5893427  0.5932643  0.5970030  0.5892674  0.5675060  0.5542278  0.5710213  0.5810009  0.5813915  0.5748224  0.5660843  0.5467924
 3  0.7528274  0.7109048  0.6781240  0.6593205  0.6460784  0.6489177  0.6596470  0.6740371  0.6826812  0.6907819  0.6963356  0.7006527  0.7035236  0.7023856  0.7187901  0.7274960  0.7239963  0.7299681  0.7260298  0.7139591  0.7011016  0.7148091  0.7204127  0.7218232  0.7194825  0.7141570  0.7041423
 4  0.4567928  0.4166185  0.3853763  0.3654709  0.3765770  0.4004036  0.4315080  0.4433712  0.4354331  0.4295752  0.4328555  0.4362891  0.4193483  0.4526745  0.5083043  0.5161114  0.5092823  0.5166625  0.5025144  0.4543438  0.4679272  0.5040822  0.4975901  0.4886421  0.4869159  0.4735005  0.4418581
 1  0.7302785  0.6871144  0.6507014  0.6344219  0.6378341  0.6445651  0.6654887  0.6746288  0.6770316  0.6832646  0.6830150  0.6842320  0.6758704  0.6637591  0.6663928  0.6712854  0.6763066  0.6904472  0.6786644  0.6726732  0.6814111  0.7055559  0.7025092  0.6973932  0.6834463  0.6772961  0.6819039
 2  0.5733585  0.5247492  0.4922439  0.4850322  0.4986788  0.5231858  0.5503427  0.5575494  0.5508918  0.5413119  0.5362849  0.5361169  0.5291320  0.5238513  0.5443985  0.5617616  0.5785119  0.5857318  0.5732508  0.5537640  0.5728819  0.5948786  0.5930825  0.5689289  0.5158331  0.4841281  0.4931084
 3  0.7530235  0.7125651  0.6743719  0.6536857  0.6549535  0.6613035  0.6828359  0.6940631  0.6955648  0.7003396  0.6998747  0.7013139  0.6936074  0.6808948  0.6831424  0.6907852  0.6952772  0.7113122  0.6998425  0.6920375  0.6978981  0.7260250  0.7242899  0.7165283  0.6997928  0.6917782  0.6964173
 4  0.4550866  0.4151430  0.3827944  0.3949424  0.4236443  0.4561920  0.4822519  0.4722169  0.4485869  0.4399579  0.4448080  0.4463326  0.4326272  0.4386432  0.4804824  0.4939531  0.5091244  0.5118169  0.4828261  0.4577584  0.5066091  0.5303585  0.4987554  0.4306528  0.3673862  0.3717997  0.4133806
 1  0.7293163  0.6858717  0.6449340  0.6233894  0.6198300  0.6092278  0.5902120  0.5603029  0.5869160  0.6033992  0.6214951  0.6703081  0.6389843  0.6132304  0.5948146  0.5697362  0.5845992  0.5739047  0.4897324  0.6587570  0.7092296  0.6804624  0.6825901  0.6983274  0.6893891  0.6874168  0.6866528
 2  0.5744903  0.5255678  0.4890702  0.4777473  0.4862636  0.4809434  0.4578581  0.4637612  0.5349118  0.5404965  0.5746619  0.5907163  0.5604609  0.5237242  0.4967632  0.4960999  0.5325275  0.5074365  0.4670496  0.6063797  0.6219353  0.5982899  0.5991930  0.5972999  0.5809925  0.5621378  0.5421816
 3  0.7524203  0.7114284  0.6687331  0.6428111  0.6371452  0.6278249  0.6078369  0.5736333  0.6006612  0.6254766  0.6356787  0.6955276  0.6649794  0.6342988  0.6136196  0.5849671  0.5996818  0.5974964  0.5005257  0.6685821  0.7372283  0.7075566  0.7047092  0.7196382  0.7100248  0.7065937  0.7047163
 4  0.4571711  0.4157190  0.3813037  0.3897813  0.4128772  0.3939182  0.3648299  0.4205179  0.4979777  0.4950180  0.5306548  0.5380538  0.4792433  0.4365518  0.4203628  0.4482584  0.4947915  0.4520997  0.4417512  0.5584001  0.5657303  0.5271664  0.5190889  0.5141262  0.4884169  0.4608214  0.4217862
 1  0.7296147  0.6875649  0.6433787  0.6190150  0.6338048  0.6503491  0.6422853  0.6246731  0.6161266  0.6561317  0.6967081  0.7023282  0.6899521  0.6831001  0.6674955  0.6596989  0.6611937  0.6536902  0.6659848  0.6724243  0.6770873  0.6784807  0.6666809  0.6524756  0.6703108  0.6948792  0.6814337
 2  0.5737913  0.5263818  0.4866979  0.4732504  0.4997314  0.5188809  0.5048900  0.4718188  0.4940305  0.5826828  0.6126621  0.6125842  0.5874013  0.5576473  0.5258192  0.5195463  0.5241731  0.5211354  0.5278712  0.5309726  0.5307318  0.5335203  0.5386968  0.5520582  0.5854806  0.6015685  0.5842569
 3  0.7527116  0.7132029  0.6673724  0.6383631  0.6502594  0.6678840  0.6604904  0.6418359  0.6295064  0.6709955  0.7196603  0.7258638  0.7115026  0.7022446  0.6851680  0.6767121  0.6792986  0.6715177  0.6831119  0.6896260  0.6938628  0.6955448  0.6843173  0.6715017  0.6891835  0.7170827  0.7044999
 4  0.4563463  0.4165652  0.3769667  0.3858707  0.4315192  0.4385881  0.4001336  0.3604736  0.4453575  0.5399922  0.5509149  0.5293651  0.4839066  0.4453207  0.4268800  0.4407455  0.4386092  0.4334573  0.4390638  0.4379663  0.4385152  0.4457088  0.4676677  0.4938260  0.5267703  0.5340989  0.4937593
 1  0.7292546  0.6838715  0.6360236  0.6108034  0.6149935  0.6208626  0.6390003  0.6575450  0.6569523  0.6597018  0.6660462  0.6631864  0.6801874  0.7029632  0.6930965  0.6913470  0.6883382  0.6841313  0.6745940  0.6636293  0.6608527  0.6675859  0.6648522  0.6709881  0.6937592  0.6890169  0.6861635
 2  0.5718989  0.5240255  0.4845918  0.4688725  0.4771178  0.4880473  0.5113629  0.5280473  0.5260807  0.5278456  0.5349018  0.5329891  0.5697630  0.5938646  0.5905610  0.5806841  0.5723850  0.5610773  0.5383400  0.5163982  0.5265048  0.5512336  0.5529515  0.5674669  0.5868247  0.5846662  0.5732737
 3  0.7524902  0.7101030  0.6605881  0.6306847  0.6322451  0.6377245  0.6546598  0.6749509  0.6749230  0.6765939  0.6842340  0.6812536  0.6957940  0.7238866  0.7146130  0.7109654  0.7081376  0.7035617  0.6933730  0.6810077  0.6762105  0.6864440  0.6852543  0.6876399  0.7140095  0.7105245  0.7055171
 4  0.4556608  0.4177696  0.3793851  0.3792739  0.3977742  0.4092627  0.4402090  0.4473380  0.4342189  0.4480281  0.4515541  0.4454652  0.5100542  0.5289742  0.5036358  0.4937582  0.4870131  0.4673716  0.4315992  0.4099511  0.4617765  0.4880457  0.4634217  0.4991142  0.5217306  0.4981014  0.4814142
 1  0.7268804  0.6806550  0.6334474  0.6067801  0.6134794  0.6236630  0.6344749  0.6454525  0.6682792  0.6764674  0.6786436  0.6915676  0.6893080  0.6860277  0.6845806  0.6992933  0.7248779  0.7118323  0.6910064  0.6887479  0.6885992  0.6838514  0.6869421  0.6944465  0.7009161  0.6877918  0.6703444
 2  0.5720317  0.5242663  0.4843448  0.4601329  0.4594296  0.4601314  0.4587054  0.4802251  0.5289056  0.5529248  0.5672620  0.5769151  0.5711285  0.5489511  0.5219791  0.5784015  0.6123455  0.6110579  0.5745915  0.5451267  0.5307790  0.5175937  0.5203665  0.5441383  0.5655426  0.5590026  0.5300809
 3  0.7507258  0.7072833  0.6581427  0.6270601  0.6306959  0.6395609  0.6495554  0.6595062  0.6834373  0.6954940  0.6969767  0.7108899  0.7095513  0.7044332  0.7009265  0.7121922  0.7473896  0.7355488  0.7111073  0.7056780  0.7054580  0.7004420  0.7027018  0.7096836  0.7192317  0.7080225  0.6887777
 4  0.4578270  0.4187493  0.3781345  0.3610117  0.3634547  0.3616279  0.3537213  0.4055479  0.4711182  0.4792172  0.4903223  0.5009746  0.4750606  0.4269712  0.3959712  0.5261519  0.5559742  0.5167636  0.4460491  0.4346153  0.4324909  0.4137891  0.4160645  0.4706830  0.4947167  0.4592360  0.4108701
 1  0.7276814  0.6791530  0.5975926  0.5428068  0.6229385  0.6393093  0.6347142  0.6541322  0.6510798  0.6328599  0.6437262  0.6640269  0.6649487  0.6633723  0.6758881  0.6701607  0.6825157  0.7053601  0.6913067  0.6848257  0.6684020  0.6533043  0.6502111  0.6443837  0.6605968  0.6622667  0.6619417
 2  0.5706466  0.5224671  0.4608911  0.4749298  0.5468868  0.5566830  0.5510434  0.5596210  0.5469965  0.5108165  0.5104172  0.5308137  0.5386377  0.5493583  0.5599384  0.5497463  0.5704673  0.5904616  0.5821789  0.5649001  0.5470807  0.5346342  0.5219506  0.5124173  0.5242458  0.5246139  0.5117221
 3  0.7513709  0.7061079  0.6235020  0.5565050  0.6400270  0.6612696  0.6535611  0.6737769  0.6727347  0.6522160  0.6595615  0.6807201  0.6831773  0.6810801  0.6953298  0.6898942  0.6984003  0.7257377  0.7128348  0.7039288  0.6872934  0.6727411  0.6696892  0.6613603  0.6770921  0.6806777  0.6791450
 4  0.4564608  0.4193534  0.3685105  0.4404883  0.5013625  0.4836318  0.4808565  0.4930655  0.4540340  0.4005939  0.4289110  0.4598418  0.4597835  0.4779136  0.4818477  0.4520804  0.5027646  0.5236619  0.4900394  0.4674393  0.4644966  0.4549255  0.4207768  0.4221872  0.4485296  0.4307124  0.3988970
 1  0.7288869  0.6824357  0.6528876  0.6411775  0.6400897  0.6687581  0.6740080  0.6722049  0.6678577  0.6702085  0.6677974  0.6577800  0.6319123  0.6256433  0.6070070  0.5737581  0.6426438  0.6458226  0.6673358  0.6781823  0.6844782  0.6930254  0.7048552  0.7046937  0.6985379  0.7099032  0.6932261
 2  0.5722694  0.5237251  0.4981985  0.4791262  0.4999033  0.5448704  0.5553648  0.5401949  0.5175140  0.5142725  0.5143790  0.5127483  0.5235154  0.5535790  0.5313942  0.5271678  0.5675160  0.5754191  0.5801660  0.5805039  0.5636479  0.5468484  0.5513010  0.5546313  0.5780012  0.5977243  0.5868950
 3  0.7523135  0.7088855  0.6768672  0.6610956  0.6550945  0.6856251  0.6938707  0.6904705  0.6842715  0.6864737  0.6846588  0.6752234  0.6480354  0.6446301  0.6313932  0.5870044  0.6628998  0.6669250  0.6882244  0.6996375  0.7036143  0.7091912  0.7207735  0.7225024  0.7153422  0.7311062  0.7161667
 4  0.4564181  0.4182524  0.3871313  0.3604113  0.4370811  0.4879893  0.4663085  0.4216018  0.4129267  0.4256586  0.4273575  0.4229377  0.4682206  0.5080790  0.4603261  0.4849805  0.5168243  0.5094681  0.5121087  0.4898086  0.4437817  0.4366686  0.4671364  0.4674974  0.5105475  0.5331702  0.4928587
 1  0.7293529  0.6853443  0.6593458  0.6514528  0.6548532  0.6662139  0.6687927  0.6712151  0.6707006  0.6759642  0.6729147  0.6646782  0.6564349  0.6456532  0.6620451  0.6977656  0.7030537  0.7038402  0.6969179  0.6876201  0.6766681  0.6648368  0.6699859  0.6760169  0.6781744  0.6766670  0.6807454
 2  0.5733252  0.5247888  0.5005217  0.4945014  0.5145152  0.5361115  0.5354622  0.5162987  0.4998619  0.5084591  0.5181903  0.5199337  0.5144402  0.5236774  0.5748705  0.6061077  0.6082140  0.5985128  0.5768754  0.5585396  0.5356429  0.5149688  0.5161658  0.5257508  0.5340957  0.5430406  0.5634110
 3  0.7524326  0.7110250  0.6826233  0.6704407  0.6710710  0.6841505  0.6873519  0.6879751  0.6856684  0.6912958  0.6898017  0.6817841  0.6739569  0.6618431  0.6776301  0.7194876  0.7257236  0.7241186  0.7163745  0.7069525  0.6950486  0.6821698  0.6861959  0.6924297  0.6954802  0.6938619  0.6985655
 4  0.4564886  0.4159843  0.3876034  0.3943222  0.4461502  0.4623943  0.4302203  0.3859727  0.3973215  0.4280284  0.4319436  0.4291399  0.4230291  0.4577078  0.5267903  0.5438492  0.5240158  0.5004490  0.4844359  0.4614486  0.4296351  0.4123273  0.4250108  0.4430078  0.4468709  0.4637050  0.4977956
 1  0.7305986  0.6873949  0.6537013  0.6365294  0.6297820  0.6414535  0.6479406  0.6614619  0.6676590  0.6622044  0.6550276  0.6456488  0.6476736  0.6857300  0.6850639  0.6809123  0.6770133  0.6868751  0.6734291  0.6615746  0.6514280  0.6383521  0.6602200  0.6590492  0.6591648  0.6689919  0.6783157
 2  0.5717957  0.5249263  0.4952031  0.4739039  0.4712458  0.4914941  0.5131872  0.5380085  0.5494877  0.5416474  0.5225950  0.5025649  0.5508654  0.5945978  0.5953263  0.5723326  0.5529333  0.5633219  0.5583430  0.5483740  0.5329517  0.5264911  0.5436514  0.5400977  0.5329317  0.5443603  0.5648001
 3  0.7533970  0.7131027  0.6773979  0.6564153  0.6462098  0.6571457  0.6642901  0.6781161  0.6864238  0.6815977  0.6734987  0.6630787  0.6602035  0.7078719  0.7091866  0.7009576  0.6936198  0.7055270  0.6937116  0.6812705  0.6713396  0.6558133  0.6784839  0.6788272  0.6763767  0.6863900  0.6965755
 4  0.4545695  0.4166784  0.3836890  0.3598367  0.3852013  0.4171822  0.4399481  0.4678229  0.4726776  0.4496029  0.4203120  0.4035826  0.5062577  0.5423493  0.5046228  0.4505889  0.4701589  0.4938957  0.4784203  0.4651328  0.4413320  0.4545671  0.4728413  0.4453743  0.4445999  0.4724244  0.4958694
 1  0.7296065  0.6848393  0.6333454  0.6002992  0.6179570  0.6382732  0.6454374  0.6497438  0.6513968  0.6647653  0.6988694  0.6948298  0.6880581  0.6860616  0.6721889  0.6750337  0.6747202  0.6686109  0.6745025  0.6780371  0.6851559  0.6966607  0.6969332  0.6933343  0.6995567  0.6961993  0.6971020
 2  0.5709990  0.5240058  0.4817574  0.4658057  0.4958569  0.5175880  0.5165926  0.5027212  0.4935700  0.5529599  0.5991032  0.6003512  0.5828895  0.5525770  0.5227329  0.5364467  0.5450095  0.5371272  0.5353090  0.5335142  0.5445873  0.5656796  0.5693877  0.5654772  0.5628513  0.5506329  0.5280152
 3  0.7526389  0.7107676  0.6578360  0.6199756  0.6344999  0.6559004  0.6634133  0.6666098  0.6672410  0.6781396  0.7198924  0.7186687  0.7096642  0.7045572  0.6880553  0.6919583  0.6940375  0.6868059  0.6917513  0.6955048  0.7015086  0.7143325  0.7165290  0.7114566  0.7177340  0.7144256  0.7133449
 4  0.4553632  0.4168830  0.3780515  0.3858621  0.4316005  0.4422124  0.4182114  0.3920837  0.3996639  0.5072028  0.5441461  0.5212324  0.4727505  0.4209583  0.4317587  0.4710018  0.4577671  0.4386787  0.4431061  0.4396454  0.4648014  0.4927733  0.4794685  0.4718962  0.4700341  0.4376151  0.3933418
 1  0.7282144  0.6833298  0.6363642  0.6084986  0.6276351  0.6411495  0.6407174  0.6383040  0.6403215  0.6443842  0.6773424  0.6809204  0.6784526  0.6852700  0.6683352  0.6499565  0.6310856  0.6609717  0.6873831  0.6938639  0.6799624  0.6700780  0.6644918  0.6583535  0.6747060  0.6666856  0.6606512
 2  0.5716742  0.5239913  0.4841461  0.4743477  0.5036903  0.5177173  0.5062812  0.4881217  0.4812704  0.5303721  0.5802315  0.5892268  0.5839643  0.5807778  0.5549687  0.5089482  0.5094029  0.5800397  0.6037530  0.6009465  0.5702833  0.5371855  0.5173404  0.5331516  0.5595912  0.5558286  0.5464982
 3  0.7515257  0.7093806  0.6607342  0.6276974  0.6445169  0.6593807  0.6585732  0.6547605  0.6561657  0.6576699  0.6970482  0.7032541  0.6981760  0.7064619  0.6898883  0.6686421  0.6448062  0.6784430  0.7101219  0.7164627  0.7010680  0.6882138  0.6813119  0.6747783  0.6935974  0.6876827  0.6791884
 4  0.4562747  0.4167053  0.3780408  0.3971009  0.4380187  0.4348979  0.4005751  0.3836322  0.3890787  0.4850300  0.5279873  0.5103056  0.5079970  0.5034275  0.4478752  0.3791979  0.4551155  0.5359722  0.5376335  0.5133588  0.4590581  0.4252593  0.4270686  0.4705903  0.4942373  0.4672094  0.4597761
 1  0.7303159  0.6867748  0.6508331  0.6321717  0.6208788  0.6365533  0.6644380  0.6638910  0.6504295  0.6510285  0.6613463  0.6572173  0.6577307  0.6643407  0.6792418  0.6927126  0.6886166  0.6855589  0.6890818  0.6919264  0.6941021  0.7004026  0.6940766  0.6828777  0.6884737  0.6870910  0.6857283
 2  0.5706112  0.5239103  0.4929790  0.4706105  0.4634428  0.5098457  0.5487739  0.5494295  0.5291956  0.5338378  0.5449967  0.5385484  0.5363902  0.5469396  0.5692539  0.5827389  0.5781960  0.5676677  0.5576968  0.5461247  0.5500121  0.5695724  0.5703048  0.5588687  0.5519229  0.5341529  0.5218734
 3  0.7531030  0.7126017  0.6747406  0.6521895  0.6374546  0.6506972  0.6824683  0.6839929  0.6685165  0.6683058  0.6803445  0.6764818  0.6756008  0.6820536  0.6974902  0.7125252  0.7089324  0.7050339  0.7077247  0.7090506  0.7100321  0.7185200  0.7142637  0.7017579  0.7065926  0.7048302  0.7009453
 4  0.4535079  0.4164784  0.3820648  0.3566717  0.3776127  0.4590394  0.4858849  0.4555446  0.4377619  0.4650806  0.4693608  0.4494926  0.4525753  0.4761960  0.5014968  0.5074045  0.4921033  0.4756098  0.4544528  0.4382568  0.4712848  0.4995489  0.4821810  0.4628603  0.4528092  0.4125394  0.4230503
 1  0.7303754  0.6851955  0.6446686  0.6225875  0.6054885  0.6052674  0.6528134  0.6669705  0.6499269  0.6455530  0.6378286  0.6363208  0.6617072  0.6821466  0.6762271  0.6744714  0.6670179  0.6609046  0.6551063  0.6557886  0.7009574  0.6969686  0.6868379  0.6940945  0.6960689  0.6954702  0.6924859
 2  0.5696476  0.5227441  0.4896574  0.4691028  0.4531079  0.4892964  0.5471911  0.5610636  0.5400827  0.5298375  0.5265027  0.5393756  0.5717919  0.5841446  0.5658643  0.5363652  0.5023519  0.4916143  0.5023420  0.5778635  0.6121132  0.6120244  0.5902563  0.5788648  0.5675094  0.5443321  0.5182454
 3  0.7531583  0.7110985  0.6688138  0.6428047  0.6230420  0.6189473  0.6691138  0.6874215  0.6690553  0.6636961  0.6569103  0.6528885  0.6803437  0.7035172  0.6966852  0.6924356  0.6833890  0.6763620  0.6718246  0.6674130  0.7254848  0.7219197  0.7074082  0.7135593  0.7153781  0.7126638  0.7083345
 4  0.4536058  0.4163692  0.3826886  0.3650112  0.3608799  0.4420417  0.4952444  0.4783395  0.4491510  0.4536511  0.4487590  0.4810835  0.5142443  0.5051387  0.4579025  0.4109014  0.3865605  0.4046670  0.4255180  0.5326257  0.5582439  0.5255736  0.4940582  0.4912366  0.4629819  0.4196881  0.3885396
 1  0.7307392  0.6865300  0.6319050  0.5967607  0.6049102  0.6170826  0.6223748  0.6387362  0.6525747  0.6607029  0.6777341  0.6763153  0.6800272  0.7013250  0.6999746  0.6971633  0.7007231  0.6987806  0.6903012  0.6870631  0.6858701  0.6773712  0.6730119  0.6742977  0.6709299  0.6691962  0.6661312
 2  0.5709265  0.5237572  0.4795819  0.4603421  0.4818639  0.4971712  0.5049352  0.5222998  0.5363282  0.5504259  0.5633407  0.5558294  0.5633848  0.5870004  0.5922547  0.5885080  0.5883432  0.5825702  0.5641639  0.5521081  0.5469074  0.5346258  0.5237698  0.5185677  0.5158206  0.5248894  0.5348344
 3  0.7534590  0.7122673  0.6564417  0.6167051  0.6216527  0.6347985  0.6395038  0.6552778  0.6709817  0.6781497  0.6968361  0.6963137  0.6961732  0.7206079  0.7214347  0.7167742  0.7206144  0.7193147  0.7095432  0.7046491  0.7037406  0.6957504  0.6901404  0.6909072  0.6875676  0.6854662  0.6842934
 4  0.4540021  0.4161973  0.3767229  0.3776351  0.4158631  0.4214907  0.4265515  0.4538673  0.4595353  0.4793944  0.4883573  0.4542210  0.4892511  0.5240959  0.5108334  0.5037885  0.5099035  0.4925932  0.4606254  0.4571244  0.4588173  0.4346592  0.4204355  0.4207918  0.4232054  0.4480476  0.4574682
 1  0.7295925  0.6820493  0.6279876  0.5955333  0.6088204  0.6103828  0.6121130  0.6255554  0.6525568  0.6579940  0.6627634  0.6757861  0.6707662  0.6795498  0.6770109  0.6560680  0.6329299  0.6506625  0.6570859  0.6565578  0.6598677  0.6582852  0.6605493  0.6774775  0.7100058  0.7119227  0.6945805
 2  0.5730097  0.5230653  0.4801553  0.4669578  0.4838459  0.4768697  0.4578979  0.4738569  0.5222167  0.5437643  0.5624471  0.5712702  0.5677197  0.5722682  0.5674953  0.5387575  0.5227915  0.5600263  0.5696241  0.5650342  0.5606754  0.5525464  0.5473278  0.5821512  0.6159991  0.6184615  0.6029134
 3  0.7529158  0.7084089  0.6528115  0.6151978  0.6264055  0.6289269  0.6285060  0.6393266  0.6682635  0.6770898  0.6811552  0.6963254  0.6911305  0.6981337  0.6980161  0.6773949  0.6493242  0.6687863  0.6792976  0.6770492  0.6800076  0.6785055  0.6794570  0.6933678  0.7313096  0.7369667  0.7173456
 4  0.4567029  0.4175895  0.3793773  0.3905139  0.4095386  0.3757079  0.3440608  0.4061535  0.4663428  0.4742470  0.4947257  0.4988163  0.4839817  0.4984110  0.4894473  0.4327581  0.4546340  0.5108900  0.4994488  0.4880555  0.4845049  0.4695469  0.4630684  0.5243026  0.5577285  0.5475919  0.5158822
 1  0.7290320  0.6819098  0.6288928  0.5923191  0.5933166  0.6379536  0.6443238  0.6490781  0.6922407  0.6941263  0.6857026  0.6835433  0.6740729  0.6607881  0.6585792  0.6680788  0.6463440  0.5747391  0.4854489  0.6473173  0.6184232  0.5614731  0.6249790  0.6617377  0.6497076  0.6937305  0.6925478
 2  0.5710038  0.5224872  0.4807366  0.4500572  0.4817335  0.5333947  0.5362160  0.5542276  0.5857098  0.5886890  0.5643778  0.5374132  0.5004065  0.4586266  0.4876661  0.5506508  0.5532553  0.4926116  0.4784539  0.5768438  0.5466983  0.5181701  0.5742207  0.5858524  0.5882142  0.6086179  0.6026107
 3  0.7522313  0.7082204  0.6537005  0.6132165  0.6080223  0.6547309  0.6650836  0.6639911  0.7116897  0.7158406  0.7049245  0.7010732  0.6907396  0.6758812  0.6719186  0.6847774  0.6689608  0.5966975  0.4878050  0.6702041  0.6435067  0.5774466  0.6396979  0.6865353  0.6693401  0.7177138  0.7159242
 4  0.4554349  0.4173099  0.3797795  0.3527343  0.4305656  0.4801823  0.4432673  0.4899427  0.5258356  0.4985194  0.4502156  0.4165309  0.3676828  0.3325488  0.4275135  0.5022948  0.4842980  0.4187515  0.4624286  0.5303460  0.4902351  0.4791540  0.5329089  0.5326621  0.5341011  0.5442129  0.5078594
 1  0.7297245  0.6833959  0.6367536  0.6089497  0.6144409  0.6250630  0.6376735  0.6487102  0.6556116  0.6636857  0.6715731  0.6660009  0.6792245  0.7022269  0.7020123  0.6995265  0.6955708  0.6835473  0.6704565  0.6661092  0.6622723  0.6666606  0.6792816  0.6886867  0.6813270  0.6854762  0.6890676
 2  0.5712080  0.5231943  0.4854604  0.4625295  0.4628119  0.4660944  0.4720212  0.4782115  0.4881957  0.5163956  0.5402431  0.5460000  0.5813444  0.6047721  0.6045121  0.5929544  0.5742384  0.5539764  0.5292115  0.5221784  0.5325258  0.5583345  0.5810760  0.5855216  0.5670089  0.5590168  0.5556018
 3  0.7528725  0.7096515  0.6612961  0.6293248  0.6317594  0.6409873  0.6528117  0.6640616  0.6708489  0.6792717  0.6897086  0.6848292  0.6957504  0.7242264  0.7251786  0.7192594  0.7147553  0.7035073  0.6882091  0.6830608  0.6796188  0.6838845  0.6994567  0.7100731  0.7009939  0.7029150  0.7076015
 4  0.4552588  0.4175536  0.3808999  0.3644571  0.3684047  0.3717131  0.3777556  0.3793578  0.3995865  0.4489208  0.4664892  0.4665267  0.5230724  0.5437008  0.5170228  0.4926451  0.4869761  0.4516126  0.4252154  0.4364462  0.4592598  0.4994366  0.5167336  0.4986203  0.4634563  0.4706312  0.4691138
 1  0.7288970  0.6851856  0.6314678  0.5969381  0.5820723  0.5278410  0.5914985  0.6497021  0.6555518  0.6545320  0.6592804  0.6725058  0.6944217  0.6934140  0.6901391  0.6970361  0.6935625  0.6860063  0.6808116  0.6750852  0.6508040  0.6370288  0.6646592  0.6689602  0.6654159  0.6866201  0.6854948
 2  0.5725989  0.5252925  0.4791583  0.4608985  0.4679007  0.4629367  0.5357279  0.5718247  0.5684430  0.5468969  0.5261389  0.5438785  0.5742184  0.5803849  0.5775808  0.5816963  0.5774492  0.5643848  0.5542966  0.5451845  0.5224718  0.5426073  0.5763327  0.5760543  0.5731101  0.5811966  0.5757228
 3  0.7521482  0.7109017  0.6557856  0.6166128  0.5993162  0.5442448  0.6038978  0.6705261  0.6783207  0.6746309  0.6769169  0.6878120  0.7130302  0.7143073  0.7089093  0.7162530  0.7142700  0.7051898  0.6990862  0.6942113  0.6693855  0.6524398  0.6850013  0.6916008  0.6840827  0.7067227  0.7065313
 4  0.4571183  0.4161795  0.3749103  0.3801730  0.4050921  0.4183850  0.4959869  0.5157044  0.4823664  0.4384990  0.4201182  0.4785850  0.5121558  0.4942163  0.4914781  0.5072097  0.4903699  0.4678443  0.4684993  0.4540414  0.4349808  0.4927696  0.5200442  0.4929308  0.4967531  0.5108080  0.4813098
 1  0.7299151  0.6847284  0.6397623  0.6087630  0.6081948  0.6391136  0.6407247  0.6374070  0.6417229  0.6457948  0.6479287  0.6518699  0.6945495  0.7017135  0.6874400  0.6817939  0.6706472  0.6671739  0.6698561  0.6644237  0.6728074  0.6737117  0.6689422  0.6653840  0.6627308  0.6655209  0.6790973
 2  0.5719803  0.5233381  0.4861422  0.4559178  0.4735598  0.5141015  0.5218284  0.5156539  0.5291055  0.5449772  0.5442668  0.5644577  0.5968478  0.6024815  0.5788975  0.5536950  0.5345780  0.5362085  0.5399391  0.5407713  0.5612363  0.5691497  0.5578864  0.5297735  0.4960040  0.5007839  0.5428541
 3  0.7527795  0.7104792  0.6639248  0.6294622  0.6239016  0.6551823  0.6597570  0.6546570  0.6584641  0.6647098  0.6683754  0.6679896  0.7144004  0.7241817  0.7083356  0.7004299  0.6882903  0.6847378  0.6888564  0.6820490  0.6901228  0.6950699  0.6900338  0.6838832  0.6791498  0.6798012  0.6962115
 4  0.4551191  0.4156233  0.3813226  0.3494319  0.4083269  0.4539063  0.4363839  0.4299110  0.4651751  0.4816881  0.4622995  0.5032489  0.5370931  0.5214672  0.4745913  0.4468273  0.4453698  0.4624502  0.4515278  0.4575249  0.5003265  0.4976010  0.4549312  0.4029474  0.3689552  0.4295897  0.4845612
 1  0.7309689  0.6872780  0.6388166  0.6077561  0.6090990  0.6212300  0.6460527  0.6533667  0.6665162  0.6667358  0.6799506  0.6894482  0.6896033  0.6912195  0.6947535  0.6997880  0.6995388  0.7034189  0.7047649  0.6946288  0.6792148  0.6773292  0.6766117  0.6849415  0.6730779  0.6777189  0.6718203
 2  0.5716721  0.5240787  0.4839648  0.4600325  0.4620874  0.4911064  0.5304794  0.5512932  0.5587298  0.5554869  0.5628666  0.5652258  0.5535087  0.5289113  0.5152143  0.5225657  0.5508511  0.5873559  0.5992330  0.5868341  0.5529346  0.5301090  0.5412744  0.5617874  0.5683453  0.5715785  0.5653542
 3  0.7536761  0.7129757  0.6631186  0.6279924  0.6263591  0.6362035  0.6623517  0.6721890  0.6862117  0.6859877  0.6978485  0.7085583  0.7083214  0.7075580  0.7095391  0.7153064  0.7159449  0.7221603  0.7270893  0.7167377  0.6985075  0.6940231  0.6926161  0.7040611  0.6927770  0.6981930  0.6927639
 4  0.4539400  0.4161248  0.3781357  0.3642326  0.3750850  0.4292305  0.4719432  0.4836323  0.4787468  0.4690150  0.4840552  0.4791986  0.4371094  0.3940385  0.4066736  0.4354118  0.4814958  0.5264105  0.5276875  0.4857528  0.4319038  0.4268309  0.4757153  0.4933571  0.4950713  0.4989194  0.4773818
 1  0.7301943  0.6870094  0.6500120  0.6306978  0.6266452  0.6329220  0.6470850  0.6508218  0.6557295  0.6674866  0.6751698  0.6824527  0.6847938  0.6952623  0.6871159  0.6780771  0.6484802  0.6082608  0.6702694  0.6547258  0.6694533  0.6610349  0.6530956  0.6729672  0.6711796  0.6738838  0.6676852
 2  0.5734017  0.5246388  0.4916175  0.4677500  0.4482705  0.4505997  0.4873533  0.5192168  0.5443272  0.5653738  0.5793834  0.5795504  0.5772771  0.5725321  0.5555606  0.5326558  0.4906688  0.5279427  0.5871763  0.5832861  0.5811562  0.5626971  0.5444710  0.5543103  0.5636141  0.5646825  0.5539563
 3  0.7529447  0.7122838  0.6735436  0.6509017  0.6439651  0.6472784  0.6613735  0.6682457  0.6733399  0.6864627  0.6951901  0.7036214  0.7045144  0.7139266  0.7060315  0.6961839  0.6663183  0.6182093  0.6922181  0.6773008  0.6916461  0.6838111  0.6705586  0.6905942  0.6906304  0.6934923  0.6884395
 4  0.4555068  0.4143987  0.3832876  0.3522652  0.3260110  0.3607544  0.4252468  0.4515187  0.4777214  0.5009392  0.5108186  0.4995249  0.4864485  0.4803462  0.4572806  0.4215049  0.3811778  0.4947035  0.5377547  0.5165120  0.5115054  0.4599694  0.4563436  0.4864766  0.4905663  0.4895604  0.4591167
 1  0.7279256  0.6825337  0.6469926  0.6297345  0.6326848  0.6461909  0.6525991  0.6598629  0.6757311  0.6878594  0.6842069  0.6803731  0.6787356  0.6863673  0.6889001  0.6847092  0.6788788  0.6775851  0.6897691  0.6970661  0.7017204  0.7063011  0.7037076  0.6970903  0.6892398  0.6844887  0.6806339
 2  0.5728958  0.5247955  0.4927574  0.4728314  0.4750050  0.4865731  0.4898193  0.4978640  0.5270602  0.5487325  0.5472445  0.5350578  0.5378368  0.5623340  0.5746791  0.5687755  0.5499251  0.5440638  0.5648800  0.5823509  0.5897710  0.5896276  0.5774119  0.5538640  0.5169872  0.4928574  0.5314773
 3  0.7515529  0.7087541  0.6709631  0.6496198  0.6492760  0.6620811  0.6686100  0.6749970  0.6909828  0.7054297  0.7026433  0.6978902  0.6950923  0.7041646  0.7092081  0.7048338  0.6977147  0.6946807  0.7070439  0.7168109  0.7217726  0.7256288  0.7232025  0.7154846  0.7054834  0.6992560  0.6948857
 4  0.4580642  0.4175484  0.3823141  0.3647927  0.3857112  0.3980158  0.3893895  0.4068081  0.4564047  0.4702578  0.4487538  0.4281579  0.4589453  0.4988695  0.4985040  0.4734741  0.4453344  0.4588707  0.4985255  0.5110335  0.5055770  0.5006369  0.4790409  0.4291899  0.3768587  0.3782722  0.4794444
 1  0.7294668  0.6874883  0.6454239  0.6195601  0.6054295  0.6096139  0.6555494  0.6488369  0.6377056  0.6518373  0.6740107  0.6704250  0.6777807  0.6815938  0.6851541  0.6946157  0.6849195  0.6777068  0.6762436  0.6806756  0.6855425  0.6836237  0.6864041  0.6831895  0.6774968  0.6725892  0.6739993
 2  0.5714501  0.5257168  0.4882917  0.4643262  0.4551250  0.5039882  0.5567644  0.5505666  0.5316272  0.5501072  0.5691591  0.5634206  0.5530685  0.5329152  0.5281168  0.5473479  0.5549175  0.5501006  0.5503200  0.5551054  0.5569819  0.5570813  0.5583016  0.5587216  0.5511623  0.5520701  0.5620372
 3  0.7524214  0.7130224  0.6692493  0.6394917  0.6225947  0.6228066  0.6737861  0.6712371  0.6566188  0.6683439  0.6941798  0.6909736  0.6966485  0.6988962  0.7000844  0.7117270  0.7040069  0.6965130  0.6948255  0.6985114  0.7043295  0.7018164  0.7045031  0.7023282  0.6964721  0.6906051  0.6930584
 4  0.4553545  0.4161760  0.3782505  0.3615950  0.3696040  0.4612397  0.5035000  0.4626294  0.4422616  0.4904214  0.5006255  0.4738105  0.4443007  0.4096089  0.4427532  0.4760610  0.4709975  0.4631549  0.4626751  0.4749836  0.4709322  0.4681484  0.4777775  0.4745500  0.4616524  0.4750746  0.4940518
