              Isim, Ftarg, Btarg
   1 2019          0.3977734     129364.7079738      33266.1582637
   1 2021          0.3743750     129541.1511505      32174.5653627
   1 2023          0.3948486     128966.7856522      32965.5628808
   1 2025          0.3860742     129318.3396008      32858.6854357
   1 2027          0.4006982     129020.7489160      33394.1507651
   1 2029          0.3977734     129108.5756805      33449.6456943
   1 2031          0.3977734     128963.5314413      33332.4883482
   1 2033          0.3948486     129164.4934741      33312.4421032
   1 2035          0.3977734     129370.8440929      33536.6720403
   1 2037          0.3919238     129216.9988157      33218.8830575
   1 2039          0.3977734     128957.2586540      33087.5259343
   1 2041          0.3889990     129422.6362065      32909.1285423
   1 2043          0.3977734     128844.4238818      33240.1382209
   2 2019          0.3977734     129469.0111469      33292.9798437
   2 2021          0.3831494     129213.8189915      32478.7639633
   2 2023          0.3919238     129255.3939371      32967.1435547
   2 2025          0.4006982     129150.0593748      33396.3741468
   2 2027          0.3977734     129522.4475088      33388.1672134
   2 2029          0.3948486     129459.7461943      33230.9027544
   2 2031          0.3889990     129516.8955461      32814.4789944
   2 2033          0.3977734     129523.2951937      33152.4125924
   2 2035          0.4036230     129592.1636504      33412.8590673
   2 2037          0.3948486     129131.9662086      33187.7860873
   2 2039          0.3977734     129418.2313254      33537.1753394
   2 2041          0.3889990     129290.9481155      33189.9808998
   2 2043          0.3860742     129163.6421115      32833.9800617
   3 2019          0.3977734     126174.4695404      32445.7878684
   3 2021          0.3802246     125844.8833333      31617.8062077
   3 2023          0.3831494     126082.5829255      31759.1028438
   3 2025          0.3948486     125824.5245990      32461.8195947
   3 2027          0.3977734     126105.1248826      32603.5112567
   3 2029          0.3977734     125849.4048123      32585.8069772
   3 2031          0.3919238     126181.6352208      32475.9831754
   3 2033          0.4006982     126042.1714993      32550.5039047
   3 2035          0.3977734     125872.3940003      32673.1577583
   3 2037          0.3860742     126072.3287742      32138.9024173
   3 2039          0.3977734     126254.7852430      32530.6742340
   3 2041          0.3977734     125677.0479867      32672.1659854
   3 2043          0.3977734     126060.2868509      32582.7320926
   4 2019          0.3977734     130062.4602355      33445.5853851
   4 2021          0.3772998     129760.0545263      32233.2008126
   4 2023          0.3977734     129548.6148629      33361.1663689
   4 2025          0.3597510     130013.0144475      31623.9114240
   4 2027          0.3919238     130251.5574131      33114.5792935
   4 2029          0.4006982     130024.8563125      33538.0956282
   4 2031          0.3977734     129653.2328857      33440.6139955
   4 2033          0.3802246     130071.7575592      32713.8624081
   4 2035          0.3977734     129998.4988855      33469.7303600
   4 2037          0.4036230     129709.4570776      33864.0751716
   4 2039          0.4036230     129540.2937037      33866.8817238
   4 2041          0.3919238     129926.8097689      33540.5910221
   4 2043          0.3860742     129902.1327650      32960.5351036
   5 2019          0.3977734     132022.6405581      33949.6461128
   5 2021          0.3802246     131854.3601587      33007.7036841
   5 2023          0.3831494     131635.2004424      33178.4587283
   5 2025          0.3831494     132089.3844588      33375.4375842
   5 2027          0.3977734     131563.4928438      34188.8976888
   5 2029          0.3889990     131974.7363499      33942.7734674
   5 2031          0.3948486     131664.9695386      33932.0199192
   5 2033          0.4006982     131856.1357327      34256.8672805
   5 2035          0.3977734     132112.3084375      34275.5918935
   5 2037          0.3889990     131722.4646214      33871.0445183
   5 2039          0.3889990     131546.9467767      33470.3275792
   5 2041          0.3948486     132144.3015088      34040.8674042
   5 2043          0.3919238     131687.1253876      33991.6478055
   6 2019          0.3977734     133346.2118586      34290.0027143
   6 2021          0.3802246     133083.5186600      33500.8747566
   6 2023          0.3860742     133158.0073788      33805.2594407
   6 2025          0.3948486     132912.9022534      34285.5760111
   6 2027          0.3977734     132927.0008339      34428.2390951
   6 2029          0.3977734     133098.1265024      34434.7059459
   6 2031          0.4006982     132942.4988214      34327.1706157
   6 2033          0.3977734     133483.9677072      34457.4952568
   6 2035          0.3948486     132982.4160659      34355.3117511
   6 2037          0.3802246     133517.0742603      33573.2202435
   6 2039          0.4006982     133404.4754829      34357.1013161
   6 2041          0.4006982     133348.9200175      34646.6811637
   6 2043          0.3977734     133423.3143264      34618.7434753
   7 2019          0.3977734     130328.6131600      33514.0266582
   7 2021          0.3831494     130149.0440453      32839.0283462
   7 2023          0.3889990     130175.0652749      32949.3120356
   7 2025          0.4006982     130294.0232210      33469.6961628
   7 2027          0.3919238     130053.9052987      33324.0156631
   7 2029          0.3948486     130249.1636755      33454.2016938
   7 2031          0.3860742     130501.0062029      33196.1248532
   7 2033          0.3948486     129908.4723963      33312.3669461
   7 2035          0.3977734     130414.0911379      33747.6510810
   7 2037          0.3919238     130325.6741410      33480.3497484
   7 2039          0.3860742     130152.0530334      33114.7775502
   7 2041          0.4006982     130024.4972569      33518.6740068
   7 2043          0.4036230     130142.8193437      33866.3407041
   8 2019          0.3977734     127850.5136328      32876.7829126
   8 2021          0.3802246     127616.9742063      31760.1319519
   8 2023          0.3626758     127991.6180990      30957.8773056
   8 2025          0.3948486     127606.2249696      32654.5017346
   8 2027          0.3977734     127707.4399455      33150.9689879
   8 2029          0.4006982     127582.8155439      33141.1385438
   8 2031          0.3977734     127875.1825548      33178.7595755
   8 2033          0.3802246     127733.9668309      32351.4574424
   8 2035          0.3831494     127405.5695101      32145.2851163
   8 2037          0.3919238     127401.3059568      32739.7355381
   8 2039          0.4006982     127605.1745146      33248.8597310
   8 2041          0.3948486     127813.8657631      33089.2999571
   8 2043          0.3919238     127504.8940730      32620.6443469
   9 2019          0.3977734     128976.2685704      33166.2710002
   9 2021          0.3802246     129155.1639044      32414.8691525
   9 2023          0.3948486     128723.7057282      33115.6438698
   9 2025          0.3948486     128998.4289182      33213.5203761
   9 2027          0.4006982     129070.1674897      33133.2306391
   9 2029          0.3977734     128826.0192874      33181.0771998
   9 2031          0.3889990     128954.7157965      32875.3387350
   9 2033          0.3919238     128484.5727340      32836.4813465
   9 2035          0.3889990     128954.6975975      32806.3186688
   9 2037          0.3977734     128805.0971866      33141.2473393
   9 2039          0.3977734     128811.5624036      33227.6533539
   9 2041          0.3948486     128537.4167838      33098.6612719
   9 2043          0.3948486     128695.9159149      33111.8655347
  10 2019          0.3977734     129580.5076424      33321.6511879
  10 2021          0.3860742     129122.5412440      32797.2460329
  10 2023          0.3977734     129781.7945869      33260.1062532
  10 2025          0.4036230     129727.7836139      33454.0222852
  10 2027          0.3948486     129294.4040476      33198.8897603
  10 2029          0.3948486     129443.4624949      33163.1433688
  10 2031          0.3948486     129670.6981632      33218.4223489
  10 2033          0.3977734     129473.4071746      33316.6154910
  10 2035          0.3977734     129188.2218552      33375.5827435
  10 2037          0.3919238     129482.1984993      33253.7402131
  10 2039          0.3889990     129635.7683694      32994.4821771
  10 2041          0.3977734     129715.3185484      33540.4800118
  10 2043          0.3831494     129675.4713837      32960.6136347
  11 2019          0.3977734     128814.4188190      33124.6513071
  11 2021          0.3772998     128816.6602407      32054.4402963
  11 2023          0.3860742     128597.7908441      32444.5851836
  11 2025          0.4036230     128505.0445459      33269.1529768
  11 2027          0.3977734     128854.5115286      33282.4061216
  11 2029          0.3919238     128534.0304466      33000.7877708
  11 2031          0.3889990     128653.7809245      32809.8438105
  11 2033          0.3977734     128441.6865283      33233.4280353
  11 2035          0.3977734     128920.0730434      33277.0017711
  11 2037          0.3919238     128366.3597936      33038.3287674
  11 2039          0.3889990     128353.1456425      32675.1912307
  11 2041          0.3948486     128598.6761733      33121.5851938
  11 2043          0.4006982     128663.4692656      33373.2552758
  12 2019          0.3977734     129005.0418596      33173.6700568
  12 2021          0.3831494     128698.1480709      32434.7287742
  12 2023          0.3977734     129192.3820861      33132.0241998
  12 2025          0.3948486     129030.7669270      33148.2179781
  12 2027          0.3919238     128920.8406338      33089.1916841
  12 2029          0.3919238     128637.2866827      33076.5540237
  12 2031          0.3919238     129181.5789685      33042.4444993
  12 2033          0.3948486     128702.7675902      33148.2355487
  12 2035          0.3977734     128893.7799190      33342.2423527
  12 2037          0.3889990     128926.5019760      33042.0340453
  12 2039          0.4006982     128730.2848850      33291.6809429
  12 2041          0.4006982     128744.5716867      33424.5501644
  12 2043          0.3977734     128893.8375891      33416.1850401
  13 2019          0.3977734     130684.6826131      33605.5899831
  13 2021          0.3802246     130468.9070031      32772.2491259
  13 2023          0.3831494     130461.2051427      32847.4647055
  13 2025          0.3948486     130815.2003941      33388.4418170
  13 2027          0.3860742     130763.1811768      33010.9922001
  13 2029          0.4006982     130767.4740707      33729.7388940
  13 2031          0.4006982     130585.2772860      33959.3692652
  13 2033          0.3831494     130276.5310467      33325.5572889
  13 2035          0.3977734     130232.7379443      33516.1317858
  13 2037          0.3889990     130357.3362993      33510.1623870
  13 2039          0.3948486     130510.0575217      33528.1793887
  13 2041          0.3948486     130354.2682332      33651.3092526
  13 2043          0.3977734     130503.0836595      33875.2603306
  14 2019          0.3977734     130170.3600697      33473.3318472
  14 2021          0.3772998     130083.5812998      32559.2585872
  14 2023          0.3772998     129736.6952777      32617.8944349
  14 2025          0.3889990     130257.4182443      33298.2857144
  14 2027          0.4006982     129990.6513322      33876.7612412
  14 2029          0.3948486     129929.0379008      33696.3484689
  14 2031          0.3831494     129772.5814968      32925.2174327
  14 2033          0.3948486     129783.6440040      33537.7538355
  14 2035          0.3977734     129863.0391506      33639.0104024
  14 2037          0.3889990     130192.2173831      33222.0259748
  14 2039          0.3977734     130090.1232544      33561.3874458
  14 2041          0.4036230     129703.0144146      33870.5750573
  14 2043          0.3977734     130317.2650134      33744.2776813
  15 2019          0.3977734     134853.2128773      34677.5283013
  15 2021          0.3802246     135035.8308786      33914.7721156
  15 2023          0.3802246     134379.1605217      33849.5480318
  15 2025          0.3919238     135017.0278855      34439.6544449
  15 2027          0.3948486     134742.0921835      34575.9379451
  15 2029          0.3948486     134601.7864571      34701.7971260
  15 2031          0.3948486     134687.5015962      34593.9043790
  15 2033          0.4006982     134637.0256594      34884.4331969
  15 2035          0.3919238     134600.7422641      34499.5867573
  15 2037          0.3977734     134841.9261216      34787.2323764
  15 2039          0.4006982     134541.4628818      35020.6121758
  15 2041          0.3948486     134621.3453688      34696.5270132
  15 2043          0.3860742     134819.1211158      34108.5464225
  16 2019          0.3977734     134166.2505991      34500.8758260
  16 2021          0.3772998     133752.2899430      33488.1423372
  16 2023          0.3860742     133812.1286976      33744.0352975
  16 2025          0.3977734     133937.9413755      34655.4197999
  16 2027          0.4006982     133758.6824510      34872.0954412
  16 2029          0.3948486     134276.6990518      34710.5225943
  16 2031          0.3977734     133762.8968142      34565.5361442
  16 2033          0.3889990     134104.6570106      34192.8916203
  16 2035          0.3919238     134062.6976096      34204.3313075
  16 2037          0.3948486     134270.7773949      34400.0826105
  16 2039          0.4006982     134086.9075027      34597.1052762
  16 2041          0.3919238     134252.9648869      34455.0300811
  16 2043          0.3919238     134062.9361668      34470.0782105
  17 2019          0.3977734     132810.3093483      34152.1952860
  17 2021          0.3802246     132282.6421182      33359.3602217
  17 2023          0.3802246     132598.5359061      33232.3762900
  17 2025          0.3860742     132823.4173290      33756.0125260
  17 2027          0.3919238     132637.3143690      33907.3523663
  17 2029          0.3977734     132357.5000329      34224.9698476
  17 2031          0.3977734     133027.5261671      34305.5068927
  17 2033          0.4006982     132618.9675762      34398.1086331
  17 2035          0.3948486     132758.5435023      34247.4636384
  17 2037          0.3919238     132852.0216325      34102.1516393
  17 2039          0.3977734     132498.5506564      34308.8357037
  17 2041          0.3919238     132332.4323448      34188.1792273
  17 2043          0.3919238     132459.8479827      33958.9566117
  18 2019          0.3977734     132716.7961586      34128.1483522
  18 2021          0.3802246     132694.3500607      33177.6419661
  18 2023          0.3860742     132894.4558313      33587.7582629
  18 2025          0.4036230     132185.9912439      34246.7156733
  18 2027          0.3977734     132678.0698128      34336.8904765
  18 2029          0.3948486     132476.7264501      34181.6743493
  18 2031          0.3860742     132505.9492850      33736.3015129
  18 2033          0.3948486     132587.6700564      34108.4937421
  18 2035          0.3977734     132546.5352175      34135.8187315
  18 2037          0.3977734     132916.4562657      34197.6304424
  18 2039          0.3977734     132528.6766466      34280.2426005
  18 2041          0.3860742     132638.5255764      33657.0943900
  18 2043          0.3948486     132808.9044106      33951.4458639
  19 2019          0.3977734     130141.5867806      33465.9327907
  19 2021          0.3772998     129891.6609352      32474.4958539
  19 2023          0.3860742     129855.1916503      33112.2953444
  19 2025          0.3977734     130252.0165309      33567.0309459
  19 2027          0.3977734     130245.7463562      33795.8230372
  19 2029          0.3919238     130140.6814004      33461.2628401
  19 2031          0.3919238     130019.7327045      33248.9364881
  19 2033          0.3860742     130206.9178718      33108.9068759
  19 2035          0.3948486     129714.2499492      33299.7688349
  19 2037          0.3977734     129722.1112705      33485.1103515
  19 2039          0.3948486     130196.5527537      33386.8538845
  19 2041          0.3948486     129796.1554876      33420.6071441
  19 2043          0.3977734     129946.6862516      33450.4542228
  20 2019          0.3977734     132022.6405581      33949.6461128
  20 2021          0.3802246     132060.2419009      33108.5682737
  20 2023          0.3889990     132159.7577633      33610.8622008
  20 2025          0.3977734     131863.9837198      33948.7148863
  20 2027          0.4006982     131722.7315957      34215.8376020
  20 2029          0.3889990     131798.9489522      33522.7126120
  20 2031          0.4036230     131679.9108430      33990.0749086
  20 2033          0.3889990     131592.9787247      33657.1405415
  20 2035          0.4006982     131620.3984601      34222.3894075
  20 2037          0.3948486     131921.8892461      34182.8588710
  20 2039          0.3772998     132100.6909035      33237.9674893
  20 2041          0.3919238     131996.2914389      33967.4968251
  20 2043          0.3977734     131696.1781189      34176.5370159
  21 2019          0.3977734     131418.4014862      33794.2659252
  21 2021          0.3626758     130936.5533706      31874.3966198
  21 2023          0.3772998     130938.7405199      32582.9970723
  21 2025          0.4006982     131382.8433341      33862.4674048
  21 2027          0.4036230     130918.5487361      34120.0867004
  21 2029          0.4006982     131037.8583621      33966.3265700
  21 2031          0.3977734     131299.3976158      33886.6973179
  21 2033          0.3948486     131277.8137355      33779.2452792
  21 2035          0.3889990     131045.5968373      33557.5354957
  21 2037          0.3919238     131589.2658866      33802.2899553
  21 2039          0.3977734     131528.5313521      34054.8783858
  21 2041          0.3948486     131173.2271426      33834.8279494
  21 2043          0.3948486     131048.5544557      33808.5685356
  22 2019          0.3977734     129382.6912795      33270.7826741
  22 2021          0.3802246     129055.9828094      32375.7099490
  22 2023          0.3919238     129266.1988314      32867.8435744
  22 2025          0.3977734     129050.5674078      33127.7825456
  22 2027          0.3977734     129148.6277885      33368.6583837
  22 2029          0.4036230     129470.6045194      33294.7816528
  22 2031          0.4036230     128923.0867296      33494.4379505
  22 2033          0.3919238     129008.2739700      33152.4727032
  22 2035          0.3889990     129381.2947080      32997.1624759
  22 2037          0.3889990     129393.2001276      32985.8300077
  22 2039          0.3977734     129088.6612536      33393.0111247
  22 2041          0.3977734     129496.1887622      33432.3069920
  22 2043          0.3948486     129475.4646660      33167.3548328
  23 2019          0.3977734     126044.9897393      32412.4921139
  23 2021          0.3802246     125682.8875668      31537.8331879
  23 2023          0.3889990     125645.5114576      32162.5348783
  23 2025          0.3977734     125693.5307693      32693.4395108
  23 2027          0.3919238     125944.6006653      32521.4152085
  23 2029          0.3919238     126057.8971540      32401.3984448
  23 2031          0.3919238     125617.2660096      32459.3764036
  23 2033          0.3977734     125812.5109170      32619.4030229
  23 2035          0.3977734     125652.3794170      32690.0011028
  23 2037          0.3948486     125875.3916972      32279.0254084
  23 2039          0.3889990     125638.6398154      31982.8433721
  23 2041          0.3772998     125966.5047927      31357.7249079
  23 2043          0.3948486     126151.0538757      32438.6603421
  24 2019          0.3977734     126462.2024318      32519.7784339
  24 2021          0.3802246     126238.7693959      31697.5699539
  24 2023          0.3977734     126234.5180388      32336.0200390
  24 2025          0.3831494     126348.0519919      31958.4398378
  24 2027          0.3919238     126476.0592290      32224.2289388
  24 2029          0.3889990     126074.3305461      32207.5727069
  24 2031          0.3977734     126413.2242513      32633.8385850
  24 2033          0.3977734     126414.3163523      32710.1778744
  24 2035          0.3919238     126624.7618503      32459.6235210
  24 2037          0.3919238     126335.5887716      32365.6284848
  24 2039          0.4006982     126308.9875285      32804.8244556
  24 2041          0.4006982     126411.5902188      32849.5048264
  24 2043          0.3948486     126050.7391221      32513.5639468
  25 2019          0.3977734     129785.5173275      33374.3694658
  25 2021          0.3802246     129876.6119396      32514.9152889
  25 2023          0.3948486     129786.5052643      33181.1809239
  25 2025          0.4006982     129519.7737776      33540.1830170
  25 2027          0.3743750     129542.5276402      32600.9468154
  25 2029          0.3948486     129832.7468810      33127.9560767
  25 2031          0.3977734     129921.1236851      33514.0643485
  25 2033          0.4006982     129506.6930587      33621.7407211
  25 2035          0.3948486     129690.1069841      33466.7220793
  25 2037          0.3919238     129815.4301067      33317.8145352
  25 2039          0.3977734     129427.0233377      33398.9649546
  25 2041          0.3977734     129447.0037870      33509.9601009
  25 2043          0.3831494     129591.1509067      32928.2403661
  26 2019          0.3977734     127580.7640471      32807.4167574
  26 2021          0.3743750     127383.5758265      31587.4901121
  26 2023          0.3860742     127781.8167507      32152.7705707
  26 2025          0.3977734     127699.0119698      32939.8445222
  26 2027          0.3977734     127295.5247443      32809.4929209
  26 2029          0.3948486     127623.8571961      32781.0885761
  26 2031          0.4006982     127274.0738749      32863.5611157
  26 2033          0.4006982     127351.7740886      32943.4461360
  26 2035          0.3919238     127248.5324675      32376.3315533
  26 2037          0.3919238     127475.4575495      32401.4979552
  26 2039          0.3919238     127603.7648280      32592.0458194
  26 2041          0.3948486     127690.4250134      32758.3725022
  26 2043          0.4036230     127363.6315601      33090.8126577
  27 2019          0.3977734     131310.5016519      33766.5194631
  27 2021          0.3772998     131433.2497154      32668.1002968
  27 2023          0.3889990     131249.7326770      33277.5293347
  27 2025          0.3919238     131231.4061505      33565.8006083
  27 2027          0.4006982     131076.8896095      33784.9487647
  27 2029          0.4006982     130889.0108242      33929.5102854
  27 2031          0.4036230     130937.1903454      33952.6337969
  27 2033          0.3860742     130804.2885833      33160.0995038
  27 2035          0.3860742     131101.0484477      33180.7556366
  27 2037          0.3977734     130831.0269816      33672.0727289
  27 2039          0.3919238     131171.1689659      33694.1344597
  27 2041          0.3889990     131341.2924703      33276.8111563
  27 2043          0.3919238     131123.9206609      33552.0325723
  28 2019          0.3977734     130105.6201692      33456.6839700
  28 2021          0.3802246     129620.6123346      32546.6209757
  28 2023          0.3860742     129748.5462796      32768.4402093
  28 2025          0.3889990     129928.6740877      33105.6925623
  28 2027          0.3977734     129863.8441407      33474.4187792
  28 2029          0.3977734     129619.4559957      33500.8050213
  28 2031          0.3977734     130259.3695582      33643.7268940
  28 2033          0.3948486     129682.9443925      33421.0013040
  28 2035          0.3860742     129996.0518917      33120.1847813
  28 2037          0.3948486     129890.5709843      33494.4682774
  28 2039          0.3802246     129859.0722154      32841.9004683
  28 2041          0.3948486     129779.0048277      33191.0538019
  28 2043          0.4036230     129638.2560150      33777.1357061
  29 2019          0.3977734     133234.7153631      34261.3313701
  29 2021          0.3772998     133110.6841956      33170.2966376
  29 2023          0.3919238     133195.6122438      33967.2578744
  29 2025          0.4006982     133265.4579764      34475.3547256
  29 2027          0.3977734     133280.6001617      34405.8431364
  29 2029          0.3831494     132770.3366860      33568.8932409
  29 2031          0.3977734     133389.3409505      34289.9754622
  29 2033          0.4036230     132855.3227346      34566.1396325
  29 2035          0.4006982     132834.6750660      34454.8162989
  29 2037          0.3977734     132805.0779115      34402.7331369
  29 2039          0.3802246     132884.1598389      33469.4734195
  29 2041          0.3860742     133014.7500029      33764.0805656
  29 2043          0.3919238     133334.1094793      34086.4038302
  30 2019          0.3977734     133047.6889837      34213.2375025
  30 2021          0.3802246     132963.1732065      33308.4251821
  30 2023          0.3831494     133040.9147131      33410.1557505
  30 2025          0.4006982     132989.4887897      34425.4729858
  30 2027          0.3919238     132647.2259581      34166.7969589
  30 2029          0.3802246     132831.3269713      33402.0533950
  30 2031          0.3948486     132748.0644406      34104.7528479
  30 2033          0.3977734     133141.7499911      34451.5879688
  30 2035          0.4006982     132664.3855937      34534.7536113
  30 2037          0.4006982     132807.9332809      34355.7490657
  30 2039          0.3977734     133035.0785963      34366.9205490
  30 2041          0.3977734     132600.4034685      34490.9134320
  30 2043          0.3802246     133094.2524894      33606.0466083
  31 2019          0.3977734     133428.9350648      34311.2750019
  31 2021          0.3802246     132984.1352247      33420.3989002
  31 2023          0.3919238     132901.7656507      33964.0175042
  31 2025          0.3948486     133022.1843424      34201.9700245
  31 2027          0.3977734     133353.5199455      34512.1683059
  31 2029          0.3977734     133465.0183186      34501.7986812
  31 2031          0.3802246     132969.0192542      33572.1961087
  31 2033          0.3889990     133202.9497109      33967.4444038
  31 2035          0.3948486     132984.7947222      34255.0651903
  31 2037          0.4006982     133207.4209285      34530.2634291
  31 2039          0.3948486     133515.6569931      34424.2197864
  31 2041          0.3948486     133228.5829130      34399.3478449
  31 2043          0.3860742     133425.5225012      33871.4589174
  32 2019          0.3977734     132371.5166889      34039.3596735
  32 2021          0.3802246     132540.1450013      33153.2305978
  32 2023          0.3948486     131942.5358733      33626.5170906
  32 2025          0.4036230     132132.5754235      34156.9762211
  32 2027          0.3948486     132042.9549372      33940.8928156
  32 2029          0.3889990     132050.8650824      33549.5727377
  32 2031          0.4006982     132205.6399451      34029.1588053
  32 2033          0.3919238     132179.3987440      33770.9208652
  32 2035          0.3802246     132566.2534154      33215.2122318
  32 2037          0.3977734     132023.1692674      33968.4015584
  32 2039          0.4006982     132043.6719917      34179.8505751
  32 2041          0.3977734     132306.8593173      34036.6463054
  32 2043          0.3948486     132366.3529179      34072.3176581
  33 2019          0.3977734     131644.9911382      33852.5334956
  33 2021          0.3802246     131260.1590639      33289.8597287
  33 2023          0.3802246     131660.9096536      33094.8272733
  33 2025          0.3919238     131228.4734987      33842.2788373
  33 2027          0.3977734     131621.3472107      34074.7025092
  33 2029          0.3948486     131365.6202249      33923.7549052
  33 2031          0.3948486     131517.5026503      33951.8462869
  33 2033          0.3977734     131266.8137037      33992.3803870
  33 2035          0.3802246     131689.8627828      33240.1762343
  33 2037          0.3919238     131723.2064787      33701.9200430
  33 2039          0.3977734     131252.8058605      34094.5970316
  33 2041          0.4006982     131312.1616454      34131.8430682
  33 2043          0.3977734     131804.0745972      34061.7813092
  34 2019          0.3977734     132245.6335490      34006.9888011
  34 2021          0.3772998     132358.3429890      32862.2239014
  34 2023          0.3685254     132164.7743027      32474.1492493
  34 2025          0.3948486     132270.9106591      33801.7100153
  34 2027          0.3977734     132335.7048162      34119.5530557
  34 2029          0.4006982     131832.7444616      34267.3282351
  34 2031          0.3977734     131727.1407700      34302.2053427
  34 2033          0.3948486     132339.9667951      34179.7900407
  34 2035          0.3889990     132263.0360304      33718.1919939
  34 2037          0.3889990     132248.6621347      33601.3537217
  34 2039          0.4006982     132358.0239235      34022.9741063
  34 2041          0.3977734     131781.0269854      34049.0951534
  34 2043          0.3831494     131875.0030103      33543.4672668
  35 2019          0.3977734     133018.9156946      34205.8384460
  35 2021          0.3743750     133084.7884909      32801.1567982
  35 2023          0.3743750     132931.0114486      32975.8784075
  35 2025          0.4006982     132792.1440123      34155.2876661
  35 2027          0.4006982     132585.3797806      34297.5791352
  35 2029          0.4036230     132670.2129056      34328.6379121
  35 2031          0.4036230     132734.8954432      34282.3550882
  35 2033          0.3802246     133215.0016951      33461.7073813
  35 2035          0.3889990     132614.1996802      33665.0809518
  35 2037          0.3948486     133016.3854108      34214.3826591
  35 2039          0.4006982     132828.0625489      34450.0013568
  35 2041          0.3977734     133137.8884268      34349.9634400
  35 2043          0.3977734     133070.7041435      34404.1400590
  36 2019          0.3977734     133982.8208808      34453.7068405
  36 2021          0.3802246     133844.9467208      33502.2753360
  36 2023          0.3860742     133485.4556975      33754.1636676
  36 2025          0.3919238     133658.2167391      34145.3601279
  36 2027          0.3948486     133981.3844802      34454.1682021
  36 2029          0.4006982     133986.5754534      34708.6594914
  36 2031          0.3860742     134044.5672471      34287.0656880
  36 2033          0.3977734     133906.5372889      34416.9520573
  36 2035          0.3919238     133941.4689515      34412.7121613
  36 2037          0.3948486     134079.6263702      34587.7653672
  36 2039          0.3977734     133947.2742872      34728.6860176
  36 2041          0.3977734     133659.8487325      34585.2500417
  36 2043          0.3948486     133639.4346445      34507.9188617
  37 2019          0.3977734     133159.1854792      34241.9088467
  37 2021          0.3802246     133270.2781564      33471.2693798
  37 2023          0.3831494     133195.5220269      33495.0477890
  37 2025          0.4006982     133052.6567139      34385.9075687
  37 2027          0.3977734     132796.9885263      34446.6934662
  37 2029          0.3860742     133088.3200950      33993.2869422
  37 2031          0.3977734     133021.0361823      34186.6966569
  37 2033          0.3977734     132769.6401381      34456.4521712
  37 2035          0.4006982     132870.8821836      34473.6786904
  37 2037          0.3977734     133185.8212628      34407.2313097
  37 2039          0.3919238     133013.6015991      34061.1816833
  37 2041          0.3977734     132811.4910308      34238.8149606
  37 2043          0.3977734     133249.7324430      34259.4309073
  38 2019          0.3977734     129339.5313458      33259.6840892
  38 2021          0.3772998     129266.9393749      32345.4874446
  38 2023          0.3860742     128980.9898044      32596.7793656
  38 2025          0.4006982     129210.9868956      33378.1437329
  38 2027          0.4006982     128960.9909704      33436.3309254
  38 2029          0.3919238     129124.6981213      33148.5945049
  38 2031          0.3889990     129225.8402623      33125.9653763
  38 2033          0.4006982     129300.1724942      33489.2713194
  38 2035          0.3919238     129492.0956339      33364.2371915
  38 2037          0.3860742     128824.0693361      32737.7494711
  38 2039          0.4006982     128960.7590236      33381.9078470
  38 2041          0.3977734     129111.0230550      33480.5819284
  38 2043          0.3948486     129169.4439014      33381.5486765
  39 2019          0.3977734     130040.8802686      33440.0360927
  39 2021          0.3802246     130236.4903440      32560.8914019
  39 2023          0.3831494     129888.4242837      32732.9650331
  39 2025          0.3919238     129694.2515739      33240.7548485
  39 2027          0.3977734     129741.3420849      33616.0798518
  39 2029          0.3977734     129725.4465150      33640.3642774
  39 2031          0.3948486     130062.7417427      33585.4736450
  39 2033          0.3860742     130164.6551482      33053.0784049
  39 2035          0.3919238     130020.5155956      33254.9340279
  39 2037          0.3977734     130068.0254951      33376.1072526
  39 2039          0.3919238     129525.3041350      33219.5500795
  39 2041          0.3977734     129642.4622852      33479.5815741
  39 2043          0.4006982     129826.7037635      33554.1391353
  40 2019          0.3977734     130353.7897880      33520.5008327
  40 2021          0.3831494     130104.9521030      32804.0423563
  40 2023          0.3919238     130415.2059357      33303.3611530
  40 2025          0.3889990     130082.2874645      33107.8014623
  40 2027          0.3948486     130447.7299990      33647.4533998
  40 2029          0.3948486     130315.0318644      33617.3702404
  40 2031          0.3889990     130341.5804173      33172.3785519
  40 2033          0.4006982     130373.3044672      33576.7261564
  40 2035          0.4036230     130008.1606892      33868.4503823
  40 2037          0.3977734     129864.8172291      33623.5725810
  40 2039          0.3831494     129902.2908680      32844.4596714
  40 2041          0.3889990     130174.2221853      33101.9514739
  40 2043          0.4006982     129986.8838819      33523.8459742
  41 2019          0.3977734     130501.2528948      33558.4209976
  41 2021          0.3802246     130523.7325178      32869.6083709
  41 2023          0.3889990     130544.4727326      33212.0518994
  41 2025          0.3977734     130354.2852709      33641.8262326
  41 2027          0.3977734     130100.2684380      33652.3156648
  41 2029          0.3977734     130371.9223116      33614.6418232
  41 2031          0.3860742     130159.0136298      33172.9336393
  41 2033          0.3860742     130671.9172418      33083.0059171
  41 2035          0.3860742     130277.2353648      33088.3626383
  41 2037          0.3948486     130186.8395261      33451.6044037
  41 2039          0.3977734     130154.9900958      33687.7305595
  41 2041          0.3977734     130718.2706299      33767.5273292
  41 2043          0.3977734     130648.3810681      33716.1605837
  42 2019          0.3977734     130134.3934583      33464.0830265
  42 2021          0.3831494     129898.8632195      32839.6977614
  42 2023          0.3948486     130172.7821325      33270.6546752
  42 2025          0.4006982     130168.8826633      33641.5759178
  42 2027          0.3977734     129895.7821747      33624.1866781
  42 2029          0.3919238     129987.8579928      33320.3888734
  42 2031          0.3919238     130178.1205395      33293.0071956
  42 2033          0.3977734     130106.6614472      33712.2947568
  42 2035          0.3948486     129904.3729899      33653.6176469
  42 2037          0.3948486     129724.3947599      33384.3365208
  42 2039          0.3977734     129881.0564012      33570.1236832
  42 2041          0.3919238     129860.6173148      33268.2260324
  42 2043          0.3743750     129679.4790579      32522.9602958
  43 2019          0.3977734     131591.0412210      33838.6602645
  43 2021          0.3802246     131792.2419934      33115.1203548
  43 2023          0.3802246     131301.4149731      33114.5079609
  43 2025          0.3919238     131795.3286860      33731.0454519
  43 2027          0.3860742     131477.6801138      33335.2836381
  43 2029          0.3977734     131475.7526830      33760.2661525
  43 2031          0.4036230     131613.4987177      34185.2242249
  43 2033          0.3977734     131377.9618556      33822.1608775
  43 2035          0.4006982     131270.3365537      34073.7318048
  43 2037          0.3977734     131099.2977344      34044.6615036
  43 2039          0.3977734     131135.5728048      33998.8109798
  43 2041          0.3860742     131794.9519844      33553.5364724
  43 2043          0.3743750     131254.5126731      32799.9673042
  44 2019          0.3977734     131698.9410553      33866.4067266
  44 2021          0.3802246     131720.5846647      33029.7838758
  44 2023          0.3948486     131237.2865971      33507.1130323
  44 2025          0.3977734     131789.5220553      33888.6434929
  44 2027          0.4006982     131342.7125180      34075.6247712
  44 2029          0.3977734     131856.9416513      33942.3451420
  44 2031          0.3802246     131329.3877176      33099.6899314
  44 2033          0.3948486     131500.0992142      33574.2760300
  44 2035          0.3977734     131273.1720281      33962.4871398
  44 2037          0.4006982     131417.9870759      34068.4568019
  44 2039          0.3948486     131548.6696851      33878.7237886
  44 2041          0.3889990     131794.7589872      33471.0467842
  44 2043          0.3977734     131395.2890002      33818.8828140
  45 2019          0.3977734     131299.7116685      33763.7448169
  45 2021          0.3802246     131186.1331134      33056.3016863
  45 2023          0.3948486     130985.8984203      33810.2771994
  45 2025          0.3889990     131432.1468688      33514.2750781
  45 2027          0.3977734     131414.5191834      33962.5585623
  45 2029          0.3977734     131337.4414487      33924.6365693
  45 2031          0.3919238     130814.4848866      33536.2619526
  45 2033          0.3889990     131355.9578795      33485.3718430
  45 2035          0.3948486     131337.2727611      33739.5880554
  45 2037          0.3977734     131008.3734072      33910.8327840
  45 2039          0.3977734     131000.3112044      34020.3398494
  45 2041          0.3919238     130896.9648966      33699.8781296
  45 2043          0.3860742     131159.7026725      33445.8268234
  46 2019          0.3977734     128692.1323402      33093.2053168
  46 2021          0.3860742     128195.0081470      32493.8538948
  46 2023          0.3802246     128670.0254330      32322.5692563
  46 2025          0.3977734     128181.2961783      33064.8908932
  46 2027          0.3948486     128676.7400174      33185.7150325
  46 2029          0.3919238     128836.0107619      32953.1349109
  46 2031          0.3831494     128259.5190837      32503.0704415
  46 2033          0.3948486     128562.1187180      33048.9357669
  46 2035          0.3977734     128218.9196911      33283.2288549
  46 2037          0.3977734     128626.8885432      33283.4788632
  46 2039          0.3919238     128365.3413486      33128.0468586
  46 2041          0.4006982     128598.6691111      33281.7494244
  46 2043          0.4006982     128695.9047415      33408.1874266
  47 2019          0.3977734     129674.0208321      33345.6981217
  47 2021          0.3831494     129488.8849233      32687.9389145
  47 2023          0.3919238     129309.8783959      33037.8978536
  47 2025          0.3919238     129668.7726797      33226.3137374
  47 2027          0.3948486     129636.2690057      33404.3164696
  47 2029          0.3919238     129261.3391149      33192.2901137
  47 2031          0.4036230     129493.0108517      33492.2583585
  47 2033          0.4006982     129736.5016846      33599.9584593
  47 2035          0.3889990     129740.4168907      33188.7784688
  47 2037          0.3919238     129369.8987670      33188.3207629
  47 2039          0.4006982     129335.3048361      33451.0189790
  47 2041          0.3919238     129754.1769571      33350.9652220
  47 2043          0.3919238     129664.8551119      33399.5408678
  48 2019          0.3977734     130986.8021491      33683.2800769
  48 2021          0.3831494     131160.3630479      32950.1705001
  48 2023          0.3977734     131067.2504560      33417.9020437
  48 2025          0.3948486     130915.5898379      33651.3712983
  48 2027          0.3919238     130495.8548311      33449.1484562
  48 2029          0.3889990     130882.2995296      33386.3908105
  48 2031          0.3948486     130671.7001705      33549.1889182
  48 2033          0.3977734     131123.5401328      33820.8023650
  48 2035          0.3977734     131033.0424120      33982.5813630
  48 2037          0.3889990     130798.7438072      33414.2090875
  48 2039          0.3948486     130746.5497374      33497.1119125
  48 2041          0.3948486     130723.3802285      33646.6066077
  48 2043          0.3919238     131021.0525362      33683.8150634
  49 2019          0.3977734     130576.7827788      33577.8435210
  49 2021          0.3802246     130710.3762072      32676.5683300
  49 2023          0.3860742     130698.8942740      32928.3294802
  49 2025          0.4006982     130295.9574196      33673.2209369
  49 2027          0.3948486     130138.1668061      33325.4320329
  49 2029          0.4006982     130352.4830768      33744.8884492
  49 2031          0.3948486     130272.0636235      33630.0803159
  49 2033          0.3948486     130263.1527394      33463.1720827
  49 2035          0.3977734     130526.3970967      33716.1249974
  49 2037          0.3889990     130283.0469300      33225.5578099
  49 2039          0.3860742     130756.7898876      32979.0082508
  49 2041          0.3977734     130593.7885155      33321.1240393
  49 2043          0.4065479     130257.7390024      33865.6606371
  50 2019          0.3977734     134856.8095384      34678.4531833
  50 2021          0.3802246     135016.9381336      33738.0399628
  50 2023          0.3889990     134552.2370717      34293.3199341
  50 2025          0.3919238     134549.1629067      34601.0702348
  50 2027          0.3948486     134756.9138594      34808.2120528
  50 2029          0.3948486     134579.0470474      34742.6757623
  50 2031          0.4006982     134493.3468940      34702.9911435
  50 2033          0.3948486     134820.4344772      34780.9862844
  50 2035          0.3977734     134474.5896044      34851.5699621
  50 2037          0.3948486     134521.2751848      34660.3655042
  50 2039          0.3977734     134623.5251836      34713.4268429
  50 2041          0.3948486     134906.3574669      34735.1948803
  50 2043          0.3977734     134425.3385073      34858.7583002
