FL 2019 2020 2021 2022 2023 2024 2025 2026 2027 2028 2029 2030 2031 2032 2033 2034 2035 2036 2037 2038 2039 2040 2041 2042 2043 2044 2045
 1  0.7288134  0.6828411  0.6433262  0.6302703  0.6288201  0.6349504  0.6517110  0.6760256  0.6684367  0.6610236  0.6564603  0.6640257  0.6693967  0.6700271  0.6789872  0.6716319  0.6463282  0.6379133  0.6558983  0.6696196  0.6762144  0.6747267  0.6756310  0.6915512  0.6915358  0.6859155  0.6775803
 2  0.5725724  0.5257627  0.5023377  0.5007071  0.4991388  0.5030954  0.5347057  0.5617975  0.5542899  0.5316030  0.5227739  0.5388925  0.5475044  0.5561712  0.5659384  0.5584069  0.5280730  0.5273367  0.5550578  0.5710115  0.5718969  0.5575342  0.5508314  0.5673856  0.5727591  0.5679395  0.5662982
 3  0.7521145  0.7090282  0.6679626  0.6512494  0.6475297  0.6518740  0.6667294  0.6948497  0.6890319  0.6794450  0.6731407  0.6812735  0.6884836  0.6877839  0.6978854  0.6925753  0.6656807  0.6549831  0.6740162  0.6893578  0.6968987  0.6943930  0.6925054  0.7092672  0.7114936  0.7052142  0.6960464
 4  0.4566311  0.4242774  0.4134284  0.4146833  0.4100183  0.4178485  0.4755586  0.4948794  0.4584109  0.4234495  0.4410672  0.4716899  0.4658047  0.4781608  0.4960288  0.4691414  0.4345566  0.4619128  0.4938649  0.5026806  0.4872714  0.4529923  0.4666753  0.4980561  0.4922598  0.4786681  0.4946473
 1  0.7287870  0.6827335  0.6483845  0.6339346  0.6333668  0.6390191  0.6399882  0.6465197  0.6541900  0.6628778  0.6810774  0.6802319  0.6884914  0.6969361  0.6900902  0.6887882  0.6875718  0.6851615  0.6865692  0.6987162  0.6832641  0.6658271  0.6649201  0.6801045  0.6891825  0.6901484  0.6786810
 2  0.5725221  0.5257448  0.5056580  0.5037547  0.5102589  0.5139967  0.5116289  0.5144985  0.5221932  0.5425592  0.5624107  0.5656303  0.5731765  0.5779560  0.5682243  0.5537282  0.5397168  0.5223499  0.5322985  0.5603180  0.5586333  0.5447762  0.5566887  0.5807233  0.5937652  0.5898918  0.5753050
 3  0.7521049  0.7089533  0.6728778  0.6547264  0.6516373  0.6570792  0.6574363  0.6631863  0.6714762  0.6793067  0.6996916  0.6996841  0.7064380  0.7166123  0.7097267  0.7067432  0.7050594  0.7016887  0.7014286  0.7162782  0.7033400  0.6849028  0.6826347  0.6994099  0.7103667  0.7121640  0.6990076
 4  0.4566462  0.4243713  0.4146396  0.4187884  0.4324494  0.4296925  0.4231911  0.4328755  0.4402748  0.4744598  0.4903476  0.4797980  0.4955602  0.4972804  0.4702620  0.4508344  0.4321387  0.4079929  0.4571017  0.4909926  0.4725697  0.4583336  0.4903616  0.5196401  0.5250769  0.5072640  0.4883937
 1  0.7305922  0.6848867  0.6452732  0.6303175  0.6464958  0.6561273  0.6740734  0.6591369  0.6458616  0.6468502  0.6522141  0.6600304  0.6661809  0.6713981  0.6667734  0.6633790  0.6557050  0.6631276  0.6924450  0.6890845  0.6718294  0.6624386  0.6577073  0.6581191  0.6634359  0.6563229  0.6470853
 2  0.5728104  0.5252798  0.5027877  0.5146380  0.5364921  0.5617087  0.5744118  0.5571283  0.5292649  0.5175032  0.5233355  0.5362617  0.5570932  0.5636191  0.5535158  0.5321856  0.5132622  0.5524596  0.5910579  0.5909898  0.5623947  0.5335701  0.5315566  0.5495564  0.5584678  0.5418447  0.5143858
 3  0.7534214  0.7108077  0.6698630  0.6502239  0.6655027  0.6737325  0.6945180  0.6815584  0.6649514  0.6643039  0.6694279  0.6772031  0.6842443  0.6916683  0.6872554  0.6816669  0.6724909  0.6778962  0.7127226  0.7121499  0.6930564  0.6804316  0.6744623  0.6766885  0.6838830  0.6768797  0.6652811
 4  0.4549219  0.4235101  0.4145703  0.4467479  0.4672313  0.4979121  0.5089007  0.4628810  0.4280447  0.4315254  0.4449999  0.4651125  0.4905654  0.4892999  0.4555551  0.4216750  0.4220984  0.5011308  0.5338066  0.5083560  0.4514496  0.4304948  0.4622698  0.4883785  0.4819690  0.4392576  0.4036784
 1  0.7291430  0.6827285  0.6528191  0.6392036  0.6244736  0.6247971  0.6705840  0.7160759  0.6941132  0.6775495  0.6763121  0.6742762  0.6751505  0.6855047  0.7120702  0.7025147  0.6856240  0.6747632  0.6583581  0.6440313  0.6432139  0.6385922  0.6624036  0.6795223  0.7026939  0.6890329  0.6744226
 2  0.5726204  0.5251685  0.5091519  0.4992986  0.4821551  0.4831751  0.5885351  0.6185907  0.6035162  0.5659486  0.5323235  0.5093409  0.4894999  0.5509153  0.5959659  0.5978483  0.5687295  0.5264627  0.4704793  0.4321545  0.4463467  0.4920719  0.5515646  0.5953809  0.6090456  0.5939765  0.5682829
 3  0.7522586  0.7089208  0.6772143  0.6605371  0.6429843  0.6407790  0.6805594  0.7408933  0.7194038  0.6976289  0.6936168  0.6910941  0.6903409  0.6983774  0.7323958  0.7252029  0.7062513  0.6928995  0.6743110  0.6582514  0.6574668  0.6530269  0.6791184  0.6978324  0.7264666  0.7127021  0.6934744
 4  0.4556339  0.4243245  0.4177009  0.3987866  0.3829194  0.4036575  0.5426896  0.5627742  0.5039470  0.4390584  0.4204859  0.3960522  0.3740730  0.4996679  0.5398177  0.5109661  0.4497456  0.3852458  0.3260304  0.3243110  0.3607406  0.4391692  0.4989796  0.5388593  0.5437938  0.4957810  0.4744102
 1  0.7281315  0.6824165  0.6476243  0.6349723  0.6322099  0.6544704  0.6954007  0.6814440  0.6496641  0.6274945  0.6601989  0.6637906  0.6533381  0.6479082  0.6401004  0.6305817  0.6176325  0.6218757  0.6372795  0.6783863  0.6930191  0.6853150  0.6672377  0.6628574  0.6682560  0.6682318  0.6547108
 2  0.5721117  0.5261938  0.5055619  0.5018756  0.4998937  0.5585626  0.5950784  0.5866984  0.5404592  0.5327018  0.5783269  0.5788211  0.5628345  0.5369736  0.5066071  0.4766099  0.4690203  0.5017994  0.5499581  0.5916733  0.6018671  0.5874304  0.5529991  0.5470903  0.5672474  0.5703679  0.5499449
 3  0.7515323  0.7085148  0.6720027  0.6559574  0.6506792  0.6675228  0.7167871  0.7048574  0.6706144  0.6438739  0.6781084  0.6881437  0.6764835  0.6677565  0.6582794  0.6478019  0.6329184  0.6380000  0.6533578  0.6974172  0.7162771  0.7074451  0.6869781  0.6804779  0.6865527  0.6905275  0.6769232
 4  0.4574745  0.4243489  0.4151640  0.4122692  0.4105473  0.5094403  0.5385969  0.4980213  0.4380610  0.4724607  0.5301236  0.5130624  0.4698799  0.4318570  0.4021160  0.3693709  0.3955005  0.4455404  0.4969629  0.5369032  0.5301060  0.4906150  0.4534335  0.4726986  0.5095491  0.4998922  0.4447842
 1  0.7302442  0.6876301  0.6451796  0.6251900  0.6395205  0.6466698  0.6541420  0.6545509  0.6545087  0.6599453  0.6594858  0.6611283  0.6677422  0.6704336  0.6769689  0.6725889  0.6660222  0.6789245  0.7077875  0.6998223  0.6817645  0.6722128  0.6606236  0.6513308  0.6476478  0.6276275  0.6543526
 2  0.5712935  0.5270284  0.5002973  0.5092646  0.5362601  0.5495427  0.5525718  0.5470195  0.5432238  0.5430213  0.5414958  0.5391580  0.5379222  0.5366449  0.5394202  0.5345626  0.5257497  0.5737371  0.6064990  0.6025320  0.5705063  0.5273404  0.4876912  0.4817457  0.5041852  0.5199514  0.5682430
 3  0.7530500  0.7132989  0.6696373  0.6448652  0.6580801  0.6662052  0.6734514  0.6741673  0.6730743  0.6785823  0.6781959  0.6793035  0.6860742  0.6873986  0.6942731  0.6909499  0.6831072  0.6936289  0.7296568  0.7235818  0.7030817  0.6900887  0.6764451  0.6666295  0.6642898  0.6454865  0.6707013
 4  0.4545673  0.4233061  0.4095757  0.4428232  0.4745373  0.4788674  0.4762755  0.4643194  0.4628617  0.4633013  0.4575392  0.4562675  0.4436588  0.4472115  0.4561997  0.4381444  0.4343769  0.5208526  0.5478593  0.5169306  0.4479765  0.3907422  0.3752602  0.4041530  0.4346240  0.4595386  0.5145441
 1  0.7289947  0.6824479  0.6380098  0.6182877  0.6239734  0.6432692  0.6594161  0.6597694  0.6641878  0.6894424  0.6859017  0.6826718  0.6899903  0.6943194  0.6893180  0.6845545  0.6732380  0.6593422  0.6577444  0.6755022  0.6824683  0.6929796  0.6835484  0.6764672  0.6662833  0.6607648  0.6703318
 2  0.5714732  0.5247021  0.4993550  0.4939398  0.5062382  0.5273414  0.5367816  0.5226261  0.5317188  0.5626153  0.5678796  0.5652884  0.5789230  0.5863026  0.5785859  0.5633052  0.5414638  0.5229742  0.5346593  0.5626186  0.5831808  0.5872806  0.5704296  0.5357018  0.4914528  0.4726328  0.5051189
 3  0.7522130  0.7088365  0.6629964  0.6395650  0.6420054  0.6601764  0.6775252  0.6779134  0.6788794  0.7071912  0.7061243  0.7009061  0.7084167  0.7153321  0.7102502  0.7035469  0.6916638  0.6779119  0.6740457  0.6939181  0.7019065  0.7141095  0.7046898  0.6946341  0.6823281  0.6756052  0.6843190
 4  0.4550080  0.4246142  0.4126733  0.4110527  0.4303619  0.4566927  0.4514166  0.4088720  0.4593875  0.4999242  0.4813340  0.4802417  0.5110193  0.5132469  0.4854199  0.4623369  0.4488509  0.4294915  0.4666970  0.4998751  0.5146697  0.5098445  0.4622965  0.4001911  0.3624086  0.3702790  0.4438399
 1  0.7296185  0.6841285  0.6565173  0.6446900  0.6537197  0.6934055  0.6845426  0.6749412  0.6516722  0.6335534  0.6390471  0.6285084  0.6255366  0.6210098  0.6464946  0.6947625  0.6911462  0.6967765  0.7047819  0.6810833  0.6319466  0.5849790  0.6012262  0.6355536  0.6591231  0.6660664  0.6824236
 2  0.5721330  0.5251804  0.5105912  0.5025111  0.5470366  0.5843306  0.5797884  0.5526059  0.5174063  0.5160174  0.5201609  0.5072226  0.5026806  0.5027845  0.5612683  0.5976772  0.5986124  0.6034449  0.6031552  0.5781907  0.5039362  0.4531178  0.5056845  0.5567622  0.5731610  0.5755825  0.5800734
 3  0.7524823  0.7098500  0.6805257  0.6658652  0.6684472  0.7131091  0.7067448  0.6941000  0.6689312  0.6513315  0.6583606  0.6469884  0.6422124  0.6393706  0.6597449  0.7158987  0.7140051  0.7156879  0.7278727  0.7046550  0.6522938  0.6013814  0.6143936  0.6541100  0.6809960  0.6856461  0.7021195
 4  0.4552526  0.4229797  0.4188437  0.4013778  0.4915573  0.5258156  0.4858236  0.4335715  0.4290754  0.4514200  0.4366212  0.4139371  0.4277281  0.4273579  0.5112412  0.5407234  0.5156294  0.5309783  0.5349299  0.4736766  0.3769210  0.3757455  0.4659034  0.5076687  0.4993701  0.4975275  0.5065385
 1  0.7295170  0.6852218  0.6429469  0.6258757  0.6206352  0.6175965  0.6244369  0.6380069  0.6483762  0.6596566  0.6723098  0.6789716  0.6864923  0.6959605  0.6970854  0.6946284  0.6901986  0.6961923  0.6882266  0.6800499  0.6830490  0.6845214  0.6852388  0.6891867  0.6890338  0.6819090  0.6848347
 2  0.5724068  0.5257959  0.5005888  0.5017768  0.5079285  0.5096371  0.5201721  0.5297810  0.5326416  0.5336636  0.5418629  0.5514500  0.5669577  0.5835277  0.5881759  0.5812509  0.5759105  0.5771075  0.5645903  0.5462966  0.5426921  0.5488171  0.5566385  0.5697694  0.5713769  0.5638088  0.5629401
 3  0.7523910  0.7109780  0.6674967  0.6466082  0.6392663  0.6362510  0.6417169  0.6563391  0.6672344  0.6764460  0.6893851  0.6967395  0.7040674  0.7153190  0.7175963  0.7149978  0.7090138  0.7156284  0.7084652  0.6980147  0.6999045  0.7023903  0.7030814  0.7076263  0.7091078  0.7012022  0.7031286
 4  0.4547988  0.4229388  0.4126893  0.4238094  0.4364975  0.4347643  0.4506465  0.4575693  0.4410419  0.4459147  0.4627787  0.4710962  0.4949659  0.5127445  0.5094164  0.4911543  0.4924164  0.4979623  0.4650664  0.4410452  0.4573860  0.4673343  0.4776136  0.4956780  0.4884704  0.4736915  0.4806829
 1  0.7294070  0.6855712  0.6425168  0.6176070  0.6104966  0.6147040  0.6257166  0.6340791  0.6493431  0.6699897  0.6823683  0.6871931  0.6854978  0.6881428  0.6965198  0.6861818  0.6801725  0.6846962  0.6837682  0.6881059  0.6965238  0.6923341  0.6725940  0.6502502  0.6585029  0.6924879  0.6795886
 2  0.5726944  0.5263729  0.5000407  0.4865684  0.4783732  0.4741330  0.4750562  0.4803047  0.5173917  0.5601486  0.5792890  0.5798033  0.5677402  0.5681731  0.5730144  0.5627208  0.5486078  0.5502995  0.5561235  0.5727518  0.5868306  0.5833987  0.5552446  0.5239700  0.5571375  0.5894387  0.5802915
 3  0.7523779  0.7112215  0.6669777  0.6392327  0.6293973  0.6312700  0.6417575  0.6494355  0.6637763  0.6875433  0.7024369  0.7074112  0.7050446  0.7055950  0.7158431  0.7062260  0.6977961  0.7022520  0.7019733  0.7060675  0.7168847  0.7132889  0.6928946  0.6695564  0.6729905  0.7134658  0.7027421
 4  0.4557622  0.4228491  0.4121619  0.3973025  0.3838542  0.3833954  0.3819352  0.3938590  0.4594966  0.5027660  0.5066516  0.4933956  0.4705374  0.4882088  0.4963069  0.4626633  0.4524621  0.4679718  0.4772015  0.5043934  0.5151545  0.4961231  0.4583186  0.4263169  0.5027987  0.5314238  0.4872369
 1  0.7290193  0.6837882  0.6517982  0.6382937  0.6419733  0.6574111  0.6548766  0.6532425  0.6544876  0.6626260  0.6722343  0.6854849  0.6840033  0.6918560  0.6815795  0.6716981  0.6685076  0.6630798  0.6695873  0.6851418  0.6911321  0.6943969  0.6878181  0.6773353  0.6675201  0.6576803  0.6400090
 2  0.5731135  0.5265721  0.5070864  0.5030086  0.5167802  0.5302344  0.5208778  0.5010918  0.4997615  0.5222061  0.5543459  0.5737122  0.5795993  0.5821536  0.5695192  0.5535020  0.5391504  0.5285188  0.5439895  0.5720235  0.5856614  0.5879523  0.5759029  0.5559117  0.5312183  0.5080682  0.4810404
 3  0.7523618  0.7098613  0.6760354  0.6590264  0.6594943  0.6752227  0.6733309  0.6698513  0.6697731  0.6789513  0.6892630  0.7050173  0.7038204  0.7116985  0.7023060  0.6911473  0.6871724  0.6809173  0.6857274  0.7036854  0.7114169  0.7146734  0.7084909  0.6971525  0.6858256  0.6752924  0.6570979
 4  0.4573780  0.4241020  0.4138767  0.4133070  0.4420823  0.4501398  0.4164598  0.3874411  0.4174931  0.4538150  0.4901314  0.5024588  0.5016640  0.5036969  0.4821737  0.4609261  0.4442040  0.4351722  0.4765869  0.5085085  0.5116644  0.5073021  0.4876336  0.4552387  0.4272995  0.4026571  0.3777259
 1  0.7286387  0.6826092  0.6440230  0.6265000  0.6160832  0.6105133  0.6351523  0.6501752  0.6725234  0.6778329  0.6704792  0.6784372  0.6872286  0.6808720  0.6730438  0.6801632  0.6713327  0.6615414  0.6784835  0.6846100  0.6748387  0.6626455  0.6541881  0.6601547  0.6601342  0.6517546  0.6674505
 2  0.5727279  0.5259170  0.5026511  0.4936908  0.4776490  0.4761730  0.5090083  0.5442382  0.5714317  0.5756360  0.5675798  0.5746935  0.5811180  0.5688449  0.5554378  0.5567939  0.5440699  0.5390463  0.5703060  0.5820112  0.5666141  0.5305271  0.4966995  0.5031835  0.5218348  0.5400884  0.5636669
 3  0.7520377  0.7088497  0.6686435  0.6478319  0.6352130  0.6263189  0.6504231  0.6671473  0.6911988  0.6989286  0.6903146  0.6971460  0.7079905  0.7015869  0.6912219  0.6987607  0.6910841  0.6784479  0.6959926  0.7062888  0.6965297  0.6819155  0.6702399  0.6753117  0.6775797  0.6693004  0.6865479
 4  0.4570261  0.4243655  0.4129867  0.4023002  0.3750541  0.4001214  0.4482819  0.4838980  0.5074742  0.4970962  0.4851972  0.5057417  0.5057448  0.4724420  0.4681629  0.4778855  0.4465426  0.4610931  0.5124458  0.5113675  0.4651927  0.3983057  0.3875203  0.4310210  0.4496143  0.4757864  0.4983100
 1  0.7283148  0.6831720  0.6445947  0.6249171  0.6261573  0.6526921  0.6704321  0.6694182  0.6740901  0.6963894  0.6878274  0.6775417  0.6624595  0.6439863  0.6763638  0.7068582  0.6853380  0.6719266  0.6592912  0.6856086  0.6781286  0.6693504  0.6653130  0.6729224  0.6627279  0.6366446  0.6281449
 2  0.5733267  0.5264931  0.5029608  0.4922179  0.5048470  0.5392209  0.5565125  0.5454902  0.5497334  0.5688598  0.5616323  0.5359616  0.5011822  0.4929468  0.5860842  0.6121712  0.5963666  0.5614071  0.5567637  0.5844525  0.5800932  0.5562216  0.5386520  0.5468061  0.5434662  0.5254909  0.5278606
 3  0.7516587  0.7091073  0.6690168  0.6463701  0.6436099  0.6688791  0.6894939  0.6886936  0.6897887  0.7146437  0.7080573  0.6954794  0.6794124  0.6595968  0.6889370  0.7323284  0.7104252  0.6923789  0.6745970  0.7066618  0.7010838  0.6893022  0.6827157  0.6904115  0.6824879  0.6565648  0.6458218
 4  0.4576247  0.4237749  0.4140354  0.4011763  0.4306158  0.4783093  0.4797746  0.4367225  0.4712385  0.4989778  0.4619230  0.4145248  0.3852626  0.4195011  0.5415231  0.5543176  0.4997526  0.4412706  0.4961081  0.5278602  0.4910084  0.4453468  0.4498738  0.4748969  0.4661774  0.4435094  0.4636499
 1  0.7288068  0.6821140  0.6396586  0.6282236  0.6512001  0.6680459  0.6876449  0.6678678  0.6119973  0.5446147  0.5409924  0.6478677  0.7207638  0.6966466  0.6639500  0.6647671  0.6553029  0.6570207  0.6856704  0.6818219  0.6705991  0.6663807  0.6511195  0.6351575  0.6372493  0.6446113  0.6816032
 2  0.5718598  0.5247055  0.5013858  0.5243366  0.5587847  0.5892081  0.5959316  0.5711567  0.4868224  0.4060336  0.4197208  0.6080448  0.6298139  0.6138885  0.5657006  0.5440861  0.5264267  0.5424327  0.5762497  0.5751028  0.5497981  0.5241168  0.4889948  0.4638816  0.4758152  0.5232143  0.5803304
 3  0.7519277  0.7081572  0.6643695  0.6473504  0.6702544  0.6868625  0.7110047  0.6917847  0.6326997  0.5612379  0.5549618  0.6454910  0.7490681  0.7233287  0.6847500  0.6834629  0.6745274  0.6721378  0.7050256  0.7033897  0.6899951  0.6842460  0.6683031  0.6509322  0.6528069  0.6590646  0.6989473
 4  0.4558752  0.4239608  0.4164765  0.4650200  0.5024896  0.5304713  0.5301176  0.4663387  0.3554933  0.3195684  0.3662836  0.5608410  0.5746310  0.5183600  0.4590910  0.4564473  0.4301483  0.4823942  0.5149640  0.4851481  0.4410853  0.4110064  0.3743263  0.3686985  0.3944543  0.4719365  0.5271144
 1  0.7290677  0.6862388  0.6419891  0.6238403  0.6390365  0.6603822  0.6638354  0.6640428  0.6740812  0.6784345  0.6805950  0.6782337  0.6748405  0.6813076  0.6747081  0.6665263  0.6792479  0.6862435  0.6814682  0.6729039  0.6560733  0.6445077  0.6666947  0.6722611  0.6778923  0.6896886  0.7116430
 2  0.5727112  0.5281024  0.4984745  0.5021207  0.5364639  0.5599763  0.5579542  0.5484979  0.5478655  0.5526344  0.5583862  0.5567227  0.5530899  0.5524913  0.5393678  0.5257762  0.5445377  0.5632112  0.5605782  0.5436432  0.5123320  0.5098337  0.5440617  0.5592911  0.5603980  0.5857006  0.6069647
 3  0.7524285  0.7122459  0.6665740  0.6438753  0.6562287  0.6798029  0.6842262  0.6823758  0.6918106  0.6963831  0.6988377  0.6979028  0.6932953  0.6993242  0.6937709  0.6834505  0.6954009  0.7049953  0.7011374  0.6920575  0.6741256  0.6601368  0.6838122  0.6915158  0.6968627  0.7061250  0.7331247
 4  0.4570490  0.4243603  0.4065039  0.4292725  0.4786043  0.4932224  0.4684356  0.4564538  0.4641499  0.4719417  0.4822029  0.4701601  0.4636903  0.4674395  0.4365369  0.4305834  0.4750639  0.4905122  0.4720187  0.4380690  0.4027142  0.4417730  0.4821173  0.4823813  0.4704116  0.5205877  0.5449488
 1  0.7285444  0.6845489  0.6451782  0.6351046  0.6634203  0.6629833  0.6523193  0.6448039  0.6288598  0.6164244  0.6237539  0.6363978  0.6529627  0.6581025  0.6733258  0.6899290  0.6875287  0.6901290  0.6925926  0.6883493  0.6800034  0.6789801  0.6966425  0.6877915  0.6749924  0.6786744  0.6644562
 2  0.5715557  0.5269665  0.5020947  0.5269623  0.5563006  0.5563170  0.5326956  0.5133203  0.4973730  0.5001642  0.5227204  0.5399019  0.5497883  0.5477135  0.5621851  0.5761218  0.5745558  0.5725037  0.5718412  0.5616341  0.5362990  0.5410656  0.5717149  0.5754072  0.5682427  0.5655035  0.5483689
 3  0.7518726  0.7105461  0.6696374  0.6536710  0.6831083  0.6835008  0.6707725  0.6631340  0.6463026  0.6333580  0.6416627  0.6545277  0.6727061  0.6767722  0.6902084  0.7095650  0.7074442  0.7086297  0.7118640  0.7077816  0.6983410  0.6941221  0.7147426  0.7092349  0.6943543  0.6987493  0.6848587
 4  0.4567600  0.4241813  0.4110042  0.4674347  0.4908069  0.4649244  0.4369515  0.4188751  0.4146085  0.4373104  0.4584356  0.4763817  0.4701443  0.4599377  0.4929541  0.5032663  0.4860244  0.4881868  0.4889122  0.4637851  0.4156694  0.4650122  0.5119756  0.4941610  0.4871325  0.4859207  0.4522698
 1  0.7296366  0.6855762  0.6398603  0.6232561  0.6464223  0.6607145  0.6781748  0.6764098  0.6851751  0.6804596  0.6726816  0.6766399  0.6756966  0.6696105  0.6638619  0.6647950  0.6691214  0.6792604  0.6806491  0.6787902  0.6780213  0.6598361  0.6406335  0.6700473  0.6885795  0.6763043  0.6551508
 2  0.5720962  0.5265683  0.4982944  0.5101594  0.5397652  0.5647421  0.5755012  0.5768021  0.5761984  0.5623250  0.5411493  0.5335615  0.5316082  0.5177256  0.5088997  0.5124728  0.5325286  0.5593662  0.5697561  0.5736952  0.5686301  0.5438264  0.5319289  0.5795716  0.5950635  0.5766895  0.5318120
 3  0.7526637  0.7116277  0.6646736  0.6429196  0.6649521  0.6789073  0.6982517  0.6964206  0.7051329  0.7009194  0.6906597  0.6934673  0.6934376  0.6869996  0.6803253  0.6810448  0.6854822  0.6970358  0.7006420  0.6982583  0.6986671  0.6809488  0.6569715  0.6871947  0.7117133  0.6990099  0.6744982
 4  0.4551399  0.4242029  0.4094960  0.4444939  0.4746078  0.4990288  0.5035741  0.4985068  0.4964475  0.4615264  0.4357980  0.4451972  0.4387792  0.4125748  0.4101748  0.4275601  0.4622168  0.4931188  0.4945983  0.4978709  0.4896882  0.4403602  0.4633529  0.5297156  0.5272257  0.4717328  0.4110631
 1  0.7284429  0.6853761  0.6510093  0.6371122  0.6396273  0.6481854  0.6510263  0.6510205  0.6538954  0.6576743  0.6606548  0.6747221  0.6806526  0.6960016  0.6830944  0.6762392  0.6769050  0.6759050  0.6786725  0.6768013  0.6742934  0.6737341  0.6898539  0.6983316  0.6967282  0.6866924  0.6804638
 2  0.5730610  0.5279833  0.5046888  0.5029010  0.5142022  0.5237815  0.5182332  0.5062530  0.5091429  0.5200364  0.5381116  0.5562212  0.5780820  0.5898003  0.5788526  0.5632761  0.5543836  0.5488695  0.5442672  0.5390525  0.5315449  0.5419711  0.5721154  0.5902768  0.5875441  0.5653173  0.5516484
 3  0.7519268  0.7113701  0.6752217  0.6574495  0.6575270  0.6661799  0.6690778  0.6677236  0.6697110  0.6750882  0.6776724  0.6930068  0.6988417  0.7167798  0.7048582  0.6957448  0.6957687  0.6942810  0.6965627  0.6946122  0.6916543  0.6903206  0.7075942  0.7184418  0.7180289  0.7069440  0.6969935
 4  0.4576491  0.4240232  0.4092627  0.4173339  0.4389637  0.4427313  0.4184033  0.4047861  0.4304529  0.4421860  0.4659860  0.4843597  0.5106888  0.5200430  0.4901658  0.4718008  0.4660707  0.4597028  0.4532190  0.4439214  0.4375999  0.4691013  0.5080139  0.5200190  0.5009868  0.4495329  0.4641826
 1  0.7277919  0.6820969  0.6412247  0.6317036  0.6456460  0.6457688  0.6388575  0.6328730  0.6166605  0.5988386  0.6620116  0.6622448  0.6628254  0.6754957  0.6787193  0.6899182  0.6921245  0.6859747  0.6798912  0.6817090  0.6821921  0.6870206  0.6812521  0.6892118  0.6904049  0.6838714  0.6786289
 2  0.5737728  0.5269579  0.5006879  0.5203213  0.5527250  0.5552320  0.5390549  0.5162353  0.4885832  0.5175537  0.5697457  0.5701398  0.5600049  0.5598726  0.5667829  0.5802545  0.5840033  0.5715945  0.5548902  0.5478079  0.5482298  0.5484644  0.5503004  0.5642252  0.5687242  0.5576913  0.5386690
 3  0.7515671  0.7084518  0.6658608  0.6507831  0.6642775  0.6677420  0.6600075  0.6516920  0.6345203  0.6115331  0.6811045  0.6846474  0.6818237  0.6940253  0.6971465  0.7089696  0.7130801  0.7063046  0.6982730  0.6997815  0.6997687  0.7049157  0.6987316  0.7070672  0.7102637  0.7029070  0.6964513
 4  0.4588903  0.4247927  0.4104158  0.4568857  0.4984812  0.4838946  0.4458077  0.4184396  0.3999675  0.4773137  0.5169822  0.4849661  0.4709879  0.4792632  0.4930376  0.5114798  0.5040777  0.4735112  0.4597301  0.4575718  0.4622877  0.4570548  0.4668211  0.4926137  0.4839073  0.4557094  0.4349934
 1  0.7298005  0.6869835  0.6495563  0.6332806  0.6273980  0.6388175  0.6523336  0.6519228  0.6427871  0.6444385  0.6821582  0.6897981  0.6856933  0.6804258  0.6855584  0.7013253  0.6822987  0.6598327  0.6236482  0.6466343  0.6947549  0.6936672  0.6725487  0.6528629  0.6294391  0.6319132  0.6386109
 2  0.5740700  0.5276939  0.5038965  0.4989385  0.5044150  0.5250523  0.5383816  0.5277202  0.4966833  0.5121822  0.5633349  0.5813516  0.5708159  0.5483406  0.5575037  0.5787595  0.5673976  0.5309839  0.5027107  0.5788444  0.6110379  0.6093668  0.5823083  0.5505228  0.5173231  0.5150313  0.5262757
 3  0.7528205  0.7124562  0.6736582  0.6542083  0.6453777  0.6558575  0.6708892  0.6709164  0.6607099  0.6582102  0.6989322  0.7103724  0.7058725  0.6987377  0.7011610  0.7207248  0.7040608  0.6795452  0.6400227  0.6592765  0.7182659  0.7180230  0.6957806  0.6751330  0.6486477  0.6489798  0.6568571
 4  0.4569187  0.4228657  0.4129194  0.4108404  0.4290289  0.4591283  0.4607489  0.4265422  0.3757639  0.4519479  0.5104321  0.5052951  0.4681244  0.4353460  0.4876203  0.5136806  0.4730815  0.4135752  0.4335235  0.5370918  0.5537015  0.5364683  0.5022197  0.4538276  0.4255151  0.4442918  0.4538064
 1  0.7283085  0.6840857  0.6481849  0.6597320  0.7032819  0.6873604  0.6700620  0.6639278  0.6675076  0.6677337  0.6673422  0.6765891  0.6829560  0.6819587  0.6792972  0.6823976  0.7042919  0.6897375  0.6651617  0.6734342  0.6608426  0.6280346  0.6272877  0.6553344  0.6633582  0.6688380  0.6685716
 2  0.5726575  0.5268711  0.5042475  0.5749476  0.6062217  0.5942771  0.5478733  0.4950869  0.4718186  0.4682757  0.4951410  0.5289356  0.5502860  0.5535884  0.5460592  0.5708769  0.5966784  0.5878250  0.5618516  0.5641343  0.5497709  0.5023394  0.5010878  0.5349154  0.5523227  0.5564369  0.5549743
 3  0.7516802  0.7099972  0.6724579  0.6742498  0.7269657  0.7117559  0.6900633  0.6799137  0.6817605  0.6825394  0.6821534  0.6922915  0.7009196  0.7003296  0.6977015  0.6980844  0.7253602  0.7131472  0.6847496  0.6924461  0.6824638  0.6484537  0.6427670  0.6718621  0.6822442  0.6878469  0.6875994
 4  0.4573648  0.4236758  0.4125009  0.5256477  0.5491694  0.4930127  0.3952723  0.3516770  0.3673168  0.3748505  0.4117071  0.4596937  0.4724748  0.4654047  0.4486964  0.5081791  0.5368465  0.4980283  0.4741551  0.4941185  0.4609879  0.3879470  0.4271052  0.4754566  0.4797585  0.4748833  0.4721217
 1  0.7276216  0.6799711  0.6422808  0.6254812  0.6228512  0.6370116  0.6520791  0.6605379  0.6743847  0.6703328  0.6690074  0.6729123  0.6745964  0.6779378  0.6906389  0.6930798  0.6863907  0.6931827  0.6961290  0.6882007  0.6753019  0.6678763  0.6648648  0.6595750  0.6754301  0.6756866  0.6779407
 2  0.5713430  0.5245389  0.5033954  0.4952915  0.4946725  0.5083849  0.5201661  0.5339169  0.5507862  0.5486254  0.5363898  0.5226355  0.5142441  0.5308331  0.5671583  0.5805680  0.5794189  0.5867003  0.5896259  0.5785497  0.5566141  0.5418265  0.5325599  0.5339850  0.5499266  0.5489728  0.5441371
 3  0.7511091  0.7064469  0.6670468  0.6469255  0.6411722  0.6533756  0.6691563  0.6769798  0.6919150  0.6901020  0.6874219  0.6895786  0.6906268  0.6932979  0.7080942  0.7136354  0.7062972  0.7124728  0.7171948  0.7092479  0.6949102  0.6863425  0.6832315  0.6768109  0.6933141  0.6946693  0.6951990
 4  0.4565952  0.4247408  0.4153741  0.4048390  0.4082025  0.4323143  0.4373721  0.4567233  0.4789333  0.4599025  0.4280481  0.4136622  0.4155832  0.4611418  0.5051754  0.5049890  0.4977073  0.5146267  0.5142417  0.4877477  0.4601635  0.4526462  0.4423597  0.4575238  0.4738248  0.4547102  0.4481965
 1  0.7295355  0.6833054  0.6471471  0.6324569  0.6210864  0.6433906  0.6088475  0.5474822  0.6273054  0.6491505  0.6356989  0.6500775  0.6767095  0.6520278  0.6257638  0.6126630  0.6177299  0.5960754  0.6266480  0.6428578  0.6578856  0.6802422  0.7028529  0.7061586  0.6843532  0.6751041  0.6872436
 2  0.5725281  0.5249292  0.5050921  0.5002645  0.5122014  0.5401149  0.5153930  0.4968227  0.5661086  0.5694943  0.5511984  0.5698029  0.5910310  0.5672349  0.5313810  0.5143131  0.5239575  0.5173456  0.5361877  0.5407685  0.5456490  0.5722280  0.5988135  0.6014069  0.5712947  0.5559503  0.5669558
 3  0.7525048  0.7090707  0.6714598  0.6537653  0.6381213  0.6615986  0.6308856  0.5596151  0.6440787  0.6733414  0.6586742  0.6657163  0.6988062  0.6772898  0.6481070  0.6305882  0.6353714  0.6159780  0.6457024  0.6618867  0.6754123  0.6967978  0.7226530  0.7284355  0.7057407  0.6921535  0.7062557
 4  0.4559979  0.4229972  0.4174559  0.4105164  0.4496098  0.4797581  0.4378446  0.4611910  0.5219021  0.5052281  0.4622856  0.5100378  0.5371808  0.4905888  0.4368665  0.4405086  0.4662443  0.4571317  0.4640677  0.4574489  0.4643221  0.5087343  0.5350758  0.5198893  0.4586071  0.4728280  0.4990092
 1  0.7297679  0.6837130  0.6452630  0.6285027  0.6331045  0.6351021  0.6472054  0.6850120  0.6877229  0.6843374  0.6847933  0.6945592  0.6858577  0.6690733  0.6571292  0.6610623  0.6724849  0.6767997  0.6924873  0.6828047  0.6576903  0.6459502  0.6391365  0.6362629  0.6489173  0.6716741  0.6858634
 2  0.5727351  0.5256898  0.5030182  0.5023047  0.5074969  0.4999203  0.5299924  0.5733366  0.5828733  0.5727626  0.5715847  0.5793595  0.5680550  0.5367806  0.5085028  0.5211755  0.5446342  0.5705905  0.5854557  0.5722031  0.5274513  0.4941308  0.4818763  0.4864509  0.5251280  0.5633221  0.5822232
 3  0.7529215  0.7098162  0.6698254  0.6492629  0.6519083  0.6531826  0.6610224  0.7029942  0.7089657  0.7041910  0.7028823  0.7142198  0.7067040  0.6884215  0.6738823  0.6767748  0.6903344  0.6945060  0.7130700  0.7045885  0.6767727  0.6628786  0.6557803  0.6518770  0.6646741  0.6891483  0.7057150
 4  0.4563384  0.4239990  0.4135074  0.4217858  0.4222693  0.3983735  0.4712955  0.5172194  0.5027091  0.4776416  0.4938479  0.5059703  0.4736907  0.4168562  0.4058934  0.4538362  0.4751360  0.5046960  0.5154308  0.4700600  0.4075156  0.3901595  0.3889346  0.4121355  0.4642660  0.5024616  0.5114679
 1  0.7307883  0.6902578  0.6534214  0.6356462  0.6318574  0.6336764  0.6359530  0.6355602  0.6739742  0.7115213  0.6949066  0.6813938  0.6698376  0.6719871  0.6743811  0.6675911  0.6697688  0.6729140  0.6774520  0.6784462  0.6767077  0.6751458  0.6784108  0.6710952  0.6657854  0.6952701  0.7261258
 2  0.5721036  0.5278407  0.5036729  0.4981177  0.4970641  0.4953966  0.4898500  0.4938266  0.5850912  0.6148128  0.6044972  0.5695162  0.5258729  0.5124153  0.5148315  0.5216749  0.5359115  0.5530069  0.5642497  0.5665224  0.5589555  0.5540536  0.5547841  0.5461252  0.5323710  0.6051545  0.6259008
 3  0.7532927  0.7151701  0.6771551  0.6563771  0.6503352  0.6508618  0.6527158  0.6512888  0.6857229  0.7360922  0.7197381  0.7022464  0.6872109  0.6876599  0.6910452  0.6845146  0.6866404  0.6911268  0.6965186  0.6981508  0.6963519  0.6931573  0.6969219  0.6906822  0.6838460  0.7077774  0.7520147
 4  0.4546830  0.4210379  0.4107103  0.4097449  0.4078143  0.4048807  0.3940644  0.4157987  0.5389526  0.5579398  0.5112554  0.4391044  0.4038209  0.4236492  0.4291591  0.4345403  0.4613160  0.4820462  0.4900995  0.4857766  0.4668240  0.4687724  0.4763818  0.4530962  0.4325476  0.5510373  0.5687324
 1  0.7303903  0.6872068  0.6547048  0.6441568  0.6549793  0.6620680  0.6533827  0.6485813  0.6680249  0.6697420  0.6810596  0.6755110  0.6716000  0.6789014  0.6787602  0.6776970  0.6953576  0.6944592  0.7029166  0.6984409  0.6933428  0.6955281  0.6881419  0.6885464  0.6772428  0.6693596  0.6765612
 2  0.5724657  0.5261880  0.5070540  0.5164612  0.5365448  0.5431797  0.5259068  0.5227869  0.5401067  0.5526505  0.5617856  0.5526898  0.5383378  0.5356341  0.5302316  0.5389283  0.5632297  0.5782792  0.5852207  0.5804591  0.5705867  0.5644897  0.5595729  0.5522623  0.5329815  0.5110174  0.5167661
 3  0.7530171  0.7125659  0.6786708  0.6641587  0.6733748  0.6810840  0.6720283  0.6650045  0.6856482  0.6876850  0.6997109  0.6953954  0.6891433  0.6957809  0.6964454  0.6932091  0.7132567  0.7131985  0.7223348  0.7186539  0.7118602  0.7141609  0.7066610  0.7069089  0.6957829  0.6857423  0.6919704
 4  0.4545642  0.4220062  0.4151390  0.4402599  0.4650390  0.4577629  0.4254798  0.4466986  0.4657775  0.4771928  0.4840917  0.4536635  0.4378990  0.4469090  0.4274120  0.4641118  0.4920675  0.5012233  0.5067983  0.4875954  0.4788628  0.4759894  0.4702896  0.4587061  0.4190671  0.4014584  0.4335900
 1  0.7296366  0.6850449  0.6522939  0.6387971  0.6381533  0.6492517  0.6551444  0.6651009  0.6677285  0.6723432  0.6748344  0.6765889  0.6767186  0.6755509  0.6947463  0.7031984  0.6989322  0.7031242  0.7001732  0.6885514  0.6774521  0.6915954  0.6926795  0.6919901  0.6926646  0.6896445  0.6798914
 2  0.5735597  0.5268509  0.5070098  0.5029714  0.5083840  0.5196183  0.5313726  0.5395598  0.5388697  0.5332113  0.5295808  0.5298026  0.5236378  0.5324919  0.5679613  0.5875057  0.5899339  0.5929283  0.5875176  0.5655802  0.5523675  0.5712732  0.5792267  0.5771850  0.5735501  0.5667395  0.5468074
 3  0.7528274  0.7109904  0.6765265  0.6595968  0.6561276  0.6664827  0.6722054  0.6830731  0.6860192  0.6894915  0.6917340  0.6935198  0.6940186  0.6913153  0.7113191  0.7234054  0.7189091  0.7228564  0.7212691  0.7088983  0.6942268  0.7100296  0.7131771  0.7111378  0.7118035  0.7091144  0.6989248
 4  0.4567928  0.4240181  0.4143130  0.4126097  0.4269205  0.4395875  0.4555409  0.4585069  0.4444990  0.4356200  0.4371322  0.4390412  0.4206005  0.4517638  0.5068028  0.5147771  0.5073884  0.5157824  0.5029675  0.4543123  0.4694147  0.5067977  0.4982111  0.4890131  0.4895625  0.4765218  0.4440308
 1  0.7302785  0.6870950  0.6503661  0.6383536  0.6521799  0.6618948  0.6749581  0.6791667  0.6735469  0.6740535  0.6770262  0.6805521  0.6748268  0.6676313  0.6755820  0.6840366  0.6836045  0.6921301  0.6783772  0.6715885  0.6764757  0.7009681  0.6941951  0.6834712  0.6685899  0.6648268  0.6670810
 2  0.5733585  0.5267900  0.5044398  0.5157393  0.5377279  0.5558619  0.5683818  0.5675926  0.5528502  0.5394965  0.5383182  0.5393934  0.5327608  0.5284391  0.5476102  0.5645092  0.5774986  0.5835590  0.5712592  0.5524896  0.5715931  0.5945620  0.5896082  0.5596853  0.5070176  0.4799820  0.4920976
 3  0.7530235  0.7126356  0.6745934  0.6582159  0.6708146  0.6802646  0.6937138  0.6994703  0.6927500  0.6916627  0.6942703  0.6979403  0.6927480  0.6847695  0.6923051  0.7030535  0.7023688  0.7128705  0.6995438  0.6910041  0.6928975  0.7217733  0.7166737  0.7033457  0.6854459  0.6795401  0.6819195
 4  0.4550866  0.4227626  0.4134834  0.4439027  0.4679819  0.4839995  0.4970171  0.4813292  0.4523101  0.4436708  0.4504821  0.4513910  0.4365735  0.4408013  0.4789267  0.4915691  0.5062458  0.5096369  0.4814573  0.4576720  0.5077690  0.5322418  0.4972789  0.4250361  0.3650457  0.3749782  0.4199761
 1  0.7293163  0.6858686  0.6518683  0.6412673  0.6458114  0.6413244  0.6321124  0.6319998  0.6495231  0.6628532  0.6780369  0.6991692  0.6896844  0.6796174  0.6717865  0.6657135  0.6738275  0.6738543  0.6669096  0.6781655  0.7077278  0.7054208  0.6941734  0.6972181  0.6888461  0.6857302  0.6784489
 2  0.5744903  0.5275923  0.5062925  0.5151277  0.5280499  0.5206557  0.4963636  0.4888481  0.5168060  0.5412130  0.5743526  0.5917777  0.5807563  0.5531676  0.5231428  0.5104187  0.5225540  0.5301033  0.5225252  0.5656379  0.6039539  0.6075100  0.5960212  0.5877520  0.5754776  0.5584263  0.5353620
 3  0.7524203  0.7115102  0.6759872  0.6612799  0.6646565  0.6610228  0.6501380  0.6475952  0.6651466  0.6805315  0.6951527  0.7197297  0.7112245  0.6986856  0.6892922  0.6818564  0.6899276  0.6916811  0.6841883  0.6925368  0.7285248  0.7287415  0.7150783  0.7179448  0.7091823  0.7048444  0.6968187
 4  0.4571711  0.4233741  0.4145623  0.4394880  0.4549705  0.4262521  0.3865690  0.4059906  0.4530238  0.4718493  0.5098538  0.5215704  0.4839052  0.4386160  0.4098474  0.4194188  0.4456292  0.4379366  0.4238756  0.5110879  0.5464650  0.5290862  0.5106628  0.5049264  0.4841711  0.4586546  0.4182920
 1  0.7296147  0.6875420  0.6496410  0.6338658  0.6510128  0.6638773  0.6531271  0.6410272  0.6435255  0.6775915  0.7005893  0.7005577  0.6872117  0.6803961  0.6664368  0.6590767  0.6554649  0.6412494  0.6527110  0.6578549  0.6613535  0.6635379  0.6530839  0.6490688  0.6722642  0.6926503  0.6785417
 2  0.5737913  0.5281508  0.5027312  0.5096709  0.5397739  0.5519314  0.5310253  0.4962294  0.5070171  0.5724359  0.6037530  0.6039463  0.5810088  0.5537510  0.5249746  0.5196621  0.5219146  0.5162869  0.5248136  0.5289495  0.5288337  0.5323029  0.5374276  0.5529961  0.5864286  0.5991314  0.5813065
 3  0.7527116  0.7132616  0.6739092  0.6536385  0.6689030  0.6834406  0.6727586  0.6587369  0.6579606  0.6932271  0.7221068  0.7234332  0.7085359  0.6994779  0.6840842  0.6761003  0.6738011  0.6593974  0.6701563  0.6755956  0.6785982  0.6810313  0.6707913  0.6679256  0.6910457  0.7147556  0.7016594
 4  0.4563463  0.4233721  0.4088038  0.4370844  0.4759221  0.4719368  0.4242203  0.3787016  0.4424162  0.5248678  0.5417637  0.5215514  0.4790791  0.4430635  0.4268136  0.4413226  0.4389204  0.4341639  0.4428978  0.4423736  0.4431321  0.4499183  0.4700377  0.4942988  0.5261025  0.5319645  0.4916439
 1  0.7292546  0.6838950  0.6450127  0.6291308  0.6366416  0.6409677  0.6511628  0.6640686  0.6555495  0.6549519  0.6595052  0.6556735  0.6745092  0.7003007  0.6894028  0.6890259  0.6863249  0.6815848  0.6720270  0.6623774  0.6636061  0.6755800  0.6646481  0.6644696  0.6917603  0.6880504  0.6841129
 2  0.5718989  0.5260567  0.5029338  0.5062727  0.5191725  0.5247569  0.5349863  0.5422335  0.5322128  0.5307182  0.5360739  0.5330285  0.5694505  0.5934061  0.5886472  0.5799608  0.5722293  0.5607905  0.5383032  0.5175055  0.5290523  0.5536252  0.5494660  0.5634518  0.5869429  0.5856011  0.5730975
 3  0.7524902  0.7101951  0.6697286  0.6495111  0.6552972  0.6593551  0.6680994  0.6824536  0.6742741  0.6722113  0.6780884  0.6740095  0.6900098  0.7213288  0.7110895  0.7087254  0.7062654  0.7011949  0.6909918  0.6798584  0.6790313  0.6942953  0.6850671  0.6809175  0.7121342  0.7097057  0.7035853
 4  0.4556608  0.4248787  0.4124877  0.4301427  0.4443429  0.4427969  0.4602678  0.4607647  0.4414636  0.4533326  0.4554556  0.4475288  0.5104632  0.5289043  0.5027044  0.4944332  0.4881139  0.4684459  0.4329092  0.4119623  0.4629089  0.4872838  0.4598008  0.4990779  0.5232541  0.4994817  0.4821919
 1  0.7268804  0.6807195  0.6438033  0.6269347  0.6319905  0.6377381  0.6427563  0.6503773  0.6723821  0.6825810  0.6844087  0.6960252  0.6916248  0.6853207  0.6809385  0.6971794  0.7227667  0.7043854  0.6840478  0.6811634  0.6829489  0.6798314  0.6791448  0.6848345  0.6948404  0.6824917  0.6669298
 2  0.5720317  0.5262093  0.5031113  0.4976763  0.5015100  0.4996423  0.4907934  0.5022347  0.5405470  0.5601965  0.5704103  0.5773140  0.5691353  0.5447304  0.5168174  0.5769780  0.6118587  0.6051052  0.5696396  0.5412140  0.5302652  0.5190877  0.5189130  0.5439325  0.5674723  0.5602451  0.5317692
 3  0.7507258  0.7073971  0.6685682  0.6477531  0.6504036  0.6550697  0.6591247  0.6652120  0.6881108  0.7016118  0.7026781  0.7150834  0.7115908  0.7036140  0.6972796  0.7099295  0.7454441  0.7286791  0.7044488  0.6982516  0.7000462  0.6966552  0.6952135  0.7002746  0.7136025  0.7032311  0.6856177
 4  0.4578270  0.4254919  0.4109991  0.4122153  0.4137710  0.4040795  0.3871235  0.4260082  0.4798885  0.4835302  0.4897333  0.4981445  0.4714668  0.4228482  0.3922049  0.5255244  0.5559715  0.5115026  0.4435115  0.4355101  0.4355012  0.4172048  0.4187938  0.4754394  0.4992934  0.4621661  0.4138356
 1  0.7276814  0.6792428  0.6070606  0.5873320  0.6555459  0.6615750  0.6471847  0.6593983  0.6515038  0.6294331  0.6335295  0.6531849  0.6574552  0.6593616  0.6699470  0.6615892  0.6709400  0.6981885  0.6851949  0.6792812  0.6641386  0.6509433  0.6429348  0.6294370  0.6475208  0.6481453  0.6445098
 2  0.5706466  0.5246105  0.4820618  0.5239162  0.5752978  0.5769010  0.5601597  0.5626735  0.5465146  0.5079404  0.5063757  0.5310298  0.5415352  0.5524071  0.5600735  0.5477504  0.5685227  0.5906324  0.5825078  0.5646347  0.5473615  0.5356393  0.5191371  0.5061379  0.5231537  0.5240544  0.5085934
 3  0.7513709  0.7062406  0.6328024  0.6018074  0.6757350  0.6846600  0.6668035  0.6793602  0.6733302  0.6489341  0.6492921  0.6701419  0.6761474  0.6772914  0.6897688  0.6818107  0.6866034  0.7190783  0.7072476  0.6986478  0.6831926  0.6705298  0.6627539  0.6465552  0.6641641  0.6673341  0.6623938
 4  0.4564608  0.4263262  0.4049477  0.4842508  0.5233250  0.4985879  0.4854975  0.4944297  0.4534673  0.3994658  0.4315509  0.4660116  0.4654193  0.4820891  0.4845448  0.4530177  0.5053941  0.5270285  0.4920929  0.4693611  0.4666945  0.4570055  0.4204579  0.4231613  0.4548455  0.4356269  0.4020310
 1  0.7288869  0.6824790  0.6508195  0.6382467  0.6465115  0.6830554  0.6809204  0.6710692  0.6661990  0.6685561  0.6662979  0.6579603  0.6408064  0.6481440  0.6441492  0.6364283  0.6705073  0.6752915  0.6874016  0.6843080  0.6799750  0.6786425  0.6875180  0.6898836  0.6884236  0.7062964  0.6916164
 2  0.5722694  0.5257889  0.5077277  0.5010446  0.5382294  0.5754855  0.5748547  0.5485430  0.5236269  0.5196103  0.5190530  0.5169619  0.5281314  0.5563250  0.5526621  0.5515282  0.5705130  0.5794539  0.5814506  0.5724972  0.5496204  0.5315910  0.5439053  0.5532025  0.5792228  0.5991750  0.5882238
 3  0.7523135  0.7089899  0.6753790  0.6592667  0.6619378  0.7020661  0.7024967  0.6903475  0.6831260  0.6852191  0.6834951  0.6755916  0.6571928  0.6675517  0.6668864  0.6542564  0.6901553  0.6951458  0.7073516  0.7050310  0.6989734  0.6949974  0.7036785  0.7083928  0.7052717  0.7277126  0.7147343
 4  0.4564181  0.4253472  0.4148554  0.4054702  0.4812323  0.5161762  0.4838369  0.4307345  0.4212840  0.4331066  0.4332188  0.4271449  0.4685528  0.5030377  0.4722962  0.4844140  0.5038283  0.5042032  0.5049034  0.4787007  0.4317502  0.4307753  0.4700323  0.4719691  0.5139974  0.5354682  0.4945737
 1  0.7293529  0.6853485  0.6561796  0.6486973  0.6628922  0.6785561  0.6729902  0.6690020  0.6701302  0.6800157  0.6826826  0.6818565  0.6835532  0.6855212  0.6995907  0.7105600  0.7057809  0.6976985  0.6902083  0.6813393  0.6701819  0.6601858  0.6608802  0.6655794  0.6681579  0.6662763  0.6739541
 2  0.5733252  0.5268649  0.5096635  0.5200542  0.5515833  0.5679461  0.5558815  0.5267140  0.5092995  0.5172982  0.5268688  0.5299727  0.5260058  0.5321345  0.5693790  0.5972736  0.5982130  0.5867531  0.5704883  0.5558111  0.5341066  0.5155078  0.5147109  0.5255536  0.5345832  0.5432267  0.5645310
 3  0.7524326  0.7111111  0.6801884  0.6685472  0.6804624  0.6985335  0.6931777  0.6867538  0.6855837  0.6956288  0.6994238  0.6985514  0.7001653  0.7011559  0.7155997  0.7308694  0.7276343  0.7178286  0.7097233  0.7009143  0.6888530  0.6777221  0.6773445  0.6823594  0.6859241  0.6837964  0.6919149
 4  0.4564886  0.4236263  0.4161325  0.4425794  0.4892678  0.4935345  0.4498449  0.3984403  0.4086876  0.4356421  0.4368786  0.4306636  0.4207706  0.4458249  0.5091532  0.5318876  0.5138928  0.4926510  0.4825689  0.4620110  0.4311809  0.4154216  0.4286837  0.4480144  0.4517187  0.4676331  0.5009481
 1  0.7305986  0.6873727  0.6522517  0.6352584  0.6358880  0.6542186  0.6616516  0.6736525  0.6774283  0.6703783  0.6620036  0.6553958  0.6617802  0.6941312  0.6856192  0.6714747  0.6660189  0.6795588  0.6677288  0.6577446  0.6435667  0.6257681  0.6516943  0.6501442  0.6496923  0.6619056  0.6730845
 2  0.5717957  0.5268754  0.5056554  0.4983818  0.5107582  0.5310593  0.5441093  0.5570333  0.5607818  0.5492013  0.5278821  0.5085214  0.5505483  0.5914536  0.5875795  0.5577129  0.5451229  0.5624380  0.5590639  0.5490658  0.5301796  0.5224353  0.5425869  0.5383906  0.5304222  0.5422789  0.5628104
 3  0.7533970  0.7131662  0.6765514  0.6562040  0.6533316  0.6715526  0.6795026  0.6913499  0.6967852  0.6899824  0.6805136  0.6727045  0.6752706  0.7152339  0.7091444  0.6915110  0.6824196  0.6984225  0.6883460  0.6775991  0.6637272  0.6431310  0.6700270  0.6702981  0.6670009  0.6792186  0.6912244
 4  0.4545695  0.4238309  0.4125949  0.4069027  0.4365474  0.4584370  0.4665759  0.4823379  0.4806704  0.4545757  0.4232579  0.4050413  0.5007605  0.5363723  0.4957888  0.4396764  0.4699043  0.4968561  0.4807985  0.4671812  0.4414289  0.4551907  0.4751972  0.4462611  0.4444768  0.4716894  0.4945765
 1  0.7296065  0.6848502  0.6382974  0.6213183  0.6411478  0.6566348  0.6523221  0.6476874  0.6409052  0.6569631  0.6966769  0.6906106  0.6775861  0.6698312  0.6598738  0.6690745  0.6668400  0.6539028  0.6588455  0.6613085  0.6686890  0.6848432  0.6861705  0.6788150  0.6853592  0.6787756  0.6750462
 2  0.5709990  0.5260874  0.4983747  0.5061808  0.5361496  0.5487818  0.5347734  0.5112852  0.4966698  0.5575778  0.6015171  0.5990315  0.5752765  0.5408250  0.5188902  0.5378063  0.5441261  0.5309409  0.5303190  0.5296795  0.5421743  0.5645164  0.5669695  0.5596979  0.5573552  0.5433595  0.5170464
 3  0.7526389  0.7108550  0.6630551  0.6414800  0.6591741  0.6760240  0.6717191  0.6654542  0.6573420  0.6700574  0.7180632  0.7148375  0.6996778  0.6888790  0.6758341  0.6861001  0.6866081  0.6725272  0.6763961  0.6792599  0.6852838  0.7026703  0.7061877  0.6972960  0.7038812  0.6977637  0.6920471
 4  0.4553632  0.4242783  0.4114055  0.4370019  0.4722522  0.4706920  0.4352904  0.4036477  0.4092238  0.5126853  0.5465609  0.5207010  0.4681307  0.4156711  0.4342606  0.4745584  0.4591148  0.4382088  0.4455470  0.4426008  0.4674505  0.4949460  0.4799807  0.4706954  0.4704886  0.4363320  0.3904254
 1  0.7282144  0.6833599  0.6405893  0.6267019  0.6493246  0.6574965  0.6512108  0.6494931  0.6551490  0.6650229  0.6916619  0.6863970  0.6791767  0.6839904  0.6669256  0.6470354  0.6356747  0.6705734  0.6881435  0.6885477  0.6734028  0.6646054  0.6595055  0.6558361  0.6696467  0.6572500  0.6468048
 2  0.5716742  0.5259985  0.4995363  0.5133622  0.5433283  0.5491175  0.5285728  0.5061568  0.4960266  0.5341218  0.5769674  0.5832152  0.5790956  0.5778073  0.5534770  0.5072233  0.5098660  0.5738033  0.5971679  0.5923572  0.5631537  0.5336398  0.5163794  0.5344784  0.5595472  0.5521642  0.5409631
 3  0.7515257  0.7094771  0.6652525  0.6462198  0.6678631  0.6775281  0.6703131  0.6665330  0.6711857  0.6790531  0.7105712  0.7079243  0.6986116  0.7051434  0.6885485  0.6658073  0.6496581  0.6878070  0.7101341  0.7109603  0.6945993  0.6828189  0.6764161  0.6722913  0.6887675  0.6787954  0.6655162
 4  0.4562747  0.4238654  0.4102151  0.4477206  0.4792880  0.4645062  0.4205657  0.3982899  0.3971013  0.4797411  0.5191735  0.5027420  0.5043274  0.5017887  0.4472289  0.3786104  0.4515029  0.5272164  0.5313694  0.5068778  0.4548542  0.4248682  0.4289616  0.4728071  0.4962828  0.4664417  0.4602702
 1  0.7303159  0.6867608  0.6483844  0.6309820  0.6290164  0.6529780  0.6752066  0.6664921  0.6519849  0.6536416  0.6581974  0.6498052  0.6463805  0.6532926  0.6714567  0.6848798  0.6842233  0.6836292  0.6823530  0.6802004  0.6851065  0.6961843  0.6911277  0.6791387  0.6805198  0.6732065  0.6639231
 2  0.5706112  0.5258546  0.5028144  0.4952143  0.5041990  0.5468648  0.5708519  0.5605352  0.5365870  0.5391643  0.5456813  0.5364001  0.5328444  0.5456358  0.5699056  0.5819517  0.5790942  0.5694233  0.5550506  0.5405072  0.5490710  0.5712133  0.5714989  0.5586463  0.5487710  0.5277253  0.5133318
 3  0.7531030  0.7126676  0.6728663  0.6519921  0.6465736  0.6685937  0.6951996  0.6878380  0.6706234  0.6712333  0.6775507  0.6694483  0.6644363  0.6711303  0.6899094  0.7051277  0.7048558  0.7032855  0.7013267  0.6977755  0.7012105  0.7145362  0.7115984  0.6982260  0.6989672  0.6916612  0.6795296
 4  0.4535079  0.4234462  0.4104307  0.4038757  0.4293950  0.4915659  0.5050493  0.4660214  0.4450436  0.4695098  0.4714159  0.4502468  0.4542505  0.4795146  0.5046733  0.5094033  0.4946690  0.4780273  0.4544319  0.4380394  0.4746972  0.5027533  0.4843013  0.4641389  0.4540248  0.4116113  0.4247315
 1  0.7303754  0.6852017  0.6448562  0.6258451  0.6186872  0.6260588  0.6674961  0.6744587  0.6571585  0.6568981  0.6537815  0.6586341  0.6799672  0.6874018  0.6790696  0.6743960  0.6663321  0.6636734  0.6643870  0.6772193  0.7101436  0.7013875  0.6894942  0.6944109  0.6896980  0.6835437  0.6768770
 2  0.5696476  0.5249187  0.5023791  0.4977431  0.4946001  0.5257775  0.5671823  0.5717323  0.5482861  0.5377446  0.5341674  0.5454243  0.5731944  0.5789181  0.5607609  0.5318349  0.5001000  0.4912206  0.5006973  0.5688217  0.6054425  0.6040781  0.5841325  0.5747663  0.5605739  0.5353532  0.5090045
 3  0.7531583  0.7111841  0.6694860  0.6469410  0.6375311  0.6410907  0.6854693  0.6958243  0.6766599  0.6752680  0.6726421  0.6755733  0.6983740  0.7082485  0.6991821  0.6922432  0.6826440  0.6789381  0.6803965  0.6908012  0.7319171  0.7248160  0.7094717  0.7136231  0.7092266  0.7011871  0.6932054
 4  0.4536058  0.4238927  0.4135563  0.4135675  0.4108179  0.4711199  0.5101336  0.4869934  0.4550396  0.4565669  0.4504386  0.4778216  0.5086881  0.4976000  0.4524903  0.4074811  0.3849836  0.4003062  0.4160000  0.5185226  0.5479015  0.5157844  0.4881617  0.4879940  0.4585522  0.4156714  0.3873589
 1  0.7307392  0.6865184  0.6373214  0.6151094  0.6258975  0.6359578  0.6346340  0.6477788  0.6575016  0.6613543  0.6760001  0.6700812  0.6712732  0.6960794  0.6949186  0.6936030  0.6977717  0.6953161  0.6869573  0.6844326  0.6824571  0.6734012  0.6628890  0.6588147  0.6583206  0.6624968  0.6669889
 2  0.5709265  0.5258337  0.4967282  0.4995189  0.5225934  0.5298780  0.5264093  0.5340759  0.5417302  0.5510044  0.5621474  0.5513683  0.5592504  0.5857335  0.5907438  0.5879082  0.5876885  0.5813789  0.5632457  0.5519827  0.5466111  0.5342091  0.5196176  0.5136728  0.5159368  0.5288623  0.5402039
 3  0.7534590  0.7123403  0.6621216  0.6355754  0.6440542  0.6554084  0.6529574  0.6649994  0.6761779  0.6789233  0.6951333  0.6903171  0.6873199  0.7154081  0.7166318  0.7133125  0.7177701  0.7160494  0.7063770  0.7021290  0.7005059  0.6920435  0.6803722  0.6758725  0.6754420  0.6790227  0.6852997
 4  0.4540021  0.4236161  0.4105022  0.4292219  0.4586360  0.4515301  0.4435712  0.4615984  0.4626294  0.4791171  0.4875287  0.4513263  0.4882920  0.5246949  0.5106814  0.5042776  0.5104092  0.4927152  0.4611328  0.4584659  0.4603934  0.4360903  0.4212497  0.4245829  0.4297113  0.4546754  0.4621626
 1  0.7295925  0.6821011  0.6330110  0.6162343  0.6321751  0.6303263  0.6229313  0.6324088  0.6561686  0.6641028  0.6713178  0.6839178  0.6792408  0.6855267  0.6774213  0.6525676  0.6276454  0.6509155  0.6643795  0.6679327  0.6680960  0.6651330  0.6671500  0.6818709  0.7086962  0.7095361  0.6927257
 2  0.5730097  0.5253028  0.4970982  0.5074638  0.5251968  0.5134748  0.4829854  0.4866618  0.5243949  0.5441853  0.5617438  0.5694940  0.5648746  0.5679806  0.5613488  0.5311755  0.5155261  0.5543368  0.5702249  0.5679486  0.5596556  0.5496805  0.5435155  0.5761163  0.6116316  0.6147083  0.6006998
 3  0.7529158  0.7085250  0.6580954  0.6363501  0.6514398  0.6504424  0.6403671  0.6467229  0.6719226  0.6825630  0.6892684  0.7034673  0.6987082  0.7035513  0.6978406  0.6736063  0.6439046  0.6684847  0.6854799  0.6877697  0.6876234  0.6846351  0.6854079  0.6976407  0.7293374  0.7343494  0.7154146
 4  0.4567029  0.4251962  0.4131854  0.4416952  0.4537120  0.4104032  0.3656751  0.4137382  0.4649108  0.4708969  0.4880272  0.4907982  0.4765823  0.4901282  0.4820066  0.4254889  0.4473353  0.5032414  0.4973981  0.4845005  0.4774163  0.4620003  0.4543552  0.5159867  0.5539226  0.5444888  0.5145470
 1  0.7290320  0.6819636  0.6368674  0.6120780  0.6160774  0.6588033  0.6550420  0.6525324  0.6929879  0.6891102  0.6790521  0.6779031  0.6687564  0.6607219  0.6664523  0.6845919  0.6857170  0.6736489  0.6625769  0.6693098  0.6725475  0.6675994  0.6765826  0.6890970  0.6935684  0.7051652  0.6940272
 2  0.5710038  0.5247564  0.4994592  0.4883154  0.5227774  0.5606890  0.5527395  0.5606153  0.5887383  0.5867988  0.5613869  0.5357458  0.4998095  0.4623567  0.4850200  0.5353009  0.5550176  0.5426347  0.5278721  0.5422463  0.5520436  0.5527161  0.5714999  0.5866958  0.6013083  0.6057818  0.5921715
 3  0.7522313  0.7083381  0.6618557  0.6337490  0.6316246  0.6776177  0.6770617  0.6679710  0.7129484  0.7114758  0.6986743  0.6957129  0.6856724  0.6757965  0.6797647  0.6999976  0.7047149  0.6928310  0.6795698  0.6863744  0.6917936  0.6863926  0.6942372  0.7098492  0.7136005  0.7277354  0.7166612
 4  0.4554349  0.4249441  0.4140871  0.4037513  0.4696710  0.5028779  0.4569001  0.4946762  0.5291211  0.4975776  0.4497778  0.4181199  0.3698469  0.3347195  0.4129640  0.4770030  0.4747002  0.4348574  0.4382083  0.4745651  0.4747758  0.4711186  0.5066468  0.5201387  0.5330199  0.5351166  0.4955262
 1  0.7297245  0.6834269  0.6432031  0.6242387  0.6279662  0.6352817  0.6406080  0.6488848  0.6531366  0.6610577  0.6694485  0.6674275  0.6833952  0.7044967  0.6983144  0.6895052  0.6876652  0.6774392  0.6671620  0.6679237  0.6708163  0.6811053  0.6929981  0.6931979  0.6854002  0.6867289  0.6887068
 2  0.5712080  0.5253414  0.5023488  0.4980320  0.5027530  0.5039333  0.5015045  0.5004174  0.5032638  0.5228280  0.5409773  0.5452333  0.5769708  0.6004032  0.5958207  0.5815429  0.5686500  0.5519062  0.5302190  0.5244066  0.5348121  0.5586231  0.5807496  0.5801153  0.5632572  0.5560134  0.5538614
 3  0.7528725  0.7097512  0.6680013  0.6453002  0.6465674  0.6527129  0.6571885  0.6653495  0.6691132  0.6768940  0.6873680  0.6857599  0.6997074  0.7254917  0.7210893  0.7092126  0.7068898  0.6976469  0.6850073  0.6847959  0.6878250  0.6980365  0.7123335  0.7139241  0.7046431  0.7040184  0.7072180
 4  0.4552588  0.4249101  0.4136520  0.4150276  0.4178319  0.4136793  0.4108352  0.4050650  0.4155212  0.4528844  0.4649635  0.4616029  0.5146520  0.5373662  0.5084279  0.4857910  0.4860031  0.4522931  0.4269558  0.4360875  0.4563207  0.4928786  0.5108986  0.4909413  0.4588269  0.4682053  0.4681498
 1  0.7288970  0.6851915  0.6393904  0.6186808  0.6095577  0.5852795  0.6219459  0.6619160  0.6617894  0.6530970  0.6517884  0.6610494  0.6870076  0.6871865  0.6814188  0.6922000  0.6880423  0.6785294  0.6748158  0.6695485  0.6462176  0.6411010  0.6723394  0.6706774  0.6663972  0.6865601  0.6787520
 2  0.5725989  0.5272463  0.4977790  0.5017050  0.5088319  0.5010835  0.5430956  0.5706912  0.5630480  0.5357185  0.5135812  0.5336428  0.5686181  0.5755246  0.5712420  0.5786983  0.5740587  0.5601199  0.5522754  0.5440249  0.5224930  0.5453666  0.5787188  0.5744453  0.5721576  0.5807152  0.5705463
 3  0.7521482  0.7109845  0.6639205  0.6388973  0.6285596  0.6045118  0.6374432  0.6816823  0.6833711  0.6726353  0.6691574  0.6759935  0.7051157  0.7078824  0.7000839  0.7112856  0.7088524  0.6978874  0.6931845  0.6889123  0.6649391  0.6567511  0.6925794  0.6931527  0.6850102  0.7066834  0.7001806
 4  0.4571183  0.4234838  0.4095455  0.4318614  0.4450255  0.4377465  0.4898617  0.5077039  0.4733253  0.4269719  0.4098939  0.4718668  0.5079115  0.4903519  0.4876326  0.5056121  0.4885939  0.4664383  0.4694002  0.4553069  0.4367537  0.4936470  0.5197561  0.4906229  0.4961120  0.5108061  0.4779147
 1  0.7299151  0.6847412  0.6441765  0.6238404  0.6230341  0.6567659  0.6566411  0.6557920  0.6614019  0.6663499  0.6685455  0.6721882  0.6988726  0.6988916  0.6831945  0.6764195  0.6650801  0.6611373  0.6604695  0.6502914  0.6651056  0.6712058  0.6601932  0.6478499  0.6361463  0.6342439  0.6602912
 2  0.5719803  0.5255412  0.5022332  0.4913246  0.5141005  0.5469535  0.5473794  0.5358678  0.5403393  0.5509476  0.5495482  0.5671344  0.5941678  0.5967568  0.5742734  0.5501907  0.5331434  0.5361014  0.5379377  0.5369760  0.5620937  0.5711063  0.5534240  0.5180941  0.4805335  0.4919844  0.5411364
 3  0.7527795  0.7105727  0.6687125  0.6454484  0.6394676  0.6746764  0.6769384  0.6736711  0.6785883  0.6850756  0.6881610  0.6887309  0.7185782  0.7214593  0.7042293  0.6952031  0.6828625  0.6788629  0.6799321  0.6682020  0.6824146  0.6928284  0.6817779  0.6669048  0.6531212  0.6483102  0.6770796
 4  0.4551191  0.4234447  0.4144540  0.3996750  0.4523832  0.4847493  0.4578387  0.4423672  0.4670486  0.4794869  0.4604435  0.4990036  0.5335236  0.5166550  0.4720830  0.4464729  0.4470051  0.4651459  0.4532889  0.4594317  0.5040400  0.5003059  0.4526615  0.3978822  0.3659684  0.4332017  0.4873458
 1  0.7309689  0.6872571  0.6424874  0.6218751  0.6242012  0.6352131  0.6587097  0.6640493  0.6678051  0.6619422  0.6716648  0.6803858  0.6754390  0.6700415  0.6691544  0.6744606  0.6776493  0.6924104  0.6979202  0.6865825  0.6733738  0.6709223  0.6735826  0.6825517  0.6644117  0.6670670  0.6572895
 2  0.5716721  0.5260865  0.4991597  0.4960756  0.5036030  0.5274257  0.5542733  0.5656730  0.5630562  0.5550548  0.5611673  0.5639819  0.5482632  0.5182296  0.5038206  0.5148706  0.5455629  0.5842421  0.5958878  0.5808877  0.5489965  0.5265417  0.5415731  0.5624948  0.5652800  0.5676120  0.5594684
 3  0.7536761  0.7130407  0.6671573  0.6427813  0.6427546  0.6515580  0.6766947  0.6838478  0.6881370  0.6816436  0.6898293  0.7000276  0.6949818  0.6871772  0.6843988  0.6902888  0.6939986  0.7106183  0.7200357  0.7088282  0.6927443  0.6876703  0.6895915  0.7018549  0.6843364  0.6877813  0.6788564
 4  0.4539400  0.4233816  0.4104236  0.4159343  0.4246116  0.4636952  0.4920793  0.4942474  0.4830578  0.4708191  0.4866913  0.4820795  0.4365914  0.3913084  0.4071222  0.4372827  0.4807480  0.5243940  0.5253015  0.4813984  0.4298188  0.4264292  0.4775225  0.4951662  0.4948306  0.4998973  0.4765666
 1  0.7301943  0.6869906  0.6505717  0.6335128  0.6268442  0.6323901  0.6502521  0.6583317  0.6669540  0.6804652  0.6864912  0.6916256  0.6846052  0.6883921  0.6802081  0.6709561  0.6449717  0.6310293  0.6801392  0.6812592  0.6914154  0.6833277  0.6733995  0.6882989  0.6818289  0.6800020  0.6665777
 2  0.5734017  0.5267790  0.5049625  0.4950863  0.4817110  0.4857807  0.5166463  0.5381609  0.5553153  0.5703174  0.5803634  0.5795621  0.5706863  0.5645127  0.5512794  0.5301375  0.4918582  0.5272261  0.5772428  0.5915039  0.5893792  0.5699458  0.5472922  0.5539440  0.5620766  0.5630800  0.5494078
 3  0.7529447  0.7123598  0.6746794  0.6549291  0.6456433  0.6477101  0.6656356  0.6764797  0.6848795  0.6992254  0.7060133  0.7121054  0.7040880  0.7070965  0.6993537  0.6893112  0.6628708  0.6435284  0.6996718  0.7021944  0.7126053  0.7045850  0.6905171  0.7056439  0.7008409  0.6993928  0.6873403
 4  0.4555068  0.4224447  0.4152904  0.3991513  0.3732347  0.4037864  0.4548539  0.4667650  0.4815241  0.4982131  0.5067432  0.4954944  0.4800733  0.4765854  0.4566931  0.4221882  0.3830939  0.4844504  0.5236231  0.5182121  0.5090659  0.4588571  0.4516840  0.4797393  0.4861552  0.4865296  0.4552363
 1  0.7279256  0.6825742  0.6469487  0.6324995  0.6368389  0.6516699  0.6520314  0.6557343  0.6720168  0.6858589  0.6801965  0.6751536  0.6722524  0.6843459  0.6894648  0.6839890  0.6752744  0.6721369  0.6855458  0.6938276  0.6947319  0.6954847  0.6969275  0.6902702  0.6812595  0.6793122  0.6827114
 2  0.5728958  0.5267540  0.5041863  0.5004232  0.5126075  0.5244669  0.5192144  0.5178876  0.5414893  0.5588413  0.5525112  0.5367662  0.5364831  0.5608264  0.5735162  0.5660622  0.5450260  0.5387688  0.5611302  0.5795605  0.5845871  0.5828481  0.5750812  0.5520960  0.5142219  0.4905559  0.5224880
 3  0.7515529  0.7088559  0.6714098  0.6532442  0.6545901  0.6693417  0.6699022  0.6720111  0.6881123  0.7042439  0.6992552  0.6930089  0.6886897  0.7018788  0.7093503  0.7038484  0.6939842  0.6891139  0.7025830  0.7133780  0.7148627  0.7150781  0.7166949  0.7089973  0.6977572  0.6940797  0.6966121
 4  0.4580642  0.4245925  0.4118213  0.4133864  0.4366312  0.4423786  0.4223330  0.4307949  0.4728495  0.4813744  0.4549477  0.4309454  0.4582721  0.4962698  0.4961188  0.4699939  0.4408961  0.4546760  0.4953928  0.5087919  0.5025824  0.4984924  0.4799682  0.4300111  0.3765272  0.3745036  0.4641833
 1  0.7294668  0.6874658  0.6523825  0.6360510  0.6284029  0.6366657  0.6697253  0.6557646  0.6349311  0.6459551  0.6675151  0.6602080  0.6638488  0.6623396  0.6614087  0.6766737  0.6687967  0.6639316  0.6630679  0.6696829  0.6754964  0.6724696  0.6748181  0.6713471  0.6647622  0.6578937  0.6637955
 2  0.5714501  0.5275612  0.5048658  0.5002245  0.4995916  0.5373908  0.5714764  0.5578702  0.5305648  0.5495887  0.5686485  0.5602681  0.5467025  0.5241334  0.5221328  0.5480153  0.5549684  0.5489654  0.5481619  0.5537854  0.5555037  0.5543733  0.5554343  0.5558992  0.5477332  0.5485419  0.5611272
 3  0.7524214  0.7130838  0.6764785  0.6566400  0.6467939  0.6516245  0.6894923  0.6786864  0.6540828  0.6623531  0.6881592  0.6813612  0.6832835  0.6804354  0.6765111  0.6942978  0.6886567  0.6831508  0.6820357  0.6877200  0.6946413  0.6909876  0.6931391  0.6908917  0.6841147  0.6760568  0.6829835
 4  0.4553545  0.4231839  0.4104685  0.4125264  0.4183083  0.4847851  0.5135928  0.4679915  0.4428154  0.4930754  0.5028523  0.4739477  0.4441982  0.4093790  0.4481394  0.4841142  0.4755485  0.4664741  0.4650638  0.4774764  0.4729054  0.4691136  0.4794647  0.4759548  0.4628956  0.4769262  0.4968091
