FL 2019 2020 2021 2022 2023 2024 2025 2026 2027 2028 2029 2030 2031 2032 2033 2034 2035 2036 2037 2038 2039 2040 2041 2042 2043 2044 2045
 1    4109.00    3559.25    3559.25    3828.13    3828.13    7442.36    7442.36   14142.28   14142.28   12609.83   12609.83    5011.78    5011.78    5144.37    5144.37    5605.45    5605.45    3411.41    3411.41    1207.21    1207.21    2419.96    2419.96    6498.49    6498.49   11412.79   11412.79
 2     783.00     677.95     677.95     729.17     729.17    1417.59    1417.59    2693.77    2693.77    2401.87    2401.87     954.62     954.62     979.88     979.88    1067.70    1067.70     649.79     649.79     229.94     229.94     460.94     460.94    1237.81    1237.81    2173.86    2173.86
 3    3537.00     981.24     844.26    4017.93    4626.14    1437.73    2053.54   14758.46   10146.09    1622.34    1462.16    7822.44    6102.87     742.96     552.99    2971.04    2971.04     508.46     550.41     517.43     627.98     848.29     878.90   13585.11   12519.60    1245.08     781.32
 4    1379.00    1411.07    1372.05    2084.21    3387.32    3854.49    2790.50    2125.28    1319.25    1401.48    1135.56    1170.84     702.28     822.31     787.55     872.77     872.77     588.64     765.36    1241.10    1365.99    1706.74    1436.12    2233.33    1524.27    1663.65    1073.25
 1    4109.00    3542.15    3542.15    6150.14    6150.14    4541.92    4541.92    4447.21    4447.21    5256.17    5256.17    3011.78    3011.78    3336.10    3336.10    2904.59    2904.59    4413.95    4413.95   20657.87   20657.87    9963.95    9963.95    2239.78    2239.78    1391.08    1391.08
 2     783.00     674.70     674.70    1171.46    1171.46     865.13     865.13     847.09     847.09    1001.18    1001.18     573.67     573.67     635.45     635.45     553.26     553.26     840.75     840.75    3934.83    3934.83    1897.90    1897.90     426.62     426.62     264.97     264.97
 3    3537.00     581.25     872.36   11756.06    8683.62     640.39     740.24    4899.91    4750.07     905.02    1130.40    5225.25    4876.33    1450.04    1331.39    5571.14    5907.50     970.70    1980.35   24650.23   17462.43     518.65     274.47     274.47     274.47     326.06     406.92
 4    1379.00    1275.27    1315.29     872.05     824.91    1256.39    1383.73    1359.33    1427.47    1431.97    1335.73    1353.94    1139.44    1260.04    1202.07    1364.68    2261.42    2389.36    2209.07     774.70     722.35     976.79     692.73     692.73     692.73     749.38     834.96
 1    4109.00    5205.35    5205.35    5435.89    5435.89   11602.21   11602.21    5719.10    5719.10    4132.13    4132.13    4957.26    4957.26    2390.85    2390.85    5720.02    5720.02    5890.04    5890.04    4894.89    4894.89    7411.40    7411.40    3230.77    3230.77    5226.14    5226.14
 2     783.00     991.50     991.50    1035.41    1035.41    2209.94    2209.94    1089.35    1089.35     787.07     787.07     944.24     944.24     455.40     455.40    1089.53    1089.53    1121.91    1121.91     932.36     932.36    1411.70    1411.70     615.38     615.38     995.46     995.46
 3    3537.00    1377.47    1734.89    6987.43    7212.23     985.52     938.48    5105.23    4692.02     642.51     804.02    5338.46    5350.78     475.40     651.45    5410.86    5163.24     715.35     988.71    7022.12    5492.30     641.68     542.52     429.61     691.79    4298.97    4723.21
 4    1379.00    1503.10    1637.42    1646.30    1279.95    1206.63    1174.62     994.71     867.20     858.92     858.89     805.49     783.50     986.68    1185.40    1145.60    1195.47    1169.54    1229.23     985.16     623.99     733.73     938.03    1338.41    1756.33    1576.36    1170.53
 1    4109.00    1691.38    1691.38    6561.79    6561.79    5436.82    5436.82    2376.53    2376.53    2539.15    2539.15    4322.93    4322.93    5191.03    5191.03    5987.06    5987.06   10008.77   10008.77    6806.18    6806.18    9294.98    9294.98    9112.49    9112.49    4742.89    4742.89
 2     783.00     322.17     322.17    1249.86    1249.86    1035.58    1035.58     452.67     452.67     483.65     483.65     823.42     823.42     988.77     988.77    1140.39    1140.39    1906.43    1906.43    1296.42    1296.42    1770.47    1770.47    1735.71    1735.71     903.41     903.41
 3    3537.00     807.44    1036.93    8970.27    8345.54     712.50     876.40     850.77     923.12    1280.23    1835.01   12474.02   12848.35    2018.42    2389.58   10753.83    9751.11    1229.40    1626.49   10592.18   10927.22    1079.43    1553.01   12871.83    9374.84     423.53     445.89
 4    1379.00    1369.37    1429.54    1112.59    1025.13     993.95    1170.09    1367.51    2110.97    2357.86    2203.42    2461.31    2039.01    1762.27    1880.78    1242.77    1543.14    1480.92    1549.37    1361.83    1929.47    1938.11    1677.73     689.82     594.80     759.42     869.39
 1    4109.00    3185.03    3185.03    4421.34    4421.34    9074.14    9074.14   18334.47   18334.47   17603.12   17603.12    4065.60    4065.60    2516.05    2516.05    8747.51    8747.51    6218.52    6218.52    2274.43    2274.43    8390.38    8390.38    7898.35    5895.17     248.09     248.09
 2     783.00     606.67     606.67     842.16     842.16    1728.41    1728.41    3492.28    3492.28    3352.98    3352.98     774.40     774.40     479.25     479.25    1666.19    1666.19    1184.48    1184.48     433.22     433.22    1598.17    1598.17    1504.45    1504.45      47.26      47.26
 3    3537.00     751.73     948.53    5247.69    5256.13    1204.87    1304.20    7420.08    6706.16     742.18     871.67    4587.20    5869.69     428.50    1045.83   19077.32   13462.86     624.46     374.25     476.24    1090.84   15048.80   11010.80   11010.80    5137.26    3088.70      73.02
 4    1379.00    1359.11    1426.58    1402.58    1702.76    2031.49    2093.71    1643.17    1803.05    1421.83     913.89     807.70    1459.47    1510.83    1807.83     582.92     442.49     917.89    1348.46    1416.16    1190.85     504.64     366.09     366.09     366.09     366.09     755.77
 1    4109.00    6033.26    6033.26    7903.90    7903.90    5988.44    5988.44    2737.81    2737.81    5475.62    5475.62    3702.01    3702.01    5897.43    5897.43    6435.66    6435.66    3405.86    3405.86    1802.26    1802.26    3467.31    3467.31    9064.44    9064.44    2285.05    2285.05
 2     783.00    1149.19    1149.19    1505.50    1505.50    1140.66    1140.66     521.49     521.49    1042.98    1042.98     705.14     705.14    1123.32    1123.32    1225.84    1225.84     648.74     648.74     343.29     343.29     660.44     660.44    1726.56    1726.56     435.25     435.25
 3    3537.00    1022.47    1022.74   13900.50   11508.98     497.79     503.63     421.88     704.51    2808.32    3423.40    1181.89    1131.29    7630.92    7050.83     710.47     869.20    3872.13    3586.41     595.94     579.19     714.33     878.66   15658.46   11691.04     493.72     629.87
 4    1379.00    1345.44    1320.41     967.26     710.94     859.66     974.48    1287.44    1705.95    1499.82    1159.50    1032.12    1049.87    1069.64     966.03     875.77     773.91     612.46     610.47     780.36    1191.93    1516.53    1343.09     618.41     827.99    1425.31    1372.81
 1    4109.00    5621.15    5621.15    3207.67    3207.67    3749.59    3749.59    3424.34    3424.34    3217.83    3217.83    2026.79    2026.79    1575.42    1575.42    7463.61    7463.61    3719.10    3719.10    2327.09    2327.09    5010.85    5010.85   11196.11   11196.11    7120.81    7120.81
 2     783.00    1070.70    1070.70     610.98     610.98     714.21     714.21     652.26     652.26     612.92     612.92     386.06     386.06     300.08     300.08    1421.64    1421.64     708.40     708.40     443.26     443.26     954.45     954.45    2132.59    2132.59    1356.34    1356.34
 3    3537.00    1154.70    1130.89    4455.36    5334.39     902.63    1041.68    4963.44    4169.73    4169.73    4169.73    4138.08    5842.12     596.99     947.91   10438.89    7776.99     395.87     629.52     526.47    1298.14   13981.88   13218.86    1984.79    2241.39   14741.54   12005.37
 4    1379.00    1433.37    1294.80    1329.12    1089.66     971.82     801.77     554.49     520.12     520.12     520.12     883.50     952.89    1231.47    1116.36     714.48     526.96     873.43    1910.85    2322.98    2553.20    3077.29    2436.32    2050.17    1926.87     623.34     589.07
 1    4109.00     949.87     949.87    1320.40    1320.40    4127.51    4127.51   10963.72   10963.72    6757.67    6757.67   15519.04   15519.04    8683.29    8683.29    3669.67    3669.67    8934.62    8934.62   24297.04   24297.04   12282.73   12282.73    1501.96    1501.96    2040.19    2040.19
 2     783.00     180.93     180.93     251.50     251.50     786.19     786.19    2088.33    2088.33    1287.18    1287.18    2956.01    2956.01    1653.96    1653.96     698.98     698.98    1701.83    1701.83    4628.01    4628.01    2339.57    2339.57     286.09     286.09     388.61     388.61
 3    3537.00     830.52     785.84    1275.61    1234.89    8360.78    8819.22     889.57     815.63    3650.62    4194.49    1607.20    1540.77   10935.46    8980.11     516.48     399.40     781.76    1411.27   26324.18   19641.90     555.69     414.48     166.51     439.58     547.57     742.72
 4    1379.00    1299.03    1298.93    1118.27     963.45     910.18    1322.83    2161.57    2197.40    2493.23    2481.18    1790.54    1408.36     417.65     425.36    1189.27    2549.16    3024.08    2453.51    1712.14    1177.76     976.93     765.56     770.96    1069.65    1634.31    2340.12
 1    4109.00    5379.53    5379.53    9438.20    9438.20    5506.12    5506.12    1179.95    1179.95    5762.06    5762.06   11161.46   11161.46    8971.58    8971.58    4642.18    4642.18    1589.74    1589.74    1945.48    1945.48    2747.05    2747.05    4056.82    4056.82    9255.25    9255.25
 2     783.00    1024.67    1024.67    1797.75    1797.75    1048.78    1048.78     224.75     224.75    1097.54    1097.54    2125.99    2125.99    1708.87    1708.87     884.22     884.22     302.81     302.81     370.57     370.57     523.25     523.25     772.73     772.73    1762.90    1762.90
 3    3537.00     956.45    1228.53   10066.01    7915.80     421.65     459.53     682.01     955.88    4078.81    5085.93    2070.19    2092.21   18208.06   13291.67     896.71     634.50     754.02     617.44     781.22     806.86    1773.39    1761.39    1103.42    1643.41    3102.12    4169.43
 4    1379.00    1353.96    1310.08     978.41     930.61    1042.90    1123.30    1848.26    2539.62    2905.27    2448.89    1986.26    1742.60     580.36     344.02     703.38     611.70     867.27     885.55     957.91    1149.70    1136.37    1794.77    4557.51    5266.75    4922.93    3599.17
 1    4109.00    5736.19    5736.19    4551.16    4551.16    4492.03    4492.03    4694.84    4694.84    3912.22    3912.22    3145.30    3145.30    3615.15    3615.15    5066.75    5066.75    9998.14    9998.14    8521.59    8521.59    8907.82    8907.82    1651.19    1651.19    2488.33    2488.33
 2     783.00    1092.61    1092.61     866.89     866.89     855.62     855.62     894.26     894.26     745.18     745.18     599.10     599.10     688.60     688.60     965.10     965.10    1904.41    1904.41    1623.16    1623.16    1696.73    1696.73     314.51     314.51     473.97     473.97
 3    3537.00     853.13     818.80    4452.29    5495.31    1060.12    1333.84    7181.22    6517.79     621.69     837.79    2882.58    2488.73     808.30     773.78    6225.75    6824.85    1428.26    1675.25   17427.70   10979.98     756.82     267.64     279.90     340.98     601.41     691.88
 4    1379.00    1120.61    1575.49    1816.71    1456.28    1141.84     924.93     750.05     670.19     872.17    1028.50     811.68     874.99    1271.66    1679.92    2090.54    2216.42    1786.93    1391.27     316.24     359.16     759.88     657.09     680.96     935.64     981.54    1006.25
 1    4109.00    2409.79    2409.79    3445.13    3445.13    5461.30    5461.30    6266.11    6266.11    5771.30    5771.30    5338.41    5338.41    9937.62    9937.62    9171.16    9171.16    8991.91    8991.91    4557.63    4557.63    7228.91    7228.91    4954.03    4954.03    5986.60    5986.60
 2     783.00     459.01     459.01     656.22     656.22    1040.25    1040.25    1193.54    1193.54    1099.30    1099.30    1016.84    1016.84    1892.88    1892.88    1746.89    1746.89    1712.74    1712.74     868.12     868.12    1376.94    1376.94     943.62     943.62    1140.30    1140.30
 3    3537.00     781.50     937.66    5272.72    4934.56    1084.96    1085.42    2728.75    2512.53    1265.79     971.05    7340.10    9519.03     891.75    1660.82   14670.39   13048.42    1185.70    1276.37    6190.06    4923.95    1002.44     951.20    5820.06    5154.89     635.04     657.67
 4    1379.00    1266.47    1344.06    1542.47    1309.03    1446.74    1737.96    1249.26    1060.93    1047.60    1221.59    1552.51    1999.67    2085.62    2306.86    1380.19    1383.77    1591.34    1588.05    1170.38     984.75    1154.03    1239.80     870.20     779.36     715.61    1348.06
 1    4109.00    3878.03    3878.03    5928.85    5928.85    7079.69    7079.69    5843.38    5843.38    3231.23    3231.23    2662.51    2662.51    7899.74    7899.74   13148.52   13148.52   10265.64   10265.64    4151.07    4151.07    5343.03    5343.03   10343.72   10343.72   14688.83   14688.83
 2     783.00     738.67     738.67    1129.30    1129.30    1348.51    1348.51    1113.02    1113.02     615.47     615.47     507.14     507.14    1504.71    1504.71    2504.48    2504.48    1955.36    1955.36     790.68     790.68    1017.72    1017.72    1970.23    1970.23    2797.87    2797.87
 3    3537.00     887.47     832.67    7012.78    6860.07     814.80     882.96    6614.89    5130.66     307.60     428.93     568.28    1136.29   10251.19    9589.97    1926.47    1705.56   10750.75   10852.52     726.80     658.33    1123.84    1438.25    8146.61    9434.50    1803.93    1668.23
 4    1379.00    1387.91    1314.79    1107.85     936.55     943.10     889.02     430.19     525.90     852.89    1481.22    2242.75    2809.83    2732.03    1913.86    1637.58    1333.51     921.78     872.20    1736.15    1648.34    1659.62    2005.58    3486.07    2939.53    2902.42    2882.15
