FL 2019 2020 2021 2022 2023 2024 2025 2026 2027 2028 2029 2030 2031 2032 2033 2034 2035 2036 2037 2038 2039 2040 2041 2042 2043 2044 2045
 1    4109.00    3843.84    3843.84    4072.53    4072.53    4010.16    4010.16    2928.16    2928.16    3102.79    3102.79    1541.23    1541.23    2119.66    2119.66    3586.51    3586.51    1637.79    1637.79     586.28     586.28     779.86     779.86    1357.82    1357.82    3390.62    3390.62
 2     783.00     732.16     732.16     775.72     775.72     763.84     763.84     557.74     557.74     591.01     591.01     293.57     293.57     403.74     403.74     683.14     683.14     311.96     311.96     111.67     111.67     148.54     148.54     258.63     258.63     645.83     645.83
 3    3537.00    2583.84    2384.72    2350.14    2350.14    1777.95    1777.95    1501.47    1501.47    1501.47    1501.47    1501.47    1501.47    1501.47    1501.47    1501.47    1501.47    1501.47    1501.47    1501.47    1501.47    1501.47    1501.47    1501.47    1501.47    1095.58    1149.18
 4    1379.00    1161.31     882.06     831.80     831.80     589.63     589.63     608.05     608.05     608.05     608.05     608.05     608.05     608.05     608.05     608.05     608.05     608.05     608.05     608.05     608.05     608.05     608.05     608.05     608.05     588.01     738.18
 1    4109.00    4333.10    4333.10    6151.07    6151.07    3950.56    3950.56    1478.40    1478.40     445.83     445.83     178.79     178.79     259.18     259.18     406.56     406.56     449.06     449.06     834.37     834.37     819.13     819.13     587.20     587.20    1809.19    1809.19
 2     783.00     825.35     825.35    1171.63    1171.63     752.49     752.49     281.60     281.60      84.92      84.92      34.06      34.06      49.37      49.37      77.44      77.44      85.54      85.54     158.93     158.93     156.02     156.02     111.85     111.85     344.61     344.61
 3    3537.00    2254.31    2578.68    4282.45    4282.45    4282.45    4282.45    4282.45    4282.45    3745.08    4282.45    4282.45    4282.45    4282.45    4282.45    4282.45    4282.45    4282.45    4282.45    4282.45    4282.45    4282.45    4282.45    4282.45     817.21    1743.39    1967.86
 4    1379.00     977.14     977.68     695.60     695.60     695.60     695.60     695.60     695.60     695.60     695.60     695.60     695.60     695.60     695.60     695.60     695.60     695.60     695.60     695.60     695.60     695.60     695.60     695.60     786.67     901.95    1028.45
 1    4109.00    6003.69    6003.69    4533.61    4533.61    7190.57    7190.57    4583.50    4583.50    3259.41    3259.41    3910.37    3910.37    1824.44    1824.44    4258.25    4258.25    2516.51    2516.51    2751.67    2751.67    5675.67    5675.67    3137.90    3137.90    2298.91    2298.91
 2     783.00    1143.56    1143.56     863.54     863.54    1369.63    1369.63     873.05     873.05     620.84     620.84     744.83     744.83     347.51     347.51     811.10     811.10     479.34     479.34     524.13     524.13    1081.08    1081.08     597.70     597.70     437.89     437.89
 3    3537.00    2369.88    2108.71    1955.00    2022.01    3834.14    4089.48    1792.04    1664.08    1664.08    1664.08    1664.08    1289.08    1289.08    1289.08    1289.08    1289.08    1289.08    1160.20    1644.84    1794.75    1794.75    1794.75    1794.75    1794.75    1794.75    1794.75
 4    1379.00    1018.79     871.42     814.58     921.25    1168.61     991.76     693.16     618.37     618.37     618.37     618.37     688.35     688.35     688.35     688.35     688.35     688.35     770.44     676.26     538.28     538.28     538.28     538.28     538.28     538.28     538.28
 1    4109.00    2238.85    2238.85    5568.95    5568.95    3438.20    3438.20    2097.02    2097.02    3903.44    3903.44    3452.53    3452.53    2539.61    2539.61    4199.58    4199.58   10006.00   10006.00    5793.48    5793.48    3061.67    3061.67     342.80     342.80    1643.80    1643.80
 2     783.00     426.45     426.45    1060.75    1060.75     654.90     654.90     399.43     399.43     743.51     743.51     657.62     657.62     483.74     483.74     799.92     799.92    1905.90    1905.90    1103.52    1103.52     583.18     583.18      65.30      65.30     313.10     313.10
 3    3537.00    2457.08    2227.86    2227.86    2227.86    1410.74    1117.49    3114.33    4390.10    3821.56    3982.16    3129.00    2388.33    2457.21    3738.98    4878.38    4470.33    4470.33    4470.33    4470.33    4470.33    4470.33    3161.04    3324.09     962.88    1577.37    1712.61
 4    1379.00    1075.50     867.24     867.24     867.24     785.17    1720.24    1771.18    1450.04    1198.87    1043.32     753.03     945.36    1895.51    2076.17    1811.85    1307.30    1307.30    1307.30    1307.30    1307.30    1307.30    1307.30    1307.30     672.87     702.11     942.04
 1    4109.00    3750.98    3750.98    4312.31    4312.31    5501.96    5501.96   11338.87   11338.87   11918.21   11918.21    4336.79    4336.79    7122.65    7122.65    7168.85    7168.85    1686.76    1686.76     281.82     281.82    2690.23    2690.23    6145.52    6145.52    3431.74    3431.74
 2     783.00     714.47     714.47     821.39     821.39    1047.99    1047.99    2159.78    2159.78    2270.14    2270.14     826.06     826.06    1356.70    1356.70    1365.50    1365.50     321.29     321.29      53.68      53.68     512.42     512.42    1170.58    1170.58     653.66     653.66
 3    3537.00    2358.71    2366.76    2176.54    1934.98    1657.43    2599.84    2562.60    2488.49    3806.37    4049.29    2469.66    2958.21    6341.37    6341.37    6341.37    6341.37    3571.53    2668.01    6146.53    1071.66    1912.47    1890.87    3239.73    3461.57    1830.71    1830.71
 4    1379.00    1025.92     811.88     690.62     806.32    1232.22    1424.43    1005.70    1009.70    1506.56    1787.45    1380.92    1177.95     890.63     890.63     890.63     890.63     890.63     890.63     890.63     689.84     806.66     731.72     975.63    1166.78     783.09     783.09
 1    4109.00    6756.75    6756.75    7761.14    7761.14    5638.71    5638.71    3769.92    3769.92    3365.21    3365.21    1482.10    1482.10    2776.16    2776.16    3013.63    3013.63    1466.39    1466.39    2476.32    2476.32    5866.01    5866.01    4806.19    4806.19     566.41     566.41
 2     783.00    1287.00    1287.00    1478.31    1478.31    1074.04    1074.04     718.08     718.08     640.99     640.99     282.30     282.30     528.79     528.79     574.02     574.02     279.31     279.31     471.68     471.68    1117.34    1117.34     915.46     915.46     107.89     107.89
 3    3537.00    2623.21    2563.22    4565.55    4082.43    1756.30    1642.22    1602.65    1277.23    1722.55    1503.08    1503.08    1503.08    1503.08    1503.08    1503.08    1503.08     948.44    1425.02    2144.38    2144.38    2144.38    2144.38    2144.38    2144.38    2144.38    2144.38
 4    1379.00    1187.42     958.46     993.16    1000.10     867.64     783.87     664.27     615.86     614.25     604.98     604.98     604.98     604.98     604.98     604.98     604.98     863.69    1064.33     848.63     848.63     848.63     848.63     848.63     848.63     848.63     848.63
 1    4109.00    7114.34    7114.34    3543.08    3543.08    2317.39    2317.39    2221.30    2221.30    2169.55    2169.55    2821.90    2821.90    2008.31    2008.31    6839.45    6839.45    4392.70    4392.70    2589.97    2589.97    2181.56    2181.56    5090.78    5090.78    2427.81    2427.81
 2     783.00    1355.11    1355.11     674.87     674.87     441.41     441.41     423.10     423.10     413.25     413.25     537.50     537.50     382.54     382.54    1302.75    1302.75     836.70     836.70     493.33     493.33     415.54     415.54     969.67     969.67     462.44     462.44
 3    3537.00    2257.60    2209.87    2014.69    1769.98    1562.96    1562.96    1562.96    1562.96    1453.17    1610.96    1286.66    1549.32    2161.58    2511.48    2513.42    2411.42    2123.52    1687.92    1726.37    2063.72    2731.50    2897.32    2897.32    2897.32    2897.32    2897.32
 4    1379.00    1018.33     857.77     670.30     645.90     602.04     602.04     602.04     602.04     629.08     639.65     747.31    1068.02    1013.05     911.20     825.50     756.51     624.93     838.26     901.86    1331.25    1027.27     821.92     821.92     821.92     821.92     821.92
 1    4109.00    1316.70    1316.70    1601.75    1601.75    3626.70    3626.70   12370.97   12370.97    4259.18    4259.18    4335.87    4335.87    1067.68    1067.68     547.01     547.01    4206.51    4206.51   11589.27   11589.27    6969.27    6969.27     905.98     905.98    1015.01    1015.01
 2     783.00     250.80     250.80     305.10     305.10     690.80     690.80    2356.38    2356.38     811.27     811.27     825.88     825.88     203.37     203.37     104.19     104.19     801.24     801.24    2207.48    2207.48    1327.48    1327.48     172.57     172.57     193.34     193.34
 3    3537.00    2069.78    2077.41    2169.96    2039.47    3188.76    3385.28    2831.24    1995.41    1995.41    1995.41    1995.41    1995.41    1995.41    1995.41     784.51    1165.52    1942.31    2856.77    6632.56    3923.18    3923.18    3923.18    3923.18    3923.18    3923.18    1121.94
 4    1379.00     941.22     784.76     813.52    1353.65    1359.26    1063.16     912.32     703.05     703.05     703.05     703.05     703.05     703.05     703.05     604.63     969.01    1597.88    1333.32     971.82     541.89     541.89     541.89     541.89     541.89     541.89     696.71
 1    4109.00    6966.96    6966.96    8013.85    8013.85    4139.06    4139.06     678.68     678.68     857.93     857.93    1028.41    1028.41     974.36     974.36    1667.82    1667.82    2243.01    2243.01    3197.50    3197.50    2949.41    2949.41    3214.60    3214.60    2523.44    2523.44
 2     783.00    1327.04    1327.04    1526.45    1526.45     788.39     788.39     129.27     129.27     163.42     163.42     195.89     195.89     185.59     185.59     317.68     317.68     427.24     427.24     609.05     609.05     561.79     561.79     612.30     612.30     480.66     480.66
 3    3537.00    2462.80    2509.24    1802.46    1574.75    1574.75    1574.75    1574.75    1574.75    1574.75    1574.75    1574.75    1574.75    1574.75    1286.13    1852.68    1745.93    2297.86    2245.40    2081.73    1759.76    1814.88    1700.32    2002.86    2047.16    2197.34    2205.40
 4    1379.00    1009.89     937.36     664.30     548.32     548.32     548.32     548.32     548.32     548.32     548.32     548.32     548.32     548.32     649.14     707.52     890.23     815.40     708.13     722.39     688.83     663.85     769.96     911.06     846.15     956.70     983.36
 1    4109.00    6473.08    6473.08    4861.63    4861.63    1848.00    1848.00     866.71     866.71     417.65     417.65     462.46     462.46     565.95     565.95     862.55     862.55    1060.75    1060.75     871.33     871.33    3866.02    3866.02    3038.57    3038.57    3648.88    3648.88
 2     783.00    1232.97    1232.97     926.02     926.02     352.00     352.00     165.09     165.09      79.55      79.55      88.09      88.09     107.80     107.80     164.30     164.30     202.05     202.05     165.97     165.97     736.38     736.38     578.78     578.78     695.02     695.02
 3    3537.00    2188.43    2500.15    2500.15    2500.15    2500.15    2500.15    2500.15    2500.15    2500.15    2500.15    2500.15    2500.15    2500.15    2500.15    2500.15    2500.15    2500.15    2500.15    2500.15    1153.85    1278.16    1278.16    1278.16    1103.82    2078.55    2086.98
 4    1379.00     995.45     836.42     836.42     836.42     836.42     836.42     836.42     836.42     836.42     836.42     836.42     836.42     836.42     836.42     836.42     836.42     836.42     836.42     836.42     628.78     621.66     621.66     621.66     850.32     984.26     756.75
 1    4109.00    3332.41    3332.41    3724.18    3724.18    4144.60    4144.60    3417.88    3417.88    1530.14    1530.14    1024.72    1024.72    2328.02    2328.02    2628.78    2628.78    2489.72    2489.72    1374.45    1374.45    3576.80    3576.80    4450.91    4450.91    5696.46    5696.46
 2     783.00     634.74     634.74     709.37     709.37     789.45     789.45     651.02     651.02     291.46     291.46     195.18     195.18     443.43     443.43     500.72     500.72     474.23     474.23     261.80     261.80     681.30     681.30     847.79     847.79    1085.04    1085.04
 3    3537.00    2343.32    2562.84    2199.51    1909.99    1909.99    1909.99    1909.99    1909.99    1909.99    1909.99    1909.99    1909.99    1091.59    1091.59    1091.59    1091.59    1091.59    1091.59    1331.43    1551.24    1950.01    2143.45    2012.88    2012.88    2012.88    2012.88
 4    1379.00     996.28     865.47     799.95     760.87     760.87     760.87     760.87     760.87     760.87     760.87     760.87     760.87     583.87     583.87     583.87     583.87     583.87     583.87     709.50     812.68     902.02     816.83     647.25     647.25     647.25     647.25
 1    4109.00    4957.72    4957.72    5680.29    5680.29    4227.76    4227.76    2063.29    2063.29    1697.39    1697.39    1518.59    1518.59    2866.25    2866.25    4257.79    4257.79    4480.01    4480.01    2900.90    2900.90    3943.63    3943.63    4258.25    4258.25    1990.30    1990.30
 2     783.00     944.33     944.33    1081.96    1081.96     805.29     805.29     393.01     393.01     323.31     323.31     289.26     289.26     545.95     545.95     811.01     811.01     853.34     853.34     552.55     552.55     751.17     751.17     811.10     811.10     379.10     379.10
 3    3537.00    2619.88    2219.48    2219.48    2219.48    2219.48    2219.48    2219.48    2219.48    2219.48    2219.48    1019.03    1550.92    1931.52    1588.87    1752.17    1866.72    1615.19    1729.92    2200.46    2200.46    2200.46    2200.46    2200.46    2200.46    2200.46    2200.46
 4    1379.00    1065.06     826.19     826.19     826.19     826.19     826.19     826.19     826.19     826.19     826.19     747.69     776.99     696.04     739.44     702.41     685.72     792.02    1118.20     884.01     884.01     884.01     884.01     884.01     884.01     884.01     884.01
 1    4109.00    6219.44    6219.44    3776.39    3776.39    2402.86    2402.86    1179.49    1179.49    2723.49    2723.49    5384.61    5384.61    4610.76    4610.76    1686.76    1686.76    7457.60    7457.60    3182.26    3182.26    5282.97    5282.97    9923.30    9923.30    7652.57    7652.57
 2     783.00    1184.66    1184.66     719.31     719.31     457.69     457.69     224.66     224.66     518.76     518.76    1025.64    1025.64     878.24     878.24     321.29     321.29    1420.50    1420.50     606.14     606.14    1006.28    1006.28    1890.15    1890.15    1457.63    1457.63
 3    3537.00    2296.06    2206.03    1819.48    1690.05    1521.82    1521.82    1468.42    1746.71    1905.76    1905.76    1905.76    1905.76    1905.76     807.57    1616.89    2225.48    4455.70    3671.88    2252.37    2875.42    4864.44    4109.06    4674.32    3724.98    2499.83    2260.97
 4    1379.00    1056.71     801.13     650.90     759.85     666.46     666.46     552.12     882.69     735.99     735.99     735.99     735.99     735.99    1163.28    1031.21     914.85     962.87    1446.07    1341.38    1121.31     927.92     977.37    1035.99     823.51     710.34     762.98
 1    4109.00    5534.76    5534.76    8710.09    8710.09    6820.51    6820.51   13695.99   13695.99    6756.75    6756.75    1697.39    1697.39    6227.30    6227.30    6228.22    6228.22    3258.95    3258.95    4520.67    4520.67    8042.96    8042.96    4135.82    4135.82    1288.52    1288.52
 2     783.00    1054.24    1054.24    1659.06    1659.06    1299.14    1299.14    2608.76    2608.76    1287.00    1287.00     323.31     323.31    1186.15    1186.15    1186.33    1186.33     620.75     620.75     861.08     861.08    1531.99    1531.99     787.78     787.78     245.43     245.43
 3    3537.00    2520.69    2060.65    3750.12    3731.29    2151.05    2769.85    3329.02    3329.02    3329.02    3329.02     363.96    1905.15    6517.44    5521.54    2418.05    2375.35    2079.31    2672.33    3179.41    3180.05    3180.05    3180.05    3180.05    3180.05    3180.05    3180.05
 4    1379.00    1044.80     814.25    1051.38    1398.38    1958.28    1515.90    1101.19    1101.19    1101.19    1101.19    1329.05    1428.96    1417.01    1394.62     901.10    1000.93    1384.97    1358.65    1107.88     981.35     981.35     981.35     981.35     981.35     981.35     981.35
 1    4109.00    6871.79    6871.79    6579.80    6579.80    3939.01    3939.01    2947.10    2947.10    4636.17    4636.17    2703.16    2703.16    3849.85    3849.85    2562.71    2562.71    3882.65    3882.65    5441.90    5441.90    2105.80    2105.80     728.11     728.11    1252.94    1252.94
 2     783.00    1308.91    1308.91    1253.30    1253.30     750.29     750.29     561.35     561.35     883.08     883.08     514.89     514.89     733.30     733.30     488.14     488.14     739.55     739.55    1036.55    1036.55     401.10     401.10     138.69     138.69     238.66     238.66
 3    3537.00    2629.39    2918.86    3475.37    3547.25    2198.29    2251.91    2159.57    2214.31    2254.32    1917.30    2291.44    2397.66    1997.62    2107.59    1779.28    1876.22    2043.87    2141.06    2141.06    2141.06    2141.06    2141.06    2141.06    2141.06     990.50    1958.47
 4    1379.00    1190.01     987.47     885.19    1048.95     951.90     830.35     874.04     846.82     983.55     919.37     846.95     862.70     753.98     613.40     684.68     828.31     790.93     668.39     668.39     668.39     668.39     668.39     668.39     668.39    1084.67    1327.63
 1    4109.00    5377.68    5377.68    4100.25    4100.25    7904.36    7904.36    7656.26    7656.26    3033.49    3033.49     587.66     587.66     284.59     284.59     237.47     237.47     502.66     502.66     686.53     686.53    1378.61    1378.61    1860.47    1860.47    2557.63    2557.63
 2     783.00    1024.32    1024.32     781.00     781.00    1505.59    1505.59    1458.34    1458.34     577.81     577.81     111.94     111.94      54.21      54.21      45.23      45.23      95.74      95.74     130.77     130.77     262.59     262.59     354.38     354.38     487.17     487.17
 3    3537.00    2471.49    2876.14    2406.17    2987.73    2912.62    2913.04    2913.04    2913.04    2913.04    2913.04    2913.04    2913.04    2913.04    2913.04    2913.04    2913.04    2913.04    2913.04    2913.04    2913.04    2913.04    2913.04    2913.04    2913.04    1364.90    1364.90
 4    1379.00    1135.66    1032.15    1199.61    1074.73     907.70     695.91     695.91     695.91     695.91     695.91     695.91     695.91     695.91     695.91     695.91     695.91     695.91     695.91     695.91     695.91     695.91     695.91     695.91     695.91     572.83     572.83
 1    4109.00    7600.36    7600.36    4199.58    4199.58    4992.37    4992.37    3526.91    3526.91    4711.01    4711.01    4932.31    4932.31    4340.95    4340.95    3786.09    3786.09    3453.45    3453.45    4590.89    4590.89    6079.00    6079.00    2571.95    2571.95    5428.04    5428.04
 2     783.00    1447.69    1447.69     799.92     799.92     950.93     950.93     671.79     671.79     897.34     897.34     939.49     939.49     826.85     826.85     721.16     721.16     657.80     657.80     874.46     874.46    1157.90    1157.90     489.90     489.90    1033.91    1033.91
 3    3537.00    2768.99    2457.71    2088.83    2340.20    2260.37    2641.27    3187.49    3092.73    4845.90    4281.34    2649.72    2667.05    2438.77    1761.74    1761.74    1761.74    1508.07    1476.32    1510.17    1668.97    3614.07    2505.98    1167.98    2228.68    4930.47    3904.65
 4    1379.00    1154.74    1019.20     929.07     990.48    1153.19    1295.45    1744.80    1370.59    1014.72    1059.01    1009.85     804.18     613.82     556.86     556.86     556.86     702.56     702.32     829.17     693.14     575.20     932.62    1099.91    1013.98     808.64     610.38
 1    4109.00    4343.26    4343.26    5592.05    5592.05    3897.89    3897.89    3346.73    3346.73     953.11     953.11     275.81     275.81     660.66     660.66     882.88     882.88     941.56     941.56    1239.55    1239.55     472.63     472.63     577.50     577.50    1687.22    1687.22
 2     783.00     827.29     827.29    1065.15    1065.15     742.46     742.46     637.47     637.47     181.54     181.54      52.54      52.54     125.84     125.84     168.17     168.17     179.34     179.34     236.10     236.10      90.02      90.02     110.00     110.00     321.38     321.38
 3    3537.00    2882.49    2918.61    5285.37    4290.18    4290.18    4290.18    4290.18    4290.18    4290.18    3008.73    3479.32    4235.89    4290.18    4290.18    4290.18    4290.18    4290.18    4290.18    4290.18    4290.18    4290.18    4290.18    1113.77    1113.77    1912.89    1520.23
 4    1379.00    1280.93     997.91     889.37     737.07     737.07     737.07     737.07     737.07     737.07     737.07     737.07     737.07     737.07     737.07     737.07     737.07     737.07     737.07     737.07     737.07     737.07     737.07     794.55     794.55     665.58     770.23
 1    4109.00    4992.83    4992.83   12617.68   12617.68    5074.15    5074.15    6155.69    6155.69    1904.36    1904.36    1328.71    1328.71    2098.40    2098.40    2021.71    2021.71    3198.89    3198.89    2595.98    2595.98    3325.01    3325.01    2511.43    2511.43    3320.39    3320.39
 2     783.00     951.02     951.02    2403.37    2403.37     966.50     966.50    1172.51    1172.51     362.74     362.74     253.09     253.09     399.70     399.70     385.09     385.09     609.31     609.31     494.47     494.47     633.34     633.34     478.37     478.37     632.46     632.46
 3    3537.00    2363.44    2702.19    4724.75    4131.76    1619.87    1388.54    1388.54    1388.54    1388.54    1388.54    1388.54    1388.54    1388.54    1275.02    1330.99    1796.49    2080.68    2181.89    2190.87    1880.91    1819.66    1921.40    1843.06    1990.06    1855.50    1855.50
 4    1379.00    1085.83    1066.72    1121.29    1178.67     777.31     566.90     566.90     566.90     566.90     566.90     566.90     566.90     566.90     757.96     790.10     831.77     791.54     779.40     719.62     724.86     688.99     895.16     933.06     767.18     659.19     659.19
 1    4109.00    5086.62    5086.62    6498.49    6498.49    3890.50    3890.50    2652.80    2652.80     531.76     531.76     523.91     523.91    1043.66    1043.66    2444.44    2444.44    5225.68    5225.68    1762.99    1762.99    6470.31    6470.31    7034.41    7034.41    4937.86    4937.86
 2     783.00     968.88     968.88    1237.81    1237.81     741.05     741.05     505.30     505.30     101.29     101.29      99.79      99.79     198.79     198.79     465.61     465.61     995.37     995.37     335.81     335.81    1232.44    1232.44    1339.89    1339.89     940.54     940.54
 3    3537.00    2415.89    2367.79    3444.35    2610.77    2610.77    2610.77    2610.77    2610.77    2610.77    2610.77    2610.77    2610.77    2610.77    2610.77    2610.77    2610.77    2610.77    2610.77    2610.77    1111.36    3953.84    4706.84    2701.02    2233.15    2226.86    1922.65
 4    1379.00    1041.37     879.78     626.24     593.53     593.53     593.53     593.53     593.53     593.53     593.53     593.53     593.53     593.53     593.53     593.53     593.53     593.53     593.53     593.53    1116.32    1434.29    1154.02     870.28     737.29     646.18     650.11
 1    4109.00    3825.82    3825.82    3919.15    3919.15    4468.00    4468.00    7114.80    7114.80    3623.00    3623.00    2998.84    2998.84    2925.85    2925.85    3908.06    3908.06    6456.45    6456.45    9151.30    9151.30    4031.41    4031.41    3664.58    3664.58    3396.62    3396.62
 2     783.00     728.73     728.73     746.50     746.50     851.05     851.05    1355.20    1355.20     690.10     690.10     571.21     571.21     557.30     557.30     744.39     744.39    1229.80    1229.80    1743.10    1743.10     767.89     767.89     698.02     698.02     646.98     646.98
 3    3537.00    2351.09    2744.48    2413.96    4373.45    5517.39    4724.49    3614.44    3300.58    2380.54    1785.54    1898.17    1637.89    1637.89    1545.35    1514.47    2072.92    2771.34    2516.67    2375.81    2633.18    2401.75    1673.20    1461.01    1844.43    1816.62    1680.56
 4    1379.00    1102.06    1397.04    2397.41    2275.36    1652.70    1144.16     887.19     777.45     586.15     608.62     679.91     619.52     619.52     700.94    1181.29    1160.94    1037.05    1242.59    1143.10     813.61     637.21     698.61     667.09     755.19     704.84     725.20
 1    4109.00    3961.65    3961.65    3625.31    3625.31    2509.12    2509.12    3735.73    3735.73     624.62     624.62    1069.99    1069.99     950.80     950.80     909.22     909.22    1376.30    1376.30    3721.87    3721.87    3782.39    3782.39    1873.41    1873.41    1317.62    1317.62
 2     783.00     754.60     754.60     690.54     690.54     477.93     477.93     711.57     711.57     118.98     118.98     203.81     203.81     181.10     181.10     173.18     173.18     262.15     262.15     708.93     708.93     720.46     720.46     356.84     356.84     250.98     250.98
 3    3537.00    2217.65    2263.65    2106.32    2251.62    2251.62    2251.62    2251.62    2251.62    2251.62    2251.62    2251.62    2251.62    2251.62    2251.62    2251.62    2251.62     957.06    1566.87    1678.35    1744.59    1523.97    1615.96    1615.96    1615.96    1615.96    1615.96
 4    1379.00    1079.12     822.69     649.91     596.11     596.11     596.11     596.11     596.11     596.11     596.11     596.11     596.11     596.11     596.11     596.11     596.11     698.12     781.86     716.81     632.40     633.46     537.43     537.43     537.43     537.43     537.43
 1    4109.00    3854.93    3854.93    8055.43    8055.43   10317.38    8993.23    2544.23    2544.23    1043.20    1043.20    3998.15    3998.15    4315.54    4315.54    7162.85    7162.85    1134.67    1134.67     776.62     776.62     507.28     507.28    3735.73    3735.73    4784.01    4784.01
 2     783.00     734.27     734.27    1534.37    1534.37    1965.22    1965.22     484.62     484.62     198.70     198.70     761.55     761.55     822.01     822.01    1364.35    1364.35     216.13     216.13     147.93     147.93      96.62      96.62     711.57     711.57     911.24     911.24
 3    3537.00    1965.98    1976.24    3491.55    2641.72    2641.72    2641.72    2529.34    2641.72    2641.72    2641.72    2641.72    1891.75    1294.12    1445.74    1445.74    1445.74    1445.74    1445.74    1445.74    1445.74     906.10    1555.04    2257.42    2306.59    1834.44    2384.44
 4    1379.00     942.23     777.83     563.87     581.67     581.67     581.67     581.67     581.67     581.67     581.67     581.67     938.23     682.68     564.59     564.59     564.59     564.59     564.59     564.59     564.59     759.07    1065.93     878.70     793.81    1046.56     891.71
 1    4109.00    4498.49    4498.49    3756.52    3756.52    3223.37    3223.37    2067.91    2067.91    2918.45    2918.45    4549.78    4549.78    5209.51    5209.51    3329.63    3329.63    2790.48    2790.48    5753.75    5753.75    4410.71    4410.71    1391.54    1391.54     616.77     616.77
 2     783.00     856.86     856.86     715.53     715.53     613.98     613.98     393.89     393.89     555.90     555.90     866.62     866.62     992.29     992.29     634.22     634.22     531.52     531.52    1095.95    1095.95     840.14     840.14     265.06     265.06     117.48     117.48
 3    3537.00    2522.67    2475.27    2148.32    2148.32    2148.32    1311.64    1509.39    1677.57    1978.00    2153.96    2487.92    2529.93    2674.40    2011.99    1789.61    1625.18    1567.59    1915.55    2321.12    2321.12    2321.12    2321.12    2321.12    2321.12    2321.12    2321.12
 4    1379.00    1047.88     860.97     696.11     696.11     696.11     743.28     832.99     761.76     935.49    1162.49    1031.90     820.98     633.72     625.50     712.96     717.41     989.75     854.25     721.26     721.26     721.26     721.26     721.26     721.26     721.26     721.26
 1    4109.00    4145.99    4145.99    5290.36    5290.36    4428.73    4428.73    2452.76    2452.76     766.00     766.00    3478.40    3478.40    3974.59    3974.59    3374.45    3374.45    2469.39    2469.39    1720.49    1720.49    2616.31    2616.31    1817.05    1817.05     756.29     756.29
 2     783.00     789.71     789.71    1007.69    1007.69     843.57     843.57     467.19     467.19     145.90     145.90     662.55     662.55     757.06     757.06     642.75     642.75     470.36     470.36     327.71     327.71     498.34     498.34     346.10     346.10     144.06     144.06
 3    3537.00    2869.02    2846.34    3306.82    3306.82    3306.82    3306.82    3306.82     419.82    1600.18    2283.38    2094.24    2017.08    2017.08    2017.08    2017.08    2017.08    2017.08    2017.08    2017.08    2017.08    2017.08    2017.08    2017.08     801.91    1055.20    3668.83
 4    1379.00    1041.93    1051.19     683.38     683.38     683.38     683.38     683.38     999.90    1041.56     864.47     675.48     619.07     619.07     619.07     619.07     619.07     619.07     619.07     619.07     619.07     619.07     619.07     619.07     808.29    2050.10    2321.64
 1    4109.00    3186.41    3186.41    3597.13    3597.13    5836.45    5836.45    2613.07    2613.07    2477.24    2477.24    1490.87    1490.87    1617.00    1617.00     594.59     594.59     802.49     802.49    1928.85    1928.85    2763.22    2763.22    3304.22    3304.22    1470.55    1470.55
 2     783.00     606.94     606.94     685.17     685.17    1111.70    1111.70     497.73     497.73     471.86     471.86     283.98     283.98     308.00     308.00     113.26     113.26     152.86     152.86     367.40     367.40     526.33     526.33     629.38     629.38     280.10     280.10
 3    3537.00    2305.61    2235.41    2216.70    2153.82    2220.91    1955.29    1955.29    1955.29    1955.29    1955.29    1955.29    1955.29    1955.29    1955.29    1955.29    1955.29    1201.47    1618.28    1734.69    1766.25    1937.74    2257.38    2257.38    2257.38    2257.38    2257.38
 4    1379.00    1071.53     884.34     884.73     781.61     678.92     546.65     546.65     546.65     546.65     546.65     546.65     546.65     546.65     546.65     546.65     546.65     715.17     737.24     753.83     793.57     743.22     743.97     743.97     743.97     743.97     743.97
 1    4109.00    3413.72    3413.72    4833.44    4833.44    4393.16    4393.16    1726.49    1726.49    1890.97    1890.97    1115.27    1115.27     462.46     462.46     700.39     700.39    1533.38    1533.38    3858.62    3858.62    1410.02    1410.02    3359.20    3359.20    5463.15    5463.15
 2     783.00     650.23     650.23     920.66     920.66     836.79     836.79     328.86     328.86     360.18     360.18     212.43     212.43      88.09      88.09     133.41     133.41     292.07     292.07     734.98     734.98     268.58     268.58     639.85     639.85    1040.60    1040.60
 3    3537.00    2391.37    2474.43    3759.11    2408.34    1996.66    1996.66    1996.66    1996.66    1996.66    1996.66    1996.66    1996.66    1996.66    1996.66    1996.66    1251.37    1681.48    2050.56    2823.38    2148.34    2035.00    2503.54    2660.56    2749.77    3326.37    3108.65
 4    1379.00    1076.57     942.96     843.47     621.29     593.92     593.92     593.92     593.92     593.92     593.92     593.92     593.92     593.92     593.92     593.92     732.45     915.61     809.15     779.51    1015.81    1002.15    1070.93    1356.31    1205.95    1214.44     846.12
 1    4109.00    4673.13    4673.13    4267.96    4267.96    4693.00    4693.00    3362.44    3362.44    3022.87    3022.87    4411.18    4411.18    3003.00    3003.00    3037.19    3037.19    4562.25    4562.25    3650.26    3650.26    2191.27    2191.27    6737.81    6737.81    6873.17    6873.17
 2     783.00     890.12     890.12     812.94     812.94     893.90     893.90     640.46     640.46     575.78     575.78     840.22     840.22     572.00     572.00     578.51     578.51     869.00     869.00     695.29     695.29     417.38     417.38    1283.39    1283.39    1309.18    1309.18
 3    3537.00    2311.90    2301.80    2229.33    2027.85    3322.18    2900.64    2026.14    2053.41    2415.61    2094.12    1977.58    2085.73    2085.73    1436.31    1596.94    1699.09    2197.64    2281.96    2247.02    2417.45    3333.95    4428.82    7503.25    5936.34    2102.92    1739.11
 4    1379.00    1114.32     859.66     879.53     867.15    1067.91    1033.87     808.86     790.32     771.74     721.37     678.06     600.74     600.74     689.34     725.82    1050.73    1073.18     855.31    1035.51    1776.52    1898.50    1381.41     925.71     605.35     606.84     660.97
 1    4109.00    3951.49    3951.49    7168.85    7168.85    4865.78    4865.78    1365.21    1365.21      99.79      99.79     399.17     399.17     877.80     877.80     349.27     349.27     208.36     208.36      40.66      40.66     760.91     760.91    2193.11    2193.11    2735.96    2735.96
 2     783.00     752.66     752.66    1365.50    1365.50     926.82     926.82     260.04     260.04      19.01      19.01      76.03      76.03     167.20     167.20      66.53      66.53      39.69      39.69       7.74       7.74     144.94     144.94     417.74     417.74     521.14     521.14
 3    3537.00    2422.63    2466.76    4893.67    4893.67    4893.67    4893.67    4893.67    2665.37    2522.74    3500.01    4893.67    4893.67    4893.67    4893.67    2900.15    2593.63    2362.18    1354.16    1797.45    4893.67     993.09    1471.88    2111.55    2314.67    2581.33    2419.99
 4    1379.00    1094.14     978.19    1020.54    1020.54    1020.54    1020.54    1020.54    1020.54    1020.54    1020.54    1020.54    1020.54    1020.54    1020.54    1020.54    1020.54    1020.54    1020.54    1020.54    1020.54     745.92    1059.77    1028.32     926.17     837.74     682.98
 1    4109.00    5286.67    5286.67    4461.07    4461.07    6576.57    6576.57    4198.66    4198.66    1433.59    1433.59    3126.82    3126.82    8357.12    8357.12    6496.64    6496.64    1913.14    1913.14    2458.30    2458.30    4522.06    4522.06    1254.33    1254.33    2582.58    2582.58
 2     783.00    1006.98    1006.98     849.73     849.73    1252.68    1252.68     799.74     799.74     273.06     273.06     595.58     595.58    1591.83    1591.83    1237.46    1237.46     364.41     364.41     468.25     468.25     861.34     861.34     238.92     238.92     491.92     491.92
 3    3537.00    2586.47    2439.82    2391.74    2286.82    2641.04    2641.04    2641.04    2641.04    1070.58    1884.09    2778.51    3412.48    6230.59    5156.91    2034.74    1776.60    1776.60    1776.60    1776.60    1776.60    1776.60    1776.60    1776.60    1776.60    1126.35    1548.60
 4    1379.00    1149.51    1013.78    1032.66     987.79     788.66     788.66     788.66     788.66    1092.44    1408.67    1285.61    1237.27     951.05     777.90     735.43     593.80     593.80     593.80     593.80     593.80     593.80     593.80     593.80     593.80     674.24     677.20
 1    4109.00    5287.59    5287.59    6333.10    6333.10    3963.04    3963.04    4001.38    4001.38    2574.73    2574.73    1072.30    1072.30    1977.36    1977.36    3258.49    3258.49    4421.80    4421.80    4972.97    4972.97    4023.56    4023.56    2230.54    2230.54    2515.13    2515.13
 2     783.00    1007.16    1007.16    1206.30    1206.30     754.86     754.86     762.17     762.17     490.42     490.42     204.25     204.25     376.64     376.64     620.66     620.66     842.25     842.25     947.23     947.23     766.39     766.39     424.86     424.86     479.07     479.07
 3    3537.00    2218.34    2459.30    4583.46    4225.77    1584.71    1398.04    1398.04    1398.04    1398.04    1398.04    1398.04    1091.27    1593.10    1975.74    2024.88    2072.11    2539.98    2089.58    1952.01    1417.67    1557.08    1578.34    1203.59    1976.43    2428.12    2307.76
 4    1379.00    1018.75     928.05     831.74     693.28     591.15     571.48     571.48     571.48     571.48     571.48     571.48     761.19     832.31     947.81    1033.92     908.46     800.95     621.89     592.87     661.24     583.36     639.26     942.61    1002.76    1053.11    1015.76
 1    4109.00    5316.23    5316.23    3194.73    3194.73    3388.31    3388.31    2307.23    2307.23     779.86     779.86     972.05     972.05    1176.25    1176.25    1343.96    1343.96    2727.65    2727.65    3946.40    3946.40    2669.44    2669.44    4349.27    4349.27    3940.40    3940.40
 2     783.00    1012.62    1012.62     608.52     608.52     645.39     645.39     439.47     439.47     148.54     148.54     185.15     185.15     224.05     224.05     255.99     255.99     519.55     519.55     751.70     751.70     508.46     508.46     828.43     828.43     750.55     750.55
 3    3537.00    2519.57    2688.35    2212.48    2212.48    2212.48    2212.48    2212.48    2212.48    2212.48    2212.48    1366.46    1366.46    1366.46    1366.46    1418.85    2623.86    3567.36    3526.48    2953.62    2843.77    2427.96    2131.79    2330.62    2269.86    2383.39    2383.39
 4    1379.00    1133.66     953.80     760.40     760.40     760.40     760.40     760.40     760.40     760.40     760.40     574.76     574.76     574.76     574.76    1496.58    1517.18    1198.59    1059.56     986.50     869.70     673.35     731.60    1047.96     887.79     610.05     610.05
 1    4109.00   12784.00   12784.00    7531.99    7531.99    7592.97    7592.97    6533.14    6533.14    4286.44    4286.44    4625.54    4625.54    4112.72    4112.72    2394.08    2394.08    3564.79    3564.79    9759.75    9759.75    5579.57    5579.57    3732.96    3732.96    2042.04    2042.04
 2     783.00    2435.05    2435.05    1434.66    1434.66    1446.28    1446.28    1244.41    1244.41     816.46     816.46     881.06     881.06     783.38     783.38     456.02     456.02     679.01     679.01    1859.00    1859.00    1062.78    1062.78     711.04     711.04     388.96     388.96
 3    3537.00    2482.90    1938.90    2874.79    3759.40    2021.11    2019.81    2340.92    2725.59    2100.95    1620.92    1595.92    1653.88    1423.55    1803.69    1695.19    1328.54    2647.24    2790.38    5690.85    4486.56    1830.42    1860.82    1860.82    1860.82    1860.82    1860.82
 4    1379.00    1070.55    1008.65    1262.87    1341.89    1183.85    1293.96    1123.24     863.23     674.42     711.27     728.14     718.62     748.62     641.07     776.30    1151.69    1289.34    1160.34    1181.26     996.37     706.26     556.96     556.96     556.96     556.96     556.96
 1    4109.00    2531.76    2531.76    3539.84    3539.84    4162.16    4162.16    5003.46    5003.46    5260.33    5260.33    7331.48    7331.48    3869.25    3869.25    1163.78    1163.78     984.52     984.52    1215.06    1215.06    2534.07    2534.07    3193.34    3193.34    3452.53    3452.53
 2     783.00     482.24     482.24     674.26     674.26     792.79     792.79     953.04     953.04    1001.97    1001.97    1396.47    1396.47     737.00     737.00     221.67     221.67     187.53     187.53     231.44     231.44     482.68     482.68     608.26     608.26     657.62     657.62
 3    3537.00    2311.27    2720.83    2737.03    2455.33    2588.15    3332.96    2534.28    2045.03    2116.11    2116.11    2116.11    2116.11    2116.11    2116.11    2116.11    2116.11    1075.45    1620.99    1620.99    1620.99    1620.99    1739.78    1388.99    1354.81    2299.27    2935.20
 4    1379.00    1077.47     944.44     909.29    1295.37    1193.34    1019.42     773.36     736.50     640.76     640.76     640.76     640.76     640.76     640.76     640.76     640.76     760.55     778.96     778.96     778.96     778.96     622.56     654.18    1180.45    1314.95     992.60
 1    4109.00    1437.74    1437.74    4021.25    4021.25    3584.20    3584.20    3248.78    3248.78    1797.18    1797.18    1048.28    1048.28    1136.52    1136.52    1076.46    1076.46    4912.91    4912.91    5366.59    5366.59    3726.03    3726.03    3962.11    3962.11    4504.04    4504.04
 2     783.00     273.86     273.86     765.95     765.95     682.70     682.70     618.82     618.82     342.32     342.32     199.67     199.67     216.48     216.48     205.04     205.04     935.79     935.79    1022.21    1022.21     709.72     709.72     754.69     754.69     857.91     857.91
 3    3537.00    2504.35    2833.75    2553.21    2694.27    2952.44    2903.60    2109.42    1949.49    1949.49    1949.49    1949.49    1949.49    1949.49    1197.15    1714.39    2235.47    2578.13    3076.97    3167.27    2557.64    1738.21    1518.08    1518.08    1518.08    1518.08    1167.60
 4    1379.00    1033.24    1033.82    1040.38    1224.77    1004.65     766.59     604.57     598.89     598.89     598.89     598.89     598.89     598.89     854.89    1068.74    1047.70    1168.56    1183.92     955.31     713.19     569.37     591.86     591.86     591.86     591.86     611.43
 1    4109.00    3859.09    3859.09    3925.61    3925.61    3651.19    3651.19    4415.80    4415.80    3729.26    3729.26    4304.92    4304.92    1849.39    1849.39    4318.31    4318.31    5907.13    5907.13    6472.62    6472.62    2619.54    2619.54    1902.52    1902.52     966.97     966.97
 2     783.00     735.06     735.06     747.74     747.74     695.46     695.46     841.10     841.10     710.34     710.34     819.98     819.98     352.26     352.26     822.54     822.54    1125.17    1125.17    1232.88    1232.88     498.96     498.96     362.38     362.38     184.18     184.18
 3    3537.00    2764.45    2625.36    2401.47    2219.02    2066.87    1975.19    1747.75    1650.85    1650.85    1650.85    1650.85    1014.65    1522.51    1731.65    1785.53    1506.15    1790.50    1853.57    3063.73    3063.73    3063.73    3063.73    3063.73    3063.73    3063.73    3063.73
 4    1379.00    1203.34     935.25     817.94     818.58     714.61     803.88     766.92     669.46     669.46     669.46     669.46     816.12     853.17     653.21     650.16     822.76     851.30     749.75     624.56     624.56     624.56     624.56     624.56     624.56     624.56     624.56
 1    4109.00    7171.63    7171.63    4646.33    4646.33    4349.73    4349.73    4572.41    4572.41    3199.35    3199.35    2042.96    2042.96    6068.83    6068.83    4015.70    4015.70    2579.35    2579.35    1467.31    1467.31    1795.79    1795.79    1651.19    1651.19    1328.25    1328.25
 2     783.00    1366.02    1366.02     885.02     885.02     828.52     828.52     870.94     870.94     609.40     609.40     389.14     389.14    1155.97    1155.97     764.90     764.90     491.30     491.30     279.49     279.49     342.06     342.06     314.51     314.51     253.00     253.00
 3    3537.00    2734.81    2449.87    3231.66    2737.12    1844.41    1844.41    1844.41    1844.41     913.39    1475.32    1977.50    2173.95    4392.44    3413.70    1502.74    1502.74    1502.74    1502.74    1502.74    1502.74    1502.74    1502.74    1502.74    1502.74    1502.74    1502.74
 4    1379.00    1088.91     932.02     860.26     765.75     718.57     718.57     718.57     718.57     862.22    1046.89     966.48     775.66     644.68     748.07     623.02     623.02     623.02     623.02     623.02     623.02     623.02     623.02     623.02     623.02     623.02     623.02
 1    4109.00    6156.61    6156.61    5146.68    5146.68    3891.43    3891.43    2700.85    2700.85    2292.44    2292.44    3674.75    3674.75    4293.37    4293.37    6373.75    6373.75    1761.14    1761.14    3352.27    3352.27    6184.79    6184.79    5351.35    5351.35    4350.65    4350.65
 2     783.00    1172.69    1172.69     980.32     980.32     741.22     741.22     514.45     514.45     436.66     436.66     699.95     699.95     817.78     817.78    1214.05    1214.05     335.46     335.46     638.53     638.53    1178.06    1178.06    1019.30    1019.30     828.70     828.70
 3    3537.00    2038.36    2418.86    4031.75    3620.30    2097.51    2097.51    2097.51    2097.51    2097.51    1369.53    1469.71    1366.03    2218.81    2218.81    2218.81    2218.81    1242.52    1886.68    2640.39    2056.38    3758.98    2849.58    1187.44    1518.38    1686.51    1204.00
 4    1379.00    1050.61     980.55     959.81     816.83     704.93     704.93     704.93     704.93     704.93     689.51     819.05     913.89     808.53     808.53     808.53     808.53     869.44    1118.18     961.58     718.30     669.51     590.81     653.29     607.34     563.41     710.34
 1    4109.00    4442.59    4442.59    4803.88    4803.88    5372.60    5372.60    6143.68    6143.68    4988.21    4988.21    4094.71    4094.71    1777.31    1777.31    1928.85    1928.85    1878.49    1878.49    2377.45    2377.45    3389.69    3389.69    3082.00    3082.00    4717.02    4717.02
 2     783.00     846.21     846.21     915.02     915.02    1023.35    1023.35    1170.22    1170.22     950.14     950.14     779.94     779.94     338.54     338.54     367.40     367.40     357.81     357.81     452.85     452.85     645.66     645.66     587.05     587.05     898.48     898.48
 3    3537.00    2687.66    2600.05    2987.58    2412.48    1861.42    1967.81    1932.81    1709.94    1966.87    2006.81    2006.81    2006.81    2006.81    1251.10    1607.00    2000.01    1887.71    2081.03    1934.51    1721.11    2318.81    2317.21    2127.53    2127.53    2171.68    2171.68
 4    1379.00    1172.49     924.36     728.15     781.18    1001.04     856.95     733.92     728.44     648.68     663.70     663.70     663.70     663.70     695.42     904.75     845.43     823.22     666.68     732.67     915.92    1123.35     908.57     817.11     817.11     522.80     522.80
 1    4109.00    5645.18    5645.18    6579.34    6579.34    3199.81    3199.81    4888.88    4888.88    3155.00    3155.00    1250.63    1250.63    1378.15    1378.15    3238.62    3238.62    2000.92    2000.92     984.98     984.98    1394.32    1394.32    1858.63    1858.63    3700.62    3700.62
 2     783.00    1075.27    1075.27    1253.21    1253.21     609.49     609.49     931.22     931.22     600.95     600.95     238.22     238.22     262.50     262.50     616.88     616.88     381.13     381.13     187.62     187.62     265.58     265.58     354.02     354.02     704.88     704.88
 3    3537.00    2153.94    2266.24    3618.18    2978.63    1048.05    1552.44    2683.64    2683.64    2683.64    2683.64    2683.64    1221.83    1648.17    1648.17    1648.17    1648.17    1648.17    1648.17    1648.17    1273.08    1920.27    1898.53    2378.80    2437.16    2437.16    2437.16
 4    1379.00    1033.24     879.90     626.18     499.20     732.34     732.92     691.05     691.05     691.05     691.05     691.05     651.12     652.27     652.27     652.27     652.27     652.27     652.27     652.27     776.09     800.56     916.83     893.31     698.56     698.56     698.56
 1    4109.00    7482.55    7482.55    6627.39    6627.39    4452.76    4452.76    1918.22    1918.22    1040.42    1040.42    1036.27    1036.27     907.37     907.37    2105.33    2105.33    3345.34    3345.34    6134.90    6134.90    6328.01    6328.01    3976.43    3976.43    3880.34    3880.34
 2     783.00    1425.25    1425.25    1262.36    1262.36     848.14     848.14     365.38     365.38     198.18     198.18     197.38     197.38     172.83     172.83     401.02     401.02     637.21     637.21    1168.55    1168.55    1205.34    1205.34     757.42     757.42     739.11     739.11
 3    3537.00    2632.95    2573.12    3704.54    3374.21    3374.21    3374.21    3374.21    3374.21    3374.21    3374.21    3374.21    3374.21    1276.45    2051.11    2297.13    2703.82    2961.96    3580.34    2870.73    3426.07    4083.30    3770.83    1920.41    1920.41    1920.41    1920.41
 4    1379.00    1064.74     894.52     718.68     693.54     693.54     693.54     693.54     693.54     693.54     693.54     693.54     693.54     823.80    1070.83    1381.89    1465.99    1250.89    1277.40    1171.53    1081.57     703.14     687.26     545.02     545.02     545.02     545.02
 1    4109.00    6866.71    6866.71    5556.47    5556.47    3314.39    3314.39    1870.64    1870.64     652.81     652.81     533.61     533.61    1527.37    1527.37    1947.33    1947.33     571.49     571.49     897.20     897.20     485.56     485.56     723.03     723.03    2491.57    2491.57
 2     783.00    1307.94    1307.94    1058.38    1058.38     631.31     631.31     356.31     356.31     124.34     124.34     101.64     101.64     290.93     290.93     370.92     370.92     108.86     108.86     170.90     170.90      92.49      92.49     137.72     137.72     474.58     474.58
 3    3537.00    2246.50    2249.07    2787.55    2787.55    2787.55    2787.55    2787.55    2787.55    2787.55    2787.55    2787.55    2787.55    2787.55    2787.55    2787.55    2787.55    2787.55    2787.55    2787.55    2787.55    2787.55    2787.55    2787.55    1023.41    2560.47    3507.34
 4    1379.00     976.72     904.34     766.72     766.72     766.72     766.72     766.72     766.72     766.72     766.72     766.72     766.72     766.72     766.72     766.72     766.72     766.72     766.72     766.72     766.72     766.72     766.72     766.72    1328.29    1530.94    1819.90
 1    4109.00    6836.21    6836.21    6258.71    6258.71    4692.53    4692.53    1578.19    1578.19    1977.82    1977.82    4548.85    4548.85    1526.45    1526.45    2840.38    2840.38    2442.59    2442.59    1352.27    1352.27     901.82     901.82     645.41     645.41    1185.95    1185.95
 2     783.00    1302.14    1302.14    1192.14    1192.14     893.82     893.82     300.61     300.61     376.73     376.73     866.45     866.45     290.75     290.75     541.02     541.02     465.26     465.26     257.58     257.58     171.78     171.78     122.94     122.94     225.90     225.90
 3    3537.00    2136.14    2507.79    3610.44    3263.64    3263.64    1504.42    1220.08    2093.04    2931.12    2702.91    2702.91    2702.91    2702.91    2702.91    2702.91    2702.91    2702.91    2702.91    2702.91    2702.91    2702.91    2702.91     863.35    1301.38    1818.41    2882.10
 4    1379.00    1039.38     846.32     728.10     992.45     992.45     669.21    1096.55    1224.58    1055.71     860.26     860.26     860.26     860.26     860.26     860.26     860.26     860.26     860.26     860.26     860.26     860.26     860.26     716.18    1214.12    1208.92    1118.13
 1    4109.00    5147.14    5147.14    3487.18    3487.18    3176.25    3176.25    2634.32    2634.32    1094.48    1094.48     451.84     451.84     488.80     488.80    2886.11    2886.11    3004.85    3004.85    2444.90    2444.90    1215.98    1215.98    1722.34    1722.34    3451.14    3451.14
 2     783.00     980.41     980.41     664.22     664.22     605.00     605.00     501.78     501.78     208.47     208.47      86.06      86.06      93.10      93.10     549.74     549.74     572.35     572.35     465.70     465.70     231.62     231.62     328.06     328.06     657.36     657.36
 3    3537.00    2403.99    2450.00    2161.53    2161.53    2161.53    2161.53    2161.53    2161.53    2161.53    2161.53    2161.53    2161.53     986.06    1529.44    1612.44    1789.43    1789.43    1789.43    1789.43    1789.43    1789.43    1233.36    1652.52    1783.73    1701.89    1707.68
 4    1379.00    1045.41     888.52     692.86     692.86     692.86     692.86     692.86     692.86     692.86     692.86     692.86     692.86     631.50     624.35     756.91     675.17     675.17     675.17     675.17     675.17     675.17     726.70     619.99     643.52     690.57     622.93
 1    4109.00    7752.36    7752.36   12847.76   12847.76    2700.39    2700.39     823.28     823.28     807.58     807.58     398.71     398.71     652.81     652.81    1122.20    1122.20    3359.66    3359.66    6316.00    6316.00    3406.33    3406.33    2995.61    2995.61    2806.19    2806.19
 2     783.00    1476.64    1476.64    2447.19    2447.19     514.36     514.36     156.82     156.82     153.82     153.82      75.94      75.94     124.34     124.34     213.75     213.75     639.94     639.94    1203.05    1203.05     648.82     648.82     570.59     570.59     534.51     534.51
 3    3537.00    2578.04    2421.77    3992.43    3992.43    3992.43    3992.43    3992.43    3992.43    3992.43    3992.43    3992.43    3992.43    3992.43    3992.43     980.55    1550.73    1618.09    1613.87    2612.84    2612.84     860.15    1162.61    1787.65    1765.60    2098.83    2173.49
 4    1379.00    1111.64     869.78     768.62     768.62     768.62     768.62     768.62     768.62     768.62     768.62     768.62     768.62     768.62     768.62     636.25     663.16     705.07     633.64     559.36     559.36     706.05     779.64     765.95    1109.49     997.39     869.31
 1    4109.00    5636.40    5636.40    5020.09    5020.09    4195.88    4195.88    4329.86    4329.86    1744.97    1744.97    1689.53    1689.53    3441.90    3441.90    6905.51    6905.51    4870.40    4870.40    5270.50    5270.50    3192.88    3192.88    4054.05    4054.05    3267.73    3267.73
 2     783.00    1073.60    1073.60     956.21     956.21     799.22     799.22     824.74     824.74     332.38     332.38     321.82     321.82     655.60     655.60    1315.34    1315.34     927.70     927.70    1003.90    1003.90     608.17     608.17     772.20     772.20     622.42     622.42
 3    3537.00    2044.61    2198.02    2515.33    1963.52    1665.95    1585.18    1585.18    1585.18    1585.18    1585.18    1121.22    1930.04    2467.85    2979.99    5300.83    3885.07    1667.59    1526.06    2214.25    2305.88    1780.50    1780.50    1780.50    1780.50    1780.50    1780.50
 4    1379.00     911.88     780.46     663.93     666.86     655.64     539.27     539.27     539.27     539.27     539.27     966.71    1194.56    1039.31    1031.36     869.82     805.33     714.89     621.92     746.55     881.93     722.22     722.22     722.22     722.22     722.22     722.22
 1    4109.00    6253.63    6253.63    5259.87    5259.87    5410.94    5410.94    4132.13    4132.13    2528.06    2528.06    1770.85    1770.85    3134.21    3134.21    2403.79    2403.79    2261.49    2261.49    2382.07    2382.07    4374.22    4374.22    6371.90    6371.90    4020.32    4020.32
 2     783.00    1191.17    1191.17    1001.88    1001.88    1030.66    1030.66     787.07     787.07     481.54     481.54     337.30     337.30     596.99     596.99     457.86     457.86     430.76     430.76     453.73     453.73     833.18     833.18    1213.70    1213.70     765.78     765.78
 3    3537.00    2221.66    2316.58    2009.41    1676.87    1758.02    1659.25    1438.00    1555.06    1778.31    1968.06    1968.06    1968.06    1968.06    1968.06    1968.06    1968.06     952.22    1525.91    1792.98    1642.78    1967.95    1663.01    1603.10    1464.97    1748.62    1683.96
 4    1379.00    1095.94     841.41     704.34     596.72     698.05     692.74     727.03     701.29     743.69     778.41     778.41     778.41     778.41     778.41     778.41     778.41     861.74     744.07     589.99     574.12     563.36     649.34     771.20     788.49     829.22     734.01
 1    4109.00    4722.10    4722.10    2562.25    2562.25    4589.05    4589.05    1855.85    1855.85    1291.75    1291.75    1446.06    1446.06    3093.55    3093.55    5865.09    5865.09    1625.32    1625.32    1231.69    1231.69    2192.19    2192.19    4322.01    4322.01    4710.09    4710.09
 2     783.00     899.45     899.45     488.05     488.05     874.10     874.10     353.50     353.50     246.05     246.05     275.44     275.44     589.25     589.25    1117.16    1117.16     309.58     309.58     234.61     234.61     417.56     417.56     823.24     823.24     897.16     897.16
 3    3537.00    2040.96    2224.77    2224.77    2224.77    2224.77    2224.77    2224.77    2224.77    2224.77    1246.08    1363.18    1506.65    1812.54    1812.54    1812.54    1812.54    1812.54    1812.54    1033.16    1033.16    1707.76    1561.35    1538.71    1568.93    1535.76    1535.76
 4    1379.00     930.77     793.72     793.72     793.72     793.72     793.72     793.72     793.72     793.72     678.95     667.24     717.71     677.22     677.22     677.22     677.22     677.22     677.22     720.19     720.19     573.22     646.63     698.25     726.77     641.67     641.67
 1    4109.00    4033.72    4033.72    3333.33    3333.33    3700.16    3700.16    1647.03    1647.03    2484.64    2484.64    2589.05    2589.05    1337.95    1337.95    2054.51    2054.51    1252.94    1252.94     806.19     806.19     795.56     795.56    2534.07    2534.07    4086.85    4086.85
 2     783.00     768.33     768.33     634.92     634.92     704.79     704.79     313.72     313.72     473.26     473.26     493.15     493.15     254.85     254.85     391.34     391.34     238.66     238.66     153.56     153.56     151.54     151.54     482.68     482.68     778.45     778.45
 3    3537.00    2719.97    2770.72    2613.37    2031.52    2031.52    2031.52    2031.52    2031.52    2031.52    2031.52    2031.52    2031.52    2031.52    2031.52    2031.52    2031.52    2031.52    2031.52    1439.09    1427.56    1825.71    1825.71    1825.71    1825.71    1825.71    1825.71
 4    1379.00    1021.58    1006.10     818.73     688.62     688.62     688.62     688.62     688.62     688.62     688.62     688.62     688.62     688.62     688.62     688.62     688.62     688.62     688.62     735.69     818.87     812.90     812.90     812.90     812.90     812.90     812.90
 1    4109.00    4657.42    4657.42    7692.30    7692.30    7051.04    7051.04    5520.44    5520.44    3571.26    3571.26    1384.61    1384.61    3748.21    3748.21    3917.30    3917.30    2148.30    2148.30    1811.04    1811.04    2718.41    2718.41    3026.10    3026.10    3692.30    3692.30
 2     783.00     887.13     887.13    1465.20    1465.20    1343.06    1343.06    1051.51    1051.51     680.24     680.24     263.74     263.74     713.94     713.94     746.15     746.15     409.20     409.20     344.96     344.96     517.79     517.79     576.40     576.40     703.30     703.30
 3    3537.00    3156.27    2878.01    4986.21    3486.70    1461.55    1781.35    3451.46    2248.98    1156.42    1626.12    1990.60    1990.60    1990.60    1990.60    1990.60    1990.60    1990.60    1990.60    1990.60    1990.60    1990.60    1990.60    1990.60    1990.60    1990.60    1990.60
 4    1379.00    1273.44     956.54     793.17     708.07     905.47     798.97     660.92     681.47     786.32     770.57     729.02     729.02     729.02     729.02     729.02     729.02     729.02     729.02     729.02     729.02     729.02     729.02     729.02     729.02     729.02     729.02
