              Isim, Ftarg, Btarg
   1 2019          0.3977734      43121.5693246      11088.7194212
   1 2021          0.3948486      43085.0321889      11058.3388810
   1 2023          0.4006982      43155.9236467      11127.7383795
   1 2025          0.4006982      43052.9421754      11124.5129800
   1 2027          0.4065479      43055.3360880      11184.3960822
   1 2029          0.4065479      43144.3526508      11201.1677212
   1 2031          0.3977734      43128.7267199      11099.9125136
   1 2033          0.3977734      43012.9183864      11108.6770147
   1 2035          0.4065479      43124.2424151      11228.6340367
   1 2037          0.3919238      43134.7037826      11075.6018766
   1 2039          0.4006982      42983.4147457      11060.9034389
   1 2041          0.3919238      42951.7258123      10995.1120575
   1 2043          0.3977734      43026.4085176      11087.5541764
   2 2019          0.3977734      43156.3370490      11097.6599479
   2 2021          0.3948486      43044.3899341      11055.1534070
   2 2023          0.4094727      43017.5255449      11201.4688351
   2 2025          0.4094727      43155.4229828      11224.9170744
   2 2027          0.3977734      43161.0636868      11135.5526103
   2 2029          0.3977734      43034.2561162      11084.8008274
   2 2031          0.3919238      43045.6132653      10956.9120588
   2 2033          0.4006982      43116.8334267      11080.3982655
   2 2035          0.4065479      43047.7162871      11155.6015803
   2 2037          0.3948486      43135.2082070      11078.4552534
   2 2039          0.4065479      43147.7148586      11231.1027253
   2 2041          0.3977734      43094.3469863      11113.0872943
   2 2043          0.3860742      43162.6652085      10935.4698255
   3 2019          0.3977734      42058.1565135      10815.2626228
   3 2021          0.3948486      41915.5833473      10802.0994241
   3 2023          0.3919238      41943.9477892      10762.8348598
   3 2025          0.4036230      42078.6411337      10890.7655917
   3 2027          0.4094727      41998.0815846      10942.6582418
   3 2029          0.4094727      41993.8126561      10927.5080795
   3 2031          0.4036230      41967.7788772      10886.0912328
   3 2033          0.3977734      42119.5703519      10815.8418387
   3 2035          0.4065479      41985.0849932      10929.9486564
   3 2037          0.3889990      41993.7276050      10727.3951754
   3 2039          0.4094727      42110.4110457      10923.0104567
   3 2041          0.4036230      42028.0578625      10919.6841822
   3 2043          0.4094727      42061.8849936      10927.0118085
   4 2019          0.3977734      43354.1534118      11148.5284617
   4 2021          0.3977734      43382.1171493      11074.3952900
   4 2023          0.4123975      43344.2475516      11294.7539141
   4 2025          0.3656006      43340.0701844      10715.3762501
   4 2027          0.4006982      43250.2740233      11098.6896254
   4 2029          0.4211719      43335.7321784      11313.4670111
   4 2031          0.4123975      43358.5913613      11249.6065154
   4 2033          0.3860742      43192.1337672      10942.4001907
   4 2035          0.4211719      43303.3782726      11299.7840252
   4 2037          0.4123975      43310.9339088      11338.3432444
   4 2039          0.4094727      43227.0976520      11318.0945728
   4 2041          0.3919238      43414.3023505      11146.3698375
   4 2043          0.3889990      43231.4395703      10980.9803701
   5 2019          0.3977734      44007.5468527      11316.5487043
   5 2021          0.3948486      43915.3953588      11260.5798764
   5 2023          0.3919238      44075.7226738      11259.1266906
   5 2025          0.4036230      43855.4531270      11333.2270801
   5 2027          0.4065479      43943.3098517      11447.2196414
   5 2029          0.3948486      43882.0636916      11335.3094080
   5 2031          0.4094727      44041.5236478      11395.5253946
   5 2033          0.4123975      43903.4287215      11483.6248060
   5 2035          0.4036230      44014.6687221      11456.8404482
   5 2037          0.3919238      43893.2364924      11275.9335508
   5 2039          0.3889990      44006.7905911      11151.4043387
   5 2041          0.4094727      43873.8205944      11434.1853409
   5 2043          0.3977734      44025.4460144      11370.1110954
   6 2019          0.3977734      44448.7372862      11430.0009048
   6 2021          0.4065479      44354.9616955      11513.1426995
   6 2023          0.4036230      44371.3251948      11494.7307003
   6 2025          0.4065479      44456.1919004      11518.6872331
   6 2027          0.4065479      44473.7887097      11525.9670732
   6 2029          0.4094727      44364.1242787      11540.3063571
   6 2031          0.4006982      44352.0480378      11428.3129909
   6 2033          0.4006982      44440.2753340      11494.8314917
   6 2035          0.4036230      44457.3157991      11507.4328513
   6 2037          0.3831494      44444.8529288      11211.4269788
   6 2039          0.4065479      44362.6184374      11504.8639463
   6 2041          0.4094727      44439.6110535      11601.1401848
   6 2043          0.4094727      44286.0185794      11599.4723852
   7 2019          0.3977734      43442.8710533      11171.3422194
   7 2021          0.4036230      43506.4603412      11237.6325755
   7 2023          0.3948486      43332.4919228      11129.7465573
   7 2025          0.4036230      43325.5737238      11207.5431936
   7 2027          0.3919238      43481.6514766      11125.5660754
   7 2029          0.3977734      43296.8533005      11173.6064384
   7 2031          0.4006982      43398.9837582      11178.7875987
   7 2033          0.3977734      43469.5788714      11132.0007774
   7 2035          0.4094727      43429.6428481      11312.7171653
   7 2037          0.4006982      43448.6335280      11219.5063613
   7 2039          0.3831494      43481.8188895      10974.0930918
   7 2041          0.4065479      43397.4964864      11209.6549492
   7 2043          0.4153223      43423.8110448      11357.4643473
   8 2019          0.3977734      42616.8378776      10958.9276375
   8 2021          0.3977734      42486.2497477      10844.6259750
   8 2023          0.3772998      42460.8348345      10592.7400824
   8 2025          0.4036230      42445.4676338      10980.1108529
   8 2027          0.4065479      42552.4989919      11105.4467478
   8 2029          0.4123975      42506.5189803      11112.9699862
   8 2031          0.4036230      42678.3759924      11089.3299243
   8 2033          0.3772998      42553.0398122      10716.0191192
   8 2035          0.3802246      42687.0591249      10686.8117279
   8 2037          0.4036230      42643.1963185      10996.8026958
   8 2039          0.4094727      42460.4698262      11129.7944725
   8 2041          0.4006982      42509.5672862      11062.1389561
   8 2043          0.3919238      42448.1055872      10834.3136896
   9 2019          0.3977734      42992.0895235      11055.4236667
   9 2021          0.4036230      42953.2821299      11123.7654232
   9 2023          0.4065479      42893.8142064      11180.3222302
   9 2025          0.4065479      42917.8766523      11167.2156888
   9 2027          0.3977734      42947.1999738      11006.6253516
   9 2029          0.3977734      43003.9849048      11039.6036417
   9 2031          0.3889990      42952.0930265      10961.1955485
   9 2033          0.3919238      42958.0821138      10960.2192898
   9 2035          0.3889990      43004.1722732      10946.9251422
   9 2037          0.4006982      42959.9025936      11072.7900098
   9 2039          0.4123975      42929.2434668      11175.0979741
   9 2041          0.4065479      42954.9058535      11117.2580599
   9 2043          0.4094727      42996.3647445      11125.2143613
  10 2019          0.3977734      43193.5025475      11107.2170626
  10 2021          0.4065479      43135.0412324      11198.1129494
  10 2023          0.4036230      43130.8422028      11193.2778528
  10 2025          0.4065479      43058.4044781      11161.8972904
  10 2027          0.4065479      43089.4256987      11151.1830295
  10 2029          0.3948486      43076.7039443      11040.4795287
  10 2031          0.3977734      43100.9035264      11093.5872298
  10 2033          0.3977734      43244.3016181      11109.2743359
  10 2035          0.3977734      43139.1870575      11133.8127266
  10 2037          0.3948486      43202.6687346      11112.9625555
  10 2039          0.3919238      43237.9447555      11036.5559864
  10 2041          0.4094727      43127.7837406      11248.6501411
  10 2043          0.3919238      43179.5603638      11046.6795465
  11 2019          0.3977734      42938.1396063      11041.5504357
  11 2021          0.3977734      42827.4094235      10994.0888953
  11 2023          0.3948486      42895.6487704      10994.8016503
  11 2025          0.4065479      42843.4317853      11140.5517425
  11 2027          0.4094727      42942.7550230      11180.1603499
  11 2029          0.3948486      42914.2394058      11033.1748784
  11 2031          0.3889990      42981.5843610      10937.8787689
  11 2033          0.4094727      42773.9163928      11143.5894228
  11 2035          0.4094727      43002.9303573      11163.9027331
  11 2037          0.3919238      42789.1682126      11003.2934735
  11 2039          0.3889990      42954.0465325      10890.5030511
  11 2041          0.4123975      42885.8025676      11150.8970521
  11 2043          0.4123975      42929.1481152      11194.5551844
  12 2019          0.3977734      43001.6806199      11057.8900189
  12 2021          0.3977734      42929.6274717      11071.2017264
  12 2023          0.4153223      42867.5388873      11225.9675133
  12 2025          0.4065479      42969.0250778      11163.6991661
  12 2027          0.3889990      43033.0970485      10993.0211612
  12 2029          0.3919238      42998.7120101      11032.8733112
  12 2031          0.3948486      42900.4970868      11025.7577864
  12 2033          0.4094727      42875.2794207      11148.0013660
  12 2035          0.4094727      42985.9110423      11186.3058394
  12 2037          0.3977734      43035.2768050      11065.9094478
  12 2039          0.4123975      42903.0869574      11161.8532889
  12 2041          0.4123975      42913.4891898      11210.5573938
  12 2043          0.4065479      42876.7653133      11184.2631528
  13 2019          0.3977734      43561.5608710      11201.8633277
  13 2021          0.3948486      43579.1098068      11204.5532515
  13 2023          0.3948486      43473.9056665      11154.1019855
  13 2025          0.3977734      43468.2831861      11178.1320167
  13 2027          0.3889990      43465.2860406      11037.5927920
  13 2029          0.4036230      43487.5101004      11260.3560277
  13 2031          0.4094727      43490.5564806      11370.2801333
  13 2033          0.3860742      43471.6893822      11110.2834477
  13 2035          0.3977734      43598.7645448      11160.0270322
  13 2037          0.3948486      43591.1337876      11215.3272499
  13 2039          0.4123975      43569.3851580      11291.9914114
  13 2041          0.4065479      43462.6723086      11283.8926688
  13 2043          0.4065479      43476.3281334      11336.4629353
  14 2019          0.3977734      43390.1200232      11157.7772824
  14 2021          0.4006982      43318.5286752      11197.8030480
  14 2023          0.3948486      43383.6954118      11142.9033902
  14 2025          0.4036230      43408.0981509      11195.0067389
  14 2027          0.4094727      43226.1719204      11339.6740965
  14 2029          0.3977734      43273.2555600      11245.4460135
  14 2031          0.3772998      43442.2540741      10845.8504840
  14 2033          0.4065479      43370.6044752      11247.4243386
  14 2035          0.4094727      43237.8412767      11280.3615910
  14 2037          0.4036230      43425.5749661      11161.3274500
  14 2039          0.4153223      43429.4706366      11291.7711008
  14 2041          0.4094727      43419.6948770      11321.4021766
  14 2043          0.4094727      43290.6630847      11305.8369052
  15 2019          0.3977734      44951.0709591      11559.1761004
  15 2021          0.4094727      44823.5418529      11665.8520107
  15 2023          0.4006982      44948.5151102      11575.2420629
  15 2025          0.4094727      44794.9567085      11623.9653267
  15 2027          0.4094727      45013.4391706      11628.2751295
  15 2029          0.4065479      44897.7201176      11640.3285721
  15 2031          0.4065479      44864.2473661      11605.0100039
  15 2033          0.4153223      44988.4912580      11709.4669875
  15 2035          0.3977734      45026.1861794      11548.9262421
  15 2037          0.4123975      44969.7791321      11689.8495392
  15 2039          0.4094727      44818.4092743      11717.4948587
  15 2041          0.3919238      44955.6772968      11532.7086628
  15 2043          0.3889990      44866.1517054      11384.3148399
  16 2019          0.3977734      44722.0835330      11500.2919420
  16 2021          0.3977734      44760.2449864      11503.7711661
  16 2023          0.3919238      44649.6591322      11395.2090848
  16 2025          0.4094727      44671.7966460      11641.0671464
  16 2027          0.4036230      44731.6479895      11645.0610026
  16 2029          0.4036230      44715.0965435      11609.7799907
  16 2031          0.3948486      44679.2009378      11477.5747578
  16 2033          0.3919238      44587.6743536      11420.4393304
  16 2035          0.3948486      44615.0787905      11435.3889588
  16 2037          0.3977734      44694.0155578      11494.0594202
  16 2039          0.4006982      44698.5341855      11540.7043710
  16 2041          0.4036230      44787.2666711      11566.7168583
  16 2043          0.4036230      44727.9886893      11567.6317650
  17 2019          0.3977734      44270.1031161      11384.0650953
  17 2021          0.4036230      44292.3261846      11449.1644303
  17 2023          0.3889990      44272.3712288      11276.9853976
  17 2025          0.4036230      44305.9205904      11409.1773205
  17 2027          0.4094727      44280.1404446      11436.3820172
  17 2029          0.4123975      44206.7459117      11491.7943792
  17 2031          0.4153223      44189.7690763      11531.0874038
  17 2033          0.4123975      44179.4211906      11529.3525675
  17 2035          0.4065479      44163.6415040      11459.3103457
  17 2037          0.4065479      44224.4124836      11455.4036329
  17 2039          0.4065479      44276.4788437      11489.8337899
  17 2041          0.3977734      44326.8701609      11431.7952731
  17 2043          0.3919238      44209.3722966      11292.6071602
  18 2019          0.3977734      44238.9320529      11376.0494507
  18 2021          0.3919238      44311.0853643      11303.7163568
  18 2023          0.4094727      44100.0701508      11479.9824385
  18 2025          0.4123975      44253.8957247      11521.7201131
  18 2027          0.4065479      44266.4136234      11509.4250104
  18 2029          0.3948486      44185.5478915      11389.9937562
  18 2031          0.3860742      44302.3236199      11244.6849147
  18 2033          0.3977734      44062.4055314      11391.3241264
  18 2035          0.3977734      44232.8433508      11384.2577300
  18 2037          0.4006982      44226.3668154      11424.3599354
  18 2039          0.4065479      44218.5709004      11484.9781183
  18 2041          0.3889990      44092.4119390      11239.9033382
  18 2043          0.4006982      44100.1065284      11350.1947170
  19 2019          0.3977734      43380.5289269      11155.3109302
  19 2021          0.3919238      43423.3761861      11113.7555486
  19 2023          0.4006982      43389.5406927      11223.2928422
  19 2025          0.4123975      43273.1634110      11293.4349181
  19 2027          0.4036230      43319.4114851      11287.5988292
  19 2029          0.3889990      43379.6788249      11086.2562540
  19 2031          0.3919238      43421.6403287      11084.6731505
  19 2033          0.3919238      43320.5592511      11097.9193271
  19 2035          0.3948486      43309.0260395      11107.0508429
  19 2037          0.4123975      43379.2534317      11269.1626315
  19 2039          0.4094727      43228.6749482      11229.5433334
  19 2041          0.4065479      43327.9927944      11209.6879782
  19 2043          0.3977734      43322.3632319      11134.2218096
  20 2019          0.3977734      44007.5468527      11316.5487043
  20 2021          0.3948486      43915.3365863      11298.9030040
  20 2023          0.4065479      44016.5578579      11420.4864329
  20 2025          0.4094727      43857.3182257      11435.1585760
  20 2027          0.4123975      43928.0122899      11477.0979437
  20 2029          0.3889990      43999.0467605      11172.2752121
  20 2031          0.4036230      43969.5271972      11324.5953791
  20 2033          0.3919238      43998.3834769      11262.5533320
  20 2035          0.4123975      43922.5053063      11479.4524829
  20 2037          0.3977734      44026.8970650      11411.2411696
  20 2039          0.3772998      43868.7966190      11039.9571601
  20 2041          0.4065479      43871.5207463      11407.7227758
  20 2043          0.4065479      43896.9087790      11439.9546724
  21 2019          0.3977734      43806.1338287      11264.7553084
  21 2021          0.3831494      43649.6157695      11055.6424141
  21 2023          0.3889990      43654.3068862      11070.4670930
  21 2025          0.4270215      43720.5941473      11460.7311163
  21 2027          0.4153223      43826.0085903      11443.5561859
  21 2029          0.4123975      43823.0001048      11393.1949136
  21 2031          0.3977734      43665.0393140      11265.7697798
  21 2033          0.3948486      43724.8216877      11240.4489702
  21 2035          0.4036230      43661.7222797      11281.6179153
  21 2037          0.4006982      43817.2446154      11314.1523325
  21 2039          0.4094727      43778.5153784      11406.4138630
  21 2041          0.4036230      43842.5079760      11334.5387752
  21 2043          0.4094727      43668.9777267      11350.8333704
  22 2019          0.3977734      43127.5637598      11090.2608914
  22 2021          0.3977734      43017.6608030      11087.2696520
  22 2023          0.4006982      43067.2003501      11114.0188712
  22 2025          0.4036230      42971.8440943      11128.9333582
  22 2027          0.4094727      43007.3158443      11210.5254625
  22 2029          0.4065479      43051.3619804      11120.1590104
  22 2031          0.3977734      43127.6393104      11116.9015052
  22 2033          0.3948486      42989.7238786      11066.2219341
  22 2035          0.3919238      43011.7176519      11022.5315320
  22 2037          0.3948486      43026.0204554      11047.0814829
  22 2039          0.4094727      43106.5826263      11204.6484970
  22 2041          0.4094727      43192.6532284      11214.2247696
  22 2043          0.3948486      43095.1546116      11049.5754972
  23 2019          0.3977734      42014.9965798      10804.1640380
  23 2021          0.3948486      41879.5845852      10777.7584238
  23 2023          0.4036230      41935.7588512      10893.7772061
  23 2025          0.4006982      42037.7704883      10929.6185453
  23 2027          0.3948486      41932.2202264      10831.9252468
  23 2029          0.3919238      42033.7581428      10773.5261402
  23 2031          0.3977734      41976.0385141      10850.9853314
  23 2033          0.4094727      41860.8712923      10934.5931758
  23 2035          0.4036230      41863.4265954      10934.1722666
  23 2037          0.3919238      41963.3778017      10714.8170670
  23 2039          0.3919238      41970.9712911      10691.7868347
  23 2041          0.3831494      41907.5687947      10519.6194882
  23 2043          0.4123975      41951.3750569      10922.7953163
  24 2019          0.3977734      42154.0674773      10839.9261446
  24 2021          0.3948486      42173.1196745      10825.1817109
  24 2023          0.4036230      42063.8518732      10907.2581142
  24 2025          0.3889990      42109.1534190      10753.1493666
  24 2027          0.3948486      42043.4925146      10775.1572406
  24 2029          0.4036230      41993.5152424      10850.3864441
  24 2031          0.4153223      41996.3010960      10973.6679960
  24 2033          0.4094727      42042.0383545      10965.3505445
  24 2035          0.4036230      42174.2422184      10883.7887681
  24 2037          0.3948486      42037.2170298      10783.6010188
  24 2039          0.4123975      42075.8257904      11001.0374603
  24 2041          0.4094727      42153.5158533      10996.1580461
  24 2043          0.3919238      42038.9042208      10801.7068162
  25 2019          0.3977734      43261.8391092      11124.7898219
  25 2021          0.3977734      43183.1001405      11123.0368685
  25 2023          0.4065479      43182.5928075      11225.2819137
  25 2025          0.4123975      43204.7218547      11287.7584676
  25 2027          0.3831494      43117.8127151      10966.7429762
  25 2029          0.4006982      43217.3823882      11070.7057531
  25 2031          0.4153223      43271.7924342      11274.2703154
  25 2033          0.4123975      43207.2217068      11278.7573822
  25 2035          0.4065479      43198.5966870      11219.9890362
  25 2037          0.3919238      43304.6627744      11092.3597479
  25 2039          0.3977734      43289.2135706      11123.8479599
  25 2041          0.4094727      43240.4976876      11251.3788266
  25 2043          0.3802246      43300.8095175      10952.6921246
  26 2019          0.3977734      42526.9213490      10935.8055858
  26 2021          0.3948486      42501.5243535      10870.9534097
  26 2023          0.3948486      42512.0302403      10887.0397712
  26 2025          0.4094727      42572.3389726      11072.2499526
  26 2027          0.3977734      42451.9853721      10951.0493395
  26 2029          0.3977734      42478.8836045      10952.1625626
  26 2031          0.4006982      42397.6561101      10947.7503221
  26 2033          0.4006982      42491.2233893      10979.5224197
  26 2035          0.3919238      42562.7256377      10809.7165209
  26 2037          0.3948486      42391.7300040      10835.0427708
  26 2039          0.3977734      42365.6977521      10911.2029558
  26 2041          0.4094727      42403.9881372      11020.4145079
  26 2043          0.4153223      42586.7732670      11099.6141948
  27 2019          0.3977734      43770.1672173      11255.5064877
  27 2021          0.3977734      43620.9779872      11210.5958466
  27 2023          0.4006982      43695.0613061      11283.4209836
  27 2025          0.4094727      43727.1534926      11370.2630753
  27 2027          0.4006982      43681.8938938      11269.6166219
  27 2029          0.4006982      43674.6357423      11317.1898136
  27 2031          0.4036230      43595.3783821      11325.9207412
  27 2033          0.3831494      43817.3765279      11038.5700098
  27 2035          0.3860742      43742.2576955      11075.6585771
  27 2037          0.3977734      43791.9957566      11230.4175590
  27 2039          0.4036230      43642.7780332      11303.1966146
  27 2041          0.3919238      43841.4862236      11115.2543289
  27 2043          0.4094727      43717.1787458      11303.6918956
  28 2019          0.3977734      43368.5400564      11152.2279900
  28 2021          0.3948486      43356.1426310      11123.0166002
  28 2023          0.3919238      43429.3232107      11079.1103368
  28 2025          0.4065479      43280.6219264      11205.8085189
  28 2027          0.4153223      43227.2414448      11278.8022562
  28 2029          0.4123975      43386.2785182      11255.4720964
  28 2031          0.4123975      43313.8964099      11296.6697578
  28 2033          0.3948486      43351.9645115      11136.6873543
  28 2035          0.3919238      43309.1400338      11080.9310294
  28 2037          0.4094727      43228.5645115      11245.6880839
  28 2039          0.3919238      43261.5621292      11040.4728616
  28 2041          0.3977734      43348.0800223      11075.7534325
  28 2043          0.4182471      43259.7640774      11339.2733970
  29 2019          0.3977734      44411.5717877      11420.4437900
  29 2021          0.3977734      44255.1351512      11385.2961873
  29 2023          0.4094727      44342.5791567      11536.5831961
  29 2025          0.4123975      44315.0515357      11582.6815376
  29 2027          0.3977734      44263.4389100      11461.3704689
  29 2029          0.3831494      44428.5735426      11179.4487262
  29 2031          0.4006982      44443.9632049      11434.1149515
  29 2033          0.4153223      44239.9303785      11594.5122604
  29 2035          0.3977734      44400.5510687      11460.7581608
  29 2037          0.3977734      44236.5451845      11466.4577756
  29 2039          0.3831494      44417.1592959      11198.1925756
  29 2041          0.3889990      44269.5139956      11280.4635794
  29 2043          0.4123975      44352.8387037      11514.8795943
  30 2019          0.3977734      44349.2296612      11404.4125008
  30 2021          0.3948486      44337.3504707      11391.8283461
  30 2023          0.3919238      44341.4727420      11317.1870442
  30 2025          0.4153223      44281.6316461      11585.4295062
  30 2027          0.4006982      44210.1761606      11462.5224680
  30 2029          0.3802246      44373.2474017      11116.0044224
  30 2031          0.4153223      44299.7342078      11512.3634676
  30 2033          0.4094727      44262.6939132      11551.2032565
  30 2035          0.4094727      44234.9818635      11555.1741955
  30 2037          0.3977734      44385.0806142      11407.0586809
  30 2039          0.3977734      44366.8027974      11455.7194300
  30 2041          0.4036230      44321.1513547      11530.0964415
  30 2043          0.3802246      44386.7431553      11204.9068866
  31 2019          0.3977734      44476.3116883      11437.0916673
  31 2021          0.3948486      44344.7161554      11418.7781958
  31 2023          0.4094727      44407.0136560      11546.5236604
  31 2025          0.4094727      44411.4435244      11531.7674556
  31 2027          0.4065479      44497.6054860      11559.2825865
  31 2029          0.4065479      44435.9032294      11544.9992903
  31 2031          0.3831494      44352.9455454      11209.7922829
  31 2033          0.3919238      44520.3618929      11347.2883779
  31 2035          0.4094727      44525.8422586      11520.5959335
  31 2037          0.4153223      44367.6693076      11604.6363961
  31 2039          0.4036230      44483.5871371      11530.2766359
  31 2041          0.4065479      44364.9192058      11521.2469236
  31 2043          0.3889990      44506.8401193      11294.7923731
  32 2019          0.3977734      44123.8388963      11346.4532245
  32 2021          0.3948486      43987.3809423      11312.9523166
  32 2023          0.4036230      43956.9644405      11363.2509208
  32 2025          0.4065479      44016.3120975      11437.0981923
  32 2027          0.3977734      43956.9246743      11356.1324847
  32 2029          0.3919238      44105.5094502      11229.1291723
  32 2031          0.4036230      43984.6050661      11365.3099668
  32 2033          0.3919238      44057.4809727      11265.6784503
  32 2035          0.3860742      44184.2783067      11140.3023844
  32 2037          0.4211719      43959.4048870      11492.8390291
  32 2039          0.4182471      44047.0547469      11508.1194949
  32 2041          0.4094727      43947.0874869      11428.1112544
  32 2043          0.4094727      44073.0877618      11436.0455769
  33 2019          0.3977734      43881.6637127      11284.1778319
  33 2021          0.3977734      43944.9031668      11357.3247653
  33 2023          0.3977734      43805.5721234      11260.9524656
  33 2025          0.4006982      43749.5498753      11329.0711111
  33 2027          0.4094727      43950.5567235      11422.4433660
  33 2029          0.4065479      43750.9683913      11380.5127859
  33 2031          0.4065479      43850.2460159      11373.1958564
  33 2033          0.4094727      43952.3216043      11391.7760097
  33 2035          0.3802246      43900.5805713      11055.0295601
  33 2037          0.4036230      43814.7047355      11308.4940619
  33 2039          0.4036230      43952.5708024      11396.0167672
  33 2041          0.4123975      43819.6537168      11440.0432744
  33 2043          0.4094727      43747.3325249      11409.8005260
  34 2019          0.3977734      44081.8778497      11335.6629337
  34 2021          0.3948486      43978.0633820      11239.2528184
  34 2023          0.3831494      44094.2471070      11122.1970353
  34 2025          0.4006982      43950.3358911      11340.3111473
  34 2027          0.4153223      43909.7933022      11494.9193033
  34 2029          0.4094727      44060.0003494      11481.5879686
  34 2031          0.4006982      43973.4517223      11444.4604490
  34 2033          0.4036230      44037.6806487      11423.2162433
  34 2035          0.3919238      43938.8295631      11245.6782197
  34 2037          0.3919238      44044.8553353      11229.2380612
  34 2039          0.4036230      44059.9909517      11356.4033636
  34 2041          0.4094727      44110.7030922      11436.0825941
  34 2043          0.3919238      44155.3724572      11257.0573550
  35 2019          0.3977734      44339.6385649      11401.9461487
  35 2021          0.3919238      44324.3345270      11228.6377500
  35 2023          0.3860742      44263.0945624      11233.4752062
  35 2025          0.4036230      44339.3696120      11439.6213470
  35 2027          0.4153223      44322.5263856      11542.9437352
  35 2029          0.4065479      44222.7261588      11459.2028044
  35 2031          0.4065479      44291.7759675      11438.4018666
  35 2033          0.3831494      44295.8024338      11178.8978698
  35 2035          0.3919238      44240.9418893      11249.7773893
  35 2037          0.4094727      44287.5020107      11499.4136037
  35 2039          0.4123975      44312.0060089      11553.2778151
  35 2041          0.4094727      44411.9399856      11523.9063820
  35 2043          0.4094727      44270.3171538      11525.2262840
  36 2019          0.3977734      44660.9402936      11484.5689468
  36 2021          0.3948486      44591.5823881      11441.9537293
  36 2023          0.3948486      44686.4223058      11443.5724978
  36 2025          0.3948486      44664.8430610      11454.0719263
  36 2027          0.4094727      44624.9989826      11596.9120192
  36 2029          0.4153223      44536.9018943      11655.6171741
  36 2031          0.3919238      44687.2407589      11455.9255179
  36 2033          0.3977734      44586.3454395      11446.4862436
  36 2035          0.4036230      44660.7069679      11548.3313726
  36 2037          0.4065479      44549.0359788      11601.1518493
  36 2039          0.4065479      44641.7804889      11625.8440770
  36 2041          0.4036230      44654.2803200      11556.8053343
  36 2043          0.4036230      44533.1029061      11568.9693020
  37 2019          0.3977734      44386.3951597      11413.9696156
  37 2021          0.4036230      44456.3421098      11486.3025067
  37 2023          0.3919238      44426.0421605      11344.8570942
  37 2025          0.4153223      44324.1937070      11575.0584985
  37 2027          0.4036230      44343.6315725      11521.9369546
  37 2029          0.3977734      44234.8735649      11376.9700785
  37 2031          0.4006982      44305.7614236      11411.4635983
  37 2033          0.4065479      44353.7682772      11532.6992240
  37 2035          0.4094727      44399.9252255      11542.6514065
  37 2037          0.4094727      44269.6401396      11533.4136746
  37 2039          0.3919238      44290.2187071      11334.3814097
  37 2041          0.3948486      44390.9087349      11394.8896346
  37 2043          0.3977734      44386.5989459      11424.0744130
  38 2019          0.3977734      43113.1771153      11086.5613631
  38 2021          0.4006982      43057.3326497      11121.3256632
  38 2023          0.3919238      43076.0884435      11015.6017750
  38 2025          0.4182471      43063.1551445      11255.3356178
  38 2027          0.4123975      43065.9528948      11218.7193782
  38 2029          0.3889990      43124.7970110      11003.5989008
  38 2031          0.4036230      42973.5713625      11128.1663314
  38 2033          0.4153223      42969.1024354      11251.7213179
  38 2035          0.3977734      43121.7954063      11147.1673342
  38 2037          0.3860742      43099.5924019      10896.3425662
  38 2039          0.4153223      43144.9504111      11218.9290760
  38 2041          0.4065479      43120.1621096      11213.0580795
  38 2043          0.4036230      43109.9116388      11176.9838165
  39 2019          0.3977734      43346.9600895      11146.6786976
  39 2021          0.3948486      43383.0484709      11116.7480908
  39 2023          0.3948486      43306.2208472      11130.7587629
  39 2025          0.4094727      43257.7414121      11240.7284394
  39 2027          0.4065479      43260.5930087      11263.0807965
  39 2029          0.4065479      43362.2918228      11260.1818355
  39 2031          0.4065479      43269.6935816      11250.4217564
  39 2033          0.3860742      43290.4741067      10997.0067496
  39 2035          0.3919238      43390.7880070      11065.4640026
  39 2037          0.4036230      43241.8528360      11172.8903873
  39 2039          0.3919238      43249.4088290      11071.0648121
  39 2041          0.4123975      43286.7905157      11251.1581386
  39 2043          0.4182471      43239.9007920      11302.1043412
  40 2019          0.3977734      43451.2632627      11173.5002776
  40 2021          0.3948486      43437.1455182      11172.4973492
  40 2023          0.4094727      43293.2688721      11301.9501442
  40 2025          0.3889990      43478.1791333      11081.5754507
  40 2027          0.4065479      43459.7971775      11287.9455907
  40 2029          0.4065479      43423.7235879      11277.5190173
  40 2031          0.3860742      43489.2576634      11017.2962380
  40 2033          0.4036230      43465.3511580      11204.8514513
  40 2035          0.4153223      43388.2263253      11356.3203834
  40 2037          0.3977734      43307.4045979      11213.9551200
  40 2039          0.3860742      43475.6356479      10978.8552513
  40 2041          0.3948486      43389.1626670      11091.5037189
  40 2043          0.4065479      43314.8097142      11219.1378333
  41 2019          0.3977734      43500.4176316      11186.1403325
  41 2021          0.4036230      43490.3988755      11269.0107871
  41 2023          0.4065479      43394.8501831      11273.2901603
  41 2025          0.4094727      43359.0340156      11300.8123123
  41 2027          0.3948486      43389.4527543      11189.3834162
  41 2029          0.3977734      43438.3789323      11185.7284126
  41 2031          0.3889990      43409.9424445      11098.4202586
  41 2033          0.3919238      43529.5130462      11081.6009050
  41 2035          0.3948486      43518.5259189      11107.4086814
  41 2037          0.4123975      43514.7146460      11275.6270150
  41 2039          0.4123975      43446.5838606      11318.5570029
  41 2041          0.4123975      43383.2569795      11333.9093863
  41 2043          0.4123975      43392.3138595      11326.3762961
  42 2019          0.3977734      43378.1311528      11154.6943422
  42 2021          0.4036230      43414.5385307      11234.6792806
  42 2023          0.4094727      43432.8347504      11261.5321134
  42 2025          0.4094727      43448.7278108      11288.5097747
  42 2027          0.3948486      43413.2876418      11180.1830018
  42 2029          0.3889990      43388.5182148      11068.6482043
  42 2031          0.3948486      43367.4710094      11123.2197150
  42 2033          0.4094727      43241.3247401      11302.6937194
  42 2035          0.4065479      43364.8840361      11298.8140323
  42 2037          0.3919238      43407.6915428      11096.0027879
  42 2039          0.3977734      43404.0904757      11189.5902288
  42 2041          0.3919238      43398.4453440      11097.4623085
  42 2043          0.3772998      43210.1345260      10886.1922149
  43 2019          0.3977734      43863.6804070      11279.5534215
  43 2021          0.4065479      43855.8495502      11379.6985965
  43 2023          0.3977734      43859.7694058      11283.8123676
  43 2025          0.4094727      43712.9316158      11376.7620314
  43 2027          0.3889990      43710.2251752      11115.4541666
  43 2029          0.4036230      43703.1173410      11290.9197475
  43 2031          0.4211719      43700.3116596      11492.7925356
  43 2033          0.3948486      43871.9136527      11250.5792326
  43 2035          0.4006982      43819.6381467      11346.3150670
  43 2037          0.4065479      43850.2087608      11399.1024422
  43 2039          0.3977734      43776.8573337      11334.3835851
  43 2041          0.3889990      43722.3910257      11216.4912826
  43 2043          0.3772998      43728.6348445      10971.7511966
  44 2019          0.3977734      43899.6470184      11288.8022422
  44 2021          0.3948486      43917.5100902      11281.7998103
  44 2023          0.4006982      43828.5122643      11316.2005881
  44 2025          0.4006982      43923.5357590      11358.8081198
  44 2027          0.4006982      43788.3676457      11374.8529564
  44 2029          0.4006982      43776.4032186      11339.4599718
  44 2031          0.3802246      43766.8495960      11037.9912669
  44 2033          0.3977734      43824.6594859      11221.5806952
  44 2035          0.4094727      43927.9474005      11396.0904438
  44 2037          0.4153223      43728.0929720      11444.8151491
  44 2039          0.3919238      43950.3103250      11258.9732267
  44 2041          0.3889990      43892.2916349      11128.0368582
  44 2043          0.3977734      43892.3097678      11271.2024204
  45 2019          0.3977734      43766.5705562      11254.5816056
  45 2021          0.4036230      43822.2650995      11339.2374524
  45 2023          0.4036230      43717.7127566      11383.0177809
  45 2025          0.3860742      43833.8508234      11162.3369655
  45 2027          0.4006982      43671.1100957      11296.9412195
  45 2029          0.4006982      43689.4269621      11310.4010423
  45 2031          0.3948486      43723.8985310      11206.1187379
  45 2033          0.3889990      43803.6836789      11180.2932767
  45 2035          0.4006982      43784.0932248      11292.8478118
  45 2037          0.4094727      43632.4801050      11381.1484685
  45 2039          0.4036230      43652.1187686      11373.9941653
  45 2041          0.4006982      43742.1812260      11276.7513808
  45 2043          0.3977734      43698.2554957      11217.7836464
  46 2019          0.3977734      42897.3774467      11031.0684389
  46 2021          0.3948486      42914.2766232      11041.5776414
  46 2023          0.3919238      42809.0995905      10988.5240865
  46 2025          0.4006982      42842.4874013      11083.7405678
  46 2027          0.4065479      42822.8334913      11145.2540266
  46 2029          0.3977734      42768.3718582      11030.7686223
  46 2031          0.3860742      42881.9164848      10866.4188858
  46 2033          0.4153223      42760.4607978      11153.3357865
  46 2035          0.4065479      42895.0273441      11143.3930947
  46 2037          0.4094727      42776.3164186      11157.1979711
  46 2039          0.3977734      42946.0550407      11067.2527566
  46 2041          0.4153223      42868.4472463      11173.6484699
  46 2043          0.4094727      42828.8789312      11184.2769032
  47 2019          0.3977734      43224.6736107      11115.2327072
  47 2021          0.4094727      43115.1052124      11219.2671961
  47 2023          0.4094727      43117.4654929      11221.5435951
  47 2025          0.4036230      43095.0726279      11171.8479440
  47 2027          0.4094727      43090.0935423      11211.8237577
  47 2029          0.4006982      43203.9767178      11116.8478611
  47 2031          0.4036230      43223.5731699      11151.5802388
  47 2033          0.4153223      43055.3774126      11273.8266357
  47 2035          0.3889990      43245.1097431      11065.1770331
  47 2037          0.3948486      43152.1651176      11074.5399685
  47 2039          0.4153223      43104.8991172      11257.0796638
  47 2041          0.4036230      43204.6782313      11194.0028830
  47 2043          0.3977734      43260.9331850      11164.4568654
  48 2019          0.3977734      43662.2673830      11227.7600256
  48 2021          0.3948486      43589.9558021      11208.3528661
  48 2023          0.4036230      43613.8719586      11256.8597851
  48 2025          0.4065479      43674.9026004      11340.1752019
  48 2027          0.3919238      43655.1241085      11178.5648367
  48 2029          0.3889990      43614.1653723      11119.6723956
  48 2031          0.3948486      43607.8730681      11183.7167930
  48 2033          0.4153223      43521.4234280      11381.0753337
  48 2035          0.4036230      43727.0866248      11366.9726846
  48 2037          0.3889990      43510.0553350      11117.1730439
  48 2039          0.3977734      43529.5840483      11170.2558104
  48 2041          0.4036230      43680.9425146      11277.7535774
  48 2043          0.4065479      43611.1073943      11330.1333869
  49 2019          0.3977734      43525.5942596      11192.6145070
  49 2021          0.3948486      43515.0900216      11156.1448061
  49 2023          0.3977734      43535.0069196      11170.8881103
  49 2025          0.4065479      43473.2833089      11293.0919565
  49 2027          0.3919238      43513.6983684      11108.8334069
  49 2029          0.4006982      43530.7209430      11254.0596990
  49 2031          0.4065479      43413.6081241      11281.4522117
  49 2033          0.3919238      43561.8297073      11134.6054900
  49 2035          0.4006982      43486.8913179      11252.9151009
  49 2037          0.3919238      43388.8873938      11106.7030216
  49 2039          0.3919238      43428.0435592      11048.5432276
  49 2041          0.4036230      43504.4138218      11162.3473146
  49 2043          0.4182471      43530.0920076      11372.8617529
  50 2019          0.3977734      44952.2698461      11559.4843944
  50 2021          0.3948486      44924.6099611      11510.8487800
  50 2023          0.4065479      44938.3456824      11660.3154211
  50 2025          0.4036230      44873.2557724      11645.8622873
  50 2027          0.4036230      44863.5684675      11657.5376502
  50 2029          0.4036230      44941.4858366      11627.6098611
  50 2031          0.4036230      44780.7674143      11569.8164229
  50 2033          0.4065479      44842.3835185      11666.6125387
  50 2035          0.4094727      44840.6339902      11690.9715133
  50 2037          0.3977734      44777.0995457      11572.4592420
  50 2039          0.4006982      44914.5778640      11587.9297509
  50 2041          0.4065479      44966.6603581      11661.3678028
  50 2043          0.4094727      44789.5561343      11691.0835009
