FL 2019 2020 2021 2022 2023 2024 2025 2026 2027 2028 2029 2030 2031 2032 2033 2034 2035 2036 2037 2038 2039 2040 2041 2042 2043 2044 2045
 1    4109.00    3559.25    3559.25    3682.14    3682.14    4822.82    4822.82    5155.00    5155.00    6062.83    6062.83    2540.54    2540.54    4057.28    4057.28    7239.08    7239.08    3036.73    3036.73    1289.90    1289.90    1961.65    1961.65    3248.78    3248.78    6924.46    6924.46
 2     783.00     677.95     677.95     701.36     701.36     918.63     918.63     981.90     981.90    1154.82    1154.82     483.91     483.91     772.82     772.82    1378.87    1378.87     578.42     578.42     245.70     245.70     373.65     373.65     618.82     618.82    1318.94    1318.94
 3    3537.00    2980.08    2813.36    3398.28    3157.20    2901.87    2267.21    6866.55    5546.99    5505.78    3727.62    1970.72    2102.96    4342.93    4030.79    4762.65    3104.26    1240.21    1356.97    1850.29    1909.04    5103.17    3662.21    3848.42    3902.65    5530.11    4488.66
 4    1379.00    1489.67    1243.79    1331.77     970.72    1174.60    1299.41    1447.91     973.07     953.87     884.64     935.55     771.59    1211.97     957.74     903.27     716.82     788.30     807.71     975.78     761.48     938.15    1015.42    1394.40    1227.77    1445.76    1577.33
 1    4109.00    3386.92    3386.92    5708.47    5708.47    5725.57    5725.57    4400.09    4400.09    2986.83    2986.83    1574.03    1574.03    2160.77    2160.77    2472.16    2472.16    2737.35    2737.35    7715.86    7715.86    5959.34    5959.34    4109.03    4109.03    6410.25    6410.25
 2     783.00     645.13     645.13    1087.33    1087.33    1090.58    1090.58     838.11     838.11     568.92     568.92     299.82     299.82     411.58     411.58     470.89     470.89     521.40     521.40    1469.69    1469.69    1135.11    1135.11     782.67     782.67    1221.00    1221.00
 3    3537.00    2451.95    2868.55    3136.42    2912.86    2616.94    2541.50    2042.28    1915.22    1950.25    2054.33    2229.56    2494.15    6026.37    6153.72    4687.04    4064.28    2298.53    2035.28    2276.87    2140.15    1848.13    1720.17    2312.08    3298.59    8423.86    8314.05
 4    1379.00    1249.08    1313.90    1327.45    1094.49     885.76     890.06     794.32     780.34     874.39     901.69    1022.49    1278.09    1242.46    1048.28    1020.97     812.90     713.61     945.84     997.42     914.57     870.55    1151.16    1662.76    1927.52    2008.74    2257.02
 1    4109.00    4730.42    4730.42    4958.18    4958.18   10901.81   10901.81    8489.25    8489.25    6625.54    6625.54    7815.65    7815.65    3449.29    3449.29    8436.12    8436.12    4511.43    4511.43    5265.41    5265.41   10549.31   10549.31    5033.95    5033.95    3959.80    3959.80
 2     783.00     901.03     901.03     944.42     944.42    2076.54    2076.54    1617.00    1617.00    1262.01    1262.01    1488.70    1488.70     657.01     657.01    1606.88    1606.88     859.32     859.32    1002.94    1002.94    2009.39    2009.39     958.85     958.85     754.25     754.25
 3    3537.00    2041.53    2290.55    5618.26    5962.71    6273.59    7550.38    3755.84    3278.34    6081.97    5356.30    2802.32    2707.47    2432.51    3084.84    6159.32    4110.43    1543.36    2426.52    7550.58    7037.70    5355.78    5007.80    2187.26    2455.99    4604.16    3971.00
 4    1379.00    1151.64    1273.81    1731.45    1764.84    2439.32    2092.24    1495.94    1288.09    1091.77    1187.06    1264.60    1591.22    1137.52     966.44     882.94     955.06    1353.01    1627.73    1582.26    1177.91    1150.23    1393.49    1206.04     983.84     678.61     629.92
 1    4109.00    1523.68    1523.68    6019.86    6019.86    3937.16    3937.16    3943.63    3943.63    7374.44    7374.44    5875.25    5875.25    4086.85    4086.85    7640.56    7640.56   18148.28   18148.28    9621.15    9621.15    5322.24    5322.24    2525.29    2525.29    6657.88    6657.88
 2     783.00     290.22     290.22    1146.64    1146.64     749.94     749.94     751.17     751.17    1404.66    1404.66    1119.10    1119.10     778.45     778.45    1455.34    1455.34    3456.82    3456.82    1832.60    1832.60    1013.76    1013.76     481.01     481.01    1268.17    1268.17
 3    3537.00    2113.03    2583.14    6580.52    5108.21    2046.43    2264.58   12923.02   15767.82   13468.33   12489.75    5692.28    4746.09    8570.47   13038.68   16579.58   16976.96   14443.83    8866.66    3170.19    1975.11    1328.65    1507.20    1631.85    3692.01    8157.16    8113.73
 4    1379.00    1236.79    1240.16    1104.88     817.13    1605.31    3810.53    4686.45    2960.30    2445.16    1922.91    1486.80    1911.57    4447.73    4416.77    3630.59    2622.81    1567.69     961.92     777.30     648.65     728.57    1057.44    1724.32    1971.65    1705.52    2081.61
 1    4109.00    2942.02    2942.02    4079.92    4079.92    7209.51    7209.51   19434.03   19434.03   21000.67   21000.67    8584.88    8584.88   14835.74   14835.74   14676.35   14676.35    5746.82    5746.82    2328.02    2328.02    9898.81    9898.81   14408.86   14408.86    6692.99    6692.99
 2     783.00     560.38     560.38     777.13     777.13    1373.24    1373.24    3701.72    3701.72    4000.13    4000.13    1635.22    1635.22    2825.86    2825.86    2795.50    2795.50    1094.63    1094.63     443.43     443.43    1885.49    1885.49    2744.54    2744.54    1274.86    1274.86
 3    3537.00    2327.69    2710.64    6107.73    6022.22    5706.47    8436.31   11238.49    9435.31    3131.04    4637.08    5327.51    6430.56   12466.57    9932.58    3623.42    2421.00    1549.26    1584.49    2101.82    3674.51    8861.24    7633.78    2921.23    3074.33    3506.96    4608.51
 4    1379.00    1378.69    1255.80    1167.12    1608.12    3105.40    2968.01    2587.27    2092.73    2573.42    3676.53    3044.22    2695.63    2119.53    1520.37     966.78     919.73     800.36    1395.44    1790.93    1825.24    1764.20    1663.42    1821.66    2097.07    1576.51    1326.44
 1    4109.00    6413.48    6413.48    7821.20    7821.20    8034.64    8034.64    7497.34    7497.34    6814.96    6814.96    2462.00    2462.00    4367.75    4367.75    5103.25    5103.25    2678.21    2678.21    5027.95    5027.95   11491.79   11491.79    7890.96    7890.96    1014.55    1014.55
 2     783.00    1221.62    1221.62    1489.75    1489.75    1530.41    1530.41    1428.06    1428.06    1298.09    1298.09     468.95     468.95     831.95     831.95     972.05     972.05     510.14     510.14     957.70     957.70    2188.91    2188.91    1503.04    1503.04     193.25     193.25
 3    3537.00    5523.77    5517.52    5154.49    6161.21    3068.11    3198.62    7407.88    6410.29    6191.56    6718.63    2365.72    2826.10    5484.67    4567.33    3348.99    2968.78    1816.02    3176.31    9395.67    9934.65    7904.44    5176.13    1628.89    1628.89    1628.89    1233.43
 4    1379.00    1471.15    1508.03    1679.69    1790.78    1682.61    1584.63    1624.92    1515.68    1462.15    1411.10     996.29     981.96    1125.36     938.33     680.66    1064.29    1837.58    2272.72    1917.13    1300.96     962.83     723.10     635.68     635.68     635.68     977.64
 1    4109.00    5819.35    5819.35    3141.60    3141.60    3068.14    3068.14    3782.86    3782.86    3820.28    3820.28    5424.80    5424.80    3568.49    3568.49   12626.00   12626.00    7964.88    7964.88    4406.09    4406.09    4231.92    4231.92    9713.55    9713.55    3829.52    3829.52
 2     783.00    1108.45    1108.45     598.40     598.40     584.41     584.41     720.54     720.54     727.67     727.67    1033.30    1033.30     679.71     679.71    2404.95    2404.95    1517.12    1517.12     839.26     839.26     806.08     806.08    1850.20    1850.20     729.43     729.43
 3    3537.00    2453.46    2830.62    2671.85    2908.91    5694.86    6101.64    2492.49    2206.81    5542.24    6006.41    5545.86    6314.45    3964.82    4802.31    9784.42    8221.73    3002.90    2780.68    3139.84    3901.60   11618.64   10134.67    9377.09    6455.64    2223.13    2011.00
 4    1379.00    1332.99    1242.36    1138.50    1276.16    1164.11    1002.09     868.76    1212.47    1283.46    1204.79    1697.76    2296.16    1976.96    1959.65    1869.38    1521.64    1231.78    1600.86    1900.88    2603.75    2516.36    1497.08    1187.00     757.42     747.34     995.91
 1    4109.00     902.29     902.29    1266.34    1266.34    4788.63    4788.63   20449.51   20449.51    6513.74    6513.74    7233.07    7233.07    2241.16    2241.16    1757.45    1757.45    9835.98    9835.98   22805.24   22805.24   12336.79   12336.79    1861.86    1861.86    3563.87    3563.87
 2     783.00     171.86     171.86     241.21     241.21     912.12     912.12    3895.14    3895.14    1240.71    1240.71    1377.73    1377.73     426.89     426.89     334.75     334.75    1873.52    1873.52    4343.86    4343.86    2349.86    2349.86     354.64     354.64     678.83     678.83
 3    3537.00    2439.02    2276.56    6359.25    6096.95    9423.17   11917.98   10585.91    7112.64    2192.68    2302.04    4582.82    3117.87    1358.96    1139.91    2058.11    3299.05    7506.08   10798.23   12656.94    8561.38    1986.68    1717.48    1497.53    2515.26    5401.72    6930.55
 4    1379.00    1214.05    1099.57    1575.08    3009.72    2901.06    2275.06    1805.02    1656.65    1106.16     858.35     724.34     557.86     681.39    1193.58    1335.13    2053.90    3755.15    3166.86    2084.07    1265.18     937.83    1125.75    1152.53    1281.47    1765.02    1947.70
 1    4109.00    5486.71    5486.71    9175.78    9175.78    6239.31    6239.31    1278.35    1278.35    2159.85    2159.85    2707.78    2707.78    2252.25    2252.25    3526.45    3526.45    4383.46    4383.46    5910.37    5910.37    5042.27    5042.27    5441.44    5441.44    4646.33    4646.33
 2     783.00    1045.09    1045.09    1747.77    1747.77    1188.44    1188.44     243.50     243.50     411.40     411.40     515.77     515.77     429.00     429.00     671.70     671.70     834.94     834.94    1125.78    1125.78     960.43     960.43    1036.46    1036.46     885.02     885.02
 3    3537.00    2456.00    3080.60    5309.55    4930.27    2175.56    1878.92    1895.29    2023.67    3420.19    3741.55    2809.28    2821.11    2098.86    2868.77    6870.90    7296.81    4154.80    4109.44    8111.16    7719.40    3317.83    3461.95    7489.12    8655.01    3703.96    4538.79
 4    1379.00    1342.51    1229.10    1271.27    1083.39     900.93     863.37     700.48     694.43     690.79     708.74     855.95    1111.54    1237.12    1367.67    1575.34    2083.71    1809.09    1475.14    1537.03    1581.79    1341.62    1698.05    1949.47    1905.66    1723.13    2138.41
 1    4109.00    6192.65    6192.65    4299.83    4299.83    2052.20    2052.20    1730.65    1730.65    1510.28    1510.28    2065.14    2065.14    2736.43    2736.43    3291.29    3291.29    3940.40    3940.40    3279.74    3279.74   10137.20   10137.20    6127.04    6127.04    6234.23    6234.23
 2     783.00    1179.55    1179.55     819.02     819.02     390.90     390.90     329.65     329.65     287.67     287.67     393.36     393.36     521.22     521.22     626.91     626.91     750.55     750.55     624.71     624.71    1930.90    1930.90    1167.06    1167.06    1187.47    1187.47
 3    3537.00    4766.92    5316.88    2593.51    2532.90    2532.90    2532.90    2532.90    2532.90    1413.89    1581.56    3810.76    4297.94    2983.90    3700.27    2243.08    2097.07    2108.02    2304.85    2468.64    2745.54    7336.57    5849.87    2518.77    2070.66    6919.56    8868.26
 4    1379.00    1323.04    1247.19     938.76     849.16     849.16     849.16     849.16     849.16     725.77     826.32     798.69     874.03    1115.23     939.46     803.49     810.20     913.30    1058.20    1487.88    1436.46    1577.54    1143.30    1267.01    1854.60    2029.96    1619.36
 1    4109.00    2299.84    2299.84    3251.56    3251.56    4833.44    4833.44    5395.70    5395.70    2729.96    2729.96    2498.03    2498.03    6057.74    6057.74    5275.12    5275.12    4143.68    4143.68    2297.53    2297.53    6759.52    6759.52    8441.20    8441.20    9877.10    9877.10
 2     783.00     438.06     438.06     619.34     619.34     920.66     920.66    1027.75    1027.75     519.99     519.99     475.82     475.82    1153.86    1153.86    1004.78    1004.78     789.27     789.27     437.62     437.62    1287.53    1287.53    1607.85    1607.85    1881.35    1881.35
 3    3537.00    2364.15    2867.36    6161.73    5761.43    5669.96    4187.41    4581.84    3788.09    1443.35    1558.80    4128.14    4688.06    5220.05    5254.09    2680.87    2369.90    4127.85    4031.41    2299.66    2968.42    7162.27    7644.86    7445.76    6462.54    5253.95    3233.94
 4    1379.00    1334.27    1343.15    1354.93    1303.46    1229.36     779.88     647.74     758.12     708.93     883.94    1179.00    1383.97    1389.60    1237.81    1055.23     826.69     890.91    1287.20    1343.87    1818.99    1952.18    1608.70    1406.61    1024.76     734.41     523.82
 1    4109.00    4192.65    4192.65    6028.64    6028.64    4960.03    4960.03    3729.26    3729.26    5228.92    5228.92    4524.37    4524.37    6132.59    6132.59    8025.40    8025.40    7917.29    7917.29    5254.79    5254.79    7637.32    7637.32    8395.46    8395.46    4212.52    4212.52
 2     783.00     798.60     798.60    1148.31    1148.31     944.77     944.77     710.34     710.34     995.98     995.98     861.78     861.78    1168.11    1168.11    1528.65    1528.65    1508.06    1508.06    1000.91    1000.91    1454.73    1454.73    1599.14    1599.14     802.38     802.38
 3    3537.00    2651.35    3102.41    5516.73    4927.99    1933.80    1819.34    1683.68    2008.63    4557.39    4746.55    2828.11    3271.18    7671.90    7183.24    3524.67    3052.36    5655.90    5891.06    3675.24    4131.09    7600.02    5528.72    2674.82    2175.77    1505.83    1658.08
 4    1379.00    1331.08    1203.87    1042.00     768.71     733.75     744.01    1048.77    1052.23    1120.41    1544.89    1614.52    1592.55    1657.46    1707.55    1363.14    1217.71    1772.19    2307.19    1701.42    1312.56     991.89     813.14     867.77     776.49     864.17    1124.65
 1    4109.00    4611.22    4611.22    3246.01    3246.01    3264.49    3264.49    2188.96    2188.96    5341.64    5341.64   10209.74   10209.74    6955.41    6955.41    3425.73    3425.73   15379.06   15379.06    6339.10    6339.10   10392.23   10392.23   19038.56   19038.56   14397.31   14397.31
 2     783.00     878.33     878.33     618.29     618.29     621.81     621.81     416.94     416.94    1017.46    1017.46    1944.71    1944.71    1324.84    1324.84     652.52     652.52    2929.34    2929.34    1207.45    1207.45    1979.47    1979.47    3626.39    3626.39    2742.34    2742.34
 3    3537.00    2182.48    2714.89    2849.69    2652.93    2757.71    3213.89    3823.60    3186.29    9186.31    7438.24    6604.64    4594.76    1698.92    1545.81    3473.07    5277.34    9561.60    6807.46    5187.53    5360.97   12626.99    9812.79    9593.08    7845.75    2929.22    3073.34
 4    1379.00    1220.83    1210.46    1034.50    1288.23    1362.78    1251.54    1347.41    1708.51    1805.46    1155.60     884.86     621.00    1030.77    2225.51    2218.43    1896.34    2204.00    3108.34    2885.72    2205.64    2315.24    2290.77    2520.17    1787.45    1490.33    1712.24
 1    4109.00    5421.11    5421.11    8871.32    8871.32   11395.23   11395.23   28004.59   28004.59   12262.40   12262.40    2943.40    2943.40   13294.05   13294.05   12838.98   12838.98    6618.15    6618.15    9004.84    9004.84   15328.70   15328.70    7032.10    7032.10    2403.32    2403.32
 2     783.00    1032.59    1032.59    1689.78    1689.78    2170.52    2170.52    5334.21    5334.21    2335.70    2335.70     560.65     560.65    2532.20    2532.20    2445.52    2445.52    1260.60    1260.60    1715.21    1715.21    2919.75    2919.75    1339.45    1339.45     457.78     457.78
 3    3537.00    4310.09    4697.65    2356.41    3429.88    8065.80   12680.36   14325.23    8894.72    1995.91    1092.17     906.41    4376.32   13870.40   10564.58    5154.51    5320.23    3910.57    5586.83   13007.23   11447.55   10233.96    7749.61    2153.66    2058.31    1247.04    1820.86
 4    1379.00    1321.41    1388.57    1772.18    2673.24    4237.62    3662.34    2385.99    1210.99     703.08     986.52    2776.97    3301.28    2906.31    2524.16    2103.99    2170.07    2677.53    2746.39    2463.03    1922.86    1476.86     983.17     611.79     697.97     988.54    1574.82
 1    4109.00    6735.50    6735.50    6600.59    6600.59    5082.00    5082.00    5240.93    5240.93    8582.57    8582.57    5007.16    5007.16    7099.09    7099.09    4498.03    4498.03    6605.68    6605.68    9696.92    9696.92    3344.88    3344.88    1447.45    1447.45    3151.76    3151.76
 2     783.00    1282.95    1282.95    1257.26    1257.26     968.00     968.00     998.27     998.27    1634.78    1634.78     953.74     953.74    1352.21    1352.21     856.77     856.77    1258.22    1258.22    1847.03    1847.03     637.12     637.12     275.70     275.70     600.34     600.34
 3    3537.00    6072.03    5630.82    2653.85    3151.22    8945.65    8290.61    3873.15    3970.22    9133.65    7495.44    3650.55    4847.28   10344.78    8638.57    3363.25    2938.80    7698.40    7520.83    6354.75    4993.63    1509.96    1827.01    2073.94    2444.88    5609.54    9092.69
 4    1379.00    1595.22    1428.81    1551.97    2062.08    2214.17    1719.15    1697.36    1863.05    2167.48    1760.41    1623.51    1872.85    1892.08    1369.87    1345.40    1399.30    1749.89    1452.15    1005.64     787.88     863.52     892.98     866.97    1194.86    2759.87    3244.17
 1    4109.00    5239.54    5239.54    3407.25    3407.25   11515.35   11515.35   13169.31   13169.31    6051.28    6051.28    2454.61    2454.61    2123.81    2123.81    2143.22    2143.22    2989.60    2989.60    2763.68    2763.68    5587.89    5587.89    6351.58    6351.58    6670.36    6670.36
 2     783.00     998.01     998.01     649.00     649.00    2193.40    2193.40    2508.44    2508.44    1152.62    1152.62     467.54     467.54     404.54     404.54     408.23     408.23     569.45     569.45     526.42     526.42    1064.36    1064.36    1209.82    1209.82    1270.54    1270.54
 3    3537.00    5312.90    5700.60    2894.67    4380.73   10051.41    7558.65    3325.28    2051.10    1666.32    1580.81    1485.29    1392.20    1514.77    1675.06    4558.83    4420.72    3136.65    3816.85    2463.80    2287.49    4428.37    4961.81    2650.78    2694.33    6112.35    5600.45
 4    1379.00    1489.80    1714.90    1998.58    1913.18    1955.59    1407.16    1029.14     799.56     674.49     692.28     641.15     588.16     681.85     975.26     945.90     996.77    1026.07    1034.28     822.49     726.38    1258.36    1426.89    1279.56    1429.52    1305.96    1094.73
 1    4109.00    6705.47    6705.47    4243.01    4243.01    7373.06    7373.06    6227.76    6227.76    8757.21    8757.21    9027.48    9027.48    7886.34    7886.34    6533.60    6533.60    6158.92    6158.92    8803.87    8803.87   11518.58   11518.58    4932.77    4932.77   10842.68   10842.68
 2     783.00    1277.23    1277.23     808.19     808.19    1404.39    1404.39    1186.24    1186.24    1668.04    1668.04    1719.52    1719.52    1502.16    1502.16    1244.50    1244.50    1173.13    1173.13    1676.93    1676.93    2194.02    2194.02     939.58     939.58    2065.27    2065.27
 3    3537.00    3291.00    3310.32    3101.45    3319.60    8889.36   10567.97    5131.42    6735.03   13678.15   12156.32    5508.01    5048.84    8469.06    7018.92    2790.30    2366.17    5526.13    5747.06    2965.05    3205.48    6826.92    4994.48    2550.02    4434.37   10467.10    8362.25
 4    1379.00    1472.86    1508.03    1710.67    1866.21    3095.42    3061.14    3020.93    2950.69    2347.70    2313.53    2026.55    1575.69    1174.36    1118.38    1021.28    1197.65    1532.87    1613.60    1704.72    1297.57    1345.99    1955.79    2312.02    2130.87    1654.85    1372.04
 1    4109.00    3317.16    3317.16    5653.96    5653.96    4693.00    4693.00    6621.85    6621.85    3726.49    3726.49    2666.20    2666.20    4584.43    4584.43    3759.76    3759.76    3929.31    3929.31    5197.96    5197.96    2188.49    2188.49    2798.80    2798.80    4733.19    4733.19
 2     783.00     631.84     631.84    1076.94    1076.94     893.90     893.90    1261.30    1261.30     709.81     709.81     507.85     507.85     873.22     873.22     716.14     716.14     748.44     748.44     990.09     990.09     416.86     416.86     533.10     533.10     901.56     901.56
 3    3537.00    3032.56    3186.45    6944.77    6370.95    3599.55    2694.24    5247.19    4298.64    1736.70    1613.72    3195.47    3608.38    4361.41    4836.92    2472.30    2857.54    5752.17    5978.16    5000.23    4519.56    1679.72    2322.95    6011.10    7809.87    7765.69    7232.05
 4    1379.00    1504.27    1373.15    1557.71    1335.03    1244.84     852.90     788.26     792.79     710.47     776.99     925.25    1449.08    1533.50    1474.34    1123.09    1192.98    1050.40    1021.57     917.40     860.22    1063.72    1515.59    1818.54    1519.90    1320.12    2072.36
 1    4109.00    4747.97    4747.97   13062.59   13062.59    7635.01    7635.01   13689.98   13689.98    4159.85    4159.85    2620.93    2620.93    3947.79    3947.79    3656.73    3656.73    6095.17    6095.17    4534.53    4534.53    5759.29    5759.29    4344.19    4344.19    5987.98    5987.98
 2     783.00     904.38     904.38    2488.11    2488.11    1454.29    1454.29    2607.62    2607.62     792.35     792.35     499.22     499.22     751.96     751.96     696.52     696.52    1160.98    1160.98     863.72     863.72    1097.01    1097.01     827.46     827.46    1140.57    1140.57
 3    3537.00    5566.51    5495.11    5530.91    5986.56    3580.06    3363.00    6697.61    4572.33    1406.11    1858.44    4957.55    4076.56    3645.79    3430.63    3082.02    3728.02    8861.00    8211.79    3901.14    3362.76    8644.79    7313.56    3736.95    4150.44    8383.89    7432.00
 4    1379.00    1448.35    1548.85    2104.24    2165.23    1629.69    1321.12    1121.80     923.99    1131.34    1118.24    1038.71    1094.41    1307.33    1506.77    1804.66    1721.36    1748.22    1609.39    1563.88    1363.86    1548.37    1905.37    1868.48    1446.04    1519.13    1104.89
 1    4109.00    3951.95    3951.95    7010.39    7010.39    4885.19    4885.19    5039.03    5039.03    1626.70    1626.70    1863.71    1863.71    3368.90    3368.90    7258.94    7258.94   12219.90   12219.90    4260.10    4260.10   14426.41   14426.41   14296.59   14296.59    9444.67    9444.67
 2     783.00     752.75     752.75    1335.31    1335.31     930.51     930.51     959.82     959.82     309.85     309.85     354.99     354.99     641.70     641.70    1382.66    1382.66    2327.60    2327.60     811.45     811.45    2747.89    2747.89    2723.16    2723.16    1798.98    1798.98
 3    3537.00    2366.39    3084.05    5771.16    5019.90    2619.88    2502.53    2502.53    4091.08    1558.15    1747.91    4564.47    4508.76    3719.38    3232.81    2621.11    3044.94    5170.06    2842.26     998.48    2222.92    8853.78   10942.06    4421.48    3505.93    3352.65    3448.90
 4    1379.00    1188.87    1351.43    1164.95    1197.06    1246.35     862.35     862.35     631.09     937.21     983.93    1039.24     755.78    1019.82    1373.62    1220.70     936.32     784.28    1042.75    1534.19    2142.19    3250.12    3053.52    1835.18    1536.18    1516.85    1423.72
 1    4109.00    3602.68    3602.68    4106.72    4106.72    7376.75    7376.75   12573.33   12573.33    6398.70    6398.70    5044.12    5044.12    4884.73    4884.73    6351.11    6351.11   12149.21   12149.21   16404.70   16404.70    6657.88    6657.88    5850.31    5850.31    5921.92    5921.92
 2     783.00     686.22     686.22     782.23     782.23    1405.10    1405.10    2394.92    2394.92    1218.80    1218.80     960.78     960.78     930.42     930.42    1209.74    1209.74    2314.14    2314.14    3124.70    3124.70    1268.17    1268.17    1114.34    1114.34    1127.98    1127.98
 3    3537.00    2690.95    3062.86    6795.50   14711.31    9156.50    8901.35   14595.77   10759.53    3707.39    3734.87    6439.11    6640.45    3629.88    3141.43    5969.55    8739.95    9786.06    9015.97   10868.68    9505.12    3188.71    2717.01    6353.59    7143.51    3577.55    2858.55
 4    1379.00    1363.94    2288.68    5559.45    5062.18    3243.53    2331.72    1759.74    1397.59    1082.51    1252.13    1417.28    1277.33    1222.84    1392.25    2638.44    2963.89    2414.59    2944.04    2939.84    1726.99    1191.39    1341.69    1585.01    1683.34    1511.02    1455.22
 1    4109.00    3749.13    3749.13    3100.48    3100.48    2587.66    2587.66    5562.94    5562.94    1253.87    1253.87    2821.43    2821.43    2976.67    2976.67    2842.69    2842.69    3937.63    3937.63    8079.92    8079.92    7190.11    7190.11    2775.70    2775.70    2101.64    2101.64
 2     783.00     714.12     714.12     590.57     590.57     492.89     492.89    1059.61    1059.61     238.83     238.83     537.42     537.42     566.98     566.98     541.46     541.46     750.02     750.02    1539.03    1539.03    1369.54    1369.54     528.70     528.70     400.31     400.31
 3    3537.00    4500.46    5256.83    2225.49    2766.84    4699.25    5184.25    3126.67    3561.56    2206.30    2189.89    4052.74    3511.05    2355.39    2838.17    2104.34    2200.29    2712.85    3436.80    8343.45    6656.79    6477.55    5539.89    2339.79    2482.29    6115.73    5128.58
 4    1379.00    1349.39    1299.47     943.99    1069.14     918.63     945.02     968.85    1000.08     710.67     612.51     549.35     573.03     810.88    1059.90    1002.17    1241.23    1668.82    1800.80    1769.96    1290.25    1302.26     944.40    1151.30    1063.88    1064.16    1287.88
 1    4109.00    3433.12    3433.12    8775.23    8775.23   15050.57   15050.57    7698.77    7698.77    4402.40    4402.40   13111.56   13111.56    9710.32    9710.32   13088.46   13088.46    1803.65    1803.65    1479.79    1479.79    1164.70    1164.70    7926.07    7926.07    9426.19    9426.19
 2     783.00     653.93     653.93    1671.47    1671.47    2866.78    2866.78    1466.43    1466.43     838.55     838.55    2497.44    2497.44    1849.58    1849.58    2493.04    2493.04     343.55     343.55     281.86     281.86     221.85     221.85    1509.73    1509.73    1795.46    1795.46
 3    3537.00    2335.04    2549.45    5061.44    4146.54    2172.79    1832.57     826.08    1066.69    1472.07    1782.77    3909.10    4988.52    2921.11    2568.98    4969.60    3646.65    1369.21    1855.42    1555.85    1686.42    2347.17    3292.62    9600.61    8529.00    7883.92    7345.86
 4    1379.00    1101.90    1108.72    1195.31    1236.43    1075.99     860.88     868.96    1033.04     807.28     947.70    1853.28    2081.75    1408.26    1125.16    1213.11     929.36     774.36     747.46     712.29     907.49    1556.99    1929.54    1998.45    1642.98    2471.50    1943.74
 1    4109.00    4272.11    4272.11    3837.37    3837.37    3450.22    3450.22    3113.42    3113.42    5575.42    5575.42    8613.99    8613.99    9402.62    9402.62    5659.04    5659.04    5155.92    5155.92   10886.57   10886.57    7344.41    7344.41    2203.74    2203.74    1698.31    1698.31
 2     783.00     813.74     813.74     730.93     730.93     657.18     657.18     593.03     593.03    1061.98    1061.98    1640.76    1640.76    1790.98    1790.98    1077.91    1077.91     982.08     982.08    2073.63    2073.63    1398.94    1398.94     419.76     419.76     323.49     323.49
 3    3537.00    4984.98    5077.66    2530.50    2277.93    5383.85    3748.73    3228.90    3799.60    8353.11    7680.00    9386.56    9842.80    3777.50    3613.52    3053.80    3209.49    6568.02    8680.31    9715.50    6757.05    2373.85    1667.33    1667.33    1351.45    3361.12    4360.28
 4    1379.00    1273.87    1225.42    1186.87     924.47    1021.10    1574.96    1832.82    1673.30    2065.95    2444.75    2504.34    1675.90    1247.39    1276.87    1385.71    1451.24    2373.20    2029.91    1505.71    1069.48     733.37     570.28     570.28     734.85     949.25    1062.07
 1    4109.00    4005.54    4005.54    4768.76    4768.76    5142.06    5142.06    4741.97    4741.97    2382.53    2382.53    7541.23    7541.23    7508.42    7508.42    5959.80    5959.80    4478.63    4478.63    3645.64    3645.64    5747.28    5747.28    3816.12    3816.12    1708.94    1708.94
 2     783.00     762.96     762.96     908.34     908.34     979.44     979.44     903.23     903.23     453.82     453.82    1436.42    1436.42    1430.18    1430.18    1135.20    1135.20     853.07     853.07     694.41     694.41    1094.72    1094.72     726.88     726.88     325.51     325.51
 3    3537.00    5360.68    5581.42    2925.06    2539.42    5217.08    3877.40    2423.53    2300.09    3709.16    5251.97   10838.43    8007.54    2818.94    2966.60    4789.77    4370.63    2232.54    2398.07    5371.46    4673.20    3583.09    3625.87    2306.13    2336.02    1924.84    6624.33
 4    1379.00    1328.42    1332.30    1087.73     907.32     788.07     644.33    1058.85    2350.89    2412.78    1859.09    1564.83    1257.69    1008.64    1030.09     909.23    1060.95    1065.33    1211.22    1154.99    1019.65    1167.28     980.87     827.03    1848.84    4292.75    4594.15
 1    4109.00    2445.83    2445.83    3417.41    3417.41    8271.19    8271.19    3985.21    3985.21    4025.87    4025.87    2841.76    2841.76    3141.14    3141.14    1231.23    1231.23    1698.31    1698.31    3899.74    3899.74    5008.08    5008.08    5619.31    5619.31    2384.38    2384.38
 2     783.00     465.87     465.87     650.94     650.94    1575.46    1575.46     759.09     759.09     766.83     766.83     541.29     541.29     598.31     598.31     234.52     234.52     323.49     323.49     742.81     742.81     953.92     953.92    1070.34    1070.34     454.17     454.17
 3    3537.00    2071.24    3022.48    5951.08    6526.23    6814.04    6107.94    2488.23    2509.29    5020.27    5860.09    3036.62    2507.63    5283.94    4663.54    1973.73    2336.66    5661.18    7151.93    5953.07    5864.95    7904.47    7564.03    3743.71    3529.72    2454.10    2420.43
 4    1379.00    1105.72    1396.81    1588.34    1556.81    1251.46    1028.11    1060.36    1071.16    1392.13    1171.46     975.97     924.71     875.04     744.91    1017.54    1129.03    1557.90    1713.38    1630.70    1875.27    1645.06    1607.81    1252.49     940.76     804.07     909.52
 1    4109.00    2442.13    2442.13    4349.27    4349.27    5404.48    5404.48    2669.90    2669.90    3741.74    3741.74    2446.75    2446.75    1011.32    1011.32    1891.43    1891.43    3672.44    3672.44    7372.13    7372.13    2586.74    2586.74    6479.09    6479.09   10282.73   10282.73
 2     783.00     465.17     465.17     828.43     828.43    1029.42    1029.42     508.55     508.55     712.71     712.71     466.05     466.05     192.63     192.63     360.27     360.27     699.51     699.51    1404.22    1404.22     492.71     492.71    1234.11    1234.11    1958.62    1958.62
 3    3537.00    2767.88    2840.34    6531.27    5807.72    5185.99    4462.79    2423.71    2815.92    5028.28    4472.24    4472.24    1704.21    1256.42    1815.33    4919.62    5650.74    5293.38    7162.95    3635.00    4052.61    4621.49    5637.28   11647.90   11841.89   12520.31   11629.18
 4    1379.00    1304.74    1318.47    1266.68    1153.31    1194.07    1251.41     917.12     904.00     794.34     793.15     793.15     556.61     730.97    1108.18    1323.97    1901.68    2039.84    1925.20    1412.71    2266.09    2249.91    2496.73    2841.79    2887.58    2508.14    1820.25
 1    4109.00    3790.25    3790.25    4061.90    4061.90    6119.65    6119.65    5968.58    5968.58    5633.17    5633.17    8029.10    8029.10    5345.80    5345.80    5557.86    5557.86    8331.71    8331.71    6407.48    6407.48    3725.11    3725.11   13043.65   13043.65   13478.85   13478.85
 2     783.00     721.95     721.95     773.70     773.70    1165.65    1165.65    1136.87    1136.87    1072.98    1072.98    1529.35    1529.35    1018.25    1018.25    1058.64    1058.64    1586.99    1586.99    1220.47    1220.47     709.54     709.54    2484.50    2484.50    2567.40    2567.40
 3    3537.00    2364.40    2857.36    6223.38    6767.34    3297.47    4212.09   10300.19    9471.69    3644.02    3775.44    7484.03    7403.74    2636.62    2554.91    7162.76    6369.67    8379.23    8345.15    4119.11    4120.72    6826.51    8221.25   15852.06   13737.62    4297.51    3685.99
 4    1379.00    1254.28    1380.45    1685.31    1749.13    2026.60    2105.24    2085.00    1800.53    1469.62    1471.16    1328.22    1256.34    1164.19    1336.15    1981.33    2260.25    2219.58    2018.69    2190.27    3544.18    3802.30    2975.63    2131.16    1603.92    1295.16    1590.37
 1    4109.00    3049.66    3049.66    7312.07    7312.07    7044.11    7044.11    4764.61    4764.61    1519.06    1519.06    3646.57    3646.57    5411.87    5411.87    3157.77    3157.77    3574.03    3574.03    2029.57    2029.57    3783.78    3783.78    5882.65    5882.65    5579.11    5579.11
 2     783.00     580.89     580.89    1392.78    1392.78    1341.74    1341.74     907.54     907.54     289.34     289.34     694.58     694.58    1030.83    1030.83     601.48     601.48     680.77     680.77     386.58     386.58     720.72     720.72    1120.50    1120.50    1062.69    1062.69
 3    3537.00    2855.13    3079.35    2879.04    3244.22    3226.53    2543.89    2262.91    1835.47    1503.21    2109.34    5772.55    6845.12    2614.42    2675.89    1713.53    1827.22    1827.22    3294.27    1113.97    2470.41    7028.85    7869.64    4632.02    4845.97   11228.00    9756.29
 4    1379.00    1310.75    1399.51    1513.38    1350.88     923.10     741.85     728.73     716.64     838.49    1298.22    1449.78    1243.41     861.87     693.36     661.28     627.41     627.41     669.28    1187.09    1725.10    2116.79    2538.46    2216.90    2161.63    1859.04    1313.76
 1    4109.00    4850.54    4850.54    4012.47    4012.47    9426.19    9426.19    7095.40    7095.40    2748.90    2748.90    6437.05    6437.05   16359.42   16359.42   11699.23   11699.23    3425.73    3425.73    4935.55    4935.55    9240.92    9240.92    2522.98    2522.98    6242.54    6242.54
 2     783.00     923.91     923.91     764.28     764.28    1795.46    1795.46    1351.50    1351.50     523.60     523.60    1226.10    1226.10    3116.08    3116.08    2228.42    2228.42     652.52     652.52     940.10     940.10    1760.18    1760.18     480.57     480.57    1189.06    1189.06
 3    3537.00    3517.51    3383.04    3416.54    3538.13    8685.63    7357.23    2692.11    2285.97    2786.40    3974.15   11901.70   13136.72   11348.88    9202.10    3717.64    3401.21    2803.90    2753.56    5222.32    4473.33    3638.36    3091.53    1267.62    1881.18    6444.36    6808.65
 4    1379.00    1511.43    1609.98    1772.84    1767.71    1619.51    1043.11     808.53    1470.13    2465.88    2730.79    2993.17    2606.72    1956.32    1761.61    1440.93    1299.92    1029.14    1053.71     950.28     868.47     783.14     807.21     993.01    1611.41    1952.49    1463.62
 1    4109.00    4488.79    4488.79    5873.41    5873.41    5449.29    5449.29    8892.11    8892.11    5878.95    5878.95    2320.16    2320.16    4276.27    4276.27    6407.02    6407.02    7929.31    7929.31    8248.55    8248.55    6428.27    6428.27    3822.59    3822.59    4800.18    4800.18
 2     783.00     855.01     855.01    1118.74    1118.74    1037.96    1037.96    1693.74    1693.74    1119.80    1119.80     441.94     441.94     814.53     814.53    1220.38    1220.38    1510.34    1510.34    1571.15    1571.15    1224.43    1224.43     728.11     728.11     914.32     914.32
 3    3537.00    2648.48    3123.53    2938.49    3707.62    2894.99    3487.17    3084.18    2923.92    2016.77    2196.30    2067.78    2186.66    6586.20    7753.47    8040.22    8320.17    9506.39    7826.58    3248.68    2704.50    4779.09    4322.65    2543.24    3745.46   10390.51    9322.20
 4    1379.00    1368.10    1404.36    1454.05    1363.77    1238.59    1345.29    1098.76    1050.13     919.07     831.03    1012.29    1485.68    1788.79    2062.41    2144.74    2120.40    1864.99    1305.37    1138.08    1317.30    1280.22    1342.62    1873.26    2119.04    2524.46    2213.12
 1    4109.00    4120.58    4120.58    2579.35    2579.35    4042.50    4042.50    3879.88    3879.88    1891.89    1891.89    2723.49    2723.49    2991.45    2991.45    3080.15    3080.15    5580.50    5580.50    7682.14    7682.14    4795.10    4795.10    7746.82    7746.82    6930.92    6930.92
 2     783.00     784.87     784.87     491.30     491.30     770.00     770.00     739.02     739.02     360.36     360.36     518.76     518.76     569.80     569.80     586.70     586.70    1062.95    1062.95    1463.26    1463.26     913.35     913.35    1475.58    1475.58    1320.18    1320.18
 3    3537.00    3181.57    2950.49    3117.10    3118.39    3266.88    2494.43    2140.38    2269.05    2318.45    2596.72    3002.01    3148.67    2503.67    2668.75    2601.31    5078.55   14296.04   12556.13    5495.92    5013.60   10056.71    8030.41    6930.82    8362.04    3971.90    3468.60
 4    1379.00    1468.60    1273.58    1307.51    1040.06     908.81     771.40     859.24    1008.72     993.82    1259.39    1270.49     939.65     691.48    1248.64    3005.25    3153.78    2688.64    2203.28    1991.87    1633.98    1507.47    1637.65    2007.59    1949.75    1393.88    1099.05
 1    4109.00   12784.00   12784.00    6955.87    6955.87   14144.13   14144.13   13637.32   13637.32    8468.92    8468.92    9070.45    9070.45    7674.28    7674.28    4077.15    4077.15    6858.85    6858.85   18657.41   18657.41   10048.50   10048.50    6578.42    6578.42    4008.77    4008.77
 2     783.00    2435.05    2435.05    1324.93    1324.93    2694.12    2694.12    2597.58    2597.58    1613.13    1613.13    1727.70    1727.70    1461.77    1461.77     776.60     776.60    1306.45    1306.45    3553.79    3553.79    1914.00    1914.00    1253.03    1253.03     763.58     763.58
 3    3537.00    4823.15    4906.03    1987.35    3349.74   10439.01    8654.51    4896.21    5240.49    4211.17    3567.55    6906.93    6943.06    2997.66    3365.19    2967.69    2941.30    9901.83   10273.92   11015.30    8854.21    4027.20    3667.59    2739.68    2416.49    5003.70    4084.65
 4    1379.00    1369.00    1655.00    2357.38    2249.06    2950.94    2975.26    2581.49    1788.53    1357.51    1487.71    1498.40    1544.41    1571.63    1429.34    1514.75    2534.83    2860.63    2434.26    2526.67    2269.85    1537.19    1296.04    1211.36    1026.56     728.64     571.14
 1    4109.00    1884.50    1884.50    3126.82    3126.82    5500.57    5500.57    8282.27    8282.27    8617.22    8617.22   12089.62   12089.62    6588.12    6588.12    2910.60    2910.60    2948.95    2948.95    2798.33    2798.33    5050.12    5050.12    5954.72    5954.72    6251.78    6251.78
 2     783.00     358.95     358.95     595.58     595.58    1047.73    1047.73    1577.58    1577.58    1641.38    1641.38    2302.78    2302.78    1254.88    1254.88     554.40     554.40     561.70     561.70     533.02     533.02     961.93     961.93    1134.23    1134.23    1190.82    1190.82
 3    3537.00    2171.99    3079.66    7190.43    5996.34    9815.47   10666.48    9931.92    8622.14    3168.41    3057.09    5612.62    3825.30    1870.09    1963.85    1928.04    2122.19    5588.53    7184.94    3715.68    3569.41    6045.96    6505.40    3156.85    3110.03    9472.29   12325.94
 4    1379.00    1303.07    1256.16    1808.07    2540.31    2977.70    1948.83    1684.26    1582.79    1318.80    1059.81    1002.39    1218.34     951.21     934.07    1210.81    1227.71    1818.83    1726.85    1322.51    1081.93    1184.08    1422.44    1738.85    2572.43    2967.83    2292.79
 1    4109.00     990.99     990.99    3516.28    3516.28    4297.52    4297.52    5059.36    5059.36    3040.88    3040.88    1804.11    1804.11    2104.87    2104.87    2013.40    2013.40    9564.79    9564.79   10137.67   10137.67    6526.21    6526.21    6463.38    6463.38    7023.79    7023.79
 2     783.00     188.76     188.76     669.77     669.77     818.58     818.58     963.69     963.69     579.22     579.22     343.64     343.64     400.93     400.93     383.50     383.50    1821.86    1821.86    1930.98    1930.98    1243.09    1243.09    1231.12    1231.12    1337.86    1337.86
 3    3537.00    2875.08    2922.77    6625.01    7885.05    4029.50    5168.43    9391.84    7301.17    3090.54    3012.05    6537.57    4690.74    3963.17    3592.22    3460.60    4892.02   10424.18   11365.93    9633.59    8677.41    3650.74    2817.12    6100.70    4801.35    2614.65    2379.55
 4    1379.00    1411.43    1450.62    2023.47    2445.15    1787.42    1533.37    1285.18    1222.74    1010.21     928.43     858.68     738.22    1240.98    1839.77    2319.31    2401.49    2586.64    2533.93    1808.36    1350.68    1308.26    1131.55    1171.67     995.32    1123.45    1354.60
 1    4109.00    3424.81    3424.81    3523.21    3523.21    4674.52    4674.52    6808.49    6808.49    6414.87    6414.87    7276.50    7276.50    2878.26    2878.26    8035.57    8035.57   10837.13   10837.13   11004.84   11004.84    4651.42    4651.42    5174.40    5174.40    3421.11    3421.11
 2     783.00     652.34     652.34     671.09     671.09     890.38     890.38    1296.86    1296.86    1221.88    1221.88    1386.00    1386.00     548.24     548.24    1530.58    1530.58    2064.22    2064.22    2096.16    2096.16     885.98     885.98     985.60     985.60     651.64     651.64
 3    3537.00    2455.54    3000.78    6270.72    6033.14    5232.34    4767.60    6938.55    6030.00    6890.90    5953.44    4314.34    3686.67    2841.27    3892.37    7836.03    6180.16    7109.97    6740.13    2673.51    2684.97    2226.13    2527.20    4682.19    4042.36    1791.42    1816.49
 4    1379.00    1386.37    1329.30    1293.71    1477.32    1526.59    1517.17    1862.24    1431.23    1286.24     926.89     988.26    1908.69    1760.61    1454.49    1436.30    1736.85    1898.38    1562.05    1179.16    1081.28    1077.31     965.33     831.16     889.08     905.87    1175.15
 1    4109.00    6342.80    6342.80    4081.77    4081.77    6837.60    6837.60    8641.25    8641.25    5709.86    5709.86    4120.12    4120.12   12242.08   12242.08    7730.18    7730.18    4911.98    4911.98    2937.86    2937.86    3875.26    3875.26    3458.53    3458.53    2515.59    2515.59
 2     783.00    1208.15    1208.15     777.48     777.48    1302.40    1302.40    1645.95    1645.95    1087.59    1087.59     784.78     784.78    2331.82    2331.82    1472.42    1472.42     935.62     935.62     559.59     559.59     738.14     738.14     658.77     658.77     479.16     479.16
 3    3537.00    2689.92    3166.31    2920.04    3095.77    7973.18    6886.69    4918.68    4016.14    1522.30    2733.79    4327.16    5798.77    9422.76    6925.75    3323.96    3050.76    2719.69    2374.49    2513.09    2170.58    4847.65    5023.43    4862.18    5071.89    5071.89    5071.89
 4    1379.00    1271.93    1391.64    1561.04    1588.23    1475.82    1100.37     777.56    1035.56    1695.26    2318.21    2079.67    1761.49    1446.53    1516.86    1285.77    1101.71    1029.50     938.32     927.31    1008.26    1148.71    1019.36    1111.27     981.12     981.12     981.12
 1    4109.00    5397.55    5397.55    4413.02    4413.02    6080.84    6080.84    5112.49    5112.49    4602.91    4602.91    8088.23    8088.23    8259.64    8259.64   11698.76   11698.76    3097.25    3097.25    6696.69    6696.69   11934.85   11934.85    9019.16    9019.16    7805.03    7805.03
 2     783.00    1028.10    1028.10     840.58     840.58    1158.26    1158.26     973.81     973.81     876.74     876.74    1540.62    1540.62    1573.26    1573.26    2228.34    2228.34     589.95     589.95    1275.56    1275.56    2273.30    2273.30    1717.94    1717.94    1486.67    1486.67
 3    3537.00    2790.08    3024.04    2907.72    3558.44    8408.80    7135.38    2767.49    2426.47    2230.58    2846.77    7116.67    6361.17    3792.18    4231.44    6417.52    4341.87    2087.46    4044.09    9968.17    9628.03    7636.25    6137.28    2591.29    2839.61    2896.72    2528.34
 4    1379.00    1272.12    1381.74    1743.70    1716.31    1430.72    1068.92     842.70     855.06    1389.45    1549.94    1994.78    2221.71    1723.39    1299.03    1060.68    1619.77    1954.57    2361.73    2205.72    1611.51    1339.64    1262.57    1428.49    1335.75    1240.05    1376.56
 1    4109.00    3605.45    3605.45    4981.28    4981.28    7073.22    7073.22   10350.65   10350.65    8435.20    8435.20    7405.40    7405.40    3455.76    3455.76    4170.94    4170.94    3616.07    3616.07    4311.85    4311.85    6249.01    6249.01    5496.88    5496.88    8291.98    8291.98
 2     783.00     686.75     686.75     948.82     948.82    1347.28    1347.28    1971.55    1971.55    1606.70    1606.70    1410.55    1410.55     658.24     658.24     794.46     794.46     688.78     688.78     821.30     821.30    1190.29    1190.29    1047.02    1047.02    1579.42    1579.42
 3    3537.00    2368.78    3022.35    6498.35    5762.07    5779.97    7614.36    7470.39    6207.86    2499.86    2850.40    5761.29    4522.89    1891.74    2707.43    7404.99    7682.08    3902.66    4289.32    7534.42    7097.25    8460.03    8348.36    4123.60    4302.29    7887.19    6195.04
 4    1379.00    1324.65    1275.24    1363.77    1593.07    2047.65    1856.19    1428.32    1510.50    1413.63    1220.50    1117.95    1263.16    1180.19    1535.60    2042.08    1974.48    1638.69    1516.57    1558.17    2012.14    2257.97    1794.95    1804.30    1397.94    1130.42    1197.98
 1    4109.00    4838.53    4838.53    7107.41    7107.41    3857.24    3857.24    9307.91    9307.91    6334.02    6334.02    2820.05    2820.05    3589.28    3589.28    6727.64    6727.64    3167.93    3167.93    1442.36    1442.36    2901.82    2901.82    3562.48    3562.48    6874.10    6874.10
 2     783.00     921.62     921.62    1353.79    1353.79     734.71     734.71    1772.94    1772.94    1206.48    1206.48     537.15     537.15     683.67     683.67    1281.46    1281.46     603.42     603.42     274.74     274.74     552.73     552.73     678.57     678.57    1309.35    1309.35
 3    3537.00    2375.40    2365.34    5862.29    5305.35    1992.93    3219.71    7015.54    5577.39    2427.64    2434.12    2320.55    2710.65    8029.42    7136.46    6742.53    4561.86    4561.86    1514.20    1472.82    2658.63    7633.36    7811.54    4390.20    4435.38    9016.40    6800.22
 4    1379.00    1266.89    1215.23    1213.62    1063.57    1353.53    1628.28    1417.92    1229.99    1051.44    1069.38    1426.33    1622.15    1584.57    1103.71     766.18     636.69     636.69     716.53    1496.73    1658.87    1752.67    2084.84    1793.37    1476.86    1163.22    1015.15
 1    4109.00    7334.25    7334.25    6571.95    6571.95    6277.19    6277.19    4773.38    4773.38    3641.48    3641.48    3825.82    3825.82    2926.31    2926.31    4808.03    4808.03    6460.61    6460.61   11289.43   11289.43   11519.51   11519.51    7059.36    7059.36    7014.55    7014.55
 2     783.00    1397.00    1397.00    1251.80    1251.80    1195.66    1195.66     909.22     909.22     693.62     693.62     728.73     728.73     557.39     557.39     915.82     915.82    1230.59    1230.59    2150.37    2150.37    2194.19    2194.19    1344.64    1344.64    1336.10    1336.10
 3    3537.00    5392.41    4506.90    2156.91    2416.13    5375.11    5001.90    2320.36    2311.32    4438.77    5620.88    4116.03    3730.29    2896.68    4624.14   10120.90   11991.31    6074.58    6216.77   12469.87   12448.73    5455.80    4212.29    8069.38    6417.50    2762.33    2681.91
 4    1379.00    1406.22    1432.04    1246.59    1222.43    1013.02    1094.87    1053.65     905.32    1217.93    1108.27    1102.83    1884.89    1941.39    2413.28    3217.47    3240.52    2494.31    2583.36    2545.57    2329.06    1695.61    1429.66    1353.55    1154.62    1062.34     876.00
 1    4109.00    6598.28    6598.28    5266.34    5266.34    4435.66    4435.66    4043.42    4043.42    2288.29    2288.29    2605.22    2605.22    7899.74    7899.74    7317.16    7317.16    2121.50    2121.50    3882.65    3882.65    2308.61    2308.61    3934.85    3934.85    5945.02    5945.02
 2     783.00    1256.82    1256.82    1003.11    1003.11     844.89     844.89     770.18     770.18     435.86     435.86     496.23     496.23    1504.71    1504.71    1393.74    1393.74     404.10     404.10     739.55     739.55     439.74     439.74     749.50     749.50    1132.38    1132.38
 3    3537.00    4781.72    4561.63    2499.28    2774.24    5668.43    4050.20    2673.14    2221.77    1474.89    1624.26    1780.95    1997.34    4622.12    3932.29    1624.47    1051.83    1130.93    1473.44    3536.48    3401.92    1863.93    1731.34    3937.96    6446.97    5389.10    6965.58
 4    1379.00    1317.73    1341.96    1348.73    1044.18     749.09     630.60     741.61     675.76     740.49     879.26     821.12     891.01    1051.04     758.81     602.01     730.86     729.02     763.86     817.27     723.48     670.69     879.53    2211.14    3808.89    3195.44    3893.61
 1    4109.00    6513.74    6513.74    5793.02    5793.02    6351.11    6351.11    3767.15    3767.15    4189.88    4189.88    9001.15    9001.15    2407.94    2407.94    4582.58    4582.58    5456.22    5456.22    4267.96    4267.96    3864.63    3864.63    2707.78    2707.78    3021.48    3021.48
 2     783.00    1240.71    1240.71    1103.43    1103.43    1209.74    1209.74     717.55     717.55     798.07     798.07    1714.50    1714.50     458.66     458.66     872.87     872.87    1039.28    1039.28     812.94     812.94     736.12     736.12     515.77     515.77     575.52     575.52
 3    3537.00    4848.03    4526.71    2489.28    2038.17    6242.21    6454.74    2484.53    4525.36   11309.08   11545.18    9675.77    7541.75    2658.64    2263.65    5137.08    5379.12    2149.89    1563.04    3368.07    3355.37    1478.51    1409.61    2230.69    2783.14   10356.14   11705.04
 4    1379.00    1379.18    1212.87    1281.51    1585.74    1613.78    1495.42    2373.81    2615.93    2329.55    1901.44    1260.25     819.92     713.05     943.02    1107.57     897.49     702.24     729.55     727.26     677.14     843.33    1104.46    1545.53    2356.59    3081.46    2445.93
 1    4109.00    4747.51    4747.51    3258.95    3258.95    4281.35    4281.35    4460.61    4460.61    2127.05    2127.05    1147.61    1147.61    1599.91    1599.91    6959.57    6959.57    6098.86    6098.86    4048.04    4048.04    2091.47    2091.47    3591.13    3591.13    6425.96    6425.96
 2     783.00     904.29     904.29     620.75     620.75     815.50     815.50     849.64     849.64     405.15     405.15     218.59     218.59     304.74     304.74    1325.63    1325.63    1161.69    1161.69     771.06     771.06     398.38     398.38     684.02     684.02    1223.99    1223.99
 3    3537.00    2523.29    3219.49    2830.86    2785.73    5789.93    5178.00    3841.09    3841.09    3841.09    3841.09    1061.84    1304.99    2350.10    3357.16    6896.63    6755.73    6468.12    5829.55    2300.37    2153.17    2228.38    2894.85    8028.24    6788.58    3147.50    3269.92
 4    1379.00    1301.03    1312.95    1145.58    1020.86     959.74     712.60     543.59     543.59     543.59     543.59     674.53    1176.35    1370.15    1461.69    1647.58    1458.87     974.53     982.61     893.87    1024.08    1371.08    1536.67    1414.16    1337.52    1350.12    1257.17
 1    4109.00    7429.88    7429.88   13257.55   13257.55    3746.82    3746.82    4608.45    4608.45    4096.55    4096.55    2612.15    2612.15    3994.91    3994.91    5172.09    5172.09    8430.58    8430.58   12420.87   12420.87    5325.01    5325.01    5278.81    5278.81    5191.03    5191.03
 2     783.00    1415.22    1415.22    2525.25    2525.25     713.68     713.68     877.80     877.80     780.30     780.30     497.55     497.55     760.94     760.94     985.16     985.16    1605.82    1605.82    2365.88    2365.88    1014.29    1014.29    1005.49    1005.49     988.77     988.77
 3    3537.00    4980.27    4890.85    5418.28    4456.96    1444.30    1860.41    4910.70    6007.68    2206.88    1766.70    3493.66    4681.03    4405.16    4455.23    3270.28    3625.80    7269.13    6810.96    6430.85    4853.13    1583.57    2664.20    7130.15    6448.62    4227.34    4485.77
 4    1379.00    1302.56    1257.86    1460.75    1174.83     844.51    1317.90    1375.67    1102.63     714.57     795.00    1151.65    1228.76    1191.82    1824.96    1564.63    1547.86    1542.16    1388.12    1111.86    1215.83    1387.03    1585.83    1817.49    2516.72    2129.78    1751.57
 1    4109.00    5042.27    5042.27    4583.50    4583.50    5535.22    5535.22    8577.03    8577.03    3932.54    3932.54    3809.65    3809.65    6826.05    6826.05   12655.10   12655.10    8543.77    8543.77    9816.11    9816.11    6134.90    6134.90    8058.67    8058.67    6403.32    6403.32
 2     783.00     960.43     960.43     873.05     873.05    1054.33    1054.33    1633.72    1633.72     749.06     749.06     725.65     725.65    1300.20    1300.20    2410.50    2410.50    1627.38    1627.38    1869.74    1869.74    1168.55    1168.55    1534.98    1534.98    1219.68    1219.68
 3    3537.00    2403.99    2687.49    2773.07    2405.94    2791.63    3421.92    2821.96    2402.65    2520.21    2515.67    4839.25    7063.67    9987.35   10086.90    9134.52    7707.11    3133.53    2822.99    5715.72    5279.88    3637.19    3634.58    6276.43    4169.25    1391.04    1314.13
 4    1379.00    1212.77    1101.25    1118.21    1415.38    1252.40    1081.49    1111.79    1053.64    1068.85    1203.50    2056.43    2636.39    2346.77    2125.06    1789.00    1735.62    1486.61    1243.83    1765.27    1735.34    1637.05    1124.64     765.46     615.55     756.23     742.92
 1    4109.00    6045.73    6045.73    5377.68    5377.68    6790.94    6790.94    7012.24    7012.24    4909.67    4909.67    3641.95    3641.95    6334.02    6334.02    4137.21    4137.21    4568.26    4568.26    5155.92    5155.92    8747.97    8747.97   11889.57   11889.57    7507.96    7507.96
 2     783.00    1151.57    1151.57    1024.32    1024.32    1293.51    1293.51    1335.66    1335.66     935.18     935.18     693.70     693.70    1206.48    1206.48     788.04     788.04     870.14     870.14     982.08     982.08    1666.28    1666.28    2264.68    2264.68    1430.09    1430.09
 3    3537.00    5328.23    5089.65    2466.25    2663.57    4628.51    5570.18    2361.00    3678.13    2880.94    3408.64    7734.34    7556.47    5802.96    3908.93    1852.34    1919.00    2294.60    3512.23    4533.27    3651.98    6988.91    5033.67    2819.46    2631.71    3355.79    3355.18
 4    1379.00    1349.20    1220.70    1153.32    1117.15    1324.46    1655.70    1465.78    1501.80    1515.76    1551.58    1502.33     995.87    1008.79     848.81     860.81    1213.59    1847.65    1829.01    1447.02    1268.23    1258.20    1510.18    1311.61    1731.54    1641.76    1527.51
 1    4109.00    4071.14    4071.14    2218.06    2218.06    6285.97    6285.97    3107.41    3107.41    3133.28    3133.28    3675.21    3675.21    6288.74    6288.74   11118.03   11118.03    2550.70    2550.70    2454.14    2454.14    4680.52    4680.52    8274.88    8274.88    8018.01    8018.01
 2     783.00     775.46     775.46     422.49     422.49    1197.33    1197.33     591.89     591.89     596.82     596.82     700.04     700.04    1197.86    1197.86    2117.72    2117.72     485.85     485.85     467.46     467.46     891.53     891.53    1576.17    1576.17    1527.24    1527.24
 3    3537.00    2030.25    2645.49    2405.17    2837.08    4435.15    4219.89    2199.45    2222.97    4661.41    5841.16    2721.22    3092.99    7475.37    6968.68    5116.54    3946.22     986.89    2238.90    2381.64    3603.05    6966.84    6139.99    6881.52    5951.34    2549.57    3237.08
 4    1379.00    1199.57    1314.60     911.35     857.50     886.38     888.35     899.06    1072.24    1245.36    1682.81    1234.45    1510.64    1504.37    1112.01     721.81     760.14     956.90    1253.14    1688.46    1381.60    1113.31    1510.03    1634.39    1684.66    1250.10    1045.07
 1    4109.00    3558.79    3558.79    3356.43    3356.43    4905.05    4905.05    2140.45    2140.45    4149.68    4149.68    4952.18    4952.18    2704.09    2704.09    4803.41    4803.41    2864.86    2864.86    1787.02    1787.02    1727.42    1727.42    5101.40    5101.40    7136.98    7136.98
 2     783.00     677.86     677.86     639.32     639.32     934.30     934.30     407.70     407.70     790.42     790.42     943.27     943.27     515.06     515.06     914.94     914.94     545.69     545.69     340.38     340.38     329.03     329.03     971.70     971.70    1359.42    1359.42
 3    3537.00    2102.74    3080.03    6594.22    6051.97    6164.07    5307.81    2458.45    2520.40    6309.39    5391.66    3547.86    3117.78    1981.69    2750.02    5907.81    4851.71    2001.96    2496.16    2948.32    3747.09    7733.96    9708.90    9275.85    6196.80    5463.95    3791.68
 4    1379.00    1245.05    1277.96    1356.25    1342.99    1032.04     945.74    1009.49    1224.50    1160.48     850.06     870.26    1077.19    1090.41    1121.51    1024.75     897.03    1084.06    1455.44    1571.83    1764.75    1821.39    1639.77    1055.64     709.28     910.88    1264.20
 1    4109.00    3439.59    3439.59    8145.06    8145.06   10103.94   10103.94   10783.54   10783.54    7824.89    7824.89    2907.37    2907.37    7748.66    7748.66    7689.99    7689.99    4278.58    4278.58    4216.67    4216.67    6123.81    6123.81    6198.65    6198.65    7490.41    7490.41
 2     783.00     655.16     655.16    1551.44    1551.44    1924.56    1924.56    2054.01    2054.01    1490.46    1490.46     553.78     553.78    1475.94    1475.94    1464.76    1464.76     814.97     814.97     803.18     803.18    1166.44    1166.44    1180.70    1180.70    1426.74    1426.74
 3    3537.00    3015.64    3320.06    6883.50    6124.93    2638.72    3205.25    7166.27    4982.47    2691.03    3537.08    3125.68    3773.81    6702.34    5221.97    2596.10    2527.60    2599.78    2511.01    5085.52    5475.38    4618.86    4046.58    4613.90    4138.21    4024.01    3861.15
 4    1379.00    1471.73    1404.09    1354.95    1512.74    1748.14    1709.03    1499.32    1531.00    1678.86    1576.11    1385.08    1182.22    1041.68    1312.24    1167.82    1035.76    1060.63    1050.90    1130.72    1041.29     996.65    1020.52    1108.60    1005.82    1153.92    1205.33
