              Isim, Ftarg, Btarg
   1 2019          0.3977734     129364.7079738      33266.1582637
   1 2021          0.3597510     128864.4892047      31557.1067157
   1 2023          0.3480518     128923.6816776      30502.6976548
   1 2025          0.3772998     129119.2372742      32670.0754952
   1 2027          0.3919238     129481.1770786      33357.3684638
   1 2029          0.3919238     129457.9904953      33425.6457673
   1 2031          0.3860742     129415.4998647      33144.7959980
   1 2033          0.3889990     129233.0532529      33294.3373529
   1 2035          0.3919238     129054.7423071      33420.8399749
   1 2037          0.3977734     129300.8868723      33394.0719980
   1 2039          0.3597510     129196.3897362      31604.4223088
   1 2041          0.3714502     129078.0205517      32284.3626174
   1 2043          0.4065479     129196.4369482      33456.1963943
   2 2019          0.3977734     128814.4188190      33124.6513071
   2 2021          0.3568262     128494.0508425      31253.5642782
   2 2023          0.3802246     128377.8659781      32510.6236681
   2 2025          0.4006982     128417.6373968      33092.0875562
   2 2027          0.3802246     128327.7779575      32693.5660831
   2 2029          0.4094727     128711.5184413      33401.6130844
   2 2031          0.3772998     128908.1894919      32519.7045904
   2 2033          0.4094727     129009.1894873      33306.6769945
   2 2035          0.3656006     128629.0069654      31843.3571985
   2 2037          0.4036230     128328.8828458      33134.7537571
   2 2039          0.3948486     128508.9740751      33378.1840354
   2 2041          0.3919238     128758.4036250      33305.6746210
   2 2043          0.4094727     128896.8473523      33564.2767914
   3 2019          0.3977734     131418.4014862      33794.2659252
   3 2021          0.3568262     131614.5137159      32077.0239215
   3 2023          0.3656006     131444.0473057      32560.6669466
   3 2025          0.3889990     131329.0261134      33833.6060437
   3 2027          0.3860742     131313.5783584      33691.1744800
   3 2029          0.3860742     131507.6350187      33670.4006080
   3 2031          0.4036230     130981.1429941      34058.3456890
   3 2033          0.3743750     131339.8904260      33062.4660067
   3 2035          0.4065479     131066.9558127      34029.6209337
   3 2037          0.3802246     131579.5395638      33471.8887370
   3 2039          0.4094727     131107.9968696      34141.9361063
   3 2041          0.3889990     131011.4779382      33817.9242512
   3 2043          0.3802246     131637.0125763      33221.3921550
   4 2019          0.3977734     133428.9350648      34311.2750019
   4 2021          0.3509766     133436.8919520      31687.8956681
   4 2023          0.3743750     133175.1885209      33539.6910718
   4 2025          0.3948486     133101.5975142      34198.7059129
   4 2027          0.3656006     132981.8602472      32972.3589166
   4 2029          0.3685254     133180.4928306      33090.9508378
   4 2031          0.3948486     133344.9585636      34077.8960943
   4 2033          0.3860742     133217.5006187      33961.0453194
   4 2035          0.3860742     132901.2832637      34032.7846485
   4 2037          0.3889990     133197.7655868      34282.8886104
   4 2039          0.3802246     133071.4190549      33910.0802640
   4 2041          0.3889990     133285.1796324      34306.7022071
   4 2043          0.3919238     133557.1623307      34455.7374387
   5 2019          0.3977734     130501.2528948      33558.4209976
   5 2021          0.3568262     130253.1081843      31641.6166523
   5 2023          0.3568262     130613.0925069      31719.5943005
   5 2025          0.3802246     130059.0523835      33153.5193168
   5 2027          0.3889990     130365.6960157      33617.0156389
   5 2029          0.3948486     130360.4099766      33859.8947594
   5 2031          0.4240967     130171.6464426      34121.6656153
   5 2033          0.3656006     130597.5115179      32389.7537023
   5 2035          0.4153223     130009.0986387      34059.4508123
   5 2037          0.3831494     130354.0668535      33379.9624421
   5 2039          0.4094727     130012.3920621      33749.9662528
   5 2041          0.3919238     130492.9132235      33713.3461445
   5 2043          0.4094727     130285.7091458      34070.2757661
   6 2019          0.3977734     132943.3858106      34186.4159225
   6 2021          0.3597510     132848.0277855      32594.2688831
   6 2023          0.3772998     132445.7036646      33550.4304646
   6 2025          0.3948486     132850.9033472      34267.0386459
   6 2027          0.3743750     132640.6423937      33497.8992679
   6 2029          0.3860742     133084.6700304      34045.2906271
   6 2031          0.4328711     132480.8687918      34935.0382658
   6 2033          0.3831494     132984.8550239      33935.7561629
   6 2035          0.4153223     132879.7580807      34712.7433279
   6 2037          0.3831494     132865.3140896      33929.1356541
   6 2039          0.3743750     132827.6238555      33227.7219637
   6 2041          0.3772998     132507.6260539      33589.8508751
   6 2043          0.3860742     133085.8116591      34084.3317984
