2019 2020 2021 2022 2023 2024 2025 2026 2027 2028 2029 2030 2031 2032 2033 2034 2035 2036 2037 2038 2039 2040 2041 2042 2043 2044 2045
 0.3700447  0.2210712  0.2024670  0.4527961  0.4428193  0.2114383  0.1764009  0.5576186  0.9140362  4.3599518        NaN        NaN        NaN        NaN        NaN        NaN        NaN        NaN        NaN  2.1486083  5.9443659        NaN        NaN        NaN  0.1893329  0.2463820  0.2351603
 0.3581629  0.2467314  0.2388578  0.6857324  0.8883348  1.1359519  1.4787308  1.1499400  1.3541024  1.0323080  0.9145318  0.9454018  0.9469146  1.0391697  1.0748746  1.0223249  0.0961869  0.1039044  0.0936610  1.1667710        NaN        NaN        NaN        NaN        NaN  3.9383098        NaN
 0.3469262  0.3443803  0.3545568  0.4285457  0.4595605  0.5258602  0.7398861  0.3718481  0.3467802  0.2501934  0.2594301  0.3308223  0.3149690  0.1800554  0.1680455  0.2988942  0.3060660  0.3083011  0.3080700  0.2621631  0.2721355  0.4593049  0.5964175  0.2990213  0.2050336  0.1976787  0.1882325
 0.3481117  0.1428617  0.1387365  0.5413104  0.6422731  0.7838227  1.5011942  1.5990838  0.1649881  0.0778369  0.0848834  0.1129858  0.1022926  0.1443318  0.1353490  0.1959536  0.2228199  0.5886371  0.8152964  0.3104325  0.2722444  0.2704662  0.2459750  0.3051578  0.3721643  0.3447537  0.4022095
 0.3492800  0.2116845  0.2078229  0.4338670  0.5133731  0.3630273  0.3546468  0.9002155  1.3072662  1.7327642        NaN        NaN        NaN  0.0889230  0.0756877  0.2437763  0.2486187  0.3440301  0.3720929  0.2168720  0.1999160  0.3685834  0.4615871  0.6845431  1.3071826  0.4220654  0.2937431
 0.3398981  0.3452191  0.3392781  0.8802757  2.0188292        NaN        NaN  2.6142155        NaN  2.8072714        NaN        NaN        NaN        NaN        NaN        NaN        NaN        NaN        NaN        NaN  6.0635865        NaN        NaN        NaN        NaN  5.1573893        NaN
 0.3830502  0.4121216  0.4273845  0.3911644  0.4334307  0.4510834  0.6307779  0.8135233  1.5329376        NaN        NaN  1.6926814  1.2612390  0.7399014  0.6339830  1.0631197  1.7671646  5.7453198  2.8503750  0.0773234  0.0704958  0.1292722  0.1201822  0.5377855  0.5456772  0.6719800  1.2689261
 0.3706689  0.1039342  0.1089131  0.1196614  0.1312230  0.2913541  0.3571949  0.4533524  0.4487176  0.2431056  0.2173771  0.5373423  0.7620915  0.8703157  2.0139654        NaN  0.2674795  0.1815960  0.1526678  1.3680725  4.7536284        NaN        NaN  2.5644950        NaN        NaN  0.0771740
 0.3644012  0.4053199  0.4129864  1.2127330        NaN        NaN        NaN  2.6690218  0.0607270  0.1424468  0.1212657  0.3890394  0.4196880  0.4901589  0.6939662  0.8979093  2.9507347        NaN        NaN        NaN        NaN  2.3467534  1.8896050  0.0800992  0.0582435  0.1493138  0.1348451
 0.3855958  0.3239960  0.3304375  0.7648875  0.9764340  1.2479858        NaN        NaN        NaN        NaN        NaN        NaN        NaN  3.1213585        NaN  0.1464800  0.1405358  0.2268614  0.2252581  0.2680331  0.3349000  0.5769217  0.8596906  0.4622432  0.4176575  0.2905910  0.2725590
 0.3454323  0.1899022  0.1805551  0.4241257  0.4601915  0.2862769  0.3092886  0.2443783  0.2601093  0.2607324  0.2776394  0.2694362  0.2136004  0.2909999  0.2722022  0.4648823  0.4862837  0.3258669  0.3196389  0.2738185  0.2986372  0.4524942  0.5508433  0.4606873  0.5379273  0.7090460  0.8902941
 0.3874715  0.2836157  0.2751644  0.8130109  1.4582644        NaN        NaN        NaN        NaN        NaN  3.0745908  0.0982654  0.0794080  0.1893487  0.1722593  0.5266321  0.6129138  0.8909513  0.5801388  0.1983892  0.1451889  0.1974178  0.1981548  0.4447654  0.3990904  0.3104493  0.2953245
 0.4074468  0.3516298  0.3610233  0.7236996  1.0084573  0.1734143  0.1441161  0.0976858  0.1032953  0.1999175  0.2373865  0.3414256  0.3883754  0.4185454  0.4986218  0.2842946  0.2838369  0.3103269  0.2075388  0.1600745  0.1564715  0.2166018  0.2353072  0.4633372  0.6003657  0.3360392  0.2250044
 0.3874858  0.3093590  0.2889484  1.2206827        NaN        NaN        NaN        NaN        NaN        NaN        NaN  0.9248451  0.6980092  0.8909607  1.2585928  1.7936330  1.8322147  0.1047278  0.0957295  0.1593082  0.1363109  0.2951396  0.3733385  0.3628595  0.4755828  0.3645186  0.4260944
 0.4330903  0.3142547  0.2964277  0.4527186  0.4878414  0.3914203  0.4388870  0.4626161  0.7050756  1.2838214  3.9755812  0.0715671  0.0612653  0.1813788  0.1847228  0.1874130  0.2192576  0.3218910  0.3910331  0.4020016  0.3911947  0.2608745  0.2699061  0.2033865  0.1874315  0.1787982  0.1432096
 0.3942923  0.2523629  0.2413531  0.2894987  0.3031097  0.4073926  0.4382927  1.1054622  1.4555866  0.4288436  0.3169291  0.2277297  0.2239598  0.6239202  0.7807139  0.2688553  0.1907121  0.1436417  0.1239630  0.4645404  0.6696772  2.2320859        NaN        NaN  0.4117735  0.1690845  0.1203644
 0.3817389  0.5338071  0.5291147  0.2799433  0.2767647  0.4887458  0.5726035  0.5529602  0.7189390  0.6696988  0.6422509  0.6302355  0.1592226  0.1104062  0.0775862  0.3736419  0.3811474  0.3934801  0.4052807  0.5035688  0.5150765  0.7811706  1.5477187  1.2641314  2.2921954  0.7899458  0.5363153
 0.3184712  0.2002338  0.2129836  0.6508786  0.6953454  0.2758164  0.2586140  0.2935851  0.3464758  0.3678448  0.4256316  0.2824210  0.2748358  0.3589196  0.4501296  0.2069501  0.1731719  0.1811107  0.1854905  0.2718847  0.2185559  0.1564690  0.1423955  0.1984742  0.3393179  0.2234288  0.2023092
 0.3667083  0.2437405  0.2307869  0.6593370  1.3536073  1.0070437  1.3519262  0.6440481  0.6154686  0.4015678  0.3064128  0.2356921  0.2238472  0.3081391  0.2974215  0.2278830  0.2041837  0.2370156  0.2422452  0.1877257  0.1815287  0.2399299  0.2891313  0.2418539  0.2160759  0.2034697  0.1352981
 0.3677299  0.2666615  0.2672018  0.7703139  0.9913637  0.9923318  1.6941879        NaN        NaN  1.3451405  0.0451919  0.1264150  0.1236922  0.3393181  0.3247553  0.3843077  0.4348044  1.8318552        NaN        NaN        NaN        NaN        NaN        NaN        NaN        NaN        NaN
 0.3255887  0.1998196  0.2015121  0.2506226  0.2911319  0.1746354  0.1774913  0.1936482  0.1801036  0.1251777  0.1248486  0.2662732  0.2651176  0.2328539  0.2478311  0.3688075  0.5008481  0.6354583  1.0959559  0.7293209  0.6072456  0.1382493  0.1168072  0.2172438  0.2242128  0.2235498  0.1825020
 0.3397852  0.2208838  0.2128118  0.3940986  0.4384328  0.2007590  0.2040478  0.3418881  0.4265232  0.1504960  0.1202316  0.1644985  0.1476788  0.2541989  0.2969099  0.3452886  0.4324098  0.3493678  0.3550174  0.3334098  0.3052741  0.2061901  0.1695296  0.1386950  0.1418348  0.1432690  0.1492781
 0.3834312  0.2189583  0.2146023  0.8404459  1.1458722  1.9396098        NaN  0.5505365  0.4181322  0.6406096  0.6364137  1.1087611  1.6871134  0.7282554  0.4510113  0.3839949  0.3287679  0.2194328  0.2253201  0.2993660  0.3450891  0.2752569  0.2825054  0.4263833  0.4704547  0.5321488  0.6980192
 0.3568089  0.2438914  0.2371607  0.2296363  0.2704402  0.2903342  0.3188866  0.2693019  0.2814932  0.2816436  0.3107820  0.4131381  0.4882534  0.3628931  0.2055174  0.1376455  0.1266629  0.1624701  0.1179123  0.2774634  0.2874981  0.5227992  0.7615114  0.8046757  2.6754506  0.6992723  0.5942299
 0.3219950  0.1948176  0.1972551  0.7949100  1.0300466  0.4002654  0.4158643  0.3790353  0.4603697  0.2245081  0.1974175  0.1343955  0.1243673  0.1841676  0.2754099  0.2895112  0.2659618  0.3759424  0.3974807  0.4705499  0.3706476  0.4415115  0.3388201  0.2204054  0.2268190  0.1992197  0.2295622
 0.3351417  0.1877779  0.1787136  0.3451767  0.4285314  0.8233224  3.9146802        NaN        NaN        NaN  1.9102373  0.0914256  0.0705810  0.1438031  0.1417912  0.1179895  0.1189719  0.2238188  0.2631554  0.3316096  0.4058886  0.4263910  0.4451689  0.4561790  0.5669748  0.4540115  0.4609175
 0.3404215  0.1883495  0.1830999  0.5747484  0.7020139  1.0273659  2.4780696        NaN        NaN        NaN  3.5491419  0.0751653  0.0584245  0.0997872  0.1065711  0.1607196  0.1610235  0.1843948  0.1957226  0.2085380  0.2116797  0.1056407  0.1032472  0.1341314  0.1435627  0.1864793  0.1648151
 0.3831411  0.2432034  0.2547524  0.5810343  0.7422591  0.2597618  0.2231355  0.1940763  0.2202356  0.2111958  0.2260918  0.2853782  0.3047801  0.2340424  0.2478790  0.3381993  0.4303567  0.4230353  0.2897121  0.1382842  0.1079309  0.1141244  0.1169419  0.5185515  0.7357482  1.9403985        NaN
 0.3449323  0.2008015  0.1925389  0.6262155  0.8255404  0.9755961  2.2320168  3.1444224  1.5551762  0.0976130  0.0768002  0.1839477  0.1883611  0.2317297  0.2397881  0.1901516  0.1960519  0.4570228  0.4838473  0.2168245  0.1950735  0.5031168  0.5106279  0.2558870  0.2767423  0.1427936  0.1257852
 0.3105468  0.2523588  0.2366894  0.2321254  0.2773633  0.4390849  0.7027162  0.5532421  0.5795562  0.2499335  0.1007432  0.1537731  0.1567423  0.3255338  0.4061243  0.3888668  0.3964369  0.1295942  0.1028880  0.2116511  0.2269573  0.5597704  0.7551057  0.4090275  0.3349785  0.5105782  0.4077212
 0.3946093  0.2733865  0.2637945  0.8090324  1.9528610        NaN        NaN  0.5416935  0.3981998  0.5136551  0.6594344  0.5728447  0.6426809  0.7020199  0.5821249  0.2613965  0.2172808  0.1820981  0.1663725  0.5178840  0.6836824  0.3895379  0.3962692  0.2145422  0.2186240  0.1736471  0.1659885
 0.3114949  0.2761010  0.2877265  0.5478183  0.5994599  0.8295334  1.5705436        NaN        NaN  0.0706608  0.0692832  0.1283757  0.1241749  0.1706595  0.1716034  0.2151284  0.2213680  0.2002391  0.2416204  0.2650714  0.3271248  0.2614934  0.2464346  0.3229078  0.3607962  0.3390099  0.2749142
 0.3588675  0.7200335  0.9659056  0.8199230  1.5667079  1.4743387  3.9923338  0.6313957  0.3379212  0.2652494  0.2316078  0.2977132  0.3813334  0.2596647  0.2441264  0.1924274  0.1994750  0.2175305  0.1941028  0.4170104  0.9675714  0.3626360  0.2135215  0.2170418  0.2369382  0.2767164  0.3525632
 0.3602931  0.1600188  0.1522564  0.2843572  0.2775140  0.2232176  0.2399287  0.3257644  0.3434614  0.2982891  0.3117715  0.5486805  0.8919239  1.2394296        NaN  2.1751907  0.6675422  0.1807222  0.0635771  0.1163624  0.1065487  0.2807616  0.3133430  0.2871854  0.3414010  0.2649881  0.2598434
 0.4004679  0.1167057  0.1025989  0.3582705  0.3814143  0.1997626  0.1903573  0.1459642  0.1375068  0.1255183  0.1177995  0.2383848  0.2751955  0.3970790  0.5986307  0.2828195  0.2600696  0.2562736  0.2581011  0.3977257  0.4073535  0.2169503  0.2015269  0.3642221  0.3804809  0.6226884  0.9455565
