FL 2019 2020 2021 2022 2023 2024 2025 2026 2027 2028 2029 2030 2031 2032 2033 2034 2035 2036 2037 2038 2039 2040 2041 2042 2043 2044 2045
 1  0.1254765  0.1016565  0.0885816  0.0883212  0.0852948  0.0953733  0.0736758  0.1363641  0.1705833  0.2125802  0.2693772  0.1391866  0.1492854  0.1830849  0.2077181  0.2574803  0.3350231  0.2155547  0.4378912  0.0255233  0.0099805  0.0501426  0.0382689  0.1146144  0.1162895  0.2358529  0.2535386
 2  0.0238751  0.0186097  0.0167590  0.0178525  0.0123972  0.0147376  0.0133944  0.0287615  0.0407644  0.0538916  0.0658881  0.0290180  0.0298606  0.0380102  0.0433367  0.0495951  0.0575467  0.0358609  0.0532139  0.0025479  0.0013001  0.0077709  0.0070463  0.0209640  0.0205965  0.0428918  0.0505385
 3  0.1162273  0.0266111  0.0242517  0.1569242  0.1632417  0.0187293  0.0190121  0.1323788  0.1192338  0.0308732  0.0269558  0.1479989  0.1427379  0.0283112  0.0289759  0.3648232  0.4845209  0.7909673  0.9990000  0.0065051  0.0142723  0.0170632  0.0234842  0.3488680  0.3622475  0.0257237  0.0259468
 4  0.0444602  0.0454706  0.0341634  0.0627028  0.0500036  0.0400829  0.0313268  0.0344312  0.0293779  0.0355569  0.0363570  0.0391419  0.0275519  0.0383421  0.0385162  0.0314677  0.0366137  0.0606544  0.0669632  0.0523377  0.0374375  0.0387609  0.0379182  0.0328031  0.0195811  0.0360718  0.0329598
 1  0.1220670  0.0981552  0.0854297  0.1341344  0.1533203  0.1523793  0.1316152  0.1170330  0.1200967  0.1225123  0.1134242  0.0615313  0.0621977  0.0719964  0.0676983  0.0560023  0.0566243  0.0659066  0.0553160  0.2500246  0.3987983  0.4039113  0.4447019  0.1644888  0.1666883  0.0826582  0.0683328
 2  0.0232303  0.0180890  0.0162892  0.0270811  0.0316974  0.0281015  0.0238902  0.0225232  0.0224354  0.0229643  0.0229946  0.0127628  0.0132982  0.0152855  0.0144102  0.0124957  0.0102285  0.0117252  0.0108533  0.0543597  0.0861325  0.0716197  0.0784306  0.0299439  0.0309596  0.0149060  0.0124792
 3  0.1130934  0.0275201  0.0234241  0.1635372  0.1635457  0.0279384  0.0194546  0.1289048  0.1340226  0.0202128  0.0235486  0.1335537  0.1350003  0.0215308  0.0314768  0.1114746  0.1203264  0.0241847  0.0204187  0.2589634  0.2752568  0.0190169  0.0214394  0.0270320  0.0273061  0.0378205  0.0256844
 4  0.0433681  0.0356409  0.0379377  0.0290345  0.0358560  0.0403053  0.0352182  0.0288942  0.0340104  0.0352460  0.0341240  0.0324670  0.0284911  0.0351238  0.0363184  0.0433290  0.0445432  0.0383461  0.0300085  0.0172749  0.0200123  0.0358003  0.0307464  0.0429150  0.0430148  0.0358994  0.0381027
 1  0.1187765  0.1402300  0.1283550  0.1250938  0.1206144  0.2754343  0.3225151  0.1777397  0.1796045  0.1360955  0.1330327  0.1579725  0.1629779  0.0807594  0.0724706  0.1491817  0.1657352  0.1713628  0.1609971  0.1230496  0.1301474  0.2459316  0.2899464  0.1335231  0.0946425  0.1082621  0.1012735
 2  0.0226444  0.0259647  0.0242682  0.0228550  0.0219855  0.0530438  0.0626782  0.0324198  0.0322110  0.0252092  0.0265913  0.0312846  0.0295083  0.0149377  0.0134099  0.0294472  0.0315282  0.0318280  0.0298668  0.0236705  0.0267025  0.0523836  0.0591359  0.0221483  0.0150622  0.0190433  0.0202646
 3  0.1100329  0.0400843  0.0406428  0.1921106  0.2110814  0.0209217  0.0246157  0.1789787  0.1852629  0.0235224  0.0248953  0.1653551  0.1847704  0.0189404  0.0215372  0.1838055  0.1861142  0.0224159  0.0251682  0.1502706  0.1415638  0.0293430  0.0207784  0.0182956  0.0194395  0.0638333  0.0682608
 4  0.0423910  0.0394237  0.0436498  0.0274435  0.0264573  0.0307312  0.0369564  0.0358000  0.0315529  0.0340248  0.0355777  0.0372727  0.0319074  0.0369426  0.0367989  0.0301262  0.0327221  0.0361155  0.0359309  0.0314043  0.0293726  0.0349326  0.0418341  0.0433015  0.0367641  0.0328936  0.0278826
 1  0.1193897  0.0451615  0.0374073  0.1299843  0.1474493  0.1399005  0.1453293  0.0639374  0.0552940  0.0422078  0.0334773  0.0510399  0.0488951  0.0613900  0.0626673  0.0776916  0.0928299  0.1653306  0.1824516  0.1299541  0.1423954  0.1751623  0.1609734  0.1679040  0.2367544  0.1876373  0.1866629
 2  0.0226910  0.0082681  0.0071862  0.0263481  0.0299198  0.0287544  0.0293126  0.0127096  0.0096903  0.0073379  0.0065082  0.0102222  0.0103139  0.0138376  0.0149654  0.0192824  0.0213966  0.0368601  0.0389656  0.0271142  0.0250656  0.0302646  0.0309094  0.0358258  0.0513648  0.0366182  0.0364328
 3  0.1105887  0.0227158  0.0262213  0.1746555  0.1693313  0.0263426  0.0290296  0.0232493  0.0201259  0.0246706  0.0214283  0.1278097  0.1165146  0.0273292  0.0259568  0.1554538  0.1507571  0.0233437  0.0247102  0.2035633  0.2269738  0.0197915  0.0239570  0.2583131  0.2775083  0.0208083  0.0190392
 4  0.0420011  0.0382813  0.0357583  0.0316671  0.0291671  0.0347485  0.0363738  0.0412531  0.0394990  0.0350880  0.0344792  0.0377411  0.0343089  0.0327093  0.0330322  0.0302303  0.0314830  0.0364169  0.0326443  0.0371648  0.0397951  0.0333593  0.0318041  0.0128838  0.0161623  0.0376538  0.0401567
 1  0.1189860  0.0867447  0.0751316  0.0945827  0.0943323  0.1652113  0.1550344  0.2878520  0.3533323  0.4003913  0.4864772  0.1861172  0.2055324  0.0823467  0.0577574  0.1674510  0.2162133  0.2602913  0.2858104  0.0856619  0.0679543  0.1876055  0.2784543  0.4356274  0.9990000  0.0733864  0.0309794
 2  0.0231473  0.0161684  0.0144301  0.0186892  0.0169034  0.0300659  0.0282933  0.0555346  0.0638662  0.0707181  0.0931207  0.0354856  0.0280602  0.0117660  0.0093642  0.0313211  0.0433423  0.0536708  0.0457605  0.0136948  0.0124507  0.0384436  0.0574201  0.0838922  0.1710841  0.0069723  0.0035203
 3  0.1099257  0.0263794  0.0229207  0.1525183  0.1440789  0.0251006  0.0267593  0.1261179  0.1395126  0.0204068  0.0264093  0.2736916  0.3753079  0.0171347  0.0230737  0.2970669  0.2585712  0.0243156  0.0298443  0.0205304  0.0222814  0.3227517  0.3518776  0.5972732  0.9990000  0.9990000  0.0068933
 4  0.0434759  0.0365494  0.0358414  0.0367932  0.0366623  0.0387017  0.0339256  0.0352496  0.0352891  0.0348187  0.0324576  0.0403150  0.0421883  0.0369006  0.0325797  0.0177763  0.0179533  0.0426445  0.0426221  0.0371280  0.0316724  0.0166156  0.0169951  0.0254623  0.0410295  0.0374165  0.0403169
 1  0.1162521  0.1609616  0.1495024  0.1876671  0.2322897  0.2512745  0.2673652  0.1201540  0.0846460  0.1133046  0.1090053  0.0768952  0.0798100  0.1245094  0.1437030  0.1766951  0.1902767  0.1200504  0.1332651  0.0761514  0.0689743  0.1047747  0.0802164  0.1813531  0.2424800  0.0851063  0.0639264
 2  0.0225599  0.0301525  0.0283737  0.0361582  0.0423123  0.0450289  0.0482832  0.0192363  0.0132924  0.0199131  0.0217633  0.0171085  0.0183877  0.0282728  0.0296384  0.0353738  0.0406564  0.0264428  0.0276886  0.0153059  0.0127984  0.0177194  0.0147062  0.0374304  0.0480689  0.0141405  0.0114046
 3  0.1074261  0.0249437  0.0237091  0.3015222  0.3407511  0.0234994  0.0222586  0.0159990  0.0231091  0.0979675  0.0860338  0.0246005  0.0293090  0.1881655  0.1945354  0.0245012  0.0212002  0.1189942  0.1172060  0.0275346  0.0199060  0.0204250  0.0181758  0.2348880  0.2612260  0.0172750  0.0221606
 4  0.0426515  0.0403083  0.0354036  0.0207473  0.0202383  0.0309640  0.0400913  0.0432423  0.0368721  0.0302348  0.0278493  0.0352392  0.0373590  0.0309112  0.0301949  0.0333545  0.0310537  0.0366722  0.0310377  0.0397584  0.0407860  0.0375334  0.0305582  0.0248981  0.0385952  0.0428525  0.0318936
 1  0.1297236  0.1629250  0.1473196  0.0779186  0.0734453  0.0850635  0.0887518  0.0862215  0.1003050  0.1153839  0.1423084  0.0907250  0.0659648  0.0529770  0.0455505  0.1812294  0.2568192  0.1819924  0.1731797  0.0531625  0.0354476  0.0611633  0.0575183  0.1304983  0.1381976  0.1016476  0.1437682
 2  0.0243926  0.0292131  0.0269777  0.0142072  0.0140163  0.0176512  0.0200756  0.0206160  0.0240180  0.0274724  0.0319168  0.0162270  0.0110429  0.0094756  0.0091495  0.0400363  0.0564709  0.0381777  0.0243795  0.0077581  0.0058501  0.0110313  0.0109814  0.0273030  0.0316925  0.0248844  0.0352049
 3  0.1204050  0.0419138  0.0353765  0.1533464  0.1461933  0.0237020  0.0242503  0.1162236  0.1207016  0.1416954  0.0285199  0.0292246  0.0222175  0.0218131  0.0278831  0.2637296  0.2656128  0.0269242  0.0168995  0.0134903  0.0199727  0.1737654  0.1617701  0.0224993  0.0274493  0.2678324  0.2767052
 4  0.0445032  0.0405813  0.0377912  0.0391345  0.0294368  0.0301483  0.0333216  0.0275773  0.0281587  0.0330691  0.0437176  0.0443531  0.0378837  0.0339199  0.0350667  0.0210814  0.0190937  0.0512110  0.0492433  0.0393157  0.0353285  0.0344600  0.0306695  0.0326945  0.0327019  0.0146368  0.0170716
 1  0.1244105  0.0278125  0.0228754  0.0284753  0.0274519  0.0878357  0.1052562  0.2469166  0.2173642  0.1131030  0.0996027  0.2170420  0.2493406  0.1765394  0.2500982  0.1495282  0.1164156  0.1504724  0.1131371  0.2846958  0.4375175  0.4737810  0.6102359  0.0912712  0.0632906  0.0660531  0.0448501
 2  0.0246932  0.0052100  0.0044312  0.0059434  0.0062543  0.0212666  0.0206748  0.0427948  0.0353351  0.0190164  0.0182363  0.0439349  0.0554902  0.0408805  0.0554091  0.0287471  0.0145696  0.0219458  0.0197761  0.0546841  0.0808787  0.0771059  0.1021789  0.0134677  0.0098576  0.0102621  0.0068672
 3  0.1146225  0.0221480  0.0227123  0.0189056  0.0294905  0.1977877  0.2206053  0.0199961  0.0209571  0.1032716  0.0926343  0.0237561  0.0303124  0.2399475  0.2557486  0.0215902  0.0212797  0.0145829  0.0241006  0.3364862  0.4541101  0.0172870  0.0225046  0.0195314  0.0176522  0.0295049  0.0226963
 4  0.0469218  0.0378715  0.0317580  0.0306661  0.0328850  0.0324611  0.0343691  0.0382092  0.0382173  0.0380563  0.0314947  0.0312632  0.0354991  0.0190568  0.0211321  0.0578419  0.0477885  0.0386781  0.0340874  0.0177831  0.0159569  0.0334805  0.0338966  0.0380861  0.0404777  0.0430150  0.0410110
 1  0.1237088  0.1514107  0.1378667  0.2307576  0.3091879  0.2451225  0.2195238  0.0411310  0.0261632  0.0824720  0.0685883  0.1279379  0.1398924  0.1259461  0.1803759  0.1558685  0.1793650  0.0648079  0.0526038  0.0594555  0.0533918  0.0643686  0.0599458  0.0763245  0.0417566  0.0640498  0.0571791
 2  0.0237626  0.0277731  0.0257486  0.0455524  0.0577677  0.0406693  0.0369038  0.0062761  0.0039747  0.0137331  0.0129514  0.0273431  0.0326661  0.0311871  0.0440465  0.0355797  0.0406641  0.0124472  0.0101157  0.0117326  0.0103213  0.0130031  0.0130941  0.0111868  0.0062831  0.0112297  0.0117190
 3  0.1145732  0.0308668  0.0356916  0.2486243  0.2659866  0.0211556  0.0153141  0.0228910  0.0239030  0.0656956  0.0607450  0.0305720  0.0256064  0.2747723  0.3114007  0.0180439  0.0276272  0.0270265  0.0330080  0.0225126  0.0193362  0.0235770  0.0235762  0.0622376  0.0606237  0.0194902  0.0276144
 4  0.0440699  0.0441018  0.0383886  0.0225897  0.0266650  0.0368163  0.0390451  0.0465066  0.0421660  0.0353017  0.0330893  0.0346175  0.0307444  0.0100387  0.0095879  0.0329809  0.0371633  0.0383810  0.0345242  0.0356200  0.0346530  0.0350339  0.0581929  0.0594816  0.0449314  0.0333542  0.0320599
 1  0.1300004  0.1695394  0.1535919  0.1108092  0.0917977  0.0863540  0.0900618  0.1042342  0.1342287  0.1308875  0.1208795  0.0852668  0.0807682  0.1015913  0.0889696  0.1065323  0.0826506  0.1372627  0.1728168  0.1943108  0.2365257  0.2751259  0.3950796  0.1497585  0.1543641  0.0679339  0.0511585
 2  0.0246276  0.0307237  0.0283077  0.0187350  0.0163671  0.0172771  0.0204413  0.0249959  0.0306468  0.0260883  0.0225058  0.0165175  0.0170675  0.0199708  0.0161500  0.0180490  0.0145570  0.0267768  0.0359508  0.0425486  0.0536362  0.0583309  0.0706354  0.0225936  0.0188280  0.0100751  0.0090695
 3  0.1205402  0.0283334  0.0249841  0.1300390  0.1239869  0.0233616  0.0279014  0.2418762  0.2659805  0.0206807  0.0206593  0.0213938  0.0232431  0.1070132  0.1210691  0.0252327  0.0237147  0.2906980  0.2930785  0.0275449  0.0302920  0.3043825  0.4177172  0.6773185  0.0074461  0.0150729  0.0275506
 4  0.0455741  0.0371289  0.0426231  0.0374465  0.0296382  0.0295948  0.0301972  0.0236750  0.0226567  0.0380498  0.0352736  0.0317437  0.0369096  0.0397402  0.0427800  0.0407109  0.0332808  0.0150459  0.0141973  0.0345568  0.0372058  0.0184717  0.0198776  0.0247124  0.0375302  0.0359285  0.0375142
 1  0.1180277  0.0648099  0.0551558  0.0708845  0.0679739  0.1094458  0.1279581  0.1443476  0.1433293  0.1217990  0.1375283  0.1271712  0.0880293  0.1568413  0.1539790  0.1468234  0.1432402  0.1492876  0.1854042  0.1280407  0.1241009  0.1506463  0.1729045  0.1278386  0.1250896  0.1783670  0.2344443
 2  0.0228373  0.0120688  0.0106782  0.0143720  0.0140486  0.0234736  0.0248657  0.0273099  0.0297731  0.0259820  0.0289447  0.0210125  0.0143370  0.0275630  0.0277130  0.0276465  0.0295309  0.0311098  0.0365136  0.0239334  0.0247458  0.0310783  0.0332838  0.0244428  0.0252798  0.0375346  0.0440392
 3  0.1090697  0.0239562  0.0159344  0.0365437  0.0356620  0.2182691  0.2382011  0.0250655  0.0236653  0.1655751  0.1761831  0.0229574  0.0188934  0.1370792  0.1374570  0.0253016  0.0238454  0.3022715  0.3699764  0.0235857  0.0229220  0.1806620  0.1726965  0.0210237  0.0244919  0.2796784  0.3292896
 4  0.0428520  0.0364119  0.0342728  0.0366485  0.0334110  0.0309292  0.0348891  0.0324919  0.0323656  0.0303751  0.0412078  0.0429727  0.0404635  0.0330751  0.0329403  0.0353641  0.0374077  0.0196226  0.0148053  0.0346028  0.0341804  0.0329962  0.0350812  0.0380878  0.0343635  0.0250516  0.0627139
