2019 2020 2021 2022 2023 2024 2025 2026 2027 2028 2029 2030 2031 2032 2033 2034 2035 2036 2037 2038 2039 2040 2041 2042 2043 2044 2045
 0.3673849  0.1478718  0.1097127  0.1606791  0.1083088  0.1988280  0.1598583  0.2625737  0.2900775  0.3553562  0.4435822  0.2912257  0.2781650  0.3260198  0.3790668  0.5160225  0.5384156  0.4402497  0.5027546  0.1560654  0.1188074  0.1427793  0.1304089  0.4377310  0.3820445  0.3979671  0.4359729
 0.3556829  0.1426629  0.0996929  0.1659176  0.1547728  0.3968261  0.3764999  0.2496381  0.2366662  0.3956177  0.3719739  0.1610908  0.1490029  0.3040894  0.3015175  0.1562824  0.1446272  0.1763376  0.1780180  0.4758835  0.6487604  0.5489241  0.6568340  0.7925311  1.2582035  0.2252069  0.1767591
 0.3445536  0.1712681  0.1325377  0.1427938  0.1241737  0.3714869  0.4278859  0.3225398  0.3018522  0.2462907  0.2606018  0.5706498  0.6494285  0.1801030  0.1733017  0.4663153  0.4779653  0.3013589  0.2828167  0.4347577  0.4550373  0.4627945  0.5520724  0.2983293  0.2327706  0.2064978  0.1927816
 0.3456866  0.0981893  0.0803053  0.1751875  0.1550546  0.2507898  0.2660263  0.1623520  0.1484086  0.1230457  0.1145879  0.1780795  0.1602643  0.1411295  0.1451195  0.1747095  0.1865602  0.2734956  0.3092783  0.2694683  0.2696044  0.2968184  0.2971558  0.3161423  0.3815465  0.4779311  0.6072224
 0.3468916  0.1313603  0.1022952  0.1386012  0.1217027  0.2559253  0.2376711  0.5099106  0.5812327  0.6717097  0.9407013  0.9086083  1.8124066  0.1669754  0.1354466  0.4709640  0.5283235  0.4470314  0.5007190  0.3056002  0.2702127  0.3835763  0.4345115  0.7685377  1.3521646  0.2498495  0.1827262
 0.3375950  0.1832394  0.1367161  0.2029527  0.1836003  0.3116320  0.3370074  0.2917222  0.2417127  0.2334087  0.2242620  0.4208888  0.5091383  0.2790625  0.2667543  0.4259439  0.4534385  0.2518757  0.2593058  0.2005145  0.2069247  0.2131160  0.1780779  0.3278006  0.3782137  0.3196378  0.3045198
 0.3801714  0.1775549  0.1363837  0.1174505  0.0988796  0.2797965  0.2695831  0.1942709  0.1996258  0.3025574  0.3403044  0.2128525  0.1641690  0.1319952  0.1255028  0.3249441  0.3775619  0.4117856  0.4935279  0.1466719  0.1229827  0.2895486  0.2749767  0.2458120  0.2576473  0.3225868  0.3892647
 0.3679856  0.0859576  0.0702455  0.0863849  0.0874334  0.2419508  0.2582902  0.3696865  0.3207279  0.2148620  0.1946923  0.3671136  0.4403280  0.3309323  0.3885964  0.6545654  0.8436283  0.2505871  0.2119532  0.5093590  0.5878126  0.4995572  0.6795033  0.4168039  0.4299492  0.2104333  0.1668180
 0.3617941  0.1742448  0.1352444  0.2685580  0.2601169  0.2940840  0.2785182  0.1418201  0.1163372  0.1855771  0.1616035  0.2393271  0.2605964  0.2503489  0.2717191  0.2123780  0.2571717  0.3418654  0.3662070  0.1733597  0.1710944  0.3236303  0.3601044  0.1648468  0.1061386  0.1518001  0.1383960
 0.3826794  0.1856481  0.1433290  0.1440457  0.1076126  0.2996700  0.2987971  0.2310897  0.2434802  0.3846768  0.4152378  0.2045814  0.2010197  0.2895483  0.2637938  0.2032293  0.1692932  0.2591217  0.2633830  0.3251378  0.3951785  0.5688274  0.8073466  0.7214327  0.8905110  0.1965338  0.1778356
 0.3431245  0.1066005  0.0872377  0.1203447  0.1069183  0.3110457  0.3146995  0.2325637  0.2274515  0.2413544  0.2660410  0.4031197  0.3334113  0.3087057  0.2882993  0.2543402  0.2535471  0.2890478  0.2871972  0.1972094  0.2104670  0.3032791  0.3369670  0.4602277  0.5173382  0.4336794  0.5189318
 0.3845243  0.1406725  0.1170182  0.1655804  0.1329514  0.3365419  0.3738512  0.3702798  0.4289418  0.5013920  0.5074041  0.1799075  0.1352751  0.2015218  0.1958276  0.3001111  0.3517043  0.3788733  0.4238743  0.3697949  0.3385940  0.2323188  0.2460844  0.3094246  0.2436907  0.3056510  0.2959755
 0.4042364  0.1506787  0.1214566  0.1228156  0.1203703  0.2052403  0.1840830  0.1275405  0.1212190  0.3719414  0.4763988  0.3831063  0.4098711  0.8045330  1.0707618  0.2256827  0.2043286  0.3756298  0.2893778  0.1623338  0.1570717  0.3490313  0.3888790  0.4993136  0.5645359  0.4296233  0.3069496
 0.3845102  0.1825066  0.1378868  0.2663109  0.2529514  0.4052539  0.3443994  0.5131806  0.5612651  0.4990622  0.4982417  0.3862484  0.3226522  0.4289424  0.4749664  0.3062186  0.2785751  0.1659448  0.1553619  0.1721879  0.1581781  0.3067640  0.3764418  0.3289342  0.4134178  0.2644954  0.2743363
 0.4295039  0.1840074  0.1427629  0.1612903  0.1285135  0.2301535  0.2166478  0.1890862  0.2086014  0.4642585  0.6719068  0.1312432  0.0899459  0.2036356  0.2088126  0.1754857  0.1958074  0.3727927  0.4579522  0.3666877  0.3403744  0.4356722  0.4555824  0.1535268  0.1524295  0.3362724  0.2995536
 0.3912276  0.1586889  0.1255543  0.1255045  0.1258041  0.2869241  0.2615443  0.3902275  0.3793378  0.3685777  0.3211399  0.2714897  0.2869868  0.4895403  0.5792774  0.2862626  0.2145400  0.1584012  0.1394775  0.1978617  0.2148074  0.3485342  0.4839669  0.4441774  0.4607362  0.3155694  0.2826868
 0.3789167  0.1871871  0.1391796  0.1350130  0.1129742  0.2229065  0.1984206  0.3175433  0.3512322  0.1779345  0.1686806  0.4972375  0.6156624  0.1706585  0.1220271  0.2428184  0.2688117  0.3609969  0.3853259  0.3636271  0.3896637  0.5237464  0.7430067  0.5721542  0.6956367  0.2139173  0.1806857
 0.3164474  0.1314016  0.1036673  0.1385709  0.1178088  0.4099734  0.3808046  0.3014331  0.3513392  0.4511927  0.5583841  0.2475428  0.2513286  0.5537655  0.5641518  0.2097287  0.1761757  0.2453321  0.2520369  0.2340700  0.1858014  0.1558624  0.1487161  0.2024950  0.2309947  0.2205818  0.1962986
 0.3640976  0.1532115  0.1156495  0.5478083  0.5885038  0.2964790  0.2546945  0.7257792  0.8735802  0.2669582  0.2359112  0.1464395  0.1350418  0.4687794  0.5367614  0.1884179  0.1712175  0.2625652  0.2686487  0.1396295  0.1282764  0.3546723  0.4116036  0.1768474  0.1608841  0.1501288  0.1339613
 0.3651112  0.1522058  0.1171598  0.1826946  0.1402928  0.2159624  0.2077938  0.3032031  0.3972323  0.1973053  0.1509295  0.1636439  0.1708519  0.3283849  0.3333572  0.4166510  0.4750313  0.6811591  1.0316388  0.6137970  0.4977163  0.6401700  0.7691180  0.5891268  0.6426062  0.2294336  0.1961532
 0.3234829  0.1279630  0.1044458  0.1354756  0.1281739  0.1142653  0.1208560  0.1733596  0.1587573  0.1313861  0.1220547  0.1880580  0.1750971  0.2176590  0.2352892  0.3547757  0.4549187  0.5241753  0.7895408  0.5121038  0.4483039  0.1412717  0.1293297  0.2421742  0.2431084  0.2487586  0.1960476
 0.3374752  0.1464248  0.1090749  0.1240010  0.1177160  0.1377106  0.1244697  0.4831788  0.6057003  0.1373724  0.1215967  0.1756655  0.1613230  0.3347610  0.3952976  0.3486131  0.4251812  0.4247155  0.4285415  0.2903006  0.2631606  0.2099865  0.1796640  0.1905847  0.2044735  0.1835673  0.1938176
 0.3806015  0.1535353  0.1050021  0.2461796  0.1834813  0.7591124  1.0315942  0.6084536  0.5777033  0.6712987  0.6994718  1.2140770  1.9982414  0.7181541  0.4356227  0.3928456  0.3533240  0.3322649  0.3549257  0.2243853  0.2347456  0.3077127  0.3262831  0.2950497  0.2913979  0.3775726  0.4202367
 0.3542913  0.1488233  0.1142244  0.1394114  0.1354624  0.2997525  0.3049127  0.1768423  0.1602793  0.2232039  0.2365742  0.2965324  0.3447437  0.3170234  0.3137878  0.1734738  0.1628233  0.1800094  0.1334132  0.2778783  0.2892678  0.3312347  0.4569637  0.2816045  0.3799604  0.2576781  0.2474313
 0.3198878  0.1354506  0.1148448  0.1445932  0.1226826  0.3075879  0.2865509  0.4272436  0.5484584  0.3945031  0.4245535  0.1525553  0.1273581  0.3797213  0.3790099  0.2956302  0.2499216  0.2438032  0.2449590  0.6189664  0.8531229  0.3447992  0.2025168  0.2158810  0.2267671  0.4297295  0.5212002
 0.3329194  0.1166895  0.0938610  0.1272416  0.1115040  0.2812695  0.3271145  0.1950640  0.1639135  0.1943692  0.1738169  0.1626111  0.1369794  0.1787860  0.1835776  0.2210020  0.2277620  0.1752604  0.1773444  0.1789102  0.2026010  0.2553920  0.2386915  0.2020918  0.2205776  0.1791564  0.1699240
 0.3381536  0.1215286  0.0973433  0.1381100  0.1317305  0.3486352  0.3281839  0.1662944  0.1657141  0.2691452  0.2936163  0.1667641  0.1401560  0.2924828  0.3045297  0.2349737  0.2357231  0.2887219  0.3107952  0.2127018  0.2074502  0.1569360  0.1677225  0.1605328  0.1604279  0.2349376  0.2059269
 0.3802713  0.1363991  0.1073308  0.1284305  0.1126854  0.3135073  0.2827093  0.2067086  0.2217293  0.4707282  0.5936132  0.3198438  0.3185459  0.2701306  0.2607305  0.2826972  0.3236859  0.5428733  0.5521180  0.1510345  0.1206769  0.2374291  0.2240213  0.2208287  0.2276119  0.2935922  0.3723224
 0.3425564  0.1230650  0.0992909  0.2203784  0.2223413  0.3190516  0.3246806  0.2369514  0.2012179  0.1779802  0.1627581  0.2390439  0.2524966  0.3508394  0.3883183  0.2053516  0.2026980  0.5048832  0.5345556  0.2264295  0.1966791  0.3903477  0.3819583  0.2505673  0.2742148  0.2736565  0.2521023
 0.3085766  0.1407099  0.1120212  0.1259064  0.1149443  0.3543595  0.4121591  0.2370029  0.2144512  0.1360785  0.1102546  0.1767752  0.1724149  0.3516261  0.4311623  0.3888651  0.4095089  0.1385609  0.1129676  0.2159932  0.2251625  0.5459273  0.7114066  0.4309862  0.4001850  0.3364565  0.2451714
 0.3916163  0.1505785  0.1099389  0.1578163  0.1523212  0.4147865  0.4139893  0.2843943  0.2670643  0.6057274  0.7991594  0.2188108  0.2121331  0.1968745  0.1840011  0.1900213  0.1588491  0.1982079  0.1862031  0.2889278  0.3376741  0.3487221  0.3608972  0.2206290  0.2317058  0.2501431  0.2623237
 0.3095393  0.1500488  0.1107715  0.1098383  0.1006850  0.2615216  0.2754391  0.2111902  0.2066231  0.1247663  0.1124801  0.1640007  0.1456505  0.1648630  0.1640468  0.3496262  0.3655567  0.1728970  0.1942984  0.3293026  0.3773204  0.1476868  0.1244962  0.2381085  0.2399047  0.2165351  0.1796442
 0.3563299  0.4074359  0.3161558  0.3620234  0.3352066  0.4271254  0.4624919  0.3681442  0.2826580  0.2002102  0.1921547  0.4914768  0.4864088  0.2831686  0.2638324  0.4326784  0.5253428  0.2347619  0.2059513  0.4657280  0.5880432  0.2819412  0.1768063  0.2261637  0.2396284  0.2663890  0.3282707
 0.3577839  0.1063194  0.0903428  0.1071028  0.0874501  0.3176046  0.3101921  0.2258090  0.2131479  0.2729020  0.2632343  0.5093937  0.7436207  1.0578582  5.4950124  0.3862303  0.2305372  0.0906780  0.0768261  0.1301164  0.1242757  0.1922391  0.1950871  0.2719433  0.3245169  0.2402336  0.2262556
 0.3974204  0.0833702  0.0801927  0.1178188  0.1161364  0.2581139  0.2378228  0.1380035  0.1471190  0.2641475  0.2616742  0.1421628  0.1368637  0.1652071  0.2005302  0.2464049  0.2285492  0.2744934  0.2842482  0.2663757  0.2543602  0.2085249  0.1991196  0.2543066  0.2803968  0.4410335  0.5578740
