2019 2020 2021 2022 2023 2024 2025 2026 2027 2028 2029 2030 2031 2032 2033 2034 2035 2036 2037 2038 2039 2040 2041 2042 2043 2044 2045
 0.3700447  0.4127354  0.3823321  0.4604867  0.5990512  0.8200802  1.2730653  0.4623202  0.4232592  0.4893752  0.5587800  0.4417693  0.4316281  0.5437263  0.4948792  0.7122360  1.0092028  0.8360506  0.8051363  0.4747893  0.3926890  0.4060537  0.4038993  0.3939028  0.3374963  0.5523300  0.5049524
 0.3697891  0.4012662  0.4062009  0.4996138  0.6494086  0.6429566  0.9686988  0.9992546  1.5781555  1.6777863  1.2847748  1.0140989  0.7917134  0.5649153  0.4911496  0.5060271  0.5440584  0.6979669  0.8851616  1.0324516  1.0947748  1.2728763  1.3294485  0.3429974  0.2824307  0.3486073  0.3481948
 0.3806746  0.5158133  0.5125095  0.4616841  0.4837408  0.6844307  0.6470697  0.4720672  0.4826744  0.4412884  0.4933720  0.5901319  0.6137031  0.3598079  0.3440698  0.5867030  0.8342995  0.6755478  0.3834775  0.3566888  0.3275045  0.6286996  0.8249154  0.5940257  0.5762913  0.5290341  0.6938843
 0.3824154  0.3106141  0.2887887  0.4949459  0.7352105  0.5206397  0.3898954  0.2987019  0.2749117  0.3125349  0.3098351  0.2710868  0.2943244  0.2712664  0.2789558  0.3059599  0.2851148  0.5143329  0.8720676  1.6906244        NaN        NaN        NaN  1.7355304  0.2478534  0.3302864  0.3079154
 0.3679352  0.3529729  0.3555735  0.4147723  0.4934232  0.5377237  0.4560903  0.7425752  0.8169467  1.1169669  1.0291624  0.4252774  0.4006062  0.5126472  0.6584863  1.0672897        NaN        NaN        NaN  1.7680150  0.2603814  0.4181458  0.3796206  0.6765115  0.6739400  0.3961946  0.3931678
 0.3213766  0.4952913  0.5543488  0.6560044  0.7446242  0.5862373  0.6005295  0.4606992  0.4720045  0.4366478  0.4579847  0.3162795  0.3202798  0.4349438  0.4750638  0.5787030  0.7738340  0.3324837  0.2975873  0.3438005  0.3389661  0.6304685  1.1297702  3.5850012        NaN  2.9768318  2.0060535
 0.3733262  0.5683092  0.6074844  0.3962254  0.4427078  0.3637707  0.3775248  0.4279401  0.5130131  0.4350075  0.4013486  0.4006547  0.3524110  0.3349211  0.2981072  0.5193633  0.5424025  0.4530879  0.4716878  0.3420413  0.3302131  0.2699040  0.2545538  0.4197832  0.5946513  0.6365174  0.9986018
 0.3883294  0.2353657  0.2301615  0.2337855  0.2755210  0.3291308  0.3492313  0.7880494  1.2314580  0.7081939  0.8558032  1.3296647        NaN        NaN  2.1029697  0.7036353  0.2631890  0.4142896  0.3720640  0.7076114  0.9133670  1.2270246        NaN  1.1718019  0.7872460  0.6603660  0.3081796
 0.3607899  0.5299464  0.5682422  0.7322802  1.1289871  1.0410368  1.8568054  0.9531246  1.0781313  1.3936867  1.5252327  1.5238931  1.1585430  0.6678820  0.4330583  0.2854956  0.2554242  0.3009511  0.2878360  0.3501674  0.3643121  0.3282212  0.3355902  0.3491760  0.3475685  0.3276308  0.3191780
 0.3555050  0.4981157  0.5024282  0.4966392  0.7067424  0.6683366  1.1716459  4.1994918        NaN        NaN        NaN  7.3957721        NaN        NaN  1.4394278  1.4381195  1.9928953  2.0390771  1.7680248  1.0783992  0.5884274  0.4881080  0.4455535  0.4065089  0.3840728  0.3909686  0.3703407
 0.3581629  0.3240190  0.3214935  0.3590370  0.3704139  0.4169843  0.5312742  0.7104638  1.3125460  1.3861232  1.6816291  1.0349519  0.7707085  0.6778623  0.5642200  0.5907843  0.6376764  0.7385084  0.8289829  0.5436645  0.2699579  0.4004474  0.3696010  0.4250509  0.4894142  0.7998435  1.9213587
 0.3674074  0.4193505  0.4307416  0.5594019  0.8622146  1.3784348        NaN        NaN        NaN  1.9239675  1.5708921  0.9523062  0.2788739  0.3485300  0.3069464  0.4245380  0.4341565  0.5020560  0.5037619  0.3694411  0.3474254  0.4822906  0.6997281  1.0895028  2.7383581  5.2714081  2.7486263
 0.3673650  0.4606490  0.5052246  0.3838648  0.4389361  0.3042036  0.2817345  0.2629994  0.2523145  0.3008226  0.2952611  0.5283881  0.8131222  1.3262259  0.7316770  0.3334316  0.2780764  0.6579833  0.7391073  0.3615743  0.3309011  0.4161456  0.4316115  0.7126368  0.7709566  0.8120600  0.9816238
 0.3975189  0.4883774  0.4668755  0.7805891  0.9188762  0.6266079  0.4899985  0.8446580  1.8010736        NaN        NaN  0.1179692  0.2136006  0.4780592  0.4437328  0.5051933  0.5366910  0.3841950  0.3564870  0.3709747  0.3571694  0.5761979  0.9285473  1.2881398        NaN        NaN        NaN
 0.3068381  0.4831779  0.5015696  0.5203141  0.5968292  0.4066414  0.4002338  0.3128058  0.3439475  0.4030551  0.4208770  0.3187724  0.2974659  0.3432163  0.3757700  0.3206623  0.3262297  0.3890183  0.3857769  0.5513956  0.7995113  0.6778608  0.7167806  0.5223743  0.4886354  0.2699628  0.2523275
 0.3340204  0.4288468  0.4435227  0.3674100  0.3916060  0.5420408  0.6371164  0.8730748  1.9868547  2.3741054        NaN        NaN        NaN        NaN  4.2835524  1.3481571  1.0089047  0.8522679  0.6327286  0.5856765  0.6576521  0.9149273  0.6656826  0.5825342  0.5297180  0.4161934  0.4099784
 0.3344634  0.5228850  0.5745605  0.4305643  0.4277876  0.4355083  0.4245957  0.3324049  0.3370144  0.3382930  0.3791409  0.3674676  0.3458469  0.3600222  0.4513208  0.5039549  0.6163558  0.4334942  0.4417953  0.4908620  0.4862879  0.6880559  0.8344471  0.3961351  0.3230419  0.4935724  0.5189215
 0.3146724  0.3647042  0.3628143  0.4229564  0.4761520  0.4416785  0.5611865  0.8286305  1.6056866  2.0250490        NaN        NaN  1.9628715  0.8456947  0.6070122  0.5689041  0.5232145  0.5304991  0.5477988  0.6853218  0.8749930  0.8333487  0.6538812  0.2681827  0.1969410  0.3038917  0.3061206
 0.3528377  0.4248204  0.4321573  1.0183792  1.3613731  0.5962982  0.6133317  0.9497492  2.0248525  1.3165815  0.7863459  0.5373109  0.4984503  0.4955557  0.3650841  0.3089046  0.3000889  0.3749024  0.3500594  0.2876143  0.3159264  0.3601114  0.3596924  0.2953498  0.3108908  0.3660756  0.4113495
 0.3415402  0.4130017  0.4468154  0.5746780  0.6739524  0.5232556  0.5787839  0.5761214  0.8527179  0.7537739  0.5696238  0.4281560  0.3853948  0.4747510  0.4687546  0.4986627  0.4686493  1.0322923        NaN  1.1830930  0.3824732  0.6547718  0.5688576  0.5487868  0.6573289  0.5244961  0.5903505
 0.3469262  0.3538951  0.3761266  0.3377987  0.3495261  0.3096253  0.2783633  0.3455422  0.4603998  0.4434898  0.6649790  0.7894273  0.9509338  1.0727199  1.4309928  0.3134405  0.2736738  0.4574938  0.4627374  0.6269003  0.6206016  0.4087501  0.4454865  0.4441723  0.4212315  0.4157719  0.3897711
 0.3919536  0.3742267  0.3806685  0.3705612  0.4556450  0.4484057  0.5483326  0.8063871  0.9875641  0.6806705  0.8215981  1.3440401        NaN        NaN        NaN  1.6456182  1.1575318  0.7415997  0.2861041  0.4177584  0.4070923  0.3894493  0.4130924  0.3042893  0.2877168  0.2624996  0.2718535
 0.4020848  0.3680003  0.3853546  0.7318022  1.2677772        NaN        NaN        NaN        NaN  1.6849616  1.6331362        NaN  0.7478379  0.6330921  0.5835432  1.1305079  1.9482754  0.6893318  0.6347839  0.5549499  0.5390357  0.3833786  0.2406198  0.3932548  0.3579540  0.4809438  0.4196357
 0.3745781  0.3841631  0.4234706  0.3877168  0.4598443  0.5226381  0.6874718  0.3052918  0.3220195  0.3550756  0.3591025  0.4118702  0.3980428  0.4246041  0.5493691  0.5055398  0.4132457  0.3901330  0.3362480  0.4776501  0.6109499  0.7520798  1.5239452  2.6349750        NaN        NaN  1.7350318
 0.3201841  0.3294042  0.3704683  0.4305980  0.5708484  0.7305223  1.4804865        NaN  0.5042246  0.2586005  0.2583774  0.3453765  0.3629093  0.4257515  0.5134861  0.6269683  0.8144797  0.7234594  0.6869902  0.5638726  0.5359832  0.6482516  0.6360264  0.5913141  0.4143679  0.1729165  0.2360681
 0.3585307  0.3275426  0.3219243  0.3729748  0.3700315  0.5018936  0.6671689  0.5545695  0.5947482  0.5723574  0.5283398  0.4616441  0.5154464  0.5721492  0.6832824  0.6922766  0.5768864  0.4890890  0.2478125  0.2812750  0.2748548  0.3379072  0.3120664  0.3415862  0.3925827  0.3550089  0.4152425
 0.3520865  0.3531564  0.3319338  0.4241005  0.4283792  0.4568857  0.5541499  0.3806737  0.4111333  0.4784586  0.5692496  0.5722911  0.7164564  0.7956658  0.6569619  0.4638599  0.2549665  0.3104214  0.2623407  0.3929921  0.3869005  0.2407448  0.2422625  0.3278338  0.3174678  0.3770960  0.3844145
 0.3477863  0.3947522  0.3985651  0.3918652  0.4095686  0.4168850  0.4191222  0.3411446  0.3357300  0.3200141  0.3379014  0.4316993  0.5148827  0.4954120  0.5299606  0.3939983  0.3875965  0.4444652  0.4208603  0.3909516  0.3495356  0.2652355  0.2491107  0.3661081  0.4110110  0.4786334  0.6358302
 0.3473739  0.3734996  0.3535193  0.5620884  0.7154755  0.7429741  1.4398852  3.0656393        NaN        NaN  2.4282216  0.9743490  0.7371326  0.9449126  1.4399046        NaN        NaN        NaN        NaN  1.0362341  0.8748195  0.2724187  0.2534486  0.3110491  0.2912337  0.3061622  0.2754287
 0.3104267  0.4204720  0.4342239  0.4000752  0.3885926  0.5096050  0.6582326  0.7763183  1.4115298  0.2816434  0.2610698  0.3383728  0.3138114  0.5087088  0.5624360  0.5309464  0.6457843  0.4177867  0.4522005  0.5718728  0.7081870  1.4159846        NaN  1.6248787  0.8141398  0.3945075  0.3324695
 0.3481117  0.4401451  0.4319577  0.5114181  0.5508641  0.4340279  0.4824976  0.5511216  0.6843949  0.6167223  0.6937669  0.5587842  0.4680482  0.3360705  0.2943189  0.3512541  0.3463474  0.3967624  0.4070687  0.5449833  0.7077104  0.5015588  0.4803791  0.3379574  0.3231468  0.3264349  0.3026910
 0.3467382  0.4092464  0.4315061  0.3370180  0.3887499  0.4740636  0.6872611  0.9056447  1.2007745  0.9304764  0.8865978  0.6781473  0.5905078  0.6848396  0.9735335  0.2163950  0.2136640  0.3018424  0.2579795  0.3004440  0.3022967  0.2672073  0.2839958  0.3924338  0.3764896  0.3743545  0.4464305
 0.3760664  0.9831747  1.4084575  0.9487067  0.7986826  0.7368081  0.6876334  0.5771752  0.5259699  0.4309250  0.4812795  0.4998902  0.5010537  0.4715601  0.4725783  0.3314874  0.3217002  0.3575089  0.3642099  0.6514014  0.7427165  0.5013969  0.5663934  0.5657425  0.6494278  0.5601860  0.7540107
 0.3593987  0.3064623  0.2998427  0.3398532  0.3607166  0.3710527  0.3622966  0.3826311  0.4340855  0.4611084  0.5679391  1.0566668  2.9426711  1.4730066  1.5163852  1.0165967  0.6469269  0.2813059  0.2634012  0.2334643  0.2287108  0.3228973  0.3473527  0.3938849  0.3977580  0.3920734  0.3368944
 0.3523518  0.2563839  0.2406669  0.3518655  0.3884963  0.3066939  0.3209217  0.3136148  0.3849872  0.3552351  0.4062461  0.4224865  0.5110196  0.6329171  0.2635651  0.2456295  0.2457900  0.4001747  0.3673342  0.3978085  0.4287751  0.3690515  0.4377549  0.5183597  0.6317336  0.7570609  0.7661997
 0.3284325  0.3722097  0.3404404  0.3697473  0.4184889  0.3622976  0.3765194  0.4522908  0.4344587  0.4262212  0.5006309  0.7411376  0.9451267  0.3444423  0.2828374  0.4302202  0.4598526  0.5687656  0.6002232  0.7195663  0.9478233  0.6962344  0.6790229  0.6989338  0.8891043  0.7627927  0.6688048
 0.3502713  0.5265116  0.5953475  0.4438478  0.4981348  0.4465635  0.5123613  0.7073487  1.2213702  0.5085282  0.3826760  0.3081185  0.2696215  0.4739117  0.5897412  0.4431206  0.4734381  0.4278404  0.4806910  0.4124136  0.4343672  0.4106969  0.3759747  0.3627155  0.3413286  0.3371805  0.4023899
 0.3503515  0.4550267  0.5066681  0.4853620  0.4844442  0.4250475  0.5050301  0.5487477  0.7836268  0.8823452  0.3701967  0.4470895  0.3863246  0.4032355  0.4064746  0.7152344  1.2672588  0.3364406  0.3054001  0.3594532  0.3405068  0.5048817  0.6091548  0.6123867  0.6310140  0.5977705  0.6423116
 0.3307900  0.3682678  0.3682226  0.3914072  0.4436254  0.5020364  0.5205041  0.6145449  0.6983259  0.5559820  0.6087129  0.6186706  0.7380659  0.4921947  0.3326237  0.3330294  0.2793287  0.2877408  0.2746290  0.2968435  0.3050048  0.3415791  0.3506859  0.3267466  0.3338322  0.4703629  0.6528222
 0.3611995  0.4433905  0.4610380  0.5660734  0.7211498  0.5232849  0.4474289  0.5440314  0.6264294  0.5186229  0.5746673  0.4133284  0.2821917  0.2742799  0.2625895  0.4139034  0.5618028  0.6060704  0.9162285  0.7275573  0.2820021  0.3298609  0.2786820  0.2800948  0.2621455  0.3913731  0.5174458
 0.3492800  0.5274062  0.5773117  0.6346251  0.7462413  0.6694372  0.9072852  0.7023254  0.7357603  0.6140216  0.5142920  0.5107757  0.4976169  0.3114319  0.2947662  0.3137734  0.2943833  0.3238114  0.3218195  0.4038747  0.3964037  0.4422750  0.4654175  0.3947427  0.4703328  0.5525673  0.6391467
 0.3879933  0.5506468  0.5965634  0.5678518  0.6657341  0.6177228  1.0480472  1.6636283        NaN        NaN        NaN  2.0066994  1.7842495  1.8637137  1.3383720  2.4423147        NaN        NaN  2.5371049  3.4496201  3.3489178  3.5213613        NaN  1.7446153  0.2223337  0.3302431  0.3185446
 0.3826882  0.5274263  0.5817525  0.6337908  0.7590621  0.5334520  0.5764506  0.3115264  0.3045555  0.2841118  0.2751933  0.4089270  0.5484918  0.5442043  0.8824391  1.3077449  1.7722039        NaN        NaN        NaN        NaN        NaN  6.0193430  1.7021574  0.2168902  0.2667220  0.2493981
 0.3655718  0.4434610  0.4449003  0.3750534  0.4421513  0.5176732  0.7395494  1.0762395        NaN        NaN        NaN        NaN  1.8853218  0.8612807  0.5228994  0.6303340  0.5327183  0.5310875  0.6327289  0.7017625  0.8540142  0.6989534  0.2906137  0.2927994  0.2657442  0.3500906  0.3219100
 0.3396511  0.5576796  0.6017311  1.2610151        NaN  6.7112874  4.4705962  0.8221951  0.6255967  0.6753831  0.8484715  0.8395006  0.5947031  0.5238449  0.4653598  0.3409073  0.2933347  0.4501854  0.4340448  0.6769042  0.9925927  0.7325796  0.5027007  0.4023062  0.3610506  0.3496837  0.3442298
 0.3734900  0.4656612  0.4835622  0.4803881  0.5476570  0.4527122  0.4888043  0.5937169  0.6949838  0.4399635  0.4224095  0.3145278  0.2825283  0.3449452  0.3421145  0.5168990  0.5819194  0.4801723  0.5043917  0.6006584  0.6346616  0.4036754  0.3957679  0.5533439  0.8680893  1.3886714  2.5787957
 0.3415481  0.4724375  0.4774531  0.4738910  0.5478109  0.6032928  0.6143531  0.4981760  0.4627371  0.3412891  0.3383304  0.2658437  0.2683628  0.4012985  0.5333314  0.5911578  0.6981978  0.3830504  0.3352015  0.3217084  0.3365732  0.5225375  0.5170219  0.6896738  0.7553391  0.5037804  0.4665374
 0.3580325  0.4098994  0.4006791  0.3333315  0.4148182  0.7753332  1.3517939  1.2068643  1.5138864  1.0701352  0.7455819  0.3196524  0.2712403  0.3326278  0.3207279  0.5939918  0.9631292  0.6375131  0.4713260  0.3326151  0.2500548  0.3224652  0.3465017  0.4671475  0.5150506  0.4872165  0.5221434
 0.3493241  0.3696311  0.3806432  0.3565787  0.3323694  0.3737061  0.4578540  0.3835177  0.4071581  0.4535678  0.4932191  0.6044847  0.7586473  0.5711278  0.4752867  0.5190732  0.5721802  0.5550254  0.4982725  0.2377695  0.2493823  0.2111330  0.1823252  0.2607703  0.3115642  0.5249531  0.7437360
 0.3116875  0.3666291  0.3875813  0.5694307  0.7075953  0.8091723  0.7994720  0.6959284  0.7736531  0.5575177  0.5065223  0.2777453  0.2623954  0.4511853  0.5615934  0.5977018  0.6687956  0.5145944  0.5328487  0.4864003  0.4604815  0.5943298  0.6027267  0.6529983  0.7205632  0.9460521  0.9434154
