FL 2019 2020 2021 2022 2023 2024 2025 2026 2027 2028 2029 2030 2031 2032 2033 2034 2035 2036 2037 2038 2039 2040 2041 2042 2043 2044 2045
 1    4109.00    3559.25    3559.25    3905.75    3905.75    7025.63    7025.63   13797.63   13797.63   12113.64   12113.64    4632.47    4632.47    5167.01    5167.01    6198.65    6198.65    2935.09    2935.09     467.08     467.08    1653.50    1653.50    5744.97    5744.97   11297.75   11297.75
 2     783.00     677.95     677.95     743.95     743.95    1338.22    1338.22    2628.12    2628.12    2307.36    2307.36     882.38     882.38     984.19     984.19    1180.70    1180.70     559.06     559.06      88.97      88.97     314.95     314.95    1094.28    1094.28    2151.95    2151.95
 3    3537.00     688.81     992.59    6987.60    7000.49    1181.26    2061.03   18905.76   11994.14    1532.44    1121.53    5813.57    4710.62     742.43     652.68    6927.14    6927.14    6927.14    6927.14      65.80     221.77     720.87     919.78   11768.75   11658.86    1353.49    1185.14
 4    1379.00    1340.91    1313.41    2067.44    3322.15    3993.82    2581.56    1827.15     992.32    1181.45    1119.09    1277.44     781.31     803.40     785.23     726.02     726.02     726.02     726.02     991.22    1296.35    1557.75    1461.90    1907.78    1407.04    1547.43    1093.38
 1    4109.00    3542.15    3542.15    6100.25    6100.25    4645.41    4645.41    4576.57    4576.57    5249.24    5249.24    2895.82    2895.82    3225.22    3225.22    2805.73    2805.73    4365.90    4365.90   20534.05   20534.05   10448.13   10448.13    2863.48    2863.48    1547.24    1547.24
 2     783.00     674.70     674.70    1161.95    1161.95     884.84     884.84     871.73     871.73     999.86     999.86     551.58     551.58     614.33     614.33     534.42     534.42     831.60     831.60    3911.25    3911.25    1990.12    1990.12     545.42     545.42     294.71     294.71
 3    3537.00     681.03    1049.43   10732.01    8111.40     763.28     734.87    5771.84    6216.51     929.71    1184.71    5930.30    5356.39    1446.44    1385.10    5347.41    6024.97    1244.29    1731.39   21120.61   13938.37     565.54     527.91     527.91     527.91     330.05     564.06
 4    1379.00    1361.25    1418.88     876.63     761.63    1229.38    1343.50    1118.04    1450.27    1401.56    1364.65    1162.78    1079.78    1334.48    1334.70    1240.82    2340.08    2518.27    2133.16    1144.23     907.68    1040.37     759.01     759.01     759.01     791.62     790.37
 1    4109.00    5205.35    5205.35    5427.58    5427.58   11119.88   11119.88    5126.35    5126.35    3806.42    3806.42    4729.49    4729.49    2450.91    2450.91    5814.73    5814.73    5572.18    5572.18    4565.02    4565.02    7538.45    7538.45    3258.49    3258.49    5201.20    5201.20
 2     783.00     991.50     991.50    1033.82    1033.82    2118.07    2118.07     976.45     976.45     725.03     725.03     900.86     900.86     466.84     466.84    1107.57    1107.57    1061.37    1061.37     869.53     869.53    1435.90    1435.90     620.66     620.66     990.70     990.70
 3    3537.00    1168.84    1373.45   11068.32   11095.12     723.22     864.25    4660.94    5103.63     780.29     760.10    4522.14    5102.63     492.49     820.83    7262.81    6706.82     614.77     910.12    5983.35    5655.42     951.50     604.05     477.08     548.07     914.58     932.53
 4    1379.00    1530.62    1474.84    1200.24    1075.22    1086.98    1261.63    1206.20    1058.76     926.57     813.35     914.20    1039.80     958.26    1216.90     952.48    1003.67    1118.70    1243.08     828.09     705.21     811.21     958.25    1433.48    1738.61    1588.31    1093.31
 1    4109.00    1691.38    1691.38    6575.65    6575.65    5650.72    5650.72    2740.12    2740.12    2684.22    2684.22    4325.71    4325.71    5354.58    5354.58    6292.90    6292.90   10127.96   10127.96    6582.11    6582.11    9765.76    9765.76    9744.04    9744.04    5397.55    5397.55
 2     783.00     322.17     322.17    1252.50    1252.50    1076.33    1076.33     521.93     521.93     511.28     511.28     823.94     823.94    1019.92    1019.92    1198.65    1198.65    1929.14    1929.14    1253.74    1253.74    1860.14    1860.14    1856.01    1856.01    1028.10    1028.10
 3    3537.00     712.04     813.52    5661.30    5052.42     990.11     938.92     888.27     825.56    1242.35    1601.55    9421.01   10033.05    2634.13    2621.26   12334.92   11025.17    1319.50    1234.59    5977.70    6394.14    1087.19    1426.38   12394.85    8909.76     883.32     688.80
 4    1379.00    1371.07    1397.38    1302.91    1267.17    1100.09    1133.54    1423.97    2051.22    2463.26    2372.71    2127.34    2037.62    2161.89    1807.37    1458.73    1679.07    1556.56    1537.20    1477.63    2019.87    2117.30    1593.42     827.72     740.05     872.10     869.44
 1    4109.00    3185.03    3185.03    4436.59    4436.59    9122.19    9122.19   18394.07   18394.07   17002.06   17002.06    3820.74    3820.74    2645.87    2645.87    9061.67    9061.67    7304.22    7304.22    2759.99    2759.99    8621.38    8621.38    8310.46    8005.10     439.82     439.82
 2     783.00     606.67     606.67     845.06     845.06    1737.56    1737.56    3503.63    3503.63    3238.49    3238.49     727.76     727.76     503.98     503.98    1726.03    1726.03    1391.28    1391.28     525.71     525.71    1642.17    1642.17    1582.94    1582.94      83.78      83.78
 3    3537.00     780.58     745.02    4687.18    4579.93    1251.87    1671.35    9276.58    7294.36     767.47     750.49    3466.49    3999.39     403.26     957.97   15280.94   10465.99     609.52     491.60     455.13    1182.42   13572.06    9137.95    9137.95    7171.25    3145.28     111.15
 4    1379.00    1324.19    1329.56    1669.60    2084.46    1977.71    2128.24    1864.66    1811.15    1349.21     958.47     790.95    1534.67    1628.46    1790.35     911.32     560.28     955.73    1444.96    1410.58    1247.95     559.62     397.39     397.39     397.39     397.39     782.75
 1    4109.00    6033.26    6033.26    7957.95    7957.95    6479.55    6479.55    2939.71    2939.71    5518.13    5518.13    3704.32    3704.32    5984.75    5984.75    6560.40    6560.40    3394.78    3394.78    1823.51    1823.51    3521.36    3521.36    8906.90    8906.90    2842.22    2842.22
 2     783.00    1149.19    1149.19    1515.80    1515.80    1234.20    1234.20     559.94     559.94    1051.07    1051.07     705.58     705.58    1139.95    1139.95    1249.60    1249.60     646.62     646.62     347.34     347.34     670.74     670.74    1696.55    1696.55     541.38     541.38
 3    3537.00     769.81     920.14   12307.75   10696.42     552.24     393.37     370.82     733.83    2465.96    2716.40    1210.24    1238.36    7560.96    7106.92     948.62     800.11    3340.42    3276.62     594.53     729.97    1537.21    2072.41    5557.78    3965.56     598.12     781.69
 4    1379.00    1296.23    1283.18     973.85     820.84     831.82     850.46    1312.25    1742.02    1552.87    1049.10    1029.55    1098.47     976.42     965.65     917.04     703.18     578.29     693.56     814.78    1225.55    1574.53    1484.29    1228.29    1326.56    1492.71    1373.81
 1    4109.00    5621.15    5621.15    3218.29    3218.29    3678.91    3678.91    3419.72    3419.72    3128.20    3128.20    2012.01    2012.01    2141.83    2141.83    8844.53    8844.53    4578.88    4578.88    2447.21    2447.21    5045.04    5045.04   11337.48   11337.48    7190.57    7190.57
 2     783.00    1070.70    1070.70     613.01     613.01     700.74     700.74     651.38     651.38     595.85     595.85     383.24     383.24     407.97     407.97    1684.67    1684.67     872.17     872.17     466.14     466.14     960.96     960.96    2159.52    2159.52    1369.63    1369.63
 3    3537.00    1039.59    1284.23    5129.48    5133.77     852.54    1598.97    4612.18    3536.66    3536.66     580.36     421.07     476.96     805.58    1061.57    8940.86    7031.48     667.31     491.15     574.86    1149.84   13491.11   13239.80    2219.58    2139.66   18934.65   11916.94
 4    1379.00    1390.47    1345.50    1338.73    1059.52    1015.86     838.33     699.11     536.26     536.26     608.41    1113.92    1311.58    1320.71    1173.91     706.77     598.58     959.38    1953.95    2219.65    2280.11    2573.89    2203.86    2367.75    1779.76     509.36     376.35
 1    4109.00     949.87     949.87    1330.56    1330.56    4167.24    4167.24   11333.78   11333.78    7185.95    7185.95   15488.09   15488.09    8178.79    8178.79    2865.79    2865.79    8809.88    8809.88   23810.09   23810.09   12516.50   12516.50    1819.36    1819.36    2236.54    2236.54
 2     783.00     180.93     180.93     253.44     253.44     793.76     793.76    2158.82    2158.82    1368.75    1368.75    2950.11    2950.11    1557.86    1557.86     545.86     545.86    1678.07    1678.07    4535.26    4535.26    2384.10    2384.10     346.54     346.54     426.01     426.01
 3    3537.00     727.85     847.10    1086.58    1183.35    5956.90    5760.22     954.32    1017.09    7338.57    8014.11    1458.84    1804.81   14154.07    9020.82     353.48     596.11    1385.21    2928.95   22720.99   16719.60     712.87     450.18     386.53     463.46     633.78     901.02
 4    1379.00    1196.65    1207.65    1132.42     976.38    1096.39    1479.23    2044.29    2199.22    2376.03    1983.74    1702.12    1302.04     496.36     397.85    1296.32    2916.98    2932.21    2707.99    1423.67     823.30    1047.21     815.14     802.93    1078.95    1559.61    2333.86
 1    4109.00    5379.53    5379.53    9421.57    9421.57    5856.31    5856.31    1317.16    1317.16    5888.19    5888.19   11271.88   11271.88    8967.42    8967.42    4673.59    4673.59    2469.39    2469.39    2219.91    2219.91    2807.57    2807.57    4062.83    4062.83    9174.40    9174.40
 2     783.00    1024.67    1024.67    1794.58    1794.58    1115.49    1115.49     250.89     250.89    1121.56    1121.56    2147.02    2147.02    1708.08    1708.08     890.21     890.21     470.36     470.36     422.84     422.84     534.78     534.78     773.87     773.87    1747.50    1747.50
 3    3537.00    1008.42    1113.33    7772.71    6258.22     665.89     438.35     644.80     841.82    1512.19    1803.31   12569.22    9794.79    1477.39    1357.50    4734.09    3889.88     617.02     632.26     833.27     870.57    2020.01    2517.82    1187.66    1598.45    2775.71    3686.03
 4    1379.00    1402.80    1336.30     844.69     889.25     976.74    1197.30    1899.03    2665.27    2849.50    2445.73    1835.22    1347.95    1231.01     900.06     597.99     635.32     870.13     919.02    1045.32    1201.56    1162.81    1798.16    4479.98    5316.44    4658.49    3470.07
 1    4109.00    5736.19    5736.19    4573.80    4573.80    4424.11    4424.11    4467.54    4467.54    3897.43    3897.43    3255.25    3255.25    3855.39    3855.39    4987.75    4987.75    9900.66    9900.66    8224.99    8224.99    8709.16    8709.16    2183.87    2183.87    2370.98    2370.98
 2     783.00    1092.61    1092.61     871.20     871.20     842.69     842.69     850.96     850.96     742.37     742.37     620.05     620.05     734.36     734.36     950.05     950.05    1885.84    1885.84    1566.66    1566.66    1658.89    1658.89     415.98     415.98     451.62     451.62
 3    3537.00     822.41     817.37    5247.44    6478.31    1221.71    1366.61    5931.55    5512.73     825.55     664.02     800.80     986.29    4434.23    5149.94    1041.21    1438.84   13951.22   11776.02    1128.91     981.23    6141.10    4732.14     312.21     280.80     438.84     694.49
 4    1379.00    1308.08    1444.73    1799.33    1582.48    1173.72     938.68     710.13     670.95     994.97    1081.62     946.71     932.32    1248.46    1442.72    2316.72    2350.98    1292.44     877.35     996.96     831.08     712.38     546.62     679.65     881.79    1029.16    1033.30
 1    4109.00    2409.79    2409.79    3430.35    3430.35    5577.73    5577.73    6359.89    6359.89    5726.03    5726.03    4854.23    4854.23    9865.09    9865.09    9318.54    9318.54    9644.25    9644.25    5170.24    5170.24    7635.94    7635.94    4589.97    4589.97    5957.03    5957.03
 2     783.00     459.01     459.01     653.40     653.40    1062.42    1062.42    1211.41    1211.41    1090.67    1090.67     924.62     924.62    1879.06    1879.06    1774.96    1774.96    1837.00    1837.00     984.81     984.81    1454.46    1454.46     874.28     874.28    1134.67    1134.67
 3    3537.00     798.95     925.24    4307.31    4733.56    1130.71    1408.61    5279.02    5255.33    1048.77     774.18    5460.44    7553.65    1067.81    1418.36    8880.18    8448.79    1599.09    1401.94    8418.97    7722.61    1050.19     691.34    4268.18    3521.68     694.22     583.79
 4    1379.00    1372.73    1406.21    1200.95    1320.61    1470.02    1660.23    1093.38     935.55     970.44    1159.86    1879.19    2308.28    2233.57    2324.47    1827.71    1573.96    1660.98    1499.12    1166.07     909.51    1076.62    1115.13     883.75     714.10     867.60    1355.12
 1    4109.00    3878.03    3878.03    5980.59    5980.59    7202.58    7202.58    6040.19    6040.19    3389.69    3389.69    2680.06    2680.06    7881.26    7881.26   13309.76   13309.76   10656.03   10656.03    3927.00    3927.00    4952.18    4952.18    9973.66    9973.66   14530.36   14530.36
 2     783.00     738.67     738.67    1139.16    1139.16    1371.92    1371.92    1150.51    1150.51     645.66     645.66     510.49     510.49    1501.19    1501.19    2535.19    2535.19    2029.72    2029.72     748.00     748.00     943.27     943.27    1899.74    1899.74    2767.69    2767.69
 3    3537.00     634.33     833.62    5377.58    5858.26     993.02     815.69    6384.80    4836.08     490.72     512.45     721.20     950.52    8424.98    8202.49    1696.84    1717.16   14329.86   14402.87     496.90     465.64    1342.51    1071.47    9500.52   11359.29    1735.98    2047.68
 4    1379.00    1222.03    1327.97    1375.24    1211.66    1003.68     800.25     517.57     548.01     940.54    1440.84    2214.04    2654.90    2617.84    2003.20    1616.62    1324.89     849.29     848.18    1464.51    1783.85    1704.05    1836.03    3186.04    2838.74    3106.80    2993.94
 1    4109.00    4081.77    4081.77    2936.93    2936.93    3380.92    3380.92    2559.02    2559.02    5892.35    5892.35    6347.88    6347.88    4141.83    4141.83    1609.15    1609.15    3734.81    3734.81    3380.45    3380.45    4799.72    4799.72    8575.18    8575.18    6054.97    6054.97
 2     783.00     777.48     777.48     559.42     559.42     643.98     643.98     487.43     487.43    1122.35    1122.35    1209.12    1209.12     788.92     788.92     306.50     306.50     711.39     711.39     643.90     643.90     914.23     914.23    1633.37    1633.37    1153.33    1153.33
 3    3537.00     792.80     758.50    3503.59    3361.64    1057.14    1424.03    3917.28    3917.28    1412.97    1252.38    9517.98    8214.48     200.55     200.55     200.55     474.03    3028.44    4218.09     842.42     828.25    5754.54    4981.77     937.28     525.17    3901.41    5758.09
 4    1379.00    1247.06    1112.61    1128.50    1534.22    1749.12    1629.11     989.64     989.64     735.64     900.06     479.29     501.05     650.65     650.65     650.65     726.55    1336.02    1268.18    1156.11    1074.52     934.55     810.70    1028.07    1475.57    2392.65    2633.38
 1    4109.00    5537.53    5537.53   10188.02   10188.02    6451.83    6451.83    9681.67    9681.67    6999.30    6999.30    7350.88    7350.88    8942.93    8942.93    4109.49    4109.49    2304.46    2304.46    6222.22    6222.22   15578.64   15578.64    9011.31    9011.31    3641.48    3641.48
 2     783.00    1054.77    1054.77    1940.58    1940.58    1228.92    1228.92    1844.13    1844.13    1333.20    1333.20    1400.17    1400.17    1703.42    1703.42     782.76     782.76     438.94     438.94    1185.18    1185.18    2967.36    2967.36    1716.44    1716.44     693.62     693.62
 3    3537.00     674.18     792.58   11465.41    8767.39     325.65     325.39     592.12     622.01    8438.15    8630.93     567.86     843.04   14430.21    9704.88     463.29     540.76     822.23     997.83    1208.93    1906.91   14530.06   10403.77    1048.04     835.81    2385.65    2104.56
 4    1379.00    1378.82    1381.77     756.61     846.35    1304.49    1367.20    1361.18    1157.41    1091.62    1434.71    1777.33    1531.10     978.60     723.60    1135.87    1618.94    1711.77    2613.12    2702.09    2282.97    1325.34     910.82     857.61     920.51     829.93     688.24
 1    4109.00    4914.76    4914.76    5146.22    5146.22    4320.62    4320.62    4081.77    4081.77    4971.12    4971.12    1633.63    1633.63    7057.51    7057.51    5258.95    5258.95    5681.68    5681.68    4646.33    4646.33    3080.15    3080.15    2054.51    2054.51    3682.60    3682.60
 2     783.00     936.14     936.14     980.23     980.23     822.98     822.98     777.48     777.48     946.88     946.88     311.17     311.17    1344.29    1344.29    1001.70    1001.70    1082.22    1082.22     885.02     885.02     586.70     586.70     391.34     391.34     701.45     701.45
 3    3537.00     573.93     744.08    4679.61    5057.63    1041.75    1405.66    1405.66    1405.66    1112.58     553.83     748.90    1011.28   14390.07   11028.08    1301.98    1280.50    6909.97    6096.12     533.58     710.84    2786.15    2719.49     870.27     899.37    4126.07    4624.86
 4    1379.00    1141.52    1352.95    1459.39    1565.23    1436.10    1099.80    1099.80    1099.80     730.95    1182.62    2163.75    2309.45    1092.05     728.81     903.42     833.69     711.07     910.46    1127.69    1214.47     919.72     890.92     965.49    1240.85    1648.32    1605.79
 1    4109.00    4494.80    4494.80    3171.63    3171.63    7993.06    7993.06    9823.51    9823.51    7876.18    7876.18    7256.63    7256.63    7691.38    7691.38    4802.95    4802.95    5574.49    5574.49   11120.80   11120.80   15096.31   15096.31    7579.11    7579.11    6396.39    6396.39
 2     783.00     856.15     856.15     604.12     604.12    1522.49    1522.49    1871.14    1871.14    1500.22    1500.22    1382.22    1382.22    1465.02    1465.02     914.85     914.85    1061.81    1061.81    2118.25    2118.25    2875.49    2875.49    1443.64    1443.64    1218.36    1218.36
 3    3537.00     731.11     868.77    3802.99    3861.48    1049.92     765.43    8283.08    7809.43     843.92     781.57    7770.45    7972.07     978.03    1050.02   10591.45   14280.65    1044.66    2383.48   30438.41   21033.17    1626.97    1088.12    7391.05    8083.68     797.49    1442.64
 4    1379.00    1274.29    1275.15    1050.23    1258.04    1392.05    1399.30    1381.91    1358.84    1662.64    1868.61    1463.42    1302.87    1300.55    1194.38    2206.78    4310.46    3911.23    3531.66    1427.49     845.32    1215.19    1330.82    1513.91    1976.78    2101.17    2797.42
 1    4109.00    5696.92    5696.92    3810.58    3810.58    6250.86    6250.86    3952.87    3952.87    2708.24    2708.24    2836.68    2836.68    3911.75    3911.75   11352.26   11352.26   13084.76   13084.76   11283.89   11283.89   13593.43   13593.43    4036.49    4036.49    2184.34    2184.34
 2     783.00    1085.13    1085.13     725.82     725.82    1190.64    1190.64     752.93     752.93     515.86     515.86     540.32     540.32     745.10     745.10    2162.34    2162.34    2492.34    2492.34    2149.31    2149.31    2589.22    2589.22     768.86     768.86     416.06     416.06
 3    3537.00    1545.51    1278.34    4420.77    4920.20    1187.06    1280.16   10163.09    7823.27     652.15    1022.90    4647.24    4987.57    1037.44    1494.68   20714.01   13958.56    1407.49    1001.31    1071.09    1045.00   10526.61    6332.03     380.67     401.22     382.49     710.20
 4    1379.00    1415.90    1308.92    1197.23    1381.82    1427.25    1253.19     821.33     865.12    1184.55    1252.01    1148.19    1734.59    2932.69    3178.27    1288.08     995.50    1715.96    2134.93    1880.09    1381.01     785.79     481.27     658.43     946.79    1203.00     928.95
 1    4109.00    3259.87    3259.87    5647.49    5647.49    5016.86    5016.86    8421.80    8421.80    5131.90    5131.90    2453.22    2453.22    6082.69    6082.69    3604.99    3604.99    3923.30    3923.30    6150.14    6150.14    6027.25    6027.25    9153.14    9153.14    6236.54    6236.54
 2     783.00     620.93     620.93    1075.71    1075.71     955.59     955.59    1604.15    1604.15     977.50     977.50     467.28     467.28    1158.61    1158.61     686.66     686.66     747.30     747.30    1171.46    1171.46    1148.05    1148.05    1743.46    1743.46    1187.91    1187.91
 3    3537.00     843.48    1121.16   14428.40   15671.54    1006.43    1083.34   19785.90   12991.57     473.35     515.52     550.71     840.75    9877.50   11232.84     687.96     726.23    2662.88    2804.60    1290.76    1190.69    2104.51    2488.95   17555.78   12000.47    1443.91    1352.13
 4    1379.00    1395.63    1525.53    1364.21    1218.27    1832.54    1741.85     474.08     339.80     700.79    1144.68    1112.94    1164.88    1305.05    1306.17    1544.21    1494.24    1271.29    1562.77    2594.10    2571.63    2757.70    2014.28     736.21     893.62    2087.19    2014.32
