FL 2019 2020 2021 2022 2023 2024 2025 2026 2027 2028 2029 2030 2031 2032 2033 2034 2035 2036 2037 2038 2039 2040 2041 2042 2043 2044 2045
 1    4109.00    3843.84    3843.84    4176.48    4176.48    4365.90    4365.90    6986.83    6986.83    5759.75    5759.75     389.47     389.47     608.45     608.45     348.35     348.35     492.95     492.95      37.42      37.42     411.18     411.18     735.50     735.50    2587.20    2587.20
 2     783.00     732.16     732.16     795.52     795.52     831.60     831.60    1330.82    1330.82    1097.10    1097.10      74.18      74.18     115.90     115.90      66.35      66.35      93.90      93.90       7.13       7.13      78.32      78.32     140.10     140.10     492.80     492.80
 3    3537.00     778.40     933.27    8297.98    6805.07     452.14    1017.34   11916.14   11916.14   11916.14    5369.31    2991.69    5009.42    4145.14    2318.02    2830.50    4286.20    3495.06    1654.61    2848.34    6132.49    8040.08    7615.11    6111.62     376.19     275.59     275.59
 4    1379.00    1267.82     883.07    1161.34    1530.45    1719.87    1331.81     749.30     749.30     749.30     749.30     749.30     749.30     749.30     749.30     749.30     749.30     749.30     749.30     749.30     749.30     749.30     749.30     749.30     690.15     716.91     716.91
 1    4109.00    4466.15    4466.15    6367.75    6367.75    3467.77    3467.77    1438.21    1438.21     990.53     990.53     599.21     599.21     551.17     551.17     434.74     434.74     966.50     966.50    8765.99    8765.99    5114.80    5114.80     956.34     956.34      91.01      91.01
 2     783.00     850.70     850.70    1212.90    1212.90     660.53     660.53     273.94     273.94     188.67     188.67     114.14     114.14     104.98     104.98      82.81      82.81     184.10     184.10    1669.71    1669.71     974.25     974.25     182.16     182.16      17.34      17.34
 3    3537.00    1023.31    1083.39    9568.10    6015.99    6015.99    6015.99    6015.99    6015.99    6015.99    6015.99    6015.99    6015.99    6015.99    6015.99    6015.99     161.06     272.72     587.72    9743.70    6394.57    6394.57    6394.57    2881.64    1900.89    2377.16    3955.65
 4    1379.00    1242.07     963.85     359.99     309.85     309.85     309.85     309.85     309.85     309.85     309.85     309.85     309.85     309.85     309.85     309.85     941.57    1166.06     976.96     417.08     323.01     323.01     323.01     323.01     323.01     323.01     323.01
 1    4109.00    6493.41    6493.41    5051.51    5051.51    7212.28    7212.28    2560.40    2560.40    1780.09    1780.09    2544.23    2544.23    1372.60    1372.60    3375.83    3375.83    3427.58    3427.58    2848.69    2848.69    4364.98    4364.98    1991.22    1991.22    2548.85    2548.85
 2     783.00    1236.84    1236.84     962.19     962.19    1373.77    1373.77     487.70     487.70     339.06     339.06     484.62     484.62     261.45     261.45     643.02     643.02     652.87     652.87     542.61     542.61     831.42     831.42     379.28     379.28     485.50     485.50
 3    3537.00    1740.05    1757.32    7719.34    6810.59     553.71     553.71     553.71     553.71     553.71     553.71     553.71     553.71     553.71     553.71     553.71     553.71     553.71     553.71     553.71     553.71     553.71     553.71     553.71     342.74     293.52     293.52
 4    1379.00    1163.32     911.17     659.30     444.02     614.19     614.19     614.19     614.19     614.19     614.19     614.19     614.19     614.19     614.19     614.19     614.19     614.19     614.19     614.19     614.19     614.19     614.19     614.19     761.46     749.56     749.56
 1    4109.00    2510.05    2510.05    6152.92    6152.92    4168.16    4168.16    1221.99    1221.99     711.02     711.02    1693.23    1693.23    2498.50    2498.50    3440.51    3440.51    5405.40    5405.40    3750.52    3750.52    4869.94    4869.94    4959.57    4959.57    2841.30    2841.30
 2     783.00     478.10     478.10    1171.98    1171.98     793.94     793.94     232.76     232.76     135.43     135.43     322.52     322.52     475.90     475.90     655.34     655.34    1029.60    1029.60     714.38     714.38     927.61     927.61     944.68     944.68     541.20     541.20
 3    3537.00     693.22     806.42    6784.14    5050.67    5050.67    5050.67    5050.67    1321.43     258.86     622.33     794.22     929.69    2486.06    2909.78     976.80     912.13    5769.88    4527.44     485.26     494.81    3067.00    2610.03    2610.03    2610.03    2610.03    2610.03
 4    1379.00    1083.34     987.64     648.22     473.66     473.66     473.66     473.66     869.58    1042.66    1067.15    1220.10    1146.81    1022.82     996.33     781.44     878.21     596.36     585.70     777.18     954.03     989.96     615.89     615.89     615.89     615.89     615.89
 1    4109.00    3921.92    3921.92    4454.60    4454.60    6189.88    6189.88    9654.88    9654.88    7197.04    7197.04     696.23     696.23     401.94     401.94    3380.45    3380.45    4249.94    4249.94    2547.47    2547.47    4933.24    4933.24    5310.69    5310.69     986.37     986.37
 2     783.00     747.03     747.03     848.50     848.50    1179.02    1179.02    1839.02    1839.02    1370.86    1370.86     132.62     132.62      76.56      76.56     643.90     643.90     809.51     809.51     485.23     485.23     939.66     939.66    1011.56    1011.56     187.88     187.88
 3    3537.00     890.96     843.50    4987.28    4424.43     653.96     612.35    8746.83    6510.18    6510.18    6510.18    1515.19    2561.30     113.40     303.62     303.62     303.62     303.62     303.62     386.77     386.77     386.77     386.77     386.77     386.77     386.77     386.77
 4    1379.00    1215.36     926.64     797.66     949.72     984.13    1012.48     732.62     750.54     750.54     750.54     750.54     750.54     633.65     720.02     720.02     720.02     720.02     720.02     725.61     725.61     725.61     725.61     725.61     725.61     725.61     725.61
 1    4109.00    6447.21    6447.21    7305.14    7305.14    4145.06    3434.95     258.72     258.72     946.18     946.18     445.83     445.83     254.10     254.10     645.88     645.88     303.53     303.53     144.14     144.14     420.88     420.88    1690.92    1690.92     176.48     176.48
 2     783.00    1228.04    1228.04    1391.46    1391.46     789.54     789.54      49.28      49.28     180.22     180.22      84.92      84.92      48.40      48.40     123.02     123.02      57.82      57.82      27.46      27.46      80.17      80.17     322.08     322.08      33.62      33.62
 3    3537.00    1438.44    1376.33   10448.95   10448.95    8715.39    2902.71    2803.46    7371.41   10448.95    9107.27    4689.43    3538.16    4882.83    5929.11    6234.46    4600.95    2623.76    2821.76    3787.89    4006.29    6265.25    9764.51    8206.05    4086.99    5517.47    8931.97
 4    1379.00    1169.81    1101.55     331.32     331.32     331.32     331.32     331.32     331.32     331.32     331.32     331.32     331.32     331.32     331.32     331.32     331.32     331.32     331.32     331.32     331.32     331.32     331.32     331.32     331.32     331.32     331.32
 1    4109.00    6966.04    6966.04    3591.59    3591.59    2249.02    2249.02     823.28     823.28     138.60     138.60      87.32      87.32     348.35     348.35    1214.60    1214.60     243.47     243.47     321.55     321.55    1932.55    1932.55    5587.43    5587.43    3480.71    3480.71
 2     783.00    1326.86    1326.86     684.11     684.11     428.38     428.38     156.82     156.82      26.40      26.40      16.63      16.63      66.35      66.35     231.35     231.35      46.38      46.38      61.25      61.25     368.10     368.10    1064.27    1064.27     662.99     662.99
 3    3537.00    1588.57    2197.19    6969.94    6969.94    6969.94    6969.94    5633.11    2661.96    1956.38    1712.24    2301.43    5914.34    6969.94    6969.94    5652.63    3559.66    2501.45    2938.65     182.13     385.97     690.51     986.43   15236.04   11361.68   11361.68   11361.68
 4    1379.00    1088.54     981.26     675.23     675.23     675.23     675.23     675.23     675.23     675.23     675.23     675.23     675.23     675.23     675.23     675.23     675.23     675.23     675.23     995.78    1099.87    1251.68    1296.29     349.80     278.34     278.34     278.34
 1    4109.00    1392.47    1392.47    1628.09    1628.09    3313.93    3313.93    7055.66    7055.66    3739.89    3739.89    7793.02    7793.02    4224.53    4224.53    2062.37    2062.37    4930.46    4930.46   12371.90   12371.90    6138.59    4878.80     206.05     206.05     329.41     329.41
 2     783.00     265.23     265.23     310.11     310.11     631.22     631.22    1343.94    1343.94     712.36     712.36    1484.38    1484.38     804.67     804.67     392.83     392.83     939.14     939.14    2356.55    2356.55    1169.26    1169.26      39.25      39.25      62.74      62.74
 3    3537.00     805.51     955.76     955.76     955.76    3012.52    2660.34     521.61     572.91    2204.68    2508.29     764.62     764.62     764.62     764.62     764.62     351.70     450.18     799.76   13098.60    9484.81    9484.81    4250.55    1937.54    4020.74    5644.64      53.59
 4    1379.00    1141.16     948.62     948.62     948.62     533.28     943.75    1064.86    1083.66    1082.98     999.15     902.04     902.04     902.04     902.04     902.04    1324.69    1336.96    1253.03     731.26     407.54     407.54     407.54     407.54     407.54     407.54     875.55
 1    4109.00    6888.42    6888.42    8142.75    8142.75    3270.50    3270.50     168.17     168.17    1864.17    1864.17    4792.79    4792.79    4167.70    4167.70    2199.12    2199.12     710.09     710.09     442.60     442.60     443.06     443.06     677.29     677.29    4622.31    4622.31
 2     783.00    1312.08    1312.08    1551.00    1551.00     622.95     622.95      32.03      32.03     355.08     355.08     912.91     912.91     793.85     793.85     418.88     418.88     135.26     135.26      84.30      84.30      84.39      84.39     129.01     129.01     880.44     880.44
 3    3537.00    2222.86    1979.72    8747.36    8747.36    5843.82    4202.70    4002.63     105.15     302.22     779.74    5633.96    4096.40    4096.40    4096.40    4096.40    4096.40    4096.40    4096.40    4096.40    4096.40    4096.40     205.37     338.45     485.84    1297.60    1990.89
 4    1379.00    1112.69     823.37     287.55     287.55     287.55     287.55     287.55    1118.32    1163.21    1008.00     729.89     555.74     555.74     555.74     555.74     555.74     555.74     555.74     555.74     555.74     555.74     765.33    2068.59    2569.07    2252.03    1709.83
 1    4109.00    6048.97    6048.97    4728.57    4728.57    2708.71    2708.71    1077.38    1077.38     219.45     219.45     320.63     320.63     273.04     273.04     676.37     676.37    3628.55    3628.55    3923.30    3923.30    5305.61    5305.61    1541.23    1541.23    1192.42    1192.42
 2     783.00    1152.18    1152.18     900.68     900.68     515.94     515.94     205.22     205.22      41.80      41.80      61.07      61.07      52.01      52.01     128.83     128.83     691.15     691.15     747.30     747.30    1010.59    1010.59     293.57     293.57     227.13     227.13
 3    3537.00     957.41     989.71    8291.38    8291.38    8291.38    8291.38    5756.32    3458.51    2975.30    4183.83    5229.01    4174.23    3172.72    6759.37     396.89     730.59     957.75     957.75     957.75     957.75     957.75     957.75     957.75     957.75     957.75     957.75
 4    1379.00    1189.70    1072.98     735.63     735.63     735.63     735.63     735.63     735.63     735.63     735.63     735.63     735.63     735.63     735.63     856.56     961.16     911.90     911.90     911.90     911.90     911.90     911.90     911.90     911.90     911.90     911.90
 1    4109.00    3446.06    3446.06    3823.97    3823.97    4322.47    4322.47    3404.94    3404.94    2740.12    2740.12    2521.60    2521.60    5055.67    5055.67    4853.77    4853.77    4967.42    4967.42    2574.73    2574.73    3903.90    3903.90    2356.66    2356.66    2393.62    2393.62
 2     783.00     656.39     656.39     728.38     728.38     823.33     823.33     648.56     648.56     521.93     521.93     480.30     480.30     962.98     962.98     924.53     924.53     946.18     946.18     490.42     490.42     743.60     743.60     448.89     448.89     455.93     455.93
 3    3537.00     673.65     815.19    5455.59    4713.95     648.32     761.19     761.19     761.19     761.19     761.19    1713.56    2144.14     619.41     715.10    4805.49    4633.89     683.91     809.61    2607.23    2607.23    2607.23    2607.23    2607.23    2607.23    2607.23    2607.23
 4    1379.00    1174.08    1078.29     687.86     617.59     756.85     804.60     804.60     804.60     804.60     804.60     897.45     973.11    1092.42    1132.71     876.36     809.97     858.30     734.04     495.17     495.17     495.17     495.17     495.17     495.17     495.17     495.17
 1    4109.00    4743.35    4743.35    5515.36    5515.36    4725.34    4725.34    1688.15    1688.15     232.39     232.39     424.12     424.12    3483.94    3483.94    6377.45    6377.45    4977.59    4977.59    1016.40    1016.40    1205.82    1205.82    4109.95    4109.95    7181.33    7181.33
 2     783.00     903.50     903.50    1050.54    1050.54     900.06     900.06     321.55     321.55      44.26      44.26      80.78      80.78     663.61     663.61    1214.75    1214.75     948.11     948.11     193.60     193.60     229.68     229.68     782.85     782.85    1367.87    1367.87
 3    3537.00     696.59     843.29    6322.10    6322.10    6322.10    6322.10    3809.23    1932.40    2879.13    3801.07     122.12     312.93     510.87     866.18   10897.81    7296.55    7296.55    7296.55    7038.88    1570.07     209.66     526.18    3209.81    4843.11    1075.70     899.37
 4    1379.00    1178.12    1040.92     648.36     648.36     648.36     648.36     648.36     648.36     648.36     648.36    1004.04    1218.44    1231.58     972.68     338.92     290.53     290.53     290.53     290.53     648.48     701.78     964.67    1468.17    1555.23    1447.11    1264.59
 1    4109.00    5658.58    5658.58    3337.03    3337.03    1731.58    1731.58     948.02     948.02    2323.86    2323.86    3146.68    3146.68    3050.59    3050.59    1258.95    1258.95    1839.68    1839.68    1687.22    1687.22    2555.78    2555.78    4926.31    4926.31    3813.81    3813.81
 2     783.00    1077.82    1077.82     635.62     635.62     329.82     329.82     180.58     180.58     442.64     442.64     599.37     599.37     581.06     581.06     239.80     239.80     350.42     350.42     321.38     321.38     486.82     486.82     938.34     938.34     726.44     726.44
 3    3537.00    1491.57    1305.73    9232.54    7440.35     233.94     233.94     233.94     233.94     233.94     233.94     233.94     233.94     233.94     233.94     233.94     233.94     233.94     272.14     272.14     272.14     272.14     272.14     272.14    1135.21     270.17     420.34
 4    1379.00     952.71     731.44     344.65     539.74     750.58     750.58     750.58     750.58     750.58     750.58     750.58     750.58     750.58     750.58     750.58     750.58     750.58     682.01     682.01     682.01     682.01     682.01     682.01     710.42    1177.08    1153.34
 1    4109.00    5649.34    5649.34    9557.39    9557.39    4255.94    4255.94    2091.01    2091.01     776.62     776.62    1118.50    1118.50    3160.08    3160.08    1756.99    1756.99     809.42     809.42    2673.59    2673.59    7385.07    7385.07    4726.72    4726.72    2325.71    2325.71
 2     783.00    1076.06    1076.06    1820.46    1820.46     810.66     810.66     398.29     398.29     147.93     147.93     213.05     213.05     601.92     601.92     334.66     334.66     154.18     154.18     509.26     509.26    1406.68    1406.68     900.33     900.33     442.99     442.99
 3    3537.00     523.64     885.91   11164.14   11164.14    4285.19    5797.34    6005.96    5844.66    3979.54    5346.15    3814.75    4571.02    4571.02    4571.02    4571.02    4571.02     305.59     497.89     553.09    1029.75    1029.75    1029.75    1029.75    1029.75    1029.75    1029.75
 4    1379.00    1058.61     935.46     319.05     319.05     319.05     319.05     319.05     319.05     319.05     319.05     690.45     574.25     574.25     574.25     574.25     574.25     836.96    1139.73    1263.28    1112.17    1112.17    1112.17    1112.17    1112.17    1112.17    1112.17
 1    4109.00    5167.01    5167.01    4775.69    4775.69    3138.83    3138.83    1816.58    1816.58    1176.71    1176.71     161.70     161.70    2857.01    2857.01    2449.52    2449.52    3386.46    3386.46    3302.38    3302.38    1832.29    1832.29     957.73     957.73    1646.57    1646.57
 2     783.00     984.19     984.19     909.66     909.66     597.87     597.87     346.02     346.02     224.14     224.14      30.80      30.80     544.19     544.19     466.58     466.58     645.04     645.04     629.02     629.02     349.01     349.01     182.42     182.42     313.63     313.63
 3    3537.00     627.25     606.92    3811.41    3945.76    3945.76    3945.76    3945.76    3945.76    3945.76    3423.33      17.64     181.65     637.69     637.69     637.69     637.69     637.69     637.69     637.69     637.69     637.69     637.69     637.69     637.69     512.06     428.76
 4    1379.00     956.62     825.99     745.35     848.27     848.27     848.27     848.27     848.27     848.27     848.27     846.56    1032.17     876.33     876.33     876.33     876.33     876.33     876.33     876.33     876.33     876.33     876.33     876.33     876.33     671.85     812.98
