              Isim, Ftarg, Btarg
   1 2019          0.3977734     129364.7079738      33266.1582637
   1 2021          0.3568262     129156.8061931      31384.4539374
   1 2023          0.3480518     129147.7387217      30565.2720418
   1 2025          0.3743750     129526.5108985      32568.5643231
   1 2027          0.3948486     128991.3871923      33432.4802171
   1 2029          0.3919238     129449.6289642      33415.9844052
   1 2031          0.3889990     128991.2716863      33223.0776375
   1 2033          0.3889990     129394.3597853      33310.2407698
   1 2035          0.3919238     128849.8695180      33408.4298314
   1 2037          0.3889990     129238.8422185      33186.4462715
   1 2039          0.3597510     129435.0820118      31632.2050404
   1 2041          0.3802246     128995.1172892      32574.4785657
   1 2043          0.3831494     128964.9050905      32901.0472128
   2 2019          0.3977734     128814.4188190      33124.6513071
   2 2021          0.3568262     128934.4257876      31304.2853541
   2 2023          0.3919238     128941.4387527      32870.4389264
   2 2025          0.3743750     128607.1272862      32432.8529328
   2 2027          0.3889990     128679.8197277      32901.1597931
   2 2029          0.3860742     128346.0150931      32939.0813014
   2 2031          0.4357959     128484.7513360      33871.4394364
   2 2033          0.3772998     128801.1128053      32504.9957464
   2 2035          0.4036230     128951.4254807      32994.7161819
   2 2037          0.3743750     128468.0163164      32270.6708495
   2 2039          0.3948486     128426.6560803      33365.9910738
   2 2041          0.3919238     128861.2556415      33308.4631394
   2 2043          0.4065479     128571.9078401      33509.8492430
   3 2019          0.3977734     131418.4014862      33794.2659252
   3 2021          0.3597510     131562.1363540      32228.4194389
   3 2023          0.3656006     131298.7834942      32529.8783519
   3 2025          0.3889990     131366.2525492      33834.1248211
   3 2027          0.3860742     131289.3958838      33682.2921894
   3 2029          0.3889990     130996.8174869      33737.3710836
   3 2031          0.4094727     130893.3209281      34168.9869675
   3 2033          0.3743750     131123.9462448      33037.6386706
   3 2035          0.4065479     131367.5341539      34042.5889678
   3 2037          0.3831494     131027.0079219      33549.9987834
   3 2039          0.4094727     131542.0441245      34145.3412941
   3 2041          0.3889990     131226.4028106      33841.6719616
   3 2043          0.3889990     131481.4546820      33496.4625138
   4 2019          0.3977734     133428.9350648      34311.2750019
   4 2021          0.3509766     133249.0423092      31627.8652270
   4 2023          0.3743750     132919.3757565      33510.6897748
   4 2025          0.3919238     133612.1690584      34111.8577623
   4 2027          0.3626758     133476.0906764      32889.4203791
   4 2029          0.3685254     132919.1909969      33031.1938605
   4 2031          0.3977734     133441.9165080      34171.1118928
   4 2033          0.3831494     133489.2935574      33911.1363110
   4 2035          0.3860742     132936.4326726      34030.1767507
   4 2037          0.3889990     133268.3262066      34305.9135614
   4 2039          0.3772998     133506.1083892      33807.9770457
   4 2041          0.3889990     133290.1968010      34296.8387447
   4 2043          0.3919238     133580.8187197      34456.5756832
   5 2019          0.3977734     130501.2528948      33558.4209976
   5 2021          0.3568262     130014.0056947      31555.7352475
   5 2023          0.3568262     130494.9511252      31688.2903173
   5 2025          0.3772998     130350.2601154      33032.5399678
   5 2027          0.3889990     130393.6222439      33626.2482682
   5 2029          0.3948486     130328.7542214      33855.2040000
   5 2031          0.4270215     130179.2243111      34187.8965761
   5 2033          0.3656006     130121.2031290      32313.6049203
   5 2035          0.4123975     130562.0968173      34029.8878742
   5 2037          0.3831494     130236.2683778      33361.5299972
   5 2039          0.4153223     129997.0100235      33908.7996101
   5 2041          0.3919238     130345.8629747      33698.5664844
   5 2043          0.4153223     130140.9769100      34165.6538851
   6 2019          0.3977734     132943.3858106      34186.4159225
   6 2021          0.3626758     132561.0898069      32746.1440629
   6 2023          0.3743750     132978.8087639      33516.0840552
   6 2025          0.3860742     132724.3488502      34056.1974926
   6 2027          0.3743750     133046.0507749      33572.2085345
   6 2029          0.3860742     133090.5996791      34052.2012322
   6 2031          0.4328711     133082.3906183      34935.3248448
   6 2033          0.3831494     133010.6543724      33968.6639932
   6 2035          0.4094727     132567.2549388      34568.6837153
   6 2037          0.3831494     132856.4881337      33935.0971075
   6 2039          0.3772998     132965.4090526      33405.4918107
   6 2041          0.3772998     132767.3599285      33610.5118201
   6 2043          0.3919238     132649.9359145      34224.0458749
   7 2019          0.3977734     130609.1527291      33586.1674596
   7 2021          0.3568262     130692.4636695      31876.4496044
   7 2023          0.3656006     130588.4395738      32251.4093722
   7 2025          0.4211719     130415.6172500      34063.6719057
   7 2027          0.3860742     130684.4387834      33414.3411820
   7 2029          0.4065479     130334.2806906      33799.6703130
   7 2031          0.3656006     130700.9900298      32436.9646887
   7 2033          0.3772998     130514.4226893      32878.1076363
   7 2035          0.3919238     130625.6225279      33724.6070165
   7 2037          0.3919238     130281.5031885      33348.3504153
   7 2039          0.3626758     130354.1333954      32118.6108406
   7 2041          0.4123975     130536.6496628      33784.0875593
   7 2043          0.3919238     130138.4035401      33622.8771794
   8 2019          0.3977734     130069.6535577      33447.4351493
   8 2021          0.3509766     129719.6933288      30652.7116656
   8 2023          0.3685254     130027.0628527      32035.2099392
   8 2025          0.3948486     130115.8398888      33121.1374697
   8 2027          0.3772998     130136.5814699      33014.3690095
   8 2029          0.3802246     129662.2457130      32996.6570930
   8 2031          0.3948486     129705.1197529      33668.2282567
   8 2033          0.3919238     129906.9072591      33575.8295239
   8 2035          0.4211719     130025.7858261      33870.1863880
   8 2037          0.3772998     129694.1836610      32906.7093320
   8 2039          0.3919238     129966.7683576      33622.8495538
   8 2041          0.3948486     129777.8762975      33702.8054370
   8 2043          0.4006982     129864.5855739      33532.3750231
   9 2019          0.3977734     130799.7757697      33635.1862093
   9 2021          0.3626758     130605.5398829      32202.2544646
   9 2023          0.3802246     130700.3510099      33265.3448996
   9 2025          0.3802246     130578.4258691      33274.2651663
   9 2027          0.3539014     131015.6388637      31559.4590488
   9 2029          0.3772998     130918.9505256      33052.0799524
   9 2031          0.3919238     130367.1253720      33688.9688378
   9 2033          0.3948486     130567.0085018      33799.6025775
   9 2035          0.3919238     130410.2277216      33680.9514516
   9 2037          0.4094727     130901.9825902      33872.9369938
   9 2039          0.3743750     130753.2999968      32907.3259349
   9 2041          0.3919238     130581.0158072      33227.5814614
   9 2043          0.3509766     130818.3680923      31338.6772509
  10 2019          0.3977734     130555.2028120      33572.2942286
  10 2021          0.3568262     130543.8014866      31819.6080672
  10 2023          0.3626758     130399.2343918      32085.4168209
  10 2025          0.4153223     130596.5277415      33970.8547033
  10 2027          0.3860742     130636.2291560      33438.9482458
  10 2029          0.4065479     130270.3909558      33770.7700973
  10 2031          0.3802246     130745.3586428      33191.2517524
  10 2033          0.3860742     130355.4135010      33120.5847897
  10 2035          0.3714502     130512.2059453      32743.8211202
  10 2037          0.3919238     130205.7748668      33632.1140332
  10 2039          0.4006982     130451.2447390      33883.5512667
  10 2041          0.3919238     130654.7429448      33779.0413590
  10 2043          0.4094727     130322.0579900      33832.1299231
  11 2019          0.3977734     128929.5119756      33154.2475333
  11 2021          0.3539014     128892.5515458      30947.6711420
  11 2023          0.3626758     128914.5924180      31667.8462025
  11 2025          0.4123975     128749.2126186      33380.6986909
  11 2027          0.3860742     128779.8011488      33016.9918333
  11 2029          0.3831494     128617.7466350      32858.7364655
  11 2031          0.3977734     128908.0869669      33073.4374217
  11 2033          0.3831494     128593.7063667      32896.1388271
  11 2035          0.3860742     128693.0472170      33006.5248843
  11 2037          0.3860742     129041.3298576      33059.5214042
  11 2039          0.3860742     129050.0793242      32983.1403674
  11 2041          0.3889990     128645.8101477      33133.8015308
  11 2043          0.4065479     128773.5685735      33498.2902551
