FL 2019 2020 2021 2022 2023 2024 2025 2026 2027 2028 2029 2030 2031 2032 2033 2034 2035 2036 2037 2038 2039 2040 2041 2042 2043 2044 2045
 1  0.7288134  0.6829873  0.6671545  0.6665074  0.6875855  0.7184483  0.7068642  0.7015810  0.6998246  0.7010078  0.7053036  0.7033217  0.7023689  0.6949834  0.6901451  0.6943649  0.6932509  0.6747825  0.6663653  0.6839193  0.7053394  0.7105129  0.7098838  0.7119782  0.7186984  0.7110331  0.6994433
 2  0.5725724  0.5324563  0.5400449  0.5522388  0.5979958  0.6166542  0.6081324  0.5791742  0.5350059  0.5014758  0.4983757  0.5321394  0.5504938  0.5437474  0.5320607  0.5449555  0.5573382  0.5407387  0.5331010  0.5671338  0.5955699  0.6029650  0.5923433  0.5860334  0.5853887  0.5778513  0.5517663
 3  0.7521145  0.7094340  0.6930352  0.6897178  0.7041675  0.7418632  0.7303651  0.7208619  0.7160361  0.7154214  0.7190527  0.7191169  0.7202674  0.7130383  0.7065054  0.7104715  0.7122981  0.6950817  0.6835734  0.7003075  0.7255661  0.7315703  0.7300538  0.7294959  0.7377851  0.7307480  0.7176287
 4  0.4566311  0.4437178  0.4685025  0.4697622  0.5364884  0.5538504  0.5086825  0.4378726  0.3841433  0.3697858  0.4064279  0.4570257  0.4621169  0.4299126  0.4255576  0.4702085  0.4805884  0.4355657  0.4423506  0.5090186  0.5299979  0.5187968  0.4859468  0.4930284  0.5046334  0.4763464  0.4280051
 1  0.7290193  0.6838820  0.6679104  0.6674499  0.6672040  0.6762974  0.6964769  0.7005461  0.6986963  0.7037629  0.7026095  0.7013845  0.6922731  0.6794470  0.6923203  0.6991220  0.6959006  0.7094436  0.7052212  0.7047573  0.6940634  0.6826029  0.6818686  0.6630694  0.6445515  0.6445690  0.6722191
 2  0.5731135  0.5329778  0.5397560  0.5534371  0.5516548  0.5613922  0.5764957  0.5776802  0.5709621  0.5705465  0.5649952  0.5565058  0.5461720  0.5412422  0.5531674  0.5568777  0.5734642  0.5932337  0.5943634  0.5757404  0.5385599  0.5218129  0.5247506  0.5141203  0.5030573  0.5305883  0.5646515
 3  0.7523618  0.7102255  0.6936404  0.6903985  0.6876366  0.6937150  0.7152031  0.7201537  0.7166586  0.7220729  0.7214713  0.7185674  0.7098189  0.6972593  0.7094384  0.7170740  0.7119503  0.7300257  0.7269062  0.7232270  0.7110129  0.6990596  0.6991658  0.6819687  0.6614353  0.6607445  0.6908938
 4  0.4573780  0.4432885  0.4673769  0.4727838  0.4585896  0.4838400  0.5025058  0.4839604  0.4768061  0.4844996  0.4641334  0.4550283  0.4541005  0.4539544  0.4684100  0.4582151  0.5043478  0.5294284  0.4970658  0.4488152  0.4185634  0.4310182  0.4409098  0.4118884  0.4181314  0.4755130  0.4984337
 1  0.7283085  0.6841639  0.6668469  0.6700146  0.6862303  0.6908928  0.6832073  0.6858947  0.6923126  0.6908820  0.6899307  0.6927606  0.6896651  0.6796267  0.6822193  0.6963480  0.6859167  0.6838039  0.6859835  0.6907734  0.6839578  0.6746795  0.6746060  0.6831549  0.6990826  0.6990469  0.6943480
 2  0.5726575  0.5332084  0.5389266  0.5663173  0.5807831  0.5773006  0.5533718  0.5489945  0.5574712  0.5540677  0.5441868  0.5423663  0.5555577  0.5593231  0.5673681  0.5703192  0.5619366  0.5594700  0.5646820  0.5654483  0.5500426  0.5297219  0.5282610  0.5653800  0.5941996  0.5965676  0.5801728
 3  0.7516802  0.7103537  0.6925663  0.6918398  0.7074609  0.7112885  0.7012282  0.7029608  0.7106664  0.7095284  0.7076177  0.7089410  0.7068947  0.7002103  0.7011796  0.7148731  0.7046899  0.7025169  0.7050198  0.7096880  0.7029351  0.6923301  0.6908493  0.6999792  0.7196040  0.7214130  0.7151037
 4  0.4573648  0.4429854  0.4670795  0.4985606  0.5037092  0.4745572  0.4473794  0.4673697  0.4755731  0.4568345  0.4328785  0.4498045  0.4885927  0.4814891  0.4796410  0.4808945  0.4763941  0.4799796  0.4817550  0.4760793  0.4472744  0.4211915  0.4470047  0.5079669  0.5314849  0.5141255  0.4648970
 1  0.7292546  0.6839832  0.6692190  0.6700446  0.6763392  0.6851307  0.6887668  0.6978790  0.7073840  0.7193155  0.7176556  0.7163298  0.7198080  0.7157811  0.7178141  0.7204315  0.7215989  0.7245974  0.7160990  0.7120046  0.7106775  0.7142355  0.7021973  0.6923226  0.6890468  0.6897053  0.6776201
 2  0.5718989  0.5325022  0.5405054  0.5568483  0.5626000  0.5596982  0.5544686  0.5579521  0.5805445  0.5981363  0.5979601  0.5889796  0.5763065  0.5629935  0.5488933  0.5407023  0.5445115  0.5506164  0.5540241  0.5543339  0.5700815  0.5823967  0.5712477  0.5442101  0.5175373  0.5143736  0.5183871
 3  0.7524902  0.7105481  0.6950426  0.6927475  0.6965635  0.7039732  0.7059848  0.7151338  0.7246627  0.7391085  0.7384567  0.7345129  0.7375564  0.7334110  0.7336340  0.7357280  0.7366350  0.7406735  0.7329277  0.7289381  0.7277818  0.7337391  0.7223692  0.7102748  0.7049744  0.7050787  0.6942635
 4  0.4556608  0.4436466  0.4674363  0.4777620  0.4746582  0.4599276  0.4606207  0.4732130  0.5082278  0.5255500  0.5015216  0.4812885  0.4756027  0.4492216  0.4281481  0.4229348  0.4452884  0.4545175  0.4530063  0.4584756  0.4934675  0.5039747  0.4649201  0.4128743  0.3978911  0.4213963  0.4389533
 1  0.7307392  0.6864747  0.6696196  0.6700725  0.6842598  0.7020992  0.6985016  0.7028195  0.6889384  0.6835101  0.6580800  0.6137666  0.6135974  0.6715711  0.6782996  0.6891843  0.6730811  0.6600922  0.6699889  0.6964029  0.6829008  0.6704354  0.6698482  0.6691401  0.6241683  0.5759343  0.6581190
 2  0.5709265  0.5324007  0.5400226  0.5591914  0.5819002  0.5923717  0.5868374  0.5776113  0.5625990  0.5556027  0.5257618  0.4752522  0.5384408  0.5913824  0.5989698  0.5879632  0.5472044  0.5095981  0.5417845  0.5818971  0.5759182  0.5486189  0.5259735  0.5117985  0.4842547  0.5273638  0.5865667
 3  0.7534590  0.7126204  0.6953815  0.6926429  0.7037107  0.7227350  0.7185452  0.7219711  0.7077851  0.7028825  0.6789652  0.6321596  0.6229967  0.6945798  0.7020213  0.7099025  0.6924617  0.6775181  0.6840626  0.7165556  0.7054343  0.6898158  0.6871536  0.6861658  0.6411152  0.5860594  0.6768708
 4  0.4540021  0.4430379  0.4678231  0.4837169  0.5103025  0.5134935  0.4960186  0.4814762  0.4751643  0.4730118  0.4189300  0.3766118  0.5042836  0.5408742  0.5156649  0.4820587  0.4323324  0.3974053  0.4870589  0.5236112  0.4815375  0.4319059  0.4206576  0.4106010  0.4119786  0.4962155  0.5331275
 1  0.7296156  0.6865135  0.6678189  0.6673749  0.6744647  0.6820166  0.6813994  0.6914215  0.7049625  0.7066868  0.6988449  0.6948533  0.6824741  0.6792989  0.6874198  0.6910759  0.6793259  0.6702029  0.6830023  0.6937728  0.6991000  0.7112165  0.7138646  0.7066114  0.6963209  0.6989537  0.7070889
 2  0.5721350  0.5333712  0.5390304  0.5573284  0.5652254  0.5612934  0.5473766  0.5584925  0.5837788  0.5901368  0.5742551  0.5447611  0.5179471  0.5321918  0.5557979  0.5615565  0.5408487  0.5181920  0.5310466  0.5495897  0.5688348  0.5918203  0.5969076  0.5831611  0.5571823  0.5634070  0.5758117
 3  0.7525046  0.7124216  0.6935290  0.6900687  0.6950287  0.7015048  0.6990536  0.7076871  0.7237847  0.7276828  0.7189653  0.7121403  0.6977521  0.6955887  0.7053907  0.7099561  0.6981306  0.6869813  0.6986739  0.7111604  0.7164582  0.7297193  0.7350712  0.7267138  0.7135324  0.7161965  0.7263003
 4  0.4555682  0.4427927  0.4676856  0.4825396  0.4818355  0.4608683  0.4449188  0.4857623  0.5174711  0.5069853  0.4574707  0.4081379  0.4235412  0.4649486  0.4804328  0.4688690  0.4273981  0.4127434  0.4527141  0.4700447  0.4910682  0.5215702  0.5148645  0.4676534  0.4515010  0.4907149  0.4951987
 1  0.7282820  0.6802620  0.6618466  0.6651209  0.6806708  0.6866366  0.6785321  0.6792687  0.6900776  0.6970032  0.6922592  0.6962395  0.7128839  0.7121881  0.7101522  0.7112360  0.7085621  0.7027437  0.7002551  0.7150229  0.7098420  0.7099534  0.7041572  0.6989384  0.6962728  0.6962514  0.6872038
 2  0.5697585  0.5310939  0.5383342  0.5620244  0.5730508  0.5661297  0.5333168  0.5132044  0.5176718  0.5232678  0.5270315  0.5620767  0.5948441  0.6019092  0.5910432  0.5708439  0.5452771  0.5255577  0.5688798  0.6053935  0.6116318  0.6031440  0.5832297  0.5641252  0.5420757  0.5229958  0.5005206
 3  0.7517544  0.7072754  0.6880658  0.6874778  0.7017230  0.7062681  0.6957956  0.6949111  0.7054878  0.7127185  0.7081983  0.7117476  0.7327083  0.7337899  0.7302145  0.7287184  0.7249530  0.7190879  0.7146001  0.7372165  0.7332056  0.7305166  0.7235850  0.7179662  0.7136227  0.7121922  0.7026670
 4  0.4555172  0.4446611  0.4680901  0.4915676  0.4893745  0.4544983  0.4099801  0.4074864  0.4219512  0.4226094  0.4300253  0.5002179  0.5316247  0.5179037  0.4792289  0.4470061  0.4309602  0.4127247  0.5129419  0.5487714  0.5284536  0.5032783  0.4867948  0.4583797  0.4221809  0.3984663  0.3825865
 1  0.7315684  0.6872715  0.6726267  0.6713477  0.6750790  0.6850253  0.6944721  0.7104418  0.7024968  0.7018939  0.7000597  0.6998718  0.6921615  0.6836626  0.6863394  0.6859784  0.6857860  0.7049791  0.6929064  0.6869983  0.6810987  0.6675569  0.6579983  0.6500439  0.6623921  0.6740381  0.6967752
 2  0.5697771  0.5318252  0.5424432  0.5546414  0.5528739  0.5451986  0.5640881  0.5901463  0.5964600  0.5940029  0.5855912  0.5683332  0.5357882  0.5096608  0.5046181  0.5162381  0.5839007  0.6115075  0.6040418  0.5810006  0.5498327  0.5220759  0.4964904  0.5008382  0.5321301  0.5635592  0.5937279
 3  0.7537993  0.7131676  0.6983962  0.6946340  0.6953120  0.7022600  0.7097175  0.7301107  0.7238193  0.7230999  0.7207644  0.7186874  0.7095094  0.6997924  0.7017339  0.7017698  0.6996465  0.7297786  0.7180201  0.7071395  0.6993537  0.6864674  0.6750996  0.6659542  0.6790920  0.6916130  0.7160383
 4  0.4515532  0.4434329  0.4710744  0.4702281  0.4464168  0.4346081  0.4978414  0.5270086  0.5199369  0.5118891  0.4888992  0.4535290  0.4116943  0.3938897  0.4041092  0.4294586  0.5348183  0.5559684  0.5104774  0.4646331  0.4506011  0.4161649  0.3883694  0.4257377  0.4668099  0.5007435  0.5278850
 1  0.7286303  0.6828830  0.6646792  0.6632267  0.6623412  0.6746104  0.6836882  0.6929204  0.7115675  0.7178485  0.7137544  0.7104181  0.7087030  0.7103074  0.7101132  0.7057780  0.7066325  0.7095733  0.7116414  0.6981073  0.7029130  0.7103073  0.7036195  0.7117691  0.7304991  0.7198235  0.7115237
 2  0.5686480  0.5316152  0.5387665  0.5506109  0.5516060  0.5574998  0.5624640  0.5776284  0.5993929  0.6077062  0.5973623  0.5750562  0.5459390  0.5271837  0.5161120  0.5043730  0.5019585  0.5276140  0.5560389  0.5615734  0.5714805  0.5776104  0.5680007  0.6025933  0.6228879  0.6213632  0.5972205
 3  0.7517398  0.7093301  0.6906211  0.6865311  0.6824742  0.6929890  0.7023181  0.7107259  0.7311041  0.7391379  0.7345326  0.7288904  0.7249069  0.7256182  0.7253485  0.7204827  0.7207838  0.7236725  0.7289144  0.7170643  0.7204870  0.7289426  0.7226137  0.7272487  0.7545299  0.7438849  0.7319022
 4  0.4547156  0.4436557  0.4680336  0.4691397  0.4648191  0.4758721  0.4800894  0.5054232  0.5304261  0.5279476  0.4949019  0.4471643  0.4177628  0.4120507  0.3937998  0.3752578  0.3810214  0.4509954  0.4823807  0.4703639  0.4849654  0.4918927  0.4645176  0.5400708  0.5623338  0.5310247  0.4651398
 1  0.7290541  0.6817587  0.6640303  0.6712071  0.6926849  0.6921982  0.6856462  0.6867823  0.6992546  0.7040156  0.7012180  0.6949054  0.6939386  0.6988428  0.7108382  0.7102597  0.7124280  0.7096513  0.7025915  0.6989832  0.6960007  0.6965273  0.6929887  0.6719086  0.6677996  0.6799848  0.6819350
 2  0.5720311  0.5322537  0.5395341  0.5752952  0.5906850  0.5830067  0.5449979  0.5151799  0.5201572  0.5374092  0.5585474  0.5627380  0.5566920  0.5630100  0.5835540  0.5967100  0.5995579  0.5906529  0.5637390  0.5277656  0.4995183  0.5023437  0.5271507  0.5341459  0.5605610  0.5782322  0.5767144
 3  0.7524456  0.7084427  0.6901495  0.6924584  0.7149743  0.7134463  0.7033669  0.7017030  0.7142696  0.7198188  0.7185318  0.7140899  0.7125689  0.7149930  0.7293875  0.7305896  0.7333399  0.7300604  0.7211454  0.7153256  0.7106200  0.7106972  0.7095374  0.6908522  0.6852098  0.7008834  0.7035068
 4  0.4569095  0.4447763  0.4695570  0.5124309  0.5167621  0.4705721  0.3998659  0.4014613  0.4302241  0.4561756  0.4806340  0.4760749  0.4480104  0.4807024  0.5158845  0.5227284  0.5164468  0.4877675  0.4367477  0.3853283  0.3711856  0.4144527  0.4506632  0.4560549  0.4990604  0.5133987  0.4791019
 1  0.7304056  0.6862663  0.6701267  0.6701372  0.6798019  0.6926487  0.6884003  0.6930695  0.6903193  0.6902790  0.6995375  0.7062057  0.7132141  0.7020496  0.6952637  0.6959664  0.6948539  0.6954389  0.7010663  0.6973976  0.6990558  0.7010197  0.7028203  0.7032888  0.6885317  0.6770981  0.6791447
 2  0.5719358  0.5325228  0.5397874  0.5565621  0.5679291  0.5714460  0.5674800  0.5679774  0.5574760  0.5414434  0.5392457  0.5683680  0.5921193  0.5931432  0.5823084  0.5712216  0.5573854  0.5472479  0.5488607  0.5441863  0.5362076  0.5315119  0.5388500  0.5469553  0.5397918  0.5283333  0.5410281
 3  0.7532408  0.7124399  0.6958026  0.6927820  0.6997629  0.7116262  0.7063654  0.7121771  0.7097552  0.7068103  0.7155757  0.7223154  0.7332419  0.7240445  0.7154174  0.7152247  0.7135473  0.7121251  0.7181542  0.7150418  0.7155449  0.7168053  0.7185444  0.7206949  0.7068032  0.6942860  0.6960149
 4  0.4545313  0.4425846  0.4667886  0.4782832  0.4840079  0.4791700  0.4855953  0.4864560  0.4451602  0.4280430  0.4450330  0.5013590  0.5276751  0.5087481  0.4880664  0.4766986  0.4494179  0.4484363  0.4571210  0.4408389  0.4222009  0.4235417  0.4516144  0.4594872  0.4368894  0.4324464  0.4660545
