FL 2019 2020 2021 2022 2023 2024 2025 2026 2027 2028 2029 2030 2031 2032 2033 2034 2035 2036 2037 2038 2039 2040 2041 2042 2043 2044 2045
 1  0.1254765  0.0537101  0.0364590  0.0521445  0.0431880  0.0909772  0.0969856  0.1205208  0.1114374  0.1531537  0.1781291  0.1086535  0.1051924  0.1510771  0.1439000  0.2455275  0.2966335  0.1891205  0.1970302  0.0645913  0.0526279  0.0609879  0.0660208  0.1027780  0.0906864  0.1868790  0.1962977
 2  0.0238751  0.0086047  0.0057762  0.0088383  0.0080658  0.0181332  0.0171587  0.0214079  0.0216389  0.0323553  0.0373870  0.0219172  0.0219274  0.0294974  0.0274960  0.0499554  0.0616731  0.0367740  0.0349034  0.0109440  0.0096855  0.0124400  0.0129438  0.0190953  0.0173502  0.0363503  0.0351307
 3  0.1162273  0.0499778  0.0331525  0.0476444  0.0436925  0.2395730  0.2475691  0.0442145  0.0520437  0.1058909  0.0870185  0.0523989  0.0420475  0.0641711  0.0458279  0.0524879  0.0529946  0.1469527  0.1422545  0.0512078  0.0487840  0.1929712  0.1672526  0.0568700  0.0520924  0.1118308  0.1043967
 4  0.0444602  0.0541531  0.0453653  0.0451667  0.0417101  0.0338371  0.0309130  0.0457077  0.0424253  0.0407393  0.0373363  0.0451311  0.0410128  0.0542547  0.0407815  0.0424660  0.0413954  0.0453115  0.0406292  0.0471512  0.0391586  0.0376954  0.0401574  0.0510523  0.0443327  0.0521137  0.0427011
 1  0.1254447  0.0530791  0.0357442  0.0787803  0.0673338  0.1062890  0.1043033  0.1148500  0.1347157  0.1173256  0.1008465  0.0450548  0.0419628  0.0506990  0.0451792  0.0509895  0.0567100  0.0853666  0.0908836  0.2005724  0.2408607  0.2087187  0.1992246  0.1113145  0.0843523  0.1189774  0.1060897
 2  0.0238456  0.0084980  0.0056704  0.0131717  0.0117094  0.0202044  0.0212258  0.0245930  0.0286113  0.0217472  0.0188870  0.0085693  0.0075051  0.0094230  0.0090282  0.0109533  0.0127505  0.0199178  0.0193105  0.0405810  0.0460843  0.0378726  0.0330747  0.0175202  0.0132023  0.0205001  0.0189074
 3  0.1162137  0.0447437  0.0407086  0.1432685  0.1353056  0.0433612  0.0540766  0.2032697  0.2331470  0.0440611  0.0471668  0.1756864  0.1797538  0.0466460  0.0512635  0.2075859  0.2224596  0.0503349  0.0507723  0.2291443  0.2206636  0.0452052  0.0437148  0.1393484  0.1364668  0.0453408  0.0479067
 4  0.0443576  0.0469633  0.0468966  0.0404896  0.0377717  0.0359122  0.0412147  0.0212859  0.0278782  0.0442179  0.0425548  0.0378604  0.0377451  0.0385273  0.0417049  0.0091640  0.0087809  0.0405430  0.0465661  0.0252552  0.0233486  0.0470400  0.0476674  0.0490458  0.0450546  0.0493150  0.0475996
 1  0.1278873  0.0770175  0.0527233  0.0692641  0.0482642  0.1983510  0.1575778  0.1493191  0.1588013  0.1451335  0.1601430  0.2056928  0.2264413  0.1000306  0.0950602  0.2069148  0.2930482  0.1949552  0.1290921  0.1094381  0.1059057  0.2501726  0.2897780  0.1735655  0.1711542  0.1410192  0.1546847
 2  0.0247547  0.0124165  0.0083101  0.0105663  0.0081108  0.0317388  0.0270313  0.0287873  0.0330054  0.0318297  0.0351816  0.0436838  0.0426554  0.0186583  0.0191929  0.0453655  0.0623292  0.0295306  0.0192447  0.0186465  0.0203345  0.0513370  0.0573679  0.0319898  0.0316758  0.0282095  0.0333875
 3  0.1181554  0.0503700  0.0406031  0.0398489  0.0471308  0.0510541  0.0426679  0.0513233  0.0555001  0.0532964  0.0523975  0.0806250  0.0795428  0.0497163  0.0487916  0.2250339  0.2378143  0.0433854  0.0360704  0.1271174  0.1234553  0.0528811  0.0500888  0.1297076  0.1214812  0.0426229  0.0602084
 4  0.0465951  0.0468171  0.0525284  0.0455669  0.0564345  0.0497345  0.0433746  0.0420598  0.0432789  0.0417506  0.0420823  0.0412994  0.0379893  0.0443053  0.0379966  0.0130990  0.0259493  0.0530256  0.0453079  0.0338074  0.0329419  0.0418288  0.0430060  0.0379408  0.0294628  0.0346013  0.0377142
 1  0.1288192  0.0243211  0.0159237  0.0831670  0.0772450  0.0862100  0.0668617  0.0553260  0.0407545  0.0659535  0.0667370  0.0646597  0.0736082  0.0634210  0.0501221  0.0661068  0.0628077  0.1547852  0.1995832  0.1790763  0.2585260  0.2696387  0.3327093  0.1236788  0.0722870  0.1189464  0.1191919
 2  0.0246201  0.0038663  0.0025220  0.0148356  0.0148192  0.0174422  0.0081649  0.0082137  0.0073397  0.0134214  0.0154453  0.0167947  0.0208728  0.0129933  0.0089776  0.0124517  0.0131749  0.0374788  0.0550338  0.0533883  0.0752327  0.0664427  0.0653459  0.0170362  0.0111346  0.0215009  0.0217415
 3  0.1191925  0.0447200  0.0419444  0.0642151  0.0644818  0.0512981  0.0459472  0.0317940  0.0459775  0.0562076  0.0537412  0.0567061  0.0579794  0.1058813  0.0955920  0.0480992  0.0520353  0.0563909  0.0588432  0.0657976  0.0543274  0.0535474  0.0506330  0.0472383  0.0376420  0.1059781  0.1030422
 4  0.0459275  0.0495455  0.0428640  0.0388122  0.0365789  0.0824784  0.0596811  0.0468411  0.0420900  0.0424310  0.0402626  0.0386776  0.0572624  0.0541783  0.0384963  0.0433693  0.0389409  0.0368713  0.0363513  0.0381485  0.0376249  0.0447615  0.0642077  0.0496519  0.0423168  0.0385811  0.0427336
 1  0.1248385  0.0459876  0.0307218  0.0552054  0.0462886  0.1246313  0.0767606  0.2551654  0.2766606  0.4000412  0.3979000  0.1369475  0.1166072  0.1744405  0.1989418  0.2552162  0.3625972  0.2711531  0.3640873  0.0917190  0.0529690  0.1683272  0.1743333  0.2967471  0.2968624  0.1309895  0.1255544
 2  0.0237493  0.0073569  0.0048700  0.0094655  0.0086024  0.0180456  0.0120672  0.0451573  0.0541463  0.0716845  0.0597383  0.0217183  0.0208719  0.0350481  0.0442783  0.0623307  0.0864301  0.0581413  0.0582679  0.0117167  0.0080606  0.0296152  0.0334095  0.0551800  0.0494489  0.0227371  0.0245082
 3  0.1157048  0.0423649  0.0401278  0.0466560  0.0466061  0.0986700  0.0732217  0.0466758  0.0529836  0.0510974  0.0408705  0.0364720  0.0496251  0.0553865  0.0529760  0.0527249  0.0583861  0.2291998  0.2931479  0.0293056  0.0382893  0.1172832  0.1196328  0.0529685  0.0446215  0.0866271  0.0972510
 4  0.0442984  0.0463689  0.0453615  0.0414989  0.0585035  0.0531124  0.0399047  0.0397172  0.0478301  0.0551875  0.0535387  0.0452303  0.0453781  0.0431063  0.0376541  0.0375749  0.0394819  0.0293087  0.0462360  0.0533329  0.0434573  0.0327517  0.0387371  0.0502986  0.0497647  0.0338572  0.0308211
 1  0.1109460  0.0858735  0.0613654  0.1064879  0.0762231  0.1555504  0.1415802  0.1548049  0.1606173  0.1550083  0.1652487  0.0729679  0.0804470  0.1476048  0.1492695  0.1471482  0.1821722  0.1058567  0.0601858  0.0802221  0.0738458  0.1787096  0.2267631  0.2665912  0.3792605  0.0845414  0.0721641
 2  0.0215407  0.0142182  0.0098922  0.0164467  0.0124808  0.0271514  0.0262032  0.0306101  0.0323381  0.0320966  0.0344608  0.0153169  0.0171587  0.0300956  0.0307956  0.0315475  0.0378314  0.0150601  0.0088363  0.0138447  0.0148347  0.0415440  0.0577256  0.0679799  0.0877296  0.0164548  0.0118051
 3  0.1025202  0.0481612  0.0302648  0.0446284  0.0402668  0.0442618  0.0508034  0.0553784  0.0536719  0.0523420  0.0538788  0.2124783  0.2195077  0.0505071  0.0461527  0.1980163  0.2263980  0.0487171  0.0361633  0.0434784  0.0538756  0.0598677  0.0582657  0.0845583  0.0858600  0.0463130  0.0443464
 4  0.0405097  0.0475750  0.0474087  0.0497268  0.0463930  0.0457115  0.0453588  0.0467859  0.0400699  0.0421615  0.0433641  0.0125596  0.0134091  0.0389332  0.0388089  0.0189878  0.0419638  0.0577223  0.0479240  0.0428610  0.0377751  0.0373272  0.0386381  0.0343599  0.0348592  0.0525160  0.0472852
 1  0.1265341  0.0907328  0.0619503  0.0469057  0.0379984  0.0570987  0.0539145  0.0925121  0.0985997  0.0937416  0.0891538  0.1281919  0.1142190  0.0653932  0.0561714  0.1824484  0.2031934  0.1566771  0.1754443  0.1086231  0.1038935  0.0608352  0.0534352  0.1258267  0.1595403  0.1111063  0.1269731
 2  0.0240649  0.0144453  0.0097153  0.0079048  0.0067064  0.0105463  0.0107411  0.0203632  0.0196723  0.0182505  0.0177622  0.0245530  0.0200291  0.0117928  0.0110102  0.0378483  0.0440620  0.0353528  0.0362003  0.0208266  0.0172576  0.0105472  0.0105619  0.0285620  0.0399954  0.0283369  0.0292447
 3  0.1171771  0.0423120  0.0385637  0.0435509  0.0432030  0.1679934  0.1614520  0.0557464  0.0543193  0.0941052  0.0927851  0.0507845  0.0443560  0.0419499  0.0516700  0.0576639  0.0494659  0.0514699  0.0550296  0.2214753  0.2097475  0.0426231  0.0491922  0.1424757  0.1505903  0.0530155  0.0582624
 4  0.0445246  0.0460985  0.0421761  0.0494825  0.0402318  0.0317547  0.0264390  0.0448326  0.0489364  0.0395313  0.0397763  0.0476036  0.0458970  0.0411149  0.0449993  0.0448610  0.0405508  0.0435998  0.0463184  0.0151780  0.0123228  0.0427839  0.0378784  0.0116263  0.0125664  0.0380904  0.0452969
 1  0.1297867  0.0147419  0.0095995  0.0185628  0.0140689  0.0638301  0.0505937  0.2550066  0.3225882  0.1717381  0.1837871  0.2593170  0.3336736  0.1453706  0.1592269  0.0623627  0.0444230  0.1774610  0.1216064  0.2693814  0.3393380  0.3301017  0.4487155  0.1079983  0.0905687  0.1053822  0.0840924
 2  0.0252255  0.0023679  0.0015281  0.0033284  0.0019547  0.0101319  0.0092987  0.0527779  0.0689440  0.0354618  0.0400482  0.0571103  0.0723004  0.0309573  0.0241596  0.0093216  0.0073345  0.0260880  0.0199531  0.0516701  0.0735865  0.0736474  0.0879789  0.0179003  0.0156007  0.0176461  0.0146065
 3  0.1198957  0.0360658  0.0380545  0.0432171  0.0501206  0.0693202  0.0745378  0.0582245  0.0589907  0.0512125  0.0498236  0.0518260  0.0517175  0.1913751  0.2486783  0.0322955  0.0426526  0.0518568  0.0409477  0.0504994  0.0534833  0.0539293  0.0527956  0.1339620  0.1402751  0.0502092  0.0502826
 4  0.0477583  0.0494653  0.0411794  0.0574721  0.0541890  0.0403653  0.0375713  0.0451784  0.0437942  0.0425612  0.0369837  0.0397997  0.0403332  0.0385727  0.0386549  0.0465645  0.0568658  0.0561413  0.0450763  0.0399853  0.0397214  0.0415319  0.0456511  0.0381688  0.0417526  0.0488518  0.0464025
 1  0.1223116  0.0850998  0.0587167  0.1534417  0.1284699  0.1648375  0.1676033  0.0547647  0.0545969  0.0904227  0.0928061  0.1030088  0.1057168  0.0758633  0.0616923  0.0734732  0.0674607  0.0753065  0.0702219  0.1012216  0.1147218  0.1120159  0.1098257  0.0998956  0.0942943  0.0806600  0.0729913
 2  0.0236805  0.0138226  0.0093279  0.0252345  0.0224486  0.0312537  0.0325023  0.0111792  0.0118837  0.0199131  0.0203092  0.0220328  0.0202299  0.0134016  0.0110241  0.0140434  0.0126214  0.0145897  0.0149409  0.0225037  0.0247892  0.0231333  0.0218235  0.0187599  0.0180013  0.0154367  0.0141375
 3  0.1129846  0.0352922  0.0373894  0.0416641  0.0456751  0.0472029  0.0530568  0.0779353  0.0779607  0.0611796  0.0518541  0.1259046  0.1280379  0.0507925  0.0491343  0.0676516  0.0659371  0.0501894  0.0511834  0.1687992  0.1804212  0.0521464  0.0550391  0.1633628  0.1558523  0.0480499  0.0498460
 4  0.0446547  0.0458714  0.0444733  0.0421887  0.0448249  0.0393651  0.0398123  0.0366949  0.0337126  0.0421173  0.0383257  0.0438324  0.0434558  0.0523687  0.0449971  0.0421047  0.0426837  0.0431362  0.0425556  0.0225201  0.0230419  0.0452323  0.0487666  0.0273893  0.0251354  0.0423567  0.0455810
 1  0.1207744  0.0938964  0.0663943  0.0682626  0.0629205  0.0612950  0.0624733  0.0726121  0.0832883  0.0821203  0.0700897  0.0762987  0.0735876  0.0988946  0.0850733  0.1032396  0.1200330  0.1446868  0.1394408  0.0875376  0.0730432  0.2169789  0.2193532  0.1595897  0.1815406  0.1389640  0.1129050
 2  0.0233681  0.0153227  0.0105072  0.0119765  0.0120122  0.0127038  0.0141873  0.0173571  0.0178419  0.0155011  0.0129784  0.0146647  0.0149535  0.0188193  0.0167810  0.0217141  0.0246325  0.0282873  0.0266278  0.0151726  0.0124461  0.0387685  0.0422971  0.0328803  0.0287426  0.0215844  0.0201035
 3  0.1116213  0.0548999  0.0417186  0.1039530  0.1082808  0.0564670  0.0515640  0.1608448  0.1825478  0.0414190  0.0449954  0.1001260  0.1030480  0.0529458  0.0487705  0.2087337  0.2219965  0.0476500  0.0511278  0.1793509  0.1840782  0.0457084  0.0501927  0.2255458  0.2826122  0.0361256  0.0480062
 4  0.0441728  0.0517429  0.0412723  0.0333953  0.0348801  0.0383309  0.0360063  0.0280354  0.0367391  0.0433426  0.0414664  0.0337049  0.0418060  0.0406362  0.0386466  0.0199569  0.0267251  0.0415515  0.0480578  0.0436672  0.0381977  0.0403699  0.0404726  0.0246317  0.0244025  0.0437648  0.0391289
 1  0.1220670  0.0351462  0.0236660  0.0432731  0.0343852  0.0779180  0.0840028  0.1602786  0.1866739  0.1051821  0.1077722  0.0901657  0.0772896  0.1551168  0.1531058  0.1493613  0.1528359  0.1320615  0.1524726  0.0732554  0.0551093  0.1249390  0.1102016  0.1429282  0.1586900  0.2561794  0.3551760
 2  0.0232303  0.0056849  0.0038039  0.0074079  0.0059294  0.0149081  0.0174552  0.0354871  0.0407918  0.0220322  0.0197458  0.0161902  0.0135707  0.0281891  0.0290305  0.0290681  0.0317518  0.0281769  0.0284568  0.0120411  0.0092144  0.0217696  0.0207886  0.0294788  0.0351166  0.0600961  0.0863099
 3  0.1130934  0.0397111  0.0355674  0.0420409  0.0466227  0.2173663  0.2075919  0.0584302  0.0557424  0.1439424  0.1314289  0.0425011  0.0534592  0.1308564  0.1369299  0.0567825  0.0504663  0.2233965  0.2733734  0.0387321  0.0473813  0.0520492  0.0489745  0.0882745  0.0970950  0.0562218  0.0608030
 4  0.0433681  0.0469539  0.0457416  0.0422798  0.0448174  0.0173430  0.0174325  0.0393259  0.0407891  0.0415609  0.0379619  0.0448134  0.0448930  0.0383824  0.0390150  0.0423499  0.0392941  0.0179741  0.0232800  0.0478789  0.0491244  0.0450666  0.0410815  0.0334676  0.0379052  0.0368607  0.0385735
 1  0.1248421  0.0642769  0.0436087  0.0827608  0.0742941  0.1226831  0.1313372  0.1625958  0.1405228  0.1524885  0.1527340  0.1209101  0.0960782  0.1173140  0.1185797  0.1558210  0.1630153  0.1884222  0.1815184  0.1015505  0.0932455  0.1386644  0.1683598  0.2210062  0.2698357  0.1950455  0.2033044
 2  0.0236711  0.0103043  0.0069186  0.0144482  0.0146170  0.0249101  0.0262176  0.0293452  0.0240950  0.0276105  0.0272325  0.0202656  0.0170586  0.0229343  0.0231340  0.0313650  0.0351912  0.0381778  0.0320058  0.0181855  0.0185600  0.0312078  0.0403450  0.0524350  0.0606515  0.0378727  0.0357535
 3  0.1157002  0.0427471  0.0339843  0.0421339  0.0432283  0.1701513  0.1803423  0.0521737  0.0411311  0.1357802  0.1292628  0.0445738  0.0461189  0.0682514  0.0702467  0.0489900  0.0556225  0.0547541  0.0440033  0.0696181  0.0735164  0.0638264  0.0607233  0.0545608  0.0524509  0.1772354  0.1924245
 4  0.0439966  0.0448149  0.0399199  0.0408119  0.0374697  0.0328773  0.0388143  0.0509012  0.0432930  0.0407140  0.0432429  0.0444510  0.0479109  0.0414842  0.0429963  0.0408213  0.0440473  0.0523722  0.0455742  0.0368656  0.0366757  0.0418010  0.0411651  0.0382284  0.0482749  0.0393541  0.0492496
 1  0.1245411  0.0728744  0.0498871  0.0480453  0.0409039  0.0578390  0.0465245  0.0390492  0.0408610  0.0967989  0.0925741  0.1901074  0.2629310  0.3455313  0.3483203  0.0810303  0.0591843  0.2328325  0.2606815  0.1002980  0.0838776  0.1284974  0.1369503  0.2642834  0.3018750  0.3100166  0.3793069
 2  0.0237521  0.0117164  0.0078753  0.0084096  0.0071143  0.0100350  0.0088458  0.0083714  0.0080271  0.0189449  0.0196715  0.0434399  0.0625020  0.0731934  0.0434938  0.0116250  0.0101565  0.0460533  0.0447720  0.0170242  0.0158029  0.0263764  0.0288320  0.0549447  0.0623528  0.0622436  0.0706941
 3  0.1153379  0.0472119  0.0397144  0.0633236  0.0611151  0.0446442  0.0468061  0.1418362  0.1516566  0.0480019  0.0504821  0.1669788  0.1967305  0.0531703  0.0407817  0.0310639  0.0467560  0.0537581  0.0535764  0.0407238  0.0499003  0.0523056  0.0576820  0.0501086  0.0516228  0.0545136  0.0545874
 4  0.0445669  0.0491012  0.0428573  0.0437044  0.0420128  0.0441436  0.0404716  0.0308969  0.0401658  0.0434189  0.0386648  0.0158069  0.0202413  0.0651629  0.0590277  0.0444186  0.0424655  0.0522557  0.0529418  0.0460925  0.0412264  0.0441319  0.0497616  0.0431201  0.0426126  0.0457219  0.0520128
 1  0.1327275  0.0961794  0.0651508  0.1381128  0.0907203  0.1877946  0.1217113  0.2979027  0.3957120  0.3337312  0.5208396  0.2823247  0.1124889  0.1509993  0.1438439  0.1569490  0.1707803  0.1052419  0.0870652  0.0983447  0.0990250  0.1852263  0.2351288  0.1837546  0.2446556  0.1436322  0.1284549
 2  0.0254987  0.0152245  0.0100708  0.0197060  0.0135642  0.0257668  0.0193801  0.0565030  0.0857673  0.0777582  0.1220024  0.0281503  0.0144141  0.0246287  0.0255021  0.0310837  0.0367572  0.0198978  0.0159211  0.0193414  0.0211056  0.0433019  0.0597544  0.0481811  0.0623116  0.0296664  0.0212418
 3  0.1228067  0.0457926  0.0382302  0.0976817  0.0817880  0.0409243  0.0425377  0.0530172  0.0522470  0.0543116  0.0560654  0.5045127  0.2571107  0.0417776  0.0555939  0.0746238  0.0768863  0.0495306  0.0431121  0.0480159  0.0480152  0.0522133  0.0608871  0.0575673  0.0543127  0.0930663  0.1043859
 4  0.0478112  0.0513358  0.0501716  0.0511696  0.0514670  0.0526591  0.0479918  0.0413820  0.0353251  0.0374722  0.0780156  0.0234029  0.0070974  0.0451911  0.0475980  0.0380075  0.0478638  0.0507675  0.0472650  0.0395443  0.0381360  0.0362205  0.0396513  0.0385812  0.0421255  0.0458022  0.0542949
 1  0.1072441  0.0926306  0.0673243  0.0874875  0.0643623  0.0793972  0.0673393  0.0842728  0.0860763  0.1551860  0.1543376  0.0814564  0.0820031  0.1141141  0.1173636  0.0870413  0.0883578  0.1299370  0.1315329  0.2032266  0.2520799  0.1334218  0.1478879  0.0586011  0.0502026  0.0689313  0.0452403
 2  0.0203581  0.0153038  0.0108997  0.0139668  0.0100087  0.0134361  0.0127907  0.0169608  0.0176798  0.0311289  0.0301158  0.0164593  0.0165514  0.0236182  0.0262358  0.0195835  0.0186448  0.0265620  0.0272917  0.0443167  0.0579748  0.0285377  0.0283207  0.0104307  0.0094703  0.0106369  0.0068992
 3  0.0993911  0.0505092  0.0375405  0.0769009  0.0627727  0.0437159  0.0495680  0.1630358  0.1617623  0.0545584  0.0465753  0.0861578  0.0941476  0.0458434  0.0570049  0.0614239  0.0562088  0.0744853  0.0767523  0.0559647  0.0486515  0.2361215  0.2908600  0.0447843  0.0462292  0.1730779  0.1622715
 4  0.0378383  0.0508913  0.0476248  0.0522622  0.0501190  0.0454329  0.0452926  0.0197863  0.0190383  0.0498355  0.0408972  0.0386211  0.0416861  0.0371740  0.0457524  0.0474630  0.0451550  0.0384872  0.0355605  0.0412643  0.0381247  0.0203166  0.0171964  0.0418704  0.0533791  0.0509543  0.0346722
 1  0.1151150  0.0773801  0.0540957  0.0447344  0.0269208  0.1679212  0.1722340  0.2607150  0.3396033  0.2687497  0.3452683  0.1520374  0.1359786  0.0912281  0.0942280  0.0726170  0.0601090  0.0779930  0.0685980  0.0742860  0.0761736  0.1609855  0.1574461  0.1758763  0.1742583  0.1621919  0.1705223
 2  0.0219508  0.0126061  0.0086571  0.0062799  0.0043744  0.0308311  0.0344529  0.0571210  0.0755600  0.0571986  0.0666242  0.0264062  0.0249865  0.0172757  0.0158519  0.0123057  0.0107891  0.0142953  0.0131458  0.0154479  0.0177097  0.0339726  0.0297108  0.0331370  0.0311576  0.0305684  0.0339747
 3  0.1066673  0.0446208  0.0458072  0.0384274  0.0396331  0.0535547  0.0534400  0.0511368  0.0580888  0.1211826  0.1384842  0.0446874  0.0451041  0.2711691  0.2865813  0.0405254  0.0481707  0.0819919  0.0822000  0.0508687  0.0554358  0.1195809  0.1305582  0.0496995  0.0545570  0.0956776  0.0996126
 4  0.0408969  0.0462650  0.0555025  0.0481260  0.0436123  0.0415686  0.0393895  0.0390995  0.0395328  0.0336126  0.0372454  0.0401440  0.0391724  0.0329004  0.0312481  0.0408625  0.0439977  0.0374791  0.0355366  0.0387073  0.0454594  0.0446791  0.0391227  0.0472424  0.0478103  0.0377604  0.0406789
 1  0.1151962  0.0931735  0.0656151  0.0554752  0.0377214  0.1157499  0.0896634  0.0815907  0.0687632  0.0949629  0.1000322  0.1108753  0.1263244  0.1364344  0.1635834  0.1452329  0.1781051  0.1799253  0.1590881  0.1888675  0.1670498  0.2443065  0.2917705  0.1352898  0.0944412  0.1615654  0.1791811
 2  0.0220659  0.0151854  0.0104942  0.0084667  0.0061941  0.0187943  0.0157973  0.0145113  0.0129459  0.0199442  0.0221415  0.0253960  0.0290646  0.0320454  0.0384475  0.0335795  0.0364274  0.0315790  0.0279668  0.0322759  0.0305889  0.0497059  0.0548012  0.0207767  0.0158386  0.0311452  0.0383014
 3  0.1065712  0.0367386  0.0389963  0.0398748  0.0397477  0.0470426  0.0450274  0.0702118  0.0644252  0.0473439  0.0578962  0.1352638  0.1519783  0.0591802  0.0555904  0.1900143  0.2443105  0.0439474  0.0436687  0.0462973  0.0466096  0.0507451  0.0538446  0.0417684  0.0438677  0.0474414  0.0527468
 4  0.0411010  0.0487896  0.0471531  0.0461286  0.0477422  0.0497216  0.0482151  0.0437202  0.0359103  0.0391144  0.0449680  0.0090440  0.0089725  0.0420840  0.0414996  0.0149218  0.0207968  0.0464327  0.0461499  0.0460868  0.0433507  0.0472486  0.0608896  0.0487267  0.0413375  0.0394256  0.0407188
 1  0.1096066  0.0447243  0.0313010  0.0644605  0.0536713  0.0780260  0.0738873  0.1574649  0.2065192  0.1662335  0.1722907  0.1069545  0.0980235  0.1320083  0.1135185  0.0941405  0.0973661  0.1048433  0.1017293  0.1194525  0.1293349  0.0745245  0.0657813  0.0678351  0.0567823  0.0850823  0.0888265
 2  0.0207519  0.0073718  0.0051202  0.0108369  0.0092439  0.0145118  0.0153432  0.0353792  0.0443790  0.0335189  0.0321611  0.0197584  0.0157132  0.0220645  0.0204802  0.0179467  0.0191200  0.0205354  0.0209134  0.0254752  0.0283882  0.0151843  0.0121671  0.0120419  0.0107597  0.0180832  0.0182063
 3  0.1016157  0.0451277  0.0419952  0.1432397  0.1349827  0.0499419  0.0514642  0.2208168  0.2499422  0.0463740  0.0608913  0.1419221  0.1444578  0.0444429  0.0486103  0.2159069  0.2373661  0.0524790  0.0457281  0.0772767  0.0763851  0.0567694  0.0474233  0.0805910  0.0807971  0.0547306  0.0553981
 4  0.0386192  0.0479072  0.0450383  0.0418560  0.0377526  0.0417014  0.0363859  0.0149862  0.0157582  0.0399049  0.0465640  0.0438788  0.0466289  0.0466000  0.0449985  0.0154271  0.0166295  0.0443981  0.0384324  0.0375051  0.0391711  0.0507842  0.0476385  0.0399815  0.0348140  0.0442340  0.0474966
 1  0.1210734  0.0686307  0.0474158  0.1961857  0.1446049  0.1475338  0.1332339  0.3015094  0.4522250  0.2763260  0.2008156  0.0876409  0.0824689  0.1144411  0.1030027  0.0828594  0.0726438  0.1062911  0.1040239  0.0744264  0.0796797  0.1123551  0.1163771  0.0790695  0.0758144  0.1106548  0.1135857
 2  0.0226531  0.0110325  0.0075510  0.0286773  0.0210812  0.0240607  0.0247583  0.0624229  0.0959607  0.0415804  0.0311701  0.0150770  0.0145868  0.0211365  0.0185062  0.0145282  0.0130783  0.0204669  0.0208536  0.0157166  0.0164550  0.0236147  0.0233380  0.0151913  0.0148378  0.0223742  0.0245626
 3  0.1124218  0.0515040  0.0403628  0.2286125  0.2102857  0.0414334  0.0469913  0.1817600  0.2155343  0.0452629  0.0347408  0.1421600  0.1366324  0.0509240  0.0495593  0.1727825  0.1550654  0.0507539  0.0501994  0.1762161  0.1684057  0.0498847  0.0554408  0.1826166  0.1715628  0.0511060  0.0537610
 4  0.0418976  0.0467321  0.0534342  0.0443184  0.0330334  0.0422937  0.0400808  0.0178164  0.0265196  0.0477608  0.0433792  0.0385344  0.0383403  0.0454619  0.0496363  0.0411205  0.0308279  0.0419711  0.0406685  0.0203120  0.0195135  0.0437737  0.0488308  0.0190377  0.0145549  0.0380227  0.0381487
 1  0.1167139  0.0585491  0.0406266  0.0933624  0.0810885  0.1004166  0.0893534  0.1433555  0.1730086  0.0732364  0.0627000  0.0579838  0.0549646  0.0994305  0.1012646  0.1939563  0.2129547  0.3964786  0.5958479  0.2283805  0.1142893  0.2639515  0.2163368  0.2148369  0.2404587  0.1968951  0.2186906
 2  0.0225821  0.0096340  0.0065306  0.0161035  0.0142788  0.0182270  0.0174613  0.0311969  0.0414172  0.0154251  0.0119629  0.0111282  0.0112528  0.0218528  0.0197495  0.0373433  0.0416315  0.0815138  0.1107850  0.0270543  0.0148031  0.0385916  0.0353209  0.0403294  0.0481637  0.0404101  0.0448167
 3  0.1078768  0.0486374  0.0392434  0.0768255  0.0741685  0.0420479  0.0435977  0.0929059  0.0961664  0.0517038  0.0484383  0.0932740  0.0880694  0.0510920  0.0586857  0.1747874  0.1808383  0.0531768  0.0520361  0.1041148  0.0750480  0.0392532  0.0461464  0.0448273  0.0533548  0.0564337  0.0532682
 4  0.0428988  0.0476153  0.0466383  0.0436190  0.0407388  0.0386327  0.0373007  0.0291747  0.0365537  0.0464337  0.0461454  0.0385926  0.0340146  0.0439142  0.0493013  0.0254337  0.0218800  0.0413995  0.0551430  0.0604977  0.0451184  0.0487809  0.0451152  0.0397934  0.0408230  0.0478739  0.0430240
 1  0.1187765  0.0511140  0.0352507  0.0433763  0.0166018  0.0589717  0.0573137  0.1035063  0.1228500  0.0823304  0.1033408  0.1017625  0.1088230  0.1117106  0.1261907  0.1747247  0.1243791  0.1715402  0.1744949  0.2340366  0.2425839  0.1306515  0.1494138  0.1411820  0.1414193  0.1299487  0.1303469
 2  0.0226444  0.0083081  0.0056483  0.0044405  0.0023569  0.0104741  0.0123025  0.0261231  0.0342368  0.0243084  0.0277805  0.0243972  0.0244981  0.0245099  0.0276613  0.0289762  0.0201515  0.0312930  0.0316136  0.0430983  0.0484422  0.0286792  0.0318245  0.0290512  0.0283997  0.0259166  0.0259491
 3  0.1100329  0.0508110  0.0394615  0.0382728  0.0278486  0.0458349  0.0519664  0.0601498  0.0595847  0.0601360  0.0585996  0.0580953  0.0520867  0.1450820  0.1567510  0.0508425  0.0368916  0.0513362  0.0517751  0.0519514  0.0500964  0.0542707  0.0572636  0.0500614  0.0524592  0.0509373  0.0531489
 4  0.0423910  0.0527073  0.0908889  0.0616707  0.0464419  0.0401217  0.0364632  0.0390571  0.0416576  0.0393651  0.0446661  0.0443728  0.0424096  0.0287445  0.0433078  0.0539289  0.0442704  0.0503144  0.0512621  0.0487593  0.0410901  0.0435812  0.0472371  0.0461464  0.0460991  0.0431575  0.0448506
 1  0.1318712  0.0590542  0.0390810  0.0485193  0.0411879  0.0548535  0.0527038  0.1537409  0.1503619  0.0385985  0.0378002  0.0933341  0.1050821  0.1248934  0.1377212  0.1158698  0.0997276  0.1004157  0.0795467  0.1477131  0.1472181  0.1443288  0.1535130  0.0844769  0.0864386  0.0622342  0.0621630
 2  0.0249026  0.0092926  0.0061172  0.0084014  0.0076132  0.0106582  0.0108986  0.0309696  0.0296451  0.0079638  0.0084315  0.0222902  0.0259706  0.0284364  0.0256702  0.0203444  0.0172216  0.0167740  0.0138379  0.0278203  0.0295070  0.0301400  0.0337750  0.0178821  0.0178200  0.0130725  0.0132144
 3  0.1222950  0.0407481  0.0376529  0.0408301  0.0566645  0.1250291  0.1275283  0.0533874  0.0478059  0.0496468  0.0557940  0.0567376  0.0536485  0.2132650  0.2531686  0.0386635  0.0419317  0.0949643  0.0934633  0.0481835  0.0504959  0.0551511  0.0544933  0.1510009  0.1639331  0.0523290  0.0525561
 4  0.0459998  0.0474243  0.0446123  0.0427732  0.0464342  0.0337352  0.0362268  0.0436105  0.0414332  0.0370928  0.0323163  0.0384166  0.0436395  0.0333974  0.0299364  0.0441946  0.0492529  0.0397609  0.0375636  0.0399702  0.0406505  0.0398685  0.0420838  0.0330670  0.0316083  0.0383967  0.0505270
 1  0.1335702  0.0577214  0.0383737  0.1427779  0.1302551  0.3927225  0.4596374  0.4596142  0.4621149  0.2654543  0.2511495  0.5125155  0.4064684  0.2639703  0.2581851  0.3986278  0.4850391  0.0999959  0.0943161  0.0672533  0.0607877  0.0328831  0.0228005  0.1264664  0.1223050  0.1546811  0.1418275
 2  0.0258944  0.0092281  0.0060184  0.0246552  0.0211017  0.0680227  0.0836207  0.0757315  0.0664201  0.0415545  0.0433472  0.0739461  0.0569720  0.0419654  0.0463285  0.0731337  0.0872920  0.0170436  0.0165854  0.0122973  0.0114080  0.0055734  0.0036756  0.0228879  0.0248061  0.0300538  0.0277279
 3  0.1234566  0.0413321  0.0341055  0.1067548  0.1039622  0.0406688  0.0478052  0.0476875  0.0377704  0.0338194  0.0403451  0.0447190  0.0327577  0.0360979  0.0440928  0.0522195  0.0479142  0.2139798  0.2196285  0.0570368  0.0420385  0.0462244  0.0446687  0.0446313  0.0542693  0.0564859  0.0460234
 4  0.0490362  0.0482190  0.0364634  0.0449518  0.0381125  0.0390549  0.0441138  0.0488676  0.0446626  0.0383684  0.0508099  0.0524083  0.0528814  0.0369575  0.0401628  0.0451249  0.0405215  0.0329925  0.0298031  0.0423405  0.0474493  0.0535997  0.0459778  0.0418330  0.0483444  0.0451951  0.0417796
 1  0.1265370  0.0659282  0.0451748  0.0581170  0.0464497  0.0748724  0.0821115  0.0744909  0.0581507  0.0947816  0.0888279  0.1263149  0.1190411  0.1444493  0.1710983  0.1289164  0.1374043  0.1188216  0.0943465  0.1685394  0.1929708  0.1864310  0.2369100  0.1200627  0.1438831  0.0851587  0.0680494
 2  0.0242237  0.0106137  0.0071617  0.0096064  0.0085067  0.0154814  0.0144233  0.0123570  0.0103501  0.0181012  0.0162814  0.0236180  0.0242740  0.0323044  0.0400104  0.0286612  0.0290598  0.0208662  0.0167583  0.0337224  0.0422029  0.0440910  0.0582175  0.0287537  0.0297632  0.0151443  0.0119071
 3  0.1171311  0.0452931  0.0402196  0.0491786  0.0452322  0.2164572  0.2235688  0.0442415  0.0472742  0.0765792  0.0744574  0.0532647  0.0509621  0.0576245  0.0535597  0.1141516  0.1252469  0.0516274  0.0433674  0.0519396  0.0583386  0.0556249  0.0582502  0.1518245  0.1598687  0.0411655  0.0417516
 4  0.0452793  0.0547065  0.0447413  0.0436425  0.0366926  0.0282676  0.0346599  0.0467788  0.0448273  0.0407104  0.0454315  0.0502377  0.0393082  0.0402648  0.0457659  0.0372989  0.0480093  0.0479276  0.0423721  0.0417349  0.0367779  0.0375297  0.0362696  0.0328602  0.0380589  0.0426750  0.0455287
 1  0.1098719  0.0575126  0.0409691  0.0657291  0.0579745  0.1148277  0.1193414  0.1793825  0.1949904  0.0521650  0.0354468  0.1036094  0.1169162  0.1471788  0.1663262  0.1598646  0.1841466  0.1535568  0.1447011  0.1083879  0.1147563  0.1828510  0.1708515  0.1049297  0.1212559  0.0470671  0.0175966
 2  0.0217666  0.0097297  0.0067113  0.0114259  0.0107960  0.0230853  0.0262204  0.0401560  0.0254245  0.0072528  0.0059868  0.0208559  0.0263205  0.0344900  0.0401488  0.0364903  0.0387084  0.0296161  0.0270671  0.0204669  0.0220750  0.0332362  0.0318188  0.0208554  0.0245394  0.0049062  0.0024766
 3  0.1012948  0.0457519  0.0431045  0.1101369  0.1077425  0.0477431  0.0469799  0.2424368  0.3631696  0.0256259  0.0444595  0.1083735  0.1152010  0.0576412  0.0564236  0.0926235  0.0968126  0.0479156  0.0515509  0.2463330  0.2663460  0.0476305  0.0401101  0.2415792  0.2741259  0.0398548  0.0263871
 4  0.0418956  0.0479827  0.0462453  0.0369536  0.0376309  0.0382165  0.0363822  0.0457160  0.0287538  0.0411085  0.0411894  0.0275697  0.0331229  0.0401251  0.0423182  0.0379089  0.0381672  0.0442899  0.0474367  0.0139293  0.0161724  0.0462668  0.0388155  0.0099531  0.0598663  0.0575619  0.0460547
 1  0.1211854  0.0383366  0.0260673  0.0442694  0.0315262  0.1419468  0.1440707  0.1009245  0.0974128  0.1167991  0.1104152  0.0755772  0.0809700  0.0937230  0.1001556  0.0393850  0.0363984  0.0481101  0.0393787  0.0708046  0.0681975  0.0896144  0.0894342  0.1024513  0.1199831  0.0662567  0.0703595
 2  0.0237817  0.0063067  0.0041981  0.0070294  0.0053029  0.0266819  0.0298568  0.0208497  0.0207662  0.0237674  0.0224561  0.0163255  0.0178850  0.0211410  0.0237669  0.0084637  0.0074945  0.0089988  0.0074149  0.0141416  0.0136527  0.0188511  0.0187945  0.0227335  0.0279753  0.0156967  0.0164130
 3  0.1117931  0.0432299  0.0399976  0.0391122  0.0428514  0.0484337  0.0533325  0.0583385  0.0502060  0.0492756  0.0465799  0.0869732  0.0869721  0.0501354  0.0488558  0.1224393  0.1331289  0.0558447  0.0488404  0.0733947  0.0714648  0.0470036  0.0532321  0.1434739  0.1385573  0.0561190  0.0540790
 4  0.0453864  0.0477933  0.0451156  0.0452973  0.0445488  0.0398290  0.0402809  0.0439102  0.0441884  0.0408564  0.0399110  0.0368459  0.0363988  0.0389933  0.0384296  0.0365897  0.0422391  0.0499571  0.0452854  0.0418995  0.0420942  0.0422569  0.0421108  0.0263753  0.0253189  0.0394425  0.0446035
 1  0.1201775  0.0369685  0.0250006  0.0569165  0.0479751  0.0959570  0.0896920  0.0663418  0.0707496  0.1189200  0.1271425  0.0801190  0.0970704  0.0527257  0.0433833  0.0499442  0.0416814  0.0746053  0.0605442  0.1248621  0.1448186  0.0475116  0.0388557  0.0757521  0.0692753  0.1109501  0.1127459
 2  0.0229901  0.0059969  0.0040141  0.0097646  0.0085160  0.0181924  0.0173479  0.0136719  0.0150616  0.0258588  0.0281482  0.0178648  0.0218671  0.0103566  0.0075675  0.0089441  0.0073471  0.0129879  0.0114247  0.0266574  0.0284316  0.0085503  0.0073318  0.0145199  0.0135354  0.0227892  0.0251006
 3  0.1112312  0.0460269  0.0403953  0.0943267  0.0932586  0.0465923  0.0462572  0.1639027  0.1648896  0.0512688  0.0524941  0.2474783  0.2414662  0.0568334  0.0447550  0.0759298  0.0780113  0.0490274  0.0485425  0.1671710  0.1947547  0.0426611  0.0496549  0.0781127  0.0777347  0.0461725  0.0539846
 4  0.0430954  0.0478705  0.0425485  0.0390473  0.0376020  0.0432485  0.0399780  0.0272661  0.0271361  0.0371036  0.0392345  0.0150507  0.0185518  0.0518899  0.0529846  0.0382362  0.0514276  0.0443955  0.0424282  0.0129198  0.0194461  0.0461664  0.0494994  0.0402607  0.0437526  0.0398581  0.0399187
 1  0.1184296  0.0567210  0.0389357  0.0524160  0.0367639  0.0934337  0.0817985  0.0901266  0.0856753  0.0864570  0.0943935  0.1564838  0.1725698  0.1180400  0.1311463  0.1390825  0.1231523  0.1438815  0.1328552  0.1090792  0.1107543  0.0473689  0.0370914  0.1090573  0.1260638  0.1718909  0.2183112
 2  0.0230435  0.0093089  0.0062630  0.0081655  0.0061619  0.0160257  0.0140015  0.0166333  0.0171174  0.0184600  0.0201283  0.0332820  0.0376547  0.0252306  0.0250161  0.0252356  0.0203814  0.0253163  0.0247628  0.0219775  0.0183413  0.0077290  0.0069286  0.0236296  0.0312356  0.0457145  0.0569844
 3  0.1093210  0.0392706  0.0338958  0.0451913  0.0419841  0.2215900  0.2114501  0.0492363  0.0519594  0.1670824  0.1759587  0.0527978  0.0472574  0.1993527  0.2205870  0.0472211  0.0501421  0.0437777  0.0495263  0.1681805  0.1756352  0.0433662  0.0468303  0.0536941  0.0601290  0.0578457  0.0554089
 4  0.0437191  0.0458252  0.0489686  0.0472417  0.0501187  0.0133751  0.0097776  0.0445598  0.0427699  0.0120078  0.0123770  0.0412314  0.0411064  0.0278302  0.0285257  0.0505715  0.0506394  0.0475249  0.0441558  0.0288195  0.0322306  0.0528834  0.0389082  0.0361588  0.0394625  0.0428956  0.0483286
 1  0.1185895  0.0457564  0.0310823  0.0925664  0.0707967  0.1210050  0.1279965  0.1388925  0.1727234  0.0684755  0.0579344  0.0823486  0.0734352  0.1267292  0.1389608  0.1042760  0.1262071  0.1565537  0.1737211  0.0789556  0.0519575  0.0793711  0.0628471  0.0874844  0.0809321  0.0765480  0.0790653
 2  0.0228059  0.0074554  0.0049883  0.0146762  0.0120931  0.0234851  0.0277975  0.0316809  0.0363264  0.0129344  0.0093883  0.0141525  0.0139089  0.0263957  0.0318270  0.0243303  0.0277718  0.0328764  0.0367558  0.0124302  0.0075702  0.0127992  0.0102692  0.0157767  0.0154429  0.0159183  0.0182109
 3  0.1096515  0.0410446  0.0357061  0.0968835  0.0886216  0.0468655  0.0545878  0.2179934  0.2771979  0.0514769  0.0456407  0.1190698  0.1118751  0.0548657  0.0542312  0.2271098  0.2663916  0.0434557  0.0651460  0.2033640  0.2127044  0.0416160  0.0458183  0.1118095  0.1092987  0.0536936  0.0572727
 4  0.0431479  0.0479084  0.0479866  0.0420156  0.0360059  0.0384729  0.0386299  0.0173924  0.0196577  0.0522825  0.0449238  0.0380506  0.0344930  0.0405615  0.0398226  0.0174750  0.0152675  0.0351394  0.0575097  0.0570527  0.0439804  0.0536039  0.0453726  0.0370926  0.0333177  0.0381355  0.0419250
 1  0.1080012  0.0624632  0.0444037  0.0481364  0.0333530  0.1397162  0.1397690  0.1459068  0.1736219  0.0820981  0.0573739  0.0821691  0.0727890  0.1779744  0.2075790  0.2036691  0.2397852  0.1000364  0.1051683  0.1362177  0.1489309  0.3058518  0.3895119  0.1503496  0.1283327  0.1715795  0.1377203
 2  0.0207042  0.0103797  0.0072586  0.0075894  0.0053869  0.0255507  0.0288241  0.0337975  0.0378035  0.0140062  0.0092137  0.0143412  0.0140471  0.0383527  0.0473648  0.0460933  0.0542536  0.0217415  0.0230195  0.0300363  0.0329633  0.0667368  0.0767689  0.0258716  0.0185780  0.0261020  0.0240486
 3  0.0998937  0.0449202  0.0394016  0.0418334  0.0420376  0.0473375  0.0523832  0.0737220  0.0720383  0.0485221  0.0403615  0.0459663  0.0518634  0.0527251  0.0563916  0.0505588  0.0539432  0.0686939  0.0603593  0.0535081  0.0525111  0.0478878  0.0485786  0.1918607  0.2025202  0.0360278  0.0467188
 4  0.0388828  0.0490529  0.0503413  0.0477220  0.0440840  0.0408046  0.0367428  0.0385418  0.0532702  0.0560180  0.0453998  0.0455653  0.0418521  0.0425711  0.0457569  0.0396762  0.0414899  0.0445090  0.0375315  0.0387218  0.0384432  0.0443169  0.0434813  0.0469447  0.0469687  0.0415682  0.0391786
 1  0.1193897  0.0649613  0.0443390  0.0759846  0.0595285  0.0940254  0.0862979  0.1791108  0.2233661  0.1909414  0.1915132  0.0711774  0.0669852  0.0890535  0.0721358  0.1040573  0.0935420  0.1227371  0.1286754  0.1688020  0.1980519  0.1689362  0.1788989  0.1030635  0.0790539  0.0744978  0.0675310
 2  0.0226910  0.0104522  0.0070706  0.0122023  0.0103190  0.0175053  0.0164594  0.0369576  0.0455753  0.0360834  0.0371791  0.0139903  0.0105687  0.0146971  0.0125594  0.0189555  0.0179812  0.0253407  0.0290424  0.0398146  0.0428457  0.0347831  0.0371893  0.0180174  0.0138614  0.0138940  0.0130636
 3  0.1105887  0.0368648  0.0425510  0.1038000  0.0956230  0.0462455  0.0518798  0.2130419  0.2344571  0.0460932  0.0496889  0.1742646  0.1744126  0.0392050  0.0456465  0.0515846  0.0508506  0.0512631  0.0519886  0.0566295  0.0533278  0.0457735  0.0510714  0.0526398  0.0435614  0.0496081  0.0565751
 4  0.0420011  0.0496296  0.0481503  0.0435135  0.0365757  0.0396234  0.0453431  0.0089425  0.0129603  0.0421758  0.0407265  0.0455531  0.0442719  0.0455310  0.0453444  0.0489081  0.0449302  0.0405826  0.0380180  0.0457094  0.0433826  0.0371395  0.0482302  0.0550240  0.0450954  0.0462123  0.0452054
 1  0.1197052  0.0597384  0.0409550  0.0341277  0.0272028  0.0651848  0.0738134  0.1031871  0.0962625  0.0434802  0.0393940  0.0562078  0.0513286  0.0602009  0.0712894  0.0741125  0.0426320  0.0602422  0.0593624  0.0872554  0.0900719  0.0635436  0.0736497  0.1380441  0.1320686  0.1159609  0.1282799
 2  0.0222257  0.0095300  0.0065286  0.0057426  0.0050398  0.0133908  0.0162945  0.0215507  0.0186135  0.0085735  0.0074037  0.0108777  0.0107889  0.0140918  0.0178470  0.0116768  0.0067322  0.0110339  0.0120999  0.0191283  0.0212756  0.0159565  0.0181931  0.0294440  0.0266367  0.0245537  0.0289459
 3  0.1112479  0.0472504  0.0413716  0.0405480  0.0420025  0.2119061  0.2116654  0.0497332  0.0442824  0.0496618  0.0531530  0.0474135  0.0516406  0.1441132  0.1484268  0.0527362  0.0376279  0.1017017  0.1019670  0.0533173  0.0522875  0.1000519  0.1099736  0.0579413  0.0484555  0.0533517  0.0515548
 4  0.0405983  0.0510112  0.0479141  0.0403495  0.0376980  0.0173869  0.0215153  0.0434958  0.0410194  0.0453890  0.0462815  0.0412204  0.0350792  0.0251815  0.0586017  0.0535855  0.0472190  0.0284084  0.0310366  0.0407347  0.0396422  0.0294311  0.0427314  0.0476766  0.0417787  0.0408633  0.0364231
 1  0.1281526  0.2298843  0.1697986  0.1235994  0.0665571  0.2271226  0.2182910  0.2046013  0.2043836  0.1447031  0.1639027  0.1806054  0.1956329  0.1785120  0.1703736  0.0991076  0.1020148  0.1055712  0.0888277  0.2296067  0.2511068  0.1778400  0.1944157  0.1749053  0.2085991  0.1338074  0.1464624
 2  0.0238308  0.0359920  0.0256295  0.0155812  0.0095633  0.0380038  0.0369261  0.0364256  0.0406376  0.0313442  0.0352400  0.0379663  0.0403816  0.0336135  0.0326989  0.0200439  0.0165108  0.0174226  0.0159326  0.0442057  0.0491774  0.0358618  0.0426444  0.0376496  0.0428816  0.0272986  0.0316892
 3  0.1190841  0.0437578  0.0374520  0.0740073  0.0642832  0.0438443  0.0496203  0.0485701  0.0525930  0.0556422  0.0518599  0.0605792  0.0628126  0.0525556  0.0502264  0.2061391  0.2298816  0.0445242  0.0474580  0.0502225  0.0519836  0.0491311  0.0555892  0.1813070  0.2110685  0.0488581  0.0553173
 4  0.0432240  0.0457651  0.0591524  0.0502680  0.0453327  0.0470306  0.0468142  0.0450982  0.0424878  0.0442475  0.0448467  0.0443660  0.0455918  0.0479412  0.0420193  0.0226527  0.0201223  0.0512231  0.0445931  0.0466627  0.0462106  0.0393583  0.0412362  0.0221351  0.0189730  0.0384073  0.0371412
 1  0.1228780  0.0285973  0.0189598  0.0395381  0.0301621  0.0714941  0.0590379  0.1148562  0.1232830  0.1533623  0.1738041  0.3119377  0.4345813  0.3136744  0.3483132  0.1453849  0.1013175  0.0721645  0.0564654  0.0523707  0.0498265  0.0990689  0.1100969  0.1346607  0.1315856  0.0973062  0.0792890
 2  0.0231605  0.0045608  0.0030306  0.0068937  0.0044119  0.0115070  0.0108321  0.0236000  0.0271674  0.0351603  0.0405840  0.0720500  0.0855484  0.0538750  0.0608175  0.0215481  0.0164994  0.0117290  0.0097950  0.0100513  0.0108623  0.0226405  0.0234446  0.0282621  0.0216025  0.0160345  0.0148049
 3  0.1139457  0.0386615  0.0376400  0.0446679  0.0456772  0.1266506  0.1189218  0.0528834  0.0543410  0.0551811  0.0534399  0.0623888  0.0519660  0.1744189  0.1756325  0.0410097  0.0359059  0.1068487  0.0952454  0.0467418  0.0596998  0.1534427  0.1554021  0.0528028  0.0533452  0.0401332  0.0495069
 4  0.0426510  0.0493013  0.0445458  0.0557433  0.0514002  0.0408114  0.0349821  0.0444571  0.0407499  0.0391107  0.0405591  0.0441123  0.0438978  0.0366052  0.0419823  0.0453899  0.0502280  0.0480354  0.0413532  0.0387793  0.0430004  0.0337180  0.0326585  0.0546813  0.0537325  0.0446729  0.0430934
 1  0.1200581  0.0145090  0.0096308  0.0439807  0.0296330  0.0546266  0.0512223  0.0780203  0.0852405  0.0551825  0.0626426  0.0475597  0.0488907  0.0518885  0.0494289  0.0423107  0.0324719  0.1244632  0.1177988  0.1307089  0.1406694  0.1168458  0.1329255  0.1597042  0.1826405  0.2345551  0.2732187
 2  0.0230951  0.0023548  0.0015515  0.0069255  0.0045397  0.0095395  0.0100954  0.0173450  0.0198082  0.0130530  0.0144729  0.0106049  0.0113568  0.0116165  0.0091211  0.0071857  0.0059004  0.0235534  0.0234088  0.0277351  0.0320197  0.0276434  0.0315043  0.0369437  0.0409932  0.0484740  0.0469585
 3  0.1110341  0.0403528  0.0445432  0.0369712  0.0435164  0.1615430  0.1501955  0.0586755  0.0554078  0.1868865  0.2003307  0.0511234  0.0546027  0.1175252  0.1180826  0.0447824  0.0442802  0.0533008  0.0530343  0.0519089  0.0577502  0.0577099  0.0540329  0.0579624  0.0521754  0.2014073  0.2580455
 4  0.0435161  0.0481789  0.0477444  0.0497256  0.0497244  0.0286448  0.0258024  0.0415649  0.0404026  0.0117434  0.0126394  0.0372256  0.0411055  0.0462058  0.0490367  0.0499915  0.0457831  0.0482670  0.0454386  0.0414980  0.0396709  0.0393914  0.0435844  0.0429428  0.0439570  0.0290972  0.0303092
 1  0.1130965  0.0470002  0.0322999  0.0443492  0.0361823  0.0711992  0.0638794  0.1305147  0.1244847  0.1351557  0.1511827  0.2227997  0.2653629  0.0914874  0.0729259  0.1577696  0.1705650  0.2214128  0.2288053  0.2724671  0.3159462  0.1816425  0.1932644  0.1833946  0.1894222  0.1053668  0.0944262
 2  0.0219065  0.0077281  0.0052351  0.0077118  0.0062903  0.0133013  0.0122782  0.0253378  0.0248720  0.0285804  0.0340004  0.0520797  0.0467854  0.0149333  0.0134890  0.0322350  0.0336075  0.0431933  0.0443889  0.0527951  0.0636758  0.0339676  0.0352822  0.0341182  0.0353009  0.0193909  0.0165543
 3  0.1045130  0.0389021  0.0424489  0.0423507  0.0464045  0.0465717  0.0497707  0.0531378  0.0529865  0.0876703  0.0906538  0.0579882  0.0527234  0.0357872  0.0454979  0.0578741  0.0519594  0.0459099  0.0498816  0.0501237  0.0495427  0.2376323  0.2603656  0.0396331  0.0529653  0.0966859  0.1036283
 4  0.0411056  0.0456912  0.0495478  0.0453814  0.0454140  0.0420821  0.0445777  0.0473020  0.0463180  0.0324988  0.0311808  0.0554201  0.0515041  0.0411054  0.0418830  0.0468191  0.0430409  0.0447971  0.0442288  0.0404247  0.0444612  0.0302176  0.0206819  0.0393958  0.0419333  0.0396920  0.0443826
 1  0.1195876  0.0923002  0.0647560  0.0575623  0.0418015  0.1114489  0.1054730  0.1883082  0.2544733  0.2764296  0.1851650  0.0756427  0.0667807  0.1890970  0.2253113  0.1616108  0.1665607  0.1373159  0.1625309  0.0996222  0.0977484  0.0939543  0.0904322  0.0937011  0.0837526  0.0657431  0.0708284
 2  0.0230067  0.0149428  0.0102370  0.0090229  0.0067276  0.0199994  0.0212021  0.0421178  0.0570443  0.0423782  0.0265166  0.0122540  0.0124209  0.0401518  0.0477277  0.0329239  0.0346947  0.0288186  0.0333900  0.0201239  0.0186987  0.0173232  0.0173088  0.0173873  0.0165791  0.0142815  0.0170463
 3  0.1106675  0.0451178  0.0430384  0.1009712  0.1032996  0.0440074  0.0545987  0.1746271  0.2043352  0.0486928  0.0360890  0.1296107  0.1184222  0.0584736  0.0560994  0.0494232  0.0510425  0.1982215  0.2138284  0.0538237  0.0521434  0.1964053  0.1913284  0.0523106  0.0459840  0.0795173  0.0853560
 4  0.0429499  0.0565737  0.0444077  0.0426816  0.0414872  0.0394156  0.0378489  0.0185425  0.0394959  0.0578690  0.0496632  0.0370760  0.0310900  0.0468613  0.0477115  0.0417667  0.0420914  0.0237833  0.0237713  0.0488409  0.0446745  0.0282772  0.0263281  0.0451888  0.0347187  0.0294952  0.0307655
 1  0.1199145  0.0785697  0.0546172  0.0598871  0.0408945  0.0940599  0.0903819  0.1092713  0.1363403  0.1731665  0.1425393  0.1744491  0.1611717  0.1518874  0.1482969  0.2439925  0.3289367  0.1037342  0.0745157  0.1067612  0.1003263  0.1912730  0.2270343  0.2429435  0.2520399  0.2197420  0.2397685
 2  0.0228188  0.0127254  0.0087145  0.0090611  0.0065826  0.0171789  0.0187236  0.0250612  0.0324470  0.0324331  0.0247418  0.0308429  0.0268076  0.0271495  0.0299796  0.0558854  0.0669614  0.0168751  0.0120388  0.0189786  0.0202128  0.0420809  0.0521115  0.0495612  0.0479410  0.0424355  0.0452124
 3  0.1110863  0.0408753  0.0414830  0.0930144  0.0868854  0.0448175  0.0574930  0.1933690  0.2136655  0.0478637  0.0394413  0.0799001  0.0758507  0.0467828  0.0504306  0.0724845  0.0760580  0.0444308  0.0396347  0.0461152  0.0570352  0.0617680  0.0592232  0.0584238  0.0442912  0.0484958  0.0507745
 4  0.0424321  0.0478216  0.0494874  0.0397117  0.0417836  0.0375174  0.0396562  0.0086579  0.0189178  0.0462932  0.0413393  0.0439358  0.0407384  0.0446594  0.0360384  0.0396965  0.0521061  0.0535036  0.0444049  0.0419353  0.0416229  0.0443350  0.0469641  0.0520136  0.0425539  0.0419016  0.0541051
 1  0.1138583  0.0507761  0.0353444  0.0602169  0.0514292  0.1257104  0.0942459  0.1804816  0.1965949  0.2109256  0.2285067  0.2189841  0.2457096  0.1175857  0.1137166  0.0957242  0.0771108  0.0601525  0.0557318  0.0731932  0.0769890  0.1046452  0.0964140  0.0857770  0.0850041  0.1398953  0.1706188
 2  0.0220431  0.0083629  0.0057319  0.0104970  0.0089989  0.0203472  0.0164501  0.0351039  0.0398596  0.0421877  0.0456981  0.0440450  0.0481389  0.0216825  0.0187569  0.0156106  0.0134716  0.0113831  0.0116749  0.0164168  0.0160619  0.0203574  0.0194954  0.0175570  0.0185109  0.0336800  0.0402689
 3  0.1052201  0.0491844  0.0374113  0.0877376  0.0850275  0.0449825  0.0397553  0.0505104  0.0535207  0.0951269  0.0940617  0.0524450  0.0546137  0.2667200  0.2734984  0.0432024  0.0457709  0.0521761  0.0545127  0.1123575  0.1123857  0.0502649  0.0514855  0.0606509  0.0485594  0.0678021  0.0712893
 4  0.0411772  0.0466243  0.0442824  0.0405387  0.0456786  0.0425855  0.0390911  0.0435044  0.0435595  0.0388794  0.0347454  0.0404545  0.0474786  0.0166364  0.0153547  0.0445093  0.0475392  0.0416400  0.0420671  0.0375542  0.0451134  0.0440045  0.0413985  0.0476261  0.0379692  0.0390146  0.0453062
 1  0.1224621  0.0732954  0.0502314  0.1050133  0.0925065  0.0910460  0.0679491  0.1919897  0.2058337  0.1692603  0.1969229  0.0972433  0.0804297  0.0675699  0.0638877  0.1357374  0.1620603  0.1249501  0.1676084  0.1000496  0.0578286  0.0603829  0.0549284  0.0601477  0.0548055  0.1062187  0.1235127
 2  0.0237819  0.0118692  0.0079669  0.0177536  0.0169069  0.0152443  0.0115762  0.0366847  0.0405124  0.0345604  0.0401334  0.0177623  0.0138389  0.0125779  0.0131688  0.0312208  0.0405172  0.0317885  0.0402929  0.0148442  0.0088135  0.0105049  0.0098343  0.0114462  0.0116407  0.0250606  0.0313737
 3  0.1132034  0.0418927  0.0398044  0.0994618  0.1041148  0.0499513  0.0451665  0.0436756  0.0539878  0.1561029  0.1632253  0.0541618  0.0448101  0.0679039  0.0718255  0.0552714  0.0571232  0.2120010  0.2365332  0.0440497  0.0347743  0.1267561  0.1311665  0.0439342  0.0530918  0.0548217  0.0582706
 4  0.0444552  0.0468839  0.0471919  0.0354017  0.0419217  0.0504408  0.0440749  0.0378559  0.0407221  0.0300670  0.0372966  0.0524312  0.0442798  0.0366528  0.0336937  0.0382983  0.0365242  0.0136414  0.0339739  0.0537011  0.0458423  0.0381126  0.0445480  0.0392028  0.0399227  0.0367924  0.0468097
 1  0.1189860  0.1156389  0.0825977  0.1018291  0.0804431  0.1425468  0.1420751  0.1412234  0.1451937  0.1285758  0.1173450  0.1065710  0.1095784  0.0748411  0.0602094  0.0733283  0.0625032  0.0735188  0.0698494  0.1187042  0.1223303  0.1372876  0.1611722  0.1236589  0.1421967  0.1650638  0.1816270
 2  0.0231473  0.0188915  0.0130440  0.0162550  0.0132605  0.0262053  0.0274252  0.0281033  0.0296355  0.0246038  0.0228561  0.0224004  0.0201825  0.0130689  0.0109978  0.0132141  0.0112327  0.0141692  0.0145616  0.0253946  0.0268994  0.0317958  0.0379663  0.0293667  0.0337486  0.0370263  0.0396757
 3  0.1099257  0.0492117  0.0424904  0.1153345  0.1212956  0.0473198  0.0539821  0.0868268  0.0892375  0.0533471  0.0472062  0.0677132  0.0695951  0.0438667  0.0460193  0.1145478  0.1037923  0.0510077  0.0537857  0.0538592  0.0534292  0.0576382  0.0532727  0.0553658  0.0558326  0.0531639  0.0543265
 4  0.0434759  0.0480578  0.0475729  0.0428008  0.0355635  0.0410931  0.0421956  0.0367191  0.0399881  0.0427071  0.0377349  0.0465077  0.0497731  0.0482777  0.0478034  0.0438065  0.0351986  0.0483151  0.0483765  0.0451742  0.0413101  0.0442696  0.0409248  0.0429981  0.0424108  0.0403995  0.0377169
 1  0.1306233  0.1076832  0.0737401  0.0862542  0.0634518  0.1024939  0.1113607  0.1595124  0.1838159  0.1230058  0.1193404  0.0988610  0.0959861  0.2530242  0.2554319  0.2836952  0.3774645  0.1356373  0.1088464  0.1573146  0.1618789  0.0983990  0.0929885  0.1356587  0.0913657  0.0860932  0.0648337
 2  0.0247698  0.0170223  0.0114323  0.0132561  0.0109313  0.0205509  0.0251691  0.0367407  0.0392662  0.0248059  0.0219648  0.0188378  0.0184716  0.0470227  0.0487486  0.0584866  0.0704886  0.0222293  0.0188520  0.0283735  0.0297113  0.0186001  0.0184542  0.0218342  0.0121628  0.0131352  0.0105209
 3  0.1210438  0.0454148  0.0401830  0.0638558  0.0609470  0.0503104  0.0617396  0.1222142  0.1227254  0.0486312  0.0519632  0.0999426  0.1018491  0.0509882  0.0534694  0.0985174  0.1011088  0.0359055  0.0474951  0.1829720  0.1881900  0.0450576  0.0461405  0.1830734  0.1873080  0.0341373  0.0493303
 4  0.0459343  0.0489891  0.0518084  0.0427061  0.0386626  0.0388301  0.0405202  0.0371415  0.0364163  0.0428927  0.0432045  0.0340134  0.0420538  0.0420157  0.0398266  0.0366756  0.0438713  0.0410175  0.0416506  0.0333970  0.0339417  0.0417223  0.0483282  0.0619129  0.0461757  0.0509053  0.0497641
 1  0.1290452  0.1026011  0.0700213  0.0974232  0.0819647  0.1350997  0.1193677  0.0874808  0.0665818  0.0573238  0.0531328  0.1092662  0.1261224  0.0561353  0.0718186  0.1620449  0.1683643  0.1741266  0.2326558  0.2010841  0.1834829  0.1422568  0.1280386  0.0851838  0.0624034  0.0469753  0.0390661
 2  0.0246009  0.0162348  0.0108732  0.0166795  0.0124317  0.0224600  0.0229783  0.0146440  0.0110732  0.0104760  0.0107742  0.0248672  0.0324299  0.0159544  0.0184110  0.0352246  0.0353729  0.0376172  0.0467530  0.0351525  0.0331542  0.0256226  0.0207827  0.0140437  0.0092750  0.0076954  0.0072145
 3  0.1195265  0.0421778  0.0359218  0.0997648  0.0937389  0.0390316  0.0475553  0.1994263  0.1883374  0.0499628  0.0529782  0.0549315  0.0622744  0.1484030  0.1725981  0.0461694  0.0526940  0.2276112  0.2781918  0.0429954  0.0401267  0.1046706  0.1061976  0.0399312  0.0477104  0.1672857  0.1567023
 4  0.0455732  0.0496235  0.0440672  0.0451077  0.0454757  0.0417364  0.0527941  0.0358776  0.0192987  0.0426369  0.0396589  0.0385637  0.0379436  0.0180930  0.0243677  0.0389514  0.0387694  0.0135447  0.0215882  0.0439389  0.0433962  0.0450123  0.0465529  0.0505688  0.0535436  0.0144839  0.0146874
 1  0.1242210  0.0705272  0.0480076  0.0450209  0.0363386  0.0778245  0.0789965  0.1305208  0.1506341  0.1088003  0.1143565  0.0748004  0.0673817  0.0553656  0.0425271  0.1415607  0.1386388  0.1276054  0.1395493  0.1192572  0.1405498  0.0712706  0.0569481  0.0672446  0.0681676  0.1334913  0.1297584
 2  0.0237190  0.0112795  0.0075795  0.0075517  0.0066707  0.0157105  0.0171497  0.0304060  0.0353641  0.0240345  0.0244890  0.0155268  0.0114686  0.0092129  0.0079181  0.0269974  0.0272462  0.0271865  0.0310764  0.0269252  0.0296377  0.0129821  0.0100219  0.0128875  0.0137744  0.0265518  0.0270106
 3  0.1150374  0.0436686  0.0401702  0.0429227  0.0508695  0.0784225  0.0864665  0.0538644  0.0518191  0.0988439  0.0977520  0.0523417  0.0412567  0.0400343  0.0491656  0.0987028  0.0910374  0.0513068  0.0612897  0.1691064  0.1745710  0.0464725  0.0431230  0.1503323  0.1488221  0.0539230  0.0515882
 4  0.0439503  0.0518703  0.0448508  0.0433015  0.0411004  0.0316801  0.0328988  0.0350651  0.0433458  0.0361063  0.0340176  0.0489246  0.0467636  0.0401990  0.0472149  0.0434383  0.0365203  0.0360605  0.0454668  0.0300897  0.0390660  0.0474448  0.0434227  0.0289104  0.0332291  0.0451083  0.0429306
 1  0.1165220  0.1077411  0.0769576  0.2047282  0.1935287  0.1425117  0.1222222  0.1607278  0.1662533  0.1434100  0.1526663  0.0860423  0.0744086  0.1029169  0.0944988  0.1122527  0.1027161  0.1706410  0.1726640  0.2609977  0.3200608  0.2064117  0.1776924  0.1444274  0.1322348  0.0941549  0.0829005
 2  0.0223310  0.0176367  0.0122440  0.0325946  0.0318561  0.0239546  0.0197804  0.0277924  0.0305742  0.0279427  0.0318406  0.0160340  0.0130840  0.0188234  0.0168086  0.0201079  0.0195295  0.0333823  0.0340564  0.0542352  0.0665741  0.0357712  0.0291262  0.0256233  0.0218884  0.0164862  0.0160714
 3  0.1078842  0.0468851  0.0393811  0.2872393  0.2871587  0.0444214  0.0440925  0.2564132  0.2569279  0.0453423  0.0525462  0.1830299  0.1886875  0.0500246  0.0505730  0.1276425  0.1222683  0.0448011  0.0501800  0.0488998  0.0547153  0.1270553  0.1328839  0.0376926  0.0531935  0.0450746  0.0513911
 4  0.0419358  0.0441072  0.0520125  0.0288131  0.0235426  0.0487704  0.0440880  0.0096295  0.0085666  0.0364586  0.0453942  0.0360091  0.0277531  0.0449708  0.0489402  0.0391266  0.0365851  0.0401781  0.0409344  0.0396742  0.0450040  0.0437255  0.0383796  0.0438907  0.0485233  0.0492687  0.0414369
 1  0.1258450  0.0785110  0.0538542  0.0695412  0.0585760  0.1024114  0.0998053  0.1997168  0.2119812  0.1001321  0.0971964  0.0980156  0.0698670  0.1011093  0.0938879  0.1823604  0.2073458  0.1742386  0.1862107  0.2467228  0.2576395  0.1393398  0.1329756  0.1790403  0.2232439  0.2502156  0.2803578
 2  0.0243853  0.0126708  0.0084840  0.0122092  0.0095083  0.0181333  0.0190842  0.0394095  0.0406953  0.0189606  0.0195189  0.0166031  0.0112819  0.0180352  0.0182394  0.0384507  0.0445357  0.0365113  0.0400321  0.0497842  0.0456454  0.0249929  0.0263564  0.0395707  0.0539831  0.0561731  0.0562230
 3  0.1162965  0.0496288  0.0360613  0.0461985  0.0525576  0.1747112  0.1719643  0.0558177  0.0508300  0.1166022  0.1112782  0.0482357  0.0413006  0.0645988  0.0665821  0.0572923  0.0551509  0.0495544  0.0506733  0.0573802  0.0461579  0.0442613  0.0537322  0.0566956  0.0573277  0.0488645  0.0473240
 4  0.0459349  0.0472583  0.0430653  0.0496736  0.0458464  0.0313406  0.0317727  0.0454437  0.0447559  0.0387796  0.0444368  0.0532350  0.0477163  0.0419911  0.0406763  0.0438719  0.0458132  0.0415890  0.0460772  0.0499229  0.0480593  0.0425596  0.0403858  0.0367704  0.0400029  0.0435915  0.0457042
 1  0.1167883  0.0902575  0.0641159  0.0836466  0.0685281  0.1498647  0.1350032  0.1689409  0.1527846  0.1113537  0.1109477  0.0708118  0.0671414  0.1142551  0.1442366  0.1467644  0.1541936  0.1279583  0.1017227  0.0930345  0.0916577  0.1663906  0.2002829  0.2990552  0.3114546  0.1730308  0.1658076
 2  0.0227042  0.0148356  0.0102519  0.0139803  0.0123507  0.0265654  0.0238918  0.0295872  0.0283977  0.0212483  0.0202368  0.0132922  0.0141093  0.0266588  0.0336682  0.0324861  0.0297870  0.0207672  0.0166657  0.0171279  0.0188291  0.0364878  0.0384427  0.0535554  0.0504770  0.0287593  0.0288949
 3  0.1078659  0.0479659  0.0405965  0.0437086  0.0432894  0.1289349  0.1298005  0.0468001  0.0484998  0.1924071  0.2224404  0.0476076  0.0536258  0.1649446  0.1847198  0.0485526  0.0467011  0.1911339  0.1759407  0.0474190  0.0574286  0.2017974  0.2401170  0.0477161  0.0501117  0.1687362  0.1689847
 4  0.0426806  0.0515551  0.0491693  0.0428632  0.0465720  0.0403990  0.0412230  0.0460811  0.0438807  0.0151839  0.0140531  0.0400031  0.0397377  0.0174659  0.0217622  0.0452311  0.0497409  0.0466146  0.0315975  0.0390819  0.0423561  0.0176641  0.0187632  0.0530613  0.0517434  0.0303735  0.0325583
 1  0.1211286  0.0621601  0.0424558  0.0319618  0.0283260  0.1210839  0.1260021  0.0980005  0.0915042  0.0968754  0.0874823  0.0902313  0.0835173  0.1244887  0.1260930  0.2449156  0.3295552  0.1470210  0.1322174  0.0906235  0.0640422  0.0874895  0.0945821  0.1747843  0.1777820  0.1860324  0.1913127
 2  0.0236729  0.0101722  0.0067744  0.0056989  0.0056430  0.0247563  0.0248288  0.0190355  0.0170765  0.0178223  0.0153945  0.0168547  0.0159170  0.0249466  0.0267494  0.0560974  0.0795665  0.0272829  0.0221956  0.0135965  0.0108146  0.0173341  0.0186973  0.0350144  0.0338248  0.0354162  0.0386841
 3  0.1117906  0.0399607  0.0395826  0.0418568  0.0462732  0.1491910  0.1565000  0.0546944  0.0507297  0.1329452  0.1298964  0.0454660  0.0549894  0.0546514  0.0474458  0.0523169  0.0547129  0.2823725  0.3311991  0.0463590  0.0431495  0.1300276  0.1148823  0.0524837  0.0570467  0.0465033  0.0504262
 4  0.0451994  0.0459239  0.0420043  0.0411919  0.0402897  0.0361278  0.0360211  0.0453926  0.0449706  0.0443682  0.0378360  0.0433997  0.0472787  0.0424815  0.0392945  0.0351460  0.0435687  0.0261848  0.0201952  0.0449438  0.0401834  0.0373909  0.0353773  0.0464052  0.0477331  0.0423075  0.0372637
 1  0.1199243  0.0512625  0.0349654  0.0414623  0.0329133  0.0883523  0.0891678  0.0589346  0.0561880  0.1057022  0.1132921  0.1521503  0.1693489  0.0929902  0.0827573  0.1295803  0.1338633  0.0876056  0.0866110  0.0485216  0.0392128  0.0279994  0.0242474  0.0743928  0.0837818  0.1600448  0.2018807
 2  0.0225624  0.0082643  0.0056074  0.0070315  0.0057625  0.0170861  0.0187068  0.0126516  0.0115380  0.0221154  0.0242608  0.0334947  0.0351603  0.0176465  0.0157140  0.0257102  0.0284279  0.0183122  0.0163118  0.0086052  0.0070947  0.0051951  0.0049432  0.0171256  0.0215670  0.0437469  0.0470422
 3  0.1112819  0.0415820  0.0419662  0.0436566  0.0448735  0.0936911  0.0962136  0.0510447  0.0501606  0.1196170  0.1227013  0.0538160  0.0575523  0.0942981  0.1036820  0.0475832  0.0570369  0.1603239  0.1955887  0.0429874  0.0474622  0.0757535  0.0764705  0.0595546  0.0581046  0.0648322  0.0524809
 4  0.0417796  0.0470746  0.0435328  0.0451661  0.0406481  0.0356663  0.0363528  0.0435816  0.0417114  0.0340737  0.0307978  0.0419285  0.0466691  0.0367575  0.0380857  0.0398092  0.0431309  0.0328585  0.0416174  0.0438575  0.0428182  0.0395766  0.0350600  0.0378685  0.0365218  0.0475983  0.0458508
 1  0.1081644  0.0466171  0.0326713  0.0956058  0.0873476  0.2181363  0.1631480  0.2163931  0.2369279  0.2118425  0.1889605  0.0693288  0.0717706  0.1806876  0.2098340  0.1892025  0.2046091  0.1306491  0.1244538  0.1126744  0.1056223  0.1654595  0.1653970  0.1895068  0.1996456  0.2690575  0.2759033
 2  0.0209184  0.0077459  0.0053407  0.0163829  0.0156126  0.0339467  0.0267768  0.0401492  0.0456050  0.0374846  0.0342369  0.0131259  0.0144875  0.0392211  0.0425242  0.0368697  0.0381738  0.0243425  0.0237068  0.0214375  0.0211830  0.0329447  0.0327087  0.0376055  0.0403770  0.0513265  0.0496367
 3  0.1000116  0.0440939  0.0368534  0.1829656  0.1766731  0.0458337  0.0431727  0.0457123  0.0525514  0.0509608  0.0451075  0.2183153  0.1993824  0.0554894  0.0553383  0.1319326  0.1354457  0.0415723  0.0495841  0.0672918  0.0591208  0.0520109  0.0487744  0.0514863  0.0530855  0.0529276  0.0461598
 4  0.0393348  0.0484220  0.0431338  0.0340439  0.0425837  0.0456398  0.0421280  0.0399335  0.0496424  0.0478489  0.0447876  0.0120996  0.0089908  0.0435493  0.0438201  0.0387323  0.0400521  0.0391948  0.0446425  0.0431546  0.0357588  0.0430722  0.0404861  0.0420910  0.0449327  0.0444187  0.0431166
