FL 2019 2020 2021 2022 2023 2024 2025 2026 2027 2028 2029 2030 2031 2032 2033 2034 2035 2036 2037 2038 2039 2040 2041 2042 2043 2044 2045
 1  0.7288134  0.6828411  0.6565871  0.6491704  0.6531249  0.6603832  0.6749238  0.6920085  0.6893947  0.6867753  0.6863263  0.6916110  0.6948870  0.6944704  0.7009385  0.6962623  0.6794128  0.6701256  0.6798577  0.6873481  0.6943128  0.6961737  0.7014235  0.7123490  0.7115706  0.7076783  0.7021983
 2  0.5725724  0.5257627  0.5107929  0.5100363  0.5091976  0.5103715  0.5361791  0.5603890  0.5591014  0.5417794  0.5323526  0.5423351  0.5495826  0.5592158  0.5690088  0.5650846  0.5407581  0.5351753  0.5567145  0.5715059  0.5762953  0.5660929  0.5600877  0.5707935  0.5759649  0.5738260  0.5734830
 3  0.7521145  0.7090282  0.6808460  0.6698837  0.6714750  0.6769179  0.6900710  0.7101889  0.7087394  0.7042898  0.7025140  0.7083568  0.7128789  0.7116291  0.7192594  0.7159171  0.6978409  0.6873132  0.6978122  0.7066117  0.7141796  0.7148824  0.7178310  0.7296043  0.7305856  0.7261565  0.7203522
 4  0.4566311  0.4242774  0.4169031  0.4163742  0.4098929  0.4142603  0.4681680  0.4876332  0.4575307  0.4241007  0.4369616  0.4636288  0.4592174  0.4733032  0.4907230  0.4680217  0.4357868  0.4569340  0.4876636  0.4982924  0.4859544  0.4542293  0.4649980  0.4929314  0.4890539  0.4776404  0.4927671
 1  0.7287870  0.6827335  0.6564890  0.6491177  0.6525483  0.6605999  0.6614257  0.6667089  0.6750479  0.6827921  0.6962628  0.6968857  0.7051113  0.7127283  0.7108534  0.7121378  0.7127422  0.7133758  0.7157931  0.7200999  0.6984769  0.6716541  0.6725363  0.6875298  0.6984358  0.7030467  0.6989430
 2  0.5725221  0.5257448  0.5108600  0.5116039  0.5173245  0.5201227  0.5157037  0.5168844  0.5243645  0.5433046  0.5621727  0.5682137  0.5764964  0.5814844  0.5757380  0.5628901  0.5495134  0.5330591  0.5390734  0.5617602  0.5579370  0.5415879  0.5583800  0.5831086  0.5978489  0.5973938  0.5866261
 3  0.7521049  0.7089533  0.6807480  0.6697099  0.6706917  0.6781970  0.6783133  0.6829857  0.6917137  0.6989348  0.7142979  0.7155325  0.7226480  0.7316737  0.7294322  0.7292196  0.7292396  0.7288261  0.7301541  0.7370056  0.7178935  0.6906455  0.6903550  0.7069808  0.7194754  0.7245891  0.7187451
 4  0.4566462  0.4243713  0.4168401  0.4204516  0.4311419  0.4266207  0.4187613  0.4266898  0.4339656  0.4683069  0.4845881  0.4772641  0.4928608  0.4945317  0.4708492  0.4505939  0.4307944  0.4065386  0.4511992  0.4839183  0.4676993  0.4553360  0.4908651  0.5200899  0.5265273  0.5104204  0.4922173
 1  0.7305922  0.6848867  0.6519369  0.6432289  0.6592634  0.6718323  0.6800004  0.6607537  0.6412654  0.6339330  0.6440236  0.6568421  0.6710648  0.6824860  0.6855992  0.6890230  0.6789530  0.6796151  0.7008620  0.6979766  0.6894286  0.6880862  0.6806746  0.6748526  0.6682512  0.6531407  0.6491248
 2  0.5728104  0.5252798  0.5068577  0.5201266  0.5400110  0.5649367  0.5733770  0.5540966  0.5229619  0.5096281  0.5218837  0.5378253  0.5606322  0.5690817  0.5636364  0.5460679  0.5204165  0.5522152  0.5899960  0.5934271  0.5737849  0.5492637  0.5380250  0.5499232  0.5546779  0.5349729  0.5146494
 3  0.7534214  0.7108077  0.6763638  0.6632164  0.6782080  0.6894154  0.7001389  0.6829245  0.6602975  0.6513716  0.6612897  0.6740457  0.6890815  0.7023463  0.7051882  0.7064573  0.6952704  0.6948068  0.7209344  0.7205025  0.7099191  0.7055656  0.6973590  0.6932215  0.6884955  0.6737481  0.6672494
 4  0.4549219  0.4235101  0.4162402  0.4471222  0.4652784  0.4957438  0.5055117  0.4591657  0.4238770  0.4303297  0.4471424  0.4671905  0.4915666  0.4901293  0.4593545  0.4249712  0.4185508  0.4967931  0.5310882  0.5088133  0.4580139  0.4347267  0.4584072  0.4836899  0.4772556  0.4339069  0.4041024
 1  0.7291430  0.6827285  0.6611522  0.6557710  0.6497466  0.6553015  0.6873250  0.7207690  0.7086200  0.7039109  0.7061922  0.7069096  0.7022829  0.7021146  0.7205672  0.7139088  0.7049337  0.7006903  0.6830831  0.6676927  0.6600431  0.6469435  0.6679959  0.6839051  0.7080657  0.7028610  0.6977471
 2  0.5726204  0.5251685  0.5145308  0.5090622  0.4950886  0.4931588  0.5842903  0.6160121  0.6127330  0.5869163  0.5521638  0.5244365  0.4948997  0.5489329  0.5939332  0.6010046  0.5811791  0.5445225  0.4842119  0.4395773  0.4468546  0.4890999  0.5507782  0.5959785  0.6119546  0.6049321  0.5839471
 3  0.7522586  0.7089208  0.6852820  0.6766850  0.6677832  0.6711052  0.6992475  0.7446090  0.7325837  0.7230057  0.7227791  0.7225254  0.7165868  0.7153163  0.7404132  0.7357034  0.7246144  0.7177971  0.6982848  0.6814487  0.6740374  0.6614336  0.6848534  0.7024080  0.7315982  0.7257477  0.7164650
 4  0.4556339  0.4243245  0.4199645  0.4022249  0.3852404  0.3981185  0.5367309  0.5593294  0.5123092  0.4519660  0.4238959  0.3946578  0.3673174  0.4941484  0.5358662  0.5120039  0.4566700  0.3935014  0.3282516  0.3187556  0.3524669  0.4345620  0.4975777  0.5388991  0.5450924  0.5039640  0.4801157
 1  0.7281315  0.6824165  0.6577757  0.6517722  0.6544155  0.6741425  0.7040194  0.6972858  0.6735168  0.6552793  0.6508200  0.6340478  0.6109916  0.5929705  0.5737145  0.5485883  0.5527451  0.5943751  0.6360282  0.6860441  0.7026514  0.7033071  0.6894585  0.6833836  0.6750541  0.6616448  0.6523607
 2  0.5721117  0.5261938  0.5120980  0.5106381  0.5094301  0.5593335  0.5930783  0.5931259  0.5543327  0.5412222  0.5735708  0.5591159  0.5325270  0.5023122  0.4745858  0.4458940  0.4620334  0.5093508  0.5608149  0.5969140  0.6064335  0.5981177  0.5644779  0.5529073  0.5650694  0.5638853  0.5488313
 3  0.7515323  0.7085148  0.6818574  0.6724708  0.6725548  0.6882088  0.7247261  0.7194796  0.6937996  0.6722932  0.6678993  0.6592231  0.6349795  0.6129511  0.5919275  0.5662619  0.5667887  0.6098169  0.6521407  0.7050140  0.7251186  0.7244376  0.7085430  0.7008438  0.6933608  0.6840983  0.6746523
 4  0.4574745  0.4243489  0.4178239  0.4143041  0.4107313  0.5042553  0.5337842  0.5014656  0.4435007  0.4697793  0.5285078  0.5005511  0.4521324  0.4184203  0.3970534  0.3684911  0.4108013  0.4613210  0.5047221  0.5368864  0.5306111  0.4955682  0.4559115  0.4695805  0.5058928  0.4957443  0.4450912
 1  0.7302442  0.6876301  0.6432627  0.6253098  0.6396914  0.6466656  0.6534039  0.6537748  0.6549384  0.6606218  0.6587789  0.6603883  0.6737252  0.6836226  0.6935745  0.6943024  0.6918071  0.6982422  0.7169314  0.7117141  0.7025052  0.7007978  0.6846830  0.6717286  0.6588224  0.6211029  0.6464068
 2  0.5712935  0.5270284  0.4990649  0.5096830  0.5365048  0.5495458  0.5520194  0.5465840  0.5436350  0.5433666  0.5407444  0.5386158  0.5418515  0.5435764  0.5449705  0.5411966  0.5327795  0.5734416  0.6053612  0.6068299  0.5846630  0.5479611  0.4992418  0.4853577  0.5032615  0.5156347  0.5678933
 3  0.7530500  0.7132989  0.6677840  0.6449865  0.6582520  0.6661933  0.6727143  0.6733964  0.6734955  0.6792307  0.6774950  0.6785666  0.6918393  0.7002469  0.7103648  0.7116339  0.7081393  0.7135052  0.7383163  0.7345962  0.7227990  0.7177379  0.7000029  0.6867779  0.6754207  0.6390264  0.6624315
 4  0.4545673  0.4233061  0.4091292  0.4432491  0.4746580  0.4787713  0.4759531  0.4641846  0.4630564  0.4632245  0.4569668  0.4560754  0.4452168  0.4478830  0.4530912  0.4358117  0.4306169  0.5158088  0.5446569  0.5188640  0.4570544  0.4003527  0.3748204  0.3990442  0.4307153  0.4591545  0.5174449
 1  0.7289947  0.6824479  0.6454708  0.6318565  0.6423973  0.6616469  0.6764942  0.6823641  0.6897898  0.7066408  0.7031120  0.7021373  0.7068596  0.7100012  0.7076131  0.7065757  0.6976968  0.6864544  0.6757267  0.6801312  0.6872678  0.6983157  0.6967212  0.6978587  0.6916272  0.6872435  0.6945119
 2  0.5714732  0.5247021  0.5038493  0.5009499  0.5136463  0.5315912  0.5392001  0.5297165  0.5369991  0.5618479  0.5685737  0.5696488  0.5816928  0.5893988  0.5846097  0.5731401  0.5511016  0.5317443  0.5348764  0.5598534  0.5834138  0.5893427  0.5794442  0.5515450  0.5069956  0.4831916  0.5067600
 3  0.7522130  0.7088365  0.6703111  0.6530484  0.6604251  0.6784464  0.6939740  0.6994333  0.7043271  0.7238629  0.7222546  0.7198028  0.7249966  0.7303058  0.7276106  0.7247786  0.7154252  0.7041468  0.6919551  0.6985336  0.7066090  0.7192295  0.7171395  0.7152207  0.7069390  0.7015210  0.7082624
 4  0.4550080  0.4246142  0.4146190  0.4130657  0.4301642  0.4527808  0.4466689  0.4079954  0.4536426  0.4917723  0.4772430  0.4780187  0.5076104  0.5110814  0.4860542  0.4639272  0.4479101  0.4275157  0.4612110  0.4967724  0.5141824  0.5100166  0.4678928  0.4086695  0.3656205  0.3661752  0.4347544
 1  0.7296185  0.6841285  0.6637739  0.6586722  0.6706668  0.7026985  0.6994885  0.6978308  0.6834846  0.6697962  0.6582411  0.6346463  0.6298316  0.6187290  0.6503094  0.6981059  0.7004673  0.7100876  0.7156158  0.7012738  0.6704617  0.6404465  0.6116810  0.6134889  0.6528837  0.6703723  0.6926380
 2  0.5721330  0.5251804  0.5152300  0.5106010  0.5508943  0.5840228  0.5855064  0.5661518  0.5322535  0.5231941  0.5157530  0.4987277  0.4992181  0.4997600  0.5628264  0.5983708  0.6044165  0.6098600  0.6074054  0.5907630  0.5316334  0.4807645  0.4990763  0.5545674  0.5772444  0.5850349  0.5891274
 3  0.7524823  0.7098500  0.6875496  0.6794767  0.6859702  0.7220675  0.7205433  0.7160354  0.7002478  0.6871899  0.6768403  0.6528301  0.6464361  0.6371810  0.6638078  0.7190837  0.7227452  0.7290965  0.7382546  0.7236229  0.6897521  0.6570561  0.6254738  0.6320221  0.6756482  0.6903445  0.7124100
 4  0.4552526  0.4229797  0.4206978  0.4041261  0.4892165  0.5217469  0.4885653  0.4395058  0.4276936  0.4428807  0.4258092  0.4049076  0.4244359  0.4261865  0.5116494  0.5399456  0.5192669  0.5321101  0.5345781  0.4821390  0.3929862  0.3760247  0.4564390  0.5109833  0.5061178  0.5045328  0.5100265
 1  0.7295170  0.6852218  0.6514836  0.6381127  0.6360227  0.6353267  0.6285690  0.6355411  0.6534809  0.6705726  0.6867379  0.6965489  0.7037450  0.7105206  0.7123517  0.7123305  0.7114077  0.7159082  0.7119535  0.7086029  0.7056552  0.7022058  0.7028321  0.7052040  0.7058918  0.7020287  0.7064698
 2  0.5724068  0.5257959  0.5058341  0.5072506  0.5130267  0.5146631  0.5164193  0.5253678  0.5353151  0.5393677  0.5463343  0.5549296  0.5684952  0.5845876  0.5912582  0.5874925  0.5836587  0.5828618  0.5731733  0.5579818  0.5480415  0.5504742  0.5589977  0.5722745  0.5757400  0.5703659  0.5697227
 3  0.7523910  0.7109780  0.6758135  0.6587910  0.6546944  0.6537648  0.6457879  0.6537891  0.6720675  0.6871428  0.7034073  0.7136214  0.7208230  0.7293021  0.7321224  0.7318686  0.7296227  0.7346542  0.7309165  0.7255308  0.7219877  0.7195194  0.7201593  0.7232114  0.7252013  0.7205386  0.7241840
 4  0.4547988  0.4229388  0.4147611  0.4245368  0.4355074  0.4329760  0.4457557  0.4547824  0.4425077  0.4460378  0.4594942  0.4670539  0.4902526  0.5087874  0.5077015  0.4912924  0.4920080  0.4954402  0.4656599  0.4417673  0.4527550  0.4624058  0.4742458  0.4926176  0.4867376  0.4731875  0.4782858
 1  0.7294070  0.6855712  0.6430295  0.6201474  0.6196730  0.6287635  0.6432123  0.6563812  0.6733696  0.6901538  0.6992915  0.7035147  0.7040523  0.7075535  0.7144248  0.7086924  0.7056590  0.7070201  0.7047246  0.7060407  0.7103502  0.7077275  0.6917676  0.6755339  0.6714188  0.6930749  0.6829455
 2  0.5726944  0.5263729  0.5003648  0.4879970  0.4835360  0.4802126  0.4802101  0.4848261  0.5164448  0.5556594  0.5766609  0.5807505  0.5725758  0.5727664  0.5766448  0.5703527  0.5582606  0.5561404  0.5600046  0.5748197  0.5890028  0.5884664  0.5640011  0.5358944  0.5571889  0.5876505  0.5824267
 3  0.7523779  0.7112215  0.6674733  0.6417337  0.6384520  0.6452208  0.6588997  0.6712750  0.6877116  0.7070006  0.7182173  0.7227379  0.7226658  0.7245651  0.7330580  0.7275286  0.7225760  0.7240163  0.7223156  0.7237555  0.7302622  0.7279908  0.7114291  0.6941791  0.6864172  0.7141657  0.7059576
 4  0.4557622  0.4228491  0.4122661  0.3976966  0.3852917  0.3825369  0.3784546  0.3872983  0.4474471  0.4909603  0.4991660  0.4890671  0.4687232  0.4856250  0.4928147  0.4635092  0.4521627  0.4642932  0.4736640  0.5013736  0.5130825  0.4966796  0.4604754  0.4284252  0.4996265  0.5301566  0.4891920
 1  0.7290193  0.6837882  0.6605800  0.6551782  0.6614978  0.6764635  0.6782930  0.6808972  0.6847834  0.6911503  0.6958022  0.7029952  0.7015489  0.7076830  0.7015741  0.6962579  0.6947809  0.6918276  0.6957502  0.7035979  0.7071001  0.7103005  0.7039038  0.6957572  0.6876843  0.6784736  0.6606790
 2  0.5731135  0.5265721  0.5127974  0.5122154  0.5236769  0.5345753  0.5276715  0.5110187  0.5073155  0.5239253  0.5525665  0.5732219  0.5818499  0.5856180  0.5766257  0.5635915  0.5489463  0.5380978  0.5482252  0.5727190  0.5877368  0.5923885  0.5817055  0.5632851  0.5389827  0.5150710  0.4865910
 3  0.7523618  0.7098613  0.6845579  0.6756214  0.6789481  0.6938284  0.6956982  0.6966415  0.6995441  0.7068704  0.7122959  0.7217869  0.7206464  0.7269647  0.7214170  0.7149296  0.7126408  0.7088413  0.7117242  0.7218058  0.7267701  0.7299893  0.7239112  0.7148463  0.7053775  0.6954820  0.6772825
 4  0.4573780  0.4241020  0.4163624  0.4157554  0.4405314  0.4459257  0.4149199  0.3858434  0.4100384  0.4428969  0.4816485  0.4962804  0.4989864  0.5014149  0.4825308  0.4619032  0.4433981  0.4332191  0.4713401  0.5036473  0.5095133  0.5066618  0.4876249  0.4559660  0.4270511  0.4011200  0.3753019
 1  0.7286387  0.6826092  0.6545960  0.6457934  0.6406668  0.6423142  0.6601165  0.6715696  0.6872377  0.6917545  0.6884383  0.6961010  0.7020805  0.6995481  0.6974049  0.7029269  0.6939793  0.6859841  0.6881711  0.6827608  0.6756910  0.6663992  0.6504634  0.6550821  0.6585301  0.6545231  0.6756005
 2  0.5727279  0.5259170  0.5093966  0.5041959  0.4893162  0.4867587  0.5099574  0.5422042  0.5698342  0.5772173  0.5733846  0.5793222  0.5844008  0.5760201  0.5657823  0.5638762  0.5497481  0.5443641  0.5690354  0.5777622  0.5665451  0.5337444  0.4937274  0.5016353  0.5225330  0.5417372  0.5663429
 3  0.7520377  0.7088497  0.6789240  0.6667935  0.6593305  0.6580528  0.6754436  0.6881999  0.7054923  0.7120891  0.7077328  0.7146515  0.7223068  0.7194013  0.7150876  0.7209313  0.7126844  0.7025847  0.7057317  0.7045270  0.6973402  0.6855452  0.6665552  0.6702364  0.6759699  0.6720377  0.6944931
 4  0.4570261  0.4243655  0.4158024  0.4052508  0.3770950  0.3963373  0.4378788  0.4758335  0.5018088  0.4944913  0.4850056  0.5037436  0.5038550  0.4741302  0.4689727  0.4746756  0.4442501  0.4577702  0.5089242  0.5080843  0.4654269  0.4005697  0.3865111  0.4322135  0.4507510  0.4756796  0.4970293
 1  0.7283148  0.6831720  0.6523960  0.6403435  0.6458895  0.6697617  0.6854975  0.6887884  0.6973113  0.7133650  0.7083883  0.7037938  0.6898810  0.6736414  0.6906644  0.7095331  0.6963420  0.6936134  0.6768910  0.6907543  0.6770974  0.6645610  0.6651729  0.6761028  0.6489345  0.5945885  0.5712028
 2  0.5733267  0.5264931  0.5078219  0.5006208  0.5121050  0.5411043  0.5571628  0.5508938  0.5557002  0.5700549  0.5657542  0.5466410  0.5124670  0.4997863  0.5844376  0.6108111  0.6050339  0.5800797  0.5627592  0.5835419  0.5753891  0.5501632  0.5381489  0.5478878  0.5359675  0.5032550  0.5085595
 3  0.7516587  0.7091073  0.6766258  0.6615372  0.6633410  0.6860341  0.7038309  0.7069600  0.7127200  0.7309779  0.7272494  0.7206247  0.7059974  0.6889209  0.7045484  0.7349631  0.7208205  0.7134742  0.6928347  0.7116023  0.6999963  0.6845514  0.6825330  0.6934978  0.6688342  0.6143987  0.5861109
 4  0.4576247  0.4237749  0.4159958  0.4036708  0.4294691  0.4726968  0.4747290  0.4360380  0.4673545  0.4921278  0.4600909  0.4163349  0.3841363  0.4134148  0.5385555  0.5525603  0.5073339  0.4528490  0.4942181  0.5251874  0.4863315  0.4413594  0.4496510  0.4742141  0.4626219  0.4348772  0.4650484
 1  0.7288068  0.6821140  0.6496010  0.6447375  0.6598544  0.6737994  0.6860543  0.6611283  0.6238014  0.5820604  0.5424279  0.6638845  0.7240996  0.7061771  0.6843816  0.6857331  0.6557400  0.6381918  0.6751973  0.6719603  0.6618828  0.6580858  0.6416864  0.6209665  0.6306076  0.6439343  0.6842941
 2  0.5718598  0.5247055  0.5073684  0.5302444  0.5593301  0.5892735  0.5933545  0.5645704  0.4981170  0.4288607  0.4137080  0.6168704  0.6325265  0.6245905  0.5842676  0.5574329  0.5208526  0.5317730  0.5737093  0.5722175  0.5474616  0.5212726  0.4855777  0.4585957  0.4754586  0.5237893  0.5800428
 3  0.7519277  0.7081572  0.6740934  0.6642068  0.6790288  0.6926721  0.7092979  0.6852899  0.6442920  0.5990325  0.5564993  0.6646340  0.7532727  0.7325953  0.7050034  0.7043266  0.6749919  0.6526263  0.6945929  0.6940478  0.6815766  0.6761620  0.6590901  0.6368688  0.6461706  0.6583309  0.7015191
 4  0.4558752  0.4239608  0.4187988  0.4646504  0.4998727  0.5291597  0.5281313  0.4608800  0.3632709  0.3239660  0.3583113  0.5653646  0.5767346  0.5286968  0.4697629  0.4582428  0.4226733  0.4799724  0.5165433  0.4848046  0.4412611  0.4112842  0.3743057  0.3691778  0.3962624  0.4716628  0.5255679
 1  0.7290677  0.6862388  0.6425739  0.6234871  0.6394896  0.6607766  0.6709138  0.6767679  0.6856432  0.6896106  0.6865111  0.6778060  0.6760912  0.6846785  0.6762728  0.6652945  0.6832327  0.6950578  0.6958231  0.6933299  0.6782172  0.6668607  0.6832816  0.6867735  0.6941656  0.7054454  0.7216455
 2  0.5727112  0.5281024  0.4988152  0.5019496  0.5368442  0.5602965  0.5632696  0.5563311  0.5520490  0.5544756  0.5572352  0.5532439  0.5527211  0.5539394  0.5394032  0.5237203  0.5450739  0.5650869  0.5656779  0.5531600  0.5211778  0.5136438  0.5434451  0.5592768  0.5642283  0.5879277  0.6075605
 3  0.7524285  0.7122459  0.6671533  0.6435231  0.6567003  0.6802152  0.6910340  0.6948278  0.7031219  0.7072099  0.7045572  0.6974624  0.6944857  0.7026086  0.6952272  0.6822105  0.6993186  0.7133466  0.7147510  0.7115934  0.6955422  0.6824484  0.7001686  0.7054165  0.7124623  0.7219601  0.7426551
 4  0.4570490  0.4243603  0.4066779  0.4293772  0.4789363  0.4934794  0.4716281  0.4586362  0.4624698  0.4693502  0.4792745  0.4672114  0.4633263  0.4673568  0.4357469  0.4289443  0.4731988  0.4887578  0.4720222  0.4396819  0.4021914  0.4363659  0.4753687  0.4782513  0.4685896  0.5178504  0.5423334
 1  0.7285444  0.6845489  0.6537460  0.6495410  0.6751880  0.6797542  0.6746686  0.6704124  0.6438081  0.6154002  0.6237689  0.6343569  0.6578577  0.6696663  0.6873691  0.7026795  0.7035441  0.7082353  0.7104692  0.7087078  0.7058600  0.7067217  0.7157902  0.7071542  0.6969719  0.6974392  0.6881596
 2  0.5715557  0.5269665  0.5075455  0.5322122  0.5588354  0.5627953  0.5428810  0.5228598  0.4963919  0.4941084  0.5212499  0.5394327  0.5546291  0.5563177  0.5682491  0.5794045  0.5795519  0.5786260  0.5770393  0.5684127  0.5479051  0.5493899  0.5725936  0.5785513  0.5750138  0.5712204  0.5576695
 3  0.7518726  0.7105461  0.6779823  0.6684183  0.6947415  0.6994602  0.6925836  0.6880024  0.6609698  0.6322413  0.6416669  0.6525861  0.6776146  0.6881797  0.7042833  0.7218341  0.7226887  0.7262266  0.7290743  0.7272051  0.7230692  0.7216027  0.7335260  0.7275063  0.7158595  0.7170221  0.7075949
 4  0.4567600  0.4241813  0.4133308  0.4672166  0.4884398  0.4665270  0.4379152  0.4168269  0.4077017  0.4332680  0.4580836  0.4778037  0.4740745  0.4641635  0.4925261  0.5011726  0.4858955  0.4870919  0.4868576  0.4633123  0.4182912  0.4612358  0.5057117  0.4924320  0.4869935  0.4841689  0.4539538
 1  0.7296366  0.6855762  0.6491741  0.6378541  0.6592994  0.6753931  0.6917053  0.6941110  0.7034134  0.7031419  0.6961905  0.6974371  0.6794397  0.6555407  0.6324749  0.6176966  0.6438491  0.6729094  0.6868373  0.6939861  0.6936766  0.6814350  0.6527326  0.6699814  0.6906580  0.6841233  0.6553782
 2  0.5720962  0.5265683  0.5040911  0.5160388  0.5427653  0.5677439  0.5785359  0.5822975  0.5822133  0.5712004  0.5493075  0.5379477  0.5257338  0.5035854  0.4907059  0.4978161  0.5352334  0.5656632  0.5775812  0.5823774  0.5744513  0.5530721  0.5315950  0.5779989  0.5962755  0.5833962  0.5306228
 3  0.7526637  0.7116277  0.6737558  0.6576849  0.6778692  0.6934336  0.7112506  0.7134580  0.7227200  0.7223733  0.7133471  0.7137333  0.6969800  0.6732346  0.6493254  0.6340404  0.6603181  0.6907534  0.7065335  0.7130446  0.7136979  0.7014722  0.6691554  0.6871081  0.7136428  0.7064232  0.6746830
 4  0.4551399  0.4242029  0.4119425  0.4447371  0.4723591  0.4970767  0.5011086  0.4979930  0.4946982  0.4624174  0.4346197  0.4400437  0.4313087  0.4042048  0.4063346  0.4342431  0.4726830  0.4988971  0.4984566  0.4993756  0.4883573  0.4424859  0.4596815  0.5290725  0.5281622  0.4768375  0.4093961
 1  0.7284429  0.6853761  0.6599438  0.6532868  0.6558948  0.6639868  0.6699994  0.6739173  0.6733450  0.6710874  0.6741057  0.6850176  0.6915504  0.7062279  0.6992033  0.6976806  0.7004043  0.7016044  0.7030890  0.7017577  0.7002459  0.6998481  0.7090636  0.7135918  0.7126484  0.7080509  0.7082627
 2  0.5730610  0.5279833  0.5106913  0.5111847  0.5189106  0.5265666  0.5232084  0.5133936  0.5112943  0.5184655  0.5379799  0.5565844  0.5798652  0.5925580  0.5865389  0.5742679  0.5639553  0.5574261  0.5499489  0.5454675  0.5382872  0.5465488  0.5726269  0.5909269  0.5917392  0.5756214  0.5636472
 3  0.7519268  0.7113701  0.6838613  0.6733967  0.6737103  0.6816195  0.6873391  0.6899464  0.6888453  0.6881271  0.6908676  0.7031098  0.7096157  0.7266454  0.7201719  0.7166323  0.7185776  0.7191499  0.7201716  0.7186821  0.7167763  0.7159669  0.7264119  0.7330336  0.7330586  0.7271667  0.7243403
 4  0.4576491  0.4240232  0.4118792  0.4186058  0.4364055  0.4390309  0.4162578  0.4020476  0.4235730  0.4355997  0.4621899  0.4815470  0.5097013  0.5191382  0.4932088  0.4741718  0.4654021  0.4576467  0.4493526  0.4405601  0.4338576  0.4636630  0.5021837  0.5163693  0.5001519  0.4533401  0.4638545
 1  0.7277919  0.6820969  0.6429331  0.6316930  0.6457276  0.6467109  0.6404700  0.6342042  0.6171571  0.5982224  0.6631852  0.6682350  0.6771221  0.6917289  0.6977106  0.7070274  0.7085137  0.7059155  0.7042330  0.7055552  0.7064744  0.7089923  0.7011541  0.7033540  0.6943873  0.6822392  0.6795334
 2  0.5737728  0.5269579  0.5017709  0.5200895  0.5526066  0.5557607  0.5399436  0.5164432  0.4879357  0.5168495  0.5694465  0.5738809  0.5692866  0.5672649  0.5721166  0.5828391  0.5877381  0.5790401  0.5649635  0.5557597  0.5540820  0.5532675  0.5535427  0.5652471  0.5654389  0.5528047  0.5382158
 3  0.7515671  0.7084518  0.6675278  0.6507737  0.6643445  0.6686179  0.6615460  0.6529766  0.6349815  0.6108646  0.6821820  0.6902276  0.6958984  0.7099157  0.7156852  0.7256135  0.7286534  0.7253002  0.7218763  0.7228979  0.7233016  0.7261231  0.7180707  0.7209329  0.7140938  0.7013179  0.6973258
 4  0.4588903  0.4247927  0.4108647  0.4566679  0.4982878  0.4840494  0.4458971  0.4177406  0.3988941  0.4769668  0.5160787  0.4874977  0.4742740  0.4785644  0.4908920  0.5080957  0.5022069  0.4744161  0.4601260  0.4550537  0.4589794  0.4533563  0.4633296  0.4888161  0.4795711  0.4521496  0.4348323
 1  0.7298005  0.6869835  0.6607704  0.6515960  0.6505130  0.6607620  0.6713115  0.6738258  0.6722581  0.6742017  0.6994417  0.7051124  0.7044809  0.7043544  0.7094175  0.7189300  0.6969777  0.6722479  0.6202606  0.6379547  0.6958635  0.7021375  0.6893838  0.6773837  0.6517847  0.6449051  0.6397008
 2  0.5740700  0.5276939  0.5110117  0.5082906  0.5126523  0.5286392  0.5398566  0.5327226  0.5086719  0.5175645  0.5611936  0.5813994  0.5773113  0.5598182  0.5637131  0.5798064  0.5685511  0.5328589  0.4975689  0.5820866  0.6143169  0.6176689  0.5955519  0.5676119  0.5270232  0.5156787  0.5215393
 3  0.7528205  0.7124562  0.6845494  0.6722165  0.6683932  0.6777460  0.6892460  0.6918568  0.6891033  0.6882393  0.7160851  0.7247466  0.7236413  0.7217129  0.7249143  0.7376646  0.7178786  0.6915015  0.6365189  0.6490528  0.7197440  0.7264300  0.7123915  0.6989906  0.6707236  0.6620292  0.6579205
 4  0.4569187  0.4228657  0.4157622  0.4129015  0.4274705  0.4535115  0.4551027  0.4240206  0.3770871  0.4451555  0.5027036  0.5016850  0.4690399  0.4374727  0.4837294  0.5083465  0.4703944  0.4122214  0.4320440  0.5416799  0.5564782  0.5420984  0.5090127  0.4619535  0.4258696  0.4395954  0.4492366
 1  0.7283085  0.6840857  0.6580841  0.6719636  0.7084222  0.7010621  0.6934509  0.6948871  0.6933815  0.6891112  0.6825063  0.6835729  0.6836582  0.6760116  0.6793034  0.6879835  0.7107172  0.7047041  0.6894193  0.6932974  0.6697492  0.6253625  0.6200507  0.6485873  0.6553299  0.6609606  0.6669514
 2  0.5726575  0.5268711  0.5106468  0.5766874  0.6061812  0.6034290  0.5675999  0.5199022  0.4844316  0.4711040  0.4937657  0.5262550  0.5476178  0.5492166  0.5475607  0.5740575  0.5982974  0.5968698  0.5756330  0.5706881  0.5480502  0.4925821  0.4941318  0.5336681  0.5514379  0.5549898  0.5573390
 3  0.7516802  0.7099972  0.6820673  0.6876614  0.7316701  0.7243549  0.7124136  0.7100905  0.7071776  0.7032953  0.6970008  0.6991836  0.7016563  0.6946396  0.6977733  0.7038043  0.7314980  0.7270701  0.7086130  0.7120983  0.6908855  0.6457012  0.6353181  0.6650612  0.6745513  0.6802307  0.6860850
 4  0.4573648  0.4236758  0.4151504  0.5239762  0.5471814  0.5008659  0.4109376  0.3616485  0.3635820  0.3666030  0.4043576  0.4557062  0.4705081  0.4640569  0.4508329  0.5088685  0.5358031  0.5040197  0.4782152  0.4908928  0.4555167  0.3793128  0.4249568  0.4777779  0.4812218  0.4764865  0.4748854
 1  0.7276216  0.6799711  0.6519670  0.6430551  0.6466152  0.6610296  0.6748515  0.6840942  0.6909281  0.6854858  0.6884139  0.6938338  0.6977888  0.7034936  0.7105151  0.7097946  0.7046789  0.7092478  0.7109823  0.7071374  0.6968209  0.6906059  0.6771194  0.6633477  0.6815635  0.6864540  0.6931931
 2  0.5713430  0.5245389  0.5095055  0.5047869  0.5050790  0.5146029  0.5231339  0.5356664  0.5493217  0.5486666  0.5419268  0.5297936  0.5214695  0.5348079  0.5670475  0.5816721  0.5838996  0.5906388  0.5936717  0.5865760  0.5662171  0.5503205  0.5325294  0.5303989  0.5500535  0.5530492  0.5508353
 3  0.7511091  0.7064469  0.6764803  0.6642242  0.6646849  0.6772363  0.6912657  0.6999198  0.7079604  0.7044534  0.7059778  0.7098221  0.7131267  0.7183990  0.7275306  0.7294932  0.7239444  0.7282672  0.7315082  0.7273568  0.7157463  0.7085254  0.6951466  0.6805144  0.6992915  0.7049239  0.7099826
 4  0.4565952  0.4247408  0.4179051  0.4075717  0.4086234  0.4273560  0.4302602  0.4491342  0.4710976  0.4550470  0.4270427  0.4116822  0.4116517  0.4543619  0.4985827  0.5012583  0.4967996  0.5130243  0.5133492  0.4899144  0.4617505  0.4514371  0.4376333  0.4538666  0.4718972  0.4552631  0.4484325
 1  0.7295355  0.6833054  0.6577546  0.6488922  0.6438660  0.6617542  0.6282816  0.5683924  0.6296430  0.6478961  0.6444048  0.6634789  0.6828576  0.6632211  0.6274072  0.6033066  0.6140835  0.5934900  0.6314641  0.6541329  0.6735868  0.6949534  0.7138514  0.7178553  0.7047373  0.7016460  0.7068229
 2  0.5725281  0.5249292  0.5116186  0.5086880  0.5196398  0.5424107  0.5198367  0.5009186  0.5644732  0.5672360  0.5582644  0.5760018  0.5919718  0.5738479  0.5296628  0.5072644  0.5234811  0.5174475  0.5407798  0.5484138  0.5532807  0.5746987  0.5992378  0.6042308  0.5827691  0.5681099  0.5708034
 3  0.7525048  0.7090707  0.6817913  0.6699194  0.6612138  0.6799060  0.6496285  0.5825817  0.6465046  0.6720015  0.6671409  0.6798888  0.7047550  0.6879205  0.6496221  0.6209586  0.6316475  0.6134875  0.6506287  0.6730004  0.6908874  0.7114658  0.7332043  0.7392695  0.7250068  0.7184693  0.7253530
 4  0.4559979  0.4229972  0.4199941  0.4127029  0.4483019  0.4744159  0.4371086  0.4590119  0.5196433  0.5033197  0.4673794  0.5105222  0.5357299  0.4946010  0.4343539  0.4380239  0.4678511  0.4582364  0.4667598  0.4604817  0.4646525  0.5053681  0.5319697  0.5192233  0.4646309  0.4730064  0.4939626
 1  0.7297679  0.6837130  0.6538684  0.6445162  0.6520362  0.6576618  0.6699264  0.6978158  0.7014104  0.7024836  0.7045259  0.7120442  0.7038057  0.6924865  0.6741956  0.6692350  0.6783631  0.6811947  0.6925877  0.6806452  0.6536714  0.6410261  0.6312983  0.6266026  0.6402248  0.6732278  0.6929389
 2  0.5727351  0.5256898  0.5084258  0.5102394  0.5150033  0.5082766  0.5326852  0.5710276  0.5839590  0.5793875  0.5777796  0.5831451  0.5724605  0.5473839  0.5128404  0.5201371  0.5438740  0.5704001  0.5843300  0.5700890  0.5244900  0.4914001  0.4785665  0.4843275  0.5254104  0.5666015  0.5867195
 3  0.7529215  0.7098162  0.6782037  0.6651470  0.6705927  0.6750920  0.6840889  0.7154475  0.7216591  0.7215042  0.7222386  0.7310930  0.7236774  0.7108381  0.6905798  0.6849260  0.6960842  0.6988712  0.7131690  0.7025439  0.6728593  0.6579892  0.6480647  0.6422260  0.6559652  0.6907209  0.7125316
 4  0.4563384  0.4239990  0.4157611  0.4233763  0.4217519  0.3977399  0.4653379  0.5104205  0.5004243  0.4780719  0.4918859  0.5027562  0.4726368  0.4200438  0.4032492  0.4503547  0.4728167  0.5036535  0.5146717  0.4685799  0.4059065  0.3895130  0.3887976  0.4142295  0.4678626  0.5045226  0.5129731
 1  0.7307883  0.6902578  0.6632074  0.6525883  0.6530570  0.6583358  0.6622349  0.6645449  0.6882499  0.7146637  0.7050559  0.7012867  0.6934209  0.6948094  0.6902698  0.6751548  0.6743875  0.6755590  0.6840493  0.6892998  0.6924580  0.6951664  0.6937990  0.6832297  0.6810833  0.7055569  0.7301504
 2  0.5721036  0.5278407  0.5099334  0.5066830  0.5056418  0.5035418  0.4969240  0.4991763  0.5815109  0.6127204  0.6109799  0.5862401  0.5425015  0.5215796  0.5155029  0.5189115  0.5350494  0.5532619  0.5675186  0.5719804  0.5669156  0.5621879  0.5579834  0.5472458  0.5369883  0.6046419  0.6256819
 3  0.7532927  0.7151701  0.6866328  0.6730240  0.6712127  0.6750730  0.6783786  0.6798398  0.7012557  0.7387508  0.7291042  0.7213066  0.7102007  0.7101306  0.7064911  0.6919374  0.6912564  0.6938229  0.7030220  0.7087069  0.7115452  0.7127054  0.7119359  0.7023270  0.6986934  0.7192044  0.7554305
 4  0.4546830  0.4210379  0.4131353  0.4114579  0.4076116  0.4025405  0.3898951  0.4088860  0.5339482  0.5554103  0.5165752  0.4507986  0.4091369  0.4202988  0.4233642  0.4303438  0.4603008  0.4822241  0.4911974  0.4870726  0.4686213  0.4686277  0.4732992  0.4502418  0.4317864  0.5488700  0.5675422
 1  0.7303903  0.6872068  0.6643822  0.6595431  0.6705129  0.6801862  0.6753737  0.6736850  0.6847550  0.6841936  0.6943827  0.6922040  0.6944948  0.7018352  0.7025131  0.7042428  0.7149107  0.7145495  0.7200127  0.7175628  0.7155523  0.7178528  0.7133451  0.7134567  0.7063340  0.7020206  0.7069561
 2  0.5724657  0.5261880  0.5132242  0.5233466  0.5409327  0.5484876  0.5336196  0.5292394  0.5405977  0.5522185  0.5632648  0.5580788  0.5483135  0.5428988  0.5366783  0.5437818  0.5645810  0.5805693  0.5880296  0.5861341  0.5785938  0.5714249  0.5673387  0.5593192  0.5435441  0.5235872  0.5242818
 3  0.7530171  0.7125659  0.6880386  0.6794224  0.6887915  0.6985762  0.6932223  0.6898426  0.7019774  0.7017065  0.7126409  0.7112419  0.7113622  0.7180965  0.7192014  0.7193042  0.7321659  0.7324354  0.7387134  0.7367277  0.7332987  0.7356389  0.7308911  0.7308557  0.7235092  0.7174431  0.7217227
 4  0.4545642  0.4220062  0.4175842  0.4408908  0.4629393  0.4562003  0.4249999  0.4424040  0.4591699  0.4728581  0.4808754  0.4538044  0.4386323  0.4431392  0.4237276  0.4590230  0.4851413  0.4976976  0.5034001  0.4867704  0.4782928  0.4734601  0.4684148  0.4555560  0.4189558  0.4000445  0.4267343
 1  0.7296366  0.6850449  0.6606103  0.6542155  0.6574162  0.6688104  0.6761494  0.6851101  0.6887668  0.6942868  0.6966327  0.6980135  0.6993995  0.7002104  0.7134286  0.7182606  0.7155387  0.7191841  0.7178004  0.7125798  0.7021978  0.7067964  0.7084581  0.7098993  0.7120605  0.7120234  0.7061146
 2  0.5735597  0.5268509  0.5123707  0.5113189  0.5159764  0.5246544  0.5350039  0.5422579  0.5423830  0.5379233  0.5336389  0.5336909  0.5290178  0.5378128  0.5682948  0.5877581  0.5934293  0.5973940  0.5938378  0.5772891  0.5605994  0.5723075  0.5815969  0.5825314  0.5800327  0.5744751  0.5564318
 3  0.7528274  0.7109904  0.6845958  0.6747401  0.6752215  0.6857323  0.6927496  0.7024189  0.7061262  0.7106877  0.7128127  0.7142620  0.7157942  0.7154566  0.7297263  0.7375955  0.7347619  0.7383983  0.7380149  0.7316668  0.7186370  0.7249347  0.7280889  0.7283589  0.7305102  0.7305074  0.7239994
 4  0.4567928  0.4240181  0.4166073  0.4147995  0.4262841  0.4361123  0.4508360  0.4527819  0.4400628  0.4311546  0.4321366  0.4342827  0.4170670  0.4470626  0.5003415  0.5104027  0.5061005  0.5143474  0.5028305  0.4585577  0.4673249  0.5017463  0.4960387  0.4881983  0.4878830  0.4754237  0.4437926
 1  0.7302785  0.6870950  0.6599047  0.6544083  0.6679826  0.6787665  0.6890077  0.6920141  0.6865590  0.6882045  0.6897500  0.6915388  0.6784888  0.6645525  0.6763270  0.6870196  0.6891651  0.6985495  0.6858727  0.6808892  0.6803828  0.7004670  0.7010923  0.6996395  0.6858256  0.6811102  0.6772040
 2  0.5733585  0.5267900  0.5104364  0.5227704  0.5421666  0.5595866  0.5705102  0.5698760  0.5558102  0.5435266  0.5407146  0.5404747  0.5298828  0.5238208  0.5475594  0.5657713  0.5797636  0.5861565  0.5742724  0.5567219  0.5711685  0.5933902  0.5953278  0.5743836  0.5202749  0.4875745  0.4915340
 3  0.7530235  0.7126356  0.6838585  0.6742480  0.6865333  0.6968185  0.7074173  0.7116683  0.7052089  0.7054091  0.7066197  0.7085535  0.6962485  0.6817140  0.6930363  0.7059508  0.7078460  0.7190856  0.7067269  0.7000652  0.6968730  0.7213268  0.7231510  0.7188048  0.7021695  0.6955563  0.6918770
 4  0.4550866  0.4227626  0.4159416  0.4445840  0.4659039  0.4817757  0.4938869  0.4790387  0.4508705  0.4419100  0.4475186  0.4480870  0.4326122  0.4385412  0.4789743  0.4917443  0.5066584  0.5096690  0.4820852  0.4581878  0.5063572  0.5316172  0.5021724  0.4360836  0.3706553  0.3726740  0.4146835
 1  0.7293163  0.6858686  0.6605563  0.6557478  0.6621725  0.6629999  0.6580357  0.6580728  0.6719015  0.6810416  0.6938762  0.7099754  0.7051910  0.7025393  0.7004904  0.6988361  0.7042819  0.7013320  0.6945840  0.6988308  0.7178079  0.7156585  0.7100333  0.7141758  0.7096221  0.7098822  0.7064360
 2  0.5744903  0.5275923  0.5118461  0.5217027  0.5333355  0.5290068  0.5069774  0.4958286  0.5175852  0.5397729  0.5739023  0.5918797  0.5863618  0.5657146  0.5382504  0.5227421  0.5275945  0.5335392  0.5276028  0.5661507  0.6032457  0.6103314  0.6041929  0.5962153  0.5847598  0.5690670  0.5479279
 3  0.7524203  0.7115102  0.6844153  0.6756812  0.6808930  0.6819247  0.6753060  0.6734450  0.6873572  0.6981965  0.7107833  0.7299273  0.7257217  0.7206869  0.7170728  0.7141925  0.7196826  0.7180617  0.7109348  0.7137160  0.7383174  0.7383166  0.7305036  0.7343970  0.7291253  0.7281115  0.7236174
 4  0.4571711  0.4233741  0.4168052  0.4403190  0.4535488  0.4272157  0.3875546  0.4009236  0.4443563  0.4645231  0.5053672  0.5179433  0.4853811  0.4430201  0.4118446  0.4156910  0.4371042  0.4307283  0.4191981  0.5067867  0.5436376  0.5297140  0.5135516  0.5059881  0.4858652  0.4597513  0.4201074
 1  0.7296147  0.6875420  0.6552575  0.6457926  0.6639244  0.6782664  0.6729390  0.6662110  0.6662898  0.6892897  0.7080039  0.7100351  0.7019450  0.6996006  0.6806139  0.6656800  0.6555791  0.6329738  0.6541653  0.6663989  0.6768233  0.6842192  0.6792530  0.6734814  0.6882408  0.7040388  0.6950585
 2  0.5737913  0.5281508  0.5063347  0.5151740  0.5431099  0.5557698  0.5390926  0.5075448  0.5100601  0.5691919  0.6024974  0.6073345  0.5896925  0.5650839  0.5288865  0.5179497  0.5185606  0.5105830  0.5266102  0.5339694  0.5355462  0.5383573  0.5422584  0.5548385  0.5863395  0.6006840  0.5890912
 3  0.7527116  0.7132616  0.6793689  0.6655789  0.6818685  0.6972420  0.6916219  0.6831274  0.6807967  0.7051479  0.7290155  0.7322752  0.7225952  0.7180239  0.6978902  0.6825899  0.6739040  0.6512339  0.6715775  0.6838670  0.6936485  0.7010528  0.6965305  0.6921132  0.7069769  0.7255582  0.7172762
 4  0.4563463  0.4233721  0.4103782  0.4378653  0.4738228  0.4702113  0.4255637  0.3793807  0.4352046  0.5193531  0.5392931  0.5225018  0.4829819  0.4463493  0.4242239  0.4374230  0.4361088  0.4323583  0.4438894  0.4434424  0.4421442  0.4462641  0.4642131  0.4883679  0.5222437  0.5301327  0.4949159
 1  0.7292546  0.6838950  0.6541256  0.6467556  0.6551227  0.6614983  0.6698992  0.6796152  0.6618912  0.6487133  0.6586641  0.6589074  0.6825705  0.7074598  0.7033595  0.7072202  0.7047494  0.7015529  0.6841297  0.6679589  0.6637529  0.6721793  0.6597559  0.6570862  0.6924840  0.6964450  0.7002589
 2  0.5718989  0.5260567  0.5087579  0.5147132  0.5250206  0.5299738  0.5375306  0.5431907  0.5279356  0.5233927  0.5358082  0.5360102  0.5723548  0.5948626  0.5951495  0.5890620  0.5792584  0.5676318  0.5385304  0.5146520  0.5263573  0.5524143  0.5480258  0.5616453  0.5885027  0.5922820  0.5837693
 3  0.7524902  0.7101951  0.6785837  0.6670620  0.6736604  0.6793993  0.6865717  0.6974371  0.6803092  0.6659024  0.6772399  0.6771943  0.6982818  0.7280753  0.7242713  0.7264304  0.7240532  0.7203787  0.7025845  0.6852345  0.6791488  0.6910586  0.6804538  0.6733240  0.7127982  0.7176389  0.7192817
 4  0.4556608  0.4248787  0.4149947  0.4313077  0.4420891  0.4400382  0.4553659  0.4554120  0.4353815  0.4507896  0.4565615  0.4493116  0.5098308  0.5273567  0.5055281  0.4958390  0.4872916  0.4676041  0.4287527  0.4075860  0.4616009  0.4879427  0.4599202  0.5000673  0.5243123  0.5038388  0.4857938
 1  0.7268804  0.6807195  0.6508001  0.6406922  0.6501077  0.6604515  0.6688948  0.6774372  0.6935844  0.6997986  0.7030033  0.7117669  0.7104593  0.7094263  0.7094844  0.7209695  0.7333390  0.7195196  0.7090037  0.7112032  0.7069896  0.6990861  0.6917046  0.6903230  0.6981067  0.6876569  0.6704435
 2  0.5720317  0.5262093  0.5077023  0.5049192  0.5091091  0.5078284  0.4990321  0.5062135  0.5385287  0.5580506  0.5722178  0.5796910  0.5749377  0.5554921  0.5307450  0.5780044  0.6101046  0.6113381  0.5868467  0.5598388  0.5383686  0.5207511  0.5177027  0.5416817  0.5668563  0.5623363  0.5328027
 3  0.7507258  0.7073971  0.6753676  0.6613680  0.6682922  0.6772334  0.6845394  0.6918649  0.7089938  0.7179179  0.7205724  0.7301747  0.7293494  0.7265973  0.7248026  0.7345895  0.7553030  0.7425734  0.7283130  0.7276433  0.7233588  0.7151857  0.7073912  0.7057174  0.7167790  0.7081161  0.6889987
 4  0.4578270  0.4254919  0.4130410  0.4138126  0.4133610  0.4023381  0.3834230  0.4170289  0.4692518  0.4758023  0.4861076  0.4943790  0.4707989  0.4251806  0.3935677  0.5198585  0.5518613  0.5156683  0.4540797  0.4385583  0.4312506  0.4111722  0.4130487  0.4727038  0.4981350  0.4631224  0.4136224
 1  0.7276814  0.6792428  0.5869314  0.5589141  0.6529102  0.6690482  0.6637062  0.6742800  0.6557603  0.6249360  0.6272473  0.6459254  0.6501227  0.6511914  0.6706111  0.6692482  0.6851869  0.7086873  0.7019431  0.7019540  0.6815019  0.6620110  0.6425733  0.6211513  0.6462043  0.6525502  0.6593744
 2  0.5706466  0.5246105  0.4714372  0.5179616  0.5769358  0.5852811  0.5713991  0.5687819  0.5436171  0.4990143  0.5009663  0.5290733  0.5405154  0.5508545  0.5629098  0.5545050  0.5740468  0.5921690  0.5887549  0.5756612  0.5519855  0.5360057  0.5128873  0.4986435  0.5221704  0.5265892  0.5180117
 3  0.7513709  0.7062406  0.6125237  0.5695307  0.6729145  0.6917896  0.6833966  0.6941115  0.6772857  0.6443916  0.6428493  0.6628800  0.6690361  0.6691593  0.6904446  0.6891794  0.7012067  0.7290147  0.7229342  0.7206297  0.7002031  0.6813283  0.6623314  0.6382075  0.6627740  0.6714440  0.6767660
 4  0.4564608  0.4263262  0.4006800  0.4859311  0.5255185  0.5049741  0.4891893  0.4931153  0.4481753  0.3925538  0.4298964  0.4673594  0.4667242  0.4834430  0.4869040  0.4570281  0.5042440  0.5236632  0.4941531  0.4716645  0.4640258  0.4534466  0.4144566  0.4202144  0.4542779  0.4366444  0.4054404
 1  0.7288869  0.6824790  0.6599836  0.6550112  0.6657165  0.6949000  0.6949079  0.6930742  0.6915027  0.6933861  0.6810194  0.6646407  0.6394575  0.6387101  0.6456266  0.6487190  0.6813663  0.6901827  0.7033230  0.7044179  0.7049241  0.7074588  0.7128334  0.7131536  0.7100782  0.7188442  0.7057779
 2  0.5722694  0.5257889  0.5137575  0.5106015  0.5430331  0.5755505  0.5780381  0.5600826  0.5355007  0.5263937  0.5170590  0.5130652  0.5247093  0.5546431  0.5581035  0.5610753  0.5758294  0.5851802  0.5872967  0.5812994  0.5621001  0.5433589  0.5489358  0.5553978  0.5806273  0.5995402  0.5928895
 3  0.7523135  0.7089899  0.6842547  0.6756845  0.6816487  0.7136202  0.7155030  0.7113876  0.7078192  0.7094146  0.6977561  0.6820598  0.6557950  0.6581181  0.6685015  0.6669558  0.7009733  0.7096301  0.7228013  0.7241180  0.7228129  0.7229965  0.7284958  0.7305890  0.7268133  0.7397217  0.7279248
 4  0.4564181  0.4253472  0.4175513  0.4083885  0.4786734  0.5116178  0.4834914  0.4353839  0.4208887  0.4274989  0.4257976  0.4218932  0.4670922  0.5050307  0.4780181  0.4883037  0.5035311  0.5049869  0.5043756  0.4803739  0.4351158  0.4291738  0.4629544  0.4655135  0.5099053  0.5319339  0.4959828
 1  0.7293529  0.6853485  0.6647346  0.6631705  0.6773634  0.6925212  0.6925386  0.6946399  0.6969508  0.7035002  0.7056302  0.7053234  0.7076203  0.7105620  0.7195482  0.7244248  0.7204440  0.7167854  0.7108353  0.7036303  0.6864273  0.6692489  0.6714886  0.6761229  0.6768448  0.6754522  0.6824702
 2  0.5733252  0.5268649  0.5152274  0.5268227  0.5548844  0.5708423  0.5637541  0.5401776  0.5199453  0.5211138  0.5287717  0.5338922  0.5314498  0.5368094  0.5687249  0.5962613  0.6013175  0.5948717  0.5789500  0.5636074  0.5364878  0.5135385  0.5152500  0.5261527  0.5346838  0.5441473  0.5654378
 3  0.7524326  0.7111111  0.6884705  0.6828903  0.6950214  0.7118883  0.7116173  0.7113778  0.7117690  0.7185157  0.7214158  0.7211211  0.7232481  0.7254535  0.7352464  0.7439858  0.7413251  0.7360900  0.7296707  0.7222833  0.7044714  0.6864787  0.6877243  0.6926362  0.6943133  0.6927770  0.7003762
 4  0.4564886  0.4236263  0.4184725  0.4433504  0.4867810  0.4910859  0.4518634  0.4023241  0.4054444  0.4273473  0.4294411  0.4249260  0.4154856  0.4389460  0.5017967  0.5271360  0.5130643  0.4941817  0.4820476  0.4610315  0.4273309  0.4102287  0.4249546  0.4444743  0.4486954  0.4656400  0.4991454
 1  0.7305986  0.6873727  0.6608300  0.6520436  0.6574967  0.6743308  0.6824289  0.6929273  0.6964967  0.6934185  0.6898470  0.6872048  0.6901454  0.7069357  0.7005559  0.6947060  0.6952837  0.7031207  0.6910905  0.6783896  0.6218077  0.5533075  0.6251870  0.6420720  0.6571133  0.6777163  0.6911283
 2  0.5717957  0.5268754  0.5112110  0.5075818  0.5184750  0.5344219  0.5461978  0.5584205  0.5629487  0.5553680  0.5377194  0.5200718  0.5515202  0.5888664  0.5912316  0.5708358  0.5572045  0.5656864  0.5618635  0.5532124  0.5105040  0.4926171  0.5400697  0.5465035  0.5440142  0.5508920  0.5660461
 3  0.7533970  0.7131662  0.6848570  0.6726714  0.6748763  0.6913315  0.6995661  0.7100446  0.7149659  0.7119526  0.7073169  0.7035581  0.7044334  0.7274112  0.7228625  0.7137634  0.7116430  0.7213441  0.7107005  0.6977270  0.6420433  0.5672832  0.6431338  0.6625029  0.6744767  0.6948219  0.7087535
 4  0.4545695  0.4238309  0.4149689  0.4093034  0.4345332  0.4523485  0.4608270  0.4760713  0.4756003  0.4525666  0.4224375  0.4027787  0.4932899  0.5305214  0.4967330  0.4458999  0.4673519  0.4899895  0.4772296  0.4645068  0.4297405  0.4518763  0.4827591  0.4570790  0.4515577  0.4700370  0.4901072
 1  0.7296065  0.6848502  0.6477890  0.6355599  0.6550891  0.6712366  0.6737042  0.6755782  0.6692616  0.6748083  0.7020660  0.6974516  0.6937311  0.6936665  0.6846704  0.6879471  0.6756498  0.6570042  0.6632832  0.6676153  0.6797814  0.6963977  0.6998505  0.6994543  0.7057009  0.7030366  0.7046392
 2  0.5709990  0.5260874  0.5042060  0.5120774  0.5395481  0.5524757  0.5436478  0.5237769  0.5043545  0.5543043  0.5987019  0.6007514  0.5867210  0.5580624  0.5295517  0.5391739  0.5407964  0.5269237  0.5299837  0.5312805  0.5457144  0.5667361  0.5706081  0.5676651  0.5642723  0.5521133  0.5302374
 3  0.7526389  0.7108550  0.6723246  0.6558118  0.6732385  0.6901506  0.6922016  0.6924885  0.6851656  0.6887683  0.7231027  0.7211600  0.7150990  0.7119100  0.7004110  0.7047405  0.6950364  0.6754901  0.6807338  0.6853808  0.6961983  0.7139407  0.7191299  0.7172597  0.7235726  0.7208474  0.7205271
 4  0.4553632  0.4242783  0.4137569  0.4373261  0.4701030  0.4688948  0.4367054  0.4042186  0.4033914  0.5057925  0.5430780  0.5210890  0.4752110  0.4238865  0.4325510  0.4682427  0.4531170  0.4342344  0.4440239  0.4418793  0.4664210  0.4922239  0.4788259  0.4712362  0.4681603  0.4362457  0.3924883
 1  0.7282144  0.6833599  0.6503617  0.6418286  0.6625842  0.6737285  0.6761137  0.6793397  0.6805716  0.6852184  0.6977440  0.6826518  0.6776621  0.6844253  0.6648710  0.6413456  0.6342291  0.6710483  0.6931966  0.7002205  0.6929742  0.6896365  0.6769742  0.6626487  0.6720061  0.6577611  0.6422268
 2  0.5716742  0.5259985  0.5056628  0.5194514  0.5462499  0.5542688  0.5407470  0.5195770  0.5021400  0.5322578  0.5737704  0.5769716  0.5777670  0.5786346  0.5523955  0.5031467  0.5093544  0.5727987  0.5993182  0.6002698  0.5765367  0.5478309  0.5198905  0.5316473  0.5579218  0.5511305  0.5377970
 3  0.7515257  0.7094771  0.6747883  0.6615097  0.6811619  0.6930877  0.6942097  0.6955380  0.6959656  0.6993665  0.7165409  0.7043708  0.6971098  0.7056117  0.6866104  0.6602664  0.6481933  0.6881688  0.7147472  0.7220095  0.7132977  0.7071508  0.6935630  0.6791108  0.6911364  0.6793253  0.6609358
 4  0.4562747  0.4238654  0.4128179  0.4478853  0.4768038  0.4640956  0.4239790  0.3977846  0.3903733  0.4716923  0.5150997  0.4980119  0.5044191  0.5028024  0.4466076  0.3762065  0.4510188  0.5259041  0.5322848  0.5106719  0.4612361  0.4277705  0.4243183  0.4688012  0.4947542  0.4656612  0.4594166
 1  0.7303159  0.6867608  0.6596437  0.6504218  0.6526920  0.6723513  0.6894844  0.6864878  0.6761668  0.6755287  0.6742023  0.6618592  0.6557808  0.6589526  0.6788456  0.6941136  0.6980351  0.7016523  0.7046376  0.7062285  0.7116743  0.7177910  0.7111804  0.7022972  0.6944816  0.6792854  0.6722619
 2  0.5706112  0.5258546  0.5101024  0.5057098  0.5125420  0.5475069  0.5698922  0.5660670  0.5451836  0.5432659  0.5460159  0.5357315  0.5329534  0.5453065  0.5713979  0.5851300  0.5854389  0.5779322  0.5652286  0.5510803  0.5553076  0.5730341  0.5743895  0.5654228  0.5501051  0.5242289  0.5133334
 3  0.7531030  0.7126676  0.6837708  0.6710838  0.6701891  0.6882436  0.7086789  0.7065523  0.6942122  0.6929265  0.6930567  0.6810785  0.6737070  0.6767810  0.6972220  0.7140216  0.7180958  0.7206673  0.7227327  0.7228847  0.7273222  0.7354059  0.7305050  0.7204800  0.7124193  0.6974195  0.6877213
 4  0.4535079  0.4234462  0.4135905  0.4065452  0.4272928  0.4846540  0.4988769  0.4659721  0.4440929  0.4642702  0.4661540  0.4462868  0.4517960  0.4778747  0.5039570  0.5092746  0.4960649  0.4793216  0.4554694  0.4375891  0.4695272  0.4964539  0.4808647  0.4628956  0.4495960  0.4055718  0.4216597
 1  0.7303754  0.6852017  0.6522323  0.6399843  0.6334446  0.6390470  0.6752656  0.6851373  0.6711681  0.6697431  0.6604771  0.6585011  0.6835608  0.6962992  0.6965392  0.6993740  0.6927955  0.6892858  0.6918142  0.6979441  0.7184695  0.7117282  0.7083835  0.7140251  0.7130034  0.7123994  0.7074761
 2  0.5696476  0.5249187  0.5069435  0.5050100  0.5000404  0.5265020  0.5654972  0.5738975  0.5532475  0.5410601  0.5327059  0.5418620  0.5733864  0.5832976  0.5717376  0.5478834  0.5124526  0.4976589  0.5050538  0.5667378  0.6032246  0.6067076  0.5949152  0.5842524  0.5707058  0.5481574  0.5226601
 3  0.7531583  0.7111841  0.6766727  0.6609347  0.6521792  0.6544544  0.6930778  0.7056866  0.6901822  0.6878792  0.6791027  0.6753794  0.7018529  0.7166277  0.7157554  0.7163099  0.7083108  0.7040080  0.7070557  0.7121744  0.7396698  0.7343253  0.7277822  0.7326903  0.7314158  0.7288405  0.7227774
 4  0.4536058  0.4238927  0.4154567  0.4153470  0.4101711  0.4669882  0.5054570  0.4862287  0.4550997  0.4538644  0.4463570  0.4754615  0.5078962  0.4989391  0.4579304  0.4129527  0.3841945  0.3940423  0.4080619  0.5122882  0.5438487  0.5164699  0.4922716  0.4881260  0.4596141  0.4178756  0.3870993
 1  0.7307392  0.6865184  0.6380356  0.6139535  0.6304397  0.6457670  0.6483031  0.6610611  0.6728699  0.6803195  0.6932117  0.6917938  0.6955845  0.7118462  0.7106072  0.7107062  0.7145301  0.7139930  0.7068403  0.7037165  0.6953005  0.6794966  0.6651932  0.6567011  0.6517500  0.6523103  0.6635312
 2  0.5709265  0.5258337  0.4971350  0.4989373  0.5248843  0.5347482  0.5322023  0.5372496  0.5446853  0.5548114  0.5649240  0.5582302  0.5646823  0.5863020  0.5932325  0.5927741  0.5930133  0.5881734  0.5704135  0.5581748  0.5479200  0.5319067  0.5165230  0.5101315  0.5121284  0.5257134  0.5413111
 3  0.7534590  0.7123403  0.6628275  0.6344147  0.6486703  0.6650088  0.6663692  0.6781830  0.6910268  0.6975609  0.7117262  0.7108530  0.7115818  0.7307124  0.7313312  0.7298399  0.7340025  0.7338312  0.7254180  0.7208725  0.7129380  0.6978428  0.6825534  0.6737471  0.6689848  0.6689012  0.6819316
 4  0.4540021  0.4236161  0.4106822  0.4292974  0.4592455  0.4527627  0.4439235  0.4584471  0.4595410  0.4759856  0.4831964  0.4510610  0.4848397  0.5193094  0.5089214  0.5036917  0.5091104  0.4928627  0.4614677  0.4566720  0.4564619  0.4316126  0.4176351  0.4225312  0.4288870  0.4559972  0.4645621
 1  0.7295925  0.6821011  0.6361097  0.6179708  0.6385982  0.6423530  0.6460784  0.6592929  0.6776926  0.6846961  0.6893059  0.6983624  0.6956684  0.7021441  0.6962129  0.6772628  0.6609563  0.6710874  0.6801124  0.6846199  0.6878446  0.6877380  0.6917351  0.7027492  0.7190593  0.7192255  0.7094229
 2  0.5730097  0.5253028  0.4990143  0.5076829  0.5275452  0.5196495  0.4969407  0.4949967  0.5224566  0.5419063  0.5613499  0.5702580  0.5683169  0.5719998  0.5669032  0.5417476  0.5274492  0.5555771  0.5713167  0.5723766  0.5670174  0.5579002  0.5513861  0.5786052  0.6113316  0.6177809  0.6104497
 3  0.7529158  0.7085250  0.6611122  0.6381177  0.6578117  0.6619486  0.6629205  0.6736282  0.6931428  0.7022348  0.7067201  0.7172768  0.7144150  0.7198419  0.7159717  0.6972774  0.6775075  0.6890221  0.7005290  0.7039403  0.7068743  0.7065400  0.7093078  0.7188172  0.7395576  0.7433678  0.7315008
 4  0.4567029  0.4251962  0.4138503  0.4411263  0.4531575  0.4128300  0.3703834  0.4064130  0.4529397  0.4622541  0.4824168  0.4863145  0.4749811  0.4881201  0.4808730  0.4290507  0.4468789  0.4974093  0.4945963  0.4838505  0.4770062  0.4616757  0.4529839  0.5121894  0.5515051  0.5452666  0.5193163
 1  0.7290320  0.6819636  0.6362254  0.6143085  0.6244811  0.6650658  0.6646793  0.6677844  0.7016923  0.7022299  0.7016883  0.7050262  0.7013874  0.6986669  0.7025700  0.7117576  0.7085232  0.6973355  0.6852064  0.6840447  0.6853620  0.6800731  0.6893336  0.7008578  0.7061522  0.7166551  0.7115858
 2  0.5710038  0.5247564  0.4990888  0.4896997  0.5254333  0.5608714  0.5559933  0.5652494  0.5892859  0.5915506  0.5746368  0.5517058  0.5169397  0.4793780  0.4925940  0.5328022  0.5525670  0.5456439  0.5324325  0.5437179  0.5542483  0.5562842  0.5753176  0.5901962  0.6051211  0.6103302  0.6022025
 3  0.7522313  0.7083381  0.6612214  0.6359657  0.6404008  0.6837623  0.6859862  0.6836187  0.7213867  0.7236379  0.7203624  0.7218873  0.7170415  0.7125603  0.7154534  0.7265885  0.7262798  0.7153312  0.7017382  0.7010922  0.7043610  0.6987009  0.7071303  0.7213354  0.7260784  0.7387465  0.7332123
 4  0.4554349  0.4249441  0.4139247  0.4042820  0.4688393  0.4999567  0.4578211  0.4936063  0.5256968  0.4992449  0.4557938  0.4214424  0.3723284  0.3338168  0.3999128  0.4624276  0.4648179  0.4309130  0.4352622  0.4719307  0.4737304  0.4715142  0.5064660  0.5197961  0.5332569  0.5353485  0.5006619
 1  0.7297245  0.6834269  0.6529729  0.6433758  0.6503559  0.6600878  0.6693653  0.6774193  0.6808093  0.6867110  0.6930770  0.6926779  0.7033764  0.7174261  0.7140875  0.7107879  0.7110386  0.7042468  0.6988495  0.6989377  0.6983501  0.7030433  0.7094114  0.7096992  0.7052889  0.7086545  0.7053489
 2  0.5712080  0.5253414  0.5084734  0.5079524  0.5118659  0.5118722  0.5092439  0.5055886  0.5056498  0.5227252  0.5409690  0.5483711  0.5775939  0.6005458  0.6009876  0.5914873  0.5784435  0.5619548  0.5418642  0.5336092  0.5391365  0.5594151  0.5815425  0.5843156  0.5713356  0.5643536  0.5571259
 3  0.7528725  0.7097512  0.6775168  0.6642521  0.6687115  0.6770180  0.6852547  0.6930041  0.6960111  0.7020843  0.7101101  0.7100505  0.7197166  0.7377761  0.7357536  0.7297222  0.7296363  0.7231504  0.7156687  0.7151108  0.7146813  0.7196880  0.7282312  0.7295712  0.7236858  0.7254610  0.7232867
 4  0.4552588  0.4249101  0.4162599  0.4174908  0.4174725  0.4109172  0.4054285  0.3967418  0.4054975  0.4424150  0.4562583  0.4563940  0.5096940  0.5336858  0.5095993  0.4882892  0.4846721  0.4524475  0.4267633  0.4311554  0.4498496  0.4871385  0.5070625  0.4902316  0.4603355  0.4668738  0.4645334
 1  0.7288970  0.6851915  0.6395398  0.6192295  0.6107552  0.5874866  0.6274029  0.6667028  0.6736390  0.6746345  0.6785101  0.6871605  0.7042961  0.7031435  0.7009852  0.7077865  0.7054195  0.7006235  0.6957810  0.6896526  0.6563059  0.6376711  0.6705019  0.6701227  0.6752312  0.6961977  0.6956567
 2  0.5725989  0.5272463  0.4978818  0.5019295  0.5092269  0.5018619  0.5446616  0.5715376  0.5696336  0.5493346  0.5277245  0.5384066  0.5672193  0.5764283  0.5767129  0.5821504  0.5795286  0.5690145  0.5591666  0.5494164  0.5205914  0.5417565  0.5782301  0.5750349  0.5785991  0.5852627  0.5792798
 3  0.7521482  0.7109845  0.6640625  0.6394517  0.6297697  0.6067343  0.6431732  0.6862976  0.6945796  0.6934509  0.6952733  0.7021717  0.7219334  0.7228682  0.7191262  0.7265336  0.7254394  0.7192194  0.7137183  0.7083051  0.6747772  0.6530930  0.6908154  0.6926988  0.6939337  0.7161485  0.7161772
 4  0.4571183  0.4234838  0.4095702  0.4318680  0.4449299  0.4377158  0.4890278  0.5064491  0.4765872  0.4329251  0.4114346  0.4653964  0.5006939  0.4868923  0.4867857  0.5032453  0.4884896  0.4678776  0.4675208  0.4529039  0.4320217  0.4928316  0.5202900  0.4914838  0.4986143  0.5103186  0.4815403
 1  0.7299151  0.6847412  0.6515610  0.6372935  0.6419310  0.6709777  0.6746475  0.6789925  0.6796669  0.6803459  0.6851454  0.6900986  0.7102755  0.7114280  0.7037634  0.7026780  0.6943870  0.6899804  0.6757438  0.6501363  0.6638410  0.6692225  0.6573630  0.6438256  0.6370687  0.6376069  0.6606233
 2  0.5719803  0.5255412  0.5067384  0.4985210  0.5202469  0.5481393  0.5513425  0.5437081  0.5424514  0.5509587  0.5530592  0.5709070  0.5949746  0.6003474  0.5854432  0.5646941  0.5441974  0.5410483  0.5352863  0.5285347  0.5600389  0.5703657  0.5525980  0.5163958  0.4825344  0.4931320  0.5404141
 3  0.7527795  0.7105727  0.6759203  0.6586983  0.6586996  0.6887100  0.6938898  0.6962139  0.6965718  0.6987271  0.7040491  0.7066782  0.7297155  0.7331442  0.7238494  0.7206584  0.7114902  0.7071266  0.6945915  0.6679305  0.6811051  0.6910497  0.6791454  0.6630226  0.6540514  0.6517279  0.6773949
 4  0.4551191  0.4234447  0.4162678  0.4019514  0.4510041  0.4792304  0.4563874  0.4406964  0.4614595  0.4749250  0.4590504  0.4969065  0.5304423  0.5168799  0.4769790  0.4494807  0.4444934  0.4582821  0.4451692  0.4533595  0.5040753  0.5006374  0.4528001  0.3975170  0.3672256  0.4321082  0.4864642
 1  0.7309689  0.6872571  0.6433283  0.6227325  0.6233724  0.6340172  0.6625750  0.6728405  0.6824706  0.6833158  0.6924338  0.6995561  0.6985168  0.6988147  0.6959200  0.6958574  0.6894265  0.6939448  0.7002204  0.6912447  0.6865937  0.6919225  0.6923126  0.6953279  0.6668330  0.6601302  0.6589228
 2  0.5716721  0.5260865  0.4997210  0.4963127  0.5027212  0.5268531  0.5557052  0.5693561  0.5701969  0.5644364  0.5670851  0.5677651  0.5562252  0.5315292  0.5129555  0.5172791  0.5431701  0.5819416  0.5964107  0.5841886  0.5596765  0.5397577  0.5450695  0.5618071  0.5609948  0.5621299  0.5620486
 3  0.7536761  0.7130407  0.6679616  0.6436269  0.6419224  0.6503376  0.6805013  0.6923414  0.7023106  0.7023567  0.7102765  0.7184156  0.7168707  0.7148773  0.7106132  0.7112137  0.7056449  0.7122271  0.7223122  0.7133150  0.7055580  0.7083105  0.7082043  0.7141185  0.6866095  0.6807449  0.6803908
 4  0.4539400  0.4233816  0.4105975  0.4156405  0.4239885  0.4637263  0.4917366  0.4948309  0.4840270  0.4717284  0.4836954  0.4784590  0.4372394  0.3939234  0.4029100  0.4300509  0.4756818  0.5231072  0.5256643  0.4836837  0.4360951  0.4285000  0.4726498  0.4900601  0.4907200  0.4979694  0.4792645
 1  0.7301943  0.6869906  0.6600356  0.6503309  0.6500877  0.6595895  0.6731069  0.6790870  0.6862650  0.6967390  0.7018547  0.7062220  0.7030897  0.7075822  0.7008630  0.6942954  0.6617016  0.6328338  0.6821295  0.6878429  0.7020898  0.7003474  0.6987830  0.7097993  0.7000772  0.6960405  0.6711781
 2  0.5734017  0.5267790  0.5108731  0.5041872  0.4935989  0.4953661  0.5177095  0.5374820  0.5557536  0.5713011  0.5821296  0.5824648  0.5768655  0.5711639  0.5578483  0.5388264  0.4943413  0.5245579  0.5767261  0.5949990  0.5961939  0.5814765  0.5614692  0.5604404  0.5647192  0.5658252  0.5464231
 3  0.7529447  0.7123598  0.6838643  0.6713786  0.6683420  0.6747623  0.6883872  0.6964769  0.7036228  0.7149555  0.7207798  0.7259762  0.7218371  0.7257002  0.7191680  0.7117917  0.6790930  0.6453730  0.7016663  0.7085692  0.7230018  0.7207260  0.7154686  0.7267967  0.7185465  0.7150207  0.6917516
 4  0.4555068  0.4224447  0.4175392  0.4018599  0.3762760  0.3999929  0.4454412  0.4591121  0.4759030  0.4933108  0.5035114  0.4932027  0.4800151  0.4752418  0.4555976  0.4220188  0.3792744  0.4833010  0.5229450  0.5203229  0.5115888  0.4654010  0.4548016  0.4760841  0.4830838  0.4842924  0.4508278
 1  0.7279256  0.6825742  0.6570287  0.6495567  0.6576895  0.6718236  0.6760056  0.6827955  0.6952951  0.7050401  0.7016008  0.6992393  0.6985138  0.7046009  0.7063738  0.7031303  0.6982671  0.6973384  0.7068871  0.7117184  0.7126350  0.7147821  0.7171601  0.7157595  0.7135246  0.7142708  0.7134111
 2  0.5728958  0.5267540  0.5107906  0.5092816  0.5201170  0.5291623  0.5254359  0.5244067  0.5424728  0.5580162  0.5551914  0.5436357  0.5423877  0.5616745  0.5743032  0.5714419  0.5542961  0.5471228  0.5640347  0.5812581  0.5884194  0.5889748  0.5824736  0.5638704  0.5319531  0.5075093  0.5264719
 3  0.7515529  0.7088559  0.6811934  0.6700719  0.6753409  0.6890467  0.6929737  0.6984525  0.7109361  0.7224732  0.7194751  0.7161425  0.7144230  0.7217408  0.7254604  0.7220975  0.7161450  0.7138274  0.7236303  0.7305620  0.7319610  0.7336478  0.7359747  0.7331887  0.7287907  0.7280471  0.7270967
 4  0.4580642  0.4245925  0.4146761  0.4153775  0.4350896  0.4381484  0.4192980  0.4250542  0.4636366  0.4729293  0.4505842  0.4282658  0.4530412  0.4898575  0.4919105  0.4693716  0.4415652  0.4524679  0.4903942  0.5048595  0.5008436  0.4976069  0.4794149  0.4330858  0.3815061  0.3726948  0.4544019
 1  0.7294668  0.6874658  0.6624584  0.6545454  0.6471927  0.6525704  0.6715887  0.6481548  0.6230922  0.6359262  0.6615642  0.6510904  0.6664603  0.6741663  0.6813316  0.6954604  0.6892368  0.6863299  0.6871434  0.6919837  0.6967154  0.6951807  0.6945584  0.6890030  0.6801018  0.6732640  0.6787552
 2  0.5714501  0.5275612  0.5115336  0.5098386  0.5056785  0.5373871  0.5680753  0.5494216  0.5221710  0.5471892  0.5684668  0.5569195  0.5518698  0.5345443  0.5307686  0.5489583  0.5567768  0.5538186  0.5543555  0.5579253  0.5591227  0.5595845  0.5592211  0.5592685  0.5506769  0.5516247  0.5641457
 3  0.7524214  0.7130838  0.6862144  0.6748267  0.6654030  0.6679845  0.6911700  0.6712883  0.6421565  0.6518478  0.6824033  0.6726232  0.6859089  0.6918863  0.6963732  0.7124817  0.7080682  0.7048521  0.7053576  0.7095356  0.7150616  0.7129866  0.7124854  0.7079838  0.6990399  0.6913076  0.6978134
 4  0.4553545  0.4231839  0.4132671  0.4143614  0.4161453  0.4794328  0.5098731  0.4611318  0.4395844  0.4949621  0.5047669  0.4729470  0.4478452  0.4145102  0.4456416  0.4760919  0.4710695  0.4631804  0.4620704  0.4730302  0.4687650  0.4667861  0.4762297  0.4735845  0.4608173  0.4750233  0.4944969
