FL 2019 2020 2021 2022 2023 2024 2025 2026 2027 2028 2029 2030 2031 2032 2033 2034 2035 2036 2037 2038 2039 2040 2041 2042 2043 2044 2045
 1  0.7288134  0.6829873  0.6671532  0.6664431  0.6878638  0.7185958  0.7067488  0.7013208  0.6995799  0.7009504  0.7056252  0.7036771  0.7026722  0.6954408  0.6908180  0.6950601  0.6935675  0.6745139  0.6635357  0.6800695  0.7033985  0.7094181  0.7099535  0.7130089  0.7134354  0.6986770  0.6867278
 2  0.5725724  0.5324563  0.5400451  0.5522170  0.5980970  0.6167042  0.6078888  0.5788516  0.5347597  0.5014698  0.4988109  0.5327259  0.5510559  0.5444852  0.5327215  0.5450520  0.5570801  0.5401470  0.5312131  0.5661726  0.5955696  0.6030695  0.5930311  0.5868930  0.5826393  0.5708968  0.5453702
 3  0.7521145  0.7094340  0.6930333  0.6896496  0.7044623  0.7419987  0.7302581  0.7206105  0.7158002  0.7153638  0.7193888  0.7195013  0.7206074  0.7135003  0.7071653  0.7111493  0.7126049  0.6948340  0.6807713  0.6963620  0.7236593  0.7305195  0.7301129  0.7304956  0.7327245  0.7191053  0.7054279
 4  0.4566311  0.4437178  0.4685012  0.4697403  0.5364914  0.5538455  0.5084143  0.4376192  0.3840425  0.3697977  0.4070242  0.4577284  0.4627424  0.4305704  0.4256369  0.4697500  0.4801932  0.4351083  0.4418340  0.5095579  0.5304625  0.5190543  0.4864950  0.4931677  0.5045437  0.4730769  0.4261388
 1  0.7290193  0.6838820  0.6679591  0.6673520  0.6646540  0.6721642  0.6938476  0.6989015  0.6993568  0.7058663  0.6961938  0.6855373  0.6960475  0.7002836  0.7003418  0.6962679  0.7039696  0.7208254  0.7123112  0.7075756  0.6947337  0.6799676  0.6788516  0.6589557  0.6284647  0.6253814  0.6631521
 2  0.5731135  0.5329778  0.5397784  0.5533721  0.5499075  0.5593792  0.5758149  0.5775503  0.5721807  0.5717855  0.5596380  0.5463411  0.5506821  0.5536457  0.5537011  0.5513586  0.5764484  0.5960140  0.5932611  0.5716424  0.5354433  0.5200210  0.5252549  0.5141068  0.4963554  0.5281938  0.5661672
 3  0.7523618  0.7102255  0.6936900  0.6903040  0.6851345  0.6895787  0.7125945  0.7185695  0.7172891  0.7240699  0.7153473  0.7031898  0.7134646  0.7173339  0.7172052  0.7143527  0.7200104  0.7407811  0.7334117  0.7258062  0.7116338  0.6965471  0.6963540  0.6781144  0.6454189  0.6409596  0.6819847
 4  0.4573780  0.4432885  0.4673874  0.4727597  0.4577394  0.4835452  0.5027975  0.4842652  0.4773910  0.4843036  0.4606344  0.4520484  0.4563836  0.4573530  0.4658854  0.4543466  0.5042701  0.5269743  0.4930229  0.4442402  0.4168275  0.4320612  0.4433817  0.4135193  0.4180279  0.4798808  0.5023672
 1  0.7283085  0.6841639  0.6665742  0.6700467  0.6863000  0.6909602  0.6835670  0.6859715  0.6919372  0.6902035  0.6892460  0.6923731  0.6914510  0.6829459  0.6846386  0.6976651  0.6869450  0.6851740  0.6869593  0.6911767  0.6822533  0.6715839  0.6720128  0.6818518  0.6993320  0.7001228  0.6951144
 2  0.5726575  0.5332084  0.5388088  0.5663169  0.5808236  0.5773495  0.5536981  0.5490597  0.5573382  0.5538731  0.5440301  0.5423971  0.5561310  0.5603205  0.5675507  0.5700845  0.5618186  0.5598984  0.5648586  0.5652324  0.5482437  0.5276376  0.5278749  0.5660722  0.5950287  0.5975506  0.5807590
 3  0.7516802  0.7103537  0.6922821  0.6918716  0.7075309  0.7113611  0.7015820  0.7030453  0.7103230  0.7088883  0.7069656  0.7085631  0.7086347  0.7033558  0.7034988  0.7161337  0.7056876  0.7038520  0.7059546  0.7100596  0.7013099  0.6893343  0.6883072  0.6987056  0.7198934  0.7224864  0.7158588
 4  0.4573648  0.4429854  0.4670102  0.4985491  0.5037685  0.4746343  0.4475681  0.4674398  0.4756656  0.4569494  0.4330010  0.4498877  0.4881798  0.4813098  0.4790155  0.4802349  0.4761095  0.4799566  0.4815057  0.4755825  0.4460920  0.4208101  0.4482338  0.5090670  0.5321374  0.5147667  0.4652881
 1  0.7292546  0.6839832  0.6688155  0.6698482  0.6758462  0.6846698  0.6874822  0.6967208  0.7069295  0.7190318  0.7173542  0.7159987  0.7192727  0.7154212  0.7173653  0.7197425  0.7213360  0.7245075  0.7162436  0.7122172  0.7106806  0.7142258  0.7023402  0.6926515  0.6894703  0.6904392  0.6783090
 2  0.5718989  0.5325022  0.5402916  0.5568351  0.5623107  0.5595175  0.5538799  0.5578228  0.5808512  0.5983359  0.5978794  0.5889067  0.5760941  0.5630021  0.5488941  0.5405805  0.5447027  0.5507617  0.5541452  0.5545491  0.5704528  0.5828502  0.5717892  0.5448406  0.5178496  0.5144079  0.5182196
 3  0.7524902  0.7105481  0.6946517  0.6925514  0.6960879  0.7035322  0.7047488  0.7140152  0.7242341  0.7388433  0.7381966  0.7342028  0.7370543  0.7330860  0.7332175  0.7350758  0.7363866  0.7405840  0.7330786  0.7291818  0.7278294  0.7337681  0.7225315  0.7105954  0.7053803  0.7057812  0.6949485
 4  0.4556608  0.4436466  0.4673777  0.4778046  0.4745696  0.4600107  0.4607992  0.4737185  0.5086521  0.5257986  0.5014881  0.4813587  0.4757280  0.4494673  0.4284716  0.4232550  0.4455712  0.4546092  0.4531087  0.4589369  0.4941149  0.5045766  0.4654595  0.4132498  0.3976427  0.4207784  0.4386289
 1  0.7307392  0.6864747  0.6697410  0.6702330  0.6843355  0.7022835  0.6986977  0.7028243  0.6887430  0.6825325  0.6570314  0.6129596  0.6239740  0.6760830  0.6815682  0.6909735  0.6712866  0.6549792  0.6655491  0.6945947  0.6868570  0.6804628  0.6790102  0.6778139  0.6544886  0.6305992  0.6737085
 2  0.5709265  0.5324007  0.5400971  0.5592193  0.5818909  0.5925653  0.5871764  0.5777737  0.5625217  0.5551223  0.5255148  0.4752475  0.5395311  0.5894563  0.5970649  0.5862818  0.5437671  0.5053385  0.5408004  0.5819347  0.5802452  0.5574095  0.5314676  0.5146369  0.4952412  0.5307094  0.5818285
 3  0.7534590  0.7126204  0.6954896  0.6927980  0.7037955  0.7229439  0.7187557  0.7219851  0.7076037  0.7019524  0.6779735  0.6313694  0.6346006  0.6982434  0.7046956  0.7114306  0.6906451  0.6724844  0.6795011  0.7148054  0.7091404  0.6995596  0.6961274  0.6945863  0.6711334  0.6458708  0.6924831
 4  0.4540021  0.4430379  0.4678231  0.4836550  0.5104190  0.5138250  0.4963673  0.4815931  0.4751465  0.4730751  0.4191177  0.3768401  0.5022830  0.5376731  0.5132645  0.4802310  0.4300020  0.3957150  0.4875572  0.5241262  0.4854692  0.4370213  0.4211431  0.4090762  0.4114195  0.4856296  0.5254432
 1  0.7296156  0.6865135  0.6681181  0.6675380  0.6744574  0.6818423  0.6812300  0.6911712  0.7049288  0.7067805  0.6990117  0.6948360  0.6843102  0.6822826  0.6893318  0.6923434  0.6790163  0.6679300  0.6808311  0.6921203  0.6976505  0.7101589  0.7131843  0.7064240  0.6986210  0.7023659  0.6990716
 2  0.5721350  0.5333712  0.5391992  0.5572929  0.5650499  0.5609992  0.5472587  0.5584455  0.5837981  0.5901686  0.5742656  0.5445249  0.5190970  0.5331267  0.5559856  0.5614846  0.5397028  0.5161687  0.5301775  0.5494070  0.5688020  0.5917731  0.5968969  0.5834818  0.5592468  0.5645584  0.5706722
 3  0.7525046  0.7124216  0.6938033  0.6902214  0.6950141  0.7013386  0.6988900  0.7074378  0.7237344  0.7277513  0.7191096  0.7121204  0.6995692  0.6985501  0.7072353  0.7111601  0.6978201  0.6847460  0.6965195  0.7095633  0.7150489  0.7286918  0.7344381  0.7265462  0.7157849  0.7195357  0.7186875
 4  0.4555682  0.4427927  0.4676905  0.4823707  0.4816249  0.4606705  0.4449795  0.4858220  0.5174334  0.5069131  0.4573639  0.4079508  0.4239313  0.4646877  0.4799571  0.4682669  0.4262869  0.4119851  0.4530095  0.4705418  0.4914258  0.5218357  0.5150805  0.4680741  0.4522311  0.4898443  0.4927886
 1  0.7282820  0.6802620  0.6618510  0.6650376  0.6804222  0.6865492  0.6821319  0.6846493  0.6943193  0.7002732  0.6970392  0.7009107  0.7154149  0.7134559  0.7107279  0.7116508  0.7089751  0.7030730  0.7021712  0.7167968  0.7111157  0.7108351  0.7048659  0.6992998  0.6969311  0.6970589  0.6888387
 2  0.5697585  0.5310939  0.5383342  0.5619803  0.5729076  0.5661812  0.5365396  0.5163282  0.5185377  0.5231377  0.5281371  0.5622106  0.5943629  0.6013577  0.5905389  0.5706099  0.5454242  0.5258333  0.5692096  0.6052937  0.6114972  0.6029156  0.5831021  0.5636953  0.5415341  0.5223343  0.5003450
 3  0.7517544  0.7072754  0.6880717  0.6873973  0.7014889  0.7061945  0.6992885  0.7001620  0.7096062  0.7158637  0.7128073  0.7163907  0.7351510  0.7349683  0.7307439  0.7291169  0.7253596  0.7194077  0.7165609  0.7387832  0.7343213  0.7313125  0.7241986  0.7182123  0.7141751  0.7129133  0.7042265
 4  0.4555172  0.4446611  0.4680929  0.4915784  0.4893810  0.4546590  0.4116518  0.4072681  0.4204232  0.4210867  0.4291147  0.4985917  0.5304318  0.5171356  0.4786969  0.4468215  0.4311256  0.4129178  0.5124812  0.5481219  0.5279565  0.5026790  0.4860996  0.4573452  0.4208258  0.3969079  0.3816380
 1  0.7315684  0.6872715  0.6724920  0.6712643  0.6752090  0.6853099  0.6929934  0.7087187  0.7010596  0.7009778  0.6994902  0.6992263  0.6917256  0.6834808  0.6860801  0.6856230  0.6916778  0.7099387  0.6955689  0.6882421  0.6814282  0.6669603  0.6567968  0.6492050  0.6593880  0.6684811  0.6939281
 2  0.5697771  0.5318252  0.5423602  0.5546627  0.5531185  0.5455015  0.5636315  0.5900231  0.5963275  0.5939800  0.5856642  0.5682182  0.5358570  0.5098063  0.5046252  0.5160691  0.5842274  0.6117790  0.6032471  0.5796997  0.5490789  0.5215248  0.4961164  0.5007929  0.5315358  0.5624980  0.5938075
 3  0.7537993  0.7131676  0.6982795  0.6945608  0.6954423  0.7025437  0.7082343  0.7284762  0.7224697  0.7222316  0.7202362  0.7180817  0.7090925  0.6996235  0.7014794  0.7014086  0.7059063  0.7342979  0.7203875  0.7082749  0.6996625  0.6859179  0.6739461  0.6651228  0.6761259  0.6861147  0.7132573
 4  0.4515532  0.4434329  0.4710789  0.4703429  0.4466596  0.4347943  0.4981455  0.5275437  0.5201767  0.5121769  0.4891739  0.4536714  0.4119396  0.3941165  0.4041908  0.4292747  0.5337054  0.5548899  0.5089375  0.4634660  0.4503941  0.4161114  0.3884977  0.4259469  0.4674485  0.5014734  0.5287381
 1  0.7286303  0.6828830  0.6651622  0.6633466  0.6625894  0.6749118  0.6839719  0.6928304  0.7113511  0.7176597  0.7137038  0.7102959  0.7086882  0.7103426  0.7102387  0.7060692  0.7068269  0.7093896  0.7101804  0.6957044  0.7011554  0.7092872  0.7035551  0.7117739  0.7305194  0.7199038  0.7116422
 2  0.5686480  0.5316152  0.5390035  0.5506143  0.5517066  0.5575735  0.5624439  0.5773083  0.5991253  0.6075441  0.5973209  0.5748715  0.5458430  0.5271605  0.5162153  0.5046945  0.5022083  0.5276426  0.5556615  0.5607239  0.5707937  0.5771380  0.5680639  0.6025368  0.6228629  0.6214156  0.5973384
 3  0.7517398  0.7093301  0.6910992  0.6866471  0.6827175  0.6932796  0.7025721  0.7106195  0.7308687  0.7389333  0.7344659  0.7287641  0.7248874  0.7256535  0.7254800  0.7207684  0.7209850  0.7234963  0.7274850  0.7147357  0.7187434  0.7279196  0.7225171  0.7272400  0.7545432  0.7439571  0.7320112
 4  0.4547156  0.4436557  0.4681097  0.4691030  0.4648007  0.4757288  0.4798356  0.5050899  0.5302305  0.5278293  0.4948257  0.4469508  0.4176678  0.4120768  0.3939455  0.3755162  0.3813360  0.4511181  0.4825979  0.4700601  0.4845478  0.4915665  0.4645306  0.5400225  0.5623071  0.5310708  0.4652178
 1  0.7290541  0.6817587  0.6641219  0.6713700  0.6928363  0.6924512  0.6834516  0.6826258  0.6961699  0.7015919  0.7009212  0.6959586  0.6948622  0.6995070  0.7110912  0.7104709  0.7124226  0.7093649  0.7023498  0.6987490  0.6946327  0.6945062  0.6908689  0.6696961  0.6576270  0.6689801  0.6743425
 2  0.5720311  0.5322537  0.5395912  0.5753124  0.5907611  0.5831056  0.5425970  0.5120180  0.5190586  0.5373443  0.5592306  0.5636422  0.5570904  0.5628881  0.5831520  0.5963685  0.5992146  0.5900719  0.5633456  0.5275875  0.4985881  0.5016296  0.5269081  0.5338733  0.5571766  0.5750383  0.5757309
 3  0.7524456  0.7084427  0.6902311  0.6926217  0.7150837  0.7136546  0.7012266  0.6976091  0.7112444  0.7174682  0.7182341  0.7150824  0.7134390  0.7156308  0.7295786  0.7307422  0.7332929  0.7297746  0.7209111  0.7151004  0.7092890  0.7087231  0.7074808  0.6886862  0.6748185  0.6900670  0.6963569
 4  0.4569095  0.4447763  0.4695573  0.5123364  0.5166982  0.4705399  0.3979831  0.4008216  0.4309363  0.4570470  0.4811518  0.4763997  0.4479441  0.4801049  0.5152408  0.5222859  0.5160568  0.4872456  0.4365279  0.3853749  0.3709553  0.4149349  0.4513383  0.4563662  0.4990864  0.5141792  0.4805183
 1  0.7304056  0.6862663  0.6699551  0.6701944  0.6795744  0.6923521  0.6910102  0.6967744  0.6932518  0.6925085  0.7005807  0.7062721  0.7135457  0.7031213  0.6958470  0.6965495  0.6950245  0.6956784  0.7012421  0.6970937  0.6992481  0.7009966  0.7031087  0.7036846  0.6908793  0.6795658  0.6806513
 2  0.5719358  0.5325228  0.5397070  0.5566044  0.5677647  0.5713302  0.5691967  0.5697925  0.5585216  0.5419242  0.5394605  0.5685349  0.5924242  0.5938567  0.5826348  0.5716182  0.5575276  0.5474949  0.5491192  0.5442363  0.5367279  0.5319279  0.5394924  0.5475771  0.5416551  0.5295298  0.5409292
 3  0.7532408  0.7124399  0.6956297  0.6928378  0.6995438  0.7113440  0.7089411  0.7158109  0.7125646  0.7089894  0.7166244  0.7224178  0.7336115  0.7250991  0.7160029  0.7158129  0.7137308  0.7123742  0.7183615  0.7147861  0.7157652  0.7168124  0.7188623  0.7211081  0.7090559  0.6966864  0.6974831
 4  0.4545313  0.4425846  0.4667542  0.4782959  0.4839845  0.4792640  0.4863358  0.4867890  0.4452225  0.4280619  0.4453684  0.5016689  0.5278656  0.5092133  0.4883318  0.4770144  0.4495763  0.4486799  0.4574995  0.4411584  0.4228655  0.4241887  0.4523358  0.4600574  0.4378832  0.4322302  0.4651240
 1  0.7281665  0.6811525  0.6655587  0.6685368  0.6806319  0.6862756  0.6807546  0.6785185  0.6824855  0.6910106  0.6848784  0.6997839  0.7051985  0.7117138  0.7048092  0.7045873  0.7026023  0.7006983  0.7052686  0.6967986  0.6998293  0.6945530  0.6944160  0.7036605  0.7127877  0.7034868  0.6995260
 2  0.5709774  0.5315600  0.5403968  0.5634834  0.5730461  0.5677980  0.5417333  0.5190958  0.5280669  0.5485231  0.5766314  0.5985219  0.6106245  0.6079344  0.5884043  0.5614981  0.5281299  0.5209487  0.5385512  0.5600357  0.5753166  0.5747484  0.5683627  0.5825294  0.5939413  0.5891293  0.5739314
 3  0.7515019  0.7078046  0.6916290  0.6909835  0.7016307  0.7059913  0.6985457  0.6950318  0.6979604  0.7087236  0.7025942  0.7210504  0.7273200  0.7337574  0.7252668  0.7221928  0.7186884  0.7154475  0.7215532  0.7147454  0.7189760  0.7148248  0.7131451  0.7206903  0.7337830  0.7243760  0.7187357
 4  0.4557197  0.4444463  0.4699099  0.4918753  0.4903179  0.4631261  0.4263418  0.4094749  0.4500981  0.4753425  0.5130585  0.5373295  0.5366496  0.5201746  0.4749731  0.4323263  0.3972147  0.4256467  0.4608278  0.4852787  0.5003898  0.4850481  0.4697155  0.5109034  0.5221088  0.4951789  0.4726472
 1  0.7281973  0.6813801  0.6664702  0.6649345  0.6735102  0.7007824  0.7005800  0.6994379  0.7039886  0.7103148  0.7090170  0.7094764  0.7042029  0.6964173  0.6600134  0.6345756  0.6573293  0.6769455  0.7035760  0.6950562  0.6921980  0.6980261  0.6923768  0.6873694  0.6898081  0.6985536  0.7061875
 2  0.5743464  0.5328744  0.5416515  0.5508513  0.5716486  0.5891548  0.5872198  0.5683175  0.5429823  0.5135878  0.4965387  0.5281410  0.5550992  0.5611725  0.5373349  0.5281757  0.5440694  0.5786045  0.6002850  0.5944306  0.5756692  0.5533782  0.5314437  0.5304894  0.5598493  0.5993075  0.6074817
 3  0.7516029  0.7076443  0.6924242  0.6886889  0.6920133  0.7205049  0.7213045  0.7181263  0.7203953  0.7246923  0.7220141  0.7244566  0.7218781  0.7156234  0.6798143  0.6524911  0.6764823  0.6928467  0.7246727  0.7182768  0.7121044  0.7150204  0.7087918  0.7035684  0.7070784  0.7174783  0.7305372
 4  0.4584144  0.4447439  0.4722200  0.4658406  0.4971692  0.5176088  0.4941591  0.4468240  0.4007109  0.3591613  0.3943957  0.4549948  0.4789470  0.4735314  0.4500402  0.4628834  0.4637852  0.5143729  0.5392379  0.5048132  0.4549857  0.4333266  0.4290339  0.4497177  0.4949437  0.5409751  0.5408228
 1  0.7281184  0.6807090  0.6632453  0.6629935  0.6633536  0.6760645  0.6918330  0.6926670  0.6776019  0.6612866  0.6745823  0.6901096  0.6827319  0.6696422  0.6648859  0.6646310  0.6723638  0.6784526  0.6864658  0.7077598  0.7070437  0.7048701  0.6998906  0.6963960  0.7023443  0.7023169  0.6995067
 2  0.5729084  0.5323670  0.5395320  0.5531190  0.5528979  0.5661803  0.5809463  0.5819575  0.5580683  0.5357308  0.5570602  0.5804730  0.5775296  0.5574915  0.5344732  0.5258099  0.5563380  0.5733215  0.5910283  0.6001047  0.5928664  0.5688673  0.5253784  0.4943534  0.5004882  0.5305271  0.5433441
 3  0.7517145  0.7074706  0.6893835  0.6863036  0.6838720  0.6937446  0.7113188  0.7135333  0.6981220  0.6798394  0.6913773  0.7099088  0.7044595  0.6904972  0.6838285  0.6811698  0.6884504  0.6996937  0.7059228  0.7281545  0.7282073  0.7233065  0.7157909  0.7107312  0.7161310  0.7183870  0.7171043
 4  0.4576816  0.4449541  0.4696881  0.4738580  0.4640081  0.4921425  0.5121927  0.4980990  0.4569277  0.4440650  0.4929202  0.5156435  0.4968142  0.4588365  0.4238678  0.4397190  0.5010340  0.5063350  0.5143362  0.5242206  0.4936125  0.4328695  0.3736507  0.3652347  0.4143848  0.4521984  0.4454484
 1  0.7289669  0.6802509  0.6644363  0.6680211  0.6850315  0.6980708  0.6952151  0.6961190  0.6920783  0.6906387  0.7016446  0.7166949  0.7236920  0.7147039  0.7069277  0.7086941  0.7139716  0.7207523  0.7154111  0.7076847  0.7026597  0.6935068  0.6750604  0.6655876  0.6846698  0.7003221  0.7049506
 2  0.5742236  0.5321444  0.5414583  0.5664761  0.5865799  0.5910293  0.5739076  0.5418707  0.4986421  0.4756384  0.5288023  0.6008044  0.6187979  0.6123560  0.5781616  0.5358245  0.5062850  0.5064019  0.5354419  0.5629912  0.5755074  0.5691736  0.5441533  0.5327844  0.5524399  0.5759703  0.5867769
 3  0.7523603  0.7067756  0.6906212  0.6905798  0.7055764  0.7191938  0.7150161  0.7130238  0.7071046  0.7041009  0.7149962  0.7349569  0.7475998  0.7373060  0.7255403  0.7243349  0.7276970  0.7340692  0.7306316  0.7253277  0.7224590  0.7136625  0.6940697  0.6829383  0.7016000  0.7179498  0.7245476
 4  0.4578898  0.4455059  0.4731984  0.4972808  0.5152041  0.5049157  0.4561981  0.3971826  0.3473417  0.3604669  0.4750282  0.5469261  0.5507251  0.5042280  0.4325485  0.3816307  0.3736599  0.4056863  0.4556603  0.4915221  0.4965050  0.4731032  0.4415126  0.4476500  0.4767694  0.5033690  0.5105558
 1  0.7287269  0.6813673  0.6648517  0.6638798  0.6694323  0.6888099  0.6961856  0.6992582  0.6963230  0.6905927  0.6957600  0.6961428  0.6888004  0.6877399  0.6800094  0.6712697  0.6954917  0.7160364  0.7082650  0.7046454  0.7045761  0.7081542  0.7132359  0.7136451  0.7064553  0.6998816  0.6942082
 2  0.5719461  0.5319569  0.5404280  0.5512691  0.5584641  0.5697863  0.5750788  0.5776680  0.5718241  0.5687894  0.5766038  0.5771313  0.5619847  0.5447312  0.5333711  0.5402113  0.5927446  0.6133480  0.6079761  0.5823977  0.5385488  0.4943892  0.4884886  0.5355474  0.5709536  0.5812272  0.5862538
 3  0.7520538  0.7080049  0.6909818  0.6874746  0.6891582  0.7068190  0.7151719  0.7182514  0.7159149  0.7094489  0.7146203  0.7167439  0.7084696  0.7049812  0.6970776  0.6886131  0.7119527  0.7391671  0.7313630  0.7240467  0.7207635  0.7217905  0.7256684  0.7291331  0.7248891  0.7207765  0.7143664
 4  0.4562514  0.4449012  0.4707242  0.4679168  0.4701017  0.4891943  0.4945892  0.4936903  0.4831392  0.4841097  0.5029329  0.4920295  0.4520734  0.4372982  0.4455564  0.4688772  0.5359228  0.5492809  0.5102436  0.4435556  0.3734941  0.3345856  0.3960161  0.4685147  0.5028126  0.5053475  0.5064539
 1  0.7276935  0.6812072  0.6638503  0.6655102  0.6796289  0.6942469  0.6969081  0.6977321  0.6932653  0.6938255  0.7022647  0.7041381  0.6838180  0.6825998  0.7094378  0.7041141  0.6938529  0.6949609  0.7064149  0.7074251  0.6935024  0.6795414  0.6708244  0.6564123  0.6517936  0.6782676  0.6861302
 2  0.5721492  0.5322268  0.5390554  0.5590584  0.5754888  0.5828263  0.5738118  0.5558697  0.5393864  0.5474412  0.5629247  0.5664890  0.5529655  0.5845986  0.6064159  0.6007624  0.5607173  0.5281275  0.5454376  0.5633657  0.5570681  0.5300897  0.5080287  0.4932445  0.5279253  0.5748646  0.5853545
 3  0.7511928  0.7077284  0.6898350  0.6881996  0.6998198  0.7139854  0.7162951  0.7154437  0.7095430  0.7104688  0.7202543  0.7222484  0.7016269  0.6989452  0.7320179  0.7264473  0.7123685  0.7098187  0.7217663  0.7261909  0.7132583  0.6974172  0.6872732  0.6736836  0.6665337  0.6973207  0.7081766
 4  0.4573467  0.4439921  0.4688248  0.4858134  0.4983666  0.4980288  0.4721031  0.4388207  0.4401864  0.4711474  0.4799730  0.4687483  0.4684312  0.5293973  0.5414207  0.4929467  0.4057588  0.4123808  0.4774590  0.4880972  0.4484373  0.4079789  0.4052929  0.3998518  0.4736602  0.5209261  0.5013940
 1  0.7285885  0.6861851  0.6696831  0.6733728  0.6887813  0.6939078  0.6917083  0.6848808  0.6783986  0.6756717  0.6753779  0.6893988  0.6856541  0.6880579  0.6904792  0.6818197  0.6933062  0.6981406  0.6925570  0.7000256  0.7141227  0.7085393  0.7072227  0.7080666  0.7097179  0.7165568  0.7261934
 2  0.5713707  0.5332933  0.5388953  0.5671438  0.5809690  0.5845190  0.5738119  0.5579921  0.5316271  0.5011537  0.5261448  0.5663493  0.5727687  0.5723706  0.5708606  0.5690314  0.5753358  0.5726497  0.5557977  0.5721489  0.5935614  0.5930490  0.5773520  0.5506347  0.5154178  0.5282060  0.5704582
 3  0.7516385  0.7121700  0.6951554  0.6949105  0.7099991  0.7136868  0.7106410  0.7045337  0.6966205  0.6914341  0.6893160  0.7084950  0.7067865  0.7061366  0.7097018  0.7017355  0.7123991  0.7175631  0.7104575  0.7159874  0.7345468  0.7296041  0.7260827  0.7249246  0.7244731  0.7293481  0.7435872
 4  0.4556943  0.4418778  0.4650323  0.4989062  0.5031632  0.4941907  0.4878617  0.4585241  0.4028192  0.3755684  0.4676308  0.5087039  0.4811126  0.4829156  0.4949293  0.4894342  0.4925864  0.4733622  0.4491022  0.5046374  0.5258942  0.4986230  0.4571066  0.4102314  0.3607594  0.4546643  0.5063375
 1  0.7287496  0.6821007  0.6648622  0.6630267  0.6383587  0.6237060  0.6628889  0.6775447  0.6611088  0.6438751  0.6644227  0.6915132  0.6919407  0.6940943  0.6871143  0.6819077  0.6928612  0.6955306  0.6946145  0.6983959  0.7069504  0.7069194  0.6900631  0.6867812  0.7036530  0.7086563  0.7144752
 2  0.5722266  0.5321358  0.5387608  0.5474762  0.5175245  0.5101745  0.5477127  0.5646572  0.5489778  0.5331641  0.5616731  0.5803716  0.5757668  0.5593252  0.5490854  0.5627736  0.5747015  0.5722778  0.5588279  0.5578187  0.5620837  0.5509938  0.5175482  0.5291647  0.5641154  0.5856673  0.5943572
 3  0.7522206  0.7088684  0.6908588  0.6864598  0.6597075  0.6398744  0.6796331  0.6968448  0.6805389  0.6631838  0.6812586  0.7113199  0.7125270  0.7113118  0.7036646  0.7006731  0.7126372  0.7146748  0.7122341  0.7154588  0.7248359  0.7242224  0.7057257  0.7013886  0.7211381  0.7273524  0.7340444
 4  0.4567510  0.4439026  0.4670536  0.4617356  0.4101006  0.4402768  0.4878356  0.4868415  0.4648388  0.4534322  0.4964787  0.5101219  0.4697124  0.4435902  0.4723344  0.4962399  0.4922142  0.4694878  0.4572004  0.4724504  0.4675673  0.4243124  0.3933230  0.4611226  0.4973694  0.5083989  0.5103490
 1  0.7314508  0.6876579  0.6707562  0.6740441  0.6916941  0.7003869  0.6948236  0.6935591  0.6946998  0.7079171  0.7212218  0.7137112  0.7081107  0.7108658  0.7137243  0.7108142  0.6937618  0.6800877  0.6633963  0.6426289  0.6698721  0.6612499  0.6434979  0.6191265  0.6358112  0.6603868  0.6745582
 2  0.5718119  0.5326729  0.5411956  0.5708737  0.5920526  0.5950098  0.5737225  0.5362566  0.5097009  0.5602874  0.5964927  0.6002945  0.5781108  0.5567362  0.5605222  0.5689874  0.5591344  0.5401766  0.5222721  0.5350395  0.5669463  0.5622332  0.5323334  0.5025798  0.5219831  0.5439882  0.5720310
 3  0.7538355  0.7134097  0.6965160  0.6959179  0.7126570  0.7220256  0.7148504  0.7103666  0.7090229  0.7222500  0.7418256  0.7352523  0.7268527  0.7267778  0.7299299  0.7297717  0.7133457  0.6983404  0.6817272  0.6589773  0.6900374  0.6832697  0.6635126  0.6383707  0.6520542  0.6784829  0.6921357
 4  0.4534029  0.4431864  0.4704934  0.5039553  0.5227306  0.5078711  0.4503032  0.3842829  0.3965804  0.5083357  0.5343365  0.5020018  0.4448942  0.4423853  0.4845262  0.4889171  0.4572203  0.4390417  0.4315330  0.4803754  0.5066808  0.4761750  0.4386684  0.4163867  0.4552345  0.4749806  0.5041166
