FL 2019 2020 2021 2022 2023 2024 2025 2026 2027 2028 2029 2030 2031 2032 2033 2034 2035 2036 2037 2038 2039 2040 2041 2042 2043 2044 2045
 1  0.1254765  0.0537101  0.0362067  0.0522111  0.0371195  0.0981046  0.0749355  0.1373419  0.1576466  0.1854036  0.2362976  0.1431045  0.1498098  0.1696895  0.2002896  0.2737851  0.2942800  0.1820769  0.2176181  0.0614687  0.0415759  0.0563484  0.0477815  0.1208997  0.1124632  0.2100685  0.2361350
 2  0.0238751  0.0086047  0.0057562  0.0091073  0.0047272  0.0148711  0.0135770  0.0290939  0.0385862  0.0496275  0.0622449  0.0321969  0.0324870  0.0382623  0.0450484  0.0563388  0.0583652  0.0377391  0.0426673  0.0099567  0.0067561  0.0098176  0.0093614  0.0228705  0.0212464  0.0418227  0.0507357
 3  0.1162273  0.0321639  0.0183920  0.0228015  0.0229657  0.0190808  0.0237805  0.0327589  0.0296978  0.0363478  0.0290182  0.0323516  0.0220447  0.0320328  0.0245966  0.0263870  0.0243848  0.0966287  0.0820857  0.0285185  0.0195464  0.0311653  0.0281866  0.1596932  0.1411712  0.0303175  0.0277471
 4  0.0444602  0.0557834  0.0376965  0.0701358  0.0510184  0.0450027  0.0357414  0.0422825  0.0343151  0.0437710  0.0403617  0.0444464  0.0328032  0.0390870  0.0367034  0.0421980  0.0357791  0.0411420  0.0476144  0.0540902  0.0383919  0.0480258  0.0444883  0.0512527  0.0372483  0.0411219  0.0357079
 1  0.1220670  0.0539047  0.0363656  0.0805207  0.0693056  0.1012404  0.0817899  0.1145168  0.1139866  0.1233710  0.1195760  0.0671478  0.0760625  0.0803831  0.0732818  0.0499698  0.0498644  0.0615362  0.0502802  0.2460650  0.3078077  0.2775496  0.3332807  0.2275732  0.3036030  0.1203209  0.0974365
 2  0.0232303  0.0087191  0.0058405  0.0139506  0.0130164  0.0182002  0.0150652  0.0228049  0.0224262  0.0245690  0.0253864  0.0144156  0.0160233  0.0159509  0.0145823  0.0105825  0.0085224  0.0105589  0.0096593  0.0527574  0.0706222  0.0615650  0.0728167  0.0491987  0.0619110  0.0210738  0.0169902
 3  0.1130934  0.0231468  0.0208962  0.0419167  0.0542563  0.0237753  0.0204172  0.0513989  0.0551921  0.0256532  0.0286963  0.2644253  0.2957916  0.0259288  0.0243466  0.1511656  0.1569088  0.0230905  0.0235525  0.0285167  0.0312404  0.0294373  0.0233568  0.1372188  0.1371417  0.0226705  0.0206918
 4  0.0433681  0.0442008  0.0427676  0.0395483  0.0480833  0.0404560  0.0361817  0.0408463  0.0409004  0.0377971  0.0373191  0.0139285  0.0128827  0.0441051  0.0375978  0.0429097  0.0472092  0.0403803  0.0372768  0.0361372  0.0420256  0.0384669  0.0357325  0.0301326  0.0315634  0.0383588  0.0372506
 1  0.1187765  0.0769133  0.0529560  0.0702495  0.0495148  0.2099045  0.2318848  0.1704507  0.1653532  0.1292216  0.1358502  0.1929340  0.2164502  0.0902893  0.0819703  0.1483168  0.1585820  0.1644374  0.1564734  0.1257480  0.1339672  0.2537585  0.3005509  0.1351780  0.0986826  0.1064078  0.0950844
 2  0.0226444  0.0125015  0.0084825  0.0109216  0.0084431  0.0406901  0.0470797  0.0338173  0.0330120  0.0269163  0.0298312  0.0413461  0.0410353  0.0168696  0.0151252  0.0290188  0.0302332  0.0310769  0.0294970  0.0244991  0.0277198  0.0541706  0.0611943  0.0221843  0.0153280  0.0182164  0.0187438
 3  0.1100329  0.0246243  0.0209852  0.0230884  0.0215524  0.0285106  0.0285077  0.0232247  0.0226932  0.0253162  0.0245607  0.1465525  0.1736619  0.0215308  0.0255972  0.1365566  0.1352800  0.0240785  0.0221757  0.1487377  0.1531376  0.0248581  0.0295192  0.0977795  0.1011029  0.0225929  0.0289679
 4  0.0423910  0.0449937  0.0441002  0.0439793  0.0338846  0.0360827  0.0402721  0.0400858  0.0386920  0.0358588  0.0367370  0.0361907  0.0352727  0.0364945  0.0401542  0.0409512  0.0426031  0.0417566  0.0351132  0.0289646  0.0301020  0.0342806  0.0467729  0.0469598  0.0386401  0.0366393  0.0339695
 1  0.1193897  0.0246958  0.0163923  0.0837982  0.0689066  0.0892166  0.0882602  0.0649008  0.0573883  0.0448744  0.0361269  0.0515041  0.0479640  0.0584373  0.0600742  0.0777990  0.0845591  0.1438996  0.1640795  0.1360835  0.1376046  0.1631346  0.1613831  0.1739827  0.2080687  0.1690169  0.2225071
 2  0.0226910  0.0039735  0.0026410  0.0143472  0.0125722  0.0178482  0.0179467  0.0133541  0.0104082  0.0079563  0.0071027  0.0103650  0.0102278  0.0134053  0.0146069  0.0196175  0.0204356  0.0346741  0.0376858  0.0301727  0.0266421  0.0313436  0.0334180  0.0392379  0.0498542  0.0398531  0.0484958
 3  0.1105887  0.0293641  0.0153935  0.0201294  0.0243183  0.0580682  0.0579715  0.0280793  0.0269013  0.0235752  0.0255826  0.0820629  0.0746196  0.0268379  0.0292512  0.0278608  0.0303184  0.0286423  0.0321545  0.0278410  0.0296029  0.0258500  0.0255555  0.0284951  0.0268494  0.2147603  0.2312049
 4  0.0420011  0.0490650  0.0401269  0.0372446  0.0385440  0.0371637  0.0397832  0.0434170  0.0451635  0.0405366  0.0416900  0.0433747  0.0378160  0.0368437  0.0366990  0.0387850  0.0421004  0.0402248  0.0440056  0.0428290  0.0453660  0.0372359  0.0344168  0.0364526  0.0373460  0.0281469  0.0339762
 1  0.1189860  0.0474579  0.0320672  0.0557466  0.0412812  0.1381255  0.1228867  0.2766122  0.3139876  0.3630925  0.4564035  0.2086777  0.2818748  0.0888179  0.0581666  0.1582911  0.1832432  0.2373653  0.2653250  0.0950542  0.0826810  0.2096587  0.2386617  0.3131302  0.4885547  0.1426368  0.0969917
 2  0.0231473  0.0077530  0.0051704  0.0093201  0.0065797  0.0243278  0.0223744  0.0543549  0.0597655  0.0695879  0.0933888  0.0423048  0.0376587  0.0116920  0.0089818  0.0287186  0.0368665  0.0511211  0.0455560  0.0158206  0.0152912  0.0423182  0.0516339  0.0712695  0.1042924  0.0220750  0.0143001
 3  0.1099257  0.0256020  0.0184249  0.0181158  0.0197972  0.0208387  0.0236928  0.0260663  0.0268815  0.0225237  0.0264670  0.3974790  0.6673771  0.0125173  0.0198836  0.2003864  0.1752548  0.0240828  0.0260221  0.1245590  0.1195097  0.0244980  0.0310316  0.1495583  0.1385810  0.0201275  0.0212791
 4  0.0434759  0.0448049  0.0437847  0.0455949  0.0455286  0.0410503  0.0402960  0.0430822  0.0397985  0.0352999  0.0341367  0.0341730  0.0308454  0.0419199  0.0375752  0.0323542  0.0298723  0.0450404  0.0445127  0.0370633  0.0363299  0.0355189  0.0383848  0.0319543  0.0359877  0.0488572  0.0423505
 1  0.1162521  0.0849438  0.0591619  0.1077966  0.0876528  0.1639946  0.1724226  0.1491161  0.1250132  0.1225023  0.1165438  0.0765342  0.0916579  0.1457665  0.1440285  0.1452789  0.1699436  0.1384580  0.1433626  0.0693646  0.0633485  0.1078111  0.0851332  0.1872219  0.2094077  0.0747346  0.0679331
 2  0.0225599  0.0139384  0.0094809  0.0179366  0.0154795  0.0322082  0.0353976  0.0279943  0.0216100  0.0225234  0.0240403  0.0175595  0.0208609  0.0307500  0.0288946  0.0297941  0.0366656  0.0300235  0.0296757  0.0141764  0.0119639  0.0184573  0.0156217  0.0384248  0.0433880  0.0142739  0.0130661
 3  0.1074261  0.0257621  0.0223252  0.0340318  0.0378380  0.0232377  0.0236536  0.0315797  0.0264868  0.0247792  0.0243079  0.1867603  0.1997483  0.0254408  0.0249966  0.1466574  0.1490004  0.0275830  0.0241644  0.0263910  0.0281460  0.0504187  0.0474168  0.0254510  0.0276032  0.1583559  0.1579021
 4  0.0426515  0.0480764  0.0413784  0.0412854  0.0383844  0.0376186  0.0392105  0.0485596  0.0427652  0.0358217  0.0326298  0.0193256  0.0261450  0.0397224  0.0382908  0.0303093  0.0313575  0.0377005  0.0394616  0.0425057  0.0459319  0.0428872  0.0372957  0.0396057  0.0430874  0.0423061  0.0350813
 1  0.1297236  0.0889434  0.0593839  0.0456341  0.0332204  0.0639822  0.0695751  0.0934562  0.1006512  0.1020194  0.1232057  0.1079605  0.0793286  0.0530617  0.0456949  0.1802602  0.2055214  0.1511760  0.1731506  0.0673242  0.0468619  0.0621386  0.0566993  0.1258994  0.1339767  0.1018692  0.1268788
 2  0.0243926  0.0139661  0.0092896  0.0072187  0.0058881  0.0129974  0.0155537  0.0220901  0.0242969  0.0250210  0.0286519  0.0194631  0.0132607  0.0094477  0.0091366  0.0396209  0.0480969  0.0370975  0.0286663  0.0102298  0.0078402  0.0112242  0.0108913  0.0266873  0.0311329  0.0252683  0.0326677
 3  0.1204050  0.0222433  0.0201381  0.0205744  0.0230983  0.1317508  0.1201656  0.0305558  0.0320479  0.1227483  0.1284079  0.0252359  0.0217700  0.0248251  0.0292902  0.0298485  0.0263347  0.1185884  0.1337634  0.0221635  0.0209095  0.1230843  0.1186109  0.0255096  0.0275040  0.1223982  0.1186483
 4  0.0445032  0.0435531  0.0411271  0.0420620  0.0367048  0.0307659  0.0321621  0.0389319  0.0376898  0.0314062  0.0441170  0.0466222  0.0417915  0.0394435  0.0391487  0.0388709  0.0342134  0.0521950  0.0596888  0.0446868  0.0400990  0.0420899  0.0372773  0.0336279  0.0374981  0.0283393  0.0270224
 1  0.1244105  0.0149918  0.0097513  0.0187171  0.0157931  0.0616991  0.0603365  0.2068105  0.1771927  0.1119260  0.0956599  0.2053097  0.2401927  0.1771926  0.2127861  0.1373905  0.1481334  0.1468173  0.1063193  0.2804427  0.3178699  0.2739252  0.3541689  0.1409034  0.1522242  0.1036646  0.0738073
 2  0.0246932  0.0024389  0.0015679  0.0033185  0.0031210  0.0131973  0.0109173  0.0360442  0.0294182  0.0192571  0.0180631  0.0431909  0.0555268  0.0425487  0.0517711  0.0315146  0.0199960  0.0205973  0.0181564  0.0528702  0.0641428  0.0591546  0.0800006  0.0290189  0.0285836  0.0169301  0.0112878
 3  0.1146225  0.0184665  0.0235569  0.0214864  0.0278448  0.1101233  0.1152334  0.0189210  0.0253578  0.0222615  0.0254494  0.0276320  0.0302003  0.0304829  0.0257924  0.2570917  0.3776486  0.0129202  0.0232417  0.0272174  0.0301760  0.0259708  0.0287363  0.1753616  0.1930928  0.0207954  0.0235404
 4  0.0469218  0.0459039  0.0399806  0.0369645  0.0360815  0.0443357  0.0442416  0.0435197  0.0432814  0.0408830  0.0368786  0.0363621  0.0378230  0.0384932  0.0387075  0.0432027  0.0289028  0.0418604  0.0393660  0.0396344  0.0394310  0.0341434  0.0379893  0.0334814  0.0392822  0.0523505  0.0461299
 1  0.1237088  0.0832669  0.0565330  0.1567447  0.1418682  0.1594510  0.1469165  0.0503173  0.0358600  0.0841976  0.0702700  0.1240380  0.1371188  0.1266198  0.1471490  0.1089801  0.1319833  0.0908945  0.0937227  0.0805951  0.0746443  0.0641935  0.0622677  0.0773385  0.0382866  0.0663266  0.0594623
 2  0.0237626  0.0133677  0.0089463  0.0271636  0.0254831  0.0293528  0.0277918  0.0086654  0.0058644  0.0145689  0.0136337  0.0271354  0.0326823  0.0319243  0.0390094  0.0295270  0.0357671  0.0213377  0.0200380  0.0164466  0.0144224  0.0127376  0.0131370  0.0104711  0.0056074  0.0115269  0.0121340
 3  0.1145732  0.0233781  0.0192715  0.0221605  0.0228181  0.0231020  0.0274730  0.0252364  0.0219694  0.0223015  0.0283146  0.0305618  0.0291491  0.0274033  0.0272041  0.0293677  0.0270973  0.1316424  0.1469812  0.0236743  0.0223516  0.1053630  0.1088940  0.0258903  0.0178850  0.0217261  0.0281700
 4  0.0440699  0.0433203  0.0420854  0.0387602  0.0368503  0.0370807  0.0434796  0.0516783  0.0446129  0.0389220  0.0379723  0.0386145  0.0373489  0.0355760  0.0352870  0.0349988  0.0393401  0.0362041  0.0387889  0.0379739  0.0413409  0.0339680  0.0743022  0.0538212  0.0505819  0.0394638  0.0371732
 1  0.1300004  0.0895330  0.0598920  0.0617455  0.0389761  0.0697525  0.0757997  0.1146601  0.1224461  0.1080204  0.1184864  0.1070723  0.1036245  0.1003296  0.0854218  0.1003609  0.0768971  0.1370065  0.1404589  0.1450342  0.1836119  0.2977705  0.3973800  0.1584913  0.1668749  0.1078694  0.0885616
 2  0.0246276  0.0141504  0.0093733  0.0088675  0.0064942  0.0136916  0.0170488  0.0271892  0.0292955  0.0243928  0.0236102  0.0209170  0.0217392  0.0191899  0.0151608  0.0168214  0.0134930  0.0267188  0.0308226  0.0360277  0.0483655  0.0745049  0.0881853  0.0311207  0.0267111  0.0173846  0.0163641
 3  0.1205402  0.0202341  0.0160953  0.0204015  0.0233667  0.1209122  0.1184299  0.0295133  0.0250181  0.1602456  0.1773437  0.0236394  0.0257321  0.1024493  0.1024175  0.0232181  0.0240210  0.0233995  0.0258029  0.0582160  0.0584408  0.0306151  0.0261224  0.2129230  0.2457228  0.0174202  0.0223352
 4  0.0455741  0.0452809  0.0441162  0.0446840  0.0376421  0.0294474  0.0339215  0.0371286  0.0397625  0.0357320  0.0346621  0.0333225  0.0391256  0.0477315  0.0442070  0.0423897  0.0380343  0.0351971  0.0336542  0.0389097  0.0394238  0.0388354  0.0391550  0.0360687  0.0358507  0.0361786  0.0402468
 1  0.1180277  0.0358854  0.0241622  0.0434932  0.0343033  0.0791301  0.0790837  0.1233860  0.1207087  0.1205874  0.1265423  0.1273893  0.1026247  0.1686705  0.1553306  0.1353925  0.1341620  0.1520375  0.1616049  0.1012774  0.1066365  0.1629023  0.1826627  0.1465873  0.1714381  0.2349533  0.2638222
 2  0.0228373  0.0058748  0.0039271  0.0074483  0.0061259  0.0153240  0.0146307  0.0236432  0.0256941  0.0265812  0.0283472  0.0234351  0.0174516  0.0297607  0.0283311  0.0263061  0.0284925  0.0326124  0.0347914  0.0222653  0.0245446  0.0380625  0.0403236  0.0319719  0.0371948  0.0499225  0.0518231
 3  0.1090697  0.0222496  0.0179587  0.0216458  0.0226357  0.1689452  0.1746277  0.0222354  0.0252127  0.0438779  0.0429019  0.1114232  0.1081389  0.0225550  0.0275715  0.0271285  0.0306005  0.0651327  0.0559511  0.0302365  0.0279628  0.0274781  0.0264350  0.1226149  0.1250410  0.0261342  0.0254530
 4  0.0428520  0.0438563  0.0401158  0.0390123  0.0409265  0.0361428  0.0384906  0.0355257  0.0358146  0.0391385  0.0474139  0.0515992  0.0465484  0.0410998  0.0423004  0.0389497  0.0397489  0.0443445  0.0392336  0.0380715  0.0407367  0.0403306  0.0377056  0.0341854  0.0343491  0.0389981  0.0666747
 1  0.1305073  0.0626718  0.0412321  0.0790701  0.0592180  0.1289118  0.1396880  0.1986904  0.2334794  0.1760106  0.1809055  0.0878240  0.0592213  0.1038455  0.0932921  0.1607680  0.1860170  0.2042166  0.2301793  0.1275981  0.1138309  0.1174147  0.1132171  0.1684890  0.1311764  0.1668933  0.1617658
 2  0.0247657  0.0098862  0.0064753  0.0126374  0.0104050  0.0254748  0.0300412  0.0455019  0.0496149  0.0358070  0.0287684  0.0132745  0.0090042  0.0181286  0.0185399  0.0359347  0.0463386  0.0489044  0.0517551  0.0247053  0.0211133  0.0226640  0.0226385  0.0291220  0.0233993  0.0311390  0.0318680
 3  0.1209417  0.0230385  0.0208607  0.0200924  0.0214564  0.0906163  0.0922687  0.0282143  0.0260757  0.1156378  0.1278455  0.0183197  0.0238995  0.0194959  0.0213553  0.0301465  0.0279307  0.0270755  0.0224171  0.0582247  0.0517579  0.0286628  0.0281925  0.0258587  0.0210440  0.0274554  0.0265207
 4  0.0457994  0.0460216  0.0425039  0.0400822  0.0374261  0.0308982  0.0312883  0.0399375  0.0395146  0.0499907  0.0504318  0.0492876  0.0444949  0.0378309  0.0358352  0.0340684  0.0375620  0.0400909  0.0416980  0.0438067  0.0367065  0.0418746  0.0488807  0.0478561  0.0425184  0.0409147  0.0409032
 1  0.1355563  0.0713368  0.0468947  0.0468034  0.0380170  0.0574514  0.0479757  0.0439527  0.0447133  0.1109748  0.1468591  0.2068414  0.2283007  0.1910420  0.2489334  0.1244686  0.1051678  0.1389819  0.0966067  0.0805955  0.0727424  0.1063672  0.1236868  0.2650220  0.2863951  0.1695941  0.1051372
 2  0.0258173  0.0112511  0.0073051  0.0082445  0.0061220  0.0098416  0.0090464  0.0093282  0.0108072  0.0303726  0.0393080  0.0474578  0.0462854  0.0378570  0.0465235  0.0210749  0.0194990  0.0211204  0.0147505  0.0140046  0.0143380  0.0231214  0.0277616  0.0561277  0.0513630  0.0229101  0.0162111
 3  0.1255444  0.0251563  0.0190435  0.0216836  0.0283835  0.0913418  0.0863776  0.0278348  0.0277075  0.1313233  0.1404278  0.0267057  0.0272152  0.2975110  0.3082983  0.0254465  0.0230567  0.1879376  0.1918044  0.0217029  0.0270943  0.1680167  0.1788307  0.0276451  0.0261765  0.1451474  0.1220350
 4  0.0485933  0.0472371  0.0362891  0.0458963  0.0483841  0.0338069  0.0287695  0.0358438  0.0301658  0.0256800  0.0345035  0.0400703  0.0393915  0.0208905  0.0262676  0.0348387  0.0459529  0.0512543  0.0437162  0.0344651  0.0338594  0.0301584  0.0377222  0.0407378  0.0556147  0.0490166  0.0374757
 1  0.1307984  0.0943666  0.0630554  0.1510823  0.1334000  0.2080339  0.1735902  0.2899492  0.3102333  0.2314824  0.2311839  0.2224414  0.1937064  0.2066075  0.2250132  0.1563278  0.1730320  0.0738108  0.0583644  0.0821711  0.0665350  0.1671812  0.2009959  0.1746572  0.2158688  0.1381233  0.1489466
 2  0.0245606  0.0148181  0.0098198  0.0256176  0.0240770  0.0355661  0.0293762  0.0520113  0.0598889  0.0445350  0.0397321  0.0368029  0.0338206  0.0393694  0.0470198  0.0322754  0.0292562  0.0124341  0.0091330  0.0137348  0.0128027  0.0371250  0.0508345  0.0466647  0.0553327  0.0315473  0.0333846
 3  0.1213701  0.0234982  0.0199728  0.0232260  0.0235205  0.0387519  0.0327779  0.0216632  0.0238633  0.0378100  0.0357338  0.0422754  0.0435809  0.0262040  0.0261335  0.2394011  0.2789549  0.0223657  0.0251244  0.0189889  0.0273483  0.0270154  0.0331165  0.0279016  0.0335216  0.0269888  0.0263160
 4  0.0453260  0.0455152  0.0428815  0.0398489  0.0413451  0.0412710  0.0417363  0.0350107  0.0372701  0.0453728  0.0461022  0.0406327  0.0388757  0.0346742  0.0398419  0.0442473  0.0385341  0.0437968  0.0465436  0.0376520  0.0381536  0.0356961  0.0358205  0.0373380  0.0411559  0.0384059  0.0352585
 1  0.1425452  0.0873039  0.0567033  0.0794395  0.0552888  0.0779462  0.0747683  0.0945054  0.1077351  0.1488967  0.2029916  0.0508521  0.0264865  0.0965636  0.0982401  0.0879221  0.0999212  0.1524202  0.1935229  0.1966704  0.1843539  0.0972436  0.1009134  0.0617177  0.0561451  0.0803757  0.0693313
 2  0.0270896  0.0135786  0.0087270  0.0123364  0.0086774  0.0139602  0.0152142  0.0219792  0.0285248  0.0414192  0.0425038  0.0066653  0.0040710  0.0178126  0.0210458  0.0219355  0.0273390  0.0414804  0.0446357  0.0379526  0.0342460  0.0189182  0.0207977  0.0127520  0.0114307  0.0153075  0.0128052
 3  0.1320490  0.0180531  0.0227543  0.0209450  0.0224316  0.1061515  0.0997317  0.0277529  0.0329287  0.1865424  0.2211896  0.0151148  0.0173375  0.0568046  0.0568850  0.0277321  0.0315371  0.0990638  0.1027395  0.0262745  0.0198933  0.1245569  0.1273196  0.0251397  0.0212779  0.0880873  0.0928400
 4  0.0507192  0.0468312  0.0468692  0.0446697  0.0416693  0.0342092  0.0310208  0.0334966  0.0332515  0.0380941  0.0636606  0.0440383  0.0344533  0.0323301  0.0321931  0.0327754  0.0385891  0.0364606  0.0368340  0.0407827  0.0354810  0.0324484  0.0361185  0.0372431  0.0426091  0.0422169  0.0401075
 1  0.1323154  0.0742914  0.0489175  0.0469004  0.0389779  0.1550502  0.1384396  0.2138094  0.2088792  0.2021709  0.1848227  0.1542750  0.1539179  0.1617367  0.1888639  0.1407481  0.1117966  0.0747574  0.0561806  0.0965838  0.1057650  0.1883405  0.2527934  0.2344875  0.2540625  0.1703214  0.1521547
 2  0.0251284  0.0116816  0.0076350  0.0081680  0.0070203  0.0284980  0.0258503  0.0399932  0.0401278  0.0373888  0.0325511  0.0288728  0.0313816  0.0344229  0.0397070  0.0269250  0.0156970  0.0114953  0.0101529  0.0204953  0.0265959  0.0542734  0.0707543  0.0536222  0.0471705  0.0304164  0.0256875
 3  0.1226001  0.0230008  0.0191359  0.0176205  0.0258720  0.0213121  0.0267722  0.0237388  0.0244605  0.0284288  0.0269634  0.0254057  0.0254878  0.1469420  0.1542860  0.0245982  0.0194566  0.0174749  0.0216271  0.0268514  0.0308164  0.0323180  0.0328022  0.0268355  0.0220379  0.0226809  0.0247798
 4  0.0466048  0.0468852  0.0381482  0.0374601  0.0431623  0.0394072  0.0438287  0.0419875  0.0414219  0.0472613  0.0418792  0.0422331  0.0382391  0.0311780  0.0333762  0.0582971  0.0488181  0.0438986  0.0375915  0.0340924  0.0357653  0.0401438  0.0446840  0.0436277  0.0438486  0.0459868  0.0435919
 1  0.1289129  0.0908110  0.0609317  0.0554485  0.0413059  0.1134257  0.1025681  0.0859689  0.1005898  0.0831288  0.0744039  0.0670276  0.0720072  0.0806435  0.0494578  0.1156791  0.1245247  0.1845970  0.2013108  0.2005597  0.2178121  0.2871156  0.3826323  0.2040996  0.2598679  0.1166008  0.0881056
 2  0.0243850  0.0144228  0.0095853  0.0090512  0.0069471  0.0205517  0.0205349  0.0188879  0.0218595  0.0166416  0.0149629  0.0138828  0.0142497  0.0120100  0.0081654  0.0224906  0.0281588  0.0435930  0.0429395  0.0412028  0.0461543  0.0637932  0.0863827  0.0455441  0.0453203  0.0179931  0.0153566
 3  0.1195341  0.0140844  0.0170782  0.0201165  0.0231287  0.0224015  0.0257353  0.1875293  0.1910066  0.0267331  0.0211483  0.2100192  0.2324317  0.0241383  0.0193571  0.0374210  0.0435039  0.0314797  0.0260366  0.0225546  0.0266742  0.0294589  0.0312344  0.1721111  0.1930058  0.0207318  0.0213852
 4  0.0452728  0.0413136  0.0418462  0.0415617  0.0398271  0.0368922  0.0349263  0.0281067  0.0319193  0.0390474  0.0347350  0.0204063  0.0366117  0.0485735  0.0369391  0.0381947  0.0418572  0.0442107  0.0432685  0.0364876  0.0365488  0.0368241  0.0357801  0.0357465  0.0421379  0.0406290  0.0360264
 1  0.1102676  0.0449999  0.0310821  0.0621656  0.0436679  0.0803131  0.0774995  0.1761399  0.1958559  0.1805763  0.2403211  0.1374214  0.1192307  0.1646819  0.1638585  0.0989635  0.0799686  0.0839922  0.0844409  0.1150555  0.0864558  0.0696232  0.0651401  0.1011252  0.1169152  0.1012105  0.0926948
 2  0.0212429  0.0074411  0.0050855  0.0097533  0.0075564  0.0145364  0.0142190  0.0350975  0.0434057  0.0429946  0.0455560  0.0234607  0.0219289  0.0294990  0.0290294  0.0169158  0.0142483  0.0165671  0.0176135  0.0204205  0.0153637  0.0133367  0.0138174  0.0243689  0.0319763  0.0238916  0.0191913
 3  0.1019949  0.0276695  0.0211131  0.0242275  0.0250339  0.2216884  0.2211049  0.0262329  0.0308260  0.1812383  0.2066361  0.0221772  0.0246200  0.2200047  0.2216244  0.0263570  0.0213351  0.0675646  0.0724452  0.0256666  0.0240764  0.0251788  0.0267674  0.0290307  0.0347887  0.0304259  0.0258236
 4  0.0398775  0.0451413  0.0451692  0.0397604  0.0405927  0.0366128  0.0337944  0.0351312  0.0337949  0.0384775  0.0444025  0.0387093  0.0391599  0.0401756  0.0335755  0.0420922  0.0394855  0.0398267  0.0516702  0.0472828  0.0413749  0.0368842  0.0344904  0.0358581  0.0458651  0.0481382  0.0400593
 1  0.1249681  0.0679759  0.0456370  0.2094053  0.2306534  0.1616190  0.1374654  0.1881614  0.2211497  0.1469754  0.1285010  0.0704886  0.0606499  0.1171271  0.1334977  0.0917559  0.0763244  0.0841776  0.0878366  0.0607524  0.0546079  0.0796434  0.1016501  0.0760652  0.0655936  0.0640143  0.0518291
 2  0.0235296  0.0108357  0.0072570  0.0371987  0.0449210  0.0291058  0.0244622  0.0347874  0.0399360  0.0260305  0.0205326  0.0122110  0.0120352  0.0247466  0.0266305  0.0166055  0.0145130  0.0170136  0.0182136  0.0122370  0.0116465  0.0187485  0.0244624  0.0158295  0.0128610  0.0117337  0.0095229
 3  0.1159195  0.0225372  0.0229466  0.1359358  0.1242981  0.0233469  0.0253242  0.2802603  0.2839595  0.0283866  0.0232558  0.0216132  0.0234366  0.2025128  0.2282659  0.0230963  0.0238895  0.1226067  0.1306139  0.0290594  0.0257555  0.1874745  0.1852719  0.0313907  0.0226135  0.0262402  0.0246846
 4  0.0433172  0.0431305  0.0387615  0.0288268  0.0328856  0.0395160  0.0380010  0.0211848  0.0212645  0.0450147  0.0416962  0.0372635  0.0339260  0.0341349  0.0374780  0.0381031  0.0351486  0.0359052  0.0395172  0.0394935  0.0343057  0.0242911  0.0326487  0.0417141  0.0427710  0.0421141  0.0359979
 1  0.1235830  0.0585869  0.0395184  0.0871664  0.0582080  0.1136659  0.1074943  0.1675974  0.2074761  0.0741648  0.0530101  0.0779406  0.0756487  0.1168890  0.1200082  0.2299844  0.2584092  0.3597240  0.4809294  0.3433401  0.2921123  0.3521206  0.3982847  0.2277162  0.2872796  0.1266060  0.0991409
 2  0.0244388  0.0095841  0.0063155  0.0133345  0.0090501  0.0203027  0.0222696  0.0402522  0.0516788  0.0135755  0.0092914  0.0149195  0.0162617  0.0261748  0.0248739  0.0473617  0.0534494  0.0749213  0.0990873  0.0559669  0.0476657  0.0610805  0.0740119  0.0435604  0.0492727  0.0206256  0.0147089
 3  0.1139036  0.0218194  0.0182358  0.0190233  0.0186188  0.0234019  0.0268595  0.0260212  0.0304486  0.0457111  0.0380563  0.0223595  0.0282191  0.0810838  0.0849641  0.0248699  0.0302356  0.0276471  0.0280568  0.0251198  0.0177731  0.0195167  0.0251555  0.2568224  0.3029442  0.0194530  0.0235061
 4  0.0466939  0.0494840  0.0462187  0.0439464  0.0398637  0.0368180  0.0333725  0.0379017  0.0519303  0.0500788  0.0440588  0.0352703  0.0407892  0.0411309  0.0420512  0.0409983  0.0409316  0.0366205  0.0444695  0.0434693  0.0378855  0.0343592  0.0351328  0.0223718  0.0239199  0.0401861  0.0419535
 1  0.1114495  0.0533970  0.0370732  0.0579851  0.0484228  0.0383812  0.0355529  0.0742826  0.0663056  0.0506401  0.0419591  0.0818193  0.0777304  0.1111904  0.1210214  0.1954677  0.2506430  0.2791813  0.3978494  0.2818427  0.2622161  0.0652419  0.0532034  0.1220755  0.1228418  0.1171776  0.0960500
 2  0.0220729  0.0089712  0.0060638  0.0102064  0.0088932  0.0077474  0.0072321  0.0152451  0.0123406  0.0092719  0.0082539  0.0168229  0.0170097  0.0257928  0.0295572  0.0493092  0.0652201  0.0737442  0.0867010  0.0510724  0.0400256  0.0106880  0.0098619  0.0250118  0.0258550  0.0223926  0.0171198
 3  0.1026403  0.0266991  0.0197493  0.0218304  0.0228461  0.0284262  0.0274729  0.0293849  0.0256381  0.0254427  0.0269275  0.0257399  0.0313770  0.0312692  0.0291123  0.0297180  0.0309329  0.0308343  0.0290423  0.0242744  0.0260879  0.0209022  0.0261251  0.0272077  0.0248015  0.0273185  0.0257162
 4  0.0426156  0.0467047  0.0396482  0.0368799  0.0356538  0.0387373  0.0400609  0.0499248  0.0465677  0.0401477  0.0415673  0.0373149  0.0396278  0.0393010  0.0397054  0.0361816  0.0335441  0.0399076  0.0422954  0.0456625  0.0439070  0.0386747  0.0402056  0.0392990  0.0415869  0.0457036  0.0441149
 1  0.1170474  0.0604436  0.0409731  0.0500807  0.0398263  0.0552609  0.0478367  0.1625712  0.2083274  0.0506635  0.0442408  0.0788731  0.0699485  0.1410159  0.1661372  0.1897471  0.2254728  0.1496630  0.1546003  0.1597156  0.1459891  0.1106515  0.0875820  0.0669067  0.0670719  0.0647386  0.0678601
 2  0.0222378  0.0097575  0.0065886  0.0085812  0.0069003  0.0101662  0.0097602  0.0370966  0.0457526  0.0103266  0.0080840  0.0146868  0.0138396  0.0309257  0.0392405  0.0453810  0.0532824  0.0316027  0.0299213  0.0297285  0.0258768  0.0187958  0.0158862  0.0134187  0.0151479  0.0156432  0.0167061
 3  0.1084871  0.0213392  0.0209040  0.0272516  0.0247081  0.0235657  0.0272472  0.1385517  0.1488687  0.0250514  0.0247847  0.0245974  0.0278882  0.0835639  0.0834550  0.0307826  0.0279332  0.1107519  0.1202930  0.0262503  0.0232125  0.0225901  0.0265443  0.0570852  0.0560699  0.0416831  0.0464589
 4  0.0409754  0.0434433  0.0446177  0.0426099  0.0432360  0.0354999  0.0355424  0.0330012  0.0397398  0.0440537  0.0428260  0.0395867  0.0376181  0.0343165  0.0373567  0.0411114  0.0415656  0.0373134  0.0381746  0.0400531  0.0448335  0.0413563  0.0415934  0.0339966  0.0331676  0.0356043  0.0452389
 1  0.1287303  0.0575278  0.0381022  0.1382182  0.0943615  0.3970724  0.4987267  0.3489346  0.3277818  0.3615264  0.3800295  0.5516578  0.6905839  0.3996125  0.2845861  0.2414558  0.2015826  0.1100563  0.1204078  0.1114472  0.1164498  0.0524692  0.0543622  0.1557812  0.1563959  0.1534862  0.1813493
 2  0.0248432  0.0092194  0.0060338  0.0205923  0.0152674  0.0735605  0.0820840  0.0543019  0.0568522  0.0630595  0.0638382  0.0924157  0.1108319  0.0560680  0.0342687  0.0352652  0.0349400  0.0215528  0.0253558  0.0244274  0.0260506  0.0114266  0.0111214  0.0311520  0.0324042  0.0339323  0.0380719
 3  0.1190409  0.0232306  0.0186795  0.0205894  0.0205072  0.0255643  0.0238373  0.0205739  0.0240508  0.0217235  0.0211709  0.0221588  0.0219032  0.0165702  0.0175842  0.0150975  0.0245784  0.1307124  0.1261518  0.0300314  0.0247947  0.1477273  0.1578355  0.0246511  0.0257830  0.0947375  0.1022614
 4  0.0466638  0.0425245  0.0490568  0.0440681  0.0388207  0.0408599  0.0427491  0.0385550  0.0401994  0.0412032  0.0393910  0.0374601  0.0420710  0.0488638  0.0466963  0.0363389  0.0380437  0.0332347  0.0349729  0.0390572  0.0364690  0.0356638  0.0375348  0.0362612  0.0344970  0.0402647  0.0415670
 1  0.1219628  0.0647839  0.0438606  0.0595702  0.0515320  0.0713794  0.0667754  0.0817477  0.0745203  0.0938823  0.1001772  0.1636530  0.1865606  0.1206132  0.1138708  0.0734601  0.0546227  0.0832895  0.0492901  0.1527022  0.1572438  0.1829315  0.2475680  0.1509948  0.2001276  0.1303281  0.1295546
 2  0.0230466  0.0103876  0.0069888  0.0104300  0.0102606  0.0141797  0.0127678  0.0157306  0.0149822  0.0198542  0.0224075  0.0386025  0.0397895  0.0248632  0.0186479  0.0120595  0.0087971  0.0117674  0.0076491  0.0280819  0.0341646  0.0469849  0.0724574  0.0460509  0.0528363  0.0286370  0.0255180
 3  0.1131144  0.0239585  0.0216192  0.0222070  0.0229902  0.1375106  0.1343980  0.0264994  0.0264662  0.1034896  0.1013129  0.0264988  0.0291605  0.0585975  0.0575765  0.0215346  0.0274074  0.0247179  0.0198952  0.0221102  0.0267924  0.0303163  0.0292168  0.0332310  0.0334834  0.0251842  0.0269976
 4  0.0426943  0.0491920  0.0382326  0.0319872  0.0375798  0.0441349  0.0372316  0.0388984  0.0370642  0.0326151  0.0325386  0.0403270  0.0410569  0.0535424  0.0508081  0.0517610  0.0625835  0.0556097  0.0456168  0.0374977  0.0338982  0.0352024  0.0355484  0.0441673  0.0464743  0.0430862  0.0415882
 1  0.1113715  0.0545555  0.0374626  0.0639408  0.0467258  0.1169322  0.1140827  0.2390054  0.2983087  0.1138122  0.1216747  0.0684329  0.0486449  0.0860173  0.0898382  0.1534562  0.1337255  0.1281981  0.1261130  0.1482913  0.1905899  0.2137632  0.1187013  0.1181759  0.1216697  0.0984362  0.1285622
 2  0.0213932  0.0089726  0.0060929  0.0102931  0.0081245  0.0219302  0.0230059  0.0524636  0.0687876  0.0247232  0.0227035  0.0109589  0.0082766  0.0162716  0.0189797  0.0301507  0.0244700  0.0245684  0.0258840  0.0320296  0.0417303  0.0291176  0.0178575  0.0214815  0.0261039  0.0241453  0.0325936
 3  0.1030635  0.0223602  0.0224903  0.0193352  0.0219851  0.0833994  0.0879427  0.0250891  0.0277130  0.1820893  0.2115361  0.0214236  0.0243456  0.1546311  0.1630498  0.0286177  0.0229066  0.0264237  0.0245134  0.2400582  0.2717774  0.0227640  0.0166833  0.0251331  0.0287085  0.2039409  0.2229778
 4  0.0401234  0.0437445  0.0454805  0.0408533  0.0414168  0.0348577  0.0318763  0.0331245  0.0384745  0.0302880  0.0352960  0.0455855  0.0424606  0.0316134  0.0407502  0.0423858  0.0404749  0.0415081  0.0362149  0.0221032  0.0510885  0.0518969  0.0392855  0.0341725  0.0329774  0.0147872  0.0154831
 1  0.1145158  0.0382533  0.0258887  0.0465520  0.0376348  0.1553771  0.1775908  0.0890419  0.0771163  0.0913661  0.0779266  0.0639411  0.0484144  0.0842016  0.0822579  0.0541225  0.0591948  0.0747019  0.0817406  0.0861850  0.0927764  0.0952058  0.0948897  0.0993237  0.1093810  0.0429243  0.0434537
 2  0.0226344  0.0063279  0.0042140  0.0079687  0.0071932  0.0337399  0.0405722  0.0182361  0.0153535  0.0171435  0.0150615  0.0113324  0.0088356  0.0168044  0.0177898  0.0125736  0.0145201  0.0188404  0.0205537  0.0213536  0.0227164  0.0215028  0.0208415  0.0231537  0.0247500  0.0095831  0.0098968
 3  0.1056338  0.0202020  0.0216038  0.0220773  0.0231428  0.0259049  0.0269442  0.0243550  0.0218409  0.0235469  0.0267380  0.0300639  0.0249465  0.0283773  0.0284969  0.1078717  0.0987770  0.0302634  0.0261973  0.0258872  0.0278305  0.0528969  0.0558437  0.0277723  0.0266689  0.0874474  0.0904944
 4  0.0427542  0.0430127  0.0423756  0.0341707  0.0333539  0.0337370  0.0442680  0.0416809  0.0422372  0.0386074  0.0461315  0.0462471  0.0421315  0.0408843  0.0401377  0.0374716  0.0332811  0.0391278  0.0348382  0.0363314  0.0411779  0.0386884  0.0384288  0.0361053  0.0392023  0.0404950  0.0394666
 1  0.1157815  0.0385393  0.0262413  0.0569255  0.0448542  0.0953862  0.0953111  0.0767932  0.0750665  0.1036368  0.1100042  0.0732540  0.0579823  0.0588595  0.0703441  0.1155752  0.1203110  0.0881516  0.0967891  0.1072189  0.1004405  0.0339176  0.0317136  0.0641994  0.0602780  0.0891052  0.0786588
 2  0.0229241  0.0064152  0.0042748  0.0096603  0.0080125  0.0182583  0.0191635  0.0161095  0.0161958  0.0234415  0.0208805  0.0126747  0.0109226  0.0126129  0.0170834  0.0281176  0.0275734  0.0192114  0.0202024  0.0213778  0.0203951  0.0069323  0.0068348  0.0139287  0.0123601  0.0169825  0.0153725
 3  0.1066490  0.0248173  0.0211563  0.0211771  0.0245497  0.1272397  0.1106922  0.0289772  0.0327134  0.0943924  0.1083926  0.0232295  0.0232964  0.1847750  0.1692834  0.0320868  0.0302088  0.1525680  0.1532592  0.0258121  0.0291946  0.0761977  0.0755819  0.0317730  0.0303840  0.0815893  0.0792406
 4  0.0440659  0.0476133  0.0427302  0.0405663  0.0402917  0.0380447  0.0329967  0.0371901  0.0378170  0.0397565  0.0520828  0.0405282  0.0362305  0.0250465  0.0277578  0.0412214  0.0401153  0.0342830  0.0313394  0.0392279  0.0397736  0.0358857  0.0379665  0.0444884  0.0472675  0.0449763  0.0352710
 1  0.1290325  0.0541984  0.0356613  0.0512017  0.0341288  0.0952117  0.0794298  0.1040667  0.1123913  0.0956222  0.1163876  0.1679353  0.1724680  0.0858419  0.0860626  0.1526210  0.1766951  0.1629504  0.1542315  0.0687624  0.0431894  0.0452745  0.0428326  0.1109547  0.1163605  0.1587556  0.2000401
 2  0.0246445  0.0086157  0.0056323  0.0079042  0.0053395  0.0155311  0.0143263  0.0214270  0.0265218  0.0236354  0.0268371  0.0350878  0.0329810  0.0164623  0.0179054  0.0344990  0.0408792  0.0329170  0.0260668  0.0098941  0.0069709  0.0083300  0.0083683  0.0236565  0.0274510  0.0407648  0.0533392
 3  0.1195162  0.0229910  0.0196765  0.0206257  0.0255869  0.1536387  0.1418007  0.0285671  0.0278697  0.2029241  0.2287250  0.0283879  0.0264415  0.1275868  0.1233879  0.0292273  0.0323837  0.1466709  0.1700641  0.0220613  0.0216128  0.1196051  0.1030755  0.0281181  0.0294087  0.0282848  0.0303964
 4  0.0458670  0.0438232  0.0418218  0.0470353  0.0503275  0.0321713  0.0280018  0.0356585  0.0350960  0.0195152  0.0165511  0.0414970  0.0391023  0.0355303  0.0316569  0.0372756  0.0434197  0.0469189  0.0510436  0.0466912  0.0407517  0.0445747  0.0370279  0.0385848  0.0346821  0.0339158  0.0347534
 1  0.1183230  0.0454547  0.0306223  0.0962896  0.0856436  0.1113330  0.1069560  0.1150953  0.1167200  0.0639615  0.0495890  0.1159438  0.1283493  0.1519594  0.1628162  0.0921437  0.0945407  0.1532766  0.1280042  0.1091070  0.0989278  0.1421816  0.1382151  0.1149942  0.1311376  0.0706162  0.0609808
 2  0.0224026  0.0073735  0.0049388  0.0168821  0.0156302  0.0214718  0.0217559  0.0220533  0.0199699  0.0104300  0.0088382  0.0232002  0.0285803  0.0349235  0.0342462  0.0185460  0.0185936  0.0279133  0.0209393  0.0187744  0.0185265  0.0274666  0.0286949  0.0261812  0.0288735  0.0139985  0.0119612
 3  0.1097152  0.0191269  0.0208824  0.0660054  0.0698883  0.0365228  0.0363917  0.3060642  0.3521073  0.0262344  0.0259194  0.1143195  0.1080973  0.0277063  0.0309011  0.1650270  0.1733315  0.0251404  0.0241909  0.1256969  0.1243314  0.0273445  0.0257703  0.0809481  0.0861016  0.0237117  0.0262031
 4  0.0420017  0.0462339  0.0399562  0.0410989  0.0402538  0.0386765  0.0412658  0.0303793  0.0252754  0.0396341  0.0388068  0.0359187  0.0338588  0.0400586  0.0410608  0.0300479  0.0322695  0.0496198  0.0445552  0.0372015  0.0367155  0.0417324  0.0363315  0.0350723  0.0461925  0.0423353  0.0410631
 1  0.1082802  0.0611933  0.0424750  0.0501538  0.0440455  0.1490048  0.1733170  0.1176867  0.1080965  0.0562242  0.0389089  0.0836518  0.0841561  0.1910717  0.2364919  0.2087946  0.2283275  0.0538778  0.0410710  0.1120298  0.1134950  0.2923450  0.3639338  0.1938787  0.1839239  0.1918587  0.1378567
 2  0.0206362  0.0100639  0.0069345  0.0090380  0.0087220  0.0326642  0.0402002  0.0250160  0.0208325  0.0091996  0.0067182  0.0164997  0.0188601  0.0473142  0.0603309  0.0494815  0.0430748  0.0091442  0.0074328  0.0224604  0.0249212  0.0665311  0.0773000  0.0374783  0.0295759  0.0288250  0.0218868
 3  0.1003378  0.0193503  0.0229618  0.0194641  0.0239823  0.0644240  0.0714536  0.0252041  0.0213945  0.0208850  0.0207474  0.0277645  0.0293823  0.0291945  0.0297163  0.0251566  0.0237373  0.0193270  0.0200957  0.0248071  0.0278758  0.0287051  0.0239714  0.0487836  0.0436739  0.0199181  0.0216642
 4  0.0383101  0.0450082  0.0395997  0.0344850  0.0375183  0.0342161  0.0406705  0.0399983  0.0466520  0.0443011  0.0363708  0.0352168  0.0348854  0.0354949  0.0402542  0.0443971  0.0456464  0.0393019  0.0362130  0.0361675  0.0385812  0.0378826  0.0388551  0.0513994  0.0496735  0.0459813  0.0429736
 1  0.1326288  0.0640348  0.0423459  0.0763859  0.0658397  0.0819801  0.0710356  0.1641834  0.1491302  0.1826629  0.2579710  0.1110151  0.1067147  0.0945009  0.0809307  0.0905077  0.0695936  0.1021630  0.0932574  0.1553061  0.1797424  0.1813877  0.1971563  0.1139435  0.1211578  0.0875394  0.0907135
 2  0.0249980  0.0100864  0.0066477  0.0133143  0.0123069  0.0150568  0.0116875  0.0281379  0.0286370  0.0398835  0.0567889  0.0224265  0.0212335  0.0181659  0.0138757  0.0155132  0.0113010  0.0183239  0.0193191  0.0360971  0.0432104  0.0414850  0.0431839  0.0247360  0.0269453  0.0193545  0.0196288
 3  0.1230205  0.0262700  0.0216067  0.0204104  0.0231176  0.1748323  0.1951625  0.0200433  0.0238471  0.2102664  0.2235913  0.0226535  0.0259415  0.0211758  0.0230282  0.0266591  0.0214794  0.0226379  0.0285217  0.0273787  0.0310202  0.0290066  0.0260123  0.0272996  0.0281499  0.0977401  0.0996947
 4  0.0462208  0.0489167  0.0410368  0.0359147  0.0424925  0.0434054  0.0446915  0.0386641  0.0319087  0.0161256  0.0206451  0.0375216  0.0420634  0.0435109  0.0465543  0.0520821  0.0425887  0.0355165  0.0367915  0.0358011  0.0414637  0.0397414  0.0366315  0.0377756  0.0383114  0.0346930  0.0324772
 1  0.1083181  0.0627130  0.0437100  0.0347027  0.0276433  0.0642295  0.0644234  0.0976363  0.0949957  0.0486439  0.0402603  0.0672088  0.0611328  0.0676583  0.0690825  0.0977500  0.1071684  0.0832187  0.0944409  0.0801889  0.0987171  0.0543625  0.0477601  0.0899151  0.0938917  0.1068722  0.0884662
 2  0.0208560  0.0103741  0.0071517  0.0059610  0.0050644  0.0128417  0.0132297  0.0210934  0.0177062  0.0087949  0.0079729  0.0135323  0.0129991  0.0154339  0.0163303  0.0225372  0.0244639  0.0199776  0.0239944  0.0209147  0.0257722  0.0118029  0.0097274  0.0188038  0.0207701  0.0208879  0.0168847
 3  0.1001866  0.0205649  0.0179551  0.0248993  0.0246511  0.1139160  0.1067018  0.0243177  0.0284957  0.0261276  0.0261475  0.0294412  0.0266551  0.0268345  0.0291357  0.1203844  0.1263364  0.0270236  0.0306571  0.1468143  0.1598133  0.0314680  0.0272059  0.0800284  0.0834722  0.0238567  0.0256159
 4  0.0388983  0.0450938  0.0390711  0.0415851  0.0400040  0.0381270  0.0376580  0.0453490  0.0467528  0.0428878  0.0396827  0.0417134  0.0374525  0.0385185  0.0405481  0.0320387  0.0254763  0.0342630  0.0372905  0.0276275  0.0346667  0.0417630  0.0379032  0.0310262  0.0395468  0.0411073  0.0377366
 1  0.1220607  0.2406015  0.1813967  0.1405385  0.1245165  0.2427218  0.2709676  0.2136124  0.1605968  0.0973811  0.0876632  0.1462684  0.1444798  0.1600703  0.1491363  0.0954229  0.1173505  0.1269006  0.1027197  0.2233697  0.2594279  0.1561543  0.0933867  0.1243674  0.1285155  0.1402865  0.1741369
 2  0.0234936  0.0387903  0.0277033  0.0235478  0.0225956  0.0464025  0.0526804  0.0345756  0.0263544  0.0174190  0.0168194  0.0281558  0.0263611  0.0289686  0.0287592  0.0206332  0.0235754  0.0220126  0.0187954  0.0440269  0.0544860  0.0230854  0.0147558  0.0230564  0.0279514  0.0355203  0.0468962
 3  0.1129126  0.0262131  0.0147609  0.0210897  0.0230145  0.0882053  0.0933012  0.0196629  0.0191466  0.0225070  0.0275915  0.1609177  0.1708457  0.0239066  0.0229585  0.2267359  0.2527370  0.0217838  0.0249902  0.0594442  0.0660656  0.0301074  0.0198504  0.0250032  0.0269114  0.0418821  0.0345837
 4  0.0437848  0.0440900  0.0404775  0.0364070  0.0371723  0.0329789  0.0419450  0.0409469  0.0383075  0.0375061  0.0415159  0.0379130  0.0368139  0.0397460  0.0345402  0.0194264  0.0327813  0.0412608  0.0408731  0.0382462  0.0620034  0.0479296  0.0417211  0.0344705  0.0322989  0.0384116  0.0376355
 1  0.1223909  0.0296087  0.0196652  0.0368047  0.0228734  0.0880014  0.0868157  0.1110220  0.1075760  0.1395979  0.1425690  0.2765721  0.3784372  0.4250844  0.7096265  0.2337084  0.1485308  0.0360108  0.0183585  0.0476673  0.0383053  0.0905567  0.0937309  0.1421161  0.1679420  0.1209306  0.1168173
 2  0.0234945  0.0048034  0.0031748  0.0053839  0.0037919  0.0163107  0.0165442  0.0221163  0.0224971  0.0295645  0.0305140  0.0632434  0.0908380  0.0968363  0.1441814  0.0334567  0.0178217  0.0043560  0.0027476  0.0079950  0.0073081  0.0196007  0.0227068  0.0373736  0.0379718  0.0247780  0.0244341
 3  0.1132614  0.0216870  0.0188990  0.0179841  0.0216282  0.1380028  0.1354098  0.0248358  0.0286784  0.0263519  0.0279486  0.0275045  0.0296694  0.1056486  0.1130277  0.0193414  0.0184008  0.0162617  0.0200681  0.0245148  0.0263881  0.0283057  0.0276519  0.0308506  0.0268698  0.0264658  0.0261245
 4  0.0441167  0.0452527  0.0497376  0.0412419  0.0377390  0.0397724  0.0391950  0.0415745  0.0409800  0.0411707  0.0384555  0.0359879  0.0370019  0.0321888  0.0356793  0.0522253  0.0571775  0.0437473  0.0445929  0.0408516  0.0374801  0.0351754  0.0335063  0.0448231  0.0442880  0.0398167  0.0389366
 1  0.1338174  0.0140389  0.0090190  0.0448340  0.0352416  0.0486901  0.0425339  0.0552972  0.0478596  0.0496867  0.0448868  0.0560544  0.0576682  0.0774265  0.0907521  0.0699721  0.0664354  0.1454394  0.1533987  0.1366145  0.1348188  0.1022455  0.0951360  0.1349006  0.1468512  0.2405281  0.3040477
 2  0.0253898  0.0022255  0.0014326  0.0075721  0.0063238  0.0089527  0.0076048  0.0106688  0.0082195  0.0090934  0.0089688  0.0122874  0.0143324  0.0216474  0.0256915  0.0160528  0.0141848  0.0306265  0.0326802  0.0285589  0.0290143  0.0211098  0.0191249  0.0289686  0.0331836  0.0561722  0.0692329
 3  0.1239903  0.0234431  0.0214186  0.0263853  0.0250923  0.1485252  0.1360564  0.0227580  0.0261894  0.1080091  0.0992324  0.0259681  0.0287896  0.0279987  0.0322184  0.0824690  0.0843641  0.0308430  0.0286519  0.0275583  0.0277224  0.0283048  0.0243803  0.0263541  0.0323610  0.0389176  0.0353423
 4  0.0476223  0.0481037  0.0433604  0.0389691  0.0422316  0.0400420  0.0373138  0.0446266  0.0465098  0.0345483  0.0363174  0.0356496  0.0332296  0.0367572  0.0459325  0.0445041  0.0392017  0.0405172  0.0418511  0.0398256  0.0428244  0.0431388  0.0413664  0.0389135  0.0394343  0.0374608  0.0357460
 1  0.1259169  0.0450326  0.0296929  0.0409917  0.0268602  0.0868664  0.0860015  0.1389384  0.1336915  0.1336603  0.1435257  0.2053124  0.2479750  0.1286886  0.1302638  0.1501117  0.1375994  0.2320559  0.2579345  0.2453385  0.2800940  0.1347267  0.0995976  0.1215372  0.1022852  0.1080753  0.0898469
 2  0.0239017  0.0071450  0.0047245  0.0061311  0.0045650  0.0170606  0.0178890  0.0288426  0.0277517  0.0287622  0.0324527  0.0487073  0.0558787  0.0262869  0.0253350  0.0278690  0.0267895  0.0478952  0.0504592  0.0479801  0.0548462  0.0226873  0.0157535  0.0207995  0.0175500  0.0187476  0.0174352
 3  0.1166749  0.0224335  0.0189463  0.0201998  0.0233829  0.0278629  0.0255000  0.0269382  0.0234479  0.0251820  0.0283346  0.0287766  0.0289339  0.1172869  0.1177676  0.0222259  0.0217130  0.0229989  0.0239817  0.0777464  0.0796275  0.0262029  0.0214922  0.0244373  0.0235280  0.0227567  0.0228098
 4  0.0437607  0.0474296  0.0474955  0.0436332  0.0400058  0.0372631  0.0396100  0.0410709  0.0377554  0.0343265  0.0370710  0.0393119  0.0413343  0.0397704  0.0395458  0.0378494  0.0361156  0.0377489  0.0404212  0.0376781  0.0420440  0.0460504  0.0432844  0.0458633  0.0448487  0.0411939  0.0354100
 1  0.1118120  0.0964238  0.0685102  0.0612462  0.0518765  0.0958792  0.0801952  0.1703054  0.1608620  0.1943712  0.1531960  0.1194663  0.1343229  0.2039421  0.2509372  0.1995131  0.2410224  0.1231372  0.1354293  0.0830314  0.0805645  0.0886318  0.0922331  0.0696326  0.0524198  0.0516324  0.0487683
 2  0.0220355  0.0160806  0.0110699  0.0107851  0.0093744  0.0168795  0.0149945  0.0328366  0.0277601  0.0311828  0.0270303  0.0243461  0.0295529  0.0479200  0.0618288  0.0476773  0.0542811  0.0257128  0.0278027  0.0168800  0.0171646  0.0188169  0.0192513  0.0123241  0.0094967  0.0103187  0.0101699
 3  0.1031050  0.0244739  0.0187350  0.0243959  0.0201076  0.0887627  0.0858029  0.0309183  0.0253188  0.0233334  0.0241750  0.0698364  0.0732125  0.0294632  0.0270839  0.0315459  0.0263957  0.1728917  0.1656623  0.0209406  0.0235243  0.1430775  0.1431692  0.0242520  0.0168025  0.0251587  0.0280402
 4  0.0419424  0.0452064  0.0388613  0.0406689  0.0402752  0.0353559  0.0365597  0.0509144  0.0541793  0.0458672  0.0376617  0.0332029  0.0356575  0.0352279  0.0365021  0.0383872  0.0353053  0.0366110  0.0302054  0.0354004  0.0381179  0.0352824  0.0398938  0.0446154  0.0328147  0.0349942  0.0425946
 1  0.1216805  0.0775382  0.0524521  0.0623259  0.0530566  0.0809512  0.0727380  0.0728893  0.0640162  0.1328295  0.1297282  0.2102725  0.2530748  0.2174778  0.2417164  0.2259753  0.2067288  0.0845942  0.0728675  0.1229237  0.1260641  0.1621054  0.1425756  0.1764531  0.1646874  0.2143486  0.2550767
 2  0.0233076  0.0124971  0.0083498  0.0108510  0.0098269  0.0158894  0.0133305  0.0134557  0.0119144  0.0257980  0.0269100  0.0467811  0.0601515  0.0462533  0.0453745  0.0390968  0.0357002  0.0145736  0.0131363  0.0246140  0.0254300  0.0308213  0.0256814  0.0319772  0.0316890  0.0451840  0.0580718
 3  0.1125661  0.0195593  0.0224470  0.0340951  0.0434236  0.0301274  0.0309995  0.0914482  0.0838903  0.0270428  0.0262950  0.0279296  0.0290608  0.1582186  0.1885921  0.0243825  0.0234042  0.1285803  0.1207789  0.0262999  0.0263692  0.0266000  0.0257744  0.0216883  0.0258842  0.0281536  0.0236962
 4  0.0435238  0.0416074  0.0394955  0.0384717  0.0369578  0.0450881  0.0447053  0.0404752  0.0399733  0.0396884  0.0349746  0.0363619  0.0366187  0.0391637  0.0389444  0.0408540  0.0442908  0.0387184  0.0339165  0.0411909  0.0426453  0.0462601  0.0442769  0.0400362  0.0382131  0.0349884  0.0395060
