FL 2019 2020 2021 2022 2023 2024 2025 2026 2027 2028 2029 2030 2031 2032 2033 2034 2035 2036 2037 2038 2039 2040 2041 2042 2043 2044 2045
 1  0.7288134  0.6829873  0.6668368  0.6663250  0.6877679  0.7185441  0.7069046  0.7015690  0.6997658  0.7008919  0.7053114  0.7032127  0.7023131  0.6951521  0.6901798  0.6945363  0.6934210  0.6747410  0.6623736  0.6794220  0.7030060  0.7092370  0.7100257  0.7133353  0.7123187  0.6968284  0.6849409
 2  0.5725724  0.5324563  0.5398493  0.5522990  0.5981511  0.6166615  0.6080564  0.5790807  0.5348767  0.5013933  0.4986427  0.5325295  0.5509035  0.5443771  0.5322875  0.5445410  0.5566704  0.5399293  0.5299716  0.5661463  0.5957759  0.6035138  0.5934716  0.5874343  0.5824335  0.5703675  0.5448705
 3  0.7521145  0.7094340  0.6927510  0.6895489  0.7043730  0.7419570  0.7303999  0.7208460  0.7159801  0.7153106  0.7190790  0.7190417  0.7202550  0.7132129  0.7065309  0.7105989  0.7123834  0.6949861  0.6795924  0.6957102  0.7233505  0.7303905  0.7302257  0.7308421  0.7316868  0.7173941  0.7037358
 4  0.4566311  0.4437178  0.4685009  0.4699991  0.5365172  0.5537533  0.5085596  0.4377760  0.3840728  0.3698394  0.4069936  0.4576678  0.4626711  0.4305187  0.4252833  0.4691547  0.4796126  0.4346670  0.4411640  0.5100290  0.5309110  0.5196353  0.4869457  0.4937351  0.5050944  0.4731852  0.4263030
 1  0.7290193  0.6838820  0.6677292  0.6674482  0.6701231  0.6806549  0.6990648  0.7024737  0.7007580  0.7055156  0.7037839  0.7020510  0.6885139  0.6687155  0.6846953  0.6937144  0.6951380  0.7115430  0.7071530  0.7067842  0.6959978  0.6843102  0.6828368  0.6634666  0.6457205  0.6466803  0.6732133
 2  0.5731135  0.5329778  0.5396618  0.5534525  0.5538157  0.5635928  0.5772158  0.5779750  0.5714893  0.5709334  0.5649778  0.5561469  0.5434752  0.5356341  0.5505749  0.5555506  0.5743534  0.5939881  0.5944416  0.5759071  0.5387953  0.5219689  0.5247839  0.5141162  0.5036995  0.5305257  0.5638573
 3  0.7523618  0.7102255  0.6934643  0.6904045  0.6904908  0.6980694  0.7177415  0.7219929  0.7186602  0.7237539  0.7225680  0.7191891  0.7060852  0.6867521  0.7019240  0.7118188  0.7111573  0.7319291  0.7286400  0.7251158  0.7128596  0.7007280  0.7001301  0.6823766  0.6626054  0.6628701  0.6917824
 4  0.4573780  0.4432885  0.4673528  0.4728394  0.4597228  0.4842625  0.5022600  0.4836620  0.4766043  0.4840823  0.4635800  0.4543387  0.4530095  0.4520741  0.4684277  0.4586782  0.5047718  0.5288780  0.4963457  0.4482766  0.4179351  0.4306068  0.4408210  0.4119213  0.4181994  0.4742165  0.4970435
 1  0.7283085  0.6841639  0.6666537  0.6700295  0.6862242  0.6907797  0.6830610  0.6858355  0.6922738  0.6911565  0.6902998  0.6932216  0.6908607  0.6804329  0.6828016  0.6965900  0.6868798  0.6859942  0.6878015  0.6918706  0.6817998  0.6695588  0.6702346  0.6804667  0.6979141  0.6979199  0.6933957
 2  0.5726575  0.5332084  0.5388511  0.5662818  0.5807093  0.5772084  0.5532194  0.5488198  0.5572894  0.5541369  0.5444147  0.5426547  0.5558120  0.5592217  0.5671009  0.5698912  0.5619755  0.5603383  0.5652820  0.5657788  0.5481869  0.5263235  0.5267567  0.5651627  0.5942581  0.5961392  0.5797655
 3  0.7516802  0.7103537  0.6923582  0.6918502  0.7074505  0.7111677  0.7010770  0.7028916  0.7106241  0.7097955  0.7079787  0.7093956  0.7080497  0.7009396  0.7017096  0.7150670  0.7056095  0.7046760  0.7068080  0.7107609  0.7008689  0.6873532  0.6865101  0.6972451  0.7184369  0.7203421  0.7142029
 4  0.4573648  0.4429854  0.4670178  0.4984682  0.5036159  0.4744921  0.4471509  0.4670979  0.4753949  0.4568858  0.4330661  0.4499027  0.4881781  0.4809933  0.4790331  0.4801810  0.4761581  0.4801672  0.4818804  0.4761238  0.4461988  0.4199550  0.4472802  0.5083881  0.5317284  0.5139571  0.4648051
 1  0.7292546  0.6839832  0.6686740  0.6699399  0.6761702  0.6849868  0.6891853  0.6992896  0.7083857  0.7197278  0.7178381  0.7162346  0.7191191  0.7149985  0.7170599  0.7195588  0.7209230  0.7242428  0.7158187  0.7118574  0.7103544  0.7138649  0.7016618  0.6920925  0.6890484  0.6901944  0.6768239
 2  0.5718989  0.5325022  0.5402037  0.5569647  0.5625965  0.5596773  0.5548037  0.5585688  0.5803907  0.5977413  0.5974471  0.5884567  0.5756209  0.5624933  0.5486390  0.5404639  0.5444618  0.5506495  0.5539835  0.5543686  0.5702460  0.5825670  0.5713032  0.5444108  0.5176750  0.5145606  0.5180347
 3  0.7524902  0.7105481  0.6945236  0.6926435  0.6964025  0.7038357  0.7063898  0.7164760  0.7256099  0.7394484  0.7385964  0.7344004  0.7368821  0.7326714  0.7329165  0.7348963  0.7359813  0.7403328  0.7326609  0.7288248  0.7274903  0.7334072  0.7218730  0.7100562  0.7049748  0.7055517  0.6935323
 4  0.4556608  0.4436466  0.4673714  0.4779400  0.4746897  0.4599446  0.4607085  0.4729178  0.5075475  0.5249440  0.5008748  0.4808520  0.4753505  0.4491179  0.4283275  0.4232183  0.4454923  0.4546114  0.4530548  0.4588076  0.4939109  0.5043564  0.4651325  0.4130352  0.3978374  0.4212241  0.4392105
 1  0.7307392  0.6864747  0.6694118  0.6701998  0.6845230  0.7024551  0.6989745  0.7031835  0.6893162  0.6834576  0.6581811  0.6135757  0.6103589  0.6703787  0.6770633  0.6883870  0.6674215  0.6520706  0.6645899  0.6945581  0.6852676  0.6767061  0.6756845  0.6743022  0.6491482  0.6274973  0.6726928
 2  0.5709265  0.5324007  0.5399271  0.5592790  0.5820250  0.5925799  0.5871602  0.5778447  0.5626414  0.5554531  0.5259237  0.4751636  0.5383202  0.5921925  0.5995047  0.5885088  0.5436071  0.5054284  0.5416795  0.5823479  0.5790964  0.5542525  0.5293747  0.5132494  0.4939755  0.5307036  0.5819190
 3  0.7534590  0.7126204  0.6951714  0.6927658  0.7039775  0.7230909  0.7190069  0.7223112  0.7081554  0.7028378  0.6790618  0.6319733  0.6193191  0.6938412  0.7010543  0.7092320  0.6870317  0.6696870  0.6785230  0.7147191  0.7076263  0.6959065  0.6928677  0.6911864  0.6658898  0.6426105  0.6914347
 4  0.4540021  0.4430379  0.4677818  0.4837365  0.5103756  0.5136373  0.4962057  0.4814768  0.4750504  0.4729911  0.4191551  0.3765550  0.5050417  0.5420101  0.5164680  0.4829754  0.4308810  0.3969748  0.4885352  0.5244385  0.4844436  0.4350387  0.4207636  0.4095252  0.4123537  0.4861253  0.5255593
 1  0.7296156  0.6865135  0.6678809  0.6673225  0.6738297  0.6804448  0.6801657  0.6905211  0.7043308  0.7062247  0.6984422  0.6946321  0.6869009  0.6873578  0.6931061  0.6949995  0.6790203  0.6642840  0.6774860  0.6896340  0.6978385  0.7119919  0.7131891  0.7043193  0.6963800  0.7007702  0.7005686
 2  0.5721350  0.5333712  0.5390558  0.5573024  0.5648171  0.5603056  0.5471005  0.5587530  0.5840071  0.5901994  0.5742217  0.5448366  0.5207776  0.5338109  0.5553404  0.5608267  0.5378139  0.5128384  0.5290416  0.5493890  0.5700995  0.5928471  0.5962405  0.5809749  0.5574723  0.5642541  0.5720937
 3  0.7525046  0.7124216  0.6935946  0.6900198  0.6944169  0.7000096  0.6978814  0.7068105  0.7231865  0.7272617  0.7185939  0.7119329  0.7021218  0.7034889  0.7108300  0.7136661  0.6977926  0.6811585  0.6932092  0.7071635  0.7152309  0.7304562  0.7344253  0.7245405  0.7135945  0.7179787  0.7201442
 4  0.4555682  0.4427927  0.4677025  0.4825545  0.4817523  0.4606374  0.4454898  0.4864280  0.5178323  0.5071332  0.4575497  0.4083091  0.4236494  0.4625840  0.4779469  0.4667914  0.4245523  0.4108210  0.4537967  0.4715785  0.4923225  0.5217551  0.5141636  0.4660119  0.4518601  0.4905096  0.4937402
 1  0.7282820  0.6802620  0.6620230  0.6649711  0.6806177  0.6866307  0.6824723  0.6852458  0.6950041  0.7006743  0.6943404  0.6964253  0.7128959  0.7120223  0.7099260  0.7110670  0.7085451  0.7027409  0.7010240  0.7163168  0.7105100  0.7103994  0.7067153  0.7032675  0.7004068  0.7003107  0.6936128
 2  0.5697585  0.5310939  0.5384220  0.5619191  0.5729452  0.5659744  0.5365116  0.5164660  0.5186778  0.5231101  0.5264610  0.5616753  0.5949076  0.6020409  0.5911240  0.5709395  0.5455942  0.5260151  0.5693669  0.6055552  0.6114973  0.6030580  0.5848489  0.5666737  0.5438393  0.5244804  0.5033765
 3  0.7517544  0.7072754  0.6882405  0.6873218  0.7016619  0.7062538  0.6996050  0.7007354  0.7102671  0.7162587  0.7102195  0.7119469  0.7327837  0.7336681  0.7300230  0.7285780  0.7249654  0.7191118  0.7154021  0.7384500  0.7338213  0.7309332  0.7260603  0.7221125  0.7175771  0.7161077  0.7088752
 4  0.4555172  0.4446611  0.4681196  0.4914391  0.4891663  0.4542616  0.4114611  0.4071184  0.4202281  0.4209483  0.4290305  0.5002213  0.5318236  0.5181581  0.4794341  0.4473132  0.4315768  0.4133929  0.5130789  0.5485173  0.5281517  0.5031099  0.4872965  0.4591359  0.4222222  0.3980381  0.3825463
 1  0.7315684  0.6872715  0.6728241  0.6713553  0.6752217  0.6851192  0.6955731  0.7118169  0.7038323  0.7025826  0.7006400  0.7001417  0.6923693  0.6840057  0.6864534  0.6861087  0.6876814  0.7073719  0.6949952  0.6887157  0.6823572  0.6678830  0.6573659  0.6490948  0.6582320  0.6669268  0.6934578
 2  0.5697771  0.5318252  0.5425282  0.5546228  0.5530141  0.5453277  0.5645098  0.5902654  0.5965355  0.5938239  0.5854845  0.5681207  0.5357170  0.5097433  0.5046229  0.5163488  0.5838749  0.6118865  0.6044557  0.5811648  0.5498348  0.5214971  0.4956904  0.5005206  0.5314143  0.5624608  0.5940891
 3  0.7537993  0.7131676  0.6985984  0.6946486  0.6954567  0.7023596  0.7108247  0.7313687  0.7250560  0.7237357  0.7213029  0.7189371  0.7097002  0.7001271  0.7018496  0.7019044  0.7016726  0.7318354  0.7198724  0.7087511  0.7005635  0.6867937  0.6744846  0.6650142  0.6749917  0.6845893  0.7128296
 4  0.4515532  0.4434329  0.4711150  0.4702518  0.4465778  0.4347984  0.4976662  0.5265317  0.5195944  0.5114510  0.4886119  0.4532751  0.4115675  0.3938481  0.4041498  0.4296036  0.5343138  0.5557242  0.5103771  0.4642348  0.4500727  0.4154908  0.3880159  0.4260793  0.4679518  0.5019103  0.5291402
 1  0.7286303  0.6828830  0.6647812  0.6636679  0.6625234  0.6747029  0.6837390  0.6926799  0.7114313  0.7177407  0.7138187  0.7103637  0.7086711  0.7102263  0.7100316  0.7060807  0.7069786  0.7097774  0.7109433  0.6972821  0.7022212  0.7101300  0.7044637  0.7127968  0.7308150  0.7200544  0.7117537
 2  0.5686480  0.5316152  0.5388263  0.5508500  0.5515974  0.5574505  0.5623644  0.5772733  0.5991517  0.6075352  0.5973313  0.5748375  0.5457732  0.5271525  0.5162868  0.5049390  0.5024756  0.5278067  0.5557882  0.5612382  0.5711679  0.5775296  0.5686459  0.6027890  0.6229107  0.6212742  0.5972202
 3  0.7517398  0.7093301  0.6907147  0.6869592  0.6826520  0.6930708  0.7023436  0.7104665  0.7309383  0.7390022  0.7345703  0.7288277  0.7248745  0.7255524  0.7252865  0.7207888  0.7211337  0.7238758  0.7282232  0.7162620  0.7197981  0.7287589  0.7233938  0.7283157  0.7548130  0.7441012  0.7321211
 4  0.4547156  0.4436557  0.4680375  0.4692067  0.4647340  0.4757378  0.4798432  0.5050496  0.5301776  0.5277748  0.4947959  0.4469004  0.4176983  0.4122991  0.3942148  0.3758121  0.3814640  0.4510103  0.4823744  0.4702115  0.4847812  0.4917875  0.4648432  0.5399644  0.5622813  0.5308624  0.4651234
 1  0.7290541  0.6817587  0.6640898  0.6713275  0.6927969  0.6922808  0.6843034  0.6851133  0.6979022  0.7030422  0.6980385  0.6892614  0.6892350  0.6950725  0.7077878  0.7071695  0.7105834  0.7083479  0.7019325  0.6989217  0.6966366  0.6977472  0.6935694  0.6723275  0.6658991  0.6776381  0.6803527
 2  0.5720311  0.5322537  0.5395795  0.5752595  0.5906043  0.5827803  0.5433013  0.5138631  0.5198900  0.5377314  0.5577191  0.5606609  0.5553600  0.5622449  0.5828383  0.5957762  0.5991435  0.5903497  0.5637474  0.5280211  0.5000392  0.5032896  0.5279022  0.5348018  0.5600726  0.5776260  0.5766577
 3  0.7524456  0.7084427  0.6901964  0.6925760  0.7150462  0.7134901  0.7020504  0.7000588  0.7129550  0.7188901  0.7154444  0.7086647  0.7080552  0.7112580  0.7263543  0.7275724  0.7315370  0.7287979  0.7204988  0.7152537  0.7112395  0.7119221  0.7101574  0.6913039  0.6833002  0.6986072  0.7020283
 4  0.4569095  0.4447763  0.4695479  0.5122198  0.5164429  0.4701775  0.3985357  0.4015000  0.4309889  0.4569114  0.4810902  0.4760005  0.4482274  0.4807610  0.5160100  0.5225675  0.5165137  0.4877776  0.4368494  0.3854362  0.3714548  0.4153189  0.4515354  0.4566482  0.4992572  0.5136812  0.4795762
 1  0.7304056  0.6862663  0.6701426  0.6703739  0.6799815  0.6928418  0.6888629  0.6929978  0.6903954  0.6901236  0.6983335  0.7040594  0.7125633  0.7028315  0.6958261  0.6964875  0.6951038  0.6951952  0.6983109  0.6919567  0.6943616  0.6971014  0.7003250  0.7017425  0.6876628  0.6759514  0.6782694
 2  0.5719358  0.5325228  0.5397970  0.5567152  0.5679688  0.5713932  0.5675598  0.5677226  0.5574782  0.5412863  0.5386604  0.5680422  0.5924467  0.5941024  0.5829292  0.5717648  0.5577409  0.5473122  0.5477804  0.5420733  0.5353368  0.5315693  0.5398870  0.5480939  0.5407312  0.5282891  0.5407035
 3  0.7532408  0.7124399  0.6958168  0.6930076  0.6999298  0.7118050  0.7068068  0.7121066  0.7098211  0.7066572  0.7144132  0.7202184  0.7326658  0.7248390  0.7159959  0.7157682  0.7138233  0.7119125  0.7155501  0.7099263  0.7110963  0.7130858  0.7161843  0.7192450  0.7059858  0.6931647  0.6951319
 4  0.4545313  0.4425846  0.4667889  0.4783177  0.4838660  0.4789395  0.4854548  0.4862505  0.4451874  0.4279667  0.4452894  0.5019242  0.5281876  0.5095563  0.4886451  0.4772266  0.4498209  0.4487380  0.4578477  0.4411808  0.4237751  0.4258142  0.4539853  0.4612443  0.4379357  0.4324386  0.4657918
 1  0.7281665  0.6811525  0.6651698  0.6681264  0.6804485  0.6861737  0.6811830  0.6794975  0.6834116  0.6918849  0.6869571  0.7017823  0.7063451  0.7122144  0.7052695  0.7053277  0.7028820  0.7008382  0.7053974  0.6973088  0.7020901  0.6988690  0.6978796  0.7060932  0.7140267  0.7039886  0.6996451
 2  0.5709774  0.5315600  0.5402072  0.5633031  0.5730108  0.5678112  0.5422253  0.5198182  0.5282645  0.5484648  0.5770053  0.5989575  0.6106104  0.6076946  0.5884041  0.5619586  0.5282163  0.5207560  0.5381551  0.5598210  0.5759689  0.5767443  0.5693411  0.5827442  0.5939490  0.5888929  0.5738093
 3  0.7515019  0.7078046  0.6912433  0.6905766  0.7014550  0.7059025  0.6989657  0.6959796  0.6988724  0.7095434  0.7046549  0.7229833  0.7284111  0.7342345  0.7257042  0.7229070  0.7189524  0.7155722  0.7216450  0.7152012  0.7211456  0.7189082  0.7164744  0.7231090  0.7350093  0.7248796  0.7188657
 4  0.4557197  0.4444463  0.4698469  0.4918310  0.4903705  0.4632237  0.4267093  0.4096079  0.4497736  0.4748489  0.5128736  0.5370572  0.5363370  0.5198614  0.4749563  0.4325536  0.3970951  0.4251044  0.4601518  0.4848184  0.5000427  0.4855309  0.4694022  0.5105198  0.5218444  0.4949295  0.4727176
 1  0.7281973  0.6813801  0.6661907  0.6648532  0.6736028  0.7008416  0.6992810  0.6970467  0.7016559  0.7080425  0.7040380  0.7033089  0.6997437  0.6939902  0.6553178  0.6297622  0.6543289  0.6751463  0.7009753  0.6892590  0.6871265  0.6935925  0.6879116  0.6826056  0.6867962  0.6977292  0.7055618
 2  0.5743464  0.5328744  0.5414997  0.5508972  0.5718403  0.5892774  0.5863704  0.5666867  0.5416362  0.5124550  0.4941034  0.5270437  0.5552367  0.5616004  0.5356552  0.5263352  0.5429617  0.5779313  0.5992322  0.5903988  0.5727401  0.5514225  0.5301536  0.5299392  0.5600991  0.5995707  0.6073536
 3  0.7516029  0.7076443  0.6921642  0.6886194  0.6921112  0.7205950  0.7201016  0.7158531  0.7181677  0.7225064  0.7171471  0.7184306  0.7175714  0.7132847  0.6751911  0.6475490  0.6734542  0.6909710  0.7221081  0.7128331  0.7072570  0.7107292  0.7044602  0.6989308  0.7040831  0.7166061  0.7298818
 4  0.4584144  0.4447439  0.4722086  0.4659862  0.4973650  0.5177747  0.4936926  0.4460502  0.4004284  0.3591520  0.3948221  0.4570791  0.4804623  0.4744695  0.4495151  0.4622230  0.4632804  0.5138747  0.5390567  0.5019733  0.4537982  0.4335289  0.4299598  0.4511557  0.4959453  0.5411425  0.5407422
 1  0.7281184  0.6807090  0.6629575  0.6627022  0.6632220  0.6758095  0.6909685  0.6915946  0.6770135  0.6606645  0.6732413  0.6887623  0.6861673  0.6780671  0.6721954  0.6710956  0.6745687  0.6778854  0.6854335  0.7071191  0.7067530  0.7045918  0.7000504  0.6963012  0.7019981  0.7017856  0.6988871
 2  0.5729084  0.5323670  0.5393711  0.5530067  0.5529937  0.5662468  0.5806653  0.5814408  0.5579563  0.5354579  0.5564814  0.5800415  0.5802197  0.5634279  0.5382770  0.5276377  0.5563580  0.5728891  0.5909361  0.6002008  0.5932694  0.5691109  0.5257819  0.4943754  0.5004874  0.5307572  0.5435971
 3  0.7517145  0.7074706  0.6891130  0.6860311  0.6837563  0.6934955  0.7104567  0.7124993  0.6975381  0.6792197  0.6900067  0.7085717  0.7077418  0.6986440  0.6909307  0.6875667  0.6907403  0.6993028  0.7049737  0.7275790  0.7279448  0.7230483  0.7159495  0.7106449  0.7157994  0.7179204  0.7165583
 4  0.4576816  0.4449541  0.4696655  0.4739333  0.4643048  0.4922905  0.5121635  0.4978373  0.4569453  0.4439033  0.4927881  0.5155989  0.4984040  0.4617651  0.4246097  0.4391034  0.5010092  0.5063808  0.5146714  0.5245904  0.4941604  0.4331311  0.3739008  0.3654040  0.4147543  0.4528772  0.4461146
 1  0.7289669  0.6802509  0.6646380  0.6679568  0.6848593  0.6977084  0.6897644  0.6859274  0.6906069  0.6969760  0.6950942  0.7063335  0.7193363  0.7115686  0.7013518  0.7012569  0.7072231  0.7152987  0.7094172  0.7022408  0.6996103  0.6926279  0.6841849  0.6819321  0.6960517  0.7080231  0.7109429
 2  0.5742236  0.5321444  0.5415393  0.5664476  0.5865600  0.5909040  0.5694223  0.5335308  0.4993342  0.4808453  0.5264978  0.6019968  0.6201298  0.6135217  0.5758163  0.5310186  0.5025524  0.5044471  0.5341452  0.5623320  0.5755729  0.5700836  0.5515741  0.5412840  0.5545733  0.5757413  0.5870423
 3  0.7523603  0.7067756  0.6908335  0.6905232  0.7054158  0.7188639  0.7098291  0.7032019  0.7056704  0.7102539  0.7084021  0.7248136  0.7437819  0.7345252  0.7202653  0.7171621  0.7211452  0.7287451  0.7247994  0.7200065  0.7195044  0.7127910  0.7029085  0.6990338  0.7127739  0.7254610  0.7302849
 4  0.4578898  0.4455059  0.4732441  0.4973521  0.5153363  0.5049907  0.4530767  0.3924174  0.3487875  0.3599658  0.4755676  0.5498814  0.5532264  0.5062977  0.4314237  0.3797093  0.3734080  0.4065855  0.4569406  0.4926121  0.4973378  0.4740395  0.4450036  0.4481799  0.4740542  0.5009238  0.5091334
 1  0.7287269  0.6813673  0.6648938  0.6638389  0.6700398  0.6893876  0.6965206  0.6996804  0.6967417  0.6905751  0.6959520  0.6960909  0.6889065  0.6878080  0.6815131  0.6742157  0.6973191  0.7169623  0.7089447  0.7054047  0.7051318  0.7089168  0.7139870  0.7144533  0.7067809  0.7004819  0.6945222
 2  0.5719461  0.5319569  0.5404389  0.5512519  0.5589391  0.5700495  0.5751002  0.5776825  0.5719001  0.5687521  0.5768893  0.5773221  0.5623349  0.5452738  0.5349631  0.5421946  0.5935988  0.6138078  0.6083152  0.5829238  0.5389777  0.4950915  0.4891647  0.5360797  0.5711493  0.5815242  0.5862676
 3  0.7520538  0.7080049  0.6910308  0.6874394  0.6897574  0.7073922  0.7154851  0.7186627  0.7163371  0.7094520  0.7148539  0.7167569  0.7086298  0.7050907  0.6986228  0.6916023  0.7139020  0.7401247  0.7320382  0.7247888  0.7213087  0.7225381  0.7264180  0.7299510  0.7252184  0.7213521  0.7146624
 4  0.4562514  0.4449012  0.4707412  0.4679482  0.4703078  0.4891319  0.4944375  0.4935906  0.4831885  0.4842874  0.5033682  0.4924131  0.4526345  0.4382960  0.4469362  0.4701028  0.5363592  0.5495270  0.5104341  0.4439632  0.3738433  0.3350608  0.3964963  0.4688072  0.5028969  0.5053766  0.5062737
 1  0.7276935  0.6812072  0.6642478  0.6657505  0.6798083  0.6943705  0.6969664  0.6976878  0.6888603  0.6872556  0.6974727  0.7011466  0.6908282  0.6944324  0.7144358  0.7075662  0.6982228  0.6995548  0.7094650  0.7092806  0.6947325  0.6802730  0.6712032  0.6559221  0.6491795  0.6758766  0.6844907
 2  0.5721492  0.5322268  0.5392819  0.5590411  0.5753961  0.5826877  0.5736737  0.5556856  0.5364137  0.5451015  0.5622117  0.5666425  0.5581143  0.5867577  0.6058842  0.5996754  0.5615642  0.5300994  0.5468033  0.5642654  0.5577328  0.5304996  0.5083498  0.4933357  0.5278353  0.5753614  0.5857868
 3  0.7511928  0.7077284  0.6902036  0.6884275  0.6999835  0.7140923  0.7163368  0.7153909  0.7052218  0.7039936  0.7156074  0.7193423  0.7084746  0.7111436  0.7366921  0.7295846  0.7165009  0.7143146  0.7248428  0.7280776  0.7144941  0.6981565  0.6876759  0.6732449  0.6638782  0.6950145  0.7067212
 4  0.4573467  0.4439921  0.4688441  0.4856120  0.4981242  0.4978025  0.4719331  0.4386297  0.4393760  0.4717294  0.4809148  0.4695851  0.4696424  0.5274656  0.5391368  0.4908310  0.4057211  0.4131695  0.4780954  0.4885680  0.4488559  0.4082553  0.4057658  0.4004086  0.4746567  0.5223141  0.5023105
 1  0.7285885  0.6861851  0.6695808  0.6733397  0.6889358  0.6940447  0.6890997  0.6804050  0.6738498  0.6710041  0.6673275  0.6831111  0.6816825  0.6859361  0.6836488  0.6702250  0.6858115  0.6936287  0.6929062  0.7036288  0.7165064  0.7104682  0.7084159  0.7089022  0.7102771  0.7168688  0.7265967
 2  0.5713707  0.5332933  0.5388344  0.5671784  0.5811448  0.5846793  0.5721209  0.5555680  0.5301055  0.5003775  0.5260287  0.5679990  0.5745739  0.5738779  0.5686476  0.5645482  0.5738315  0.5725785  0.5588593  0.5745391  0.5941231  0.5931613  0.5772320  0.5506006  0.5153859  0.5282521  0.5706353
 3  0.7516385  0.7121700  0.6950622  0.6948820  0.7101591  0.7138261  0.7081306  0.7003532  0.6923398  0.6869484  0.6811768  0.7025395  0.7031867  0.7041380  0.7030376  0.6904655  0.7051058  0.7132671  0.7108214  0.7196164  0.7368360  0.7314206  0.7272111  0.7257150  0.7250073  0.7296580  0.7440029
 4  0.4556943  0.4418778  0.4650302  0.4990071  0.5033412  0.4943091  0.4876468  0.4581588  0.4034767  0.3775679  0.4711294  0.5123223  0.4839004  0.4844673  0.4954884  0.4886402  0.4936653  0.4749266  0.4517697  0.5048413  0.5254165  0.4982087  0.4566946  0.4099350  0.3604832  0.4547302  0.5064298
 1  0.7287496  0.6821007  0.6648322  0.6631536  0.6383720  0.6258085  0.6637477  0.6777871  0.6563498  0.6357805  0.6589865  0.6890320  0.6915479  0.6958065  0.6911747  0.6862196  0.6955084  0.6971583  0.6937095  0.6949046  0.7040138  0.7044579  0.6896025  0.6874365  0.7039959  0.7088703  0.7145553
 2  0.5722266  0.5321358  0.5387610  0.5475757  0.5174410  0.5109546  0.5473930  0.5640367  0.5455671  0.5290750  0.5605278  0.5804257  0.5769997  0.5616937  0.5509174  0.5630294  0.5739331  0.5713666  0.5565911  0.5554317  0.5612122  0.5509137  0.5189446  0.5305955  0.5649334  0.5861806  0.5947025
 3  0.7522206  0.7088684  0.6908186  0.6865687  0.6597071  0.6420241  0.6804828  0.6970454  0.6758186  0.6551051  0.6757169  0.7088959  0.7121535  0.7129796  0.7076688  0.7048061  0.7150830  0.7161494  0.7113069  0.7120482  0.7220479  0.7219147  0.7053146  0.7020794  0.7215395  0.7276204  0.7341592
 4  0.4567510  0.4439026  0.4670319  0.4617218  0.4098821  0.4397886  0.4869679  0.4861215  0.4632527  0.4524810  0.4970634  0.5108525  0.4711636  0.4449143  0.4714317  0.4947006  0.4904486  0.4678994  0.4555656  0.4722148  0.4683324  0.4253610  0.3949581  0.4623015  0.4981775  0.5089034  0.5107143
 1  0.7314508  0.6876579  0.6708409  0.6742914  0.6917770  0.7006500  0.6950489  0.6938322  0.6956736  0.7084330  0.7208317  0.7122727  0.7068036  0.7099696  0.7142633  0.7127053  0.6958001  0.6822000  0.6649037  0.6434596  0.6702506  0.6613367  0.6477737  0.6281884  0.6184931  0.6303847  0.6583087
 2  0.5718119  0.5326729  0.5412129  0.5710740  0.5921721  0.5952763  0.5739206  0.5364663  0.5103428  0.5603442  0.5963875  0.5991157  0.5772802  0.5565773  0.5612310  0.5700188  0.5600276  0.5411300  0.5228936  0.5354576  0.5673293  0.5624176  0.5357241  0.5077170  0.5133376  0.5370965  0.5747030
 3  0.7538355  0.7134097  0.6966212  0.6961730  0.7127492  0.7222845  0.7150673  0.7106289  0.7099777  0.7227740  0.7414886  0.7339494  0.7256280  0.7259216  0.7304833  0.7315867  0.7153119  0.7004202  0.6832288  0.6598512  0.6904700  0.6834012  0.6677631  0.6473450  0.6343324  0.6488094  0.6760758
 4  0.4534029  0.4431864  0.4705406  0.5041566  0.5228671  0.5080633  0.4504113  0.3843579  0.3966579  0.5082397  0.5343660  0.5010977  0.4446571  0.4428365  0.4849710  0.4892873  0.4575184  0.4394320  0.4318144  0.4808040  0.5071145  0.4764109  0.4403738  0.4176557  0.4547137  0.4805191  0.5110002
 1  0.7320621  0.6910884  0.6734940  0.6709194  0.6754931  0.6877877  0.6964822  0.7111083  0.7164212  0.7221619  0.7195128  0.7181028  0.7196720  0.7184219  0.7167490  0.7142275  0.7070833  0.6953065  0.6888586  0.6902931  0.6838421  0.6922333  0.6911364  0.6970011  0.7020007  0.7100178  0.7165285
 2  0.5746545  0.5344151  0.5403890  0.5535310  0.5602656  0.5595884  0.5616729  0.5699164  0.5857516  0.5973256  0.5957715  0.5867648  0.5731822  0.5612018  0.5459462  0.5342513  0.5173889  0.4956648  0.5182911  0.5599958  0.5834727  0.5896362  0.5857541  0.5704616  0.5582475  0.5726446  0.5907724
 3  0.7544364  0.7164504  0.6989358  0.6939187  0.6953905  0.7063463  0.7134329  0.7281270  0.7342771  0.7418601  0.7397124  0.7364847  0.7371932  0.7354608  0.7328857  0.7299096  0.7226726  0.7106055  0.7032515  0.7090995  0.7038488  0.7143822  0.7126823  0.7152714  0.7187778  0.7270280  0.7357856
 4  0.4545522  0.4418585  0.4679431  0.4719408  0.4710550  0.4611263  0.4689648  0.4854092  0.5090188  0.5191772  0.4999214  0.4790583  0.4667764  0.4486866  0.4284382  0.4143330  0.3916636  0.3714281  0.4496245  0.5011754  0.5176544  0.5177720  0.4852182  0.4556277  0.4621170  0.4987910  0.5203451
 1  0.7287904  0.6836471  0.6662772  0.6662459  0.6765404  0.6935723  0.7001918  0.7040493  0.6920425  0.6883175  0.6979630  0.7116792  0.7091871  0.7097341  0.7001349  0.6944213  0.6951271  0.6923844  0.6921575  0.6868311  0.6904386  0.7003202  0.7055303  0.7035721  0.7018569  0.7028715  0.7111645
 2  0.5701777  0.5321565  0.5385471  0.5536059  0.5677188  0.5771930  0.5736967  0.5576207  0.5350445  0.5425552  0.5717898  0.5886030  0.5864650  0.5705808  0.5383037  0.5198899  0.5202199  0.5384527  0.5574367  0.5652228  0.5745576  0.5874392  0.5911553  0.5810094  0.5574205  0.5340852  0.5299137
 3  0.7520664  0.7102563  0.6921400  0.6890501  0.6961568  0.7126841  0.7192135  0.7213518  0.7078327  0.7056023  0.7154366  0.7310215  0.7289794  0.7278750  0.7169192  0.7101234  0.7109789  0.7088529  0.7101308  0.7062572  0.7092013  0.7196543  0.7262254  0.7234274  0.7197196  0.7184842  0.7259746
 4  0.4552733  0.4433234  0.4658930  0.4744002  0.4875965  0.4941169  0.4724919  0.4324341  0.4386176  0.4687901  0.5006710  0.5103080  0.4878592  0.4501082  0.4134091  0.4119145  0.4277268  0.4600283  0.4840499  0.4851737  0.4965110  0.5143672  0.5079875  0.4749590  0.4275674  0.4105440  0.4292611
 1  0.7295185  0.6836929  0.6676106  0.6735428  0.6891918  0.6902461  0.6631902  0.6703773  0.6584959  0.6406851  0.6513362  0.6555849  0.6305522  0.6022353  0.6512142  0.6880115  0.6746574  0.6647130  0.6643309  0.6687955  0.6792884  0.6880487  0.6909038  0.6939043  0.6934120  0.6902314  0.6848678
 2  0.5718653  0.5322704  0.5407553  0.5733306  0.5881057  0.5838055  0.5594481  0.5711218  0.5598241  0.5379769  0.5468545  0.5547747  0.5378879  0.5318502  0.5840775  0.6005879  0.5825921  0.5494368  0.5233544  0.5153354  0.5213332  0.5357229  0.5489117  0.5589538  0.5579660  0.5439017  0.5362475
 3  0.7524887  0.7099336  0.6934959  0.6951184  0.7110055  0.7117514  0.6811814  0.6906938  0.6818175  0.6601690  0.6692374  0.6757830  0.6509931  0.6204897  0.6679277  0.7117000  0.6985849  0.6846543  0.6814726  0.6853443  0.6953849  0.7042912  0.7076800  0.7118610  0.7120516  0.7081281  0.7010497
 4  0.4555759  0.4438953  0.4701216  0.5080368  0.5165119  0.4862698  0.4847017  0.5128408  0.4731783  0.4516727  0.4816523  0.4853563  0.4706769  0.4812048  0.5324540  0.5373919  0.4848139  0.4298554  0.4191413  0.4229715  0.4309048  0.4467198  0.4684325  0.4770667  0.4613046  0.4297154  0.4474421
 1  0.7274045  0.6821151  0.6658110  0.6649115  0.6674235  0.6764825  0.6915140  0.6947870  0.6991375  0.7027667  0.6993407  0.6948363  0.6970320  0.7037822  0.7025008  0.7153098  0.7126390  0.7220190  0.7259426  0.7183176  0.7033291  0.6954347  0.6942592  0.6965578  0.7007737  0.7056978  0.7042542
 2  0.5715916  0.5325075  0.5392185  0.5505408  0.5449051  0.5452232  0.5591253  0.5691209  0.5708547  0.5648436  0.5486047  0.5297963  0.5399285  0.5583293  0.5859018  0.6028867  0.6099829  0.6195818  0.6216890  0.6131379  0.5752311  0.5208892  0.4671694  0.4461826  0.4863605  0.5391559  0.5673031
 3  0.7509238  0.7085997  0.6916531  0.6881150  0.6879853  0.6931205  0.7083839  0.7138433  0.7178641  0.7205732  0.7167245  0.7114204  0.7123699  0.7217545  0.7202345  0.7365945  0.7341168  0.7425564  0.7494294  0.7411032  0.7230935  0.7116627  0.7077063  0.7090669  0.7137014  0.7216715  0.7224609
 4  0.4571408  0.4435036  0.4674133  0.4677142  0.4357522  0.4519442  0.4881698  0.4894314  0.4739704  0.4600429  0.4388890  0.4164391  0.4591605  0.4818384  0.5175509  0.5352675  0.5302768  0.5475735  0.5496049  0.5138211  0.4313765  0.3429041  0.3046370  0.3245255  0.4120807  0.4711325  0.4899357
 1  0.7295224  0.6865397  0.6695281  0.6715754  0.6854168  0.6926909  0.6918674  0.6883763  0.6808970  0.6741874  0.6779381  0.6846839  0.7004287  0.7033855  0.6919706  0.6849303  0.7028139  0.7039076  0.6975827  0.6966982  0.6766484  0.6669318  0.7078538  0.6961003  0.6857364  0.6874897  0.6802733
 2  0.5724896  0.5338179  0.5393839  0.5635896  0.5770593  0.5789243  0.5642052  0.5438797  0.5193351  0.5143847  0.5458317  0.5779929  0.5950065  0.5920384  0.5607586  0.5479822  0.5721513  0.5808587  0.5698660  0.5531934  0.5245581  0.5702896  0.6056260  0.5994007  0.5622902  0.5167901  0.4857875
 3  0.7526309  0.7126323  0.6951179  0.6935511  0.7062444  0.7123975  0.7105328  0.7063132  0.6977370  0.6900874  0.6943774  0.7033566  0.7214316  0.7239238  0.7110406  0.7011103  0.7205178  0.7242889  0.7169851  0.7140642  0.6941887  0.6799740  0.7308139  0.7201706  0.7052628  0.7029909  0.6946736
 4  0.4564538  0.4427864  0.4661071  0.4928067  0.4977186  0.4855701  0.4629050  0.4316690  0.4047863  0.4312741  0.4839233  0.5172285  0.5193623  0.4926956  0.4400873  0.4634110  0.5069124  0.4975922  0.4597190  0.4418687  0.4243553  0.5220681  0.5492549  0.4984098  0.4075410  0.3685616  0.3813001
 1  0.7309671  0.6879792  0.6713800  0.6709549  0.6777443  0.6830594  0.6839375  0.6948139  0.7082048  0.7092402  0.7131550  0.7134309  0.7216780  0.7182617  0.7140832  0.7149604  0.7124305  0.7098133  0.7129193  0.7142626  0.7160095  0.7167838  0.7173350  0.7098732  0.7072330  0.7141172  0.7112396
 2  0.5684563  0.5320879  0.5402379  0.5571230  0.5597286  0.5469280  0.5256362  0.5427062  0.5691975  0.5842936  0.5872528  0.5931394  0.5985302  0.5941898  0.5767710  0.5571693  0.5399991  0.5268426  0.5298649  0.5345920  0.5398989  0.5523422  0.5629551  0.5545251  0.5478046  0.5534626  0.5553606
 3  0.7533426  0.7138513  0.6969845  0.6936350  0.6983041  0.7014502  0.6997688  0.7098545  0.7263401  0.7279402  0.7325093  0.7319566  0.7416714  0.7384482  0.7323305  0.7315236  0.7284994  0.7251316  0.7280391  0.7295857  0.7316008  0.7325128  0.7347273  0.7278489  0.7230041  0.7305386  0.7287026
 4  0.4519946  0.4423668  0.4675129  0.4788993  0.4631070  0.4244466  0.4125187  0.4732935  0.4969919  0.5019153  0.4980627  0.5110929  0.5194009  0.4948348  0.4575509  0.4389979  0.4225542  0.4145110  0.4210558  0.4307488  0.4360224  0.4633294  0.4735681  0.4379444  0.4412289  0.4649841  0.4547372
 1  0.7317671  0.6897918  0.6734257  0.6729108  0.6812736  0.6919045  0.6894688  0.6881723  0.6958419  0.7025273  0.7021772  0.7123631  0.7107551  0.7068447  0.6915018  0.6847428  0.7006361  0.7039118  0.6940440  0.6878624  0.6955836  0.6996602  0.7043725  0.7052773  0.7142471  0.7205538  0.7162643
 2  0.5734793  0.5336857  0.5411061  0.5593263  0.5695111  0.5722205  0.5603274  0.5490075  0.5488996  0.5475291  0.5639325  0.5892461  0.5948015  0.5787527  0.5292636  0.5010208  0.5250183  0.5503002  0.5533153  0.5528915  0.5595425  0.5626598  0.5614896  0.5585264  0.5684377  0.5856068  0.5879658
 3  0.7541083  0.7153043  0.6989452  0.6955618  0.7015474  0.7109395  0.7079899  0.7059607  0.7127678  0.7193682  0.7180945  0.7317691  0.7321004  0.7261620  0.7084415  0.6990231  0.7153339  0.7212387  0.7120606  0.7055730  0.7135834  0.7174150  0.7221715  0.7221813  0.7307622  0.7386979  0.7363400
 4  0.4539986  0.4422516  0.4687822  0.4826811  0.4850650  0.4800689  0.4637870  0.4503618  0.4515464  0.4452055  0.4915517  0.5244807  0.5061233  0.4511204  0.3753828  0.3957804  0.4550858  0.4689255  0.4593851  0.4659036  0.4714741  0.4724585  0.4609449  0.4576404  0.4852553  0.5100084  0.5006970
 1  0.7288535  0.6823293  0.6667266  0.6712491  0.6909390  0.7045673  0.6987949  0.6860675  0.6854982  0.6914868  0.6891559  0.6784722  0.6835194  0.6903681  0.6851149  0.6774441  0.6814828  0.6915910  0.6986614  0.6985644  0.7098250  0.7079835  0.7034381  0.7062598  0.7047872  0.7038131  0.7023234
 2  0.5713388  0.5321053  0.5407346  0.5687660  0.5910978  0.6026304  0.5903497  0.5625650  0.5292957  0.5083172  0.5151432  0.5311565  0.5538940  0.5645685  0.5539046  0.5269130  0.5147663  0.5411074  0.5779766  0.6005750  0.6097275  0.6027733  0.5815521  0.5654381  0.5467459  0.5218570  0.5038777
 3  0.7520863  0.7088090  0.6926780  0.6932143  0.7115672  0.7254206  0.7202622  0.7063592  0.7026284  0.7059140  0.7041556  0.6957214  0.7010087  0.7092676  0.7045627  0.6949723  0.6969353  0.7067986  0.7170816  0.7193509  0.7326204  0.7295390  0.7222272  0.7242446  0.7221322  0.7192977  0.7168964
 4  0.4561338  0.4443320  0.4699798  0.5006775  0.5209806  0.5258396  0.5011351  0.4425632  0.3831553  0.3957940  0.4386372  0.4554050  0.4770401  0.4828976  0.4479360  0.4018145  0.4098682  0.4753628  0.5186585  0.5366543  0.5343293  0.5018680  0.4756702  0.4618084  0.4244484  0.3860447  0.3758928
 1  0.7275399  0.6836449  0.6691912  0.6687843  0.6682270  0.6773377  0.6841614  0.6934020  0.6877268  0.6722036  0.6851654  0.6929789  0.6862195  0.6814244  0.6925861  0.7002556  0.6900962  0.6844444  0.6981188  0.7071929  0.6950531  0.6862056  0.6922332  0.6911741  0.6895805  0.6983929  0.7062099
 2  0.5739787  0.5340538  0.5405836  0.5531442  0.5542926  0.5544871  0.5524417  0.5622886  0.5727398  0.5727395  0.5792196  0.5721060  0.5416826  0.5176127  0.5368954  0.5597478  0.5618276  0.5639149  0.5860457  0.5963353  0.5827186  0.5641390  0.5546306  0.5388861  0.5317913  0.5547936  0.5743481
 3  0.7511398  0.7097905  0.6947528  0.6917548  0.6882866  0.6958883  0.7021886  0.7101210  0.7066711  0.6933469  0.7056011  0.7122390  0.7041482  0.6973176  0.7078812  0.7182864  0.7092878  0.7025155  0.7166468  0.7283691  0.7164116  0.7051094  0.7103662  0.7089459  0.7051674  0.7149335  0.7249018
 4  0.4592037  0.4432500  0.4677255  0.4711291  0.4660088  0.4648720  0.4580377  0.4834263  0.5077730  0.5016797  0.4921865  0.4658549  0.4178658  0.4104826  0.4642799  0.4856589  0.4731157  0.4845858  0.5188783  0.5217572  0.4856651  0.4638951  0.4566457  0.4235818  0.4378400  0.4851050  0.4952532
 1  0.7283414  0.6853510  0.6680183  0.6655826  0.6681300  0.6782925  0.6783658  0.6823565  0.6987306  0.7075665  0.7173509  0.7138126  0.7091607  0.7118119  0.7104197  0.7057837  0.7057508  0.7070903  0.7084736  0.7091441  0.7069583  0.7089174  0.7010783  0.6852161  0.6863465  0.7024269  0.7025877
 2  0.5707404  0.5332294  0.5381129  0.5466476  0.5439474  0.5338160  0.5157011  0.5260328  0.5609760  0.5929126  0.6051822  0.5986728  0.5708298  0.5403521  0.5217643  0.5258569  0.5636528  0.5888259  0.5965349  0.5879936  0.5654132  0.5500457  0.5463467  0.5501226  0.5760418  0.5998519  0.6037280
 3  0.7516474  0.7116269  0.6936067  0.6886632  0.6880882  0.6956315  0.6945239  0.6974090  0.7156973  0.7262279  0.7386411  0.7347662  0.7271879  0.7272439  0.7254140  0.7212522  0.7224442  0.7274455  0.7296633  0.7287487  0.7246982  0.7251208  0.7180506  0.7043510  0.7044747  0.7231201  0.7252923
 4  0.4561331  0.4423514  0.4641176  0.4601267  0.4391071  0.4187259  0.4057872  0.4512806  0.4949526  0.5258454  0.5292124  0.4920081  0.4325657  0.4066552  0.4107430  0.4401976  0.4988356  0.5219719  0.5103923  0.4788964  0.4453742  0.4436948  0.4647174  0.4734702  0.5104674  0.5364447  0.5289947
 1  0.7279220  0.6803871  0.6646473  0.6641919  0.6671712  0.6826543  0.6936398  0.6981609  0.6909636  0.6842017  0.6573876  0.6452721  0.6621867  0.6791614  0.6958004  0.7111638  0.7134002  0.7179146  0.7086894  0.7048871  0.7061965  0.7084164  0.7060119  0.6971295  0.6947712  0.6984834  0.7001250
 2  0.5722626  0.5318336  0.5399451  0.5511936  0.5521035  0.5624597  0.5818044  0.5897449  0.5779187  0.5477757  0.5006353  0.5021900  0.5300702  0.5530493  0.5798285  0.5970900  0.6056745  0.6052062  0.5861209  0.5543913  0.5312835  0.5387071  0.5492400  0.5492427  0.5432506  0.5421870  0.5476251
 3  0.7514597  0.7070823  0.6906930  0.6876326  0.6873094  0.6999819  0.7117463  0.7194212  0.7122753  0.7029665  0.6736617  0.6611686  0.6792292  0.6962515  0.7132367  0.7312142  0.7338093  0.7393373  0.7291998  0.7219526  0.7212426  0.7243009  0.7233739  0.7154285  0.7120619  0.7147419  0.7169828
 4  0.4572140  0.4443800  0.4695044  0.4681280  0.4570424  0.4817399  0.5172576  0.5165329  0.4745615  0.4134823  0.3968801  0.4361184  0.4563522  0.4748133  0.5104738  0.5249639  0.5290184  0.5198821  0.4674007  0.4127422  0.4220308  0.4548584  0.4640953  0.4484719  0.4347143  0.4467389  0.4607508
 1  0.7299583  0.6871291  0.6687358  0.6679168  0.6778193  0.6893994  0.6906760  0.6956180  0.7026502  0.7167433  0.7142001  0.7135929  0.7195323  0.7186003  0.7201339  0.7223297  0.7140512  0.7002453  0.6984071  0.7030305  0.6992414  0.6925558  0.7075909  0.7076738  0.7025616  0.7021926  0.7150862
 2  0.5711477  0.5329857  0.5379433  0.5537738  0.5632860  0.5638540  0.5555695  0.5498385  0.5694476  0.5903619  0.5924679  0.5849447  0.5762871  0.5669845  0.5558212  0.5578177  0.5540938  0.5346314  0.5181205  0.5079589  0.5027297  0.5269290  0.5624787  0.5729669  0.5581482  0.5619809  0.5808701
 3  0.7529014  0.7133254  0.6943740  0.6904779  0.6978569  0.7080173  0.7081193  0.7129611  0.7188881  0.7360869  0.7348364  0.7315955  0.7372051  0.7361684  0.7361352  0.7382994  0.7313289  0.7177050  0.7140360  0.7172856  0.7141130  0.7072057  0.7249191  0.7264647  0.7202733  0.7181045  0.7337560
 4  0.4546550  0.4421283  0.4640958  0.4753469  0.4757608  0.4654921  0.4595350  0.4526510  0.4957473  0.5207223  0.4963272  0.4785188  0.4771635  0.4559991  0.4441737  0.4597965  0.4556484  0.4130622  0.3811330  0.3911427  0.3961343  0.4566303  0.4909782  0.4771158  0.4418924  0.4816934  0.5090992
 1  0.7300844  0.6847040  0.6542658  0.6481592  0.6494444  0.6618969  0.6619871  0.6629743  0.6896933  0.6883883  0.6913137  0.7001365  0.6969606  0.6891104  0.6878348  0.6847208  0.6681180  0.6788608  0.6914929  0.6913715  0.6810189  0.6829054  0.7126135  0.7029691  0.6922081  0.6904484  0.6962839
 2  0.5711411  0.5323297  0.5329874  0.5415291  0.5412112  0.5417691  0.5358942  0.5568468  0.5834838  0.5836715  0.5743106  0.5721686  0.5731567  0.5719731  0.5676718  0.5475177  0.5282321  0.5580220  0.5771980  0.5724996  0.5446574  0.5747780  0.6034151  0.5999835  0.5652246  0.5155386  0.4881391
 3  0.7530262  0.7111078  0.6805813  0.6720752  0.6701790  0.6799120  0.6800238  0.6795122  0.7099199  0.7100505  0.7105131  0.7177765  0.7157572  0.7092900  0.7078518  0.7035909  0.6841090  0.6954651  0.7118668  0.7109947  0.6993699  0.6975606  0.7347270  0.7261086  0.7116198  0.7061324  0.7097699
 4  0.4548105  0.4437284  0.4664282  0.4637373  0.4492839  0.4519661  0.4529475  0.4968834  0.5196510  0.4950127  0.4722389  0.4839690  0.4987596  0.4934185  0.4723298  0.4268741  0.4433412  0.5021896  0.5009960  0.4686629  0.4335347  0.5180885  0.5446332  0.5009000  0.4133786  0.3514571  0.3697644
 1  0.7297766  0.6848594  0.6702534  0.6774870  0.6981248  0.7000952  0.6944614  0.6953735  0.6979294  0.7019108  0.7036210  0.7007270  0.6839266  0.6624214  0.6406826  0.5528439  0.6401872  0.6985850  0.7141746  0.7132655  0.7164585  0.7179100  0.7179708  0.7181807  0.7191167  0.7228817  0.7122003
 2  0.5731114  0.5330533  0.5409257  0.5771242  0.5942527  0.5934621  0.5741338  0.5640162  0.5600027  0.5572033  0.5574140  0.5464483  0.5136791  0.4907739  0.4956079  0.4885563  0.5767962  0.6166197  0.6243752  0.6186997  0.6022706  0.5821111  0.5553713  0.5312805  0.5446839  0.5716762  0.5761862
 3  0.7529155  0.7110679  0.6959204  0.6985414  0.7201244  0.7210213  0.7129545  0.7138576  0.7161179  0.7190381  0.7212315  0.7184768  0.7009780  0.6783661  0.6579263  0.5689947  0.6536717  0.7198944  0.7387214  0.7355201  0.7365597  0.7362233  0.7344481  0.7332362  0.7333478  0.7409003  0.7320323
 4  0.4566960  0.4432916  0.4683166  0.5130631  0.5212175  0.4949718  0.4768399  0.4739760  0.4618838  0.4622143  0.4625569  0.4340698  0.3872619  0.3965916  0.4251639  0.4477359  0.5307102  0.5583032  0.5518699  0.5242334  0.4965581  0.4636448  0.4250891  0.3989508  0.4649255  0.5021541  0.4782049
 1  0.7280549  0.6813184  0.6693995  0.6715276  0.6802918  0.6931185  0.6986592  0.7015338  0.7064812  0.7206381  0.7092680  0.7042086  0.7077103  0.7108398  0.7178918  0.7251025  0.7240727  0.7121497  0.7065617  0.7041639  0.7063023  0.7034015  0.7091343  0.7089061  0.7027666  0.7021426  0.6945279
 2  0.5742871  0.5326443  0.5424598  0.5603416  0.5690178  0.5762645  0.5808643  0.5794642  0.5907780  0.5984026  0.5875433  0.5640088  0.5390031  0.5103840  0.4981967  0.5438116  0.5718062  0.5741683  0.5637545  0.5591343  0.5582722  0.5606465  0.5704883  0.5682248  0.5522627  0.5371974  0.5299173
 3  0.7515398  0.7076519  0.6951803  0.6943480  0.7005617  0.7116921  0.7172404  0.7214602  0.7243284  0.7408024  0.7298792  0.7222156  0.7239572  0.7252876  0.7304214  0.7392534  0.7423596  0.7310335  0.7243650  0.7215360  0.7241435  0.7208273  0.7269820  0.7276361  0.7202267  0.7183119  0.7111280
 4  0.4584217  0.4441404  0.4710654  0.4828412  0.4828137  0.4906708  0.5036911  0.4915972  0.5107141  0.5207753  0.4840882  0.4395750  0.4002159  0.3532797  0.3867754  0.4767794  0.4954858  0.4726823  0.4579756  0.4668585  0.4650489  0.4712490  0.4858203  0.4673602  0.4341007  0.4269114  0.4340049
 1  0.7296925  0.6823790  0.6659379  0.6723126  0.6922476  0.6944764  0.6969213  0.7085209  0.7115638  0.7078540  0.7022953  0.6991299  0.6978184  0.6980365  0.6927783  0.6877922  0.6923883  0.6909184  0.6881076  0.6904663  0.6738780  0.6674528  0.6927054  0.7026254  0.7015829  0.7093567  0.7098130
 2  0.5699182  0.5311662  0.5395432  0.5721300  0.5873383  0.5820615  0.5641698  0.5629816  0.5683239  0.5640670  0.5513394  0.5332494  0.5312581  0.5498468  0.5617082  0.5658050  0.5670656  0.5583224  0.5534592  0.5582448  0.5468842  0.5548446  0.5870376  0.5973819  0.5952369  0.5962216  0.5890189
 3  0.7528275  0.7093079  0.6920549  0.6937399  0.7139502  0.7151200  0.7141230  0.7249504  0.7296878  0.7262492  0.7199575  0.7154969  0.7133484  0.7153068  0.7117519  0.7066419  0.7116663  0.7095743  0.7051930  0.7094120  0.6936320  0.6845327  0.7118825  0.7240945  0.7217545  0.7291805  0.7304252
 4  0.4541773  0.4442349  0.4676940  0.5063548  0.5110559  0.4733579  0.4517457  0.4763846  0.4834338  0.4637563  0.4338198  0.4147148  0.4431808  0.4767443  0.4810602  0.4839106  0.4776408  0.4556342  0.4698519  0.4785533  0.4548377  0.4888023  0.5245787  0.5197901  0.5091524  0.5149016  0.4945153
 1  0.7310651  0.6891377  0.6686074  0.6649897  0.6699490  0.6893533  0.6978282  0.6946960  0.7000199  0.7104309  0.7058556  0.6921446  0.6831563  0.6876831  0.6854262  0.6801298  0.6821281  0.6803720  0.6769945  0.6661249  0.6777616  0.6886821  0.6920853  0.6922729  0.7088838  0.7078495  0.7096456
 2  0.5714015  0.5331544  0.5381181  0.5487719  0.5570420  0.5737456  0.5787081  0.5737679  0.5811919  0.5986687  0.5961367  0.5725650  0.5382189  0.5183580  0.5055452  0.5009668  0.5171313  0.5324093  0.5375003  0.5324079  0.5348822  0.5422821  0.5483188  0.5688688  0.5884367  0.5871325  0.5759267
 3  0.7535218  0.7148145  0.6942601  0.6882456  0.6896227  0.7071508  0.7175987  0.7139026  0.7177318  0.7306354  0.7283531  0.7132945  0.7004685  0.7035015  0.7016395  0.6955495  0.6981703  0.6973692  0.6950059  0.6845484  0.6948430  0.7049872  0.7092725  0.7093655  0.7286655  0.7280346  0.7272013
 4  0.4534606  0.4419255  0.4665173  0.4661387  0.4700189  0.4984371  0.4980125  0.4796112  0.5065345  0.5314732  0.5139941  0.4503925  0.4098171  0.4115184  0.3964953  0.4027584  0.4308204  0.4522830  0.4527680  0.4389530  0.4362677  0.4535133  0.4641626  0.5001922  0.5147421  0.4855084  0.4650751
 1  0.7294815  0.6845464  0.6665216  0.6647214  0.6687421  0.6810789  0.6943112  0.7098340  0.7067852  0.7058760  0.7031762  0.7011854  0.6943266  0.6865691  0.6875254  0.6695040  0.6735848  0.6794951  0.6857098  0.6851766  0.6866829  0.7006034  0.7061863  0.7060243  0.6995942  0.6921547  0.6834512
 2  0.5725402  0.5325944  0.5392487  0.5508924  0.5542146  0.5553568  0.5700042  0.5853644  0.5876675  0.5819312  0.5690401  0.5527074  0.5277834  0.5288318  0.5542694  0.5598986  0.5662323  0.5718720  0.5734950  0.5619607  0.5543935  0.5668312  0.5829080  0.5882619  0.5788887  0.5581791  0.5275477
 3  0.7525449  0.7108985  0.6924414  0.6879919  0.6888165  0.6991576  0.7112230  0.7287622  0.7267371  0.7252136  0.7219376  0.7188052  0.7111783  0.7020826  0.7053503  0.6901608  0.6933227  0.6990806  0.7055034  0.7048837  0.7040299  0.7174942  0.7254313  0.7262884  0.7199203  0.7112937  0.7007865
 4  0.4554746  0.4435669  0.4680614  0.4689099  0.4619728  0.4628015  0.4947540  0.5112039  0.5014148  0.4866718  0.4651169  0.4396786  0.4088460  0.4484714  0.4912751  0.4865396  0.4884348  0.4947632  0.4913757  0.4603318  0.4562369  0.4926339  0.5106882  0.5065048  0.4828869  0.4433508  0.4071512
