FL 2019 2020 2021 2022 2023 2024 2025 2026 2027 2028 2029 2030 2031 2032 2033 2034 2035 2036 2037 2038 2039 2040 2041 2042 2043 2044 2045
 1  0.1254765  0.1016565  0.0959554  0.0904479  0.0934519  0.1203816  0.1271399  0.1185114  0.1199777  0.1706578  0.2078153  0.0999510  0.0973376  0.1549709  0.1425255  0.2432759  0.3027241  0.1750671  0.1674286  0.0566451  0.0489618  0.0631407  0.0651105  0.0939635  0.0875533  0.2000980  0.2094535
 2  0.0238751  0.0186097  0.0176528  0.0171395  0.0185906  0.0244044  0.0228290  0.0214109  0.0230626  0.0348493  0.0409719  0.0186187  0.0186791  0.0276279  0.0250891  0.0461377  0.0582813  0.0311498  0.0279270  0.0093862  0.0087479  0.0124050  0.0123601  0.0172075  0.0162491  0.0371869  0.0355046
 3  0.1162273  0.1536330  0.1331428  0.1574206  0.1341002  0.1479276  0.1445929  0.1647577  0.1571411  0.1680504  0.1355576  0.1659530  0.1605249  0.1435361  0.1317373  0.1573584  0.1383235  0.1621008  0.1302661  0.1899631  0.1536542  0.1651244  0.1342626  0.1764728  0.1664996  0.1580445  0.1370740
 4  0.0444602  0.0453801  0.0333163  0.0348397  0.0317980  0.0424247  0.0396390  0.0371792  0.0294268  0.0396620  0.0351451  0.0383752  0.0363353  0.0407038  0.0329547  0.0324890  0.0365353  0.0450508  0.0349073  0.0442414  0.0325718  0.0378238  0.0366361  0.0444222  0.0375529  0.0443030  0.0411932
 1  0.1254447  0.0965602  0.0886896  0.1384150  0.1440207  0.1381434  0.1549292  0.1254250  0.1370345  0.0995047  0.0888829  0.0468890  0.0417243  0.0488275  0.0466521  0.0544455  0.0578551  0.0732066  0.0811653  0.2120297  0.2351718  0.1945106  0.1997086  0.1185515  0.0888866  0.1178770  0.1111637
 2  0.0238456  0.0176601  0.0164159  0.0261476  0.0273356  0.0273308  0.0313328  0.0254475  0.0279165  0.0183274  0.0163900  0.0086963  0.0073777  0.0090725  0.0091570  0.0112809  0.0127149  0.0171085  0.0170831  0.0417438  0.0451310  0.0364172  0.0335376  0.0183710  0.0137081  0.0200497  0.0192021
 3  0.1162137  0.1305374  0.1345253  0.1379188  0.1377109  0.1341774  0.1284918  0.1363670  0.1411733  0.1379031  0.1419848  0.1363482  0.1527527  0.1611324  0.1463589  0.1568797  0.1268766  0.1212064  0.1389270  0.1360314  0.1291287  0.1329691  0.1371852  0.1519713  0.1580708  0.1616195  0.1478320
 4  0.0443576  0.0362375  0.0341715  0.0365841  0.0310599  0.0302022  0.0299998  0.0324618  0.0343004  0.0342028  0.0342573  0.0360314  0.0400252  0.0327706  0.0317212  0.0319898  0.0271094  0.0327127  0.0411459  0.0351331  0.0296534  0.0375247  0.0426913  0.0453534  0.0423336  0.0411053  0.0368806
 1  0.1278873  0.1404351  0.1340759  0.1302062  0.1171389  0.2360658  0.2020077  0.1627484  0.1845493  0.1541575  0.1680516  0.2039082  0.2110913  0.0858892  0.0816916  0.1986033  0.2475489  0.1598854  0.1153003  0.1149872  0.1124392  0.2542244  0.3140175  0.1745393  0.1637287  0.1290682  0.1486802
 2  0.0247547  0.0259561  0.0246346  0.0224618  0.0206321  0.0373432  0.0330143  0.0293554  0.0350978  0.0302435  0.0326664  0.0380712  0.0357066  0.0148679  0.0154652  0.0408049  0.0512287  0.0256258  0.0175455  0.0195112  0.0213832  0.0512528  0.0591936  0.0299201  0.0288097  0.0249689  0.0307639
 3  0.1181554  0.1272446  0.1477759  0.1541142  0.1550601  0.1634701  0.1607503  0.1792823  0.1446638  0.1361535  0.1529029  0.1510299  0.1601317  0.1618540  0.1539602  0.1424580  0.1281333  0.1421671  0.1626189  0.1454187  0.1430464  0.1440615  0.1334037  0.1512523  0.1413408  0.1504866  0.1275128
 4  0.0465951  0.0353071  0.0426119  0.0392638  0.0431634  0.0447965  0.0355498  0.0359561  0.0353820  0.0334940  0.0374423  0.0390553  0.0391170  0.0347923  0.0303450  0.0297828  0.0417561  0.0464783  0.0404231  0.0319294  0.0302525  0.0363935  0.0374528  0.0389058  0.0294287  0.0277882  0.0299301
 1  0.1288192  0.0450320  0.0398835  0.1440286  0.1693203  0.1204506  0.1019925  0.0499016  0.0375833  0.0727719  0.0772363  0.0700663  0.0838257  0.0613313  0.0424226  0.0657549  0.0645068  0.1727026  0.2390003  0.2076442  0.3080038  0.2506189  0.2640402  0.0908274  0.0505949  0.1179697  0.1206647
 2  0.0246201  0.0082139  0.0074017  0.0287637  0.0349987  0.0247758  0.0119289  0.0071474  0.0065657  0.0142407  0.0168334  0.0167446  0.0213335  0.0107786  0.0069578  0.0116983  0.0128539  0.0394978  0.0610595  0.0549535  0.0772530  0.0503625  0.0440312  0.0115778  0.0075423  0.0207565  0.0212508
 3  0.1191925  0.1480746  0.1494487  0.1503172  0.1341553  0.1338241  0.1385819  0.1590729  0.1565716  0.1494211  0.1375496  0.1478782  0.1272105  0.1210661  0.1657977  0.1572777  0.1481641  0.1364932  0.1391780  0.1226331  0.1300576  0.1252125  0.1347796  0.1476563  0.1697739  0.1662693  0.1366481
 4  0.0459275  0.0396816  0.0348586  0.0313646  0.0275411  0.0674272  0.0574099  0.0381387  0.0309158  0.0335760  0.0298903  0.0303247  0.0498651  0.0508562  0.0439271  0.0349631  0.0295712  0.0268430  0.0270151  0.0261242  0.0319225  0.0396185  0.0487903  0.0457893  0.0373075  0.0360263  0.0358010
 1  0.1248385  0.0838001  0.0775156  0.0974923  0.1015251  0.1693720  0.1098031  0.2706666  0.3182908  0.4503333  0.4239939  0.1301743  0.1119510  0.1843508  0.2164740  0.2728450  0.4078783  0.2301699  0.2434282  0.0726475  0.0461187  0.1768832  0.1926553  0.2998611  0.3031982  0.1316824  0.1267161
 2  0.0237493  0.0153531  0.0143309  0.0187131  0.0202121  0.0249769  0.0170201  0.0464459  0.0591876  0.0720940  0.0567913  0.0191927  0.0188811  0.0346788  0.0444322  0.0602713  0.0850938  0.0424344  0.0364557  0.0098148  0.0071544  0.0310537  0.0361206  0.0536217  0.0477246  0.0216877  0.0236898
 3  0.1157048  0.1476276  0.1496052  0.1438760  0.1406618  0.1225794  0.1635855  0.1641912  0.1646378  0.1448255  0.1834348  0.1848175  0.1683584  0.1480369  0.1364399  0.1434192  0.1375202  0.1668302  0.1558994  0.1558260  0.1718465  0.1762461  0.1354436  0.1342741  0.1505437  0.1558717  0.1482430
 4  0.0442984  0.0423148  0.0365709  0.0316630  0.0485751  0.0446453  0.0415855  0.0355949  0.0421061  0.0533418  0.0524146  0.0421453  0.0386074  0.0313958  0.0264849  0.0310743  0.0325341  0.0413403  0.0537163  0.0432819  0.0407318  0.0362149  0.0367446  0.0431910  0.0432121  0.0329716  0.0286992
 1  0.1109460  0.1609743  0.1624294  0.2021971  0.1924375  0.1885065  0.1817055  0.1640122  0.1706691  0.1550492  0.1619801  0.0658044  0.0642898  0.1210483  0.1258806  0.1555485  0.1835636  0.0971156  0.0594596  0.0798865  0.0771200  0.2011102  0.2704227  0.2853805  0.3902716  0.0742287  0.0631759
 2  0.0215407  0.0302378  0.0301759  0.0349543  0.0324608  0.0317827  0.0314035  0.0295426  0.0309007  0.0288055  0.0304794  0.0125131  0.0130202  0.0244542  0.0257051  0.0327022  0.0380017  0.0143547  0.0087534  0.0136071  0.0151160  0.0447194  0.0638173  0.0644495  0.0797882  0.0128282  0.0091219
 3  0.1025202  0.1402504  0.1405289  0.1578187  0.1548070  0.1530952  0.1573254  0.1557262  0.1569293  0.1392550  0.1518770  0.1322671  0.1358101  0.1326430  0.1374108  0.1402008  0.1257012  0.1481822  0.1599512  0.1487819  0.1558379  0.1249785  0.1232827  0.1197458  0.1657838  0.2519503  0.1562388
 4  0.0405097  0.0398836  0.0388850  0.0432016  0.0404753  0.0355524  0.0374989  0.0375264  0.0381126  0.0347138  0.0352603  0.0310277  0.0327504  0.0322893  0.0306918  0.0286812  0.0461211  0.0552464  0.0407026  0.0301387  0.0278750  0.0256240  0.0270763  0.0290146  0.0343248  0.0389518  0.0446259
 1  0.1265341  0.1664910  0.1616814  0.0848803  0.0841300  0.0716121  0.0679098  0.0892458  0.1018110  0.0897033  0.0847891  0.1292700  0.1159689  0.0663585  0.0589460  0.1986210  0.2283377  0.1656505  0.1859991  0.0920957  0.0775695  0.0548507  0.0503850  0.1390086  0.1775177  0.0994523  0.1170786
 2  0.0240649  0.0302890  0.0292380  0.0156459  0.0155943  0.0131993  0.0133520  0.0192213  0.0193428  0.0165284  0.0160745  0.0235914  0.0192736  0.0113310  0.0108923  0.0385204  0.0455271  0.0337239  0.0338732  0.0157862  0.0122117  0.0094357  0.0098246  0.0307780  0.0432092  0.0245588  0.0253819
 3  0.1171771  0.1323162  0.1501426  0.1539535  0.1509916  0.1386700  0.1489565  0.1560423  0.1231471  0.1524707  0.1495484  0.1294290  0.1507874  0.1624703  0.1545676  0.1482680  0.1465281  0.1393901  0.1522310  0.1573756  0.1447161  0.1451321  0.1490608  0.1368047  0.1278829  0.1324550  0.1388274
 4  0.0445246  0.0385883  0.0345049  0.0372497  0.0396984  0.0362553  0.0300269  0.0368203  0.0394651  0.0361362  0.0375326  0.0428384  0.0430007  0.0400963  0.0359534  0.0358774  0.0335963  0.0371600  0.0449609  0.0464795  0.0439856  0.0326324  0.0303835  0.0275544  0.0263133  0.0353551  0.0408056
 1  0.1297867  0.0275420  0.0241711  0.0308167  0.0294324  0.0706526  0.0612079  0.2842345  0.4003887  0.1936380  0.2031674  0.2597975  0.3252975  0.1232726  0.1162432  0.0550054  0.0419713  0.1836306  0.1258234  0.2817141  0.3864730  0.3849496  0.5497638  0.0843028  0.0597400  0.0906803  0.0726890
 2  0.0252255  0.0050988  0.0045430  0.0062373  0.0046426  0.0116324  0.0112628  0.0573978  0.0796408  0.0349566  0.0387981  0.0504157  0.0622102  0.0233444  0.0164294  0.0082957  0.0068867  0.0262317  0.0199844  0.0519888  0.0791179  0.0764719  0.0894119  0.0118150  0.0094786  0.0144628  0.0121039
 3  0.1198957  0.1384789  0.1373410  0.1566059  0.1487359  0.1619440  0.1606497  0.1572041  0.1570753  0.1411590  0.1460502  0.1404512  0.1566339  0.1455240  0.1283770  0.1709920  0.1488974  0.1396731  0.1625902  0.1601094  0.1604021  0.1645163  0.1513334  0.1480050  0.1751264  0.1589137  0.1467300
 4  0.0477583  0.0403633  0.0347257  0.0510760  0.0491960  0.0387604  0.0313213  0.0358905  0.0383783  0.0357841  0.0285914  0.0323323  0.0317797  0.0481752  0.0440107  0.0422786  0.0462109  0.0457287  0.0380489  0.0304152  0.0333596  0.0376443  0.0429994  0.0378802  0.0398192  0.0425319  0.0379314
 1  0.1223116  0.1549170  0.1518738  0.2500512  0.2788142  0.2167731  0.2359127  0.0511636  0.0487035  0.0771898  0.0761793  0.0920380  0.0878664  0.0678281  0.0563585  0.0768970  0.0724037  0.0767646  0.0728446  0.1074920  0.1155485  0.0958528  0.0957696  0.0997197  0.0914138  0.0788615  0.0748280
 2  0.0236805  0.0287747  0.0279410  0.0454647  0.0500916  0.0391338  0.0415733  0.0092072  0.0094243  0.0151780  0.0150752  0.0179933  0.0157651  0.0116078  0.0097441  0.0141694  0.0129071  0.0140968  0.0146347  0.0223479  0.0237106  0.0192976  0.0184315  0.0179748  0.0170318  0.0148338  0.0140051
 3  0.1129846  0.1308549  0.1504915  0.1492801  0.1567017  0.1355786  0.1627089  0.1408518  0.1475005  0.1351524  0.1343632  0.1372539  0.1328496  0.1521062  0.1433478  0.1446471  0.1417258  0.1397731  0.1336783  0.1428547  0.1361317  0.1333183  0.1478975  0.1536341  0.1559070  0.1471515  0.1373728
 4  0.0446547  0.0396152  0.0399238  0.0353602  0.0341955  0.0319641  0.0362754  0.0316089  0.0295763  0.0369996  0.0330388  0.0388156  0.0413035  0.0416009  0.0384150  0.0400037  0.0408526  0.0347097  0.0294210  0.0353670  0.0356600  0.0363444  0.0413115  0.0419086  0.0395046  0.0388056  0.0376103
 1  0.1207744  0.1726350  0.1739956  0.1258261  0.1388367  0.0766288  0.0877237  0.0821984  0.0968083  0.0703411  0.0573277  0.0701922  0.0655346  0.0903250  0.0771489  0.1010737  0.1085014  0.1241466  0.1251143  0.0939274  0.0751313  0.2107667  0.2294143  0.1685782  0.1759879  0.1295785  0.1134385
 2  0.0233681  0.0322093  0.0318914  0.0240620  0.0279348  0.0160435  0.0192586  0.0180163  0.0184181  0.0118208  0.0096556  0.0124786  0.0125126  0.0161639  0.0143900  0.0200927  0.0215969  0.0245629  0.0239578  0.0159770  0.0127320  0.0378414  0.0436181  0.0334424  0.0273370  0.0206379  0.0202354
 3  0.1116213  0.1395491  0.1346929  0.1431204  0.1404070  0.1627197  0.1852329  0.2275509  0.2736246  0.1535843  0.1583895  0.1475488  0.1546442  0.1366901  0.1481218  0.1502155  0.1228381  0.1276276  0.1509021  0.1358728  0.1387114  0.1499937  0.1470694  0.1366437  0.1383187  0.1553075  0.1568737
 4  0.0441728  0.0384709  0.0332425  0.0318973  0.0274317  0.0339189  0.0419422  0.0495561  0.0429123  0.0360417  0.0371902  0.0318940  0.0403802  0.0373115  0.0323147  0.0322908  0.0362551  0.0347981  0.0432070  0.0403932  0.0351190  0.0352081  0.0314385  0.0451481  0.0491228  0.0389447  0.0315828
 1  0.1220670  0.0637298  0.0580857  0.0756500  0.0753663  0.1010122  0.1102450  0.1547781  0.1955405  0.1089942  0.1085297  0.0855289  0.0768524  0.1582588  0.1534062  0.1433483  0.1509554  0.1337053  0.1402806  0.0648252  0.0529934  0.1308155  0.1203848  0.1536636  0.1747553  0.2593634  0.3718833
 2  0.0232303  0.0117448  0.0108967  0.0146308  0.0141739  0.0198490  0.0232204  0.0345298  0.0419912  0.0219386  0.0192079  0.0150570  0.0130458  0.0275930  0.0280528  0.0271929  0.0303326  0.0272566  0.0258541  0.0110613  0.0089334  0.0224760  0.0219858  0.0301106  0.0362899  0.0565254  0.0826799
 3  0.1130934  0.1413188  0.1524474  0.1418212  0.1466670  0.1489890  0.1361198  0.1476149  0.1227806  0.1432653  0.1327790  0.1586646  0.1452369  0.1566397  0.1305856  0.1375388  0.1358045  0.1315162  0.1341738  0.1527719  0.1468734  0.1463657  0.1531481  0.1492962  0.1525158  0.1385530  0.1301507
 4  0.0433681  0.0405785  0.0368676  0.0368238  0.0348344  0.0311303  0.0262836  0.0303104  0.0326166  0.0380395  0.0373655  0.0375154  0.0404853  0.0371748  0.0323374  0.0302791  0.0311572  0.0351915  0.0381861  0.0408425  0.0409832  0.0376191  0.0353948  0.0313645  0.0320305  0.0291177  0.0277343
 1  0.1248421  0.1186523  0.1123193  0.1523417  0.1752319  0.1711392  0.1866598  0.1484932  0.1284477  0.1515655  0.1474836  0.1128523  0.0925899  0.1237538  0.1297050  0.1597558  0.1726950  0.1938234  0.1812377  0.0991260  0.0915065  0.1482881  0.1882964  0.2275112  0.2715016  0.1711146  0.1536199
 2  0.0236711  0.0217012  0.0206576  0.0294393  0.0362328  0.0343045  0.0358338  0.0255685  0.0209884  0.0262374  0.0253994  0.0184609  0.0159201  0.0232100  0.0238585  0.0300639  0.0345576  0.0357136  0.0290237  0.0164449  0.0171009  0.0313982  0.0415214  0.0484190  0.0546079  0.0298112  0.0258743
 3  0.1157002  0.1407772  0.1324055  0.1504512  0.1442619  0.1352610  0.1311172  0.1438628  0.1484398  0.1518009  0.1429877  0.1548370  0.1611362  0.1536000  0.1475279  0.1563942  0.1372089  0.1455293  0.1621497  0.1690183  0.1657159  0.1492541  0.1222724  0.1209109  0.1412261  0.1355423  0.1620229
 4  0.0439966  0.0401133  0.0328965  0.0328928  0.0283348  0.0363888  0.0377228  0.0412665  0.0384051  0.0382622  0.0430280  0.0399271  0.0380094  0.0384110  0.0389458  0.0371213  0.0348530  0.0461990  0.0487058  0.0381221  0.0302432  0.0274082  0.0305629  0.0307533  0.0367474  0.0365863  0.0460638
 1  0.1245411  0.1317793  0.1265018  0.0839863  0.0861238  0.0740169  0.0649946  0.0419381  0.0433007  0.0870156  0.0854312  0.2018207  0.2694868  0.2896092  0.2882484  0.0786591  0.0612461  0.2545417  0.3051891  0.0977906  0.0810344  0.1374021  0.1504767  0.2727462  0.3090205  0.3190504  0.3888516
 2  0.0237521  0.0242651  0.0232271  0.0161869  0.0160977  0.0130248  0.0120592  0.0085428  0.0079759  0.0163319  0.0173413  0.0438498  0.0617007  0.0609221  0.0361176  0.0112464  0.0103684  0.0488999  0.0479521  0.0151986  0.0141866  0.0263053  0.0289946  0.0512320  0.0577161  0.0582002  0.0655410
 3  0.1153379  0.1406966  0.1469490  0.1381142  0.1594479  0.1457622  0.1563770  0.1518971  0.1334528  0.1474766  0.1373294  0.1401574  0.1198280  0.1186504  0.1471150  0.1825492  0.1661710  0.1536576  0.1491340  0.1596212  0.1723835  0.1465462  0.1386364  0.1396007  0.1512046  0.1535818  0.1439223
 4  0.0445669  0.0368895  0.0366249  0.0348378  0.0427690  0.0403145  0.0309138  0.0382916  0.0432365  0.0346417  0.0293678  0.0280482  0.0315091  0.0574308  0.0496509  0.0408573  0.0339451  0.0456786  0.0490232  0.0406181  0.0376487  0.0373814  0.0408632  0.0392867  0.0372087  0.0364951  0.0399222
 1  0.1327275  0.1675403  0.1647026  0.2556933  0.2194417  0.2154874  0.1397250  0.3080293  0.4331931  0.3930484  0.6741908  0.2057485  0.0568213  0.1625770  0.1718425  0.1684734  0.1917077  0.1084189  0.0858225  0.1014762  0.1065177  0.2020981  0.2686655  0.1888693  0.2467449  0.1143729  0.0893871
 2  0.0254987  0.0306105  0.0294890  0.0409337  0.0336488  0.0282750  0.0212397  0.0555784  0.0881269  0.0818070  0.1334730  0.0158516  0.0072946  0.0267364  0.0301070  0.0320577  0.0387766  0.0185222  0.0144305  0.0185765  0.0210602  0.0434909  0.0617309  0.0434385  0.0546930  0.0202219  0.0134165
 3  0.1228067  0.1486583  0.1372215  0.1507858  0.1690703  0.1548977  0.1674087  0.1502756  0.1483604  0.1459821  0.1112789  0.1359013  0.1873022  0.1740740  0.1446341  0.1592759  0.1475674  0.1432979  0.1612370  0.1655725  0.1518724  0.1365229  0.1312491  0.1236811  0.1330834  0.1404139  0.1539429
 4  0.0478112  0.0399882  0.0402568  0.0447895  0.0591883  0.0485067  0.0375303  0.0268463  0.0266141  0.0294923  0.0709846  0.0529949  0.0447063  0.0359974  0.0384664  0.0375922  0.0408214  0.0472440  0.0399145  0.0366090  0.0337866  0.0296448  0.0270970  0.0302622  0.0358005  0.0486300  0.0507314
 1  0.1072441  0.1591959  0.1589516  0.1638108  0.1549210  0.0950668  0.0860392  0.0915542  0.0891434  0.1451990  0.1462808  0.0839401  0.0845695  0.1144276  0.1226754  0.0914943  0.0920396  0.1301151  0.1292499  0.2033255  0.2598251  0.1275105  0.1210745  0.0477137  0.0434155  0.0753225  0.0484738
 2  0.0203581  0.0296372  0.0296351  0.0292983  0.0254812  0.0159417  0.0157550  0.0172021  0.0172421  0.0277885  0.0270349  0.0160236  0.0160898  0.0223497  0.0257359  0.0190072  0.0177417  0.0243700  0.0248745  0.0415195  0.0555404  0.0245417  0.0221323  0.0086536  0.0082531  0.0114847  0.0073568
 3  0.0993911  0.1338341  0.1484547  0.1461744  0.1606402  0.1487408  0.1598126  0.1428172  0.1478558  0.1462584  0.1492360  0.1446761  0.1488806  0.1519962  0.1373756  0.1311625  0.1451077  0.1398737  0.1442440  0.1488064  0.1485939  0.1428313  0.1385130  0.1345229  0.1301244  0.1500733  0.1553820
 4  0.0378383  0.0350848  0.0395905  0.0422626  0.0443853  0.0368320  0.0384691  0.0366905  0.0394658  0.0407209  0.0361812  0.0336598  0.0389490  0.0378042  0.0315093  0.0383668  0.0432100  0.0359672  0.0301920  0.0274064  0.0327050  0.0374755  0.0339916  0.0350670  0.0491170  0.0552921  0.0442237
 1  0.1151150  0.1353665  0.1320015  0.0825086  0.0633680  0.1902430  0.2163980  0.2931305  0.4093268  0.2639775  0.2951466  0.1144969  0.1018273  0.0924381  0.0868439  0.0687733  0.0622731  0.0858512  0.0775094  0.0731004  0.0777183  0.1661016  0.1517942  0.1610160  0.1636801  0.1597195  0.1689912
 2  0.0219508  0.0250596  0.0244303  0.0133057  0.0108380  0.0351738  0.0418784  0.0596317  0.0813173  0.0480031  0.0506868  0.0189904  0.0181590  0.0170151  0.0147609  0.0121324  0.0113541  0.0155372  0.0144154  0.0146227  0.0171900  0.0325113  0.0270607  0.0292613  0.0280836  0.0288297  0.0322389
 3  0.1066673  0.1431304  0.1489928  0.1475419  0.1535271  0.1509500  0.1428499  0.1423841  0.1495690  0.1376312  0.1322663  0.1455457  0.1506944  0.1610878  0.1524961  0.1463912  0.1480079  0.1406121  0.1345735  0.1395155  0.1301714  0.1233649  0.1523829  0.1515344  0.1499344  0.1560189  0.1432833
 4  0.0408969  0.0379378  0.0440895  0.0439288  0.0372140  0.0352705  0.0316316  0.0315371  0.0334132  0.0336696  0.0332281  0.0322788  0.0316502  0.0400361  0.0363819  0.0364505  0.0377292  0.0351363  0.0316806  0.0275229  0.0333184  0.0379787  0.0392628  0.0393259  0.0369501  0.0348281  0.0359381
 1  0.1151962  0.1732460  0.1752864  0.1064056  0.0906618  0.1335729  0.1087576  0.0865891  0.0727282  0.0968028  0.1066822  0.1072178  0.1156816  0.1252043  0.1549772  0.1369098  0.1518231  0.1539329  0.1442539  0.2018214  0.1889447  0.2599825  0.3271826  0.1223712  0.0806519  0.1665285  0.1937201
 2  0.0220659  0.0320440  0.0320412  0.0180174  0.0154834  0.0214038  0.0184105  0.0144158  0.0128110  0.0190067  0.0217580  0.0223618  0.0247687  0.0279858  0.0343942  0.0295492  0.0299131  0.0275701  0.0254336  0.0338819  0.0332829  0.0502008  0.0560642  0.0169098  0.0126746  0.0304308  0.0389595
 3  0.1065712  0.1499302  0.1463678  0.1467265  0.1577628  0.1466798  0.1610700  0.1526195  0.1594149  0.1563574  0.1294443  0.1298256  0.1452057  0.1492557  0.1388733  0.1301515  0.1363617  0.1448122  0.1523916  0.1560009  0.1427559  0.1494769  0.1544835  0.1589495  0.1741381  0.1540036  0.1448003
 4  0.0411010  0.0397850  0.0413427  0.0406446  0.0415029  0.0412584  0.0442386  0.0419834  0.0374662  0.0348047  0.0347300  0.0316879  0.0330328  0.0350414  0.0325178  0.0315898  0.0374221  0.0403906  0.0388708  0.0423131  0.0333050  0.0367228  0.0517283  0.0500066  0.0375832  0.0286161  0.0331915
 1  0.1096066  0.0805220  0.0753013  0.1218159  0.1236018  0.1003214  0.1067942  0.1766675  0.2140851  0.1415181  0.1536233  0.1084915  0.0981794  0.1293024  0.1176791  0.0954359  0.0922608  0.0909844  0.0927215  0.1301946  0.1453949  0.0746208  0.0659993  0.0649908  0.0535103  0.0861829  0.0943078
 2  0.0207519  0.0149699  0.0142869  0.0232259  0.0233658  0.0194743  0.0221537  0.0379542  0.0445873  0.0287216  0.0284958  0.0197424  0.0155513  0.0214225  0.0207179  0.0174665  0.0177436  0.0179973  0.0189933  0.0272388  0.0308553  0.0143606  0.0114033  0.0107927  0.0096224  0.0174811  0.0180089
 3  0.1016157  0.1400399  0.1614366  0.1366560  0.1502387  0.1408371  0.1411069  0.1281348  0.1482615  0.1340654  0.1247433  0.1432773  0.1591555  0.1646967  0.1483286  0.1470972  0.1353023  0.1409733  0.1327017  0.1285932  0.1412275  0.1447663  0.1518505  0.1518144  0.1475735  0.1536552  0.1394967
 4  0.0386192  0.0365056  0.0404431  0.0355382  0.0355344  0.0310414  0.0269512  0.0319035  0.0364852  0.0352401  0.0362468  0.0418425  0.0441953  0.0394346  0.0349817  0.0361880  0.0338709  0.0312839  0.0324092  0.0289025  0.0341298  0.0443382  0.0476597  0.0390194  0.0320429  0.0397856  0.0413820
 1  0.1210734  0.1282497  0.1217301  0.3311433  0.3213581  0.1781633  0.1763725  0.3333599  0.4654828  0.2107731  0.1488321  0.0858320  0.0817733  0.1128019  0.1058964  0.0826923  0.0681733  0.1031722  0.1066436  0.0768116  0.0786194  0.1015291  0.1095259  0.0787922  0.0724067  0.1060987  0.1141371
 2  0.0226531  0.0234111  0.0224787  0.0555851  0.0495841  0.0289097  0.0315694  0.0639797  0.0920509  0.0307805  0.0227640  0.0145785  0.0142676  0.0205534  0.0184290  0.0138241  0.0119787  0.0196130  0.0208129  0.0155352  0.0157292  0.0210120  0.0212958  0.0144779  0.0138366  0.0212008  0.0240755
 3  0.1124218  0.1301729  0.1439594  0.1444223  0.1605347  0.1632850  0.1620099  0.1378961  0.1498255  0.1456606  0.1488360  0.1756995  0.1529375  0.1453845  0.1487921  0.1416034  0.1470416  0.1476374  0.1394334  0.1398363  0.1411609  0.1413512  0.1421441  0.1508003  0.1519681  0.1363230  0.1407349
 4  0.0418976  0.0365051  0.0401295  0.0444085  0.0418233  0.0354663  0.0336962  0.0282550  0.0387546  0.0432896  0.0348330  0.0397548  0.0383930  0.0370065  0.0432085  0.0411597  0.0360043  0.0345412  0.0345343  0.0363041  0.0368100  0.0349339  0.0411085  0.0394192  0.0354050  0.0321824  0.0309819
 1  0.1167139  0.1061698  0.1025062  0.1724685  0.1938883  0.1316664  0.1279238  0.1453117  0.1815446  0.0619866  0.0496164  0.0528585  0.0488991  0.0945294  0.0986768  0.1833902  0.1865156  0.3692963  0.5830624  0.2324878  0.1138319  0.2588186  0.2217682  0.2283115  0.2721793  0.2141775  0.2354225
 2  0.0225821  0.0199549  0.0192120  0.0332319  0.0362636  0.0236677  0.0237859  0.0292038  0.0397767  0.0115992  0.0085603  0.0094108  0.0094805  0.0198184  0.0180346  0.0332212  0.0354879  0.0757039  0.1069254  0.0266050  0.0144907  0.0372429  0.0352043  0.0410956  0.0508518  0.0396392  0.0430908
 3  0.1078768  0.1502576  0.1417271  0.1601564  0.1460212  0.1431228  0.1574086  0.1661960  0.1274937  0.1222577  0.1353259  0.1458625  0.1388806  0.1359812  0.1334363  0.1423560  0.1529465  0.1413109  0.1347293  0.1761701  0.1598521  0.1671763  0.1687728  0.1532760  0.1594512  0.1449537  0.1422414
 4  0.0428988  0.0403584  0.0340554  0.0346000  0.0381611  0.0379533  0.0328810  0.0417066  0.0325760  0.0459596  0.0359175  0.0329104  0.0255693  0.0383671  0.0448368  0.0326059  0.0315315  0.0289163  0.0450270  0.0523187  0.0436016  0.0450466  0.0375732  0.0321742  0.0383735  0.0364410  0.0352408
 1  0.1187765  0.0970546  0.0904775  0.0825741  0.0411496  0.0575898  0.0610043  0.1192970  0.1508435  0.0896326  0.1126717  0.0942212  0.0954436  0.0982111  0.1024012  0.1461592  0.1035980  0.1765606  0.1917508  0.2463906  0.2569974  0.1412022  0.1672801  0.1389172  0.1360052  0.1285613  0.1286355
 2  0.0226444  0.0179704  0.0169362  0.0101567  0.0060713  0.0102757  0.0128770  0.0286245  0.0382768  0.0231434  0.0261492  0.0195076  0.0189706  0.0193675  0.0209441  0.0233905  0.0163833  0.0313469  0.0330173  0.0423199  0.0477717  0.0285722  0.0320193  0.0256208  0.0246151  0.0235090  0.0236357
 3  0.1100329  0.1307832  0.1518107  0.1484813  0.1738758  0.1645553  0.1431643  0.1367963  0.1322269  0.1261368  0.1220311  0.1334892  0.1447091  0.1468008  0.1408428  0.1355061  0.1687984  0.1741788  0.1517245  0.1479063  0.1529332  0.1506732  0.1296592  0.1507341  0.1431749  0.1465833  0.1354092
 4  0.0423910  0.0350976  0.0680497  0.0576160  0.0420449  0.0314978  0.0266186  0.0309932  0.0310982  0.0320670  0.0342505  0.0381092  0.0339786  0.0332806  0.0487640  0.0538299  0.0437468  0.0400879  0.0422297  0.0380516  0.0312226  0.0351502  0.0384652  0.0363336  0.0374205  0.0378599  0.0344079
 1  0.1318712  0.1125967  0.1047843  0.0839671  0.0877035  0.0715028  0.0730403  0.1505620  0.1531706  0.0389347  0.0398332  0.0908102  0.1031795  0.1187540  0.1112862  0.0982101  0.0902335  0.1067886  0.0863556  0.1516813  0.1587010  0.1566033  0.1714646  0.0768174  0.0714967  0.0538187  0.0559826
 2  0.0249026  0.0203175  0.0190054  0.0160445  0.0172422  0.0140941  0.0148794  0.0293699  0.0287980  0.0075934  0.0083264  0.0201316  0.0233961  0.0242077  0.0198146  0.0175183  0.0156304  0.0175205  0.0146350  0.0277081  0.0303583  0.0305848  0.0347408  0.0147055  0.0137837  0.0108968  0.0114194
 3  0.1222950  0.1478194  0.1433233  0.1506689  0.1419897  0.1579288  0.1285649  0.1406958  0.1482390  0.1569273  0.1381302  0.1306418  0.1484166  0.1176008  0.1269467  0.1455362  0.1470545  0.1506095  0.1444542  0.1479502  0.1476777  0.1462212  0.1293547  0.1323229  0.1424998  0.1518272  0.1287602
 4  0.0459998  0.0395874  0.0346446  0.0341435  0.0327995  0.0323094  0.0312712  0.0361815  0.0331047  0.0310708  0.0272125  0.0272255  0.0310423  0.0384555  0.0375857  0.0373357  0.0443711  0.0455109  0.0379392  0.0348113  0.0340445  0.0338681  0.0317213  0.0373160  0.0347084  0.0317459  0.0400957
 1  0.1335702  0.1084556  0.1025515  0.2418941  0.2827659  0.4822781  0.6687919  0.5776430  0.4657416  0.1996054  0.1781607  0.5008342  0.3975794  0.2631935  0.2762082  0.4240621  0.5208455  0.0918180  0.0759827  0.0583097  0.0548824  0.0348353  0.0243991  0.1254280  0.1252604  0.1668508  0.1503000
 2  0.0258944  0.0200258  0.0187534  0.0462565  0.0485921  0.0818451  0.1125642  0.0761653  0.0571860  0.0291445  0.0293135  0.0695048  0.0538327  0.0406032  0.0475077  0.0723084  0.0854098  0.0141909  0.0127007  0.0105080  0.0101189  0.0057046  0.0037688  0.0217232  0.0242149  0.0301063  0.0272292
 3  0.1234566  0.1558184  0.1361318  0.1414451  0.1427881  0.1552314  0.1581313  0.1480221  0.1672022  0.1571889  0.1530197  0.1626702  0.1713227  0.1845470  0.1529637  0.1522740  0.1527068  0.1599816  0.1547628  0.1486462  0.1406358  0.1442521  0.1705031  0.1526433  0.1458153  0.1262895  0.1628128
 4  0.0490362  0.0383932  0.0334183  0.0334008  0.0390650  0.0337499  0.0369596  0.0478356  0.0423548  0.0319099  0.0448244  0.0492183  0.0420335  0.0365652  0.0343599  0.0376646  0.0346406  0.0332873  0.0344217  0.0350382  0.0421372  0.0477919  0.0428802  0.0321889  0.0377571  0.0386006  0.0380100
 1  0.1265370  0.1239682  0.1196090  0.1058171  0.1054425  0.0974026  0.1050030  0.0716772  0.0592317  0.1023017  0.0982323  0.1284724  0.1240539  0.1576225  0.1952987  0.1314432  0.1293705  0.1103619  0.0868006  0.1768753  0.2157381  0.2000227  0.2604404  0.1060434  0.1169758  0.0673651  0.0541512
 2  0.0242237  0.0228057  0.0219254  0.0194670  0.0203760  0.0202574  0.0184153  0.0119428  0.0103799  0.0189047  0.0170849  0.0226945  0.0237551  0.0329314  0.0417956  0.0259710  0.0248462  0.0180679  0.0146296  0.0337684  0.0444407  0.0435382  0.0575851  0.0223111  0.0216501  0.0113436  0.0090669
 3  0.1171311  0.1567429  0.1463014  0.1485153  0.1433180  0.1396007  0.1430694  0.1497233  0.1605012  0.1445943  0.1406811  0.1626482  0.1592127  0.1446577  0.1299387  0.1298964  0.1496689  0.1520255  0.1573387  0.1587790  0.1428777  0.1304868  0.1326242  0.1841662  0.1370305  0.1518613  0.1481260
 4  0.0452793  0.0411980  0.0377978  0.0343831  0.0309378  0.0380162  0.0471757  0.0382223  0.0375041  0.0410559  0.0417859  0.0402022  0.0345077  0.0309192  0.0348869  0.0340906  0.0443579  0.0466633  0.0377683  0.0317740  0.0269562  0.0252754  0.0285567  0.0353119  0.0372796  0.0393633  0.0341521
 1  0.1098719  0.1025408  0.0998583  0.1218899  0.1309157  0.1494832  0.1794931  0.2013328  0.1888109  0.0523247  0.0388852  0.1139701  0.1329248  0.1415951  0.1602258  0.1625833  0.1812635  0.1366965  0.1292806  0.1021216  0.0976643  0.1617911  0.1616461  0.1179997  0.1305459  0.0429124  0.0169448
 2  0.0217666  0.0197427  0.0191482  0.0238250  0.0263813  0.0311097  0.0387708  0.0417007  0.0235009  0.0074354  0.0065608  0.0225128  0.0287012  0.0311309  0.0357008  0.0341328  0.0353998  0.0248773  0.0228757  0.0183414  0.0186099  0.0304680  0.0306550  0.0232710  0.0265463  0.0046419  0.0023885
 3  0.1012948  0.1367171  0.1466495  0.1363362  0.1302040  0.1469139  0.1398576  0.1282179  0.1451194  0.1800523  0.1756075  0.1486466  0.1359109  0.1245733  0.1329941  0.1261662  0.1333151  0.1494916  0.1374649  0.1437132  0.1392237  0.1323945  0.1553889  0.1558305  0.1473386  0.1358950  0.1661192
 4  0.0418956  0.0377783  0.0360641  0.0331695  0.0295740  0.0282059  0.0310017  0.0581543  0.0543219  0.0437586  0.0318363  0.0299587  0.0320847  0.0291459  0.0336966  0.0342366  0.0364093  0.0393108  0.0360927  0.0332011  0.0366500  0.0359400  0.0375917  0.0351343  0.0818871  0.0541904  0.0399712
 1  0.1211854  0.0694667  0.0645672  0.0798024  0.0722287  0.1669805  0.1908111  0.1161163  0.1114070  0.1099399  0.1016389  0.0693521  0.0730758  0.0838651  0.0901483  0.0391392  0.0338538  0.0439269  0.0360587  0.0722486  0.0707703  0.0915113  0.0936998  0.1065028  0.1187388  0.0587725  0.0640478
 2  0.0237817  0.0130931  0.0122021  0.0145634  0.0131148  0.0320277  0.0386245  0.0220741  0.0215631  0.0200490  0.0187699  0.0137674  0.0149151  0.0176139  0.0199697  0.0077058  0.0065682  0.0078460  0.0064978  0.0137767  0.0134316  0.0181804  0.0184051  0.0219560  0.0261771  0.0133193  0.0141733
 3  0.1117931  0.1449671  0.1509071  0.1409383  0.1490516  0.1485445  0.1565341  0.1316884  0.1378172  0.1531713  0.1446729  0.1446586  0.1335206  0.1326275  0.1467655  0.1215866  0.1520683  0.1387725  0.1462273  0.1456989  0.1381278  0.1378994  0.1419736  0.1304756  0.1361385  0.1350097  0.1277613
 4  0.0453864  0.0399908  0.0394469  0.0372036  0.0329740  0.0325343  0.0374787  0.0363069  0.0368431  0.0380443  0.0326748  0.0299974  0.0320966  0.0308599  0.0334770  0.0389102  0.0427550  0.0384640  0.0371381  0.0371891  0.0379928  0.0369624  0.0353226  0.0298013  0.0279857  0.0320385  0.0310135
 1  0.1201775  0.0667225  0.0616015  0.1010639  0.1048511  0.1259403  0.1318074  0.0719878  0.0738620  0.1020924  0.1107070  0.0801953  0.0882896  0.0464481  0.0396956  0.0532016  0.0466001  0.0739105  0.0618414  0.1217585  0.1352438  0.0412209  0.0356542  0.0812982  0.0753955  0.1156167  0.1227365
 2  0.0229901  0.0123475  0.0115287  0.0194933  0.0202027  0.0245835  0.0250248  0.0139528  0.0148505  0.0212984  0.0234447  0.0170113  0.0196182  0.0093649  0.0070617  0.0095005  0.0080512  0.0124548  0.0111793  0.0247510  0.0254824  0.0073823  0.0065858  0.0150084  0.0140554  0.0224992  0.0255714
 3  0.1112312  0.1567791  0.1617615  0.1495705  0.1568882  0.1333623  0.1503200  0.1496475  0.1329946  0.1277463  0.1380473  0.1524218  0.1450417  0.0973456  0.1329314  0.1568995  0.1456867  0.1578368  0.1353589  0.1387174  0.1297968  0.1600304  0.1522321  0.1426449  0.1467607  0.1482113  0.1545823
 4  0.0430954  0.0397188  0.0389426  0.0340600  0.0371246  0.0342130  0.0397141  0.0334116  0.0303132  0.0287250  0.0317169  0.0351308  0.0326865  0.0394701  0.0397400  0.0392550  0.0437126  0.0409937  0.0309781  0.0356467  0.0410438  0.0419798  0.0389207  0.0405052  0.0387133  0.0361505  0.0319479
 1  0.1184296  0.1036733  0.0982256  0.0947904  0.0841331  0.1155838  0.1023039  0.0899748  0.0908284  0.0898269  0.0950557  0.1460440  0.1695978  0.1185144  0.1210281  0.1262064  0.1176977  0.1471128  0.1418600  0.1141571  0.1100309  0.0436125  0.0349970  0.1211301  0.1531653  0.1903073  0.2525298
 2  0.0230435  0.0194339  0.0184291  0.0168921  0.0151100  0.0201506  0.0176596  0.0166859  0.0178455  0.0184278  0.0195867  0.0304580  0.0357336  0.0239667  0.0223624  0.0229668  0.0192082  0.0252349  0.0253904  0.0218081  0.0173755  0.0069942  0.0063923  0.0254757  0.0360242  0.0464049  0.0577500
 3  0.1093210  0.1360599  0.1386638  0.1339510  0.1387124  0.1449105  0.1508754  0.1430289  0.1412601  0.1401729  0.1401909  0.1525817  0.1409258  0.1401299  0.1448616  0.1490864  0.1452227  0.1564290  0.1417972  0.1371135  0.1451151  0.1433981  0.1579630  0.1577102  0.1225090  0.1402779  0.1257384
 4  0.0437191  0.0380215  0.0374852  0.0387444  0.0373892  0.0396039  0.0381267  0.0322762  0.0331142  0.0346109  0.0335360  0.0367787  0.0324482  0.0419978  0.0404321  0.0434645  0.0434315  0.0367460  0.0319731  0.0461500  0.0505016  0.0380645  0.0318846  0.0304274  0.0289131  0.0363920  0.0417522
 1  0.1185895  0.0829817  0.0772502  0.1680897  0.1660157  0.1552225  0.1873699  0.1448668  0.1582710  0.0515136  0.0455235  0.0823444  0.0736368  0.1282272  0.1488716  0.1053175  0.1140408  0.1286671  0.1512895  0.0841995  0.0540169  0.0796254  0.0678947  0.0912454  0.0853257  0.0756867  0.0823038
 2  0.0228059  0.0154615  0.0144965  0.0305385  0.0303581  0.0304684  0.0393079  0.0300436  0.0308912  0.0096783  0.0072951  0.0139197  0.0137321  0.0261636  0.0327860  0.0230533  0.0243381  0.0276479  0.0324958  0.0133286  0.0079912  0.0130353  0.0110082  0.0160052  0.0157134  0.0151612  0.0180502
 3  0.1096515  0.1423820  0.1436730  0.1441846  0.1518332  0.1541219  0.1375421  0.1335984  0.1360478  0.1482043  0.1269826  0.1479022  0.1570806  0.1472366  0.1269859  0.1349680  0.1200730  0.1301854  0.1227910  0.1384258  0.1588037  0.1607263  0.1525733  0.1561447  0.1414170  0.1528726  0.1364461
 4  0.0431479  0.0376195  0.0371098  0.0366020  0.0332256  0.0299673  0.0290110  0.0343267  0.0372365  0.0447999  0.0396547  0.0369114  0.0345219  0.0301214  0.0277068  0.0339538  0.0291284  0.0338541  0.0441027  0.0481178  0.0415113  0.0437754  0.0415085  0.0404929  0.0334967  0.0349032  0.0311860
 1  0.1080012  0.1170957  0.1135650  0.0894156  0.0801294  0.1617729  0.1830894  0.1653644  0.2022549  0.0677218  0.0433752  0.0817845  0.0738700  0.1939070  0.2429893  0.2210571  0.2569960  0.0913959  0.0907569  0.1329687  0.1427556  0.3082749  0.3952836  0.1378563  0.1040184  0.1580042  0.1356266
 2  0.0207042  0.0219708  0.0214706  0.0161048  0.0138751  0.0299095  0.0366320  0.0356764  0.0390652  0.0101713  0.0064450  0.0135258  0.0135423  0.0392870  0.0505269  0.0441085  0.0512361  0.0174800  0.0178155  0.0266825  0.0290179  0.0619318  0.0711444  0.0216308  0.0145003  0.0240342  0.0233914
 3  0.0998937  0.1371226  0.1366638  0.1545281  0.1556988  0.1698239  0.1470950  0.1343936  0.1268055  0.1371199  0.1686318  0.1541665  0.1623702  0.1650456  0.1463035  0.1332987  0.1412169  0.1354065  0.1341466  0.1216145  0.1379994  0.1419819  0.1605891  0.1487415  0.1496558  0.1708119  0.1714714
 4  0.0388828  0.0382771  0.0378824  0.0428200  0.0425061  0.0347351  0.0275826  0.0335502  0.0488188  0.0496777  0.0453995  0.0363316  0.0370173  0.0365021  0.0373515  0.0337856  0.0323201  0.0321996  0.0323275  0.0287841  0.0313371  0.0321574  0.0384090  0.0483625  0.0420018  0.0401107  0.0350868
 1  0.1193897  0.1198549  0.1141908  0.1362095  0.1331090  0.1172170  0.1200940  0.1808357  0.2070719  0.1617578  0.1698226  0.0734360  0.0667229  0.0866077  0.0742024  0.1120539  0.1037173  0.1325010  0.1454805  0.1853109  0.2191240  0.1636386  0.1705659  0.0951233  0.0686709  0.0742299  0.0683561
 2  0.0226910  0.0219428  0.0209909  0.0245754  0.0245817  0.0221646  0.0222008  0.0349573  0.0405230  0.0305843  0.0326547  0.0141440  0.0103978  0.0142767  0.0126971  0.0197013  0.0189216  0.0255965  0.0302961  0.0396830  0.0416911  0.0299366  0.0320579  0.0149122  0.0111265  0.0129570  0.0123577
 3  0.1105887  0.1502624  0.1449940  0.1475689  0.1467102  0.1493077  0.1452037  0.1434503  0.1542623  0.1485508  0.1352623  0.1479026  0.1510394  0.1528457  0.1524995  0.1484396  0.1525627  0.1584334  0.1494175  0.1358568  0.1376419  0.1496424  0.1623995  0.1567584  0.1607958  0.1534256  0.1529389
 4  0.0420011  0.0388451  0.0377036  0.0377687  0.0334441  0.0370164  0.0380082  0.0316948  0.0363241  0.0359870  0.0340788  0.0461690  0.0453146  0.0395373  0.0389512  0.0400124  0.0381771  0.0350543  0.0316088  0.0344647  0.0390537  0.0372492  0.0429371  0.0471395  0.0406584  0.0396490  0.0407114
 1  0.1197052  0.1081726  0.1004367  0.0608815  0.0598596  0.0871396  0.0983636  0.1013678  0.1013428  0.0474250  0.0442859  0.0554687  0.0519356  0.0600062  0.0674348  0.0661345  0.0370108  0.0582050  0.0584219  0.0877784  0.0937894  0.0677563  0.0776875  0.1321531  0.1249913  0.1197489  0.1374141
 2  0.0222257  0.0195370  0.0185169  0.0114679  0.0118860  0.0183444  0.0220196  0.0214859  0.0194628  0.0090736  0.0079568  0.0101937  0.0103069  0.0131703  0.0159937  0.0098610  0.0056473  0.0103391  0.0115539  0.0185392  0.0209606  0.0158120  0.0178701  0.0262747  0.0236081  0.0239216  0.0291551
 3  0.1112479  0.1343524  0.1564163  0.1437599  0.1444157  0.1334374  0.1349274  0.1197220  0.1488434  0.1302292  0.1346731  0.1486973  0.1451636  0.1210938  0.1519183  0.1247379  0.1680563  0.1531034  0.1352264  0.1348610  0.1328244  0.1277534  0.1231958  0.1378054  0.1365163  0.1469149  0.1389723
 4  0.0405983  0.0378838  0.0380340  0.0337696  0.0314214  0.0272386  0.0303528  0.0359219  0.0366849  0.0368492  0.0400106  0.0348438  0.0298159  0.0257142  0.0640065  0.0529756  0.0425310  0.0315732  0.0329970  0.0338458  0.0308650  0.0303357  0.0359132  0.0405189  0.0337201  0.0284891  0.0286722
 1  0.1281526  0.3612613  0.4177248  0.2534416  0.1587817  0.2405364  0.2401759  0.2111992  0.2116316  0.1598702  0.1825055  0.1782451  0.1865297  0.1625225  0.1492345  0.0926435  0.0873190  0.1032904  0.0922412  0.2483837  0.2895260  0.1883381  0.2083988  0.1703789  0.1791495  0.1070886  0.1203244
 2  0.0238308  0.0643915  0.0703645  0.0327894  0.0222310  0.0384919  0.0378127  0.0345750  0.0388149  0.0314867  0.0349686  0.0331879  0.0344778  0.0278259  0.0266301  0.0175746  0.0137011  0.0171787  0.0163837  0.0463884  0.0531911  0.0347864  0.0416781  0.0329546  0.0344201  0.0214527  0.0255475
 3  0.1190841  0.1399312  0.1533973  0.1555809  0.1740195  0.1579583  0.1648696  0.1633800  0.1787437  0.1388262  0.1423112  0.1490815  0.1454580  0.1508522  0.1502677  0.1391928  0.1517884  0.1579658  0.1526937  0.1536923  0.1430799  0.1421556  0.1456021  0.1341424  0.1475522  0.1424374  0.1474552
 4  0.0432240  0.0351163  0.0490364  0.0503477  0.0439901  0.0430194  0.0438053  0.0375470  0.0354301  0.0312962  0.0385495  0.0382410  0.0383244  0.0382740  0.0340677  0.0452266  0.0490552  0.0394867  0.0367567  0.0397300  0.0368664  0.0303115  0.0337254  0.0339049  0.0327140  0.0251303  0.0306720
 1  0.1228780  0.0516303  0.0456791  0.0679482  0.0661488  0.0847628  0.0739303  0.1214698  0.1400094  0.1713002  0.2005772  0.3333270  0.4672174  0.2636382  0.2504780  0.1225275  0.0916713  0.0780328  0.0612882  0.0529155  0.0534432  0.1051046  0.1113026  0.1227335  0.1240378  0.0966418  0.0814424
 2  0.0231605  0.0093746  0.0085145  0.0133910  0.0108538  0.0140481  0.0136026  0.0245725  0.0295336  0.0364439  0.0425472  0.0693479  0.0810285  0.0407378  0.0420645  0.0186555  0.0151060  0.0125910  0.0104897  0.0099572  0.0112580  0.0227107  0.0225610  0.0250285  0.0195077  0.0153402  0.0146303
 3  0.1139457  0.1361658  0.1337226  0.1495452  0.1564569  0.1524654  0.1533785  0.1491851  0.1508827  0.1322360  0.1302221  0.1409536  0.1386230  0.1690126  0.1604363  0.1378190  0.1566325  0.1393320  0.1418915  0.1540530  0.1356112  0.1349592  0.1250080  0.1483142  0.1418377  0.1640110  0.1600153
 4  0.0426510  0.0382249  0.0335955  0.0470577  0.0490746  0.0405858  0.0329540  0.0327778  0.0368461  0.0333896  0.0291411  0.0359426  0.0382895  0.0385803  0.0394052  0.0383710  0.0411275  0.0368320  0.0360383  0.0313067  0.0330015  0.0392797  0.0329648  0.0501998  0.0519782  0.0412716  0.0327700
 1  0.1200581  0.0272546  0.0241613  0.0771423  0.0674501  0.0647152  0.0627013  0.0789678  0.0916003  0.0568945  0.0610028  0.0405867  0.0433499  0.0553075  0.0516852  0.0404445  0.0316214  0.1340305  0.1320640  0.1409208  0.1595557  0.1262370  0.1454497  0.1596411  0.1777520  0.2036072  0.1990859
 2  0.0230951  0.0050609  0.0045753  0.0141599  0.0113718  0.0115983  0.0124257  0.0173657  0.0205341  0.0126677  0.0135357  0.0089370  0.0098749  0.0119736  0.0092029  0.0066886  0.0055728  0.0243637  0.0247996  0.0278203  0.0332607  0.0269639  0.0306933  0.0325967  0.0355179  0.0376424  0.0329807
 3  0.1110341  0.1444655  0.1562510  0.1340475  0.1526207  0.1543294  0.1592944  0.1382428  0.1366700  0.1380705  0.1320995  0.1264235  0.1250728  0.1287112  0.1406687  0.1417949  0.1472262  0.1545074  0.1506162  0.1635463  0.1399903  0.1436624  0.1334931  0.1411144  0.1415702  0.1359175  0.1623118
 4  0.0435161  0.0381045  0.0396002  0.0441164  0.0438087  0.0334868  0.0292194  0.0304774  0.0373770  0.0333067  0.0310405  0.0290499  0.0293732  0.0439279  0.0504230  0.0371485  0.0364066  0.0411102  0.0376604  0.0371923  0.0331487  0.0331338  0.0332266  0.0352337  0.0350784  0.0397925  0.0402199
 1  0.1130965  0.0875332  0.0830085  0.0777724  0.0789409  0.0946250  0.0945577  0.1443682  0.1412860  0.1409968  0.1593399  0.2229032  0.2624871  0.0784956  0.0627350  0.1654710  0.1861370  0.2277472  0.2358922  0.2766823  0.3255012  0.1662213  0.1497708  0.1501470  0.1620180  0.1148120  0.1065228
 2  0.0219065  0.0163576  0.0155795  0.0151162  0.0148765  0.0180939  0.0178023  0.0264510  0.0262762  0.0275670  0.0330977  0.0480759  0.0415051  0.0119785  0.0110519  0.0322062  0.0340143  0.0409153  0.0420742  0.0494003  0.0604425  0.0280017  0.0262405  0.0281721  0.0304341  0.0210051  0.0183216
 3  0.1045130  0.1567837  0.1448253  0.1451059  0.1435465  0.1432790  0.1374120  0.1423014  0.1430688  0.1540641  0.1437578  0.1320994  0.1356071  0.1650215  0.1506814  0.1508435  0.1311937  0.1423494  0.1595641  0.1568702  0.1570978  0.1562997  0.1612667  0.1321489  0.1471136  0.1466564  0.1523662
 4  0.0411056  0.0399208  0.0351676  0.0364884  0.0375706  0.0348964  0.0354227  0.0403297  0.0347838  0.0311393  0.0305142  0.0438496  0.0445847  0.0379632  0.0292072  0.0391125  0.0409761  0.0377936  0.0381655  0.0361346  0.0364816  0.0383685  0.0324743  0.0319186  0.0352462  0.0394286  0.0397304
 1  0.1195876  0.1721847  0.1725158  0.1043575  0.0922938  0.1322138  0.1388244  0.2115060  0.2740863  0.2232090  0.1446446  0.0732807  0.0649832  0.1901034  0.2392360  0.1700129  0.1798305  0.1332705  0.1414856  0.0835999  0.0867319  0.0956389  0.0888200  0.0879909  0.0832205  0.0693668  0.0781788
 2  0.0230067  0.0318218  0.0314010  0.0181540  0.0157140  0.0239565  0.0271875  0.0444826  0.0576181  0.0329003  0.0203184  0.0116699  0.0119107  0.0397384  0.0487056  0.0324679  0.0349189  0.0257751  0.0276620  0.0167557  0.0162739  0.0171552  0.0168133  0.0163475  0.0162087  0.0146079  0.0180607
 3  0.1106675  0.1441799  0.1375417  0.1457722  0.1633083  0.1526302  0.1478006  0.1370791  0.1379249  0.1379367  0.1641750  0.1638786  0.1404332  0.1388033  0.1335148  0.1471970  0.1603645  0.1412464  0.1370390  0.1639840  0.1298690  0.1617864  0.1527720  0.1514372  0.1418315  0.1445360  0.1615499
 4  0.0429499  0.0387916  0.0391998  0.0397184  0.0407818  0.0325406  0.0306129  0.0283316  0.0475230  0.0542883  0.0440080  0.0358906  0.0297538  0.0345466  0.0376152  0.0366657  0.0352735  0.0342866  0.0329883  0.0387661  0.0378584  0.0389977  0.0336648  0.0372405  0.0301594  0.0362530  0.0484866
 1  0.1199145  0.1460050  0.1426140  0.1081519  0.0911701  0.1122378  0.1198924  0.1136208  0.1330842  0.1384502  0.1151178  0.1770028  0.1716961  0.1546876  0.1573956  0.2627808  0.3667023  0.0859411  0.0578843  0.1078856  0.1052320  0.2078771  0.2549992  0.2478106  0.2402562  0.2141867  0.2366729
 2  0.0228188  0.0268752  0.0262351  0.0184513  0.0156094  0.0208030  0.0243265  0.0246122  0.0301545  0.0254926  0.0196466  0.0306507  0.0274877  0.0264805  0.0302263  0.0563469  0.0667269  0.0125524  0.0087207  0.0182258  0.0201275  0.0427280  0.0532942  0.0446843  0.0413652  0.0383481  0.0414114
 3  0.1110863  0.1385375  0.1478106  0.1295164  0.1518342  0.1508043  0.1330176  0.1363843  0.1285474  0.1282406  0.1370248  0.1758300  0.1586186  0.1650583  0.1540143  0.1388691  0.1328557  0.1550350  0.1691508  0.1628552  0.1529719  0.1437410  0.1363078  0.1336246  0.1438313  0.1547533  0.1484612
 4  0.0424321  0.0396003  0.0416882  0.0392980  0.0369694  0.0309402  0.0272417  0.0288925  0.0416435  0.0457683  0.0362226  0.0453810  0.0452397  0.0361116  0.0284287  0.0351802  0.0470028  0.0458560  0.0431086  0.0371873  0.0324750  0.0323082  0.0364655  0.0387312  0.0365673  0.0354658  0.0471527
 1  0.1138583  0.0925074  0.0863822  0.1125306  0.1195618  0.1608201  0.1353140  0.2006926  0.2343330  0.2223659  0.2298695  0.2077859  0.2296993  0.1057649  0.0899085  0.0879010  0.0764377  0.0653350  0.0635337  0.0793491  0.0820842  0.1023943  0.0944859  0.0911583  0.0914690  0.1508132  0.1924719
 2  0.0220431  0.0172610  0.0163118  0.0220419  0.0228222  0.0268493  0.0231487  0.0372013  0.0439237  0.0396191  0.0413514  0.0382249  0.0414368  0.0180821  0.0146055  0.0146828  0.0133880  0.0121073  0.0127744  0.0167231  0.0159163  0.0187460  0.0180908  0.0176062  0.0187225  0.0338068  0.0411639
 3  0.1052201  0.1280384  0.1418760  0.1452143  0.1421157  0.1460259  0.1467607  0.1615714  0.1638716  0.1594046  0.1522644  0.1464935  0.1446615  0.1487306  0.1561133  0.1548632  0.1610460  0.1505161  0.1402490  0.1386596  0.1378391  0.1328831  0.1393752  0.1390431  0.1480392  0.1487774  0.1360691
 4  0.0411772  0.0387226  0.0374936  0.0338757  0.0427621  0.0432744  0.0330150  0.0355007  0.0418865  0.0399738  0.0348321  0.0334300  0.0360975  0.0447601  0.0435855  0.0407241  0.0370858  0.0357853  0.0303619  0.0388328  0.0426891  0.0370055  0.0368661  0.0366922  0.0329941  0.0338802  0.0399841
 1  0.1224621  0.1357294  0.1311809  0.1864278  0.2082799  0.1155706  0.0900720  0.2016141  0.2304242  0.1604655  0.1695240  0.0817196  0.0682296  0.0687655  0.0670943  0.1439927  0.1798314  0.1192746  0.1458872  0.0754709  0.0450329  0.0595594  0.0545515  0.0571965  0.0548071  0.1188365  0.1453644
 2  0.0237819  0.0251338  0.0240940  0.0348285  0.0399965  0.0191271  0.0146844  0.0362717  0.0418084  0.0299090  0.0323155  0.0144816  0.0114572  0.0124368  0.0133701  0.0316602  0.0420790  0.0276217  0.0327859  0.0111895  0.0067951  0.0101886  0.0095594  0.0106720  0.0112587  0.0267166  0.0346591
 3  0.1132034  0.1416466  0.1496102  0.1519840  0.1398447  0.1323092  0.1757865  0.1708816  0.1293647  0.1360983  0.1391501  0.1327024  0.1587997  0.1460251  0.1581461  0.1308024  0.1295068  0.1701227  0.1278144  0.1502615  0.1578972  0.1625609  0.1391549  0.1465352  0.1430740  0.1312544  0.1291424
 4  0.0444552  0.0394966  0.0344197  0.0351371  0.0372982  0.0418531  0.0405556  0.0346183  0.0302838  0.0321493  0.0362829  0.0415498  0.0418191  0.0325490  0.0293681  0.0269876  0.0295655  0.0361138  0.0454506  0.0489503  0.0423616  0.0370242  0.0393371  0.0354726  0.0287458  0.0288942  0.0390592
 1  0.1189860  0.1997493  0.2042317  0.1995436  0.1978324  0.1703345  0.1819276  0.1400700  0.1411065  0.1136318  0.1000077  0.1034785  0.1072443  0.0686134  0.0555030  0.0762945  0.0629567  0.0731697  0.0717175  0.1278838  0.1358224  0.1478079  0.1782518  0.1314931  0.1519107  0.1655943  0.1768453
 2  0.0231473  0.0372314  0.0371945  0.0349549  0.0338057  0.0308509  0.0333899  0.0255968  0.0264125  0.0199138  0.0181498  0.0204557  0.0183397  0.0112743  0.0095927  0.0129387  0.0107744  0.0135333  0.0142191  0.0256965  0.0276533  0.0313628  0.0380167  0.0280274  0.0320930  0.0328645  0.0346674
 3  0.1099257  0.1318663  0.1462309  0.1486175  0.1558757  0.1299240  0.1431866  0.1560430  0.1620212  0.1338444  0.1443910  0.1445117  0.1398694  0.1577180  0.1536541  0.1464505  0.1499251  0.1477715  0.1392467  0.1462194  0.1476001  0.1457916  0.1317143  0.1413286  0.1367453  0.1358186  0.1588215
 4  0.0434759  0.0353136  0.0411648  0.0377591  0.0357049  0.0292162  0.0364425  0.0346208  0.0414141  0.0376487  0.0304697  0.0394729  0.0477743  0.0437893  0.0427906  0.0446535  0.0400406  0.0365622  0.0348553  0.0392129  0.0374051  0.0329064  0.0308061  0.0317364  0.0337278  0.0361973  0.0325151
 1  0.1306233  0.1962889  0.1960138  0.1631691  0.1512929  0.1204066  0.1423771  0.1531903  0.1644518  0.1008277  0.0989245  0.0934421  0.0890759  0.2466967  0.2550324  0.2972020  0.4069998  0.1224203  0.0978647  0.1510841  0.1457324  0.0900102  0.0900938  0.1446437  0.0902676  0.0866749  0.0694252
 2  0.0247698  0.0355968  0.0349256  0.0274014  0.0266512  0.0236884  0.0304932  0.0318064  0.0318159  0.0190699  0.0171928  0.0170098  0.0165173  0.0444886  0.0469511  0.0586688  0.0713918  0.0189557  0.0161397  0.0260162  0.0261176  0.0169816  0.0176220  0.0222992  0.0118794  0.0132082  0.0110578
 3  0.1210438  0.1403735  0.1604888  0.1599883  0.1409596  0.1449411  0.1309634  0.1403136  0.1240194  0.1534579  0.1350681  0.1322912  0.1298762  0.1362483  0.1441963  0.1500222  0.1304212  0.1493223  0.1380709  0.1569500  0.1508347  0.1450715  0.1516081  0.1291006  0.1663277  0.1674627  0.1552738
 4  0.0459343  0.0388656  0.0462352  0.0411225  0.0288916  0.0240513  0.0314352  0.0370297  0.0378316  0.0426142  0.0336607  0.0300416  0.0347694  0.0336661  0.0298732  0.0331509  0.0412798  0.0364038  0.0337564  0.0363874  0.0343379  0.0334507  0.0451950  0.0537457  0.0526038  0.0428491  0.0414532
 1  0.1290452  0.1914845  0.1907885  0.1797356  0.1866925  0.1514803  0.1430699  0.0891503  0.0607660  0.0551940  0.0535330  0.1212360  0.1486640  0.0548305  0.0657157  0.1240544  0.1266756  0.1669283  0.2032680  0.1721306  0.1724161  0.1637777  0.1537093  0.0844768  0.0641289  0.0427856  0.0352200
 2  0.0246009  0.0347630  0.0340361  0.0331527  0.0295370  0.0247831  0.0265515  0.0136607  0.0096825  0.0098838  0.0105448  0.0264737  0.0359865  0.0142898  0.0154200  0.0255465  0.0254430  0.0347056  0.0407877  0.0322109  0.0323305  0.0296375  0.0244413  0.0135048  0.0090680  0.0067217  0.0063275
 3  0.1195265  0.1396361  0.1471001  0.1455995  0.1408102  0.1497800  0.1589842  0.1491904  0.1624413  0.1477846  0.1440429  0.1413966  0.1369597  0.1197221  0.1200929  0.1307058  0.1375315  0.1474510  0.1287649  0.1408055  0.1468973  0.1463649  0.1559471  0.1691068  0.1440495  0.1762647  0.1641177
 4  0.0455732  0.0411638  0.0372273  0.0393374  0.0423881  0.0349899  0.0450364  0.0500611  0.0413295  0.0338949  0.0316037  0.0292782  0.0258135  0.0302740  0.0394428  0.0348646  0.0301944  0.0326951  0.0355232  0.0329846  0.0299537  0.0413316  0.0406499  0.0517480  0.0445413  0.0413523  0.0345408
 1  0.1242210  0.1333196  0.1260959  0.0826060  0.0813533  0.1026134  0.1146301  0.1346211  0.1628060  0.1071252  0.1114356  0.0686702  0.0600627  0.0492176  0.0377411  0.1507631  0.1452710  0.1272782  0.1441202  0.1106829  0.1174978  0.0629038  0.0528853  0.0681955  0.0682037  0.1244483  0.1257759
 2  0.0237190  0.0243589  0.0230730  0.0153768  0.0158615  0.0210378  0.0243374  0.0297151  0.0353677  0.0212868  0.0215364  0.0128999  0.0092166  0.0076279  0.0066499  0.0269747  0.0268318  0.0255600  0.0299075  0.0231031  0.0235807  0.0113213  0.0091060  0.0127129  0.0134669  0.0243286  0.0253684
 3  0.1150374  0.1329896  0.1487063  0.1347316  0.1376578  0.1424070  0.1243833  0.1328332  0.1608020  0.1941128  0.2026961  0.1437203  0.1345303  0.1558397  0.1701395  0.1494200  0.1442287  0.1413131  0.1327758  0.1194916  0.1407561  0.1539726  0.1360568  0.1509081  0.1375424  0.1459100  0.1390172
 4  0.0439503  0.0359910  0.0389815  0.0312899  0.0305881  0.0283653  0.0276432  0.0296580  0.0333915  0.0333058  0.0346905  0.0470496  0.0444403  0.0389358  0.0384718  0.0397816  0.0337859  0.0303635  0.0327526  0.0302577  0.0409461  0.0458412  0.0337602  0.0349461  0.0359040  0.0369345  0.0329776
 1  0.1165220  0.1966788  0.2042749  0.3827291  0.4568499  0.1818528  0.1645109  0.1420901  0.1280691  0.1174380  0.1317657  0.0931834  0.0778764  0.1028136  0.1008686  0.1152273  0.1032828  0.1700554  0.1825019  0.2772228  0.3590253  0.2010215  0.1525216  0.1265239  0.1200549  0.0947798  0.0853313
 2  0.0223310  0.0366331  0.0373176  0.0666925  0.0777732  0.0294671  0.0243626  0.0224618  0.0226442  0.0229970  0.0276015  0.0172277  0.0137777  0.0189751  0.0176764  0.0198965  0.0190186  0.0322263  0.0342182  0.0540884  0.0684616  0.0307821  0.0233593  0.0216625  0.0190373  0.0158949  0.0157579
 3  0.1078842  0.1411894  0.1449401  0.1485007  0.1579697  0.1748755  0.1545946  0.1660074  0.1429264  0.1447114  0.1340275  0.1285830  0.1563530  0.1509412  0.1440006  0.1468170  0.1519303  0.1581536  0.1451663  0.1514396  0.1489797  0.1463609  0.1671754  0.1567218  0.1569383  0.1551570  0.1492881
 4  0.0419358  0.0404293  0.0389195  0.0366738  0.0333342  0.0428563  0.0446424  0.0370183  0.0280841  0.0296928  0.0343859  0.0409370  0.0388425  0.0359077  0.0418849  0.0381065  0.0357020  0.0387578  0.0373171  0.0329449  0.0403099  0.0450415  0.0348300  0.0431086  0.0457963  0.0362807  0.0329507
 1  0.1258450  0.1472321  0.1433023  0.1253343  0.1331165  0.1203081  0.1169965  0.1911752  0.2108536  0.0990320  0.0951480  0.0940733  0.0675926  0.0993127  0.0953421  0.1943845  0.2337823  0.1836084  0.1939128  0.2570607  0.2599835  0.1335543  0.1258390  0.1887092  0.2448911  0.2586080  0.2794194
 2  0.0243853  0.0272602  0.0262302  0.0240436  0.0228069  0.0211077  0.0220089  0.0370148  0.0391516  0.0179984  0.0184411  0.0154091  0.0105236  0.0171213  0.0178107  0.0390129  0.0464961  0.0348017  0.0379598  0.0465914  0.0414456  0.0221363  0.0233981  0.0391495  0.0549666  0.0519903  0.0502433
 3  0.1162965  0.1376990  0.1506722  0.1598693  0.1387732  0.1430286  0.1442318  0.1363051  0.1216610  0.1485710  0.1358561  0.1348286  0.1317322  0.1593964  0.1485798  0.1581170  0.1365627  0.1309378  0.1639966  0.1474755  0.1534591  0.1388090  0.1536134  0.1357320  0.1202006  0.1274077  0.1517052
 4  0.0459349  0.0395802  0.0363224  0.0406091  0.0379281  0.0351215  0.0330847  0.0360501  0.0333473  0.0353179  0.0452049  0.0493164  0.0390236  0.0379713  0.0344871  0.0366937  0.0351798  0.0347984  0.0372465  0.0469221  0.0393559  0.0304196  0.0286989  0.0261932  0.0299247  0.0355571  0.0343397
 1  0.1167883  0.1609502  0.1593484  0.1480048  0.1536057  0.1972348  0.1856196  0.1710461  0.1568818  0.1075454  0.0992290  0.0620568  0.0623988  0.1211821  0.1477609  0.1284134  0.1396002  0.1300511  0.0972664  0.0910293  0.0970425  0.1733753  0.1926957  0.2724926  0.2976364  0.1799409  0.1709315
 2  0.0227042  0.0300980  0.0294963  0.0274152  0.0290786  0.0344845  0.0314895  0.0283959  0.0275500  0.0192124  0.0174141  0.0116170  0.0129405  0.0275598  0.0337442  0.0283036  0.0264069  0.0204053  0.0158050  0.0167756  0.0196534  0.0366435  0.0363156  0.0498620  0.0482882  0.0293465  0.0293573
 3  0.1078659  0.1297420  0.1396044  0.1410623  0.1503575  0.1523504  0.1440827  0.1472379  0.1489217  0.1415285  0.1397735  0.1552189  0.1339632  0.1260430  0.1287184  0.1311197  0.1351182  0.1424330  0.1501792  0.1628252  0.1411361  0.1245720  0.1351725  0.1381203  0.1498721  0.1619659  0.1559979
 4  0.0426806  0.0360724  0.0367508  0.0331965  0.0367563  0.0399411  0.0394904  0.0383176  0.0368088  0.0387169  0.0388449  0.0327581  0.0270548  0.0331054  0.0338635  0.0364581  0.0492241  0.0432716  0.0352542  0.0317975  0.0316050  0.0358540  0.0402980  0.0390768  0.0428346  0.0402033  0.0380125
 1  0.1211286  0.1153660  0.1103389  0.0562599  0.0596767  0.1680286  0.1856698  0.1010502  0.0984997  0.0966245  0.0831443  0.0834425  0.0804156  0.1296286  0.1346943  0.2651068  0.3760958  0.1394480  0.0969826  0.0779788  0.0595710  0.0924464  0.1002870  0.1743041  0.1853267  0.1905586  0.2021781
 2  0.0236729  0.0216830  0.0205918  0.0110950  0.0126634  0.0351948  0.0364737  0.0191284  0.0175911  0.0167656  0.0139835  0.0151171  0.0147164  0.0247545  0.0269559  0.0565593  0.0830741  0.0219970  0.0156417  0.0119569  0.0100732  0.0181121  0.0194118  0.0339992  0.0336372  0.0343138  0.0385081
 3  0.1117906  0.1354144  0.1405033  0.1453571  0.1397409  0.1228644  0.1391389  0.1412331  0.1601281  0.1414289  0.1493863  0.1538261  0.1409781  0.1378558  0.1511997  0.1313028  0.1414119  0.1166547  0.1696731  0.1675522  0.1453797  0.1454697  0.1359603  0.1506972  0.1388881  0.1534326  0.1485516
 4  0.0451994  0.0380794  0.0364671  0.0288180  0.0284114  0.0331037  0.0344694  0.0373700  0.0422773  0.0411591  0.0400670  0.0364596  0.0372957  0.0350645  0.0306678  0.0265799  0.0405765  0.0404585  0.0456387  0.0426291  0.0311108  0.0317185  0.0391388  0.0411861  0.0387617  0.0377012  0.0298450
 1  0.1199243  0.0954129  0.0891668  0.0766576  0.0764640  0.1088127  0.1171969  0.0614252  0.0606594  0.1043186  0.1083029  0.1387345  0.1577051  0.0887685  0.0780417  0.1237344  0.1344830  0.0859690  0.0800062  0.0423294  0.0355573  0.0287456  0.0251941  0.0788958  0.0923479  0.1739875  0.2230317
 2  0.0225624  0.0174672  0.0165703  0.0145878  0.0144075  0.0214178  0.0242741  0.0125931  0.0116126  0.0202616  0.0218332  0.0292262  0.0310690  0.0159736  0.0141963  0.0236659  0.0271855  0.0167817  0.0142772  0.0073596  0.0062671  0.0051358  0.0049268  0.0173045  0.0223899  0.0438635  0.0459238
 3  0.1112819  0.1438053  0.1476941  0.1567132  0.1496135  0.1278119  0.1451087  0.1377844  0.1387742  0.1416981  0.1280873  0.1388064  0.1278973  0.1447310  0.1563306  0.1635894  0.1417592  0.1499562  0.1496936  0.1455768  0.1523964  0.1454031  0.1538560  0.1344708  0.1391969  0.1318257  0.1052099
 4  0.0417796  0.0390121  0.0370044  0.0358533  0.0357308  0.0314307  0.0315355  0.0388166  0.0365502  0.0345602  0.0290249  0.0317280  0.0402007  0.0374333  0.0363026  0.0308140  0.0342934  0.0406968  0.0406463  0.0398557  0.0414257  0.0368924  0.0325486  0.0257684  0.0274999  0.0335524  0.0377028
 1  0.1081644  0.0837371  0.0795010  0.1811561  0.2029358  0.2656730  0.2228267  0.2403202  0.2816106  0.2174762  0.1829829  0.0623393  0.0586459  0.1623482  0.1947079  0.1945123  0.2045369  0.1286482  0.1295541  0.1147381  0.1089250  0.1709239  0.1727723  0.1921461  0.2041343  0.2708009  0.2731492
 2  0.0209184  0.0157555  0.0151057  0.0349588  0.0393995  0.0428303  0.0357897  0.0424878  0.0501199  0.0341757  0.0300845  0.0108633  0.0113708  0.0348252  0.0387128  0.0368953  0.0374956  0.0236985  0.0240508  0.0208892  0.0207352  0.0320405  0.0318975  0.0354663  0.0383112  0.0476008  0.0454989
 3  0.1000116  0.1451535  0.1586962  0.1461588  0.1439885  0.1318383  0.1585098  0.1571392  0.1494568  0.1617369  0.1455681  0.1524053  0.1445790  0.1334141  0.1230057  0.1232371  0.1423750  0.1401718  0.1408048  0.1486126  0.1358503  0.1364849  0.1384748  0.1437783  0.1362836  0.1459994  0.1463842
 4  0.0393348  0.0408107  0.0385568  0.0320102  0.0422503  0.0408426  0.0376613  0.0327141  0.0444867  0.0421165  0.0341413  0.0341617  0.0297388  0.0334348  0.0378187  0.0346419  0.0347996  0.0356349  0.0356005  0.0345551  0.0322807  0.0359403  0.0334751  0.0344052  0.0370573  0.0390186  0.0363627
