FL 2019 2020 2021 2022 2023 2024 2025 2026 2027 2028 2029 2030 2031 2032 2033 2034 2035 2036 2037 2038 2039 2040 2041 2042 2043 2044 2045
 1  0.1254765  0.1113135  0.1051012  0.1156285  0.1330313  0.1138499  0.0931049  0.1428880  0.2038325  0.3102489  0.9990000  0.0915592  0.0568052  0.1256307  0.2064750  0.1038945  0.0729602  0.1245535  0.2289539  0.0104067  0.0052091  0.0444542  0.0477181  0.1026607  0.0643527  0.1370656  0.1217907
 2  0.0238751  0.0211859  0.0213996  0.0254937  0.0223177  0.0184996  0.0173035  0.0303082  0.0471042  0.0679182  0.1321412  0.0096510  0.0076709  0.0185381  0.0249327  0.0115940  0.0098433  0.0188392  0.0253551  0.0010564  0.0006391  0.0059648  0.0069288  0.0113827  0.0083386  0.0216841  0.0226866
 3  0.1162273  0.0293922  0.0256729  0.1801918  0.1881666  0.0182422  0.0287497  0.2636131  0.3747403  0.7093219  0.9990000  0.9990000  0.9990000  0.9990000  0.9990000  0.9990000  0.9990000  0.9990000  0.9990000  0.9990000  0.9990000  0.9990000  0.9990000  0.9990000  0.1034735  0.0195875  0.0169604
 4  0.0444602  0.0397117  0.0321096  0.0456135  0.0440110  0.0382666  0.0337853  0.0155994  0.0243727  0.0384648  0.0543380  0.0596576  0.0574162  0.0803437  0.0893990  0.0656130  0.0655467  0.1007803  0.1014260  0.0546765  0.0378619  0.0349141  0.0438790  0.0307582  0.0331846  0.0372932  0.0449574
 1  0.1220670  0.1254239  0.1210743  0.1802913  0.2787546  0.2507236  0.3201932  0.1197833  0.1379703  0.0575504  0.0554660  0.0535582  0.0493858  0.0426439  0.0408153  0.0320083  0.0320318  0.0399061  0.0269958  0.2321019  0.3825687  0.6020964  0.9245618  0.2589762  0.2138499  0.0212385  0.0138185
 2  0.0232303  0.0240070  0.0247268  0.0394366  0.0591889  0.0410971  0.0430970  0.0165006  0.0164418  0.0073945  0.0080614  0.0069350  0.0067687  0.0056654  0.0052509  0.0046250  0.0031384  0.0054803  0.0045674  0.0457427  0.0759920  0.0803176  0.1188225  0.0295784  0.0236829  0.0023961  0.0017497
 3  0.1130934  0.0332407  0.0320570  0.3246903  0.3803120  0.6953811  0.9374887  0.9990000  0.9990000  0.9990000  0.9990000  0.9990000  0.9990000  0.9990000  0.9990000  0.9990000  0.0099122  0.0163686  0.0194523  0.3750862  0.6234613  0.9990000  0.9990000  0.9990000  0.9990000  0.9990000  0.9990000
 4  0.0433681  0.0401572  0.0329042  0.0117753  0.0195272  0.0209152  0.0212671  0.0288900  0.0249872  0.0225334  0.0272771  0.0279990  0.0297677  0.0300583  0.0274988  0.0324615  0.0436938  0.0369080  0.0296294  0.0137785  0.0213157  0.0316218  0.0471008  0.1094377  0.0844847  0.0589114  0.0469676
 1  0.1187765  0.1772624  0.1821808  0.1562023  0.1724925  0.3062109  0.3936180  0.2005984  0.1861190  0.1233295  0.1241553  0.1687792  0.1646365  0.0793055  0.0752741  0.1646903  0.1694491  0.1698500  0.1704708  0.1405782  0.1421945  0.2405389  0.2981366  0.1531825  0.1130950  0.1100299  0.0993970
 2  0.0226444  0.0340864  0.0367741  0.0312746  0.0342185  0.0624797  0.0790118  0.0360855  0.0336634  0.0236337  0.0256322  0.0344958  0.0315434  0.0157276  0.0147141  0.0336689  0.0341557  0.0342862  0.0338129  0.0282562  0.0306806  0.0545321  0.0646118  0.0262411  0.0180640  0.0192588  0.0198922
 3  0.1100329  0.0533591  0.0555116  0.1545292  0.1640208  0.0210248  0.0270321  0.0359844  0.0333431  0.0320636  0.0319194  0.0333598  0.0330711  0.0306217  0.0288454  0.0258277  0.0264564  0.0260809  0.0261110  0.0257995  0.0257843  0.0283911  0.0355173  0.0415441  0.0283492  0.0174391  0.0153370
 4  0.0423910  0.0344476  0.0331032  0.0283877  0.0247129  0.0318973  0.0384247  0.0403430  0.0392610  0.0435898  0.0501138  0.0471498  0.0403361  0.0428695  0.0382951  0.0381772  0.0365545  0.0366478  0.0352287  0.0367570  0.0429076  0.0509863  0.0540434  0.0395501  0.0409527  0.0322067  0.0382878
 1  0.1193897  0.0679200  0.0612834  0.1475194  0.1856549  0.1636158  0.2141955  0.0870596  0.0850855  0.0344375  0.0246248  0.0455206  0.0390424  0.0530696  0.0560920  0.0856209  0.0933874  0.1451574  0.1808118  0.1544397  0.1492872  0.1566810  0.1556831  0.1794364  0.2232249  0.1746655  0.2085193
 2  0.0226910  0.0129094  0.0125960  0.0326441  0.0416982  0.0367428  0.0444630  0.0160442  0.0126774  0.0052755  0.0044286  0.0086056  0.0081093  0.0121715  0.0136514  0.0214455  0.0223681  0.0346361  0.0398953  0.0316580  0.0267409  0.0286302  0.0308803  0.0389073  0.0509438  0.0381921  0.0434982
 3  0.1105887  0.0241931  0.0257873  0.1529900  0.1373237  0.1784199  0.2352089  0.3063172  0.1185271  0.0159801  0.0243159  0.0261375  0.0239775  0.0773200  0.0776834  0.0270078  0.0239500  0.1479756  0.1655386  0.0281034  0.0221310  0.0948841  0.0781845  0.0869054  0.1078636  0.1435575  0.1724684
 4  0.0420011  0.0355040  0.0327341  0.0261530  0.0252027  0.0328110  0.0359675  0.0385907  0.0427649  0.0371273  0.0343918  0.0378186  0.0328926  0.0253340  0.0283248  0.0355445  0.0323168  0.0255285  0.0283889  0.0387597  0.0390518  0.0314155  0.0283685  0.0376423  0.0475638  0.0553456  0.0618109
 1  0.1189860  0.1082440  0.1020801  0.1185718  0.1353713  0.1929444  0.1999190  0.3084824  0.4359642  0.4606318  0.7254745  0.3657379  0.2526350  0.0409484  0.0244542  0.1489460  0.1458258  0.1951992  0.2217936  0.1169867  0.1035269  0.2022715  0.2371249  0.3231870  0.4744400  0.1511439  0.1189591
 2  0.0231473  0.0209637  0.0210593  0.0257794  0.0273740  0.0380078  0.0381701  0.0601924  0.0749198  0.0729653  0.1185019  0.0434511  0.0205463  0.0051569  0.0036878  0.0267311  0.0301824  0.0456244  0.0438787  0.0214557  0.0205850  0.0435614  0.0544726  0.0778664  0.1112178  0.0264280  0.0184555
 3  0.1099257  0.0234148  0.0189069  0.1379446  0.1351546  0.0314975  0.0224972  0.2476264  0.2759828  0.3790207  0.5852079  0.9990000  0.9990000  0.0140936  0.0160979  0.0115157  0.0110437  0.0118135  0.0137218  0.0152532  0.0131022  0.0130516  0.0152738  0.0191803  0.0282424  0.0493550  0.0396558
 4  0.0434759  0.0324585  0.0305651  0.0328790  0.0366549  0.0358412  0.0348934  0.0266063  0.0295510  0.0368253  0.0641436  0.1462015  0.0557931  0.0371442  0.0348898  0.0355630  0.0430764  0.0551921  0.0384056  0.0315504  0.0345759  0.0407118  0.0507007  0.0676226  0.0890729  0.0881475  0.0599796
 1  0.1162521  0.1743033  0.1776928  0.2247156  0.3685672  0.5037735  0.9990000  0.0643773  0.0260264  0.0750082  0.0971330  0.0813908  0.1011881  0.0439362  0.0369438  0.0911285  0.1268236  0.1006411  0.0904626  0.0328327  0.0306948  0.0553692  0.0370881  0.1864120  0.3513690  0.0260009  0.0168909
 2  0.0225599  0.0339334  0.0362667  0.0474178  0.0700261  0.0746178  0.1437211  0.0059478  0.0030123  0.0104837  0.0149409  0.0116442  0.0118153  0.0054824  0.0047972  0.0129005  0.0188584  0.0127727  0.0105530  0.0043436  0.0035655  0.0062503  0.0051668  0.0285965  0.0400320  0.0029095  0.0023060
 3  0.1074261  0.0369791  0.0410739  0.3847821  0.6403056  0.9990000  0.9990000  0.9990000  0.9990000  0.9990000  0.9990000  0.9990000  0.9990000  0.9990000  0.9990000  0.9990000  0.9990000  0.9990000  0.9990000  0.9990000  0.9990000  0.9990000  0.9990000  0.9990000  0.9990000  0.9990000  0.9990000
 4  0.0426515  0.0337793  0.0363433  0.0166005  0.0228165  0.0415627  0.0633177  0.0401851  0.0234593  0.0233778  0.0362183  0.0579955  0.0501464  0.0414205  0.0369881  0.0423818  0.0644196  0.0806015  0.0632675  0.0610972  0.0439208  0.0262258  0.0262305  0.0383176  0.0410071  0.0293248  0.0273752
 1  0.1297236  0.2047868  0.2102460  0.1208185  0.1288584  0.1075849  0.1355628  0.1089689  0.1488106  0.1145984  0.1903706  0.0787079  0.0335083  0.0337285  0.0289348  0.1697116  0.2075465  0.1229762  0.1372033  0.0326427  0.0184031  0.0547726  0.0446522  0.1124644  0.1439597  0.1337981  0.2076353
 2  0.0243926  0.0381699  0.0409569  0.0237418  0.0261679  0.0231509  0.0304135  0.0239312  0.0304661  0.0213911  0.0294120  0.0073000  0.0039660  0.0047960  0.0047819  0.0300198  0.0371741  0.0217095  0.0137291  0.0040184  0.0027897  0.0093791  0.0085258  0.0244993  0.0330819  0.0307833  0.0455863
 3  0.1204050  0.0605671  0.0624291  0.1390659  0.1480625  0.1705331  0.2137607  0.2970876  0.4098365  0.6213354  0.9990000  0.9990000  0.6373518  0.3962556  0.3284120  0.3309036  0.4076209  0.5787023  0.7235250  0.0087977  0.0207487  0.0161379  0.0250282  0.2523060  0.2523963  0.3543276  0.5515276
 4  0.0445032  0.0351714  0.0369397  0.0256134  0.0295833  0.0390606  0.0520452  0.0663482  0.0794567  0.1052734  0.1262716  0.0725668  0.0468606  0.0428882  0.0486775  0.0535188  0.0658790  0.0920765  0.0372487  0.0381587  0.0325502  0.0341731  0.0334250  0.0128714  0.0143242  0.0199613  0.0281258
 1  0.1244105  0.0413573  0.0369680  0.0427098  0.0453410  0.1030187  0.1259776  0.2614802  0.2569182  0.1206736  0.1073058  0.2190899  0.2521866  0.1767386  0.2110751  0.1299647  0.1181936  0.1534151  0.1193111  0.2881171  0.4965455  0.5330334  0.9990000  0.0480271  0.0236810  0.0484759  0.0305629
 2  0.0246932  0.0080751  0.0077215  0.0097193  0.0112975  0.0272754  0.0280386  0.0500408  0.0440318  0.0205970  0.0197163  0.0442559  0.0558688  0.0407565  0.0495907  0.0288736  0.0167064  0.0233547  0.0212695  0.0559323  0.0884971  0.0805699  0.1929857  0.0047901  0.0028677  0.0056691  0.0035197
 3  0.1146225  0.0258408  0.0300385  0.0289923  0.0304662  0.1114430  0.1238738  0.0218567  0.0239280  0.0962765  0.0913923  0.0245187  0.0279398  0.0362679  0.0434004  0.0546896  0.0183670  0.0166459  0.0247280  0.4204434  0.5517311  0.9990000  0.9990000  0.9990000  0.9990000  0.9990000  0.0111439
 4  0.0469218  0.0344289  0.0331642  0.0383359  0.0472792  0.0316994  0.0350182  0.0375339  0.0350489  0.0354271  0.0307640  0.0307267  0.0408311  0.0542342  0.0645951  0.0715298  0.0408554  0.0378400  0.0336688  0.0155846  0.0125666  0.0246323  0.0482585  0.0497927  0.0338911  0.0221289  0.0381556
 1  0.1237088  0.1965694  0.2058923  0.2791645  0.5053103  0.5369097  0.6310498  0.0310587  0.0129539  0.0731987  0.0516641  0.1176623  0.1438945  0.1479211  0.2010908  0.1481383  0.2993062  0.0787518  0.0396291  0.0470371  0.0491773  0.0344789  0.0364119  0.0408587  0.0105761  0.0717973  0.0615709
 2  0.0237626  0.0374854  0.0407923  0.0582438  0.0942693  0.0665792  0.0756940  0.0029888  0.0014709  0.0104097  0.0088892  0.0237691  0.0313395  0.0328544  0.0446127  0.0306121  0.0505046  0.0077019  0.0051769  0.0064488  0.0057860  0.0045611  0.0053139  0.0031171  0.0013201  0.0115255  0.0119506
 3  0.1145732  0.0660926  0.0661523  0.3686379  0.6756487  0.9990000  0.9990000  0.9990000  0.0144151  0.0156944  0.0269487  0.2221854  0.2087768  0.2632977  0.3577253  0.6233577  0.9990000  0.9990000  0.9990000  0.9990000  0.9990000  0.9990000  0.9990000  0.0075741  0.0116196  0.0229653  0.0244132
 4  0.0440699  0.0373997  0.0331025  0.0139989  0.0203778  0.0306477  0.0341433  0.0219809  0.0451265  0.0339972  0.0319042  0.0201511  0.0218872  0.0271577  0.0378875  0.0576594  0.0833256  0.0662770  0.0565499  0.0607082  0.0481287  0.0441944  0.0558078  0.0508343  0.0369465  0.0338489  0.0313373
 1  0.1300004  0.1813853  0.1814501  0.1495926  0.1731959  0.1260986  0.2194196  0.2270792  0.2002699  0.0525979  0.0382417  0.0536895  0.0677946  0.0710311  0.0350393  0.0583797  0.0320412  0.1239840  0.1167709  0.1337261  0.1590164  0.2690708  0.3607388  0.1649571  0.1675735  0.1080991  0.0964299
 2  0.0246276  0.0342159  0.0360527  0.0284833  0.0316620  0.0238259  0.0418492  0.0270108  0.0250683  0.0061761  0.0046509  0.0074052  0.0098168  0.0071903  0.0041645  0.0071419  0.0047140  0.0216571  0.0237788  0.0316630  0.0412684  0.0688134  0.0832356  0.0336217  0.0283241  0.0185380  0.0184781
 3  0.1205402  0.0330452  0.0348290  0.3414847  0.4009253  0.5328626  0.9261707  0.9990000  0.9990000  0.9990000  0.9990000  0.9990000  0.9990000  0.9990000  0.9990000  0.0441019  0.0434506  0.0199043  0.0183168  0.0192972  0.0228480  0.0282539  0.0383608  0.0561113  0.0583758  0.0471364  0.0407868
 4  0.0455741  0.0409023  0.0377204  0.0201526  0.0233054  0.0354067  0.0620552  0.0913152  0.0911978  0.0797908  0.0624753  0.0659006  0.0904610  0.0569222  0.0379241  0.0403909  0.0392913  0.0320972  0.0397542  0.0533874  0.0680211  0.0739302  0.0849959  0.1029594  0.0739014  0.0667069  0.0759033
 1  0.1180277  0.0938898  0.0875870  0.0988115  0.1173428  0.1576680  0.1695498  0.1276615  0.1312769  0.1235947  0.1309829  0.1265708  0.0978872  0.1612881  0.1629961  0.1501316  0.1466735  0.1496907  0.1759363  0.1171507  0.1470094  0.2199686  0.3298326  0.1173710  0.1422981  0.1447010  0.1335308
 2  0.0228373  0.0181486  0.0181487  0.0218254  0.0258975  0.0341640  0.0340872  0.0256440  0.0286204  0.0276440  0.0297053  0.0235637  0.0170968  0.0293986  0.0298933  0.0284360  0.0302929  0.0311694  0.0354174  0.0230892  0.0287697  0.0395966  0.0471434  0.0157064  0.0199687  0.0181936  0.0157019
 3  0.1090697  0.0232201  0.0265316  0.1655928  0.1837263  0.0251254  0.0210329  0.0207684  0.0209463  0.0235181  0.0251110  0.0265063  0.0211071  0.1352682  0.1417172  0.0201211  0.0220584  0.2312323  0.2585644  0.3225664  0.4061042  0.5761939  0.9042907  0.9990000  0.9990000  0.9990000  0.9990000
 4  0.0428520  0.0353025  0.0363798  0.0245741  0.0286920  0.0334364  0.0351874  0.0369243  0.0457712  0.0505585  0.0535057  0.0451487  0.0381428  0.0325462  0.0333570  0.0343390  0.0329177  0.0282920  0.0222466  0.0273537  0.0344589  0.0407765  0.0416665  0.0531425  0.0690220  0.0782510  0.0643020
 1  0.1305073  0.1430011  0.1371826  0.1649375  0.2014986  0.2356534  0.3854580  0.3846005  0.6975400  0.0671459  0.0497087  0.0405851  0.0206213  0.1024436  0.0879895  0.1580370  0.2136431  0.2670019  0.3746463  0.1312858  0.1062749  0.0793610  0.0620791  0.1479548  0.1052311  0.1605580  0.1657481
 2  0.0247657  0.0269414  0.0274316  0.0340448  0.0413181  0.0479585  0.0745261  0.0564305  0.0698386  0.0082757  0.0048493  0.0048191  0.0027603  0.0168034  0.0168414  0.0346489  0.0504378  0.0553679  0.0641133  0.0168323  0.0139073  0.0122050  0.0105983  0.0232138  0.0181122  0.0296830  0.0320070
 3  0.1209417  0.0304601  0.0307734  0.2002866  0.2455331  0.3347507  0.5509163  0.9990000  0.9990000  0.9990000  0.9990000  0.0095803  0.0213496  0.0187334  0.0225134  0.2217449  0.2334566  0.3613724  0.5270713  0.8140095  0.1891698  0.0202314  0.0167721  0.0290934  0.0164149  0.1347352  0.1291131
 4  0.0457994  0.0366040  0.0379978  0.0239512  0.0292762  0.0404206  0.0605454  0.1075720  0.1005202  0.1030031  0.0492543  0.0435191  0.0368069  0.0319180  0.0307680  0.0185448  0.0245086  0.0266944  0.0294149  0.0273662  0.0314267  0.0348818  0.0440449  0.0403257  0.0358797  0.0320217  0.0335361
 1  0.1355563  0.1824441  0.1859554  0.1201492  0.1487158  0.0923753  0.0790948  0.0418432  0.0427434  0.1009435  0.1221931  0.1786107  0.2086042  0.2112585  0.2464702  0.1155897  0.1142337  0.1599559  0.1060811  0.0773809  0.0704381  0.1115944  0.1174786  0.2497451  0.2909962  0.2141187  0.1348065
 2  0.0258173  0.0347184  0.0369313  0.0256228  0.0282762  0.0162007  0.0149022  0.0087673  0.0101903  0.0274456  0.0338047  0.0446649  0.0459159  0.0443276  0.0507011  0.0226048  0.0235256  0.0252602  0.0166701  0.0138995  0.0142904  0.0250330  0.0281896  0.0596215  0.0584656  0.0304910  0.0213957
 3  0.1255444  0.0516160  0.0430776  0.2193218  0.2316456  0.0213041  0.0178209  0.0167678  0.0168999  0.0183697  0.0222970  0.0263245  0.0309820  0.0347762  0.0403628  0.0479186  0.0470554  0.0473425  0.0170993  0.0123482  0.0109831  0.0106954  0.0112349  0.0120349  0.0645560  0.0220809  0.0131219
 4  0.0485933  0.0371049  0.0295133  0.0232695  0.0286775  0.0385318  0.0392778  0.0470448  0.0590777  0.0783419  0.0823155  0.0810253  0.0776052  0.0871922  0.0981111  0.1044008  0.1171237  0.0643927  0.0326972  0.0332790  0.0378888  0.0418249  0.0468527  0.0461888  0.0424578  0.0397284  0.0330337
 1  0.1307984  0.1695620  0.1653095  0.2937669  0.5259085  0.7686767  0.6462641  0.3145186  0.3269730  0.1647585  0.1160057  0.1012511  0.0654523  0.1736684  0.1912847  0.1490611  0.1467042  0.0673596  0.0499717  0.0804189  0.0646245  0.1658402  0.1982326  0.1699621  0.2159095  0.1382570  0.1573375
 2  0.0245606  0.0317910  0.0328327  0.0623507  0.1025615  0.0858364  0.0741035  0.0384471  0.0445189  0.0194983  0.0125521  0.0125592  0.0097879  0.0299565  0.0366618  0.0276055  0.0229557  0.0106656  0.0075331  0.0132432  0.0123511  0.0367366  0.0502416  0.0458425  0.0561651  0.0318799  0.0353149
 3  0.1213701  0.0269188  0.0196676  0.3248957  0.5874422  0.9990000  0.9990000  0.9990000  0.9990000  0.9990000  0.9990000  0.2640475  0.2195129  0.1799946  0.1953996  0.2415413  0.4533776  0.0116645  0.0168294  0.0216712  0.0210652  0.0197114  0.0233501  0.0314769  0.0403631  0.0522174  0.0593030
 4  0.0453260  0.0332160  0.0354515  0.0157038  0.0239535  0.0282887  0.0256013  0.0298014  0.0378662  0.0415120  0.0253757  0.0361714  0.0294386  0.0322540  0.0419423  0.0438933  0.0232935  0.0361780  0.0400358  0.0378942  0.0318316  0.0399955  0.0582101  0.0791488  0.0855522  0.0922857  0.1082463
 1  0.1425452  0.1759241  0.1721149  0.1670687  0.1871047  0.1263543  0.1404893  0.1025555  0.1491518  0.1734267  0.3389145  0.0160216  0.0057247  0.0920381  0.0878297  0.0805661  0.0908805  0.1440148  0.1749203  0.1868259  0.1844824  0.1032018  0.1039131  0.0565461  0.0537287  0.0819857  0.0675986
 2  0.0270896  0.0331628  0.0341229  0.0335087  0.0345973  0.0234265  0.0279359  0.0220485  0.0342169  0.0352977  0.0334872  0.0014813  0.0007888  0.0160418  0.0182035  0.0198774  0.0250707  0.0400956  0.0422121  0.0382670  0.0355372  0.0204187  0.0218999  0.0120969  0.0112255  0.0157638  0.0126738
 3  0.1320490  0.0211459  0.0264645  0.1739907  0.1894189  0.1990140  0.2169848  0.2810216  0.4063589  0.7854318  0.9990000  0.0059381  0.0138567  0.0229003  0.0212971  0.0222464  0.0249607  0.0287817  0.0353811  0.0395268  0.0392566  0.0393030  0.0391559  0.0408576  0.0390890  0.0191113  0.0208633
 4  0.0507192  0.0350174  0.0335901  0.0271125  0.0277664  0.0313228  0.0408793  0.0615132  0.0964144  0.1344002  0.0847444  0.0431089  0.0332825  0.0319628  0.0409434  0.0551936  0.0662620  0.0713288  0.0666527  0.0575258  0.0549148  0.0612318  0.0687595  0.0697473  0.0613811  0.0405148  0.0360122
 1  0.1323154  0.1439949  0.1372444  0.1104371  0.1387599  0.2550376  0.2698064  0.2412534  0.2570763  0.2181713  0.1765965  0.1405724  0.1343122  0.1575541  0.1857081  0.1403296  0.1091454  0.0734238  0.0546556  0.0963214  0.1227662  0.2649298  0.6231745  0.3366386  0.2459029  0.0931946  0.0557304
 2  0.0251284  0.0271413  0.0274733  0.0239266  0.0298810  0.0504755  0.0505427  0.0427051  0.0449922  0.0354068  0.0281899  0.0248739  0.0264214  0.0328568  0.0384461  0.0264275  0.0152211  0.0112747  0.0098807  0.0204636  0.0300477  0.0697182  0.1199212  0.0378016  0.0271129  0.0119245  0.0075837
 3  0.1226001  0.0222005  0.0295343  0.2006169  0.2046441  0.0208093  0.0230188  0.1855076  0.1841768  0.0229789  0.0184886  0.0402321  0.0397579  0.1770871  0.1812876  0.0179570  0.0180243  0.0127502  0.0220140  0.2068453  0.2608958  0.4012249  0.9822994  0.9990000  0.9990000  0.0120248  0.0195908
 4  0.0466048  0.0354368  0.0333041  0.0260062  0.0299091  0.0373689  0.0368801  0.0329952  0.0339832  0.0398405  0.0376659  0.0339739  0.0311045  0.0280666  0.0309555  0.0507664  0.0397102  0.0360889  0.0337335  0.0186977  0.0294554  0.0464680  0.0565385  0.0617859  0.0430206  0.0399315  0.0372521
