FL 2019 2020 2021 2022 2023 2024 2025 2026 2027 2028 2029 2030 2031 2032 2033 2034 2035 2036 2037 2038 2039 2040 2041 2042 2043 2044 2045
 1  0.1254765  0.0537101  0.0359305  0.0529049  0.0378018  0.0984570  0.0752069  0.1366039  0.1562355  0.1848061  0.2361666  0.1428592  0.1491654  0.1720779  0.2034091  0.2746906  0.2950341  0.1796408  0.2191458  0.0612956  0.0407678  0.0559835  0.0469550  0.1192265  0.1093697  0.2061541  0.2331574
 2  0.0238751  0.0086047  0.0057216  0.0092401  0.0048071  0.0149088  0.0136133  0.0289104  0.0382059  0.0494507  0.0621946  0.0321212  0.0323373  0.0387327  0.0456288  0.0562154  0.0581390  0.0370336  0.0424686  0.0097356  0.0065449  0.0096782  0.0091604  0.0225185  0.0208011  0.0415393  0.0506367
 3  0.1162273  0.0248289  0.0201294  0.0275096  0.0241371  0.0204619  0.0244769  0.0317122  0.0296227  0.0378659  0.0285307  0.0308165  0.0319792  0.0313453  0.0284291  0.0318334  0.0266354  0.1256509  0.1083302  0.0294391  0.0236089  0.0261154  0.0239545  0.1360242  0.1135608  0.0308109  0.0259259
 4  0.0444602  0.0494672  0.0435781  0.0724060  0.0533711  0.0452206  0.0385870  0.0408483  0.0367579  0.0474155  0.0409246  0.0442400  0.0352385  0.0403407  0.0404188  0.0427042  0.0350098  0.0433397  0.0460546  0.0554225  0.0433466  0.0454537  0.0429706  0.0567194  0.0418405  0.0438860  0.0352729
 1  0.1220670  0.0539047  0.0363499  0.0801186  0.0708298  0.1029882  0.0825023  0.1141966  0.1139074  0.1236931  0.1190874  0.0659530  0.0723625  0.0784020  0.0720989  0.0513068  0.0506502  0.0631001  0.0519964  0.2491173  0.3143984  0.2812559  0.3380292  0.2286243  0.3097666  0.1223338  0.0969415
 2  0.0232303  0.0087191  0.0058389  0.0138788  0.0131966  0.0182374  0.0150153  0.0225309  0.0221909  0.0244192  0.0251135  0.0140856  0.0153403  0.0158533  0.0145942  0.0110113  0.0088241  0.0109879  0.0100845  0.0537683  0.0724694  0.0623531  0.0736923  0.0492642  0.0626073  0.0209219  0.0166104
 3  0.1130934  0.0224446  0.0226448  0.0921817  0.0839831  0.0250952  0.0232259  0.0631112  0.0611646  0.0256511  0.0296046  0.2292392  0.2562909  0.0271003  0.0249114  0.1258237  0.1391846  0.0207047  0.0257938  0.0265598  0.0337616  0.0267779  0.0235425  0.1538757  0.1692147  0.0196086  0.0237809
 4  0.0433681  0.0440366  0.0406325  0.0357452  0.0380228  0.0430356  0.0394309  0.0407186  0.0410089  0.0363978  0.0425012  0.0168816  0.0162448  0.0390493  0.0385316  0.0385127  0.0443754  0.0378769  0.0360754  0.0392551  0.0398478  0.0386330  0.0370779  0.0313654  0.0413062  0.0412186  0.0394035
 1  0.1187765  0.0769133  0.0528958  0.0703443  0.0492774  0.2107495  0.2333272  0.1689811  0.1641126  0.1292146  0.1347821  0.1956837  0.2151705  0.0883907  0.0815064  0.1557348  0.1852186  0.1753498  0.1581371  0.1133373  0.1133562  0.2334213  0.2736284  0.1380205  0.1043713  0.1112578  0.1003616
 2  0.0226444  0.0125015  0.0084789  0.0109418  0.0084100  0.0408956  0.0474384  0.0335782  0.0327790  0.0269114  0.0296238  0.0420557  0.0414014  0.0169404  0.0153795  0.0309235  0.0343597  0.0308452  0.0280493  0.0211538  0.0230130  0.0500479  0.0568196  0.0233883  0.0165289  0.0192454  0.0198906
 3  0.1100329  0.0209829  0.0206583  0.0193139  0.0215967  0.0258862  0.0248661  0.0274455  0.0253317  0.0193422  0.0228902  0.1105143  0.1150675  0.0192965  0.0311201  0.2630774  0.2799042  0.0217544  0.0240739  0.1116718  0.1139459  0.0266916  0.0259106  0.0924749  0.0891472  0.0219027  0.0278519
 4  0.0423910  0.0457904  0.0443531  0.0377650  0.0366755  0.0389211  0.0389237  0.0380734  0.0357360  0.0311432  0.0335289  0.0387144  0.0362563  0.0374207  0.0405663  0.0240700  0.0271614  0.0396368  0.0382746  0.0342603  0.0336701  0.0389668  0.0433642  0.0508547  0.0439453  0.0359132  0.0347598
 1  0.1193897  0.0246958  0.0163110  0.0839597  0.0690713  0.0893150  0.0898881  0.0655307  0.0576008  0.0437413  0.0349708  0.0513215  0.0475940  0.0587414  0.0604240  0.0773390  0.0841708  0.1439325  0.1632278  0.1358815  0.1376763  0.1626287  0.1612323  0.1738444  0.2082059  0.1695735  0.2134109
 2  0.0226910  0.0039735  0.0026305  0.0143846  0.0126093  0.0178688  0.0181773  0.0133392  0.0103355  0.0077035  0.0068496  0.0103050  0.0101402  0.0134570  0.0146706  0.0194882  0.0203236  0.0346439  0.0374752  0.0301600  0.0267289  0.0313408  0.0334818  0.0393104  0.0500156  0.0400674  0.0475677
 3  0.1105887  0.0246310  0.0174585  0.0198565  0.0263191  0.0834565  0.0784584  0.0261042  0.0241999  0.0221241  0.0256584  0.0803140  0.0817290  0.0281052  0.0257539  0.0297074  0.0299677  0.0260126  0.0301715  0.0270713  0.0247004  0.0245770  0.0233732  0.0285842  0.0275510  0.1552487  0.1619306
 4  0.0420011  0.0448188  0.0413985  0.0370265  0.0378771  0.0351593  0.0398536  0.0482129  0.0463597  0.0397702  0.0419350  0.0412900  0.0389258  0.0369355  0.0376226  0.0399553  0.0390322  0.0362154  0.0409349  0.0439133  0.0408133  0.0384182  0.0335953  0.0361987  0.0356892  0.0388870  0.0364537
 1  0.1189860  0.0474579  0.0321548  0.0550666  0.0409086  0.1382494  0.1228595  0.2785801  0.3143799  0.3644032  0.4567209  0.2083525  0.2531827  0.0917061  0.0637611  0.1678751  0.1926860  0.2381629  0.2715145  0.0988118  0.0868968  0.2125051  0.2424521  0.3109303  0.5145725  0.1530405  0.0954522
 2  0.0231473  0.0077530  0.0051810  0.0091986  0.0065137  0.0242995  0.0223106  0.0545894  0.0596814  0.0696911  0.0932970  0.0421810  0.0357370  0.0128607  0.0101939  0.0310589  0.0394456  0.0521834  0.0474026  0.0165318  0.0160838  0.0427743  0.0521650  0.0703140  0.1066673  0.0217015  0.0134006
 3  0.1099257  0.0288266  0.0205352  0.0219873  0.0292605  0.0235424  0.0267700  0.0253681  0.0294017  0.0219434  0.0271007  0.2830963  0.4455640  0.0160140  0.0229614  0.1615316  0.1499051  0.0267924  0.0296020  0.1301667  0.1266182  0.0270916  0.0269672  0.2102392  0.2205359  0.0208030  0.0158338
 4  0.0434759  0.0466559  0.0387051  0.0482369  0.0494316  0.0400334  0.0405718  0.0376148  0.0425899  0.0329878  0.0342291  0.0353698  0.0413324  0.0414223  0.0368582  0.0310692  0.0268192  0.0474628  0.0510698  0.0391126  0.0343232  0.0356979  0.0328176  0.0270781  0.0366471  0.0465690  0.0391471
 1  0.1162521  0.0849438  0.0590877  0.1079108  0.0868464  0.1624300  0.1717800  0.1503448  0.1256488  0.1226146  0.1164166  0.0772981  0.0976539  0.1480949  0.1427063  0.1355696  0.1521660  0.1298696  0.1347560  0.0719635  0.0678763  0.1124582  0.0876541  0.1837127  0.2068177  0.0754036  0.0674481
 2  0.0225599  0.0139384  0.0094745  0.0179744  0.0153900  0.0320756  0.0354597  0.0283388  0.0217862  0.0225880  0.0240619  0.0177625  0.0218841  0.0300200  0.0276525  0.0271799  0.0325897  0.0285035  0.0285096  0.0150295  0.0129689  0.0192336  0.0161053  0.0378441  0.0430114  0.0144549  0.0130899
 3  0.1074261  0.0229832  0.0186353  0.0185734  0.0235285  0.0268478  0.0284701  0.0274241  0.0253211  0.0203290  0.0287598  0.2428308  0.2624454  0.0279634  0.0198925  0.1230975  0.1141349  0.0271223  0.0249545  0.0537275  0.0537497  0.0254851  0.0235502  0.0337254  0.0304259  0.1293621  0.1376847
 4  0.0426515  0.0481532  0.0402376  0.0376343  0.0382280  0.0380722  0.0410069  0.0422339  0.0409459  0.0348481  0.0363716  0.0180631  0.0250906  0.0418108  0.0339373  0.0338922  0.0301824  0.0364486  0.0385021  0.0381404  0.0439424  0.0416033  0.0375796  0.0398417  0.0445260  0.0411158  0.0396588
 1  0.1297236  0.0889434  0.0593438  0.0459668  0.0333438  0.0639264  0.0677773  0.0925795  0.1001567  0.1049319  0.1285057  0.1123927  0.0826009  0.0531480  0.0456293  0.1795858  0.2048200  0.1510275  0.1783334  0.0668226  0.0458687  0.0615357  0.0560333  0.1270665  0.1357826  0.1018857  0.1278672
 2  0.0243926  0.0139661  0.0092851  0.0072672  0.0059074  0.0129838  0.0152338  0.0221521  0.0245159  0.0260978  0.0302271  0.0203089  0.0137859  0.0094449  0.0091086  0.0394467  0.0479517  0.0371096  0.0291950  0.0099950  0.0076117  0.0110615  0.0107198  0.0268119  0.0314149  0.0251345  0.0325320
 3  0.1204050  0.0213114  0.0229445  0.0187438  0.0211479  0.1000917  0.0986137  0.0305470  0.0275632  0.1241538  0.1400761  0.0243366  0.0204383  0.0241273  0.0240473  0.0302629  0.0251600  0.1491755  0.1709332  0.0180329  0.0195455  0.1311190  0.1316052  0.0272006  0.0303773  0.1427682  0.1519442
 4  0.0445032  0.0431803  0.0458023  0.0396542  0.0357261  0.0309867  0.0305153  0.0354865  0.0337350  0.0320764  0.0527271  0.0443416  0.0436106  0.0379765  0.0340396  0.0395410  0.0327971  0.0558123  0.0572958  0.0460388  0.0404509  0.0375512  0.0428078  0.0391982  0.0373775  0.0172795  0.0199556
 1  0.1244105  0.0149918  0.0097732  0.0186526  0.0157005  0.0615995  0.0604678  0.2084998  0.1783644  0.1113541  0.0951620  0.2049481  0.2394977  0.1767795  0.2119293  0.1382427  0.1472230  0.1567355  0.1153503  0.2821629  0.3206646  0.2720964  0.3509662  0.1386510  0.1483660  0.1049971  0.0750346
 2  0.0246932  0.0024389  0.0015704  0.0033060  0.0031015  0.0131777  0.0109362  0.0362417  0.0295308  0.0191312  0.0179542  0.0431173  0.0553879  0.0424883  0.0516426  0.0317550  0.0201276  0.0222451  0.0197793  0.0531695  0.0644475  0.0585024  0.0789533  0.0285277  0.0279652  0.0171900  0.0114772
 3  0.1146225  0.0214594  0.0224655  0.0214676  0.0256812  0.1150090  0.1255567  0.0195852  0.0222558  0.0231927  0.0230073  0.0272724  0.0289333  0.0291200  0.0281655  0.2229080  0.3219712  0.0150044  0.0207014  0.0289226  0.0248188  0.0274797  0.0266419  0.1658161  0.2003627  0.0253350  0.0231707
 4  0.0469218  0.0473165  0.0406705  0.0342812  0.0343789  0.0437742  0.0483553  0.0430403  0.0404768  0.0417282  0.0381364  0.0357779  0.0363325  0.0374304  0.0390251  0.0595041  0.0549728  0.0425213  0.0371812  0.0427756  0.0367856  0.0356698  0.0365986  0.0335010  0.0421562  0.0507215  0.0491127
 1  0.1237088  0.0832669  0.0563773  0.1556887  0.1412473  0.1596297  0.1475629  0.0503792  0.0358053  0.0843836  0.0704436  0.1238372  0.1359991  0.1263490  0.1472970  0.1092109  0.1322382  0.0914844  0.0929781  0.0792184  0.0744836  0.0652332  0.0654439  0.0792857  0.0382759  0.0651564  0.0580437
 2  0.0237626  0.0133677  0.0089297  0.0269947  0.0253867  0.0294090  0.0279200  0.0086670  0.0058457  0.0145864  0.0136572  0.0270824  0.0324347  0.0319150  0.0391164  0.0296296  0.0358808  0.0214811  0.0200274  0.0163770  0.0145438  0.0130243  0.0137316  0.0104684  0.0055479  0.0112592  0.0118034
 3  0.1145732  0.0190376  0.0203689  0.0240292  0.0220371  0.0242097  0.0278625  0.0270787  0.0213689  0.0226335  0.0259694  0.0260842  0.0281252  0.0297805  0.0280140  0.0282250  0.0299068  0.1068743  0.1162866  0.0295014  0.0279654  0.1500275  0.1497440  0.0243621  0.0167946  0.0225085  0.0268273
 4  0.0440699  0.0421838  0.0381481  0.0402383  0.0390959  0.0394185  0.0475305  0.0492257  0.0459962  0.0397864  0.0366104  0.0353029  0.0380017  0.0358671  0.0346229  0.0347676  0.0388957  0.0406641  0.0378401  0.0420599  0.0430498  0.0310707  0.0665785  0.0551991  0.0422922  0.0358189  0.0372109
 1  0.1300004  0.0895330  0.0598585  0.0625282  0.0393486  0.0689564  0.0743446  0.1129224  0.1211658  0.1093333  0.1171689  0.1072210  0.1058810  0.1039673  0.0885212  0.1020216  0.0792052  0.1377350  0.1419655  0.1457422  0.1867154  0.3075850  0.4094877  0.1550116  0.1695231  0.1086621  0.0856046
 2  0.0246276  0.0141504  0.0093642  0.0089661  0.0065491  0.0135268  0.0167330  0.0269056  0.0291906  0.0248819  0.0237468  0.0214379  0.0226132  0.0201841  0.0159286  0.0173233  0.0139938  0.0269527  0.0312086  0.0362003  0.0489153  0.0757731  0.0891836  0.0298363  0.0261065  0.0166618  0.0152975
 3  0.1205402  0.0227890  0.0220410  0.0206915  0.0208913  0.1138083  0.1065588  0.0305575  0.0238322  0.1199627  0.1336269  0.0278434  0.0254896  0.0777123  0.0761464  0.0247755  0.0253251  0.0236908  0.0289066  0.0729671  0.0807802  0.0304837  0.0299819  0.2946814  0.3867528  0.0173558  0.0264378
 4  0.0455741  0.0428496  0.0478682  0.0422774  0.0363929  0.0282099  0.0303056  0.0394053  0.0385741  0.0361150  0.0363191  0.0354684  0.0409129  0.0495638  0.0483151  0.0442219  0.0400240  0.0389167  0.0353655  0.0352681  0.0411896  0.0385309  0.0358501  0.0365462  0.0453377  0.0352876  0.0445879
 1  0.1180277  0.0358854  0.0242360  0.0434661  0.0343667  0.0788920  0.0784605  0.1219492  0.1198305  0.1208377  0.1285408  0.1276692  0.0976784  0.1615968  0.1514810  0.1360159  0.1366769  0.1534390  0.1613951  0.1002356  0.1060858  0.1640612  0.1849162  0.1474888  0.1710878  0.2326175  0.2617049
 2  0.0228373  0.0058748  0.0039364  0.0074357  0.0061247  0.0152398  0.0144919  0.0234100  0.0255559  0.0266775  0.0287191  0.0233074  0.0168300  0.0291867  0.0282171  0.0269085  0.0294374  0.0332648  0.0351314  0.0222840  0.0246500  0.0386030  0.0410489  0.0322940  0.0373278  0.0498982  0.0519393
 3  0.1090697  0.0254456  0.0204077  0.0271158  0.0266169  0.1648003  0.1620253  0.0250614  0.0279266  0.0584111  0.0502840  0.0362034  0.0300091  0.0259361  0.0264079  0.0270521  0.0318449  0.0444234  0.0453801  0.0296650  0.0301455  0.0271417  0.0248398  0.1082839  0.1071074  0.0231569  0.0291693
 4  0.0428520  0.0462228  0.0420874  0.0400202  0.0426848  0.0371896  0.0360970  0.0385285  0.0376163  0.0412353  0.0488398  0.0485660  0.0434452  0.0423889  0.0402377  0.0409190  0.0408582  0.0415205  0.0420152  0.0387908  0.0361856  0.0397543  0.0394430  0.0345888  0.0358710  0.0378009  0.0649938
 1  0.1305073  0.0626718  0.0412135  0.0796452  0.0595545  0.1287540  0.1447549  0.2041631  0.2377327  0.1678085  0.1697982  0.0864161  0.0577787  0.1036116  0.0933970  0.1613039  0.1864828  0.2039393  0.2305873  0.1276956  0.1138442  0.1185962  0.1135369  0.1667970  0.1298580  0.1666844  0.1621201
 2  0.0247657  0.0098862  0.0064726  0.0127291  0.0104609  0.0254260  0.0308770  0.0459611  0.0493851  0.0334978  0.0266081  0.0129795  0.0087622  0.0180812  0.0185539  0.0360308  0.0464178  0.0487795  0.0517580  0.0246596  0.0210287  0.0227908  0.0226266  0.0288010  0.0231689  0.0311152  0.0319511
 3  0.1209417  0.0229381  0.0202711  0.0205150  0.0240218  0.1311388  0.1193124  0.0276722  0.0263760  0.1297342  0.1413025  0.0171946  0.0202534  0.0246024  0.0257220  0.0291375  0.0264490  0.0302390  0.0250527  0.0668575  0.0610692  0.0258518  0.0244299  0.0263951  0.0216920  0.0280507  0.0260673
 4  0.0457994  0.0454336  0.0459859  0.0377544  0.0363159  0.0360239  0.0324105  0.0384388  0.0397511  0.0479033  0.0550189  0.0468394  0.0424349  0.0380866  0.0393413  0.0341595  0.0359882  0.0423873  0.0425488  0.0390340  0.0380382  0.0376436  0.0486947  0.0491024  0.0419665  0.0442166  0.0408073
 1  0.1355563  0.0713368  0.0467310  0.0470612  0.0381221  0.0573992  0.0476590  0.0433362  0.0444017  0.1111410  0.1442119  0.2036163  0.2261787  0.1974270  0.2758560  0.1265499  0.1037586  0.1331201  0.0878140  0.0781672  0.0711191  0.1105848  0.1298330  0.2736987  0.3001258  0.1724208  0.1069019
 2  0.0258173  0.0112511  0.0072871  0.0082946  0.0061423  0.0098399  0.0090181  0.0092493  0.0107834  0.0305405  0.0389659  0.0476073  0.0466303  0.0395349  0.0507781  0.0207056  0.0187733  0.0198118  0.0134483  0.0137532  0.0142077  0.0243936  0.0295519  0.0586019  0.0541249  0.0232414  0.0164487
 3  0.1255444  0.0202449  0.0209110  0.0221854  0.0267558  0.0735899  0.0717800  0.0328555  0.0314429  0.1079000  0.1143013  0.0231052  0.0298390  0.3550781  0.3381676  0.0164691  0.0220446  0.1389244  0.1315273  0.0220970  0.0279313  0.1625730  0.1757308  0.0238395  0.0253377  0.1478762  0.1233830
 4  0.0485933  0.0452858  0.0388042  0.0412410  0.0465374  0.0381690  0.0362488  0.0379734  0.0341748  0.0303134  0.0408925  0.0399838  0.0372511  0.0190789  0.0224401  0.0387890  0.0474726  0.0441537  0.0345747  0.0350377  0.0362190  0.0288773  0.0315835  0.0400904  0.0545591  0.0501098  0.0455076
 1  0.1307984  0.0943666  0.0630420  0.1511224  0.1377575  0.2123396  0.1717515  0.2847143  0.3017874  0.2283485  0.2294002  0.2231567  0.1941385  0.2050666  0.2456758  0.1682928  0.1494635  0.0630453  0.0522638  0.0843198  0.0706898  0.1688455  0.2049134  0.1763365  0.2200252  0.1385760  0.1492055
 2  0.0245606  0.0148181  0.0098183  0.0256028  0.0246013  0.0353707  0.0285661  0.0506032  0.0580279  0.0439757  0.0394968  0.0369423  0.0339335  0.0391241  0.0502066  0.0323164  0.0251244  0.0112673  0.0086692  0.0146503  0.0139349  0.0381315  0.0523718  0.0473864  0.0564988  0.0316376  0.0334031
 3  0.1213701  0.0232253  0.0258506  0.0801728  0.0812673  0.0260701  0.0226243  0.0218197  0.0232763  0.0440238  0.0407677  0.0362618  0.0396374  0.1432176  0.1490979  0.0254592  0.0224776  0.0240977  0.0241999  0.0233092  0.0260584  0.0270410  0.0309006  0.0309518  0.0314564  0.0274507  0.0236455
 4  0.0453260  0.0453860  0.0449345  0.0374966  0.0422766  0.0434316  0.0424689  0.0375780  0.0364064  0.0479420  0.0461467  0.0426206  0.0396129  0.0336809  0.0390666  0.0451477  0.0418918  0.0456573  0.0467915  0.0414284  0.0392648  0.0350620  0.0333368  0.0396536  0.0405414  0.0364684  0.0346946
 1  0.1425452  0.0873039  0.0566807  0.0792109  0.0551534  0.0779101  0.0751815  0.0944527  0.1073044  0.1477241  0.2046977  0.0521581  0.0265500  0.0971728  0.0988656  0.0879614  0.1001157  0.1501737  0.1903499  0.1955422  0.1825238  0.0967363  0.1031989  0.0622925  0.0563680  0.0776790  0.0676134
 2  0.0270896  0.0135786  0.0087194  0.0122991  0.0086557  0.0139524  0.0152674  0.0218924  0.0283053  0.0409525  0.0422524  0.0066013  0.0040262  0.0177953  0.0210614  0.0218354  0.0272517  0.0406512  0.0437003  0.0375796  0.0338176  0.0187790  0.0210707  0.0126284  0.0112410  0.0145092  0.0122283
 3  0.1320490  0.0210230  0.0234863  0.0223596  0.0234667  0.1191593  0.1070539  0.0267276  0.0325375  0.2129560  0.3040387  0.0190006  0.0181470  0.0616560  0.0586464  0.0298045  0.0282262  0.1022442  0.1090619  0.0256940  0.0234472  0.1631910  0.1602247  0.0326789  0.0275693  0.1270208  0.1172453
 4  0.0507192  0.0444032  0.0456170  0.0442207  0.0416413  0.0308792  0.0291472  0.0315803  0.0340951  0.0267308  0.0423899  0.0503768  0.0379904  0.0319956  0.0324280  0.0358752  0.0359621  0.0386306  0.0434007  0.0425341  0.0368391  0.0332286  0.0355672  0.0428418  0.0447008  0.0470706  0.0438998
 1  0.1323154  0.0742914  0.0489565  0.0469072  0.0390136  0.1551354  0.1390734  0.2137977  0.2082765  0.2024148  0.1834830  0.1537115  0.1527865  0.1616087  0.1915076  0.1445435  0.1145210  0.0752079  0.0563994  0.0966130  0.1056208  0.1882037  0.2510183  0.2335672  0.2546074  0.1716731  0.1533651
 2  0.0251284  0.0116816  0.0076349  0.0081661  0.0070222  0.0284937  0.0259322  0.0398979  0.0399233  0.0373553  0.0322912  0.0287926  0.0311993  0.0344947  0.0402387  0.0274247  0.0159208  0.0115022  0.0101578  0.0204449  0.0264972  0.0541132  0.0701490  0.0534865  0.0473607  0.0306309  0.0258317
 3  0.1226001  0.0274797  0.0184967  0.0207143  0.0271161  0.0252054  0.0302234  0.0251501  0.0266181  0.0249634  0.0231903  0.0231849  0.0235412  0.1611936  0.1751904  0.0276249  0.0232118  0.0191196  0.0233198  0.0270852  0.0296537  0.0299873  0.0308522  0.0284831  0.0287602  0.0244564  0.0236583
 4  0.0466048  0.0452007  0.0381575  0.0363240  0.0436003  0.0419535  0.0432915  0.0401030  0.0454194  0.0419484  0.0401784  0.0390462  0.0347329  0.0298460  0.0325662  0.0605653  0.0500261  0.0449844  0.0370198  0.0333426  0.0332787  0.0353536  0.0435089  0.0478975  0.0471827  0.0452272  0.0419987
 1  0.1289129  0.0908110  0.0613332  0.0550319  0.0409403  0.1131402  0.1024031  0.0855332  0.0960862  0.0810776  0.0740353  0.0692785  0.0785047  0.0814014  0.0486438  0.1151013  0.1242395  0.1886130  0.2042738  0.1996268  0.2156544  0.2856550  0.3790385  0.2018476  0.2586439  0.1174727  0.0881549
 2  0.0243850  0.0144228  0.0096278  0.0089603  0.0068704  0.0204640  0.0204714  0.0187699  0.0211097  0.0166784  0.0152414  0.0145949  0.0155180  0.0118144  0.0079142  0.0221663  0.0278557  0.0439992  0.0430017  0.0405852  0.0453774  0.0631545  0.0853111  0.0450307  0.0451091  0.0180673  0.0153357
 3  0.1195341  0.0243637  0.0219781  0.0217096  0.0242158  0.0239476  0.0251678  0.1409314  0.1449954  0.0265199  0.0243197  0.2508184  0.2692162  0.0253815  0.0189953  0.0506233  0.0605304  0.0289952  0.0260575  0.0249068  0.0278487  0.0301327  0.0305374  0.1763044  0.2043594  0.0178082  0.0247759
 4  0.0452728  0.0440920  0.0416989  0.0422285  0.0415543  0.0388386  0.0361748  0.0293617  0.0366696  0.0424433  0.0368568  0.0294340  0.0499608  0.0513797  0.0378479  0.0358233  0.0408100  0.0460670  0.0436607  0.0376575  0.0349085  0.0367663  0.0353236  0.0410666  0.0457076  0.0375857  0.0372591
 1  0.1102676  0.0449999  0.0310203  0.0621709  0.0446292  0.0810704  0.0693963  0.1562712  0.1914807  0.2135893  0.2559090  0.1302860  0.1182709  0.1787989  0.1795579  0.1053528  0.0861402  0.0848179  0.0877058  0.1202282  0.0883220  0.0695837  0.0646866  0.1009447  0.1158016  0.0998553  0.0908069
 2  0.0212429  0.0074411  0.0050801  0.0097563  0.0076833  0.0145088  0.0130613  0.0329614  0.0439505  0.0510109  0.0500935  0.0237486  0.0227266  0.0330924  0.0325707  0.0182139  0.0154343  0.0167479  0.0181423  0.0207882  0.0154119  0.0131641  0.0136073  0.0241826  0.0315340  0.0235113  0.0188021
 3  0.1019949  0.0228992  0.0235395  0.0581656  0.0581623  0.0470705  0.0480827  0.1414118  0.1461335  0.0282046  0.0329760  0.0229687  0.0249117  0.1846346  0.2172856  0.0235368  0.0247368  0.1082592  0.1176424  0.0242971  0.0229650  0.0243152  0.0297068  0.0258894  0.0316411  0.0264940  0.0235047
 4  0.0398775  0.0454960  0.0456792  0.0470164  0.0459558  0.0448921  0.0430217  0.0175697  0.0185943  0.0404263  0.0439028  0.0389254  0.0376747  0.0297470  0.0313890  0.0418393  0.0363514  0.0352928  0.0513372  0.0466797  0.0439548  0.0385933  0.0373981  0.0329348  0.0439663  0.0443023  0.0413221
 1  0.1249681  0.0679759  0.0456207  0.2096878  0.2375174  0.1648905  0.1378954  0.1811340  0.2129718  0.1489177  0.1275374  0.0687615  0.0586509  0.1162860  0.1300568  0.0907914  0.0763955  0.0854043  0.0882312  0.0599829  0.0544060  0.0818718  0.1092794  0.0790292  0.0665040  0.0616826  0.0492683
 2  0.0235296  0.0108357  0.0072546  0.0372512  0.0459741  0.0290884  0.0241007  0.0330561  0.0379673  0.0258243  0.0200243  0.0117959  0.0115703  0.0244831  0.0260710  0.0166532  0.0146699  0.0173719  0.0184183  0.0122236  0.0117184  0.0194202  0.0261403  0.0159266  0.0126931  0.0110872  0.0089547
 3  0.1159195  0.0224674  0.0228631  0.1695916  0.1572036  0.0234690  0.0240127  0.3102471  0.3440679  0.0256603  0.0237523  0.0224857  0.0257765  0.1820941  0.2034144  0.0244968  0.0243834  0.1069558  0.1063666  0.0295211  0.0296445  0.2321876  0.2338279  0.0281910  0.0205475  0.0259395  0.0265353
 4  0.0433172  0.0426627  0.0393080  0.0304145  0.0307482  0.0425488  0.0384772  0.0167841  0.0178378  0.0427934  0.0398638  0.0346984  0.0367885  0.0359158  0.0442107  0.0407022  0.0382071  0.0328246  0.0370143  0.0408956  0.0355783  0.0170786  0.0287944  0.0440353  0.0424035  0.0450375  0.0445670
 1  0.1235830  0.0585869  0.0394462  0.0872105  0.0584316  0.1139044  0.1076610  0.1671342  0.2085066  0.0734404  0.0527387  0.0780674  0.0757830  0.1178630  0.1237186  0.2323314  0.2585951  0.3575567  0.4716297  0.3365238  0.2858272  0.3515564  0.4050655  0.2285123  0.2639161  0.1200967  0.1005544
 2  0.0244388  0.0095841  0.0063001  0.0133420  0.0090835  0.0203332  0.0222880  0.0401186  0.0517929  0.0134027  0.0092077  0.0148865  0.0162392  0.0263013  0.0253751  0.0471593  0.0528589  0.0737949  0.0966642  0.0550484  0.0468793  0.0612829  0.0754642  0.0437274  0.0468323  0.0210213  0.0157891
 3  0.1139036  0.0255040  0.0185764  0.0200720  0.0217931  0.0236919  0.0244608  0.0351437  0.0279960  0.0578462  0.0479758  0.0245872  0.0300254  0.1046771  0.1042523  0.0246789  0.0299877  0.0260039  0.0272563  0.0230341  0.0175233  0.0248651  0.0199871  0.1423725  0.1471787  0.0225191  0.0237133
 4  0.0466939  0.0442932  0.0460969  0.0469798  0.0419858  0.0364011  0.0331368  0.0377265  0.0480372  0.0519513  0.0412507  0.0359994  0.0380266  0.0481519  0.0440876  0.0403728  0.0417919  0.0349964  0.0425188  0.0414421  0.0365040  0.0430563  0.0335837  0.0334986  0.0351715  0.0457344  0.0449540
 1  0.1114495  0.0533970  0.0369296  0.0578997  0.0485443  0.0384981  0.0357043  0.0739506  0.0656072  0.0506759  0.0420054  0.0825525  0.0788064  0.1106046  0.1193657  0.1954413  0.2505804  0.2790910  0.3966153  0.2814171  0.2627946  0.0652059  0.0534105  0.1229845  0.1239445  0.1176654  0.0965172
 2  0.0220729  0.0089712  0.0060480  0.0102024  0.0089235  0.0077718  0.0072596  0.0151642  0.0122130  0.0092837  0.0082737  0.0169899  0.0172494  0.0256442  0.0291372  0.0492651  0.0651536  0.0737536  0.0865614  0.0511683  0.0401939  0.0106987  0.0099084  0.0252089  0.0260965  0.0224652  0.0171846
 3  0.1026403  0.0207539  0.0191143  0.0229593  0.0265414  0.0274279  0.0260144  0.0256776  0.0265172  0.0225518  0.0285670  0.0279581  0.0326206  0.0262806  0.0304560  0.0310579  0.0304102  0.0293164  0.0251472  0.0257557  0.0217837  0.0234025  0.0257898  0.0270307  0.0280805  0.0260620  0.0248982
 4  0.0426156  0.0451094  0.0372536  0.0398722  0.0387957  0.0417770  0.0385062  0.0461370  0.0449481  0.0417919  0.0422563  0.0403330  0.0429720  0.0349946  0.0364119  0.0343378  0.0359829  0.0376953  0.0428581  0.0452618  0.0420913  0.0408613  0.0359940  0.0396032  0.0457299  0.0492354  0.0452085
 1  0.1170474  0.0604436  0.0409603  0.0496500  0.0392929  0.0555230  0.0482352  0.1623615  0.2034245  0.0499220  0.0443143  0.0797034  0.0712875  0.1419813  0.1669362  0.1900313  0.2251162  0.1518942  0.1589368  0.1610449  0.1469418  0.1107323  0.0880500  0.0664988  0.0653226  0.0638022  0.0750631
 2  0.0222378  0.0097575  0.0065864  0.0085091  0.0068224  0.0102424  0.0098653  0.0371451  0.0451501  0.0104132  0.0082836  0.0150606  0.0142379  0.0313211  0.0396357  0.0456826  0.0534990  0.0322690  0.0308844  0.0300075  0.0260535  0.0188023  0.0159514  0.0133245  0.0148064  0.0155506  0.0180227
 3  0.1084871  0.0215371  0.0201318  0.0202245  0.0220953  0.0239147  0.0214724  0.1132420  0.1149062  0.0238485  0.0245881  0.0231681  0.0272038  0.0766306  0.0793319  0.0260040  0.0267549  0.1125190  0.1199114  0.0219161  0.0225530  0.0271273  0.0235497  0.0292575  0.0406246  0.1763084  0.1787030
 4  0.0409754  0.0428625  0.0392533  0.0406004  0.0419125  0.0364771  0.0317245  0.0327332  0.0367258  0.0446932  0.0432425  0.0384277  0.0357265  0.0337594  0.0350322  0.0370645  0.0380119  0.0416031  0.0397107  0.0399457  0.0454980  0.0446926  0.0397351  0.0354814  0.0376515  0.0320893  0.0381303
 1  0.1287303  0.0575278  0.0383702  0.1382237  0.0939719  0.3966659  0.4999321  0.3484702  0.3267968  0.3619119  0.3802476  0.5548082  0.6957949  0.3973271  0.2830772  0.2428187  0.2034601  0.1100798  0.1195726  0.1112198  0.1162186  0.0531857  0.0552891  0.1545165  0.1548055  0.1535998  0.1836003
 2  0.0248432  0.0092194  0.0060692  0.0205686  0.0152007  0.0734516  0.0821863  0.0541480  0.0566471  0.0630706  0.0638033  0.0927830  0.1113586  0.0556463  0.0340308  0.0354407  0.0352391  0.0215312  0.0251701  0.0243763  0.0260020  0.0115753  0.0113014  0.0309368  0.0321169  0.0339975  0.0384083
 3  0.1190409  0.0279430  0.0154982  0.0170193  0.0237106  0.0265763  0.0250747  0.0195203  0.0269638  0.0230170  0.0239740  0.0223927  0.0174333  0.0175577  0.0180332  0.0155134  0.0239922  0.1247329  0.1260501  0.0307550  0.0298241  0.1476610  0.1466704  0.0234477  0.0277772  0.1100899  0.1054689
 4  0.0466638  0.0497208  0.0498406  0.0430762  0.0384974  0.0441249  0.0418717  0.0395717  0.0408455  0.0405509  0.0438998  0.0384200  0.0408356  0.0535546  0.0490896  0.0396166  0.0382151  0.0321531  0.0339857  0.0386214  0.0380136  0.0404460  0.0388479  0.0356731  0.0362864  0.0370731  0.0399283
 1  0.1219628  0.0647839  0.0436826  0.0600361  0.0520980  0.0716685  0.0662794  0.0827926  0.0756648  0.0943783  0.1012030  0.1644649  0.1865333  0.1193770  0.1114834  0.0730801  0.0542327  0.0829340  0.0491630  0.1523449  0.1568196  0.1825533  0.2473038  0.1511732  0.2000908  0.1303008  0.1300039
 2  0.0230466  0.0103876  0.0069658  0.0105270  0.0103878  0.0142472  0.0127108  0.0159606  0.0152349  0.0199578  0.0226029  0.0386397  0.0395878  0.0245160  0.0182477  0.0120120  0.0087531  0.0117631  0.0076528  0.0280723  0.0341256  0.0469617  0.0725113  0.0461829  0.0529644  0.0287289  0.0256924
 3  0.1131144  0.0206359  0.0166397  0.0214308  0.0247650  0.1266302  0.1394111  0.0247646  0.0309352  0.1073679  0.1084022  0.0242677  0.0295602  0.0538380  0.0565784  0.0214708  0.0241633  0.0213657  0.0201257  0.0222594  0.0247409  0.0306161  0.0296660  0.0313700  0.0307455  0.0240849  0.0269415
 4  0.0426943  0.0454966  0.0387756  0.0345072  0.0369309  0.0377858  0.0394708  0.0407388  0.0393689  0.0351091  0.0327147  0.0391575  0.0414153  0.0482737  0.0472803  0.0470989  0.0578193  0.0532657  0.0444313  0.0358778  0.0336208  0.0358421  0.0340778  0.0424024  0.0444606  0.0449850  0.0402777
 1  0.1113715  0.0545555  0.0374960  0.0636471  0.0470840  0.1175996  0.1101394  0.2265033  0.3342223  0.1382789  0.1226091  0.0543218  0.0384535  0.0864049  0.0886196  0.1489450  0.1338505  0.1308035  0.1294325  0.1500664  0.1966981  0.2144263  0.1183773  0.1188362  0.1223146  0.0981603  0.1279515
 2  0.0213932  0.0089726  0.0060967  0.0102399  0.0081542  0.0219023  0.0223025  0.0505893  0.0752053  0.0266043  0.0212388  0.0086904  0.0065936  0.0165282  0.0190230  0.0302062  0.0251869  0.0255399  0.0268897  0.0326606  0.0431296  0.0290618  0.0177603  0.0215720  0.0262131  0.0240616  0.0324800
 3  0.1030635  0.0235941  0.0248548  0.0428830  0.0431710  0.0272171  0.0284617  0.1982647  0.2087035  0.0276926  0.0246766  0.0223609  0.0211829  0.1215367  0.1201394  0.0304771  0.0220244  0.0224542  0.0252528  0.2491603  0.2702248  0.0260346  0.0164311  0.0253494  0.0262855  0.1992692  0.2187453
 4  0.0401234  0.0442098  0.0439397  0.0423648  0.0391299  0.0386553  0.0354966  0.0277544  0.0310663  0.0449590  0.0473445  0.0436838  0.0408733  0.0303803  0.0358892  0.0467846  0.0408229  0.0355619  0.0345237  0.0254621  0.0515043  0.0506800  0.0425901  0.0338114  0.0347741  0.0200509  0.0227528
 1  0.1145158  0.0382533  0.0260534  0.0465776  0.0378035  0.1547416  0.1765899  0.0891986  0.0767909  0.0913484  0.0780351  0.0637416  0.0482916  0.0841225  0.0820704  0.0546507  0.0612435  0.0806239  0.0873995  0.0856198  0.0922107  0.0939761  0.0920675  0.0943872  0.1201404  0.0490952  0.0444009
 2  0.0226344  0.0063279  0.0042325  0.0079591  0.0072131  0.0335440  0.0402460  0.0182097  0.0152578  0.0171149  0.0150658  0.0112996  0.0088183  0.0168048  0.0177644  0.0127082  0.0149045  0.0198792  0.0214722  0.0207381  0.0220689  0.0207411  0.0199275  0.0218551  0.0258282  0.0097626  0.0092556
 3  0.1056338  0.0297084  0.0221615  0.0250898  0.0242487  0.0265048  0.0279975  0.0225421  0.0256500  0.0265256  0.0232392  0.0297163  0.0220298  0.0283392  0.0283135  0.1435740  0.1554967  0.0272919  0.0289545  0.0422821  0.0394349  0.0472777  0.0367889  0.2215264  0.2484650  0.0234048  0.0297100
 4  0.0427542  0.0459761  0.0448749  0.0391870  0.0361618  0.0340678  0.0412898  0.0378269  0.0409132  0.0390243  0.0442154  0.0465492  0.0407562  0.0382629  0.0368520  0.0274037  0.0283366  0.0365852  0.0373429  0.0363381  0.0382392  0.0429032  0.0330469  0.0133270  0.0199712  0.0362880  0.0376851
 1  0.1157815  0.0385393  0.0261635  0.0570348  0.0450895  0.0952022  0.0958687  0.0782605  0.0761537  0.1019311  0.1083600  0.0724752  0.0572008  0.0586025  0.0672726  0.1135148  0.1195323  0.0919677  0.1017689  0.1098886  0.1047193  0.0344024  0.0321902  0.0635894  0.0597391  0.0896101  0.0784322
 2  0.0229241  0.0064152  0.0042644  0.0096872  0.0080575  0.0182242  0.0192256  0.0162908  0.0163054  0.0229116  0.0204268  0.0124894  0.0107527  0.0125410  0.0164325  0.0281813  0.0281132  0.0205193  0.0216609  0.0222726  0.0214773  0.0070763  0.0069785  0.0138846  0.0123221  0.0171783  0.0154420
 3  0.1066490  0.0225095  0.0195499  0.0236808  0.0249272  0.1402561  0.1343279  0.0272197  0.0299502  0.1015880  0.1096803  0.0228886  0.0240577  0.1417977  0.1341690  0.0305796  0.0223638  0.1389324  0.1393250  0.0301969  0.0247259  0.0664913  0.0655956  0.0279670  0.0239722  0.0635036  0.0571302
 4  0.0440659  0.0447561  0.0421563  0.0417661  0.0375404  0.0359296  0.0319398  0.0375786  0.0370318  0.0419060  0.0535250  0.0416131  0.0366000  0.0236178  0.0286628  0.0402957  0.0368731  0.0326670  0.0329956  0.0398903  0.0375448  0.0404138  0.0419072  0.0448893  0.0434396  0.0418870  0.0394376
 1  0.1290325  0.0541984  0.0356628  0.0515263  0.0343085  0.0944961  0.0804315  0.1060940  0.1136322  0.0930836  0.1164366  0.1719588  0.1720328  0.0816924  0.0800144  0.1502696  0.1727783  0.1624970  0.1545712  0.0688366  0.0433254  0.0455313  0.0419358  0.1099672  0.1159355  0.1591092  0.2023899
 2  0.0246445  0.0086157  0.0056340  0.0079543  0.0053626  0.0154074  0.0144214  0.0216137  0.0265336  0.0227498  0.0262638  0.0346871  0.0319702  0.0153792  0.0164828  0.0338102  0.0399578  0.0330132  0.0263010  0.0099582  0.0070106  0.0083936  0.0082531  0.0236814  0.0276214  0.0412548  0.0543660
 3  0.1195162  0.0214081  0.0167167  0.0228526  0.0243020  0.1885031  0.1767950  0.0234195  0.0262469  0.2425617  0.2838448  0.0254683  0.0260820  0.1204941  0.1217189  0.0278244  0.0268835  0.1422469  0.1610961  0.0224992  0.0190388  0.0895601  0.0938091  0.0288082  0.0302816  0.0315241  0.0321458
 4  0.0458670  0.0449009  0.0496566  0.0455295  0.0466583  0.0326677  0.0244844  0.0341795  0.0355065  0.0210114  0.0195715  0.0415590  0.0407092  0.0334096  0.0310551  0.0357270  0.0418894  0.0488145  0.0521443  0.0430258  0.0403577  0.0346854  0.0376333  0.0378099  0.0380872  0.0359732  0.0392393
 1  0.1183230  0.0454547  0.0306450  0.0959301  0.0843326  0.1115535  0.1070852  0.1152694  0.1156521  0.0642086  0.0503878  0.1164500  0.1256845  0.1459950  0.1587436  0.0966592  0.0990319  0.1544439  0.1325364  0.1108807  0.1004561  0.1405889  0.1375007  0.1162798  0.1339788  0.0705702  0.0611062
 2  0.0224026  0.0073735  0.0049374  0.0168092  0.0154275  0.0216156  0.0219288  0.0222777  0.0200798  0.0106502  0.0090934  0.0235258  0.0284066  0.0344146  0.0343509  0.0199198  0.0199491  0.0289408  0.0221023  0.0192563  0.0189388  0.0273523  0.0287077  0.0265921  0.0295438  0.0139875  0.0119802
 3  0.1097152  0.0247999  0.0206793  0.0525590  0.0611994  0.0272104  0.0293717  0.2763691  0.3159797  0.0207136  0.0205795  0.0723177  0.0702188  0.0305229  0.0276903  0.1261574  0.1216066  0.0271865  0.0255175  0.1114886  0.1082944  0.0293341  0.0263878  0.0886741  0.0834248  0.0257528  0.0245824
 4  0.0420017  0.0435243  0.0380720  0.0372503  0.0382416  0.0402264  0.0405945  0.0321020  0.0264961  0.0414052  0.0361672  0.0388811  0.0345203  0.0397763  0.0410561  0.0370376  0.0379962  0.0501752  0.0470121  0.0383170  0.0359190  0.0431198  0.0351382  0.0350543  0.0405060  0.0442489  0.0416247
 1  0.1082802  0.0611933  0.0425498  0.0502172  0.0440804  0.1513850  0.1856662  0.1201550  0.1072043  0.0534477  0.0362226  0.0831673  0.0834738  0.1902034  0.2357271  0.2080859  0.2273326  0.0539271  0.0411414  0.1121968  0.1136682  0.2924853  0.3644992  0.1932576  0.1829072  0.1921427  0.1374996
 2  0.0206362  0.0100639  0.0069393  0.0090396  0.0087220  0.0331324  0.0424121  0.0245750  0.0199768  0.0085452  0.0061839  0.0163077  0.0186426  0.0470157  0.0600485  0.0492522  0.0428519  0.0091460  0.0074426  0.0224711  0.0249216  0.0664260  0.0772254  0.0372660  0.0293196  0.0287039  0.0217563
 3  0.1003378  0.0249002  0.0249017  0.0202605  0.0305601  0.1227615  0.1177665  0.0238961  0.0201319  0.0210538  0.0224574  0.0282561  0.0273411  0.0321163  0.0293342  0.0270504  0.0271640  0.0195186  0.0251127  0.0262175  0.0291701  0.0299336  0.0244473  0.0579665  0.0663218  0.0214660  0.0210357
 4  0.0383101  0.0437835  0.0360523  0.0337030  0.0347381  0.0330018  0.0375951  0.0440443  0.0460470  0.0428641  0.0394842  0.0363953  0.0348114  0.0365934  0.0373661  0.0426305  0.0461114  0.0406500  0.0376356  0.0357256  0.0395398  0.0399024  0.0371276  0.0439921  0.0498252  0.0463602  0.0407504
 1  0.1326288  0.0640348  0.0422558  0.0757484  0.0669672  0.0848347  0.0668961  0.1584378  0.1595395  0.2061209  0.2518720  0.0942247  0.1025356  0.1175315  0.1030939  0.0917885  0.0690273  0.1023322  0.0932232  0.1549538  0.1800565  0.1813737  0.1969570  0.1136119  0.1207453  0.0870011  0.0898483
 2  0.0249980  0.0100864  0.0066350  0.0132029  0.0124347  0.0153251  0.0112405  0.0284709  0.0312585  0.0448189  0.0568471  0.0208985  0.0217150  0.0229600  0.0175534  0.0154871  0.0110696  0.0182218  0.0192271  0.0359043  0.0431692  0.0413561  0.0430232  0.0246107  0.0268011  0.0192074  0.0194604
 3  0.1230205  0.0257011  0.0234781  0.0658028  0.0670805  0.0281156  0.0243556  0.1197371  0.1200169  0.0243406  0.0293730  0.1321290  0.1406074  0.0249761  0.0295027  0.0211899  0.0254766  0.0226619  0.0266172  0.0311043  0.0325710  0.0294609  0.0263979  0.0283648  0.0268057  0.0915909  0.0893938
 4  0.0462208  0.0462052  0.0372924  0.0336310  0.0371357  0.0515020  0.0424870  0.0409710  0.0329429  0.0350307  0.0379858  0.0329895  0.0342225  0.0433140  0.0486131  0.0448608  0.0452846  0.0380962  0.0337147  0.0396742  0.0428850  0.0415486  0.0375313  0.0386014  0.0373176  0.0386914  0.0352636
 1  0.1083181  0.0627130  0.0439714  0.0346350  0.0274129  0.0647376  0.0654714  0.0996560  0.0965790  0.0480397  0.0394455  0.0670768  0.0609181  0.0676168  0.0690947  0.0976596  0.1056563  0.0827632  0.0948876  0.0825377  0.1048041  0.0568246  0.0490560  0.0865059  0.0884478  0.1031719  0.0858667
 2  0.0208560  0.0103741  0.0071812  0.0059389  0.0050177  0.0129316  0.0134051  0.0213765  0.0178438  0.0086305  0.0077823  0.0134772  0.0129437  0.0154234  0.0163300  0.0225126  0.0242155  0.0200428  0.0242958  0.0216753  0.0272007  0.0120238  0.0097982  0.0178453  0.0194656  0.0202486  0.0164713
 3  0.1001866  0.0294098  0.0191211  0.0211307  0.0268739  0.1269966  0.1281599  0.0253301  0.0295943  0.0233836  0.0262395  0.0286328  0.0270379  0.0283162  0.0285366  0.1038436  0.1052215  0.0338205  0.0313774  0.1809417  0.2037049  0.0291283  0.0250998  0.0608846  0.0671804  0.0269543  0.0259116
 4  0.0388983  0.0476760  0.0402247  0.0379934  0.0347379  0.0356112  0.0383481  0.0432887  0.0474824  0.0404573  0.0397761  0.0416992  0.0386956  0.0381963  0.0405511  0.0321452  0.0273093  0.0358793  0.0362302  0.0169788  0.0245257  0.0431949  0.0394541  0.0368515  0.0422625  0.0440208  0.0380884
 1  0.1220607  0.2406015  0.1813558  0.1403868  0.1275855  0.2466624  0.2598327  0.1984238  0.1533500  0.1010126  0.0923224  0.1490853  0.1473901  0.1616653  0.1509717  0.0954636  0.1197647  0.1279878  0.1008623  0.2216710  0.2608329  0.1562822  0.0921918  0.1241281  0.1276466  0.1401115  0.1781048
 2  0.0234936  0.0387903  0.0276948  0.0234996  0.0230069  0.0464121  0.0504314  0.0330371  0.0257205  0.0183448  0.0178899  0.0288478  0.0269504  0.0292186  0.0290448  0.0205768  0.0237480  0.0216071  0.0181457  0.0432347  0.0541401  0.0226924  0.0144588  0.0229226  0.0276950  0.0354201  0.0476466
 3  0.1129126  0.0267420  0.0210389  0.0564753  0.0664194  0.0280892  0.0208940  0.0215276  0.0207695  0.0244364  0.0262664  0.1568316  0.1763455  0.0272797  0.0287103  0.2545192  0.2977570  0.0182508  0.0234010  0.0902165  0.0917296  0.0281914  0.0186213  0.0235742  0.0270958  0.0665743  0.0610643
 4  0.0437848  0.0434494  0.0402060  0.0419920  0.0387373  0.0347621  0.0414329  0.0464760  0.0395686  0.0388708  0.0424015  0.0355919  0.0391333  0.0401348  0.0382808  0.0160695  0.0270310  0.0371485  0.0347869  0.0319105  0.0526756  0.0521634  0.0424218  0.0325862  0.0308624  0.0390034  0.0425185
 1  0.1223909  0.0296087  0.0196246  0.0370000  0.0230248  0.0879392  0.0858948  0.1108023  0.1078417  0.1397493  0.1429496  0.2767186  0.3778819  0.4253763  0.7003708  0.2289476  0.1494628  0.0364836  0.0187035  0.0474546  0.0379858  0.0905751  0.0935563  0.1420853  0.1677087  0.1211385  0.1173215
 2  0.0234945  0.0048034  0.0031703  0.0054111  0.0038145  0.0162919  0.0163899  0.0221288  0.0226021  0.0296575  0.0306353  0.0633485  0.0908318  0.0970466  0.1433645  0.0335591  0.0181898  0.0044338  0.0028038  0.0079667  0.0072538  0.0196236  0.0226958  0.0374381  0.0380471  0.0248954  0.0245902
 3  0.1132614  0.0185269  0.0209540  0.0202448  0.0192596  0.1305152  0.1327117  0.0280353  0.0279527  0.0273575  0.0270122  0.0249804  0.0300905  0.0919754  0.0996829  0.0160635  0.0193106  0.0160516  0.0189765  0.0222191  0.0265574  0.0261292  0.0274737  0.0285589  0.0262035  0.0263918  0.0280631
 4  0.0441167  0.0442782  0.0542507  0.0427023  0.0375110  0.0350187  0.0378302  0.0418641  0.0386349  0.0397979  0.0388213  0.0353866  0.0353879  0.0321072  0.0346318  0.0546275  0.0580657  0.0455355  0.0417611  0.0368122  0.0361810  0.0333952  0.0343540  0.0438360  0.0440382  0.0401918  0.0394673
 1  0.1338174  0.0140389  0.0089675  0.0449071  0.0352817  0.0488576  0.0421219  0.0554151  0.0487407  0.0507799  0.0472093  0.0602235  0.0617357  0.0765564  0.0922427  0.0731154  0.0647768  0.1342220  0.1399343  0.1352301  0.1344872  0.1036622  0.0972599  0.1358388  0.1478865  0.2405600  0.3010680
 2  0.0253898  0.0022255  0.0014259  0.0075994  0.0063492  0.0090129  0.0076069  0.0108244  0.0084580  0.0093340  0.0093547  0.0129210  0.0149975  0.0209209  0.0252360  0.0159504  0.0135002  0.0281418  0.0299520  0.0286169  0.0293164  0.0216399  0.0196971  0.0292965  0.0334920  0.0562791  0.0689042
 3  0.1239903  0.0191093  0.0156233  0.0204422  0.0226242  0.1164457  0.1101988  0.0263463  0.0325155  0.1649429  0.1680961  0.0281797  0.0278726  0.0679944  0.0770121  0.0286055  0.0263863  0.0298209  0.0308576  0.0268857  0.0286666  0.0285799  0.0264173  0.0260843  0.0290713  0.0265638  0.0280551
 4  0.0476223  0.0423094  0.0409784  0.0394887  0.0394525  0.0445382  0.0379791  0.0514486  0.0482774  0.0216790  0.0246740  0.0371168  0.0326144  0.0357431  0.0514872  0.0439589  0.0387477  0.0405394  0.0429539  0.0401139  0.0381380  0.0414237  0.0438296  0.0349757  0.0378482  0.0372235  0.0402461
 1  0.1259169  0.0450326  0.0296014  0.0413305  0.0271120  0.0871292  0.0859246  0.1389742  0.1336479  0.1340058  0.1444229  0.2049684  0.2471825  0.1289634  0.1289523  0.1502429  0.1388670  0.2332356  0.2608159  0.2474016  0.2900614  0.1363392  0.0984917  0.1198093  0.0997401  0.1079624  0.0900787
 2  0.0239017  0.0071450  0.0047122  0.0061849  0.0046083  0.0171109  0.0178849  0.0288844  0.0277734  0.0288526  0.0326705  0.0486508  0.0557578  0.0263718  0.0252050  0.0281274  0.0272127  0.0483749  0.0511546  0.0483684  0.0562918  0.0224571  0.0153367  0.0203283  0.0170477  0.0187109  0.0174727
 3  0.1166749  0.0204090  0.0194715  0.0211902  0.0239385  0.0233609  0.0247858  0.0265654  0.0257442  0.0259974  0.0251542  0.0267862  0.0291616  0.0989801  0.1013510  0.0228985  0.0220618  0.0256105  0.0265811  0.1080331  0.1048641  0.0254636  0.0194277  0.0213537  0.0257768  0.0265156  0.0255328
 4  0.0437607  0.0442185  0.0488910  0.0435784  0.0392907  0.0361813  0.0393933  0.0390307  0.0372799  0.0371868  0.0365303  0.0399140  0.0433809  0.0395741  0.0373538  0.0384069  0.0357282  0.0369173  0.0411577  0.0380978  0.0428062  0.0460687  0.0398774  0.0433295  0.0454819  0.0432331  0.0401040
 1  0.1118120  0.0964238  0.0683608  0.0615007  0.0518634  0.0958737  0.0800723  0.1673179  0.1566896  0.1931190  0.1527445  0.1201015  0.1356613  0.2064502  0.2540421  0.2001618  0.2399190  0.1222924  0.1307361  0.0813749  0.0798509  0.0906183  0.0939916  0.0709720  0.0535554  0.0523242  0.0496890
 2  0.0220355  0.0160806  0.0110499  0.0108302  0.0093780  0.0168842  0.0150187  0.0324129  0.0271913  0.0311386  0.0270452  0.0245370  0.0298862  0.0484108  0.0623974  0.0475550  0.0537889  0.0254440  0.0269782  0.0167623  0.0172058  0.0194286  0.0198213  0.0126833  0.0097564  0.0104852  0.0103751
 3  0.1031050  0.0230201  0.0212359  0.0198646  0.0213214  0.0740245  0.0709947  0.0256289  0.0266028  0.0226382  0.0259587  0.0728874  0.0838334  0.0275700  0.0300791  0.0272273  0.0287684  0.1422290  0.1361920  0.0292269  0.0273352  0.1279076  0.1362836  0.0214786  0.0238625  0.0253356  0.0282881
 4  0.0419424  0.0430690  0.0412777  0.0382525  0.0448505  0.0447526  0.0421937  0.0449795  0.0481071  0.0452782  0.0399228  0.0331366  0.0395620  0.0359697  0.0355512  0.0380954  0.0398281  0.0361129  0.0328087  0.0328389  0.0382076  0.0345794  0.0424553  0.0381733  0.0368051  0.0395143  0.0374253
 1  0.1216805  0.0775382  0.0526230  0.0623811  0.0526924  0.0792316  0.0731352  0.0746129  0.0626274  0.1262566  0.1236794  0.2106006  0.2569916  0.2209710  0.2513228  0.2272643  0.2060825  0.0831693  0.0712609  0.1225119  0.1248964  0.1621076  0.1424603  0.1763607  0.1653318  0.2144712  0.2554205
 2  0.0233076  0.0124971  0.0083697  0.0108562  0.0097710  0.0156257  0.0133556  0.0136217  0.0116957  0.0249072  0.0261024  0.0476850  0.0619935  0.0474731  0.0470373  0.0388948  0.0352996  0.0142352  0.0128015  0.0244915  0.0251779  0.0308265  0.0256735  0.0319928  0.0318136  0.0451986  0.0581391
 3  0.1125661  0.0236061  0.0202741  0.0240858  0.0252846  0.0689885  0.0663103  0.0251972  0.0243370  0.0252907  0.0285482  0.0306562  0.0287768  0.1750381  0.2051188  0.0228442  0.0280572  0.1270506  0.1196709  0.0246383  0.0277580  0.0260343  0.0233495  0.0260107  0.0256709  0.0274510  0.0258921
 4  0.0435238  0.0436512  0.0400636  0.0365159  0.0387422  0.0430357  0.0421036  0.0427612  0.0415963  0.0369017  0.0398769  0.0377680  0.0398709  0.0385395  0.0369745  0.0433194  0.0425864  0.0413919  0.0362022  0.0371914  0.0432175  0.0451769  0.0442752  0.0409055  0.0383637  0.0367829  0.0445271
 1  0.1291358  0.0481336  0.0315628  0.0565602  0.0407900  0.1369974  0.1336832  0.2115029  0.2479030  0.2082997  0.2569577  0.1588081  0.0900294  0.1140943  0.1197056  0.1374018  0.1459523  0.0672088  0.0673153  0.0669922  0.0677994  0.1162775  0.1187407  0.0811782  0.0771393  0.1237977  0.1451733
 2  0.0246433  0.0076257  0.0049935  0.0089525  0.0070834  0.0256564  0.0266768  0.0456288  0.0531377  0.0440454  0.0484462  0.0210696  0.0139398  0.0207331  0.0245556  0.0303687  0.0321667  0.0147966  0.0149258  0.0145601  0.0147593  0.0253520  0.0258170  0.0170972  0.0167999  0.0283957  0.0314090
 3  0.1195893  0.0243328  0.0233904  0.0222514  0.0227268  0.0690460  0.0705139  0.0274335  0.0289649  0.1801411  0.1978154  0.0178304  0.0169461  0.1120356  0.1042786  0.0287516  0.0284003  0.0255275  0.0301662  0.1100129  0.1151149  0.0248824  0.0274469  0.0281175  0.0258316  0.1221022  0.1291147
 4  0.0454104  0.0444298  0.0465607  0.0399422  0.0386713  0.0331378  0.0334940  0.0390038  0.0359617  0.0299315  0.0529942  0.0441394  0.0381453  0.0354181  0.0355860  0.0390155  0.0384079  0.0389760  0.0377598  0.0339154  0.0367274  0.0368978  0.0417389  0.0387593  0.0363121  0.0317622  0.0339716
 1  0.1456978  0.0688853  0.0437558  0.0977212  0.0755206  0.0936064  0.0794565  0.1701873  0.1468580  0.1695376  0.2013729  0.1311909  0.1491042  0.1036819  0.1069333  0.1089353  0.1256358  0.1023571  0.1011654  0.0765907  0.0789929  0.0629364  0.0538169  0.0374528  0.0293289  0.0953295  0.1001428
 2  0.0272533  0.0105586  0.0067199  0.0155641  0.0130534  0.0174937  0.0125991  0.0284706  0.0275521  0.0362877  0.0480711  0.0300184  0.0311296  0.0210740  0.0227724  0.0237727  0.0264249  0.0209504  0.0205344  0.0157875  0.0164924  0.0128139  0.0092684  0.0064347  0.0056577  0.0204152  0.0239117
 3  0.1352938  0.0182094  0.0231715  0.0487760  0.0545188  0.0284324  0.0307679  0.0224050  0.0234872  0.0300159  0.0317440  0.2054848  0.2301654  0.0243671  0.0294227  0.1935505  0.2160682  0.0301523  0.0267624  0.1312968  0.1211461  0.0269231  0.0304080  0.0218510  0.0248006  0.0297804  0.0270437
 4  0.0503031  0.0440699  0.0425873  0.0408271  0.0418622  0.0549372  0.0515522  0.0415998  0.0370325  0.0351110  0.0406822  0.0301512  0.0221676  0.0345777  0.0403539  0.0295703  0.0331666  0.0380690  0.0349553  0.0366235  0.0368635  0.0479592  0.0463368  0.0389760  0.0341900  0.0359871  0.0457962
 1  0.1394635  0.1067567  0.0702637  0.0999635  0.0825488  0.1316186  0.1403762  0.1557197  0.1621376  0.0911522  0.0663119  0.0936946  0.0904037  0.0939810  0.1037029  0.0964485  0.1005752  0.0513884  0.0507741  0.0980268  0.0865248  0.1155143  0.1279034  0.1176081  0.1109029  0.1447681  0.1630357
 2  0.0258566  0.0164305  0.0107797  0.0166955  0.0145717  0.0253557  0.0294829  0.0335228  0.0328898  0.0154140  0.0116380  0.0182001  0.0180529  0.0200922  0.0239504  0.0225355  0.0220624  0.0111941  0.0093884  0.0179153  0.0165152  0.0241360  0.0279153  0.0244054  0.0230741  0.0316740  0.0390505
 3  0.1297000  0.0211302  0.0211897  0.0222281  0.0228864  0.1239945  0.1263455  0.0238632  0.0238699  0.0276401  0.0219490  0.0255186  0.0265478  0.1319252  0.1334167  0.0275286  0.0278724  0.1248668  0.1343272  0.0239868  0.0258462  0.1068106  0.1069436  0.0283622  0.0273848  0.0217361  0.0255112
 4  0.0471594  0.0436893  0.0426054  0.0386584  0.0382813  0.0285842  0.0330297  0.0375845  0.0475670  0.0446192  0.0399463  0.0383478  0.0382868  0.0349332  0.0318011  0.0443063  0.0400397  0.0451560  0.0440548  0.0416645  0.0375980  0.0330149  0.0381232  0.0435178  0.0368982  0.0304402  0.0344802
 1  0.1220500  0.1105702  0.0772102  0.0918618  0.0826629  0.0822550  0.0680865  0.1321264  0.1192503  0.1214084  0.1211942  0.1424573  0.1399426  0.2741124  0.3434386  0.3365055  0.2846530  0.1511671  0.1513331  0.2130484  0.2152335  0.1223553  0.1245286  0.1997002  0.2133253  0.0964641  0.0864540
 2  0.0232430  0.0178040  0.0121931  0.0163862  0.0150472  0.0144846  0.0126540  0.0248623  0.0223121  0.0243359  0.0254609  0.0296076  0.0288238  0.0587208  0.0764504  0.0581901  0.0469208  0.0274841  0.0297140  0.0420729  0.0429883  0.0246631  0.0248620  0.0411927  0.0398685  0.0174536  0.0170832
 3  0.1131263  0.0255252  0.0168838  0.0240876  0.0236718  0.0793332  0.0738117  0.0256945  0.0263255  0.0242954  0.0306150  0.0272028  0.0272846  0.0255323  0.0265150  0.0277216  0.0197246  0.0220813  0.0263714  0.0255766  0.0281247  0.0823491  0.0772561  0.0294538  0.0237699  0.0691496  0.0558989
 4  0.0431712  0.0484475  0.0378887  0.0378955  0.0428290  0.0472117  0.0426881  0.0426692  0.0397902  0.0368821  0.0441973  0.0401843  0.0400253  0.0354161  0.0441361  0.0445858  0.0359557  0.0342623  0.0387028  0.0384750  0.0418462  0.0332115  0.0335945  0.0464099  0.0414732  0.0363193  0.0313587
 1  0.1033990  0.1104242  0.0804978  0.1009727  0.0771427  0.1515912  0.1400495  0.1040946  0.1067239  0.0557647  0.0586562  0.1029631  0.1072100  0.0321621  0.0311080  0.1121098  0.1288316  0.1807082  0.2086126  0.1764651  0.1816457  0.1608388  0.1497513  0.0965061  0.0990868  0.0406169  0.0290116
 2  0.0201090  0.0185609  0.0131381  0.0165133  0.0129013  0.0256167  0.0247786  0.0202034  0.0235995  0.0128257  0.0129582  0.0226210  0.0229655  0.0070620  0.0067823  0.0253660  0.0291503  0.0411292  0.0462106  0.0355831  0.0334512  0.0290511  0.0277063  0.0187379  0.0171247  0.0064694  0.0051481
 3  0.0955240  0.0228051  0.0206026  0.0235954  0.0205105  0.1980551  0.1974402  0.0274859  0.0261134  0.1302754  0.1352938  0.0279163  0.0287824  0.0277637  0.0260413  0.1235395  0.1191312  0.0275182  0.0318741  0.1340333  0.1459020  0.0257503  0.0239817  0.2174032  0.2331476  0.0207813  0.0235405
 4  0.0379955  0.0440781  0.0430259  0.0460427  0.0400334  0.0363451  0.0299414  0.0344063  0.0374660  0.0339138  0.0337480  0.0367199  0.0362225  0.0407302  0.0370863  0.0336142  0.0312047  0.0401422  0.0396457  0.0363564  0.0369559  0.0426393  0.0370382  0.0340502  0.0410740  0.0412837  0.0394103
 1  0.1289827  0.0726700  0.0484683  0.0399149  0.0228299  0.0875279  0.0887977  0.1218445  0.0848065  0.1034482  0.0970354  0.1069479  0.1209495  0.1258061  0.1440033  0.1658685  0.1704318  0.1212830  0.0901283  0.1044846  0.1015508  0.1066182  0.1157632  0.1146348  0.1346729  0.1673481  0.2349206
 2  0.0254748  0.0117440  0.0076399  0.0054602  0.0036226  0.0166600  0.0198578  0.0220263  0.0140449  0.0188711  0.0195169  0.0244169  0.0317620  0.0341329  0.0351924  0.0359251  0.0352373  0.0208000  0.0153884  0.0197536  0.0213764  0.0242309  0.0279027  0.0290833  0.0353736  0.0443926  0.0564901
 3  0.1188967  0.0233973  0.0162037  0.0211902  0.0195528  0.0235778  0.0279949  0.0290353  0.0211985  0.0245635  0.0275225  0.0283073  0.0300317  0.0332193  0.0282042  0.0268755  0.0292281  0.0286304  0.0203836  0.0276273  0.0263016  0.0470729  0.0459920  0.0276440  0.0322655  0.1572489  0.1698172
 4  0.0485996  0.0421058  0.0488178  0.0483720  0.0414739  0.0349922  0.0492618  0.0540765  0.0470429  0.0401687  0.0367399  0.0370656  0.0386166  0.0449211  0.0427544  0.0427319  0.0517371  0.0524205  0.0409268  0.0399646  0.0396619  0.0435336  0.0380753  0.0367866  0.0357119  0.0288205  0.0347360
 1  0.1303734  0.1043272  0.0711628  0.2011952  0.2102986  0.1426884  0.1297093  0.1297580  0.1154076  0.1112172  0.0970097  0.1048308  0.1228821  0.1341712  0.0968797  0.1093595  0.0952120  0.1710233  0.2091009  0.2645828  0.1656847  0.1468788  0.1472095  0.1913201  0.2197096  0.1375344  0.1658555
 2  0.0246442  0.0165740  0.0111299  0.0339972  0.0374787  0.0263367  0.0208378  0.0215914  0.0197006  0.0194372  0.0187232  0.0228945  0.0291642  0.0251312  0.0148222  0.0183334  0.0184337  0.0385791  0.0526424  0.0419908  0.0248943  0.0257122  0.0305043  0.0433275  0.0517437  0.0340860  0.0401411
 3  0.1208495  0.0286369  0.0214631  0.2169007  0.2164133  0.0260735  0.0248815  0.1783833  0.1826175  0.0210930  0.0276042  0.1171545  0.1196039  0.0256962  0.0208244  0.0223837  0.0257254  0.0292546  0.0342553  0.0298180  0.0172475  0.0229407  0.0281771  0.0293044  0.0290057  0.0277121  0.0318955
 4  0.0458997  0.0457397  0.0409007  0.0304943  0.0300385  0.0451682  0.0422103  0.0349247  0.0363685  0.0394247  0.0340532  0.0263570  0.0411001  0.0534756  0.0450745  0.0425737  0.0370118  0.0336092  0.0670974  0.0604233  0.0440611  0.0360633  0.0373940  0.0404839  0.0364988  0.0355439  0.0407308
 1  0.1268093  0.0785731  0.0529241  0.0681204  0.0576882  0.1061186  0.1047220  0.1772879  0.1944477  0.0842830  0.0608982  0.0959914  0.1078026  0.1232174  0.1265343  0.1548969  0.1515428  0.1347236  0.1300879  0.2250234  0.2923626  0.1710148  0.1734089  0.1206656  0.0757235  0.1619935  0.1653493
 2  0.0247688  0.0127079  0.0083521  0.0118376  0.0105913  0.0202754  0.0207915  0.0372290  0.0401719  0.0143656  0.0108860  0.0192314  0.0228966  0.0269848  0.0269322  0.0319756  0.0282618  0.0255561  0.0270467  0.0505570  0.0655706  0.0353690  0.0341712  0.0180517  0.0121566  0.0298389  0.0340432
 3  0.1170336  0.0236270  0.0150649  0.0188771  0.0245267  0.1362424  0.1371715  0.0239360  0.0246524  0.0256554  0.0275173  0.1490087  0.1410473  0.0283276  0.0210007  0.0265441  0.0239043  0.0247140  0.0254875  0.0914856  0.0970173  0.0286790  0.0259677  0.0201503  0.0201119  0.0251224  0.0306208
 4  0.0472314  0.0456910  0.0392317  0.0399221  0.0357963  0.0332159  0.0280344  0.0371120  0.0427362  0.0415464  0.0367767  0.0318930  0.0349500  0.0405561  0.0368843  0.0431563  0.0411337  0.0385547  0.0349611  0.0322701  0.0337661  0.0419449  0.0497036  0.0504799  0.0395703  0.0349165  0.0419579
 1  0.1361934  0.0865866  0.0570934  0.0781425  0.0641446  0.1457592  0.1412981  0.1597437  0.1077306  0.1111216  0.1203626  0.0970069  0.0833130  0.0952407  0.0924220  0.1309867  0.1581926  0.2210634  0.2903060  0.1093790  0.1017224  0.1148572  0.1143755  0.2545007  0.1796093  0.1769498  0.1789973
 2  0.0264105  0.0137034  0.0088579  0.0130717  0.0118668  0.0275514  0.0265865  0.0246121  0.0173791  0.0204263  0.0251653  0.0195073  0.0152557  0.0184850  0.0196017  0.0314130  0.0416528  0.0584974  0.0636927  0.0212650  0.0185823  0.0216378  0.0217775  0.0387501  0.0291060  0.0321738  0.0350041
 3  0.1257440  0.0199741  0.0170471  0.0222907  0.0242049  0.1144874  0.1177678  0.0240149  0.0209727  0.1681469  0.1562566  0.0291554  0.0255769  0.0257169  0.0293203  0.0293476  0.0306703  0.0888082  0.0993599  0.0253816  0.0251811  0.1424912  0.1388022  0.0246189  0.0172597  0.0247256  0.0278516
 4  0.0501259  0.0495384  0.0396001  0.0379921  0.0390368  0.0357509  0.0489794  0.0464144  0.0428499  0.0279052  0.0302417  0.0507286  0.0436863  0.0380444  0.0349729  0.0331676  0.0382085  0.0378504  0.0417926  0.0436017  0.0397632  0.0371759  0.0483593  0.0488210  0.0383105  0.0404289  0.0388704
 1  0.1185326  0.0608623  0.0413375  0.0323219  0.0270259  0.1289966  0.1468078  0.0901749  0.0598220  0.1134802  0.1113999  0.1037658  0.1053944  0.1350014  0.1503191  0.2479762  0.2961075  0.1142973  0.1015106  0.1269481  0.1290207  0.1001904  0.1015578  0.2014245  0.2416271  0.1938358  0.1701633
 2  0.0227503  0.0098581  0.0066378  0.0056400  0.0053425  0.0281208  0.0300619  0.0143834  0.0099590  0.0213853  0.0223641  0.0224498  0.0235696  0.0312525  0.0344720  0.0571709  0.0572408  0.0199417  0.0192053  0.0257107  0.0266446  0.0208151  0.0220023  0.0455124  0.0524921  0.0358523  0.0309537
 3  0.1096772  0.0232200  0.0214532  0.0192966  0.0289831  0.1213142  0.1269217  0.0227061  0.0217351  0.0256118  0.0289843  0.0264662  0.0270695  0.0292179  0.0292008  0.0274851  0.0262971  0.1093472  0.1066040  0.0258158  0.0298240  0.0911299  0.0919482  0.0265180  0.0259374  0.0434758  0.0473465
 4  0.0422451  0.0480327  0.0381987  0.0334305  0.0349525  0.0347543  0.0499961  0.0432406  0.0368996  0.0381766  0.0398381  0.0376877  0.0376108  0.0386081  0.0376318  0.0410662  0.0456696  0.0367733  0.0346219  0.0384354  0.0418915  0.0389928  0.0358660  0.0381885  0.0438616  0.0437357  0.0369430
 1  0.1320631  0.0507212  0.0329917  0.0355859  0.0181494  0.0940062  0.0914178  0.0764618  0.0910815  0.1474649  0.1640352  0.1536629  0.1528892  0.1033472  0.0933749  0.1362536  0.1420344  0.1005643  0.1037620  0.0620144  0.0606639  0.0268866  0.0238302  0.0643793  0.0617549  0.1300792  0.1323449
 2  0.0255619  0.0080471  0.0052015  0.0045107  0.0027997  0.0172661  0.0193754  0.0183322  0.0213374  0.0331517  0.0376881  0.0325265  0.0292071  0.0193016  0.0185778  0.0285635  0.0313151  0.0218245  0.0219172  0.0133684  0.0124538  0.0054505  0.0050876  0.0138008  0.0131634  0.0278144  0.0296348
 3  0.1220465  0.0194239  0.0150261  0.0246987  0.0167440  0.0234593  0.0292232  0.1689318  0.1960210  0.0266220  0.0295844  0.0816979  0.0779507  0.0254383  0.0252521  0.0271980  0.0272515  0.1111207  0.1132967  0.0252762  0.0277292  0.0268951  0.0249789  0.0631263  0.0623071  0.0244930  0.0244837
 4  0.0476083  0.0414896  0.0593674  0.0449219  0.0374243  0.0346746  0.0377112  0.0282493  0.0387639  0.0382677  0.0383174  0.0422227  0.0421790  0.0399513  0.0379813  0.0372200  0.0408018  0.0395259  0.0407497  0.0412465  0.0445973  0.0415086  0.0403653  0.0365475  0.0383916  0.0389234  0.0352913
 1  0.1123856  0.0467873  0.0321698  0.0977966  0.0975890  0.2285810  0.1978364  0.1737673  0.1471985  0.1773006  0.1805173  0.0862506  0.1069332  0.1798555  0.1718699  0.1901967  0.1881243  0.1178011  0.1014055  0.1217786  0.1130605  0.1587949  0.1557537  0.1892342  0.1965050  0.2754556  0.3435234
 2  0.0216566  0.0077500  0.0052709  0.0180726  0.0196736  0.0431897  0.0298652  0.0283814  0.0247590  0.0328936  0.0374899  0.0194065  0.0220950  0.0333246  0.0328625  0.0354728  0.0338020  0.0207160  0.0193922  0.0235151  0.0229391  0.0321639  0.0316445  0.0383214  0.0407055  0.0588739  0.0748481
 3  0.1039106  0.0202035  0.0187527  0.0867857  0.0944663  0.0286789  0.0240596  0.0166474  0.0206289  0.0255164  0.0270811  0.2669177  0.3328995  0.0249274  0.0239624  0.1049843  0.1020948  0.0249119  0.0230271  0.0292007  0.0261093  0.0282513  0.0282162  0.0275814  0.0262965  0.0302178  0.0244740
 4  0.0408804  0.0428723  0.0371290  0.0325933  0.0385272  0.0523114  0.0426656  0.0425388  0.0376336  0.0357035  0.0360462  0.0161936  0.0212287  0.0368897  0.0400574  0.0391353  0.0383568  0.0407057  0.0364077  0.0428482  0.0415260  0.0408674  0.0390378  0.0364417  0.0350592  0.0389721  0.0370073
