2019 2020 2021 2022 2023 2024 2025 2026 2027 2028 2029 2030 2031 2032 2033 2034 2035 2036 2037 2038 2039 2040 2041 2042 2043 2044 2045
  25959.53   25118.94   21981.08   18956.96   16777.98   14281.21   13944.86   14003.89   12604.70   10549.00    8517.31    7028.69    6445.66    6408.85    6975.19    6654.06    5169.23    4029.72    4276.40    4861.48    5373.01    5085.31    5314.82    6604.45    7570.63    8399.03    9506.98
  25975.45   25163.51   22141.65   18916.86   15772.14   12115.46    9536.34    6962.27    5645.70    5122.95    5570.07    5738.04    7253.16    8923.23    9642.66    9997.91    9405.55    8129.13    7715.67    8055.66    7206.91    6226.05    6548.28    8662.03   13943.91   18810.48   20637.13
  25467.19   24250.32   20375.87   17257.85   16127.71   17184.01   18384.47   16281.53   14687.98   13114.66   12167.08   11577.17   11672.95   11822.14   11889.29   11083.77    8666.50    8462.55   11746.23   14661.20   15959.51   16430.79   14633.86   13303.39   13055.35   11549.71    9902.27
  25289.83   24305.60   23289.41   20702.43   15050.31    9643.56   16995.06   29199.03   35309.47   38561.98   38686.37   36136.04   30312.26   30821.24   39330.92   43826.28   42825.39   37632.90   25777.80   13485.20    5123.99    1513.55    2787.58    5996.03   10439.46   14332.82   16741.45
  26039.35   25137.29   22557.04   19442.22   16783.22   19340.28   24130.85   24971.70   19749.64   17346.27   20767.89   23563.90   27200.98   28338.88   24684.24   18927.39   12493.45    6489.91    5467.61    7869.54   13631.57   17653.93   17165.87   17491.48   17819.34   17754.85   18072.59
  29351.88   28738.87   25486.14   22942.14   20532.19   18572.17   18039.15   16740.45   16676.99   16283.64   14911.44   13386.65   12610.11   11923.00   10758.14    8840.82    7016.95    8786.97   16352.37   21560.75   21161.54   18748.06   12906.37    7077.61    3060.33    1387.31    3317.25
  25822.80   25121.13   22106.31   18292.49   16531.32   15192.14   14099.53   11682.50   11065.62   11705.43   11792.49   12668.34   16223.90   19870.11   21668.27   22167.99   19133.71   15308.23   14972.10   16034.92   21080.37   26173.88   26427.68   24853.81   19399.43   13321.21   10651.88
  24991.85   23528.43   22772.02   20603.70   23005.16   28039.18   27996.62   26057.66   17983.84   11758.69   10049.54    7508.86    5146.50    2524.70    3838.67    7385.32    9856.23   18717.07   26176.75   27295.48   19323.96   11370.75    7865.73    6003.73    7040.76    8700.62   11441.61
  26551.78   25486.97   20853.53   16487.78   12315.07    7866.43    6231.37    4449.40    3978.02    3588.21    3485.40    3439.91    4327.37    6341.97    8731.89   10793.95   14204.71   17802.58   19715.79   20819.16   20122.97   19597.16   19475.11   20410.69   20572.27   20433.28   21732.37
  26856.33   25789.12   21452.22   16080.24   11423.00    6675.93    3911.20    1306.34    1761.70    2741.54    3376.82    3407.50    2818.38    3465.30    4705.49    3686.07    2677.17    3367.55    3682.56    5230.27    7347.23    8708.68    7952.42    6223.00    8134.33   12246.47   14876.67
  26666.73   25889.19   23952.05   21282.68   19527.30   17923.96   14867.27   11209.23    8346.01    5967.48    5927.10    6482.17    7846.09    9926.34   10714.84   10960.24   10247.62    8971.46    8987.53   10296.45   13027.27   17266.72   18448.16   18101.82   15921.13   12521.26    7661.41
  26098.35   25337.12   22030.39   18042.72   12724.32    7724.73    5047.57    3505.74    4818.53    5103.33    5447.69    7577.39    9970.14   12571.64   14751.15   16794.02   15429.62   14891.31   16854.35   19056.88   20205.97   19058.83   16339.08   13735.54   10454.85    7904.76    7854.46
  26048.27   25069.32   20686.67   16162.34   15456.26   16251.42   16831.59   15787.28   16922.77   18979.94   17942.74   15777.35   10987.31    6608.13    9020.50   15843.95   19560.71   21109.33   21604.50   24993.41   26571.92   26012.29   24350.49   23822.05   19406.20   14791.73   12854.77
  24483.34   23198.71   19723.98   17883.53   16591.08   21057.98   27963.96   27189.06   17139.54    5713.25    1537.91    8312.16   21172.48   28567.50   29866.14   30162.71   27432.46   28092.79   32224.29   33663.43   32852.60   30031.41   22954.02   15268.86   10319.02    7028.34    8659.47
  30409.17   30440.84   27412.19   24319.16   23378.59   23223.99   21863.73   20227.85   20516.41   21389.43   22735.03   22689.82   23758.53   24956.66   22992.00   21029.13   21374.32   22124.71   21165.80   19169.90   15111.08   11704.56   11369.53   11009.19   11570.18   16014.99   23584.95
  28278.60   27786.31   24134.26   22916.66   23624.01   22141.38   17909.70   13394.66    8949.20    4646.95    3477.80    2758.27    2692.36    2141.68    3287.03    4487.02    4892.33    5956.16    7094.06    7389.42    6440.87    6766.72    8448.46    9418.78   10667.06   11793.61   12588.15
  28329.41   27887.85   24353.04   21510.27   21864.22   24420.66   27031.56   29859.41   32836.74   31727.92   29602.19   28296.52   27027.97   23811.11   19026.06   14584.25   11816.95   10575.84   10489.18   13362.38   14915.81   13946.90   12729.43   15915.05   21765.43   23921.12   21464.54
  29696.28   29586.02   26512.99   23301.57   19835.82   16378.16   13239.46    9663.18    6734.57    3870.04    2958.02    3234.51    4819.21    6979.40    7942.54    8733.09    9122.13    9194.19    8842.50    7961.36    6565.36    5923.06    7578.07   10655.59   14858.40   17141.62   18242.98
  26904.66   26494.05   23363.06   21324.15   17109.67   12856.31   12356.51   10695.77    7507.82    5596.34    7435.50    7932.91    8822.28    9927.39   11520.32   15204.44   18773.74   20973.51   20518.84   19772.56   20735.95   20901.99   19987.89   20985.67   21117.58   19954.32   17871.38
  27754.21   26772.54   22913.55   19195.55   15178.47   12409.05   11228.98    8963.95    6533.20    5174.52    6585.78    7823.26    8182.47    7869.02    9034.35   11259.01   11107.63    9677.12    6283.13    6428.75   12444.10   20345.07   22823.85   21483.25   18096.28   14962.63   13648.22
  27337.97   26615.99   23982.16   31248.83   43861.31   45764.62   40681.35   34970.81   27928.65   19960.60   14505.85   11124.06    9302.87    7552.89    5785.14    7907.44   16724.31   22164.73   25186.85   29088.25   26620.60   21133.89   19823.88   19462.65   19269.67   18921.56   18912.35
  24720.35   23822.04   23162.35   21269.89   17752.76   14988.16   12755.89   11009.14    9644.88    7680.70    6793.65    5610.50    4142.62    3412.39    4153.09    4935.39    6019.73    8883.83   13204.78   16189.61   16197.72   15704.59   14263.13   12971.09   13250.36   12641.19   12359.88
  24274.19   22699.83   21628.52   19687.62   15663.41   12640.43    6848.38    2765.19    4455.92    4908.33    5523.88    8882.85   12459.19   13761.21   12616.48   11057.06    7946.97    4546.39    4948.72    4918.75    5261.13    7591.44   12986.75   18811.73   18726.88   20147.36   21713.91
  25756.42   24748.91   21907.40   18901.56   16323.83   12761.08   11919.87   13339.62   16168.41   18350.51   20539.63   23862.16   23397.95   20278.15   16783.79   14156.14   13297.69   15880.99   20539.08   22033.46   19422.64   15596.27   11636.43    7753.77    6524.37    6493.28    7749.24
  29426.21   28182.55   26581.45   24110.89   20192.73   15796.18   11482.71    7430.61   10069.44   17120.11   21895.21   24123.18   20936.46   18391.72   14962.38   11149.18    8990.74    7649.18    7860.75    8132.20    8118.53    8363.43    8422.82    7548.17    6457.13   17945.07   36109.51
  26734.77   25364.69   23119.81   21290.37   20655.64   19053.86   15730.31   12881.88   12397.21   12364.93   12958.70   12251.87   11889.46   11445.34    9988.24    9610.13   10449.47   12218.59   15050.91   17831.61   19130.08   20099.22   19699.36   19293.95   16676.20   13738.81   12371.30
  27078.40   26311.61   24092.14   21245.99   18214.65   15797.59   14649.02   13322.62   13029.15   12533.08   11533.01   10324.40    9077.79    8279.41    9712.64   11621.99   14208.80   18963.54   21421.51   20891.82   19938.35   21658.78   24444.41   27669.96   29790.57   30393.88   27931.66
  27402.71   26352.63   23072.64   20818.68   20186.20   20363.06   22523.09   23599.02   24073.26   23953.77   22208.86   20493.83   17055.05   13770.59   13288.07   13369.63   16058.03   19461.70   19798.83   19438.98   25172.06   34670.34   40084.20   40848.00   35637.66   29630.76   23656.45
  27325.87   26416.17   23677.54   21500.56   17809.25   12825.94    8736.59    4862.63    3592.91    2772.28    4635.71    7099.74    7615.67    7163.79    5621.22    4064.36    3108.79    2009.08    1214.36    3363.44    7880.62   10907.35   15881.76   21127.90   23523.25   24202.41   23695.39
  30111.08   29854.76   27673.18   25593.81   24411.20   22413.37   17792.18   11986.41    9383.20   11000.87   19558.42   27308.81   28865.42   28860.53   23908.31   19185.67   15662.50   12089.28   11485.72   10505.39    9161.30    7717.50    5719.20    4548.74    7372.25   11547.94   14008.36
  27375.08   26940.54   23504.65   20069.65   16926.82   13746.23   14291.56   14126.87   12821.09   11679.02   10877.50    9779.71   12483.20   16451.00   18470.79   20786.35   21868.91   21743.75   19265.81   16050.83   14180.32   12819.79   12173.94   14276.63   19601.44   23542.52   25319.42
  27305.77   27265.23   24133.12   20444.38   19471.45   17563.16   14868.23   12469.20   11918.42   11331.82   12581.52   14633.32   14948.16   14112.58   12279.42   16663.54   26965.17   31979.77   30647.17   29581.78   26954.40   23347.19   20887.98   21373.87   22794.91   22056.32   20065.60
  25628.43   25349.31   18528.35   15320.32   18880.88   20412.32   22187.42   24425.48   23702.11   20495.59   19790.23   19280.18   17939.57   17595.59   16838.20   14672.02   18978.47   25077.01   26072.20   26405.37   22276.29   17826.46   15848.68   13535.05   12834.72   10938.19    9261.79
  26627.21   26215.54   25065.05   22864.56   23937.95   27479.07   28629.34   27576.03   25307.05   23008.42   19845.45   15791.50   11451.42    8463.35    7171.30    6757.60    8846.98   11576.20   15064.74   16891.04   17028.14   16923.96   16647.58   16111.06   18716.14   24459.84   26105.15
  27041.67   26138.81   25457.79   24627.73   24802.96   24990.48   24675.96   22918.19   20480.95   18182.94   16072.72   13691.05   11698.63   10386.91   12012.79   16994.99   21243.93   24759.74   25562.44   24343.64   21210.34   17402.62   15480.83   13705.69   11759.92   10412.98   10840.40
  28837.28   28239.79   27113.12   25169.07   21850.87   19648.53   18567.66   18468.89   17591.35   15784.30   13439.99   10342.08   10239.76   12785.31   15803.21   17399.85   17195.71   17740.48   16303.30   14644.67   11570.51    8886.61    8864.86    7642.29    6771.15    6333.93    7231.27
  27268.07   26496.24   22485.71   18693.22   17767.63   16508.50   14531.87   11511.61    8246.02    8339.68   13562.63   19089.82   21757.34   21694.69   17994.40   15818.97   13977.94   11716.20   10489.82    8908.13    8823.07    9682.62    9920.81   10329.25   10732.31    9858.03    8319.49
  27150.14   26525.72   23838.40   21951.48   20718.44   18534.26   16297.92   13219.73   10674.42   10131.89   11830.87   14110.10   16714.80   19187.68   17889.34   14690.31   11237.49   11140.79   17341.83   22446.43   21720.90   20227.47   16230.32   13906.60   13688.77   12254.66   11508.49
  28681.81   28132.94   24838.54   21112.11   17826.34   17452.80   18401.90   16598.97   14537.48   13264.31   12658.55   11373.14   10476.07   10177.80   12517.35   16419.40   18719.43   20022.85   20271.28   19360.27   21018.50   23886.64   24560.04   24807.55   24524.38   22087.94   19427.93
  26666.78   25682.62   23358.87   20386.18   16321.20   14363.72   16394.74   16856.10   14348.68   11721.70   10053.82    9435.28   11848.12   15251.97   15649.86   14689.49   11555.51    8235.72    5796.98    6524.55   10783.79   14969.61   18012.72   20888.14   21287.04   19806.29   15448.08
  27413.16   26481.38   21185.58   16574.71   14200.87   11297.84    9480.15    7985.16    7635.60    7947.94    8891.06    8503.94   10022.14   13904.90   18539.89   24505.78   29838.84   33632.34   33013.07   32649.32   30455.12   26167.91   21490.59   17117.31   15081.77   13630.67   12154.15
  25014.09   24127.72   20332.00   17129.68   15276.91   11687.40    8777.03    6281.34    5322.34    4299.63    4620.54    5089.89    5344.12    6436.21    6577.82    5381.51    4233.35    4055.26    4459.28    4733.75    4790.34    4447.03    4164.46    6498.85   14632.66   24938.17   32041.13
  25311.86   24419.90   19873.37   15129.65   13621.07   13805.58   12755.73   15747.18   22887.44   26419.13   26414.14   24905.23   19582.49   13342.07   10176.90    8681.80    6929.97    4432.30    2565.84    2982.92    3033.02    2680.87    4269.19    6404.76   10934.77   19849.29   25457.67
  26328.10   25607.68   24011.42   21646.73   18730.14   15240.58   11698.61    7849.10    4838.91    2560.05    2346.50    1876.38    3973.06    7520.47    9040.33   10754.89   11992.28   11534.24   10300.76    8854.81    7899.40    8392.69   10561.94   13928.66   15921.96   18481.08   17598.71
  27868.90   27115.99   21291.06   16608.14    9869.22    3537.73    4686.21    6245.65    6715.27    6104.45    5004.58    5222.99    6927.40    7786.40    9180.67   11991.54   14474.97   15989.25   15858.59   14908.26   11628.36   10124.26   12280.89   14136.50   17878.65   22681.90   23122.78
  25840.41   24628.84   21099.90   16657.00   15549.37   15426.71   14751.14   13861.61   13087.55   12493.85   12756.22   15156.71   20769.61   24858.14   24763.65   23839.91   20174.93   17423.62   15486.38   14078.16   14990.85   15570.58   15051.29   12909.63    9146.34    6070.88    4724.66
  27930.34   27120.32   24398.98   21314.71   18520.31   16951.89   16509.42   16275.64   15750.87   14843.29   17427.89   19254.26   19502.33   18526.53   16084.60   13723.62   12762.20   14646.68   17750.22   19039.60   17919.91   16886.94   15808.40   15126.65   13989.00   13951.51   15338.55
  26723.98   25405.74   23759.20   20665.68   17958.13   15466.50   12247.67    9166.03    8796.68    9367.15   11375.35   13215.89   14758.32   16278.25   15510.08   13537.04    8807.01    5944.88    7382.77    9622.29   12440.57   12982.35   13502.28   14649.98   14869.83   15452.41   13964.66
  27163.84   26715.39   24563.82   21196.50   19162.23   17111.44   14067.24   11163.34   10914.38   10829.67    9691.94    8038.73    7032.08    7301.62    8158.71    8277.75    7362.65    6764.83    7941.62    9979.60   14251.26   19116.45   21227.64   20966.28   17807.23   13958.65   10961.03
  30056.55   29591.66   26048.05   22038.48   16528.78   14364.53   15146.00   13122.97   11718.96   12487.19   14569.80   15049.24   16300.29   16078.02   15045.07   14376.65   13054.85   11829.05   11590.90   11935.68   12125.79   12231.84   12152.76   11781.37   10904.59   10496.28   10312.95
