2019 2020 2021 2022 2023 2024 2025 2026 2027 2028 2029 2030 2031 2032 2033 2034 2035 2036 2037 2038 2039 2040 2041 2042 2043 2044 2045
 0.3700447  0.4199476  0.3930941  0.3112326  0.3594228  0.4896108  0.6100987  0.3407895  0.3384930  0.3970286  0.4638627  0.3303814  0.3273526  0.4180440  0.3879617  0.5864690  0.7897692  0.5832475  0.5592166  0.3060119  0.2591128  0.2715041  0.2643367  0.2878816  0.2557029  0.5730689  0.5269060
 0.3697891  0.4216702  0.3970755  0.5331975  0.7131417  0.7469055  1.2497356  1.4992742        NaN        NaN  3.8898054  2.3260280  1.5115422  0.8744294  0.7431149  0.7775025  0.8785724  1.3064621  2.3263612  1.9780849  1.9082405  3.1706594  3.3427629  1.0714460  0.1872243  0.3596816  0.3244186
 0.3806746  0.3888119  0.4045098  0.4640589  0.5020212  0.7361812  0.6935056  0.3923371  0.3855004  0.3282198  0.3475661  0.5080038  0.5554243  0.3428633  0.3401549  0.5891695  0.8600760  0.6554150  0.3108230  0.3857731  0.3537704  0.6801095  0.9297808  0.6678305  0.6476799  0.5978385  0.8131256
 0.3824154  0.1938471  0.1990113  0.3620343  0.4810161  0.3941544  0.3361838  0.2992764  0.2795524  0.3160607  0.3116716  0.1941931  0.2111616  0.2832948  0.2971660  0.2177870  0.1957153  0.3673989  0.5277291  0.6338526  1.4800283        NaN        NaN  1.4431062  0.1485524  0.3440552  0.3325697
 0.3679352  0.2617474  0.2593777  0.3766767  0.4259552  0.5625730  0.4923210  0.7423523  0.9297839  1.0425718  0.8193370  0.3276323  0.2742373  0.4960154  0.6512505  1.1376398        NaN        NaN        NaN  2.8191453  0.1575691  0.4568515  0.4151096  0.7110207  0.6559345  0.3006345  0.2875202
 0.3213766  0.4584488  0.5064942  0.6377544  0.7838695  0.4772623  0.4892354  0.3603527  0.3528926  0.4339382  0.4799692  0.3534851  0.3719634  0.5030719  0.5706942  0.6923338  0.9947305  0.2381709  0.1836995  0.3296719  0.3225768  0.6093482  1.0723460  2.9723543        NaN  3.0584918  2.0983563
 0.3733262  0.5516363  0.5916591  0.3101609  0.3288484  0.3571852  0.3821401  0.4548020  0.5722119  0.4857654  0.4556570  0.2944369  0.2497117  0.2969044  0.2888256  0.5457989  0.6299994  0.3647973  0.3938542  0.2295525  0.2142990  0.3158100  0.2866284  0.4736926  0.7193949  0.8561558  1.7945507
 0.3883294  0.1589143  0.1595731  0.2762582  0.2968503  0.2398454  0.2403452  0.7126301  1.0929207  0.7152748  0.9310165  1.7085458        NaN        NaN  1.7852469  0.8468017  0.1499248  0.4217469  0.3594179  0.7279046  0.9085256  1.1947490        NaN  1.0767307  0.7320304  0.6192087  0.2199041
 0.3607899  0.5417505  0.6098080  0.6286621  0.8622156  0.6371684  0.8041454  0.3495179  0.3484761  0.3865761  0.3823735  0.3967683  0.3537087  0.2716771  0.2240842  0.2150339  0.2044316  0.2994128  0.2992029  0.3403874  0.3811945  0.2599188  0.2500136  0.3522466  0.3374531  0.3294000  0.3244420
 0.3555050  0.4990404  0.5480397  0.5697786  0.8725042  0.9438364  2.9403757        NaN        NaN  4.0749853        NaN        NaN        NaN  3.7494540  2.4492286  4.3710673        NaN        NaN        NaN  2.4751494  0.9105974  0.9509358  0.9619700  1.0717222  0.2686704  0.3435751  0.3394909
 0.3581629  0.2500941  0.2345033  0.3613301  0.3779014  0.4532054  0.6066830  0.8501274  2.0563171  4.2912601        NaN  2.0506266  1.2579750  0.9385780  0.7363334  0.7638448  0.8376410  1.0418683  1.2270486  0.7485974  0.1805005  0.3762674  0.3435865  0.4169983  0.4769354  0.7879653  1.8569621
 0.3674074  0.4271274  0.4553404  0.6024019  0.9737186  1.7651570        NaN        NaN        NaN  2.9319380  2.4357343  1.2380986  0.1835752  0.3441350  0.3070820  0.4747042  0.4416682  0.5139530  0.5104454  0.2535234  0.2294034  0.3178905  0.3995621  0.5565151  0.7729870  0.6504224  0.6255784
 0.3673650  0.5036583  0.5353329  0.3022554  0.3364669  0.3377016  0.3256001  0.1699870  0.1613859  0.3112758  0.3145629  0.5745655  0.9500381  1.8533083  0.6840347  0.1905736  0.1772432  0.6397029  0.7059179  0.2688214  0.2304397  0.4236163  0.4415524  0.7528394  0.8762390  0.7101978  0.8037273
 0.3975189  0.4938115  0.5169372  0.8262009  0.9093898  0.4709357  0.3566766  0.7984724  1.6039146        NaN        NaN  0.1006699  0.1324303  0.5260681  0.4740831  0.3716980  0.3757459  0.2714773  0.2149296  0.3479428  0.3651510  0.6206403  1.1054110  2.0895145        NaN  1.9895368  3.4698198
 0.3068381  0.4639017  0.5076727  0.4034737  0.4350675  0.2772976  0.2889366  0.3428572  0.3650558  0.4537538  0.4605404  0.2332271  0.2462396  0.3563189  0.3623945  0.2458563  0.2574337  0.3929719  0.4122312  0.6105686  0.9581496  0.8813920  0.9829009  0.7286689  0.6872430  0.1755949  0.1867744
 0.3340204  0.4424190  0.4232086  0.2773963  0.2632035  0.5144415  0.6175142  0.9155465  2.6422684        NaN        NaN        NaN        NaN        NaN  4.1819439  1.8900966  1.4530761  1.2468309  0.8884824  0.8114054  0.9831280  1.5636175  0.9521886  0.7382502  0.6555922  0.6156705  0.6352423
 0.3344634  0.5480267  0.5794698  0.3427620  0.3103493  0.4654900  0.4448914  0.2355333  0.2198130  0.3588896  0.3695361  0.2781169  0.2890961  0.3456504  0.4399932  0.5209477  0.6695589  0.4677381  0.4755493  0.5409758  0.5133635  0.6881947  0.8608981  0.2821820  0.2274226  0.4576025  0.5078415
 0.3146724  0.2673632  0.2546581  0.4283720  0.4974607  0.5210888  0.7264776  1.1901578        NaN        NaN        NaN        NaN  3.2569222  1.2902028  0.9189079  0.8858255  0.8427869  0.8694347  0.9518074  1.2681392  2.2616580  4.5379565  1.5948384  0.1549196  0.1080309  0.2946697  0.2826681
 0.3528377  0.4243550  0.4640453  1.0792215  1.6015549  0.4819940  0.4600074  0.6626830  0.9726237  0.5247757  0.3886118  0.2819044  0.2610296  0.2962292  0.3526249  0.2853833  0.2751054  0.3913511  0.3796236  0.2148932  0.2064687  0.3657782  0.3703005  0.2193026  0.2218753  0.3288242  0.3687910
 0.3415402  0.4260672  0.4209666  0.5776820  0.6897393  0.5595451  0.6334842  0.6409009  1.0078312  0.9826950  0.7115952  0.5132415  0.4610296  0.5659981  0.5601211  0.5444523  0.5000102  1.1183009        NaN  1.3875337  0.3632690  0.7290089  0.6154087  0.4656224  0.5182230  0.4040988  0.4253172
 0.3469262  0.3544119  0.4081125  0.2660726  0.2094822  0.3019611  0.2858388  0.3828672  0.5371719  0.5649331  0.9853492  1.4347324  2.4967332        NaN        NaN  0.1644887  0.1712247  0.4993338  0.4593361  0.6426514  0.6687935  0.3183117  0.3478963  0.4396679  0.4192891  0.4042091  0.4056944
 0.3919536  0.4052791  0.3722533  0.2816007  0.2940413  0.2478671  0.2711651  0.4251824  0.4702967  0.2254471  0.2353745  0.3281695  0.3935335  0.4451985  0.4150018  0.3479711  0.3012742  0.3478646  0.3451597  0.4615163  0.4519701  0.3474003  0.3666152  0.2368695  0.2201205  0.1969122  0.1995870
 0.4020848  0.4010947  0.4092739  0.7303884  1.2464529        NaN        NaN        NaN        NaN  1.5080938  1.4018819        NaN  0.5586227  0.5974360  0.6072069  1.2565312  3.0050215  0.9258542  0.8613093  0.7521168  0.7385920  0.5044069  0.1472596  0.4281776  0.3618321  0.4515972  0.4626462
 0.3745781  0.4318919  0.4367872  0.2973096  0.3289125  0.3377673  0.3864278  0.2464105  0.2255160  0.3483866  0.3655866  0.4504475  0.4195253  0.3308398  0.3815118  0.2917782  0.2840691  0.3746154  0.3288194  0.5098965  0.6911518  0.9001741  2.7981492        NaN        NaN  4.1277472  2.8533488
 0.3201841  0.3524093  0.3814782  0.3499425  0.4313487  0.4864160  0.7262009  0.9159226  0.4500337  0.1898387  0.1604517  0.3583958  0.4004024  0.5076662  0.6730343  0.8761709  1.3784402  1.2715743  1.2017020  0.9508464  0.9038802  1.0900634  1.0444027  1.0291409  0.3146690  0.1043746  0.1350571
 0.3585307  0.2396534  0.2299094  0.3455808  0.3704853  0.5149484  0.7101756  0.6031556  0.6671662  0.6452298  0.5978294  0.5234152  0.5958137  0.6684987  0.8197684  0.8918937  0.7195277  0.5925378  0.1472156  0.3123434  0.2782997  0.2993453  0.2806712  0.3092854  0.3511766  0.3082848  0.3523413
 0.3520865  0.2407238  0.2373742  0.4040291  0.4378621  0.3778397  0.4410486  0.2601123  0.2711134  0.3142623  0.3519554  0.3206498  0.3666411  0.3251757  0.2776144  0.2424998  0.1856800  0.3218944  0.2856014  0.3443533  0.4024142  0.1776700  0.1660329  0.3326521  0.3377287  0.3860758  0.4159053
 0.3477863  0.3154081  0.2924224  0.4016688  0.4024201  0.3455449  0.3131252  0.2619329  0.2364120  0.3171202  0.3364828  0.4164089  0.5261537  0.5138591  0.3216026  0.4069330  0.3813874  0.4602683  0.4446238  0.2960586  0.2671557  0.1799704  0.1608341  0.3682859  0.4215596  0.4059761  0.5351113
 0.3473739  0.3684729  0.3756546  0.6031128  0.7920126  0.8495841  1.9912550        NaN        NaN        NaN  2.2223091  1.1813191  0.9098178  1.2593360  2.9820913        NaN        NaN        NaN        NaN  1.0355333  1.0708910  0.1924610  0.1746036  0.3340653  0.3069852  0.2155038  0.2029864
 0.3104267  0.3820102  0.4274780  0.3056974  0.3085590  0.4926239  0.6458901  0.7898180  1.5434288  0.1889251  0.1719573  0.3616369  0.3022179  0.5574657  0.5896346  0.4377303  0.4954970  0.2647787  0.2687334  0.3468985  0.3910252  0.7796808  1.2138382  0.5482891  0.3048901  0.5031985  0.4035185
 0.3481117  0.4398241  0.4661933  0.4355227  0.4671463  0.3405303  0.3431533  0.4094376  0.4806869  0.4024410  0.4352603  0.2909273  0.2418639  0.3552221  0.3400398  0.3845742  0.3421704  0.4018774  0.4122336  0.5499981  0.7151997  0.3738747  0.3880101  0.3392158  0.3289076  0.3308402  0.3242342
 0.3467382  0.4331769  0.4634349  0.2392853  0.2574110  0.2881975  0.3582638  0.3871721  0.4213110  0.2885653  0.2658138  0.2772742  0.2570072  0.2814019  0.3288185  0.1912990  0.1752297  0.3065776  0.2862277  0.2404815  0.2376223  0.2753180  0.2931913  0.4137103  0.4128307  0.2831236  0.3160903
 0.3760664  1.0002692  1.4799206  0.7905283  0.6251070  0.7147184  0.7180497  0.5520648  0.5018124  0.3461016  0.3467928  0.4864815  0.5042465  0.3791992  0.3662014  0.2444709  0.2443894  0.3728243  0.3461924  0.6690101  0.7844989  0.4180502  0.4358240  0.3838983  0.4049726  0.3276214  0.3893101
 0.3593987  0.2040589  0.1949858  0.3456453  0.3745794  0.2600067  0.2557134  0.3778930  0.4090628  0.4666933  0.5969740  1.1466304        NaN  2.0397961  2.1625677  1.3984683  0.7892541  0.5450202  0.1733993  0.1479762  0.1389901  0.2164398  0.2793470  0.3966694  0.3973000  0.3851442  0.3318826
 0.3523518  0.1543032  0.1603787  0.3480860  0.3693314  0.2338862  0.2328584  0.2150451  0.2329709  0.1870478  0.2012388  0.1835908  0.2028022  0.2315155  0.2486883  0.1775852  0.1761750  0.4278982  0.4229614  0.4355823  0.4684262  0.2868673  0.3162764  0.3456242  0.3810769  0.4809440  0.4634658
 0.3284325  0.2434798  0.2616253  0.3599068  0.4019541  0.3899801  0.4315454  0.4482136  0.4820792  0.4728513  0.5705367  0.8717685  1.1869991  0.2164106  0.1909099  0.4605814  0.4785677  0.6079534  0.6501947  0.5632787  0.6524684  0.3877791  0.3553427  0.3849037  0.4332467  0.3509060  0.3206337
 0.3502713  0.5265462  0.5903333  0.3654888  0.3628594  0.3269936  0.3564587  0.4839098  0.6867862  0.5093559  0.3704684  0.2160355  0.1996324  0.4767675  0.5847243  0.3621126  0.3770864  0.3164409  0.3405340  0.2665707  0.2702369  0.2780497  0.2599251  0.2429314  0.2302428  0.2163852  0.2458282
 0.3503515  0.5113107  0.4966379  0.3759351  0.3615035  0.3873257  0.4551334  0.5149372  0.7371558  0.8628408  0.3099232  0.4497010  0.3915878  0.4340598  0.4465579  0.7879692  1.5597997  0.2438971  0.1917536  0.3781032  0.3803006  0.5564601  0.6824162  0.5025648  0.4622631  0.5771902  0.6421133
 0.3307900  0.2809027  0.2776678  0.4051408  0.4484907  0.4250497  0.3804278  0.5898412  0.6499108  0.4635145  0.4689544  0.4402656  0.4870776  0.3063341  0.2563217  0.3511770  0.3601311  0.2090185  0.1900889  0.2898776  0.3116062  0.3688858  0.3732475  0.2389394  0.2326887  0.3259345  0.4011377
 0.3611995  0.3626800  0.3767225  0.5555289  0.6879407  0.3609382  0.3138394  0.5289685  0.6310740  0.5549710  0.6469557  0.4532455  0.2193729  0.2854847  0.2750159  0.4376306  0.6076443  0.6795959  1.0981902  0.8754580  0.1804096  0.2978465  0.2803873  0.1902603  0.1624134  0.2553233  0.3060267
 0.3492800  0.5540280  0.5989136  0.5060495  0.5404451  0.4350227  0.5110796  0.3772488  0.3829085  0.3038408  0.2690027  0.2787442  0.3726845  0.2159376  0.2021423  0.3184267  0.3027054  0.2181726  0.2228398  0.4129581  0.4012118  0.3375367  0.3527003  0.3820185  0.4703852  0.5955564  0.7420054
 0.3879933  0.5453166  0.6154300  0.4479848  0.4864203  0.3946945  0.5377866  0.5829146  0.6880578  0.5327651  0.5037083  0.4295990  0.4022575  0.6134478  0.5994633  0.8379967  1.4005573  0.6596667  0.5473405  0.5888355  0.5605306  0.4612686  0.4643097  0.3892600  0.2732949  0.3585045  0.3227914
 0.3826882  0.5397403  0.5674785  0.4950496  0.5558651  0.3966636  0.4046561  0.2402945  0.2185812  0.2900324  0.2811327  0.4220174  0.5826166  0.5990152  1.0593442  1.7722076  3.5179551        NaN        NaN        NaN        NaN        NaN        NaN  2.1888485  0.1475873  0.1779914  0.1550900
 0.3655718  0.4444273  0.4323415  0.2625935  0.2866794  0.3035608  0.3694340  0.4465060  0.6316696  0.5640011  0.6423238  0.5699140  0.4483010  0.1732376  0.1674485  0.4503670  0.3983881  0.4017002  0.4796551  0.4849361  0.5704965  0.4322088  0.1851718  0.3076458  0.2912285  0.3408688  0.3389064
 0.3396511  0.5591669  0.6001128  1.0895244  3.4995075  1.0841528  0.9445855  0.4447390  0.3685047  0.3807627  0.4297850  0.3853501  0.3101417  0.3223582  0.3565326  0.3465512  0.3465661  0.4749808  0.5084386  0.7151985  1.0781922  0.7507152  0.3606004  0.4012286  0.3628935  0.2562948  0.2310120
 0.3734900  0.4897392  0.4802515  0.4092265  0.4297554  0.4892814  0.5551467  0.7366543  0.9643025  0.6177480  0.6038824  0.2259410  0.1826775  0.3812978  0.3098126  0.5460105  0.5906252  0.3966221  0.4150527  0.6168174  0.7026876  0.3242885  0.3109772  0.4144290  0.5691718  0.7216576  0.8857902
 0.3415481  0.4783860  0.5111374  0.3719925  0.4362758  0.5766076  0.6003526  0.3969042  0.3819337  0.2688205  0.2490213  0.1908442  0.1921973  0.2999243  0.3745791  0.3926424  0.4370593  0.3124212  0.2686398  0.3467075  0.3301527  0.5146616  0.4857224  0.5659929  0.5970709  0.3714405  0.3397266
 0.3580325  0.3071776  0.3084213  0.2368157  0.2782392  0.5105789  0.7155702  0.5389459  0.5848413  0.4558306  0.3674357  0.2382095  0.2051539  0.3859135  0.4095893  0.7704802  1.7298737  1.4950286  0.9022528  0.5585223  0.3800661  0.3965522  0.4212478  0.5175186  0.4726248  0.3951692  0.3948863
 0.3493241  0.2745842  0.2545240  0.3475743  0.3637717  0.4430355  0.5885965  0.5511465  0.6365384  0.6769119  0.7807592  1.0502398  1.6665704  1.2147149  0.8945518  0.9335206  1.1346196  1.3292896  1.0980002  0.6593130  0.1518962  0.1416670  0.1168801  0.1864299  0.2097450  0.3603371  0.4460742
 0.3116875  0.3656971  0.3859208  0.5657866  0.7380810  0.6869348  0.6184337  0.5223670  0.5972357  0.4281153  0.3804811  0.2045952  0.1949603  0.3580711  0.4286700  0.4687778  0.5239124  0.3800653  0.3907226  0.3540210  0.3387866  0.4395968  0.4429358  0.4851750  0.5253009  0.6842488  0.6910029
