              Isim, Ftarg, Btarg
   1 2019          0.3977734      21560.7846623       5544.3597106
   1 2021          0.4153223      21475.9156247       5610.7077566
   1 2023          0.4006982      21532.4186549       5572.6941083
   1 2025          0.4094727      21587.5164641       5604.8962035
   1 2027          0.3977734      21506.2282663       5554.0634830
   1 2029          0.3977734      21509.2822270       5557.1636121
   1 2031          0.3977734      21483.1837376       5527.5347128
   1 2033          0.3977734      21497.5286206       5544.7694284
   1 2035          0.3977734      21519.8159816       5567.3113280
   1 2037          0.3977734      21488.1398586       5533.8095397
   1 2039          0.3948486      21571.4060082       5483.4578080
   1 2041          0.3948486      21576.4435988       5493.8548351
   1 2043          0.3977734      21481.8297645       5525.7504848
   2 2019          0.3977734      21577.5690810       5548.6758269
   2 2021          0.4123975      21579.2284788       5612.6609661
   2 2023          0.4123975      21531.6708714       5626.2637763
   2 2025          0.4153223      21568.2574610       5621.1315722
   2 2027          0.4211719      21608.8900871       5613.9090430
   2 2029          0.4270215      21571.4283214       5613.9901583
   2 2031          0.4299463      21533.1434461       5615.8490590
   2 2033          0.4270215      21607.6650304       5610.6025498
   2 2035          0.4270215      21572.6437526       5613.8766064
   2 2037          0.4270215      21561.3208349       5614.9342548
   2 2039          0.4240967      21572.4292228       5615.6092614
   2 2041          0.4240967      21578.8726801       5615.0069250
   2 2043          0.3772998      21500.4485050       5381.0610119
   3 2019          0.3977734      21028.4788132       5407.4771644
   3 2021          0.3977734      21022.4711640       5437.0327085
   3 2023          0.4094727      20955.6029721       5463.1999257
   3 2025          0.4065479      21015.3967019       5464.1297820
   3 2027          0.4006982      20987.2219976       5446.3246791
   3 2029          0.4006982      20995.6411741       5435.4263570
   3 2031          0.4036230      21024.3371899       5447.9090053
   3 2033          0.4065479      21003.9503329       5431.0801598
   3 2035          0.4036230      21025.4323611       5447.5730725
   3 2037          0.3860742      20984.0804542       5352.0191010
   3 2039          0.4153223      21050.4244816       5472.8115049
   3 2041          0.4094727      21026.9613287       5479.2307345
   3 2043          0.4153223      21004.2134914       5477.3256630
   4 2019          0.3977734      21677.0767059       5574.2642309
   4 2021          0.4006982      21672.7199220       5577.2534941
   4 2023          0.4006982      21640.7696729       5611.5532204
   4 2025          0.3743750      21686.8918727       5447.6758057
   4 2027          0.4211719      21663.2908514       5633.2924825
   4 2029          0.4182471      21680.2859443       5649.4497249
   4 2031          0.3977734      21682.5722663       5576.9374611
   4 2033          0.4036230      21653.1530829       5552.2253071
   4 2035          0.4240967      21624.6293707       5660.6748650
   4 2037          0.4153223      21660.5764579       5657.7767044
   4 2039          0.4123975      21688.3188275       5631.0014497
   4 2041          0.3919238      21645.5305714       5480.3160904
   4 2043          0.3772998      21644.1127337       5381.3750882
   5 2019          0.3977734      22003.1739828       5658.1202051
   5 2021          0.3977734      21967.2800131       5673.1027804
   5 2023          0.4094727      21982.8271175       5716.3243157
   5 2025          0.4036230      21943.3317012       5680.7952834
   5 2027          0.4065479      21939.6193145       5727.1171830
   5 2029          0.3889990      22010.5336384       5657.0250516
   5 2031          0.4006982      21971.3556756       5670.5356674
   5 2033          0.4153223      21922.5279340       5742.0181966
   5 2035          0.4153223      21926.7870567       5741.6490147
   5 2037          0.3977734      21989.5300297       5630.9346438
   5 2039          0.3772998      21981.5027089       5464.3013002
   5 2041          0.4065479      21965.7539379       5696.4542078
   5 2043          0.3977734      22037.2370210       5679.1329628
   6 2019          0.3977734      22223.7691996       5714.8463054
   6 2021          0.4094727      22203.6359057       5779.1040150
   6 2023          0.4065479      22167.2387624       5778.4808889
   6 2025          0.3948486      22231.8397402       5740.2645935
   6 2027          0.4065479      22218.3805403       5764.4742377
   6 2029          0.4094727      22222.0742586       5774.2714870
   6 2031          0.4153223      22207.9099747       5763.0425166
   6 2033          0.4123975      22211.8150301       5769.0941543
   6 2035          0.4123975      22208.9467992       5769.4956098
   6 2037          0.3772998      22209.0380548       5548.1485325
   6 2039          0.4153223      22199.9804024       5767.3812049
   6 2041          0.4094727      22229.3383390       5775.4741485
   6 2043          0.4065479      22233.1163069       5750.8685978
   7 2019          0.3977734      21721.4355267       5585.6711097
   7 2021          0.4065479      21712.4469956       5646.2431798
   7 2023          0.3977734      21730.0936905       5606.3823489
   7 2025          0.4153223      21693.8787766       5647.3555688
   7 2027          0.4153223      21695.7417682       5647.1377363
   7 2029          0.3977734      21718.8201508       5581.4454116
   7 2031          0.4006982      21652.3275649       5582.7398651
   7 2033          0.3977734      21738.6795597       5568.4658124
   7 2035          0.4094727      21757.2509803       5659.1627939
   7 2037          0.3948486      21686.8852835       5596.2652810
   7 2039          0.3889990      21646.4283077       5524.8133810
   7 2041          0.4240967      21707.4708830       5669.0278414
   7 2043          0.4182471      21659.5683141       5672.6157379
   8 2019          0.3977734      21307.8194953       5479.3096718
   8 2021          0.4036230      21253.3293132       5471.9345071
   8 2023          0.4036230      21265.1628466       5460.5605755
   8 2025          0.4036230      21244.1484958       5502.1933599
   8 2027          0.4065479      21281.3885310       5552.6479748
   8 2029          0.4123975      21316.2448451       5541.3209327
   8 2031          0.4153223      21267.5383559       5543.1778433
   8 2033          0.3977734      21232.0496145       5408.4032653
   8 2035          0.3743750      21306.2730602       5265.3875069
   8 2037          0.4065479      21279.0679540       5488.4210403
   8 2039          0.4094727      21283.4766371       5564.4778887
   8 2041          0.4123975      21317.2867598       5563.0193328
   8 2043          0.4299463      21313.1790074       5568.0779619
   9 2019          0.3977734      21496.0447617       5527.7118334
   9 2021          0.4094727      21442.6232031       5596.8621154
   9 2023          0.4094727      21443.7829626       5603.9438032
   9 2025          0.4153223      21429.9629400       5599.8666294
   9 2027          0.4270215      21441.0873103       5587.7151947
   9 2029          0.4211719      21418.0198887       5559.9953495
   9 2031          0.4270215      21419.6442152       5583.0360871
   9 2033          0.4270215      21457.4939718       5586.0113255
   9 2035          0.4006982      21506.9516447       5493.3826878
   9 2037          0.4211719      21451.6177635       5595.3504914
   9 2039          0.4065479      21496.1741831       5566.8597666
   9 2041          0.3948486      21447.3436947       5508.6319377
   9 2043          0.4006982      21491.4469349       5539.7395260
  10 2019          0.3977734      21596.7512737       5553.6085313
  10 2021          0.4123975      21543.9763446       5629.8482640
  10 2023          0.4153223      21530.5441325       5628.9683500
  10 2025          0.4211719      21616.8967494       5616.0786785
  10 2027          0.3889990      21551.1757786       5437.5310906
  10 2029          0.4211719      21537.3242038       5578.0962259
  10 2031          0.4182471      21588.9462279       5576.4613176
  10 2033          0.4270215      21607.2800287       5612.6356561
  10 2035          0.4153223      21626.9994291       5572.4206611
  10 2037          0.4211719      21618.6233671       5591.4847245
  10 2039          0.4270215      21593.0675371       5614.0332918
  10 2041          0.4211719      21541.1737190       5623.5256467
  10 2043          0.4211719      21618.4603517       5615.9247095
  11 2019          0.3977734      21468.4703596       5520.6210708
  11 2021          0.4006982      21452.0343059       5538.9731283
  11 2023          0.4123975      21478.0076079       5584.8821301
  11 2025          0.4123975      21461.1484036       5586.7318410
  11 2027          0.4153223      21434.4637586       5586.3490026
  11 2029          0.4211719      21486.2360146       5574.0704773
  11 2031          0.4240967      21468.1682561       5572.7570349
  11 2033          0.4211719      21453.7420912       5577.6325954
  11 2035          0.4211719      21410.6048652       5582.3570249
  11 2037          0.4211719      21435.2020438       5579.6637407
  11 2039          0.3831494      21391.0137059       5382.9402877
  11 2041          0.4153223      21384.1472151       5574.1926718
  11 2043          0.4153223      21477.4713149       5594.4465906
  12 2019          0.3977734      21500.8403099       5528.9450095
  12 2021          0.4123975      21446.7882907       5599.2082527
  12 2023          0.4094727      21522.3428000       5594.3035757
  12 2025          0.4153223      21428.3367883       5597.7062847
  12 2027          0.4211719      21467.9232483       5586.1481036
  12 2029          0.4211719      21515.6536642       5580.7962636
  12 2031          0.3860742      21420.2075685       5430.1115321
  12 2033          0.4094727      21455.2743761       5556.2530919
  12 2035          0.4094727      21495.0290373       5591.3674371
  12 2037          0.4006982      21448.6443347       5542.4788768
  12 2039          0.3948486      21454.4971567       5510.1183451
  12 2041          0.3948486      21483.4105665       5527.2019193
  12 2043          0.3948486      21491.3834555       5531.6517113
  13 2019          0.3977734      21780.1809920       5600.7775168
  13 2021          0.4094727      21808.3516446       5668.8895555
  13 2023          0.3977734      21756.9162957       5624.6429698
  13 2025          0.4094727      21756.1214262       5634.9023139
  13 2027          0.3889990      21798.8654993       5520.6261895
  13 2029          0.4153223      21724.8022560       5660.9929921
  13 2031          0.4094727      21774.6957284       5664.7971148
  13 2033          0.3772998      21771.4481025       5519.8702908
  13 2035          0.3977734      21790.5098035       5567.7860821
  13 2037          0.3977734      21744.4445136       5618.8440455
  13 2039          0.3977734      21711.1405865       5590.9645183
  13 2041          0.4094727      21772.7250297       5656.0246390
  13 2043          0.4065479      21763.1123797       5671.4076098
  14 2019          0.3977734      21695.0600116       5578.8886412
  14 2021          0.4094727      21644.8802280       5640.8869365
  14 2023          0.3977734      21696.0104957       5606.2273643
  14 2025          0.3919238      21726.7639385       5567.2922221
  14 2027          0.4094727      21653.2103971       5658.7309400
  14 2029          0.4006982      21637.5882309       5595.1825511
  14 2031          0.3743750      21673.3415387       5359.4044514
  14 2033          0.4094727      21617.3609826       5632.9254612
  14 2035          0.3977734      21657.5943550       5605.9693011
  14 2037          0.3919238      21710.0427838       5541.5705617
  14 2039          0.4153223      21671.2395874       5648.4963276
  14 2041          0.4123975      21639.5110051       5654.2804341
  14 2043          0.4182471      21646.4788757       5648.4636855
  15 2019          0.3977734      22475.5354795       5779.5880502
  15 2021          0.4094727      22500.9397023       5844.0792951
  15 2023          0.3977734      22403.7771617       5804.9673889
  15 2025          0.3977734      22479.7451737       5791.0528627
  15 2027          0.4123975      22449.4413254       5833.7330084
  15 2029          0.4094727      22407.8042507       5836.1342794
  15 2031          0.3948486      22477.0503555       5762.7614699
  15 2033          0.4182471      22411.1258380       5866.1118849
  15 2035          0.3977734      22470.9185212       5780.7874041
  15 2037          0.4123975      22456.8698329       5846.0004529
  15 2039          0.4094727      22480.0964177       5847.6090032
  15 2041          0.4182471      22425.3877192       5841.0336609
  15 2043          0.4211719      22508.2234465       5826.9352302
  16 2019          0.3977734      22360.4423230       5749.9918240
  16 2021          0.4094727      22340.0413195       5806.6405878
  16 2023          0.3977734      22366.3149950       5760.9534949
  16 2025          0.4094727      22303.2440954       5830.9754024
  16 2027          0.4094727      22306.5341648       5830.6469181
  16 2029          0.4153223      22356.6875911       5820.7791866
  16 2031          0.4240967      22333.0826082       5808.0575208
  16 2033          0.4211719      22347.5505996       5788.3550335
  16 2035          0.4270215      22350.1084316       5811.7391937
  16 2037          0.4270215      22289.7377141       5817.7559204
  16 2039          0.4240967      22359.5453518       5813.2196709
  16 2041          0.4211719      22358.4988701       5815.7474892
  16 2043          0.4211719      22295.5170680       5822.0303943
  17 2019          0.3977734      22135.0515581       5692.0325477
  17 2021          0.4094727      22076.4191083       5762.2804267
  17 2023          0.3948486      22102.3037519       5691.4634196
  17 2025          0.4065479      22112.0885406       5729.5377867
  17 2027          0.3977734      22086.6856061       5680.2659869
  17 2029          0.4123975      22136.2123926       5752.0989527
  17 2031          0.4036230      22088.5264344       5739.1474225
  17 2033          0.4182471      22120.3733389       5780.6313164
  17 2035          0.4211719      22086.4730852       5783.5892793
  17 2037          0.3919238      22100.0976052       5675.2875176
  17 2039          0.4094727      22056.7940856       5745.8085174
  17 2041          0.3977734      22136.3303807       5716.5969018
  17 2043          0.3919238      22109.0790640       5651.7302100
  18 2019          0.3977734      22119.4660264       5688.0247254
  18 2021          0.4006982      22107.5613236       5709.7456118
  18 2023          0.4123975      22072.4663684       5766.3262558
  18 2025          0.4153223      22064.4688071       5765.0554471
  18 2027          0.4153223      22098.5637797       5761.7724275
  18 2029          0.4182471      22076.4564286       5736.4914371
  18 2031          0.4270215      22118.8115199       5751.6669498
  18 2033          0.4270215      22043.2901642       5758.9265781
  18 2035          0.4240967      22095.7291940       5755.9271256
  18 2037          0.4240967      22080.6638245       5757.3762601
  18 2039          0.4211719      22124.3643329       5755.2089390
  18 2041          0.4270215      22072.4213079       5756.1285019
  18 2043          0.3831494      22055.8548608       5558.5273063
  19 2019          0.3977734      21690.2644634       5577.6554651
  19 2021          0.4123975      21635.0532385       5642.1924072
  19 2023          0.4006982      21679.7374297       5633.7478464
  19 2025          0.3977734      21694.3483744       5610.5900838
  19 2027          0.3977734      21698.4349341       5619.2443719
  19 2029          0.3977734      21683.3819162       5576.5501921
  19 2031          0.3977734      21680.9735151       5560.5380673
  19 2033          0.4036230      21710.4991605       5589.6212043
  19 2035          0.3948486      21634.9706549       5548.9982683
  19 2037          0.4123975      21698.3205145       5632.4120326
  19 2039          0.3977734      21669.5674770       5576.0464139
  19 2041          0.4094727      21656.6706996       5619.9171115
  19 2043          0.3977734      21721.5285465       5575.7410901
  20 2019          0.3977734      22003.1739828       5658.1202051
  20 2021          0.4123975      21994.4675884       5726.7220571
  20 2023          0.4094727      21928.4834689       5733.5364559
  20 2025          0.4123975      21977.5641957       5723.2326289
  20 2027          0.4153223      21976.7201579       5718.9097183
  20 2029          0.4211719      22031.1133046       5703.5797208
  20 2031          0.4211719      22035.4978100       5703.0550315
  20 2033          0.4211719      21952.0735595       5713.0316842
  20 2035          0.4153223      22012.5924718       5714.6174140
  20 2037          0.4094727      21999.3766853       5725.0533170
  20 2039          0.3860742      21931.6361049       5558.9730771
  20 2041          0.4036230      22034.9652042       5696.5965512
  20 2043          0.3977734      22036.4172805       5698.8524955
  21 2019          0.3977734      21902.4674708       5632.2235072
  21 2021          0.4065479      21843.1187125       5655.7309192
  21 2023          0.3919238      21889.2010707       5578.6546811
  21 2025          0.4270215      21896.9604200       5736.5166178
  21 2027          0.4182471      21891.5258320       5725.7066288
  21 2029          0.4270215      21875.0564666       5731.0529892
  21 2031          0.4328711      21835.2322351       5736.2765826
  21 2033          0.4357959      21845.2768162       5737.0366184
  21 2035          0.3802246      21867.0509260       5480.8296948
  21 2037          0.4036230      21931.2336584       5655.0714483
  21 2039          0.4094727      21914.6433176       5708.8131379
  21 2041          0.3977734      21859.6466934       5652.5840652
  21 2043          0.4094727      21871.5172431       5683.3743168
  22 2019          0.3977734      21563.1824364       5544.9762987
  22 2021          0.4123975      21530.9581707       5608.1840234
  22 2023          0.4006982      21511.7697046       5581.7656673
  22 2025          0.4006982      21521.8586804       5564.5756455
  22 2027          0.4006982      21511.3058165       5582.6348199
  22 2029          0.4006982      21554.8558650       5521.2006271
  22 2031          0.4006982      21535.3029868       5545.1754780
  22 2033          0.4006982      21535.7105080       5544.6320597
  22 2035          0.4006982      21536.7275655       5543.2854402
  22 2037          0.4094727      21512.0082977       5571.4243499
  22 2039          0.4123975      21521.5926577       5613.6142510
  22 2041          0.4094727      21581.2773339       5604.0384531
  22 2043          0.4153223      21576.1471272       5594.0190852
  23 2019          0.3977734      21006.8988464       5401.9278720
  23 2021          0.4123975      20982.2266183       5464.9529005
  23 2023          0.4065479      21007.9998323       5470.2560422
  23 2025          0.4036230      21000.2650345       5456.3769871
  23 2027          0.4153223      21035.9382346       5455.1282881
  23 2029          0.4211719      20930.3446178       5459.5858673
  23 2031          0.3889990      20941.4900371       5383.1065974
  23 2033          0.4094727      20958.2557140       5464.3315096
  23 2035          0.4065479      20963.8197263       5469.9264658
  23 2037          0.4153223      21039.2735641       5440.1957714
  23 2039          0.4182471      21014.3853338       5437.3757031
  23 2041          0.3743750      20967.2849181       5186.9065104
  23 2043          0.4153223      20929.2951706       5462.5185462
  24 2019          0.3977734      21076.4342951       5419.8089253
  24 2021          0.4123975      21023.5228239       5482.6103621
  24 2023          0.4006982      21033.1604052       5447.0418236
  24 2025          0.4006982      21039.1916910       5437.7800199
  24 2027          0.3948486      21070.0939425       5397.1194832
  24 2029          0.4065479      21046.4594981       5438.1096936
  24 2031          0.4153223      21016.8296526       5492.3776438
  24 2033          0.4006982      21044.1554280       5460.8133919
  24 2035          0.3948486      21053.6645461       5418.7798627
  24 2037          0.4123975      21028.9434893       5462.4593676
  24 2039          0.4123975      21082.0148291       5498.7053326
  24 2041          0.4153223      21087.8067859       5498.2196080
  24 2043          0.4240967      21078.7118412       5488.3023572
  25 2019          0.3977734      21630.3201111       5562.2407640
  25 2021          0.4153223      21611.8369119       5635.3357791
  25 2023          0.4006982      21580.2949525       5605.9229823
  25 2025          0.4006982      21584.7908021       5598.7930576
  25 2027          0.3802246      21559.0715487       5488.0289970
  25 2029          0.3977734      21609.2988034       5524.7927578
  25 2031          0.4153223      21629.2292502       5640.1310171
  25 2033          0.4153223      21612.6771099       5641.5063129
  25 2035          0.4182471      21601.2407126       5641.7873711
  25 2037          0.4240967      21583.3286141       5641.9172918
  25 2039          0.4270215      21570.4077481       5642.3000649
  25 2041          0.4240967      21576.9498900       5642.4452177
  25 2043          0.3772998      21607.8914037       5428.6488722
  26 2019          0.3977734      21263.4606745       5467.9027929
  26 2021          0.3977734      21285.8419758       5476.1828514
  26 2023          0.4123975      21263.8576152       5527.1380811
  26 2025          0.4123975      21250.4506209       5546.2897822
  26 2027          0.4211719      21220.9410174       5546.8687599
  26 2029          0.4240967      21221.1119468       5546.2233097
  26 2031          0.4270215      21241.5076458       5543.9062230
  26 2033          0.4270215      21240.5933944       5543.9815780
  26 2035          0.4328711      21185.0248942       5547.2620016
  26 2037          0.3831494      21245.8540168       5323.5881709
  26 2039          0.4123975      21232.9556192       5490.1135249
  26 2041          0.4094727      21191.8694842       5500.1298305
  26 2043          0.4065479      21255.6545273       5501.7948224
  27 2019          0.3977734      21884.4841651       5627.5990968
  27 2021          0.4036230      21824.2548223       5654.7297320
  27 2023          0.4123975      21825.7291593       5704.1225325
  27 2025          0.4006982      21817.7042525       5671.6298056
  27 2027          0.4006982      21830.9896672       5634.8981416
  27 2029          0.4006982      21827.8087153       5641.9519536
  27 2031          0.4006982      21836.5027089       5623.9600386
  27 2033          0.4006982      21854.7442058       5594.5679560
  27 2035          0.3889990      21835.7657387       5543.2483736
  27 2037          0.4153223      21895.2516849       5679.2462920
  27 2039          0.3977734      21914.3180715       5633.5064972
  27 2041          0.3948486      21824.3764642       5570.1187390
  27 2043          0.4123975      21894.3641135       5667.6030618
  28 2019          0.3977734      21684.2700282       5576.1139950
  28 2021          0.4006982      21690.6546506       5606.8308846
  28 2023          0.4094727      21715.6339134       5630.7694946
  28 2025          0.3948486      21686.0392064       5577.5178938
  28 2027          0.4006982      21658.0892514       5596.1673233
  28 2029          0.4153223      21642.6535075       5644.2323027
  28 2031          0.4123975      21686.7128070       5647.9880657
  28 2033          0.4182471      21626.9152825       5649.6867443
  28 2035          0.3977734      21692.3078996       5567.6557466
  28 2037          0.4094727      21711.5673496       5626.7719509
  28 2039          0.3831494      21608.2980065       5490.9615152
  28 2041          0.4006982      21678.7843670       5552.1584632
  28 2043          0.4182471      21676.7753305       5672.5868904
  29 2019          0.3977734      22205.7858939       5710.2218950
  29 2021          0.4153223      22129.6700566       5778.0563222
  29 2023          0.4094727      22163.7783458       5780.7658205
  29 2025          0.4123975      22174.3918178       5774.4997828
  29 2027          0.4123975      22215.6548517       5740.4616898
  29 2029          0.4182471      22209.5513292       5729.3140477
  29 2031          0.4211719      22234.2398207       5752.2860605
  29 2033          0.4211719      22145.0164867       5763.3578084
  29 2035          0.4123975      22140.1799226       5713.4460655
  29 2037          0.3860742      22204.3896635       5566.9217934
  29 2039          0.4240967      22203.9119611       5751.1424573
  29 2041          0.3802246      22202.6730607       5564.2280952
  29 2043          0.4153223      22163.4548941       5761.6652268
  30 2019          0.3977734      22174.6148306       5702.2062504
  30 2021          0.4123975      22171.1061294       5770.5035466
  30 2023          0.3977734      22138.2963981       5716.0922340
  30 2025          0.4123975      22148.1829149       5777.4285726
  30 2027          0.4153223      22172.3594572       5772.7009572
  30 2029          0.3772998      22158.4168412       5526.1413013
  30 2031          0.4153223      22172.4879910       5752.9056990
  30 2033          0.4094727      22129.7609395       5777.5299317
  30 2035          0.4006982      22114.9145621       5754.2087801
  30 2037          0.4006982      22139.8240027       5711.4159153
  30 2039          0.4006982      22130.4428397       5725.5508969
  30 2041          0.4006982      22117.7736071       5748.2073016
  30 2043          0.3802246      22134.6449867       5599.2737850
  31 2019          0.3977734      22238.1558441       5718.5458336
  31 2021          0.4094727      22267.7754007       5780.2049828
  31 2023          0.4006982      22221.3202441       5766.6000403
  31 2025          0.3977734      22250.3327094       5744.0327229
  31 2027          0.3977734      22251.8858805       5751.3860842
  31 2029          0.3977734      22248.7872925       5733.9864846
  31 2031          0.3977734      22249.1694452       5693.3866880
  31 2033          0.4094727      22226.3138073       5743.9141061
  31 2035          0.4094727      22215.9472813       5762.4535303
  31 2037          0.4153223      22194.8753329       5802.9209181
  31 2039          0.4153223      22174.8148886       5804.5553696
  31 2041          0.3948486      22256.1634062       5726.0521842
  31 2043          0.4094727      22190.0409661       5737.8004559
  32 2019          0.3977734      22061.9194482       5673.2266123
  32 2021          0.4123975      22006.8520911       5740.2912066
  32 2023          0.4006982      22060.6781189       5692.0077934
  32 2025          0.4006982      22062.5515860       5690.4491477
  32 2027          0.4006982      22080.1963494       5676.2371505
  32 2029          0.4036230      22016.9844138       5650.3276444
  32 2031          0.4123975      22019.1112919       5703.4441220
  32 2033          0.4123975      21997.7387879       5707.7256586
  32 2035          0.3860742      22053.3679488       5558.6948778
  32 2037          0.4211719      21987.0739158       5747.0600612
  32 2039          0.4182471      22025.1999090       5755.2163333
  32 2041          0.4006982      22053.9038986       5683.9986599
  32 2043          0.4094727      22084.0929111       5724.7538649
  33 2019          0.3977734      21940.8318564       5642.0889159
  33 2021          0.4036230      21892.4005969       5706.9075678
  33 2023          0.3919238      21936.3278194       5647.5564632
  33 2025          0.3977734      21945.0715572       5665.9256666
  33 2027          0.4094727      21884.1030040       5709.9726584
  33 2029          0.3948486      21951.1014749       5657.0199482
  33 2031          0.4094727      21896.8984791       5703.5098693
  33 2033          0.3977734      21937.3382128       5663.7155370
  33 2035          0.3860742      21879.7125877       5566.4385120
  33 2037          0.4094727      21964.4244954       5682.3161965
  33 2039          0.4065479      21910.8735712       5709.3460909
  33 2041          0.4006982      21924.3833040       5690.7031669
  33 2043          0.4006982      21944.4866770       5677.5511787
  34 2019          0.3977734      22040.3394813       5667.6773198
  34 2021          0.3977734      22012.4730311       5659.8115884
  34 2023          0.4036230      22042.2737780       5678.2070850
  34 2025          0.4036230      21972.6440281       5698.7001767
  34 2027          0.4123975      22015.7661841       5742.1944841
  34 2029          0.4094727      22042.0469233       5736.8264637
  34 2031          0.4094727      21981.4928749       5743.6414741
  34 2033          0.4153223      21988.4052657       5735.4695908
  34 2035          0.4211719      22014.3704557       5725.1791811
  34 2037          0.3860742      22068.0064300       5567.2905082
  34 2039          0.3889990      21973.7084936       5586.6531360
  34 2041          0.4094727      22023.7846256       5712.5882054
  34 2043          0.3919238      22014.2865123       5630.5565156
  35 2019          0.3977734      22169.8192824       5700.9730743
  35 2021          0.4006982      22142.9546190       5682.9465259
  35 2023          0.4094727      22158.2873223       5742.0539518
  35 2025          0.4006982      22159.2048488       5727.1946679
  35 2027          0.4211719      22160.7573991       5791.0265956
  35 2029          0.4270215      22141.9391533       5793.7242599
  35 2031          0.4328711      22108.0944667       5797.3919489
  35 2033          0.3714502      22162.2484757       5497.2979408
  35 2035          0.3889990      22167.3696186       5587.9098112
  35 2037          0.4123975      22121.7290881       5760.4376047
  35 2039          0.4153223      22114.8611235       5785.6096469
  35 2041          0.4036230      22084.0760653       5746.0736212
  35 2043          0.4036230      22083.7452062       5746.2501690
  36 2019          0.3977734      22330.4701468       5742.2844734
  36 2021          0.4036230      22325.2876548       5772.6672806
  36 2023          0.4123975      22281.7733260       5808.3426437
  36 2025          0.4094727      22252.7087027       5797.1382043
  36 2027          0.4094727      22340.7763920       5804.6111789
  36 2029          0.4123975      22279.0804820       5807.0723614
  36 2031          0.4094727      22361.0580498       5801.9856306
  36 2033          0.3977734      22335.4038049       5716.3407192
  36 2035          0.4036230      22325.5269511       5777.6942695
  36 2037          0.4036230      22320.8367379       5792.6692865
  36 2039          0.3977734      22334.0629359       5783.6065037
  36 2041          0.3977734      22318.6913692       5751.5229936
  36 2043          0.3977734      22318.8089692       5751.8414097
  37 2019          0.3977734      22192.5981363       5706.8306608
  37 2021          0.4094727      22156.1740142       5776.5738412
  37 2023          0.3977734      22103.8699789       5729.3929752
  37 2025          0.3977734      22208.8639112       5734.2155735
  37 2027          0.3977734      22209.5113589       5738.6217737
  37 2029          0.3860742      22143.5125288       5657.6764886
  37 2031          0.4006982      22200.4885317       5711.1350650
  37 2033          0.4094727      22134.9832190       5780.0078072
  37 2035          0.3977734      22113.2381849       5734.1389838
  37 2037          0.3948486      22191.6963724       5707.2898573
  37 2039          0.3948486      22154.1573600       5682.4991715
  37 2041          0.3948486      22169.6263863       5693.1416281
  37 2043          0.3948486      22163.1344522       5688.7556473
  38 2019          0.3977734      21555.9891141       5543.1265345
  38 2021          0.4094727      21562.2116989       5605.0409340
  38 2023          0.3948486      21552.7813143       5553.3153482
  38 2025          0.4153223      21495.5897880       5619.0940706
  38 2027          0.4153223      21580.2186576       5610.9800156
  38 2029          0.3889990      21569.5013594       5504.3180779
  38 2031          0.4036230      21510.8191218       5556.2472202
  38 2033          0.4094727      21571.3601154       5595.8359202
  38 2035          0.4094727      21498.5808694       5606.4953780
  38 2037          0.3860742      21492.3166747       5442.5713743
  38 2039          0.4182471      21543.0926929       5618.6934702
  38 2041          0.4065479      21567.8655094       5608.0676313
  38 2043          0.3977734      21496.1380584       5574.7236124
  39 2019          0.3977734      21673.4800448       5573.3393488
  39 2021          0.4036230      21659.9487836       5611.4686595
  39 2023          0.4094727      21621.2028193       5635.3429494
  39 2025          0.3977734      21587.0507455       5597.1713072
  39 2027          0.4065479      21640.8870332       5634.7149042
  39 2029          0.3977734      21682.1499600       5606.9965070
  39 2031          0.3977734      21679.9988107       5600.5450288
  39 2033          0.3889990      21630.6623779       5526.9328491
  39 2035          0.4123975      21641.8279113       5617.7697477
  39 2037          0.4006982      21643.7246651       5580.0346687
  39 2039          0.4094727      21693.0189547       5603.9565237
  39 2041          0.4123975      21678.5084411       5630.3293753
  39 2043          0.3977734      21648.9442479       5575.1391188
  40 2019          0.3977734      21725.0321878       5586.5959918
  40 2021          0.4006982      21733.1823158       5624.6654518
  40 2023          0.4065479      21719.3585955       5656.3487104
  40 2025          0.3948486      21720.5163174       5590.0666850
  40 2027          0.4094727      21759.2492828       5652.5727330
  40 2029          0.4153223      21667.9209636       5655.9693744
  40 2031          0.3860742      21740.3643810       5512.1486582
  40 2033          0.4182471      21672.3272257       5638.8505691
  40 2035          0.4123975      21690.0173541       5647.3967283
  40 2037          0.4153223      21719.3727818       5638.1538512
  40 2039          0.3772998      21684.5476410       5419.7104466
  40 2041          0.4094727      21697.1992229       5594.3724076
  40 2043          0.4094727      21655.3044831       5613.1088244
  41 2019          0.3977734      21750.2088158       5593.0701663
  41 2021          0.4094727      21673.1996123       5663.0232960
  41 2023          0.3977734      21775.7705087       5634.7420524
  41 2025          0.3977734      21775.6260911       5621.7255234
  41 2027          0.3977734      21777.9249452       5599.3818851
  41 2029          0.3977734      21781.4665063       5583.5331921
  41 2031          0.3977734      21694.6055551       5575.5447181
  41 2033          0.4036230      21742.9830360       5583.2473606
  41 2035          0.4036230      21733.3969961       5590.4635567
  41 2037          0.4153223      21761.6968176       5649.0474790
  41 2039          0.4123975      21719.9202400       5659.5166855
  41 2041          0.4006982      21716.2979240       5637.7899977
  41 2043          0.4153223      21734.0997398       5671.6241794
  42 2019          0.3977734      21689.0655764       5577.3471711
  42 2021          0.4094727      21629.2943746       5646.0127898
  42 2023          0.3977734      21704.0613321       5611.9326149
  42 2025          0.3977734      21700.7238659       5591.3500419
  42 2027          0.3977734      21700.0968453       5574.3262771
  42 2029          0.3977734      21703.7051029       5543.6603500
  42 2031          0.3977734      21704.1375245       5541.7048970
  42 2033          0.3977734      21700.2845995       5585.3454317
  42 2035          0.3977734      21700.6942557       5591.0282484
  42 2037          0.3977734      21704.1503357       5541.6485659
  42 2039          0.3977734      21701.4057083       5556.9378621
  42 2041          0.3977734      21705.3555428       5536.6901521
  42 2043          0.3860742      21608.9747668       5463.1397546
  43 2019          0.3977734      21931.2407600       5639.6225637
  43 2021          0.4094727      21889.7354084       5708.5624845
  43 2023          0.3948486      21899.6035457       5663.0768293
  43 2025          0.3977734      21907.3057073       5664.7441236
  43 2027          0.3860742      21954.8254215       5558.3356103
  43 2029          0.4211719      21910.3379405       5710.6923986
  43 2031          0.4153223      21913.9519708       5713.8750941
  43 2033          0.4240967      21921.4428004       5707.8902285
  43 2035          0.4240967      21882.7071909       5711.5161082
  43 2037          0.4036230      21890.1072720       5624.8675931
  43 2039          0.4153223      21923.3913233       5650.1672616
  43 2041          0.4153223      21934.6111993       5655.9137564
  43 2043          0.3656006      21858.6478019       5352.6090958
  44 2019          0.3977734      21949.2240657       5644.2469741
  44 2021          0.4123975      21886.7733397       5711.8845831
  44 2023          0.3977734      21978.9274178       5664.4711687
  44 2025          0.3977734      21979.9130405       5658.4089301
  44 2027          0.3977734      21980.9100118       5653.3539655
  44 2029          0.4006982      21880.8108351       5630.3771963
  44 2031          0.4006982      21892.1355414       5604.2307911
  44 2033          0.3977734      21863.6390017       5596.2159700
  44 2035          0.4123975      21896.6426388       5705.9815305
  44 2037          0.4123975      21908.0203406       5704.4524603
  44 2039          0.4153223      21892.0689373       5700.6549202
  44 2041          0.3889990      21898.6574577       5562.0280197
  44 2043          0.4153223      21936.2812427       5691.1811328
  45 2019          0.3977734      21883.2852781       5627.2908028
  45 2021          0.4094727      21813.2264780       5698.9079938
  45 2023          0.3977734      21873.0789541       5682.4469620
  45 2025          0.3977734      21797.8688921       5628.2370148
  45 2027          0.3948486      21882.2738608       5594.7859009
  45 2029          0.3948486      21883.9162247       5596.5814999
  45 2031          0.3948486      21871.8344597       5582.6565911
  45 2033          0.4065479      21817.6727317       5647.8062331
  45 2035          0.4065479      21846.4827304       5661.1984108
  45 2037          0.4094727      21800.8120152       5693.0657775
  45 2039          0.4094727      21816.9216592       5704.2916916
  45 2041          0.3919238      21866.1107583       5614.6736012
  45 2043          0.3977734      21916.1504119       5611.8156360
  46 2019          0.3977734      21448.0892798       5515.3800725
  46 2021          0.4123975      21388.6583918       5588.4488029
  46 2023          0.3977734      21418.3454592       5542.8446902
  46 2025          0.4094727      21465.8896229       5577.1849404
  46 2027          0.4094727      21466.8682282       5577.0655850
  46 2029          0.4182471      21393.3205427       5572.4266017
  46 2031          0.3831494      21375.4297155       5401.1457875
  46 2033          0.4153223      21379.6921427       5572.7171546
  46 2035          0.4065479      21421.1718301       5575.4648513
  46 2037          0.4006982      21381.2985582       5557.0481038
  46 2039          0.4036230      21390.4872999       5558.0155633
  46 2041          0.3948486      21458.2387122       5520.2503667
  46 2043          0.3977734      21368.1258445       5538.2201618
  47 2019          0.3977734      21612.3368053       5557.6163536
  47 2021          0.4094727      21603.7812935       5621.9836215
  47 2023          0.3977734      21612.7085042       5592.4812270
  47 2025          0.4036230      21580.2806471       5602.8042719
  47 2027          0.3977734      21537.7569269       5580.3297046
  47 2029          0.3948486      21572.1813374       5539.0721955
  47 2031          0.3948486      21552.2817995       5525.7960604
  47 2033          0.3948486      21593.7664884       5552.4163450
  47 2035          0.3948486      21574.2930594       5540.4226158
  47 2037          0.3919238      21632.8634595       5528.2155945
  47 2039          0.4182471      21553.7098814       5637.8155434
  47 2041          0.4006982      21595.9937760       5591.6282107
  47 2043          0.3919238      21627.0032185       5570.9365822
  48 2019          0.3977734      21830.5342480       5613.7258658
  48 2021          0.4036230      21753.3201461       5658.0959377
  48 2023          0.4036230      21799.8805467       5635.4844979
  48 2025          0.4036230      21757.4958340       5656.0236784
  48 2027          0.4036230      21827.0936474       5622.7317895
  48 2029          0.4036230      21854.2333687       5610.3159490
  48 2031          0.3948486      21764.9603842       5582.4164090
  48 2033          0.4123975      21802.5197669       5674.2508960
  48 2035          0.4094727      21767.9486529       5684.1032365
  48 2037          0.4182471      21780.5599177       5666.3517737
  48 2039          0.4211719      21749.2359980       5665.0423720
  48 2041          0.4153223      21849.3984021       5662.8213478
  48 2043          0.4094727      21752.3106210       5664.1547380
  49 2019          0.3977734      21762.1976863       5596.1531065
  49 2021          0.4036230      21785.4519009       5628.7887982
  49 2023          0.4006982      21726.8301341       5621.6422027
  49 2025          0.4006982      21724.3579747       5624.9438880
  49 2027          0.4006982      21750.6164713       5593.2202854
  49 2029          0.4006982      21736.0111909       5610.0278872
  49 2031          0.4006982      21734.5306229       5611.8383649
  49 2033          0.4006982      21757.2387836       5586.1296880
  49 2035          0.4006982      21742.0720962       5602.8350786
  49 2037          0.4006982      21759.5493937       5583.7215338
  49 2039          0.3919238      21742.7997197       5525.5150464
  49 2041          0.4153223      21778.0363941       5622.0730661
  49 2043          0.4123975      21730.7380724       5639.2943624
  50 2019          0.3977734      22475.5354795       5779.5880502
  50 2021          0.4153223      22461.1319226       5853.6374515
  50 2023          0.4065479      22454.3150558       5850.1687499
  50 2025          0.3977734      22418.8423944       5816.9770807
  50 2027          0.3977734      22441.4577906       5816.6950429
  50 2029          0.3977734      22410.0116068       5799.8005478
  50 2031          0.3977734      22445.0931730       5766.6068838
  50 2033          0.3977734      22464.3432386       5806.9808178
  50 2035          0.3977734      22510.0504486       5814.0173925
  50 2037          0.4006982      22404.7263251       5800.1172880
  50 2039          0.4006982      22405.8308250       5795.9999611
  50 2041          0.3977734      22512.3939925       5802.6090651
  50 2043          0.3977734      22511.5477555       5806.3086505
