FL 2019 2020 2021 2022 2023 2024 2025 2026 2027 2028 2029 2030 2031 2032 2033 2034 2035 2036 2037 2038 2039 2040 2041 2042 2043 2044 2045
 1  0.1254765  0.0537101  0.0359342  0.0525761  0.0374386  0.0977775  0.0747256  0.1370835  0.1578693  0.1854964  0.2356595  0.1432836  0.1499109  0.1704714  0.2006769  0.2744749  0.2947732  0.1782923  0.2073195  0.0613259  0.0419894  0.0573778  0.0486389  0.1213723  0.1141409  0.2129599  0.2397519
 2  0.0238751  0.0086047  0.0057216  0.0091803  0.0047701  0.0148232  0.0135420  0.0290490  0.0386337  0.0496434  0.0621242  0.0322491  0.0325240  0.0384297  0.0450853  0.0562853  0.0582731  0.0368786  0.0408617  0.0100964  0.0069069  0.0100726  0.0095778  0.0230654  0.0215340  0.0421741  0.0512931
 3  0.1162273  0.0254420  0.0212803  0.0240044  0.0230046  0.0178179  0.0217998  0.0368621  0.0302942  0.0326300  0.0307021  0.0308984  0.0276877  0.0299409  0.0296302  0.0271758  0.0217001  0.0760284  0.0672721  0.0238952  0.0220412  0.0254849  0.0266610  0.1750990  0.1582153  0.0286438  0.0291720
 4  0.0444602  0.0492173  0.0407941  0.0696858  0.0501342  0.0464458  0.0337534  0.0418846  0.0360737  0.0445850  0.0416158  0.0449785  0.0386441  0.0380280  0.0381311  0.0443108  0.0340214  0.0362361  0.0433967  0.0510209  0.0411944  0.0444835  0.0421061  0.0449776  0.0315664  0.0439662  0.0372540
 1  0.1220670  0.0539047  0.0365643  0.0801044  0.0681945  0.0985823  0.0867905  0.1249839  0.1195404  0.1165874  0.1207940  0.0701656  0.0646978  0.0610463  0.0640169  0.0634009  0.0584765  0.0598076  0.0511419  0.2607484  0.3337764  0.2863068  0.3425355  0.2205565  0.2880714  0.1161572  0.0941494
 2  0.0232303  0.0087191  0.0058651  0.0138722  0.0128464  0.0179184  0.0157312  0.0240103  0.0227365  0.0227252  0.0246920  0.0141444  0.0136720  0.0131128  0.0133324  0.0133939  0.0101603  0.0106288  0.0100198  0.0564301  0.0764932  0.0624490  0.0733475  0.0468251  0.0580412  0.0203142  0.0164253
 3  0.1130934  0.0288624  0.0163579  0.0217989  0.0238330  0.1421418  0.1376119  0.0227496  0.0254319  0.1485435  0.1466877  0.0256677  0.0250181  0.1819654  0.1998688  0.0227035  0.0266471  0.0614055  0.0613493  0.0296404  0.0302901  0.0286826  0.0236737  0.1360732  0.1379798  0.0256184  0.0194766
 4  0.0433681  0.0483472  0.0391211  0.0412990  0.0414008  0.0467231  0.0430877  0.0401441  0.0391449  0.0369330  0.0355850  0.0393254  0.0368707  0.0237960  0.0212194  0.0506569  0.0463759  0.0388535  0.0373492  0.0362722  0.0386612  0.0409085  0.0338214  0.0328892  0.0377204  0.0424182  0.0415101
 1  0.1187765  0.0769133  0.0529952  0.0709368  0.0499749  0.2103956  0.2325159  0.1683144  0.1630003  0.1289843  0.1355430  0.1956138  0.2234052  0.0897227  0.0812080  0.1457571  0.1560302  0.1643324  0.1556796  0.1244712  0.1309430  0.2474835  0.2931275  0.1363715  0.0996745  0.1083456  0.0974727
 2  0.0226444  0.0125015  0.0084945  0.0110199  0.0085086  0.0407310  0.0471278  0.0333427  0.0325168  0.0268539  0.0297712  0.0418977  0.0420006  0.0165765  0.0148441  0.0283328  0.0295250  0.0307707  0.0291308  0.0241305  0.0271107  0.0531712  0.0601984  0.0226215  0.0156489  0.0187475  0.0193603
 3  0.1100329  0.0207372  0.0231240  0.0260445  0.0212721  0.0281141  0.0261557  0.0245887  0.0252041  0.0240013  0.0288274  0.1658181  0.1872914  0.0225596  0.0250833  0.1504486  0.1544261  0.0268910  0.0234462  0.1317701  0.1329369  0.0266026  0.0268379  0.0732970  0.0655150  0.0211183  0.0290173
 4  0.0423910  0.0486608  0.0510778  0.0435212  0.0370926  0.0379424  0.0383367  0.0409005  0.0377832  0.0372063  0.0369260  0.0359089  0.0322343  0.0424024  0.0407921  0.0390984  0.0395914  0.0425752  0.0393857  0.0349935  0.0332431  0.0354073  0.0465367  0.0499179  0.0414120  0.0350223  0.0341883
 1  0.1193897  0.0246958  0.0162552  0.0833689  0.0687358  0.0890785  0.0886823  0.0659203  0.0580108  0.0442254  0.0355546  0.0518560  0.0481002  0.0592080  0.0609302  0.0777078  0.0845539  0.1421903  0.1612398  0.1337870  0.1352720  0.1625744  0.1612904  0.1745692  0.2090831  0.1691841  0.2168724
 2  0.0226910  0.0039735  0.0026247  0.0142838  0.0125454  0.0178234  0.0179916  0.0134804  0.0104631  0.0078117  0.0069730  0.0104085  0.0102219  0.0135172  0.0147491  0.0195214  0.0203510  0.0341487  0.0369645  0.0296858  0.0262861  0.0313514  0.0335148  0.0394692  0.0501874  0.0399245  0.0479405
 3  0.1105887  0.0183474  0.0234881  0.0217438  0.0237936  0.0695336  0.0747977  0.0243489  0.0268618  0.0249019  0.0282263  0.0854905  0.0839446  0.0284779  0.0318631  0.0298552  0.0273421  0.0264597  0.0268928  0.0256215  0.0275116  0.0243255  0.0277891  0.0278491  0.0258501  0.1769165  0.1840130
 4  0.0420011  0.0438606  0.0404020  0.0389404  0.0368906  0.0344339  0.0393871  0.0454417  0.0490051  0.0421063  0.0433882  0.0372786  0.0352885  0.0383062  0.0416292  0.0418262  0.0408899  0.0406026  0.0404493  0.0460577  0.0412628  0.0392413  0.0366097  0.0367468  0.0351123  0.0388109  0.0421161
 1  0.1189860  0.0474579  0.0319993  0.0554095  0.0412517  0.1368664  0.1217020  0.2785274  0.3154785  0.3637763  0.4604746  0.2090687  0.2492444  0.0909279  0.0634971  0.1684197  0.1991147  0.2497643  0.2817359  0.0943936  0.0806442  0.2044229  0.2319232  0.3099473  0.4909616  0.1527936  0.1024570
 2  0.0231473  0.0077530  0.0051639  0.0092730  0.0065740  0.0240840  0.0221422  0.0546917  0.0600252  0.0697211  0.0941892  0.0422913  0.0353689  0.0128731  0.0102159  0.0313013  0.0406652  0.0539445  0.0479076  0.0155481  0.0148449  0.0412791  0.0503689  0.0711006  0.1052326  0.0231802  0.0148994
 3  0.1099257  0.0212822  0.0166479  0.0240198  0.0240471  0.0230184  0.0264673  0.0243724  0.0253140  0.0246666  0.0254776  0.2617879  0.4127238  0.0132356  0.0211719  0.1897273  0.1852583  0.0238193  0.0260006  0.1102116  0.1013270  0.0253633  0.0250660  0.1652361  0.1753785  0.0203156  0.0188753
 4  0.0434759  0.0445718  0.0415281  0.0475062  0.0419994  0.0407932  0.0401473  0.0402601  0.0410777  0.0391915  0.0356477  0.0379392  0.0390386  0.0387781  0.0366657  0.0319579  0.0323696  0.0405365  0.0464334  0.0362514  0.0344736  0.0358498  0.0335564  0.0259124  0.0351196  0.0488620  0.0389890
 1  0.1162521  0.0849438  0.0592577  0.1078224  0.0891757  0.1688481  0.1770284  0.1487204  0.1245761  0.1232876  0.1164459  0.0750858  0.0936326  0.1464432  0.1390858  0.1347939  0.1539762  0.1334297  0.1376012  0.0694457  0.0652423  0.1116920  0.0854793  0.1821486  0.2062076  0.0763718  0.0657055
 2  0.0225599  0.0139384  0.0094936  0.0179224  0.0156366  0.0327553  0.0358309  0.0274555  0.0211445  0.0223053  0.0237497  0.0170640  0.0207973  0.0293849  0.0268018  0.0269516  0.0327223  0.0287580  0.0285219  0.0142410  0.0122400  0.0187792  0.0155616  0.0373220  0.0426693  0.0145278  0.0128218
 3  0.1074261  0.0269041  0.0262325  0.0709403  0.0756806  0.0267133  0.0294496  0.0581198  0.0557984  0.0254876  0.0291202  0.2408089  0.2786220  0.0227457  0.0235847  0.1546939  0.1561404  0.0266557  0.0272966  0.0723467  0.0795885  0.0231413  0.0215680  0.0466189  0.0463204  0.0779488  0.0809848
 4  0.0426515  0.0496310  0.0433111  0.0384969  0.0354045  0.0358745  0.0432270  0.0473172  0.0421310  0.0386267  0.0374594  0.0172206  0.0245950  0.0390107  0.0374913  0.0273395  0.0289289  0.0422015  0.0364281  0.0353316  0.0417393  0.0379042  0.0349310  0.0382534  0.0464846  0.0387184  0.0357929
 1  0.1297236  0.0889434  0.0593714  0.0458530  0.0334113  0.0639007  0.0703039  0.0950480  0.1013372  0.1003875  0.1226943  0.1079468  0.0782061  0.0525283  0.0450140  0.1796898  0.2038828  0.1523055  0.1743025  0.0675795  0.0469352  0.0624355  0.0577364  0.1279999  0.1368521  0.1017171  0.1311623
 2  0.0243926  0.0139661  0.0092901  0.0072556  0.0059190  0.0129732  0.0156738  0.0222900  0.0242524  0.0244384  0.0282664  0.0192062  0.0129776  0.0093214  0.0089886  0.0395192  0.0478236  0.0374784  0.0290112  0.0102980  0.0078692  0.0112981  0.0110602  0.0269546  0.0315710  0.0250360  0.0330731
 3  0.1204050  0.0206807  0.0184489  0.0246954  0.0235743  0.1448154  0.1393766  0.0257522  0.0285949  0.1411491  0.1427414  0.0234627  0.0194024  0.0223882  0.0246529  0.0273488  0.0320848  0.1106491  0.1294969  0.0173229  0.0207797  0.1446911  0.1369563  0.0283528  0.0277544  0.1733994  0.1808434
 4  0.0445032  0.0442369  0.0429114  0.0404763  0.0359165  0.0325234  0.0325784  0.0345352  0.0346932  0.0331525  0.0426134  0.0442523  0.0400496  0.0376287  0.0347758  0.0344269  0.0381769  0.0554348  0.0580302  0.0416179  0.0395312  0.0381797  0.0342049  0.0381947  0.0351973  0.0154478  0.0169641
 1  0.1244105  0.0149918  0.0097760  0.0186358  0.0157024  0.0617147  0.0617694  0.2103847  0.1783705  0.1111805  0.0943123  0.2050026  0.2400234  0.1772674  0.2118149  0.1372349  0.1482143  0.1526534  0.1110048  0.2814087  0.3171896  0.2722835  0.3521023  0.1399651  0.1512346  0.1032168  0.0735657
 2  0.0246932  0.0024389  0.0015696  0.0033023  0.0031012  0.0131937  0.0110664  0.0360660  0.0292390  0.0189792  0.0177236  0.0429900  0.0553434  0.0424630  0.0514254  0.0313985  0.0199943  0.0214629  0.0189553  0.0529265  0.0637866  0.0586455  0.0793657  0.0288163  0.0284626  0.0169211  0.0112590
 3  0.1146225  0.0258636  0.0212769  0.0223035  0.0282726  0.1413347  0.1535954  0.0219565  0.0256139  0.0214006  0.0272629  0.0303000  0.0318664  0.0286077  0.0299640  0.2471793  0.3558784  0.0154861  0.0243145  0.0263831  0.0279723  0.0284370  0.0285988  0.1697327  0.1812466  0.0241725  0.0225388
 4  0.0469218  0.0448356  0.0420783  0.0350932  0.0350329  0.0447820  0.0462933  0.0438637  0.0442704  0.0402375  0.0385811  0.0372052  0.0389457  0.0361277  0.0380097  0.0598697  0.0468193  0.0405174  0.0383229  0.0374208  0.0383056  0.0355321  0.0375174  0.0399328  0.0504008  0.0502254  0.0420576
 1  0.1237088  0.0832669  0.0565878  0.1560333  0.1414410  0.1595531  0.1473389  0.0502747  0.0357707  0.0842030  0.0702595  0.1237505  0.1368652  0.1270154  0.1478310  0.1104033  0.1335360  0.0904316  0.0927979  0.0793485  0.0737466  0.0641346  0.0624910  0.0767281  0.0379733  0.0654420  0.0584477
 2  0.0237626  0.0133677  0.0089557  0.0270499  0.0254132  0.0293835  0.0278731  0.0086578  0.0058481  0.0145600  0.0136273  0.0270772  0.0326289  0.0320134  0.0391590  0.0298493  0.0360918  0.0211153  0.0197660  0.0161693  0.0142417  0.0127156  0.0131789  0.0103807  0.0055598  0.0113723  0.0119296
 3  0.1145732  0.0226379  0.0164682  0.0243117  0.0226578  0.0241101  0.0255181  0.0261959  0.0255021  0.0211361  0.0251269  0.0311902  0.0331944  0.0285313  0.0329106  0.0276104  0.0303013  0.1303664  0.1408755  0.0273411  0.0266307  0.1066341  0.1048270  0.0262366  0.0164011  0.0214250  0.0274986
 4  0.0440699  0.0451944  0.0388535  0.0391157  0.0379840  0.0385482  0.0445529  0.0491773  0.0459548  0.0401651  0.0380850  0.0388985  0.0402169  0.0364856  0.0375661  0.0354807  0.0396679  0.0385922  0.0338870  0.0414891  0.0405967  0.0395710  0.0735063  0.0552482  0.0442397  0.0359445  0.0367656
 1  0.1300004  0.0895330  0.0597468  0.0623865  0.0393161  0.0692605  0.0747661  0.1145655  0.1222601  0.1105350  0.1181656  0.1072790  0.1054656  0.1037375  0.0882425  0.1015396  0.0785447  0.1375499  0.1415834  0.1457664  0.1846241  0.3035779  0.4041553  0.1572971  0.1712412  0.1059095  0.0854338
 2  0.0246276  0.0141504  0.0093562  0.0089563  0.0065475  0.0135908  0.0168193  0.0272361  0.0293688  0.0250621  0.0238874  0.0213834  0.0224838  0.0201090  0.0158273  0.0171777  0.0138547  0.0269037  0.0311180  0.0362086  0.0484751  0.0753601  0.0890065  0.0306588  0.0268640  0.0167311  0.0155765
 3  0.1205402  0.0175030  0.0179149  0.0207361  0.0210933  0.1175904  0.1132120  0.0276531  0.0279765  0.1186832  0.1393325  0.0245444  0.0268356  0.0869022  0.0868931  0.0233711  0.0241669  0.0243924  0.0294162  0.0631221  0.0696426  0.0269786  0.0249413  0.2586705  0.2853799  0.0181957  0.0249104
 4  0.0455741  0.0435469  0.0500502  0.0431959  0.0358331  0.0255563  0.0313785  0.0343234  0.0385945  0.0355169  0.0361660  0.0350164  0.0418960  0.0420307  0.0457964  0.0437164  0.0394558  0.0367729  0.0348294  0.0320702  0.0366358  0.0383442  0.0369356  0.0443060  0.0392373  0.0360776  0.0427499
 1  0.1180277  0.0358854  0.0242462  0.0432787  0.0340805  0.0788645  0.0807303  0.1269521  0.1232762  0.1199409  0.1279818  0.1281268  0.0948920  0.1608248  0.1499661  0.1358327  0.1364420  0.1517373  0.1582147  0.0978631  0.1035330  0.1641553  0.1867025  0.1503562  0.1762287  0.2352129  0.2644643
 2  0.0228373  0.0058748  0.0039363  0.0074009  0.0060795  0.0152540  0.0147902  0.0239149  0.0258501  0.0260472  0.0280478  0.0227528  0.0161153  0.0288668  0.0278648  0.0268690  0.0293866  0.0329456  0.0346191  0.0219619  0.0242856  0.0390202  0.0418327  0.0331109  0.0384727  0.0502273  0.0521649
 3  0.1090697  0.0277784  0.0213192  0.0212031  0.0251107  0.2048869  0.2143316  0.0249668  0.0284462  0.0822294  0.0856619  0.0250028  0.0231789  0.0243420  0.0252253  0.0291412  0.0269978  0.0317074  0.0262926  0.0286095  0.0298052  0.0290188  0.0279542  0.1165311  0.1163349  0.0249798  0.0314535
 4  0.0428520  0.0452700  0.0400957  0.0390854  0.0390869  0.0345475  0.0388867  0.0342780  0.0363975  0.0346853  0.0547305  0.0459527  0.0442365  0.0425180  0.0427743  0.0387651  0.0408057  0.0434733  0.0377308  0.0344006  0.0362552  0.0396488  0.0394464  0.0305492  0.0321994  0.0362748  0.0693021
 1  0.1305073  0.0626718  0.0411675  0.0795306  0.0597709  0.1284763  0.1381189  0.1964632  0.2302917  0.1783723  0.1883441  0.0883577  0.0586533  0.1048447  0.0938921  0.1614210  0.1864889  0.2045746  0.2307155  0.1270417  0.1133940  0.1194543  0.1143280  0.1668263  0.1286965  0.1665375  0.1609278
 2  0.0247657  0.0098862  0.0064722  0.0127136  0.0104966  0.0253711  0.0297529  0.0452062  0.0492600  0.0365156  0.0297868  0.0131714  0.0088435  0.0182118  0.0185878  0.0359434  0.0463106  0.0487842  0.0516046  0.0244676  0.0209024  0.0228622  0.0226956  0.0286528  0.0228969  0.0310436  0.0317165
 3  0.1209417  0.0170202  0.0225863  0.0221806  0.0201372  0.0781626  0.0803076  0.0272251  0.0264759  0.1483422  0.1680261  0.0168377  0.0269074  0.0203347  0.0272034  0.0286458  0.0306127  0.0308882  0.0240203  0.0712671  0.0773255  0.0262385  0.0269205  0.0239606  0.0217133  0.0248090  0.0272736
 4  0.0457994  0.0475700  0.0459472  0.0433018  0.0372936  0.0348478  0.0314780  0.0369256  0.0382023  0.0439787  0.0481316  0.0463105  0.0498743  0.0360189  0.0364302  0.0357867  0.0399687  0.0412402  0.0387745  0.0395118  0.0393923  0.0399172  0.0496747  0.0457333  0.0431419  0.0401343  0.0424376
 1  0.1355563  0.0713368  0.0469002  0.0471252  0.0384482  0.0571330  0.0461914  0.0420513  0.0462884  0.1292551  0.1586310  0.1799139  0.2293097  0.2156591  0.2171070  0.0963682  0.0910420  0.1697112  0.1170281  0.0835612  0.0810679  0.1212191  0.1284587  0.2450877  0.3493665  0.2014065  0.0993038
 2  0.0258173  0.0112511  0.0073043  0.0083025  0.0061811  0.0097873  0.0088004  0.0090900  0.0112284  0.0348631  0.0422976  0.0424699  0.0450010  0.0391723  0.0403316  0.0179909  0.0182516  0.0274304  0.0188633  0.0152303  0.0164621  0.0266758  0.0298274  0.0559010  0.0605167  0.0227842  0.0145213
 3  0.1255444  0.0264398  0.0172921  0.0286348  0.0203735  0.0257243  0.0310740  0.1242469  0.1140717  0.0326193  0.0322927  0.2262360  0.2629834  0.0230098  0.0226984  0.0978742  0.0858155  0.0243099  0.0233010  0.0768289  0.0734831  0.0260225  0.0294054  0.2937884  0.4100499  0.0140274  0.0176616
 4  0.0485933  0.0465888  0.0387074  0.0463443  0.0436725  0.0393881  0.0362062  0.0287542  0.0256218  0.0361369  0.0411940  0.0193848  0.0182002  0.0353301  0.0385225  0.0347949  0.0474736  0.0465524  0.0413975  0.0361805  0.0351151  0.0366911  0.0403999  0.0257775  0.0436162  0.0468553  0.0436018
 1  0.1307984  0.0943666  0.0629998  0.1506736  0.1386418  0.2115632  0.1698777  0.2834901  0.3005002  0.2290331  0.2342678  0.2244934  0.1916384  0.2018175  0.2267682  0.1592311  0.1494707  0.0692418  0.0590014  0.0845730  0.0713159  0.1692025  0.2059472  0.1769571  0.2207632  0.1379931  0.1486371
 2  0.0245606  0.0148181  0.0098162  0.0255331  0.0247422  0.0351584  0.0282321  0.0504012  0.0578146  0.0441243  0.0400672  0.0367235  0.0333210  0.0385066  0.0471930  0.0323863  0.0266547  0.0128149  0.0100133  0.0148385  0.0141218  0.0382906  0.0526751  0.0475676  0.0566844  0.0315274  0.0333009
 3  0.1213701  0.0207713  0.0262031  0.0846567  0.0820606  0.0213884  0.0203073  0.0229560  0.0263980  0.0652377  0.0639015  0.0204672  0.0221088  0.0669858  0.0595022  0.0292881  0.0239442  0.0205274  0.0254936  0.0233266  0.0256789  0.0287751  0.0318144  0.0300194  0.0262592  0.0283281  0.0260942
 4  0.0453260  0.0459869  0.0433217  0.0449938  0.0439997  0.0427516  0.0408403  0.0373909  0.0379355  0.0499422  0.0489446  0.0439408  0.0374846  0.0368105  0.0351283  0.0497764  0.0405627  0.0473023  0.0444976  0.0408613  0.0364294  0.0344979  0.0349763  0.0393221  0.0363128  0.0354445  0.0353975
 1  0.1425452  0.0873039  0.0569204  0.0784588  0.0547889  0.0779022  0.0751372  0.0941211  0.1072754  0.1477413  0.2031384  0.0529288  0.0268727  0.0978401  0.0978485  0.0853506  0.0968091  0.1509863  0.1893001  0.1991598  0.1894162  0.1001254  0.1126762  0.0639140  0.0564542  0.0746891  0.0636104
 2  0.0270896  0.0135786  0.0087453  0.0121863  0.0086006  0.0139537  0.0152636  0.0218270  0.0283026  0.0409805  0.0421599  0.0067213  0.0040818  0.0179367  0.0209384  0.0213885  0.0266970  0.0415355  0.0444375  0.0392510  0.0356812  0.0196155  0.0228337  0.0126256  0.0109703  0.0136689  0.0113797
 3  0.1320490  0.0269209  0.0153523  0.0228427  0.0231955  0.1176652  0.1037194  0.0305113  0.0301680  0.2050777  0.3045812  0.0144714  0.0171991  0.0314262  0.0367991  0.0271118  0.0265106  0.0793896  0.0868974  0.0225731  0.0240093  0.2201439  0.2068340  0.0275290  0.0262067  0.1256403  0.1242794
 4  0.0507192  0.0468098  0.0437701  0.0476390  0.0417793  0.0315317  0.0255584  0.0316425  0.0318561  0.0254728  0.0448971  0.0443198  0.0402109  0.0367058  0.0355694  0.0331559  0.0352626  0.0365293  0.0396383  0.0377493  0.0362871  0.0315204  0.0322984  0.0397710  0.0458301  0.0426068  0.0397710
 1  0.1323154  0.0742914  0.0488629  0.0468135  0.0390658  0.1547755  0.1384392  0.2133517  0.2081886  0.2019607  0.1842550  0.1545782  0.1538805  0.1621405  0.1918892  0.1452340  0.1139077  0.0747424  0.0558042  0.0964366  0.1053119  0.1885100  0.2520713  0.2347097  0.2550208  0.1706905  0.1520537
 2  0.0251284  0.0116816  0.0076309  0.0081550  0.0070318  0.0284285  0.0258185  0.0398849  0.0399771  0.0373559  0.0324844  0.0289742  0.0314073  0.0345477  0.0401809  0.0273243  0.0157211  0.0114035  0.0100376  0.0203949  0.0264149  0.0542094  0.0705242  0.0537169  0.0473971  0.0304559  0.0256518
 3  0.1226001  0.0198858  0.0199654  0.0227397  0.0253154  0.0252016  0.0250335  0.0252457  0.0250683  0.0272442  0.0247621  0.0254207  0.0264427  0.1638131  0.1905769  0.0271070  0.0206478  0.0200902  0.0230280  0.0270707  0.0315428  0.0296901  0.0336233  0.0261738  0.0260499  0.0221740  0.0275564
 4  0.0466048  0.0472433  0.0373431  0.0387973  0.0409609  0.0393676  0.0429644  0.0400293  0.0397454  0.0448386  0.0432132  0.0378163  0.0389095  0.0275916  0.0349623  0.0591020  0.0502568  0.0416364  0.0349750  0.0323030  0.0338465  0.0389120  0.0454686  0.0461168  0.0429547  0.0437046  0.0447989
 1  0.1289129  0.0908110  0.0616195  0.0551906  0.0408004  0.1134806  0.1029628  0.0856462  0.0964828  0.0808765  0.0736908  0.0692551  0.0805605  0.0809064  0.0471547  0.1148215  0.1235906  0.1871341  0.2032395  0.1994819  0.2161135  0.2864983  0.3811022  0.2015518  0.2514285  0.1159690  0.0884728
 2  0.0243850  0.0144228  0.0096688  0.0089784  0.0068448  0.0205349  0.0205847  0.0187869  0.0211774  0.0166059  0.0151478  0.0145724  0.0157694  0.0114992  0.0075969  0.0219832  0.0275986  0.0436048  0.0427981  0.0405798  0.0454857  0.0633200  0.0857253  0.0449107  0.0442770  0.0182105  0.0155876
 3  0.1195341  0.0251750  0.0217848  0.0177683  0.0209560  0.0264123  0.0272284  0.1425576  0.1465673  0.0261717  0.0264849  0.2809949  0.2951877  0.0221245  0.0190032  0.0520136  0.0543129  0.0332659  0.0271219  0.0269828  0.0301716  0.0300120  0.0295080  0.1473777  0.1579065  0.0152974  0.0232075
 4  0.0452728  0.0501972  0.0444241  0.0384426  0.0422169  0.0389790  0.0355518  0.0316160  0.0353504  0.0418634  0.0394047  0.0319958  0.0552170  0.0485437  0.0385797  0.0351600  0.0357517  0.0463534  0.0406688  0.0382833  0.0349358  0.0386798  0.0351188  0.0424250  0.0470548  0.0383107  0.0334870
 1  0.1102676  0.0449999  0.0310223  0.0625246  0.0440097  0.0798755  0.0750546  0.1726780  0.1922650  0.1812291  0.2386171  0.1416552  0.1256459  0.1706197  0.1685679  0.1013010  0.0820780  0.0843713  0.0863099  0.1183590  0.0876777  0.0694773  0.0647638  0.1010298  0.1159802  0.0998038  0.0915467
 2  0.0212429  0.0074411  0.0050775  0.0098165  0.0076222  0.0144643  0.0138667  0.0348407  0.0431664  0.0437991  0.0464922  0.0248545  0.0234894  0.0308512  0.0301705  0.0174299  0.0146687  0.0166420  0.0178696  0.0206306  0.0153857  0.0131949  0.0136607  0.0242498  0.0316240  0.0235677  0.0189859
 3  0.1019949  0.0260931  0.0189713  0.0207611  0.0228667  0.1911282  0.1886544  0.0233565  0.0274662  0.1549165  0.1712970  0.0208581  0.0243460  0.1894837  0.2105978  0.0237384  0.0268192  0.0985933  0.0987298  0.0266165  0.0239044  0.0249923  0.0277666  0.0264613  0.0298295  0.0312196  0.0235088
 4  0.0398775  0.0433979  0.0473622  0.0436208  0.0446029  0.0312571  0.0279184  0.0343451  0.0338494  0.0401318  0.0440407  0.0374707  0.0410915  0.0424141  0.0456954  0.0417045  0.0415423  0.0335300  0.0485593  0.0470372  0.0413848  0.0386375  0.0340305  0.0315140  0.0431245  0.0486237  0.0409091
 1  0.1249681  0.0679759  0.0457336  0.2105536  0.2413387  0.1656777  0.1368002  0.1786243  0.2075469  0.1427321  0.1233809  0.0708013  0.0608317  0.1178665  0.1363795  0.0937409  0.0773098  0.0816884  0.0828273  0.0583178  0.0525105  0.0827017  0.1072989  0.0791293  0.0680367  0.0640596  0.0517681
 2  0.0235296  0.0108357  0.0072705  0.0373970  0.0466006  0.0289618  0.0237187  0.0324248  0.0370567  0.0251752  0.0197272  0.0122894  0.0120928  0.0249310  0.0269881  0.0166415  0.0144968  0.0163634  0.0171850  0.0119244  0.0113751  0.0197343  0.0261079  0.0164987  0.0133283  0.0117061  0.0094865
 3  0.1159195  0.0233923  0.0224376  0.1798665  0.1657907  0.0228125  0.0229666  0.2951055  0.2924448  0.0210038  0.0242026  0.0195859  0.0274500  0.2285613  0.2686063  0.0251160  0.0210911  0.0948408  0.0916067  0.0223890  0.0267155  0.1894734  0.1970530  0.0256070  0.0256007  0.0268951  0.0212555
 4  0.0433172  0.0456221  0.0419888  0.0337107  0.0367086  0.0407444  0.0382559  0.0249731  0.0247176  0.0449315  0.0440977  0.0350679  0.0366085  0.0234064  0.0256886  0.0399701  0.0351658  0.0356262  0.0402248  0.0344833  0.0327338  0.0281956  0.0411393  0.0406946  0.0447501  0.0435056  0.0395558
 1  0.1235830  0.0585869  0.0394436  0.0877250  0.0584761  0.1128909  0.1065333  0.1676810  0.2086490  0.0740886  0.0525620  0.0775703  0.0756260  0.1185083  0.1243496  0.2337907  0.2626732  0.3572692  0.4717980  0.3369582  0.2866392  0.3527707  0.4172450  0.2359007  0.2444019  0.1086356  0.0938359
 2  0.0244388  0.0095841  0.0063010  0.0134106  0.0090898  0.0201556  0.0220694  0.0402738  0.0519416  0.0135557  0.0092285  0.0148798  0.0162915  0.0265951  0.0256578  0.0476363  0.0537666  0.0737439  0.0966705  0.0550560  0.0469572  0.0613747  0.0768416  0.0438846  0.0434585  0.0198029  0.0153628
 3  0.1139036  0.0243589  0.0222365  0.0172783  0.0206367  0.0222399  0.0280022  0.0307931  0.0289723  0.0362504  0.0303777  0.0241953  0.0307671  0.1014117  0.1061577  0.0282841  0.0250272  0.0263393  0.0275931  0.0240655  0.0221132  0.0697163  0.0700420  0.0223433  0.0193557  0.0268676  0.0287487
 4  0.0466939  0.0449660  0.0484408  0.0429690  0.0370919  0.0362164  0.0322704  0.0381280  0.0514563  0.0459848  0.0388724  0.0374059  0.0389986  0.0441733  0.0454150  0.0431108  0.0383702  0.0364728  0.0443624  0.0443007  0.0386694  0.0341802  0.0332384  0.0391315  0.0363797  0.0429381  0.0485485
 1  0.1114495  0.0533970  0.0369886  0.0579906  0.0485036  0.0384433  0.0356858  0.0741707  0.0655033  0.0507150  0.0420495  0.0818215  0.0786723  0.1102718  0.1191283  0.1946958  0.2488445  0.2778812  0.3959206  0.2828064  0.2635722  0.0654747  0.0534298  0.1230406  0.1235384  0.1175804  0.0968222
 2  0.0220729  0.0089712  0.0060465  0.0102044  0.0089089  0.0077557  0.0072502  0.0151806  0.0121732  0.0092812  0.0082767  0.0168348  0.0172123  0.0255545  0.0290587  0.0490814  0.0647696  0.0735503  0.0866231  0.0513915  0.0403266  0.0107350  0.0099074  0.0252108  0.0260186  0.0224783  0.0172456
 3  0.1026403  0.0300026  0.0211660  0.0211746  0.0271148  0.0298301  0.0326187  0.0251035  0.0278751  0.0229401  0.0266847  0.0322431  0.0294023  0.0276779  0.0282358  0.0281518  0.0288538  0.0298755  0.0306918  0.0202396  0.0255361  0.0211557  0.0264259  0.0241771  0.0265191  0.0302449  0.0221089
 4  0.0426156  0.0409693  0.0397446  0.0391516  0.0373065  0.0411215  0.0394441  0.0418550  0.0469787  0.0425645  0.0418984  0.0473328  0.0404603  0.0360497  0.0389625  0.0354796  0.0345441  0.0411501  0.0417142  0.0466602  0.0437208  0.0385468  0.0370957  0.0377292  0.0434015  0.0489848  0.0398301
 1  0.1170474  0.0604436  0.0410575  0.0496412  0.0393590  0.0552705  0.0477880  0.1621632  0.2078124  0.0499692  0.0435988  0.0790496  0.0705604  0.1409576  0.1625733  0.1838907  0.2186228  0.1556995  0.1658885  0.1635708  0.1494469  0.1106773  0.0874515  0.0663525  0.0648980  0.0631517  0.0743628
 2  0.0222378  0.0097575  0.0066030  0.0085021  0.0068233  0.0101810  0.0097680  0.0370974  0.0457987  0.0102462  0.0080182  0.0147757  0.0139944  0.0309714  0.0386355  0.0446298  0.0525817  0.0335380  0.0324766  0.0305174  0.0264697  0.0187507  0.0158314  0.0132982  0.0147290  0.0154509  0.0179119
 3  0.1084871  0.0201266  0.0229921  0.0229991  0.0215567  0.0199513  0.0242492  0.1353661  0.1385856  0.0216902  0.0284227  0.0266896  0.0243886  0.0599326  0.0563828  0.0309879  0.0271316  0.1179673  0.1233844  0.0208253  0.0233475  0.0219035  0.0203636  0.0247410  0.0313717  0.1815772  0.2060529
 4  0.0409754  0.0472195  0.0410108  0.0425305  0.0412483  0.0352756  0.0387477  0.0355475  0.0378609  0.0405589  0.0409598  0.0424617  0.0366672  0.0323723  0.0340763  0.0360272  0.0403509  0.0403592  0.0405128  0.0399207  0.0442173  0.0428007  0.0369157  0.0335891  0.0344168  0.0223720  0.0304265
 1  0.1287303  0.0575278  0.0381651  0.1394713  0.0948183  0.3967159  0.4961421  0.3488470  0.3282753  0.3610310  0.3816723  0.5506323  0.6901488  0.4000529  0.2858310  0.2402177  0.2003016  0.1098749  0.1252540  0.1137786  0.1169427  0.0508967  0.0524506  0.1533910  0.1525534  0.1515016  0.1773323
 2  0.0248432  0.0092194  0.0060430  0.0207369  0.0153194  0.0734322  0.0817215  0.0543562  0.0570035  0.0630614  0.0641084  0.0922188  0.1107463  0.0561128  0.0343593  0.0350540  0.0347033  0.0215115  0.0260739  0.0242940  0.0254863  0.0108405  0.0105186  0.0302753  0.0313698  0.0333553  0.0371254
 3  0.1190409  0.0235218  0.0261099  0.0195838  0.0188877  0.0233466  0.0251117  0.0181010  0.0208762  0.0253471  0.0194305  0.0223004  0.0207353  0.0156388  0.0175362  0.0152261  0.0258148  0.1827355  0.1740427  0.0263101  0.0300032  0.1623290  0.1570884  0.0246052  0.0291537  0.0969829  0.1025206
 4  0.0466638  0.0447588  0.0526118  0.0419283  0.0382519  0.0397158  0.0424752  0.0403063  0.0397922  0.0432472  0.0376853  0.0396717  0.0443053  0.0540934  0.0457600  0.0370891  0.0373239  0.0309989  0.0300431  0.0390695  0.0388528  0.0363771  0.0329092  0.0378245  0.0389098  0.0320096  0.0373130
 1  0.1219628  0.0647839  0.0437579  0.0602393  0.0522615  0.0716277  0.0697176  0.0819659  0.0731467  0.0899582  0.0938127  0.1592019  0.1808147  0.1224947  0.1177046  0.0735006  0.0542975  0.0827076  0.0491072  0.1532113  0.1578721  0.1828167  0.2460509  0.1514606  0.1995210  0.1301172  0.1305617
 2  0.0230466  0.0103876  0.0069726  0.0105552  0.0104133  0.0142188  0.0131129  0.0153672  0.0144054  0.0187336  0.0208273  0.0375797  0.0388311  0.0254555  0.0193228  0.0120158  0.0087224  0.0116967  0.0076304  0.0282028  0.0343266  0.0469770  0.0720551  0.0462090  0.0527332  0.0286789  0.0257808
 3  0.1131144  0.0244364  0.0180761  0.0214873  0.0267682  0.1935586  0.1870937  0.0232584  0.0247461  0.0912657  0.0840600  0.0266462  0.0305005  0.0773145  0.0789471  0.0222046  0.0241308  0.0239016  0.0207574  0.0219074  0.0249989  0.0267051  0.0328071  0.0295662  0.0296023  0.0300664  0.0267230
 4  0.0426943  0.0455000  0.0418331  0.0347920  0.0361470  0.0459629  0.0397103  0.0383887  0.0369811  0.0328663  0.0297240  0.0388001  0.0391522  0.0482996  0.0439911  0.0469369  0.0561569  0.0570539  0.0475847  0.0371965  0.0327504  0.0326015  0.0356900  0.0375928  0.0413878  0.0462850  0.0441544
 1  0.1113715  0.0545555  0.0374338  0.0641379  0.0469244  0.1175548  0.1160792  0.2390719  0.2980701  0.1119511  0.1201190  0.0675900  0.0475187  0.0851016  0.0910611  0.1554867  0.1345488  0.1271753  0.1239384  0.1480252  0.1932100  0.2128181  0.1164207  0.1175026  0.1202507  0.0980906  0.1323703
 2  0.0213932  0.0089726  0.0060894  0.0103219  0.0081538  0.0220315  0.0233081  0.0520962  0.0682255  0.0241188  0.0222209  0.0107228  0.0080389  0.0160424  0.0190635  0.0300781  0.0243119  0.0241703  0.0253153  0.0318770  0.0419507  0.0285262  0.0174116  0.0212979  0.0257623  0.0240674  0.0333033
 3  0.1030635  0.0213805  0.0244673  0.0209574  0.0217366  0.1024547  0.1026605  0.0261742  0.0297139  0.1911406  0.2229216  0.0203920  0.0217225  0.1953014  0.1818141  0.0299665  0.0227886  0.0227595  0.0278476  0.2621162  0.2890653  0.0254746  0.0168893  0.0219927  0.0272799  0.2352830  0.2675046
 4  0.0401234  0.0432833  0.0480510  0.0418939  0.0381900  0.0327150  0.0329546  0.0363541  0.0371568  0.0374845  0.0452002  0.0454043  0.0372109  0.0269412  0.0310947  0.0464468  0.0403339  0.0402782  0.0396772  0.0183441  0.0426986  0.0521517  0.0381625  0.0323653  0.0345758  0.0154550  0.0187296
 1  0.1145158  0.0382533  0.0259080  0.0465532  0.0379368  0.1557631  0.1776523  0.0899061  0.0778490  0.0911107  0.0779395  0.0633797  0.0480384  0.0840121  0.0818182  0.0541087  0.0589985  0.0761129  0.0831022  0.0864154  0.0932178  0.0952269  0.0964951  0.0993279  0.1086505  0.0425734  0.0426595
 2  0.0226344  0.0063279  0.0042166  0.0079692  0.0072463  0.0337811  0.0405166  0.0183560  0.0154523  0.0170469  0.0150196  0.0112094  0.0087595  0.0167637  0.0177048  0.0125833  0.0144840  0.0191888  0.0208820  0.0213947  0.0227779  0.0214369  0.0210036  0.0228825  0.0243006  0.0094083  0.0096331
 3  0.1056338  0.0207330  0.0204949  0.0281512  0.0248628  0.0251275  0.0307556  0.0271223  0.0246838  0.0300796  0.0247911  0.0295712  0.0224259  0.0250676  0.0264513  0.1076234  0.1081781  0.0285149  0.0307578  0.0290259  0.0298595  0.0780275  0.0734963  0.0265820  0.0313573  0.0883026  0.0920835
 4  0.0427542  0.0437614  0.0420015  0.0400340  0.0314756  0.0325665  0.0416504  0.0408943  0.0418388  0.0402178  0.0431113  0.0504144  0.0409231  0.0403025  0.0360225  0.0318211  0.0339408  0.0350394  0.0417922  0.0362648  0.0418460  0.0400993  0.0351932  0.0368629  0.0412899  0.0341235  0.0334824
 1  0.1157815  0.0385393  0.0260774  0.0571096  0.0451308  0.0957998  0.0984734  0.0801571  0.0772047  0.0973027  0.1023484  0.0703324  0.0551890  0.0584651  0.0672921  0.1131242  0.1191732  0.0924870  0.1031197  0.1094849  0.1035301  0.0342087  0.0317127  0.0636851  0.0596198  0.0907514  0.0811589
 2  0.0229241  0.0064152  0.0042528  0.0097083  0.0080731  0.0183546  0.0196407  0.0164479  0.0162802  0.0215775  0.0190741  0.0120689  0.0103601  0.0125085  0.0164476  0.0281234  0.0280657  0.0206421  0.0218819  0.0220841  0.0211562  0.0070188  0.0068702  0.0139220  0.0123463  0.0174715  0.0159724
 3  0.1066490  0.0199810  0.0183406  0.0226304  0.0257459  0.1669582  0.1696492  0.0248677  0.0280039  0.1038863  0.1086466  0.0216474  0.0247928  0.1417591  0.1305014  0.0314644  0.0276319  0.1493943  0.1439800  0.0271955  0.0250055  0.0605575  0.0629170  0.0231076  0.0251889  0.0812855  0.0701925
 4  0.0440659  0.0415418  0.0413020  0.0405926  0.0419972  0.0357766  0.0384434  0.0382496  0.0360716  0.0444441  0.0545718  0.0406403  0.0372063  0.0273536  0.0269878  0.0392163  0.0408897  0.0314755  0.0331588  0.0379069  0.0373147  0.0348463  0.0371851  0.0409941  0.0423475  0.0492285  0.0344086
 1  0.1290325  0.0541984  0.0357293  0.0513738  0.0341879  0.0943268  0.0776321  0.1024381  0.1111448  0.0974597  0.1239969  0.1738109  0.1752434  0.0819872  0.0802875  0.1489664  0.1717040  0.1639228  0.1583287  0.0692538  0.0431302  0.0451175  0.0417925  0.1083515  0.1139042  0.1589760  0.2009585
 2  0.0246445  0.0086157  0.0056401  0.0079233  0.0053427  0.0153876  0.0140922  0.0213089  0.0264994  0.0243192  0.0284199  0.0354681  0.0327342  0.0154640  0.0165644  0.0336121  0.0398311  0.0333785  0.0267655  0.0098959  0.0069344  0.0082840  0.0082026  0.0233351  0.0271556  0.0412310  0.0540328
 3  0.1195162  0.0254799  0.0198499  0.0210196  0.0214500  0.1179100  0.1158082  0.0291647  0.0324286  0.2384527  0.2687401  0.0273920  0.0230277  0.1163675  0.1102869  0.0302086  0.0306109  0.1643700  0.1921590  0.0212261  0.0168326  0.0883009  0.0834866  0.0280818  0.0315953  0.0269203  0.0305589
 4  0.0458670  0.0450081  0.0471664  0.0467659  0.0443546  0.0403484  0.0384229  0.0374999  0.0386723  0.0259970  0.0250848  0.0410273  0.0388989  0.0359289  0.0302382  0.0363191  0.0444229  0.0460761  0.0504994  0.0450560  0.0392249  0.0464285  0.0438728  0.0380145  0.0352585  0.0337838  0.0356020
 1  0.1183230  0.0454547  0.0307117  0.0961399  0.0833590  0.1098846  0.1240926  0.1305016  0.1018842  0.0526547  0.0430357  0.1191165  0.1267354  0.1433967  0.1668454  0.1067394  0.1031120  0.1484268  0.1489067  0.1159235  0.0948254  0.1265720  0.1293370  0.1249012  0.1365699  0.0654795  0.0616716
 2  0.0224026  0.0073735  0.0049464  0.0168453  0.0153120  0.0214925  0.0243439  0.0224515  0.0172421  0.0092078  0.0081526  0.0251054  0.0298783  0.0354490  0.0372597  0.0221403  0.0212013  0.0289166  0.0241688  0.0187728  0.0172411  0.0244532  0.0267476  0.0280265  0.0298718  0.0131025  0.0118530
 3  0.1097152  0.0262275  0.0185333  0.0274676  0.0323995  0.2594740  0.2622307  0.0251009  0.0220295  0.0237820  0.0251001  0.0267751  0.0318043  0.0741742  0.0671696  0.0246408  0.0286530  0.2423331  0.2656903  0.0206833  0.0243971  0.1070929  0.1112619  0.0271677  0.0277578  0.1576346  0.1547711
 4  0.0420017  0.0457611  0.0386877  0.0389397  0.0408163  0.0186775  0.0242829  0.0466854  0.0435987  0.0419652  0.0395274  0.0347435  0.0359896  0.0434025  0.0391480  0.0387446  0.0420730  0.0227973  0.0190233  0.0412938  0.0391639  0.0393795  0.0380544  0.0378600  0.0440370  0.0392185  0.0365644
 1  0.1082802  0.0611933  0.0424463  0.0501357  0.0441102  0.1496709  0.1773174  0.1191917  0.1087398  0.0557372  0.0384590  0.0834355  0.0835518  0.1908242  0.2370570  0.2083101  0.2276018  0.0535754  0.0408637  0.1121859  0.1142176  0.2926306  0.3631611  0.1933042  0.1820704  0.1928662  0.1390525
 2  0.0206362  0.0100639  0.0069317  0.0090430  0.0087453  0.0328348  0.0409425  0.0250507  0.0207605  0.0090508  0.0066074  0.0164066  0.0186888  0.0471849  0.0603565  0.0492532  0.0428033  0.0090829  0.0073901  0.0224630  0.0250320  0.0663903  0.0769090  0.0372907  0.0292634  0.0289578  0.0220526
 3  0.1003378  0.0180102  0.0176947  0.0183750  0.0251273  0.0866246  0.0850994  0.0252128  0.0267562  0.0267276  0.0213423  0.0242578  0.0298969  0.0333026  0.0292787  0.0289552  0.0223440  0.0211793  0.0265956  0.0288305  0.0292121  0.0272682  0.0242991  0.0469761  0.0486562  0.0216511  0.0211531
 4  0.0383101  0.0449406  0.0369732  0.0366707  0.0344935  0.0311643  0.0319222  0.0397452  0.0489100  0.0452731  0.0395212  0.0351466  0.0353199  0.0369925  0.0395797  0.0425054  0.0455860  0.0398299  0.0373781  0.0396918  0.0385461  0.0390748  0.0405049  0.0471116  0.0528783  0.0491897  0.0435382
 1  0.1326288  0.0640348  0.0422692  0.0759469  0.0659194  0.0819705  0.0720419  0.1614834  0.1450856  0.1818313  0.2529746  0.1105471  0.1075810  0.0957690  0.0827469  0.0910149  0.0691576  0.1025550  0.0939115  0.1554592  0.1812746  0.1810525  0.1955752  0.1129873  0.1197438  0.0862208  0.0879236
 2  0.0249980  0.0100864  0.0066396  0.0132463  0.0123229  0.0150408  0.0117538  0.0274143  0.0276924  0.0395614  0.0559123  0.0226291  0.0216188  0.0185065  0.0141775  0.0155494  0.0112180  0.0183866  0.0194513  0.0361240  0.0435103  0.0413017  0.0427407  0.0244951  0.0266117  0.0190643  0.0191166
 3  0.1230205  0.0233947  0.0199673  0.0255979  0.0262750  0.2028095  0.2168013  0.0209825  0.0257885  0.1915645  0.2080453  0.0285313  0.0283546  0.0315476  0.0305109  0.0214900  0.0247023  0.0243829  0.0287506  0.0319901  0.0292227  0.0265892  0.0288235  0.0256485  0.0270425  0.0797366  0.0828650
 4  0.0462208  0.0481278  0.0370734  0.0401569  0.0422517  0.0409092  0.0378504  0.0359851  0.0351460  0.0244128  0.0299304  0.0391107  0.0422693  0.0426607  0.0448205  0.0434740  0.0450501  0.0373731  0.0372940  0.0409705  0.0428187  0.0377996  0.0413667  0.0379341  0.0400510  0.0334104  0.0307661
 1  0.1083181  0.0627130  0.0438563  0.0346437  0.0275674  0.0639792  0.0651205  0.1002449  0.0971729  0.0475513  0.0388935  0.0669751  0.0609306  0.0677665  0.0691362  0.0968800  0.1076157  0.0833937  0.0945785  0.0780917  0.0967696  0.0539549  0.0465297  0.0874674  0.0899759  0.1043329  0.0869976
 2  0.0208560  0.0103741  0.0071683  0.0059447  0.0050443  0.0127820  0.0132845  0.0213687  0.0178438  0.0085060  0.0076548  0.0134424  0.0129383  0.0154433  0.0163358  0.0223296  0.0244939  0.0199137  0.0238689  0.0202004  0.0249680  0.0114818  0.0093463  0.0181285  0.0198287  0.0204487  0.0166533
 3  0.1001866  0.0254215  0.0190392  0.0272210  0.0226258  0.1442163  0.1403302  0.0291585  0.0322719  0.0228463  0.0260119  0.0304967  0.0296629  0.0257230  0.0292304  0.1330224  0.1413372  0.0291975  0.0294359  0.1627849  0.1829310  0.0280743  0.0261530  0.0708771  0.0746079  0.0292046  0.0218478
 4  0.0388983  0.0466181  0.0395599  0.0398253  0.0358515  0.0284527  0.0311580  0.0436165  0.0446469  0.0392669  0.0401918  0.0427286  0.0378980  0.0391938  0.0437177  0.0381446  0.0341845  0.0352249  0.0359282  0.0277427  0.0341518  0.0410779  0.0386959  0.0305957  0.0407730  0.0450989  0.0379104
 1  0.1220607  0.2406015  0.1818245  0.1402950  0.1241775  0.2420428  0.2703412  0.2146570  0.1626600  0.0977145  0.0879502  0.1452237  0.1444878  0.1629352  0.1505217  0.0944054  0.1225702  0.1260311  0.0979556  0.2175036  0.2488009  0.1525002  0.0909448  0.1243801  0.1286602  0.1407203  0.1777827
 2  0.0234936  0.0387903  0.0277432  0.0234827  0.0225120  0.0462505  0.0525305  0.0347634  0.0266651  0.0174525  0.0168376  0.0278918  0.0262000  0.0291379  0.0287645  0.0202560  0.0239737  0.0208021  0.0173576  0.0419820  0.0515145  0.0224375  0.0143899  0.0230884  0.0280085  0.0356382  0.0476960
 3  0.1129126  0.0299641  0.0172316  0.0225287  0.0218312  0.0903422  0.0945288  0.0271487  0.0218347  0.0251835  0.0266842  0.1784888  0.2028809  0.0231857  0.0280138  0.2901554  0.3250871  0.0243953  0.0216878  0.0718982  0.0781908  0.0229421  0.0226842  0.0257872  0.0294722  0.0569223  0.0610470
 4  0.0437848  0.0446845  0.0404697  0.0354958  0.0368226  0.0326049  0.0355689  0.0427258  0.0414576  0.0366227  0.0406389  0.0349658  0.0352730  0.0382608  0.0356608  0.0205098  0.0394489  0.0437246  0.0377588  0.0325236  0.0495478  0.0513606  0.0422570  0.0338775  0.0324750  0.0418472  0.0448471
 1  0.1223909  0.0296087  0.0196402  0.0366989  0.0228363  0.0881190  0.0865338  0.1116712  0.1082643  0.1397562  0.1431097  0.2779564  0.3795780  0.4241409  0.7108101  0.2315062  0.1473346  0.0356501  0.0182198  0.0474102  0.0381511  0.0905635  0.0935488  0.1422517  0.1683647  0.1214161  0.1171840
 2  0.0234945  0.0048034  0.0031697  0.0053699  0.0037871  0.0163392  0.0165194  0.0222722  0.0226363  0.0295688  0.0305684  0.0634296  0.0909206  0.0964997  0.1443163  0.0332603  0.0177265  0.0043227  0.0027310  0.0079616  0.0072850  0.0196175  0.0226875  0.0374490  0.0380388  0.0248226  0.0244586
 3  0.1132614  0.0238669  0.0194167  0.0175419  0.0209448  0.1312097  0.1383141  0.0271907  0.0296335  0.0301972  0.0266186  0.0270348  0.0282354  0.1081280  0.1072719  0.0206963  0.0159928  0.0123753  0.0210876  0.0259164  0.0265088  0.0255317  0.0298956  0.0342571  0.0318530  0.0275862  0.0277666
 4  0.0441167  0.0419076  0.0475390  0.0421582  0.0378225  0.0396000  0.0450290  0.0389637  0.0417779  0.0421107  0.0356335  0.0335415  0.0347411  0.0344187  0.0352554  0.0492767  0.0525126  0.0448138  0.0420238  0.0403167  0.0378866  0.0347097  0.0365638  0.0416949  0.0465614  0.0392798  0.0391375
 1  0.1338174  0.0140389  0.0090061  0.0449267  0.0351474  0.0483844  0.0411904  0.0553414  0.0486852  0.0509628  0.0475599  0.0590502  0.0605832  0.0775920  0.0928985  0.0719236  0.0643103  0.1344264  0.1411675  0.1354017  0.1352764  0.1032779  0.0968470  0.1352879  0.1475798  0.2409272  0.3027266
 2  0.0253898  0.0022255  0.0014303  0.0075927  0.0063190  0.0089210  0.0074623  0.0108572  0.0084902  0.0094051  0.0094673  0.0127613  0.0148234  0.0213464  0.0256501  0.0159228  0.0135517  0.0284238  0.0303948  0.0287785  0.0295563  0.0215767  0.0196073  0.0291619  0.0334087  0.0563404  0.0691656
 3  0.1239903  0.0249284  0.0173694  0.0183231  0.0214377  0.1013307  0.1033121  0.0257150  0.0282701  0.1567462  0.1459823  0.0263922  0.0301808  0.0576099  0.0600435  0.0282003  0.0247959  0.0303445  0.0275971  0.0293392  0.0315681  0.0282577  0.0227137  0.0283790  0.0310378  0.0314936  0.0350102
 4  0.0476223  0.0450097  0.0439845  0.0373638  0.0413439  0.0413039  0.0399627  0.0478083  0.0444665  0.0286083  0.0249706  0.0367321  0.0335606  0.0351468  0.0489434  0.0431261  0.0393482  0.0423658  0.0407333  0.0396844  0.0451537  0.0424548  0.0378178  0.0361646  0.0374814  0.0360803  0.0385404
 1  0.1259169  0.0450326  0.0295783  0.0412008  0.0270298  0.0867887  0.0855992  0.1393182  0.1341286  0.1341246  0.1447345  0.2048092  0.2473557  0.1281223  0.1289406  0.1506537  0.1388314  0.2324328  0.2589271  0.2443159  0.2807458  0.1342021  0.0983845  0.1214518  0.1021048  0.1085077  0.0900645
 2  0.0239017  0.0071450  0.0047092  0.0061658  0.0045930  0.0170439  0.0178239  0.0289629  0.0278831  0.0288722  0.0327034  0.0485443  0.0556609  0.0261400  0.0251074  0.0280160  0.0270456  0.0479573  0.0505682  0.0476855  0.0547063  0.0224132  0.0154975  0.0207403  0.0174952  0.0187916  0.0174489
 3  0.1166749  0.0196691  0.0196878  0.0234451  0.0208311  0.0249324  0.0285184  0.0254427  0.0266516  0.0286005  0.0245726  0.0299154  0.0293150  0.1105271  0.1176582  0.0253348  0.0228908  0.0254549  0.0245879  0.0922940  0.0930571  0.0216709  0.0219703  0.0242621  0.0268489  0.0240208  0.0236781
 4  0.0437607  0.0435504  0.0499701  0.0425796  0.0350749  0.0347886  0.0437225  0.0412007  0.0385521  0.0367236  0.0362652  0.0397363  0.0400804  0.0401179  0.0407637  0.0397645  0.0356796  0.0383437  0.0403168  0.0351432  0.0382286  0.0483940  0.0442692  0.0465971  0.0490531  0.0400868  0.0378884
 1  0.1118120  0.0964238  0.0683099  0.0615515  0.0520687  0.0965877  0.0833761  0.1766199  0.1633755  0.1907871  0.1480753  0.1186974  0.1334413  0.2043559  0.2531749  0.1997477  0.2389674  0.1222050  0.1304573  0.0835047  0.0821226  0.0907526  0.0944322  0.0702857  0.0530767  0.0522147  0.0494601
 2  0.0220355  0.0160806  0.0110514  0.0108465  0.0094162  0.0169942  0.0154174  0.0332984  0.0275534  0.0301659  0.0259625  0.0241285  0.0293514  0.0480483  0.0624180  0.0476702  0.0537468  0.0255219  0.0270353  0.0172252  0.0177087  0.0194422  0.0198706  0.0125369  0.0096630  0.0104623  0.0103248
 3  0.1031050  0.0186154  0.0201999  0.0213459  0.0246477  0.1402529  0.1436841  0.0271389  0.0239120  0.0206273  0.0230667  0.0689199  0.0763272  0.0320993  0.0271209  0.0254039  0.0236358  0.1371796  0.1466900  0.0265336  0.0273972  0.1315197  0.1332315  0.0211440  0.0223332  0.0260166  0.0256007
 4  0.0419424  0.0450506  0.0411635  0.0406809  0.0416975  0.0370071  0.0352317  0.0484508  0.0500287  0.0459961  0.0394146  0.0362743  0.0409940  0.0406674  0.0388943  0.0358901  0.0369840  0.0353167  0.0351350  0.0351735  0.0388492  0.0367580  0.0392518  0.0421175  0.0370914  0.0359018  0.0367462
 1  0.1216805  0.0775382  0.0523912  0.0622802  0.0526995  0.0793762  0.0735031  0.0742584  0.0622906  0.1261831  0.1236398  0.2100302  0.2556281  0.2211550  0.2454354  0.2273590  0.2095261  0.0854803  0.0751993  0.1264976  0.1286479  0.1611662  0.1398138  0.1755242  0.1641111  0.2131947  0.2535176
 2  0.0233076  0.0124971  0.0083424  0.0108489  0.0097845  0.0156763  0.0134474  0.0135893  0.0116482  0.0249082  0.0261032  0.0475790  0.0617348  0.0476494  0.0465582  0.0397006  0.0364023  0.0147735  0.0134914  0.0250475  0.0256316  0.0302941  0.0250224  0.0317454  0.0315512  0.0449564  0.0578009
 3  0.1125661  0.0183203  0.0204135  0.0224550  0.0233243  0.0645983  0.0588051  0.0242327  0.0244211  0.0251762  0.0251825  0.0292015  0.0288948  0.1436169  0.1723881  0.0227189  0.0245069  0.1624269  0.1573443  0.0249112  0.0276501  0.0231278  0.0225650  0.0249600  0.0216278  0.0275777  0.0250898
 4  0.0435238  0.0407392  0.0380836  0.0387584  0.0395985  0.0500045  0.0475259  0.0420073  0.0409354  0.0372694  0.0348951  0.0362041  0.0405900  0.0350970  0.0375838  0.0396716  0.0412949  0.0350659  0.0305949  0.0367719  0.0437548  0.0433093  0.0439981  0.0411558  0.0336132  0.0354809  0.0422455
 1  0.1291358  0.0481336  0.0315709  0.0567149  0.0408919  0.1371279  0.1363755  0.2136487  0.2490887  0.2041760  0.2633223  0.1565065  0.0844658  0.1105852  0.1135382  0.1346026  0.1431070  0.0679873  0.0684269  0.0679270  0.0700098  0.1186585  0.1212912  0.0809964  0.0766010  0.1233357  0.1515715
 2  0.0246433  0.0076257  0.0049974  0.0089856  0.0071068  0.0256911  0.0271130  0.0457436  0.0528735  0.0427500  0.0481718  0.0197236  0.0128182  0.0198683  0.0231738  0.0298324  0.0317725  0.0150960  0.0152682  0.0148374  0.0152092  0.0256745  0.0261488  0.0169249  0.0165910  0.0281776  0.0322302
 3  0.1195893  0.0211524  0.0190001  0.0209556  0.0244994  0.0887937  0.0858609  0.0260878  0.0325324  0.2489671  0.2738817  0.0199626  0.0170969  0.0992456  0.0916832  0.0293951  0.0283710  0.0261032  0.0294847  0.1307511  0.1314374  0.0288345  0.0278235  0.0275976  0.0263584  0.1742662  0.1738194
 4  0.0454104  0.0468288  0.0457853  0.0393249  0.0390208  0.0384993  0.0391610  0.0390586  0.0428223  0.0278458  0.0488244  0.0505053  0.0384476  0.0339139  0.0328936  0.0394071  0.0382633  0.0370574  0.0383128  0.0317533  0.0299040  0.0370672  0.0384895  0.0389454  0.0350798  0.0356070  0.0361471
 1  0.1456978  0.0688853  0.0437662  0.0981049  0.0747400  0.0920386  0.0820572  0.1722011  0.1459064  0.1685796  0.1991261  0.1302111  0.1481713  0.1036278  0.1071248  0.1095391  0.1296431  0.1045220  0.1012666  0.0740185  0.0724737  0.0603147  0.0521227  0.0380464  0.0301829  0.0954903  0.1003750
 2  0.0272533  0.0105586  0.0067184  0.0156226  0.0129722  0.0173619  0.0129410  0.0282584  0.0270085  0.0357200  0.0471930  0.0296768  0.0308637  0.0210233  0.0227780  0.0238622  0.0269325  0.0208507  0.0201360  0.0150453  0.0151739  0.0125114  0.0091861  0.0066449  0.0058831  0.0205993  0.0240860
 3  0.1352938  0.0210700  0.0222874  0.0203124  0.0209039  0.0968255  0.1069577  0.0213252  0.0232625  0.0303261  0.0312312  0.2095280  0.2337869  0.0257464  0.0295733  0.2291898  0.2652919  0.0235829  0.0209636  0.0773233  0.0804254  0.0239324  0.0240927  0.0223176  0.0230889  0.0285278  0.0283486
 4  0.0503031  0.0426727  0.0441305  0.0411557  0.0375480  0.0504979  0.0490664  0.0382811  0.0355648  0.0350263  0.0392038  0.0310747  0.0222259  0.0374366  0.0387004  0.0245518  0.0268034  0.0377684  0.0345618  0.0337824  0.0426070  0.0440094  0.0433492  0.0400709  0.0346230  0.0326580  0.0437670
