2019 2020 2021 2022 2023 2024 2025 2026 2027 2028 2029 2030 2031 2032 2033 2034 2035 2036 2037 2038 2039 2040 2041 2042 2043 2044 2045
  25959.53   25118.94   24999.68   23726.23   24296.07   29698.40   33609.36   34319.05   24492.39   13911.62    5521.36    3560.73    4220.12    2749.71    1958.99    3163.64    3775.09    2376.34    1600.99    3749.12    6348.21    7107.39    5648.50    6348.23    9248.91   12780.13   14112.68
  26666.73   25889.19   25226.64   23371.20   13295.72    5837.26    6273.31    4701.65    5132.08    6794.47    6098.45    4850.88    5179.07    4918.00    5322.77    5110.64    7777.30   16159.10   21500.08   25436.41   15722.47    8874.70    4980.00    1489.72    1603.21    2606.88    3710.13
  27337.97   26615.99   24107.17   22130.64   20251.85   17327.11   13793.38   10968.46   11452.55   11232.51   10992.83   11090.05   11818.32   12014.09   13188.99   14571.27   14496.17   14750.41   14789.07   14734.93   14114.18   12739.68   10568.26   10233.44   13842.46   17319.82   18424.78
  27375.08   26940.54   28174.81   28105.47   21633.07   15741.92   11816.49    8784.45   10481.96   17312.20   22864.66   28584.11   33387.49   35235.05   33557.16   30569.35   28942.45   27734.49   21276.13   16622.33   19141.91   22602.88   21820.94   19494.81   16156.42   12753.65   10742.39
  27413.16   26481.38   26469.86   25685.50   23527.18   22456.77   22429.18   22223.96   16852.33   12577.09    7381.89    1597.55    4649.24    8211.24   12651.74   16551.26   16661.00   15571.54   15753.43   17060.88   17831.43   17658.64   15083.36   11812.73    8094.05    5160.67    6833.07
  27916.22   26974.74   24603.40   21600.80   13318.27    5518.74    2367.56    3914.17    7905.80    9017.10    5962.73    2604.20    3080.12    4514.39    5152.10    4707.30    2899.22    1836.31    2680.50    3222.47    3905.64    6728.46    8083.78    5339.17    3274.61    5912.77    7554.56
  25293.69   24733.79   22104.40   19571.72   18081.93   15178.90   12200.08    9030.25    6723.19    4359.52    2639.06    3217.81    6234.71    8012.37    8488.18    8340.40    6712.26    4466.39    6732.43   12809.85   20046.14   27633.33   33703.81   37140.58   27292.83   18966.72   11980.39
  26166.07   24685.14   26179.63   26335.44   25012.13   23086.53   21013.89   21330.87   21759.13   23598.66   26479.36   27595.78   19952.82   11528.36    6394.94    2708.03    8685.99   19803.07   25533.56   29829.82   20088.32   10353.80    3525.68    2387.01    3972.55    5766.50    9623.69
  26381.36   25495.33   22415.53   18647.08   10930.44    4724.70    3787.86    4880.48   10922.16   19802.93   25884.06   29302.51   25448.19   21314.64   16213.12   10537.10    6686.90    4464.03    4415.35    3704.92    4092.94    5304.05    4970.85   13533.06   32269.47   46582.67   52306.31
  25129.66   24252.08   22688.81   22423.15   19603.95   14574.43    9565.04    4986.21    3056.44    2793.43    3978.85    4204.49    2853.67    3638.21    7010.69    9630.89   16219.51   21276.23   21934.81   20468.09   17567.16   14687.33   10726.27    7059.22    7696.25    9016.32    9436.70
  27619.19   26805.37   27126.24   26407.97   21621.26   17960.86   18031.74   18178.21   17164.24   16036.21   15379.47   17062.80   21356.43   24673.02   23910.40   23071.02   23065.13   23098.58   20318.38   16638.76   16567.97   16037.39   15445.27   14692.75   13501.36   12315.94   10963.58
  24999.65   24123.67   23615.47   22903.00   18047.01   12478.25    7111.34    2146.85    2235.09    2791.68    4879.71    9104.12   17170.01   25397.75   28335.15   29340.47   20477.66   13868.74    9599.98    7058.11    8667.02   11838.74   15484.47   23319.84   28434.57   30950.18   32763.30
  23892.22   22507.37   20834.35   17867.31   15179.85   14953.05   17274.78   18208.80   18306.78   17276.26   15373.84   13515.38   11691.77   10096.89    8603.10    7458.36    7309.42    9101.48   12554.96   14803.63   16018.16   16636.79   15944.08   15358.69   13697.85   16695.31   22586.27
  24949.98   24200.58   23291.74   21238.36   10157.13    4488.44    6062.14    4993.67    4108.85    3244.43    5816.87    8961.62   11667.34   12335.32   10150.89    8101.58    9405.76   10855.78   17322.90   26234.76   30597.58   31767.25   26724.76   20287.62   16642.97   12965.63   10971.81
  22802.38   21334.82   20428.45   19607.02   18241.15   16825.25   14649.90   11149.92    7770.43    4517.82    3571.95    8419.65   16672.50   21971.04   23189.19   22477.69   20904.97   18944.65   16018.34   14799.21   14418.02   13625.49   13491.57   13382.60   14525.18   16882.95   19599.07
  24653.49   23669.07   23188.81   21614.61   18977.26   17726.17   16487.15   15891.75   12499.52   10132.34   14029.79   17046.39   18243.54   18960.48   16106.16   14012.19   22476.97   34771.46   42014.11   44872.57   32689.77   18967.78    6039.08    4927.63    7846.63   12946.41   19847.21
  25237.80   24329.11   20511.81   16755.17   17351.10   18245.05   15943.37   12645.49   10970.93   10215.26   10335.93   10092.99   10398.30   18593.21   28429.13   33426.77   28060.78   24033.55   23805.86   23561.57   19152.65   14442.47    9220.56    3827.29    3582.97    5391.73    6109.67
  29448.01   28920.55   28650.49   28521.29   21003.38   15903.37   18115.93   18584.28   16768.63   14117.06   13507.35   13926.62   13845.93   14825.72   15642.48   15527.22   18277.63   19653.50   20061.30   24194.55   29427.50   32824.21   34237.56   33107.45   28916.59   25025.46   26752.27
  26177.49   25658.79   25224.62   23423.78   14793.08    7006.91    6195.91    5099.72    5391.15    5413.49    7170.68    9406.48   10061.28   10583.78   11154.51   12210.16   13385.90   13704.72   13742.24   14262.17   14708.01   13829.97   12184.21   11576.10   12196.67   13698.31   15930.59
  26270.83   24754.89   23708.63   23162.17   20587.02   17716.30   13626.05    8101.73    3978.63    6159.63   11433.60   16382.88   19001.42   21671.59   23207.02   23939.16   21421.89   18585.14   10816.89    5229.87    6012.35    3843.82    2693.65    1732.68    2313.51    2985.57    4064.18
  29044.42   27848.87   27435.32   25820.05   22142.42   18174.12   16090.07   15142.70   17446.41   21659.05   26487.03   30986.17   32864.97   32998.40   28542.18   23422.46   16109.38    8732.91    4844.15    3887.64    5155.80    7062.53    7788.27    8041.25    8089.11   10160.60   16710.05
  27952.23   27639.59   27522.66   26302.32   22449.86   19939.93   19841.36   18456.48   16150.86   14307.07   16879.38   20480.09   22231.79   22711.97   20134.34   17003.14   14085.95   11490.56   11014.31   10758.50   11638.37   14090.85   17106.30   18850.22   19268.98   18964.30   18734.84
  25266.52   24018.39   23894.13   24358.56   16077.19    8674.45    6845.45    8752.52   11097.14   13114.76   12962.32   12573.88    9644.35    7077.85   12198.51   17353.09   19423.17   19368.26   19755.81   19149.53   18615.86   17590.72   18438.85   19548.29   16366.22   12537.17    9719.21
  26685.80   26093.95   25682.79   24038.04   21320.74   18854.85   17854.36   17040.88   16849.52   16465.76   15648.51   14264.83   13089.84   12278.49   14686.07   19497.99   26556.17   44698.44   67755.06   82809.61   77690.62   64212.95   41259.02   22572.03   14166.41    8977.03   10897.83
  29213.68   28728.50   28721.37   28410.29   23443.99   18985.16   17423.51   14703.99   11372.95    8300.32    9275.24   11931.49   15497.08   18381.47   18905.76   19980.77   21096.93   21410.34   20861.79   19894.92   18002.97   18579.79   26184.03   28581.25   24990.58   20317.60   16490.94
  28456.26   27394.94   27796.41   27139.91   23147.14   18033.37   11490.94    6802.57    6468.32    6863.47    8125.94   11436.88   18726.61   24263.41   26752.89   28022.16   27905.84   27114.31   24043.93   21103.45   18192.12   16394.60   15469.96   13502.15   12320.04   11753.72   11435.87
  27992.40   26674.80   26532.65   25785.25   19289.44   14792.07   13997.40   12799.98   13516.88   13841.98   15829.08   20083.55   23124.54   24016.83   22765.00   21373.08   20161.85   18208.32   16566.55   15608.47   15162.77   14966.64   15485.98   15950.60   17392.81   20619.52   22708.87
  25257.70   24234.52   23944.50   23749.89   20670.11   20396.86   23960.29   24322.85   23119.18   21614.93   20750.72   19442.54   18251.14   17796.70   17059.71   15483.83   13211.91   12168.77   13289.44   17386.54   24281.95   29333.41   33854.25   36927.89   30549.31   22705.49   13528.15
  27373.46   26687.76   26706.32   25482.84   16763.85   10656.54    7140.84    5161.89    6891.78    8484.82   10056.07   13427.39   14647.46   15364.48   16224.25   17066.11   17494.11   18879.35   19815.58   21561.42   24334.28   26758.16   24015.09   19389.37   19210.23   20737.59   24072.73
  30096.56   29988.25   28954.95   26349.13   22987.24   18875.64   13480.04    8985.34    8433.79   10280.94   14478.62   17535.40   18227.08   18098.51   15327.36   12617.86   12313.36   13814.07   17140.74   19533.23   19177.01   18623.48   14977.18   11486.57   13613.76   19660.21   24857.86
  24580.27   23660.01   23071.83   21224.68   14122.05    8762.09    8683.86   13136.83   15852.18   16724.57   15449.66   13823.86   13277.41   12917.33   14293.30   17539.25   23580.74   29764.90   30408.64   29013.25   22634.87   17925.93   17054.40   15313.52   15231.27   15458.15   16216.53
