FL 2019 2020 2021 2022 2023 2024 2025 2026 2027 2028 2029 2030 2031 2032 2033 2034 2035 2036 2037 2038 2039 2040 2041 2042 2043 2044 2045
 1  0.1254765  0.1016565  0.0878872  0.0878555  0.0818342  0.0950153  0.0747259  0.1384350  0.1782770  0.2206125  0.2805054  0.1382804  0.1439327  0.1762198  0.1983894  0.2600254  0.3194881  0.2015725  0.3200932  0.0497973  0.0209575  0.0491109  0.0377907  0.1147667  0.1077337  0.2142085  0.2362972
 2  0.0238751  0.0186097  0.0166484  0.0177944  0.0121340  0.0149646  0.0137421  0.0294207  0.0425419  0.0552325  0.0673007  0.0282226  0.0284893  0.0365833  0.0416389  0.0505549  0.0568299  0.0357071  0.0469579  0.0051840  0.0027613  0.0076411  0.0069658  0.0209899  0.0197843  0.0414830  0.0496968
 3  0.1162273  0.0198365  0.0221496  0.1104550  0.1151644  0.0221460  0.0259525  0.1604540  0.1378119  0.0304361  0.0276187  0.1333326  0.1185694  0.0246098  0.0351469  0.2833810  0.3538253  0.5148744  0.8401570  0.0105427  0.0157453  0.0216711  0.0254975  0.2230418  0.1984610  0.0294338  0.0300573
 4  0.0444602  0.0404041  0.0356661  0.0531780  0.0436169  0.0410003  0.0337526  0.0285169  0.0270474  0.0371866  0.0347323  0.0373686  0.0284288  0.0400741  0.0371753  0.0314184  0.0357895  0.0556356  0.0586160  0.0504774  0.0397257  0.0388756  0.0386964  0.0471387  0.0318226  0.0364964  0.0316440
 1  0.1220670  0.0981552  0.0849377  0.1358304  0.1581723  0.1514293  0.1291645  0.1181018  0.1237047  0.1232311  0.1132133  0.0602744  0.0591079  0.0697031  0.0658817  0.0559138  0.0552750  0.0670078  0.0571292  0.2521945  0.4073262  0.4016656  0.4470003  0.1652619  0.1674687  0.0825687  0.0676447
 2  0.0232303  0.0180890  0.0162112  0.0274459  0.0325504  0.0277204  0.0233727  0.0226891  0.0229456  0.0227781  0.0226666  0.0123581  0.0126298  0.0149200  0.0141528  0.0125944  0.0102105  0.0122179  0.0113992  0.0555026  0.0884990  0.0717282  0.0790236  0.0301142  0.0311208  0.0148962  0.0123914
 3  0.1130934  0.0222310  0.0248203  0.1855377  0.1683519  0.0200474  0.0235305  0.1542587  0.1628606  0.0244907  0.0259987  0.1009746  0.1117851  0.0239447  0.0221277  0.0696817  0.0784924  0.0216970  0.0242889  0.2592254  0.2564120  0.0265658  0.0184212  0.0233063  0.0235430  0.0222931  0.0206385
 4  0.0433681  0.0321611  0.0349954  0.0261542  0.0302075  0.0381666  0.0374501  0.0304281  0.0332429  0.0349116  0.0332048  0.0353739  0.0308730  0.0349223  0.0338040  0.0453979  0.0460619  0.0373331  0.0339338  0.0174349  0.0197182  0.0368718  0.0323415  0.0452053  0.0452820  0.0363272  0.0338956
 1  0.1187765  0.1402300  0.1282455  0.1260358  0.1241971  0.2788305  0.3271463  0.1737797  0.1644401  0.1294790  0.1285430  0.1702858  0.1997853  0.0891065  0.0759859  0.1333511  0.1349972  0.1568757  0.1486310  0.1286120  0.1400797  0.2568660  0.3054018  0.1336623  0.0934276  0.1074657  0.0989583
 2  0.0226444  0.0259647  0.0242588  0.0230289  0.0225148  0.0532394  0.0629063  0.0313730  0.0298520  0.0246975  0.0264209  0.0346721  0.0352829  0.0152903  0.0131391  0.0250436  0.0252217  0.0296195  0.0282258  0.0252970  0.0291069  0.0548046  0.0619761  0.0219038  0.0147644  0.0188404  0.0198186
 3  0.1100329  0.0380319  0.0423383  0.2149701  0.2286968  0.0230648  0.0196272  0.1020566  0.1113134  0.0239232  0.0291851  0.2855671  0.3703587  0.0190030  0.0231389  0.1312856  0.1326597  0.0251156  0.0255158  0.1642564  0.1572383  0.0266323  0.0215633  0.0148893  0.0178309  0.0443897  0.0431495
 4  0.0423910  0.0400145  0.0407499  0.0334621  0.0317236  0.0358461  0.0360126  0.0363025  0.0326168  0.0324653  0.0372990  0.0294930  0.0281300  0.0357467  0.0360237  0.0318417  0.0324606  0.0379649  0.0383545  0.0273308  0.0245259  0.0329113  0.0415238  0.0425870  0.0375361  0.0326210  0.0303415
 1  0.1193897  0.0451615  0.0373120  0.1284428  0.1433887  0.1388025  0.1455074  0.0649534  0.0567808  0.0428323  0.0341324  0.0510905  0.0485025  0.0619872  0.0633186  0.0781832  0.0932423  0.1686829  0.1863702  0.1301703  0.1430799  0.1747689  0.1594590  0.1669332  0.2219590  0.1786535  0.1844183
 2  0.0226910  0.0082681  0.0071702  0.0260795  0.0293309  0.0288935  0.0296902  0.0130453  0.0100251  0.0074688  0.0066461  0.0102336  0.0102435  0.0139721  0.0151404  0.0194170  0.0215268  0.0374918  0.0396341  0.0270217  0.0249682  0.0299396  0.0304684  0.0355324  0.0490563  0.0369178  0.0377985
 3  0.1105887  0.0206479  0.0187262  0.1515695  0.1520719  0.0287003  0.0208952  0.0246142  0.0231455  0.0238827  0.0219025  0.1185188  0.1199704  0.0238919  0.0293874  0.1511957  0.1653113  0.0240726  0.0261973  0.2162767  0.2420859  0.0166996  0.0206353  0.1920354  0.1960846  0.0287631  0.0236196
 4  0.0420011  0.0363680  0.0337212  0.0344709  0.0337408  0.0346727  0.0343930  0.0435771  0.0402820  0.0389907  0.0364750  0.0354269  0.0287002  0.0361723  0.0329488  0.0316857  0.0308951  0.0358503  0.0340359  0.0346472  0.0337155  0.0346549  0.0308093  0.0253475  0.0312218  0.0343015  0.0371844
 1  0.1189860  0.0867447  0.0751693  0.0951888  0.0944055  0.1670992  0.1561605  0.2889215  0.3670391  0.4134052  0.4953661  0.1797565  0.1863481  0.0820479  0.0584577  0.1691593  0.2278687  0.2723406  0.2945894  0.0800064  0.0620001  0.1853980  0.2653172  0.4031136  0.9046656  0.1412975  0.0631397
 2  0.0231473  0.0161684  0.0144439  0.0188074  0.0169392  0.0303795  0.0284929  0.0557185  0.0654189  0.0711683  0.0929668  0.0336890  0.0256347  0.0119269  0.0095877  0.0318873  0.0454414  0.0545417  0.0451772  0.0125333  0.0112407  0.0378051  0.0553097  0.0816485  0.1448754  0.0136069  0.0071430
 3  0.1099257  0.0245656  0.0248412  0.1443574  0.1525809  0.0196536  0.0280984  0.1682247  0.1772375  0.0185934  0.0248991  0.2278930  0.3215511  0.0122818  0.0197303  0.3347398  0.3161988  0.0270876  0.0252144  0.0152263  0.0211349  0.2892827  0.2677945  0.4090812  0.9475730  0.9990000  0.0070410
 4  0.0434759  0.0387362  0.0378745  0.0371011  0.0355717  0.0372260  0.0368688  0.0314535  0.0324697  0.0341886  0.0321942  0.0369410  0.0417247  0.0393781  0.0353410  0.0144955  0.0140431  0.0429725  0.0400232  0.0343306  0.0311192  0.0219589  0.0196087  0.0281599  0.0418988  0.0429005  0.0406461
 1  0.1162521  0.1609616  0.1495660  0.1881718  0.2565667  0.2651001  0.2678641  0.1043951  0.0693560  0.1114689  0.1015164  0.0729500  0.0843946  0.1483918  0.1497212  0.1524362  0.1831900  0.1427502  0.1473216  0.0682643  0.0618921  0.1068889  0.0849285  0.1888547  0.2196328  0.0762763  0.0620234
 2  0.0225599  0.0301525  0.0283839  0.0362076  0.0450179  0.0440716  0.0452668  0.0158689  0.0106088  0.0193967  0.0203990  0.0165990  0.0194955  0.0322940  0.0308310  0.0317766  0.0397557  0.0308128  0.0302419  0.0138526  0.0116384  0.0182966  0.0155625  0.0386441  0.0448017  0.0140716  0.0119504
 3  0.1074261  0.0252601  0.0294731  0.4105327  0.4857361  0.0239644  0.0252668  0.0231116  0.0186948  0.0212671  0.0206679  0.1524967  0.1735317  0.0224127  0.0226390  0.1588872  0.1593534  0.0254395  0.0187068  0.0255737  0.0246618  0.0629394  0.0613003  0.0776500  0.0770883  0.0237106  0.0259929
 4  0.0426515  0.0405913  0.0351475  0.0194196  0.0187983  0.0361287  0.0434554  0.0385256  0.0383903  0.0339364  0.0304934  0.0227923  0.0322814  0.0372147  0.0333182  0.0276100  0.0279335  0.0350933  0.0346409  0.0393063  0.0412193  0.0410450  0.0330202  0.0326461  0.0423940  0.0378488  0.0344757
 1  0.1297236  0.1629250  0.1462385  0.0792437  0.0744634  0.0872127  0.0909270  0.0863429  0.1029522  0.1171582  0.1475539  0.1059960  0.0764461  0.0489203  0.0394296  0.1713749  0.2286040  0.1605057  0.1525958  0.0542007  0.0366091  0.0618564  0.0562663  0.1260713  0.1348419  0.1029557  0.1490118
 2  0.0243926  0.0292131  0.0268206  0.0144605  0.0142082  0.0180355  0.0204921  0.0205321  0.0243169  0.0272791  0.0320412  0.0171175  0.0115717  0.0079900  0.0074261  0.0359716  0.0487501  0.0337934  0.0219920  0.0080145  0.0060848  0.0112094  0.0108888  0.0269419  0.0316025  0.0257050  0.0369714
 3  0.1204050  0.0346943  0.0409991  0.1548255  0.1655737  0.0224501  0.0314236  0.1486784  0.1529355  0.1831946  0.2318535  0.1999864  0.2345839  0.0243365  0.0229240  0.2558691  0.2380944  0.0328674  0.0266882  0.0148527  0.0174514  0.1197375  0.1164818  0.0250372  0.0292881  0.2757604  0.2769862
 4  0.0445032  0.0369548  0.0387106  0.0317518  0.0295936  0.0296549  0.0331251  0.0269837  0.0248979  0.0294499  0.0325089  0.0490078  0.0367573  0.0362705  0.0340550  0.0216689  0.0195101  0.0555770  0.0473620  0.0399090  0.0349427  0.0333314  0.0327925  0.0337411  0.0358170  0.0161211  0.0176674
 1  0.1244105  0.0278125  0.0228546  0.0281916  0.0273029  0.0869669  0.1013469  0.2445632  0.2175709  0.1137540  0.0999955  0.2169303  0.2497484  0.1758761  0.2455033  0.1484311  0.1184367  0.1503820  0.1133446  0.2851339  0.4404095  0.4301839  0.5498928  0.0931071  0.0682264  0.0689685  0.0474934
 2  0.0246932  0.0052100  0.0044275  0.0058853  0.0062172  0.0210459  0.0201251  0.0430191  0.0357200  0.0192119  0.0183479  0.0439561  0.0556060  0.0407831  0.0547506  0.0290057  0.0150102  0.0220390  0.0198567  0.0548562  0.0817340  0.0728615  0.0955767  0.0144285  0.0109689  0.0109209  0.0073416
 3  0.1146225  0.0216564  0.0239199  0.0237456  0.0259688  0.1655505  0.1998037  0.0172122  0.0227215  0.1016856  0.0930099  0.0253955  0.0259086  0.2263462  0.2356659  0.0307594  0.0141001  0.0158480  0.0242041  0.3253417  0.3757521  0.0230087  0.0193683  0.0217812  0.0212565  0.0234013  0.0253779
 4  0.0469218  0.0369594  0.0358070  0.0328984  0.0322215  0.0355929  0.0387400  0.0393422  0.0423904  0.0334194  0.0280374  0.0311811  0.0335623  0.0174116  0.0201484  0.0591593  0.0454677  0.0364157  0.0347171  0.0303713  0.0247074  0.0339706  0.0351128  0.0418918  0.0444933  0.0429708  0.0408793
 1  0.1237088  0.1514107  0.1378337  0.2307255  0.3227751  0.2589378  0.2258354  0.0391824  0.0242316  0.0830293  0.0679880  0.1264818  0.1514213  0.1440002  0.1638123  0.1071648  0.1394959  0.0875367  0.0757242  0.0631908  0.0575882  0.0659352  0.0634336  0.0790789  0.0409737  0.0646751  0.0580448
 2  0.0237626  0.0277731  0.0257208  0.0455146  0.0593871  0.0412925  0.0368287  0.0058351  0.0036352  0.0137451  0.0128411  0.0271074  0.0347017  0.0338308  0.0403849  0.0270677  0.0344944  0.0179042  0.0150477  0.0126823  0.0112194  0.0133229  0.0136988  0.0111902  0.0061108  0.0113484  0.0119220
 3  0.1145732  0.0344161  0.0364431  0.2952630  0.3268425  0.0245257  0.0191770  0.0188007  0.0224415  0.0421648  0.0538008  0.1383754  0.1296250  0.0276077  0.0306516  0.1563133  0.1498938  0.0308231  0.0184594  0.0236068  0.0287890  0.0738429  0.0718727  0.0228762  0.0142580  0.0221770  0.0270363
 4  0.0440699  0.0409343  0.0374339  0.0210107  0.0273433  0.0392971  0.0416937  0.0438131  0.0444086  0.0374842  0.0349954  0.0310638  0.0286886  0.0312427  0.0338295  0.0224314  0.0253808  0.0366552  0.0300183  0.0371730  0.0379054  0.0313458  0.0558841  0.0516024  0.0400787  0.0349568  0.0323046
 1  0.1300004  0.1695394  0.1532091  0.1109179  0.0937022  0.0877643  0.0912787  0.1016284  0.1184417  0.1225610  0.1192950  0.0932860  0.0910379  0.1076765  0.0961682  0.1084335  0.0835368  0.1373258  0.1724949  0.1862624  0.2253218  0.2739358  0.3946410  0.1487988  0.1505452  0.0716973  0.0549415
 2  0.0246276  0.0307237  0.0282630  0.0187738  0.0166041  0.0173866  0.0205158  0.0241332  0.0276789  0.0261409  0.0234705  0.0187831  0.0197473  0.0215009  0.0175041  0.0182594  0.0146510  0.0267211  0.0358807  0.0411941  0.0517733  0.0591558  0.0721656  0.0231550  0.0191309  0.0108338  0.0098495
 3  0.1205402  0.0242028  0.0248399  0.1647139  0.1569433  0.0252490  0.0249556  0.1415352  0.1554080  0.0256253  0.0187985  0.0185603  0.0257343  0.1143188  0.1369403  0.0200245  0.0203156  0.2846637  0.2574000  0.0267667  0.0268941  0.2812690  0.3594041  0.5685168  0.0077968  0.0201450  0.0251524
 4  0.0455741  0.0372445  0.0413756  0.0356962  0.0260951  0.0286099  0.0315551  0.0262738  0.0274011  0.0389205  0.0354318  0.0330298  0.0390827  0.0394476  0.0402436  0.0410203  0.0350122  0.0201978  0.0181823  0.0326803  0.0339291  0.0245154  0.0245963  0.0303086  0.0404643  0.0335700  0.0376946
 1  0.1180277  0.0648099  0.0551361  0.0718548  0.0728061  0.1152425  0.1134344  0.1180916  0.1241333  0.1315148  0.1396973  0.1271521  0.1052640  0.1736054  0.1568367  0.1340281  0.1485623  0.1769183  0.1726979  0.0925515  0.1022880  0.1809567  0.1950487  0.1308104  0.1511310  0.2206551  0.2360024
 2  0.0228373  0.0120688  0.0106758  0.0145459  0.0147349  0.0237210  0.0222403  0.0238980  0.0272609  0.0294247  0.0314769  0.0234389  0.0176342  0.0299167  0.0280912  0.0257158  0.0302559  0.0346877  0.0344839  0.0192519  0.0221429  0.0392100  0.0400944  0.0269781  0.0312689  0.0449212  0.0451945
 3  0.1090697  0.0232803  0.0259021  0.1244432  0.1324034  0.0243259  0.0208073  0.0698290  0.0687012  0.0320177  0.0240310  0.1696982  0.1921648  0.0212969  0.0242094  0.1946707  0.1934088  0.0250935  0.0214002  0.1453692  0.1410538  0.0226756  0.0258258  0.1790374  0.1809353  0.0230026  0.0216969
 4  0.0428520  0.0364712  0.0370152  0.0284741  0.0315822  0.0366594  0.0344530  0.0328262  0.0342978  0.0385249  0.0435529  0.0377677  0.0372974  0.0357996  0.0369523  0.0311504  0.0319058  0.0367193  0.0322505  0.0320390  0.0311460  0.0357062  0.0351786  0.0283901  0.0272903  0.0367291  0.0597086
 1  0.1305073  0.1152266  0.0994803  0.1360559  0.1352729  0.1765593  0.1957712  0.1981174  0.2723179  0.1818603  0.1557579  0.0748064  0.0499986  0.1025516  0.0999246  0.1820694  0.2100154  0.2074901  0.2664450  0.1416076  0.1043586  0.1066038  0.1025336  0.1738549  0.1278514  0.1641033  0.1703418
 2  0.0247657  0.0208515  0.0185496  0.0256097  0.0260564  0.0359415  0.0423305  0.0447534  0.0533344  0.0321352  0.0227078  0.0112158  0.0076489  0.0180615  0.0196750  0.0393992  0.0501882  0.0470096  0.0531854  0.0224664  0.0171049  0.0191786  0.0193706  0.0283204  0.0220777  0.0300155  0.0323943
 3  0.1209417  0.0223506  0.0188241  0.1235192  0.1213866  0.0253079  0.0277767  0.2128315  0.2350615  0.0274997  0.0177937  0.0187741  0.0212847  0.1403571  0.1279263  0.0230513  0.0290168  0.2314387  0.3088820  0.0220334  0.0241835  0.1105863  0.1043563  0.0244182  0.0227747  0.1497268  0.1509833
 4  0.0457994  0.0391997  0.0352478  0.0323394  0.0368314  0.0306656  0.0327418  0.0244704  0.0285744  0.0456011  0.0452527  0.0446936  0.0374602  0.0319272  0.0268065  0.0317003  0.0348819  0.0271286  0.0288554  0.0388153  0.0361068  0.0359993  0.0492253  0.0391567  0.0378607  0.0341824  0.0362295
 1  0.1355563  0.1296076  0.1140851  0.0759330  0.0763717  0.0720375  0.0607355  0.0435715  0.0458134  0.1178594  0.1433056  0.1910629  0.2735266  0.2470877  0.2425303  0.0884949  0.0763219  0.1544755  0.1151099  0.0855974  0.0782550  0.1090628  0.1264388  0.2622502  0.2859041  0.1751731  0.1129625
 2  0.0258173  0.0236284  0.0212182  0.0152833  0.0138715  0.0129119  0.0117701  0.0094153  0.0111628  0.0323109  0.0393385  0.0467959  0.0536112  0.0424111  0.0427449  0.0157505  0.0149937  0.0252814  0.0182655  0.0151394  0.0155922  0.0238885  0.0285908  0.0563343  0.0520930  0.0238812  0.0172717
 3  0.1255444  0.0258381  0.0266400  0.1074644  0.1112822  0.0175651  0.0235168  0.0555929  0.0577589  0.0278772  0.0293748  0.2923540  0.3676448  0.0215708  0.0208278  0.0205018  0.0302831  0.1639093  0.1752658  0.0224375  0.0204896  0.1575545  0.1519307  0.0242976  0.0326899  0.2152983  0.1921949
 4  0.0485933  0.0415849  0.0351378  0.0374564  0.0413346  0.0337799  0.0338457  0.0306271  0.0389705  0.0326031  0.0339608  0.0208978  0.0209396  0.0341128  0.0350060  0.0344880  0.0434477  0.0413997  0.0323514  0.0304311  0.0302158  0.0262198  0.0293956  0.0383875  0.0530070  0.0469857  0.0353413
 1  0.1307984  0.1637958  0.1463360  0.2539823  0.3850148  0.3308768  0.2227549  0.2677339  0.2549473  0.2048066  0.2243365  0.2210987  0.1770242  0.1938891  0.2803963  0.1828453  0.1403945  0.0523961  0.0410967  0.0821457  0.0697035  0.1780639  0.2162414  0.1773949  0.2764786  0.1703323  0.1586497
 2  0.0245606  0.0294990  0.0269449  0.0492737  0.0688937  0.0445189  0.0316998  0.0428145  0.0460306  0.0383620  0.0366825  0.0339919  0.0297378  0.0363078  0.0536893  0.0300599  0.0207756  0.0087623  0.0065563  0.0140505  0.0135586  0.0395974  0.0543657  0.0467372  0.0635915  0.0309660  0.0299604
 3  0.1213701  0.0217018  0.0211966  0.3656778  0.3704410  0.0170719  0.0136712  0.0211239  0.0228514  0.2177067  0.2390350  0.0187087  0.0222328  0.3853899  0.3597358  0.0215708  0.0214291  0.0237217  0.0251879  0.0702898  0.0691614  0.0276143  0.0339941  0.2638670  0.3108479  0.0176090  0.0218984
 4  0.0453260  0.0368342  0.0332577  0.0212919  0.0305891  0.0437276  0.0375879  0.0341093  0.0351032  0.0376887  0.0370036  0.0386212  0.0325662  0.0161750  0.0210327  0.0436931  0.0389111  0.0414315  0.0388848  0.0352986  0.0318796  0.0301511  0.0348996  0.0215927  0.0244436  0.0341206  0.0333988
 1  0.1425452  0.1646896  0.1467917  0.1389894  0.1300117  0.0940567  0.0866514  0.0854653  0.0969794  0.1459626  0.1719739  0.0503907  0.0299439  0.0973630  0.1129500  0.1031565  0.1171234  0.1470180  0.1979137  0.1853146  0.1506295  0.0834842  0.0777269  0.0547750  0.0512114  0.0878322  0.0774786
 2  0.0270896  0.0297057  0.0268156  0.0250125  0.0218303  0.0168004  0.0174936  0.0197023  0.0255295  0.0408375  0.0390336  0.0076041  0.0048808  0.0185441  0.0241841  0.0247865  0.0301616  0.0371092  0.0407981  0.0308275  0.0256479  0.0155213  0.0159225  0.0117614  0.0109719  0.0175707  0.0148632
 3  0.1320490  0.0224543  0.0262394  0.1605723  0.1529619  0.0201434  0.0260968  0.0267278  0.0300459  0.0278105  0.0312783  0.0214168  0.0198092  0.2036018  0.1673822  0.0242869  0.0288233  0.2336868  0.3074268  0.0186084  0.0185532  0.0260208  0.0277174  0.0290524  0.0193702  0.0584232  0.0588803
 4  0.0507192  0.0411126  0.0377229  0.0384165  0.0321162  0.0341713  0.0288966  0.0379718  0.0517393  0.0372790  0.0540301  0.0408564  0.0348584  0.0241687  0.0213911  0.0319714  0.0362690  0.0228613  0.0289963  0.0375846  0.0336021  0.0309605  0.0368744  0.0349609  0.0394558  0.0378221  0.0340574
 1  0.1323154  0.1361319  0.1194165  0.0780636  0.0800478  0.1956943  0.1897654  0.2259626  0.3028351  0.2738220  0.1920950  0.1287601  0.1183936  0.1547687  0.1576058  0.1243644  0.1212277  0.0773898  0.0547570  0.0958178  0.1259769  0.2581395  0.3505925  0.2173870  0.2347044  0.1629542  0.1214311
 2  0.0251284  0.0246228  0.0221062  0.0155258  0.0160208  0.0379066  0.0359502  0.0416345  0.0507836  0.0381785  0.0274864  0.0213278  0.0222154  0.0311141  0.0331176  0.0253149  0.0168564  0.0110746  0.0094581  0.0196264  0.0296273  0.0652780  0.0804001  0.0401701  0.0348762  0.0240868  0.0181164
 3  0.1226001  0.0259482  0.0242339  0.1025196  0.1032969  0.0190370  0.0245681  0.4378969  0.5090025  0.0144734  0.0163219  0.0688584  0.0675776  0.0241868  0.0266381  0.2670631  0.4064933  0.0182849  0.0224983  0.2676545  0.2545393  0.0288174  0.0254768  0.3330080  0.4451893  0.0182284  0.0179441
 4  0.0466048  0.0388022  0.0344639  0.0337776  0.0364913  0.0363898  0.0358718  0.0222742  0.0248379  0.0421728  0.0382826  0.0337072  0.0315671  0.0356938  0.0382110  0.0430091  0.0428183  0.0407948  0.0344280  0.0105563  0.0108448  0.0340439  0.0383102  0.0333255  0.0333077  0.0421979  0.0401945
 1  0.1289129  0.1675016  0.1550221  0.0984327  0.0943740  0.1416891  0.1323255  0.0846775  0.0946732  0.0770987  0.0685783  0.0683349  0.0727303  0.0803186  0.0499277  0.1158059  0.1500464  0.2449652  0.2527756  0.1923001  0.2036265  0.2955077  0.3740011  0.1695844  0.1925937  0.1113931  0.0874185
 2  0.0243850  0.0304557  0.0285821  0.0183378  0.0171220  0.0259164  0.0261422  0.0180437  0.0200948  0.0153868  0.0138471  0.0142201  0.0145722  0.0122258  0.0083344  0.0226707  0.0329505  0.0514133  0.0461306  0.0348305  0.0392406  0.0603366  0.0785886  0.0361157  0.0337928  0.0180079  0.0157127
 3  0.1195341  0.0472965  0.0388203  0.1388467  0.1504928  0.0176589  0.0240847  0.1539316  0.1538956  0.0220716  0.0320066  0.1784132  0.1897872  0.0211905  0.0153045  0.2699870  0.2512569  0.0269874  0.0302982  0.1256279  0.1147557  0.0330842  0.0177079  0.1152678  0.1367573  0.0198672  0.0209169
 4  0.0452728  0.0431604  0.0380451  0.0375667  0.0338038  0.0357931  0.0328857  0.0261725  0.0303328  0.0359063  0.0342364  0.0309057  0.0501058  0.0431703  0.0337209  0.0135525  0.0218448  0.0437781  0.0420001  0.0329566  0.0272420  0.0311665  0.0319674  0.0389135  0.0426370  0.0374797  0.0320435
 1  0.1102676  0.0810587  0.0710033  0.1087840  0.1150409  0.1177524  0.1000678  0.1532873  0.2015652  0.2190651  0.2485229  0.1098080  0.0953162  0.1681822  0.1734364  0.1056097  0.0853155  0.0844096  0.0879764  0.1218078  0.0885328  0.0692141  0.0655682  0.1063107  0.1240986  0.1020737  0.0977047
 2  0.0212429  0.0151811  0.0138011  0.0206515  0.0213143  0.0205648  0.0180292  0.0308301  0.0435641  0.0484803  0.0447614  0.0191607  0.0179163  0.0309907  0.0312612  0.0181183  0.0152169  0.0166284  0.0181159  0.0209038  0.0153873  0.0130626  0.0137023  0.0251787  0.0332796  0.0234347  0.0192168
 3  0.1019949  0.0285398  0.0255600  0.2865710  0.3083722  0.0266927  0.0225650  0.2420187  0.2099462  0.0230398  0.0229951  0.0228654  0.0203532  0.2296318  0.2424080  0.0194016  0.0235846  0.1250502  0.1314052  0.0210668  0.0239561  0.0605156  0.0596369  0.0423194  0.0356962  0.1312508  0.1661988
 4  0.0398775  0.0394708  0.0406012  0.0297737  0.0260798  0.0395354  0.0349545  0.0228493  0.0213092  0.0419599  0.0412113  0.0381626  0.0366936  0.0301972  0.0293294  0.0363475  0.0379818  0.0308093  0.0431680  0.0400874  0.0386948  0.0319689  0.0286667  0.0338805  0.0385138  0.0423930  0.0382680
 1  0.1249681  0.1281330  0.1120672  0.3189859  0.5623837  0.3694181  0.3612098  0.1492413  0.1472002  0.0849851  0.0803961  0.0471565  0.0349163  0.0965749  0.0950202  0.0817028  0.0706581  0.0918218  0.0983051  0.0631399  0.0574338  0.0826664  0.1034253  0.0741803  0.0648995  0.0665373  0.0543333
 2  0.0235296  0.0232448  0.0210324  0.0648386  0.1123345  0.0488011  0.0436338  0.0194342  0.0196287  0.0116699  0.0090133  0.0068678  0.0062136  0.0188961  0.0187637  0.0156186  0.0141202  0.0192689  0.0209700  0.0129895  0.0124076  0.0195950  0.0251391  0.0158756  0.0130654  0.0124352  0.0101073
 3  0.1159195  0.0197203  0.0209067  0.3076289  0.3112734  0.9331465  0.9628807  0.9055613  0.8899114  0.9177508  0.0141656  0.0169530  0.0227904  0.1076897  0.1132988  0.0324181  0.0290627  0.1152145  0.1163126  0.0278275  0.0311338  0.1600924  0.1356781  0.0214349  0.0263320  0.0203943  0.0262294
 4  0.0433172  0.0346869  0.0335634  0.0149599  0.0190347  0.0246306  0.0223667  0.0245422  0.0251487  0.0277309  0.0413718  0.0336487  0.0339051  0.0361199  0.0333046  0.0358182  0.0349756  0.0349368  0.0366772  0.0355105  0.0309329  0.0222147  0.0325395  0.0398736  0.0406202  0.0359162  0.0380962
 1  0.1235830  0.1063336  0.0938978  0.1490396  0.1392382  0.1361189  0.1312550  0.1683593  0.2337201  0.0704499  0.0433978  0.0748175  0.0742038  0.1255040  0.1215718  0.2167015  0.3055918  0.4809739  0.6166310  0.2939131  0.2079554  0.2995597  0.3068015  0.1984788  0.2353140  0.1355372  0.1158332
 2  0.0244388  0.0200164  0.0179686  0.0273581  0.0235726  0.0243725  0.0267372  0.0391183  0.0537799  0.0110683  0.0070478  0.0137765  0.0154767  0.0271037  0.0246947  0.0446356  0.0589052  0.0853926  0.1077122  0.0397569  0.0308859  0.0491615  0.0558323  0.0387064  0.0432428  0.0241051  0.0183657
 3  0.1139036  0.0255711  0.0203767  0.1586283  0.1757727  0.0199057  0.0212175  0.1631264  0.1493044  0.0231282  0.0197575  0.0869824  0.0905221  0.0283414  0.0291255  0.3115185  0.3041501  0.0156843  0.0229873  0.1631722  0.1655187  0.0209819  0.0191858  0.1789508  0.2200952  0.0166862  0.0253490
 4  0.0466939  0.0398123  0.0406857  0.0383844  0.0340582  0.0333971  0.0308023  0.0227279  0.0415904  0.0423770  0.0372347  0.0329228  0.0336139  0.0411335  0.0375182  0.0259269  0.0257574  0.0321713  0.0404344  0.0408361  0.0349783  0.0337195  0.0317334  0.0289746  0.0306444  0.0407324  0.0441256
