FL 2019 2020 2021 2022 2023 2024 2025 2026 2027 2028 2029 2030 2031 2032 2033 2034 2035 2036 2037 2038 2039 2040 2041 2042 2043 2044 2045
 1  0.7288134  0.6828411  0.6585918  0.6518119  0.6635468  0.7010430  0.6965943  0.6937075  0.6783751  0.6682421  0.6755713  0.6790821  0.6793568  0.6695436  0.6698648  0.6804803  0.6639986  0.6071841  0.5473332  0.6355459  0.6914056  0.7031606  0.7068323  0.7121780  0.7076583  0.6887923  0.6777386
 2  0.5725724  0.5257627  0.5121407  0.5084739  0.5607879  0.5962283  0.5951889  0.5698594  0.5141115  0.4778276  0.4882891  0.5299374  0.5479149  0.5369223  0.5280368  0.5435415  0.5490984  0.5044361  0.4837168  0.5835977  0.6148628  0.6183906  0.6043321  0.5940883  0.5830320  0.5676701  0.5424104
 3  0.7521145  0.7090282  0.6827749  0.6726357  0.6779010  0.7221849  0.7192951  0.7127540  0.6949283  0.6833084  0.6897993  0.6953498  0.6981755  0.6887461  0.6867546  0.6966697  0.6838118  0.6298179  0.5610590  0.6489066  0.7151171  0.7264264  0.7281088  0.7301400  0.7273607  0.7098463  0.6968081
 4  0.4566311  0.4242774  0.4174420  0.4084704  0.5078566  0.5386747  0.4985958  0.4303825  0.3716077  0.3635988  0.4116426  0.4643595  0.4674677  0.4311699  0.4283525  0.4727003  0.4817114  0.4168536  0.4406232  0.5434900  0.5531765  0.5350212  0.4982679  0.4990724  0.5072252  0.4725587  0.4259398
 1  0.7290193  0.6837882  0.6592743  0.6527526  0.6371408  0.6375006  0.6698254  0.6797064  0.6751694  0.6809609  0.6861493  0.6891407  0.6954896  0.6943971  0.7042549  0.7084943  0.7111422  0.7223842  0.7146363  0.7118438  0.6651125  0.6065159  0.6266579  0.6121551  0.6273646  0.6562035  0.6814871
 2  0.5731135  0.5265721  0.5119043  0.5093357  0.4955713  0.5157979  0.5523536  0.5625773  0.5572275  0.5604670  0.5604860  0.5546821  0.5512180  0.5487246  0.5550334  0.5568939  0.5759468  0.5941947  0.5936493  0.5745323  0.5126598  0.4910631  0.5186609  0.5062812  0.5140621  0.5400174  0.5645742
 3  0.7523618  0.7098613  0.6833007  0.6733470  0.6555417  0.6529900  0.6871881  0.6991788  0.6931763  0.6994778  0.7055066  0.7065950  0.7128108  0.7115634  0.7208977  0.7258863  0.7270174  0.7422307  0.7355294  0.7298495  0.6825861  0.6230666  0.6448246  0.6329761  0.6446162  0.6724939  0.6995660
 4  0.4573780  0.4241020  0.4159416  0.4112551  0.4020953  0.4539222  0.4888165  0.4752302  0.4715517  0.4837522  0.4654252  0.4562244  0.4549623  0.4539829  0.4646373  0.4540588  0.5013440  0.5251806  0.4931991  0.4454675  0.4078017  0.4342060  0.4557125  0.4197569  0.4310903  0.4738652  0.4924752
 1  0.7283085  0.6840857  0.6549469  0.6479592  0.6496972  0.6429138  0.6398427  0.6508722  0.6654028  0.6655596  0.6712342  0.6796565  0.6724604  0.6556021  0.6654027  0.6865079  0.6817266  0.6847074  0.6878335  0.6925991  0.6807956  0.6673072  0.6679480  0.6790108  0.7005611  0.7047112  0.6973444
 2  0.5726575  0.5268711  0.5084509  0.5198599  0.5326891  0.5271332  0.5186472  0.5334281  0.5511942  0.5482609  0.5412286  0.5415613  0.5524548  0.5519805  0.5644416  0.5694286  0.5629125  0.5611635  0.5649063  0.5649881  0.5458207  0.5237065  0.5250980  0.5644565  0.5951605  0.6001005  0.5805920
 3  0.7516802  0.7099972  0.6790719  0.6678030  0.6685426  0.6627549  0.6575085  0.6675635  0.6842024  0.6850750  0.6895648  0.6960959  0.6896762  0.6768633  0.6847476  0.7052314  0.7005280  0.7032675  0.7066757  0.7113274  0.6997910  0.6850864  0.6841986  0.6957169  0.7208568  0.7266617  0.7178665
 4  0.4573648  0.4236758  0.4143169  0.4436938  0.4618684  0.4377388  0.4307833  0.4672287  0.4791022  0.4590021  0.4361641  0.4528561  0.4909604  0.4808807  0.4811858  0.4825427  0.4776758  0.4798309  0.4804176  0.4743234  0.4439122  0.4181947  0.4465502  0.5079957  0.5315510  0.5156352  0.4638451
 1  0.7292546  0.6838950  0.6632702  0.6598854  0.6503485  0.6482546  0.6590164  0.6768553  0.6935882  0.7117975  0.7132513  0.7133954  0.7144060  0.7072911  0.7105034  0.7137815  0.7061958  0.7021038  0.6957178  0.6952148  0.6842518  0.6860209  0.6805139  0.6757561  0.6577264  0.6479399  0.6630673
 2  0.5718989  0.5260567  0.5151138  0.5157387  0.5089780  0.5071023  0.5208819  0.5407630  0.5727101  0.5943782  0.5954681  0.5872230  0.5725370  0.5574764  0.5450690  0.5375007  0.5367215  0.5425289  0.5495349  0.5519513  0.5636761  0.5754194  0.5683063  0.5427593  0.5028520  0.5005482  0.5224826
 3  0.7524902  0.7101951  0.6873399  0.6802188  0.6684438  0.6656990  0.6752522  0.6935225  0.7103850  0.7312755  0.7339809  0.7315359  0.7322031  0.7252297  0.7265395  0.7292557  0.7216838  0.7190467  0.7134268  0.7127096  0.7018120  0.7064955  0.7018944  0.6944012  0.6743593  0.6638219  0.6799259
 4  0.4556608  0.4248787  0.4176897  0.4170571  0.4192556  0.4181620  0.4398173  0.4636291  0.5044726  0.5235464  0.4998963  0.4800013  0.4738737  0.4466275  0.4269623  0.4223060  0.4449744  0.4573568  0.4566960  0.4624161  0.4961380  0.5074796  0.4687542  0.4160781  0.3960048  0.4275390  0.4478135
 1  0.7307392  0.6865184  0.6622544  0.6565967  0.6582212  0.6741982  0.6775902  0.6862284  0.6603322  0.6468979  0.6268828  0.5811175  0.6154013  0.6769121  0.6840904  0.6937287  0.6514033  0.6104471  0.6344179  0.6839572  0.6866435  0.6899266  0.6565039  0.6261440  0.5417266  0.6376324  0.6712576
 2  0.5709265  0.5258337  0.5127234  0.5160366  0.5364602  0.5575931  0.5653991  0.5642311  0.5461715  0.5401139  0.5159298  0.4652546  0.5399686  0.5888367  0.5969556  0.5864582  0.5260228  0.4773735  0.5373553  0.5838756  0.5879085  0.5705295  0.5159586  0.4888330  0.4627346  0.5782368  0.5967068
 3  0.7534590  0.7123403  0.6862436  0.6769120  0.6753771  0.6930102  0.6967784  0.7050689  0.6793265  0.6664765  0.6489132  0.5996070  0.6253316  0.6982441  0.7066661  0.7138636  0.6711355  0.6282938  0.6468804  0.7043485  0.7089647  0.7087761  0.6739679  0.6438750  0.5569621  0.6559673  0.6957095
 4  0.4540021  0.4236161  0.4168504  0.4246029  0.4694595  0.4875115  0.4824465  0.4738471  0.4691217  0.4722551  0.4186892  0.3774482  0.5028788  0.5362733  0.5123237  0.4788260  0.4190700  0.3869364  0.4934864  0.5288939  0.4937798  0.4456812  0.4151544  0.4059859  0.4184883  0.5362653  0.5436728
 1  0.7296156  0.6865591  0.6565342  0.6459925  0.6055499  0.5727923  0.5954273  0.6372295  0.6814917  0.6976880  0.6950724  0.6948040  0.6920267  0.6942945  0.6980068  0.6978268  0.6788748  0.6608398  0.6744470  0.6873885  0.6962591  0.7111664  0.7121163  0.7023340  0.6887147  0.6911026  0.7020233
 2  0.5721350  0.5269808  0.5084358  0.5099551  0.4976879  0.4869548  0.5075680  0.5510596  0.5876757  0.5963644  0.5793278  0.5491072  0.5243706  0.5344531  0.5543740  0.5597059  0.5354634  0.5094670  0.5276481  0.5489022  0.5698503  0.5925815  0.5955239  0.5793821  0.5518146  0.5605996  0.5752666
 3  0.7525046  0.7121357  0.6805961  0.6665431  0.6237300  0.5913404  0.6128586  0.6522763  0.7005099  0.7190988  0.7154140  0.7121030  0.7071426  0.7102329  0.7154990  0.7163131  0.6976082  0.6777526  0.6901730  0.7049364  0.7136509  0.7295805  0.7333392  0.7226122  0.7060518  0.7083733  0.7213829
 4  0.4555682  0.4230816  0.4149308  0.4236602  0.4330287  0.4245781  0.4393442  0.4973232  0.5267517  0.5144832  0.4625245  0.4109904  0.4228032  0.4595256  0.4753583  0.4648446  0.4223500  0.4093228  0.4538647  0.4718109  0.4922577  0.5214277  0.5135995  0.4648145  0.4495216  0.4914164  0.4963410
 1  0.7282820  0.6799588  0.6475339  0.6389734  0.6462492  0.6459354  0.6561107  0.6697646  0.6738423  0.6740591  0.6668318  0.6688496  0.6947270  0.6895445  0.6931029  0.6983899  0.6739195  0.6475392  0.6707579  0.7099561  0.7092312  0.7112505  0.7077365  0.7043044  0.7015966  0.7009759  0.6760921
 2  0.5697585  0.5240958  0.5067839  0.5137814  0.5226657  0.5148765  0.5045517  0.4986779  0.5000949  0.5051679  0.5127023  0.5563778  0.5938355  0.5938694  0.5860817  0.5684510  0.5272093  0.5017316  0.5689629  0.6071065  0.6133836  0.6047025  0.5852207  0.5662833  0.5430756  0.5234409  0.4903435
 3  0.7517544  0.7067786  0.6724275  0.6594270  0.6650676  0.6646301  0.6725522  0.6847596  0.6889583  0.6899440  0.6830979  0.6837583  0.7151515  0.7124959  0.7141227  0.7164506  0.6911947  0.6655868  0.6838713  0.7317807  0.7324105  0.7316547  0.7269463  0.7229972  0.7186364  0.7166877  0.6918624
 4  0.4555172  0.4257960  0.4159585  0.4344461  0.4415499  0.4127912  0.3880134  0.3918202  0.4080807  0.4129099  0.4263100  0.5039190  0.5358462  0.5157290  0.4797865  0.4491712  0.4289490  0.4116934  0.5184633  0.5504703  0.5298057  0.5035871  0.4863670  0.4577088  0.4206299  0.3963760  0.3778945
 1  0.7315684  0.6873634  0.6682844  0.6641026  0.6674639  0.6766086  0.6806060  0.6959345  0.6920267  0.6933949  0.6884344  0.6843399  0.6778481  0.6710800  0.6545522  0.6368519  0.6772524  0.7146843  0.7012148  0.6934975  0.6423538  0.5589499  0.5546470  0.5722916  0.6340736  0.6709127  0.6987311
 2  0.5697771  0.5246284  0.5168811  0.5152771  0.5079601  0.5016331  0.5314101  0.5734480  0.5874267  0.5878496  0.5779522  0.5586237  0.5289199  0.5048994  0.4906492  0.5025043  0.5876980  0.6158782  0.6064286  0.5815007  0.5227362  0.4695262  0.4622739  0.4961889  0.5470869  0.5792025  0.6005395
 3  0.7537993  0.7128878  0.6919833  0.6846614  0.6852664  0.6920310  0.6943986  0.7143748  0.7128660  0.7144714  0.7094208  0.7036406  0.6956164  0.6874868  0.6704943  0.6533834  0.6904847  0.7382541  0.7254367  0.7132436  0.6605620  0.5797729  0.5723647  0.5860519  0.6509128  0.6888177  0.7181723
 4  0.4515532  0.4227631  0.4212421  0.4105277  0.3899632  0.3866362  0.4721568  0.5154727  0.5143035  0.5088354  0.4853192  0.4494891  0.4102603  0.3938183  0.4047954  0.4364176  0.5378826  0.5567416  0.5104673  0.4632378  0.4440831  0.3986650  0.3909915  0.4523012  0.4899550  0.5127471  0.5311918
 1  0.7286303  0.6827316  0.6522135  0.6413153  0.6010928  0.5903151  0.6301110  0.6584646  0.6960261  0.7103646  0.7080860  0.7041470  0.6923485  0.6856915  0.6875529  0.6846497  0.6772933  0.6754989  0.6957577  0.6973640  0.7051689  0.7134776  0.7098093  0.7175463  0.7323545  0.7212373  0.7127689
 2  0.5686480  0.5247601  0.5079043  0.5029085  0.4829154  0.5045326  0.5414438  0.5727981  0.6006826  0.6096540  0.5976268  0.5728700  0.5348592  0.5144904  0.5088829  0.4990948  0.4911985  0.5220224  0.5580991  0.5699084  0.5757969  0.5786887  0.5698297  0.6020330  0.6220641  0.6207714  0.5969144
 3  0.7517398  0.7089221  0.6766521  0.6624283  0.6191757  0.6056446  0.6482217  0.6759125  0.7157746  0.7320395  0.7291936  0.7229217  0.7090680  0.7017576  0.7036581  0.7001406  0.6922660  0.6900143  0.7134084  0.7161544  0.7225849  0.7318163  0.7283353  0.7331606  0.7560557  0.7450734  0.7330103
 4  0.4547156  0.4242532  0.4156796  0.4073765  0.4113921  0.4570751  0.4798616  0.5107632  0.5352750  0.5312919  0.4962549  0.4466002  0.4142314  0.4127206  0.3975900  0.3793278  0.3853273  0.4605350  0.4894232  0.4778113  0.4855960  0.4900646  0.4635371  0.5379148  0.5608972  0.5300612  0.4644239
 1  0.7290541  0.6815356  0.6503986  0.6465260  0.6619046  0.6554583  0.6600979  0.6716900  0.6796001  0.6792939  0.6904706  0.6962215  0.6975673  0.7030327  0.7106806  0.7059030  0.7091572  0.7068997  0.6711879  0.6381597  0.6419614  0.6544921  0.6432667  0.6011416  0.6095236  0.6691908  0.6785664
 2  0.5720311  0.5252907  0.5080442  0.5304629  0.5498099  0.5388038  0.5152957  0.4995711  0.5054051  0.5251661  0.5551164  0.5649004  0.5581548  0.5623139  0.5809253  0.5929607  0.5974591  0.5891767  0.5382078  0.4840318  0.4730611  0.4950196  0.5229438  0.5181744  0.5513773  0.5847542  0.5844983
 3  0.7524456  0.7079812  0.6750131  0.6659044  0.6816511  0.6761623  0.6775134  0.6863487  0.6944783  0.6953644  0.7076412  0.7149296  0.7157510  0.7189446  0.7290207  0.7262583  0.7300973  0.7273744  0.6908399  0.6562229  0.6576590  0.6690734  0.6605700  0.6206960  0.6240620  0.6903898  0.7004635
 4  0.4569095  0.4252592  0.4172675  0.4636399  0.4797540  0.4333039  0.3777199  0.3893345  0.4224126  0.4524885  0.4795344  0.4761672  0.4467060  0.4772070  0.5132344  0.5204274  0.5154891  0.4871506  0.4214435  0.3662837  0.3716507  0.4260984  0.4637864  0.4596849  0.5062248  0.5226251  0.4872458
 1  0.7304056  0.6862981  0.6639382  0.6588062  0.6573567  0.6642089  0.6759186  0.6918527  0.6878243  0.6842869  0.6939468  0.7010458  0.7073941  0.6938352  0.6888348  0.6916340  0.6763932  0.6621412  0.6765464  0.6771596  0.6742922  0.6719216  0.6808500  0.6877428  0.6734042  0.6612585  0.6696404
 2  0.5719358  0.5261459  0.5135627  0.5142563  0.5176228  0.5255096  0.5440929  0.5576849  0.5469219  0.5297927  0.5317396  0.5650014  0.5902624  0.5890700  0.5796785  0.5699400  0.5454244  0.5300072  0.5419627  0.5414988  0.5287633  0.5217286  0.5359117  0.5470338  0.5377572  0.5239087  0.5391279
 3  0.7532408  0.7121606  0.6878286  0.6791084  0.6751148  0.6814483  0.6923836  0.7096851  0.7065190  0.7005502  0.7098417  0.7170348  0.7274355  0.7161647  0.7091395  0.7109647  0.6957378  0.6794626  0.6942035  0.6956093  0.6916010  0.6885617  0.6970501  0.7056740  0.6922343  0.6787040  0.6864732
 4  0.4545313  0.4234454  0.4161995  0.4176081  0.4315866  0.4404584  0.4669688  0.4741547  0.4335060  0.4187233  0.4404552  0.5001246  0.5276552  0.5067809  0.4874016  0.4766515  0.4438313  0.4457724  0.4615537  0.4455498  0.4241112  0.4265878  0.4578092  0.4649068  0.4391184  0.4326303  0.4660878
 1  0.7281665  0.6808930  0.6551141  0.6506370  0.6519942  0.6512242  0.6551308  0.6605041  0.6501037  0.6549229  0.6704650  0.7014177  0.7077392  0.7141126  0.6967680  0.6867472  0.6851107  0.6834276  0.6756405  0.6467409  0.6758072  0.6848612  0.6829088  0.6924561  0.7070665  0.6993275  0.6857123
 2  0.5709774  0.5244168  0.5113027  0.5193422  0.5247392  0.5203713  0.5108033  0.5020305  0.5118285  0.5406624  0.5802145  0.6032414  0.6124941  0.6087795  0.5795652  0.5459743  0.5169606  0.5145537  0.5327148  0.5486543  0.5750288  0.5796728  0.5671096  0.5804244  0.5936148  0.5891729  0.5656246
 3  0.7515019  0.7073161  0.6795633  0.6709921  0.6707287  0.6698193  0.6722313  0.6767105  0.6653469  0.6730546  0.6880419  0.7225339  0.7296746  0.7359461  0.7175283  0.7048685  0.7017217  0.6984713  0.6925084  0.6656152  0.6955377  0.7055975  0.7020357  0.7094625  0.7282622  0.7204191  0.7052502
 4  0.4557197  0.4247425  0.4188365  0.4355266  0.4431723  0.4249723  0.4053369  0.3990616  0.4475727  0.4815275  0.5186068  0.5393054  0.5368165  0.5197711  0.4679502  0.4240681  0.3943740  0.4272450  0.4681450  0.4884340  0.5070752  0.4922473  0.4711783  0.5122415  0.5236770  0.4961554  0.4697365
 1  0.7281973  0.6811210  0.6556286  0.6473938  0.6483834  0.6766158  0.6867300  0.6925497  0.6964839  0.7025943  0.7088653  0.7147209  0.6839939  0.6429719  0.6440044  0.6552234  0.6736887  0.6893338  0.7060087  0.6916758  0.6882433  0.6941192  0.6886082  0.6846527  0.6882782  0.6978136  0.7022373
 2  0.5743464  0.5256035  0.5115907  0.5059595  0.5254945  0.5577813  0.5691702  0.5590996  0.5336447  0.5043311  0.4943047  0.5261443  0.5434049  0.5360624  0.5411170  0.5462102  0.5516243  0.5782412  0.5974861  0.5890070  0.5711548  0.5500690  0.5292142  0.5294136  0.5588967  0.5985362  0.6048864
 3  0.7516029  0.7071254  0.6797948  0.6686687  0.6649949  0.6942728  0.7063117  0.7106635  0.7127192  0.7169995  0.7217259  0.7292831  0.7021598  0.6631786  0.6640905  0.6734016  0.6923550  0.7053434  0.7268270  0.7149452  0.7082253  0.7111698  0.7050622  0.7008330  0.7054390  0.7165895  0.7266483
 4  0.4584144  0.4238650  0.4206115  0.4056972  0.4563333  0.4943782  0.4808256  0.4390105  0.3927904  0.3523016  0.3906589  0.4481082  0.4736966  0.4679547  0.4594910  0.4683779  0.4620304  0.5098882  0.5361396  0.4999980  0.4517698  0.4316679  0.4282596  0.4491734  0.4939110  0.5402243  0.5393119
 1  0.7281184  0.6804225  0.6503350  0.6409622  0.5870585  0.5735154  0.6494394  0.6670444  0.6632083  0.6574580  0.6588530  0.6714260  0.6777316  0.6755969  0.6242252  0.5833104  0.6443842  0.6800197  0.6906996  0.7112705  0.7068522  0.7003814  0.6942710  0.6893649  0.6701143  0.6487537  0.6601761
 2  0.5729084  0.5253939  0.5086048  0.5060036  0.4770243  0.5181391  0.5721593  0.5811315  0.5614500  0.5420372  0.5528889  0.5758839  0.5804164  0.5666373  0.5053233  0.4914485  0.5579636  0.5828173  0.5959365  0.6017602  0.5905137  0.5625587  0.5192681  0.4889839  0.4896127  0.5259536  0.5446271
 3  0.7517145  0.7069668  0.6749731  0.6620888  0.6053690  0.5848053  0.6683503  0.6890618  0.6844263  0.6761730  0.6753395  0.6914937  0.6996685  0.6962906  0.6437806  0.5984726  0.6593685  0.7009216  0.7100128  0.7314361  0.7279189  0.7189433  0.7103111  0.7038609  0.6843860  0.6663128  0.6797829
 4  0.4576816  0.4254499  0.4177545  0.4135593  0.4084991  0.4833340  0.5195252  0.5048242  0.4639920  0.4488532  0.4935944  0.5166768  0.5009657  0.4650522  0.4090406  0.4403038  0.5097731  0.5139538  0.5159916  0.5234651  0.4906004  0.4274581  0.3697624  0.3639056  0.4223371  0.4691970  0.4609565
 1  0.7289669  0.6799096  0.6511917  0.6450344  0.6523250  0.6650076  0.6705045  0.6762859  0.6845649  0.6957377  0.7066836  0.7194667  0.7249620  0.7155207  0.6879282  0.6746143  0.6818478  0.6931592  0.6808425  0.6681205  0.6811178  0.6835906  0.6878504  0.6960630  0.7073307  0.7162644  0.7172178
 2  0.5742236  0.5244783  0.5097789  0.5213236  0.5451505  0.5571991  0.5514930  0.5267701  0.4949073  0.4784005  0.5233416  0.5963490  0.6165281  0.6105572  0.5573083  0.5051135  0.4865084  0.4979384  0.5293350  0.5578390  0.5764272  0.5733453  0.5608456  0.5516390  0.5566595  0.5744008  0.5860052
 3  0.7523603  0.7061980  0.6757050  0.6654687  0.6704148  0.6849954  0.6901299  0.6933374  0.6995163  0.7088818  0.7197475  0.7371708  0.7483212  0.7378392  0.7071251  0.6911268  0.6963602  0.7070543  0.6968250  0.6864091  0.7016459  0.7041334  0.7064448  0.7127674  0.7236537  0.7333120  0.7361575
 4  0.4578898  0.4245232  0.4214624  0.4449323  0.4817916  0.4815200  0.4420695  0.3881223  0.3445897  0.3557801  0.4652864  0.5426173  0.5482833  0.5021205  0.4165055  0.3670133  0.3721139  0.4114440  0.4633474  0.4987953  0.5032027  0.4790911  0.4508977  0.4490748  0.4695962  0.4965330  0.5061536
 1  0.7287269  0.6811145  0.6533447  0.6446641  0.6433405  0.6602070  0.6745524  0.6817729  0.6412113  0.5911818  0.6461552  0.6696290  0.6687200  0.6723943  0.6828924  0.6897177  0.6914933  0.7009668  0.6965075  0.6947556  0.6667764  0.6424659  0.6530911  0.6712324  0.6619211  0.6526992  0.6663150
 2  0.5719461  0.5247374  0.5103267  0.5055911  0.5073083  0.5289162  0.5502871  0.5630258  0.5407733  0.5268255  0.5682946  0.5783161  0.5633914  0.5450008  0.5401425  0.5481620  0.5889629  0.6065177  0.6040822  0.5799881  0.5080628  0.4461163  0.4698619  0.5389502  0.5699392  0.5682177  0.5837042
 3  0.7520538  0.7075128  0.6778642  0.6659390  0.6611768  0.6763895  0.6922851  0.7002527  0.6612096  0.6086673  0.6646679  0.6913791  0.6894126  0.6900987  0.6998775  0.7065623  0.7077192  0.7250072  0.7205021  0.7147371  0.6842270  0.6576940  0.6659231  0.6875288  0.6814141  0.6747443  0.6870489
 4  0.4562514  0.4249534  0.4193054  0.4070581  0.4194466  0.4578721  0.4778783  0.4851376  0.4725992  0.4767423  0.5118383  0.5015474  0.4585833  0.4411398  0.4480699  0.4678023  0.5342572  0.5475075  0.5098761  0.4439916  0.3558590  0.3190990  0.4120078  0.4878264  0.5118814  0.5070099  0.5114293
 1  0.7276935  0.6809570  0.6485294  0.6391764  0.6458856  0.6596972  0.6708618  0.6753772  0.6752590  0.6818206  0.6949187  0.6994902  0.6931292  0.6993140  0.7167325  0.7094407  0.6700656  0.6442349  0.6713901  0.6829794  0.6676815  0.6493814  0.6461593  0.6400923  0.6476180  0.6794894  0.6877324
 2  0.5721492  0.5253584  0.5063289  0.5102780  0.5279015  0.5450287  0.5490131  0.5386685  0.5289286  0.5421993  0.5598488  0.5642868  0.5583217  0.5876251  0.6060970  0.6000816  0.5322904  0.4919447  0.5402765  0.5654795  0.5520555  0.5188068  0.5010621  0.4914877  0.5289001  0.5734851  0.5836061
 3  0.7511928  0.7072493  0.6730694  0.6598226  0.6638379  0.6779033  0.6896696  0.6931264  0.6914925  0.6982957  0.7128082  0.7175238  0.7106074  0.7160935  0.7388767  0.7313315  0.6893395  0.6592609  0.6866680  0.7029101  0.6888455  0.6682229  0.6629593  0.6575588  0.6622225  0.6980671  0.7092946
 4  0.4573467  0.4243489  0.4157824  0.4280235  0.4568349  0.4717764  0.4564976  0.4291928  0.4359851  0.4691872  0.4784352  0.4671916  0.4686508  0.5269975  0.5388542  0.4909320  0.3823530  0.4071507  0.4888109  0.4970574  0.4502875  0.4067517  0.4079638  0.4030496  0.4732918  0.5176739  0.4985933
 1  0.7285885  0.6862115  0.6627738  0.6596425  0.6514732  0.6388761  0.6644112  0.6774801  0.6516646  0.6283670  0.6490822  0.6833668  0.6850970  0.6910646  0.6848606  0.6679226  0.6839524  0.6917769  0.6859857  0.6938439  0.7110473  0.7065717  0.7027054  0.7011105  0.7016224  0.7083155  0.7163511
 2  0.5713707  0.5273137  0.5122029  0.5238473  0.5297142  0.5338823  0.5531969  0.5545164  0.5110638  0.4694787  0.5211733  0.5671468  0.5750268  0.5748334  0.5667879  0.5612628  0.5718088  0.5708939  0.5536171  0.5706061  0.5931165  0.5927949  0.5743087  0.5453844  0.5095288  0.5249718  0.5697938
 3  0.7516385  0.7118951  0.6865243  0.6791866  0.6702709  0.6575917  0.6824137  0.6965870  0.6704509  0.6447392  0.6623313  0.7021602  0.7059853  0.7089843  0.7040187  0.6880692  0.7031643  0.7113985  0.7040663  0.7097197  0.7314645  0.7276789  0.7217060  0.7182056  0.7166419  0.7211470  0.7341106
 4  0.4556943  0.4230688  0.4137181  0.4426885  0.4574940  0.4623113  0.4776241  0.4571528  0.3893748  0.3657799  0.4723743  0.5101500  0.4830340  0.4825943  0.4926573  0.4860463  0.4922338  0.4737345  0.4489334  0.5049002  0.5262309  0.4987285  0.4552822  0.4074354  0.3581472  0.4551488  0.5097652
 1  0.7287496  0.6819100  0.6542981  0.6454427  0.5706688  0.4515167  0.6560807  0.5934267  0.5616526  0.5661214  0.5886911  0.6683592  0.6779091  0.6872530  0.6963384  0.7013651  0.7067311  0.7055735  0.6998492  0.6991742  0.7063708  0.7053776  0.6926652  0.6937223  0.7082796  0.7115280  0.7160424
 2  0.5722266  0.5255809  0.5098347  0.5020843  0.4357688  0.4370558  0.5848596  0.5264906  0.5073654  0.5104433  0.5502226  0.5892816  0.5893342  0.5736437  0.5622072  0.5702305  0.5755402  0.5716484  0.5561482  0.5548067  0.5605393  0.5498588  0.5201947  0.5317674  0.5640739  0.5849247  0.5938639
 3  0.7522206  0.7084508  0.6787935  0.6665695  0.5903719  0.4528559  0.6778672  0.6186163  0.5795988  0.5846257  0.6002462  0.6901731  0.7004292  0.7053048  0.7130593  0.7195360  0.7257430  0.7240948  0.7171859  0.7161769  0.7242693  0.7227550  0.7082631  0.7083099  0.7255988  0.7300827  0.7354891
 4  0.4567510  0.4252016  0.4156451  0.3985936  0.3394500  0.4308264  0.5398963  0.4716705  0.4637879  0.4633763  0.5112939  0.5297777  0.4889678  0.4576978  0.4765068  0.4947537  0.4877865  0.4649958  0.4529848  0.4703470  0.4668879  0.4238967  0.3945964  0.4596815  0.4954374  0.5069944  0.5094273
 1  0.7314508  0.6877703  0.6626664  0.6589044  0.6641259  0.6685391  0.6682991  0.6690856  0.6582588  0.6753110  0.7069142  0.7054115  0.6970177  0.6967709  0.7082980  0.7121950  0.6631603  0.6123875  0.6084279  0.5994808  0.6559898  0.6497255  0.6456253  0.6387687  0.6372830  0.6468839  0.6668283
 2  0.5718119  0.5257133  0.5125227  0.5285568  0.5526362  0.5601559  0.5477083  0.5158880  0.4865947  0.5576882  0.5983484  0.6022821  0.5740673  0.5495782  0.5597992  0.5708320  0.5380288  0.5025492  0.5056177  0.5340544  0.5716066  0.5635556  0.5408343  0.5173976  0.5182037  0.5355707  0.5702266
 3  0.7538355  0.7131425  0.6865190  0.6786717  0.6825138  0.6891313  0.6883067  0.6862326  0.6728589  0.6885174  0.7279683  0.7274968  0.7162892  0.7130292  0.7245423  0.7309075  0.6837953  0.6309200  0.6271042  0.6135350  0.6766853  0.6725818  0.6658252  0.6577053  0.6534873  0.6649690  0.6843342
 4  0.4534029  0.4224447  0.4190124  0.4521369  0.4894231  0.4824112  0.4326600  0.3720732  0.3916487  0.5154527  0.5394431  0.5057869  0.4434682  0.4414492  0.4854366  0.4898031  0.4449620  0.4300094  0.4373623  0.4908160  0.5157933  0.4800472  0.4443337  0.4206047  0.4493534  0.4721306  0.5048920
