FL 2019 2020 2021 2022 2023 2024 2025 2026 2027 2028 2029 2030 2031 2032 2033 2034 2035 2036 2037 2038 2039 2040 2041 2042 2043 2044 2045
 1  0.1254765  0.0537101  0.0360267  0.0523308  0.0374107  0.0977479  0.0746708  0.1373873  0.1575276  0.1849281  0.2350728  0.1430763  0.1493613  0.1700486  0.2002780  0.2750336  0.2974712  0.1813030  0.2174426  0.0609389  0.0411612  0.0563607  0.0475461  0.1196915  0.1095069  0.2064442  0.2332249
 2  0.0238751  0.0086047  0.0057348  0.0091398  0.0047659  0.0148215  0.0135303  0.0291066  0.0385561  0.0495313  0.0620325  0.0322717  0.0324853  0.0384232  0.0451352  0.0566433  0.0589501  0.0375141  0.0424423  0.0098243  0.0066741  0.0098113  0.0093132  0.0226819  0.0208947  0.0417015  0.0507603
 3  0.1162273  0.0262748  0.0169233  0.0251194  0.0210013  0.0202620  0.0241952  0.0328213  0.0276905  0.0339219  0.0291288  0.0270803  0.0239821  0.0290245  0.0275064  0.0292311  0.0234693  0.1080760  0.0881004  0.0274763  0.0173643  0.0290040  0.0240755  0.1308764  0.1130102  0.0289720  0.0269114
 4  0.0444602  0.0524111  0.0367962  0.0738169  0.0489462  0.0445250  0.0368295  0.0406467  0.0351026  0.0436414  0.0430357  0.0438903  0.0340932  0.0378198  0.0392723  0.0454145  0.0331608  0.0365148  0.0418508  0.0575041  0.0387533  0.0437215  0.0425984  0.0531178  0.0411204  0.0417098  0.0347162
 1  0.1220670  0.0539047  0.0363812  0.0802378  0.0680986  0.1004157  0.0880461  0.1244863  0.1189236  0.1165816  0.1214898  0.0700548  0.0645991  0.0607849  0.0642880  0.0621231  0.0572026  0.0589178  0.0499420  0.2564613  0.3313260  0.2847131  0.3394228  0.2219104  0.3035629  0.1183472  0.0926590
 2  0.0232303  0.0087191  0.0058447  0.0139090  0.0128340  0.0182289  0.0159256  0.0238416  0.0225805  0.0227076  0.0247859  0.0140823  0.0136134  0.0130172  0.0133655  0.0131402  0.0098862  0.0104308  0.0097768  0.0555911  0.0761523  0.0623759  0.0729310  0.0472552  0.0604819  0.0200324  0.0158034
 3  0.1130934  0.0214849  0.0180436  0.0233543  0.0337716  0.1437382  0.1446735  0.0233469  0.0265623  0.1564592  0.1497894  0.0276293  0.0274522  0.1809437  0.1905436  0.0268039  0.0251937  0.0506381  0.0503365  0.0355118  0.0271265  0.0286834  0.0248819  0.1809678  0.1793232  0.0191409  0.0216664
 4  0.0433681  0.0459281  0.0395077  0.0351874  0.0458252  0.0402135  0.0373895  0.0401765  0.0400154  0.0369229  0.0353506  0.0404345  0.0378809  0.0397822  0.0400559  0.0506353  0.0442144  0.0409577  0.0369414  0.0449971  0.0397428  0.0362126  0.0340196  0.0316726  0.0372683  0.0391127  0.0394140
 1  0.1187765  0.0769133  0.0528381  0.0701555  0.0494789  0.2101050  0.2320810  0.1692504  0.1638036  0.1289835  0.1357539  0.1958037  0.2222711  0.0897299  0.0813098  0.1464911  0.1586392  0.1645083  0.1547794  0.1236727  0.1280202  0.2465752  0.2938458  0.1393347  0.1045176  0.1071556  0.0956961
 2  0.0226444  0.0125015  0.0084693  0.0109228  0.0084484  0.0407786  0.0471820  0.0335978  0.0327045  0.0268723  0.0298341  0.0419538  0.0418926  0.0166337  0.0149074  0.0285258  0.0299530  0.0306416  0.0288383  0.0239105  0.0265694  0.0533830  0.0608996  0.0232383  0.0163056  0.0183597  0.0188572
 3  0.1100329  0.0215125  0.0165465  0.0208127  0.0209990  0.0250259  0.0284569  0.0238489  0.0229295  0.0242802  0.0286872  0.1585434  0.1817660  0.0222111  0.0272828  0.1635091  0.1637138  0.0254585  0.0239038  0.1122571  0.1160787  0.0259525  0.0300168  0.1092727  0.0973054  0.0226191  0.0249708
 4  0.0423910  0.0438606  0.0436229  0.0443090  0.0378191  0.0383295  0.0417294  0.0382451  0.0377145  0.0383666  0.0378448  0.0356854  0.0316448  0.0410761  0.0394075  0.0382128  0.0390061  0.0404398  0.0404449  0.0359854  0.0366544  0.0373096  0.0469778  0.0527414  0.0393018  0.0355590  0.0307287
 1  0.1193897  0.0246958  0.0162980  0.0836964  0.0688333  0.0892848  0.0890980  0.0656587  0.0578654  0.0446565  0.0358211  0.0518371  0.0484790  0.0601821  0.0619549  0.0779538  0.0846560  0.1433073  0.1617998  0.1350110  0.1362173  0.1616868  0.1600482  0.1739420  0.2083132  0.1698028  0.2110146
 2  0.0226910  0.0039735  0.0026293  0.0143370  0.0125646  0.0178659  0.0180755  0.0134327  0.0104332  0.0078824  0.0070231  0.0104079  0.0102830  0.0136817  0.0149312  0.0194949  0.0202864  0.0342841  0.0369811  0.0298763  0.0264228  0.0311606  0.0332540  0.0393384  0.0500328  0.0400808  0.0470382
 3  0.1105887  0.0229372  0.0201686  0.0197043  0.0250362  0.0694066  0.0708463  0.0272144  0.0288734  0.0228904  0.0261956  0.0977238  0.0961060  0.0293888  0.0328581  0.0306641  0.0297475  0.0243268  0.0295676  0.0237254  0.0259059  0.0230248  0.0258502  0.0285963  0.0294256  0.1489940  0.1756804
 4  0.0420011  0.0447519  0.0412229  0.0372046  0.0384536  0.0374240  0.0387513  0.0451090  0.0488155  0.0409099  0.0387180  0.0354357  0.0330580  0.0389258  0.0402301  0.0405247  0.0415446  0.0379290  0.0403748  0.0454084  0.0448604  0.0391755  0.0340705  0.0362620  0.0357899  0.0310187  0.0355888
 1  0.1189860  0.0474579  0.0320553  0.0553784  0.0411951  0.1361728  0.1211911  0.2785942  0.3164334  0.3636402  0.4561135  0.2083647  0.2665825  0.0905146  0.0612250  0.1628735  0.1824270  0.2339920  0.2668543  0.1004307  0.0892079  0.2143170  0.2457307  0.3128223  0.4919306  0.1422209  0.0940497
 2  0.0231473  0.0077530  0.0051674  0.0092541  0.0065588  0.0239623  0.0220659  0.0547585  0.0602312  0.0696679  0.0933061  0.0422551  0.0367759  0.0123761  0.0096510  0.0299003  0.0373517  0.0516764  0.0472749  0.0169454  0.0165592  0.0431601  0.0528124  0.0705657  0.1035603  0.0214846  0.0136862
 3  0.1099257  0.0268449  0.0214899  0.0222834  0.0199741  0.0217673  0.0258329  0.0255977  0.0257954  0.0214350  0.0259385  0.3346460  0.5233999  0.0140478  0.0206639  0.1430173  0.1400982  0.0256600  0.0321169  0.1421831  0.1323889  0.0290389  0.0287643  0.1633595  0.1620481  0.0246152  0.0174741
 4  0.0434759  0.0434235  0.0414239  0.0492722  0.0381188  0.0430606  0.0410978  0.0412888  0.0392017  0.0337779  0.0328420  0.0381789  0.0417884  0.0380757  0.0360174  0.0331623  0.0314277  0.0460144  0.0462556  0.0335774  0.0328279  0.0365303  0.0369833  0.0316822  0.0354605  0.0414579  0.0413702
 1  0.1162521  0.0849438  0.0590492  0.1085261  0.0874114  0.1621892  0.1776488  0.1574828  0.1289053  0.1201713  0.1130466  0.0747086  0.0923663  0.1474287  0.1432331  0.1394284  0.1591459  0.1322426  0.1374690  0.0706604  0.0668281  0.1123271  0.0866100  0.1825214  0.2067597  0.0753030  0.0637946
 2  0.0225599  0.0139384  0.0094582  0.0180643  0.0154735  0.0319890  0.0363123  0.0288531  0.0218045  0.0218039  0.0231367  0.0170747  0.0207855  0.0303499  0.0281358  0.0281871  0.0341620  0.0288788  0.0287961  0.0146061  0.0126176  0.0189432  0.0157785  0.0373714  0.0426311  0.0142562  0.0124945
 3  0.1074261  0.0288966  0.0198728  0.0212119  0.0247331  0.0696589  0.0752760  0.0253590  0.0182994  0.0232167  0.0227088  0.2246796  0.2413930  0.0254899  0.0245683  0.1330012  0.1266400  0.0313287  0.0266901  0.0669457  0.0753851  0.0246245  0.0237717  0.0495981  0.0471502  0.0483402  0.0456387
 4  0.0426515  0.0431996  0.0437714  0.0369476  0.0358127  0.0408413  0.0488612  0.0484812  0.0379546  0.0359735  0.0337226  0.0202319  0.0284314  0.0403761  0.0367146  0.0333724  0.0326645  0.0386019  0.0387114  0.0417125  0.0515333  0.0455233  0.0381616  0.0378619  0.0409742  0.0480759  0.0390206
 1  0.1297236  0.0889434  0.0592730  0.0457251  0.0332526  0.0639932  0.0697774  0.0955710  0.1025630  0.1017986  0.1217036  0.1053388  0.0780547  0.0538700  0.0464191  0.1804201  0.2054835  0.1517186  0.1758716  0.0668532  0.0462222  0.0621099  0.0573120  0.1265577  0.1346166  0.1020971  0.1276562
 2  0.0243926  0.0139661  0.0092760  0.0072396  0.0058974  0.0130078  0.0155996  0.0225251  0.0246982  0.0249180  0.0283671  0.0192464  0.0131822  0.0096549  0.0093228  0.0398190  0.0482740  0.0373798  0.0291300  0.0101121  0.0077183  0.0112068  0.0109753  0.0267057  0.0311298  0.0251811  0.0325451
 3  0.1204050  0.0204108  0.0175669  0.0207506  0.0218253  0.1360675  0.1331704  0.0255732  0.0291526  0.1102239  0.1013882  0.0228580  0.0215501  0.0220845  0.0246413  0.0277526  0.0258268  0.1264271  0.1493621  0.0186749  0.0233727  0.1364868  0.1273987  0.0261787  0.0338674  0.1356250  0.1364691
 4  0.0445032  0.0420479  0.0406485  0.0393293  0.0337537  0.0289118  0.0291169  0.0379986  0.0362981  0.0335831  0.0452307  0.0439208  0.0422953  0.0360770  0.0381527  0.0356732  0.0356675  0.0539403  0.0547351  0.0430148  0.0407665  0.0453814  0.0382554  0.0350408  0.0410505  0.0209973  0.0223436
 1  0.1244105  0.0149918  0.0097471  0.0186523  0.0156896  0.0617798  0.0618090  0.2098419  0.1780877  0.1110313  0.0947480  0.2048570  0.2397441  0.1772773  0.2125138  0.1371071  0.1484148  0.1507190  0.1089166  0.2801116  0.3168858  0.2717572  0.3492780  0.1407719  0.1523875  0.1036390  0.0740963
 2  0.0246932  0.0024389  0.0015668  0.0033102  0.0031041  0.0132428  0.0111208  0.0361367  0.0292791  0.0189907  0.0178223  0.0430026  0.0553443  0.0424944  0.0516009  0.0313637  0.0199245  0.0210390  0.0185396  0.0526323  0.0637231  0.0585714  0.0788566  0.0290564  0.0287307  0.0170284  0.0113743
 3  0.1146225  0.0200521  0.0158236  0.0198658  0.0252355  0.1386677  0.1462366  0.0209183  0.0247662  0.0244095  0.0239565  0.0282950  0.0322562  0.0307150  0.0291694  0.2615372  0.3930625  0.0137948  0.0203918  0.0292681  0.0267800  0.0250827  0.0306263  0.1707009  0.1818609  0.0234386  0.0226670
 4  0.0469218  0.0441851  0.0374002  0.0329920  0.0367668  0.0432140  0.0497968  0.0417979  0.0418549  0.0434102  0.0400222  0.0384770  0.0377346  0.0376370  0.0388046  0.0488686  0.0403125  0.0420158  0.0375821  0.0399305  0.0371164  0.0325230  0.0377970  0.0367164  0.0373082  0.0480620  0.0481554
 1  0.1237088  0.0832669  0.0565363  0.1559167  0.1408343  0.1594605  0.1471158  0.0503265  0.0359586  0.0843945  0.0707350  0.1238392  0.1367950  0.1267065  0.1480749  0.1102969  0.1335858  0.0910339  0.0931218  0.0801375  0.0745973  0.0641211  0.0615684  0.0762710  0.0382054  0.0651138  0.0582922
 2  0.0237626  0.0133677  0.0089500  0.0270223  0.0253134  0.0293866  0.0278587  0.0086846  0.0058864  0.0146158  0.0137258  0.0270965  0.0326221  0.0319569  0.0392630  0.0298458  0.0361222  0.0212765  0.0198692  0.0163205  0.0143879  0.0127003  0.0129940  0.0104333  0.0056225  0.0113462  0.0119188
 3  0.1145732  0.0213225  0.0198448  0.0208112  0.0223416  0.0229345  0.0227700  0.0278032  0.0202045  0.0254447  0.0250907  0.0289698  0.0296629  0.0308155  0.0297331  0.0298850  0.0325113  0.1255999  0.1491167  0.0283915  0.0252307  0.0946611  0.0883044  0.0256585  0.0185126  0.0225557  0.0270594
 4  0.0440699  0.0447449  0.0395692  0.0379814  0.0370275  0.0374138  0.0428511  0.0506708  0.0450419  0.0409041  0.0364185  0.0395643  0.0359829  0.0390439  0.0324929  0.0329796  0.0421157  0.0366412  0.0339685  0.0423083  0.0442119  0.0325196  0.0668011  0.0539542  0.0437681  0.0362779  0.0369819
