              Isim, Ftarg, Btarg
   1 2019          0.3977734     129364.7079738      33266.1582637
   1 2021          0.3568262     129136.2114649      31427.0193864
   1 2023          0.3480518     128899.3576810      30516.4683482
   1 2025          0.3772998     128973.6730339      32651.4409083
   1 2027          0.3919238     129467.6664034      33379.8044688
   1 2029          0.3919238     129306.7181503      33405.7952131
   1 2031          0.3889990     129003.9648088      33244.9923581
   1 2033          0.3889990     129447.5876624      33301.0575134
   1 2035          0.3919238     129105.1700622      33427.5923812
   1 2037          0.3977734     128949.2359824      33407.6550481
   1 2039          0.3568262     129550.4478004      31526.6035703
   1 2041          0.3714502     128991.9371106      32275.4477246
   1 2043          0.4006982     129141.3922149      33306.5363778
   2 2019          0.3977734     128814.4188190      33124.6513071
   2 2021          0.3568262     128480.0326912      31259.7353749
   2 2023          0.3743750     128734.1465370      32323.2266796
   2 2025          0.4065479     128722.7107075      33246.0333991
   2 2027          0.3802246     128632.0806999      32725.3014904
   2 2029          0.4123975     128711.8690102      33482.1463264
   2 2031          0.3802246     128479.4362984      32592.7369137
   2 2033          0.4211719     128390.1207649      33509.7239060
   2 2035          0.3626758     128755.4242283      31725.0506798
   2 2037          0.3860742     128805.9536530      32661.2940315
   2 2039          0.3948486     128399.9001614      33371.7452926
   2 2041          0.3919238     128984.1640998      33326.2553215
   2 2043          0.4094727     128457.0315785      33559.1071051
   3 2019          0.3977734     131418.4014862      33794.2659252
   3 2021          0.3568262     131478.9281865      32067.9242661
   3 2023          0.3656006     131253.5584575      32539.0722696
   3 2025          0.3889990     131226.9193011      33817.5962020
   3 2027          0.3860742     131007.8743402      33670.1737952
   3 2029          0.3889990     131069.8251859      33736.8458695
   3 2031          0.4094727     131523.7657849      34194.0522916
   3 2033          0.3743750     131469.5487900      33074.7085421
   3 2035          0.4094727     131002.8258338      34098.0091987
   3 2037          0.3802246     131590.8150678      33473.7053727
   3 2039          0.4065479     131338.2232480      34061.0339272
   3 2041          0.3889990     131239.7342884      33835.7531838
   3 2043          0.3889990     131362.5787302      33464.4349811
   4 2019          0.3977734     133428.9350648      34311.2750019
   4 2021          0.3509766     133288.0348422      31657.2756637
   4 2023          0.3743750     133042.9497393      33515.2720998
   4 2025          0.3948486     133136.8183179      34204.5220965
   4 2027          0.3656006     132997.8950027      32958.5716059
   4 2029          0.3714502     133120.1720862      33208.1174890
   4 2031          0.4094727     132958.1557653      34452.9960038
   4 2033          0.3860742     133071.7076792      33955.8880282
   4 2035          0.3831494     133386.3198984      33954.8530026
   4 2037          0.3889990     133159.5892231      34280.8485022
   4 2039          0.3772998     133523.1335061      33819.1568457
   4 2041          0.3889990     133264.2322158      34307.1130994
   4 2043          0.3919238     133584.2686054      34459.8410289
   5 2019          0.3977734     130501.2528948      33558.4209976
   5 2021          0.3568262     130091.9683543      31579.5869689
   5 2023          0.3597510     130117.3492331      31877.0326975
   5 2025          0.3772998     130669.3447746      33069.3688837
   5 2027          0.3889990     130482.8177509      33631.5774050
   5 2029          0.3948486     130400.4183186      33857.8082745
   5 2031          0.4211719     130081.4512327      34049.4163028
   5 2033          0.3656006     130675.9164970      32406.6824517
   5 2035          0.4094727     130664.3529235      33968.9872810
   5 2037          0.3831494     130412.6611626      33363.8825876
   5 2039          0.4094727     130514.8445793      33798.2229167
   5 2041          0.3919238     130342.6759299      33697.4068269
   5 2043          0.4065479     130142.0298159      34031.0839094
   6 2019          0.3977734     132943.3858106      34186.4159225
   6 2021          0.3597510     132920.1115602      32619.4450761
   6 2023          0.3772998     132586.3989358      33586.3962666
   6 2025          0.3919238     133146.1435658      34162.2765188
   6 2027          0.3743750     132966.9026798      33590.1624687
   6 2029          0.3860742     132679.2955702      34028.3188868
   6 2031          0.4328711     132589.4210015      34915.7035101
   6 2033          0.3831494     132906.2471572      33952.6585891
   6 2035          0.4094727     132968.9431333      34585.5953840
   6 2037          0.3831494     133077.3254916      33951.7318661
   6 2039          0.3831494     132770.1353944      33543.7175702
   6 2041          0.3743750     133143.9105901      33515.0491624
   6 2043          0.3919238     132713.2261935      34239.9843646
   7 2019          0.3977734     130609.1527291      33586.1674596
   7 2021          0.3597510     130576.9123371      32070.3075886
   7 2023          0.3656006     130660.9910373      32264.0692801
   7 2025          0.4211719     130359.5843647      34076.1926388
   7 2027          0.3889990     130315.3617960      33485.8099040
   7 2029          0.4036230     130249.6165727      33758.1140839
   7 2031          0.3656006     130786.7807179      32472.6325203
   7 2033          0.3743750     130451.7481955      32746.7255675
   7 2035          0.3919238     130506.1537368      33722.5671338
   7 2037          0.3919238     130281.2484861      33363.4315813
   7 2039          0.3626758     130734.3918742      32165.0751714
   7 2041          0.4065479     130675.7870888      33646.7016290
   7 2043          0.3889990     130595.9538370      33531.1180589
   8 2019          0.3977734     130069.6535577      33447.4351493
   8 2021          0.3480518     129820.8970546      30438.6457920
   8 2023          0.3656006     130156.1811937      31897.6891798
   8 2025          0.3977734     129745.6976158      33183.9429012
   8 2027          0.3802246     129597.1621459      33077.3070575
   8 2029          0.3772998     129961.8658544      32903.7500610
   8 2031          0.3948486     129657.0396581      33654.5278675
   8 2033          0.3919238     129981.8987766      33575.3204201
   8 2035          0.4153223     129787.4222412      33719.5338244
   8 2037          0.3772998     129823.6117636      32934.7717204
   8 2039          0.3919238     129933.9049260      33615.3729687
   8 2041          0.3948486     129812.8088608      33705.6414301
   8 2043          0.4094727     130246.6793110      33752.7032464
   9 2019          0.3977734     130799.7757697      33635.1862093
   9 2021          0.3626758     130311.0093824      32201.8733450
   9 2023          0.3802246     130843.0711060      33300.2886840
   9 2025          0.3802246     130686.0505457      33286.6776302
   9 2027          0.3539014     130991.0492510      31583.1151034
   9 2029          0.3772998     130866.6648277      33045.4150002
   9 2031          0.3919238     130488.7313649      33686.1214572
   9 2033          0.3948486     130631.2783947      33814.0111674
   9 2035          0.3919238     130632.9308074      33679.8565463
   9 2037          0.4153223     130512.4578320      34008.2646800
   9 2039          0.3714502     130817.8460836      32769.6875909
   9 2041          0.3860742     130975.1911438      33090.0308243
   9 2043          0.3524390     130676.2759942      31436.5935344
