              Isim, Ftarg, Btarg
   1 2019          0.3977734      21560.7846623       5544.3597106
   1 2021          0.3977734      21484.6175379       5549.5939329
   1 2023          0.3977734      21530.8439113       5571.7919265
   1 2025          0.3919238      21542.2066862       5548.3320771
   1 2027          0.3919238      21555.9668393       5535.4148882
   1 2029          0.3919238      21563.0313078       5537.7537418
   1 2031          0.3889990      21573.9260696       5493.4398381
   1 2033          0.3919238      21500.9505695       5516.4267827
   1 2035          0.3919238      21577.9123285       5542.6127179
   1 2037          0.3889990      21576.9952248       5494.6324620
   1 2039          0.3860742      21574.2759011       5434.3341831
   1 2041          0.3889990      21484.8775887       5455.7818231
   1 2043          0.3889990      21551.7106271       5484.6200215
   2 2019          0.3977734      21577.5690810       5548.6758269
   2 2021          0.4270215      21558.1060461       5658.8760428
   2 2023          0.4299463      21565.3647843       5677.4053520
   2 2025          0.4328711      21536.1638853       5670.8652185
   2 2027          0.4328711      21608.3258069       5641.9013404
   2 2029          0.4474951      21564.0146264       5683.9416895
   2 2031          0.4504199      21507.0742417       5691.1111164
   2 2033          0.4562695      21495.7333498       5710.4849464
   2 2035          0.4445703      21597.1362508       5677.1275764
   2 2037          0.4328711      21546.8544904       5631.4717107
   2 2039          0.4474951      21561.3136433       5689.4645958
   2 2041          0.4387207      21555.2875272       5668.2653443
   2 2043          0.3509766      21534.6137913       5164.6570285
   3 2019          0.3977734      21028.4788132       5407.4771644
   3 2021          0.4211719      21042.1283110       5504.8458413
   3 2023          0.4270215      21030.9653869       5516.3692486
   3 2025          0.4357959      20996.7153720       5543.9529364
   3 2027          0.4416455      20997.7209688       5556.0057827
   3 2029          0.4474951      21018.2903266       5560.9851675
   3 2031          0.4533447      21005.6693384       5570.4778198
   3 2033          0.4591943      20986.0415661       5581.1047343
   3 2035          0.4357959      20993.6434270       5530.5557927
   3 2037          0.3465894      20997.9515267       4939.2886692
   3 2039          0.4006982      21010.6511180       5416.4343522
   3 2041          0.4006982      20981.1168249       5453.8942757
   3 2043          0.4006982      20991.5071100       5439.4967696
   4 2019          0.3977734      21677.0767059       5574.2642309
   4 2021          0.4211719      21610.6675869       5647.5475678
   4 2023          0.4123975      21679.1069326       5646.7622556
   4 2025          0.4036230      21618.1757827       5563.6506783
   4 2027          0.4328711      21709.8097170       5671.0216699
   4 2029          0.4211719      21712.3997081       5657.5198126
   4 2031          0.4211719      21669.5396729       5651.5042757
   4 2033          0.3860742      21662.1468356       5455.0787604
   4 2035          0.4123975      21641.2661389       5619.0182368
   4 2037          0.4065479      21678.8247553       5630.9904962
   4 2039          0.4094727      21677.2595793       5622.1443437
   4 2041          0.3919238      21632.2792856       5515.2943878
   4 2043          0.3480518      21697.9256229       5127.8417219
   5 2019          0.3977734      22003.1739828       5658.1202051
   5 2021          0.4299463      21996.6423234       5776.9451662
   5 2023          0.4211719      22037.7632435       5756.0447855
   5 2025          0.4182471      21975.6211629       5724.0800169
   5 2027          0.4153223      21932.7751334       5749.0178169
   5 2029          0.4036230      21948.7777563       5702.1733422
   5 2031          0.4270215      21948.3774153       5755.6333887
   5 2033          0.4153223      21959.9382672       5743.3834174
   5 2035          0.4153223      21987.9866771       5741.1862954
   5 2037          0.4094727      21991.1999501       5679.9060166
   5 2039          0.3539014      21920.5456032       5248.1287282
   5 2041          0.4036230      22027.1054569       5700.7930504
   5 2043          0.4006982      21948.6261277       5696.6445723
   6 2019          0.3977734      22223.7691996       5714.8463054
   6 2021          0.4211719      22179.2698035       5816.4438482
   6 2023          0.4153223      22135.9399155       5806.5819623
   6 2025          0.4211719      22256.9383646       5815.0990480
   6 2027          0.4153223      22135.7105386       5785.0367055
   6 2029          0.3889990      22214.3800365       5685.8920060
   6 2031          0.3860742      22192.2222584       5636.8278775
   6 2033          0.3919238      22134.9706896       5703.6585003
   6 2035          0.3919238      22181.2021656       5715.1904415
   6 2037          0.3772998      22211.1286220       5583.6628299
   6 2039          0.3889990      22158.1954245       5664.7041756
   6 2041          0.3919238      22200.8321256       5716.9074398
   6 2043          0.3919238      22167.7336946       5708.3474056
   7 2019          0.3977734      21721.4355267       5585.6711097
   7 2021          0.3919238      21746.5255649       5599.3698968
   7 2023          0.4036230      21738.9781102       5624.0636039
   7 2025          0.4182471      21723.1833190       5662.4317921
   7 2027          0.4211719      21675.6020183       5665.6604715
   7 2029          0.4211719      21751.4762809       5659.3026961
   7 2031          0.3889990      21657.3506312       5525.7620391
   7 2033          0.4357959      21674.1900763       5702.3033006
   7 2035          0.4211719      21661.0902128       5694.4049456
   7 2037          0.4328711      21742.7391570       5713.6725249
   7 2039          0.3919238      21650.1705530       5507.6171695
   7 2041          0.3860742      21672.8096392       5499.3302591
   7 2043          0.3919238      21668.4725577       5581.3529204
   8 2019          0.3977734      21307.8194953       5479.3096718
   8 2021          0.4211719      21258.1482419       5537.3647467
   8 2023          0.4123975      21313.6104494       5498.8888784
   8 2025          0.4445703      21251.1328774       5629.8916134
   8 2027          0.4153223      21283.9100706       5580.9822739
   8 2029          0.4357959      21260.7013211       5605.3202505
   8 2031          0.4240967      21281.5878237       5566.8179639
   8 2033          0.4299463      21294.9664400       5551.8989464
   8 2035          0.3539014      21244.0874883       5069.2705803
   8 2037          0.3919238      21292.3290566       5440.5385606
   8 2039          0.4036230      21264.6179074       5546.9649460
   8 2041          0.4036230      21308.0436284       5538.2430551
   8 2043          0.4123975      21258.4088279       5510.8201060
   9 2019          0.3977734      21496.0447617       5527.7118334
   9 2021          0.4211719      21426.5262030       5632.4053797
   9 2023          0.4153223      21468.1187696       5622.3696716
   9 2025          0.4270215      21415.7725276       5633.1077093
   9 2027          0.4328711      21425.6221871       5606.8356621
   9 2029          0.4299463      21480.4289817       5597.7440344
   9 2031          0.4357959      21461.2240127       5620.4044047
   9 2033          0.4416455      21441.9305085       5641.4227044
   9 2035          0.3772998      21466.1365872       5364.6391656
   9 2037          0.4094727      21480.2302871       5545.9912994
   9 2039          0.3948486      21472.3390136       5517.0671338
   9 2041          0.3977734      21447.8206514       5524.8848670
   9 2043          0.4182471      21439.3199896       5602.6700999
  10 2019          0.3977734      21596.7512737       5553.6085313
  10 2021          0.4211719      21523.3148095       5657.2359940
  10 2023          0.4240967      21576.3449432       5656.7444435
  10 2025          0.4153223      21546.3555118       5591.3375785
  10 2027          0.3948486      21592.0746745       5451.1789074
  10 2029          0.4299463      21560.2526372       5616.5376351
  10 2031          0.4270215      21585.7716482       5614.5866460
  10 2033          0.4387207      21574.5139203       5657.0683696
  10 2035          0.4211719      21573.3941603       5597.5949611
  10 2037          0.4299463      21602.0263984       5626.3918785
  10 2039          0.4416455      21587.6850504       5669.3126465
  10 2041          0.4328711      21557.8696371       5664.3941045
  10 2043          0.4299463      21575.7999911       5643.8408791
  11 2019          0.3977734      21468.4703596       5520.6210708
  11 2021          0.4299463      21453.0369041       5632.6501620
  11 2023          0.4328711      21415.1355633       5646.1078082
  11 2025          0.4357959      21455.9612333       5647.9211902
  11 2027          0.4211719      21399.8449480       5598.1024438
  11 2029          0.4328711      21488.3297598       5603.7505078
  11 2031          0.4474951      21438.9420034       5655.8039386
  11 2033          0.4445703      21463.2133234       5657.5912907
  11 2035          0.4416455      21424.0055389       5647.7811453
  11 2037          0.4357959      21415.3492429       5620.5189726
  11 2039          0.3480518      21480.7207552       5057.3444989
  11 2041          0.3977734      21497.4402793       5508.5397191
  11 2043          0.4328711      21407.6120230       5647.7152974
  12 2019          0.3977734      21500.8403099       5528.9450095
  12 2021          0.4387207      21503.8854467       5678.3739200
  12 2023          0.4387207      21478.6620493       5677.9102443
  12 2025          0.4328711      21427.5261691       5641.4368065
  12 2027          0.4533447      21493.5098501       5686.7606170
  12 2029          0.4504199      21498.6751546       5686.5305041
  12 2031          0.3831494      21448.5611370       5407.0104410
  12 2033          0.3831494      21454.0544898       5435.4635753
  12 2035          0.4211719      21442.7771437       5621.8452075
  12 2037          0.4387207      21481.8028930       5671.8607056
  12 2039          0.3948486      21521.6769292       5500.3196029
  12 2041          0.3977734      21429.6158415       5527.4969880
  12 2043          0.3977734      21436.6295600       5534.5853648
  13 2019          0.3977734      21780.1809920       5600.7775168
  13 2021          0.4211719      21781.9543376       5705.3650797
  13 2023          0.4240967      21744.6988033       5701.5061579
  13 2025          0.3948486      21736.0233312       5571.5213635
  13 2027          0.3831494      21728.3342879       5472.6197882
  13 2029          0.4036230      21801.0377197       5620.5844674
  13 2031          0.4036230      21730.9679748       5646.8037866
  13 2033          0.3831494      21772.9130079       5546.3914450
  13 2035          0.3802246      21737.5570234       5486.2431408
  13 2037          0.3860742      21766.2682605       5579.1733061
  13 2039          0.3860742      21758.3396255       5547.5800604
  13 2041          0.3919238      21787.0549426       5598.5209905
  13 2043          0.3948486      21751.2089557       5637.8805728
  14 2019          0.3977734      21695.0600116       5578.8886412
  14 2021          0.3889990      21711.4241654       5570.4025708
  14 2023          0.3860742      21686.7236654       5564.3974834
  14 2025          0.3831494      21694.1862984       5537.4625523
  14 2027          0.3948486      21677.3392402       5618.2213136
  14 2029          0.3919238      21674.8770679       5584.7448775
  14 2031          0.3626758      21719.6274809       5371.4953526
  14 2033          0.3919238      21641.0692073       5577.9149320
  14 2035          0.3919238      21715.5617246       5586.1106232
  14 2037          0.3831494      21697.8439780       5505.3834133
  14 2039          0.3977734      21665.4457807       5590.2131057
  14 2041          0.3977734      21680.7109635       5611.1102265
  14 2043          0.3977734      21662.2150021       5585.1128133
  15 2019          0.3977734      22475.5354795       5779.5880502
  15 2021          0.4036230      22449.5116072       5826.8041564
  15 2023          0.3977734      22469.2985511       5803.1191813
  15 2025          0.3948486      22438.9502697       5777.4201573
  15 2027          0.3977734      22465.5138707       5779.0006506
  15 2029          0.3948486      22469.1444388       5781.3488040
  15 2031          0.3860742      22432.4281874       5726.3325069
  15 2033          0.3977734      22448.5953560       5805.0204310
  15 2035          0.3860742      22435.5257402       5726.8098609
  15 2037          0.3948486      22414.5724479       5787.5173475
  15 2039          0.3948486      22455.5901645       5802.1558203
  15 2041          0.3919238      22459.0142330       5751.5975493
  15 2043          0.3889990      22463.6192318       5688.7306471
  16 2019          0.3977734      22360.4423230       5749.9918240
  16 2021          0.3948486      22288.4758915       5754.7832901
  16 2023          0.4182471      22369.9748565       5825.3763673
  16 2025          0.4123975      22349.2803296       5842.4797256
  16 2027          0.4153223      22308.4453107       5846.5335373
  16 2029          0.4182471      22300.4418575       5822.0502335
  16 2031          0.4328711      22279.1733793       5835.2448780
  16 2033          0.4270215      22378.0609434       5815.8906221
  16 2035          0.4387207      22323.3990173       5857.3612330
  16 2037          0.4357959      22357.2267131       5853.9047093
  16 2039          0.4357959      22339.0355961       5855.0095496
  16 2041          0.4328711      22349.2071522       5852.9689467
  16 2043          0.4328711      22287.5918326       5856.7082377
  17 2019          0.3977734      22135.0515581       5692.0325477
  17 2021          0.3977734      22167.4096182       5726.3725779
  17 2023          0.3919238      22145.0649261       5676.3022086
  17 2025          0.3919238      22169.5426519       5673.2314138
  17 2027          0.4182471      22111.1734722       5755.3518618
  17 2029          0.4211719      22079.7423576       5784.2695699
  17 2031          0.4036230      22052.3974390       5722.8006547
  17 2033          0.3977734      22108.4387072       5716.4218769
  17 2035          0.3977734      22106.1664899       5713.6760825
  17 2037          0.3889990      22136.1362162       5672.5637617
  17 2039          0.3948486      22078.1544036       5711.1251921
  17 2041          0.3889990      22156.1696343       5694.8675068
  17 2043          0.4094727      22145.9669975       5731.1511749
  18 2019          0.3977734      22119.4660264       5688.0247254
  18 2021          0.4270215      22155.3164387       5798.9911067
  18 2023          0.4270215      22106.2200251       5810.9520245
  18 2025          0.4387207      22071.9629496       5827.1306062
  18 2027          0.4240967      22089.3578337       5779.5284213
  18 2029          0.4299463      22061.6771423       5763.6760913
  18 2031          0.4445703      22062.5833194       5815.9491803
  18 2033          0.4504199      22030.6285046       5842.9067354
  18 2035          0.4474951      22107.0576864       5836.6499031
  18 2037          0.4445703      22121.9022495       5824.4607803
  18 2039          0.4387207      22046.9889556       5801.6406908
  18 2041          0.4504199      22082.3277443       5834.3593548
  18 2043          0.3509766      22147.2081710       5281.5569050
  19 2019          0.3977734      21690.2644634       5577.6554651
  19 2021          0.4065479      21623.7748418       5621.9394344
  19 2023          0.3977734      21689.6496617       5624.7727558
  19 2025          0.4006982      21696.4442442       5620.6707069
  19 2027          0.4006982      21683.9882459       5627.4603154
  19 2029          0.4036230      21662.4624857       5591.4571951
  19 2031          0.4036230      21695.4212697       5575.0634998
  19 2033          0.3889990      21660.0040506       5524.5139303
  19 2035          0.4094727      21625.8916166       5601.0165391
  19 2037          0.4153223      21650.7584524       5643.9906009
  19 2039          0.4065479      21663.3713151       5603.4866308
  19 2041          0.3889990      21705.8298955       5544.2091335
  19 2043          0.3919238      21723.6845097       5548.0957778
  20 2019          0.3977734      22003.1739828       5658.1202051
  20 2021          0.4270215      21953.7107716       5774.4138120
  20 2023          0.4211719      22007.1645580       5766.0750469
  20 2025          0.4328711      22006.3711939       5778.4156413
  20 2027          0.4153223      21993.9867490       5703.1921064
  20 2029          0.4387207      22022.7072420       5759.3849949
  20 2031          0.4445703      21980.2745682       5785.3619176
  20 2033          0.4299463      21979.0232434       5736.6225063
  20 2035          0.4445703      21955.2383316       5792.4272015
  20 2037          0.4094727      21998.1770402       5711.4386187
  20 2039          0.3495142      21971.0885106       5195.1211771
  20 2041          0.3977734      22017.5712529       5682.6652949
  20 2043          0.4036230      21966.7231971       5713.5244644
  21 2019          0.3977734      21902.4674708       5632.2235072
  21 2021          0.3977734      21853.7504467       5624.2522816
  21 2023          0.3948486      21887.9959651       5590.1758220
  21 2025          0.4153223      21914.3662586       5699.1902499
  21 2027          0.4123975      21845.5608012       5707.0131750
  21 2029          0.4153223      21926.5005718       5695.5869115
  21 2031          0.4182471      21901.6499204       5695.2904770
  21 2033          0.4211719      21885.4962254       5694.0800140
  21 2035          0.3626758      21879.1276042       5399.9741578
  21 2037          0.3860742      21872.3417395       5594.7706494
  21 2039          0.3948486      21876.0879672       5661.2403251
  21 2041          0.3977734      21840.2042464       5656.0104442
  21 2043          0.3889990      21834.9638147       5612.8128510
  22 2019          0.3977734      21563.1824364       5544.9762987
  22 2021          0.3889990      21581.8573986       5527.3718445
  22 2023          0.4094727      21525.6603833       5603.9864187
  22 2025          0.4094727      21593.7703750       5593.7242315
  22 2027          0.4094727      21533.3294579       5602.8305237
  22 2029          0.4182471      21529.6589098       5580.9134949
  22 2031          0.4153223      21574.3561532       5581.6590121
  22 2033          0.4182471      21505.5727142       5584.5345834
  22 2035          0.4182471      21515.1514113       5583.0944279
  22 2037          0.3860742      21598.8550548       5456.4073231
  22 2039          0.4270215      21573.0091469       5656.9208183
  22 2041          0.4270215      21593.6054432       5656.0183892
  22 2043          0.4416455      21519.4484544       5674.0624027
  23 2019          0.3977734      21006.8988464       5401.9278720
  23 2021          0.3919238      20991.7644315       5395.3734049
  23 2023          0.3948486      21007.3341530       5438.9720066
  23 2025          0.3977734      20935.1997506       5454.5192869
  23 2027          0.3919238      21015.3567909       5404.8535386
  23 2029          0.3889990      20942.3519614       5338.3535476
  23 2031          0.4094727      20936.6303565       5458.2819060
  23 2033          0.4123975      21013.2273806       5478.9986106
  23 2035          0.4094727      21026.7824379       5478.2552608
  23 2037          0.4270215      21020.4238434       5476.5962090
  23 2039          0.4328711      20927.8584805       5483.1921948
  23 2041          0.3480518      20997.5737833       4914.2887714
  23 2043          0.4006982      20961.5846222       5410.6815356
  24 2019          0.3977734      21076.4342951       5419.8089253
  24 2021          0.4299463      21035.4938125       5536.3292528
  24 2023          0.4270215      21109.8446391       5530.2257458
  24 2025          0.4357959      21069.3012851       5541.2642541
  24 2027          0.3714502      21063.8023303       5234.2382711
  24 2029          0.3889990      21094.1237673       5358.5612987
  24 2031          0.4065479      21020.6696740       5463.5240747
  24 2033          0.4006982      21076.4070261       5462.0468004
  24 2035          0.4211719      21042.1710444       5507.3591667
  24 2037          0.4270215      21005.9587524       5512.6739708
  24 2039          0.4211719      21107.5907706       5521.4299885
  24 2041          0.4270215      21087.3156955       5528.1654914
  24 2043          0.4211719      21034.9456411       5468.5993938
  25 2019          0.3977734      21630.3201111       5562.2407640
  25 2021          0.3919238      21593.4945877       5551.4433159
  25 2023          0.3948486      21644.3616619       5581.3691642
  25 2025          0.3948486      21634.5561830       5576.6563232
  25 2027          0.3889990      21643.7963399       5528.6069407
  25 2029          0.3743750      21543.1542994       5388.0591290
  25 2031          0.4123975      21581.1370003       5629.7880259
  25 2033          0.4094727      21656.6566817       5625.0638627
  25 2035          0.4123975      21616.0431195       5625.6657257
  25 2037          0.4153223      21638.4157590       5618.8312086
  25 2039          0.4182471      21614.9798351       5617.4150928
  25 2041          0.4153223      21631.9457183       5619.5955987
  25 2043          0.3860742      21602.3875427       5477.8188258
  26 2019          0.3977734      21263.4606745       5467.9027929
  26 2021          0.4270215      21279.2741425       5570.2243508
  26 2023          0.4357959      21225.9506212       5600.3339184
  26 2025          0.4328711      21196.1211862       5597.5868956
  26 2027          0.4416455      21258.1687587       5599.5175315
  26 2029          0.4504199      21229.7903636       5615.0246746
  26 2031          0.4416455      21218.9591891       5584.5334802
  26 2033          0.4416455      21238.6771329       5581.4890956
  26 2035          0.4504199      21243.7824474       5606.8451843
  26 2037          0.4562695      21190.3818250       5626.7309115
  26 2039          0.4504199      21277.4555607       5616.7829271
  26 2041          0.3743750      21248.2478323       5307.0114622
  26 2043          0.3802246      21228.9022426       5376.5446792
  27 2019          0.3977734      21884.4841651       5627.5990968
  27 2021          0.4299463      21851.3651775       5743.3892061
  27 2023          0.4299463      21830.6561504       5755.7208679
  27 2025          0.4357959      21867.7064750       5762.0445540
  27 2027          0.4504199      21809.1039634       5782.4092468
  27 2029          0.4387207      21829.6767349       5742.8857672
  27 2031          0.4357959      21869.1589911       5722.4967134
  27 2033          0.4445703      21879.6444823       5749.4483102
  27 2035          0.4533447      21860.9140114       5784.1668465
  27 2037          0.3714502      21825.4808960       5414.0037563
  27 2039          0.3919238      21917.2210837       5590.8399698
  27 2041          0.4153223      21876.7839175       5657.9834002
  27 2043          0.4270215      21882.7954480       5723.2355809
  28 2019          0.3977734      21684.2700282       5576.1139950
  28 2021          0.4240967      21632.2380339       5678.4026231
  28 2023          0.4299463      21688.9435086       5695.5395829
  28 2025          0.4123975      21631.5715583       5625.9855270
  28 2027          0.3919238      21694.2065108       5541.3100886
  28 2029          0.3977734      21711.9150415       5576.5647553
  28 2031          0.4006982      21686.3479499       5616.5032902
  28 2033          0.4094727      21645.4904587       5624.5162965
  28 2035          0.4211719      21643.4675044       5657.3333607
  28 2037          0.4357959      21632.3400274       5713.7165311
  28 2039          0.3831494      21711.0845822       5470.5859676
  28 2041          0.3802246      21718.2825213       5434.3570098
  28 2043          0.4006982      21683.7721713       5614.3061657
  29 2019          0.3977734      22205.7858939       5710.2218950
  29 2021          0.4270215      22193.7895125       5819.5785373
  29 2023          0.4270215      22173.7012596       5833.2309077
  29 2025          0.4211719      22177.6081608       5800.2448137
  29 2027          0.4182471      22168.2304672       5736.6032343
  29 2029          0.4328711      22238.9789127       5792.2416734
  29 2031          0.4504199      22149.5892661       5859.9633302
  29 2033          0.4240967      22191.2236321       5777.9235067
  29 2035          0.4211719      22190.9401096       5744.2769678
  29 2037          0.4065479      22180.0805709       5681.3739581
  29 2039          0.3422021      22131.1000060       4988.0957250
  29 2041          0.3743750      22119.9216254       5535.6009843
  29 2043          0.4182471      22153.5483021       5779.6471956
  30 2019          0.3977734      22174.6148306       5702.2062504
  30 2021          0.4240967      22123.9637463       5806.4889945
  30 2023          0.4182471      22126.1871068       5782.3103419
  30 2025          0.4211719      22109.3409415       5805.2875273
  30 2027          0.4270215      22119.9052941       5808.5887821
  30 2029          0.3509766      22186.0165964       5277.5597615
  30 2031          0.4094727      22180.7912782       5734.5774171
  30 2033          0.4065479      22159.3742179       5769.2649199
  30 2035          0.4065479      22115.8408936       5770.3012226
  30 2037          0.4123975      22117.8079872       5751.3737848
  30 2039          0.4094727      22185.1958855       5749.5128167
  30 2041          0.4094727      22089.3983429       5765.3620601
  30 2043          0.4153223      22136.3841788       5739.0588123
  31 2019          0.3977734      22238.1558441       5718.5458336
  31 2021          0.4006982      22237.0139835       5748.8962417
  31 2023          0.4211719      22160.1647266       5827.5466311
  31 2025          0.4270215      22198.9641681       5830.9023958
  31 2027          0.4299463      22205.0255265       5833.1936109
  31 2029          0.4328711      22204.3760737       5823.7436575
  31 2031          0.4357959      22205.5417707       5814.5634745
  31 2033          0.3626758      22175.5085486       5420.6794122
  31 2035          0.4153223      22273.8668548       5777.2995006
  31 2037          0.4182471      22179.0442373       5809.8516471
  31 2039          0.4153223      22258.2831861       5803.7071478
  31 2041          0.4416455      22237.4425535       5876.9655761
  31 2043          0.3977734      22166.1739092       5671.5624648
  32 2019          0.3977734      22061.9194482       5673.2266123
  32 2021          0.4240967      22064.1706723       5777.8481360
  32 2023          0.4270215      22001.0972437       5776.4694717
  32 2025          0.4270215      22085.6415238       5771.4544153
  32 2027          0.4328711      22065.5354244       5775.8241955
  32 2029          0.4387207      22055.5731757       5779.5103695
  32 2031          0.4387207      22047.3183717       5779.9979094
  32 2033          0.4328711      22090.9469246       5762.8702078
  32 2035          0.3451270      22020.9307862       5068.9489486
  32 2037          0.4036230      22050.8288426       5675.1875143
  32 2039          0.4357959      22041.9897439       5809.6728411
  32 2041          0.4240967      22048.2584925       5766.1592668
  32 2043          0.4211719      22003.3735733       5760.1747387
  33 2019          0.3977734      21940.8318564       5642.0889159
  33 2021          0.4065479      21889.1424240       5717.8625947
  33 2023          0.4123975      21948.2226664       5714.1355814
  33 2025          0.4094727      21925.9788240       5702.4770450
  33 2027          0.4240967      21932.1923910       5753.0464820
  33 2029          0.4328711      21909.1294139       5773.8177273
  33 2031          0.4006982      21896.2416333       5656.9241427
  33 2033          0.3889990      21908.1364154       5612.0517467
  33 2035          0.3743750      21868.0527277       5496.6650789
  33 2037          0.4006982      21875.3345027       5647.3454354
  33 2039          0.3977734      21963.3741649       5681.7847468
  33 2041          0.4036230      21876.5081789       5699.6005930
  33 2043          0.4036230      21910.5648438       5688.1110991
  34 2019          0.3977734      22040.3394813       5667.6773198
  34 2021          0.4328711      22050.0314926       5784.7340669
  34 2023          0.4240967      22034.8460071       5756.0432120
  34 2025          0.4211719      22009.2369381       5748.9187180
  34 2027          0.4153223      22008.8886135       5747.1190347
  34 2029          0.4153223      21992.1451728       5751.3063006
  34 2031          0.4123975      22000.9961149       5751.1873147
  34 2033          0.4182471      22050.7787339       5745.8626280
  34 2035          0.4270215      21993.8957343       5748.6643795
  34 2037          0.3656006      22074.2943317       5440.5426327
  34 2039          0.3685254      22018.6114172       5468.7673853
  34 2041          0.4182471      22011.8490995       5740.7598512
  34 2043          0.4094727      22032.8335497       5704.3973262
  35 2019          0.3977734      22169.8192824       5700.9730743
  35 2021          0.4211719      22183.4139654       5764.0469758
  35 2023          0.4270215      22108.4695696       5804.0783597
  35 2025          0.4270215      22122.4362125       5800.3500892
  35 2027          0.4270215      22200.9441206       5795.3912920
  35 2029          0.4328711      22182.0150094       5799.0434226
  35 2031          0.4357959      22157.1987553       5798.6115891
  35 2033          0.4328711      22094.1851747       5780.5558728
  35 2035          0.3568262      22151.5264698       5307.1796519
  35 2037          0.4094727      22117.2045381       5746.5346327
  35 2039          0.4094727      22163.5707577       5767.2700979
  35 2041          0.4123975      22176.0237282       5773.7991695
  35 2043          0.4123975      22165.6468982       5774.8108986
  36 2019          0.3977734      22330.4701468       5742.2844734
  36 2021          0.4094727      22302.0979739       5790.5028771
  36 2023          0.3977734      22340.6842823       5758.5129326
  36 2025          0.4065479      22280.8754755       5785.1084871
  36 2027          0.4065479      22277.4513148       5796.5301733
  36 2029          0.4065479      22303.8245339       5790.7000249
  36 2031          0.4065479      22289.2978257       5793.9093293
  36 2033          0.3802246      22281.5271492       5634.9262346
  36 2035          0.3948486      22342.6306304       5746.0214545
  36 2037          0.3977734      22271.5786403       5774.2856965
  36 2039          0.4153223      22346.0787298       5838.0234398
  36 2041          0.4270215      22319.0204149       5847.8237778
  36 2043          0.4328711      22311.7855902       5852.2293450
  37 2019          0.3977734      22192.5981363       5706.8306608
  37 2021          0.3919238      22129.5081636       5718.9273807
  37 2023          0.3977734      22154.0972609       5726.2965682
  37 2025          0.4094727      22198.7605099       5771.6085255
  37 2027          0.4094727      22199.1419532       5771.5613694
  37 2029          0.3714502      22200.1678064       5563.7647649
  37 2031          0.3919238      22105.7737179       5654.2181221
  37 2033          0.4006982      22181.3608028       5751.1737885
  37 2035          0.4211719      22226.9594890       5809.2259217
  37 2037          0.4270215      22225.9879525       5814.3365520
  37 2039          0.4387207      22162.1739208       5827.3223830
  37 2041          0.4416455      22151.1634152       5830.2483361
  37 2043          0.4416455      22160.6191681       5829.7775330
  38 2019          0.3977734      21555.9891141       5543.1265345
  38 2021          0.3919238      21566.2198704       5548.8598347
  38 2023          0.4006982      21571.7401066       5571.5748571
  38 2025          0.4387207      21558.0050815       5691.7184803
  38 2027          0.4416455      21525.6514676       5691.7477937
  38 2029          0.4591943      21517.1760048       5721.1429145
  38 2031          0.3860742      21501.4827703       5452.6523003
  38 2033          0.4094727      21498.5779340       5581.7819113
  38 2035          0.4065479      21500.3444995       5596.2603015
  38 2037          0.3948486      21558.1745547       5491.9526054
  38 2039          0.4036230      21555.6221059       5572.7595933
  38 2041          0.4006982      21543.4595396       5589.8183435
  38 2043          0.4153223      21553.0251575       5630.0247246
  39 2019          0.3977734      21673.4800448       5573.3393488
  39 2021          0.4270215      21703.1368995       5683.3749993
  39 2023          0.4153223      21596.5481245       5651.2752651
  39 2025          0.4094727      21597.2406236       5627.3381020
  39 2027          0.4153223      21616.8028931       5658.1300618
  39 2029          0.4036230      21652.6419705       5619.3176126
  39 2031          0.4036230      21663.3744500       5615.9634992
  39 2033          0.3772998      21622.7833958       5456.9252530
  39 2035          0.3831494      21696.0073328       5492.9185360
  39 2037          0.4153223      21622.8892176       5628.1967367
  39 2039          0.4036230      21661.1317595       5584.9047532
  39 2041          0.4094727      21614.9360947       5616.3319097
  39 2043          0.4094727      21674.4083697       5615.6554828
  40 2019          0.3977734      21725.0321878       5586.5959918
  40 2021          0.3948486      21733.4879719       5598.5863661
  40 2023          0.3977734      21706.4753032       5626.6671112
  40 2025          0.3889990      21654.3136869       5567.2750853
  40 2027          0.3948486      21672.2711753       5612.0189695
  40 2029          0.3919238      21722.1706003       5587.7087081
  40 2031          0.3802246      21688.4806280       5488.5109171
  40 2033          0.3919238      21664.5683758       5550.5220865
  40 2035          0.3919238      21748.8685576       5582.0344544
  40 2037          0.3919238      21682.0791995       5557.4131410
  40 2039          0.3656006      21659.8875870       5369.1704306
  40 2041          0.3831494      21699.6793399       5487.0990930
  40 2043          0.4006982      21653.5706103       5586.0789992
  41 2019          0.3977734      21750.2088158       5593.0701663
  41 2021          0.3977734      21666.7095859       5625.1919692
  41 2023          0.3977734      21683.9797439       5632.1903690
  41 2025          0.4123975      21720.9553591       5675.6175943
  41 2027          0.4182471      21710.5562618       5675.6574922
  41 2029          0.4211719      21786.5493148       5669.1494560
  41 2031          0.4240967      21704.9415244       5675.2844702
  41 2033          0.3685254      21734.1104116       5383.8673542
  41 2035          0.3831494      21727.7484467       5489.9859342
  41 2037          0.4006982      21734.2952142       5595.5196554
  41 2039          0.4036230      21690.4839897       5631.8964582
  41 2041          0.4036230      21707.4593391       5643.8678115
  41 2043          0.4036230      21733.2854692       5638.2048248
  42 2019          0.3977734      21689.0655764       5577.3471711
  42 2021          0.4006982      21674.0584878       5621.1648053
  42 2023          0.4006982      21670.5952976       5613.6638998
  42 2025          0.4006982      21694.6776425       5593.9149979
  42 2027          0.4036230      21616.4446213       5580.4991652
  42 2029          0.4036230      21660.5057601       5549.2833812
  42 2031          0.4036230      21666.6430678       5545.1835833
  42 2033          0.4036230      21623.4395708       5575.3086366
  42 2035          0.4036230      21611.9963978       5583.8529234
  42 2037          0.4036230      21664.4818505       5546.6212119
  42 2039          0.4036230      21647.8528019       5557.9114225
  42 2041          0.4036230      21669.7030929       5543.1591499
  42 2043          0.3480518      21714.0095464       5156.0531672
  43 2019          0.3977734      21931.2407600       5639.6225637
  43 2021          0.3948486      21917.4374517       5664.9227802
  43 2023          0.3919238      21926.1628338       5649.7282068
  43 2025          0.4065479      21939.5599850       5701.9139727
  43 2027          0.3948486      21884.1950582       5591.8576433
  43 2029          0.3948486      21900.9582842       5606.5559476
  43 2031          0.3948486      21948.6046638       5642.9954279
  43 2033          0.3948486      21886.3932160       5593.3483963
  43 2035          0.3948486      21921.6748266       5623.4551162
  43 2037          0.3948486      21916.1272786       5619.1137202
  43 2039          0.3948486      21886.9118499       5593.8416407
  43 2041          0.3948486      21871.0768909       5577.8418894
  43 2043          0.3568262      21940.0972758       5304.0230866
  44 2019          0.3977734      21949.2240657       5644.2469741
  44 2021          0.3919238      21897.9719568       5640.1801953
  44 2023          0.4094727      21901.3722411       5694.3135400
  44 2025          0.4094727      21919.9160231       5690.9035309
  44 2027          0.4094727      21971.6763255       5681.4017499
  44 2029          0.4123975      21892.5911044       5653.6260005
  44 2031          0.4094727      21903.7508613       5620.3439214
  44 2033          0.4182471      21888.9596197       5663.3673482
  44 2035          0.4123975      21917.2392941       5680.2799188
  44 2037          0.4123975      21898.5657712       5683.7047117
  44 2039          0.4123975      21939.4445154       5676.2113887
  44 2041          0.3656006      21913.6967215       5412.4858173
  44 2043          0.3889990      21947.3347022       5577.0836778
  45 2019          0.3977734      21883.2852781       5627.2908028
  45 2021          0.4065479      21881.4569881       5691.6665917
  45 2023          0.4036230      21889.5658404       5698.5266179
  45 2025          0.4153223      21797.9448989       5686.6119575
  45 2027          0.4182471      21865.0474534       5671.4476108
  45 2029          0.4182471      21854.0857867       5672.9351734
  45 2031          0.4211719      21818.2107229       5671.7594544
  45 2033          0.4182471      21864.6162221       5671.5061325
  45 2035          0.4036230      21829.5023197       5630.0840079
  45 2037          0.4270215      21887.8267634       5741.6557638
  45 2039          0.4211719      21904.6848789       5734.5738754
  45 2041          0.4387207      21804.9552697       5757.4946222
  45 2043          0.3772998      21888.3230977       5482.1675509
  46 2019          0.3977734      21448.0892798       5515.3800725
  46 2021          0.4036230      21473.4221074       5560.4956583
  46 2023          0.4036230      21417.2705186       5560.7307093
  46 2025          0.3860742      21475.8364048       5491.8829352
  46 2027          0.3889990      21375.9225245       5502.3918127
  46 2029          0.3802246      21480.4448723       5429.8607281
  46 2031          0.3772998      21365.0661069       5383.3173992
  46 2033          0.4065479      21439.6397916       5548.1294881
  46 2035          0.4036230      21396.7937812       5569.3220613
  46 2037          0.4036230      21431.6210102       5565.7623149
  46 2039          0.4094727      21472.6440285       5580.9084086
  46 2041          0.4387207      21383.6509984       5653.2248374
  46 2043          0.4240967      21440.6563617       5617.1587106
  47 2019          0.3977734      21612.3368053       5557.6163536
  47 2021          0.3977734      21565.6816586       5584.0860431
  47 2023          0.3977734      21575.8832551       5589.9461442
  47 2025          0.3919238      21618.3799668       5568.0675377
  47 2027          0.4065479      21574.8205260       5610.4354350
  47 2029          0.4036230      21531.9360751       5569.0209698
  47 2031          0.4036230      21552.2983732       5554.0797157
  47 2033          0.4006982      21630.5304622       5566.3983277
  47 2035          0.4036230      21541.2936983       5562.0531375
  47 2037          0.3802246      21636.0057528       5461.9895203
  47 2039          0.3977734      21624.0792988       5562.5913204
  47 2041          0.4006982      21553.6038062       5592.8196880
  47 2043          0.3977734      21555.0016655       5589.4466392
  48 2019          0.3977734      21830.5342480       5613.7258658
  48 2021          0.4123975      21799.3483189       5683.9356576
  48 2023          0.4153223      21855.9948988       5674.4920097
  48 2025          0.4153223      21744.1623268       5686.6545891
  48 2027          0.4211719      21813.3381054       5672.5916990
  48 2029          0.4240967      21798.9315818       5670.8920665
  48 2031          0.4240967      21773.8566433       5673.6158888
  48 2033          0.4065479      21780.0251405       5640.1297549
  48 2035          0.4036230      21797.8356670       5660.7748585
  48 2037          0.4065479      21819.8544802       5627.2406202
  48 2039          0.3743750      21746.3211560       5463.6649725
  48 2041          0.4006982      21764.0110674       5621.5246973
  48 2043          0.4211719      21781.7315814       5710.8340624
  49 2019          0.3977734      21762.1976863       5596.1531065
  49 2021          0.4445703      21697.5520126       5758.0865740
  49 2023          0.4240967      21765.4607853       5692.8311364
  49 2025          0.4270215      21719.5934217       5697.1568460
  49 2027          0.4357959      21728.2932340       5701.3627923
  49 2029          0.4328711      21789.0198274       5696.2245354
  49 2031          0.4328711      21733.3839405       5695.2856442
  49 2033          0.4387207      21730.2378145       5702.7835950
  49 2035          0.4357959      21733.8581318       5701.0353707
  49 2037          0.4387207      21725.1565975       5703.0821254
  49 2039          0.3524390      21734.0818806       5170.2387315
  49 2041          0.3597510      21725.0442546       5262.4041151
  49 2043          0.3714502      21790.6001732       5453.0057773
  50 2019          0.3977734      22475.5354795       5779.5880502
  50 2021          0.4270215      22475.1507091       5894.9131974
  50 2023          0.4153223      22441.9881489       5877.9809617
  50 2025          0.4328711      22404.1903092       5921.6113577
  50 2027          0.4328711      22462.3345796       5915.5732361
  50 2029          0.3743750      22408.5051140       5623.5501097
  50 2031          0.3743750      22393.8015857       5598.9262455
  50 2033          0.3860742      22436.0931474       5749.4314516
  50 2035          0.4387207      22426.3677206       5936.3153080
  50 2037          0.4445703      22422.6293158       5941.9173116
  50 2039          0.4562695      22440.5380990       5958.4888176
  50 2041          0.4504199      22490.1032053       5946.9640807
  50 2043          0.4504199      22461.8230351       5947.0222847
