FL 2019 2020 2021 2022 2023 2024 2025 2026 2027 2028 2029 2030 2031 2032 2033 2034 2035 2036 2037 2038 2039 2040 2041 2042 2043 2044 2045
 1    4109.00    3843.84    3843.84    3273.73    3273.73    2090.55    2090.55    2279.97    2279.97    2873.64    2873.64    1080.16    1080.16    1159.16    1159.16    1857.24    1857.24     805.73     805.73     266.11     266.11     369.60     369.60     503.58     503.58    1567.57    1567.57
 2     783.00     732.16     732.16     623.57     623.57     398.20     398.20     434.28     434.28     547.36     547.36     205.74     205.74     220.79     220.79     353.76     353.76     153.47     153.47      50.69      50.69      70.40      70.40      95.92      95.92     298.58     298.58
 3    3537.00   13799.02   10840.70    1203.76    1203.76    1203.76    1203.76    3372.95    3372.95    3372.95    3372.95    3372.95    3372.95    3372.95    3372.95    3372.95    3372.95    3372.95    3372.95    3372.95    3372.95    3372.95    3372.95    3372.95    3372.95    3372.95    3372.95
 4    1379.00     503.66     338.94     826.50     826.50     826.50     826.50     658.22     658.22     658.22     658.22     658.22     658.22     658.22     658.22     658.22     658.22     658.22     658.22     658.22     658.22     658.22     658.22     658.22     658.22     658.22     658.22
 1    4109.00    4333.10    4333.10    5359.20    5359.20    2767.38    2767.38    1550.01    1550.01     930.47     930.47     502.66     502.66     727.65     727.65     956.80     956.80    1197.97    1197.97    3232.15    3232.15    2243.93    2243.93    1446.98    1446.98    3009.47    3009.47
 2     783.00     825.35     825.35    1020.80    1020.80     527.12     527.12     295.24     295.24     177.23     177.23      95.74      95.74     138.60     138.60     182.25     182.25     228.18     228.18     615.65     615.65     427.42     427.42     275.62     275.62     573.23     573.23
 3    3537.00    9700.43    8518.19    2057.33    2057.33    2057.33    2057.33    2057.33    2057.33    2057.33    2057.33    2057.33    2057.33    2057.33    2057.33    2057.33    2057.33    2057.33    2057.33    2057.33    2057.33    2057.33    2057.33     371.69     620.94    4616.17    4426.57
 4    1379.00     719.59     544.67     761.45     761.45     761.45     761.45     761.45     761.45     761.45     761.45     761.45     761.45     761.45     761.45     761.45     761.45     761.45     761.45     761.45     761.45     761.45     761.45     795.05     965.32     869.49     935.58
 1    4109.00    6003.69    6003.69    4542.38    4542.38    6907.82    6907.82    3609.61    3609.61    2166.32    2166.32    3112.03    3112.03    1894.20    1894.20    2273.04    2273.04     338.18     338.18    1658.58    1658.58    4874.10    4874.10    2694.85    2694.85    1878.49    1878.49
 2     783.00    1143.56    1143.56     865.22     865.22    1315.78    1315.78     687.54     687.54     412.63     412.63     592.77     592.77     360.80     360.80     432.96     432.96      64.42      64.42     315.92     315.92     928.40     928.40     513.30     513.30     357.81     357.81
 3    3537.00    2032.98    2304.03    4323.47    4252.96    9233.58   10425.98     910.14     910.14     910.14     910.14     910.14    7479.26    7479.26    7479.26    7479.26    3700.77    3106.41     144.55    2873.26    2939.17    2939.17    2939.17    2939.17    2939.17    2939.17    2939.17
 4    1379.00    1124.71     984.43     810.30     777.45     751.77     478.53     785.97     785.97     785.97     785.97     785.97     339.86     339.86     339.86     339.86     339.86     339.86     843.55     657.94     453.44     453.44     453.44     453.44     453.44     453.44     453.44
 1    4109.00    2238.85    2238.85    5577.26    5577.26    3490.87    3490.87    1957.96    1957.96    3710.32    3710.32    3389.69    3389.69    2278.12    2278.12    3908.52    3908.52    9083.84    9083.84    4500.34    4500.34     572.42     572.42     291.98     291.98    1970.43    1970.43
 2     783.00     426.45     426.45    1062.34    1062.34     664.93     664.93     372.94     372.94     706.73     706.73     645.66     645.66     433.93     433.93     744.48     744.48    1730.26    1730.26     857.21     857.21     109.03     109.03      55.62      55.62     375.32     375.32
 3    3537.00    1605.52    1863.48    1863.48    1863.48    3590.40    3884.97     829.29    1691.82    9051.64    7936.45    2115.26    2356.54    4895.25    7163.42    9796.12    8765.58    8765.58    8765.58    8765.58    5515.21    1058.70    2661.12    4671.74     353.50    2427.39    2738.56
 4    1379.00    1207.88     964.78     964.78     964.78     773.24    1988.89    1964.06    1696.70    1265.22     876.89     776.50    1033.53    1770.87    2155.96    1653.00    1037.98    1037.98    1037.98    1037.98    1037.98    1037.98    1037.98    1037.98     886.98     756.73    1003.44
 1    4109.00    3750.98    3750.98    4216.21    4216.21    5278.35    5278.35    9028.40    9028.40    8688.83    8688.83    4404.71    4404.71    7967.65    7967.65    8015.24    8015.24    1787.48    1787.48     264.73     264.73    2707.32    2707.32    6177.40    6177.40    2877.34    2877.34
 2     783.00     714.47     714.47     803.09     803.09    1005.40    1005.40    1719.70    1719.70    1655.02    1655.02     838.99     838.99    1517.65    1517.65    1526.71    1526.71     340.47     340.47      50.42      50.42     515.68     515.68    1176.65    1176.65     548.06     548.06
 3    3537.00    2501.69    2583.34    4014.59    3337.24    9055.35   13005.94    2602.77    2221.91     828.35     985.39    1140.24    1702.51    7106.81    7106.81    7106.81    7106.81    3362.11    2504.99    6045.43    1064.26    1601.51    1784.64    8159.94    9580.80    1622.68    1622.68
 4    1379.00    1262.19    1018.11     620.17     742.47    1031.21     678.25    1156.99     938.38    1393.00    1855.68    1664.51    1404.90     886.47     886.47     886.47     886.47     886.47     886.47     886.47     810.91     764.99     804.06     631.25     691.99     804.26     804.26
 1    4109.00    6756.75    6756.75    6455.06    6455.06    4146.45    4146.45    3792.56    3792.56    3562.02    3562.02    1011.78    1011.78     778.93     778.93     484.18     484.18     194.50     194.50    1955.65    1955.65    4857.01    4857.01    2968.81    2968.81     110.88     110.88
 2     783.00    1287.00    1287.00    1229.54    1229.54     789.80     789.80     722.39     722.39     678.48     678.48     192.72     192.72     148.37     148.37      92.22      92.22      37.05      37.05     372.50     372.50     925.14     925.14     565.49     565.49      21.12      21.12
 3    3537.00   13949.08   10962.72     663.04     689.51     818.68     775.68    3558.81    3259.49    7876.07    7876.07    7876.07    7876.07    5091.84    4985.90    4380.97    3154.83    4229.28     203.30    4972.73    4972.73    4972.73    4972.73    4972.73    3455.82    1333.91    2619.22
 4    1379.00     463.84     411.52     894.07     839.90     859.15     900.12     661.76     635.89     338.66     338.66     338.66     338.66     338.66     338.66     338.66     338.66     338.66    1076.57     826.65     826.65     826.65     826.65     826.65     826.65     826.65     826.65
 1    4109.00    7114.34    7114.34    2546.54    2546.54    1226.15    1226.15    1712.63    1712.63    2297.99    2297.99    2643.56    2643.56    1600.37    1600.37    6224.53    6224.53    3167.47    3167.47     832.52     832.52    1349.50    1349.50    4623.70    4623.70    2112.73    2112.73
 2     783.00    1355.11    1355.11     485.06     485.06     233.55     233.55     326.22     326.22     437.71     437.71     503.54     503.54     304.83     304.83    1185.62    1185.62     603.33     603.33     158.58     158.58     257.05     257.05     880.70     880.70     402.42     402.42
 3    3537.00   12538.14    9839.67     554.73     554.73     554.73     554.73     554.73     554.73    7571.35    7571.35     441.03     591.91    3836.49    3934.46   10906.15    7933.26    7933.26    7933.26     230.38     865.40    3004.45    3888.18    3888.18    3888.18    3888.18    3888.18
 4    1379.00     446.53     299.67     657.31     657.31     657.31     657.31     657.31     657.31     270.80     270.80     788.01    1063.13     913.16     780.38     504.56     294.06     294.06     294.06     857.21    1267.42     927.03     821.35     821.35     821.35     821.35     821.35
 1    4109.00    1316.70    1316.70    1587.43    1587.43    3447.91    3447.91   11380.91   11380.91    3651.19    3651.19    2884.27    2884.27     352.04     352.04     234.23     234.23    2851.00    2851.00   10315.54   10315.54    5180.87    3691.75     204.20     204.20     659.27     659.27
 2     783.00     250.80     250.80     302.37     302.37     656.74     656.74    2167.79    2167.79     695.46     695.46     549.38     549.38      67.06      67.06      44.62      44.62     543.05     543.05    1964.86    1964.86     986.83     986.83      38.90      38.90     125.58     125.58
 3    3537.00    1529.76    1955.82    5400.55    5016.55    3701.42    4407.84    5614.28    4505.04    4505.04    4505.04    4505.04    4505.04    1880.62    2124.36    4505.04     443.14    3677.89    5892.64   13419.21   13419.21    5528.18    2931.84    4071.86    6903.10    7048.24    5700.84
 4    1379.00    1082.27     986.54     805.00    1395.53    1495.28    1221.59     800.26     675.06     675.06     675.06     675.06     675.06     675.06     675.06     675.06     914.73    1479.06    1282.30     391.43     391.43     391.43     391.43     391.43     391.43     391.43     411.50
 1    4109.00    6966.96    6966.96    7015.01    7015.01    2800.18    2800.18     318.78     318.78     375.14     375.14     383.00     383.00     396.40     396.40     941.09     941.09    1798.10    1798.10    2279.05    2279.05    1194.73    1194.73     972.51     972.51    1832.75    1832.75
 2     783.00    1327.04    1327.04    1336.19    1336.19     533.37     533.37      60.72      60.72      71.46      71.46      72.95      72.95      75.50      75.50     179.26     179.26     342.50     342.50     434.10     434.10     227.57     227.57     185.24     185.24     349.10     349.10
 3    3537.00    9931.78    7738.04    3113.24    3113.24    3113.24    3113.24    3113.24    3113.24    3113.24    3113.24    3113.24    3113.24    3113.24    3113.24    1306.02    1765.73    9557.61    8308.97    8308.97    8308.97    8308.97     352.17     578.78     873.03    4415.46    4856.52
 4    1379.00     711.46     486.72     593.24     593.24     593.24     593.24     593.24     593.24     593.24     593.24     593.24     593.24     593.24     593.24     756.77     907.15     398.78     310.22     310.22     310.22     310.22     742.65     985.05     952.32     788.65     875.32
 1    4109.00    6473.08    6473.08    3752.83    3752.83     360.82     360.82      42.50      42.50      69.76      69.76     312.77     312.77     296.60     296.60     490.18     490.18     308.15     308.15     356.20     356.20    2050.82    2050.82     692.54     692.54     702.70     702.70
 2     783.00    1232.97    1232.97     714.82     714.82      68.73      68.73       8.10       8.10      13.29      13.29      59.58      59.58      56.50      56.50      93.37      93.37      58.70      58.70      67.85      67.85     390.63     390.63     131.91     131.91     133.85     133.85
 3    3537.00   13408.55   10494.25   10494.25    7398.04    2223.08    2159.14    1572.29    1925.74    3340.49    4415.25    4798.58    4324.12    3886.35    5958.50    5594.51    3749.13    4269.19    4736.33    5551.72    8534.48    9571.03    6928.65    4584.79    4734.59     159.27     858.20
 4    1379.00     469.27     302.60     302.60     302.60     302.60     302.60     302.60     302.60     302.60     302.60     302.60     302.60     302.60     302.60     302.60     302.60     302.60     302.60     302.60     302.60     302.60     302.60     302.60     302.60     885.41     760.21
 1    4109.00    3332.41    3332.41    3657.65    3657.65    3928.39    3928.39    2936.01    2936.01     846.38     846.38     423.65     423.65    1093.09    1093.09    1398.94    1398.94    1215.98    1215.98     566.87     566.87    2469.39    2469.39    3673.36    3673.36    4714.25    4714.25
 2     783.00     634.74     634.74     696.70     696.70     748.26     748.26     559.24     559.24     161.22     161.22      80.70      80.70     208.21     208.21     266.46     266.46     231.62     231.62     107.98     107.98     470.36     470.36     699.69     699.69     897.95     897.95
 3    3537.00    2431.52    2254.68    4968.25    3800.17    3800.17    3800.17    3800.17    3800.17    3800.17    3800.17    3800.17    3800.17    3800.17    3800.17    3800.17    3800.17    3800.17    3800.17    3800.17     439.10    4091.34    5037.52    1958.93    1958.93    1958.93    1958.93
 4    1379.00    1246.42     965.95     809.73     724.92     724.92     724.92     724.92     724.92     724.92     724.92     724.92     724.92     724.92     724.92     724.92     724.92     724.92     724.92     724.92     850.28     749.03     722.67     672.59     672.59     672.59     672.59
 1    4109.00    4957.72    4957.72    4805.26    4805.26    1000.69    1000.69     317.39     317.39     803.42     803.42     618.62     618.62    1377.22    1377.22    3328.71    3328.71    3339.80    3339.80    1112.50    1112.50    3194.27    3194.27    4345.57    4345.57    3088.01    3088.01
 2     783.00     944.33     944.33     915.29     915.29     190.61     190.61      60.46      60.46     153.03     153.03     117.83     117.83     262.33     262.33     634.04     634.04     636.15     636.15     211.90     211.90     608.43     608.43     827.73     827.73     588.19     588.19
 3    3537.00   12256.20   10981.62   10981.62    9259.06    1921.12    2975.83    3493.11    5523.66    7290.93    6251.02    7233.50     321.92    2015.08    2156.37    8665.07    8665.07    8665.07     767.17     424.58     424.58     424.58     424.58     424.58     424.58     424.58     424.58
 4    1379.00     427.91     309.56     309.56     309.56     309.56     309.56     309.56     309.56     309.56     309.56     309.56     728.22     609.64     745.32     309.48     309.48     309.48     886.49     922.61     922.61     922.61     922.61     922.61     922.61     922.61     922.61
 1    4109.00    6219.44    6219.44    2888.89    2888.89    1551.86    1551.86     964.66     964.66    2420.88    2420.88    4848.23    4848.23    2812.66    2812.66    1001.15    1001.15    7251.55    7251.55    3304.22    3304.22    5324.09    5324.09    9983.82    9983.82    6140.44    6140.44
 2     783.00    1184.66    1184.66     550.26     550.26     295.59     295.59     183.74     183.74     461.12     461.12     923.47     923.47     535.74     535.74     190.70     190.70    1381.25    1381.25     629.38     629.38    1014.11    1014.11    1901.68    1901.68    1169.61    1169.61
 3    3537.00    9665.39    7830.10     927.35     928.89    2649.46    2649.46    2316.37    1862.21    4457.17    4457.17    4457.17    4457.17    4457.17     104.90     393.14     952.90    5485.53    4776.47     995.93    1769.22    6542.98    5189.47   11765.91    8941.84     719.82     488.85
 4    1379.00     726.88     425.58     667.43     751.56     725.80     725.80     612.90     821.81     691.71     691.71     691.71     691.71     691.71    1110.75    1087.38     897.49     848.53    1358.50    1466.25    1278.11     906.85     993.91     583.47     411.47     685.73     781.52
 1    4109.00    5534.76    5534.76    7036.72    7036.72    5438.66    5438.66   14341.87   14341.87    6882.88    3549.03     344.19     344.19    6329.40    6329.40    6395.00    6395.00    3291.75    3291.75    4444.44    4444.44    7771.30    7771.30    3204.89    3204.89     320.63     320.63
 2     783.00    1054.24    1054.24    1340.33    1340.33    1035.94    1035.94    2731.78    2731.78    1311.02    1311.02      65.56      65.56    1205.60    1205.60    1218.10    1218.10     627.00     627.00     846.56     846.56    1480.25    1480.25     610.46     610.46      61.07      61.07
 3    3537.00   12044.90    8975.46     765.28     685.51     812.65    1176.36    7666.45    7666.45    7666.45    3128.15     199.17    2062.23    5551.19    5245.17    3441.68    3220.56    1365.63    1221.65    7438.35    6575.28    6575.28    6575.28    6575.28    4925.00    1670.34    4925.62
 4    1379.00     428.96     386.89     972.61    1259.98    2007.12    1871.60     981.75     981.75     981.75     981.75    1476.13    1671.41    1196.37    1092.20    1106.01    1102.97    1480.63    1389.47    1133.06     908.48     908.48     908.48     908.48     908.48     908.48     908.48
 1    4109.00    6871.79    6871.79    5556.47    5556.47    2400.55    2400.55    2601.52    2601.52    4516.97    4516.97    2018.48    2018.48    2593.21    2593.21    2163.08    2163.08    3357.35    3357.35    4749.82    4749.82    1653.04    1653.04     531.76     531.76     894.43     894.43
 2     783.00    1308.91    1308.91    1058.38    1058.38     457.25     457.25     495.53     495.53     860.38     860.38     384.47     384.47     493.94     493.94     412.02     412.02     639.50     639.50     904.73     904.73     314.86     314.86     101.29     101.29     170.37     170.37
 3    3537.00   14522.13   11708.24    1899.51    1898.35     829.84    1210.49    4707.60    4568.98    9474.31    9118.87     867.63    1225.79    4045.25    3748.87    2857.44    3490.50    3116.25    3347.15    3347.15    3347.15    3347.15    3347.15    3347.15    3347.15     465.56     776.33
 4    1379.00     490.43     387.68     932.12    1007.59    1035.06     907.33     824.21     800.30     541.74     462.91     840.33     852.22     729.07     559.79     582.35     754.58     679.14     599.50     599.50     599.50     599.50     599.50     599.50     599.50    1268.25    1535.25
 1    4109.00    5377.68    5377.68    3283.90    3283.90    5951.95    5951.95    6589.04    6589.04    2355.74    2355.74     395.93     395.93     249.94     249.94     225.92     225.92     442.60     442.60     522.52     522.52     921.69     921.69    1212.75    1212.75    1874.80    1874.80
 2     783.00    1024.32    1024.32     625.50     625.50    1133.70    1133.70    1255.06    1255.06     448.71     448.71      75.42      75.42      47.61      47.61      43.03      43.03      84.30      84.30      99.53      99.53     175.56     175.56     231.00     231.00     357.10     357.10
 3    3537.00   14094.06   11355.90     814.32    1008.26    5476.55    4142.67    4142.67    4142.67    4142.67    4121.14    2791.35    3454.62    2788.59    3147.43    4142.67    4142.67    4142.67    4142.67    4142.67    4142.67    4142.67    4142.67    4142.67    4142.67    4142.67    4142.67
 4    1379.00     476.08     487.69    1202.46    1173.25     712.71     496.05     496.05     496.05     496.05     496.05     496.05     496.05     496.05     496.05     496.05     496.05     496.05     496.05     496.05     496.05     496.05     496.05     496.05     496.05     496.05     496.05
 1    4109.00    7600.36    7600.36    3434.51    3434.51    3392.00    3392.00    3030.72    3030.72    4427.81    4427.81    4572.88    4572.88    3982.44    3982.44    3411.87    3411.87    2613.07    2613.07    3259.87    3259.87    5190.57    5190.57    1647.95    1647.95    4937.86    4937.86
 2     783.00    1447.69    1447.69     654.19     654.19     646.10     646.10     577.28     577.28     843.39     843.39     871.02     871.02     758.56     758.56     649.88     649.88     497.73     497.73     620.93     620.93     988.68     988.68     313.90     313.90     940.54     940.54
 3    3537.00   13368.25   11520.08     751.93     812.25    3574.17    4428.20    2989.87    4420.33    6017.30    5742.20    2124.17    1900.42    4771.63    4771.63    4771.63    4771.63    4771.63     490.20    3155.31    3706.54    6936.19    5209.51     580.18    1115.05    5723.36    4549.32
 4    1379.00     475.10     429.66     907.57     987.91    1187.83    1180.29    1599.57    1566.66    1013.93    1056.70    1097.18     891.34     501.65     501.65     501.65     501.65     501.65     716.53     778.85     573.40     323.26     616.10    1299.38    1283.07     681.82     659.82
 1    4109.00    4343.26    4343.26    5530.14    5530.14    3829.98    3829.98    3129.59    3129.59     814.51     814.51     234.70     234.70     660.20     660.20     850.54     850.54     857.01     857.01    1063.99    1063.99     376.53     376.53     457.38     457.38    1606.84    1606.84
 2     783.00     827.29     827.29    1053.36    1053.36     729.52     729.52     596.11     596.11     155.14     155.14      44.70      44.70     125.75     125.75     162.01     162.01     163.24     163.24     202.66     202.66      71.72      71.72      87.12      87.12     306.06     306.06
 3    3537.00    2823.89    2679.24    6211.14    4745.38    4745.38    4745.38    4745.38    4745.38    4005.86    2580.63    3444.09    4256.98    4745.38    4745.38    4745.38    4745.38    4745.38    4745.38    4745.38    4745.38    4745.38    4745.38     290.98     290.98    4232.23    3486.99
 4    1379.00    1432.92    1106.77     795.58     715.36     715.36     715.36     715.36     715.36     715.36     715.36     715.36     715.36     715.36     715.36     715.36     715.36     715.36     715.36     715.36     715.36     715.36     715.36     837.78     837.78     584.71     746.28
 1    4109.00    4992.83    4992.83   10892.11   10892.11    3604.06    3604.06    5993.06    5993.06    2382.07    2382.07    1700.62    1700.62    2437.51    2437.51    1625.78    1625.78    2581.19    2581.19    2084.54    2084.54    2853.31    2853.31    2342.80    2342.80    3060.75    3060.75
 2     783.00     951.02     951.02    2074.69    2074.69     686.49     686.49    1141.54    1141.54     453.73     453.73     323.93     323.93     464.29     464.29     309.67     309.67     491.66     491.66     397.06     397.06     543.49     543.49     446.25     446.25     583.00     583.00
 3    3537.00   12128.88   11900.39    2304.34    1550.61     628.47     660.20     660.20     660.20     660.20     660.20     660.20     660.20    6863.35    6882.07     488.60     773.32    4354.98    4239.52    1434.71    1297.22    3713.57    3512.06    2227.72    2425.77    4638.52    4638.52
 4    1379.00     434.74     476.29    1259.58     974.59     793.83     649.44     649.44     649.44     649.44     649.44     649.44     649.44     324.04     430.72     825.36     911.80     691.54     700.30     813.55     731.81     702.85     773.30     923.41     860.16     626.93     626.93
 1    4109.00    5086.62    5086.62    5794.40    5794.40    2281.82    2281.82    1504.27    1504.27     277.20     277.20     282.28     282.28     560.41     560.41    1071.38    1071.38    3524.14    3524.14     930.93     930.93    6074.84    6074.84    5703.85    5703.85    3489.02    3489.02
 2     783.00     968.88     968.88    1103.70    1103.70     434.63     434.63     286.53     286.53      52.80      52.80      53.77      53.77     106.74     106.74     204.07     204.07     671.26     671.26     177.32     177.32    1157.11    1157.11    1086.45    1086.45     664.58     664.58
 3    3537.00   10172.18    8279.47    4077.83    4077.83    4077.83    4077.83    4077.83    4077.83    3322.17    4077.83    4077.83    4077.83    4077.83    4077.83    4077.83    4077.83    4077.83    4077.83    4077.83    1059.51   11565.42   11379.08    2067.70    1675.20     613.88     949.52
 4    1379.00     682.36     531.09     608.96     608.96     608.96     608.96     608.96     608.96     608.96     608.96     608.96     608.96     608.96     608.96     608.96     608.96     608.96     608.96     608.96    1140.01     832.40     582.28     884.84     765.22     681.45     711.42
 1    4109.00    3825.82    3825.82    3460.84    3460.84    3878.03    3878.03    6470.77    6470.77    2696.23    2696.23     672.21     672.21     482.33     482.33     609.84     609.84    5294.98    5294.98    8021.24    8021.24    3598.06    3598.06    3463.61    3463.61    3363.82    3363.82
 2     783.00     728.73     728.73     659.21     659.21     738.67     738.67    1232.53    1232.53     513.57     513.57     128.04     128.04      91.87      91.87     116.16     116.16    1008.57    1008.57    1527.86    1527.86     685.34     685.34     659.74     659.74     640.73     640.73
 3    3537.00   12157.88   10938.93    2221.15    4498.67    8920.42    8400.36   12584.92   12584.92   12584.92   10622.92    5301.96    6811.08    6439.49    6036.51     190.51     453.20    6026.93    5385.03    2790.96    2721.62    1113.38    1049.04    2526.17    2646.06    8044.00    7396.47
 4    1379.00     433.56     873.66    2503.02    2538.88    1481.65     950.60     378.64     378.64     378.64     378.64     378.64     378.64     378.64     378.64    1070.98    1335.07    1179.82    1262.31    1285.00     871.35     630.89     787.39     760.54     609.42     407.41     435.43
 1    4109.00    3961.65    3961.65    2987.29    2987.29    1381.84    1381.84    2801.57    2801.57     717.95     717.95    1548.16    1548.16    1590.20    1590.20    1523.21    1523.21    2037.88    2037.88    4081.31    4081.31    3878.95    3878.95    1231.23    1231.23     393.16     393.16
 2     783.00     754.60     754.60     569.01     569.01     263.21     263.21     533.63     533.63     136.75     136.75     294.89     294.89     302.90     302.90     290.14     290.14     388.17     388.17     777.39     777.39     738.85     738.85     234.52     234.52      74.89      74.89
 3    3537.00   11981.64    9677.96    1005.72    1005.72    1005.72    1005.72    1005.72    1005.72    1005.72    1005.72    1005.72    1005.72    1005.72    1005.72    1005.72    1005.72     678.32     782.13    2941.27    3119.46    7883.95    7883.95    7883.95    7883.95    6619.48    4755.97
 4    1379.00     428.74     292.77     586.33     586.33     586.33     586.33     586.33     586.33     586.33     586.33     586.33     586.33     586.33     586.33     586.33     586.33     857.76     790.72     778.73     721.61     307.23     307.23     307.23     307.23     307.23     307.23
 1    4109.00    3854.93    3854.93    6803.41    6803.41    6914.29    6914.29    2463.85    2463.85    1488.10    1488.10    5429.42    5429.42    4542.38    4542.38    6119.65    6119.65     642.64     642.64     327.10     327.10     173.25     173.25    2683.30    2683.30    3946.87    3946.87
 2     783.00     734.27     734.27    1295.89    1295.89    1317.01    1317.01     469.30     469.30     283.45     283.45    1034.18    1034.18     865.22     865.22    1165.65    1165.65     122.41     122.41      62.30      62.30      33.00      33.00     511.10     511.10     751.78     751.78
 3    3537.00   11386.57    9913.32    1612.31    1612.31    1612.31    1612.31    1612.31    1612.31    1612.31    1612.31    2319.59    2962.32    3432.88    3432.88    3432.88    3432.88    3432.88    3432.88    3432.88    3432.88    3432.88     336.56    4445.70    4254.78    9068.59    9746.50
 4    1379.00     416.52     277.33     661.35     661.35     661.35     661.35     661.35     661.35     661.35     661.35     872.26     827.93     619.25     619.25     619.25     619.25     619.25     619.25     619.25     619.25     619.25     985.48     730.38     750.29     745.57     404.04
 1    4109.00    4498.49    4498.49    3249.71    3249.71    1699.24    1699.24    1347.19    1347.19    2727.19    2727.19    4474.47    4474.47    4172.78    4172.78    1782.40    1782.40    2020.79    2020.79    5313.46    5313.46    3362.90    3362.90     166.32     166.32     141.37     141.37
 2     783.00     856.86     856.86     618.99     618.99     323.66     323.66     256.61     256.61     519.46     519.46     852.28     852.28     794.82     794.82     339.50     339.50     384.91     384.91    1012.09    1012.09     640.55     640.55      31.68      31.68      26.93      26.93
 3    3537.00   12014.94   10335.98    1999.25    1999.25    1999.25    1999.25     702.40    1170.72    4019.62    4879.41   11854.05   10105.77    2124.40    2124.40    2124.40     743.92    3400.56    4650.40    8829.45    8829.45    8829.45    3648.17    1526.89    2413.31    3881.57    5645.96
 4    1379.00     412.92     338.36     715.00     715.00     715.00     715.00     812.37     901.97     803.91    1216.48     538.81     345.88     580.95     580.95     580.95     750.81     920.02     833.23     254.39     254.39     254.39     254.39     254.39     254.39     254.39     254.39
 1    4109.00    4145.99    4145.99    4412.56    4412.56    2744.28    2744.28    2225.92    2225.92    1140.22    1140.22    3725.11    3725.11    3746.82    3746.82    2676.37    2676.37    1255.72    1255.72     855.62     855.62    1310.23    1310.23     914.30     914.30     344.65     344.65
 2     783.00     789.71     789.71     840.49     840.49     522.72     522.72     423.98     423.98     217.18     217.18     709.54     709.54     713.68     713.68     509.78     509.78     239.18     239.18     162.98     162.98     249.57     249.57     174.15     174.15      65.65      65.65
 3    3537.00   13526.30   10758.80    1158.71    1158.71    1158.71    1158.71    1158.71    1810.45    1848.70    2964.28    5366.07    4324.56    4324.56    4324.56    4324.56    4324.56    4324.56    4324.56    4324.56    4324.56    4324.56    4324.56    4324.56    1555.07     308.97     834.40
 4    1379.00     425.08     309.78     689.67     689.67     689.67     689.67     689.67    1031.32    1143.53    1037.20     573.67     571.12     571.12     571.12     571.12     571.12     571.12     571.12     571.12     571.12     571.12     571.12     571.12     833.07    2247.75    2481.09
 1    4109.00    3186.41    3186.41    3574.03    3574.03    5627.62    5627.62    1954.72    1954.72     559.48     559.48     352.51     352.51     240.24     240.24      85.47      85.47     218.53     218.53     539.15     539.15     672.67     672.67     772.00     772.00     252.25     252.25
 2     783.00     606.94     606.94     680.77     680.77    1071.93    1071.93     372.33     372.33     106.57     106.57      67.14      67.14      45.76      45.76      16.28      16.28      41.62      41.62     102.70     102.70     128.13     128.13     147.05     147.05      48.05      48.05
 3    3537.00    2333.02    2536.49    4496.43    4251.29    8405.79    8405.79    8405.79    6716.46    4990.08    6761.98    6766.87    4583.36    4652.06    4472.39    3265.98    5888.64    6700.32    8405.79    8405.79    8405.79    8405.79    8405.79    8405.79    7832.77    3981.99    3928.09
 4    1379.00    1174.55     992.64     806.75     783.26     276.50     276.50     276.50     276.50     276.50     276.50     276.50     276.50     276.50     276.50     276.50     276.50     276.50     276.50     276.50     276.50     276.50     276.50     276.50     276.50     276.50     276.50
 1    4109.00    3413.72    3413.72    4807.11    4807.11    4342.34    4342.34    1597.13    1597.13    1731.58    1731.58    1039.04    1039.04     434.74     434.74     655.12     655.12    1466.39    1466.39    3602.68    3602.68    1025.18    1025.18    2636.63    2636.63    4971.12    4971.12
 2     783.00     650.23     650.23     915.64     915.64     827.11     827.11     304.22     304.22     329.82     329.82     197.91     197.91      82.81      82.81     124.78     124.78     279.31     279.31     686.22     686.22     195.27     195.27     502.22     502.22     946.88     946.88
 3    3537.00    2568.94    2670.74    4075.88    3614.58    2176.16    2176.16    2176.16    2176.16    2176.16    2176.16    2176.16    2176.16    2176.16    2176.16    2176.16     715.86    3577.44    4519.64    7600.33    8785.17     675.99    1384.53    5016.77    5454.91   13505.19   10085.08
 4    1379.00    1352.16     996.30     592.57     618.60     593.03     593.03     593.03     593.03     593.03     593.03     593.03     593.03     593.03     593.03     593.03     848.86     860.84     699.96     341.99     587.64    1072.68    1212.45    1107.94    1304.26     585.79     299.00
 1    4109.00    4673.13    4673.13    4221.29    4221.29    4471.70    4471.70    3279.28    3279.28    2717.48    2717.48    4052.20    4052.20    2774.31    2774.31    2396.86    2396.86    3995.38    3995.38    2545.16    2545.16    1498.27    1498.27    6237.46    6237.46    5926.07    5926.07
 2     783.00     890.12     890.12     804.06     804.06     851.75     851.75     624.62     624.62     517.62     517.62     771.85     771.85     528.44     528.44     456.54     456.54     761.02     761.02     484.79     484.79     285.38     285.38    1188.09    1188.09    1128.78    1128.78
 3    3537.00    2891.18    3750.31    1426.42    1349.14    4394.38    4292.89    3392.32    2817.82    1555.20    1315.28    4691.06    4532.29    4532.29     738.03    3230.67    3552.83   10428.47    8897.98     757.59     948.23    5570.38    6329.19   13006.52    9563.29    2277.67    1626.40
 4    1379.00    1102.73    1039.10    1034.54     996.45    1060.34     924.82    1011.82     860.00     879.24     928.47     541.82     507.44     507.44     649.25     758.50     912.39     509.35     463.06    1062.97    1705.33    1910.30    1279.06     298.77     314.18     638.00     724.63
 1    4109.00    3951.49    3951.49    6378.83    6378.83    3383.23    3383.23    1635.48    1635.48     417.65     417.65     980.83     980.83    2062.37    2062.37    1668.28    1668.28    1950.10    1950.10     938.78     938.78    1844.30    1844.30    2931.39    2931.39    2513.74    2513.74
 2     783.00     752.66     752.66    1215.02    1215.02     644.42     644.42     311.52     311.52      79.55      79.55     186.82     186.82     392.83     392.83     317.77     317.77     371.45     371.45     178.82     178.82     351.30     351.30     558.36     558.36     478.81     478.81
 3    3537.00   10027.29    9154.03    2217.85    2217.85    2217.85    2217.85    2217.85    2217.85    2217.85    2217.85    1062.46    1062.46    1062.46    1062.46    1062.46    1062.46    1062.46    1062.46    1062.46     468.94    3956.03    4635.03    5354.67    5566.84    1724.13    1389.89
 4    1379.00     752.01     584.40     914.17     914.17     914.17     914.17     914.17     914.17     914.17     914.17     584.30     584.30     584.30     584.30     584.30     584.30     584.30     584.30     584.30     888.81     870.76    1151.42    1093.59    1033.27     912.44     794.97
 1    4109.00    5286.67    5286.67    3687.68    3687.68    4856.08    4856.08    3335.64    3335.64     836.22     836.22    2922.61    2922.61    7716.32    7716.32    5034.41    5034.41    1070.45    1070.45    1815.20    1815.20    4040.65    4040.65    1204.90    1204.90    2592.74    2592.74
 2     783.00    1006.98    1006.98     702.42     702.42     924.97     924.97     635.36     635.36     159.28     159.28     556.69     556.69    1469.78    1469.78     958.94     958.94     203.90     203.90     345.75     345.75     769.65     769.65     229.50     229.50     493.86     493.86
 3    3537.00   13769.30   11784.04     981.34    1286.27    5012.76    5012.76    5012.76    5012.76     312.60     678.70    7474.37    7230.85   11547.39    9077.40    1803.62    1803.62    1803.62    1803.62    1803.62    1803.62    1803.62    1803.62    1803.62    1803.62    2899.93    2784.28
 4    1379.00     480.33     414.06    1035.43    1059.84     710.39     710.39     710.39     710.39    1095.11    1442.22    1189.00    1054.21     431.19     482.19     707.04     707.04     707.04     707.04     707.04     707.04     707.04     707.04     707.04     707.04     804.16     606.59
 1    4109.00    5287.59    5287.59    5133.28    5133.28    2284.13    2284.13    3698.77    3698.77    2977.13    2977.13    1260.34    1260.34    2199.58    2199.58    3180.87    3180.87    3429.89    3429.89    3434.97    3434.97    3351.81    3351.81    1462.23    1462.23    2015.24    2015.24
 2     783.00    1007.16    1007.16     977.77     977.77     435.07     435.07     704.53     704.53     567.07     567.07     240.06     240.06     418.97     418.97     605.88     605.88     653.31     653.31     654.28     654.28     638.44     638.44     278.52     278.52     383.86     383.86
 3    3537.00   12916.33   11943.04    1054.33     987.78     808.46     927.81     927.81     927.81     927.81     927.81     927.81     758.59    4072.49    4004.78   10153.15    9307.46    1056.07    1309.82    1309.82    2701.43    7283.81    6006.48     483.35     755.63    4407.87    4370.12
 4    1379.00     464.08     398.62     807.86     762.72     654.51     664.18     664.18     664.18     664.18     664.18     664.18     886.72     810.07     857.10     587.15     480.87     812.28     749.02     749.02     623.79     277.38     407.94     991.57    1006.65     914.96     978.46
 1    4109.00    5316.23    5316.23    2507.27    2507.27    2188.49    2188.49    1922.84    1922.84     927.70     927.70    1320.86    1320.86    1448.83    1448.83    1519.06    1519.06    2874.56    2874.56    4082.23    4082.23    2388.08    2388.08    3189.65    3189.65    3438.67    3438.67
 2     783.00    1012.62    1012.62     477.58     477.58     416.86     416.86     366.26     366.26     176.70     176.70     251.59     251.59     275.97     275.97     289.34     289.34     547.54     547.54     777.57     777.57     454.87     454.87     607.55     607.55     654.98     654.98
 3    3537.00   10744.49    8941.08     930.29     930.29     930.29     930.29     930.29     930.29     930.29     930.29     982.80     982.80     982.80     982.80    1099.24    1164.87    3582.53    3882.20   12791.76   10494.67    1314.46    1523.85    3222.01    4218.27    8657.80    8657.80
 4    1379.00     768.10     580.89     739.02     739.02     739.02     739.02     739.02     739.02     739.02     739.02     726.67     726.67     726.67     726.67    1406.63    1502.97    1187.61    1155.52     517.80     358.00     655.98     746.28     854.67     882.96     281.40     281.40
 1    4109.00   12784.00   12784.00    5570.80    5570.80    4333.10    4333.10    3649.80    3649.80    2415.80    2415.80    1036.27    1036.27     915.68     915.68     693.92     693.92    1419.73    1419.73    7842.91    7842.91    4501.27    4501.27    2473.09    2473.09    1877.57    1877.57
 2     783.00    2435.05    2435.05    1061.10    1061.10     825.35     825.35     695.20     695.20     460.15     460.15     197.38     197.38     174.42     174.42     132.18     132.18     270.42     270.42    1493.89    1493.89     857.38     857.38     471.06     471.06     357.63     357.63
 3    3537.00   12942.85    8938.12    8683.49   10016.98    8736.51    9647.70   10582.81    9301.99    9301.99    8108.42    7272.54    7609.48    7188.06    9221.83    7924.09     220.50    2539.75    3346.48   11046.22   11087.06     737.01    1043.87    1043.87    1043.87    1043.87    1043.87
 4    1379.00     474.72     503.96     764.91     536.55     532.49     712.58     415.85     259.62     259.62     259.62     259.62     259.62     259.62     259.62     259.62    1156.16    1060.50    1141.99     578.04     592.05     739.75     614.49     614.49     614.49     614.49     614.49
 1    4109.00    2531.76    2531.76    3494.11    3494.11    4012.93    4012.93    4676.83    4676.83    4721.64    4721.64    6124.73    6124.73    3044.12    3044.12    1142.53    1142.53    1034.88    1034.88    1201.20    1201.20    2484.17    2484.17    3274.66    3274.66    2847.77    2847.77
 2     783.00     482.24     482.24     665.54     665.54     764.37     764.37     890.82     890.82     899.36     899.36    1166.62    1166.62     579.83     579.83     217.62     217.62     197.12     197.12     228.80     228.80     473.18     473.18     623.74     623.74     542.43     542.43
 3    3537.00    2579.29    2936.36    4427.24    4332.43    3553.00    3713.95    5694.75    4714.17    2305.83    2305.83    2305.83    2305.83    2305.83    2305.83    2305.83    2305.83    1303.63    1655.62    1655.62    1655.62    1655.62    7457.66    1983.61    1776.90    4695.16    4941.12
 4    1379.00    1321.48     987.43     845.12    1194.43    1531.19    1008.07     697.34     639.51     675.69     675.69     675.69     675.69     675.69     675.69     675.69     675.69     762.54     867.65     867.65     867.65     867.65     348.46     829.96    1395.35    1384.23     899.51
 1    4109.00    1437.74    1437.74    3998.15    3998.15    3469.16    3469.16    2830.21    2830.21    1585.12    1585.12    1006.24    1006.24    1180.87    1180.87    1217.83    1217.83    4463.38    4463.38    4964.19    4964.19    2831.14    2831.14    1280.66    1280.66     671.75     671.75
 2     783.00     273.86     273.86     761.55     761.55     660.79     660.79     539.09     539.09     301.93     301.93     191.66     191.66     224.93     224.93     231.97     231.97     850.17     850.17     945.56     945.56     539.26     539.26     243.94     243.94     127.95     127.95
 3    3537.00    1597.66    2118.74    5953.33    5381.44    3252.96    3614.29    1611.96    1418.88    1418.88    1418.88    1418.88    1418.88    1418.88    8189.47     803.59    1095.54    6140.26    6227.69   10910.44    8837.41    8837.41    8837.41    6045.34    5163.90    4433.32    6176.44
 4    1379.00    1167.07    1099.70    1094.94    1119.31    1086.66     800.95     676.46     632.54     632.54     632.54     632.54     632.54     632.54     570.73    1225.08    1216.75    1026.02     990.56     422.91     312.42     312.42     312.42     312.42     312.42     312.42     312.42
 1    4109.00    3859.09    3859.09    3859.55    3859.55    3489.02    3489.02    3578.65    3578.65    2605.68    2605.68    3750.05    3750.05    1872.95    1872.95    3965.35    3965.35    5416.03    5416.03    4574.26    4574.26     974.36     974.36     680.53     680.53     261.03     261.03
 2     783.00     735.06     735.06     735.15     735.15     664.58     664.58     681.65     681.65     496.32     496.32     714.30     714.30     356.75     356.75     755.30     755.30    1031.62    1031.62     871.29     871.29     185.59     185.59     129.62     129.62      49.72      49.72
 3    3537.00    3709.26    3636.63    3242.00    3104.68    8525.19    7065.09    1592.07    1426.72    1426.72    1426.72    1426.72    5939.26     488.04    1056.60    4304.70    3307.65    8329.55    6994.63    6994.63    6994.63    4152.21    5809.51    5153.25    3398.71    4118.54    5164.58
 4    1379.00    1294.54     990.39     726.91     735.84     342.62     416.93     743.31     659.64     659.64     659.64     659.64     649.11     968.25     734.80     639.58     770.16     450.73     387.76     387.76     387.76     387.76     387.76     387.76     387.76     387.76     387.76
 1    4109.00    7171.63    7171.63    3367.06    3367.06    2829.29    2829.29    4038.80    4038.80    2428.73    2428.73    1906.21    1906.21    5884.03    5884.03    3062.60    3062.60     825.59     825.59     233.77     233.77     326.17     326.17     456.92     456.92     285.52     285.52
 2     783.00    1366.02    1366.02     641.34     641.34     538.91     538.91     769.30     769.30     462.62     462.62     363.09     363.09    1120.77    1120.77     583.35     583.35     157.26     157.26      44.53      44.53      62.13      62.13      87.03      87.03      54.38      54.38
 3    3537.00   13209.06   10493.30     529.65     776.71    3556.15    3556.15    3556.15    3556.15     380.91     712.87    4187.52    4436.99    8761.75    8761.75    8761.75    8761.75    4215.11    4364.59    4162.39    3988.39    5788.74    6958.21    5486.65    6112.90    5284.34    3112.62
 4    1379.00     454.92     366.97     898.06     841.62     656.79     656.79     656.79     656.79     862.63    1131.38    1036.61     734.80     347.89     347.89     347.89     347.89     347.89     347.89     347.89     347.89     347.89     347.89     347.89     347.89     347.89     347.89
 1    4109.00    6156.61    6156.61    3854.93    3854.93    2781.24    2781.24    2304.46    2304.46    1840.15    1840.15    2905.52    2905.52    4002.77    4002.77    4775.69    3584.38     206.98     206.98    2652.34    2652.34    5643.79    5643.79    4038.34    4038.34    1525.52    1525.52
 2     783.00    1172.69    1172.69     734.27     734.27     529.76     529.76     438.94     438.94     350.50     350.50     553.43     553.43     762.43     762.43     909.66     909.66      39.42      39.42     505.21     505.21    1075.01    1075.01     769.21     769.21     290.58     290.58
 3    3537.00   12938.26   10322.41     657.55     886.82    3631.36    3631.36    3631.36    3631.36    3631.36     495.38    2581.08    3168.05   10789.40   10789.40   10789.40    2843.59     475.48    1371.20    4189.55    4169.38    8136.42    8136.42    8136.42    8136.42    6538.50    4874.48
 4    1379.00     443.38     392.42    1019.68     981.12     666.04     666.04     666.04     666.04     666.04     828.54     791.71     967.22     396.27     396.27     396.27     396.27     812.89    1042.54     989.69     682.58     362.42     362.42     362.42     362.42     362.42     362.42
 1    4109.00    4442.59    4442.59    4771.54    4771.54    5021.94    5021.94    5614.69    5614.69    4426.88    4426.88    3755.14    3755.14    1971.82    1971.82    2436.13    2436.13    1847.54    1847.54    1954.26    1954.26    2496.19    2496.19    2714.71    2714.71    3905.75    3905.75
 2     783.00     846.21     846.21     908.86     908.86     956.56     956.56    1069.46    1069.46     843.22     843.22     715.26     715.26     375.58     375.58     464.02     464.02     351.91     351.91     372.24     372.24     475.46     475.46     517.09     517.09     743.95     743.95
 3    3537.00    3538.73    3852.24    4465.81    3643.93    2292.31    2165.20    3829.69    3085.24     929.57     943.75     943.75     943.75     943.75    3468.19    1967.89    2068.39    8930.76    8032.15    1360.62    1151.44    4214.32    5089.98    4471.79    4471.79    4471.79    4471.79
 4    1379.00    1283.52    1014.05     675.84     796.11    1042.06     941.29     685.34     660.88     831.06     635.93     635.93     635.93     635.93     764.17     860.05     917.51     514.19     401.22     747.25     883.05     900.42     778.01     822.57     822.57     822.57     822.57
 1    4109.00    5645.18    5645.18    6336.79    6336.79    3055.21    3055.21    5107.87    5107.87    3058.44    3058.44     892.58     892.58     908.75     908.75    2553.47    2553.47    1449.76    1449.76     596.90     596.90    1131.44    1131.44    1568.03    1568.03    3373.99    3373.99
 2     783.00    1075.27    1075.27    1207.01    1207.01     581.94     581.94     972.93     972.93     582.56     582.56     170.02     170.02     173.10     173.10     486.38     486.38     276.14     276.14     113.70     113.70     215.51     215.51     298.67     298.67     642.66     642.66
 3    3537.00    3893.64    3321.14    1509.98    1069.52    1102.91     844.27    4652.14    4652.14    4652.14    4652.14    4652.14     430.12    3227.94    3227.94    3227.94    3227.94    3227.94    3227.94    3227.94     245.70    3806.90    4279.75    2053.12    2884.71    2884.71    2884.71
 4    1379.00    1279.07     949.49     814.04     622.19     863.37     857.91     666.65     666.65     666.65     666.65     666.65     750.36     529.48     529.48     529.48     529.48     529.48     529.48     529.48     854.12     745.12     943.59     846.04     710.51     710.51     710.51
 1    4109.00    7482.55    7482.55    5503.81    5503.81    2768.30    2768.30    2061.44    2061.44    1889.12    1889.12    2054.51    2054.51    1824.44    1824.44    2509.12    2509.12    3374.45    3374.45    5729.72    5729.72    5600.36    5600.36    3424.34    3424.34    3571.26    3571.26
 2     783.00    1425.25    1425.25    1048.34    1048.34     527.30     527.30     392.66     392.66     359.83     359.83     391.34     391.34     347.51     347.51     477.93     477.93     642.75     642.75    1091.38    1091.38    1066.74    1066.74     652.26     652.26     680.24     680.24
 3    3537.00   12291.51   10108.14     701.90    1041.53    1041.53    1041.53    1041.53    1041.53    1041.53    1041.53    1041.53    2798.76     944.43    1349.72    5038.33    6302.60    3705.50    4125.62    7028.82    6432.88    3143.80    2624.94    1295.78    1295.78    1295.78    1295.78
 4    1379.00     444.07     345.59     781.25     673.07     673.07     673.07     673.07     673.07     673.07     673.07     673.07     775.82     993.88    1102.00    1374.62    1405.20    1336.50    1304.88    1261.37     927.18     856.71     716.58     596.44     596.44     596.44     596.44
 1    4109.00    6866.71    6866.71    4437.51    4437.51    1877.57    1877.57    1693.23    1693.23    1235.85    1235.85    1384.61    1384.61    3803.18    3803.18    3801.80    3801.80    1241.39    1241.39    1846.15    1846.15    1092.63    1092.63    1941.32    1941.32    3189.19    3189.19
 2     783.00    1307.94    1307.94     845.24     845.24     357.63     357.63     322.52     322.52     235.40     235.40     263.74     263.74     724.42     724.42     724.15     724.15     236.46     236.46     351.65     351.65     208.12     208.12     369.78     369.78     607.46     607.46
 3    3537.00   12128.86   10233.60     597.21     597.21     597.21     597.21     597.21     597.21     597.21     597.21     597.21     597.21     597.21     597.21     597.21     597.21     597.21     597.21     597.21     597.21     597.21     597.21     811.28    1049.65    2780.88    3788.53
 4    1379.00     441.61     369.51     721.86     721.86     721.86     721.86     721.86     721.86     721.86     721.86     721.86     721.86     721.86     721.86     721.86     721.86     721.86     721.86     721.86     721.86     721.86     721.86     887.53    1530.11    1772.53    1868.38
 1    4109.00    6836.21    6836.21    4989.14    4989.14    2720.26    2720.26    1801.34    1801.34    2135.36    2135.36    4422.73    4422.73    1072.76    1072.76    1176.25    1176.25     822.36     822.36     247.63     247.63     440.75     440.75     392.24     392.24     905.98     905.98
 2     783.00    1302.14    1302.14     950.31     950.31     518.14     518.14     343.11     343.11     406.74     406.74     842.42     842.42     204.34     204.34     224.05     224.05     156.64     156.64      47.17      47.17      83.95      83.95      74.71      74.71     172.57     172.57
 3    3537.00   12016.34   10119.96     670.79     520.09     520.09     841.89    3029.24    4375.16    6304.23    5897.45    5897.45    5897.45    5897.45    5897.45    5897.45    5897.45    4356.17    2279.81    2871.68    3680.17    3160.02    3767.29    5897.45     235.46     631.04    1646.21
 4    1379.00     440.54     291.40     689.56     812.03     812.03     805.53    1145.11    1199.27    1031.93     842.78     842.78     842.78     842.78     842.78     842.78     842.78     842.78     842.78     842.78     842.78     842.78     842.78     842.78    1128.51    1369.82    1318.61
 1    4109.00    5147.14    5147.14    2820.51    2820.51    2002.31    2002.31    2168.63    2168.63    1290.83    1290.83     751.67     751.67     903.21     903.21    3422.50    3422.50    2247.63    2247.63     592.28     592.28     174.64     174.64     541.46     541.46     672.21     672.21
 2     783.00     980.41     980.41     537.24     537.24     381.39     381.39     413.07     413.07     245.87     245.87     143.18     143.18     172.04     172.04     651.90     651.90     428.12     428.12     112.82     112.82      33.26      33.26     103.14     103.14     128.04     128.04
 3    3537.00   12786.86    9980.81     753.28     753.28     753.28     753.28     753.28     753.28     753.28     753.28     753.28     753.28    2404.81    2809.86    8563.61    8563.61    8563.61    8032.14    4039.20    4042.03    4860.24    7953.84    8563.61    7760.06    6272.77    7621.21
 4    1379.00     466.60     324.70     670.88     670.88     670.88     670.88     670.88     670.88     670.88     670.88     670.88     670.88     688.13     565.22     546.01     546.01     546.01     546.01     546.01     546.01     546.01     546.01     546.01     546.01     546.01     546.01
 1    4109.00    7752.36    7752.36   10650.95   10650.95    1488.10    1488.10    1430.81    1430.81    1809.65    1809.65    1482.10    1482.10    2276.74    2276.74    3070.91    3070.91    4503.11    4503.11    5479.78    5479.78    1048.74    1048.74    1148.07    1148.07    2133.05    2133.05
 2     783.00    1476.64    1476.64    2028.75    2028.75     283.45     283.45     272.54     272.54     344.70     344.70     282.30     282.30     433.66     433.66     584.94     584.94     857.74     857.74    1043.77    1043.77     199.76     199.76     218.68     218.68     406.30     406.30
 3    3537.00   12859.89   10574.20     784.50     784.50     784.50     784.50     784.50     784.50     784.50     784.50     784.50     784.50    1259.02    1291.03    1962.23    2053.22    8323.65    7285.73    7285.73    7285.73    4079.12    7285.73     313.84     710.94    4299.32    4607.11
 4    1379.00     439.11     361.43     739.03     739.03     739.03     739.03     739.03     739.03     739.03     739.03     739.03     739.03     634.01     733.46     941.00     719.22     429.32     355.32     355.32     355.32     355.32     355.32     743.25    1145.29     848.64     685.86
 1    4109.00    5636.40    5636.40    4044.35    4044.35    2176.94    2176.94    3556.94    3556.94    2124.74    2124.74    2421.34    2421.34    3322.70    3322.70    6541.46    6541.46    3985.21    3985.21    3682.60    3682.60    3009.93    3009.93    3913.14    3913.14    2259.64    2259.64
 2     783.00    1073.60    1073.60     770.35     770.35     414.66     414.66     677.51     677.51     404.71     404.71     461.21     461.21     632.90     632.90    1245.99    1245.99     759.09     759.09     701.45     701.45     573.32     573.32     745.36     745.36     430.41     430.41
 3    3537.00   11782.57   10543.37     961.94     961.94     512.79     512.79     512.79     512.79     512.79    6165.97     846.02     869.83    4711.25    4150.61   10019.03    8463.22     760.32     921.10    1875.64    2375.58    4282.78    4282.78    4282.78    4282.78    4282.78    3870.37
 4    1379.00     403.43     300.10     623.77     623.77     686.64     686.64     686.64     686.64     686.64     333.95    1029.25    1251.90    1029.19     895.71     427.79     498.60     761.79     700.99     823.41     921.23     763.96     763.96     763.96     763.96     763.96     763.96
 1    4109.00    6253.63    6253.63    4400.09    4400.09    3184.10    3184.10    3214.60    3214.60    2301.22    2301.22    1654.88    1654.88    3097.71    3097.71    2574.26    2574.26    2842.69    2842.69    2262.88    2262.88    3610.07    3610.07    6207.89    6207.89    2854.70    2854.70
 2     783.00    1191.17    1191.17     838.11     838.11     606.50     606.50     612.30     612.30     438.33     438.33     315.22     315.22     590.04     590.04     490.34     490.34     541.46     541.46     431.02     431.02     687.63     687.63    1182.46    1182.46     543.75     543.75
 3    3537.00   13155.48   10702.46    1606.18    1819.78    1819.78     436.97    3664.01    3714.65    1038.94     976.42     976.42     976.42     976.42     976.42     976.42     976.42    3881.58    4583.61     984.85     984.85     984.85    2684.56    7735.15    6685.14     394.29     448.63
 4    1379.00     445.37     332.02     588.18     641.78     641.78     785.62     733.00     670.47     784.97     906.99     906.99     906.99     906.99     906.99     906.99     906.99     935.83     736.90     717.73     717.73     717.73     633.15     413.02     550.85     773.38     732.64
 1    4109.00    4722.10    4722.10    2499.42    2499.42    4253.17    4253.17    1495.96    1495.96     964.19     964.19    1105.57    1105.57    2723.03    2723.03    5468.69    5468.69    1084.31    1084.31     636.17     636.17    1245.09    1245.09    2711.02    2711.02    3358.74    3358.74
 2     783.00     899.45     899.45     476.08     476.08     810.13     810.13     284.94     284.94     183.66     183.66     210.58     210.58     518.67     518.67    1041.66    1041.66     206.54     206.54     121.18     121.18     237.16     237.16     516.38     516.38     639.76     639.76
 3    3537.00    3114.74    3046.07    3046.07    3046.07    3046.07    3046.07    3046.07    3046.07    3046.07    3046.07     708.83     817.61    3931.25    3931.25    3931.25    3931.25    3931.25    3931.25    3931.25    3931.25    3931.25    3931.25    3587.53    3443.36    2808.93    2808.93
 4    1379.00    1078.29     860.02     860.02     860.02     860.02     860.02     860.02     860.02     860.02     860.02     641.59     739.99     622.17     622.17     622.17     622.17     622.17     622.17     622.17     622.17     622.17     622.17     587.00     700.68     611.55     611.55
 1    4109.00    4033.72    4033.72    3294.98    3294.98    3628.55    3628.55    1693.23    1693.23    2578.88    2578.88    2714.25    2714.25    1519.98    1519.98    2303.07    2303.07    1384.61    1384.61     890.27     890.27     854.70     854.70    2589.51    2589.51    3655.81    3655.81
 2     783.00     768.33     768.33     627.62     627.62     691.15     691.15     322.52     322.52     491.22     491.22     517.00     517.00     289.52     289.52     438.68     438.68     263.74     263.74     169.58     169.58     162.80     162.80     493.24     493.24     696.34     696.34
 3    3537.00    3431.67    3114.82    1550.83    1390.98    1390.98    1390.98    1390.98    1390.98    1390.98    1390.98    1390.98    1390.98    1390.98    1390.98    1390.98    1390.98    1390.98    1390.98     693.22     880.85    4038.51    4038.51    4038.51    4038.51    4038.51    4038.51
 4    1379.00    1262.58     992.87     885.96     817.35     817.35     817.35     817.35     817.35     817.35     817.35     817.35     817.35     817.35     817.35     817.35     817.35     817.35     817.35     808.50     901.98     847.96     847.96     847.96     847.96     847.96     847.96
 1    4109.00    4657.42    4657.42    6965.11    6965.11    5610.99    5610.99    5301.91    5301.91    4202.35    4202.35    1432.66    1432.66    3377.22    3377.22    3947.79    3947.79    1881.73    1881.73     661.58     661.58     807.58     807.58     823.75     823.75    1051.51    1051.51
 2     783.00     887.13     887.13    1326.69    1326.69    1068.76    1068.76    1009.89    1009.89     800.45     800.45     272.89     272.89     643.28     643.28     751.96     751.96     358.42     358.42     126.02     126.02     153.82     153.82     156.90     156.90     200.29     200.29
 3    3537.00   11214.18    9085.49    2506.49    2126.67     807.53     725.85    1569.54    1669.16    3823.79    4652.11     926.92     926.92     926.92     926.92    7016.90    7016.90    7016.90    7016.90    4916.78    6054.24    5216.49    5594.44    6090.79    5442.17    4919.27    6043.62
 4    1379.00     732.27     554.26     840.16     737.44     964.72     872.57     682.27     677.80     839.74     690.72     748.26     748.26     748.26     748.26     314.89     314.89     314.89     314.89     314.89     314.89     314.89     314.89     314.89     314.89     314.89     314.89
