2019 2020 2021 2022 2023 2024 2025 2026 2027 2028 2029 2030 2031 2032 2033 2034 2035 2036 2037 2038 2039 2040 2041 2042 2043 2044 2045
 0.3700447  0.2273152  0.1986311  0.3903162  0.4146270  0.2182957  0.1840632  0.6451352  1.2134990        NaN        NaN  9.1951673        NaN        NaN        NaN        NaN        NaN        NaN        NaN  2.5829062        NaN        NaN        NaN        NaN  0.2443655  0.2492761  0.2370523
 0.3581629  0.2421021  0.2278151  0.6999813  0.9173392  1.2303441  1.7057509  1.3375074  1.6858584  1.2359480  1.0783368  1.1697107  1.1925312  1.3593081  1.4500096  1.3670521  0.0996807  0.0950280  0.0977527  1.0146438  1.9022299        NaN        NaN        NaN        NaN  4.0921364        NaN
 0.3469262  0.3528704  0.3735426  0.4987348  0.5466926  0.5556848  0.7834837  0.3714043  0.3382859  0.2471074  0.2549876  0.3286568  0.3110775  0.1818675  0.1699114  0.3015293  0.3090338  0.3083204  0.3076350  0.2612370  0.2715583  0.4578853  0.5920947  0.2961712  0.2065593  0.1933805  0.1832210
 0.3481117  0.1533082  0.1425105  0.5964116  0.7596447  1.0282667  4.7063219        NaN  0.1457232  0.0757658  0.0737724  0.1137610  0.1039279  0.1860055  0.1716108  0.1745234  0.1849072  0.4579631  0.5338540  0.2879379  0.2749290  0.4483653  0.4338523  0.5405956  0.8042732  0.8339022  1.2187932
 0.3492800  0.2070592  0.1961383  0.3823805  0.4469540  0.3530121  0.3656370  1.1140563  1.8370990  3.0744074        NaN        NaN  4.1469394  0.0925904  0.0827887  0.2522170  0.2588238  0.3592093  0.3916339  0.2079149  0.1895517  0.3558448  0.4401766  0.6545931  1.2007219  0.3835765  0.2716678
 0.3398981  0.3306777  0.3352859  1.1244553        NaN        NaN        NaN  2.6354024        NaN        NaN        NaN        NaN        NaN        NaN        NaN        NaN        NaN        NaN        NaN        NaN        NaN        NaN        NaN        NaN        NaN        NaN        NaN
 0.3830502  0.4211303  0.4322997  0.5411120  0.6656540  0.8045181  1.7280154        NaN        NaN        NaN        NaN  1.8768338  5.7712169  2.1317691  2.4968934        NaN        NaN        NaN  1.4832539  0.0679160  0.0689342  0.1298113  0.1189060  0.4905475  0.5107840  0.6163921  1.0864453
 0.3706689  0.1113984  0.1042593  0.1139768  0.1246421  0.2874014  0.3397429  0.4624150  0.4517809  0.2272514  0.2003648  0.7119679  1.2610955        NaN        NaN        NaN  0.0869159  0.2214008  0.1847458  1.3760435        NaN        NaN        NaN  2.5381599        NaN        NaN  0.0751860
 0.3644012  0.4339553  0.4255295  1.2541625        NaN        NaN        NaN  2.7611600  0.0672424  0.1424471  0.1160835  0.4011651  0.3909609  0.4397638  0.5939678  0.7005363  1.3785241  2.4114327  2.2003869  2.1589980  2.2505971  1.2830004  0.1314975  0.0895530  0.0610904  0.1492826  0.1339838
 0.3855958  0.3290836  0.3282293  0.7464320  0.9386816  1.1781626        NaN        NaN        NaN        NaN        NaN        NaN        NaN  2.9019692        NaN  0.1394109  0.1245118  0.2225009  0.2214624  0.2640734  0.3294741  0.5652456  0.8353276  0.4474114  0.4027541  0.2806359  0.2652816
 0.3454323  0.1809006  0.1762597  0.4259836  0.4730436  0.2956666  0.3089603  0.2403128  0.2550172  0.2550846  0.2706137  0.2308712  0.1885068  0.5158831  0.5100673  0.2824482  0.2764283  0.6552954  0.7879940  0.8314932  1.3340959        NaN        NaN        NaN        NaN        NaN        NaN
 0.3874715  0.2716291  0.2704894  0.5551780  0.7389145  1.0893500        NaN        NaN        NaN        NaN  2.3487926  0.0862249  0.0750069  0.1903229  0.1774910  0.6759750  0.8677845  1.7761707        NaN        NaN  0.3023621  0.1523095  0.1330200  0.2853654  0.2217797  0.4837201  0.4847522
 0.4074468  0.3538272  0.3647847  0.6212183  0.7945306  0.1768336  0.1510958  0.1058358  0.1131824  0.2110157  0.2534520  0.3580852  0.4100325  0.4363775  0.5226689  0.3052281  0.3058142  0.3238252  0.1970613  0.1517652  0.1475780  0.2077889  0.2244208  0.4521813  0.5289788  0.3720681  0.2466381
 0.3874858  0.3050232  0.2884901  1.4121656        NaN        NaN        NaN        NaN        NaN        NaN        NaN  0.9198560  0.7250746  0.9395234  1.3918035  2.2557645  2.3904547  0.1026987  0.0848163  0.1581205  0.1355099  0.2939539  0.3716562  0.3643329  0.4771885  0.3676274  0.4318087
 0.4330903  0.3077367  0.3080348  0.6046057  0.6871710  0.5814950  0.7005827  0.8637795  2.5956338        NaN        NaN  0.0574564  0.0495651  0.1757775  0.1775392  0.1781895  0.2064897  0.3054951  0.3674005  0.3804413  0.3698311  0.2445503  0.2522268  0.1855498  0.1711375  0.1941363  0.1472777
 0.3942923  0.2538271  0.2418917  0.3399259  0.3716703  0.4231242  0.4439563  0.6436009  0.6955021  0.3758959  0.3122619  0.3577734  0.3539250  0.2986542  0.3201139  0.3679309  0.3605643  0.1481394  0.1276968  0.4588482  0.6562103  2.1001332        NaN        NaN  0.5540897  0.1504204  0.1229918
 0.3817389  0.5076694  0.5519922  0.2798315  0.3089456  0.6668197  0.8899949  1.0741907  2.5687688        NaN        NaN        NaN        NaN  0.0759413  0.0639005  0.2552425  0.2651213  0.3660437  0.4000323  0.8381251  0.9287441  2.1178248        NaN        NaN        NaN        NaN  2.7127281
 0.3184712  0.2083709  0.2004777  0.8713646  1.0851013  0.2834331  0.2490784  0.2749544  0.3132095  0.3423749  0.3840597  0.2646416  0.2574888  0.3418766  0.3773027  0.2121546  0.1752501  0.2059724  0.2212089  0.2302829  0.1771349  0.1472875  0.1437321  0.2040076  0.3876675  0.2439175  0.2089409
 0.3667083  0.2619690  0.2367108  0.6676589  1.3884793  1.0508340  1.4236708  0.6723957  0.6438672  0.4256029  0.3215396  0.2470381  0.2358121  0.3205115  0.3081005  0.2363960  0.2116764  0.2448071  0.2502261  0.1956061  0.1894556  0.2495668  0.3020846  0.2537154  0.2256977  0.2108115  0.1371524
 0.3677299  0.2646886  0.2615408  0.7575190  1.1814429  1.3649408        NaN        NaN        NaN  1.4513276  0.0499129  0.1315191  0.1303398  0.3274290  0.3687984  0.4020819  0.4393021  1.0146962  3.6602157        NaN        NaN        NaN        NaN        NaN        NaN        NaN  3.9744256
