FL 2019 2020 2021 2022 2023 2024 2025 2026 2027 2028 2029 2030 2031 2032 2033 2034 2035 2036 2037 2038 2039 2040 2041 2042 2043 2044 2045
 1    4109.00    3559.25    3559.25    3815.20    3815.20    7314.38    7314.38   14107.63   14107.63   12211.58   12211.58    4481.86    4481.86    5195.19    5195.19    6625.54    6625.54    3245.55    3245.55     943.40     943.40    2282.74    2282.74    6398.24    6398.24   11129.12   11129.12
 2     783.00     677.95     677.95     726.70     726.70    1393.22    1393.22    2687.17    2687.17    2326.02    2326.02     853.69     853.69     989.56     989.56    1262.01    1262.01     618.20     618.20     179.70     179.70     434.81     434.81    1218.71    1218.71    2119.83    2119.83
 3    3537.00     978.85     767.55    4929.88    4328.34    1421.43    2106.54   20336.71   13027.17    1604.67    1072.67    4509.48    3816.56     643.30     601.41    5567.84    5567.84     451.80     451.80     359.88     623.71     970.50     984.83   15527.14   14082.83    1068.33     832.94
 4    1379.00    1575.73    1248.11    2155.22    3355.68    4017.27    2627.02    1817.65     990.77    1328.01    1018.16    1115.63     816.78     907.91     745.42     774.32     774.32     522.83     522.83    1126.11    1429.07    1650.28    1452.25    1959.32    1220.80    1556.32    1071.38
 1    4109.00    3542.15    3542.15    6121.96    6121.96    4151.07    4151.07    3912.22    3912.22    5524.60    5524.60    2817.74    2817.74    2624.62    2624.62    2716.56    2716.56    4329.40    4329.40   21360.57   21360.57   10990.98   10990.98    3285.28    3285.28    1602.22    1602.22
 2     783.00     674.70     674.70    1166.09    1166.09     790.68     790.68     745.18     745.18    1052.30    1052.30     536.71     536.71     499.93     499.93     517.44     517.44     824.65     824.65    4068.68    4068.68    2093.52    2093.52     625.77     625.77     305.18     305.18
 3    3537.00     694.50    1106.79   14779.28   11643.96     635.90     409.08     940.69    1247.98   12315.31    9923.32     826.54    1280.01    4514.99    4449.67    1244.40    1122.23    2931.92    3454.69   17426.66   11648.82     583.51     630.11     630.11     630.11     363.22     508.70
 4    1379.00    1242.74    1303.18     573.82     662.45    1203.11    1240.14    1420.94    1453.09    1063.09     843.82    1108.53    1287.69    1204.92    1121.64    1641.37    2402.76    2446.62    2127.61    1285.74     927.24    1009.56     880.70     880.70     880.70     728.19     826.87
 1    4109.00    5205.35    5205.35    5430.35    5430.35   11328.70   11328.70    5410.94    5410.94    4239.31    4239.31    5410.94    5410.94    2152.00    2152.00    4766.45    4766.45    5454.37    5454.37    4889.35    4889.35    7789.32    7789.32    3354.58    3354.58    5203.04    5203.04
 2     783.00     991.50     991.50    1034.35    1034.35    2157.85    2157.85    1030.66    1030.66     807.49     807.49    1030.66    1030.66     409.90     409.90     907.90     907.90    1038.93    1038.93     931.30     931.30    1483.68    1483.68     638.97     638.97     991.06     991.06
 3    3537.00    1679.01    1557.00    9225.07    9170.61     645.72     590.35    3228.79    3302.33     758.91     940.11    8950.61    8926.13     363.33     607.98    5682.92    5393.60     839.98     841.04    6144.06    5334.39     678.42     466.41     537.40     632.03    3633.41    3785.10
 4    1379.00    1397.43    1467.52    1471.12    1136.14    1172.04    1058.18    1152.11    1071.15     929.49     927.19     633.19     540.10     893.33    1175.83     848.31    1058.32    1203.30    1312.06     918.40     685.64     816.96     972.50    1327.13    1659.43    1685.73    1258.94
 1    4109.00    1691.38    1691.38    6604.75    6604.75    5566.18    5566.18    2561.33    2561.33    2629.24    2629.24    4305.38    4305.38    5317.16    5317.16    6260.56    6260.56   10521.59   10521.59    7178.09    7178.09    9782.39    9782.39    9463.61    9463.61    4869.48    4869.48
 2     783.00     322.17     322.17    1258.05    1258.05    1060.22    1060.22     487.87     487.87     500.81     500.81     820.07     820.07    1012.79    1012.79    1192.49    1192.49    2004.11    2004.11    1367.26    1367.26    1863.31    1863.31    1802.59    1802.59     927.52     927.52
 3    3537.00     610.15     960.59    7284.34    6247.84     900.27     865.39     898.25    1010.66    1180.83    1505.93    9486.71    9423.73    2164.46    2034.22    8417.02    8060.47    1631.47    1499.51    8216.14    8031.60     991.40    1252.21   14312.42    9475.08     677.28     517.09
 4    1379.00    1305.52    1339.35    1423.24    1202.96    1075.19    1251.97    1377.28    2064.18    2412.95    2253.25    2498.62    2170.14    1988.61    1797.62    1399.17    1749.89    1631.20    1498.74    1718.17    2163.74    2045.78    1607.81     552.22     495.89     843.45     897.65
 1    4109.00    3185.03    3185.03    4455.99    4455.99    8891.19    8891.19   17731.10   17731.10   17086.61   17086.61    3871.56    3871.56    2516.51    2516.51    8883.34    8883.34    7317.16    7317.16    2735.50    2735.50    8570.56    8570.56    8776.61    8455.19     480.02     480.02
 2     783.00     606.67     606.67     848.76     848.76    1693.56    1693.56    3377.35    3377.35    3254.59    3254.59     737.44     737.44     479.34     479.34    1692.06    1692.06    1393.74    1393.74     521.05     521.05    1632.49    1632.49    1671.74    1671.74      91.43      91.43
 3    3537.00     820.81     986.29    6860.16    7224.54    1057.55    1353.71    8682.97    7432.28     924.07     713.53    4337.39    5228.43     347.07     861.39   14894.06   10987.55     567.32     477.79     408.60     679.98   12706.59    9243.46    9243.46    7607.19    3156.99      44.76
 4    1379.00    1383.64    1402.79    1359.96    1833.23    2015.49    1952.94    1731.18    1772.26    1466.13     886.43     825.73    1375.85    1674.41    1657.58     880.15     704.49     891.99    1409.57    1476.63    1207.32     508.61     349.86     349.86     349.86     349.86     736.56
 1    4109.00    6033.26    6033.26    7954.25    7954.25    6620.46    6620.46    3128.20    3128.20    5543.08    5543.08    3772.69    3772.69    5692.30    5692.30    6183.41    6183.41    3432.20    3432.20    1594.36    1594.36    3695.54    3695.54    9206.27    9206.27    2570.57    2570.57
 2     783.00    1149.19    1149.19    1515.10    1515.10    1261.04    1261.04     595.85     595.85    1055.82    1055.82     718.61     718.61    1084.25    1084.25    1177.79    1177.79     653.75     653.75     303.69     303.69     703.91     703.91    1753.58    1753.58     489.63     489.63
 3    3537.00     776.58     913.46   11761.53    9803.96     613.44     563.18     426.59     613.11    1623.61    2037.65    7057.13    5494.01    1113.21     860.62    8238.29    6092.39     456.38     523.08     444.51     645.41     859.78    1242.07   11528.38    8476.52     572.96     835.33
 4    1379.00    1321.78    1258.73     823.69     670.91     834.76     955.28    1297.59    1600.91    1480.69    1243.16     786.69     865.46    1211.40    1103.61     666.66     431.12     685.16     684.08     842.39    1205.52    1503.56    1388.39     849.86    1050.35    1394.64    1323.01
 1    4109.00    5621.15    5621.15    3231.23    3231.23    3547.24    3547.24    3111.57    3111.57    3075.07    3075.07    2007.39    2007.39    1687.22    1687.22    7726.95    7726.95    3946.40    3946.40    2354.35    2354.35    5061.21    5061.21   11198.42   11198.42    6918.91    6918.91
 2     783.00    1070.70    1070.70     615.47     615.47     675.66     675.66     592.68     592.68     585.73     585.73     382.36     382.36     321.38     321.38    1471.80    1471.80     751.70     751.70     448.45     448.45     964.04     964.04    2133.03    2133.03    1317.89    1317.89
 3    3537.00     976.87    1201.18    6994.91    6778.73     860.48     971.95    4404.41    4085.97    4085.97    4085.97    2963.79    4624.15     645.24     902.55   10273.55    7782.21     573.69     411.00     605.14    1278.82   15413.48   15734.41    2306.32    2184.29   16921.00   11665.05
 4    1379.00    1349.84    1322.91    1480.41    1016.92     958.82     784.47     612.82     567.59     567.59     567.59     868.54    1107.25    1304.50    1110.64     577.24     368.21     851.48    1805.60    2278.52    2484.44    2605.95    2199.73    2116.72    1759.80     596.72     460.83
 1    4109.00     949.87     949.87    1337.49    1337.49    4122.89    4122.89   11013.16   11013.16    7033.95    7033.95   15622.07   15622.07    8462.92    8462.92    3511.66    3511.66    9038.57    9038.57   24159.83   24159.83   12284.12   12284.12    1558.33    1558.33    2051.74    2051.74
 2     783.00     180.93     180.93     254.76     254.76     785.31     785.31    2097.74    2097.74    1339.80    1339.80    2975.63    2975.63    1611.98    1611.98     668.89     668.89    1721.63    1721.63    4601.87    4601.87    2339.83    2339.83     296.82     296.82     390.81     390.81
 3    3537.00     754.89     996.12    1042.08    1217.92    7149.73    6115.65     818.75    1104.23    5211.79    5560.96    1873.29    1662.12   10001.04    7707.46     494.18     608.78    1450.20    2842.23   23643.24   18415.76     807.38     542.77     296.06     485.55     528.97    1072.19
 4    1379.00    1262.72    1336.02    1083.61    1032.17    1191.56    1645.95    2084.73    2710.87    2237.22    2011.29    1874.50    1359.01     669.23     536.44    1312.30    2695.81    3085.94    2815.14    1914.70    1167.87    1122.75     804.33     790.75    1096.79    1466.34    2398.10
 1    4109.00    5379.53    5379.53    9367.05    9367.05    5773.15    5773.15    1289.44    1289.44    5814.27    5814.27   11215.97   11215.97    9094.93    9094.93    4723.95    4723.95    1603.60    1603.60    1976.90    1976.90    2777.08    2777.08    4086.85    4086.85    9260.79    9260.79
 2     783.00    1024.67    1024.67    1784.20    1784.20    1099.65    1099.65     245.61     245.61    1107.48    1107.48    2136.38    2136.38    1732.37    1732.37     899.80     899.80     305.45     305.45     376.55     376.55     528.97     528.97     778.45     778.45    1763.96    1763.96
 3    3537.00    1290.16    1085.48    8192.39    6933.42     386.76     415.46     684.52     917.04    3748.62    4465.88    2224.74    2142.88   18131.44   13752.39     794.98     645.31     417.25     590.99     689.04     816.11    1938.26    2098.71    1136.77    1324.58    3080.83    4208.92
 4    1379.00    1410.06    1439.26     899.19     945.93     925.25    1040.66    1906.32    2360.69    2902.02    2437.42    2047.21    1637.87     505.94     329.00     639.12     697.94     779.17     852.30    1016.54    1159.53    1271.60    1775.94    4079.93    5360.11    4982.53    3547.82
 1    4109.00    5736.19    5736.19    4508.66    4508.66    3955.18    3955.18    3772.69    3772.69    3662.27    3662.27    3282.97    3282.97    3764.84    3764.84    5093.55    5093.55   10155.68   10155.68    8837.60    8837.60    9703.39    9703.39    1894.20    1894.20    2520.67    2520.67
 2     783.00    1092.61    1092.61     858.79     858.79     753.37     753.37     718.61     718.61     697.58     697.58     625.33     625.33     717.11     717.11     970.20     970.20    1934.42    1934.42    1683.35    1683.35    1848.26    1848.26     360.80     360.80     480.13     480.13
 3    3537.00    1135.87    1147.67    9235.46   10488.81     844.89    1026.55    4774.18    4890.25     909.57     814.81    2653.48    2764.39     733.86     773.31    3400.35    4234.68    1877.39    1754.51   15292.28    9924.62     624.25     378.18     293.43     328.31     469.95     856.97
 4    1379.00    1332.94    1578.38    1978.79    1311.15    1079.79     833.81     755.98     698.80    1032.68    1036.97     929.40     975.02    1313.24    1908.27    2083.73    2344.42    2069.90    1441.40     411.40     427.02     744.98     640.76     749.20     998.06     917.54     889.38
 1    4109.00    2409.79    2409.79    3447.44    3447.44    5164.24    5164.24    6012.47    6012.47    5466.38    5466.38    4624.62    4624.62    9931.15    9931.15    9504.73    9504.73    9884.03    9884.03    5309.30    5309.30    7372.13    7372.13    4230.53    4230.53    5758.83    5758.83
 2     783.00     459.01     459.01     656.66     656.66     983.66     983.66    1145.23    1145.23    1041.22    1041.22     880.88     880.88    1891.65    1891.65    1810.42    1810.42    1882.67    1882.67    1011.30    1011.30    1404.22    1404.22     805.82     805.82    1096.92    1096.92
 3    3537.00     781.01    1289.86    7169.22    6970.26    1205.96    1141.89    6117.56    5478.78    1082.08     743.19    4795.64    6331.23    1142.39    1294.11    8637.21    7591.60    1386.57    1397.20   11401.85    8944.90    1127.88     801.30    4043.67    3815.47     693.23     471.20
 4    1379.00    1421.53    1513.42    1269.98    1290.13    1332.29    1387.77    1197.48    1041.25    1041.35    1173.83    1882.53    2109.89    2208.34    2121.93    1913.40    1405.29    1753.70    1569.15    1035.62     785.12     987.03    1172.32     789.40     703.87     778.88    1222.59
 1    4109.00    3878.03    3878.03    5961.65    5961.65    6822.35    6822.35    5592.51    5592.51    3012.70    3012.70    2596.90    2596.90    7916.37    7916.37   13454.83   13454.83   10729.03   10729.03    4362.20    4362.20    5323.16    5323.16   10190.33   10190.33   15252.47   15252.47
 2     783.00     738.67     738.67    1135.55    1135.55    1299.50    1299.50    1065.24    1065.24     573.85     573.85     494.65     494.65    1507.88    1507.88    2562.82    2562.82    2043.62    2043.62     830.90     830.90    1013.94    1013.94    1941.02    1941.02    2905.23    2905.23
 3    3537.00     822.87     766.35    8425.75    7545.14     817.64     911.47    6904.54    5389.37     350.03     413.63     691.68    1028.92    7385.08    8311.35    1769.31    1551.97   10984.38   11177.68     584.66     644.40    1218.32     961.99    4496.54    5363.71    1946.29    2148.75
 4    1379.00    1285.30    1183.51    1308.68    1121.41    1029.31     918.83     517.49     576.11     894.40    1502.13    2280.44    2936.57    2266.21    1897.48    1640.35    1376.95    1201.73    1229.17    1554.68    1708.68    1666.65    2052.13    2832.86    2915.40    3168.31    2751.39
 1    4109.00    4081.77    4081.77    2935.09    2935.09    3364.28    3364.28    2571.49    2571.49    5746.82    5746.82    6376.52    6376.52    4859.32    4859.32    1798.10    1798.10    1423.88    1423.88    1622.54    1622.54    3283.90    3283.90    7839.22    7839.22    6723.02    6723.02
 2     783.00     777.48     777.48     559.06     559.06     640.82     640.82     489.81     489.81    1094.63    1094.63    1214.58    1214.58     925.58     925.58     342.50     342.50     271.22     271.22     309.06     309.06     625.50     625.50    1493.18    1493.18    1280.58    1280.58
 3    3537.00     943.49     759.21    3626.76    3487.10     916.00    1116.40    1858.73    1858.73    6533.66    4772.27    1133.73     668.46    7635.39    7635.39    7635.39    7635.39    4609.34    8772.71     443.11     694.56    4185.62    3889.69     676.59     591.39    7152.91    9350.38
 4    1379.00    1130.09    1088.38    1197.26    1583.70    1519.49    1592.34    1206.99    1206.99     588.34     732.03     818.65     817.42     494.29     494.29     494.29     494.29     961.14     807.27    1045.47     968.22     713.84     736.87     955.62    1522.85    2873.63    2174.75
 1    4109.00    5537.53    5537.53   10192.18   10192.18    6097.48    6097.48    9324.55    9324.55    6813.11    6813.11    9021.94    9021.94    8719.33    8719.33    3935.78    3935.78    2577.50    2577.50    5986.60    5986.60   15233.06   15233.06    9390.61    9390.61    3876.64    3876.64
 2     783.00    1054.77    1054.77    1941.37    1941.37    1161.42    1161.42    1776.10    1776.10    1297.74    1297.74    1718.46    1718.46    1660.82    1660.82     749.67     749.67     490.95     490.95    1140.30    1140.30    2901.54    2901.54    1788.69    1788.69     738.41     738.41
 3    3537.00     633.74     989.78   12887.02   10172.43     166.43     414.30    1656.02    1966.53     979.26     795.05   12012.50   11889.49     882.70     743.56    5023.11    6168.89     681.51    1239.22    2813.88    3725.41    3082.54    2856.13   12584.45   10689.08     405.89     434.00
 4    1379.00    1353.31    1361.05     610.18     763.46    1227.12    1449.62    1442.16    1210.67    1356.12    1527.93    1410.41    1332.96    1255.51     935.30    1217.12    1611.67    1786.62    2722.27    2877.16    2272.84    1874.43    1281.06     513.72     649.91     725.44     734.77
 1    4109.00    4914.76    4914.76    5118.04    5118.04    4216.21    4216.21    3871.10    3871.10    4835.29    4835.29    1683.99    1683.99    7045.96    7045.96    5203.51    5203.51    5672.90    5672.90    4531.76    4531.76    2884.27    2884.27    2080.39    2080.39    3994.45    3994.45
 2     783.00     936.14     936.14     974.86     974.86     803.09     803.09     737.35     737.35     921.01     921.01     320.76     320.76    1342.09    1342.09     991.14     991.14    1080.55    1080.55     863.19     863.19     549.38     549.38     396.26     396.26     760.85     760.85
 3    3537.00     649.30     752.48    5585.13    6455.60     777.97    1102.95    1102.95    1102.95     992.10     726.39     703.72    1104.90   13432.75   10688.67    1238.42    1129.77    8355.14    8018.58     358.98     525.10     608.98     956.83     836.05     764.03    2881.06    3340.04
 4    1379.00    1224.77    1377.51    1291.39    1673.31    1412.47    1136.64    1136.64    1136.64     701.49    1268.18    2349.86    2373.13    1534.62    1017.25     905.41     887.58     466.89     706.42    1131.36    1159.98     964.78    1025.16    1040.26    1268.76    1453.24    1632.90
 1    4109.00    4494.80    4494.80    3194.73    3194.73    8084.08    8084.08    9940.85    9940.85    7753.28    7753.28    7112.03    7112.03    7756.98    7756.98    5117.11    5117.11    6058.21    6058.21   11666.42   11666.42   15850.76   15850.76    7805.95    7805.95    6709.63    6709.63
 2     783.00     856.15     856.15     608.52     608.52    1539.82    1539.82    1893.50    1893.50    1476.82    1476.82    1354.67    1354.67    1477.52    1477.52     974.69     974.69    1153.94    1153.94    2222.18    2222.18    3019.19    3019.19    1486.85    1486.85    1278.02    1278.02
 3    3537.00     608.41     823.08    3040.64    3841.77     931.48     790.12    9750.54    8934.04     726.76     661.65    6266.98    6218.03    1199.47     911.26    6563.36    9752.02    1212.88    2334.86   31199.50   22493.21    1659.39     935.51    5427.28    6412.73     668.67    1053.49
 4    1379.00    1193.38    1219.27    1054.72    1417.66    1381.34    1410.16    1096.23    1056.08    1637.48    1856.08    1609.10    1373.52    1339.06    1232.27    1849.34    3805.15    4061.14    3553.67     770.51     490.74    1194.34    1228.58    1413.04    1918.98    2085.68    2674.66
 1    4109.00    5696.92    5696.92    3801.80    3801.80    6025.40    6025.40    3619.31    3619.31    2936.01    2936.01    3211.36    3211.36    4141.37    4141.37   11406.78   11406.78   12279.04   12279.04   10062.36   10062.36   12366.82   12366.82    4083.16    4083.16    2793.25    2793.25
 2     783.00    1085.13    1085.13     724.15     724.15    1147.70    1147.70     689.39     689.39     559.24     559.24     611.69     611.69     788.83     788.83    2172.72    2172.72    2338.86    2338.86    1916.64    1916.64    2355.58    2355.58     777.74     777.74     532.05     532.05
 3    3537.00    1568.58    1442.24    6571.50    7058.03     893.49    1025.95    5590.92    5108.01     690.91     875.90    5336.46    5210.81    1245.41    1581.34   27248.56   18332.44    1023.77    1230.66    6491.76    6063.88     964.03     654.86    2936.76    3182.65     360.40     511.09
 4    1379.00    1412.76    1374.28    1111.00    1237.07    1373.18    1290.89     953.34    1049.36    1277.48    1299.05    1051.05    1763.96    3078.75    3080.90    1242.22     967.36    1720.16    2032.90    1672.43    1138.76    1089.58     826.11     643.20    1006.89    1110.45     934.51
 1    4109.00    3259.87    3259.87    5530.14    5530.14    5267.26    5267.26    8873.63    8873.63    5413.25    5413.25    2534.53    2534.53    6024.02    6024.02    4045.73    4045.73    4700.39    4700.39    6268.88    6268.88    5798.10    5798.10    8941.55    8941.55    5908.06    5908.06
 2     783.00     620.93     620.93    1053.36    1053.36    1003.29    1003.29    1690.22    1690.22    1031.10    1031.10     482.77     482.77    1147.43    1147.43     770.62     770.62     895.31     895.31    1194.07    1194.07    1104.40    1104.40    1703.15    1703.15    1125.34    1125.34
 3    3537.00    1023.93    1005.49   11977.13   13586.17     925.16    1132.82   19964.94   12108.78     697.15     659.48     399.27     742.28    6159.99    6942.63     805.39     925.33    6255.24    5461.55    1156.00    1391.44    2846.54    3870.60   17358.91   11984.77    1171.37    1439.01
 4    1379.00    1563.51    1663.47    1421.90    1319.74    1704.04    1729.83     561.53     425.11     731.79    1208.05    1138.25    1237.68    1232.70    1187.70    1553.95    1533.65    1445.39    1687.58    2483.88    2798.37    2536.78    2040.33     969.83     907.13    2078.79    2153.17
 1    4109.00    4582.58    4582.58   13915.44   13915.44    3103.25    3103.25    1321.32    1321.32     705.01     705.01     877.80     877.80    2844.53    2844.53    2669.90    2669.90    3758.37    3758.37    2309.08    2309.08    3265.42    3265.42    2117.81    2117.81    2501.73    2501.73
 2     783.00     872.87     872.87    2650.56    2650.56     591.10     591.10     251.68     251.68     134.29     134.29     167.20     167.20     541.82     541.82     508.55     508.55     715.88     715.88     439.82     439.82     621.98     621.98     403.39     403.39     476.52     476.52
 3    3537.00     612.93     881.25   13704.69    7836.85    6637.82    7223.18    7805.18    7619.70    7252.16     144.62     181.08     492.67    2902.38    2932.39     589.75     846.37    4398.75    3966.70     935.22     961.68    4025.60    3332.83     596.54     600.19     666.32    1026.25
 4    1379.00    1238.34    1207.61     466.40     354.98     354.98     354.98     354.98     354.98     354.98     807.36     772.92     721.95     795.48    1004.32    1050.66    1050.27     924.70     857.59    1086.87     927.62     608.79     632.46     896.01    1014.68    1364.80    1485.25
 1    4109.00    3646.57    3646.57    6483.71    6483.71    7081.54    7081.54    8294.75    8294.75    1882.19    1882.19    4407.48    4407.48    7227.99    7227.99   14535.44   14535.44   14915.67   14915.67    4916.14    4916.14    9057.97    9057.97    5267.72    5267.72    2131.67    2131.67
 2     783.00     694.58     694.58    1234.99    1234.99    1348.86    1348.86    1579.95    1579.95     358.51     358.51     839.52     839.52    1376.76    1376.76    2768.66    2768.66    2841.08    2841.08     936.41     936.41    1725.33    1725.33    1003.38    1003.38     406.03     406.03
 3    3537.00     933.52     717.00    6426.33    7179.08    1174.14    1384.38   11228.81    8037.30     472.15     888.55    6614.42    6207.19    1376.98    1358.71   22147.08   14456.99     552.25     374.71    1452.32    2043.86     629.31     650.58    6941.74    5319.88     257.33     362.80
 4    1379.00    1216.68    1378.76    1478.60    1758.70    1438.92    1198.88     573.24    1009.21    1803.56    2037.88    1520.71    1265.43    1845.30    2014.33    1133.27     840.60     999.50     954.99    1153.72    1071.75     987.82     822.74     491.03     525.63     696.56    1181.72
 1    4109.00    3838.30    3838.30    4328.48    4328.48    2394.08    2394.08    3949.64    3949.64    3202.58    3202.58    6826.51    6826.51    9554.62    9554.62   12143.21   12143.21    7947.79    6881.48     915.22     915.22    1332.41    1332.41    5240.93    5240.93    5325.01    5325.01
 2     783.00     731.10     731.10     824.47     824.47     456.02     456.02     752.31     752.31     610.02     610.02    1300.29    1300.29    1819.93    1819.93    2312.99    2312.99    1513.86    1513.86     174.33     174.33     253.79     253.79     998.27     998.27    1014.29    1014.29
 3    3537.00     696.51     950.25    2088.78    1906.82    1088.33    1229.88    5352.89    5506.10    1278.95    1666.49   13439.19   12733.65    1826.49    1617.07   19578.01   11740.26   11740.26    5700.91    1340.16    2273.10     448.88     738.74    6087.22    5264.04     938.48    1135.24
 4    1379.00    1339.41    1416.81    1308.93    1173.48    1129.47    1190.67    1622.31    2116.30    2261.77    2345.51    2157.90    1877.14    1887.32    1557.41     525.14     285.62     285.62     285.62     854.02    1125.02    1310.10    1228.09    1073.33    1186.43    1760.88    2217.06
 1    4109.00    4263.80    4263.80    4109.95    4109.95    3808.73    3808.73    8729.03    8729.03    1248.79    1248.79    2775.23    2775.23    7798.56    7798.56    6419.03    6419.03    2865.79    2865.79    4103.95    4103.95    4419.95    4419.95    3758.83    3758.83    3155.46    3155.46
 2     783.00     812.15     812.15     782.85     782.85     725.47     725.47    1662.67    1662.67     237.86     237.86     528.62     528.62    1485.44    1485.44    1222.67    1222.67     545.86     545.86     781.70     781.70     841.90     841.90     715.97     715.97     601.04     601.04
 3    3537.00     713.78    1103.89    5925.31    6150.73     906.11    1091.66   16458.41   13515.87     320.22     542.08     773.35    1337.03   15316.85   10712.65     773.87     585.47    1122.13    1169.86     595.64     704.29     892.00    1167.63    4798.24    4857.88    1105.06     936.75
 4    1379.00    1320.91    1430.19    1383.54    1440.86    1545.20    1255.21     448.79     603.45    1042.22    1475.81    1560.00    1557.98     596.42     474.28     803.60     717.39     813.03     944.42     981.45    1407.44    1633.01    1676.18    1150.13     846.79     939.26    1015.82
 1    4109.00    3623.00    3623.00    9418.79    9418.79   20983.12   20983.12   10555.31   10555.31   11273.72   11273.72   18342.32   18342.32    6543.77    6543.77   10416.25   10416.25    6232.38    6232.38    4600.60    4600.60    1736.66    1736.66    6224.53    6224.53    6311.84    6311.84
 2     783.00     690.10     690.10    1794.06    1794.06    3996.78    3996.78    2010.54    2010.54    2147.38    2147.38    3493.78    3493.78    1246.43    1246.43    1984.05    1984.05    1187.12    1187.12     876.30     876.30     330.79     330.79    1185.62    1185.62    1202.26    1202.26
 3    3537.00     641.94     799.75    8498.54    8841.17     654.11     494.68     954.40    1549.79    1325.63    1317.83    8386.69    6091.25      99.30     216.23     714.72    1135.12   16255.77   13427.20     800.56     751.78     919.31     946.17    7626.67    7183.48     728.62     703.65
 4    1379.00    1310.11    1389.34    1432.53    1209.97    1426.67    1684.40    1559.78    1430.82    1327.45    1553.23    1080.95     853.03    1385.70    2139.45    2373.65    1754.01     955.83     916.82    1037.07    1059.58    1140.97    1318.89     928.71     784.75     842.63    1022.12
 1    4109.00    4445.36    4445.36    4363.13    4363.13    3803.18    3803.18    3569.87    3569.87    4391.77    4391.77    5696.92    5696.92    3675.21    3675.21    3224.30    3224.30    8080.38    8080.38   33795.76   33795.76   32885.16   32885.16   13376.75   13376.75    7156.84    7156.84
 2     783.00     846.74     846.74     831.07     831.07     724.42     724.42     679.98     679.98     836.53     836.53    1085.13    1085.13     700.04     700.04     614.15     614.15    1539.12    1539.12    6437.29    6437.29    6263.84    6263.84    2547.95    2547.95    1363.21    1363.21
 3    3537.00     661.58     891.17    3498.45    3001.07     833.67     848.17    3760.70    3684.23     900.27    1037.63    5248.81    4447.52     532.24     732.98     702.26    1295.23    2377.74    3193.24    4848.16    5838.67    5334.27    3691.74    8524.80    6959.38     988.94    1084.76
 4    1379.00    1384.53    1324.56    1165.26     910.31    1058.55    1178.74    1155.77    1025.08     986.08     902.82     678.92     859.07    1104.60    1797.35    2346.54    4154.27    7553.53    8783.39    6308.07    4144.90    2615.69    1952.90    1285.29    1467.90    1680.52    1694.86
 1    4109.00    3956.57    3956.57    5548.16    5548.16    7484.86    7484.86    9717.71    9717.71    1899.28    1899.28     775.24     775.24    3647.95    3647.95    6456.91    6456.91    7766.22    7766.22    7894.66    7894.66    7365.20    7365.20    9402.16    9402.16    5588.35    5588.35
 2     783.00     753.63     753.63    1056.79    1056.79    1425.69    1425.69    1850.99    1850.99     361.77     361.77     147.66     147.66     694.85     694.85    1229.89    1229.89    1479.28    1479.28    1503.74    1503.74    1402.90    1402.90    1790.89    1790.89    1064.45    1064.45
 3    3537.00     851.90    1006.04    8925.04    9269.59    1081.28    1300.61   14237.18    8740.26    8740.26     155.11     373.02     673.78    4505.25    4318.65    1015.70    1071.06    7664.09    7182.16     787.49     913.77    8217.24   14089.76    1922.90    1975.67   13919.24   11012.34
 4    1379.00    1468.95    1422.88    1574.78    1427.60    1487.57    1269.29     407.54     380.01     380.01     957.96    1367.27    1494.71    1302.04    1048.12    1607.54    1874.24    1558.68    1239.77    1155.86    1484.63    3458.61    2929.91    2067.08    1511.46     767.08     586.37
 1    4109.00    2627.39    2627.39    3762.53    3762.53    8359.43    8359.43    3115.73    3115.73    3316.70    3316.70    3056.13    3056.13    6638.94    6638.94    4263.80    4263.80    4160.77    4160.77    4631.55    4631.55    3890.50    3890.50    4009.70    4009.70    1574.50    1574.50
 2     783.00     500.46     500.46     716.67     716.67    1592.27    1592.27     593.47     593.47     631.75     631.75     582.12     582.12    1264.56    1264.56     812.15     812.15     792.53     792.53     882.20     882.20     741.05     741.05     763.75     763.75     299.90     299.90
 3    3537.00     946.58     879.00    3183.29    2928.36    1024.73     969.55    1219.12    1287.28     611.10     999.78    1155.52    1450.34   10789.78   12173.63    1482.80    1645.56    7582.14    6006.20    1222.79    1073.83    4427.03    4575.56    1228.62    1060.91     859.57    1064.96
 4    1379.00    1465.26    1457.32    1260.25    1019.12     811.61     798.31     970.74    1100.23    1300.97    1576.28    2338.95    2308.82    1796.55    1802.14    1490.28    1266.86    1163.06     917.84    1103.13    1077.53    1103.48     968.85     987.00    1067.98    1032.66     897.64
 1    4109.00    2562.71    2562.71    4390.85    4390.85    6151.53    6151.53    3313.00    3313.00    4407.94    4407.94    3294.06    3294.06    3965.81    3965.81    5494.10    5494.10    4081.31    4081.31    3924.69    3924.69    1295.91    1295.91    2582.58    2582.58    4766.92    4766.92
 2     783.00     488.14     488.14     836.35     836.35    1171.72    1171.72     631.05     631.05     839.61     839.61     627.44     627.44     755.39     755.39    1046.50    1046.50     777.39     777.39     747.56     747.56     246.84     246.84     491.92     491.92     907.98     907.98
 3    3537.00     842.66     888.57    5543.42    4915.86    1164.08     857.18    3969.99    4082.56     963.10     767.07    1115.91    1301.97    7937.78    6084.20    1352.37    1050.49    5325.83    5193.22    1025.51    1002.04    1114.97    1131.04    2975.98    3181.91     960.11    1145.37
 4    1379.00    1370.23    1360.82    1259.09    1219.26    1195.97    1114.54    1067.59     974.19    1101.33    1546.04    2046.46    1831.63     921.93     698.75    1103.30    1113.36     890.34    1068.67    1006.65    1153.66    1024.32     991.36    1091.52    1482.90    1882.49    1706.55
 1    4109.00    3336.56    3336.56    3804.11    3804.11    7254.79    7254.79    7778.23    7778.23    5135.13    5135.13    5591.12    5591.12    3685.37    3685.37    5394.77    5394.77    4943.86    4943.86    2718.41    2718.41    3760.68    3760.68    9922.84    9922.84   11605.90   11605.90
 2     783.00     635.54     635.54     724.59     724.59    1381.86    1381.86    1481.57    1481.57     978.12     978.12    1064.98    1064.98     701.98     701.98    1027.58    1027.58     941.69     941.69     517.79     517.79     716.32     716.32    1890.06    1890.06    2210.65    2210.65
 3    3537.00     892.44     872.16    4447.22    5410.70    1198.75    1683.50   18037.42   11341.67     999.17    1033.88    6305.33    5800.45     923.84     941.06    4947.82    3746.03     514.51     594.73     767.23    1279.63    8475.28    8943.46    2327.75    2147.99   19997.42   12809.45
 4    1379.00    1279.72    1463.79    1660.36    1919.77    2684.27    2265.93     930.38     670.15    1050.77    1238.94     956.98    1052.04    1177.62     981.50     691.12     748.60    1000.24    1672.08    2375.31    2501.45    2486.02    2414.54    2101.85    1536.61     377.29     324.63
 1    4109.00    3073.22    3073.22    7850.30    7850.30    4369.60    4369.60    2493.88    2493.88    2408.87    2408.87    7680.75    7680.75    6085.46    6085.46    2462.46    2462.46    5441.44    5441.44    6290.59    6290.59    9131.43    9131.43    6498.03    6498.03    2199.58    2199.58
 2     783.00     585.38     585.38    1495.30    1495.30     832.30     832.30     475.02     475.02     458.83     458.83    1463.00    1463.00    1159.14    1159.14     469.04     469.04    1036.46    1036.46    1198.21    1198.21    1739.32    1739.32    1237.72    1237.72     418.97     418.97
 3    3537.00     797.37     880.03   15525.16   14047.91     354.05     533.98     521.10     730.66     937.33    1379.18   19643.84   13881.18     789.16     608.71     660.76    1002.13    9356.76   11055.61     770.46    1833.62   24667.70   22005.37     606.93     830.32     844.69    1333.30
 4    1379.00    1298.33    1275.11     468.06     494.38     913.93     998.83    1431.85    1581.20    1847.86    1555.83     438.97     353.12     940.19    1083.62    1091.10    1338.57    1554.41    2049.31    2110.54    2215.27    1181.04     712.74    1208.15    1443.96    1777.48    2078.17
 1    4109.00    4766.45    4766.45    4311.38    4311.38    7625.31    7625.31    2664.82    2664.82    1570.80    1570.80    4565.48    4565.48    9978.74    9978.74    6419.03    6419.03    1264.49    1264.49    4855.62    4855.62   13082.45   13082.45    5592.05    5592.05    8394.08    8394.08
 2     783.00     907.90     907.90     821.22     821.22    1452.44    1452.44     507.58     507.58     299.20     299.20     869.62     869.62    1900.71    1900.71    1222.67    1222.67     240.86     240.86     924.88     924.88    2491.90    2491.90    1065.15    1065.15    1598.87    1598.87
 3    3537.00     845.41    1164.62    8050.36    7175.03     698.32     758.77    1618.33    2053.34     421.13     714.21    2678.63    3192.23    2715.27    1889.44    8448.09    8910.08     303.33     706.58    3505.62    3154.97    1021.73     755.43    4608.75    5017.21     679.76    1125.44
 4    1379.00    1438.64    1367.37    1007.94     799.39     744.37     638.61     734.80    1076.32    1681.28    1663.81    1430.91    1196.30    1079.09     840.07     628.67     913.89    1338.56    1450.33    1375.26    1151.19    1236.79    1198.70    1196.17    2098.32    2773.50    2857.37
 1    4109.00    3891.89    3891.89    5265.41    5265.41    4156.15    4156.15    8749.82    8749.82    8628.77    8628.77    2180.64    2180.64    2890.73    2890.73    4139.52    4139.52    8083.61    8083.61   12691.60   12691.60   10515.12   10515.12    4790.94    4790.94    3190.11    3190.11
 2     783.00     741.31     741.31    1002.94    1002.94     791.65     791.65    1666.63    1666.63    1643.58    1643.58     415.36     415.36     550.62     550.62     788.48     788.48    1539.74    1539.74    2417.45    2417.45    2002.88    2002.88     912.56     912.56     607.64     607.64
 3    3537.00     646.90     588.46    4383.09    4131.47     713.62     842.63   12987.67   10360.21    1110.49     760.29     678.03     700.42     660.14     704.99     796.82     982.31    1748.38    1988.10   11560.70    8664.23    1306.24    1083.81    4647.48    3917.91     734.63     860.82
 4    1379.00    1256.12    1219.05     974.71     988.23    1384.74    1734.96    1449.61     834.62     945.04     877.91     756.86     861.41    1009.32    1529.41    2005.76    2688.92    2580.50    1994.77    1439.05    1452.30    1541.51    1436.53     992.18     822.91    1134.97    1065.77
 1    4109.00    4727.18    4727.18    2876.87    2876.87    4362.67    4362.67    4643.10    4643.10    2593.21    2593.21    4523.90    4523.90    5412.33    5412.33    7242.77    7242.77    4316.00    4316.00    2835.29    2835.29    1498.73    1498.73    3659.96    3659.96    3781.47    3781.47
 2     783.00     900.42     900.42     547.98     547.98     830.98     830.98     884.40     884.40     493.94     493.94     861.70     861.70    1030.92    1030.92    1379.58    1379.58     822.10     822.10     540.06     540.06     285.47     285.47     697.14     697.14     720.28     720.28
 3    3537.00    1114.48    1422.20    5690.81    5479.58    1290.01    1134.05    7318.48    6596.25     997.95    1304.22    4961.44    5050.58    1762.66    1940.67   17785.12   15682.84    1208.70     979.50    3911.68    3538.21     698.41     844.73    3902.06    3144.75     540.67     963.29
 4    1379.00    1583.14    1626.20    1263.83    1226.02    1233.32    1185.80    1291.84    2018.59    1854.66    1914.95    2170.35    1991.52    1754.96    1983.54    1257.24     785.72    1116.87     842.68     675.80     697.66     995.89    1027.17     825.19     871.23    1269.53    1366.45
 1    4109.00   13289.43   13289.43    7723.72    7723.72    4211.13    4211.13    1371.22    1371.22    1605.91    1605.91    4239.77    4239.77    6974.81    6974.81    4859.78    4859.78    4907.36    4907.36   11286.20   11286.20    4062.83    4062.83    8657.42    8657.42    8799.71    8799.71
 2     783.00    2531.32    2531.32    1471.18    1471.18     802.12     802.12     261.18     261.18     305.89     305.89     807.58     807.58    1328.54    1328.54     925.67     925.67     934.74     934.74    2149.75    2149.75     773.87     773.87    1649.03    1649.03    1676.14    1676.14
 3    3537.00    1382.49     862.46    9639.80    6412.92    6412.92    6412.92    4016.01    6570.55     452.34     519.52    4406.52    4892.29    1130.69    1511.60   10498.98    8453.59     530.64     896.27   16663.89   11467.02     410.21     546.23    3972.74    4539.80    1612.47    1270.52
 4    1379.00    1405.53    1068.17     477.77     391.25     391.25     391.25     790.50     804.13    1034.31    1074.42    1383.22    1709.93    1622.53    1487.60     839.41    1252.77    1439.18    1430.91     610.11    1099.58    2706.04    2813.91    2095.05    1432.54    1050.16     987.60
 1    4109.00    1907.60    1907.60    2971.58    2971.58    6920.76    6920.76    7674.74    7674.74    9568.02    9568.02   14451.82   14451.82    7298.21    5012.55     216.68     216.68     652.34     652.34    2653.73    2653.73    7240.46    7240.46    9651.64    9651.64    6006.92    6006.92
 2     783.00     363.35     363.35     566.02     566.02    1318.24    1318.24    1461.86    1461.86    1822.48    1822.48    2752.73    2752.73    1390.14    1390.14      41.27      41.27     124.26     124.26     505.47     505.47    1379.14    1379.14    1838.41    1838.41    1144.18    1144.18
 3    3537.00     811.78     920.85    1737.27    2534.33    2822.24    2487.15   12525.94   11746.92    1330.97    1233.54   13563.31    8755.29    8755.29    4271.35    1547.58      22.00     209.41     586.30    1199.19    1602.60   14241.90   12173.49    1524.14    1498.51    6245.21    6390.37
 4    1379.00    1293.92    1441.62    2192.63    2277.35    1926.17    1955.49    1251.19    1293.04    1678.74    1434.48     343.18     279.85     279.85     279.85     279.85     877.24    1710.38    2094.00    2292.95    2192.63    1259.06     916.52    1358.17    1987.52    1664.60    1303.18
 1    4109.00     867.17     867.17    3122.66    3122.66    3337.03    3337.03    3762.53    3762.53    4163.08    4163.08    4912.45    4912.45    6288.74    6288.74    3074.15    3074.15    8487.86    8487.86    8130.74    8130.74    5752.36    5752.36    8018.47    8018.47   10827.89   10827.89
 2     783.00     165.18     165.18     594.79     594.79     635.62     635.62     716.67     716.67     792.97     792.97     935.70     935.70    1197.86    1197.86     585.55     585.55    1616.74    1616.74    1548.71    1548.71    1095.69    1095.69    1527.33    1527.33    2062.46    2062.46
 3    3537.00     747.52     794.04    2030.38    2022.71    1706.68    1626.39   10460.42    9946.63    1366.61    2141.75   20979.52   17641.52    1840.58    1312.13    2746.88    2552.04    2040.95    2219.73    9418.22    8465.22    1196.92    1419.52   11923.17    9342.30    1084.84     652.10
 4    1379.00    1115.89    1275.03    1371.76    1318.31    1610.92    1849.89    2031.63    3062.41    2810.28    2400.86    1415.58     822.42    1104.50    1314.78    1929.70    1825.30    1839.15    1851.98    1571.87    1300.38    1785.51    1819.85    1065.68     844.11    1100.59     921.65
 1    4109.00    2957.72    2957.72    3292.21    3292.21    6200.04    6200.04    8690.68    8690.68    7519.05    7519.05    7881.72    7881.72    2403.32    2403.32    4390.85    4390.85    9354.58    9354.58    8043.42    8043.42    2506.35    2506.35    4893.04    4893.04    7548.16    7548.16
 2     783.00     563.38     563.38     627.09     627.09    1180.96    1180.96    1655.37    1655.37    1432.20    1432.20    1501.28    1501.28     457.78     457.78     836.35     836.35    1781.82    1781.82    1532.08    1532.08     477.40     477.40     932.01     932.01    1437.74    1437.74
 3    3537.00     853.85     798.67    1743.46    2426.33    4289.58    4211.80    1162.66    1321.19   15799.21   10906.63     642.23     660.23     496.47     585.85    3008.53    3324.65    1082.02     925.27    9621.27    7685.64     272.39     442.99     747.63    1107.42    2907.94    3482.09
 4    1379.00    1428.03    1569.82    1834.21    1710.88    1423.40    1499.28    1674.90    1708.86     816.36     585.06     882.73     969.53    1029.76    1153.12    1134.42    1027.36    1024.11    1235.74     608.58     731.82    1101.39    1551.22    1907.11    2471.35    2861.69    2593.56
 1    4109.00    7058.90    7058.90    4263.34    4263.34    4431.50    4431.50    7519.51    7519.51    9879.87    9879.87    8798.79    8798.79   11263.10   11263.10    5157.77    5157.77    2486.95    2486.95    1827.67    1827.67    2640.79    2640.79    1929.31    1929.31    2072.99    2072.99
 2     783.00    1344.55    1344.55     812.06     812.06     844.10     844.10    1432.29    1432.29    1881.88    1881.88    1675.96    1675.96    2145.35    2145.35     982.43     982.43     473.70     473.70     348.13     348.13     503.01     503.01     367.49     367.49     394.86     394.86
 3    3537.00    1909.08    1709.34    8059.27    6864.96     648.16     804.39   15794.50   15557.31     809.93    1325.14   24891.81   18447.86    1048.67     693.13    4318.51    4040.42     569.42     675.69     738.85     675.49    2016.35    1861.98     714.80     680.17     888.73     915.59
 4    1379.00    1512.02    1459.10    1044.09    1171.31    1451.66    1363.20    1465.31    2170.41    3197.88    2725.84     710.40     837.45    1203.05     908.28     672.37     650.55     805.47     730.74     662.06     648.01     571.29     735.16    1022.72    1127.45     981.29    1122.55
 1    4109.00    5197.04    5197.04    4430.58    4430.58    3751.44    3751.44    3036.73    3036.73    7992.60    7992.60   12737.80   12737.80    6766.45    6766.45    5573.57    5573.57    2896.28    2896.28    6208.36    6208.36    8717.94    8717.94   11308.84   11308.84   13889.57   13889.57
 2     783.00     989.91     989.91     843.92     843.92     714.56     714.56     578.42     578.42    1522.40    1522.40    2426.25    2426.25    1288.85    1288.85    1061.63    1061.63     551.67     551.67    1182.54    1182.54    1660.56    1660.56    2154.06    2154.06    2645.63    2645.63
 3    3537.00     952.86    1331.34    8704.04    7700.05     590.50     656.19     784.43    1019.20   10443.10    9298.63    1195.02     936.24    8479.65    9862.28     402.75     495.24     691.89    1110.94    7595.65    6369.87    1213.42    1036.73    9347.25    9352.48    1282.53    1316.39
 4    1379.00    1352.42    1499.53     996.51     914.52    1126.12    1536.11    1688.02    1918.13    1785.32    1252.54    1311.14    1053.46     928.43     904.39    1181.91    1282.82    1496.57    1621.27    1264.46    1518.03    2045.06    2328.36    1942.28    1660.38    1437.76    1528.15
 1    4109.00    2985.91    2985.91    4322.01    4322.01    8249.47    8249.47    9404.47    9404.47    4218.06    4218.06    2788.63    2788.63    7258.94    7258.94    6672.20    6672.20    2498.03    2498.03    2619.54    2619.54    4941.09    4941.09    3535.69    3535.69    5586.04    5586.04
 2     783.00     568.74     568.74     823.24     823.24    1571.33    1571.33    1791.33    1791.33     803.44     803.44     531.17     531.17    1382.66    1382.66    1270.90    1270.90     475.82     475.82     498.96     498.96     941.16     941.16     673.46     673.46    1064.01    1064.01
 3    3537.00     754.51     790.12    5622.86    5493.01    1063.57    1136.36   14329.22    9177.65     300.81     360.97     542.62     947.51   17115.81   13354.74    1151.93     855.95     887.71    1262.37    3311.84    3632.76    1219.02    1101.80    2426.14    2574.59    1042.02     751.37
 4    1379.00    1439.23    1491.22    1568.09    1314.65    1326.38    1150.58     575.15     569.35     724.70    1167.63    2229.19    2058.32     815.01     631.25    1075.84    1259.25    1143.73    1159.73    1172.97    1220.02    1142.12    1166.04    1218.98    1143.17     966.44     972.63
 1    4109.00    3745.90    3745.90    6267.49    6267.49    4295.68    4295.68    9855.85    9855.85   11653.03   11653.03    5576.80    5576.80    3035.80    3035.80    2908.29    2908.29    2486.02    2486.02    2307.69    2307.69    1830.44    1830.44    1823.51    1823.51    5822.59    5822.59
 2     783.00     713.50     713.50    1193.81    1193.81     818.22     818.22    1877.30    1877.30    2219.62    2219.62    1062.25    1062.25     578.25     578.25     553.96     553.96     473.53     473.53     439.56     439.56     348.66     348.66     347.34     347.34    1109.06    1109.06
 3    3537.00     541.96     661.41    7092.05    7828.52     669.68     704.64    6134.13    6982.23    1394.12    1538.30   14338.41   14290.75     760.95     858.16    4314.66    3975.18     650.07     669.55     792.85     609.39     769.03     760.77     853.31    1360.45    7889.23    6799.48
 4    1379.00    1128.19    1264.44    1190.07    1229.98    1537.34    2430.12    2637.75    1999.41    1339.92    1281.54     794.67     606.91     837.41     733.10     772.34     725.69     693.11     764.77     781.59     765.50    1025.79    1478.00    1685.73    1479.40    1057.81    1132.92
 1    4109.00    6209.74    6209.74    6478.63    6478.63    4503.58    4503.58    2857.47    2857.47    2362.21    2362.21    4365.44    4365.44    4953.56    4953.56    3963.50    3963.50    2221.30    2221.30    5074.15    5074.15    7460.84    7460.84    5935.31    5935.31    7782.85    7782.85
 2     783.00    1182.81    1182.81    1234.02    1234.02     857.82     857.82     544.28     544.28     449.94     449.94     831.51     831.51     943.54     943.54     754.95     754.95     423.10     423.10     966.50     966.50    1421.11    1421.11    1130.54    1130.54    1482.45    1482.45
 3    3537.00     772.18     956.08   10269.39    7188.88     449.63     581.80    1121.24    1220.04     578.85     803.73    1771.92    2135.72    2959.16    3726.79     983.70     969.27    1093.52     853.68    2545.33    3238.83    2294.57    2177.71    6140.92    5820.82     989.85    1094.29
 4    1379.00    1410.12    1360.41     971.52     763.38     799.08     803.89     635.81    1023.68    1414.44    1612.75    1330.13    1474.16    1236.12    1061.05     909.10    1066.10    1172.10    1596.35    1625.66    1631.99    1433.16    1388.07    1314.40    1278.55    1068.74     728.58
 1    4109.00    7112.49    7112.49    6394.08    6394.08    2944.79    2944.79    4792.79    4792.79    5949.64    5949.64    7053.82    7053.82   14182.48   14182.48    9657.19    9657.19    4939.24    4939.24    6562.25    6562.25    3444.21    3444.21    6152.45    6152.45    2984.98    2984.98
 2     783.00    1354.76    1354.76    1217.92    1217.92     560.91     560.91     912.91     912.91    1133.26    1133.26    1343.58    1343.58    2701.42    2701.42    1839.46    1839.46     940.81     940.81    1249.95    1249.95     656.04     656.04    1171.90    1171.90     568.57     568.57
 3    3537.00     913.72     760.14   11043.59    8331.79     389.96     664.76    4480.73    4729.36    1331.23    1128.35    6910.23    6862.95     751.42     837.97    8387.61   10396.44     569.50     641.37    6002.98    5898.39     710.82     872.73    8215.16    6783.53     535.72     732.53
 4    1379.00    1346.48    1153.05     658.54     860.77    1146.00    1291.78    1326.55    1349.37    1499.19    1503.52    1413.27    1321.07    1087.04    1094.09    1255.64    1124.33    1034.88    1067.88    1085.22     951.62    1035.75    1076.07     754.65     936.61    1338.42    1095.48
 1    4109.00    8272.11    8272.11    8086.85    8086.85    7086.62    7086.62    4029.10    4029.10    2421.80    2421.80    4051.74    4051.74    1350.43    1350.43    4761.37    4761.37    5823.97    5823.97    4496.18    4496.18    3920.53    3920.53    2724.88    2724.88    1507.04    1507.04
 2     783.00    1575.64    1575.64    1540.35    1540.35    1349.83    1349.83     767.45     767.45     461.30     461.30     771.76     771.76     257.22     257.22     906.93     906.93    1109.33    1109.33     856.42     856.42     746.77     746.77     519.02     519.02     287.06     287.06
 3    3537.00    1182.87    1362.62   13263.72   12490.14     610.72     865.36    5576.12    4775.79    1023.31     932.07    4464.16    3805.42     837.34     939.47    4897.93    4439.02     816.66     633.67    3768.84    3424.89     566.76     654.36    2629.55    3009.15     759.01    1274.52
 4    1379.00    1581.53    1532.17    1369.71    1527.54    1819.15    1681.27    1078.09     846.24    1075.25    1155.92     944.14     846.74     951.09    1022.79     782.80     722.69     752.13     684.42     794.36     828.62     889.57     832.31     882.02    1237.40    1655.80    1615.54
 1    4109.00    4474.47    4474.47    2926.31    2926.31    6316.93    6316.93    8117.34    8117.34   11929.30   11929.30   12892.11   12892.11   10543.30   10543.30    9576.80    9576.80    6986.36    6986.36   10930.00   10930.00   11168.39   11168.39    9298.21    9298.21    8852.84    8852.84
 2     783.00     852.28     852.28     557.39     557.39    1203.22    1203.22    1546.16    1546.16    2272.25    2272.25    2455.64    2455.64    2008.25    2008.25    1824.15    1824.15    1330.74    1330.74    2081.90    2081.90    2127.31    2127.31    1771.09    1771.09    1686.26    1686.26
 3    3537.00     589.22     783.56     694.22    1117.63    3019.13    3632.70    1349.70    1645.18    2606.21    2993.98   21782.35   15555.82    1971.54    1402.57   11799.25   11820.51    1082.80    1416.39   15270.00   13023.13    2672.76    2328.43   17502.61   13313.59    1290.21    1004.46
 4    1379.00    1110.02    1535.90    2072.67    2242.14    1481.64    1673.63    3271.86    4021.47    3917.65    3168.82    1803.08    1200.85    1636.60    1887.71    1808.30    2221.77    3642.74    3744.85    3792.47    2766.56    2570.79    2089.09     964.11     632.99     981.41    1185.97
 1    4109.00    6600.59    6600.59   12880.56   12880.56    2103.02    2103.02    1204.43    1204.43    3309.31    3309.31    5113.42    5113.42    5047.35    5047.35    6627.39    6627.39   11768.99   11768.99   12451.36   12451.36   15674.27   15674.27   18724.40   18724.40    8812.19    8812.19
 2     783.00    1257.26    1257.26    2453.44    2453.44     400.58     400.58     229.42     229.42     630.34     630.34     973.98     973.98     961.40     961.40    1262.36    1262.36    2241.71    2241.71    2371.69    2371.69    2985.58    2985.58    3566.55    3566.55    1678.51    1678.51
 3    3537.00    1268.33    1379.23   14450.13    8635.87    6116.57      84.44     149.22     520.44    1433.88    1813.78    3077.89    2613.48    6439.33    9577.73     901.84    1283.33   13649.75    9273.07     794.97    1173.87    2223.93    2439.66   20795.23   18581.37    1234.63     949.27
 4    1379.00    1240.82    1205.34     542.24     322.92     322.92     887.96    1107.81    1278.45    1351.94    1157.29     930.84    1012.77    1838.41    2765.34    2209.45    1679.60     909.33    1956.14    4175.06    4813.63    3715.00    2427.22    1948.23    1463.26    1186.39    1025.09
 1    4109.00    4918.45    4918.45    4512.35    4512.35    5138.83    5138.83    5979.67    5979.67    1971.35    1971.35    3423.88    3423.88    4401.47    4401.47    6729.95    6729.95    5263.57    5263.57    7085.69    7085.69    3280.66    3280.66    2995.15    2995.15    9387.84    9387.84
 2     783.00     936.85     936.85     859.50     859.50     978.82     978.82    1138.98    1138.98     375.50     375.50     652.17     652.17     838.38     838.38    1281.90    1281.90    1002.58    1002.58    1349.66    1349.66     624.89     624.89     570.50     570.50    1788.16    1788.16
 3    3537.00    1010.72     692.67    4242.37    3529.75     774.48     754.61   10794.37    8982.94     365.14     590.63    3425.90    3432.47     944.97    1132.71   10816.89   10322.48     641.68     753.50    6816.85    5837.62     314.88     561.24     498.28     754.80    4703.46    4105.75
 4    1379.00    1215.11    1226.35    1020.49     930.85    1024.13     911.16     434.21     714.13    1298.85    1285.45    1226.22    1144.69    1053.86    1216.90     988.45    1088.75    1268.90    1072.64     585.05     547.84     692.15    1083.41    1757.22    1953.21    1529.05    1310.66
 1    4109.00    5088.01    5088.01    4796.48    4796.48    6531.29    6531.29    5835.98    5835.98    6351.58    6351.58    4491.56    4491.56    7191.95    7191.95    8691.61    8691.61    8589.04    8589.04    2091.01    2091.01    4263.34    4263.34   11492.71   11492.71   12973.42   12973.42
 2     783.00     969.14     969.14     913.62     913.62    1244.06    1244.06    1111.62    1111.62    1209.82    1209.82     855.54     855.54    1369.90    1369.90    1655.54    1655.54    1636.01    1636.01     398.29     398.29     812.06     812.06    2189.09    2189.09    2471.13    2471.13
 3    3537.00     704.30     687.95    4054.76    3707.36     731.44     795.42    7838.71   11581.95    1037.38    1604.07   11507.00   14810.98    1505.25    1872.60   15508.42   10959.47     871.01     629.64     523.78     811.05    5136.68    4785.04     963.22     937.72   16353.39   13592.27
 4    1379.00    1241.38    1090.62    1059.72     936.11    1177.06    1394.99    2251.14    2241.15    1717.58    1603.59    1769.38    2015.18    2164.28    1724.02     457.95     453.31     942.72    1116.71    1006.91    1302.52    1225.80    1623.19    2897.96    2548.53    1798.52    1566.49
 1    4109.00    4244.86    4244.86    2536.84    2536.84    7321.31    7321.31    3145.30    3145.30    6176.02    6176.02    6073.91    6073.91    7711.70    7711.70   10668.50   10668.50    3451.60    3451.60    5732.50    5732.50    4511.89    4511.89    7309.30    7309.30    4712.40    4712.40
 2     783.00     808.54     808.54     483.21     483.21    1394.54    1394.54     599.10     599.10    1176.38    1176.38    1156.94    1156.94    1468.90    1468.90    2032.10    2032.10     657.45     657.45    1091.90    1091.90     859.41     859.41    1392.25    1392.25     897.60     897.60
 3    3537.00     619.24     924.15     930.83    1444.52    9703.36    8320.44     378.48     614.28    3638.32    3957.85    1646.69    1480.78   11169.73    8651.56     707.52     543.18     626.46     930.62   11017.83    9426.36     932.31     975.82   11425.35    7929.56     366.91     508.76
 4    1379.00    1402.10    1407.50    1224.79    1089.69     594.93    1084.73    1694.74    1935.94    1717.99    1560.30    1594.21    1428.35    1159.70    1004.71    1086.75    1500.85    1585.62    1314.30     979.36    1081.11    1251.49    1061.87     514.22     714.61    1114.02    1212.66
 1    4109.00    3069.99    3069.99    2875.03    2875.03    8194.03    8194.03    6082.23    6082.23    7953.33    7953.33    6653.72    6653.72    3904.82    3904.82    6600.59    6600.59    4387.15    4387.15    2103.02    2103.02    1001.15    1001.15    3470.08    3470.08    7989.37    7989.37
 2     783.00     584.76     584.76     547.62     547.62    1560.77    1560.77    1158.52    1158.52    1514.92    1514.92    1267.38    1267.38     743.78     743.78    1257.26    1257.26     835.65     835.65     400.58     400.58     190.70     190.70     660.97     660.97    1521.78    1521.78
 3    3537.00     651.74     882.97     938.73    1235.99    8471.16    7648.18    2052.13    1808.55   15831.61   11531.35     794.05     836.66    2200.04    2576.94    2368.76    2327.81   12036.85   11492.55     685.05     730.66    1129.88    1343.12    6419.20    6779.81    1381.75    1507.99
 4    1379.00    1178.24    1634.96    2627.77    2462.87    2015.09    1510.80    1550.75    1443.75     960.31     746.29    1233.73    1614.58    1717.27    1359.11    1314.79    1204.20     703.19     557.11    1017.02    1310.15    1402.18    1365.71    1648.36    1727.55    1611.93    1417.52
 1    4109.00    3294.98    3294.98    7909.44    7909.44    8739.65    8739.65    6693.46    6693.46   10214.82   10214.82    3301.91    3301.91    5323.63    5323.63    8266.57    8266.57    5164.70    5164.70    6645.41    6645.41    9251.09    9251.09   10524.82   10524.82   12583.96   12583.96
 2     783.00     627.62     627.62    1506.56    1506.56    1664.70    1664.70    1274.94    1274.94    1945.68    1945.68     628.94     628.94    1014.02    1014.02    1574.58    1574.58     983.75     983.75    1265.79    1265.79    1762.11    1762.11    2004.73    2004.73    2396.94    2396.94
 3    3537.00     641.23     777.17    9456.23    6754.85     658.34     412.69     586.53    1167.94   16294.55   11702.80     593.61     829.67    5476.68    5321.49    1011.09     905.09    1648.12    2204.33    1626.58    1779.27    6811.46    6532.68    1197.10    1072.45    5014.18    3799.11
 4    1379.00    1292.39    1414.07     609.81     548.11    1214.85    1626.72    1664.52    2071.51    1419.32     907.38     997.62    1375.05    1362.56    1289.34    1384.57    1614.14    1547.96    1594.32    1739.30    1664.88    1641.20    1592.25    1732.28    1524.35    1194.98     940.52
