FL 2019 2020 2021 2022 2023 2024 2025 2026 2027 2028 2029 2030 2031 2032 2033 2034 2035 2036 2037 2038 2039 2040 2041 2042 2043 2044 2045
 1  0.1254765  0.1016565  0.0966544  0.0915733  0.0943602  0.1219478  0.1296189  0.1138767  0.1142541  0.1693129  0.2064084  0.0997845  0.0972095  0.1556810  0.1458658  0.2479622  0.3145608  0.1715146  0.1610323  0.0563255  0.0477710  0.0625985  0.0651054  0.0934845  0.0869076  0.1989131  0.2104348
 2  0.0238751  0.0186097  0.0177377  0.0172708  0.0187010  0.0245319  0.0229748  0.0204583  0.0219202  0.0346184  0.0407807  0.0186787  0.0187539  0.0279593  0.0257196  0.0468871  0.0600120  0.0301037  0.0266368  0.0092690  0.0085302  0.0123375  0.0124052  0.0172228  0.0162346  0.0372800  0.0358907
 3  0.1162273  0.1640504  0.1453477  0.1543377  0.1527381  0.1610378  0.1279498  0.1630065  0.1549080  0.1708761  0.1275779  0.1588998  0.1477780  0.1566625  0.1469819  0.1735664  0.1396820  0.1618105  0.1489402  0.1697793  0.1385332  0.1712667  0.1225256  0.1657580  0.1494976  0.1609744  0.1438799
 4  0.0444602  0.0458722  0.0359942  0.0378449  0.0330178  0.0461422  0.0360301  0.0382041  0.0320437  0.0380977  0.0341249  0.0395798  0.0351342  0.0426537  0.0332236  0.0348833  0.0303770  0.0438432  0.0382064  0.0428912  0.0305016  0.0390473  0.0386374  0.0445765  0.0365631  0.0451411  0.0425814
 1  0.1254447  0.0965602  0.0896587  0.1378722  0.1433362  0.1354076  0.1540474  0.1251176  0.1359454  0.0974000  0.0859613  0.0473744  0.0420740  0.0483615  0.0463306  0.0547448  0.0573564  0.0744579  0.0838176  0.2101657  0.2334384  0.2006369  0.2049785  0.1206289  0.0886708  0.1179380  0.1118163
 2  0.0238456  0.0176601  0.0165395  0.0259173  0.0270574  0.0267330  0.0310098  0.0251942  0.0274981  0.0178804  0.0158797  0.0087913  0.0074464  0.0090200  0.0091355  0.0113999  0.0127166  0.0175526  0.0177387  0.0416368  0.0449929  0.0374367  0.0342653  0.0184737  0.0135953  0.0199903  0.0192345
 3  0.1162137  0.1453796  0.1425067  0.1439493  0.1283022  0.1544515  0.1436435  0.1383542  0.1328944  0.1254521  0.1536463  0.1327686  0.1352833  0.1557749  0.1410669  0.1332869  0.1255413  0.1306031  0.1231274  0.1365151  0.1552111  0.1257315  0.1640887  0.1421976  0.1632201  0.1726067  0.1470469
 4  0.0443576  0.0379308  0.0345358  0.0362754  0.0299951  0.0324447  0.0306094  0.0321677  0.0340475  0.0336032  0.0365410  0.0358231  0.0362620  0.0369501  0.0330554  0.0328039  0.0269134  0.0337950  0.0392851  0.0327706  0.0342701  0.0369425  0.0461161  0.0416043  0.0405033  0.0417321  0.0382435
 1  0.1278873  0.1404351  0.1341012  0.1303319  0.1175469  0.2387814  0.2039626  0.1640572  0.1831702  0.1565323  0.1726202  0.1989915  0.2026692  0.0846237  0.0801403  0.2020217  0.2528543  0.1666218  0.1196455  0.1153352  0.1132722  0.2521149  0.3038221  0.1781852  0.1679263  0.1314694  0.1510908
 2  0.0247547  0.0259561  0.0246291  0.0225319  0.0207635  0.0377453  0.0332959  0.0295234  0.0348426  0.0306148  0.0332995  0.0369334  0.0342814  0.0147329  0.0152801  0.0418542  0.0527988  0.0266341  0.0181532  0.0195278  0.0214798  0.0507427  0.0576443  0.0307237  0.0296507  0.0254344  0.0312457
 3  0.1181554  0.1289199  0.1393373  0.1497427  0.1665918  0.1620913  0.1672867  0.1651316  0.1618049  0.1516028  0.1440858  0.1420438  0.1463925  0.1499630  0.1468369  0.1349245  0.1467283  0.1374387  0.1613404  0.1534475  0.1352339  0.1236070  0.1436874  0.1475103  0.1488186  0.1444521  0.1441486
 4  0.0465951  0.0341686  0.0373749  0.0414371  0.0449598  0.0434398  0.0386022  0.0328365  0.0389043  0.0336998  0.0368844  0.0398063  0.0364119  0.0337385  0.0326703  0.0299695  0.0425324  0.0447990  0.0427276  0.0324422  0.0302720  0.0339978  0.0407714  0.0371705  0.0324771  0.0283910  0.0315303
 1  0.1288192  0.0450320  0.0395082  0.1440373  0.1708287  0.1218349  0.1032384  0.0504611  0.0382949  0.0734504  0.0776676  0.0686993  0.0812192  0.0621363  0.0429752  0.0652189  0.0641987  0.1744139  0.2380125  0.2050226  0.3057976  0.2507422  0.2651992  0.0921696  0.0514961  0.1183427  0.1224654
 2  0.0246201  0.0082139  0.0073582  0.0288720  0.0353651  0.0250214  0.0119931  0.0072032  0.0066704  0.0143048  0.0168247  0.0163550  0.0206521  0.0108957  0.0070335  0.0116062  0.0127931  0.0398223  0.0608008  0.0544271  0.0769594  0.0507034  0.0444459  0.0117556  0.0076717  0.0207894  0.0214467
 3  0.1191925  0.1316244  0.1454695  0.1580547  0.1421436  0.1392355  0.1479411  0.1734830  0.1654288  0.1496714  0.1230067  0.1384609  0.1403630  0.1250153  0.1556713  0.1604189  0.1601035  0.1236012  0.1306194  0.1278431  0.1259116  0.1228759  0.1397053  0.1506430  0.1778879  0.1789721  0.1404983
 4  0.0459275  0.0404739  0.0345465  0.0310983  0.0308653  0.0687084  0.0632683  0.0419930  0.0357305  0.0341377  0.0280544  0.0304438  0.0524553  0.0509886  0.0447959  0.0366314  0.0304946  0.0248893  0.0266782  0.0276920  0.0310784  0.0378865  0.0505720  0.0473513  0.0390691  0.0399551  0.0392158
 1  0.1248385  0.0838001  0.0774219  0.0971817  0.1006038  0.1700523  0.1132098  0.2741817  0.3236756  0.4479346  0.4114046  0.1282062  0.1089859  0.1854205  0.2201062  0.2774074  0.4125694  0.2296278  0.2377288  0.0731464  0.0475069  0.1748382  0.1890692  0.3044249  0.3153445  0.1303131  0.1262605
 2  0.0237493  0.0153531  0.0143142  0.0186828  0.0200997  0.0252029  0.0174763  0.0467437  0.0597042  0.0709243  0.0549937  0.0189593  0.0184782  0.0350700  0.0453686  0.0613607  0.0861938  0.0423948  0.0359746  0.0099815  0.0073926  0.0308079  0.0356523  0.0545579  0.0492253  0.0213377  0.0234727
 3  0.1157048  0.1473922  0.1425027  0.1343795  0.1415647  0.1538861  0.1844340  0.1716311  0.1619015  0.1410792  0.1800652  0.1642806  0.1725616  0.1520940  0.1428280  0.1320241  0.1292697  0.1343568  0.1439243  0.1659754  0.1519616  0.1653949  0.1511255  0.1551139  0.1430609  0.1716245  0.1548508
 4  0.0442984  0.0409832  0.0361210  0.0314628  0.0457221  0.0532262  0.0456711  0.0375646  0.0421655  0.0501601  0.0500664  0.0393963  0.0368797  0.0323426  0.0292116  0.0318174  0.0314904  0.0423416  0.0498454  0.0518632  0.0361144  0.0363782  0.0397363  0.0468001  0.0395767  0.0361751  0.0281150
 1  0.1109460  0.1609743  0.1639893  0.2034053  0.1914493  0.1894307  0.1840286  0.1660611  0.1709719  0.1525365  0.1592235  0.0651552  0.0646573  0.1210111  0.1266711  0.1543231  0.1815291  0.0940273  0.0571478  0.0807991  0.0783065  0.1997512  0.2746461  0.2876134  0.3956020  0.0738429  0.0626207
 2  0.0215407  0.0302378  0.0303684  0.0349390  0.0321804  0.0317939  0.0316403  0.0296734  0.0307534  0.0282630  0.0299229  0.0124188  0.0130912  0.0243928  0.0257623  0.0322888  0.0374336  0.0139342  0.0084566  0.0137924  0.0153655  0.0444984  0.0646512  0.0644562  0.0799733  0.0125527  0.0088777
 3  0.1025202  0.1526062  0.1517201  0.1528562  0.1675919  0.1597021  0.1718863  0.1496176  0.1473811  0.1431619  0.1438057  0.1489792  0.1413844  0.1404101  0.1414204  0.1390087  0.1095733  0.1329558  0.1689878  0.1490121  0.1457306  0.1434112  0.1286134  0.1285397  0.1790887  0.2752959  0.1486472
 4  0.0405097  0.0408232  0.0404648  0.0413846  0.0429354  0.0435133  0.0397065  0.0384103  0.0345891  0.0352999  0.0339738  0.0338707  0.0310820  0.0360564  0.0314088  0.0323623  0.0469166  0.0514990  0.0440550  0.0316915  0.0273513  0.0301110  0.0286811  0.0322761  0.0382340  0.0434916  0.0450450
 1  0.1265341  0.1664910  0.1627277  0.0839356  0.0827239  0.0711250  0.0676272  0.0888121  0.1005843  0.0919260  0.0871206  0.1290784  0.1176676  0.0663248  0.0587210  0.1993073  0.2274764  0.1649664  0.1867471  0.0899025  0.0762963  0.0554268  0.0514376  0.1394934  0.1799290  0.0989112  0.1141034
 2  0.0240649  0.0302890  0.0293381  0.0154311  0.0153057  0.0131041  0.0132900  0.0191405  0.0191865  0.0169559  0.0165193  0.0235704  0.0194655  0.0112806  0.0108220  0.0385238  0.0452536  0.0335464  0.0338894  0.0154580  0.0120380  0.0095266  0.0100027  0.0307448  0.0434550  0.0241536  0.0245191
 3  0.1171771  0.1445399  0.1508246  0.1528988  0.1495939  0.1426467  0.1435036  0.1498249  0.1338709  0.1528204  0.1446609  0.1484700  0.1515608  0.1602786  0.1612925  0.1446549  0.1459019  0.1501819  0.1311053  0.1648204  0.1590429  0.1573450  0.1571722  0.1478078  0.1336590  0.1202562  0.1212910
 4  0.0445246  0.0364738  0.0372987  0.0349856  0.0369858  0.0363372  0.0286310  0.0334458  0.0390536  0.0353648  0.0355678  0.0465835  0.0453553  0.0419926  0.0376148  0.0343320  0.0333013  0.0380739  0.0388942  0.0474468  0.0465853  0.0358720  0.0291988  0.0294508  0.0273244  0.0335185  0.0384771
 1  0.1297867  0.0275420  0.0242460  0.0308383  0.0295097  0.0712511  0.0621511  0.2834830  0.3925394  0.1865130  0.1961560  0.2635128  0.3334254  0.1241025  0.1160186  0.0561926  0.0425991  0.1848632  0.1287080  0.2833835  0.3904348  0.3725405  0.5029709  0.0843265  0.0620264  0.0941478  0.0763374
 2  0.0252255  0.0050988  0.0045509  0.0062301  0.0046372  0.0116946  0.0113980  0.0570164  0.0779199  0.0340445  0.0378462  0.0515223  0.0640318  0.0235651  0.0164933  0.0084681  0.0069907  0.0263475  0.0202949  0.0519404  0.0792900  0.0738124  0.0835962  0.0122286  0.0100144  0.0151801  0.0127778
 3  0.1198957  0.1446494  0.1418518  0.1613668  0.1542788  0.1713000  0.1639679  0.1492723  0.1361740  0.1418414  0.1578245  0.1402027  0.1454557  0.1350299  0.1475258  0.1622870  0.1573298  0.1707632  0.1743872  0.1677002  0.1427387  0.1284172  0.1339226  0.1488889  0.1773993  0.1582153  0.1531142
 4  0.0477583  0.0394431  0.0357693  0.0515439  0.0557243  0.0431190  0.0354104  0.0335995  0.0356155  0.0336399  0.0315799  0.0318360  0.0305225  0.0419993  0.0492998  0.0399799  0.0486239  0.0506277  0.0400625  0.0308416  0.0287172  0.0346033  0.0423856  0.0373843  0.0405265  0.0412543  0.0398194
 1  0.1223116  0.1549170  0.1528937  0.2471095  0.2778244  0.2127424  0.2356667  0.0508171  0.0486205  0.0774284  0.0762835  0.0937705  0.0900394  0.0688222  0.0559589  0.0766294  0.0725469  0.0769071  0.0732303  0.1075500  0.1145608  0.0948757  0.0945761  0.0986117  0.0902336  0.0785524  0.0745983
 2  0.0236805  0.0287747  0.0280479  0.0449304  0.0498745  0.0385839  0.0415833  0.0091675  0.0094157  0.0152353  0.0150949  0.0182828  0.0160705  0.0116664  0.0096375  0.0140771  0.0128848  0.0140630  0.0146403  0.0221812  0.0233350  0.0189921  0.0181307  0.0177538  0.0168084  0.0148007  0.0139875
 3  0.1129846  0.1421927  0.1400094  0.1583459  0.1367703  0.1535516  0.1546891  0.1485617  0.1473691  0.1364394  0.1468384  0.1459164  0.1544164  0.1352245  0.1498720  0.1543958  0.1498598  0.1494748  0.1507164  0.1396169  0.1357117  0.1342258  0.1444395  0.1543316  0.1501428  0.1469573  0.1507610
 4  0.0446547  0.0383009  0.0351386  0.0385053  0.0311771  0.0344961  0.0334193  0.0294218  0.0315615  0.0324156  0.0335872  0.0394106  0.0462631  0.0373790  0.0354648  0.0410596  0.0419421  0.0349007  0.0334751  0.0362719  0.0340136  0.0388780  0.0404811  0.0411674  0.0406747  0.0383453  0.0404204
 1  0.1207744  0.1726350  0.1759711  0.1256356  0.1388692  0.0757228  0.0865151  0.0813650  0.0956622  0.0697477  0.0568699  0.0691924  0.0644456  0.0896924  0.0780098  0.1020305  0.1103859  0.1238311  0.1274560  0.0903374  0.0717014  0.2099936  0.2262557  0.1715814  0.1803426  0.1297662  0.1152373
 2  0.0233681  0.0322093  0.0321533  0.0239117  0.0277863  0.0157658  0.0188981  0.0177527  0.0181147  0.0116810  0.0095501  0.0123197  0.0123405  0.0161988  0.0146201  0.0203384  0.0219581  0.0244300  0.0241731  0.0152744  0.0121151  0.0376525  0.0431046  0.0341039  0.0279964  0.0206205  0.0204534
 3  0.1116213  0.1513083  0.1426506  0.1495276  0.1426265  0.1650214  0.1874564  0.2298790  0.2759968  0.1587357  0.1379321  0.1428852  0.1330817  0.1481325  0.1494830  0.1569136  0.1252524  0.1546747  0.1368914  0.1383938  0.1418786  0.1392393  0.1525062  0.1427729  0.1425265  0.1812912  0.1628244
 4  0.0441728  0.0419435  0.0351513  0.0330291  0.0286511  0.0353804  0.0437120  0.0515908  0.0445821  0.0381505  0.0362092  0.0318646  0.0388654  0.0403605  0.0335352  0.0326507  0.0349096  0.0403104  0.0429324  0.0392961  0.0350620  0.0349431  0.0318724  0.0415566  0.0490424  0.0403870  0.0317006
 1  0.1220670  0.0637298  0.0576610  0.0751374  0.0749145  0.1015119  0.1099801  0.1569333  0.1963179  0.1125247  0.1125169  0.0874129  0.0786715  0.1556433  0.1497717  0.1445040  0.1530582  0.1312886  0.1386811  0.0643338  0.0522714  0.1318570  0.1212545  0.1539989  0.1771363  0.2609227  0.3669964
 2  0.0232303  0.0117448  0.0108321  0.0145700  0.0141406  0.0200275  0.0232634  0.0351374  0.0424615  0.0227060  0.0199146  0.0153000  0.0132537  0.0269351  0.0272477  0.0272633  0.0305672  0.0266286  0.0253590  0.0108845  0.0087580  0.0225107  0.0220167  0.0299562  0.0364174  0.0561840  0.0808999
 3  0.1130934  0.1346820  0.1475078  0.1381470  0.1410107  0.1402183  0.1382350  0.1322801  0.1352021  0.1415921  0.1522553  0.1647890  0.1517622  0.1587580  0.1433793  0.1455309  0.1312232  0.1451278  0.1463625  0.1530890  0.1581680  0.1518189  0.1660159  0.1655952  0.1620402  0.1287526  0.1377710
 4  0.0433681  0.0365262  0.0370856  0.0385353  0.0356831  0.0266330  0.0265745  0.0288471  0.0362942  0.0391913  0.0409248  0.0408832  0.0406204  0.0383569  0.0342909  0.0339711  0.0304359  0.0393420  0.0447731  0.0445274  0.0437364  0.0395454  0.0351591  0.0352896  0.0312432  0.0276358  0.0297606
 1  0.1248421  0.1186523  0.1127378  0.1527190  0.1732301  0.1699106  0.1871485  0.1489559  0.1287969  0.1516904  0.1466033  0.1134622  0.0932188  0.1223597  0.1284059  0.1609197  0.1728095  0.1934661  0.1812808  0.0996106  0.0921551  0.1489894  0.1888808  0.2290374  0.2786244  0.1724081  0.1533330
 2  0.0236711  0.0217012  0.0206969  0.0294117  0.0357727  0.0341458  0.0359257  0.0256140  0.0210247  0.0262493  0.0252746  0.0185756  0.0160405  0.0230164  0.0237109  0.0303814  0.0347081  0.0358650  0.0292361  0.0166273  0.0173057  0.0316559  0.0418279  0.0488942  0.0558549  0.0297069  0.0256091
 3  0.1157002  0.1484268  0.1423236  0.1404576  0.1358078  0.1478066  0.1368387  0.1447644  0.1470785  0.1467719  0.1463430  0.1530415  0.1455863  0.1548216  0.1492143  0.1477082  0.1297223  0.1383077  0.1505144  0.1630867  0.1668873  0.1434419  0.1238378  0.1371672  0.1556151  0.1374486  0.1547252
 4  0.0439966  0.0384936  0.0343112  0.0287638  0.0306253  0.0337721  0.0354889  0.0407524  0.0397331  0.0346867  0.0430217  0.0409506  0.0333614  0.0366759  0.0415886  0.0328953  0.0333839  0.0456937  0.0445172  0.0380996  0.0307193  0.0282934  0.0300483  0.0321070  0.0361138  0.0378606  0.0490344
 1  0.1245411  0.1317793  0.1271056  0.0836653  0.0868886  0.0726720  0.0637875  0.0414335  0.0426442  0.0891615  0.0892844  0.2034472  0.2703855  0.2865229  0.2840900  0.0773453  0.0603928  0.2578851  0.3080692  0.0976244  0.0808784  0.1358787  0.1506183  0.2746872  0.3139983  0.3239754  0.3951932
 2  0.0237521  0.0242651  0.0232947  0.0161073  0.0161693  0.0127609  0.0118063  0.0084437  0.0078875  0.0167525  0.0180590  0.0439262  0.0614991  0.0596238  0.0351114  0.0110428  0.0102129  0.0494139  0.0481991  0.0151253  0.0141214  0.0260086  0.0289621  0.0514097  0.0582879  0.0584496  0.0657405
 3  0.1153379  0.1483047  0.1446337  0.1532187  0.1502874  0.1535895  0.1444401  0.1459928  0.1449912  0.1696940  0.1464154  0.1381385  0.1283032  0.1334564  0.1381296  0.1912616  0.1804504  0.1517808  0.1504185  0.1662796  0.1624594  0.1601277  0.1451464  0.1503163  0.1688662  0.1582872  0.1646670
 4  0.0445669  0.0364698  0.0372872  0.0383430  0.0400269  0.0374372  0.0297538  0.0390122  0.0421834  0.0366098  0.0299475  0.0288792  0.0294567  0.0597756  0.0496743  0.0413974  0.0338863  0.0435208  0.0494710  0.0394536  0.0350132  0.0397320  0.0395154  0.0411794  0.0400965  0.0418471  0.0407440
 1  0.1327275  0.1675403  0.1641665  0.2581802  0.2220871  0.2120381  0.1384036  0.3104543  0.4524392  0.4110061  0.7152214  0.1930451  0.0494582  0.1596852  0.1687754  0.1710968  0.1955535  0.1094881  0.0862418  0.1008087  0.1053070  0.2020216  0.2729714  0.1884750  0.2489025  0.1112691  0.0875995
 2  0.0254987  0.0306105  0.0294156  0.0412402  0.0339623  0.0278188  0.0210025  0.0559218  0.0913905  0.0836915  0.1367270  0.0140056  0.0063081  0.0262312  0.0296141  0.0325704  0.0395315  0.0186151  0.0144547  0.0184264  0.0208229  0.0435040  0.0625887  0.0431367  0.0546593  0.0194952  0.0129912
 3  0.1228067  0.1457232  0.1489388  0.1519735  0.1589640  0.1709679  0.1741221  0.1759769  0.1574587  0.1578584  0.1353954  0.1296789  0.1728885  0.1775679  0.1571940  0.1617951  0.1532463  0.1412113  0.1566825  0.1609937  0.1532068  0.1502727  0.1333027  0.1387660  0.1281421  0.1684040  0.1468254
 4  0.0478112  0.0384982  0.0420061  0.0479939  0.0570552  0.0505909  0.0382766  0.0325168  0.0285084  0.0287181  0.0751601  0.0515365  0.0406553  0.0362584  0.0380528  0.0366865  0.0440274  0.0492857  0.0376908  0.0368952  0.0331943  0.0320091  0.0273525  0.0321170  0.0366480  0.0546926  0.0474862
 1  0.1072441  0.1591959  0.1596666  0.1652490  0.1573824  0.0945908  0.0857452  0.0888965  0.0868178  0.1459740  0.1471223  0.0828868  0.0836363  0.1136183  0.1207343  0.0917004  0.0927249  0.1301026  0.1298972  0.2026704  0.2556574  0.1269517  0.1208732  0.0486083  0.0448287  0.0768717  0.0486216
 2  0.0203581  0.0296372  0.0297447  0.0294896  0.0257549  0.0157708  0.0156092  0.0166579  0.0167590  0.0278452  0.0270930  0.0158013  0.0158896  0.0221987  0.0253743  0.0190995  0.0179055  0.0244196  0.0250088  0.0413867  0.0547915  0.0246185  0.0222682  0.0088593  0.0085180  0.0115945  0.0073409
 3  0.0993911  0.1371361  0.1526332  0.1565525  0.1697411  0.1611495  0.1491731  0.1507160  0.1603033  0.1495087  0.1428760  0.1478194  0.1432170  0.1450552  0.1398037  0.1352555  0.1409467  0.1452859  0.1445184  0.1365735  0.1410669  0.1366757  0.1405977  0.1508762  0.1566180  0.1431014  0.1629983
 4  0.0378383  0.0376693  0.0387997  0.0441825  0.0459421  0.0367425  0.0316646  0.0378103  0.0407581  0.0411504  0.0376222  0.0352056  0.0384442  0.0342343  0.0303701  0.0370611  0.0424505  0.0351443  0.0334745  0.0267344  0.0332726  0.0373240  0.0379954  0.0340045  0.0512057  0.0527115  0.0449303
 1  0.1151150  0.1353665  0.1316306  0.0839565  0.0650563  0.1907021  0.2169132  0.2926028  0.4105335  0.2560904  0.2888445  0.1144484  0.1019110  0.0910582  0.0843847  0.0692972  0.0624311  0.0865420  0.0795408  0.0735275  0.0789439  0.1652731  0.1508767  0.1577388  0.1601250  0.1592407  0.1693805
 2  0.0219508  0.0250596  0.0243660  0.0135107  0.0110783  0.0350839  0.0417441  0.0592382  0.0810473  0.0465485  0.0494872  0.0189133  0.0181093  0.0167266  0.0143920  0.0122925  0.0114535  0.0157829  0.0148404  0.0147198  0.0174296  0.0321598  0.0267563  0.0286484  0.0274694  0.0287899  0.0323347
 3  0.1066673  0.1423310  0.1588035  0.1624203  0.1616665  0.1567646  0.1433516  0.1500105  0.1375530  0.1563751  0.1461270  0.1507858  0.1448582  0.1441827  0.1420930  0.1359323  0.1364966  0.1521835  0.1370849  0.1495829  0.1346501  0.1251090  0.1385028  0.1563363  0.1472349  0.1609135  0.1430124
 4  0.0408969  0.0351883  0.0454847  0.0470692  0.0369508  0.0347149  0.0337083  0.0337556  0.0329393  0.0364623  0.0368986  0.0349134  0.0289525  0.0406962  0.0395013  0.0325089  0.0360322  0.0383447  0.0309465  0.0292032  0.0353575  0.0456158  0.0387622  0.0381152  0.0373531  0.0355140  0.0349805
 1  0.1151962  0.1732460  0.1763166  0.1063978  0.0905226  0.1327990  0.1091178  0.0876549  0.0731541  0.0959676  0.1050591  0.1086293  0.1179396  0.1234293  0.1499453  0.1355117  0.1506896  0.1556013  0.1467882  0.1999312  0.1845125  0.2634629  0.3324136  0.1228569  0.0804234  0.1658587  0.1929688
 2  0.0220659  0.0320440  0.0321926  0.0179406  0.0154032  0.0212499  0.0184028  0.0144804  0.0128023  0.0187619  0.0213701  0.0224958  0.0250201  0.0273966  0.0331811  0.0293168  0.0298518  0.0279394  0.0258530  0.0335482  0.0326016  0.0509437  0.0570180  0.0169694  0.0126485  0.0303481  0.0388940
 3  0.1065712  0.1543050  0.1561393  0.1496582  0.1505686  0.1637461  0.1798142  0.1533202  0.1545938  0.1534599  0.1541335  0.1420648  0.1364790  0.1394255  0.1336346  0.1273848  0.1427206  0.1511909  0.1438650  0.1418536  0.1545136  0.1475794  0.1521070  0.1520009  0.1690169  0.1520727  0.1385790
 4  0.0411010  0.0429955  0.0401255  0.0422767  0.0426743  0.0429710  0.0511133  0.0439648  0.0377029  0.0344255  0.0381881  0.0333549  0.0313118  0.0309685  0.0322427  0.0359631  0.0415504  0.0403570  0.0400318  0.0393944  0.0328933  0.0353090  0.0501259  0.0454465  0.0354335  0.0295856  0.0298019
 1  0.1096066  0.0805220  0.0756701  0.1200145  0.1228851  0.0994818  0.1066847  0.1795643  0.2214359  0.1358619  0.1455245  0.1081792  0.0999835  0.1283432  0.1153986  0.0979056  0.0956951  0.0914668  0.0930174  0.1288795  0.1440684  0.0735038  0.0649622  0.0640852  0.0532123  0.0866476  0.0941378
 2  0.0207519  0.0149699  0.0143470  0.0229345  0.0232270  0.0193478  0.0221368  0.0384598  0.0456629  0.0274311  0.0269744  0.0197302  0.0157851  0.0212733  0.0203678  0.0179322  0.0183669  0.0179871  0.0189423  0.0268396  0.0304414  0.0141180  0.0112094  0.0106637  0.0095719  0.0175615  0.0179849
 3  0.1016157  0.1434382  0.1461758  0.1495161  0.1411601  0.1501547  0.1575301  0.1451630  0.1251200  0.1312432  0.1283911  0.1681320  0.1429547  0.1539725  0.1607534  0.1562505  0.1475720  0.1405035  0.1283888  0.1337529  0.1372321  0.1483310  0.1425655  0.1620822  0.1554575  0.1465258  0.1314830
 4  0.0386192  0.0398669  0.0367279  0.0346334  0.0328105  0.0301631  0.0316697  0.0346525  0.0307476  0.0327666  0.0346766  0.0444497  0.0448781  0.0337783  0.0371682  0.0380986  0.0366297  0.0352350  0.0302994  0.0308190  0.0330648  0.0433535  0.0414162  0.0395964  0.0326077  0.0382629  0.0379579
 1  0.1210734  0.1282497  0.1222654  0.3319672  0.3217195  0.1766716  0.1745651  0.3319556  0.4697743  0.2070032  0.1465855  0.0859369  0.0811592  0.1115223  0.1052373  0.0849653  0.0714563  0.1039271  0.1073712  0.0750903  0.0765759  0.1009284  0.1100968  0.0778542  0.0706688  0.1063054  0.1159668
 2  0.0226531  0.0234111  0.0225428  0.0555544  0.0495263  0.0286609  0.0312635  0.0638147  0.0928406  0.0303808  0.0224884  0.0146208  0.0142166  0.0204950  0.0184915  0.0142992  0.0125577  0.0197091  0.0208745  0.0151447  0.0152932  0.0208688  0.0213445  0.0142865  0.0135213  0.0212788  0.0244405
 3  0.1124218  0.1367669  0.1492474  0.1443028  0.1558736  0.1619700  0.1599485  0.1475844  0.1351723  0.1469438  0.1531910  0.1640532  0.1306827  0.1418732  0.1518463  0.1585172  0.1519958  0.1484795  0.1345756  0.1392358  0.1423898  0.1526071  0.1361866  0.1403891  0.1537637  0.1493561  0.1517756
 4  0.0418976  0.0365326  0.0411111  0.0466430  0.0396206  0.0358256  0.0318510  0.0311273  0.0349182  0.0408084  0.0327229  0.0364940  0.0347098  0.0362569  0.0408866  0.0441048  0.0382887  0.0355068  0.0346237  0.0368739  0.0348643  0.0391596  0.0410078  0.0348713  0.0360821  0.0342575  0.0311250
 1  0.1167139  0.1061698  0.1014477  0.1710573  0.1888618  0.1339890  0.1327054  0.1444691  0.1773252  0.0636264  0.0519048  0.0529583  0.0497924  0.0943097  0.0983533  0.1811167  0.1843571  0.3679365  0.5730762  0.2307503  0.1126497  0.2643540  0.2284981  0.2317975  0.2808433  0.2115347  0.2297674
 2  0.0225821  0.0199549  0.0190813  0.0331205  0.0357002  0.0243696  0.0248192  0.0292237  0.0392269  0.0120569  0.0089982  0.0094572  0.0096409  0.0197087  0.0178600  0.0325716  0.0348817  0.0750373  0.1050057  0.0265273  0.0144053  0.0380241  0.0361436  0.0414425  0.0518070  0.0386037  0.0415547
 3  0.1078768  0.1355455  0.1344795  0.1357290  0.1407287  0.1538104  0.1361141  0.1427366  0.1323901  0.1360775  0.1304125  0.1646285  0.1430832  0.1396444  0.1445618  0.1511383  0.1612455  0.1339352  0.1374866  0.1511457  0.1782810  0.1758109  0.1828313  0.1696818  0.1565543  0.1521746  0.1685667
 4  0.0428988  0.0397865  0.0352257  0.0327410  0.0352060  0.0365389  0.0328734  0.0414834  0.0326432  0.0423399  0.0376299  0.0349186  0.0282421  0.0385527  0.0436463  0.0358795  0.0297079  0.0308027  0.0466052  0.0510654  0.0500081  0.0462121  0.0409234  0.0374125  0.0394455  0.0361672  0.0365986
 1  0.1187765  0.0970546  0.0912354  0.0818965  0.0409202  0.0580767  0.0626041  0.1208751  0.1538211  0.0889939  0.1105276  0.0914078  0.0915136  0.0958432  0.0992654  0.1465537  0.1040436  0.1746389  0.1888928  0.2492036  0.2632720  0.1467092  0.1719603  0.1378910  0.1345240  0.1257475  0.1244366
 2  0.0226444  0.0179704  0.0170495  0.0100728  0.0060322  0.0103496  0.0131715  0.0287848  0.0385144  0.0226016  0.0252606  0.0186711  0.0180169  0.0188331  0.0203030  0.0234877  0.0164524  0.0310688  0.0326848  0.0429464  0.0489063  0.0294551  0.0325475  0.0251292  0.0241278  0.0228883  0.0228369
 3  0.1100329  0.1383120  0.1444030  0.1562820  0.1835934  0.1842973  0.1557590  0.1459972  0.1359567  0.1252534  0.1303061  0.1381335  0.1381313  0.1429786  0.1454459  0.1404313  0.1539556  0.1692911  0.1575482  0.1573463  0.1781957  0.1408212  0.1341598  0.1531324  0.1384291  0.1434976  0.1507945
 4  0.0423910  0.0394080  0.0649618  0.0581671  0.0452552  0.0339945  0.0296481  0.0327269  0.0328069  0.0315321  0.0361946  0.0360494  0.0348049  0.0338787  0.0484145  0.0500540  0.0394754  0.0389017  0.0474181  0.0381132  0.0347066  0.0348483  0.0378286  0.0435146  0.0364927  0.0351787  0.0376903
 1  0.1318712  0.1125967  0.1048275  0.0834772  0.0874077  0.0715341  0.0718862  0.1577236  0.1626227  0.0385607  0.0389932  0.0903723  0.1030026  0.1187892  0.1109078  0.0978393  0.0898113  0.1069475  0.0853672  0.1526750  0.1608560  0.1552941  0.1696595  0.0768458  0.0713860  0.0533538  0.0551963
 2  0.0249026  0.0203175  0.0190111  0.0159708  0.0172053  0.0141286  0.0147456  0.0307967  0.0304319  0.0074863  0.0081317  0.0200040  0.0233332  0.0241635  0.0197014  0.0173976  0.0155165  0.0174612  0.0144465  0.0278103  0.0306349  0.0302519  0.0343024  0.0146591  0.0137211  0.0107810  0.0112551
 3  0.1222950  0.1483003  0.1360714  0.1522027  0.1384889  0.1325473  0.1551032  0.1476748  0.1385439  0.1461093  0.1386443  0.1335543  0.1521982  0.1178420  0.1355180  0.1478657  0.1602865  0.1418584  0.1588220  0.1568120  0.1385613  0.1480188  0.1376704  0.1333701  0.1406469  0.1475155  0.1456817
 4  0.0459998  0.0397128  0.0324846  0.0348862  0.0327701  0.0325170  0.0363117  0.0391522  0.0334714  0.0313256  0.0261143  0.0301763  0.0345206  0.0375389  0.0363135  0.0381548  0.0463822  0.0418221  0.0394803  0.0366775  0.0360408  0.0339020  0.0342245  0.0384615  0.0331541  0.0312011  0.0453763
 1  0.1335702  0.1084556  0.1022409  0.2457013  0.2882552  0.4814886  0.6680216  0.5747836  0.4617749  0.1979688  0.1774314  0.4945099  0.3884986  0.2605350  0.2728193  0.4358382  0.5381504  0.0927754  0.0764066  0.0575790  0.0537127  0.0343738  0.0244073  0.1228897  0.1239300  0.1684646  0.1522737
 2  0.0258944  0.0200258  0.0187154  0.0468642  0.0492514  0.0811847  0.1118185  0.0753490  0.0565022  0.0288275  0.0290923  0.0685142  0.0528182  0.0403988  0.0471804  0.0742945  0.0878757  0.0142100  0.0126762  0.0103114  0.0098604  0.0056270  0.0037572  0.0213118  0.0239474  0.0302581  0.0274059
 3  0.1234566  0.1516855  0.1541697  0.1430724  0.1467332  0.1634732  0.1670147  0.1591148  0.1881870  0.1724879  0.1489311  0.1513705  0.1579339  0.1786303  0.1771015  0.1492702  0.1525813  0.1660319  0.1573152  0.1450591  0.1322786  0.1613231  0.1465714  0.1671716  0.1610424  0.1354605  0.1544215
 4  0.0490362  0.0380031  0.0395394  0.0354248  0.0372340  0.0362458  0.0357133  0.0506687  0.0418318  0.0320805  0.0410060  0.0506229  0.0402845  0.0347708  0.0384365  0.0348500  0.0355598  0.0348484  0.0355461  0.0345738  0.0406382  0.0551003  0.0391456  0.0330498  0.0387027  0.0407596  0.0353569
 1  0.1265370  0.1239682  0.1172494  0.1066553  0.1062734  0.0990230  0.1076245  0.0709583  0.0595053  0.1021853  0.0975654  0.1288574  0.1239884  0.1564913  0.1962497  0.1316030  0.1296150  0.1081450  0.0846893  0.1762319  0.2141467  0.2019334  0.2644407  0.1069601  0.1184089  0.0657753  0.0532155
 2  0.0242237  0.0228057  0.0216235  0.0197214  0.0206468  0.0206480  0.0188589  0.0118377  0.0104070  0.0188358  0.0169329  0.0227003  0.0237123  0.0327026  0.0419435  0.0259269  0.0248057  0.0177055  0.0142839  0.0336925  0.0442315  0.0440640  0.0585712  0.0224583  0.0217969  0.0110425  0.0088784
 3  0.1171311  0.1314570  0.1505534  0.1400159  0.1507848  0.1442969  0.1297633  0.1669393  0.1618715  0.1421090  0.1474106  0.1589017  0.1526677  0.1552080  0.1320445  0.1334077  0.1382565  0.1538325  0.1554361  0.1550378  0.1476206  0.1300680  0.1360825  0.1909024  0.1300431  0.1618930  0.1517245
 4  0.0452793  0.0373807  0.0391002  0.0354332  0.0303175  0.0398131  0.0442534  0.0435743  0.0382807  0.0400349  0.0437571  0.0414093  0.0323421  0.0346594  0.0370351  0.0359617  0.0418029  0.0412256  0.0366033  0.0306813  0.0319789  0.0276393  0.0291649  0.0361866  0.0366263  0.0455570  0.0356945
 1  0.1098719  0.1025408  0.1001111  0.1199948  0.1297464  0.1521443  0.1817050  0.2019433  0.1888009  0.0520021  0.0382816  0.1138899  0.1331737  0.1410708  0.1593579  0.1629548  0.1852376  0.1372962  0.1291075  0.1027656  0.0975161  0.1611774  0.1609575  0.1149363  0.1257254  0.0427273  0.0170940
 2  0.0217666  0.0197427  0.0191800  0.0234765  0.0261270  0.0315391  0.0391186  0.0415545  0.0232805  0.0073629  0.0064509  0.0225019  0.0287775  0.0310964  0.0356646  0.0343275  0.0361096  0.0248171  0.0227056  0.0183170  0.0184799  0.0301135  0.0302874  0.0225710  0.0255473  0.0046668  0.0024170
 3  0.1012948  0.1402658  0.1386834  0.1461395  0.1464165  0.1411657  0.1491784  0.1320126  0.1514321  0.1761779  0.1702490  0.1498458  0.1294323  0.1191015  0.1338013  0.1424787  0.1449090  0.1505152  0.1535499  0.1416954  0.1544023  0.1408586  0.1487682  0.1517891  0.1369663  0.1328151  0.1708233
 4  0.0418956  0.0378860  0.0362988  0.0336166  0.0313440  0.0282163  0.0312150  0.0625074  0.0557265  0.0394379  0.0345700  0.0314093  0.0304525  0.0312542  0.0296954  0.0376528  0.0382466  0.0399258  0.0385693  0.0331199  0.0367140  0.0379070  0.0325553  0.0321695  0.0799304  0.0577018  0.0427588
 1  0.1211854  0.0694667  0.0641917  0.0806874  0.0737249  0.1671009  0.1908434  0.1141773  0.1108154  0.1109878  0.1016072  0.0695093  0.0734380  0.0831275  0.0880937  0.0383674  0.0331320  0.0439475  0.0368592  0.0726004  0.0716084  0.0918544  0.0949952  0.1057918  0.1174785  0.0582162  0.0625160
 2  0.0237817  0.0130931  0.0121553  0.0147280  0.0133523  0.0319582  0.0385046  0.0217130  0.0214100  0.0201697  0.0187546  0.0137857  0.0149626  0.0174083  0.0194967  0.0075850  0.0064611  0.0079130  0.0066586  0.0138392  0.0135428  0.0181279  0.0184654  0.0216100  0.0257063  0.0130916  0.0137721
 3  0.1117931  0.1363588  0.1580947  0.1502980  0.1498693  0.1511576  0.1443454  0.1467395  0.1462338  0.1423960  0.1490930  0.1487701  0.1387408  0.1224811  0.1351818  0.1157189  0.1394977  0.1555284  0.1524971  0.1550389  0.1509943  0.1569523  0.1437107  0.1334348  0.1443537  0.1254969  0.1241011
 4  0.0453864  0.0396780  0.0426109  0.0414199  0.0348053  0.0328160  0.0334368  0.0385180  0.0378185  0.0381769  0.0332463  0.0301726  0.0358753  0.0267401  0.0359010  0.0365055  0.0383720  0.0431481  0.0371531  0.0381335  0.0368443  0.0381714  0.0363258  0.0304149  0.0293090  0.0301714  0.0361424
 1  0.1201775  0.0667225  0.0603544  0.1009217  0.1046040  0.1285445  0.1373569  0.0723153  0.0740491  0.1049457  0.1163899  0.0808610  0.0895893  0.0440648  0.0381893  0.0527909  0.0456975  0.0752926  0.0628566  0.1254118  0.1410925  0.0405838  0.0346614  0.0809302  0.0757803  0.1158629  0.1217544
 2  0.0229901  0.0123475  0.0113732  0.0196688  0.0204070  0.0254418  0.0263248  0.0141373  0.0150167  0.0220204  0.0246481  0.0170763  0.0197707  0.0088883  0.0067731  0.0094200  0.0079201  0.0126935  0.0113804  0.0254256  0.0263202  0.0071861  0.0063545  0.0148507  0.0140248  0.0223788  0.0252231
 3  0.1112312  0.1260206  0.1409063  0.1386700  0.1417838  0.1407258  0.1307436  0.1386955  0.1397888  0.1441726  0.1442650  0.1613403  0.1110318  0.1186849  0.1295653  0.1415987  0.1595546  0.1495919  0.1600997  0.1505110  0.1322599  0.1556825  0.1570191  0.1583357  0.1548767  0.1448582  0.1460164
 4  0.0430954  0.0386471  0.0320865  0.0316811  0.0344917  0.0350132  0.0326513  0.0319347  0.0298151  0.0310624  0.0341854  0.0380712  0.0305443  0.0408411  0.0391684  0.0371821  0.0419456  0.0421299  0.0347438  0.0382253  0.0450683  0.0425159  0.0390566  0.0461638  0.0414295  0.0344261  0.0313916
 1  0.1184296  0.1036733  0.0981341  0.0961818  0.0869292  0.1147263  0.1008055  0.0880214  0.0898878  0.0883399  0.0927798  0.1446662  0.1652654  0.1178909  0.1190783  0.1267444  0.1182177  0.1478374  0.1438732  0.1154946  0.1115047  0.0430704  0.0345968  0.1205912  0.1482852  0.1904741  0.2490973
 2  0.0230435  0.0194339  0.0184165  0.0171050  0.0155023  0.0197976  0.0172351  0.0162117  0.0175137  0.0179483  0.0189545  0.0299778  0.0347497  0.0238609  0.0221086  0.0231705  0.0194036  0.0254151  0.0257466  0.0219767  0.0174543  0.0068590  0.0062833  0.0252653  0.0349036  0.0465976  0.0575354
 3  0.1093210  0.1349971  0.1484299  0.1580034  0.1518489  0.1532567  0.1553642  0.1636059  0.1526929  0.1410958  0.1416473  0.1425777  0.1410188  0.1299045  0.1449853  0.1402458  0.1498918  0.1622977  0.1550912  0.1440192  0.1529061  0.1544809  0.1563197  0.1353820  0.1284469  0.1249157  0.1416615
 4  0.0437191  0.0377335  0.0370733  0.0439933  0.0414485  0.0393004  0.0377232  0.0365289  0.0349964  0.0361441  0.0372932  0.0349080  0.0340270  0.0368446  0.0401178  0.0444479  0.0419121  0.0397632  0.0347868  0.0473285  0.0520499  0.0397400  0.0317075  0.0258390  0.0291281  0.0327701  0.0456154
 1  0.1185895  0.0829817  0.0771541  0.1682740  0.1694288  0.1535417  0.1820666  0.1424275  0.1565929  0.0514011  0.0452150  0.0858218  0.0770580  0.1281350  0.1477384  0.1079017  0.1178804  0.1279367  0.1503978  0.0837341  0.0534438  0.0795584  0.0676820  0.0914155  0.0860048  0.0769482  0.0835332
 2  0.0228059  0.0154615  0.0144849  0.0305972  0.0308591  0.0300354  0.0381697  0.0297150  0.0307706  0.0097542  0.0073506  0.0145988  0.0144185  0.0262351  0.0326936  0.0236881  0.0251541  0.0274515  0.0322464  0.0132154  0.0079033  0.0130365  0.0109892  0.0160513  0.0158375  0.0153406  0.0182111
 3  0.1096515  0.1404647  0.1418660  0.1633556  0.1479655  0.1418064  0.1226926  0.1373433  0.1192004  0.1282130  0.1391539  0.1452709  0.1446769  0.1383324  0.1382931  0.1403935  0.1198055  0.1304953  0.1247227  0.1334736  0.1516737  0.1606370  0.1539784  0.1605012  0.1642103  0.1551248  0.1427374
 4  0.0431479  0.0376262  0.0380238  0.0426125  0.0337484  0.0274688  0.0300760  0.0339071  0.0316051  0.0417500  0.0422649  0.0343485  0.0301845  0.0276544  0.0301660  0.0336507  0.0307248  0.0358078  0.0441975  0.0490059  0.0411604  0.0400873  0.0412649  0.0427657  0.0392717  0.0339857  0.0311287
 1  0.1080012  0.1170957  0.1138413  0.0908533  0.0803743  0.1606528  0.1786006  0.1651358  0.2074887  0.0685902  0.0440777  0.0815147  0.0740205  0.1937360  0.2402593  0.2197243  0.2542930  0.0915493  0.0912178  0.1326271  0.1434266  0.3064170  0.3927491  0.1343504  0.1021204  0.1615508  0.1408886
 2  0.0207042  0.0219708  0.0214991  0.0162398  0.0138467  0.0296402  0.0358252  0.0358193  0.0401102  0.0102204  0.0064887  0.0134004  0.0134833  0.0389977  0.0497209  0.0437149  0.0506563  0.0175086  0.0178968  0.0266041  0.0290981  0.0614859  0.0706619  0.0213051  0.0143622  0.0246927  0.0243027
 3  0.0998937  0.1416749  0.1626461  0.1463176  0.1479704  0.1524130  0.1449878  0.1556623  0.1413368  0.1630597  0.1740034  0.1683134  0.1670467  0.1602611  0.1479955  0.1325952  0.1449364  0.1388132  0.1326808  0.1290149  0.1333025  0.1422677  0.1323830  0.1472404  0.1474549  0.1823054  0.1594094
 4  0.0388828  0.0374507  0.0427152  0.0418886  0.0360747  0.0326400  0.0297410  0.0366077  0.0520663  0.0521216  0.0470496  0.0387668  0.0368182  0.0362299  0.0355657  0.0329594  0.0335867  0.0330131  0.0323241  0.0314308  0.0302659  0.0350541  0.0369879  0.0458516  0.0445689  0.0420425  0.0319762
 1  0.1193897  0.1198549  0.1131012  0.1363572  0.1341010  0.1192299  0.1222430  0.1787825  0.2035380  0.1596904  0.1672645  0.0749349  0.0683993  0.0877807  0.0768192  0.1133313  0.1044557  0.1325218  0.1430589  0.1841873  0.2206970  0.1619675  0.1677703  0.0930172  0.0674195  0.0744237  0.0699660
 2  0.0226910  0.0219428  0.0208526  0.0247239  0.0248480  0.0225464  0.0225589  0.0345370  0.0398767  0.0303554  0.0323745  0.0145226  0.0107293  0.0145206  0.0131117  0.0197848  0.0189048  0.0254006  0.0296877  0.0394073  0.0418477  0.0296080  0.0315329  0.0147123  0.0110201  0.0130858  0.0126672
 3  0.1105887  0.1375890  0.1368163  0.1503832  0.1576214  0.1502966  0.1373219  0.1401167  0.1456447  0.1425561  0.1361677  0.1458687  0.1476908  0.1769462  0.1674189  0.1531878  0.1583154  0.1447683  0.1486167  0.1482968  0.1295511  0.1495749  0.1417884  0.1438992  0.1537539  0.1738825  0.1494103
 4  0.0420011  0.0373190  0.0354764  0.0369212  0.0361228  0.0356220  0.0338667  0.0308379  0.0363015  0.0339926  0.0313250  0.0434988  0.0457045  0.0431388  0.0427433  0.0397460  0.0397567  0.0347100  0.0317700  0.0390127  0.0369031  0.0331098  0.0412258  0.0475057  0.0395406  0.0406226  0.0367335
 1  0.1197052  0.1081726  0.1016154  0.0601106  0.0594586  0.0859797  0.0991173  0.0993605  0.0992035  0.0465442  0.0434553  0.0552380  0.0512046  0.0603878  0.0694105  0.0632055  0.0354860  0.0580825  0.0596743  0.0898807  0.0967670  0.0687075  0.0786252  0.1310630  0.1212077  0.1187300  0.1340548
 2  0.0222257  0.0195370  0.0186615  0.0112903  0.0117591  0.0180560  0.0220448  0.0209085  0.0188966  0.0088698  0.0077847  0.0101267  0.0101664  0.0132584  0.0164017  0.0094467  0.0054234  0.0103343  0.0117780  0.0188162  0.0213241  0.0157282  0.0177336  0.0254302  0.0225336  0.0234312  0.0282354
 3  0.1112479  0.1516385  0.1524939  0.1551399  0.1393085  0.1601918  0.1331109  0.1295984  0.1449441  0.1349537  0.1400337  0.1374969  0.1498300  0.1438956  0.1255629  0.1259399  0.1618229  0.1777384  0.1576084  0.1492071  0.1520702  0.1362763  0.1384948  0.1372466  0.1543760  0.1399468  0.1436130
 4  0.0405983  0.0384908  0.0352809  0.0345978  0.0300937  0.0288751  0.0295340  0.0353733  0.0361624  0.0367680  0.0392794  0.0339222  0.0306802  0.0290627  0.0585945  0.0542861  0.0412889  0.0361433  0.0382908  0.0365941  0.0339670  0.0338733  0.0398017  0.0437889  0.0350566  0.0275074  0.0307541
 1  0.1281526  0.3612613  0.4223000  0.2574532  0.1591241  0.2408818  0.2408321  0.2126854  0.2100370  0.1555493  0.1779518  0.1772011  0.1869736  0.1714541  0.1581436  0.0938751  0.0881073  0.1014891  0.0911753  0.2511392  0.2949419  0.1880832  0.2106527  0.1659666  0.1742620  0.1033072  0.1156201
 2  0.0238308  0.0643915  0.0710078  0.0329373  0.0221608  0.0384426  0.0377983  0.0346823  0.0384978  0.0308072  0.0344670  0.0335064  0.0350013  0.0294766  0.0282433  0.0177502  0.0137546  0.0168862  0.0161913  0.0467562  0.0538026  0.0344603  0.0417522  0.0317669  0.0331469  0.0206124  0.0245160
 3  0.1190841  0.1438887  0.1707341  0.1578513  0.1753666  0.1660888  0.1726785  0.1497429  0.1531223  0.1346533  0.1248599  0.1469362  0.1635135  0.1431112  0.1568045  0.1389474  0.1343394  0.1653712  0.1685831  0.1634774  0.1460565  0.1579019  0.1483992  0.1456334  0.1372902  0.1425208  0.1275810
 4  0.0432240  0.0425739  0.0504447  0.0496154  0.0430389  0.0412644  0.0477174  0.0350554  0.0304878  0.0354563  0.0345948  0.0344857  0.0395914  0.0369103  0.0340385  0.0436975  0.0466361  0.0418243  0.0396359  0.0402942  0.0373101  0.0375961  0.0322731  0.0396542  0.0323920  0.0282777  0.0250923
 1  0.1228780  0.0516303  0.0459884  0.0681850  0.0663745  0.0833034  0.0736396  0.1217931  0.1403085  0.1698109  0.2004666  0.3347126  0.4638785  0.2616313  0.2423822  0.1231516  0.0936181  0.0791041  0.0629694  0.0521781  0.0525807  0.1026001  0.1065980  0.1221380  0.1239150  0.0958346  0.0811710
 2  0.0231605  0.0093746  0.0085567  0.0133857  0.0108131  0.0137802  0.0135013  0.0245347  0.0294443  0.0359956  0.0422705  0.0691552  0.0800137  0.0402694  0.0408075  0.0188502  0.0154540  0.0127227  0.0106942  0.0097309  0.0109831  0.0219527  0.0214988  0.0248231  0.0193736  0.0151528  0.0145268
 3  0.1139457  0.1447892  0.1455835  0.1573996  0.1448927  0.1729146  0.1605450  0.1513960  0.1452567  0.1460761  0.1404250  0.1365627  0.1465242  0.1443221  0.1671483  0.1468609  0.1720723  0.1616616  0.1540503  0.1586491  0.1396734  0.1264984  0.1339486  0.1615167  0.1479710  0.1773991  0.1694856
 4  0.0426510  0.0400986  0.0360959  0.0450761  0.0478682  0.0449377  0.0329815  0.0338133  0.0355762  0.0339411  0.0336964  0.0354914  0.0409971  0.0344447  0.0374407  0.0428720  0.0452310  0.0433744  0.0383242  0.0337886  0.0315655  0.0366065  0.0362277  0.0472762  0.0496625  0.0428761  0.0345413
 1  0.1200581  0.0272546  0.0239691  0.0763561  0.0679247  0.0648046  0.0634199  0.0789342  0.0916698  0.0554467  0.0589145  0.0410655  0.0436046  0.0551856  0.0509329  0.0400716  0.0319531  0.1353614  0.1333800  0.1402916  0.1585139  0.1270858  0.1454465  0.1593724  0.1755180  0.2013353  0.1988662
 2  0.0230951  0.0050609  0.0045490  0.0140873  0.0114484  0.0115964  0.0125233  0.0172603  0.0203777  0.0122488  0.0130131  0.0089964  0.0099044  0.0119086  0.0090770  0.0066563  0.0056298  0.0245226  0.0249225  0.0275694  0.0329364  0.0270605  0.0306792  0.0325681  0.0352287  0.0375526  0.0331816
 3  0.1110341  0.1338618  0.1438962  0.1544867  0.1577340  0.1687283  0.1715004  0.1424478  0.1327699  0.1330299  0.1458657  0.1214641  0.1289237  0.1163861  0.1266690  0.1634160  0.1591003  0.1582501  0.1492711  0.1630972  0.1438409  0.1359160  0.1312904  0.1267922  0.1275947  0.1385681  0.1463622
 4  0.0435161  0.0361663  0.0390753  0.0443238  0.0448640  0.0353252  0.0323392  0.0328400  0.0332392  0.0348098  0.0317835  0.0300198  0.0304830  0.0425555  0.0446345  0.0418456  0.0401190  0.0418179  0.0359794  0.0397397  0.0311633  0.0343098  0.0335078  0.0350360  0.0318084  0.0397150  0.0385750
 1  0.1130965  0.0875332  0.0820357  0.0783424  0.0809986  0.0940655  0.0945238  0.1457750  0.1427042  0.1399304  0.1567107  0.2191817  0.2594820  0.0778271  0.0618878  0.1675702  0.1861051  0.2282178  0.2353746  0.2774773  0.3273276  0.1647626  0.1461568  0.1493460  0.1638896  0.1145765  0.1059474
 2  0.0219065  0.0163576  0.0154487  0.0152828  0.0152479  0.0179501  0.0177330  0.0265036  0.0263063  0.0270671  0.0322670  0.0470100  0.0406870  0.0118213  0.0108812  0.0324906  0.0339099  0.0408426  0.0418554  0.0493580  0.0605380  0.0276368  0.0256254  0.0281158  0.0307975  0.0209773  0.0182457
 3  0.1045130  0.1422019  0.1429814  0.1640055  0.1431849  0.1510211  0.1565793  0.1528997  0.1613654  0.1534948  0.1391053  0.1469163  0.1444641  0.1626578  0.1683871  0.1398745  0.1380679  0.1435273  0.1690056  0.1624781  0.1574135  0.1417797  0.1518078  0.1489031  0.1412701  0.1430776  0.1326339
 4  0.0411056  0.0371516  0.0349958  0.0380445  0.0354213  0.0379209  0.0390667  0.0403357  0.0383291  0.0327298  0.0291082  0.0453549  0.0475267  0.0388414  0.0343837  0.0380814  0.0420338  0.0360050  0.0381763  0.0372259  0.0367818  0.0372387  0.0313254  0.0329864  0.0359860  0.0378174  0.0406652
 1  0.1195876  0.1721847  0.1735690  0.1037745  0.0926855  0.1307558  0.1357564  0.2094070  0.2703663  0.2245755  0.1463174  0.0739974  0.0654732  0.1956769  0.2482305  0.1706685  0.1767075  0.1308888  0.1381989  0.0827335  0.0841516  0.1001045  0.0935856  0.0898449  0.0852836  0.0695823  0.0782964
 2  0.0230067  0.0318218  0.0315353  0.0180081  0.0157043  0.0235822  0.0265377  0.0440802  0.0570359  0.0333349  0.0206308  0.0118060  0.0120212  0.0407966  0.0500861  0.0321561  0.0340652  0.0252400  0.0270303  0.0166643  0.0160195  0.0181381  0.0178395  0.0167571  0.0166419  0.0146608  0.0180877
 3  0.1106675  0.1511748  0.1401925  0.1607718  0.1693898  0.1443885  0.1417881  0.1342633  0.1365003  0.1329727  0.1601318  0.1577933  0.1671409  0.1459782  0.1394838  0.1354552  0.1584650  0.1395709  0.1246839  0.1335151  0.1407889  0.1538652  0.1525339  0.1491852  0.1407426  0.1436118  0.1602636
 4  0.0429499  0.0401893  0.0360141  0.0437026  0.0404167  0.0327091  0.0300550  0.0286376  0.0470295  0.0520625  0.0449926  0.0351778  0.0316881  0.0315254  0.0391929  0.0346099  0.0335463  0.0334428  0.0291049  0.0370761  0.0378191  0.0379092  0.0338996  0.0383176  0.0287133  0.0344956  0.0460428
 1  0.1199145  0.1460050  0.1423089  0.1084456  0.0935802  0.1112097  0.1181879  0.1141814  0.1343641  0.1359443  0.1117942  0.1794587  0.1728140  0.1549533  0.1570258  0.2640144  0.3720615  0.0846522  0.0565096  0.1069521  0.1038590  0.2056596  0.2517226  0.2508128  0.2465133  0.2157352  0.2389713
 2  0.0228188  0.0268752  0.0261837  0.0185484  0.0159659  0.0205553  0.0239331  0.0246345  0.0302676  0.0248453  0.0190135  0.0309298  0.0276036  0.0264430  0.0300880  0.0564568  0.0671808  0.0122847  0.0084975  0.0180782  0.0198904  0.0424634  0.0530258  0.0455474  0.0425342  0.0385599  0.0416596
 3  0.1110863  0.1377756  0.1409837  0.1562817  0.1486050  0.1490070  0.1468881  0.1434166  0.1277256  0.1286496  0.1587548  0.1673704  0.1671803  0.1649363  0.1605922  0.1467601  0.1306006  0.1462891  0.1607889  0.1616572  0.1416923  0.1378593  0.1416683  0.1361518  0.1480714  0.1585238  0.1463156
 4  0.0424321  0.0376516  0.0374167  0.0444304  0.0381570  0.0306143  0.0299703  0.0304389  0.0378603  0.0424671  0.0390473  0.0467331  0.0451848  0.0347352  0.0306988  0.0380969  0.0485929  0.0487319  0.0406977  0.0334700  0.0297177  0.0332548  0.0379133  0.0415038  0.0346823  0.0358538  0.0462243
 1  0.1138583  0.0925074  0.0873985  0.1117097  0.1181594  0.1607532  0.1348998  0.2023469  0.2365215  0.2189359  0.2215874  0.2075936  0.2290591  0.1077079  0.0925417  0.0884158  0.0773360  0.0653396  0.0630855  0.0809948  0.0838099  0.1017246  0.0952381  0.0919125  0.0920589  0.1491906  0.1876903
 2  0.0220431  0.0172610  0.0164415  0.0217606  0.0224589  0.0267117  0.0230120  0.0373837  0.0441007  0.0389520  0.0400853  0.0384441  0.0416603  0.0185517  0.0150767  0.0147940  0.0135470  0.0121012  0.0126885  0.0170293  0.0161934  0.0185898  0.0181432  0.0176053  0.0186674  0.0331742  0.0399511
 3  0.1052201  0.1445176  0.1511323  0.1434096  0.1485909  0.1472469  0.1565540  0.1674993  0.1504289  0.1375751  0.1544420  0.1378159  0.1416619  0.1569185  0.1512847  0.1579705  0.1611663  0.1445198  0.1560608  0.1378342  0.1310978  0.1540093  0.1547879  0.1484435  0.1463350  0.1433493  0.1334246
 4  0.0411772  0.0398793  0.0348173  0.0361143  0.0448588  0.0452143  0.0381468  0.0336624  0.0412133  0.0385528  0.0340410  0.0312855  0.0368694  0.0412675  0.0435204  0.0430388  0.0365792  0.0329005  0.0335521  0.0410328  0.0429640  0.0407706  0.0372295  0.0345764  0.0301991  0.0307253  0.0335234
 1  0.1224621  0.1357294  0.1308419  0.1858119  0.2075214  0.1170386  0.0908265  0.1999567  0.2265830  0.1651095  0.1764415  0.0826779  0.0687183  0.0672773  0.0662021  0.1418600  0.1764015  0.1157778  0.1383810  0.0775788  0.0469095  0.0602008  0.0551384  0.0578290  0.0551075  0.1170446  0.1443282
 2  0.0237819  0.0251338  0.0240434  0.0348079  0.0399527  0.0193702  0.0148100  0.0360474  0.0413345  0.0308356  0.0336016  0.0145308  0.0114336  0.0120988  0.0131037  0.0310042  0.0410471  0.0267889  0.0313049  0.0116332  0.0071212  0.0103081  0.0096549  0.0107170  0.0112448  0.0262142  0.0342515
 3  0.1132034  0.1396436  0.1399102  0.1509105  0.1475034  0.1283796  0.1619528  0.1595491  0.1453053  0.1402264  0.1514681  0.1387950  0.1565078  0.1654905  0.1629664  0.1323439  0.1173408  0.1507543  0.1337303  0.1416173  0.1709830  0.1619144  0.1650280  0.1473307  0.1282203  0.1453187  0.1274082
 4  0.0444552  0.0379787  0.0368400  0.0337567  0.0396321  0.0387392  0.0375654  0.0344382  0.0337006  0.0348011  0.0402956  0.0435854  0.0408759  0.0331990  0.0324409  0.0281370  0.0275151  0.0331767  0.0460912  0.0530777  0.0435622  0.0370726  0.0427974  0.0345258  0.0267809  0.0276908  0.0379227
 1  0.1189860  0.1997493  0.2079901  0.1969840  0.1946517  0.1668207  0.1816443  0.1406046  0.1399155  0.1115678  0.0998055  0.1048697  0.1076518  0.0682097  0.0554249  0.0768318  0.0636808  0.0740459  0.0724240  0.1292035  0.1349175  0.1482131  0.1784607  0.1335890  0.1536071  0.1660839  0.1784275
 2  0.0231473  0.0372314  0.0376970  0.0343168  0.0331208  0.0302547  0.0332685  0.0255985  0.0261682  0.0196859  0.0181716  0.0207484  0.0184595  0.0112676  0.0096112  0.0130438  0.0108873  0.0136311  0.0142873  0.0257852  0.0273969  0.0314098  0.0380871  0.0283957  0.0323979  0.0328373  0.0347637
 3  0.1099257  0.1495102  0.1465130  0.1532553  0.1388628  0.1535674  0.1497925  0.1447139  0.1374537  0.1486834  0.1538425  0.1329285  0.1250553  0.1606040  0.1631703  0.1532348  0.1700428  0.1483654  0.1471852  0.1316104  0.1472189  0.1425929  0.1468964  0.1333564  0.1410064  0.1472906  0.1490298
 4  0.0434759  0.0417001  0.0370050  0.0394004  0.0353211  0.0325464  0.0355899  0.0334630  0.0372924  0.0381016  0.0320122  0.0367226  0.0421617  0.0410389  0.0419019  0.0432903  0.0446660  0.0372441  0.0355642  0.0377687  0.0352319  0.0341954  0.0343199  0.0345965  0.0351791  0.0375778  0.0324188
 1  0.1306233  0.1962889  0.1976904  0.1596223  0.1453369  0.1237065  0.1467441  0.1558580  0.1677051  0.1003902  0.0967774  0.0943744  0.0923476  0.2463936  0.2533233  0.2986932  0.4033144  0.1225751  0.0974041  0.1539307  0.1478995  0.0901517  0.0903911  0.1434642  0.0909758  0.0855021  0.0694248
 2  0.0247698  0.0355968  0.0351511  0.0268519  0.0257634  0.0244301  0.0315368  0.0323851  0.0324086  0.0189417  0.0168836  0.0172813  0.0171337  0.0443087  0.0465595  0.0587899  0.0707433  0.0190407  0.0161446  0.0265805  0.0265934  0.0170809  0.0177526  0.0223274  0.0120128  0.0130697  0.0110574
 3  0.1210438  0.1480942  0.1458249  0.1404160  0.1571324  0.1411190  0.1345136  0.1402769  0.1249630  0.1362057  0.1263737  0.1550449  0.1331454  0.1320959  0.1536108  0.1386602  0.1280029  0.1323255  0.1458759  0.1460461  0.1400420  0.1440541  0.1339080  0.1348845  0.1512083  0.1818101  0.1718421
 4  0.0459343  0.0424743  0.0383649  0.0342274  0.0312832  0.0239035  0.0308305  0.0360259  0.0298130  0.0368256  0.0345452  0.0348161  0.0347099  0.0358554  0.0321635  0.0318050  0.0367877  0.0350072  0.0358351  0.0345583  0.0317978  0.0318157  0.0451904  0.0576325  0.0470172  0.0467202  0.0463117
 1  0.1290452  0.1914845  0.1914370  0.1792246  0.1886289  0.1506007  0.1428482  0.0871191  0.0584784  0.0545525  0.0543168  0.1222776  0.1491934  0.0534088  0.0643384  0.1235031  0.1270208  0.1648117  0.2005479  0.1722538  0.1727959  0.1646553  0.1534270  0.0844356  0.0641485  0.0437679  0.0361292
 2  0.0246009  0.0347630  0.0341150  0.0329972  0.0296435  0.0244576  0.0263288  0.0132517  0.0093127  0.0097895  0.0106747  0.0265714  0.0359274  0.0138809  0.0150642  0.0253894  0.0254401  0.0342413  0.0402266  0.0322516  0.0324646  0.0298393  0.0244554  0.0135481  0.0091022  0.0068740  0.0064839
 3  0.1195265  0.1437598  0.1509266  0.1630887  0.1555880  0.1674394  0.1603142  0.1365760  0.1503909  0.1795568  0.1547363  0.1384783  0.1229666  0.1261858  0.1222221  0.1409185  0.1291956  0.1523630  0.1315627  0.1357855  0.1445475  0.1385169  0.1443443  0.1631061  0.1545859  0.1774865  0.1671872
 4  0.0455732  0.0417932  0.0351499  0.0424063  0.0445104  0.0362274  0.0404911  0.0489395  0.0374576  0.0362917  0.0332714  0.0287903  0.0243239  0.0331457  0.0351741  0.0366312  0.0279111  0.0296737  0.0349123  0.0372641  0.0339421  0.0375918  0.0439598  0.0521401  0.0513432  0.0440182  0.0383617
 1  0.1242210  0.1333196  0.1285559  0.0807303  0.0797113  0.1037317  0.1152530  0.1347467  0.1638033  0.1063443  0.1107606  0.0684035  0.0584722  0.0493357  0.0375445  0.1493861  0.1431811  0.1285241  0.1466382  0.1109894  0.1203850  0.0616824  0.0515261  0.0685746  0.0688190  0.1236950  0.1230490
 2  0.0237190  0.0243589  0.0234060  0.0149897  0.0154992  0.0211700  0.0243995  0.0295975  0.0353268  0.0209007  0.0211558  0.0126887  0.0089056  0.0076301  0.0066176  0.0268227  0.0266036  0.0259272  0.0305172  0.0232040  0.0240373  0.0110638  0.0088602  0.0127536  0.0135510  0.0240828  0.0248273
 3  0.1150374  0.1538022  0.1359082  0.1417223  0.1521120  0.1354683  0.1356891  0.1418451  0.1726418  0.2096764  0.2192523  0.1342978  0.1305573  0.1468933  0.1578862  0.1409404  0.1496927  0.1442540  0.1291734  0.1419583  0.1286485  0.1520583  0.1490464  0.1544660  0.1410669  0.1306484  0.1445583
 4  0.0439503  0.0427097  0.0357393  0.0330152  0.0316799  0.0315327  0.0285268  0.0311873  0.0351550  0.0350697  0.0365613  0.0415386  0.0483443  0.0370507  0.0355346  0.0366589  0.0359107  0.0313103  0.0318251  0.0341512  0.0393029  0.0441571  0.0361285  0.0377005  0.0369704  0.0369188  0.0323558
 1  0.1165220  0.1966788  0.2057254  0.3837676  0.4577738  0.1786963  0.1608664  0.1410890  0.1259086  0.1205260  0.1335102  0.0959831  0.0801565  0.1018357  0.1004479  0.1168831  0.1055548  0.1720245  0.1801491  0.2791424  0.3599836  0.2002644  0.1514537  0.1273820  0.1221040  0.0950556  0.0858479
 2  0.0223310  0.0366331  0.0374552  0.0665538  0.0775842  0.0289544  0.0238946  0.0224113  0.0224067  0.0237004  0.0281500  0.0178200  0.0142398  0.0188749  0.0176616  0.0201398  0.0193499  0.0323139  0.0336414  0.0542535  0.0685242  0.0306694  0.0232267  0.0218503  0.0193302  0.0159127  0.0158147
 3  0.1078842  0.1538253  0.1522130  0.1536428  0.1497821  0.1681369  0.1430942  0.1463522  0.1562018  0.1255031  0.1425365  0.1170576  0.1419333  0.1520707  0.1619796  0.1580100  0.1700215  0.1396322  0.1541209  0.1467765  0.1454452  0.1415321  0.1606609  0.1695355  0.1558190  0.1604407  0.1697021
 4  0.0419358  0.0379869  0.0387145  0.0363630  0.0323488  0.0438200  0.0400728  0.0341393  0.0291739  0.0254273  0.0393034  0.0421906  0.0365635  0.0380327  0.0431776  0.0402364  0.0398936  0.0358500  0.0365186  0.0337347  0.0411801  0.0444332  0.0377235  0.0421814  0.0486582  0.0380071  0.0349830
 1  0.1258450  0.1472321  0.1422765  0.1259853  0.1315853  0.1217894  0.1209610  0.1951012  0.2153118  0.0995518  0.0943128  0.0913500  0.0653592  0.1006748  0.0963968  0.1963539  0.2321292  0.1825876  0.1940258  0.2483438  0.2505322  0.1343088  0.1301668  0.1887224  0.2452522  0.2631569  0.2834772
 2  0.0243853  0.0272602  0.0260750  0.0242074  0.0227171  0.0215415  0.0228161  0.0376400  0.0396662  0.0178145  0.0180787  0.0148423  0.0101250  0.0172355  0.0178922  0.0390526  0.0458656  0.0344386  0.0377780  0.0451237  0.0401663  0.0223794  0.0241971  0.0390664  0.0547932  0.0521058  0.0501327
 3  0.1162965  0.1326590  0.1502944  0.1387807  0.1282008  0.1603524  0.1615638  0.1398682  0.1511663  0.1426809  0.1322319  0.1433743  0.1643422  0.1633747  0.1646680  0.1472615  0.1389039  0.1436301  0.1380564  0.1504475  0.1541035  0.1635812  0.1511822  0.1397135  0.1417297  0.1377935  0.1366547
 4  0.0459349  0.0349871  0.0374569  0.0363080  0.0363177  0.0360364  0.0365504  0.0352332  0.0382249  0.0387612  0.0414163  0.0502186  0.0444803  0.0378233  0.0373232  0.0354302  0.0375725  0.0369294  0.0346179  0.0454641  0.0432795  0.0376162  0.0292044  0.0263452  0.0337107  0.0390062  0.0330722
 1  0.1167883  0.1609502  0.1595027  0.1489361  0.1552573  0.1954629  0.1828756  0.1700585  0.1567923  0.1079519  0.0998537  0.0621029  0.0618804  0.1229726  0.1519050  0.1249541  0.1341857  0.1279221  0.0953620  0.0909379  0.0973531  0.1738258  0.1939461  0.2741490  0.3017702  0.1770699  0.1670288
 2  0.0227042  0.0300980  0.0295391  0.0275393  0.0292829  0.0340913  0.0310164  0.0282833  0.0275575  0.0192849  0.0175013  0.0115859  0.0128135  0.0278463  0.0343583  0.0272805  0.0252309  0.0200442  0.0155027  0.0167797  0.0197378  0.0367790  0.0365422  0.0499871  0.0486216  0.0287491  0.0286054
 3  0.1078659  0.1279141  0.1476216  0.1487538  0.1434419  0.1496988  0.1402362  0.1520033  0.1517536  0.1452752  0.1506879  0.1466075  0.1545056  0.1416026  0.1233446  0.1269271  0.1350149  0.1421125  0.1477843  0.1651101  0.1401452  0.1268009  0.1453258  0.1498965  0.1476045  0.1658783  0.1431856
 4  0.0426806  0.0387583  0.0384512  0.0334353  0.0362610  0.0397761  0.0380114  0.0389954  0.0375425  0.0386927  0.0382306  0.0321677  0.0284966  0.0327945  0.0344779  0.0391583  0.0473757  0.0418168  0.0346250  0.0333256  0.0326770  0.0370353  0.0405077  0.0405998  0.0429548  0.0377458  0.0354414
 1  0.1211286  0.1153660  0.1104769  0.0565419  0.0594934  0.1679754  0.1886349  0.1003402  0.0967377  0.0952658  0.0819361  0.0844292  0.0811094  0.1312084  0.1383764  0.2622237  0.3724337  0.1384799  0.0970538  0.0772651  0.0581337  0.0930158  0.1016800  0.1760764  0.1878839  0.1905101  0.1986903
 2  0.0236729  0.0216830  0.0206203  0.0111308  0.0126157  0.0351697  0.0368716  0.0188837  0.0172162  0.0165685  0.0138200  0.0153060  0.0148585  0.0250007  0.0274970  0.0556216  0.0817735  0.0217112  0.0155321  0.0117556  0.0098057  0.0181897  0.0196055  0.0341139  0.0338500  0.0339897  0.0376584
 3  0.1117906  0.1349608  0.1493037  0.1378074  0.1400933  0.1397495  0.1421729  0.1359723  0.1431402  0.1426428  0.1596312  0.1491188  0.1542890  0.1576102  0.1433163  0.1384888  0.1461971  0.1429738  0.1843181  0.1561515  0.1513262  0.1547701  0.1471453  0.1556425  0.1523363  0.1475272  0.1493901
 4  0.0451994  0.0400339  0.0373581  0.0271304  0.0291631  0.0368190  0.0354655  0.0360291  0.0424841  0.0374529  0.0412584  0.0349882  0.0404382  0.0359772  0.0300051  0.0286807  0.0411524  0.0435738  0.0463283  0.0421587  0.0309238  0.0326228  0.0377489  0.0462441  0.0372766  0.0334922  0.0300929
 1  0.1199243  0.0954129  0.0895490  0.0764420  0.0750432  0.1091676  0.1198704  0.0612228  0.0593903  0.1058106  0.1107271  0.1384570  0.1572673  0.0879781  0.0764650  0.1208421  0.1293813  0.0854016  0.0792214  0.0431280  0.0361611  0.0290335  0.0255352  0.0797560  0.0941514  0.1731077  0.2183275
 2  0.0225624  0.0174672  0.0166395  0.0145390  0.0141946  0.0215651  0.0248013  0.0125171  0.0113796  0.0205213  0.0222430  0.0289936  0.0307386  0.0156566  0.0138150  0.0230627  0.0262516  0.0168154  0.0143155  0.0075845  0.0064394  0.0052424  0.0050377  0.0176079  0.0229433  0.0438213  0.0454298
 3  0.1112819  0.1445246  0.1475004  0.1356900  0.1502598  0.1488663  0.1445493  0.1211906  0.1528867  0.1513792  0.1381540  0.1418369  0.1438597  0.1422714  0.1461700  0.1468938  0.1353652  0.1355993  0.1378475  0.1304295  0.1371086  0.1388555  0.1570855  0.1362002  0.1351975  0.1138834  0.1319766
 4  0.0417796  0.0437394  0.0368202  0.0354291  0.0355286  0.0315568  0.0326427  0.0346464  0.0404767  0.0352114  0.0301599  0.0349809  0.0423293  0.0384708  0.0328894  0.0329849  0.0335902  0.0387804  0.0408210  0.0359074  0.0372351  0.0346444  0.0320408  0.0288042  0.0274324  0.0322245  0.0439846
 1  0.1081644  0.0837371  0.0793505  0.1810932  0.2052288  0.2639278  0.2223110  0.2421268  0.2831690  0.2179068  0.1846574  0.0628594  0.0585091  0.1609120  0.1950959  0.1948727  0.2038345  0.1245650  0.1240751  0.1141760  0.1059399  0.1713388  0.1739850  0.1930201  0.2063025  0.2711335  0.2705320
 2  0.0209184  0.0157555  0.0150756  0.0349638  0.0397809  0.0425065  0.0356461  0.0426553  0.0501841  0.0340787  0.0302004  0.0108504  0.0112547  0.0342710  0.0383339  0.0363675  0.0368550  0.0227142  0.0228698  0.0206382  0.0201725  0.0321379  0.0321145  0.0355895  0.0386080  0.0473811  0.0449359
 3  0.1000116  0.1453467  0.1571578  0.1557166  0.1385324  0.1390989  0.1749198  0.1580548  0.1529654  0.1745940  0.1745774  0.1522853  0.1443345  0.1503391  0.1488356  0.1331940  0.1474230  0.1461324  0.1579859  0.1241848  0.1429719  0.1401855  0.1400641  0.1491465  0.1432843  0.1413443  0.1563664
 4  0.0393348  0.0382424  0.0378716  0.0356762  0.0387784  0.0434738  0.0388708  0.0320713  0.0415615  0.0472154  0.0383799  0.0321004  0.0297152  0.0364904  0.0402664  0.0370536  0.0347657  0.0326271  0.0405651  0.0346585  0.0320446  0.0368155  0.0372808  0.0375243  0.0358904  0.0385571  0.0361492
