              Isim, Ftarg, Btarg
   1 2019          0.3977734      43121.5693246      11088.7194212
   1 2021          0.3860742      42979.8343404      10975.6320496
   1 2023          0.3919238      43157.2868045      11055.5243544
   1 2025          0.3860742      43150.0472445      11005.8355115
   1 2027          0.3948486      43087.1280015      11108.6495722
   1 2029          0.3919238      43099.4508669      11106.4657090
   1 2031          0.3919238      42965.1382044      11063.0405557
   1 2033          0.3919238      42954.1812010      11075.3825314
   1 2035          0.3948486      43130.2715585      11161.4592248
   1 2037          0.3860742      43131.5197770      11038.8005135
   1 2039          0.3860742      43013.4405337      10922.9841132
   1 2041          0.3860742      42970.5769535      10925.2216830
   1 2043          0.3889990      42978.6599708      11008.3285918
   2 2019          0.3977734      43156.3370490      11097.6599479
   2 2021          0.3831494      43178.9248635      10960.7642766
   2 2023          0.3889990      43177.0218403      11067.6590588
   2 2025          0.3977734      43051.4362122      11143.5101599
   2 2027          0.3919238      43154.5928992      11097.5485157
   2 2029          0.3860742      43131.7140427      11000.5585552
   2 2031          0.3802246      43131.5320755      10835.7804643
   2 2033          0.3889990      43073.5697045      10968.6639191
   2 2035          0.4006982      43101.8083625      11111.2277871
   2 2037          0.3948486      43100.0934221      11076.4173089
   2 2039          0.3948486      43119.2281889      11156.8354041
   2 2041          0.3860742      43113.6628850      11050.8672025
   2 2043          0.3743750      43126.9043699      10823.8117239
   3 2019          0.3977734      42058.1565135      10815.2626228
   3 2021          0.3831494      42048.4775999      10710.5091113
   3 2023          0.3802246      42049.4485490      10650.5111171
   3 2025          0.3860742      42084.6958414      10773.3478374
   3 2027          0.3948486      42047.5501178      10846.9946711
   3 2029          0.3948486      41925.2272133      10842.0068954
   3 2031          0.3889990      42048.5151610      10806.2159894
   3 2033          0.3919238      42009.8339601      10778.2526582
   3 2035          0.3948486      42055.4758102      10864.5271425
   3 2037          0.3802246      41947.3788980      10669.8856184
   3 2039          0.3948486      41997.7194664      10824.3018793
   3 2041          0.3919238      42098.5450502      10849.4461116
   3 2043          0.3919238      41959.6077893      10822.7122596
   4 2019          0.3977734      43354.1534118      11148.5284617
   4 2021          0.3831494      43344.2669347      10927.5175481
   4 2023          0.3948486      43373.0803877      11185.9591415
   4 2025          0.3626758      43239.5662099      10676.3862062
   4 2027          0.3802246      43406.6205480      10900.3699964
   4 2029          0.3977734      43290.9450004      11145.1998752
   4 2031          0.3977734      43417.9289804      11142.5046184
   4 2033          0.3714502      43209.0729180      10773.2201810
   4 2035          0.3948486      43379.3813834      11109.9378798
   4 2037          0.4036230      43303.9714954      11281.6480023
   4 2039          0.4006982      43312.7976850      11270.3746481
   4 2041          0.3889990      43309.8676079      11154.5828599
   4 2043          0.3714502      43202.0225954      10821.2802705
   5 2019          0.3977734      44007.5468527      11316.5487043
   5 2021          0.3860742      44048.2510483      11180.8581624
   5 2023          0.3860742      43920.5417024      11194.5799399
   5 2025          0.3772998      43893.2930938      11103.5882157
   5 2027          0.3948486      43906.4892928      11386.8025905
   5 2029          0.3860742      43877.9710424      11290.7291187
   5 2031          0.3860742      43993.5621122      11228.4421038
   5 2033          0.3977734      44025.1755397      11399.3670952
   5 2035          0.3977734      43993.5105378      11426.0147829
   5 2037          0.3860742      43946.3715808      11271.1382727
   5 2039          0.3743750      44017.6744984      11010.1639220
   5 2041          0.3919238      43924.7992804      11314.9461558
   5 2043          0.3860742      43999.1165033      11286.9991873
   6 2019          0.3977734      44448.7372862      11430.0009048
   6 2021          0.3948486      44394.0810009      11428.8379578
   6 2023          0.3860742      44344.5816015      11362.7657077
   6 2025          0.3889990      44405.7933000      11404.4501524
   6 2027          0.3889990      44478.7580686      11401.9401916
   6 2029          0.3919238      44410.6884711      11432.0061844
   6 2031          0.3948486      44374.9791072      11402.4724161
   6 2033          0.3948486      44407.9717557      11457.5380282
   6 2035          0.3919238      44437.5357436      11444.1624775
   6 2037          0.3685254      44380.6192877      11040.4810307
   6 2039          0.3977734      44312.8833307      11426.4611302
   6 2041          0.4006982      44320.2749389      11546.2307388
   6 2043          0.3977734      44388.2132485      11541.4452299
   7 2019          0.3977734      43442.8710533      11171.3422194
   7 2021          0.3860742      43350.3856194      11104.2393231
   7 2023          0.3860742      43299.2179715      11035.4407346
   7 2025          0.3919238      43327.3251067      11110.7756807
   7 2027          0.3919238      43274.0081680      11118.1700996
   7 2029          0.3919238      43309.2430950      11123.2088429
   7 2031          0.3802246      43313.5431761      10997.5828487
   7 2033          0.3860742      43413.8037196      11023.8354242
   7 2035          0.3948486      43417.5966504      11220.9811449
   7 2037          0.3889990      43430.9125066      11148.8565464
   7 2039          0.3802246      43389.1153063      10985.4132156
   7 2041          0.3948486      43439.5595118      11123.4797119
   7 2043          0.4036230      43337.6559453      11284.4423156
   8 2019          0.3977734      42616.8378776      10958.9276375
   8 2021          0.3772998      42530.5366689      10617.1591194
   8 2023          0.3656006      42497.4741568      10413.1438868
   8 2025          0.3860742      42654.5504594      10826.1017980
   8 2027          0.3977734      42509.9666715      11056.4994116
   8 2029          0.3948486      42641.9200127      11008.9325375
   8 2031          0.3977734      42486.6753365      11060.3625267
   8 2033          0.3743750      42616.4955661      10734.4258095
   8 2035          0.3714502      42463.9488796      10571.5198041
   8 2037          0.3802246      42591.3719943      10814.6462370
   8 2039          0.3977734      42607.6056148      11063.6906430
   8 2041          0.3948486      42520.8137280      11037.8304685
   8 2043          0.3802246      42538.1594608      10783.7080235
   9 2019          0.3977734      42992.0895235      11055.4236667
   9 2021          0.3860742      43012.8639219      10990.3847976
   9 2023          0.3919238      43053.1894365      11089.4248936
   9 2025          0.3919238      42988.8349102      11077.6884119
   9 2027          0.3860742      43049.1699254      10922.3088846
   9 2029          0.3919238      42999.4028348      11007.0904538
   9 2031          0.3860742      42894.7384720      10944.8089255
   9 2033          0.3802246      42990.4014876      10846.7513959
   9 2035          0.3860742      42838.3991380      10904.4673541
   9 2037          0.3919238      42985.2016352      11001.6383900
   9 2039          0.3948486      42856.7992798      11060.9534825
   9 2041          0.3860742      42951.0211371      10961.5715538
   9 2043          0.3889990      42855.7712179      10986.4941672
  10 2019          0.3977734      43193.5025475      11107.2170626
  10 2021          0.3977734      43066.8520226      11139.9275769
  10 2023          0.3948486      43101.8992356      11127.1377151
  10 2025          0.3919238      43168.6193757      11048.4612240
  10 2027          0.3919238      43132.2464340      11032.1014394
  10 2029          0.3802246      43177.1619183      10905.4808444
  10 2031          0.3948486      43057.7397272      11061.8356236
  10 2033          0.3860742      43262.2391120      11012.1824281
  10 2035          0.3919238      43176.0777898      11083.5583691
  10 2037          0.3860742      43190.9161004      11038.4922035
  10 2039          0.3802246      43224.8385643      10922.1804969
  10 2041          0.3948486      43213.0118094      11164.7375422
  10 2043          0.3831494      43196.2292995      11006.5950556
  11 2019          0.3977734      42938.1396063      11041.5504357
  11 2021          0.3860742      42838.3341217      10883.3292795
  11 2023          0.3860742      42957.5824039      10913.9271088
  11 2025          0.3977734      42886.5125739      11080.5725373
  11 2027          0.3977734      42857.0007130      11114.6795631
  11 2029          0.3889990      42848.2695127      10979.9087109
  11 2031          0.3802246      42989.7455836      10860.0093516
  11 2033          0.3919238      42816.0275118      11031.7648132
  11 2035          0.3948486      42854.4057547      11071.6898348
  11 2037          0.3889990      42811.3474177      10995.7938327
  11 2039          0.3772998      42990.4059754      10783.5778528
  11 2041          0.3889990      42887.5284228      10989.5605076
  11 2043          0.3977734      42894.3312327      11100.8672673
  12 2019          0.3977734      43001.6806199      11057.8900189
  12 2021          0.3860742      43044.3487188      10971.5445377
  12 2023          0.3948486      42864.5324600      11087.9112119
  12 2025          0.3919238      42992.8843884      11074.6039363
  12 2027          0.3860742      42832.2286733      10981.5552869
  12 2029          0.3860742      42955.3860891      10985.0174524
  12 2031          0.3831494      42969.1154943      10931.2301267
  12 2033          0.3889990      42923.5668124      10995.3513379
  12 2035          0.3948486      42947.6995544      11092.3667977
  12 2037          0.3860742      42956.0336662      11000.3084944
  12 2039          0.3919238      43023.4677640      11024.3046191
  12 2041          0.3977734      42985.7355508      11121.4732473
  12 2043          0.3977734      42879.5970516      11142.0984058
  13 2019          0.3977734      43561.5608710      11201.8633277
  13 2021          0.3860742      43457.6908238      11113.5272385
  13 2023          0.3860742      43527.1509021      11072.4353219
  13 2025          0.3889990      43483.6476671      11106.8960953
  13 2027          0.3860742      43473.2607577      11003.1712516
  13 2029          0.3948486      43582.6064388      11191.8208403
  13 2031          0.3977734      43610.2148229      11299.6275701
  13 2033          0.3802246      43464.8811578      11089.4316976
  13 2035          0.3802246      43477.4718875      11007.0743977
  13 2037          0.3860742      43476.9809445      11149.1453803
  13 2039          0.3831494      43562.3036014      11053.4869402
  13 2041          0.3919238      43540.8064005      11188.2684428
  13 2043          0.3948486      43487.0394488      11266.6367861
  14 2019          0.3977734      43390.1200232      11157.7772824
  14 2021          0.3919238      43391.4185184      11128.2350367
  14 2023          0.3802246      43270.0295094      11024.9143163
  14 2025          0.3802246      43315.6323732      11019.0516775
  14 2027          0.4006982      43330.3833102      11286.7678822
  14 2029          0.3919238      43459.9308169      11213.7034369
  14 2031          0.3656006      43328.3346280      10780.2634749
  14 2033          0.3889990      43366.9231305      11119.2897181
  14 2035          0.3948486      43284.8998934      11187.2444564
  14 2037          0.3802246      43362.1722897      10976.9865695
  14 2039          0.3948486      43330.9009262      11150.8344949
  14 2041          0.4006982      43330.6536092      11276.2320340
  14 2043          0.3977734      43323.5473417      11244.4223656
  15 2019          0.3977734      44951.0709591      11559.1761004
  15 2021          0.3977734      44823.8713220      11578.5696722
  15 2023          0.3802246      44949.0592448      11406.2399838
  15 2025          0.3860742      44965.7013263      11453.0233436
  15 2027          0.3889990      44934.2909536      11469.4024686
  15 2029          0.3889990      44941.6433848      11516.8438782
  15 2031          0.3889990      44902.3126917      11466.0479106
  15 2033          0.3977734      44905.5558276      11600.9738649
  15 2035          0.3889990      44983.7093628      11476.6312440
  15 2037          0.3919238      44857.7186252      11551.8553883
  15 2039          0.3977734      44862.9094849      11647.8628267
  15 2041          0.3889990      44922.9909741      11513.2370412
  15 2043          0.3802246      44831.0861726      11299.8984116
  16 2019          0.3977734      44722.0835330      11500.2919420
  16 2021          0.3919238      44653.2325196      11446.8553595
  16 2023          0.3772998      44596.7417087      11230.6333329
  16 2025          0.3948486      44636.9490910      11544.3326424
  16 2027          0.3977734      44645.1907953      11606.4554647
  16 2029          0.3919238      44739.8301021      11545.9517530
  16 2031          0.3889990      44738.6842690      11461.6750629
  16 2033          0.3772998      44752.7555624      11279.3751024
  16 2035          0.3860742      44675.7349777      11353.7136940
  16 2037          0.3889990      44642.2859557      11418.5373808
  16 2039          0.3948486      44686.5009560      11490.8724113
  16 2041          0.3889990      44617.4160412      11464.5053273
  16 2043          0.3860742      44771.1624958      11442.2738104
  17 2019          0.3977734      44270.1031161      11384.0650953
  17 2021          0.3889990      44221.8096222      11351.7639635
  17 2023          0.3772998      44274.0013905      11165.9902320
  17 2025          0.3831494      44173.5462948      11241.8362659
  17 2027          0.3860742      44128.3199138      11240.2707053
  17 2029          0.3948486      44122.0973827      11376.7815305
  17 2031          0.3948486      44311.1312792      11409.9748985
  17 2033          0.3977734      44134.9999802      11438.4583846
  17 2035          0.3919238      44286.0617489      11390.1047749
  17 2037          0.3860742      44287.7021774      11314.2232863
  17 2039          0.3919238      44250.7201257      11391.3086059
  17 2041          0.3889990      44148.3135305      11377.6715357
  17 2043          0.3802246      44269.3058405      11213.6177994
  18 2019          0.3977734      44238.9320529      11376.0494507
  18 2021          0.3831494      44185.2588375      11199.4763260
  18 2023          0.3919238      44090.5498682      11336.1320640
  18 2025          0.3977734      44064.6463772      11402.6755812
  18 2027          0.3977734      44124.1670084      11463.1493646
  18 2029          0.3919238      44214.0871728      11371.5180430
  18 2031          0.3772998      44206.2733688      11155.1713462
  18 2033          0.3889990      44100.1632641      11317.4168387
  18 2035          0.3919238      44178.1478060      11332.6431473
  18 2037          0.3977734      44074.9255445      11396.9609253
  18 2039          0.3948486      44206.2494711      11406.8132956
  18 2041          0.3802246      44193.2005950      11159.6847532
  18 2043          0.3889990      44148.0605230      11258.7212760
  19 2019          0.3977734      43380.5289269      11155.3109302
  19 2021          0.3919238      43348.9398598      11102.2021728
  19 2023          0.3860742      43374.0242567      11127.6873751
  19 2025          0.3919238      43330.0893507      11161.0416825
  19 2027          0.3977734      43268.1502871      11262.9847494
  19 2029          0.3831494      43360.5218892      11074.2414629
  19 2031          0.3860742      43411.6595332      11047.3602756
  19 2033          0.3831494      43363.7204569      11021.4149037
  19 2035          0.3831494      43386.1638528      11003.3752208
  19 2037          0.3919238      43326.8832365      11120.7484592
  19 2039          0.3919238      43363.0740851      11099.9668878
  19 2041          0.3919238      43206.8500222      11112.1614976
  19 2043          0.3889990      43318.6022094      11066.0709686
  20 2019          0.3977734      44007.5468527      11316.5487043
  20 2021          0.3860742      44013.6619550      11213.9090395
  20 2023          0.3919238      43867.7454336      11314.1722303
  20 2025          0.3919238      43969.0000277      11317.0596132
  20 2027          0.3977734      43955.0514653      11395.9206857
  20 2029          0.3802246      43887.6638201      11089.1886290
  20 2031          0.3919238      44012.5798372      11234.1252527
  20 2033          0.3860742      43913.3949423      11201.3371348
  20 2035          0.3948486      43924.5180255      11365.1164092
  20 2037          0.3948486      43986.2282995      11396.6779703
  20 2039          0.3656006      44080.8502366      10961.4639030
  20 2041          0.3860742      44079.5530033      11286.8397647
  20 2043          0.3948486      43902.1266588      11368.0552430
  21 2019          0.3977734      43806.1338287      11264.7553084
  21 2021          0.3714502      43857.4582441      10940.5850294
  21 2023          0.3626758      43712.0091305      10737.4943158
  21 2025          0.4006982      43675.9557097      11266.6148616
  21 2027          0.4036230      43729.4876735      11370.6616829
  21 2029          0.3977734      43817.5757806      11303.6853147
  21 2031          0.3948486      43682.0681726      11263.3452096
  21 2033          0.3889990      43732.1328288      11198.8085246
  21 2035          0.3802246      43666.0038257      11112.0289947
  21 2037          0.3889990      43795.4626598      11232.5047814
  21 2039          0.3948486      43745.4940790      11325.4546605
  21 2041          0.3919238      43694.2788872      11255.7656845
  21 2043          0.3889990      43790.4531988      11229.5794235
  22 2019          0.3977734      43127.5637598      11090.2608914
  22 2021          0.3948486      43099.8890624      11064.0590220
  22 2023          0.3889990      43113.7274317      11009.1834575
  22 2025          0.3919238      42997.5118391      11020.0359616
  22 2027          0.3919238      43191.4293695      11104.0055435
  22 2029          0.3977734      43013.3263894      11043.4183318
  22 2031          0.3948486      43088.9092384      11103.0965607
  22 2033          0.3860742      43049.7501370      10998.7205512
  22 2035          0.3831494      42979.6846944      10939.0186725
  22 2037          0.3802246      43114.6490157      10919.4703927
  22 2039          0.3919238      43113.5735508      11097.9212515
  22 2041          0.3919238      43179.5010356      11108.3552869
  22 2043          0.3919238      43061.7844652      11040.6725798
  23 2019          0.3977734      42014.9965798      10804.1640380
  23 2021          0.3831494      42061.7377194      10677.7214617
  23 2023          0.3919238      41895.9998414      10821.6310663
  23 2025          0.3948486      42020.5741611      10895.6658949
  23 2027          0.3860742      41983.6741239      10798.7159418
  23 2029          0.3831494      41983.8041298      10723.9131282
  23 2031          0.3860742      41998.2029597      10792.8773996
  23 2033          0.3919238      41955.8858025      10833.3149047
  23 2035          0.3948486      41939.4728388      10885.7958258
  23 2037          0.3831494      41944.7988163      10662.8263807
  23 2039          0.3860742      42005.6580018      10654.3636001
  23 2041          0.3656006      41933.0137323      10304.1684573
  23 2043          0.3919238      41946.6853839      10774.0723088
  24 2019          0.3977734      42154.0674773      10839.9261446
  24 2021          0.3948486      42043.1465841      10815.2032102
  24 2023          0.3919238      42128.2005294      10809.7206890
  24 2025          0.3802246      42164.1265030      10667.5184686
  24 2027          0.3802246      42175.9784961      10641.9349819
  24 2029          0.3831494      42055.8249647      10690.3362601
  24 2031          0.3919238      42221.8786115      10829.9639991
  24 2033          0.3977734      42045.2877672      10897.7681850
  24 2035          0.3889990      42129.9648644      10792.5563421
  24 2037          0.3831494      42141.4903098      10707.9705492
  24 2039          0.3977734      42186.3148354      10918.5018529
  24 2041          0.3977734      42165.7894903      10930.9696715
  24 2043          0.3919238      42074.2251182      10830.9168111
  25 2019          0.3977734      43261.8391092      11124.7898219
  25 2021          0.4006982      43164.4392961      11137.3997999
  25 2023          0.3919238      43285.8634830      11123.9415444
  25 2025          0.3977734      43167.7584054      11197.9204792
  25 2027          0.3714502      43296.2636823      10876.4435742
  25 2029          0.3772998      43290.5625771      10854.1625230
  25 2031          0.3977734      43203.6198377      11159.1588732
  25 2033          0.3977734      43228.6707359      11195.5344216
  25 2035          0.3919238      43228.2382707      11134.2639900
  25 2037          0.3889990      43215.0512610      11081.2640327
  25 2039          0.3919238      43162.1185023      11088.1092629
  25 2041          0.3919238      43209.1455431      11134.6740134
  25 2043          0.3802246      43260.3286453      10949.9268022
  26 2019          0.3977734      42526.9213490      10935.8055858
  26 2021          0.3802246      42476.4121874      10726.2859464
  26 2023          0.3831494      42568.4731331      10776.7542869
  26 2025          0.3948486      42539.2343095      10972.6837237
  26 2027          0.3889990      42468.6563505      10882.7301290
  26 2029          0.3919238      42411.5687491      10907.6987241
  26 2031          0.3948486      42417.5386668      10906.2384347
  26 2033          0.3977734      42497.5751184      10964.6221513
  26 2035          0.3831494      42463.3191754      10708.1745530
  26 2037          0.3802246      42536.1068862      10685.4437849
  26 2039          0.3889990      42471.8929545      10824.6462908
  26 2041          0.3919238      42531.0007796      10893.8972551
  26 2043          0.4006982      42462.6429309      11005.6587699
  27 2019          0.3977734      43770.1672173      11255.5064877
  27 2021          0.3831494      43701.8791506      11075.7042591
  27 2023          0.3919238      43610.8007690      11207.3577134
  27 2025          0.3919238      43685.8987723      11237.1616042
  27 2027          0.3919238      43685.5932153      11210.7446529
  27 2029          0.3977734      43652.2374428      11288.2488130
  27 2031          0.3977734      43657.0812499      11274.2554625
  27 2033          0.3743750      43684.7358338      10917.2762117
  27 2035          0.3772998      43749.0671761      10968.3220758
  27 2037          0.3860742      43705.4106791      11116.8116310
  27 2039          0.3889990      43712.9546917      11206.3483432
  27 2041          0.3831494      43765.7168723      11032.2535051
  27 2043          0.3860742      43664.6031059      11118.2512894
  28 2019          0.3977734      43368.5400564      11152.2279900
  28 2021          0.3831494      43380.7140757      11009.7941080
  28 2023          0.3831494      43419.8967454      10992.8808394
  28 2025          0.3831494      43252.0423536      11017.5155802
  28 2027          0.3919238      43377.1424893      11112.2962119
  28 2029          0.3948486      43234.8051009      11143.7231364
  28 2031          0.3977734      43208.8490234      11208.5433280
  28 2033          0.3889990      43230.1755692      11104.5568993
  28 2035          0.3831494      43350.7854321      11037.1471052
  28 2037          0.3919238      43290.4816061      11143.2756272
  28 2039          0.3772998      43218.3906153      10920.3534019
  28 2041          0.3860742      43224.5413273      10959.2045929
  28 2043          0.4006982      43366.7575158      11231.4524856
  29 2019          0.3977734      44411.5717877      11420.4437900
  29 2021          0.3831494      44397.5435173      11256.2278082
  29 2023          0.3889990      44454.6760143      11398.2652754
  29 2025          0.3977734      44419.5594790      11497.9853662
  29 2027          0.3919238      44413.7557764      11433.2962885
  29 2029          0.3743750      44301.7521943      11077.5432681
  29 2031          0.3889990      44391.8783322      11346.1113867
  29 2033          0.3977734      44460.0426164      11478.2949821
  29 2035          0.3977734      44273.6357039      11462.1508664
  29 2037          0.3948486      44268.5007264      11441.0858494
  29 2039          0.3656006      44377.9443130      10972.1688812
  29 2041          0.3772998      44413.4706045      11160.5739814
  29 2043          0.3889990      44350.6550501      11333.5237177
  30 2019          0.3977734      44349.2296612      11404.4125008
  30 2021          0.3860742      44354.0862640      11302.0710386
  30 2023          0.3802246      44190.9550640      11191.9422524
  30 2025          0.3977734      44252.7348991      11468.5682277
  30 2027          0.3889990      44331.7756324      11374.0646325
  30 2029          0.3685254      44242.8780876      10990.7972928
  30 2031          0.3889990      44355.7014781      11302.0874751
  30 2033          0.3977734      44227.9877910      11474.1461988
  30 2035          0.3977734      44250.3876798      11491.2262518
  30 2037          0.3948486      44368.3130581      11402.9657653
  30 2039          0.3948486      44289.8777976      11440.9659042
  30 2041          0.3948486      44302.7265664      11480.6654475
  30 2043          0.3714502      44361.5021470      11119.9221388
  31 2019          0.3977734      44476.3116883      11437.0916673
  31 2021          0.3860742      44549.9749754      11341.0764881
  31 2023          0.3919238      44385.7545264      11408.3908917
  31 2025          0.3889990      44518.4520307      11395.5782791
  31 2027          0.3948486      44488.9835308      11492.8831465
  31 2029          0.3919238      44547.3607886      11456.1558029
  31 2031          0.3743750      44473.7826137      11135.5184970
  31 2033          0.3831494      44395.2709611      11268.5479928
  31 2035          0.3860742      44510.0984818      11336.8656243
  31 2037          0.3977734      44436.8990981      11483.9037736
  31 2039          0.3919238      44498.2510786      11460.3384021
  31 2041          0.3919238      44317.3410900      11432.7303723
  31 2043          0.3772998      44463.8999670      11208.6643515
  32 2019          0.3977734      44123.8388963      11346.4532245
  32 2021          0.3831494      44073.4199638      11217.7795444
  32 2023          0.3919238      43990.3925861      11257.1205511
  32 2025          0.3977734      44139.8378984      11382.0936291
  32 2027          0.3919238      43969.2857758      11309.1340557
  32 2029          0.3860742      43990.4431686      11153.8834005
  32 2031          0.3919238      44047.0058267      11279.5471661
  32 2033          0.3889990      44119.1774161      11240.7861496
  32 2035          0.3656006      44128.1682125      10877.7456531
  32 2037          0.3919238      44080.4690778      11259.9313317
  32 2039          0.3977734      44067.7768414      11361.4337655
  32 2041          0.3948486      44030.4512448      11311.5328934
  32 2043          0.3919238      44021.0633055      11328.9531524
  33 2019          0.3977734      43881.6637127      11284.1778319
  33 2021          0.3919238      43940.4181992      11317.7273582
  33 2023          0.3772998      43756.7619775      11105.9535966
  33 2025          0.3860742      43736.8504795      11220.4849102
  33 2027          0.3948486      43793.4642209      11333.1755558
  33 2029          0.3948486      43812.1044400      11309.2071155
  33 2031          0.3919238      43866.2094614      11295.6250543
  33 2033          0.3919238      43714.6067521      11283.7556726
  33 2035          0.3743750      43941.1626104      11014.7951830
  33 2037          0.3860742      43746.5312480      11168.9866921
  33 2039          0.3919238      43920.8721386      11321.9701649
  33 2041          0.3977734      43711.7835828      11355.4156350
  33 2043          0.3948486      43827.4648613      11330.3516108
  34 2019          0.3977734      44081.8778497      11335.6629337
  34 2021          0.3772998      43971.0454498      11038.8847552
  34 2023          0.3714502      44130.2145484      10972.5150401
  34 2025          0.3889990      44018.6461030      11239.6293556
  34 2027          0.3948486      44115.1876616      11353.0895055
  34 2029          0.3977734      44027.7361521      11403.7964881
  34 2031          0.3948486      43943.0383483      11411.9586057
  34 2033          0.3919238      44012.7192056      11375.3802168
  34 2035          0.3772998      44011.1437644      11126.2513171
  34 2037          0.3772998      44145.8991066      11088.7050468
  34 2039          0.3977734      44143.2851291      11318.5948209
  34 2041          0.3948486      43948.8565376      11329.2792735
  34 2043          0.3802246      43913.7424306      11147.2678757
  35 2019          0.3977734      44339.6385649      11401.9461487
  35 2021          0.3743750      44163.8697306      10997.0298344
  35 2023          0.3772998      44385.7697260      11133.5372552
  35 2025          0.3919238      44357.8323308      11334.0897501
  35 2027          0.3977734      44280.7880676      11423.4025734
  35 2029          0.3977734      44401.4789716      11393.5049124
  35 2031          0.4006982      44208.8116115      11399.2442596
  35 2033          0.3772998      44284.1359956      11113.6118526
  35 2035          0.3802246      44193.3500746      11112.9294144
  35 2037          0.3889990      44326.6803572      11354.5938147
  35 2039          0.3977734      44268.7870133      11454.9750405
  35 2041          0.3948486      44350.8493765      11419.6687398
  35 2043          0.3948486      44255.0843172      11442.6892429
  36 2019          0.3977734      44660.9402936      11484.5689468
  36 2021          0.3831494      44641.7159156      11329.8771848
  36 2023          0.3889990      44659.8390651      11384.6222041
  36 2025          0.3889990      44674.9723162      11412.0073796
  36 2027          0.3919238      44571.2195234      11471.0323996
  36 2029          0.3977734      44523.3239646      11541.0780449
  36 2031          0.3860742      44603.1413185      11432.6128154
  36 2033          0.3889990      44523.3057946      11391.1479412
  36 2035          0.3889990      44547.2753054      11452.0505323
  36 2037          0.3919238      44602.0447421      11509.7644704
  36 2039          0.3948486      44569.4372555      11553.9488051
  36 2041          0.3889990      44692.5117435      11470.7038895
  36 2043          0.3919238      44628.1253252      11481.1664687
  37 2019          0.3977734      44386.3951597      11413.9696156
  37 2021          0.3889990      44288.9527130      11381.6350616
  37 2023          0.3831494      44325.9332957      11253.3387339
  37 2025          0.3977734      44254.6888318      11465.8756825
  37 2027          0.3948486      44397.8137931      11472.6711607
  37 2029          0.3772998      44424.3161532      11248.1688907
  37 2031          0.3889990      44391.2276274      11326.1067308
  37 2033          0.3948486      44269.2903284      11460.1763836
  37 2035          0.3919238      44416.1120178      11433.1963433
  37 2037          0.3948486      44387.7408732      11449.0727369
  37 2039          0.3860742      44360.2665183      11301.5414716
  37 2041          0.3889990      44321.9184134      11354.9197648
  37 2043          0.3919238      44209.6242555      11356.0454124
  38 2019          0.3977734      43113.1771153      11086.5613631
  38 2021          0.3860742      43018.6566904      11005.3663566
  38 2023          0.3802246      43015.8631922      10908.7155756
  38 2025          0.3977734      42980.6511286      11117.7472491
  38 2027          0.3977734      43001.9753184      11133.6613457
  38 2029          0.3860742      43165.0766129      11020.2019584
  38 2031          0.3860742      42949.1325393      11010.8285140
  38 2033          0.3948486      43112.2590741      11119.9861044
  38 2035          0.3919238      43152.8250389      11123.7199146
  38 2037          0.3743750      43009.5076217      10803.1217531
  38 2039          0.3919238      43123.9538596      11060.7075490
  38 2041          0.3948486      43145.2321726      11139.2787522
  38 2043          0.3919238      42997.9742869      11115.4353801
  39 2019          0.3977734      43346.9600895      11146.6786976
  39 2021          0.3860742      43207.1537448      11019.3430425
  39 2023          0.3889990      43327.7031616      11083.3507041
  39 2025          0.3860742      43298.9066931      11078.9656858
  39 2027          0.3948486      43270.0852389      11187.5614686
  39 2029          0.3919238      43360.0617444      11176.9115350
  39 2031          0.3919238      43200.5670323      11164.3735961
  39 2033          0.3802246      43295.3132557      10972.6084225
  39 2035          0.3831494      43200.0557446      10987.0702518
  39 2037          0.3919238      43353.7273997      11073.2389957
  39 2039          0.3860742      43307.9129868      11013.7275326
  39 2041          0.3919238      43255.0030692      11106.3880738
  39 2043          0.3948486      43271.4743525      11132.7650933
  40 2019          0.3977734      43451.2632627      11173.5002776
  40 2021          0.3831494      43493.7090364      11062.2964974
  40 2023          0.3919238      43341.9105328      11178.5578753
  40 2025          0.3802246      43346.1291411      10997.0018791
  40 2027          0.3919238      43452.2995226      11198.2764552
  40 2029          0.3919238      43432.0255828      11190.6663224
  40 2031          0.3802246      43521.4626801      10977.9214925
  40 2033          0.3948486      43474.9102029      11141.9969330
  40 2035          0.4036230      43292.6693582      11281.4775364
  40 2037          0.3919238      43488.5298532      11175.0487354
  40 2039          0.3685254      43463.6327551      10788.9898118
  40 2041          0.3831494      43423.0148900      10978.8760552
  40 2043          0.3948486      43338.4545660      11126.8925047
  41 2019          0.3977734      43500.4176316      11186.1403325
  41 2021          0.3948486      43408.9944733      11200.4156477
  41 2023          0.3860742      43517.5917497      11139.6109058
  41 2025          0.3919238      43435.2288729      11193.0236496
  41 2027          0.3919238      43520.6385201      11184.6371931
  41 2029          0.3889990      43489.2935570      11129.4314760
  41 2031          0.3802246      43565.1003891      11015.1463862
  41 2033          0.3772998      43357.4898776      10913.4842772
  41 2035          0.3802246      43460.8629261      10962.3802676
  41 2037          0.3919238      43377.6725057      11104.2572284
  41 2039          0.3948486      43457.0266307      11197.1913454
  41 2041          0.3977734      43411.5352731      11243.1908809
  41 2043          0.3977734      43352.2995805      11234.6137989
  42 2019          0.3977734      43378.1311528      11154.6943422
  42 2021          0.3948486      43290.1406834      11162.9334849
  42 2023          0.3889990      43317.7748802      11124.5124173
  42 2025          0.3977734      43429.0784068      11210.8544920
  42 2027          0.3919238      43367.5849728      11169.1411180
  42 2029          0.3860742      43226.3390217      11047.7665461
  42 2031          0.3860742      43336.3502545      11047.5160564
  42 2033          0.3919238      43446.4806624      11193.3529800
  42 2035          0.3919238      43401.7032047      11205.0496688
  42 2037          0.3860742      43273.1271345      11063.8981700
  42 2039          0.3919238      43232.8067953      11153.6576450
  42 2041          0.3889990      43339.9310705      11069.1676123
  42 2043          0.3626758      43448.6207285      10705.6876452
  43 2019          0.3977734      43863.6804070      11279.5534215
  43 2021          0.3977734      43730.2130963      11313.4856223
  43 2023          0.3831494      43807.5215589      11178.8962316
  43 2025          0.3889990      43709.8419888      11231.5784759
  43 2027          0.3743750      43823.8967810      10981.9913309
  43 2029          0.3919238      43837.8793251      11188.9388449
  43 2031          0.4036230      43775.3937687      11388.0639026
  43 2033          0.3977734      43896.4838556      11281.6516482
  43 2035          0.3948486      43857.1883934      11317.2800862
  43 2037          0.3948486      43772.2958822      11331.0440833
  43 2039          0.3919238      43792.3231507      11291.4427758
  43 2041          0.3802246      43750.5267311      11138.9997811
  43 2043          0.3656006      43870.9472845      10834.3748942
  44 2019          0.3977734      43899.6470184      11288.8022422
  44 2021          0.3860742      43853.4953844      11209.4526955
  44 2023          0.3919238      43814.2237121      11240.4905281
  44 2025          0.3977734      43804.2192993      11325.5960856
  44 2027          0.3977734      43778.3524063      11345.2321221
  44 2029          0.3919238      43841.2518905      11274.8610982
  44 2031          0.3743750      43839.0580331      10975.6412497
  44 2033          0.3802246      43920.7513414      11047.6640532
  44 2035          0.3889990      43935.1444164      11255.9175446
  44 2037          0.3948486      43923.1493286      11319.3046809
  44 2039          0.3919238      43895.4119512      11274.0988596
  44 2041          0.3802246      43887.9539358      11064.6058175
  44 2043          0.3919238      43796.6027334      11221.8966561
  45 2019          0.3977734      43766.5705562      11254.5816056
  45 2021          0.3977734      43643.9078549      11299.5378618
  45 2023          0.3919238      43829.7745175      11312.5408604
  45 2025          0.3831494      43638.0235421      11140.2602007
  45 2027          0.3919238      43720.1780370      11251.2204715
  45 2029          0.3977734      43652.4833201      11289.8040148
  45 2031          0.3831494      43657.5253838      11105.8789163
  45 2033          0.3831494      43809.7997499      11128.6131219
  45 2035          0.3889990      43645.0535641      11187.4096847
  45 2037          0.3948486      43645.3132060      11281.8178016
  45 2039          0.3948486      43670.9179745      11325.4039826
  45 2041          0.3831494      43795.2887608      11166.0081531
  45 2043          0.3831494      43614.9774523      11119.5067146
  46 2019          0.3977734      42897.3774467      11031.0684389
  46 2021          0.3860742      42941.4161395      10969.9744974
  46 2023          0.3860742      42743.6305834      10925.1724322
  46 2025          0.3919238      42855.5503910      11018.6859128
  46 2027          0.3919238      42900.5946147      11051.0910800
  46 2029          0.3860742      42864.8959301      10934.8309453
  46 2031          0.3714502      42908.9818774      10714.0580983
  46 2033          0.3889990      42799.8325588      10961.6462714
  46 2035          0.3948486      42816.2668308      11069.0521906
  46 2037          0.3948486      42807.7136353      11070.9987817
  46 2039          0.3860742      42861.9890462      10992.9839618
  46 2041          0.3948486      42771.1945653      11052.1211481
  46 2043          0.3977734      42953.1877315      11110.9713284
  47 2019          0.3977734      43224.6736107      11115.2327072
  47 2021          0.3948486      43221.1357234      11125.3414342
  47 2023          0.3860742      43237.9491239      11048.4529288
  47 2025          0.3860742      43212.6835257      11054.1549921
  47 2027          0.3889990      43151.2826368      11088.4169203
  47 2029          0.3860742      43177.7923542      11017.3553409
  47 2031          0.3977734      43205.0591916      11116.9993130
  47 2033          0.3977734      43204.0327632      11169.3859811
  47 2035          0.3860742      43278.7056833      11044.9516851
  47 2037          0.3831494      43132.0887905      10991.1463773
  47 2039          0.3948486      43237.0078907      11113.0626014
  47 2041          0.3889990      43268.5121947      11096.6457516
  47 2043          0.3889990      43252.5521560      11121.6801993
  48 2019          0.3977734      43662.2673830      11227.7600256
  48 2021          0.3860742      43598.8440914      11134.6348511
  48 2023          0.3948486      43703.8882935      11179.8035752
  48 2025          0.3948486      43593.3646383      11265.6853664
  48 2027          0.3860742      43568.8505574      11122.6893775
  48 2029          0.3802246      43594.6198113      11037.9239557
  48 2031          0.3860742      43602.9505733      11109.0399188
  48 2033          0.3948486      43634.6047305      11248.5921594
  48 2035          0.3977734      43594.4853353      11331.1982669
  48 2037          0.3802246      43643.0055293      11072.9193229
  48 2039          0.3831494      43559.0951887      11057.7864619
  48 2041          0.3919238      43616.6789092      11179.4010653
  48 2043          0.3919238      43487.4314683      11228.3886974
  49 2019          0.3977734      43525.5942596      11192.6145070
  49 2021          0.3831494      43399.9342055      11038.0707040
  49 2023          0.3889990      43451.3559113      11089.8758418
  49 2025          0.3948486      43497.0292557      11199.3879628
  49 2027          0.3860742      43544.3864795      11053.6515678
  49 2029          0.3948486      43548.0871287      11197.9049581
  49 2031          0.3948486      43414.3280638      11213.5285292
  49 2033          0.3860742      43539.0524680      11091.8040859
  49 2035          0.3919238      43511.2985212      11193.6819416
  49 2037          0.3831494      43408.3975605      11033.6449860
  49 2039          0.3802246      43424.3065601      10918.3425340
  49 2041          0.3889990      43430.8094243      11009.1342076
  49 2043          0.4036230      43545.0878135      11272.1107894
  50 2019          0.3977734      44952.2698461      11559.4843944
  50 2021          0.3831494      44869.3421896      11394.0073245
  50 2023          0.3919238      44773.1927112      11548.5394446
  50 2025          0.3860742      44984.6190253      11526.5028462
  50 2027          0.3919238      44892.6843413      11582.4461516
  50 2029          0.3860742      44977.0753586      11511.4975291
  50 2031          0.3948486      44891.8596487      11516.4364581
  50 2033          0.3948486      44846.2379750      11581.9150067
  50 2035          0.3919238      45026.3075233      11584.3723651
  50 2037          0.3889990      44855.2401227      11511.5082819
  50 2039          0.3919238      44807.6018661      11527.8980374
  50 2041          0.3919238      44824.7326560      11558.8141542
  50 2043          0.3948486      44825.5360813      11601.4220669
