FL 2019 2020 2021 2022 2023 2024 2025 2026 2027 2028 2029 2030 2031 2032 2033 2034 2035 2036 2037 2038 2039 2040 2041 2042 2043 2044 2045
 1    4109.00    3559.25    3559.25    3768.53    3768.53    5126.35    5126.35    5385.53    5385.53    6625.08    6625.08    3672.90    3672.90    4917.07    4917.07    8338.64    8338.64    4223.14    4223.14    1567.57    1567.57    2030.03    2030.03    3607.76    3607.76    7717.71    7717.71
 2     783.00     677.95     677.95     717.82     717.82     976.45     976.45    1025.82    1025.82    1261.92    1261.92     699.60     699.60     936.58     936.58    1588.31    1588.31     804.41     804.41     298.58     298.58     386.67     386.67     687.19     687.19    1470.04    1470.04
 3    3537.00    1677.70    1707.89    2252.63    2055.64    2366.00    2014.83    1935.67    2109.65    2319.98    1547.11    1544.00    1448.17    1541.79    1584.41    1811.19    1324.94    1259.27     936.16    1581.94    1499.30    1793.28    1803.15    1706.84    1856.79    2216.63    2129.83
 4    1379.00    1634.97    1373.04    1440.02    1081.80    1440.22    1555.18    1505.71    1046.38    1016.40    1048.07    1090.98     933.97    1214.47    1093.04    1048.71     765.63     965.03     921.43    1211.04    1001.36    1080.45    1246.89    1470.52    1279.32    1560.77    1739.52
 1    4109.00    3386.92    3386.92    5769.92    5769.92    6024.48    6024.48    4704.55    4704.55    3088.01    3088.01    1584.66    1584.66    2224.53    2224.53    2662.51    2662.51    3405.40    3405.40    9563.40    9563.40    6144.14    6144.14    3828.59    3828.59    6477.24    6477.24
 2     783.00     645.13     645.13    1099.03    1099.03    1147.52    1147.52     896.10     896.10     588.19     588.19     301.84     301.84     423.72     423.72     507.14     507.14     648.65     648.65    1821.60    1821.60    1170.31    1170.31     729.26     729.26    1233.76    1233.76
 3    3537.00    1592.76    1623.47    2075.58    1768.88    1973.75    2430.87    1567.21    1539.51    1578.05    1382.03    1504.77    1987.83    1871.67    2218.32    2481.22    2576.57    2341.09    2250.74    2384.21    1901.67    1226.52    1154.22    1199.51    1890.90    2040.30    3202.82
 4    1379.00    1436.21    1355.97    1626.39    1271.79    1139.36    1059.19     888.93     925.76    1056.43    1058.45    1184.38    1513.07    1342.34    1298.28    1089.01     908.75     899.83    1061.83    1210.54    1093.68     922.42    1286.83    1790.79    2355.12    2109.12    2460.76
 1    4109.00    4730.42    4730.42    4920.30    4920.30   11574.02   11574.02    9641.02    9641.02    7610.99    7610.99    8967.88    8967.88    4194.50    4194.50    9046.42    9046.42    5531.06    5531.06    5832.29    5832.29   11567.09   11567.09    6465.23    6465.23    5153.61    5153.61
 2     783.00     901.03     901.03     937.20     937.20    2204.58    2204.58    1836.38    1836.38    1449.71    1449.71    1708.17    1708.17     798.95     798.95    1723.13    1723.13    1053.54    1053.54    1110.91    1110.91    2203.26    2203.26    1231.47    1231.47     981.64     981.64
 3    3537.00    1416.73    1409.91    1571.01    2006.15    2099.67    2303.31    2903.76    3214.40    2872.97    2335.20    1865.79    1792.22    1537.32    2217.90    2052.57    2251.56    1371.26    1392.96    1968.99    2575.06    2688.22    2115.83    1473.73    1606.95    1640.45    1850.86
 4    1379.00    1458.82    1442.58    1674.79    2067.92    2520.36    2356.79    1798.29    1602.94    1499.66    1329.01    1364.98    1563.38    1286.30    1242.83     979.49    1177.79    1493.40    1916.06    1806.33    1282.42    1278.87    1464.35    1322.44    1145.34     864.73     797.16
 1    4109.00    1523.68    1523.68    5994.91    5994.91    4522.52    4522.52    4317.39    4317.39    7798.56    7798.56    6976.66    6976.66    5316.70    5316.70    8413.02    8413.02   19937.15   19937.15   12272.57   12272.57    8321.08    8321.08    3146.68    3146.68    6674.51    6674.51
 2     783.00     290.22     290.22    1141.89    1141.89     861.43     861.43     822.36     822.36    1485.44    1485.44    1328.89    1328.89    1012.70    1012.70    1602.48    1602.48    3797.55    3797.55    2337.63    2337.63    1584.97    1584.97     599.37     599.37    1271.34    1271.34
 3    3537.00    1418.06    1932.98    2157.82    1927.87    1724.82    1520.11    2344.57    4972.27    6631.71    6206.75    6146.53    6439.34    4239.62    4150.67    6510.45    7409.20    7106.70    6034.53    3876.28    2609.78    1569.96    1064.02     858.56    1340.45    2593.17    2767.45
 4    1379.00    1336.15    1312.79    1204.00     940.12    1698.75    4000.55    4674.88    3711.61    3171.38    2523.90    2027.14    2411.67    3972.61    5215.06    4729.54    3250.68    2211.33    1424.82    1051.32     801.52     798.35    1205.13    2022.57    2146.93    2260.99    2136.96
 1    4109.00    2942.02    2942.02    4149.22    4149.22    7545.85    7545.85   21730.17   21730.17   24647.70   24647.70    9930.23    9930.23   15438.65   15438.65   16075.75   16075.75    7967.65    7967.65    2695.77    2695.77    9991.21    9991.21   15399.85   15399.85    7645.18    7645.18
 2     783.00     560.38     560.38     790.33     790.33    1437.30    1437.30    4139.08    4139.08    4694.80    4694.80    1891.47    1891.47    2940.70    2940.70    3062.05    3062.05    1517.65    1517.65     513.48     513.48    1903.09    1903.09    2933.30    2933.30    1456.22    1456.22
 3    3537.00    1503.14    2236.92    1895.08    2320.03    2400.13    2492.57    3586.41    3034.28    2931.87    1947.79    2584.56    3878.98    4677.05    4145.88    3593.27    2361.81    1303.57    1372.31     928.33    1953.86    2583.44    3002.05    2504.91    2021.11    2231.47    2998.90
 4    1379.00    1407.46    1446.07    1374.18    1725.91    3074.59    3419.14    2992.47    2127.95    3526.54    4070.83    3801.81    3083.84    2482.03    1627.72    1347.55    1018.41     911.96    1626.16    2009.92    2081.51    1938.02    1975.56    2017.44    2686.26    2278.36    1490.42
 1    4109.00    6413.48    6413.48    8150.14    8150.14    8962.80    8962.80    8382.53    8382.53    7663.19    7663.19    3260.80    3260.80    5941.32    5941.32    6495.72    6495.72    3272.35    3272.35    5297.75    5297.75   11967.19   11967.19   10215.28   10215.28    1555.55    1555.55
 2     783.00    1221.62    1221.62    1552.41    1552.41    1707.20    1707.20    1596.67    1596.67    1459.66    1459.66     621.10     621.10    1131.68    1131.68    1237.28    1237.28     623.30     623.30    1009.10    1009.10    2279.46    2279.46    1945.77    1945.77     296.30     296.30
 3    3537.00    3051.07    3291.32    1768.14    1984.20    2316.10    2289.15    2798.27    2486.62    2593.40    2312.37    2009.99    2270.90    2292.21    2090.54    1993.94    1662.73    1194.54    1628.59    2993.60    3956.25    3518.50    2649.99    1910.81    1329.42     877.31    1066.50
 4    1379.00    1399.74    1594.32    1981.22    2029.91    1995.50    1848.90    1942.44    1795.90    1488.01    1464.50    1273.67    1076.43    1140.28    1060.25     963.55    1081.47    2135.71    2639.18    2255.60    1686.80    1250.39     945.44     815.04     637.42     763.13    1119.91
 1    4109.00    5819.35    5819.35    3176.71    3176.71    3201.66    3201.66    4174.63    4174.63    4700.85    4700.85    5897.89    5897.89    4089.16    4089.16   13830.89   13830.89    9078.76    9078.76    5714.02    5714.02    4657.42    4657.42   10455.06   10455.06    5431.73    5431.73
 2     783.00    1108.45    1108.45     605.09     605.09     609.84     609.84     795.17     795.17     895.40     895.40    1123.41    1123.41     778.89     778.89    2634.46    2634.46    1729.29    1729.29    1088.38    1088.38     887.13     887.13    1991.44    1991.44    1034.62    1034.62
 3    3537.00    1647.92    1476.00    1778.85    2015.19    2055.96    2091.43    2567.75    2347.75    2026.11    2576.46    2240.01    2119.02    2451.79    3389.41    3673.11    3405.39    3026.34    2326.23    2030.54    2711.45    3126.84    4452.98    4297.73    4067.89    3189.99    2157.51
 4    1379.00    1463.92    1471.45    1292.65    1496.59    1374.35    1176.36    1071.89    1402.59    1462.29    1513.54    1722.29    2467.35    2131.09    2233.94    1998.05    1829.80    1621.92    1831.64    2129.16    2702.13    2644.59    1977.48    1396.87    1128.07    1072.48    1173.51
 1    4109.00     902.29     902.29    1254.33    1254.33    5218.29    5218.29   22109.93   22109.93    8612.60    8612.60    9783.31    9783.31    3067.68    3067.68    1996.76    1996.76    9968.11    9968.11   24223.58   24223.58   15413.24   15413.24    3029.80    3029.80    4122.89    4122.89
 2     783.00     171.86     171.86     238.92     238.92     993.96     993.96    4211.42    4211.42    1640.50    1640.50    1863.49    1863.49     584.32     584.32     380.34     380.34    1898.69    1898.69    4614.02    4614.02    2935.86    2935.86     577.10     577.10     785.31     785.31
 3    3537.00    1502.51    1731.41    2019.33    2354.64    2676.71    4029.28    4703.86    3334.15    2067.81    2230.80    1967.00    1259.29     898.93     802.13    1067.95    1909.54    2567.61    2786.95    4296.24    3709.34    2645.54    1541.49    1072.03    1255.19    1671.52    2081.94
 4    1379.00    1382.40    1406.01    1533.36    2975.54    2847.22    2599.38    2243.02    1691.71    1410.41    1122.23     972.53     692.20     798.44    1339.08    1735.52    2268.69    3590.57    3439.14    2659.49    1578.60    1301.84    1248.57    1313.77    1337.79    1648.43    1919.03
 1    4109.00    5486.71    5486.71    9261.25    9261.25    6877.79    6877.79    1647.49    1647.49    2497.11    2497.11    3112.49    3112.49    2703.62    2703.62    3786.55    3786.55    4799.72    4799.72    6588.58    6588.58    6222.22    6222.22    6510.97    6510.97    5079.69    5079.69
 2     783.00    1045.09    1045.09    1764.05    1764.05    1310.06    1310.06     313.81     313.81     475.64     475.64     592.86     592.86     514.98     514.98     721.25     721.25     914.23     914.23    1254.97    1254.97    1185.18    1185.18    1240.18    1240.18     967.56     967.56
 3    3537.00    1374.72    1627.45    1599.90    1793.72    1617.69    1516.12    1254.01    1284.95    1546.03    1603.80    1494.39    1533.72    1367.89    1872.66    2290.59    2900.08    2839.03    3250.09    3866.10    2815.75    2789.58    2619.37    2836.62    2902.07    3615.93    3686.23
 4    1379.00    1298.70    1398.98    1362.47    1189.67    1021.28    1028.58     904.09     819.02     822.22     839.08     883.26    1191.73    1428.40    1607.95    1832.88    2071.56    2072.52    1702.84    1814.74    1493.22    1503.20    2066.92    2115.28    2072.56    2252.11    2303.50
 1    4109.00    6192.65    6192.65    4550.24    4550.24    2363.59    2363.59    2012.47    2012.47    1803.65    1803.65    2314.16    2314.16    3164.70    3164.70    3941.32    3941.32    4746.13    4746.13    3523.67    3523.67   10309.53   10309.53    7248.78    7248.78    7330.55    7330.55
 2     783.00    1179.55    1179.55     866.71     866.71     450.21     450.21     383.33     383.33     343.55     343.55     440.79     440.79     602.80     602.80     750.73     750.73     904.02     904.02     671.18     671.18    1963.72    1963.72    1380.72    1380.72    1396.30    1396.30
 3    3537.00    2758.05    2932.77    1429.05    1664.77    1664.77    1664.77    1664.77    1664.77    1010.94    1114.06    1073.60    1896.98    1720.14    1543.31    1737.15    1784.53    1691.50    1436.11    1659.74    1874.82    2213.18    2330.33    1800.79    1962.68    1893.56    2685.39
 4    1379.00    1474.29    1283.95    1113.14     877.01     877.01     877.01     877.01     877.01     833.71     996.31     835.90     920.09    1133.48    1088.09     922.55    1007.92    1002.09    1245.27    1506.73    1714.51    1612.94    1213.48    1391.39    2080.98    2181.58    1798.25
 1    4109.00    2299.84    2299.84    3289.90    3289.90    5400.78    5400.78    6247.16    6247.16    3656.73    3656.73    3096.32    3096.32    6595.51    6595.51    6083.62    6083.62    5364.74    5364.74    2771.08    2771.08    7181.79    7181.79    8978.97    8978.97   11766.22   11766.22
 2     783.00     438.06     438.06     626.65     626.65    1028.72    1028.72    1189.94    1189.94     696.52     696.52     589.78     589.78    1256.29    1256.29    1158.78    1158.78    1021.86    1021.86     527.82     527.82    1367.96    1367.96    1710.28    1710.28    2241.18    2241.18
 3    3537.00    1702.05    2045.60    1989.24    2308.84    2600.73    2534.69    2245.59    1675.48    1503.26    1561.84    1273.39    1640.08    1517.25    2137.68    1993.86    1911.71    2085.40    1720.25    1576.49    2225.82    2573.47    2808.90    2843.88    3171.80    2507.48    1735.68
 4    1379.00    1405.18    1379.14    1476.30    1533.76    1412.14    1043.00     840.60     743.29     894.77    1095.81    1108.26    1485.50    1436.83    1421.63    1249.19    1031.96    1091.93    1359.59    1646.69    2009.46    2366.93    1969.59    1780.25    1317.03     969.52     658.58
 1    4109.00    4192.65    4192.65    6084.54    6084.54    5702.00    5702.00    4692.07    4692.07    5471.93    5471.93    5031.18    5031.18    6624.16    6624.16    8851.46    8851.46    9065.83    9065.83    5974.58    5974.58    8165.39    8165.39    9285.74    9285.74    5493.64    5493.64
 2     783.00     798.60     798.60    1158.96    1158.96    1086.10    1086.10     893.73     893.73    1042.27    1042.27     958.32     958.32    1261.74    1261.74    1685.99    1685.99    1726.82    1726.82    1138.02    1138.02    1555.31    1555.31    1768.71    1768.71    1046.41    1046.41
 3    3537.00    1533.74    1769.15    2085.01    1782.58    1890.72    1385.56    1461.45    1245.10    1377.13    1666.55    1985.22    1957.37    2777.86    2903.92    2741.44    2699.28    2336.59    2114.33    2773.85    3230.82    3267.95    2797.23    2266.09    1895.88    1222.59    1072.07
 4    1379.00    1418.99    1322.51    1180.76    1027.30     935.41     914.61    1109.12    1283.84    1262.79    1486.07    1914.38    1818.74    1645.08    2006.55    1529.18    1425.84    1826.85    2119.76    2147.06    1718.76    1233.96    1129.98    1022.37     922.82    1018.76    1288.20
 1    4109.00    4611.22    4611.22    3241.85    3241.85    3395.24    3395.24    2243.01    2243.01    5503.34    5503.34   11025.17   11025.17    9936.23    9936.23    4104.87    4104.87   15351.80   15351.80    7134.67    7134.67   11264.95   11264.95   21576.79   21576.79   17385.52   17385.52
 2     783.00     878.33     878.33     617.50     617.50     646.71     646.71     427.24     427.24    1048.26    1048.26    2100.03    2100.03    1892.62    1892.62     781.88     781.88    2924.15    2924.15    1358.98    1358.98    2145.70    2145.70    4109.86    4109.86    3311.53    3311.53
 3    3537.00    1791.08    1619.75    1826.45    2141.87    1955.24    2237.73    2689.38    3185.51    2792.13    3413.47    3050.31    2306.11    1630.80    1082.98    1356.67    2085.76    3611.36    2983.25    2617.81    3797.02    4407.90    4403.02    3889.29    3583.73    2834.84    2344.35
 4    1379.00    1292.09    1417.69    1292.57    1484.78    1669.67    1400.77    1426.86    1987.27    1813.31    1537.65    1103.31     871.38    1184.68    2512.34    2662.73    2060.42    2323.62    3373.97    3121.42    3106.95    2291.45    2573.41    2704.16    2280.55    1918.23    1737.36
 1    4109.00    5421.11    5421.11    9224.29    9224.29   11956.56   11956.56   30198.17   30198.17   14941.08   14941.08    5462.23    5462.23   13943.16   13943.16   13854.46   13854.46    7473.77    7473.77    9360.58    9360.58   16248.54   16248.54    8703.62    8703.62    3850.77    3850.77
 2     783.00    1032.59    1032.59    1757.01    1757.01    2277.44    2277.44    5752.03    5752.03    2845.92    2845.92    1040.42    1040.42    2655.84    2655.84    2638.94    2638.94    1423.58    1423.58    1782.97    1782.97    3094.96    3094.96    1657.83    1657.83     733.48     733.48
 3    3537.00    2607.65    2708.67    1649.15    1635.07    2253.63    2639.55    6735.30    5358.69    2857.88    1695.66     450.89    1152.28    3205.33    4586.41    4213.67    4304.12    3891.34    3440.61    4541.20    5147.89    5252.51    3603.66    2698.91    1882.79    1261.99    1283.63
 4    1379.00    1354.25    1481.49    2113.71    2770.07    4294.51    3808.87    2850.95    1659.77     838.03    1386.20    3158.01    3431.63    3085.67    3329.79    2657.95    2373.31    3488.35    3419.43    2911.30    2482.75    1912.87    1150.74     872.58     841.34    1260.59    1754.68
 1    4109.00    6735.50    6735.50    6790.94    6790.94    5456.68    5456.68    5708.01    5708.01    9735.26    9735.26    5642.87    5642.87    7805.03    7805.03    5144.37    5144.37    7883.11    7883.11   10960.03   10960.03    4614.46    4614.46    1833.68    1833.68    3373.06    3373.06
 2     783.00    1282.95    1282.95    1293.51    1293.51    1039.37    1039.37    1087.24    1087.24    1854.34    1854.34    1074.83    1074.83    1486.67    1486.67     979.88     979.88    1501.54    1501.54    2087.62    2087.62     878.94     878.94     349.27     349.27     642.49     642.49
 3    3537.00    3697.10    3857.19    2019.83    2000.93    2307.11    2731.86    3604.77    3646.32    3371.03    3385.52    3349.84    3628.43    3621.25    3649.70    2656.70    3173.53    3029.72    2556.68    3095.16    2350.30    1635.15    1651.09    1486.27    1769.14    1961.92    2269.84
 4    1379.00    1815.83    1659.02    1845.98    2371.16    2192.18    1977.03    2350.66    2217.10    2188.19    2389.27    1965.65    2243.13    1931.44    1491.51    1553.87    1888.75    2135.53    1655.92    1241.41    1078.26    1066.02    1169.93    1169.76    1476.80    2877.65    3415.10
 1    4109.00    5239.54    5239.54    3561.10    3561.10   11882.18   11882.18   14724.86   14724.86    7799.02    7799.02    2847.31    2847.31    2136.29    2136.29    2180.64    2180.64    3410.48    3410.48    3338.87    3338.87    6194.96    6194.96    7118.50    7118.50    7367.98    7367.98
 2     783.00     998.01     998.01     678.30     678.30    2263.27    2263.27    2804.74    2804.74    1485.53    1485.53     542.34     542.34     406.91     406.91     415.36     415.36     649.62     649.62     635.98     635.98    1179.99    1179.99    1355.90    1355.90    1403.42    1403.42
 3    3537.00    3049.80    3235.88    1979.70    2314.59    3314.36    3041.15    3096.18    2168.60    1441.16    1089.40     841.83     972.60     834.75     936.97    1025.18    1671.50    1553.65    1856.85    2170.05    1937.16    1893.17    1709.90    1915.57    1879.28    1812.26    2286.91
 4    1379.00    1641.00    1783.72    2200.43    2418.44    1981.39    1718.88    1219.36    1044.07     778.13     866.27     709.86     677.60     723.91    1046.57    1093.24    1128.09    1201.59    1211.96     980.45     912.64    1274.70    1402.88    1531.75    1661.98    1277.62    1341.35
 1    4109.00    6705.47    6705.47    4406.56    4406.56    7682.14    7682.14    6862.09    6862.09    9774.07    9774.07   10437.97   10437.97    9274.19    9274.19    7974.58    7974.58    7112.49    7112.49    9410.48    9410.48   12492.48   12492.48    5817.97    5817.97   11523.67   11523.67
 2     783.00    1277.23    1277.23     839.34     839.34    1463.26    1463.26    1307.06    1307.06    1861.73    1861.73    1988.18    1988.18    1766.51    1766.51    1518.97    1518.97    1354.76    1354.76    1792.47    1792.47    2379.52    2379.52    1108.18    1108.18    2194.98    2194.98
 3    3537.00    1958.94    1907.86    1907.30    1845.95    2724.04    3232.63    3870.39    4663.49    4814.25    4917.95    5092.00    4131.10    4373.13    3258.98    2892.38    2426.46    1921.14    2195.74    1878.01    2675.01    2866.15    1856.27    1348.86    2303.91    3177.53    3430.65
 4    1379.00    1554.99    1484.47    1829.21    2130.98    3129.67    3023.66    3668.57    3396.26    2721.55    2552.01    2302.96    1918.57    1710.42    1476.90    1284.29    1465.55    1535.09    1862.84    1877.47    1697.33    1418.54    2074.56    2837.70    2391.88    1916.90    1494.20
 1    4109.00    3317.16    3317.16    5690.45    5690.45    5205.82    5205.82    7829.98    7829.98    4526.21    4526.21    3201.66    3201.66    5145.29    5145.29    4389.46    4389.46    4617.69    4617.69    5639.63    5639.63    2871.33    2871.33    3398.01    3398.01    5050.58    5050.58
 2     783.00     631.84     631.84    1083.90    1083.90     991.58     991.58    1491.42    1491.42     862.14     862.14     609.84     609.84     980.06     980.06     836.09     836.09     879.56     879.56    1074.22    1074.22     546.92     546.92     647.24     647.24     962.02     962.02
 3    3537.00    2037.74    2269.61    2460.95    2737.26    2027.91    2576.17    2575.40    1611.66    1754.72    1537.79    1163.42    1323.63    1542.14    1937.07    2068.85    2430.06    2402.79    2485.99    2263.57    1905.11    1852.07    1923.64    2019.38    2831.86    3189.88    3252.82
 4    1379.00    1667.57    1780.35    1818.57    1666.57    1361.72    1163.04     945.07     772.29     809.58     932.88    1040.72    1566.60    1470.79    1456.20    1450.58    1358.96    1352.92    1105.14    1082.97     966.45    1357.66    1703.71    2097.93    1708.57    1732.38    2075.41
 1    4109.00    4747.97    4747.97   13609.13   13609.13    8578.88    8578.88   15598.04   15598.04    5666.43    5666.43    3172.09    3172.09    4664.35    4664.35    4385.30    4385.30    6460.61    6460.61    5174.86    5174.86    6734.11    6734.11    5020.09    5020.09    6567.33    6567.33
 2     783.00     904.38     904.38    2592.22    2592.22    1634.07    1634.07    2971.06    2971.06    1079.32    1079.32     604.21     604.21     888.45     888.45     835.30     835.30    1230.59    1230.59     985.69     985.69    1282.69    1282.69     956.21     956.21    1250.92    1250.92
 3    3537.00    2954.47    3090.36    2379.15    1719.69    1733.94    2384.95    2410.37    1847.54     876.58     995.55    1300.48    1739.53    1796.03    2020.68    2032.06    2475.63    3672.09    3245.05    3010.75    3512.50    3357.73    3308.16    2974.41    3151.41    3228.30    3218.48
 4    1379.00    1416.91    1653.16    2221.66    2335.84    1857.07    1565.83    1229.63    1002.52    1272.69    1346.99    1143.17    1216.24    1337.76    1787.34    1993.26    1985.05    2188.34    1841.00    1756.58    1851.51    1843.13    2041.91    2157.78    1974.70    1598.29    1379.25
 1    4109.00    3951.95    3951.95    6951.71    6951.71    5513.97    5513.97    6036.95    6036.95    1799.49    1799.49    2103.95    2103.95    3789.32    3789.32    8663.89    8663.89   12958.64   12958.64    5263.10    5263.10   15404.47   15404.47   15189.64   15189.64   11023.32   11023.32
 2     783.00     752.75     752.75    1324.14    1324.14    1050.28    1050.28    1149.90    1149.90     342.76     342.76     400.75     400.75     721.78     721.78    1650.26    1650.26    2468.31    2468.31    1002.50    1002.50    2934.18    2934.18    2893.26    2893.26    2099.68    2099.68
 3    3537.00    1800.84    1927.02    2265.96    1951.01    1713.08    1701.55    1701.55    1563.81    1277.84    1271.70    1719.39    1991.56    1914.04    1928.47    2303.02    2018.30    1745.26    1654.19     594.43     931.46    1903.38    2455.22    2827.55    3226.11    2502.45    2187.07
 4    1379.00    1495.82    1411.86    1349.91    1374.65    1285.49    1071.52    1071.52     671.52     944.04    1150.08    1192.44     996.56     986.91    1479.42    1437.01    1168.35     856.82    1073.70    1860.73    2907.20    3288.07    2719.10    2240.12    1963.86    1693.58    1507.23
 1    4109.00    3602.68    3602.68    4151.07    4151.07    8027.71    8027.71   13484.39   13484.39    7062.59    7062.59    5933.93    5933.93    5813.35    5813.35    7920.99    7920.99   13050.58   13050.58   18715.62   18715.62    8183.41    8183.41    7605.44    7605.44    6930.00    6930.00
 2     783.00     686.22     686.22     790.68     790.68    1529.09    1529.09    2568.46    2568.46    1345.26    1345.26    1130.27    1130.27    1107.30    1107.30    1508.76    1508.76    2485.82    2485.82    3564.88    3564.88    1558.74    1558.74    1448.66    1448.66    1320.00    1320.00
 3    3537.00    1657.28    1949.21    2243.26    2745.48    6645.47    8374.67    7979.86    6063.69    4947.06    3581.78    2894.11    2833.90    2580.22    2644.59    2363.70    1949.97    3285.56    3937.55    3562.97    3527.77    3020.41    2656.60    2358.92    2387.39    2857.80    2668.99
 4    1379.00    1313.72    2543.84    5489.15    5155.28    4505.32    3098.98    2328.33    1676.24    1472.85    1392.75    1481.04    1459.46    1410.54    1802.26    2899.77    2756.71    2622.71    2916.12    2893.90    2117.77    1417.53    1748.52    1672.68    1750.71    1743.42    1726.06
 1    4109.00    3749.13    3749.13    3298.68    3298.68    2884.27    2884.27    6397.78    6397.78    1525.52    1525.52    3310.69    3310.69    3453.91    3453.91    3410.48    3410.48    4540.54    4540.54    8260.56    8260.56    7851.69    7851.69    3876.18    3876.18    2727.19    2727.19
 2     783.00     714.12     714.12     628.32     628.32     549.38     549.38    1218.62    1218.62     290.58     290.58     630.61     630.61     657.89     657.89     649.62     649.62     864.86     864.86    1573.44    1573.44    1495.56    1495.56     738.32     738.32     519.46     519.46
 3    3537.00    2308.46    2709.54    1911.31    1983.30    1885.63    2099.11    1697.44    1827.65    1577.18    1956.02    1921.80    1428.12    1418.27    1334.56    1414.76    1587.87    1709.88    1889.15    2466.13    2340.64    2742.29    2044.40    2481.10    2337.66    2624.82    2319.51
 4    1379.00    1237.28    1244.74    1197.79    1219.04    1107.19    1170.72    1166.21    1074.78     956.23     810.01     687.35     700.54     803.60    1109.72    1060.70    1475.83    1784.46    1936.03    1747.13    1480.17    1439.58    1246.95    1363.84    1293.23    1200.81    1518.82
 1    4109.00    3433.12    3433.12    8817.73    8817.73   16360.34   16360.34    8769.22    8769.22    4735.96    4735.96   13085.23   13085.23   10479.55   10479.55   14887.03   14887.03    2324.78    2324.78    1770.38    1770.38    1282.97    1282.97    8240.23    8240.23    9964.88    9964.88
 2     783.00     653.93     653.93    1679.57    1679.57    3116.26    3116.26    1670.33    1670.33     902.09     902.09    2492.42    2492.42    1996.10    1996.10    2835.62    2835.62     442.82     442.82     337.22     337.22     244.38     244.38    1569.57    1569.57    1898.07    1898.07
 3    3537.00    1435.49    1547.35    1817.17    1725.78    1264.04    1322.98     454.37     388.28     529.72     843.28    1073.70     889.05    1425.28    1766.02    1673.72    1368.93    1009.59    1101.37    1107.00    1634.84    1643.21    1595.54    2827.09    3876.28    3264.00    3113.52
 4    1379.00    1246.42    1299.45    1275.93    1376.34    1264.63     989.84     961.64    1166.48    1085.87    1142.30    1935.98    1872.63    1681.38    1411.71    1247.28    1119.28     965.73     974.93     927.32    1046.47    1865.52    2159.60    2337.36    2254.49    2502.99    2387.82
 1    4109.00    4272.11    4272.11    3985.21    3985.21    3868.79    3868.79    3687.22    3687.22    5962.57    5962.57    9375.37    9375.37   10589.04   10589.04    6847.30    6847.30    5718.17    5718.17   11600.82   11600.82    8952.17    8952.17    3386.46    3386.46    2140.91    2140.91
 2     783.00     813.74     813.74     759.09     759.09     736.91     736.91     702.33     702.33    1135.73    1135.73    1785.78    1785.78    2016.96    2016.96    1304.25    1304.25    1089.18    1089.18    2209.68    2209.68    1705.18    1705.18     645.04     645.04     407.79     407.79
 3    3537.00    2642.12    2803.23    1739.70    1970.35    2067.53    1794.45    1770.60    2422.94    2835.73    3025.09    3563.18    3895.89    4059.91    3464.86    2554.18    2622.62    2569.26    2555.18    3563.21    3225.57    2474.57    1903.65    1310.03    1148.84    1484.33    1227.10
 4    1379.00    1418.85    1373.64    1321.84    1100.78    1116.75    1741.44    1966.56    2085.85    2296.14    2658.74    2884.42    2097.01    1590.34    1551.73    1462.56    1817.12    2480.31    2230.61    1890.52    1239.71     899.93     760.97     660.95     730.02    1110.57    1159.05
 1    4109.00    4005.54    4005.54    5059.82    5059.82    5758.83    5758.83    5713.55    5713.55    2863.94    2863.94    7898.35    7898.35    8546.08    8546.08    6990.52    6990.52    5273.73    5273.73    4258.72    4258.72    6784.93    6784.93    4584.89    4584.89    1953.80    1953.80
 2     783.00     762.96     762.96     963.78     963.78    1096.92    1096.92    1088.30    1088.30     545.51     545.51    1504.45    1504.45    1627.82    1627.82    1331.53    1331.53    1004.52    1004.52     811.18     811.18    1292.37    1292.37     873.31     873.31     372.15     372.15
 3    3537.00    3023.23    3776.33    2065.79    1732.30    1981.42    1532.85    1281.44     952.58    1500.67    2532.20    4015.89    3935.84    3876.45    2572.09    2374.57    1866.39    1640.64    1818.55    1476.67    2090.98    1858.71    1747.26    1668.91    2034.91    2052.37    2703.86
 4    1379.00    1362.27    1367.64    1255.27    1008.18     871.10     690.54    1070.68    2381.65    2584.18    2256.01    1891.35    1623.16    1386.10    1067.03    1079.64    1222.87    1128.16    1322.57    1186.12    1229.51    1393.67    1178.17    1012.63    2020.77    5150.26    5640.61
 1    4109.00    2445.83    2445.83    3386.46    3386.46    8573.33    8573.33    4739.20    4739.20    5111.57    5111.57    3417.88    3417.88    3860.47    3860.47    1450.22    1450.22    1933.93    1933.93    4188.49    4188.49    5784.70    5784.70    6639.86    6639.86    3095.86    3095.86
 2     783.00     465.87     465.87     645.04     645.04    1633.02    1633.02     902.70     902.70     973.63     973.63     651.02     651.02     735.33     735.33     276.23     276.23     368.37     368.37     797.81     797.81    1101.85    1101.85    1264.74    1264.74     589.69     589.69
 3    3537.00    1529.02    1656.05    2088.17    2267.24    2764.35    2727.37    2374.85    1877.10    2369.91    2202.23    2135.45    2382.65    2102.83    2115.86    2345.15    1973.25    1889.75    2301.90    2816.71    3542.29    3322.95    3435.62    3400.82    3104.84    3055.62    2505.95
 4    1379.00    1507.19    1467.12    1665.11    1702.11    1507.03    1340.59    1425.09    1318.71    1485.43    1350.07    1154.63    1157.74     967.78     849.49    1177.60    1359.11    1665.55    1741.58    1783.93    2095.48    1771.71    1822.10    1565.93    1066.04    1082.85    1054.11
 1    4109.00    2442.13    2442.13    4422.26    4422.26    6177.40    6177.40    3386.92    3386.92    4522.98    4522.98    2909.21    2909.21    1308.85    1308.85    2100.25    2100.25    4144.60    4144.60    8820.50    8820.50    3018.71    3018.71    6750.28    6750.28   10836.21   10836.21
 2     783.00     465.17     465.17     842.34     842.34    1176.65    1176.65     645.13     645.13     861.52     861.52     554.14     554.14     249.30     249.30     400.05     400.05     789.45     789.45    1680.10    1680.10     574.99     574.99    1285.77    1285.77    2064.04    2064.04
 3    3537.00    1611.84    1745.00    2005.12    2348.32    2365.43    2390.19    2114.07    1868.99    2186.70    2177.44    2177.44    1686.80    1203.68    1232.55    1613.92    2038.06    2347.44    2938.74    3613.90    3239.91    3015.12    3859.13    4433.30    4494.96    4853.74    5217.06
 4    1379.00    1428.97    1364.18    1604.20    1410.34    1322.73    1468.14    1085.87    1062.30    1021.56     944.05     944.05     719.24     909.63    1272.96    1451.25    1816.68    2239.54    2037.18    1822.38    2325.04    2693.63    2611.57    3331.25    3230.37    2711.15    2338.81
 1    4109.00    3790.25    3790.25    4100.71    4100.71    6798.79    6798.79    6500.34    6500.34    6368.21    6368.21    9066.29    9066.29    6212.05    6212.05    6413.95    6413.95    9418.79    9418.79    7604.06    7604.06    4569.64    4569.64   13540.30   13540.30   14580.72   14580.72
 2     783.00     721.95     721.95     781.09     781.09    1295.01    1295.01    1238.16    1238.16    1212.99    1212.99    1726.91    1726.91    1183.25    1183.25    1221.70    1221.70    1794.06    1794.06    1448.39    1448.39     870.41     870.41    2579.10    2579.10    2777.28    2777.28
 3    3537.00    1470.32    1911.04    2136.09    2679.55    2469.67    2599.02    3106.78    3743.95    3932.23    3302.57    3203.04    2937.61    2781.85    2008.56    2304.18    2112.76    2556.38    3196.91    3279.53    3250.60    3709.25    5750.81    6796.89    6060.84    5011.32    3900.94
 4    1379.00    1342.41    1579.98    1720.14    2014.39    2306.29    2555.72    2187.22    1989.37    2006.64    1692.19    1703.69    1381.58    1432.21    1594.26    1906.57    2080.03    2458.98    2024.64    2608.25    4038.11    4300.43    3737.55    2478.53    1944.00    1531.08    1863.30
 1    4109.00    3049.66    3049.66    7386.46    7386.46    7338.41    7338.41    5117.11    5117.11    1610.99    1610.99    3767.15    3767.15    5659.04    5659.04    3976.90    3976.90    4200.97    4200.97    2090.09    2090.09    3985.21    3985.21    6470.77    6470.77    6176.48    6176.48
 2     783.00     580.89     580.89    1406.94    1406.94    1397.79    1397.79     974.69     974.69     306.86     306.86     717.55     717.55    1077.91    1077.91     757.50     757.50     800.18     800.18     398.11     398.11     759.09     759.09    1232.53    1232.53    1176.47    1176.47
 3    3537.00    1999.43    1869.55    2015.69    2028.66    2423.90    2151.52    1782.76    1365.98    1176.04    1467.06    1921.13    2010.18    2236.29    2333.46    1741.15    1675.32    1675.32    1444.44    1219.76    1141.25    1679.51    2771.00    3119.18    3858.73    4122.04    4295.45
 4    1379.00    1446.47    1479.80    1708.12    1489.63    1091.37     851.97     817.86     866.62    1063.93    1544.36    1645.14    1272.09    1024.86     879.44     815.74     746.05     746.05     802.47    1426.15    1981.43    2013.84    2669.88    2785.82    2440.93    2046.72    1603.17
 1    4109.00    4850.54    4850.54    4086.39    4086.39    9593.43    9593.43    7767.61    7767.61    3514.90    3514.90    6816.35    6816.35   17233.99   17233.99   13929.30   13929.30    4504.50    4504.50    5636.86    5636.86   10388.53   10388.53    3323.63    3323.63    7220.14    7220.14
 2     783.00     923.91     923.91     778.36     778.36    1827.32    1827.32    1479.54    1479.54     669.50     669.50    1298.35    1298.35    3282.66    3282.66    2653.20    2653.20     858.00     858.00    1073.69    1073.69    1978.77    1978.77     633.07     633.07    1375.26    1375.26
 3    3537.00    2188.02    2328.29    2151.85    2255.82    2707.81    3048.84    2855.75    2236.87    1679.01    2221.63    3595.71    5249.38    5045.99    4848.00    3810.47    2971.77    2238.01    2501.24    2099.15    1683.58    1828.10    1417.85     978.99     921.93    1161.80    2326.55
 4    1379.00    1617.46    1714.91    1839.98    2246.08    1820.08    1345.33    1159.22    1692.72    2565.93    3322.13    3361.91    3048.02    2606.07    2228.40    1735.25    1385.81    1089.38    1139.59     997.63     896.25     884.63     930.90    1180.01    1694.08    1722.65    1632.66
 1    4109.00    4488.79    4488.79    5947.33    5947.33    5670.59    5670.59    9318.54    9318.54    6291.98    6291.98    2435.66    2435.66    4398.70    4398.70    6694.84    6694.84    8996.53    8996.53   10271.65   10271.65    8212.97    8212.97    4500.34    4500.34    5025.64    5025.64
 2     783.00     855.01     855.01    1132.82    1132.82    1080.11    1080.11    1774.96    1774.96    1198.47    1198.47     463.94     463.94     837.85     837.85    1275.21    1275.21    1713.62    1713.62    1956.50    1956.50    1564.38    1564.38     857.21     857.21     957.26     957.26
 3    3537.00    1621.39    2144.83    2329.22    2628.16    2412.56    2094.93    2072.96    2219.93    1598.18    1668.46    1336.95    1580.38    1831.28    2619.51    2546.65    3223.33    3150.82    3933.93    3447.63    2348.39    2035.93    2321.29    2671.63    2083.33    2960.43    3700.71
 4    1379.00    1507.23    1518.06    1617.75    1569.02    1522.42    1399.65    1231.82    1152.58     983.50     996.14    1121.24    1755.36    2106.66    2164.43    2490.10    2331.71    1959.38    1605.01    1504.23    1535.84    1386.85    1654.74    2307.75    2328.47    2593.98    2459.04
 1    4109.00    4120.58    4120.58    2661.12    2661.12    4258.25    4258.25    4162.62    4162.62    1948.72    1948.72    2763.22    2763.22    2984.52    2984.52    3136.06    3136.06    5717.71    5717.71    7995.83    7995.83    5445.13    5445.13    8670.35    8670.35    7886.34    7886.34
 2     783.00     784.87     784.87     506.88     506.88     811.10     811.10     792.88     792.88     371.18     371.18     526.33     526.33     568.48     568.48     597.34     597.34    1089.09    1089.09    1523.02    1523.02    1037.17    1037.17    1651.50    1651.50    1502.16    1502.16
 3    3537.00    1533.83    1537.36    2497.60    2378.96    2284.62    2271.05    2015.59    1922.81    1679.48    2378.18    1966.98    2006.74    2555.53    2378.01    2532.01    2388.23    4440.80    5403.59    5850.41    5145.61    4626.99    4071.94    4074.78    3235.31    3436.59    3323.46
 4    1379.00    1559.20    1466.71    1554.65    1289.03    1019.59     879.24    1053.52    1186.86    1198.47    1543.42    1348.73    1084.44     904.02    1381.49    3224.21    3581.65    3063.75    2774.55    2536.25    2094.42    1682.75    1940.57    2294.12    2032.34    1530.37    1424.83
 1    4109.00   12784.00   12784.00    7373.06    7373.06   15034.40   15034.40   15300.98   15300.98    9481.63    9481.63   10184.79   10184.79    8430.11    8430.11    4783.55    4783.55    7305.14    7305.14   19750.50   19750.50   12100.24   12100.24    8668.51    8668.51    4929.08    4929.08
 2     783.00    2435.05    2435.05    1404.39    1404.39    2863.70    2863.70    2914.47    2914.47    1806.02    1806.02    1939.96    1939.96    1605.74    1605.74     911.15     911.15    1391.46    1391.46    3762.00    3762.00    2304.81    2304.81    1651.14    1651.14     938.87     938.87
 3    3537.00    2985.38    2520.43    1053.94    1290.00    2788.73    3228.94    2927.81    3496.65    3250.24    3324.21    2648.11    2707.41    2236.25    2195.47    2400.57    2394.50    2809.59    3550.08    3905.75    3426.75    3177.26    3053.20    2513.97    2197.26    2082.46    2378.30
 4    1379.00    1566.45    1667.89    2282.74    2566.60    2842.58    3622.20    2895.58    2046.46    1542.91    1730.62    1808.02    1747.22    1767.71    1624.58    1720.92    2836.15    2823.69    2827.89    2813.26    2427.30    1904.41    1508.87    1388.41    1208.37     905.25     793.07
 1    4109.00    1884.50    1884.50    3075.07    3075.07    5991.68    5991.68    9086.15    9086.15   10389.46   10389.46   14828.35   14828.35    8541.92    8541.92    3193.81    3193.81    3006.70    3006.70    3088.01    3088.01    5691.84    5691.84    6656.96    6656.96    7016.86    7016.86
 2     783.00     358.95     358.95     585.73     585.73    1141.27    1141.27    1730.70    1730.70    1978.94    1978.94    2824.45    2824.45    1627.03    1627.03     608.34     608.34     572.70     572.70     588.19     588.19    1084.16    1084.16    1267.99    1267.99    1336.54    1336.54
 3    3537.00    1647.47    1785.13    2070.77    2554.78    2863.88    4011.79    4552.77    4004.53    3511.06    3246.89    2508.14    1586.31    1088.13    1126.13     846.78    1068.99    1600.45    1984.80    2740.90    3229.40    3017.65    2875.60    2532.62    2687.55    2154.61    3397.38
 4    1379.00    1558.34    1665.70    1801.89    2881.74    2798.62    2481.70    2151.85    1848.09    1669.61    1373.40    1258.25    1317.49    1109.18    1017.89    1198.86    1422.46    1873.22    1885.23    1676.14    1214.00    1410.65    1476.37    1863.36    3034.91    2783.05    2630.60
 1    4109.00     990.99     990.99    3510.74    3510.74    4796.48    4796.48    5764.84    5764.84    3635.02    3635.02    2193.11    2193.11    2472.62    2472.62    2430.12    2430.12    9975.97    9975.97   10849.61   10849.61    7650.26    7650.26    8138.13    8138.13    9232.61    9232.61
 2     783.00     188.76     188.76     668.71     668.71     913.62     913.62    1098.06    1098.06     692.38     692.38     417.74     417.74     470.98     470.98     462.88     462.88    1900.18    1900.18    2066.59    2066.59    1457.19    1457.19    1550.12    1550.12    1758.59    1758.59
 3    3537.00    1877.27    1714.09    2277.96    2858.71    3186.16    3853.75    4177.64    3421.94    3285.75    3434.96    2756.95    2416.20    2403.85    2234.41    2210.32    3336.54    3863.22    3746.46    4373.13    4195.32    3589.29    3282.03    2040.76    2190.52    1985.81    1632.51
 4    1379.00    1427.35    1619.51    2187.81    2580.95    2403.27    1947.65    1528.64    1399.48    1325.84    1289.55    1004.49     894.45    1343.05    2057.38    2396.88    2632.61    2925.74    2588.94    2489.69    1774.18    1437.54    1547.12    1235.35    1222.91    1306.67    1603.13
 1    4109.00    3424.81    3424.81    3491.33    3491.33    4964.19    4964.19    7854.00    7854.00    7539.38    7539.38    8978.05    8978.05    4152.46    4152.46    8959.57    8959.57   12070.21   12070.21   13346.26   13346.26    6080.38    6080.38    5448.83    5448.83    3866.94    3866.94
 2     783.00     652.34     652.34     665.02     665.02     945.56     945.56    1496.00    1496.00    1436.07    1436.07    1710.10    1710.10     790.94     790.94    1706.58    1706.58    2299.09    2299.09    2542.14    2542.14    1158.17    1158.17    1037.87    1037.87     736.56     736.56
 3    3537.00    1988.93    1837.35    2062.97    2573.49    2317.17    2674.63    2799.04    2808.17    2662.32    2581.48    2044.83    1767.02    1226.28    2453.14    2969.87    2309.26    2284.85    2324.04    2300.56    2003.49    1542.64    1415.85    1540.99    1801.02    1293.85    1523.44
 4    1379.00    1677.83    1515.96    1393.55    1511.35    1645.35    1654.70    1753.19    1765.65    1373.32    1174.96    1230.50    1942.52    1890.10    1623.89    1702.58    1961.07    1882.95    1750.01    1605.99    1347.07    1245.78    1117.06     983.63    1107.24    1108.42    1498.89
 1    4109.00    6342.80    6342.80    4153.38    4153.38    7096.78    7096.78    9516.74    9516.74    8389.92    8389.92    4628.78    4628.78   12334.01   12334.01    8717.94    8717.94    6177.86    6177.86    3393.39    3393.39    4100.71    4100.71    3567.56    3567.56    2902.75    2902.75
 2     783.00    1208.15    1208.15     791.12     791.12    1351.77    1351.77    1812.71    1812.71    1598.08    1598.08     881.67     881.67    2349.34    2349.34    1660.56    1660.56    1176.74    1176.74     646.36     646.36     781.09     781.09     679.54     679.54     552.90     552.90
 3    3537.00    1658.62    1675.19    1777.28    2309.61    2411.39    2604.02    2292.71    2139.15    1483.84    1578.38    2228.48    2995.72    3679.52    2874.02    2280.45    2168.72    2127.52    2041.12    1751.65    1784.83    1789.65    1700.97    1768.00    2088.54    2088.54    2088.54
 4    1379.00    1405.46    1392.10    1723.86    1927.00    1709.17    1170.19    1032.41    1126.40    1938.02    2711.09    2164.00    1794.90    1698.85    1721.41    1526.55    1370.74    1184.16    1007.78    1036.41    1304.38    1347.60    1181.68    1184.73    1240.82    1240.82    1240.82
 1    4109.00    5397.55    5397.55    4488.33    4488.33    6212.98    6212.98    6068.37    6068.37    5965.81    5965.81    8583.04    8583.04    9014.54    9014.54   13008.53   13008.53    3993.07    3993.07    7217.36    7217.36   12961.41   12961.41   11484.40   11484.40    9427.57    9427.57
 2     783.00    1028.10    1028.10     854.92     854.92    1183.42    1183.42    1155.88    1155.88    1136.34    1136.34    1634.86    1634.86    1717.06    1717.06    2477.82    2477.82     760.58     760.58    1374.74    1374.74    2468.84    2468.84    2187.50    2187.50    1795.73    1795.73
 3    3537.00    1647.65    1742.53    2059.70    1827.18    2554.25    2981.78    2395.59    2385.33    2326.95    1887.45    1929.35    2267.92    2237.87    3001.38    2756.40    2260.51    1285.53    2005.77    2953.45    3478.45    3801.50    3262.30    2165.15    1769.38    2095.27    1678.73
 4    1379.00    1447.59    1567.99    1805.97    1980.95    1570.77    1310.44    1033.84    1047.95    1645.00    1547.74    1898.81    2333.76    1977.61    1483.13    1195.78    1598.20    2121.76    2576.05    2307.13    1902.33    1660.73    1637.89    1646.64    1561.13    1342.22    1636.04
 1    4109.00    3605.45    3605.45    4980.36    4980.36    7661.35    7661.35   11591.58   11591.58   10544.69   10544.69    8727.18    8727.18    4209.74    4209.74    4757.68    4757.68    3927.92    3927.92    4867.63    4867.63    6876.41    6876.41    6198.65    6198.65    9575.87    9575.87
 2     783.00     686.75     686.75     948.64     948.64    1459.30    1459.30    2207.92    2207.92    2008.51    2008.51    1662.32    1662.32     801.86     801.86     906.22     906.22     748.18     748.18     927.17     927.17    1309.79    1309.79    1180.70    1180.70    1823.98    1823.98
 3    3537.00    1766.20    2071.49    1939.77    2354.26    2398.74    2116.73    3134.28    3088.84    2495.60    2039.98    2052.11    1645.76    1791.29    1714.29    2313.12    2453.82    2933.88    3397.52    3631.77    3364.98    3495.31    3569.02    3515.55    3663.63    4016.34    3607.54
 4    1379.00    1409.22    1576.49    1431.20    1533.88    2419.36    1968.16    1850.10    1718.73    1634.60    1426.21    1217.11    1364.05    1496.88    1811.01    2053.81    2199.34    1807.68    1714.02    1706.94    2314.75    2205.57    2063.80    2073.69    1771.72    1392.19    1590.57
 1    4109.00    4838.53    4838.53    7124.50    7124.50    4358.05    4358.05   10286.43   10286.43    7428.04    7428.04    3436.82    3436.82    3845.23    3845.23    7215.05    7215.05    4466.15    4466.15    2321.55    2321.55    3283.43    3283.43    4092.86    4092.86    7556.47    7556.47
 2     783.00     921.62     921.62    1357.05    1357.05     830.10     830.10    1959.32    1959.32    1414.86    1414.86     654.63     654.63     732.42     732.42    1374.30    1374.30     850.70     850.70     442.20     442.20     625.42     625.42     779.59     779.59    1439.33    1439.33
 3    3537.00    1697.49    1636.28    1751.40    1835.37    1673.49    1689.17    2263.57    2183.63    2260.31    1766.66    1901.23    2158.03    2260.45    3104.49    3195.72    2856.71    2029.75    1498.89    1343.27    1374.40    2034.64    2971.34    3106.56    3472.77    3752.93    3429.21
 4    1379.00    1460.79    1533.81    1266.64    1300.21    1578.00    1876.83    1486.23    1494.67    1301.93    1185.99    1491.28    1836.92    1706.43    1370.19     933.88     849.61     741.71     867.00    1783.20    1993.86    1922.78    2159.09    2039.09    1656.10    1392.32    1207.66
 1    4109.00    7334.25    7334.25    6915.68    6915.68    6992.37    6992.37    5472.85    5472.85    4429.66    4429.66    4273.96    4273.96    3692.77    3692.77    5170.24    5170.24    7179.48    7179.48   12443.05   12443.05   12592.73   12592.73    8009.23    8009.23    8082.69    8082.69
 2     783.00    1397.00    1397.00    1317.27    1317.27    1331.88    1331.88    1042.45    1042.45     843.74     843.74     814.09     814.09     703.38     703.38     984.81     984.81    1367.52    1367.52    2370.10    2370.10    2398.62    2398.62    1525.57    1525.57    1539.56    1539.56
 3    3537.00    2989.23    2922.97    1477.52    1440.26    1501.71    1865.58    1641.81    1882.85    1518.63    1927.30    1886.15    1944.38    1805.18    2643.54    3198.77    3975.93    4466.20    6016.41    5728.37    5482.85    4877.39    4417.05    3494.53    2977.53    2533.62    2404.45
 4    1379.00    1443.60    1514.70    1449.14    1452.81    1221.56    1256.86    1146.44    1098.06    1326.72    1276.13    1325.93    1844.01    2256.62    2706.03    3076.78    3381.70    3108.52    3272.21    3071.04    2690.68    2288.21    1918.68    1483.54    1359.75    1300.76    1129.31
 1    4109.00    6598.28    6598.28    5606.37    5606.37    4858.39    4858.39    4910.14    4910.14    2860.24    2860.24    2928.62    2928.62    8030.95    8030.95    7896.04    7896.04    2706.86    2706.86    4340.95    4340.95    2571.03    2571.03    4674.52    4674.52    6632.47    6632.47
 2     783.00    1256.82    1256.82    1067.88    1067.88     925.41     925.41     935.26     935.26     544.81     544.81     557.83     557.83    1529.70    1529.70    1504.01    1504.01     515.59     515.59     826.85     826.85     489.72     489.72     890.38     890.38    1263.33    1263.33
 3    3537.00    2746.60    2872.69    1554.00    1525.28    2264.67    2021.05    1748.24    1243.55    1275.31    1236.45    1261.81    1458.59    1466.95    1431.83    1197.60     942.42     669.10     989.71    1174.67    1177.99    1138.56    1581.85    1453.85    1685.32    2709.18    4524.50
 4    1379.00    1416.89    1462.77    1648.34    1219.38     955.64     759.00     792.11     811.27     876.11    1034.37     919.07    1092.93    1208.71     970.67     710.00     800.19     826.18     854.07     898.36     844.90     699.14     981.67    2123.89    3875.27    3926.93    4605.22
 1    4109.00    6513.74    6513.74    6316.00    6316.00    7021.01    7021.01    4244.86    4244.86    4504.96    4504.96    9543.53    9543.53    3400.78    3400.78    6549.77    6549.77    6820.97    6820.97    5101.87    5101.87    4206.97    4206.97    2940.63    2940.63    3177.17    3177.17
 2     783.00    1240.71    1240.71    1203.05    1203.05    1337.34    1337.34     808.54     808.54     858.09     858.09    1817.82    1817.82     647.77     647.77    1247.58    1247.58    1299.23    1299.23     971.78     971.78     801.33     801.33     560.12     560.12     605.18     605.18
 3    3537.00    2386.56    3039.77    1667.64    1504.93    1751.32    2217.47    2246.77    2622.34    3819.90    4570.14    4514.14    4100.48    3389.67    2770.27    2572.07    2042.89    1869.92    1477.18    1009.11    1235.90    1205.69     865.38    1374.73    1769.39    2896.07    4230.64
 4    1379.00    1440.94    1337.71    1412.53    1766.93    1738.65    1792.75    2618.26    3015.62    2817.18    2308.86    1789.21    1137.40     923.89    1057.73    1236.47    1026.23     837.66     880.91     835.34     864.59     996.38    1332.27    1861.08    2893.60    3156.86    2800.01
 1    4109.00    4747.51    4747.51    3317.16    3317.16    4407.94    4407.94    4901.36    4901.36    2973.89    2973.89    1744.97    1744.97    2081.77    2081.77    7276.04    7276.04    6602.44    6602.44    5400.78    5400.78    2735.04    2735.04    3896.51    3896.51    7115.26    7115.26
 2     783.00     904.29     904.29     631.84     631.84     839.61     839.61     933.59     933.59     566.46     566.46     332.38     332.38     396.53     396.53    1385.91    1385.91    1257.61    1257.61    1028.72    1028.72     520.96     520.96     742.19     742.19    1355.29    1355.29
 3    3537.00    1483.95    1564.97    1972.48    1909.78    1925.64    2061.99    1662.40    1684.09    1085.12    1114.19    1025.53    1257.10    1629.60    2054.11    2817.65    2361.74    2723.72    2388.75    2308.29    2184.29    1845.63    2134.00    2435.82    2765.76    2763.99    2975.64
 4    1379.00    1486.37    1351.31    1424.75    1077.44    1024.67     879.41     698.94     755.96     672.53     676.70     808.89    1386.80    1688.51    1602.39    1813.01    1648.43    1309.49    1139.74    1147.54    1251.13    1557.68    1784.01    1548.83    1522.81    1622.61    1505.10
 1    4109.00    7429.88    7429.88   13682.59   13682.59    4641.71    4641.71    5776.39    5776.39    4815.43    4815.43    3240.93    3240.93    4449.06    4449.06    6183.87    6183.87    9176.24    9176.24   13647.48   13647.48    6962.34    6962.34    6507.73    6507.73    5811.04    5811.04
 2     783.00    1415.22    1415.22    2606.21    2606.21     884.14     884.14    1100.26    1100.26     917.22     917.22     617.32     617.32     847.44     847.44    1177.88    1177.88    1747.86    1747.86    2599.52    2599.52    1326.16    1326.16    1239.57    1239.57    1106.86    1106.86
 3    3537.00    2977.91    3008.74    2089.74    1449.10    1094.53    1245.82    1415.52    1874.50    2114.43    2251.58    1596.15    1494.34    1538.14    1841.44    2080.41    2702.34    2515.83    2907.46    2469.90    1877.75    1442.75    1550.71    2071.14    2338.99    2339.55    3966.62
 4    1379.00    1444.61    1329.61    1483.02    1237.44    1195.87    1444.56    1546.97    1171.57     994.64     975.40    1254.85    1362.37    1376.40    1597.81    1796.17    1919.98    1663.14    1617.63    1284.35    1316.13    1702.54    1778.22    2023.35    2406.67    2315.63    2330.65
 1    4109.00    5042.27    5042.27    4667.59    4667.59    5865.09    5865.09    8851.46    8851.46    4085.93    4085.93    3876.18    3876.18    7293.59    7293.59   14096.08   14096.08   10629.70   10629.70   12099.32   12099.32    6899.05    6899.05    8538.22    8538.22    7340.72    7340.72
 2     783.00     960.43     960.43     889.06     889.06    1117.16    1117.16    1685.99    1685.99     778.27     778.27     738.32     738.32    1389.26    1389.26    2684.97    2684.97    2024.70    2024.70    2304.63    2304.63    1314.10    1314.10    1626.33    1626.33    1398.23    1398.23
 3    3537.00    1439.90    1454.78    2077.87    2012.38    1822.23    2199.19    2214.41    2058.19    1504.75    1803.09    1796.32    1965.87    3133.59    3438.38    4490.21    3894.64    2528.22    2802.77    2499.99    1897.63    1934.56    2367.74    2548.65    2450.53    1407.51    1046.59
 4    1379.00    1295.10    1243.24    1289.75    1688.73    1552.80    1319.77    1357.76    1362.55    1265.57    1393.95    2166.81    2685.05    2644.61    2358.47    2333.68    2159.18    1769.87    1585.12    1790.02    2323.63    1700.52    1302.46     994.44     913.95     771.22     903.17
 1    4109.00    6045.73    6045.73    5581.42    5581.42    7282.51    7282.51    7790.71    7790.71    5579.11    5579.11    3949.64    3949.64    6693.92    6693.92    5352.73    5352.73    5680.75    5680.75    5311.15    5311.15    8965.57    8965.57   12926.76   12926.76    8343.26    8343.26
 2     783.00    1151.57    1151.57    1063.13    1063.13    1387.14    1387.14    1483.94    1483.94    1062.69    1062.69     752.31     752.31    1275.03    1275.03    1019.57    1019.57    1082.05    1082.05    1011.65    1011.65    1707.73    1707.73    2462.24    2462.24    1589.19    1589.19
 3    3537.00    2754.72    2817.14    1731.00    1674.30    1494.09    1906.60    2402.61    1959.29    2219.68    2448.40    2672.44    3078.16    2892.43    2639.44    2290.81    1800.83    1635.99    1931.82    2663.46    2958.95    2298.07    2343.83    1906.47    1943.94    1803.32    2148.28
 4    1379.00    1385.19    1329.99    1344.55    1440.59    1498.31    1768.39    1918.37    1633.18    1744.95    1912.79    1750.43    1217.01    1093.63    1064.27    1014.11    1441.63    2105.73    1965.93    1598.34    1353.87    1375.83    1749.24    1761.66    1875.64    1926.48    1601.75
 1    4109.00    4071.14    4071.14    2207.44    2207.44    6287.36    6287.36    3445.13    3445.13    3696.00    3696.00    4215.75    4215.75    6929.54    6929.54   12291.97   12291.97    3703.85    3703.85    3060.29    3060.29    5035.80    5035.80    8992.83    8992.83    9418.79    9418.79
 2     783.00     775.46     775.46     420.46     420.46    1197.59    1197.59     656.22     656.22     704.00     704.00     803.00     803.00    1319.91    1319.91    2341.33    2341.33     705.50     705.50     582.91     582.91     959.20     959.20    1712.92    1712.92    1794.06    1794.06
 3    3537.00    1532.15    1615.81    1983.69    2196.97    2420.52    1792.75    1276.36    1551.75    1541.06    1790.30    2015.92    2363.54    2423.29    2711.91    2500.74    1847.40    1374.13    1172.59    1498.44    1872.79    2788.42    3034.28    2555.18    2268.11    2158.07    2276.52
 4    1379.00    1417.48    1318.27    1145.13     949.27    1032.67     973.76     973.41    1236.09    1471.92    1783.64    1534.88    1730.54    1670.41    1337.18     978.20     874.97    1253.47    1357.00    1906.93    1554.34    1418.82    1657.01    1798.46    1710.62    1631.19    1339.28
 1    4109.00    3558.79    3558.79    3356.43    3356.43    5230.76    5230.76    2741.97    2741.97    5033.03    5033.03    5814.73    5814.73    3574.49    3574.49    5389.23    5389.23    3318.08    3318.08    2097.02    2097.02    1869.25    1869.25    5296.83    5296.83    8625.54    8625.54
 2     783.00     677.86     677.86     639.32     639.32     996.34     996.34     522.28     522.28     958.67     958.67    1107.57    1107.57     680.86     680.86    1026.52    1026.52     632.02     632.02     399.43     399.43     356.05     356.05    1008.92    1008.92    1642.96    1642.96
 3    3537.00    1474.85    1752.36    2185.64    2442.44    2397.85    2483.17    2477.94    2155.74    1966.81    2572.88    2017.94    2052.10    1674.93    1742.36    2162.16    1702.40    1996.16    1749.02    1636.78    2707.85    2777.25    3547.70    4374.09    3626.18    2901.38    2280.73
 4    1379.00    1424.00    1576.50    1480.00    1496.89    1300.27    1192.47    1261.78    1400.30    1157.17    1178.38    1021.89    1106.36    1378.46    1271.00    1156.37    1044.16    1278.80    1531.16    1636.09    2120.06    1964.61    1951.40    1316.44     994.08    1054.57    1263.40
 1    4109.00    3439.59    3439.59    8142.29    8142.29   11073.22   11073.22   11842.45   11842.45    9091.70    9091.70    3410.02    3410.02    8049.43    8049.43    8559.94    8559.94    4752.13    4752.13    4528.99    4528.99    6515.12    6515.12    7266.34    7266.34    9137.44    9137.44
 2     783.00     655.16     655.16    1550.91    1550.91    2109.18    2109.18    2255.70    2255.70    1731.75    1731.75     649.53     649.53    1533.22    1533.22    1630.46    1630.46     905.17     905.17     862.66     862.66    1240.98    1240.98    1384.06    1384.06    1740.46    1740.46
 3    3537.00    1996.12    1928.78    1927.36    2490.74    2098.09    1717.34    2298.65    2392.77    1747.00    1913.96    2561.73    2872.52    2668.72    2836.66    2292.21    2065.67    1701.71    1601.09    2001.83    1949.20    2013.67    1815.42    1901.34    1825.05    1716.84    1360.08
 4    1379.00    1665.23    1623.40    1472.93    1753.45    2014.37    1999.15    1778.55    1768.25    1908.38    1910.19    1720.07    1327.97    1153.34    1518.67    1450.90    1263.99    1239.71    1213.34    1432.42    1213.67    1255.75    1266.71    1241.46    1078.78    1409.35    1254.27
