2019 2020 2021 2022 2023 2024 2025 2026 2027 2028 2029 2030 2031 2032 2033 2034 2035 2036 2037 2038 2039 2040 2041 2042 2043 2044 2045
  25959.53   26051.37   28418.16   29977.22   40163.79   58443.46   68261.82   70985.03   55753.56   41567.91   34160.32   27766.61   24460.34   20675.35   19147.04   19397.38   16676.16   12116.12   12600.44   16372.17   23810.04   31446.02   35676.36   42877.61   38649.17   31525.58   28314.94
  26666.73   26817.68   29459.22   31324.76   24738.43   22501.02   27182.61   29891.86   31492.20   33598.68   35191.71   36373.75   35025.28   33364.48   36117.84   36692.01   42114.28   52568.94   57958.33   60578.51   32001.28   13949.23   13460.31   10543.38   11977.51   14466.58   18094.20
  27337.97   27563.26   28570.22   31324.07   29185.64   25057.94   22602.18   21331.05   21670.56   20146.79   20890.97   22389.88   21950.47   20305.05   24141.07   28113.29   23485.65   20803.48   23714.42   26303.38   25277.92   22770.72   20301.79   21514.19   29305.55   36119.19   37912.47
  27375.08   27902.26   32223.93   35764.69   32465.23   28394.86   28501.91   29406.94   37008.50   49135.02   56857.74   64999.03   65944.57   62241.95   62018.09   59023.27   50148.36   43865.13   40156.41   38009.24   35783.20   35606.35   37495.35   35750.22   24578.63   16442.24   17394.57
  27413.16   27422.00   30099.36   32744.37   33768.38   35998.45   39994.02   43540.56   37206.13   31545.03   23941.96   14646.84   17597.54   23415.23   31394.41   37610.41   25819.67   15446.80   18771.42   24860.42   29914.45   32995.01   22510.56   13278.39    4414.70    4129.18    8464.23
  27916.22   27932.99   28446.29   29437.22   24308.31   19212.14   18552.23   20884.28   28908.75   35995.19   37572.83   36065.87   30345.22   27528.48   28400.70   28246.69   23078.69   18466.36   18795.27   19262.46   22289.83   29488.01   34724.62   36353.83   27623.22   24263.99   30559.00
  25293.69   25675.19   26562.72   28868.90   29627.81   27354.99   26997.40   25890.92   22723.60   19527.63   16243.69   18489.14   24864.29   30737.65   34186.00   36052.50   28298.55   20256.79   25252.06   37341.05   49453.73   61715.23   63357.92   59883.54   56595.20   49642.19   33430.61
  26166.07   25622.66   29782.29   32622.00   33447.18   33507.64   31534.26   33624.25   38844.76   45925.43   48671.53   47778.36   41057.37   32013.73   23510.29   16439.96   29222.18   49414.48   57280.46   62219.16   38643.82   18041.89   14486.89   11523.11   16151.33   23386.11   35397.65
  26381.36   26438.13   27424.97   27741.11   21674.88   17853.18   19647.83   24913.45   39301.19   55823.79   64588.14   67047.68   49769.96   34958.37   30632.99   24884.99   20003.48   18501.49   21637.25   23851.77   27851.44   32180.65   33598.54   52621.52   84423.90  107071.96  114470.79
  25129.66   25193.12   26305.92   31221.42   35596.04   34408.72   33501.05   32065.89   25645.67   20767.92   22483.74   24155.86   25010.97   28207.91   32171.37   38719.78   48221.56   53921.71   43059.59   31583.32   26548.84   22624.74   13795.08    7520.61    8946.45   14849.50   18689.16
  27619.19   27734.69   31060.43   33760.62   33249.94   32598.79   35359.38   38002.36   35359.30   32445.37   31012.21   34491.35   40865.38   45108.82   49219.16   52095.67   44883.81   39646.57   39675.84   37305.63   33073.75   29306.67   28160.67   26773.37   20355.94   15598.75   16205.50
  24999.65   25065.38   27433.30   30852.19   29014.31   25777.80   23804.66   20504.02   16104.16   13147.59   18748.98   29124.93   43863.27   58224.66   59036.71   55392.47   47398.25   39816.15   30710.81   24614.40   31726.47   37106.21   40521.57   52194.45   62692.32   69695.26   64464.16
  23892.22   23434.10   25334.54   25980.56   28295.16   33489.07   38328.63   40161.34   38108.79   33812.74   29582.10   25810.03   18636.90   13442.22   13492.03   13904.66   15394.28   20575.28   26638.50   28786.65   30902.96   31851.84   26677.68   22955.03   22297.28   31300.83   42760.17
  24949.98   25151.37   26574.32   27306.31   17008.11   13261.86   20023.81   25502.40   25683.74   24560.54   24356.72   26883.67   31822.20   33551.84   21947.30   14043.88   21459.37   28697.20   40988.80   57896.15   63224.47   61924.20   50961.17   38238.42   26312.98   17817.80   17822.51
  22802.38   22249.88   23743.10   26675.13   30585.43   33338.54   34790.75   33524.31   29997.02   25849.42   23910.72   31289.35   45115.55   52695.91   46039.14   37842.03   34266.83   30908.92   23098.67   18827.13   22082.46   24045.45   25918.98   27589.38   30509.67   35670.57   39071.85
  24653.49   24614.47   26654.21   27499.15   28406.18   31050.33   31997.89   33659.37   27571.59   23377.26   30412.74   35666.48   32615.18   29410.13   29884.86   31289.98   44075.22   63492.22   78564.65   85027.57   61736.57   40998.07   32618.21   27126.60   26213.24   26040.67   37162.37
  25237.80   25258.33   25732.80   26836.27   26742.50   27348.40   29543.02   29484.41   28334.73   28802.14   32318.83   34511.76   34227.55   45005.92   61991.77   68973.49   47574.00   32950.39   35430.58   37709.86   35910.04   32000.62   25139.78   17281.44   18142.44   21392.49   22952.15
  29448.01   29880.41   32751.88   37576.10   32765.38   28529.04   35118.69   38347.31   25453.62   15646.09   17754.35   21757.00   25006.00   30014.64   25842.60   22409.61   29456.85   33882.69   34587.89   42982.23   55244.46   63289.94   66747.59   64988.59   46081.50   37965.92   44473.48
  26177.49   26590.86   28563.33   29059.84   12644.87    4375.13    7282.05    6672.26    6076.63    5595.55    7880.41   14383.88   18186.09   21680.41   22882.65   25060.27   28281.54   29612.16   28158.13   28012.64   29489.51   28497.44   22874.58   20620.02   23264.32   27539.12   33110.29
  26270.83   25684.57   27768.26   32202.76   35334.55   36372.49   36247.09   32942.07   22754.95   23350.34   36205.49   44541.70   44540.10   45170.02   49282.89   52278.64   37577.30   25295.67   18657.70   14994.67   17735.35   17356.91   16913.00   14598.90   13258.69   12240.66   16800.29
  29044.42   28804.22   30805.61   31968.00   32735.39   32669.89   34500.16   37869.14   40907.68   47466.62   55796.27   63557.16   60220.18   54757.52   51904.69   46705.50   29155.89   15282.69   13031.28   12942.39   19146.98   26357.27   31289.64   35122.56   32525.19   33678.39   42814.86
  27952.23   28601.36   31124.88   32642.82   33168.03   34671.03   36870.27   36354.35   25511.89   18651.19   25858.62   34993.54   40307.22   43008.57   29309.21   19767.65   18056.71   17350.66   20198.61   22984.15   24800.00   28999.14   34730.82   37643.64   36747.79   34568.80   34187.22
  25266.52   24941.75   27200.91   32406.69   29030.13   22441.71   19652.42   20435.50   22355.37   22876.11   24701.52   25829.01   19327.13   13992.32   24686.73   37798.43   41111.46   40128.21   32026.19   25699.08   26970.57   27786.82   31641.72   35821.36   31595.46   26241.02   24891.14
  26685.80   27043.85   29033.65   30059.60   28157.15   27435.48   29671.35   31282.15   29913.82   28095.80   27808.48   26318.25   23119.91   21305.68   27474.55   38222.65   52598.70   89336.64  135428.37  165306.60  154431.10  127976.13   97016.63   65589.39   47264.75   36650.97   38452.19
  29213.68   29706.20   32207.25   35945.44   34858.86   33025.87   33312.69   31025.95   17394.81    8820.64    9023.48   16882.87   26534.93   34169.43   35708.61   38508.50   42761.33   45268.26   39499.71   33977.74   31176.83   39868.61   46118.19   38919.30   38286.80   35742.40   27452.84
  28456.26   28346.14   31545.20   34266.25   32206.64   28278.37   23341.85   20763.37   23631.03   27855.37   32350.56   40836.82   52449.03   60069.54   55500.09   49919.78   49330.04   48012.76   40993.14   35295.77   33357.27   33229.92   31962.06   28805.51   28631.80   29368.05   30490.74
  27992.40   27615.38   30515.29   33322.79   30110.79   27893.65   28614.95   28389.53   27999.26   26987.94   30840.89   39157.21   44275.10   45002.04   42374.53   39988.38   31973.49   24699.36   24929.48   26254.49   27384.35   28683.66   30890.67   32815.83   34843.72   39585.07   43877.31
  25257.70   25172.50   27930.28   32674.87   38873.12   48111.96   55256.59   55584.79   37395.81   25822.62   27103.37   28130.30   28045.75   28338.66   29536.84   28790.14   22542.80   19303.65   23599.40   34058.77   48335.42   58738.87   65614.29   69542.93   62872.52   53111.71   31474.16
