              Isim, Ftarg, Btarg
   1 2019          0.3977734      21560.7846623       5544.3597106
   1 2021          0.3831494      21524.5033284       5497.8246438
   1 2023          0.4036230      21558.7251559       5557.3620124
   1 2025          0.3802246      21562.1080621       5482.3834681
   1 2027          0.4211719      21478.1067027       5655.0242419
   1 2029          0.3919238      21588.7818923       5568.8339634
   1 2031          0.3889990      21486.8411650       5517.0615892
   1 2033          0.3889990      21527.6744680       5525.9872990
   1 2035          0.3919238      21478.4760851       5547.1678227
   1 2037          0.3860742      21537.7089426       5494.3012538
   1 2039          0.3802246      21492.3131444       5399.2308656
   1 2041          0.3714502      21504.1770129       5388.8699448
   1 2043          0.4036230      21512.0699295       5572.3271709
   2 2019          0.3977734      21468.4703596       5520.6210708
   2 2021          0.3889990      21405.0050010       5503.8652147
   2 2023          0.4270215      21466.7216174       5647.1610534
   2 2025          0.4387207      21426.0881548       5665.6727565
   2 2027          0.4504199      21443.4882934       5681.0726218
   2 2029          0.4562695      21414.2274149       5690.6270040
   2 2031          0.4562695      21455.0556382       5687.8846555
   2 2033          0.4562695      21438.2419546       5685.8475557
   2 2035          0.3392773      21477.4058957       4898.3420037
   2 2037          0.3656006      21408.1587309       5285.0819618
   2 2039          0.4270215      21399.1391910       5649.7680125
   2 2041          0.4270215      21408.4050262       5643.5301201
   2 2043          0.4211719      21408.1703581       5583.2791660
   3 2019          0.3977734      21902.4674708       5632.2235072
   3 2021          0.3948486      21889.3786165       5654.3692319
   3 2023          0.4240967      21866.2022882       5742.5397141
   3 2025          0.3919238      21911.0608761       5666.6477967
   3 2027          0.3860742      21838.4781076       5608.4666638
   3 2029          0.3831494      21824.6132956       5579.5309694
   3 2031          0.3860742      21854.9822720       5610.9286312
   3 2033          0.3802246      21830.8766813       5551.8071864
   3 2035          0.3889990      21834.8657039       5633.0137958
   3 2037          0.3889990      21834.1456156       5632.9123487
   3 2039          0.3860742      21885.7368603       5615.4642716
   3 2041          0.3889990      21906.7705267       5642.9808070
   3 2043          0.3743750      21834.9419004       5520.8020998
   4 2019          0.3977734      22238.1558441       5718.5458336
   4 2021          0.3802246      22215.8324238       5632.5317118
   4 2023          0.4270215      22195.5905733       5846.1852383
   4 2025          0.4328711      22220.5057486       5853.5474603
   4 2027          0.3539014      22199.4528341       5401.7234364
   4 2029          0.3539014      22216.3488722       5333.8154244
   4 2031          0.3743750      22184.0325769       5559.3459775
   4 2033          0.4036230      22161.1104452       5737.5175844
   4 2035          0.3860742      22247.7877257       5684.7057856
   4 2037          0.4153223      22176.1468790       5805.8672160
   4 2039          0.3802246      22193.3178347       5658.2386779
   4 2041          0.4036230      22266.8907028       5767.1002468
   4 2043          0.4036230      22263.4100278       5767.9130459
   5 2019          0.3977734      21750.2088158       5593.0701663
   5 2021          0.3860742      21682.9330055       5559.7376667
   5 2023          0.4123975      21708.1274927       5656.5078791
   5 2025          0.3860742      21736.0232491       5581.2565773
   5 2027          0.4094727      21764.2289819       5672.9756653
   5 2029          0.4123975      21718.6114580       5676.3249820
   5 2031          0.4094727      21716.4886876       5605.8855958
   5 2033          0.3597510      21727.9745155       5292.0202590
   5 2035          0.3831494      21733.7555444       5561.3997915
   5 2037          0.3860742      21717.2775637       5582.7172411
   5 2039          0.3772998      21746.2040278       5509.7300870
   5 2041          0.3860742      21693.5000326       5578.3984682
   5 2043          0.3860742      21715.0614651       5581.2013630
   6 2019          0.3977734      22156.6315249       5697.5818401
   6 2021          0.3919238      22142.3601175       5706.3036856
   6 2023          0.4328711      22072.2446780       5840.2647398
   6 2025          0.4123975      22123.7516472       5775.2053555
   6 2027          0.4562695      22096.5780757       5864.7658481
   6 2029          0.4533447      22142.5354654       5866.3733220
   6 2031          0.4357959      22111.4073988       5802.8662359
   6 2033          0.4504199      22136.6951607       5847.0606066
   6 2035          0.4387207      22184.4045952       5819.4241962
   6 2037          0.4299463      22132.0898558       5776.9496375
   6 2039          0.4416455      22146.0100008       5814.0173382
   6 2041          0.4591943      22116.2952781       5876.6974222
   6 2043          0.4299463      22110.9504456       5808.9860306
   7 2019          0.3977734      21768.1921215       5597.6945766
   7 2021          0.3948486      21768.7967356       5619.8680756
   7 2023          0.4094727      21794.9763123       5649.9487303
   7 2025          0.4123975      21760.2463062       5648.0058253
   7 2027          0.4153223      21761.7239493       5640.8384263
   7 2029          0.4123975      21706.0977805       5609.4270156
   7 2031          0.4211719      21741.5024238       5629.9061489
   7 2033          0.4211719      21710.0579714       5634.4481353
   7 2035          0.4153223      21705.3618933       5648.9903529
   7 2037          0.4182471      21739.8893687       5637.0586466
   7 2039          0.3509766      21732.9125321       5174.9247378
   7 2041          0.3714502      21782.0567168       5443.2920493
   7 2043          0.4270215      21795.7468203       5717.1658150
   8 2019          0.3977734      21678.2755930       5574.5725249
   8 2021          0.3743750      21605.6636343       5423.7860207
   8 2023          0.3743750      21667.1040530       5437.1050074
   8 2025          0.4006982      21666.8137421       5592.1045622
   8 2027          0.3860742      21594.7499374       5561.3733561
   8 2029          0.3831494      21606.4573546       5523.8992045
   8 2031          0.4182471      21671.3708599       5675.5922733
   8 2033          0.4270215      21643.6345787       5685.0037877
   8 2035          0.3451270      21700.2410288       5149.0666140
   8 2037          0.3772998      21603.0238362       5475.7589596
   8 2039          0.4270215      21618.4305105       5705.6291027
   8 2041          0.4153223      21597.7285276       5662.6600028
   8 2043          0.4445703      21634.8551064       5698.5451244
   9 2019          0.3977734      21799.3631848       5605.7102212
   9 2021          0.3977734      21790.4522675       5639.3208972
   9 2023          0.4328711      21754.2472378       5750.2665862
   9 2025          0.4270215      21789.6487364       5726.4471529
   9 2027          0.3422021      21747.3303411       4962.4905346
   9 2029          0.3714502      21717.1161049       5445.7481348
   9 2031          0.4182471      21760.8856116       5699.4468192
   9 2033          0.4182471      21804.7581571       5696.6855590
   9 2035          0.4270215      21734.1642507       5704.9743064
   9 2037          0.4357959      21742.3504358       5708.1617470
   9 2039          0.4387207      21720.0902351       5710.7467295
   9 2041          0.3465894      21762.4641572       5144.1866301
   9 2043          0.3436646      21779.8255518       5031.8136597
  10 2019          0.3977734      21758.6010251       5595.2282244
  10 2021          0.3860742      21790.6075691       5581.0662015
  10 2023          0.4270215      21761.0938793       5704.1949831
  10 2025          0.4328711      21762.5455108       5709.3703857
  10 2027          0.4123975      21726.8761185       5615.9399656
  10 2029          0.4240967      21696.4301925       5638.3189064
  10 2031          0.4211719      21764.6564581       5633.1556434
  10 2033          0.4387207      21714.7536111       5697.4172580
  10 2035          0.3612134      21733.9412676       5313.7586102
  10 2037          0.3889990      21718.0408854       5572.4298064
  10 2039          0.3889990      21733.4374193       5575.8823253
  10 2041          0.3919238      21686.9789410       5598.3755734
  10 2043          0.3831494      21719.4940841       5496.8711412
  11 2019          0.3977734      21487.6525524       5525.5537752
  11 2021          0.3831494      21451.6874815       5475.0643688
  11 2023          0.4182471      21480.9888698       5611.7501898
  11 2025          0.3860742      21506.3688788       5508.7615743
  11 2027          0.3860742      21425.2521359       5495.5734312
  11 2029          0.3831494      21465.1820959       5474.3709491
  11 2031          0.3860742      21452.4948188       5467.7532702
  11 2033          0.3860742      21422.0176040       5499.2675446
  11 2035          0.4240967      21445.0930876       5633.5814772
  11 2037          0.3889990      21421.2045830       5528.0217853
  11 2039          0.3831494      21510.2926842       5482.8008065
  11 2041          0.3889990      21438.8691144       5524.4313623
  11 2043          0.3860742      21481.1122443       5505.2152324
  12 2019          0.3977734      21775.3854438       5599.5443407
  12 2021          0.3860742      21754.4078317       5573.8101578
  12 2023          0.4328711      21698.5038081       5731.8577742
  12 2025          0.4240967      21764.3727188       5706.1268096
  12 2027          0.4065479      21709.9935242       5594.9540859
  12 2029          0.4328711      21782.5502995       5683.5818256
  12 2031          0.3465894      21737.8115322       5110.1222225
  12 2033          0.3831494      21786.8731939       5547.0634754
  12 2035          0.4270215      21718.5861388       5727.6716177
  12 2037          0.4299463      21742.5001120       5731.2486221
  12 2039          0.4094727      21713.1340562       5621.9839950
  12 2041          0.3656006      21757.5782523       5393.4821438
  12 2043          0.3977734      21771.3719418       5596.1183659
  13 2019          0.3977734      21428.9070871       5510.4473681
  13 2021          0.3948486      21373.5853418       5533.4863857
  13 2023          0.4270215      21463.4704237       5616.5374789
  13 2025          0.3685254      21411.9325020       5360.5964032
  13 2027          0.3597510      21443.5201385       5265.1982982
  13 2029          0.3743750      21357.0270506       5408.1676770
  13 2031          0.3772998      21410.8814830       5440.8576687
  13 2033          0.3772998      21387.9105521       5437.8326024
  13 2035          0.3626758      21449.6239312       5303.0869179
  13 2037          0.3714502      21450.8157158       5391.6307056
  13 2039          0.3714502      21413.0527363       5385.8146980
  13 2041          0.3772998      21422.5720771       5439.9899182
  13 2043          0.3889990      21422.1909952       5511.0774969
  14 2019          0.3977734      21985.1906771       5653.4957948
  14 2021          0.3860742      22014.3079707       5643.1210278
  14 2023          0.4240967      21953.1338337       5777.9882592
  14 2025          0.4270215      21927.9455239       5776.4344677
  14 2027          0.4328711      22010.6585208       5778.1410232
  14 2029          0.4445703      21919.2586248       5792.0882433
  14 2031          0.4211719      21939.5033170       5717.0384922
  14 2033          0.4123975      21980.9619935       5722.0035730
  14 2035          0.4328711      22021.3666460       5775.3088328
  14 2037          0.3568262      22003.5896832       5353.1539302
  14 2039          0.3802246      21967.1493606       5573.8453129
  14 2041          0.3889990      21970.0068780       5658.2351719
  14 2043          0.3860742      21941.9775868       5627.7320775
