2019 2020 2021 2022 2023 2024 2025 2026 2027 2028 2029 2030 2031 2032 2033 2034 2035 2036 2037 2038 2039 2040 2041 2042 2043 2044 2045
  25959.53   29781.11   42218.72   54902.27  104135.52  176949.43  205709.95  213902.37  188922.40  156645.89  127205.20  100140.36   91955.04   81073.34   70314.85   66051.73   58869.37   47388.74   44063.86   51567.66   72849.54   94855.43  106754.71  128175.55  135336.46  132030.45  113158.34
  26666.73   30531.55   43069.24   56527.16   64055.81   77256.46   94234.30  104456.99  108755.45  114269.34  114207.58  114204.46   98747.28   86229.99   95730.28   99758.61  118349.42  150344.10  168577.26  178449.94  140435.92  102817.26   83647.13   58439.79   42322.42   33927.52   43961.12
  27337.97   31352.20   43227.44   64119.49   85912.69   99483.44   92622.88   87731.76   89232.51   85884.03   80952.02   78727.59   70456.33   61468.57   71248.96   82540.27   74840.89   70789.76   77336.31   83106.01   79366.91   71746.47   62825.59   64775.22   87217.29  105959.04  111101.43
  27375.08   31749.17   45647.99   61835.17   74054.65   82788.98   86473.13   91443.13  113705.64  148920.97  171336.82  194584.89  203535.55  197166.71  195037.34  183528.91  174512.73  167928.79  147794.82  134705.77  141894.48  155020.68  147956.87  130898.48  111029.98   91732.81   68027.79
  27413.16   31184.50   43920.09   60310.47   87350.68  117351.08  132829.29  145453.19  130751.91  115540.52   84494.35   49642.46   50814.45   60793.51   85372.19  105030.89   93317.37   76170.94   79133.18   89202.51   88928.92   82209.49   72563.38   58872.22   34549.92   20034.86   36039.39
  27916.22   31765.90   43494.96   58754.15   71072.75   78144.45   76005.78   82336.81  100485.36  116228.43  115691.70  107449.37   92452.51   82379.00   84232.35   83140.14   70322.76   57322.21   57812.50   58292.75   66057.91   85379.94  101326.59  106548.58   97788.06   96712.50  111092.92
  25293.69   29440.80   41544.90   60015.73   78380.02   88530.35   80035.13   70554.76   67272.42   62298.91   52351.25   54272.05   72967.42   90222.80  100867.25  106658.46   93471.65   76483.75   83846.22  111984.29  146696.69  182976.35  199286.18  200934.02  188028.02  162860.40  125614.49
  26166.07   29372.72   42828.94   55857.29   64936.78   72483.41   84286.10  106530.74  124823.68  147575.00  165848.53  171839.84  145464.71  111733.09   94372.16   77105.83   91553.46  129197.45  156142.30  174420.01  153144.58  117756.70   91786.31   66423.53   63995.37   70547.41  102353.88
  26381.36   30209.24   42413.10   54565.61   60903.29   69152.62   74799.66   90175.49  130280.01  175247.43  197047.45  202148.65  185228.68  163740.49  139728.86  110868.67   92089.67   82888.30   78414.29   73482.04   81810.76   92075.77   88617.52  137134.40  237206.12  309059.89  334035.72
  25129.66   28957.18   40787.76   67132.70   95131.34  108185.24  101007.37   93404.25   88389.58   84602.48   77839.31   71613.21   71133.18   78940.25   92833.47  115611.47  143952.56  161353.88  153191.64  134860.49  108513.50   86540.03   63954.84   44580.36   45811.03   50595.62   58371.42
  27619.19   31451.88   44623.41   59982.30   76624.48   92268.72   97821.98  102804.65   99530.89   95488.55   92230.69  103377.68  125581.16  141713.30  152363.21  159790.20  156280.89  153495.92  146682.69  131893.88  124698.79  114944.51  104199.72   94078.86   78195.64   64954.18   59291.01
  24999.65   28832.24   41529.27   59916.72   76426.74   86610.83   77615.12   65875.19   60283.28   56134.93   63777.65   86326.41  128683.24  168831.97  180982.81  180883.85  155488.91  130412.10  114754.13  105028.52  114607.27  119108.65  126195.61  158773.74  188362.58  207719.63  210681.27
  23892.22   27141.02   39317.93   50256.76   70950.18  100511.31  115574.81  120693.70  119264.44  110868.59   87458.58   70206.80   63055.43   57412.54   45329.75   37238.71   41109.66   56257.57   74196.44   80400.27   87970.90   91986.10   79941.76   70571.39   68397.88   95132.75  131374.28
  24949.98   28954.52   40995.35   54013.51   60012.94   73684.01   88687.18   99791.79   88521.11   74491.91   80214.29   94423.68  104052.95  104808.56   89108.58   75448.59   89885.28  103366.43  133872.14  178616.43  197156.22  197289.67  162602.99  122435.59  102033.83   82901.77   74243.07
  22802.38   25910.03   37725.64   55870.04   81966.26  105141.60  105834.67   96969.95   86063.69   73737.25   62995.82   81288.90  125135.50  149667.41  149106.85  138798.05  125764.96  112507.08   90804.20   82224.12   82550.13   80148.51   71007.72   63525.90   74511.56   92086.04  106123.99
  24653.49   28396.05   40866.48   52777.76   65897.23   84428.28   93029.39  104447.80  103918.28  105568.70  118383.28  125424.66  122361.68  117426.05  100797.01   90543.91  138927.10  209819.68  250754.35  264778.34  242641.27  208640.65  164434.37  127156.85  120154.23  122118.41  142124.97
  25237.80   28975.21   40531.30   56116.94   77028.20   98853.39  105506.98  105127.70   95878.05   92194.71   99970.89  104515.24   97123.94  122457.44  174695.30  197538.17  183442.28  168897.28  161640.23  155218.22  134109.86  109665.59   82206.24   53423.47   48209.68   53287.35   64703.70
  29448.01   33719.86   46708.75   69578.18   91717.46  114287.15  120821.62  116938.28  102654.63   84952.16   72321.58   69078.40   73858.70   84398.52   86701.74   88543.33  106702.97  116079.93  114425.39  135311.02  168771.76  189377.94  197460.98  190114.35  166215.16  159553.54  169276.03
  26177.49   30319.03   42664.57   53693.92   44640.25   39584.64   48227.03   54914.44   45967.39   36600.99   48701.36   63085.28   69528.34   74800.66   65398.18   60672.37   71903.16   77983.91   79333.58   83469.56   89143.95   86961.73   69965.19   62505.57   70430.97   82793.93   99162.41
  26270.83   29403.21   41420.86   63310.49   94335.88  119995.03  121703.00  112687.96   95883.13  101612.06  130754.94  145603.38  147318.93  149782.20  147675.41  145444.84  126057.96  105794.66   78128.36   60452.19   67062.26   66902.16   56463.19   41877.02   39403.84   37654.71   50990.99
  29044.42   32625.52   45184.51   58114.09   70052.67   80048.95   91395.57  106826.89  127545.63  157320.76  179596.94  198535.91  206392.93  202841.96  187120.53  163358.18  124432.84   86233.60   65436.92   53690.05   62444.12   74492.35   87445.59   97639.79  100726.30  112579.59  138396.37
  27952.23   32448.48   45239.85   60116.63   78882.71   99536.31  109530.38  111215.56   99487.54   89178.33   99688.25  115347.97  125128.95  128741.61  110191.95   89617.90   76637.94   65972.71   60959.95   57156.48   66913.05   85176.55  103803.87  113862.40  111402.33  105613.99  104025.05
  25266.52   28635.19   41113.28   65199.50   89062.50  103022.04   90353.35   87055.52   83590.53   77496.49   75823.62   73944.00   57351.06   43891.07   75529.37  114728.59  123163.73  118415.40  110713.00   99502.84   97746.15   94802.20   91976.21   91195.55   89332.89   82102.89   74353.81
  26685.80   30843.38   43309.55   55731.25   61791.92   70614.09   75862.05   77759.45   85930.93   91259.05   85780.64   77315.60   73134.58   70915.96   85407.79  113407.09  155414.06  263413.66  400565.35  488254.75  453922.28  375417.01  284789.21  192322.47  153030.45  128724.59  129913.22
  29213.68   33616.88   46797.85   67112.77   88009.84  106163.27  105234.08   96755.54   77467.89   59473.40   56643.19   63929.75   87523.04  105093.38   96422.53   95857.75  112188.27  122593.92  122175.65  119242.77   90853.31   99271.12  149351.61  166475.09  159441.36  144005.30  111852.02
  28456.26   32150.95   45205.23   60649.35   71453.00   75893.44   68914.62   68416.13   76493.34   88291.03   99694.83  122932.75  156310.50  177777.91  181228.99  178781.86  163667.68  145614.32  133487.93  122314.92  112727.10  109690.93  104530.10   93750.60   90387.31   90082.47   86224.05
  27992.40   31377.67   44102.93   59606.41   75114.48   90046.45   89096.97   85035.62   88769.78   89639.24   96555.14  116925.48  134118.81  138742.01  118749.37  102681.66   99357.54   93497.14   81447.31   75036.78   79217.38   84123.47   91516.80   97868.90  101117.88  113542.79  126895.27
  25257.70   28924.43   41685.36   63372.10   96186.93  139111.31  153453.38  148117.34  138199.67  127478.47  104892.72   83530.49   84826.89   87871.36   82799.59   71949.71   64933.04   64878.43   71424.36   95987.24  138549.16  169756.68  183692.71  188881.43  176752.55  155503.02  124284.94
  27373.46   31486.29   44632.52   58076.89   65366.18   71580.48   75504.35   85716.50   91739.96   97521.01  117223.15  128224.20  115472.89  100587.98   96476.08   95106.16   88305.18   90008.10  113234.98  142913.89  150179.15  153386.41  155175.84  143828.81  132398.84  131871.15  148425.96
  30096.56   34903.69   48048.26   60067.28   67260.51   71657.99   61226.90   54871.16   61620.71   81043.19  108934.42  124458.77  123895.50  118454.89   95886.68   76147.06   74185.94   83350.88  102875.18  116739.99  115031.60  111758.75   90480.04   70793.09   82909.97  116103.71  152696.37
  24580.27   28268.26   40663.01   52601.79   61073.74   75422.14   90995.14  105698.00  109584.41  102138.76   76362.75   54273.14   57379.33   62511.71   77656.14  102055.54  139711.31  177964.04  183021.51  175900.91  156991.58  139943.39  127510.74  109708.43  103129.66   99905.95   96371.69
