              Isim, Ftarg, Btarg
   1 2019          0.3977734     129364.7079738      33266.1582637
   1 2021          0.3948486     129451.2312479      32831.8696016
   1 2023          0.4094727     129345.2845394      33332.8133855
   1 2025          0.3977734     129357.6583694      33084.5305158
   1 2027          0.4123975     129253.2399245      33565.2198873
   1 2029          0.4036230     129410.2158638      33493.6265158
   1 2031          0.4094727     129298.6295714      33486.2795051
   1 2033          0.4036230     129407.5221780      33414.1934853
   1 2035          0.4036230     129451.6161806      33589.1995740
   1 2037          0.4006982     129098.4438680      33338.0247763
   1 2039          0.4153223     128855.7523012      33466.9554998
   1 2041          0.4065479     129065.1741582      33289.9816759
   1 2043          0.4065479     129350.1185437      33367.4219241
   2 2019          0.3977734     128814.4188190      33124.6513071
   2 2021          0.3948486     128859.4223144      32713.1130901
   2 2023          0.4065479     128746.6985839      33153.4893174
   2 2025          0.4123975     128503.5317599      33426.0978649
   2 2027          0.4094727     128378.4452530      33382.9689089
   2 2029          0.4065479     128592.1970411      33238.7478712
   2 2031          0.4036230     128347.2364174      32966.9147453
   2 2033          0.4153223     128491.3038623      33345.5310955
   2 2035          0.4211719     128454.2262313      33554.0506400
   2 2037          0.4036230     129027.6945301      33162.6797889
   2 2039          0.4065479     128653.4964041      33448.8866867
   2 2041          0.3948486     128886.4729735      33060.6499227
   2 2043          0.3977734     128304.1757418      32916.7696156
   3 2019          0.3977734     131418.4014862      33794.2659252
   3 2021          0.3919238     130949.4170666      33297.8933118
   3 2023          0.3977734     131197.3127020      33463.5530529
   3 2025          0.4036230     130948.3048027      33899.4519203
   3 2027          0.4094727     130955.4228076      34129.4611600
   3 2029          0.4036230     131610.9365261      33989.5166160
   3 2031          0.3977734     131524.9795712      33851.4660321
   3 2033          0.4153223     131192.9296459      34140.5123435
   3 2035          0.4036230     131279.9385466      34064.6413310
   3 2037          0.3948486     131426.1945956      33572.4210092
   3 2039          0.4094727     131609.6080227      34070.9450407
   3 2041          0.4006982     131325.0682650      34026.3523576
   3 2043          0.4065479     131063.1105890      34032.3654148
   4 2019          0.3977734     133428.9350648      34311.2750019
   4 2021          0.4006982     133016.1393180      33926.6974208
   4 2023          0.4094727     133406.9099083      34509.0520005
   4 2025          0.3656006     133069.4476741      32597.0720203
   4 2027          0.4153223     133057.3269983      34546.2166566
   4 2029          0.4182471     133041.8421774      34733.7347588
   4 2031          0.4094727     133148.7315021      34519.7956770
   4 2033          0.3948486     133461.8697008      33953.8380259
   4 2035          0.4182471     133367.1793764      34695.4046305
   4 2037          0.4123975     133332.6810462      34861.5843137
   4 2039          0.4065479     133425.4301249      34766.8884277
   4 2041          0.3919238     133534.3945288      34213.4879896
   4 2043          0.4006982     133229.2193970      34075.5571292
   5 2019          0.3977734     130501.2528948      33558.4209976
   5 2021          0.3948486     130568.3501118      33104.5708040
   5 2023          0.3977734     130109.6495174      33227.6132242
   5 2025          0.3977734     130605.3572333      33312.7001874
   5 2027          0.4036230     130358.4747096      33854.4090069
   5 2029          0.3919238     130337.6995367      33518.2374899
   5 2031          0.4094727     130102.5397283      33767.6137074
   5 2033          0.4094727     130366.0890655      33987.1960425
   5 2035          0.4036230     130430.7925789      33947.1284394
   5 2037          0.3889990     130594.4734963      33348.5049058
   5 2039          0.4006982     130576.2652082      33357.9541886
   5 2041          0.4036230     130716.5583235      33770.9356243
   5 2043          0.3977734     130122.7660679      33637.2212514
   6 2019          0.3977734     132943.3858106      34186.4159225
   6 2021          0.3919238     132437.2289280      33697.3931825
   6 2023          0.3977734     133077.3813593      33966.1637316
   6 2025          0.4036230     133044.7080292      34323.4279494
   6 2027          0.4036230     132973.2711402      34349.1344778
   6 2029          0.4065479     132869.6110741      34445.7647062
   6 2031          0.4123975     132876.8721740      34425.5529090
   6 2033          0.4123975     132622.9122419      34524.6908448
   6 2035          0.4006982     133001.4735281      34305.0970249
   6 2037          0.3948486     132602.4445068      33745.1031940
   6 2039          0.4182471     132894.9958141      34583.7446892
   6 2041          0.4094727     132758.7014365      34663.0841435
   6 2043          0.4036230     132635.8623863      34560.1468428
   7 2019          0.3977734     130609.1527291      33586.1674596
   7 2021          0.3977734     130251.1687773      33311.2400437
   7 2023          0.4036230     130231.6668077      33422.6544331
   7 2025          0.4153223     130715.4280740      33845.8250685
   7 2027          0.3977734     130806.5166476      33461.1346097
   7 2029          0.4094727     130331.2022909      33748.5334191
   7 2031          0.3948486     130507.1167736      33366.0955356
   7 2033          0.4094727     130704.2464574      33705.9211652
   7 2035          0.4065479     130633.4079906      33937.5611094
   7 2037          0.4006982     130330.8528065      33678.1515383
   7 2039          0.3948486     130630.0102134      33297.7463756
   7 2041          0.4182471     130533.7281655      33925.7223636
   7 2043          0.4123975     130544.5963478      34074.0273440
   8 2019          0.3977734     130069.6535577      33447.4351493
   8 2021          0.3948486     130108.3481219      32871.1699307
   8 2023          0.3743750     130181.8067100      32059.1013438
   8 2025          0.4153223     129837.9149877      33656.6771344
   8 2027          0.4036230     129941.7652681      33798.0854892
   8 2029          0.4094727     129721.4231115      33817.0468915
   8 2031          0.4065479     129786.3765803      33849.9671780
   8 2033          0.3860742     129660.5431028      32894.3663071
   8 2035          0.3948486     130016.4633233      33014.2811310
   8 2037          0.4006982     130086.7874408      33445.8270902
   8 2039          0.4065479     130044.9025961      33896.2412652
   8 2041          0.3977734     129812.1265636      33661.9558463
   8 2043          0.4006982     130041.0959650      33268.1225807
   9 2019          0.3977734     130799.7757697      33635.1862093
   9 2021          0.3948486     130641.8243351      33287.5573597
   9 2023          0.4036230     130956.5133910      33747.1074320
   9 2025          0.4036230     130714.8822443      33819.2928224
   9 2027          0.4153223     130565.7981556      33891.9822807
   9 2029          0.4094727     130676.2277180      33844.2460505
   9 2031          0.4006982     130385.9405711      33552.1198655
   9 2033          0.4036230     130642.1658027      33534.8616900
   9 2035          0.4006982     130859.8884044      33530.2612151
   9 2037          0.4153223     130623.1466674      33935.3106076
   9 2039          0.4065479     130457.1567065      33802.2341245
   9 2041          0.4036230     130624.9376621      33663.7195691
   9 2043          0.4094727     130343.6498132      33787.1421539
  10 2019          0.3977734     130555.2028120      33572.2942286
  10 2021          0.3977734     130072.6925539      33288.2394835
  10 2023          0.4153223     130348.4025148      33859.2410734
  10 2025          0.4182471     130434.0106807      33971.7077484
  10 2027          0.4036230     130611.1407343      33582.1952345
  10 2029          0.4065479     130306.2257769      33583.3249130
  10 2031          0.4094727     130259.0692352      33721.4056290
  10 2033          0.4094727     130193.5161851      33740.2259534
  10 2035          0.4094727     130221.2513103      33810.0316111
  10 2037          0.4036230     130147.6995463      33665.8101581
  10 2039          0.4036230     130209.1892049      33534.6280529
  10 2041          0.4094727     130040.7263968      33956.6794236
  10 2043          0.3889990     130368.9642136      33272.8071563
