FL 2019 2020 2021 2022 2023 2024 2025 2026 2027 2028 2029 2030 2031 2032 2033 2034 2035 2036 2037 2038 2039 2040 2041 2042 2043 2044 2045
 1  0.1254765  0.1113135  0.1042865  0.1158140  0.1392224  0.1161722  0.0926438  0.1413090  0.1912248  0.2712720  0.6226028  0.1677972  0.1225970  0.1368068  0.2228055  0.0990918  0.0684759  0.1242834  0.2376909  0.0104938  0.0051899  0.0444957  0.0477379  0.1017834  0.0627631  0.1394166  0.1244533
 2  0.0238751  0.0211859  0.0212717  0.0255835  0.0229520  0.0182644  0.0168746  0.0295861  0.0443308  0.0623402  0.1042385  0.0185400  0.0164909  0.0197293  0.0260432  0.0108810  0.0091787  0.0186829  0.0254026  0.0010511  0.0006323  0.0059355  0.0069009  0.0111550  0.0081119  0.0220673  0.0231861
 3  0.1162273  0.0196202  0.0266269  0.2319418  0.2808648  0.0176362  0.0203673  0.2188198  0.2946027  0.4943525  0.9990000  0.9990000  0.9990000  0.9990000  0.9990000  0.9990000  0.9990000  0.9990000  0.9990000  0.9990000  0.9990000  0.9990000  0.9990000  0.9990000  0.0634802  0.0250462  0.0217913
 4  0.0444602  0.0379731  0.0330061  0.0427851  0.0382147  0.0374714  0.0314115  0.0203698  0.0310281  0.0467738  0.0612814  0.0725663  0.0757417  0.1119111  0.1220679  0.0882141  0.0880078  0.1368941  0.1371285  0.0728317  0.0502702  0.0462661  0.0582601  0.0405515  0.0369668  0.0365236  0.0441963
 1  0.1220670  0.1254239  0.1204303  0.1814560  0.2726780  0.2353898  0.2780243  0.1209665  0.1398430  0.0760460  0.0716399  0.0502615  0.0513866  0.0469014  0.0484433  0.0329036  0.0329301  0.0393450  0.0265437  0.2325187  0.3397475  0.3453445  0.5447118  0.2800776  0.4386418  0.0332039  0.0206817
 2  0.0232303  0.0240070  0.0245880  0.0396575  0.0583651  0.0404714  0.0408002  0.0178566  0.0184434  0.0100400  0.0106797  0.0070600  0.0073452  0.0064121  0.0062645  0.0047499  0.0032210  0.0053997  0.0044891  0.0458211  0.0699575  0.0625636  0.0857954  0.0392984  0.0502494  0.0036729  0.0026194
 3  0.1130934  0.0327420  0.0400698  0.2968151  0.3084513  0.5149269  0.6335643  0.7475158  0.8821065  0.8193463  0.7428600  0.8734952  0.9048314  0.9990000  0.9990000  0.9990000  0.0116216  0.0185090  0.0188881  0.2723823  0.2743999  0.4669234  0.7602598  0.9990000  0.9990000  0.9990000  0.9990000
 4  0.0433681  0.0337511  0.0376221  0.0129933  0.0201322  0.0210345  0.0208294  0.0261024  0.0236625  0.0225222  0.0266913  0.0266732  0.0292878  0.0300112  0.0284481  0.0339129  0.0419177  0.0338563  0.0317366  0.0138178  0.0169633  0.0213356  0.0286626  0.0592917  0.0637246  0.0495551  0.0390592
 1  0.1187765  0.1772624  0.1810601  0.1555419  0.1754422  0.3116359  0.4008965  0.1998834  0.1835057  0.1212841  0.1215367  0.1675122  0.1631398  0.0792488  0.0752610  0.1648475  0.1697170  0.1698882  0.1705394  0.1404729  0.1420845  0.2404993  0.2981389  0.1530434  0.1129498  0.1094932  0.0988643
 2  0.0226444  0.0340864  0.0365913  0.0312363  0.0347048  0.0630688  0.0796674  0.0355310  0.0329148  0.0231216  0.0250159  0.0341917  0.0312527  0.0157231  0.0147180  0.0337101  0.0342112  0.0342872  0.0338151  0.0282240  0.0306453  0.0545029  0.0645813  0.0262002  0.0180318  0.0191720  0.0197891
 3  0.1100329  0.0473906  0.0504570  0.1770659  0.1851895  0.0219344  0.0282277  0.0375517  0.0344076  0.0328050  0.0324980  0.0338263  0.0334767  0.0309650  0.0291852  0.0261473  0.0268013  0.0264362  0.0264716  0.0261588  0.0261424  0.0287867  0.0360190  0.0421343  0.0240181  0.0197497  0.0173616
 4  0.0423910  0.0321907  0.0332683  0.0297041  0.0244558  0.0325000  0.0390603  0.0408832  0.0396177  0.0438530  0.0503396  0.0472912  0.0404504  0.0429756  0.0384076  0.0382995  0.0366811  0.0367819  0.0353576  0.0368933  0.0430676  0.0511785  0.0542463  0.0396920  0.0382927  0.0298929  0.0355089
 1  0.1193897  0.0679200  0.0609195  0.1472563  0.1912297  0.1714524  0.2367480  0.0886773  0.0880745  0.0299819  0.0206763  0.0440197  0.0372997  0.0526751  0.0551489  0.0837024  0.0913587  0.1453279  0.1832564  0.1516199  0.1467668  0.1566700  0.1566269  0.1837012  0.2343708  0.1777897  0.2175656
 2  0.0226910  0.0129094  0.0125301  0.0326301  0.0425987  0.0376546  0.0469339  0.0150751  0.0118376  0.0044018  0.0036362  0.0082087  0.0076946  0.0120475  0.0134439  0.0210798  0.0220283  0.0348920  0.0405617  0.0312715  0.0264475  0.0287434  0.0311007  0.0397118  0.0528979  0.0378103  0.0435249
 3  0.1105887  0.0189135  0.0236724  0.1899630  0.1821171  0.2467146  0.3440340  0.4838293  0.0644774  0.0175072  0.0235796  0.0244389  0.0236044  0.0661030  0.0651499  0.0269133  0.0248115  0.1544029  0.1469040  0.0270567  0.0227513  0.1029722  0.0973945  0.1102405  0.1404298  0.1944334  0.2398667
 4  0.0420011  0.0319334  0.0322205  0.0213556  0.0213096  0.0282701  0.0315107  0.0344967  0.0439335  0.0355358  0.0349109  0.0361879  0.0337883  0.0278827  0.0297690  0.0355053  0.0318738  0.0285933  0.0290874  0.0391223  0.0377916  0.0287446  0.0283573  0.0380175  0.0485898  0.0572478  0.0643971
 1  0.1189860  0.1082440  0.1022712  0.1200489  0.1516058  0.2196070  0.2153773  0.3008113  0.4076230  0.4217890  0.6107665  0.3320752  0.2787358  0.0422912  0.0253146  0.1471535  0.1438067  0.1964481  0.2235924  0.1168737  0.1038466  0.2024054  0.2386411  0.3238229  0.4806473  0.1512905  0.1181683
 2  0.0231473  0.0209637  0.0211215  0.0260813  0.0294545  0.0397413  0.0383014  0.0558025  0.0677025  0.0670204  0.1023691  0.0419311  0.0232032  0.0053244  0.0038155  0.0263806  0.0297236  0.0458417  0.0441522  0.0213866  0.0206212  0.0435327  0.0547110  0.0777954  0.1120883  0.0259760  0.0180113
 3  0.1099257  0.0198885  0.0259452  0.2608724  0.3072847  0.0169158  0.0228393  0.2704744  0.2682116  0.3365492  0.4759531  0.9990000  0.9990000  0.0131293  0.0199928  0.0143161  0.0137033  0.0146275  0.0170200  0.0171784  0.0148136  0.0148354  0.0174625  0.0221171  0.0329376  0.0588849  0.0469675
 4  0.0434759  0.0380413  0.0307609  0.0257426  0.0297704  0.0367971  0.0341889  0.0273996  0.0304506  0.0368409  0.0610994  0.1288209  0.0555179  0.0390812  0.0330855  0.0337202  0.0407648  0.0521270  0.0363450  0.0365517  0.0402552  0.0476135  0.0595398  0.0799571  0.1059077  0.1048580  0.0710594
 1  0.1162521  0.1743033  0.1779268  0.2265355  0.3498933  0.4223274  0.9990000  0.0719467  0.0292441  0.0755617  0.0932162  0.0861414  0.1093335  0.0443502  0.0372056  0.0911276  0.1271053  0.1008318  0.0903707  0.0329842  0.0308685  0.0553758  0.0370177  0.1867427  0.3531474  0.0259441  0.0168402
 2  0.0225599  0.0339334  0.0363178  0.0477557  0.0679166  0.0686803  0.1438172  0.0066470  0.0033811  0.0105499  0.0144916  0.0123658  0.0127309  0.0055184  0.0048209  0.0128823  0.0188739  0.0127401  0.0105045  0.0043549  0.0035717  0.0062378  0.0051535  0.0286234  0.0400950  0.0028985  0.0022972
 3  0.1074261  0.0369880  0.0439636  0.3287505  0.5135993  0.9990000  0.9990000  0.9990000  0.9990000  0.9358809  0.9990000  0.9990000  0.9990000  0.9990000  0.9990000  0.9990000  0.9990000  0.9990000  0.9990000  0.9990000  0.9990000  0.9990000  0.9990000  0.9990000  0.9990000  0.9990000  0.9990000
 4  0.0426515  0.0354000  0.0324880  0.0180441  0.0241935  0.0409685  0.0660266  0.0436325  0.0255641  0.0255204  0.0384890  0.0626977  0.0547586  0.0453478  0.0404458  0.0463585  0.0706063  0.0884249  0.0693222  0.0669730  0.0480528  0.0286287  0.0286384  0.0418856  0.0447968  0.0320067  0.0298872
 1  0.1297236  0.2047868  0.2112079  0.1207101  0.1289915  0.1074631  0.1360195  0.1077096  0.1482494  0.1147602  0.1973974  0.0728222  0.0304424  0.0342546  0.0295293  0.1678892  0.2062682  0.1224829  0.1376619  0.0319641  0.0178563  0.0550457  0.0448967  0.1111530  0.1311644  0.1197113  0.1613618
 2  0.0243926  0.0381699  0.0411501  0.0237091  0.0261836  0.0231173  0.0304998  0.0236072  0.0302167  0.0212292  0.0297540  0.0066668  0.0035917  0.0048570  0.0048636  0.0295222  0.0366419  0.0213905  0.0133870  0.0039063  0.0026968  0.0094010  0.0085468  0.0241840  0.0308570  0.0291465  0.0396504
 3  0.1204050  0.0608182  0.0616495  0.1389990  0.1482770  0.1713197  0.2157253  0.3020780  0.4201619  0.6471324  0.9990000  0.9990000  0.6449192  0.4015044  0.3343767  0.3394292  0.4202643  0.6033294  0.7650800  0.0074722  0.0185923  0.0220532  0.0174777  0.1573136  0.1493325  0.1901841  0.2559535
 4  0.0445032  0.0402434  0.0360919  0.0292013  0.0337971  0.0447690  0.0598618  0.0766332  0.0921247  0.1230303  0.1490316  0.0836708  0.0538074  0.0493254  0.0561882  0.0619357  0.0763702  0.1074935  0.0428569  0.0379505  0.0353485  0.0331977  0.0350187  0.0247157  0.0249915  0.0334425  0.0444858
 1  0.1244105  0.0413573  0.0369520  0.0422222  0.0445334  0.1017467  0.1241835  0.2614199  0.2587046  0.1215856  0.1075042  0.2174863  0.2499981  0.1761459  0.2101051  0.1309874  0.1195371  0.1564173  0.1214646  0.2888021  0.4494191  0.4283947  0.9990000  0.0808665  0.0411381  0.0491056  0.0306164
 2  0.0246932  0.0080751  0.0077210  0.0096176  0.0111149  0.0270176  0.0278480  0.0505109  0.0446478  0.0208213  0.0198177  0.0440959  0.0555969  0.0408039  0.0496149  0.0292736  0.0170276  0.0238489  0.0216601  0.0560383  0.0832016  0.0723821  0.1682314  0.0081029  0.0049668  0.0057034  0.0035160
 3  0.1146225  0.0241753  0.0244071  0.0234214  0.0244516  0.1080806  0.1156204  0.0195316  0.0234531  0.0851770  0.0842750  0.0229183  0.0260823  0.0337507  0.0403351  0.0507329  0.0259079  0.0144741  0.0247321  0.3350699  0.3718897  0.7266189  0.9990000  0.9990000  0.9990000  0.9990000  0.0103648
 4  0.0469218  0.0352983  0.0304055  0.0349886  0.0429320  0.0306176  0.0359842  0.0370267  0.0368273  0.0330269  0.0335511  0.0298681  0.0396403  0.0525526  0.0625619  0.0692503  0.0474266  0.0340524  0.0337638  0.0179459  0.0142815  0.0248179  0.0473255  0.0578893  0.0401517  0.0263154  0.0432887
 1  0.1237088  0.1965694  0.2064178  0.2816890  0.4656363  0.4563088  0.6450274  0.0339606  0.0141649  0.0710804  0.0502294  0.1174751  0.1516461  0.1525570  0.2144742  0.1510132  0.3824025  0.0404317  0.0188451  0.0458428  0.0482789  0.0344601  0.0363358  0.0414211  0.0108123  0.0728647  0.0623883
 2  0.0237626  0.0374854  0.0408459  0.0585796  0.0892311  0.0615241  0.0788515  0.0032687  0.0016092  0.0101130  0.0086475  0.0237547  0.0326271  0.0329672  0.0456328  0.0289811  0.0534306  0.0038383  0.0024654  0.0063224  0.0057101  0.0045669  0.0053118  0.0031743  0.0013500  0.0116992  0.0121108
 3  0.1145732  0.0712104  0.0764891  0.2960130  0.4934618  0.9990000  0.9990000  0.9990000  0.0173968  0.0155364  0.0255199  0.2763369  0.2429417  0.3161017  0.4447065  0.8520123  0.9990000  0.9990000  0.9990000  0.9990000  0.9990000  0.9990000  0.9990000  0.0200781  0.0080355  0.0217540  0.0255974
 4  0.0440699  0.0359896  0.0353226  0.0126889  0.0177119  0.0246199  0.0296156  0.0197328  0.0396962  0.0359515  0.0319620  0.0214748  0.0202387  0.0253177  0.0358700  0.0567517  0.0870754  0.0617038  0.0511238  0.0540849  0.0430838  0.0395592  0.0498800  0.0523713  0.0375176  0.0317838  0.0318769
 1  0.1300004  0.1813853  0.1809208  0.1482565  0.1580197  0.1183599  0.1660705  0.1426988  0.2492057  0.0986544  0.0733600  0.0554541  0.0718103  0.0678263  0.0301862  0.0596072  0.0316885  0.1241514  0.1195414  0.1390133  0.1712459  0.2891939  0.4076989  0.1672009  0.1706357  0.0947223  0.0828750
 2  0.0246276  0.0342159  0.0359424  0.0282662  0.0299625  0.0238809  0.0356792  0.0270285  0.0364656  0.0112238  0.0086260  0.0074669  0.0101152  0.0063823  0.0035335  0.0071829  0.0046311  0.0216402  0.0242137  0.0325691  0.0435296  0.0708068  0.0875150  0.0304563  0.0251149  0.0146739  0.0146938
 3  0.1205402  0.0329261  0.0313441  0.2167101  0.2329269  0.2765808  0.3849196  0.7001484  0.9990000  0.9990000  0.9990000  0.9990000  0.9990000  0.9990000  0.9939165  0.0135182  0.0175176  0.0531553  0.0500305  0.0541858  0.0665091  0.0863480  0.1237709  0.1999355  0.2107157  0.1594792  0.1341493
 4  0.0455741  0.0374638  0.0398251  0.0353261  0.0396798  0.0563555  0.0880636  0.1124377  0.1376266  0.1463183  0.1169535  0.1264336  0.1766677  0.1062758  0.0695244  0.0428590  0.0370400  0.0335670  0.0422412  0.0577263  0.0747745  0.0821238  0.0956950  0.1198963  0.0836374  0.0752058  0.0867388
 1  0.1180277  0.0938898  0.0873230  0.0988684  0.1248767  0.1625684  0.1717518  0.1254532  0.1269272  0.1213301  0.1273985  0.1243493  0.0963850  0.1606293  0.1586946  0.1450668  0.1433984  0.1529404  0.1987519  0.1330920  0.1980881  0.2476056  0.2905643  0.0624721  0.0684139  0.1400795  0.1394449
 2  0.0228373  0.0181486  0.0181067  0.0218536  0.0270760  0.0341208  0.0334549  0.0246542  0.0272854  0.0268997  0.0287830  0.0231629  0.0168368  0.0293077  0.0293627  0.0279896  0.0301207  0.0323317  0.0389468  0.0243511  0.0338793  0.0332482  0.0338773  0.0083129  0.0097673  0.0184355  0.0167259
 3  0.1090697  0.0193185  0.0265718  0.2360573  0.2269273  0.0236697  0.0193821  0.0186867  0.0185160  0.0205005  0.0216804  0.0329526  0.0173244  0.0999757  0.1001924  0.0227156  0.0283092  0.3359215  0.4035475  0.5736032  0.8661964  0.9990000  0.9990000  0.9990000  0.9990000  0.9990000  0.9990000
 4  0.0428520  0.0346842  0.0353569  0.0226149  0.0229221  0.0354815  0.0365229  0.0380620  0.0469598  0.0515638  0.0544335  0.0445752  0.0355271  0.0346267  0.0369934  0.0356772  0.0355963  0.0174035  0.0143445  0.0186480  0.0252259  0.0334817  0.0308077  0.0337329  0.0412679  0.0455802  0.0386751
 1  0.1305073  0.1430011  0.1379313  0.1665856  0.2094149  0.2476178  0.4443164  0.4238771  0.5601988  0.0608733  0.0460336  0.0411150  0.0209620  0.1036457  0.0891736  0.1583262  0.2158049  0.2577184  0.3401741  0.1258496  0.1023312  0.0942459  0.0768114  0.1526785  0.1169410  0.1757645  0.1630417
 2  0.0247657  0.0269414  0.0275653  0.0343104  0.0424353  0.0490604  0.0809794  0.0555812  0.0550023  0.0075935  0.0045417  0.0048935  0.0028104  0.0170197  0.0170839  0.0347285  0.0508272  0.0538925  0.0604591  0.0175113  0.0143437  0.0150127  0.0134223  0.0242053  0.0196556  0.0309363  0.0307945
 3  0.1209417  0.0342975  0.0350933  0.2341449  0.2957395  0.4231432  0.7677916  0.9990000  0.9990000  0.9990000  0.9990000  0.0092010  0.0185562  0.0170211  0.0227410  0.2301875  0.2028263  0.3021170  0.4122493  0.5738482  0.2173005  0.0194809  0.0265629  0.1584513  0.1705061  0.0229824  0.0197414
 4  0.0457994  0.0402071  0.0338023  0.0224480  0.0278045  0.0393156  0.0613097  0.1208318  0.0965217  0.0937794  0.0456648  0.0432217  0.0383854  0.0327692  0.0310401  0.0173617  0.0201506  0.0215604  0.0232792  0.0210733  0.0330593  0.0361274  0.0414785  0.0372895  0.0330136  0.0346928  0.0335568
 1  0.1355563  0.1824441  0.1850035  0.1222685  0.1559780  0.0938092  0.0778885  0.0403010  0.0405115  0.0995339  0.1187363  0.1777869  0.2059337  0.2142270  0.2487139  0.1181154  0.1162062  0.1640438  0.1114136  0.0799959  0.0738071  0.1113134  0.1179241  0.2488998  0.2905121  0.2058579  0.1366464
 2  0.0258173  0.0347184  0.0367587  0.0259898  0.0291724  0.0159213  0.0143415  0.0083125  0.0095575  0.0268926  0.0328023  0.0446441  0.0457263  0.0454368  0.0517997  0.0234689  0.0243037  0.0266350  0.0178215  0.0145108  0.0150702  0.0250496  0.0283243  0.0593387  0.0581268  0.0294895  0.0213602
 3  0.1255444  0.0488555  0.0647119  0.2547228  0.2935894  0.0175521  0.0141948  0.0130533  0.0129369  0.0138469  0.0165578  0.0192886  0.0225047  0.0250682  0.0289553  0.0341627  0.0334051  0.0334135  0.0163615  0.0121325  0.0109460  0.0107881  0.0114059  0.0122946  0.0285857  0.1390007  0.1441341
 4  0.0485933  0.0332908  0.0328558  0.0220358  0.0325104  0.0345876  0.0347715  0.0412416  0.0513621  0.0674783  0.0705175  0.0690574  0.0660312  0.0738063  0.0829137  0.0882284  0.0983116  0.0548908  0.0382934  0.0394352  0.0452449  0.0502617  0.0564920  0.0557980  0.0499759  0.0457911  0.0336334
 1  0.1307984  0.1695620  0.1652239  0.2942590  0.5427122  0.8037502  0.6336234  0.3052747  0.3177423  0.1643978  0.1167392  0.1013926  0.0645222  0.1740323  0.1896093  0.1490732  0.1462914  0.0701176  0.0536366  0.0807018  0.0647868  0.1645868  0.1961604  0.1691511  0.2141477  0.1379101  0.1567640
 2  0.0245606  0.0317910  0.0328144  0.0624000  0.1046791  0.0871480  0.0723832  0.0374229  0.0433242  0.0195238  0.0126466  0.0125795  0.0096841  0.0302249  0.0367631  0.0282258  0.0236077  0.0114061  0.0082202  0.0133698  0.0124129  0.0365077  0.0497844  0.0457664  0.0560365  0.0320625  0.0354845
 3  0.1213701  0.0269507  0.0231965  0.3479451  0.6489961  0.9990000  0.9990000  0.9990000  0.9990000  0.9990000  0.9990000  0.2218002  0.1894054  0.1535695  0.1648549  0.2003275  0.3856488  0.0156541  0.0245450  0.0202316  0.0183694  0.0171812  0.0202928  0.0272094  0.0347631  0.0448231  0.0508481
 4  0.0453260  0.0325508  0.0321114  0.0153116  0.0236790  0.0284670  0.0251731  0.0289790  0.0367823  0.0403065  0.0247475  0.0357114  0.0315188  0.0343655  0.0445289  0.0465697  0.0325679  0.0426842  0.0408026  0.0337989  0.0318576  0.0399815  0.0580687  0.0787881  0.0852058  0.0918811  0.1076509
 1  0.1425452  0.1759241  0.1719313  0.1680900  0.2026780  0.1292960  0.1511535  0.1044153  0.1889979  0.3103332  0.2191440  0.0127301  0.0045181  0.0947069  0.0902544  0.0808968  0.0908933  0.1443197  0.1744338  0.1867244  0.1839779  0.1036596  0.1040989  0.0571189  0.0542413  0.0840666  0.0703627
 2  0.0270896  0.0331628  0.0340950  0.0337286  0.0365266  0.0229244  0.0285162  0.0208308  0.0377524  0.0360768  0.0188772  0.0011739  0.0006221  0.0165052  0.0186984  0.0199401  0.0250274  0.0401053  0.0420593  0.0383041  0.0355369  0.0205731  0.0220160  0.0122780  0.0114013  0.0162780  0.0132246
 3  0.1320490  0.0199079  0.0257673  0.2571231  0.2791264  0.3099627  0.3551295  0.5140797  0.9306426  0.9990000  0.9990000  0.0113537  0.0098959  0.0223221  0.0207317  0.0216250  0.0241678  0.0277252  0.0339120  0.0377006  0.0373547  0.0373025  0.0370664  0.0385619  0.0368640  0.0319289  0.0201291
 4  0.0507192  0.0347455  0.0323136  0.0314491  0.0286145  0.0331201  0.0448069  0.0720369  0.1267257  0.2155834  0.0955282  0.0425179  0.0352311  0.0292536  0.0374048  0.0503069  0.0601103  0.0644310  0.0600561  0.0517781  0.0493808  0.0549404  0.0615813  0.0624435  0.0550127  0.0380761  0.0335658
 1  0.1323154  0.1439949  0.1373241  0.1102793  0.1293789  0.2372153  0.2573350  0.2486497  0.2758427  0.2255883  0.1833755  0.1412254  0.1326700  0.1541647  0.1783030  0.1392082  0.1114192  0.0747652  0.0560967  0.0972966  0.1256741  0.2731288  0.6949477  0.2832873  0.1945070  0.0819157  0.0539455
 2  0.0251284  0.0271413  0.0274662  0.0238818  0.0283824  0.0491144  0.0503356  0.0455661  0.0491151  0.0366835  0.0291933  0.0248902  0.0260752  0.0322863  0.0373586  0.0268845  0.0158769  0.0115779  0.0101803  0.0206975  0.0306504  0.0709003  0.1252826  0.0315979  0.0217720  0.0113407  0.0078594
 3  0.1226001  0.0257490  0.0279484  0.1231044  0.1329786  0.0223454  0.0210072  0.1850813  0.1863383  0.0205275  0.0192776  0.0203075  0.0199205  0.1572199  0.1485462  0.0228760  0.0178028  0.0146655  0.0258919  0.2225992  0.2846452  0.4491919  0.9990000  0.9990000  0.3292070  0.0126986  0.0190438
 4  0.0466048  0.0331738  0.0326204  0.0252903  0.0301205  0.0363737  0.0358362  0.0303741  0.0341955  0.0405228  0.0400207  0.0327166  0.0325783  0.0250012  0.0276406  0.0501666  0.0469569  0.0365316  0.0318021  0.0142446  0.0225626  0.0359275  0.0440923  0.0471356  0.0408369  0.0398606  0.0378190
 1  0.1289129  0.2032378  0.2232913  0.1408532  0.1407164  0.1469618  0.1787666  0.1153925  0.1652037  0.0736125  0.0738238  0.0533359  0.0568663  0.0337134  0.0126400  0.1143145  0.1219096  0.1925701  0.2007283  0.1934812  0.2167158  0.3084136  0.4559331  0.2318355  0.3250879  0.0826924  0.0602434
 2  0.0243850  0.0384447  0.0433524  0.0273984  0.0272361  0.0287084  0.0348485  0.0220250  0.0277081  0.0098711  0.0099229  0.0072739  0.0070743  0.0032365  0.0017681  0.0202211  0.0257435  0.0426537  0.0405731  0.0384177  0.0442477  0.0654327  0.0948340  0.0434155  0.0426709  0.0103400  0.0091545
 3  0.1195341  0.1265473  0.1264281  0.0331414  0.0336519  0.2848573  0.3458262  0.4915360  0.7192833  0.9990000  0.9990000  0.9990000  0.9990000  0.0079737  0.0150772  0.1059442  0.0939246  0.0300805  0.0223452  0.1124835  0.1112026  0.1399558  0.2087718  0.4117370  0.6094555  0.4947956  0.3387323
 4  0.0452728  0.0388716  0.0329828  0.0336240  0.0335142  0.0233518  0.0294520  0.0403541  0.0443179  0.0424423  0.0441827  0.0496489  0.0443749  0.0394618  0.0364356  0.0273900  0.0279180  0.0402496  0.0345176  0.0259882  0.0241523  0.0321471  0.0442264  0.0735183  0.0526943  0.0418141  0.0439872
 1  0.1102676  0.1079712  0.1034555  0.1329025  0.1714880  0.1661198  0.1516425  0.1609312  0.1771634  0.1741838  0.2060621  0.1349430  0.1290979  0.1860151  0.1719992  0.1016331  0.0874558  0.0913551  0.0924012  0.1151801  0.0889112  0.0698256  0.0656121  0.1014222  0.1177794  0.1163196  0.1049663
 2  0.0212429  0.0209596  0.0214914  0.0280766  0.0345111  0.0299538  0.0274022  0.0318625  0.0390993  0.0418145  0.0423623  0.0260091  0.0257352  0.0351141  0.0326669  0.0189177  0.0166026  0.0187696  0.0199207  0.0211715  0.0161317  0.0135561  0.0140504  0.0246195  0.0324552  0.0268768  0.0212460
 3  0.1019949  0.0310025  0.0223581  0.3155796  0.3489584  0.0265552  0.0172450  0.0159702  0.0172648  0.0209739  0.0253547  0.0240928  0.0225725  0.0226737  0.0562278  0.0256636  0.0250266  0.0431540  0.0415398  0.0247597  0.0201428  0.0232154  0.0245273  0.0249543  0.1172134  0.0240164  0.0249387
 4  0.0398775  0.0357684  0.0352296  0.0186327  0.0172186  0.0330006  0.0340222  0.0394074  0.0529853  0.0705780  0.0541645  0.0501206  0.0541587  0.0467799  0.0343425  0.0354568  0.0356502  0.0321280  0.0390112  0.0408294  0.0349107  0.0327373  0.0327824  0.0417209  0.0289809  0.0397685  0.0375869
 1  0.1249681  0.1369230  0.1301353  0.3522527  0.5403927  0.4017773  0.5005798  0.2287868  0.2162433  0.0983838  0.0863113  0.0641170  0.0555263  0.1065534  0.1054661  0.0730023  0.0635867  0.0852617  0.0864633  0.0544708  0.0508444  0.0797529  0.0943050  0.0630849  0.0586478  0.0668542  0.0552101
 2  0.0235296  0.0257902  0.0262041  0.0774673  0.1262117  0.0776174  0.0808802  0.0343761  0.0337539  0.0161525  0.0125094  0.0103930  0.0104786  0.0211864  0.0204763  0.0135994  0.0123326  0.0173804  0.0181629  0.0112333  0.0110026  0.0189737  0.0234790  0.0140160  0.0119632  0.0123447  0.0100044
 3  0.1159195  0.0260395  0.0256632  0.0265839  0.0404657  0.0970793  0.1261191  0.1551234  0.1454528  0.1430009  0.1277251  0.0869014  0.0722512  0.0725590  0.0729222  0.0670247  0.0580029  0.0547807  0.0554444  0.0552018  0.0513547  0.0525685  0.0619232  0.0719874  0.0679597  0.0612983  0.0263812
 4  0.0433172  0.0317761  0.0324562  0.0404761  0.0688419  0.1022074  0.1014090  0.1158694  0.1182507  0.1279471  0.0842608  0.0748916  0.0884113  0.0911418  0.0809411  0.0687399  0.0676303  0.0719742  0.0744213  0.0679533  0.0727150  0.0928105  0.1119648  0.0925596  0.0788823  0.0608255  0.0369685
 1  0.1235830  0.1405912  0.1391437  0.1821034  0.2160714  0.1764575  0.2253326  0.2614492  0.8760924  0.0163675  0.0055055  0.0638034  0.0544686  0.1053017  0.1035496  0.2236589  0.2422259  0.3470400  0.6165290  0.6430716  0.4447867  0.3369653  0.4350768  0.1578473  0.1533811  0.0549673  0.0493480
 2  0.0244388  0.0275778  0.0286055  0.0370356  0.0389478  0.0310770  0.0422899  0.0498755  0.1004331  0.0013290  0.0006958  0.0103106  0.0104821  0.0218106  0.0202855  0.0445459  0.0491609  0.0719747  0.1145742  0.0672787  0.0557543  0.0442124  0.0573895  0.0203185  0.0173245  0.0072666  0.0054461
 3  0.1139036  0.0361802  0.0317187  0.2426588  0.3065838  0.3500331  0.4382880  0.8053452  0.9990000  0.9990000  0.0083548  0.0176501  0.0253625  0.1158451  0.1150135  0.0243556  0.0239584  0.3175654  0.5737702  0.9990000  0.9990000  0.9990000  0.9990000  0.9990000  0.9990000  0.9990000  0.9990000
 4  0.0466939  0.0376758  0.0399549  0.0271759  0.0260997  0.0309896  0.0463480  0.0861775  0.1151554  0.0453643  0.0337335  0.0317805  0.0355328  0.0372426  0.0365299  0.0328622  0.0306299  0.0145747  0.0214465  0.0226970  0.0222701  0.0299087  0.0396765  0.0587293  0.0452081  0.0437494  0.0275174
 1  0.1114495  0.1062878  0.1022442  0.1068404  0.1255909  0.0803279  0.0956364  0.1019024  0.0989491  0.0472939  0.0358379  0.0778701  0.0733157  0.1137373  0.1203106  0.1939059  0.2466416  0.2801013  0.4200595  0.2963541  0.2833064  0.0596236  0.0459222  0.1166849  0.1132066  0.1152345  0.0942104
 2  0.0220729  0.0212015  0.0216742  0.0242037  0.0289343  0.0186998  0.0207257  0.0200658  0.0166244  0.0076908  0.0064952  0.0151094  0.0153241  0.0253869  0.0285522  0.0478444  0.0631900  0.0733000  0.0895962  0.0508663  0.0402070  0.0092479  0.0081988  0.0232834  0.0235175  0.0220273  0.0168658
 3  0.1026403  0.0192261  0.0280534  0.1068213  0.1252347  0.1519027  0.1815433  0.1779541  0.2132398  0.0201797  0.0199218  0.0640159  0.0664446  0.0223136  0.0285611  0.0320041  0.0406040  0.0584496  0.0897215  0.1193996  0.1158660  0.0146551  0.0108067  0.0093024  0.0233447  0.0288362  0.0258809
 4  0.0426156  0.0359750  0.0344667  0.0275060  0.0321948  0.0402386  0.0399086  0.0342039  0.0338805  0.0385889  0.0341446  0.0354428  0.0351563  0.0328520  0.0314415  0.0374368  0.0512376  0.0745585  0.0696288  0.0693958  0.0481785  0.0328808  0.0328649  0.0342632  0.0402966  0.0393643  0.0367670
