FL 2019 2020 2021 2022 2023 2024 2025 2026 2027 2028 2029 2030 2031 2032 2033 2034 2035 2036 2037 2038 2039 2040 2041 2042 2043 2044 2045
 1  0.1254765  0.1016565  0.0882655  0.0875281  0.0797405  0.0970308  0.0773715  0.1388374  0.1782284  0.2147287  0.2732049  0.1387365  0.1442649  0.1770214  0.1999722  0.2571295  0.2926460  0.1853328  0.1964532  0.0510169  0.0337437  0.0562278  0.0474157  0.1213830  0.1173222  0.2204499  0.2452487
 2  0.0238751  0.0186097  0.0166999  0.0177188  0.0119572  0.0155139  0.0143537  0.0296798  0.0428121  0.0543739  0.0665202  0.0287453  0.0289098  0.0370655  0.0422106  0.0503255  0.0541908  0.0352807  0.0360856  0.0081079  0.0054757  0.0098339  0.0093334  0.0231400  0.0219819  0.0429477  0.0517006
 3  0.1162273  0.0258324  0.0184399  0.0686419  0.0639168  0.0243094  0.0232102  0.1473385  0.1168522  0.0286296  0.0257455  0.1195193  0.1180402  0.0246395  0.0228625  0.1766328  0.2031871  0.0260719  0.0276525  0.0191411  0.0217098  0.0257555  0.0260166  0.2116805  0.2070348  0.0233726  0.0248602
 4  0.0444602  0.0413237  0.0359680  0.0619562  0.0530607  0.0411930  0.0306857  0.0357969  0.0298873  0.0421505  0.0409462  0.0354776  0.0325825  0.0377295  0.0378430  0.0408541  0.0453039  0.0375703  0.0344833  0.0482626  0.0363300  0.0395203  0.0390641  0.0408521  0.0300253  0.0388759  0.0301352
 1  0.1220670  0.0981552  0.0854138  0.1353696  0.1718397  0.1579417  0.1262380  0.1063040  0.1070695  0.1158973  0.1059664  0.0604162  0.0594327  0.0693232  0.0665240  0.0578117  0.0597429  0.0667961  0.0558395  0.2512254  0.4575906  0.5205026  0.5128868  0.1337886  0.1227203  0.0716301  0.0572109
 2  0.0232303  0.0180890  0.0163047  0.0273505  0.0344487  0.0268944  0.0216231  0.0196898  0.0194597  0.0214066  0.0213227  0.0125121  0.0128217  0.0150504  0.0144715  0.0131219  0.0109019  0.0119009  0.0109615  0.0545916  0.0944973  0.0766524  0.0794990  0.0224178  0.0215041  0.0125876  0.0103951
 3  0.1130934  0.0225377  0.0228198  0.2863830  0.2845649  0.0232623  0.0240194  0.1503953  0.1438202  0.0233946  0.0196840  0.0972043  0.0862219  0.0274679  0.0304973  0.1232198  0.1289121  0.0189719  0.0259956  0.3656662  0.4179384  0.0164266  0.0165050  0.0191113  0.0173946  0.0214451  0.0186748
 4  0.0433681  0.0394611  0.0349725  0.0264851  0.0315934  0.0385646  0.0355452  0.0329010  0.0300853  0.0361333  0.0339730  0.0328141  0.0298842  0.0399038  0.0350986  0.0436091  0.0430308  0.0355147  0.0342414  0.0121653  0.0162728  0.0373939  0.0303116  0.0418239  0.0394845  0.0344660  0.0332915
 1  0.1187765  0.1402300  0.1278097  0.1249310  0.1243895  0.2803080  0.3268702  0.1752779  0.1696135  0.1290678  0.1274059  0.1631003  0.1695396  0.0833224  0.0752201  0.1531333  0.1877509  0.1746608  0.1562615  0.1120172  0.1118475  0.2299493  0.2687782  0.1382554  0.1046112  0.1116419  0.1008326
 2  0.0226444  0.0259647  0.0241850  0.0228626  0.0224662  0.0531114  0.0624552  0.0314706  0.0304094  0.0242760  0.0258750  0.0329067  0.0312893  0.0156063  0.0140436  0.0303681  0.0346530  0.0304843  0.0275383  0.0208298  0.0226495  0.0493314  0.0559692  0.0235926  0.0166696  0.0193986  0.0200529
 3  0.1100329  0.0361239  0.0389285  0.2367334  0.2540004  0.0232969  0.0255477  0.1412370  0.1300496  0.0274530  0.0221985  0.1458704  0.1712794  0.0173544  0.0244764  0.2925385  0.2922857  0.0247169  0.0232434  0.1141832  0.1046173  0.0288411  0.0235865  0.0880389  0.0847092  0.0205613  0.0292094
 4  0.0423910  0.0371873  0.0411214  0.0270765  0.0236004  0.0329456  0.0372531  0.0353572  0.0310527  0.0349468  0.0343469  0.0370726  0.0294906  0.0324501  0.0337877  0.0288596  0.0261179  0.0363729  0.0391862  0.0338099  0.0299789  0.0359033  0.0394188  0.0429481  0.0391393  0.0332779  0.0310106
 1  0.1193897  0.0451615  0.0373606  0.1285189  0.1400232  0.1353740  0.1424380  0.0669454  0.0589422  0.0435681  0.0348292  0.0517379  0.0493193  0.0609660  0.0621314  0.0778947  0.0912834  0.1623350  0.1791746  0.1306111  0.1431933  0.1762788  0.1633977  0.1679505  0.2416513  0.1909945  0.1873339
 2  0.0226910  0.0082681  0.0071795  0.0260860  0.0287931  0.0285202  0.0295025  0.0136310  0.0105372  0.0076492  0.0068041  0.0103746  0.0104147  0.0137471  0.0148485  0.0193315  0.0211594  0.0365598  0.0386454  0.0275019  0.0254575  0.0306627  0.0314911  0.0359345  0.0522870  0.0367552  0.0360801
 3  0.1105887  0.0209768  0.0199635  0.1265905  0.1269487  0.0246058  0.0206589  0.0177001  0.0233392  0.0243349  0.0258522  0.1188245  0.1160959  0.0240158  0.0299544  0.1330181  0.1351008  0.0215017  0.0241471  0.1938387  0.2200401  0.0226697  0.0185653  0.2730501  0.2952974  0.0190224  0.0207548
 4  0.0420011  0.0379338  0.0337511  0.0292536  0.0310655  0.0356872  0.0353786  0.0428553  0.0442217  0.0363842  0.0394351  0.0397682  0.0356218  0.0349849  0.0344927  0.0313342  0.0326548  0.0341139  0.0338920  0.0370014  0.0383718  0.0342961  0.0315242  0.0154575  0.0227667  0.0340144  0.0384272
 1  0.1189860  0.0867447  0.0754473  0.0955894  0.0938757  0.1642484  0.1539917  0.2886568  0.3570798  0.4015461  0.4870410  0.1858463  0.2017232  0.0834748  0.0585570  0.1677903  0.2246274  0.2709550  0.2930957  0.0794224  0.0615318  0.1857808  0.2821147  0.4380704  0.9990000  0.0617176  0.0259033
 2  0.0231473  0.0161684  0.0144941  0.0188647  0.0168697  0.0300345  0.0282515  0.0559783  0.0647551  0.0710297  0.0933102  0.0354890  0.0278275  0.0119413  0.0095067  0.0314286  0.0446875  0.0542892  0.0448995  0.0124489  0.0111585  0.0378740  0.0576009  0.0825933  0.1728988  0.0058643  0.0029483
 3  0.1099257  0.0262826  0.0279649  0.1320489  0.1314069  0.0207650  0.0229588  0.1255582  0.1340553  0.0176021  0.0219797  0.2520456  0.3924508  0.0110933  0.0191622  0.3310464  0.3145590  0.0292857  0.0203413  0.0163284  0.0244752  0.3492054  0.3800854  0.6639074  0.9990000  0.9990000  0.0074990
 4  0.0434759  0.0423656  0.0387991  0.0370913  0.0341707  0.0372503  0.0383157  0.0378566  0.0364640  0.0336702  0.0334060  0.0382146  0.0361324  0.0376680  0.0349066  0.0188444  0.0211964  0.0441763  0.0432685  0.0338860  0.0351969  0.0155732  0.0159461  0.0241467  0.0395394  0.0347402  0.0416061
 1  0.1162521  0.1609616  0.1490684  0.1880626  0.2237314  0.2315391  0.2490575  0.1302990  0.0963162  0.1153737  0.1112147  0.0783031  0.0815640  0.1228152  0.1372820  0.1762329  0.1893614  0.1227713  0.1389029  0.0790654  0.0710965  0.1024799  0.0779292  0.1809739  0.2413758  0.0834522  0.0624913
 2  0.0225599  0.0301525  0.0282794  0.0362309  0.0414320  0.0432438  0.0469007  0.0217108  0.0154169  0.0203848  0.0222365  0.0173807  0.0186807  0.0276825  0.0283779  0.0355252  0.0407923  0.0272641  0.0288973  0.0157311  0.0130539  0.0171845  0.0142142  0.0372248  0.0476434  0.0138585  0.0111510
 3  0.1074261  0.0262871  0.0252142  0.2443708  0.2369224  0.0184246  0.0226416  0.0286811  0.0395818  0.0952436  0.0954188  0.0288745  0.0310878  0.1612853  0.1854741  0.0157474  0.0234993  0.1362345  0.1492461  0.0243368  0.0200615  0.0231333  0.0215012  0.2399913  0.2589354  0.0192189  0.0201983
 4  0.0426515  0.0354289  0.0382211  0.0293629  0.0258141  0.0303184  0.0418235  0.0404517  0.0365011  0.0293910  0.0298748  0.0356890  0.0390838  0.0279479  0.0291105  0.0327134  0.0322258  0.0312440  0.0320879  0.0401878  0.0454776  0.0386639  0.0351594  0.0209244  0.0314388  0.0378597  0.0335696
 1  0.1297236  0.1629250  0.1486158  0.0773632  0.0726180  0.0855115  0.0889945  0.0874790  0.1036568  0.1170908  0.1479115  0.1057528  0.0751507  0.0489951  0.0394758  0.1720693  0.2223079  0.1636716  0.1591520  0.0562680  0.0383180  0.0627931  0.0593800  0.1327618  0.1409026  0.1010508  0.1424670
 2  0.0243926  0.0292131  0.0271400  0.0140779  0.0138415  0.0177124  0.0201048  0.0208521  0.0246009  0.0274065  0.0322799  0.0171288  0.0114339  0.0080455  0.0074707  0.0363040  0.0481878  0.0353060  0.0235353  0.0084023  0.0063941  0.0113885  0.0113461  0.0276493  0.0321155  0.0245993  0.0346549
 3  0.1204050  0.0545346  0.0310596  0.1526006  0.1544310  0.0205048  0.0332091  0.1376007  0.1497619  0.1799699  0.2284609  0.1831044  0.2217833  0.0196984  0.0219733  0.2175507  0.2168648  0.0290970  0.0209216  0.0175666  0.0221793  0.1793193  0.1811601  0.0237982  0.0234757  0.2720454  0.2772095
 4  0.0445032  0.0416727  0.0376057  0.0371914  0.0326029  0.0308486  0.0326001  0.0285514  0.0281971  0.0334598  0.0370128  0.0386851  0.0336975  0.0330968  0.0332604  0.0220627  0.0211420  0.0556011  0.0507353  0.0383810  0.0370639  0.0306546  0.0329460  0.0344638  0.0344563  0.0109915  0.0132069
 1  0.1244105  0.0278125  0.0227714  0.0281976  0.0273564  0.0869863  0.1009732  0.2411532  0.2160018  0.1143090  0.1025035  0.2218918  0.2549619  0.1764674  0.2450687  0.1458912  0.1143069  0.1505720  0.1131862  0.2852969  0.4266693  0.4021314  0.5154671  0.0986474  0.0750770  0.0719149  0.0503415
 2  0.0246932  0.0052100  0.0044149  0.0058949  0.0062396  0.0210862  0.0201153  0.0427298  0.0356084  0.0193523  0.0187633  0.0446719  0.0563233  0.0405167  0.0540917  0.0282018  0.0144138  0.0220396  0.0198273  0.0549043  0.0800727  0.0707901  0.0930816  0.0159140  0.0123986  0.0115776  0.0078443
 3  0.1146225  0.0171745  0.0205134  0.0232454  0.0259320  0.1592068  0.1813282  0.0217673  0.0231833  0.1238877  0.1120854  0.0224740  0.0268369  0.2279444  0.2434365  0.0218041  0.0170714  0.0118707  0.0234885  0.2987677  0.3234904  0.0214056  0.0193799  0.0163559  0.0237978  0.0246030  0.0190568
 4  0.0469218  0.0353773  0.0360434  0.0347107  0.0342583  0.0368581  0.0414562  0.0400276  0.0389129  0.0377811  0.0335759  0.0316695  0.0348178  0.0185634  0.0208501  0.0595224  0.0460615  0.0364351  0.0363556  0.0283549  0.0250736  0.0334911  0.0362668  0.0393225  0.0401372  0.0420930  0.0410214
