2019 2020 2021 2022 2023 2024 2025 2026 2027 2028 2029 2030 2031 2032 2033 2034 2035 2036 2037 2038 2039 2040 2041 2042 2043 2044 2045
 0.3695097  0.2221081  0.1716385  0.3292335  0.2854219  0.1856936  0.1558517  0.4971164  0.5063618  0.4171327  0.5306231  0.4215832  0.3817776  0.3204528  0.3495272  1.0371609  1.6328353  2.1858768        NaN  0.0920989  0.0685630  0.1210071  0.1068144  0.4496173  0.4021401  0.3804620  0.4107095
 0.3576641  0.1905165  0.1800400  0.4679878  0.5185287  0.2744914  0.2297133  0.3215886  0.3395352  0.2270536  0.2140978  0.2825301  0.2787049  0.1549207  0.1549173  0.2370374  0.2365379  0.1464125  0.1426757  1.1388592        NaN  1.0906246  1.0589235  0.2457378  0.2243850  0.1624402  0.1303351
 0.3464490  0.2957488  0.2613729  0.6254685  0.6667358  0.5041977  0.6078438  0.4892267  0.4844509  0.2294459  0.2358794  0.7168733  0.8599847  0.1709187  0.1560506  0.4896217  0.4923796  0.2864584  0.2753862  0.5911869  0.6137487  0.4715550  0.5505880  0.2178007  0.1598323  0.2130215  0.1965650
 0.3476240  0.1168506  0.1087859  0.4073371  0.4169925  0.2467494  0.2670732  0.1647839  0.1489916  0.1136104  0.1144381  0.3347713  0.3191558  0.1468618  0.1502995  0.2656195  0.2832058  0.2824606  0.3146140  0.4569740  0.5325175  0.3010008  0.2906214  0.6351902  0.8491454  0.3247306  0.3219434
 0.3487996  0.1772313  0.1653768  0.3607809  0.4042135  0.3068838  0.2924397  0.7387784  0.9105019  0.7414057  0.9662089  0.5544144  0.6101152  0.1531336  0.1399202  0.9004793  1.0556652  0.5036294  0.5024072  0.1430552  0.1259406  0.6769756  0.8671761  2.2519462        NaN        NaN  0.1241114
 0.3394349  0.2941524  0.2642355  0.6060789  0.6871370  0.3969321  0.4553905  0.3362084  0.2831384  0.2150119  0.1989535  0.3062546  0.3156519  0.2539593  0.2570087  0.5602150  0.6215697  0.2726573  0.2782449  0.1485596  0.1525611  0.2189743  0.1847172  0.5875844  0.7322312  0.1668110  0.1350536
 0.3824709  0.3126209  0.2988636  0.3604282  0.3615403  0.1742346  0.1842029  0.2655562  0.2744451  0.3227484  0.2557930  0.1846235  0.1454638  0.1253737  0.1119108  0.5267073  0.6269299  0.3389580  0.3056379  0.1255419  0.1163827  0.4579532  0.4458651  0.2654109  0.2713154  0.5277601  0.6659181
 0.3701290  0.0956845  0.1001367  0.0957784  0.0863163  0.3564945  0.4379147  0.4128115  0.3687400  0.3516883  0.3279683  0.3867889  0.4523820  0.5805922  0.7195479  0.2738152  0.1988906  0.2992236  0.2588700  0.5307821  0.6374974  1.2795357        NaN  0.3044897  0.2309914  0.1324142  0.1032569
 0.3638768  0.2854247  0.2592777  0.9692691  1.3547097  0.4358577  0.3882994  0.1123710  0.0863896  0.2067782  0.1895059  0.2560766  0.2748666  0.5242507  0.6600748  0.2686102  0.3098529  0.1491293  0.1209088  0.1504338  0.1359448  0.1998624  0.2178752  0.1750266  0.1164008  0.1409303  0.1437081
 0.3850089  0.3066869  0.2851670  0.3653797  0.3440513  0.1760784  0.1871817  0.4333203  0.5094400  0.2365048  0.2186499  0.1667305  0.1652913  0.2508045  0.2147290  0.2070810  0.1755049  0.5954033  0.6675863  0.3354193  0.4177544  1.1345755  2.1520637  1.5233023  0.2324246  0.1425987  0.1344555
 0.3449682  0.1427982  0.1313108  0.2884962  0.2901537  0.2227156  0.2310536  0.3615762  0.3664965  0.2622669  0.2787799  0.4043898  0.3642657  0.2985370  0.2729986  0.4252675  0.4379581  0.3094680  0.3004292  0.3128922  0.3101912  0.3257691  0.3534228  0.3917761  0.4211732  0.3893344  0.4516685
 0.3868784  0.2138498  0.1921007  0.4061536  0.4150918  0.3287781  0.3617380  0.7610673  1.2032032  0.3366689  0.2471642  0.1498736  0.1139976  0.3262259  0.3146392  0.3212198  0.3829566  0.8319653  1.3665801  0.2588745  0.1974668  0.2177798  0.2172150  0.3130784  0.2415023  0.5429833  0.5917830
 0.4068006  0.2478321  0.2203980  0.3208491  0.3292476  0.1469784  0.1340178  0.1379701  0.1476889  0.2587413  0.3217834  0.6408200  0.8590218  0.3812100  0.4065560  0.1802588  0.1833062  0.4212841  0.3666602  0.1658609  0.1598441  0.4040106  0.4083888  0.4840263  0.5214956  0.4943445  0.3796883
 0.3868869  0.2863116  0.2599915  1.0305871  1.7410455  0.5773720  0.3741639  0.4562249  0.4478994  0.7217011  0.8994187  0.3757297  0.2945604  0.6864684  0.7311254  0.2968957  0.2495356  0.1417234  0.1265526  0.2174608  0.1955118  0.3242832  0.3942365  0.6351941  1.0786835  0.2998069  0.3006456
 0.4323681  0.2986605  0.2639606  0.4337438  0.3912061  0.1828780  0.1706014  0.1791295  0.2125585  0.2774987  0.3307313  0.1196799  0.0949869  0.3364131  0.3411850  0.1928945  0.2184416  0.5596279  0.9229596  0.3387637  0.2866966  0.1881725  0.1742821  0.1361297  0.1300636  0.2845647  0.2730012
 0.3936755  0.2437968  0.2254069  0.2443612  0.2425034  0.3376737  0.3361668  0.8190684  1.0000219  0.4261346  0.3258560  0.3915788  0.3706935  0.3043605  0.3155155  0.6410731  0.8753445  0.1477956  0.1183755  0.4499327  0.4846103  0.4575449  0.6629731  0.8768823  1.1071222  0.2842554  0.2241119
 0.3811711  0.3202605  0.3113772  0.4217031  0.4025191  0.2432081  0.2396990  0.3491423  0.3670926  0.1634478  0.1451783  0.2962230  0.3123393  0.1612334  0.1231465  0.5565662  0.5522697  0.4455185  0.4412466  0.4943937  0.5000477  0.5382297  0.7119880  0.5292602  0.6789462  0.2062331  0.1610471
 0.3180644  0.1736156  0.1584152  0.6598481  0.8004470  0.2195786  0.1925163  0.7315839  0.8509895  0.4145940  0.4274715  0.1751051  0.1740057  0.6358244  0.7038973  0.2063016  0.1758175  0.2487653  0.2644021  0.2337299  0.1766920  0.1530439  0.1471881  0.4982781  0.5729235  0.2586270  0.2011616
 0.3661831  0.2418219  0.2111435  1.3447219        NaN        NaN        NaN        NaN        NaN        NaN  0.1342569  0.1056121  0.0941707  0.2743251  0.2677244  0.1707253  0.1603651  0.3493048  0.3626613  0.1456445  0.1352359  0.2643398  0.3059121  0.1746145  0.1514884  0.1476886  0.1373206
 0.3672031  0.2108708  0.1905081  0.7423980  0.8098518  0.2496027  0.2400856  0.7037789  1.0515214  0.1295787  0.0965238  0.2053217  0.2079202  0.2400423  0.2208783  0.7442668  0.9521434  0.9099226  1.4654970  0.7151970  0.5264772  0.5162820  0.5566282  0.6993509  0.9189036  0.2317170  0.2155026
 0.3251653  0.2014495  0.1740627  0.1816603  0.1800790  0.1379429  0.1390433  0.2414365  0.2528961  0.1356310  0.1182602  0.3893244  0.4061965  0.2438182  0.2578923  0.7756045  1.0662336  0.7144707  0.9899963  0.2809214  0.2119852  0.1306612  0.1154461  0.4529052  0.5317020  0.2647577  0.2005236
 0.3393207  0.2101451  0.1948207  0.3223071  0.3413751  0.1531299  0.1553420  0.7307988  1.2533694  0.1364191  0.1119223  0.1509182  0.1286580  0.4777004  0.5215395  0.3666410  0.4207446  0.3561150  0.3391363  0.2711069  0.2444947  0.2118888  0.1710063  0.2302045  0.2193329  0.1577745  0.1673936
 0.3828618  0.2043630  0.1902160  0.8267761  0.8760128  1.1771222  2.2279366  0.7421892  0.6240959  0.5997797  0.5753735  1.3117385  2.5145633  0.7410665  0.4546396  0.3971741  0.3622100  0.4362682  0.4742434  0.2149232  0.2136495  0.1394304  0.1279836  0.4924615  0.5275987  0.3332351  0.3646341
 0.3563025  0.2366487  0.2114676  0.2887338  0.2801705  0.2115471  0.2030593  0.2617359  0.2623416  0.2003322  0.2055982  0.4689096  0.5950544  0.2459788  0.2192462  0.1519300  0.1340337  0.1745895  0.1230501  0.2781493  0.2844504  0.3279245  0.4500074  0.3661929  0.4933866  0.2717980  0.2556588
 0.3215713  0.1971045  0.1791315  0.5157666  0.5868321  0.3142885  0.2869824  0.9512614  1.4907148  0.2395559  0.1787005  0.1180979  0.0922773  0.2799977  0.2770462  0.2791694  0.2397236  0.3997202  0.4324525  0.3069185  0.3381284  0.7627434  0.7155181  0.2339009  0.2427111  0.4428804  0.5576700
 0.3346949  0.1532576  0.1373728  0.2445402  0.2377179  0.3456611  0.4453958  0.2012248  0.1806962  0.1851111  0.1600553  0.1439236  0.1165567  0.2933745  0.2920374  0.1336743  0.1433864  0.2823007  0.3045205  0.2012355  0.2153310  0.2948357  0.3055655  0.1915717  0.1974387  0.1095170  0.1110218
 0.3399655  0.1576353  0.1440382  0.3505450  0.3585954  0.2489365  0.2598111  0.2880599  0.2883777  0.2240697  0.2230354  0.1492632  0.1200052  0.2717185  0.2789265  0.2271445  0.2319787  0.3501384  0.3761384  0.2140467  0.2059211  0.1041230  0.0940819  0.1523245  0.1638846  0.3285749  0.2973836
 0.3825636  0.1987062  0.1797686  0.2889685  0.2777242  0.2138048  0.1899371  0.5538639  0.5529526  0.2203427  0.2235279  0.3902064  0.4225360  0.1778057  0.1671595  0.4153175  0.4811605  0.3336505  0.2884368  0.1459423  0.1141253  0.2592015  0.2508747  0.2118152  0.2269159  0.6752754  1.0868652
 0.3444544  0.1706419  0.1508822  0.7463516  0.9323460  0.2927424  0.2918269  0.2756998  0.2395369  0.1289419  0.1169192  0.5568112  0.6479543  0.3393567  0.3539182  0.1899989  0.1702018  0.4673641  0.4865228  0.2147409  0.1938773  0.7934584  0.9595127  0.2829637  0.2947036  0.1258899  0.1138930
 0.3101507  0.2137318  0.1953142  0.3275822  0.3254353  0.3656941  0.4754181  0.3345117  0.3193631  0.1287859  0.1064628  0.2659656  0.2521142  0.3809465  0.4778500  0.7592411  1.0556295  0.1112194  0.0956351  0.2650783  0.2710539  0.5607127  0.6862639  0.5347317  0.5223086  0.3230937  0.2326853
 0.3940070  0.2235207  0.1926911  0.3973167  0.4436693  0.2362476  0.2013693  0.6937714  0.6709061  0.3923694  0.4887354  0.1724687  0.1674876  0.2323460  0.2195867  0.1883016  0.1586233  0.2750307  0.2603740  0.3098241  0.3690856  0.5775322  0.6540832  0.2269013  0.2347400  0.2132116  0.2075286
 0.3111018  0.2263500  0.2179940  0.2476370  0.2272044  0.1812801  0.1855575  0.3563894  0.3522685  0.1301319  0.1125695  0.2481997  0.2349910  0.1585716  0.1670483  0.5445601  0.6285897  0.1667306  0.1830545  0.1862748  0.1910470  0.1226651  0.1101491  0.2879793  0.3060080  0.2315918  0.1916695
 0.3583571  0.7241758  0.8032736  1.2005051  1.8558564  3.0313462        NaN  0.6070660  0.5121340  0.1371667  0.1312050  0.4549833  0.4537359  0.2791240  0.2552653  0.4568830  0.5357978  0.2366801  0.1966953  0.8762968  1.2759622  0.2510868  0.1502401  0.4520818  0.4349499  0.2958688  0.3566383
 0.3597885  0.1334498  0.1206317  0.1447909  0.1173828  0.4877394  0.5346411  0.2408806  0.2221727  0.3411910  0.3484564  0.5322610  0.7670985  0.8726403  1.9209474  0.5044650  0.2314838  0.0937093  0.0805268  0.1199049  0.1058725  0.4071967  0.4540620  0.3281115  0.3918279  0.2993192  0.3011066
 0.3998546  0.0925941  0.0819075  0.1536888  0.1455434  0.2666202  0.2563638  0.1481385  0.1394991  0.2150499  0.2047230  0.1362347  0.1388587  0.3537601  0.4580861  0.1863962  0.1562069  0.4607817  0.4881045  0.2795055  0.2642203  0.2865517  0.2704509  0.2562463  0.2701711  0.9807527  2.1118459
 0.3698310  0.1722006  0.1481430  0.2085612  0.1908195  0.1903705  0.2167711  0.6812919  0.7903869  0.3023222  0.3019301  0.7915957  0.9224594  0.2030216  0.1678210  0.2175510  0.2003420  0.6191256  0.7595368  0.4544831  0.5068058  0.2519353  0.2078687  0.2121389  0.1963174  0.2377875  0.2169636
 0.3254748  0.3640959  0.3431764  0.5505685  0.6200426  0.2397756  0.1961654  0.5548110  0.6234671  0.3287068  0.2535229  0.5085841  0.5243060  0.4126554  0.5095583  0.7776190  1.2004231  0.2268599  0.2000443  0.1326771  0.1293835  0.2009632  0.1854285  0.1509389  0.1455962  0.1300039  0.1387865
 0.3566842  0.2606800  0.2312620  0.3366472  0.3570704  0.2250763  0.2114746  0.1669110  0.1467450  0.3982357  0.4064307  0.4311322  0.5444213  1.0613406  1.8485227  0.3540810  0.2942160  0.1539541  0.1309672  0.3271808  0.3561138  0.3383143  0.2892089  0.4875683  0.4905799  0.4223384  0.5059813
 0.3821883  0.1807039  0.1610865  0.3137874  0.3167029  0.3151238  0.3209450  0.8116318  1.1296168  0.3829901  0.3735753  0.1950665  0.1333122  0.3415884  0.3575283  0.2729198  0.2790360  0.1531107  0.1489389  0.2092536  0.2120529  0.2207251  0.2206911  0.1755847  0.1707067  0.4395706  0.5262722
 0.4417653  0.2252892  0.2110925  0.5839576  0.6136224  0.2400778  0.2056787  0.5151238  0.4446877  0.3369198  0.3894336  0.5690800  0.6880856  0.1824540  0.1893298  0.3849891  0.3852118  0.1824681  0.1815568  0.1613207  0.1702576  0.1416622  0.1340326  0.1108761  0.1003806  0.3137551  0.3387682
 0.4166687  0.3668483  0.3176694  0.6013715  0.6295725  0.3073668  0.3128797  0.3086661  0.3167709  0.1728310  0.1381794  0.2613886  0.2568730  0.1961769  0.2051402  0.3348494  0.4103156  0.1491357  0.1455811  0.2457372  0.2340725  0.2264300  0.2548576  0.3010634  0.2894143  0.2932427  0.3200050
 0.3574196  0.3541703  0.3222287  0.5380657  0.6187779  0.2223665  0.1817846  0.2947842  0.2738306  0.2253981  0.2374446  0.5002769  0.5316868  0.5690982  0.7450101  1.1501309  1.1815727  0.2664760  0.2757174  0.6931848  0.7617035  0.2317584  0.2060222  0.5330995  0.5943261  0.1822217  0.1557547
 0.2958877  0.3593103  0.3512983  1.0055044  1.5590315  0.3423550  0.2627253  0.1568601  0.1568675  0.1898232  0.1967779  0.2084308  0.2233883  0.1080438  0.1073391  0.4116250  0.4589789  0.3372608  0.3886148  0.4191890  0.3970442  0.2647989  0.2639233  0.3125639  0.3201353  0.1146012  0.0956496
 0.3865434  0.2545979  0.2351796  0.1526723  0.1173031  0.2698452  0.3064037  0.2727372  0.1900826  0.2046506  0.1857656  0.3836852  0.4473219  0.2962198  0.3230842  0.4983993  0.5327924  0.2392767  0.1706322  0.3216177  0.2963328  0.2303367  0.2330846  0.5484721  0.6412481  0.3917752  0.4634924
