FL 2019 2020 2021 2022 2023 2024 2025 2026 2027 2028 2029 2030 2031 2032 2033 2034 2035 2036 2037 2038 2039 2040 2041 2042 2043 2044 2045
 1    4109.00    3559.25    3559.25    3840.14    3840.14    7323.62    7323.62   14052.19   14052.19   12133.97   12133.97    4693.00    4693.00    5343.95    5343.95    6736.88    6736.88    2855.62    2855.62     349.27     349.27    1613.77    1613.77    5725.57    5725.57   11693.22   11693.22
 2     783.00     677.95     677.95     731.46     731.46    1394.98    1394.98    2676.61    2676.61    2311.23    2311.23     893.90     893.90    1017.90    1017.90    1283.22    1283.22     543.93     543.93      66.53      66.53     307.38     307.38    1090.58    1090.58    2227.28    2227.28
 3    3537.00    1004.82     733.71    5071.31    4974.75    1464.14    2248.68   18772.46   10784.78    1563.37    1229.25    4474.17    3776.49     827.97     678.38    7667.70    7667.70    7667.70    7270.99      38.51     238.51     647.06     871.99    8540.29    8774.38    1398.95    1194.25
 4    1379.00    1693.31    1193.44    1978.58    3477.52    3756.99    2721.09    2309.18    1189.76    1288.07    1083.76    1279.40     820.35     893.10     773.28     694.00     694.00     694.00     694.00    1014.19    1165.40    1438.08    1356.89    2210.44    1759.58    1733.11    1042.26
 1    4109.00    3542.15    3542.15    6109.03    6109.03    5039.50    5039.50    5015.47    5015.47    5587.89    5587.89    3050.59    3050.59    3289.44    3289.44    2766.92    2766.92    4349.27    4349.27   20687.90   20687.90    9282.04    9282.04    1954.72    1954.72    1315.78    1315.78
 2     783.00     674.70     674.70    1163.62    1163.62     959.90     959.90     955.33     955.33    1064.36    1064.36     581.06     581.06     626.56     626.56     527.03     527.03     828.43     828.43    3940.55    3940.55    1768.01    1768.01     372.33     372.33     250.62     250.62
 3    3537.00     698.88    1078.45    7823.10    6720.65     686.01     618.39    4147.56    4502.48    1038.44    1154.92    6481.78    6350.07    1028.22    1249.18    4972.13    4997.01    1375.50    2346.56   28325.00   18296.57     349.89     210.51     210.51     210.51     541.84     448.25
 4    1379.00    1306.06    1351.09     940.63     947.59    1279.92    1366.93    1389.54    1564.63    1443.60    1252.09    1229.03     972.22    1167.54    1295.46    1503.68    2130.03    2504.53    2350.48     684.33     575.00     872.25     738.99     738.99     738.99     750.46     850.94
 1    4109.00    5205.35    5205.35    5379.07    5379.07   10974.81   10974.81    4996.99    4996.99    3890.50    3890.50    4980.82    4980.82    2156.15    2156.15    4871.33    4871.33    5327.78    5327.78    4770.61    4770.61    6840.37    6840.37    2718.87    2718.87    5048.74    5048.74
 2     783.00     991.50     991.50    1024.58    1024.58    2090.44    2090.44     951.81     951.81     741.05     741.05     948.73     948.73     410.70     410.70     927.87     927.87    1014.82    1014.82     908.69     908.69    1302.93    1302.93     517.88     517.88     961.66     961.66
 3    3537.00    1741.29    1391.93   11615.80   12096.30     666.88     731.63    4182.40    4604.08     615.35     818.10    8396.45    8157.77     475.18     642.28    6487.01    5841.02     704.43    1009.81   10078.31    8400.04     680.67     482.58     439.91     589.63    1517.35    1772.72
 4    1379.00    1438.91    1494.73    1207.30     903.22    1131.30    1066.69    1013.55     989.47     881.60     858.99     833.49     877.20     970.43    1064.57    1000.43     939.55    1221.25    1224.53     759.11     521.35     761.50    1016.05    1352.59    1807.30    1629.60    1158.82
 1    4109.00    1691.38    1691.38    6573.80    6573.80    5532.91    5532.91    2601.06    2601.06    2614.00    2614.00    4323.86    4323.86    5118.96    5118.96    5721.87    5721.87   10000.45   10000.45    7112.95    7112.95    9835.52    9835.52    9461.30    9461.30    4960.96    4960.96
 2     783.00     322.17     322.17    1252.15    1252.15    1053.89    1053.89     495.44     495.44     497.90     497.90     823.59     823.59     975.04     975.04    1089.88    1089.88    1904.85    1904.85    1354.85    1354.85    1873.43    1873.43    1802.15    1802.15     944.94     944.94
 3    3537.00     719.23    1015.43    7046.51    5994.75     785.04    1000.23    1161.95    1277.28    1164.56    2126.36   14701.81   14443.51    1873.55    1815.47    8090.01    7101.68    1487.38    1457.83    9411.27   10213.52     900.84    1385.92   13134.35    9752.33     553.07     430.86
 4    1379.00    1363.99    1417.13    1386.24    1127.99    1105.31    1189.16    1427.49    1996.68    2349.59    2455.50    2542.61    1812.88    1933.93    1952.98    1425.73    1469.90    1458.18    1581.95    1158.39    1506.50    1971.96    1554.79     596.05     541.75     736.31     832.94
 1    4109.00    3185.03    3185.03    4466.15    4466.15    8896.27    8896.27   17551.84   17551.84   16901.81   16901.81    3991.68    3991.68    2751.21    2751.21    9089.39    9089.39    6635.71    6635.71    2467.08    2467.08    8455.52    8455.52    9028.40    9028.40     648.19     648.19
 2     783.00     606.67     606.67     850.70     850.70    1694.53    1694.53    3343.21    3343.21    3219.39    3219.39     760.32     760.32     524.04     524.04    1731.31    1731.31    1263.94    1263.94     469.92     469.92    1610.58    1610.58    1719.70    1719.70     123.46     123.46
 3    3537.00     765.12    1001.26    6805.11    7823.15    1161.97    1375.34    8095.94    6366.38     799.29     640.01    3578.18    4244.88     329.81     962.31   18828.78   12268.63     429.60     463.27     363.21     760.51   11067.42    8257.04    8257.04    8257.04    3288.65     104.41
 4    1379.00    1338.64    1461.77    1321.13    1932.75    2083.11    2193.11    1945.86    1886.90    1530.39     933.55     814.53    1591.47    1508.68    1632.72     544.86     393.39     874.33    1417.07    1433.73    1206.25     756.58     552.74     552.74     552.74     552.74     802.12
 1    4109.00    6033.26    6033.26    7927.00    7927.00    7076.45    7076.45    3715.40    3715.40    5433.58    5433.58    3490.87    3490.87    5467.31    5467.31    6133.97    6133.97    3390.62    3390.62    1560.17    1560.17    3640.10    3640.10    9137.90    9137.90    2697.62    2697.62
 2     783.00    1149.19    1149.19    1509.90    1509.90    1347.90    1347.90     707.70     707.70    1034.97    1034.97     664.93     664.93    1041.39    1041.39    1168.38    1168.38     645.83     645.83     297.18     297.18     693.35     693.35    1740.55    1740.55     513.83     513.83
 3    3537.00     910.49     736.02    7920.99    7283.12     669.60     677.07    2111.91    2911.42     904.72    1156.13    6890.59    5646.26     860.19     974.40    8489.98    6258.27     557.11     609.60     549.46     714.26    1249.43    1626.22    9277.29    7199.68     586.11     758.52
 4    1379.00    1370.92    1317.29    1167.99     967.72     854.07    1058.10    1540.57    1740.78    1623.13    1143.50     980.38     951.20    1137.45    1231.03     678.85     479.96     667.46     725.15     772.28    1276.36    1497.56    1469.91     867.89    1095.35    1496.94    1378.95
 1    4109.00    5621.15    5621.15    3225.22    3225.22    3523.67    3523.67    3029.80    3029.80    3082.46    3082.46    2133.05    2133.05    2210.67    2210.67    8915.21    8915.21    4822.82    4822.82    2572.88    2572.88    5082.46    5082.46   10785.39   10785.39    6437.51    6437.51
 2     783.00    1070.70    1070.70     614.33     614.33     671.18     671.18     577.10     577.10     587.14     587.14     406.30     406.30     421.08     421.08    1698.14    1698.14     918.63     918.63     490.07     490.07     968.09     968.09    2054.36    2054.36    1226.19    1226.19
 3    3537.00    1344.26    1707.21    6779.05    7475.00     996.40     999.43    3617.77    3000.99    3000.99     562.72     393.48     528.87     882.14     879.10    7872.42    5875.04     736.86     497.07     554.04    1563.71   19310.97   18871.98    2298.41    1828.61   17142.54   13595.17
 4    1379.00    1237.19    1386.19    1192.16     987.79     940.24     882.38     638.80     508.39     508.39     679.59    1055.29    1345.89    1218.66    1130.29     784.90     502.73     986.62    1852.81    2401.94    2573.80    2673.81    2255.87    2093.40    1721.12     476.45     410.83
 1    4109.00     949.87     949.87    1341.19    1341.19    4046.20    4046.20   11008.07   11008.07    7004.38    7004.38   15503.80   15503.80    8196.80    8196.80    3464.54    3464.54    9318.54    9318.54   24098.38   24098.38   15384.60   15384.60    2303.99    2303.99    1552.78    1552.78
 2     783.00     180.93     180.93     255.46     255.46     770.70     770.70    2096.78    2096.78    1334.17    1334.17    2953.10    2953.10    1561.30    1561.30     659.91     659.91    1774.96    1774.96    4590.17    4590.17    2930.40    2930.40     438.86     438.86     295.77     295.77
 3    3537.00     711.18    1274.02    1157.41     944.44    7551.65    7431.75     683.01    1059.93    7446.82    8278.35    1387.92    1286.90    9085.60    6536.53     485.36     683.50    2877.12    4145.17    2092.48    2038.67   19060.92    9652.04     161.84     302.09     356.52     488.54
 4    1379.00    1201.54    1308.99    1128.47     974.27     986.88    1681.82    1853.52    2206.45    2127.08    1843.96    1641.58    1195.83     713.16     551.47    1234.52    2775.49    3031.42    2571.33    2422.43    1951.39     666.23     560.60     774.81    1040.54    1479.72    2321.74
 1    4109.00    5379.53    5379.53    9424.80    9424.80    5228.92    5228.92    1099.10    1099.10    5753.75    5753.75   11136.97   11136.97    8990.06    8990.06    4718.41    4718.41    1686.30    1686.30    2001.85    2001.85    2802.49    2802.49    4029.10    4029.10    9213.67    9213.67
 2     783.00    1024.67    1024.67    1795.20    1795.20     995.98     995.98     209.35     209.35    1095.95    1095.95    2121.33    2121.33    1712.39    1712.39     898.74     898.74     321.20     321.20     381.30     381.30     533.81     533.81     767.45     767.45    1754.98    1754.98
 3    3537.00     979.72    1051.35   12385.02    8565.91     370.63     514.72     531.28     812.71    3329.43    4501.06    3392.31    2874.33   15907.99   12307.49     857.96     664.35     505.20     365.99     968.09     877.49    2690.95    2783.47    1410.46    1821.60    2754.77    4473.89
 4    1379.00    1411.31    1353.42     800.83     698.28     959.82    1201.29    1817.05    2378.68    3124.72    2608.99    2098.31    1780.16     636.31     403.01     697.08     698.60     845.31     897.60    1050.54    1169.29    1201.58    1876.51    4442.08    5891.73    4609.77    3977.55
 1    4109.00    5736.19    5736.19    4567.33    4567.33    4397.78    4397.78    4461.07    4461.07    3581.89    3581.89    2954.95    2954.95    3722.33    3722.33    5373.52    5373.52   10335.40   10335.40    7944.55    7944.55    7790.71    7790.71    1756.52    1756.52    1507.97    1507.97
 2     783.00    1092.61    1092.61     869.97     869.97     837.67     837.67     849.73     849.73     682.26     682.26     562.85     562.85     709.02     709.02    1023.53    1023.53    1968.65    1968.65    1513.25    1513.25    1483.94    1483.94     334.58     334.58     287.23     287.23
 3    3537.00     773.09     914.38    5373.99    6754.73    1276.36    1421.23    8416.47    7255.37     609.65     640.33     607.20     580.50    1900.72    1664.27    1111.21    1564.46   18209.22   14554.89     989.79     903.70    8436.35    6344.63    6344.63     199.17     321.07     654.66
 4    1379.00    1365.03    1479.52    1730.52    1634.64    1153.08     918.29     619.93     627.20     941.39     970.83     842.44     911.85    1388.53    1946.08    2335.99    2345.24    1382.66     928.89     887.52     777.38     528.37     427.95     427.95     930.44     987.24     970.35
 1    4109.00    2409.79    2409.79    3483.02    3483.02    5381.38    5381.38    6181.56    6181.56    5479.78    5479.78    4584.43    4584.43    9761.60    9761.60    9357.81    9357.81    9594.35    9594.35    5040.42    5040.42    7681.67    7681.67    5113.88    5113.88    6224.06    6224.06
 2     783.00     459.01     459.01     663.43     663.43    1025.02    1025.02    1177.44    1177.44    1043.77    1043.77     873.22     873.22    1859.35    1859.35    1782.44    1782.44    1827.50    1827.50     960.08     960.08    1463.18    1463.18     974.07     974.07    1185.54    1185.54
 3    3537.00     748.90     966.08    5997.25    5815.52    1158.51    1441.99    6368.02    5412.66    1137.15    1012.31    5300.34    6978.43    1298.25    1364.21   10147.80    9072.61    1360.79    1166.27    6397.54    5266.37    1023.48     890.55    4630.77    4036.65     653.27     667.48
 4    1379.00    1259.86    1328.18    1318.78    1309.57    1359.29    1673.20    1281.58    1015.72     989.60    1220.98    1957.86    2164.82    2231.44    2257.07    1931.95    1666.29    1684.17    1536.13    1187.12     953.31    1135.77    1174.83     895.19     805.74     805.72    1353.05
 1    4109.00    3878.03    3878.03    5932.08    5932.08    7237.23    7237.23    6007.39    6007.39    3115.73    3115.73    2461.07    2461.07    7853.08    7853.08   13296.82   13296.82   10541.45   10541.45    3885.88    3885.88    5034.88    5034.88   10075.76   10075.76   15173.47   15173.47
 2     783.00     738.67     738.67    1129.92    1129.92    1378.52    1378.52    1144.26    1144.26     593.47     593.47     468.78     468.78    1495.82    1495.82    2532.73    2532.73    2007.90    2007.90     740.17     740.17     959.02     959.02    1919.19    1919.19    2890.18    2890.18
 3    3537.00     644.18     780.82    5681.50    5939.25    1191.63     983.49    7960.11    6636.95     449.94     285.21     616.53     951.32    8807.90    8924.70    1899.07    1901.90   13969.86   13306.44     591.65     750.24    1626.30    2103.18    1909.87    1873.45   16378.12   15870.56
 4    1379.00    1243.44    1334.09    1296.15    1107.34    1008.85     817.87     349.96     452.44     845.55    1462.61    2086.55    2543.33    2495.82    2125.90    1600.49    1360.12     839.55     837.05    1518.49    1808.81    1682.36    1991.17    3358.81    3529.11    2675.55    2427.49
 1    4109.00    4081.77    4081.77    2926.31    2926.31    3204.89    3204.89    2429.66    2429.66    5729.72    5729.72    6534.99    6534.99    4566.87    4566.87    1896.97    1896.97    3936.70    3936.70    3421.57    3421.57    4836.22    4836.22    8260.10    8260.10    5973.20    5973.20
 2     783.00     777.48     777.48     557.39     557.39     610.46     610.46     462.79     462.79    1091.38    1091.38    1244.76    1244.76     869.88     869.88     361.33     361.33     749.85     749.85     651.73     651.73     921.18     921.18    1573.35    1573.35    1137.75    1137.75
 3    3537.00     710.76    1000.42    5337.07    5118.72     775.39    1137.57    2796.91    2796.91    2805.93    2413.46    6309.19    5565.86     320.85     538.66     304.28     501.68    2680.19    4173.61     670.89     846.26    7160.94    5182.60     846.29     587.88    5156.07    7751.73
 4    1379.00    1345.26    1103.89    1158.76    1624.70    1542.16    1459.89    1080.79    1080.79     705.17     771.05     648.56     636.46     653.81     661.59     636.54     769.77    1248.37    1182.46    1214.15    1060.50     733.05     677.08     984.95    1537.11    2778.62    2368.62
 1    4109.00    5537.53    5537.53   10238.38   10238.38    6446.29    6446.29    9526.90    9526.90    6957.26    6957.26    7626.23    7626.23    9053.81    9053.81    4664.35    4664.35    2642.18    2642.18    6346.03    6346.03   15732.95   15732.95    9363.35    9363.35    3967.19    3967.19
 2     783.00    1054.77    1054.77    1950.17    1950.17    1227.86    1227.86    1814.65    1814.65    1325.19    1325.19    1452.62    1452.62    1724.54    1724.54     888.45     888.45     503.27     503.27    1208.77    1208.77    2996.75    2996.75    1783.50    1783.50     755.66     755.66
 3    3537.00     604.25     788.05   12099.32    9414.00     333.71     224.96     665.04     699.28    7566.67    8197.01     582.72     679.96   10653.15    7210.96     595.50     660.16     830.40    1232.60    4448.24    5375.26    2527.78    2104.66   11922.72   10255.04     357.68     580.88
 4    1379.00    1277.63    1226.90     631.93     753.74    1326.66    1315.65    1372.40    1250.90    1036.49    1553.65    1758.24    1441.54    1203.32     796.91    1130.35    1548.44    1877.10    2434.57    2621.26    1999.34    1855.66    1181.64     502.87     615.33     739.85     733.12
 1    4109.00    4914.76    4914.76    5123.12    5123.12    4268.42    4268.42    4063.29    4063.29    4980.82    4980.82    1679.83    1679.83    7115.72    7115.72    5358.28    5358.28    6221.75    6221.75    4869.94    4869.94    2804.80    2804.80    1982.90    1982.90    3878.49    3878.49
 2     783.00     936.14     936.14     975.83     975.83     813.03     813.03     773.96     773.96     948.73     948.73     319.97     319.97    1355.38    1355.38    1020.62    1020.62    1185.10    1185.10     927.61     927.61     534.25     534.25     377.70     377.70     738.76     738.76
 3    3537.00     728.94     642.86    5070.91    5080.84     968.70    1107.52    1107.52    1107.52     981.83     615.89     630.02     978.33    9687.64    8291.50    1394.46    1237.35    9185.31    9583.37     455.97     587.05    1095.06    1099.75     895.81     879.46    4497.72    5209.22
 4    1379.00    1163.88    1262.04    1529.89    1540.30    1469.44    1118.05    1118.05    1118.05     700.75    1312.23    2055.62    2471.57    1632.76    1196.27     998.08     925.92     417.60     629.88    1012.44    1157.29    1118.32     934.53    1026.87    1208.79    1408.46    1442.38
 1    4109.00    4494.80    4494.80    3188.26    3188.26    8004.15    8004.15   10042.49   10042.49    7573.57    7573.57    6822.35    6822.35    7655.34    7655.34    5213.67    5213.67    5513.97    5513.97   10998.37   10998.37   15766.21   15766.21    8284.12    8284.12    6256.40    6256.40
 2     783.00     856.15     856.15     607.29     607.29    1524.60    1524.60    1912.86    1912.86    1442.58    1442.58    1299.50    1299.50    1458.16    1458.16     993.08     993.08    1050.28    1050.28    2094.93    2094.93    3003.09    3003.09    1577.93    1577.93    1191.70    1191.70
 3    3537.00     593.55     881.87    3492.68    3191.58     863.02     913.80   10493.31    9915.32     747.71     673.62    5917.51    5449.01    1100.93    1216.38   11822.29   17833.72    1022.70    1781.50   26050.89   19606.99    1846.76    1355.23    9825.64   11339.86     591.61     847.89
 4    1379.00    1236.37    1300.74    1063.00    1192.32    1307.30    1565.92    1466.11    1394.75    1696.24    1858.52    1546.20    1201.73    1435.06    1372.61    1837.26    3793.83    3983.70    3046.43     892.64     618.39    1210.51    1438.41    1261.25    1685.27    2081.75    2494.42
 1    4109.00    5696.92    5696.92    3857.24    3857.24    5991.22    5991.22    3668.74    3668.74    2871.79    2871.79    3079.23    3079.23    3960.26    3960.26   11313.92   11313.92   12511.42   12511.42   10626.92   10626.92   12642.17   12642.17    4114.57    4114.57    2623.24    2623.24
 2     783.00    1085.13    1085.13     734.71     734.71    1141.18    1141.18     698.81     698.81     547.01     547.01     586.52     586.52     754.34     754.34    2155.03    2155.03    2383.13    2383.13    2024.18    2024.18    2408.03    2408.03     783.73     783.73     499.66     499.66
 3    3537.00    1222.54    1594.42    7033.83    6705.80     532.98    1046.88    7066.28    6139.79     898.62     929.15    6389.62    6053.15     916.18    1561.90   24498.98   15362.21    1556.90    1283.99    6611.90    5794.06    1010.95     749.22    3913.56    4096.23     417.57     468.42
 4    1379.00    1293.83    1415.37    1145.02    1174.73    1350.79    1200.15     942.86     997.30    1173.38    1153.96    1106.85    1663.48    2945.01    3063.00    1237.50     960.55    1847.56    2023.83    1830.23    1250.20    1063.09     766.98     602.71     947.81    1187.86     965.35
 1    4109.00    3259.87    3259.87    5620.69    5620.69    4871.33    4871.33    8269.80    8269.80    5652.11    5652.11    2802.49    2802.49    6364.51    6364.51    3756.06    3756.06    4181.56    4181.56    6176.94    6176.94    5883.11    5883.11    8975.74    8975.74    5836.45    5836.45
 2     783.00     620.93     620.93    1070.61    1070.61     927.87     927.87    1575.20    1575.20    1076.59    1076.59     533.81     533.81    1212.29    1212.29     715.44     715.44     796.49     796.49    1176.56    1176.56    1120.59    1120.59    1709.66    1709.66    1111.70    1111.70
 3    3537.00     929.87    1098.05   15524.86   16586.43     728.27     996.06   16935.77   11549.93     620.62     498.81     403.34     936.06    8937.71    9562.41     688.57     836.33    4153.01    4260.36    1470.02    1344.39    1893.35    2399.98   22017.60   14357.45    1007.07    1047.94
 4    1379.00    1488.93    1512.85    1238.86    1152.08    1589.68    1716.37     533.47     400.17     795.68    1081.63    1106.08    1203.43    1126.24    1023.35    1548.90    1686.60    1398.31    1690.53    2533.64    2904.48    2650.02    2113.28     560.85     784.35    1945.25    2053.01
 1    4109.00    4582.58    4582.58   13705.23   13705.23    3002.54    3002.54    1332.41    1332.41     755.37     755.37     904.13     904.13    2856.08    2856.08    2701.31    2701.31    3782.86    3782.86    2229.15    2229.15    3046.89    3046.89    2041.12    2041.12    2452.30    2452.30
 2     783.00     872.87     872.87    2610.52    2610.52     571.91     571.91     253.79     253.79     143.88     143.88     172.22     172.22     544.02     544.02     514.54     514.54     720.54     720.54     424.60     424.60     580.36     580.36     388.78     388.78     467.10     467.10
 3    3537.00     950.13     771.48   13984.38    7406.15    6821.27    7298.53    7406.15    7406.15    7406.15     127.94     280.55     464.18    2589.07    2537.58     789.92    1039.60    5896.33    5122.69     749.50     894.94    4095.57    3622.59     836.11     755.69     634.65     930.31
 4    1379.00    1271.21    1373.02     509.75     344.94     344.94     344.94     344.94     344.94     344.94     815.99     880.11     760.33     836.00     951.87    1090.09    1135.75     853.54     863.39    1000.32     906.19     581.99     630.72     921.12     994.37    1277.11    1542.15
 1    4109.00    3646.57    3646.57    6536.38    6536.38    6314.62    6314.62    7151.76    7151.76    1557.40    1557.40    4291.98    4291.98    7318.54    7318.54   15078.76   15078.76   16534.06   16534.06    6028.18    6028.18    8760.44    8760.44    4807.57    4807.57    2242.55    2242.55
 2     783.00     694.58     694.58    1245.02    1245.02    1202.78    1202.78    1362.24    1362.24     296.65     296.65     817.52     817.52    1394.01    1394.01    2872.14    2872.14    3149.34    3149.34    1148.22    1148.22    1668.66    1668.66     915.73     915.73     427.15     427.15
 3    3537.00     790.31     925.12   12557.81   13240.57     851.99    1116.50   12125.08    8192.77     294.68     717.62    3833.44    4344.07    1690.85    1205.72   15616.71   12087.12     899.71     434.66    1975.32    2532.83     474.34     610.90    5231.74    4770.22     207.82     506.42
 4    1379.00    1300.75    1314.28    1546.23    1497.00    1415.42    1081.42     391.30     928.76    1663.29    1935.06    1815.55    1564.13    1826.99    2114.72    1585.61    1294.91    1204.87    1098.79    1293.63    1044.43     967.39     792.09     437.64     511.13     648.04    1159.35
 1    4109.00    3838.30    3838.30    4282.74    4282.74    2438.44    2438.44    4016.17    4016.17    3385.07    3385.07    6971.12    6971.12    9506.57    9506.57   11679.82   11679.82    8030.02    8030.02    2946.17    2946.17    2045.27    2045.27    5909.44    5909.44    5389.23    5389.23
 2     783.00     731.10     731.10     815.76     815.76     464.46     464.46     764.98     764.98     644.78     644.78    1327.83    1327.83    1810.78    1810.78    2224.73    2224.73    1529.53    1529.53     561.18     561.18     389.58     389.58    1125.61    1125.61    1026.52    1026.52
 3    3537.00     867.58     731.92     927.15     977.88    1348.16    1329.91    3934.91    4445.28    1464.39    1717.48   15841.91   15152.58    1712.03    1572.77   17232.70   10446.68     432.59     236.23     174.06     363.55     617.34     905.27    8528.35    7894.11     992.49     901.46
 4    1379.00    1422.69    1325.02    1226.91    1137.99    1204.14    1312.11    1347.25    2201.99    2488.61    2363.77    1943.90    1771.82    1697.63    1669.32     508.04     255.77     598.56     751.80     921.45    1295.41    1450.61    1178.43    1001.35    1265.69    1783.64    2200.89
 1    4109.00    4263.80    4263.80    4091.01    4091.01    3774.08    3774.08    8747.51    8747.51    1341.65    1341.65    2966.50    2966.50    7840.60    7840.60    7185.95    7185.95    3495.95    3495.95    4196.81    4196.81    4194.50    4194.50    3644.26    3644.26    3155.92    3155.92
 2     783.00     812.15     812.15     779.24     779.24     718.87     718.87    1666.19    1666.19     255.55     255.55     565.05     565.05    1493.45    1493.45    1368.75    1368.75     665.90     665.90     799.39     799.39     798.95     798.95     694.14     694.14     601.13     601.13
 3    3537.00     738.15    1058.59    6129.33    6419.83     681.09    1221.80   14562.58   12384.37     478.52     562.42    1064.75    1068.99   10844.89    7690.47     780.40     648.48    2575.44    2474.99     609.62     575.66     925.47     958.15    4801.56    4231.71    1342.60    1270.86
 4    1379.00    1456.73    1457.96    1350.97    1378.61    1316.58    1273.89     476.95     596.07    1053.07    1459.72    1686.80    1571.39    1000.34     846.60     860.99     771.52     823.26     873.54    1067.57    1285.40    1500.09    1397.37    1187.75     890.85    1019.28    1164.79
 1    4109.00    3623.00    3623.00    9439.12    9439.12   20081.29   20081.29    9688.14    9688.14   10711.01   10711.01   18094.23   18094.23    8048.50    8048.50   11623.92   11623.92    6261.49    6261.49    4872.25    4872.25    2014.78    2014.78    6575.18    6575.18    6199.12    6199.12
 2     783.00     690.10     690.10    1797.93    1797.93    3825.01    3825.01    1845.36    1845.36    2040.19    2040.19    3446.52    3446.52    1533.05    1533.05    2214.08    2214.08    1192.66    1192.66     928.05     928.05     383.77     383.77    1252.42    1252.42    1180.78    1180.78
 3    3537.00     615.52     847.54   10843.65   10769.65     672.24     528.79    2663.39    2924.67     566.01     685.57    3097.96    2740.78     265.95     506.72    1169.46    2201.25   10405.93    9184.35     882.10     747.80    1322.28    1168.39    9107.51    7758.74     924.41     645.05
 4    1379.00    1233.76    1392.96    1841.92    1397.48    1330.79    1702.21    1550.84    1245.44    1369.52    1443.04    1291.66    1330.62    1422.83    2519.46    2212.76    1826.13    1266.44    1143.18    1102.43    1064.26    1203.46    1321.64     994.87     769.88     868.25     998.31
 1    4109.00    4445.36    4445.36    4329.86    4329.86    3728.34    3728.34    3439.59    3439.59    4279.51    4279.51    5642.41    5642.41    3588.82    3588.82    3132.82    3132.82    8054.97    8054.97   33725.08   33725.08   32689.74   32689.74   13319.00   13319.00    7191.49    7191.49
 2     783.00     846.74     846.74     824.74     824.74     710.16     710.16     655.16     655.16     815.14     815.14    1074.74    1074.74     683.58     683.58     596.73     596.73    1534.28    1534.28    6423.82    6423.82    6226.62    6226.62    2536.95    2536.95    1369.81    1369.81
 3    3537.00     891.87    1013.98    4315.72    3470.74     917.92    1030.09    3825.95    4029.79     957.19    1035.31    5893.33    5181.28     478.46     640.86     917.94    1264.58    2069.43    3071.60    5702.64    5961.07    5077.21    3589.61    8103.21    5886.28    1360.81    1175.47
 4    1379.00    1473.51    1375.61    1002.97     789.33    1136.39    1248.19    1089.59     962.49     953.35     868.55     685.07     765.94     990.75    1806.78    2412.92    4057.56    7764.02    8239.95    7222.67    4477.81    2570.41    1846.70    1145.58    1351.54    1645.21    1829.80
 1    4109.00    3956.57    3956.57    5541.23    5541.23    7313.92    7313.92    8770.15    8770.15    1892.81    1892.81    1283.44    1283.44    4250.86    4250.86    6713.78    6713.78    7695.53    7695.53    7751.44    7751.44    7192.42    7192.42    8814.04    8814.04    5129.12    5129.12
 2     783.00     753.63     753.63    1055.47    1055.47    1393.13    1393.13    1670.50    1670.50     360.54     360.54     244.46     244.46     809.69     809.69    1278.82    1278.82    1465.82    1465.82    1476.46    1476.46    1369.98    1369.98    1678.86    1678.86     976.98     976.98
 3    3537.00     848.49    1076.19   11051.32   11950.57    1180.47     710.04   13683.64    8628.58     286.58     176.39     525.96     642.01    5480.21    4986.37    1262.69     994.59    7626.85    7417.21    1309.79    1052.09   12368.29   19583.36    1420.43    1738.76   12893.45   11347.48
 4    1379.00    1492.90    1415.66    1399.01    1259.72    1416.92    1147.87     423.87     392.48     745.42    1010.76    1407.79    1454.45    1248.36    1253.15    1594.96    1787.85    1566.90    1392.90    1192.95    1513.39    2495.22    1567.44    2015.42    1318.42     724.16     700.52
 1    4109.00    2627.39    2627.39    3793.02    3793.02    8379.29    8379.29    2923.54    2923.54    3238.62    3238.62    3102.79    3102.79    6726.72    6726.72    4302.61    4302.61    4376.53    4376.53    4784.93    4784.93    3779.16    3779.16    3867.86    3867.86    1540.31    1540.31
 2     783.00     500.46     500.46     722.48     722.48    1596.06    1596.06     556.86     556.86     616.88     616.88     591.01     591.01    1281.28    1281.28     819.54     819.54     833.62     833.62     911.42     911.42     719.84     719.84     736.74     736.74     293.39     293.39
 3    3537.00     834.67     887.01    4240.35    4034.77    1122.26     885.75     502.43     580.42     914.88     775.34    1025.70    1225.88    9180.40    8721.84    1437.94    1859.28    9015.62    7679.78    1279.86    1195.10    4760.66    5102.40     970.47     800.02     888.15    1090.68
 4    1379.00    1321.52    1405.39    1217.02     944.30     854.77     818.49     984.53    1125.69    1323.48    1563.42    2166.26    2312.78    2140.42    1649.60    1539.16    1490.40    1055.10     905.14    1056.79    1128.66     990.56     936.70     886.99     893.99     934.46     928.96
 1    4109.00    2562.71    2562.71    4386.23    4386.23    5975.05    5975.05    3155.00    3155.00    4115.50    4115.50    3182.72    3182.72    3896.05    3896.05    5361.97    5361.97    3966.73    3966.73    3809.65    3809.65    1286.67    1286.67    2589.05    2589.05    4880.57    4880.57
 2     783.00     488.14     488.14     835.47     835.47    1138.10    1138.10     600.95     600.95     783.90     783.90     606.23     606.23     742.10     742.10    1021.33    1021.33     755.57     755.57     725.65     725.65     245.08     245.08     493.15     493.15     929.63     929.63
 3    3537.00     911.05     937.20    6595.33    6399.84     735.19    1107.51    5032.04    4564.92     968.88     936.85     966.00    1105.09    8925.21    7290.59    1159.97    1024.71    6105.41    5540.12     691.42     855.23     952.24     851.13    1419.49    1634.42    6432.80    6420.54
 4    1379.00    1283.64    1463.24    1314.95    1179.79    1275.13    1187.17     943.31     839.95    1078.36    1652.06    2055.28    1640.50    1062.76     905.41    1040.93     995.43     817.26     812.99    1076.73    1028.48     968.35     964.75    1133.04    1724.05    1710.68    1502.29
 1    4109.00    3336.56    3336.56    3810.11    3810.11    7249.24    7249.24    7763.91    7763.91    4731.34    4731.34    5144.37    5144.37    3560.17    3560.17    5492.72    5492.72    4888.88    4888.88    2671.75    2671.75    3735.27    3735.27    9806.87    9806.87   11377.21   11377.21
 2     783.00     635.54     635.54     725.74     725.74    1380.81    1380.81    1478.84    1478.84     901.21     901.21     979.88     979.88     678.13     678.13    1046.23    1046.23     931.22     931.22     508.90     508.90     711.48     711.48    1867.98    1867.98    2167.09    2167.09
 3    3537.00     803.36     923.75    4621.39    5455.52    1225.25    1753.61   21701.39   13454.21     936.35     985.67    5403.60    5401.59     757.14     919.91    5737.76    4082.72     559.04     517.75     907.21    1310.36    9943.39   10205.54    1888.77    2198.04   19632.87   13928.40
 4    1379.00    1301.62    1441.49    1666.98    2142.82    2377.22    2342.46    1011.70     635.33    1015.43    1110.04    1044.78    1151.03    1149.49     907.24     699.12     748.92     993.23    1709.68    2336.02    2506.09    2737.66    2507.02    1866.58    1592.29     355.62     331.34
 1    4109.00    3073.22    3073.22    7780.54    7780.54    4554.40    4554.40    2927.69    2927.69    2435.66    2435.66    7446.52    7446.52    6277.66    6277.66    2746.13    2746.13    5555.55    5555.55    6642.17    6642.17    9380.45    9380.45    6515.12    6515.12    2194.50    2194.50
 2     783.00     585.38     585.38    1482.01    1482.01     867.50     867.50     557.66     557.66     463.94     463.94    1418.38    1418.38    1195.74    1195.74     523.07     523.07    1058.20    1058.20    1265.18    1265.18    1786.75    1786.75    1240.98    1240.98     418.00     418.00
 3    3537.00     775.43     866.38   13606.83   10412.80     389.77     548.82    2246.09    2663.85     862.26    1264.40   15546.82   12252.83     826.24     756.72    1331.42    1253.94    7184.88    8710.57     976.11    1747.45   25515.85   21661.78     828.46     781.89     960.47    1381.02
 4    1379.00    1355.88    1322.97     841.03     755.04     840.87     946.17    1387.65    1689.45    1739.55    1652.31     777.37     608.60     865.82    1120.46    1196.15    1275.53    1677.79    2217.04    2416.27    2019.99    1238.14     669.98    1157.58    1507.26    1872.66    2101.32
 1    4109.00    4766.45    4766.45    4315.54    4315.54    7755.59    7755.59    2902.75    2902.75    1594.82    1594.82    4577.96    4577.96    9876.64    9876.64    6106.25    6106.25    1331.48    1331.48    5103.71    5103.71   13627.61   13627.61    5709.40    5709.40    8342.33    8342.33
 2     783.00     907.90     907.90     822.01     822.01    1477.26    1477.26     552.90     552.90     303.78     303.78     871.99     871.99    1881.26    1881.26    1163.10    1163.10     253.62     253.62     972.14     972.14    2595.74    2595.74    1087.50    1087.50    1589.02    1589.02
 3    3537.00     829.30     972.94    6719.60    5589.64     844.62     809.63    2031.36    1937.20     567.91     936.99    5706.47    4818.64    1364.06    1040.12    6989.42    6988.35     346.88     647.03    3231.67    3436.15    1068.26     732.14    4409.47    4568.72     844.21    1166.17
 4    1379.00    1453.85    1434.67    1138.01     765.05     755.06     669.68     799.01    1148.49    1549.55    1739.67    1131.38     800.38     920.69     833.72     751.50    1042.82    1255.04    1374.57    1428.22    1169.24    1282.66    1066.37    1236.55    1971.88    2784.97    2907.74
 1    4109.00    3891.89    3891.89    5241.85    5241.85    3975.05    3975.05    8320.16    8320.16    8157.07    8157.07    2098.40    2098.40    2870.41    2870.41    4060.06    4060.06    7983.82    7983.82   12417.64   12417.64   10234.69   10234.69    4857.47    4857.47    2766.92    2766.92
 2     783.00     741.31     741.31     998.45     998.45     757.15     757.15    1584.79    1584.79    1553.73    1553.73     399.70     399.70     546.74     546.74     773.34     773.34    1520.73    1520.73    2365.26    2365.26    1949.46    1949.46     925.23     925.23     527.03     527.03
 3    3537.00     797.13     687.07    5778.54    5371.21     760.58     876.22   13646.44   11132.65     849.64     890.26     670.82     755.03    1443.57    1576.45     870.20    1338.52    6351.42    6539.52    2248.81    1924.88    9985.53    8504.88     695.67     933.99    2628.22    2773.60
 4    1379.00    1209.24    1275.02     989.31     986.93    1407.01    1973.69    1487.01     969.18     870.68     817.77     786.84     811.38    1070.30    1670.47    1997.53    2716.17    2348.87    1764.87    1635.74    1851.81    1340.42     990.00    1054.24     989.77    1045.40    1029.26
 1    4109.00    4727.18    4727.18    2878.26    2878.26    4404.71    4404.71    4778.47    4778.47    2721.64    2721.64    4705.47    4705.47    5419.26    5419.26    7087.54    7087.54    3978.28    3978.28    2549.32    2549.32    1439.13    1439.13    3804.57    3804.57    3870.17    3870.17
 2     783.00     900.42     900.42     548.24     548.24     838.99     838.99     910.18     910.18     518.41     518.41     896.28     896.28    1032.24    1032.24    1350.01    1350.01     757.77     757.77     485.58     485.58     274.12     274.12     724.68     724.68     737.18     737.18
 3    3537.00    1121.73    1417.11    5308.48    4763.77    1133.64    1193.89    6485.24    5218.81    1043.95    1386.09    6821.51    7035.08    1752.38    2117.02   19312.45   17272.77     994.63     981.58    2327.29    2084.29     757.10     853.33    4201.52    3712.66     944.40     875.24
 4    1379.00    1538.77    1714.64    1299.95    1114.06    1160.54    1158.96    1189.58    1594.26    2126.83    1814.43    2244.52    1982.95    1859.65    1897.47    1494.33    1072.94     912.14     896.11     764.72     672.82    1059.97    1046.19     876.31     961.41    1348.87    1460.81
 1    4109.00   13289.43   13289.43    7738.50    7738.50    4317.39    4317.39    1350.43    1350.43    1731.11    1731.11    4585.81    4585.81    6831.13    6831.13    4459.22    4459.22    4761.37    4761.37   11208.12   11208.12    4412.56    4412.56    8938.78    8938.78    8327.09    8327.09
 2     783.00    2531.32    2531.32    1474.00    1474.00     822.36     822.36     257.22     257.22     329.74     329.74     873.49     873.49    1301.17    1301.17     849.38     849.38     906.93     906.93    2134.88    2134.88     840.49     840.49    1702.62    1702.62    1586.11    1586.11
 3    3537.00    1375.82    1012.07    8784.73    6426.50    6426.50    6426.50    2372.32    4796.83     396.47     720.78    6706.66    7427.65    1013.51    1088.62   10252.87    8367.36     760.24     987.79   13837.24    9756.28     371.39     776.55   14055.54   10869.93    1276.18     950.74
 4    1379.00    1349.23    1145.93     587.65     536.20     536.20     536.20    1022.17    1032.34     944.90    1086.19    1406.06    1513.58    1569.23    1251.53     750.38    1315.30    1653.17    1434.38     861.70    1190.84    2418.07    2636.21    1716.47     918.70     985.82     915.00
 1    4109.00    1907.60    1907.60    2950.33    2950.33    6921.68    6921.68    7173.01    7173.01    8263.79    8263.79   15375.36   15375.36   10029.10   10029.10    1531.99    1531.99     800.18     800.18    2815.89    2815.89    7462.69    7462.69    9608.68    9608.68    5809.65    5809.65
 2     783.00     363.35     363.35     561.97     561.97    1318.42    1318.42    1366.29    1366.29    1574.06    1574.06    2928.64    2928.64    1910.30    1910.30     291.81     291.81     152.42     152.42     536.36     536.36    1421.46    1421.46    1830.22    1830.22    1106.60    1106.60
 3    3537.00     763.11     767.63    1168.08    1150.01   16050.65   14234.49    1343.98    1009.42    5049.98    4853.79    1416.80     837.72     837.72     837.72     837.72     189.04     295.98     718.10    1167.55    1619.31   16256.72   14170.26    1289.72    1225.25    4472.40    5282.24
 4    1379.00    1356.34    1587.12    2025.56    1972.15    1499.94    1596.24    1692.96    1528.56    1512.64    1358.67    1120.31     760.96     760.96     760.96     760.96     971.10    1741.53    2066.39    2312.05    2024.25    1068.20     887.97    1168.06    2010.69    1453.73    1523.99
 1    4109.00     867.17     867.17    3092.63    3092.63    3359.66    3359.66    3701.08    3701.08    4440.28    4440.28    5368.90    5368.90    6385.76    6385.76    4210.67    4210.67    8208.82    8208.82    7511.20    7511.20    5235.38    5235.38    8365.43    8365.43   11972.73   11972.73
 2     783.00     165.18     165.18     589.07     589.07     639.94     639.94     704.97     704.97     845.77     845.77    1022.65    1022.65    1216.34    1216.34     802.03     802.03    1563.58    1563.58    1430.70    1430.70     997.22     997.22    1593.42    1593.42    2280.52    2280.52
 3    3537.00     535.04     597.99    1208.97    1068.60    5764.45    5792.30    1189.93    1344.43    7772.30    8742.02    2681.49    2775.09   15049.01   12392.04    1076.06    1135.24   10486.38    9015.02    1103.50    1125.49    4643.60    4979.29    1226.67    1429.26   15852.11   11976.77
 4    1379.00    1258.27    1321.70    1299.39    1393.21    1544.91    1665.85    1940.56    2885.43    2939.94    2521.35    2016.66    1587.43     543.49     910.17    1910.93    1825.21    1635.99    1445.91    1637.33    1588.40    1661.21    1593.41    1683.19    1235.47     581.54     512.82
 1    4109.00    2957.72    2957.72    3313.00    3313.00    6138.59    6138.59    8551.16    8551.16    6675.44    6675.44    6989.60    6989.60    2437.97    2437.97    3816.12    3816.12    9167.93    9167.93    7568.95    7568.95    3037.65    3037.65    5816.12    5816.12    7865.09    7865.09
 2     783.00     563.38     563.38     631.05     631.05    1169.26    1169.26    1628.79    1628.79    1271.51    1271.51    1331.35    1331.35     464.38     464.38     726.88     726.88    1746.27    1746.27    1441.70    1441.70     578.60     578.60    1107.83    1107.83    1498.11    1498.11
 3    3537.00     726.00     780.73    3222.94    3775.89    1197.64    1626.12   15791.52   14028.64     862.27     929.08    9650.44    6151.61     450.36     489.80     884.70    1201.55    6294.40    4985.60     376.22     592.53     939.67    1602.74     704.59    1207.26    3294.31    4361.92
 4    1379.00    1393.62    1387.74    1813.67    1778.20    1387.61    1627.82    1118.47     869.00    1341.48    1001.77     900.74     800.65     991.00    1079.13    1261.26    1097.62     839.50     852.03     920.96     991.88    1446.38    1723.53    1727.97    2399.29    2812.96    2373.79
 1    4109.00    7058.90    7058.90    4289.67    4289.67    4250.86    4250.86    7180.40    7180.40   11238.61   11238.61    9623.46    9623.46   12574.72   12574.72    6627.39    6627.39    2214.83    2214.83    1335.18    1335.18    2211.59    2211.59    1864.63    1864.63    2205.59    2205.59
 2     783.00    1344.55    1344.55     817.08     817.08     809.69     809.69    1367.70    1367.70    2140.69    2140.69    1833.04    1833.04    2395.18    2395.18    1262.36    1262.36     421.87     421.87     254.32     254.32     421.26     421.26     355.17     355.17     420.11     420.11
 3    3537.00    1829.43    1636.71    9968.47    8595.66     584.64     756.38    8429.17    9823.01     985.24    1403.74   18948.29   13016.81    1430.86    1441.76    9516.09    8296.77     317.71     470.80     505.22     573.95    1099.67     857.38     595.23    1068.71     788.03    1122.96
 4    1379.00    1415.55    1350.36     827.08    1123.35    1404.26    1353.20    1718.75    2361.72    2992.58    2940.29    1642.27    1436.02    1277.81     982.11     406.59     401.91     707.83     669.31     595.00     592.45     650.43     666.88     978.86    1155.23     947.00    1024.16
 1    4109.00    5197.04    5197.04    4484.17    4484.17    4259.18    4259.18    3486.71    3486.71    8151.07    8151.07   12869.93   12869.93    7016.39    7016.39    4903.67    4903.67    2504.96    2504.96    5961.19    5961.19    8881.49    8881.49   11544.46   11544.46   14044.80   14044.80
 2     783.00     989.91     989.91     854.13     854.13     811.27     811.27     664.14     664.14    1552.58    1552.58    2451.42    2451.42    1336.46    1336.46     934.03     934.03     477.14     477.14    1135.46    1135.46    1691.71    1691.71    2198.94    2198.94    2675.20    2675.20
 3    3537.00     814.19     790.62    5214.85    5043.04     900.15     721.35    1152.95    1248.81    9133.03    8375.98    1392.54    1323.49   11877.43   13126.18     279.15     644.26     765.19    1003.68    5947.03    5428.16    1275.73    1201.02    8630.08    9075.88    1466.22    1087.53
 4    1379.00    1275.97    1228.75    1076.21     971.13    1113.57    1563.57    1887.53    2056.55    1528.52    1278.18    1352.07    1109.05     780.39     669.15    1125.97    1248.33    1610.28    1580.87    1164.64    1421.62    2154.42    2350.02    2279.26    1760.91    1583.26    1387.09
 1    4109.00    2985.91    2985.91    4333.56    4333.56    8332.63    8332.63    9342.56    9342.56    4677.29    4677.29    3187.80    3187.80    7472.39    7472.39    7441.90    7441.90    3191.03    3191.03    3090.32    3090.32    5213.67    5213.67    3601.75    3601.75    5671.51    5671.51
 2     783.00     568.74     568.74     825.44     825.44    1587.17    1587.17    1779.54    1779.54     890.91     890.91     607.20     607.20    1423.31    1423.31    1417.50    1417.50     607.82     607.82     588.63     588.63     993.08     993.08     686.05     686.05    1080.29    1080.29
 3    3537.00     786.28     858.82    5270.88    5791.28    1180.62    1239.88   11222.89    7480.73     403.41     463.96     474.91     691.42    7270.90    6885.28    1374.04    1088.81    1159.43    1021.34    3395.20    3622.79    1251.47     964.90    1231.66    1321.05    7518.30    6535.27
 4    1379.00    1312.41    1459.90    1387.80    1467.14    1469.74    1232.36     669.90     596.13     778.74    1173.82    2177.36    2206.61    1583.79    1242.65    1327.11    1135.88    1170.67    1130.49    1170.78    1109.25    1119.73    1144.67    1129.12    1062.31     794.04     805.89
 1    4109.00    3745.90    3745.90    6269.34    6269.34    4191.26    4191.26    9853.07    9853.07   11384.60   11384.60    4923.53    4923.53    3105.10    3105.10    3337.03    3337.03    2615.84    2615.84    2306.77    2306.77    1838.76    1838.76    1825.82    1825.82    5833.21    5833.21
 2     783.00     713.50     713.50    1194.16    1194.16     798.34     798.34    1876.78    1876.78    2168.50    2168.50     937.82     937.82     591.45     591.45     635.62     635.62     498.26     498.26     439.38     439.38     350.24     350.24     347.78     347.78    1111.09    1111.09
 3    3537.00     507.22     785.41    8222.10    7596.90     604.62     871.56    9667.68    9714.35    1610.64    1205.21   10883.18   11668.17     648.03     935.05    5246.20    4347.23     502.04     542.49     526.67     784.20     510.03     627.25     881.04    1332.16    7279.22    6165.06
 4    1379.00    1086.34    1348.53     974.02     926.18    1295.00    2291.80    2847.89    1672.91    1517.52    1097.19     869.51     633.13     916.13     787.48     738.32     724.37     742.64     737.81     756.05     787.54     967.40    1495.20    1740.98    1493.22    1165.49    1127.73
 1    4109.00    6209.74    6209.74    6428.73    6428.73    5063.52    5063.52    3248.78    3248.78    2409.33    2409.33    4313.69    4313.69    4739.66    4739.66    3732.04    3732.04    2129.36    2129.36    4540.54    4540.54    6966.04    6966.04    5699.23    5699.23    7819.35    7819.35
 2     783.00    1182.81    1182.81    1224.52    1224.52     964.48     964.48     618.82     618.82     458.92     458.92     821.66     821.66     902.79     902.79     710.86     710.86     405.59     405.59     864.86     864.86    1326.86    1326.86    1085.57    1085.57    1489.40    1489.40
 3    3537.00    1046.43     772.45    7220.71    5920.06     447.08     536.90    1830.59    1594.10     549.13     806.43    3810.64    3630.42    1225.70    1443.53    6392.11    6567.31     848.58    1000.02    3493.17    3930.72    1156.26    1788.87    4596.22    4358.38    1584.06    1074.84
 4    1379.00    1404.11    1297.32    1010.98     797.30     928.60     730.04     720.38    1009.49    1284.34    1390.39    1291.13    1289.02    1315.95    1179.81     853.44     974.07    1123.08    1735.40    1671.74    1621.84    1567.12    1546.21    1521.45    1333.79    1143.52     775.31
 1    4109.00    7112.49    7112.49    6383.45    6383.45    3348.11    3348.11    5273.27    5273.27    6252.71    6252.71    7415.10    7415.10   13903.43   13903.43    8890.73    8890.73    4940.63    4940.63    6833.44    6833.44    3373.06    3373.06    5696.46    5696.46    3155.00    3155.00
 2     783.00    1354.76    1354.76    1215.90    1215.90     637.74     637.74    1004.43    1004.43    1190.99    1190.99    1412.40    1412.40    2648.27    2648.27    1693.47    1693.47     941.07     941.07    1301.61    1301.61     642.49     642.49    1085.04    1085.04     600.95     600.95
 3    3537.00     950.81     743.98    6993.56    5483.96     633.85     645.09    2720.74    3067.42    1086.61    1494.87    9662.47    9000.59     880.36     692.42    6964.81    9860.83     404.80     786.95    7615.10    7427.71     732.44     717.83    5841.69    5443.12     598.79     685.99
 4    1379.00    1356.19    1266.05     783.27     957.93    1322.09    1412.34    1503.30    1529.91    1480.37    1587.05    1358.07    1241.50    1225.96    1027.53    1251.07    1092.81    1058.92    1154.42    1013.12     847.87    1006.93     994.81     978.29    1283.28    1306.81    1105.50
 1    4109.00    8272.11    8272.11    8119.19    8119.19    6512.81    6512.81    3681.68    3681.68    2484.17    2484.17    4763.68    4763.68    1409.10    1409.10    5250.63    5250.63    5671.05    5671.05    3993.99    3993.99    3974.12    3974.12    2953.10    2953.10    1535.23    1535.23
 2     783.00    1575.64    1575.64    1546.51    1546.51    1240.54    1240.54     701.27     701.27     473.18     473.18     907.37     907.37     268.40     268.40    1000.12    1000.12    1080.20    1080.20     760.76     760.76     756.98     756.98     562.50     562.50     292.42     292.42
 3    3537.00    1447.03    1496.24   16021.68   15923.74     385.91     639.75    1031.99    1174.63    3451.37    3473.46    1177.92    1234.22    1156.30    1086.34    7063.00    5917.30     624.55     568.24    2429.47    2320.38     420.18     730.75    3210.94    3350.03     791.92    1018.88
 4    1379.00    1525.81    1478.27     873.62    1042.08    1752.81    1710.76    1285.07    1045.08    1025.98    1128.13    1104.45    1051.70     901.02    1036.04     792.71     663.35     708.42     746.43     825.11     830.09     865.30     920.30     865.21    1364.43    1613.82    1526.30
 1    4109.00    4474.47    4474.47    2905.52    2905.52    6300.76    6300.76    7998.14    7998.14   11543.99   11543.99   12637.55   12637.55   10704.54   10704.54    9714.01    9714.01    7272.80    7272.80   11244.62   11244.62   11613.29   11613.29    9677.98    9677.98    8589.04    8589.04
 2     783.00     852.28     852.28     553.43     553.43    1200.14    1200.14    1523.46    1523.46    2198.86    2198.86    2407.15    2407.15    2038.96    2038.96    1850.29    1850.29    1385.30    1385.30    2141.83    2141.83    2212.06    2212.06    1843.42    1843.42    1636.01    1636.01
 3    3537.00     778.44     739.49     794.80    1102.74    6704.57    6155.35    1463.09    1480.96    2852.88    2681.18   20060.48   16212.51    1695.74    1443.82    9091.73    8909.71    1285.88    1464.69   12245.76   10942.03    2955.01    2400.67   22713.88   15514.89    1157.57     763.45
 4    1379.00    1160.87    1485.18    2150.36    1925.21    1367.04    1643.98    3176.93    4461.25    3950.65    3096.82    1075.14     920.80    1711.59    1972.87    1971.09    2360.43    3661.81    4096.38    3521.50    2253.28    2600.35    2295.09     819.19     553.54    1020.09    1205.79
