FL 2019 2020 2021 2022 2023 2024 2025 2026 2027 2028 2029 2030 2031 2032 2033 2034 2035 2036 2037 2038 2039 2040 2041 2042 2043 2044 2045
 1  0.1254765  0.0537101  0.0384629  0.0511696  0.0441272  0.0927157  0.0886010  0.1058732  0.1053003  0.1645688  0.1983360  0.1038630  0.1022738  0.1546630  0.1444627  0.2456206  0.3160460  0.1720670  0.1621242  0.0548720  0.0463470  0.0624285  0.0647373  0.0929824  0.0857956  0.1968680  0.2085139
 2  0.0238751  0.0086047  0.0059551  0.0083841  0.0078893  0.0173882  0.0151250  0.0188886  0.0202131  0.0338958  0.0397102  0.0196049  0.0198086  0.0277864  0.0254559  0.0464467  0.0601211  0.0299467  0.0265042  0.0089588  0.0082275  0.0122303  0.0122521  0.0169759  0.0159295  0.0367853  0.0354865
 3  0.1162273  0.1603345  0.1478186  0.1707999  0.1629646  0.1539329  0.1512626  0.1712802  0.1368062  0.1572758  0.1448146  0.1590457  0.1399006  0.1544406  0.1437631  0.1848716  0.1481896  0.1751764  0.1426725  0.1758155  0.1509426  0.1703048  0.1362761  0.1643818  0.1431144  0.1628626  0.1436075
 4  0.0444602  0.0568551  0.0443265  0.0438060  0.0403121  0.0472348  0.0461055  0.0430705  0.0315612  0.0412133  0.0444975  0.0437133  0.0396074  0.0454701  0.0360054  0.0419531  0.0394997  0.0516952  0.0445452  0.0454694  0.0349474  0.0438854  0.0426658  0.0481122  0.0375490  0.0506372  0.0481789
 1  0.1254447  0.0530791  0.0374739  0.0792994  0.0658475  0.1017026  0.1054178  0.1156465  0.1257183  0.1009283  0.0915431  0.0477348  0.0428651  0.0489707  0.0459836  0.0541653  0.0565863  0.0745726  0.0844128  0.2076157  0.2282043  0.1981784  0.2059629  0.1167941  0.0862797  0.1177931  0.1090715
 2  0.0238456  0.0084980  0.0058249  0.0128044  0.0111445  0.0189382  0.0207430  0.0235762  0.0259976  0.0189386  0.0170958  0.0089011  0.0075724  0.0090704  0.0090346  0.0112429  0.0125133  0.0175133  0.0177360  0.0408271  0.0438059  0.0369625  0.0342038  0.0179165  0.0132394  0.0199829  0.0188871
 3  0.1162137  0.1442624  0.1668128  0.1507241  0.1452657  0.1449263  0.1358095  0.1400729  0.1382554  0.1341257  0.1473390  0.1412879  0.1557801  0.1358101  0.1434961  0.1343182  0.1359037  0.1367845  0.1274752  0.1330134  0.1508282  0.1466067  0.1341337  0.1447928  0.1606929  0.1408905  0.1350009
 4  0.0443576  0.0487710  0.0494002  0.0403408  0.0354342  0.0349112  0.0341331  0.0379331  0.0402001  0.0411895  0.0407658  0.0427187  0.0460228  0.0370405  0.0381193  0.0329324  0.0302484  0.0397282  0.0444123  0.0357785  0.0411443  0.0437846  0.0492740  0.0479521  0.0448497  0.0389037  0.0399535
 1  0.1278873  0.0770175  0.0556017  0.0680996  0.0483000  0.2025222  0.1602685  0.1550454  0.1696262  0.1550689  0.1750764  0.2092539  0.2215691  0.0875826  0.0834448  0.1981041  0.2469452  0.1621198  0.1167581  0.1140562  0.1117049  0.2531089  0.3085650  0.1748371  0.1649175  0.1299939  0.1498190
 2  0.0247547  0.0124165  0.0085777  0.0100387  0.0078232  0.0308414  0.0262311  0.0284760  0.0332771  0.0315831  0.0351659  0.0400720  0.0380052  0.0152506  0.0158488  0.0407732  0.0511230  0.0257438  0.0176290  0.0192715  0.0211584  0.0508132  0.0581048  0.0299665  0.0289825  0.0250622  0.0308613
 3  0.1181554  0.1490122  0.1433194  0.1508765  0.1502729  0.1426444  0.1430523  0.1336617  0.1353466  0.1365421  0.1392472  0.1415982  0.1464346  0.1541270  0.1505087  0.1414660  0.1448948  0.1461157  0.1590098  0.1519477  0.1436149  0.1353983  0.1370046  0.1547672  0.1532119  0.1495827  0.1275705
 4  0.0465951  0.0560574  0.0486878  0.0470864  0.0470534  0.0451042  0.0367111  0.0314615  0.0340319  0.0375824  0.0428213  0.0438957  0.0443276  0.0375652  0.0357732  0.0319008  0.0502106  0.0578950  0.0444006  0.0345240  0.0328245  0.0379567  0.0444513  0.0438287  0.0350543  0.0321737  0.0345700
 1  0.1288192  0.0243211  0.0165261  0.0818966  0.0795980  0.0852796  0.0656187  0.0500832  0.0370582  0.0709071  0.0727737  0.0687090  0.0801278  0.0649787  0.0481974  0.0653972  0.0626810  0.1669188  0.2243648  0.1961044  0.2939082  0.2870419  0.3381404  0.1004967  0.0546809  0.1148846  0.1153098
 2  0.0246201  0.0038663  0.0025726  0.0142291  0.0146892  0.0163442  0.0073040  0.0071406  0.0064823  0.0139774  0.0161540  0.0168919  0.0212060  0.0121509  0.0081616  0.0118932  0.0127424  0.0390629  0.0590992  0.0545124  0.0781216  0.0616895  0.0578973  0.0125241  0.0080480  0.0200639  0.0202511
 3  0.1191925  0.1328071  0.1484540  0.1686808  0.1520282  0.1510166  0.1401500  0.1388108  0.1239820  0.1076602  0.1051823  0.1096126  0.1014040  0.1249598  0.1224881  0.1109367  0.1080126  0.1067486  0.1070456  0.1148208  0.1232459  0.1279186  0.1374668  0.1497220  0.1547852  0.1508941  0.1401327
 4  0.0459275  0.0464768  0.0417030  0.0366503  0.0372835  0.0914818  0.0603082  0.0359220  0.0265047  0.0278689  0.0265441  0.0267092  0.0453855  0.0574947  0.0387439  0.0281325  0.0252204  0.0231244  0.0242879  0.0298625  0.0335717  0.0459516  0.0580269  0.0518142  0.0405126  0.0383838  0.0417814
 1  0.1248385  0.0459876  0.0323476  0.0551041  0.0481634  0.1229016  0.0702919  0.2553379  0.2863571  0.4211829  0.4107536  0.1324079  0.1137505  0.1819934  0.2126361  0.2727505  0.4160736  0.2516793  0.2702881  0.0740201  0.0468062  0.1747999  0.1843062  0.2983496  0.3067791  0.1312742  0.1263014
 2  0.0237493  0.0073569  0.0050234  0.0091379  0.0085575  0.0163632  0.0105729  0.0436598  0.0538898  0.0705741  0.0573652  0.0199940  0.0195425  0.0349541  0.0447395  0.0619983  0.0893717  0.0470128  0.0405830  0.0099091  0.0072164  0.0306073  0.0347629  0.0540118  0.0487569  0.0217504  0.0237288
 3  0.1157048  0.1418155  0.1618599  0.1656440  0.1669651  0.1443166  0.1466911  0.1353034  0.1295648  0.1288593  0.1416541  0.1453065  0.1324290  0.1238040  0.1181076  0.1387330  0.1384014  0.1429038  0.1572714  0.1617043  0.1564830  0.1422547  0.1305552  0.1337712  0.1382904  0.1451524  0.1396733
 4  0.0442984  0.0546689  0.0457439  0.0422052  0.0671824  0.0586933  0.0401086  0.0323926  0.0379689  0.0508131  0.0470961  0.0372505  0.0323773  0.0309527  0.0277711  0.0344535  0.0402204  0.0448364  0.0568404  0.0496217  0.0393793  0.0345197  0.0382769  0.0467870  0.0414649  0.0356379  0.0292876
 1  0.1109460  0.0858735  0.0648692  0.1071380  0.0786558  0.1594227  0.1482709  0.1590120  0.1661903  0.1549507  0.1663564  0.0666578  0.0665971  0.1228891  0.1290427  0.1532392  0.1809320  0.0961130  0.0578048  0.0794798  0.0766224  0.1952765  0.2617851  0.2824973  0.3889630  0.0730646  0.0605009
 2  0.0215407  0.0142182  0.0102203  0.0158942  0.0122951  0.0263703  0.0257645  0.0292912  0.0308613  0.0295177  0.0318388  0.0128455  0.0135744  0.0248214  0.0262268  0.0319896  0.0371342  0.0139318  0.0084209  0.0134792  0.0149806  0.0435086  0.0620950  0.0644983  0.0803404  0.0128429  0.0090213
 3  0.1025202  0.1504977  0.1499695  0.1743166  0.1641850  0.1557315  0.1443511  0.1447719  0.1368658  0.1450813  0.1349035  0.1440266  0.1453581  0.1402234  0.1435635  0.1455441  0.1459085  0.1551278  0.1530356  0.1490555  0.1326342  0.1261066  0.1192098  0.1189911  0.1377702  0.1565711  0.1603355
 4  0.0405097  0.0539701  0.0492846  0.0566323  0.0453838  0.0426148  0.0403020  0.0375522  0.0383101  0.0391572  0.0365125  0.0374266  0.0350247  0.0385940  0.0365856  0.0354643  0.0588148  0.0613902  0.0445387  0.0327755  0.0283067  0.0283055  0.0311470  0.0319301  0.0373415  0.0539718  0.0502936
 1  0.1265341  0.0907328  0.0654557  0.0468726  0.0390553  0.0571706  0.0514282  0.0823744  0.0912218  0.0906322  0.0851323  0.1298444  0.1181873  0.0654907  0.0573685  0.1943392  0.2197410  0.1651805  0.1882268  0.0948777  0.0798159  0.0561216  0.0511634  0.1363758  0.1705596  0.1021057  0.1219372
 2  0.0240649  0.0144453  0.0100400  0.0076382  0.0065840  0.0099621  0.0098195  0.0176101  0.0173900  0.0167770  0.0162365  0.0237885  0.0195817  0.0111753  0.0106286  0.0379514  0.0444268  0.0342483  0.0349056  0.0164806  0.0127175  0.0097167  0.0100399  0.0304582  0.0421181  0.0257624  0.0271139
 3  0.1171771  0.1460312  0.1538045  0.1584199  0.1556505  0.1585293  0.1436958  0.1426653  0.1363760  0.1395544  0.1479046  0.1430749  0.1366652  0.1435766  0.1339550  0.1254331  0.1343443  0.1367295  0.1387954  0.1356350  0.1423412  0.1262800  0.1249072  0.1149999  0.1179003  0.1272376  0.1282900
 4  0.0445246  0.0550056  0.0444211  0.0424992  0.0427263  0.0402106  0.0320683  0.0400329  0.0472271  0.0382195  0.0425406  0.0491013  0.0452412  0.0399125  0.0344324  0.0363601  0.0349514  0.0401693  0.0456784  0.0439802  0.0442589  0.0310223  0.0285505  0.0252200  0.0291966  0.0373910  0.0415044
 1  0.1297867  0.0147419  0.0100217  0.0185094  0.0145302  0.0559127  0.0441478  0.2643187  0.3517551  0.1810677  0.1961042  0.2701575  0.3531710  0.1284947  0.1233757  0.0560709  0.0417717  0.1850747  0.1278989  0.2757750  0.3608414  0.3610244  0.5142124  0.0947765  0.0715203  0.0924782  0.0733427
 2  0.0252255  0.0023679  0.0015648  0.0032213  0.0018965  0.0084998  0.0078383  0.0528472  0.0711282  0.0344483  0.0391866  0.0542690  0.0689479  0.0245236  0.0173141  0.0083835  0.0068375  0.0263902  0.0202670  0.0509716  0.0746299  0.0744335  0.0889045  0.0137757  0.0114725  0.0147496  0.0122067
 3  0.1198957  0.1327213  0.1597396  0.1613089  0.1467177  0.1455784  0.1302570  0.1357304  0.1265174  0.1378467  0.1474909  0.1380720  0.1335824  0.1572007  0.1440615  0.1436732  0.1484026  0.1454066  0.1346866  0.1245503  0.1292565  0.1382278  0.1510443  0.1750407  0.1722204  0.1421382  0.1561065
 4  0.0477583  0.0492814  0.0449922  0.0621925  0.0541896  0.0379774  0.0287797  0.0349168  0.0370243  0.0368205  0.0333619  0.0359965  0.0329470  0.0527330  0.0548883  0.0401607  0.0527697  0.0547077  0.0345750  0.0254961  0.0298044  0.0411212  0.0490037  0.0468410  0.0465804  0.0443884  0.0432904
 1  0.1223116  0.0850998  0.0616727  0.1520569  0.1312893  0.1702522  0.1799098  0.0517164  0.0513110  0.0813547  0.0820454  0.0959702  0.0936157  0.0683201  0.0566002  0.0757388  0.0708051  0.0764539  0.0727855  0.1076967  0.1154509  0.0960448  0.0966152  0.1000180  0.0910418  0.0778311  0.0738170
 2  0.0236805  0.0138226  0.0095888  0.0241678  0.0219787  0.0306528  0.0325212  0.0097328  0.0103082  0.0165136  0.0165840  0.0189877  0.0168140  0.0116349  0.0097385  0.0139226  0.0126186  0.0140808  0.0146677  0.0224599  0.0237991  0.0194560  0.0186709  0.0181120  0.0170626  0.0147613  0.0139539
 3  0.1129846  0.1353967  0.1508884  0.1549511  0.1511328  0.1520227  0.1526355  0.1519168  0.1355752  0.1306625  0.1328749  0.1483189  0.1384401  0.1511762  0.1342563  0.1396446  0.1314372  0.1383304  0.1307224  0.1332457  0.1246350  0.1346416  0.1362394  0.1374830  0.1391074  0.1347753  0.1298035
 4  0.0446547  0.0478890  0.0438377  0.0429508  0.0393596  0.0388043  0.0385345  0.0363094  0.0336636  0.0381476  0.0388637  0.0438463  0.0459457  0.0464064  0.0392346  0.0395139  0.0427843  0.0374482  0.0315387  0.0395253  0.0381003  0.0386992  0.0440157  0.0417691  0.0392480  0.0413808  0.0383716
 1  0.1207744  0.0938964  0.0688339  0.0698739  0.0648245  0.0597982  0.0629769  0.0747737  0.0814814  0.0696455  0.0612391  0.0782334  0.0765824  0.0939389  0.0810194  0.1008694  0.1087520  0.1229388  0.1259420  0.0897935  0.0720180  0.2112222  0.2276179  0.1664074  0.1774000  0.1281215  0.1113114
 2  0.0233681  0.0153227  0.0107098  0.0118987  0.0119948  0.0119661  0.0136440  0.0167465  0.0164430  0.0128211  0.0110009  0.0144594  0.0149151  0.0169004  0.0150804  0.0199756  0.0215197  0.0241157  0.0237733  0.0151029  0.0120909  0.0376657  0.0430928  0.0329607  0.0272676  0.0202310  0.0197538
 3  0.1116213  0.1328890  0.1650015  0.1474355  0.1476764  0.1386310  0.1413261  0.1420271  0.1235473  0.1388750  0.1567105  0.1571257  0.1552656  0.1406005  0.1460939  0.1543485  0.1331359  0.1552171  0.1426811  0.1529577  0.1430750  0.1454778  0.1420136  0.1581290  0.1504573  0.1575915  0.1446336
 4  0.0441728  0.0492221  0.0464257  0.0348333  0.0335001  0.0305920  0.0326465  0.0401724  0.0399537  0.0425057  0.0408049  0.0396605  0.0450896  0.0428042  0.0367259  0.0388981  0.0382285  0.0425566  0.0457587  0.0505775  0.0424084  0.0358733  0.0351850  0.0564612  0.0536384  0.0400709  0.0317840
 1  0.1220670  0.0351462  0.0251494  0.0430376  0.0353899  0.0755612  0.0751490  0.1430292  0.1743912  0.1086160  0.1080919  0.0878093  0.0782229  0.1591992  0.1550777  0.1474170  0.1560004  0.1311295  0.1377129  0.0639100  0.0518853  0.1305748  0.1193350  0.1507237  0.1701859  0.2556019  0.3655273
 2  0.0232303  0.0056849  0.0039456  0.0071087  0.0058010  0.0136879  0.0151425  0.0314402  0.0375702  0.0220873  0.0193340  0.0155056  0.0133196  0.0278011  0.0283800  0.0278178  0.0311105  0.0264962  0.0250812  0.0107910  0.0086805  0.0223046  0.0217251  0.0295446  0.0354668  0.0561893  0.0821182
 3  0.1130934  0.1565467  0.1496834  0.1585177  0.1555407  0.1475992  0.1396125  0.1397054  0.1365737  0.1340028  0.1440719  0.1397608  0.1423176  0.1550461  0.1522457  0.1410758  0.1328604  0.1407636  0.1427965  0.1527573  0.1483286  0.1417511  0.1400749  0.1410297  0.1370125  0.1347180  0.1288399
 4  0.0433681  0.0557868  0.0480804  0.0457319  0.0452101  0.0339794  0.0309219  0.0353351  0.0404401  0.0435175  0.0450729  0.0402117  0.0411976  0.0425489  0.0397441  0.0359724  0.0337492  0.0427172  0.0493510  0.0476127  0.0462670  0.0410273  0.0363265  0.0347030  0.0350421  0.0296056  0.0327362
 1  0.1248421  0.0642769  0.0460872  0.0837994  0.0779245  0.1247916  0.1239780  0.1405584  0.1227450  0.1563845  0.1543083  0.1146367  0.0940702  0.1212533  0.1253760  0.1585953  0.1684815  0.1970543  0.1851475  0.1003127  0.0916886  0.1447191  0.1804530  0.2329956  0.2891606  0.1766348  0.1590017
 2  0.0236711  0.0103043  0.0071492  0.0141132  0.0146726  0.0236701  0.0234606  0.0245911  0.0203804  0.0273726  0.0267028  0.0187081  0.0161308  0.0227454  0.0231696  0.0300643  0.0340977  0.0366893  0.0299198  0.0167476  0.0172554  0.0309428  0.0405029  0.0505413  0.0586706  0.0305868  0.0265026
 3  0.1157002  0.1500239  0.1684917  0.1521972  0.1507991  0.1430771  0.1525054  0.1470139  0.1475380  0.1524194  0.1484388  0.1518446  0.1425054  0.1396391  0.1401918  0.1309553  0.1448396  0.1316403  0.1473231  0.1451716  0.1376638  0.1274696  0.1320601  0.1344895  0.1443999  0.1439463  0.1504156
 4  0.0439966  0.0519434  0.0469476  0.0345605  0.0350540  0.0416044  0.0442657  0.0458060  0.0449778  0.0410189  0.0462542  0.0465802  0.0364684  0.0378937  0.0417558  0.0340285  0.0395889  0.0481402  0.0471522  0.0372143  0.0296530  0.0275928  0.0366313  0.0378120  0.0398082  0.0422269  0.0527636
 1  0.1245411  0.0728744  0.0518408  0.0483342  0.0423215  0.0569759  0.0462014  0.0392648  0.0396580  0.0883693  0.0873567  0.2032449  0.2707351  0.2973571  0.3010458  0.0793398  0.0605562  0.2498849  0.2909626  0.0985928  0.0816981  0.1353032  0.1460369  0.2740215  0.3176332  0.3200618  0.3892055
 2  0.0237521  0.0117164  0.0080457  0.0082307  0.0070624  0.0093879  0.0083313  0.0079501  0.0073425  0.0166963  0.0178350  0.0443012  0.0621368  0.0620359  0.0366739  0.0112055  0.0101986  0.0479333  0.0462542  0.0155252  0.0144530  0.0262412  0.0287341  0.0526883  0.0603385  0.0591205  0.0664644
 3  0.1153379  0.1283732  0.1476550  0.1529707  0.1507968  0.1462323  0.1512828  0.1382403  0.1366812  0.1477935  0.1401728  0.1340510  0.1415354  0.1397717  0.1653509  0.1642292  0.1515194  0.1310175  0.1386017  0.1412663  0.1356685  0.1199862  0.1276102  0.1359626  0.1312121  0.1335250  0.1501147
 4  0.0445669  0.0495597  0.0448502  0.0414282  0.0466494  0.0405198  0.0340072  0.0391769  0.0457011  0.0387263  0.0311180  0.0302507  0.0351232  0.0730555  0.0638451  0.0415896  0.0342121  0.0425574  0.0528842  0.0386982  0.0326515  0.0338156  0.0411485  0.0409190  0.0351568  0.0379344  0.0437323
 1  0.1327275  0.0961794  0.0681344  0.1363115  0.0881914  0.1879286  0.1219214  0.2977532  0.4044039  0.3696164  0.6439848  0.2526466  0.0724431  0.1608520  0.1637472  0.1658411  0.1846729  0.1086990  0.0888302  0.1008849  0.1042544  0.1994040  0.2644428  0.1929616  0.2609735  0.1232806  0.0976844
 2  0.0254987  0.0152245  0.0103172  0.0187564  0.0128182  0.0249372  0.0188420  0.0548587  0.0845939  0.0807778  0.1351460  0.0197335  0.0092730  0.0264199  0.0288603  0.0320184  0.0382112  0.0192744  0.0153098  0.0188298  0.0210360  0.0438870  0.0623021  0.0457361  0.0591889  0.0219361  0.0145936
 3  0.1228067  0.1435939  0.1542356  0.1593219  0.1622929  0.1436240  0.1191427  0.1157793  0.1305965  0.1445665  0.1410970  0.1677436  0.1542845  0.1355637  0.1202051  0.1252103  0.1242675  0.1304646  0.1270341  0.1314492  0.1248720  0.1220751  0.1164186  0.1305382  0.1406837  0.1430135  0.1588238
 4  0.0478112  0.0507450  0.0534088  0.0536461  0.0594556  0.0488167  0.0300576  0.0241503  0.0277321  0.0324625  0.0862118  0.0686740  0.0396475  0.0307340  0.0338503  0.0329289  0.0419862  0.0481302  0.0376763  0.0330368  0.0324305  0.0287481  0.0272100  0.0320469  0.0440922  0.0575583  0.0578320
 1  0.1072441  0.0926306  0.0713339  0.0885354  0.0651147  0.0749693  0.0642990  0.0885434  0.0866658  0.1452969  0.1489656  0.0836964  0.0843856  0.1129431  0.1195834  0.0919351  0.0938211  0.1313155  0.1310920  0.2030603  0.2568975  0.1274488  0.1227192  0.0490168  0.0452133  0.0754501  0.0478301
 2  0.0203581  0.0153038  0.0112688  0.0135467  0.0096701  0.0121528  0.0116907  0.0168763  0.0171056  0.0284272  0.0279651  0.0161691  0.0162243  0.0223210  0.0254301  0.0193958  0.0183486  0.0248685  0.0254317  0.0417153  0.0553637  0.0248765  0.0226874  0.0089338  0.0085873  0.0113890  0.0072260
 3  0.0993911  0.1607835  0.1640947  0.1637299  0.1588072  0.1410897  0.1387243  0.1369980  0.1355128  0.1455864  0.1320908  0.1333261  0.1281078  0.1287093  0.1315336  0.1268895  0.1354687  0.1325620  0.1371370  0.1312882  0.1320108  0.1385596  0.1441352  0.1469987  0.1426614  0.1414163  0.1398483
 4  0.0378383  0.0535618  0.0534665  0.0549727  0.0476922  0.0368941  0.0354574  0.0394274  0.0428374  0.0436997  0.0371281  0.0358227  0.0384295  0.0358510  0.0315269  0.0447183  0.0447277  0.0375165  0.0338709  0.0305820  0.0350135  0.0440506  0.0406199  0.0390512  0.0546131  0.0582063  0.0426582
 1  0.1151150  0.0773801  0.0565802  0.0446796  0.0272145  0.1741910  0.1845576  0.2783239  0.3850286  0.2619722  0.3071173  0.1201826  0.1103461  0.0907351  0.0846716  0.0664803  0.0596828  0.0842737  0.0759685  0.0728900  0.0770094  0.1686735  0.1549116  0.1576684  0.1566242  0.1611763  0.1701611
 2  0.0219508  0.0126061  0.0088819  0.0060562  0.0042771  0.0307809  0.0350987  0.0569489  0.0776833  0.0490608  0.0536070  0.0199502  0.0195014  0.0164532  0.0141123  0.0115981  0.0107956  0.0151837  0.0141000  0.0145582  0.0170354  0.0328098  0.0273561  0.0284786  0.0268730  0.0291642  0.0325712
 3  0.1066673  0.1351437  0.1480769  0.1592983  0.1556623  0.1394475  0.1420167  0.1453127  0.1340089  0.1540863  0.1412538  0.1778173  0.1590814  0.1709996  0.1455643  0.1481341  0.1443785  0.1395193  0.1377387  0.1323817  0.1485842  0.1319672  0.1463123  0.1353687  0.1510014  0.1484086  0.1431397
 4  0.0408969  0.0480363  0.0533666  0.0497685  0.0419568  0.0338814  0.0362880  0.0368907  0.0337155  0.0420533  0.0393318  0.0450486  0.0386718  0.0488364  0.0452462  0.0393754  0.0403931  0.0414250  0.0341024  0.0291399  0.0427442  0.0474211  0.0408562  0.0372406  0.0439090  0.0349699  0.0401598
 1  0.1151962  0.0931735  0.0694686  0.0549647  0.0383448  0.1172592  0.0905117  0.0826716  0.0684671  0.0949982  0.1023385  0.1122005  0.1277263  0.1299520  0.1572493  0.1367373  0.1530167  0.1559758  0.1463679  0.1998323  0.1830858  0.2616250  0.3259193  0.1215562  0.0806469  0.1635787  0.1859653
 2  0.0220659  0.0151854  0.0108396  0.0080745  0.0060299  0.0180380  0.0151372  0.0138407  0.0122150  0.0189752  0.0213817  0.0240651  0.0278259  0.0292442  0.0350785  0.0296534  0.0302472  0.0278768  0.0257083  0.0334339  0.0323238  0.0505988  0.0561107  0.0169692  0.0127498  0.0301200  0.0378910
 3  0.1065712  0.1503086  0.1435351  0.1681776  0.1515268  0.1451585  0.1432715  0.1280668  0.1272654  0.1216522  0.1147778  0.1536123  0.1560660  0.1205607  0.1262584  0.1294278  0.1451299  0.1450025  0.1432497  0.1356286  0.1525660  0.1371091  0.1327943  0.1492502  0.1385755  0.1239493  0.1263031
 4  0.0411010  0.0510785  0.0493903  0.0543015  0.0482426  0.0467299  0.0432872  0.0421455  0.0353992  0.0304240  0.0338629  0.0432071  0.0401276  0.0310813  0.0347765  0.0409318  0.0477848  0.0463428  0.0442381  0.0409647  0.0371463  0.0352537  0.0530028  0.0507371  0.0346046  0.0278849  0.0326375
 1  0.1096066  0.0447243  0.0326542  0.0657732  0.0535633  0.0752372  0.0743429  0.1614786  0.1935755  0.1389178  0.1518075  0.1125157  0.1035170  0.1296623  0.1162815  0.0966747  0.0931795  0.0913534  0.0925320  0.1305442  0.1469400  0.0736123  0.0644943  0.0643651  0.0532888  0.0863758  0.0923965
 2  0.0207519  0.0073718  0.0052419  0.0106975  0.0089839  0.0136948  0.0149574  0.0346005  0.0406122  0.0286588  0.0285729  0.0206064  0.0163712  0.0214238  0.0204747  0.0176695  0.0179050  0.0180285  0.0189381  0.0272644  0.0310960  0.0141250  0.0111402  0.0106987  0.0095892  0.0175248  0.0177387
 3  0.1016157  0.1361451  0.1531674  0.1535589  0.1527265  0.1472397  0.1410531  0.1428205  0.1416185  0.1360733  0.1383628  0.1498086  0.1550892  0.1489163  0.1581798  0.1428696  0.1412059  0.1336919  0.1374839  0.1333062  0.1347545  0.1347267  0.1473367  0.1521636  0.1484887  0.1290341  0.1301267
 4  0.0386192  0.0454152  0.0483977  0.0450975  0.0413429  0.0332259  0.0339839  0.0361287  0.0370107  0.0340231  0.0414659  0.0497734  0.0479499  0.0379657  0.0404238  0.0371103  0.0367004  0.0333210  0.0348581  0.0359916  0.0375572  0.0472532  0.0497067  0.0456401  0.0348404  0.0370817  0.0431048
 1  0.1210734  0.0686307  0.0494716  0.1937491  0.1331251  0.1461123  0.1402732  0.3251283  0.4752123  0.2472455  0.1829850  0.0891679  0.0824435  0.1087272  0.1014213  0.0830682  0.0684161  0.1023844  0.1045438  0.0769339  0.0786366  0.1029027  0.1118791  0.0797035  0.0725621  0.1049907  0.1147764
 2  0.0226531  0.0110325  0.0077417  0.0273631  0.0193356  0.0239897  0.0258745  0.0655560  0.0986066  0.0370037  0.0279800  0.0149885  0.0142489  0.0197062  0.0176235  0.0138743  0.0120186  0.0194919  0.0205095  0.0156786  0.0158776  0.0214941  0.0219258  0.0147454  0.0139818  0.0211767  0.0243820
 3  0.1124218  0.1352030  0.1474242  0.1574682  0.1624480  0.1413526  0.1360216  0.1397030  0.1534423  0.1423139  0.1654427  0.1518870  0.1389455  0.1405927  0.1535709  0.1385573  0.1356906  0.1315731  0.1310094  0.1302772  0.1306576  0.1381023  0.1316931  0.1287665  0.1359198  0.1434072  0.1330193
 4  0.0418976  0.0505117  0.0545306  0.0526527  0.0442461  0.0337158  0.0307533  0.0329554  0.0441561  0.0506123  0.0427983  0.0366063  0.0380732  0.0431566  0.0495616  0.0439217  0.0347613  0.0341285  0.0380502  0.0368074  0.0373344  0.0382538  0.0418172  0.0382883  0.0345106  0.0378186  0.0328157
 1  0.1167139  0.0585491  0.0421912  0.0942232  0.0833579  0.0982113  0.0898467  0.1390393  0.1684364  0.0660828  0.0550470  0.0554285  0.0520025  0.0957948  0.0994633  0.1783334  0.1783558  0.3649774  0.5711657  0.2370433  0.1165716  0.2636504  0.2218967  0.2244333  0.2649219  0.2105865  0.2355835
 2  0.0225821  0.0096340  0.0066687  0.0157600  0.0141184  0.0169966  0.0166133  0.0284325  0.0378719  0.0128199  0.0097052  0.0099355  0.0100837  0.0199435  0.0179043  0.0319091  0.0337564  0.0747090  0.1050536  0.0270900  0.0148079  0.0377906  0.0352094  0.0405762  0.0499667  0.0397253  0.0438635
 3  0.1078768  0.1276609  0.1579508  0.1547534  0.1603602  0.1488655  0.1446321  0.1450608  0.1377184  0.1321449  0.1583587  0.1552766  0.1592166  0.1368830  0.1374091  0.1363418  0.1542784  0.1385992  0.1441226  0.1680297  0.1671141  0.1471572  0.1411851  0.1399068  0.1333864  0.1441438  0.1409971
 4  0.0428988  0.0474607  0.0447819  0.0420185  0.0410133  0.0409772  0.0337210  0.0294289  0.0361046  0.0457259  0.0456134  0.0370269  0.0362788  0.0421055  0.0475126  0.0360355  0.0341852  0.0305806  0.0582840  0.0636058  0.0525590  0.0419296  0.0358889  0.0333511  0.0360528  0.0396970  0.0393741
 1  0.1187765  0.0511140  0.0370436  0.0425949  0.0159093  0.0538815  0.0529089  0.1126396  0.1379654  0.0897814  0.1163300  0.1039176  0.1086410  0.1044069  0.1096310  0.1486929  0.1060187  0.1735934  0.1809762  0.2420174  0.2519317  0.1407398  0.1685240  0.1433848  0.1426785  0.1295065  0.1303330
 2  0.0226444  0.0083081  0.0058028  0.0041690  0.0022104  0.0093923  0.0111197  0.0275495  0.0365942  0.0246666  0.0286667  0.0225536  0.0222770  0.0209201  0.0226160  0.0237952  0.0166895  0.0308420  0.0316031  0.0425373  0.0478804  0.0291398  0.0330881  0.0269207  0.0261293  0.0238066  0.0239789
 3  0.1100329  0.1590108  0.1623482  0.1558497  0.1291510  0.1041950  0.1013378  0.1038857  0.1108536  0.1223914  0.1213380  0.1193797  0.1433524  0.1351963  0.1396000  0.1469399  0.1397868  0.1291389  0.1246058  0.1230670  0.1329725  0.1419602  0.1300356  0.1431421  0.1391270  0.1476906  0.1377555
 4  0.0423910  0.0499197  0.1041553  0.0638189  0.0340380  0.0208874  0.0215927  0.0281179  0.0298863  0.0334543  0.0402916  0.0386145  0.0401126  0.0349441  0.0504943  0.0560546  0.0387951  0.0348008  0.0407877  0.0334230  0.0308188  0.0365441  0.0410054  0.0401138  0.0393199  0.0395320  0.0394578
 1  0.1318712  0.0590542  0.0409992  0.0485303  0.0430707  0.0545876  0.0506798  0.1393357  0.1370805  0.0380459  0.0387038  0.0915379  0.1053916  0.1156879  0.1100627  0.0979549  0.0902886  0.1031699  0.0820575  0.1502292  0.1551991  0.1544484  0.1706010  0.0778393  0.0730775  0.0543623  0.0564567
 2  0.0249026  0.0092926  0.0062837  0.0081405  0.0076049  0.0099856  0.0099406  0.0267210  0.0256924  0.0074523  0.0081439  0.0203954  0.0239296  0.0236210  0.0194864  0.0173284  0.0154826  0.0167877  0.0138641  0.0274561  0.0298387  0.0304965  0.0349700  0.0150598  0.0141934  0.0110624  0.0115765
 3  0.1222950  0.1459339  0.1584584  0.1621537  0.1571206  0.1402019  0.1432985  0.1368810  0.1468605  0.1495421  0.1466869  0.1394163  0.1323177  0.1375863  0.1457990  0.1551953  0.1444448  0.1444407  0.1382991  0.1328873  0.1288906  0.1427529  0.1266134  0.1283945  0.1378198  0.1407185  0.1489020
 4  0.0459998  0.0480826  0.0457887  0.0405800  0.0414497  0.0373278  0.0399265  0.0424850  0.0383305  0.0331477  0.0333964  0.0339097  0.0375656  0.0483742  0.0432106  0.0456460  0.0466822  0.0438562  0.0369751  0.0336220  0.0335442  0.0386195  0.0336333  0.0413201  0.0362016  0.0365252  0.0539602
 1  0.1335702  0.0577214  0.0400353  0.1443505  0.1318050  0.3916747  0.4850710  0.4969195  0.4834887  0.2339232  0.2212712  0.5125175  0.3866181  0.2613143  0.2695134  0.4260119  0.5297967  0.0957483  0.0787738  0.0571989  0.0532419  0.0341420  0.0238246  0.1240359  0.1223632  0.1646385  0.1508305
 2  0.0258944  0.0092281  0.0061591  0.0241546  0.0205258  0.0655997  0.0841402  0.0747065  0.0634008  0.0345993  0.0363130  0.0691269  0.0518772  0.0402095  0.0464626  0.0729079  0.0869274  0.0146021  0.0130086  0.0101831  0.0097134  0.0055270  0.0036468  0.0214334  0.0236841  0.0298711  0.0273864
 3  0.1234566  0.1349463  0.1607342  0.1579080  0.1504612  0.1569211  0.1624773  0.1587755  0.1704570  0.1711893  0.1565497  0.1459706  0.1766377  0.1631705  0.1570491  0.1531611  0.1737912  0.1634678  0.1628575  0.1461602  0.1490201  0.1522520  0.1523941  0.1389149  0.1381617  0.1375437  0.1375643
 4  0.0490362  0.0478985  0.0443523  0.0451189  0.0455805  0.0394603  0.0400184  0.0525024  0.0462748  0.0401415  0.0494453  0.0516138  0.0461723  0.0384818  0.0389100  0.0420522  0.0452106  0.0408884  0.0370093  0.0392440  0.0495924  0.0560521  0.0442774  0.0329378  0.0392759  0.0456102  0.0369390
 1  0.1265370  0.0659282  0.0472002  0.0583954  0.0476569  0.0766535  0.0776382  0.0665877  0.0547269  0.1005568  0.0959893  0.1288746  0.1217837  0.1530453  0.1862014  0.1338601  0.1361316  0.1116070  0.0886683  0.1757056  0.2110315  0.1980418  0.2596793  0.1087845  0.1165383  0.0692073  0.0565413
 2  0.0242237  0.0106137  0.0073303  0.0093363  0.0084001  0.0151131  0.0131318  0.0110588  0.0096132  0.0187061  0.0168632  0.0229889  0.0236390  0.0325210  0.0408737  0.0272731  0.0267483  0.0185444  0.0150568  0.0337246  0.0437932  0.0435753  0.0581225  0.0231126  0.0219689  0.0117996  0.0095228
 3  0.1171311  0.1444821  0.1561417  0.1481493  0.1545114  0.1490255  0.1372918  0.1542076  0.1436009  0.1321835  0.1320593  0.1248378  0.1266646  0.1191988  0.1264570  0.1288998  0.1353799  0.1432421  0.1436040  0.1405981  0.1342703  0.1270672  0.1335544  0.1326394  0.1343591  0.1516923  0.1592564
 4  0.0452793  0.0508322  0.0487283  0.0389416  0.0348650  0.0442577  0.0482269  0.0431732  0.0350450  0.0410467  0.0447094  0.0358480  0.0305158  0.0286957  0.0390136  0.0415945  0.0481008  0.0504014  0.0384603  0.0305654  0.0321865  0.0314331  0.0348008  0.0386388  0.0427908  0.0465412  0.0420754
 1  0.1098719  0.0575126  0.0430281  0.0658923  0.0586887  0.1108153  0.1202780  0.1805914  0.1710104  0.0541436  0.0401004  0.1109453  0.1263551  0.1443659  0.1686259  0.1673630  0.1931562  0.1391000  0.1301810  0.1005410  0.0963905  0.1571553  0.1566149  0.1137701  0.1242153  0.0439302  0.0177965
 2  0.0217666  0.0097297  0.0068944  0.0111034  0.0105885  0.0215396  0.0252217  0.0376906  0.0216238  0.0077531  0.0068037  0.0221005  0.0277366  0.0326295  0.0385331  0.0357233  0.0378438  0.0250953  0.0228311  0.0179369  0.0182559  0.0294580  0.0296083  0.0225154  0.0254635  0.0048104  0.0025131
 3  0.1012948  0.1453762  0.1384430  0.1631409  0.1514609  0.1453776  0.1432145  0.1428733  0.1481707  0.1587980  0.1346194  0.1205478  0.1136494  0.1293666  0.1312182  0.1416881  0.1433131  0.1441986  0.1350361  0.1525367  0.1356191  0.1374533  0.1342133  0.1427903  0.1421414  0.1462321  0.1361728
 4  0.0418956  0.0470370  0.0415631  0.0404654  0.0368769  0.0321737  0.0355933  0.0762169  0.0599442  0.0442099  0.0290021  0.0279897  0.0314110  0.0354314  0.0335534  0.0427915  0.0442452  0.0431238  0.0392914  0.0385636  0.0372845  0.0397062  0.0346253  0.0334433  0.0946133  0.0699559  0.0368579
 1  0.1211854  0.0383366  0.0272181  0.0441961  0.0322084  0.1477610  0.1574285  0.1070908  0.1023977  0.1099018  0.1005812  0.0703631  0.0745609  0.0843227  0.0900054  0.0387297  0.0337584  0.0437647  0.0360667  0.0718009  0.0701902  0.0917637  0.0933793  0.1062243  0.1192111  0.0587573  0.0637790
 2  0.0237817  0.0063067  0.0043024  0.0067924  0.0052061  0.0265547  0.0308012  0.0202479  0.0198829  0.0201666  0.0187289  0.0140676  0.0153097  0.0177636  0.0200063  0.0076586  0.0065585  0.0078303  0.0065051  0.0137019  0.0133350  0.0182348  0.0183591  0.0219455  0.0263194  0.0133337  0.0141479
 3  0.1117931  0.1316942  0.1458589  0.1508067  0.1524732  0.1562891  0.1525313  0.1437867  0.1401389  0.1341105  0.1396083  0.1413375  0.1369654  0.1218386  0.1384067  0.1279276  0.1446548  0.1390148  0.1436381  0.1409485  0.1402712  0.1313717  0.1362126  0.1341675  0.1337611  0.1269541  0.1346470
 4  0.0453864  0.0501424  0.0479510  0.0467683  0.0386373  0.0361521  0.0399295  0.0422506  0.0420894  0.0393103  0.0348205  0.0346891  0.0367161  0.0315160  0.0392200  0.0421362  0.0433190  0.0428835  0.0408084  0.0398312  0.0414919  0.0358077  0.0371462  0.0331171  0.0319206  0.0362771  0.0420292
 1  0.1201775  0.0369685  0.0263893  0.0571790  0.0484703  0.0920871  0.0891127  0.0652458  0.0661924  0.1045593  0.1163584  0.0806270  0.0879781  0.0463516  0.0406616  0.0531650  0.0464615  0.0731885  0.0604773  0.1225197  0.1391253  0.0408588  0.0346485  0.0790006  0.0718982  0.1127294  0.1171281
 2  0.0229901  0.0059969  0.0041416  0.0094833  0.0082896  0.0168238  0.0163703  0.0126588  0.0134592  0.0221080  0.0248353  0.0171708  0.0196051  0.0093746  0.0071872  0.0094258  0.0079740  0.0122601  0.0109211  0.0248647  0.0259633  0.0072176  0.0063513  0.0145724  0.0134898  0.0222247  0.0248698
 3  0.1112312  0.1555934  0.1522835  0.1527381  0.1384365  0.1487878  0.1441016  0.1469569  0.1390224  0.1422874  0.1309815  0.1433782  0.1388070  0.1274020  0.1425314  0.1555702  0.1466309  0.1428170  0.1457263  0.1592762  0.1428534  0.1448841  0.1289163  0.1204871  0.1187526  0.1163957  0.1166210
 4  0.0430954  0.0517990  0.0466472  0.0415681  0.0377728  0.0406319  0.0389436  0.0353247  0.0349526  0.0367041  0.0340520  0.0330984  0.0350057  0.0490978  0.0458554  0.0473330  0.0472083  0.0449809  0.0349390  0.0433276  0.0495230  0.0450372  0.0382909  0.0375955  0.0346916  0.0308880  0.0281081
 1  0.1184296  0.0567210  0.0409060  0.0518165  0.0369109  0.0925634  0.0755963  0.0831341  0.0831568  0.0896363  0.0947656  0.1465171  0.1684333  0.1225195  0.1263986  0.1271350  0.1189856  0.1483460  0.1419219  0.1140156  0.1102959  0.0432077  0.0344093  0.1173202  0.1406571  0.1847419  0.2419765
 2  0.0230435  0.0093089  0.0064449  0.0078011  0.0059555  0.0151020  0.0126634  0.0153654  0.0164208  0.0186118  0.0198086  0.0310147  0.0360651  0.0251589  0.0236394  0.0233091  0.0195064  0.0254956  0.0254900  0.0218519  0.0174432  0.0069531  0.0063123  0.0248819  0.0337398  0.0466227  0.0583246
 3  0.1093210  0.1360679  0.1374878  0.1540799  0.1631317  0.1464896  0.1350167  0.1418656  0.1272797  0.1297731  0.1288326  0.1303759  0.1342699  0.1333465  0.1373247  0.1435463  0.1429526  0.1394489  0.1379867  0.1363818  0.1297720  0.1268324  0.1148392  0.1068859  0.1053662  0.1107160  0.1134194
 4  0.0437191  0.0505455  0.0457366  0.0447322  0.0495921  0.0459907  0.0380464  0.0365574  0.0339791  0.0351917  0.0364289  0.0350963  0.0351645  0.0418110  0.0446173  0.0452487  0.0469025  0.0381641  0.0375318  0.0494295  0.0508339  0.0369693  0.0254131  0.0231539  0.0253656  0.0319270  0.0443702
 1  0.1185895  0.0457564  0.0324092  0.0930921  0.0711367  0.1162363  0.1307439  0.1387683  0.1546571  0.0538724  0.0485781  0.0860590  0.0776265  0.1241636  0.1421123  0.1062572  0.1152279  0.1297373  0.1527135  0.0848624  0.0535501  0.0800524  0.0674538  0.0914006  0.0846611  0.0758603  0.0807718
 2  0.0228059  0.0074554  0.0051061  0.0142196  0.0117360  0.0218551  0.0271289  0.0294473  0.0310906  0.0103734  0.0078958  0.0145675  0.0144320  0.0252746  0.0313099  0.0232561  0.0245756  0.0277861  0.0326167  0.0131975  0.0078451  0.0130458  0.0109217  0.0160216  0.0156180  0.0152471  0.0178440
 3  0.1096515  0.1297503  0.1657257  0.1636846  0.1365638  0.1629010  0.1504701  0.1434132  0.1337532  0.1477170  0.1484002  0.1563891  0.1411437  0.1384673  0.1404253  0.1356271  0.1314794  0.1360482  0.1458445  0.1366180  0.1541854  0.1501582  0.1539215  0.1438198  0.1334341  0.1276880  0.1200483
 4  0.0431479  0.0481845  0.0547966  0.0459404  0.0333795  0.0322084  0.0349910  0.0388181  0.0395872  0.0490355  0.0512577  0.0392020  0.0331626  0.0303248  0.0332142  0.0354505  0.0330041  0.0318910  0.0531773  0.0558592  0.0475987  0.0424466  0.0474975  0.0399048  0.0351114  0.0306327  0.0298751
 1  0.1080012  0.0624632  0.0466452  0.0486472  0.0343655  0.1398171  0.1433111  0.1550029  0.1892027  0.0707556  0.0468328  0.0815502  0.0728783  0.1883839  0.2259172  0.2167127  0.2595482  0.0987148  0.1016096  0.1379916  0.1523073  0.3071228  0.3868327  0.1305402  0.0988217  0.1605090  0.1378560
 2  0.0207042  0.0103797  0.0074618  0.0073748  0.0052978  0.0244081  0.0280791  0.0336858  0.0374183  0.0108744  0.0070100  0.0135510  0.0134346  0.0385681  0.0481605  0.0448906  0.0534318  0.0193278  0.0201558  0.0276491  0.0305670  0.0606287  0.0685466  0.0204748  0.0137659  0.0244212  0.0237843
 3  0.0998937  0.1452972  0.1591098  0.1622347  0.1551806  0.1416620  0.1419363  0.1393620  0.1304196  0.1489187  0.1466859  0.1342336  0.1309537  0.1199522  0.1271026  0.1305284  0.1371469  0.1473485  0.1494571  0.1468457  0.1397508  0.1417877  0.1428393  0.1611258  0.1500296  0.1653650  0.1490991
 4  0.0388828  0.0484559  0.0538720  0.0511587  0.0427546  0.0316553  0.0305558  0.0371827  0.0529197  0.0594455  0.0455934  0.0356288  0.0325703  0.0306883  0.0350277  0.0369368  0.0356262  0.0373353  0.0384513  0.0375545  0.0372844  0.0383950  0.0421298  0.0516467  0.0478877  0.0423632  0.0351856
 1  0.1193897  0.0649613  0.0464974  0.0763296  0.0592412  0.0919707  0.0886175  0.1706754  0.1926907  0.1610171  0.1695268  0.0767438  0.0704443  0.0870001  0.0748761  0.1108815  0.1014138  0.1297407  0.1393661  0.1839336  0.2210792  0.1668531  0.1752198  0.0955368  0.0682451  0.0744853  0.0681602
 2  0.0226910  0.0104522  0.0072580  0.0118064  0.0099329  0.0165323  0.0160291  0.0330824  0.0381386  0.0309536  0.0330970  0.0149167  0.0110136  0.0143508  0.0127992  0.0194990  0.0185657  0.0252616  0.0294270  0.0401349  0.0429725  0.0309249  0.0331888  0.0150389  0.0111318  0.0130871  0.0124240
 3  0.1105887  0.1408599  0.1691279  0.1570714  0.1549294  0.1572085  0.1484260  0.1388112  0.1484150  0.1367105  0.1445931  0.1460367  0.1465597  0.1543881  0.1414935  0.1328150  0.1309580  0.1285878  0.1339043  0.1326276  0.1358106  0.1426820  0.1517099  0.1281471  0.1456904  0.1363069  0.1331141
 4  0.0420011  0.0479562  0.0512954  0.0428407  0.0394369  0.0442670  0.0414070  0.0362348  0.0396428  0.0370719  0.0363252  0.0515568  0.0497434  0.0440076  0.0417959  0.0397890  0.0367179  0.0331936  0.0320023  0.0396502  0.0446319  0.0376478  0.0483345  0.0485508  0.0424178  0.0393340  0.0386888
 1  0.1197052  0.0597384  0.0428191  0.0343283  0.0285470  0.0665610  0.0698708  0.0877076  0.0846092  0.0448235  0.0423148  0.0538455  0.0499872  0.0591024  0.0668153  0.0642138  0.0361411  0.0577577  0.0565498  0.0871877  0.0923606  0.0677871  0.0782301  0.1354035  0.1293710  0.1210971  0.1392341
 2  0.0222257  0.0095300  0.0066960  0.0055905  0.0050674  0.0129458  0.0148729  0.0180613  0.0159659  0.0085363  0.0075410  0.0098338  0.0098868  0.0129618  0.0158287  0.0095885  0.0055180  0.0102934  0.0112666  0.0186776  0.0210684  0.0162213  0.0184341  0.0274957  0.0248306  0.0244454  0.0297959
 3  0.1112479  0.1422069  0.1582951  0.1628963  0.1546552  0.1457165  0.1451843  0.1347746  0.1487503  0.1552225  0.1373689  0.1443913  0.1378255  0.1288427  0.1371066  0.1270814  0.1392301  0.1213008  0.1156935  0.1127700  0.1139632  0.1177176  0.1233608  0.1212587  0.1264281  0.1364587  0.1192988
 4  0.0405983  0.0509938  0.0460820  0.0430240  0.0379130  0.0354644  0.0379403  0.0425854  0.0451031  0.0440238  0.0436440  0.0387911  0.0322150  0.0282664  0.0706491  0.0618134  0.0395503  0.0275058  0.0313436  0.0318671  0.0317095  0.0310236  0.0411660  0.0430635  0.0336927  0.0319977  0.0284945
 1  0.1281526  0.2298843  0.1791898  0.1227810  0.0648304  0.2259548  0.2246857  0.2096716  0.2123526  0.1549704  0.1803261  0.1832303  0.1965348  0.1682467  0.1573534  0.0925293  0.0885578  0.1030460  0.0908771  0.2422465  0.2752556  0.1850219  0.2061884  0.1754531  0.1891694  0.1096395  0.1250970
 2  0.0238308  0.0359920  0.0264207  0.0148240  0.0090546  0.0368313  0.0364363  0.0354914  0.0400389  0.0314951  0.0357098  0.0350705  0.0369827  0.0291145  0.0281820  0.0175647  0.0137820  0.0170173  0.0160887  0.0453512  0.0512085  0.0348375  0.0419981  0.0345603  0.0367806  0.0220824  0.0265819
 3  0.1190841  0.1439969  0.1598280  0.1613831  0.1565914  0.1441242  0.1324216  0.1364597  0.1343874  0.1324693  0.1324814  0.1442009  0.1310150  0.1498934  0.1428238  0.1559518  0.1598783  0.1456774  0.1299133  0.1284185  0.1269889  0.1321843  0.1379012  0.1341762  0.1452677  0.1477174  0.1354550
 4  0.0432240  0.0500485  0.0620285  0.0552475  0.0443642  0.0403342  0.0402823  0.0362843  0.0302142  0.0359078  0.0413888  0.0392914  0.0376887  0.0447924  0.0352557  0.0522261  0.0553325  0.0415991  0.0346203  0.0381902  0.0361148  0.0326155  0.0339615  0.0390185  0.0374340  0.0324583  0.0323539
 1  0.1228780  0.0285973  0.0198990  0.0392069  0.0305314  0.0654290  0.0525280  0.1151358  0.1281756  0.1640551  0.1934791  0.3373413  0.4886452  0.2783539  0.2635743  0.1220288  0.0908212  0.0752208  0.0590923  0.0524373  0.0520176  0.1047800  0.1104253  0.1260223  0.1267546  0.0962354  0.0800820
 2  0.0231605  0.0045608  0.0031142  0.0066243  0.0042397  0.0100929  0.0093659  0.0230974  0.0272694  0.0357653  0.0421905  0.0717915  0.0857205  0.0426290  0.0438968  0.0183090  0.0147946  0.0120428  0.0100568  0.0098253  0.0109539  0.0226910  0.0225048  0.0257487  0.0199495  0.0152832  0.0144332
 3  0.1139457  0.1459858  0.1495138  0.1462815  0.1437784  0.1512828  0.1433707  0.1262668  0.1212538  0.1297072  0.1325734  0.1433793  0.1418074  0.1645426  0.1636221  0.1501081  0.1478419  0.1462004  0.1473999  0.1356874  0.1305116  0.1267396  0.1390956  0.1380285  0.1356311  0.1411114  0.1278064
 4  0.0426510  0.0487754  0.0432886  0.0532159  0.0528758  0.0397781  0.0345190  0.0326169  0.0346099  0.0349735  0.0337297  0.0411740  0.0484104  0.0394312  0.0435678  0.0481456  0.0425091  0.0447238  0.0391522  0.0308338  0.0333705  0.0394808  0.0409409  0.0504124  0.0538755  0.0415827  0.0285210
 1  0.1200581  0.0145090  0.0100546  0.0439777  0.0304314  0.0503645  0.0452422  0.0725077  0.0837706  0.0568088  0.0608730  0.0409363  0.0442536  0.0559374  0.0523917  0.0397626  0.0308486  0.1325685  0.1276787  0.1376373  0.1509281  0.1253207  0.1473751  0.1632445  0.1859104  0.2086528  0.2073812
 2  0.0230951  0.0023548  0.0015892  0.0066975  0.0044515  0.0084287  0.0086696  0.0158082  0.0188272  0.0127422  0.0136144  0.0090669  0.0101105  0.0120602  0.0092197  0.0065205  0.0054144  0.0240596  0.0240995  0.0275098  0.0321312  0.0274702  0.0319141  0.0340779  0.0376556  0.0387688  0.0342112
 3  0.1110341  0.1351708  0.1518019  0.1622712  0.1501589  0.1423216  0.1420254  0.1482116  0.1426482  0.1352174  0.1316454  0.1336810  0.1413856  0.1369199  0.1396055  0.1360361  0.1395580  0.1295323  0.1216829  0.1233497  0.1291891  0.1410520  0.1268603  0.1410165  0.1394631  0.1423787  0.1564100
 4  0.0435161  0.0477606  0.0528337  0.0558577  0.0437461  0.0352455  0.0307995  0.0362022  0.0387512  0.0354079  0.0339431  0.0359209  0.0393846  0.0518044  0.0540159  0.0424391  0.0394386  0.0390936  0.0326508  0.0305587  0.0318854  0.0377051  0.0357386  0.0384683  0.0415781  0.0475872  0.0456489
 1  0.1130965  0.0470002  0.0339075  0.0444076  0.0377768  0.0700733  0.0636575  0.1349934  0.1293530  0.1387160  0.1557223  0.2196148  0.2612379  0.0785597  0.0622649  0.1661604  0.1867225  0.2269555  0.2333588  0.2754506  0.3251829  0.1680219  0.1533361  0.1504874  0.1634718  0.1116126  0.1038793
 2  0.0219065  0.0077281  0.0053827  0.0074712  0.0062470  0.0123429  0.0114290  0.0242787  0.0239032  0.0270747  0.0323927  0.0475049  0.0412057  0.0119906  0.0109907  0.0323929  0.0341920  0.0408079  0.0417221  0.0493898  0.0606385  0.0283799  0.0268542  0.0282103  0.0305574  0.0203506  0.0177869
 3  0.1045130  0.1378703  0.1571950  0.1642797  0.1662690  0.1446543  0.1491523  0.1509486  0.1550867  0.1492712  0.1408585  0.1419551  0.1284013  0.1476783  0.1510088  0.1452012  0.1315789  0.1337154  0.1507201  0.1529339  0.1563682  0.1609403  0.1555328  0.1407594  0.1368851  0.1532604  0.1559971
 4  0.0411056  0.0478710  0.0455140  0.0460481  0.0457718  0.0395026  0.0441900  0.0442256  0.0392185  0.0358792  0.0329032  0.0504637  0.0501796  0.0393458  0.0328135  0.0420005  0.0436918  0.0377256  0.0397613  0.0397307  0.0389446  0.0466908  0.0394091  0.0346732  0.0402718  0.0472922  0.0458793
 1  0.1195876  0.0923002  0.0677272  0.0584820  0.0422003  0.1066588  0.1058041  0.1990790  0.2566706  0.2258327  0.1513025  0.0753770  0.0664303  0.1913572  0.2382478  0.1696432  0.1803022  0.1356820  0.1466801  0.0848598  0.0858363  0.0963774  0.0884892  0.0894431  0.0844120  0.0693839  0.0787861
 2  0.0230067  0.0149428  0.0104772  0.0088455  0.0065714  0.0185931  0.0204611  0.0422822  0.0550548  0.0343878  0.0215348  0.0120702  0.0122346  0.0401585  0.0488474  0.0327288  0.0353346  0.0264389  0.0287508  0.0169528  0.0161246  0.0173008  0.0168172  0.0166791  0.0165090  0.0146610  0.0182018
 3  0.1106675  0.1466901  0.1576181  0.1529661  0.1521237  0.1539546  0.1392505  0.1390528  0.1259316  0.1340376  0.1535801  0.1454776  0.1387407  0.1259838  0.1217909  0.1387383  0.1549267  0.1485856  0.1473442  0.1352909  0.1319039  0.1427709  0.1516655  0.1410597  0.1394532  0.1553271  0.1328621
 4  0.0429499  0.0509665  0.0511735  0.0484385  0.0414337  0.0371635  0.0313661  0.0342447  0.0495783  0.0536537  0.0462467  0.0354537  0.0318886  0.0314567  0.0364829  0.0396401  0.0376366  0.0399541  0.0368428  0.0380242  0.0416121  0.0390217  0.0406816  0.0395321  0.0338190  0.0328737  0.0274815
 1  0.1199145  0.0785697  0.0569225  0.0603174  0.0414151  0.0905392  0.0908242  0.1063206  0.1218391  0.1406603  0.1193226  0.1828463  0.1735724  0.1540685  0.1551611  0.2585103  0.3594603  0.0890008  0.0608610  0.1067899  0.1026647  0.2048207  0.2492552  0.2529246  0.2511563  0.2194071  0.2417223
 2  0.0228188  0.0127254  0.0089121  0.0088278  0.0064633  0.0160230  0.0180623  0.0230503  0.0279670  0.0264425  0.0206063  0.0317049  0.0278890  0.0264496  0.0299367  0.0558302  0.0663141  0.0131041  0.0091834  0.0180900  0.0197314  0.0425104  0.0529241  0.0462831  0.0435163  0.0391711  0.0420488
 3  0.1110863  0.1316674  0.1443695  0.1599234  0.1652498  0.1474615  0.1353992  0.1257789  0.1280290  0.1284124  0.1567587  0.1431485  0.1508211  0.1479284  0.1401441  0.1319773  0.1378909  0.1590056  0.1443250  0.1439809  0.1341515  0.1281318  0.1420238  0.1322810  0.1553947  0.1491600  0.1536481
 4  0.0424321  0.0450844  0.0517175  0.0518005  0.0440785  0.0341848  0.0297797  0.0302425  0.0409731  0.0486177  0.0468014  0.0442032  0.0465782  0.0364978  0.0286547  0.0379956  0.0532151  0.0523355  0.0423312  0.0344713  0.0334865  0.0334746  0.0416848  0.0469694  0.0396819  0.0375681  0.0517062
 1  0.1138583  0.0507761  0.0371914  0.0606009  0.0529116  0.1181364  0.0889359  0.1897561  0.2125776  0.2175197  0.2298130  0.2137036  0.2423040  0.1075803  0.0917833  0.0872030  0.0759651  0.0646497  0.0621684  0.0790945  0.0818699  0.1017222  0.0943677  0.0896470  0.0896792  0.1482157  0.1855477
 2  0.0220431  0.0083629  0.0059041  0.0102182  0.0088660  0.0182021  0.0148219  0.0351478  0.0404943  0.0400320  0.0425257  0.0400953  0.0441414  0.0184102  0.0148553  0.0145592  0.0132991  0.0119992  0.0125564  0.0167776  0.0160017  0.0187805  0.0181780  0.0174423  0.0185043  0.0335822  0.0404532
 3  0.1052201  0.1496513  0.1514569  0.1686860  0.1422375  0.1520233  0.1546337  0.1320752  0.1384700  0.1486338  0.1501034  0.1462751  0.1384988  0.1526864  0.1381782  0.1558570  0.1502618  0.1340233  0.1323485  0.1317525  0.1258931  0.1298858  0.1230991  0.1294873  0.1280849  0.1267440  0.1320279
 4  0.0411772  0.0502611  0.0448812  0.0449080  0.0502602  0.0474105  0.0398713  0.0333656  0.0416024  0.0423398  0.0375492  0.0377225  0.0413923  0.0477760  0.0458624  0.0438340  0.0416783  0.0362153  0.0336892  0.0415373  0.0446820  0.0391878  0.0345543  0.0361726  0.0311268  0.0310762  0.0421277
 1  0.1224621  0.0732954  0.0527126  0.1038871  0.0921816  0.0880881  0.0661872  0.1944843  0.2182618  0.1704546  0.1862317  0.0841485  0.0702373  0.0658745  0.0640156  0.1380601  0.1737233  0.1195811  0.1419405  0.0787038  0.0476052  0.0598965  0.0546939  0.0581370  0.0549512  0.1170382  0.1431677
 2  0.0237819  0.0118692  0.0081871  0.0170119  0.0163217  0.0141123  0.0107354  0.0354204  0.0404023  0.0322933  0.0357494  0.0148015  0.0116444  0.0118403  0.0127057  0.0304424  0.0408304  0.0278921  0.0324094  0.0118386  0.0072382  0.0102859  0.0096191  0.0108569  0.0113240  0.0264502  0.0343343
 3  0.1132034  0.1409145  0.1500034  0.1535309  0.1604829  0.1529842  0.1501968  0.1465103  0.1418926  0.1451514  0.1479908  0.1435269  0.1398022  0.1472760  0.1302902  0.1414566  0.1292796  0.1330748  0.1344559  0.1335029  0.1500863  0.1505539  0.1457006  0.1277320  0.1312121  0.1297065  0.1320162
 4  0.0444552  0.0491692  0.0446233  0.0403951  0.0472447  0.0507870  0.0408441  0.0370507  0.0405084  0.0387393  0.0434697  0.0485968  0.0420705  0.0358132  0.0282360  0.0305621  0.0320687  0.0334645  0.0556011  0.0573174  0.0441512  0.0398896  0.0445634  0.0336992  0.0308548  0.0297459  0.0432412
 1  0.1189860  0.1156389  0.0859727  0.1036853  0.0817799  0.1363750  0.1411827  0.1391379  0.1419345  0.1191989  0.1096039  0.1055213  0.1095497  0.0681106  0.0544010  0.0750292  0.0616148  0.0722576  0.0712317  0.1281692  0.1324680  0.1454408  0.1737064  0.1322295  0.1535841  0.1684819  0.1842030
 2  0.0231473  0.0188915  0.0133322  0.0159878  0.0130385  0.0243619  0.0261341  0.0261893  0.0273804  0.0214908  0.0201284  0.0209485  0.0186984  0.0111457  0.0093975  0.0127655  0.0106073  0.0134957  0.0142607  0.0260050  0.0274199  0.0315029  0.0379991  0.0289108  0.0332827  0.0341997  0.0365996
 3  0.1099257  0.1312425  0.1655798  0.1683321  0.1597746  0.1437452  0.1360275  0.1393930  0.1419756  0.1527492  0.1442326  0.1409115  0.1421510  0.1423852  0.1384868  0.1345574  0.1225007  0.1450140  0.1346074  0.1073402  0.1208061  0.1210593  0.1240960  0.1236770  0.1253652  0.1361429  0.1461966
 4  0.0434759  0.0478081  0.0503602  0.0492060  0.0407282  0.0377505  0.0386163  0.0387531  0.0402004  0.0436342  0.0344886  0.0427283  0.0533820  0.0447970  0.0415095  0.0438013  0.0358944  0.0376180  0.0375236  0.0329008  0.0344961  0.0325665  0.0342293  0.0335369  0.0359349  0.0395498  0.0366057
 1  0.1306233  0.1076832  0.0772817  0.0859652  0.0639136  0.1010255  0.1158659  0.1521395  0.1647340  0.1065195  0.1057802  0.0953919  0.0922918  0.2432792  0.2515467  0.2922661  0.3968610  0.1192403  0.0955889  0.1508413  0.1438532  0.0886068  0.0882743  0.1415931  0.0894551  0.0867446  0.0683659
 2  0.0247698  0.0170223  0.0117347  0.0127549  0.0106347  0.0195044  0.0248637  0.0322821  0.0326087  0.0203679  0.0184170  0.0172751  0.0169348  0.0430924  0.0454978  0.0569175  0.0686470  0.0182864  0.0156478  0.0257314  0.0256004  0.0166324  0.0172053  0.0218269  0.0117224  0.0132168  0.0109358
 3  0.1210438  0.1434368  0.1581667  0.1577956  0.1571482  0.1500592  0.1397734  0.1364450  0.1427177  0.1584200  0.1508959  0.1490529  0.1523926  0.1592869  0.1521636  0.1557981  0.1474127  0.1636437  0.1589507  0.1525233  0.1503296  0.1436198  0.1405645  0.1442111  0.1513482  0.1399973  0.1257030
 4  0.0459343  0.0504727  0.0509832  0.0428896  0.0356162  0.0323919  0.0351950  0.0415224  0.0369030  0.0430719  0.0421704  0.0402011  0.0435338  0.0438004  0.0324172  0.0392439  0.0467784  0.0453351  0.0414278  0.0404644  0.0371074  0.0362103  0.0510787  0.0660843  0.0526622  0.0414898  0.0370787
 1  0.1290452  0.1026011  0.0734391  0.0975142  0.0831901  0.1256431  0.1143408  0.0874446  0.0610927  0.0551728  0.0529445  0.1201501  0.1459659  0.0559181  0.0681246  0.1315855  0.1379081  0.1696055  0.2044343  0.1726877  0.1747046  0.1597104  0.1497334  0.0834336  0.0626965  0.0431897  0.0347854
 2  0.0246009  0.0162348  0.0111649  0.0161684  0.0120454  0.0202038  0.0212522  0.0137235  0.0098987  0.0100243  0.0105878  0.0266309  0.0359501  0.0149037  0.0163753  0.0275875  0.0279385  0.0353047  0.0409700  0.0321219  0.0324796  0.0286600  0.0235563  0.0132539  0.0088334  0.0067681  0.0062633
 3  0.1195265  0.1426941  0.1571405  0.1714473  0.1370295  0.1525609  0.1512305  0.1463478  0.1338805  0.1246682  0.1321189  0.1232574  0.1169799  0.1219809  0.1241982  0.1332976  0.1407318  0.1352944  0.1373821  0.1550182  0.1449848  0.1574772  0.1569329  0.1576041  0.1493503  0.1454512  0.1211787
 4  0.0455732  0.0508108  0.0456733  0.0521185  0.0451322  0.0381509  0.0451758  0.0527922  0.0380639  0.0301396  0.0318079  0.0289720  0.0256969  0.0317290  0.0453856  0.0410479  0.0342736  0.0325256  0.0413784  0.0407724  0.0378339  0.0497078  0.0505824  0.0577408  0.0496026  0.0386356  0.0308448
 1  0.1242210  0.0705272  0.0501666  0.0448531  0.0379271  0.0779918  0.0809824  0.1183304  0.1409825  0.0991943  0.0984961  0.0682934  0.0619351  0.0517832  0.0404286  0.1491263  0.1426212  0.1275532  0.1440503  0.1131921  0.1239634  0.0623847  0.0516675  0.0683861  0.0672436  0.1246172  0.1260402
 2  0.0237190  0.0112795  0.0077644  0.0072934  0.0066697  0.0149108  0.0164830  0.0257157  0.0304028  0.0198908  0.0195247  0.0133030  0.0098054  0.0081450  0.0071691  0.0268322  0.0265327  0.0258047  0.0301497  0.0237653  0.0248096  0.0111526  0.0088763  0.0127168  0.0132822  0.0244130  0.0255130
 3  0.1150374  0.1400676  0.1506612  0.1735345  0.1556845  0.1532872  0.1370084  0.1550965  0.1381454  0.1330355  0.1512415  0.1459919  0.1341726  0.1594166  0.1503490  0.1345388  0.1377715  0.1311762  0.1368901  0.1429247  0.1367298  0.1387128  0.1449647  0.1337766  0.1330696  0.1395527  0.1454614
 4  0.0439503  0.0506793  0.0439938  0.0432709  0.0363458  0.0375621  0.0325648  0.0369638  0.0400824  0.0360948  0.0376464  0.0502910  0.0485255  0.0432002  0.0394516  0.0399393  0.0364177  0.0315460  0.0341791  0.0393405  0.0433051  0.0492347  0.0425208  0.0324091  0.0394052  0.0419372  0.0368085
 1  0.1165220  0.1077411  0.0807803  0.2049790  0.1741472  0.1316357  0.1245986  0.1720828  0.1685340  0.1314295  0.1508875  0.0934645  0.0764041  0.0982904  0.0952089  0.1126974  0.1011234  0.1696401  0.1790522  0.2766663  0.3581245  0.2030175  0.1569362  0.1286656  0.1223436  0.0931462  0.0829572
 2  0.0223310  0.0176367  0.0126020  0.0314825  0.0288021  0.0228753  0.0203536  0.0292000  0.0310198  0.0261289  0.0315626  0.0168854  0.0132469  0.0179238  0.0165762  0.0194251  0.0186161  0.0321598  0.0337379  0.0542958  0.0687808  0.0313875  0.0240977  0.0220556  0.0193651  0.0156457  0.0153864
 3  0.1078842  0.1342899  0.1573732  0.1555229  0.1608221  0.1611950  0.1600696  0.1553240  0.1543027  0.1435093  0.1407033  0.1318954  0.1548650  0.1461875  0.1424750  0.1484187  0.1505569  0.1387156  0.1413949  0.1434032  0.1359963  0.1504636  0.1575490  0.1546639  0.1375827  0.1373928  0.1428599
 4  0.0419358  0.0512454  0.0506081  0.0433783  0.0408133  0.0476083  0.0482909  0.0388058  0.0334356  0.0339210  0.0424958  0.0446585  0.0412194  0.0417431  0.0451718  0.0429416  0.0385806  0.0382060  0.0386732  0.0355421  0.0430739  0.0516694  0.0418330  0.0458554  0.0446353  0.0365686  0.0351174
 1  0.1258450  0.0785110  0.0565230  0.0689463  0.0601047  0.0979294  0.0905813  0.1820083  0.1999710  0.1008170  0.0967245  0.0942893  0.0679661  0.0996277  0.0939987  0.1920208  0.2226515  0.1831726  0.1986549  0.2535159  0.2598658  0.1367481  0.1310027  0.1898588  0.2460255  0.2646175  0.2868561
 2  0.0243853  0.0126708  0.0087220  0.0117457  0.0092709  0.0164885  0.0167747  0.0352791  0.0373442  0.0183534  0.0187769  0.0153899  0.0105227  0.0170784  0.0175240  0.0386056  0.0448977  0.0354759  0.0394715  0.0467520  0.0419825  0.0228060  0.0243899  0.0393207  0.0550498  0.0523771  0.0505899
 3  0.1162965  0.1457522  0.1473638  0.1575564  0.1534175  0.1541367  0.1522622  0.1429978  0.1442062  0.1425060  0.1414428  0.1446359  0.1454727  0.1425363  0.1352837  0.1207567  0.1231442  0.1366848  0.1328511  0.1432885  0.1515420  0.1472331  0.1542723  0.1329704  0.1438541  0.1413270  0.1684536
 4  0.0459349  0.0514648  0.0414442  0.0455838  0.0497563  0.0396207  0.0361917  0.0412621  0.0409412  0.0394485  0.0460616  0.0556750  0.0452714  0.0372432  0.0347282  0.0330610  0.0364751  0.0387187  0.0357684  0.0485985  0.0472797  0.0349891  0.0309223  0.0287932  0.0370523  0.0444467  0.0473318
 1  0.1167883  0.0902575  0.0665587  0.0837687  0.0714387  0.1480213  0.1265180  0.1635913  0.1524384  0.1104399  0.1049987  0.0629112  0.0620471  0.1189959  0.1448111  0.1265550  0.1379924  0.1288004  0.0966484  0.0903231  0.0957239  0.1725345  0.1913768  0.2694856  0.2988294  0.1772135  0.1677896
 2  0.0227042  0.0148356  0.0104544  0.0135773  0.0123506  0.0246596  0.0213566  0.0276221  0.0271903  0.0199484  0.0184167  0.0116658  0.0127798  0.0268929  0.0328529  0.0277317  0.0259337  0.0200730  0.0156102  0.0165744  0.0193309  0.0363598  0.0359325  0.0492621  0.0481856  0.0287737  0.0287213
 3  0.1078659  0.1303692  0.1521005  0.1654374  0.1589411  0.1459171  0.1600398  0.1500759  0.1551001  0.1639828  0.1671770  0.1395928  0.1339893  0.1322937  0.1339020  0.1371868  0.1410339  0.1557499  0.1533159  0.1575862  0.1438815  0.1250168  0.1306434  0.1538749  0.1482437  0.1635544  0.1442862
 4  0.0426806  0.0476261  0.0442803  0.0407327  0.0455784  0.0437764  0.0460451  0.0449315  0.0440821  0.0467697  0.0460940  0.0327431  0.0288560  0.0328002  0.0369199  0.0440562  0.0537690  0.0503372  0.0383375  0.0346172  0.0376457  0.0391023  0.0461568  0.0479387  0.0465249  0.0441061  0.0356127
 1  0.1211286  0.0621601  0.0446335  0.0323038  0.0300939  0.1245478  0.1222501  0.0867235  0.0831379  0.0942974  0.0823603  0.0847236  0.0809248  0.1287780  0.1354539  0.2622611  0.3746557  0.1417308  0.0995691  0.0760121  0.0571064  0.0937196  0.1013204  0.1750951  0.1832005  0.1931992  0.2038128
 2  0.0236729  0.0101722  0.0069704  0.0055798  0.0057432  0.0237850  0.0226727  0.0161763  0.0148015  0.0165087  0.0139481  0.0154121  0.0148830  0.0247125  0.0271674  0.0561202  0.0828766  0.0221957  0.0158985  0.0115799  0.0096512  0.0183476  0.0195997  0.0340714  0.0333072  0.0347593  0.0388291
 3  0.1117906  0.1395647  0.1579443  0.1637073  0.1558009  0.1447806  0.1480735  0.1568670  0.1408035  0.1484816  0.1514648  0.1363555  0.1330956  0.1459397  0.1420732  0.1364365  0.1502647  0.1429540  0.1591234  0.1506195  0.1579512  0.1386158  0.1408671  0.1332099  0.1496873  0.1438670  0.1444591
 4  0.0451994  0.0499715  0.0445305  0.0363105  0.0372744  0.0432266  0.0415063  0.0420546  0.0433437  0.0488274  0.0436355  0.0372276  0.0387641  0.0395099  0.0351950  0.0310094  0.0453583  0.0499791  0.0472949  0.0437360  0.0375658  0.0343000  0.0435852  0.0407058  0.0468178  0.0384624  0.0320508
 1  0.1199243  0.0512625  0.0368450  0.0420510  0.0341104  0.0855840  0.0858265  0.0557774  0.0537804  0.1045340  0.1085624  0.1415489  0.1622427  0.0872770  0.0759533  0.1220651  0.1311280  0.0851980  0.0791896  0.0426630  0.0362303  0.0285265  0.0248166  0.0771345  0.0897353  0.1715105  0.2227438
 2  0.0225624  0.0082643  0.0057787  0.0068870  0.0057070  0.0157365  0.0171256  0.0113124  0.0103111  0.0204095  0.0219864  0.0298063  0.0317567  0.0155631  0.0137504  0.0233072  0.0265872  0.0167295  0.0142485  0.0074736  0.0064068  0.0051193  0.0048810  0.0170686  0.0220037  0.0439658  0.0468829
 3  0.1112819  0.1499555  0.1578927  0.1460211  0.1446674  0.1402384  0.1522991  0.1320734  0.1422891  0.1411694  0.1453125  0.1436199  0.1286882  0.1382239  0.1505473  0.1472147  0.1355595  0.1380381  0.1388253  0.1489609  0.1337345  0.1298895  0.1283342  0.1240819  0.1239896  0.1289710  0.1238214
 4  0.0417796  0.0489497  0.0483509  0.0408317  0.0372239  0.0342735  0.0375927  0.0411269  0.0423165  0.0358315  0.0352461  0.0384267  0.0409589  0.0432010  0.0379705  0.0361401  0.0364714  0.0451713  0.0476967  0.0448659  0.0395835  0.0360690  0.0296837  0.0261577  0.0283616  0.0416453  0.0478137
 1  0.1081644  0.0466171  0.0342765  0.0966870  0.0855767  0.2120762  0.1650904  0.2283149  0.2667214  0.2184738  0.1853431  0.0643641  0.0613809  0.1661884  0.1989364  0.1960393  0.2090114  0.1248036  0.1245801  0.1112444  0.1037898  0.1692043  0.1704500  0.1942794  0.2060626  0.2728408  0.2788634
 2  0.0209184  0.0077459  0.0054873  0.0160162  0.0149636  0.0324521  0.0263125  0.0407970  0.0482717  0.0350443  0.0309701  0.0113323  0.0119607  0.0356162  0.0393238  0.0367828  0.0377680  0.0226688  0.0228418  0.0200635  0.0196923  0.0316659  0.0314643  0.0357733  0.0385654  0.0475970  0.0458961
 3  0.1000116  0.1424323  0.1491685  0.1667622  0.1656621  0.1566121  0.1684627  0.1527488  0.1448149  0.1347435  0.1415604  0.1568988  0.1635816  0.1286267  0.1360561  0.1456319  0.1488570  0.1476254  0.1429443  0.1382220  0.1412954  0.1348766  0.1502155  0.1410740  0.1479527  0.1631256  0.1631605
 4  0.0393348  0.0485371  0.0459578  0.0448334  0.0537990  0.0525753  0.0426019  0.0383898  0.0468088  0.0443054  0.0365769  0.0365449  0.0371943  0.0350559  0.0438403  0.0430027  0.0397093  0.0401632  0.0401538  0.0362894  0.0371300  0.0380153  0.0424124  0.0370352  0.0408364  0.0500137  0.0433688
