FL 2019 2020 2021 2022 2023 2024 2025 2026 2027 2028 2029 2030 2031 2032 2033 2034 2035 2036 2037 2038 2039 2040 2041 2042 2043 2044 2045
 1  0.7288134  0.6829873  0.6580165  0.6535408  0.6548895  0.6585293  0.6714690  0.6890560  0.6780885  0.6706851  0.6638771  0.6693572  0.6728360  0.6725425  0.6820010  0.6764023  0.6475841  0.6375826  0.6560683  0.6702536  0.6771638  0.6760104  0.6767412  0.6925804  0.6919733  0.6867450  0.6793253
 2  0.5725724  0.5324563  0.5354976  0.5489562  0.5484957  0.5440955  0.5600960  0.5751637  0.5630703  0.5394169  0.5271548  0.5411627  0.5488029  0.5573846  0.5675517  0.5612489  0.5277494  0.5270376  0.5556682  0.5718968  0.5729007  0.5587150  0.5517969  0.5683270  0.5733160  0.5688183  0.5676428
 3  0.7521145  0.7094340  0.6840732  0.6767292  0.6758470  0.6772183  0.6880341  0.7088032  0.6989538  0.6891654  0.6806644  0.6867305  0.6919740  0.6903546  0.7009421  0.6971887  0.6669297  0.6546524  0.6742423  0.6900622  0.6978935  0.6956897  0.6936444  0.7103632  0.7120136  0.7060933  0.6978530
 4  0.4566311  0.4437178  0.4672933  0.4750343  0.4610181  0.4537496  0.4931023  0.5043027  0.4645944  0.4280913  0.4428311  0.4725295  0.4664694  0.4790838  0.4967379  0.4706236  0.4340057  0.4624017  0.4947662  0.5035376  0.4881141  0.4539142  0.4676161  0.4989359  0.4928653  0.4795445  0.4956165
 1  0.7287870  0.6828851  0.6588790  0.6535827  0.6585060  0.6655290  0.6633680  0.6685183  0.6711265  0.6746310  0.6869272  0.6827924  0.6896412  0.6972882  0.6923972  0.6911155  0.6898596  0.6871882  0.6888819  0.6999198  0.6837821  0.6654869  0.6648415  0.6809019  0.6900003  0.6907258  0.6815228
 2  0.5725221  0.5324306  0.5359564  0.5503775  0.5575845  0.5544660  0.5409480  0.5335228  0.5322253  0.5467195  0.5638773  0.5659570  0.5737402  0.5785914  0.5706138  0.5558025  0.5415211  0.5238380  0.5339534  0.5615447  0.5595295  0.5451483  0.5576392  0.5819131  0.5947245  0.5905688  0.5775896
 3  0.7521049  0.7093613  0.6849020  0.6765670  0.6790762  0.6853689  0.6818466  0.6856910  0.6885609  0.6912656  0.7056520  0.7023305  0.7076776  0.7170930  0.7120340  0.7090816  0.7073472  0.7037198  0.7037746  0.7176146  0.7039701  0.6846567  0.6826248  0.7003356  0.7112828  0.7128065  0.7018362
 4  0.4566462  0.4437516  0.4672818  0.4784413  0.4796749  0.4638951  0.4438184  0.4428811  0.4439481  0.4751754  0.4906027  0.4799684  0.4964788  0.4982844  0.4722202  0.4522836  0.4333525  0.4091130  0.4583097  0.4922544  0.4735590  0.4593375  0.4917949  0.5207930  0.5259128  0.5079043  0.4897194
 1  0.7305922  0.6849269  0.6585508  0.6581554  0.6742300  0.6803757  0.6891120  0.6734852  0.6602923  0.6583614  0.6597407  0.6646365  0.6677315  0.6712148  0.6670457  0.6636158  0.6553952  0.6630899  0.6928169  0.6885868  0.6725696  0.6657010  0.6609988  0.6616221  0.6646622  0.6553152  0.6454612
 2  0.5728104  0.5321876  0.5355850  0.5632701  0.5771633  0.5887842  0.5878553  0.5681078  0.5383047  0.5219804  0.5242774  0.5360653  0.5568025  0.5634371  0.5544272  0.5332356  0.5142226  0.5540830  0.5922365  0.5911697  0.5638196  0.5366936  0.5331992  0.5503462  0.5580855  0.5402731  0.5132969
 3  0.7534214  0.7111562  0.6846709  0.6800569  0.6958827  0.6999429  0.7105722  0.6957959  0.6793122  0.6757879  0.6769053  0.6818080  0.6858614  0.6916212  0.6876211  0.6819791  0.6722501  0.6779014  0.7133104  0.7118398  0.6938563  0.6836970  0.6777987  0.6801955  0.6851101  0.6759427  0.6637232
 4  0.4549219  0.4435087  0.4682277  0.5000449  0.5052533  0.5160605  0.5165537  0.4697795  0.4315316  0.4309856  0.4433159  0.4640349  0.4905790  0.4898477  0.4568764  0.4231267  0.4237947  0.5030188  0.5349893  0.5088006  0.4529652  0.4322816  0.4624132  0.4880663  0.4813924  0.4383035  0.4039695
 1  0.7291430  0.6828863  0.6618135  0.6550896  0.6438897  0.6510891  0.6894700  0.7227632  0.7015225  0.6891225  0.6906025  0.6902380  0.6907670  0.6974954  0.7167911  0.7068638  0.6954991  0.6887121  0.6770625  0.6671854  0.6632175  0.6537993  0.6667160  0.6770686  0.7018759  0.6895674  0.6761477
 2  0.5726204  0.5321684  0.5381361  0.5437982  0.5323542  0.5290859  0.6034809  0.6236748  0.6103519  0.5764238  0.5423349  0.5164456  0.4929021  0.5491998  0.5938360  0.5975932  0.5750920  0.5362195  0.4822651  0.4412506  0.4478862  0.4882723  0.5488808  0.5940798  0.6092480  0.5958314  0.5705694
 3  0.7522586  0.7093465  0.6878782  0.6789556  0.6644868  0.6687488  0.7021324  0.7483214  0.7266763  0.7089842  0.7076638  0.7064660  0.7054208  0.7106061  0.7368070  0.7291447  0.7156255  0.7062832  0.6924396  0.6809314  0.6771062  0.6681934  0.6835363  0.6954406  0.7259241  0.7133539  0.6952532
 4  0.4556339  0.4441837  0.4692569  0.4605686  0.4375537  0.4424569  0.5500516  0.5660570  0.5099716  0.4455723  0.4219937  0.3947186  0.3699826  0.4944327  0.5365952  0.5099510  0.4532797  0.3894607  0.3287025  0.3192385  0.3503885  0.4304477  0.4966958  0.5390192  0.5449144  0.4979325  0.4757693
 1  0.7281315  0.6825876  0.6601128  0.6541334  0.6540067  0.6756496  0.7072647  0.6937516  0.6648641  0.6456669  0.6664839  0.6662241  0.6574941  0.6535815  0.6479211  0.6400933  0.6267114  0.6255039  0.6378850  0.6779913  0.6924662  0.6861872  0.6714015  0.6681019  0.6722990  0.6707233  0.6584135
 2  0.5721117  0.5329157  0.5370747  0.5480243  0.5479234  0.5875864  0.6079266  0.5989384  0.5532434  0.5399524  0.5771349  0.5780641  0.5644708  0.5397806  0.5101226  0.4797438  0.4697944  0.5011168  0.5498862  0.5921915  0.6022736  0.5892520  0.5570891  0.5498557  0.5678071  0.5705627  0.5517094
 3  0.7515323  0.7089453  0.6860741  0.6774863  0.6747315  0.6908630  0.7303108  0.7173258  0.6858022  0.6626679  0.6845701  0.6902274  0.6803737  0.6732643  0.6659109  0.6570556  0.6419654  0.6417234  0.6540028  0.6972263  0.7159791  0.7084153  0.6911343  0.6857605  0.6906495  0.6929206  0.6804508
 4  0.4574745  0.4440506  0.4683820  0.4724969  0.4614948  0.5291249  0.5476301  0.5074980  0.4451441  0.4716800  0.5268609  0.5117148  0.4703296  0.4322895  0.4018816  0.3682264  0.3926556  0.4443716  0.4974986  0.5381361  0.5310189  0.4924763  0.4558289  0.4728758  0.5087254  0.4994098  0.4457098
 1  0.7302442  0.6875361  0.6587630  0.6567844  0.6717684  0.6748157  0.6723865  0.6695063  0.6657865  0.6679667  0.6643386  0.6647279  0.6693543  0.6711853  0.6777481  0.6725280  0.6655542  0.6785516  0.7077187  0.7001688  0.6831000  0.6747939  0.6639083  0.6565752  0.6518582  0.6343662  0.6629347
 2  0.5712935  0.5331227  0.5333168  0.5607615  0.5770542  0.5792811  0.5686432  0.5571041  0.5484635  0.5454694  0.5421088  0.5398008  0.5380127  0.5370294  0.5404309  0.5351499  0.5263645  0.5751997  0.6074291  0.6036250  0.5724574  0.5301519  0.4901872  0.4838037  0.5047763  0.5213692  0.5697164
 3  0.7530500  0.7135329  0.6846287  0.6783953  0.6931123  0.6959798  0.6925995  0.6893364  0.6844407  0.6865855  0.6830141  0.6828980  0.6877128  0.6881932  0.6951143  0.6909927  0.6827222  0.6932755  0.7298541  0.7240626  0.7044400  0.6926424  0.6797013  0.6718399  0.6684681  0.6522451  0.6795568
 4  0.4545673  0.4422060  0.4642124  0.4979894  0.5096792  0.4998246  0.4854777  0.4690159  0.4640653  0.4630485  0.4568807  0.4562118  0.4437247  0.4480434  0.4574448  0.4390756  0.4357751  0.5226569  0.5489276  0.5180885  0.4497673  0.3926740  0.3761764  0.4038496  0.4337573  0.4588851  0.5134306
 1  0.7289947  0.6826160  0.6554897  0.6491169  0.6546382  0.6694057  0.6768812  0.6744836  0.6761740  0.6967164  0.6904213  0.6862843  0.6919136  0.6965453  0.6906715  0.6868099  0.6778678  0.6642514  0.6622822  0.6775679  0.6842267  0.6944597  0.6869393  0.6818401  0.6744748  0.6698408  0.6762765
 2  0.5714732  0.5315929  0.5343489  0.5460682  0.5548401  0.5635497  0.5606458  0.5409288  0.5432833  0.5686708  0.5714584  0.5679127  0.5802967  0.5878262  0.5793623  0.5649474  0.5442924  0.5250180  0.5356084  0.5627184  0.5836866  0.5879351  0.5728967  0.5397254  0.4966616  0.4759881  0.5047272
 3  0.7522130  0.7092531  0.6817470  0.6724976  0.6748646  0.6883194  0.6964038  0.6931908  0.6913385  0.7149078  0.7108208  0.7046389  0.7104791  0.7176085  0.7116341  0.7057823  0.6962216  0.6827102  0.6786039  0.6960355  0.7036701  0.7155681  0.7079116  0.6998209  0.6902934  0.6845041  0.6902363
 4  0.4550080  0.4439063  0.4670542  0.4724030  0.4767110  0.4861736  0.4707442  0.4237836  0.4669518  0.5040111  0.4838284  0.4820095  0.5120751  0.5142430  0.4859163  0.4633145  0.4496915  0.4295856  0.4661986  0.4996164  0.5148746  0.5100467  0.4639228  0.4022560  0.3633453  0.3683668  0.4413129
 1  0.7296185  0.6842118  0.6642983  0.6567579  0.6692698  0.7068916  0.6945015  0.6864439  0.6648633  0.6501801  0.6502871  0.6372550  0.6325031  0.6238548  0.6472299  0.6951003  0.6919526  0.6980266  0.7052911  0.6849066  0.6464557  0.6088582  0.6145085  0.6367187  0.6582100  0.6651957  0.6829394
 2  0.5721330  0.5323527  0.5393019  0.5448411  0.5853667  0.6073815  0.5976085  0.5688210  0.5287632  0.5220149  0.5209959  0.5074720  0.5029909  0.5020761  0.5614130  0.5980995  0.5997380  0.6044763  0.6033877  0.5816453  0.5165361  0.4650682  0.5035060  0.5535349  0.5706812  0.5745976  0.5806778
 3  0.7524823  0.7102470  0.6901949  0.6806787  0.6854085  0.7294768  0.7179512  0.7059876  0.6823445  0.6680424  0.6693039  0.6555225  0.6491855  0.6422281  0.6604805  0.7164327  0.7148758  0.7170091  0.7284551  0.7082973  0.6665001  0.6255443  0.6284170  0.6551516  0.6799939  0.6847421  0.7026613
 4  0.4552526  0.4437622  0.4706196  0.4617217  0.5252257  0.5461458  0.5014939  0.4458793  0.4336108  0.4501871  0.4336626  0.4115637  0.4260247  0.4262814  0.5118045  0.5413413  0.5166934  0.5315119  0.5349671  0.4766645  0.3847526  0.3749466  0.4589684  0.5048211  0.4976283  0.4975218  0.5072901
 1  0.7295170  0.6852437  0.6590703  0.6536463  0.6545219  0.6551952  0.6529288  0.6588927  0.6626073  0.6696927  0.6797591  0.6841185  0.6882916  0.6963431  0.6969451  0.6957565  0.6922023  0.6989168  0.6923605  0.6849674  0.6865348  0.6873619  0.6875310  0.6911859  0.6917678  0.6851346  0.6887651
 2  0.5724068  0.5324840  0.5352032  0.5519189  0.5553853  0.5495781  0.5422578  0.5404329  0.5368345  0.5352750  0.5430305  0.5521209  0.5668704  0.5837586  0.5885808  0.5828446  0.5777342  0.5787712  0.5669402  0.5486970  0.5435944  0.5493261  0.5571314  0.5703691  0.5726203  0.5651615  0.5644869
 3  0.7523910  0.7113111  0.6850481  0.6764947  0.6755247  0.6753641  0.6712763  0.6775259  0.6812951  0.6864149  0.6967740  0.7018322  0.7059290  0.7158338  0.7175997  0.7161885  0.7110445  0.7183277  0.7124200  0.7027931  0.7033483  0.7051927  0.7053504  0.7096182  0.7117544  0.7043390  0.7069941
 4  0.4547988  0.4428477  0.4672650  0.4821281  0.4792382  0.4626043  0.4609622  0.4600144  0.4404314  0.4446774  0.4617725  0.4705521  0.4951619  0.5135141  0.5102838  0.4926674  0.4934826  0.4984371  0.4660646  0.4415270  0.4569337  0.4670285  0.4776143  0.4957438  0.4887953  0.4739401  0.4806134
 1  0.7294070  0.6855751  0.6590998  0.6488874  0.6429532  0.6476173  0.6545498  0.6606942  0.6727118  0.6894168  0.6939092  0.6924593  0.6869042  0.6865209  0.6961964  0.6863492  0.6793460  0.6834962  0.6822441  0.6866029  0.6956288  0.6920552  0.6737609  0.6545031  0.6615510  0.6934315  0.6798143
 2  0.5726944  0.5329429  0.5351200  0.5399857  0.5322775  0.5208504  0.5099803  0.5039552  0.5284383  0.5631895  0.5785194  0.5771595  0.5646766  0.5661131  0.5736196  0.5642076  0.5493392  0.5511747  0.5570887  0.5737443  0.5876524  0.5844045  0.5571699  0.5275670  0.5585033  0.5899016  0.5804079
 3  0.7523779  0.7115434  0.6850031  0.6727710  0.6638164  0.6656893  0.6715465  0.6764542  0.6876691  0.7068499  0.7134844  0.7123669  0.7063452  0.7039959  0.7156707  0.7065210  0.6970751  0.7011989  0.7006256  0.7047062  0.7161857  0.7131563  0.6941147  0.6737747  0.6761841  0.7145462  0.7030529
 4  0.4557622  0.4427896  0.4671464  0.4604932  0.4362727  0.4213281  0.4072010  0.4075245  0.4605348  0.4984802  0.5023569  0.4895302  0.4679046  0.4884056  0.4979674  0.4645259  0.4541493  0.4700997  0.4791776  0.5061325  0.5165448  0.4974579  0.4600528  0.4283095  0.5033522  0.5318263  0.4874023
 1  0.7290193  0.6838820  0.6601778  0.6557592  0.6621975  0.6768919  0.6715291  0.6691047  0.6677336  0.6736898  0.6797263  0.6901142  0.6876401  0.6940187  0.6833388  0.6721963  0.6682185  0.6619648  0.6694034  0.6853295  0.6913907  0.6947242  0.6891760  0.6794616  0.6698332  0.6609571  0.6432455
 2  0.5731135  0.5329778  0.5358678  0.5494007  0.5628767  0.5674472  0.5504588  0.5237519  0.5140642  0.5305235  0.5585075  0.5761804  0.5815508  0.5832975  0.5704589  0.5536871  0.5392943  0.5287400  0.5454336  0.5734268  0.5867965  0.5888853  0.5774805  0.5577778  0.5327738  0.5099501  0.4825121
 3  0.7523618  0.7102255  0.6860674  0.6787942  0.6819622  0.6969310  0.6912947  0.6862863  0.6834252  0.6903478  0.6970153  0.7098162  0.7075218  0.7139219  0.7040982  0.6917033  0.6869704  0.6799094  0.6856182  0.7040411  0.7118191  0.7151103  0.7098857  0.6992638  0.6881216  0.6785221  0.6603047
 4  0.4573780  0.4432885  0.4663760  0.4749689  0.4892597  0.4847831  0.4419136  0.4051020  0.4270512  0.4586157  0.4923861  0.5038725  0.5027817  0.5043756  0.4827542  0.4614044  0.4451164  0.4365097  0.4785953  0.5101338  0.5129216  0.5083598  0.4889158  0.4564159  0.4280217  0.4033731  0.3782182
 1  0.7286387  0.6827657  0.6576071  0.6498216  0.6437594  0.6439265  0.6620410  0.6707172  0.6837134  0.6849351  0.6746668  0.6805167  0.6875018  0.6813729  0.6752565  0.6824275  0.6736479  0.6641607  0.6805777  0.6856500  0.6765786  0.6655707  0.6573352  0.6635183  0.6623327  0.6526964  0.6683135
 2  0.5727279  0.5325133  0.5350948  0.5425297  0.5311506  0.5245117  0.5375623  0.5581536  0.5768801  0.5787468  0.5689665  0.5753557  0.5811649  0.5696653  0.5575686  0.5583052  0.5452342  0.5400936  0.5709784  0.5822674  0.5677340  0.5328269  0.4986173  0.5041004  0.5217984  0.5399452  0.5640166
 3  0.7520377  0.7092569  0.6836372  0.6734370  0.6650013  0.6613170  0.6788267  0.6884818  0.7028433  0.7060847  0.6945492  0.6993240  0.7084106  0.7021734  0.6934689  0.7010409  0.6933437  0.6810745  0.6981559  0.7073548  0.6982288  0.6847613  0.6733530  0.6786744  0.6797514  0.6702594  0.6874579
 4  0.4570261  0.4436117  0.4666612  0.4645492  0.4309220  0.4369845  0.4662716  0.4909342  0.5096073  0.4982706  0.4856643  0.5062876  0.5061558  0.4735437  0.4695497  0.4784272  0.4469397  0.4614690  0.5125979  0.5114357  0.4659998  0.3998090  0.3879009  0.4302841  0.4489351  0.4757564  0.4986891
 1  0.7283148  0.6833023  0.6596903  0.6521890  0.6528056  0.6762148  0.6863298  0.6814207  0.6843107  0.7024963  0.6919430  0.6807174  0.6657450  0.6474433  0.6789443  0.7069134  0.6856611  0.6741124  0.6649336  0.6882046  0.6805688  0.6728695  0.6707008  0.6784315  0.6681195  0.6436715  0.6337669
 2  0.5733267  0.5331530  0.5365188  0.5432346  0.5526852  0.5724306  0.5776432  0.5605503  0.5594293  0.5739147  0.5647606  0.5383474  0.5038708  0.4953708  0.5877591  0.6121671  0.5970821  0.5639542  0.5593356  0.5845358  0.5803208  0.5578965  0.5411268  0.5480062  0.5441259  0.5275743  0.5286825
 3  0.7516587  0.7095139  0.6856220  0.6759512  0.6722639  0.6945975  0.7068755  0.7012831  0.7004332  0.7210854  0.7122725  0.6986995  0.6827260  0.6631052  0.6918050  0.7327450  0.7108603  0.6945725  0.6805044  0.7091883  0.7033437  0.6926950  0.6880400  0.6958394  0.6876767  0.6634409  0.6515163
 4  0.4576247  0.4436627  0.4681723  0.4636524  0.4760257  0.5047304  0.4965446  0.4489520  0.4771798  0.5022390  0.4640575  0.4163917  0.3873194  0.4209752  0.5425919  0.5543063  0.5005992  0.4433169  0.4960214  0.5269048  0.4907283  0.4459452  0.4497927  0.4735758  0.4650629  0.4432317  0.4625132
 1  0.7288068  0.6823135  0.6565511  0.6593714  0.6807875  0.6902344  0.6985184  0.6813037  0.6398351  0.5880207  0.5722718  0.6467279  0.7191868  0.6947072  0.6685443  0.6716356  0.6635315  0.6650996  0.6892483  0.6859257  0.6772069  0.6740018  0.6612548  0.6464367  0.6445467  0.6464162  0.6823087
 2  0.5718598  0.5320662  0.5364720  0.5709454  0.5909933  0.6063327  0.6036960  0.5811982  0.5088337  0.4289074  0.4215592  0.6034678  0.6274915  0.6115246  0.5696395  0.5480208  0.5292002  0.5425319  0.5749764  0.5752202  0.5525472  0.5274610  0.4930504  0.4666679  0.4757774  0.5230195  0.5816357
 3  0.7519277  0.7086303  0.6827561  0.6805894  0.7027204  0.7109925  0.7222693  0.7047175  0.6599754  0.6049832  0.5870545  0.6453846  0.7474582  0.7214607  0.6893042  0.6902717  0.6824225  0.6803446  0.7084026  0.7071486  0.6963137  0.6916158  0.6781066  0.6620158  0.6600329  0.6609337  0.6998899
 4  0.4558752  0.4445895  0.4705242  0.5116482  0.5278992  0.5398390  0.5336684  0.4733395  0.3688738  0.3213895  0.3539025  0.5582473  0.5725074  0.5161883  0.4611330  0.4560783  0.4293665  0.4795406  0.5123050  0.4841896  0.4415751  0.4107664  0.3738487  0.3663786  0.3917271  0.4726602  0.5288531
 1  0.7290677  0.6862121  0.6558325  0.6516878  0.6694398  0.6841808  0.6818677  0.6797073  0.6851449  0.6865925  0.6857815  0.6818913  0.6779964  0.6846667  0.6800711  0.6721122  0.6834657  0.6902420  0.6848319  0.6750171  0.6587757  0.6481062  0.6689784  0.6729690  0.6785463  0.6903105  0.7122956
 2  0.5727112  0.5337426  0.5312696  0.5535289  0.5785099  0.5881186  0.5776457  0.5619810  0.5549779  0.5562969  0.5602113  0.5582169  0.5545925  0.5541276  0.5423246  0.5280078  0.5453007  0.5638976  0.5612272  0.5438647  0.5134769  0.5112181  0.5446320  0.5591765  0.5608005  0.5865519  0.6076479
 3  0.7524285  0.7125007  0.6816781  0.6735865  0.6894057  0.7056784  0.7031218  0.6983781  0.7030653  0.7045966  0.7040970  0.7015713  0.6964454  0.7026703  0.6989357  0.6889227  0.6996251  0.7088916  0.7043941  0.6941170  0.6767800  0.6637730  0.6861467  0.6922882  0.6975729  0.7068044  0.7339159
 4  0.4570490  0.4422134  0.4614260  0.4886937  0.5150069  0.5147527  0.4825467  0.4640492  0.4670837  0.4731441  0.4828849  0.4708744  0.4643762  0.4678600  0.4377149  0.4304687  0.4742841  0.4900143  0.4718141  0.4378218  0.4031732  0.4418887  0.4820683  0.4823631  0.4711609  0.5215665  0.5455624
 1  0.7285444  0.6846028  0.6587111  0.6628134  0.6877071  0.6817919  0.6694896  0.6607987  0.6411623  0.6269628  0.6292694  0.6378129  0.6511153  0.6539136  0.6689902  0.6874694  0.6850309  0.6889319  0.6923775  0.6889606  0.6827915  0.6810220  0.6973773  0.6883484  0.6771264  0.6803204  0.6662682
 2  0.5715557  0.5331763  0.5345582  0.5736176  0.5915902  0.5844129  0.5540950  0.5280412  0.5047763  0.5035511  0.5233548  0.5396101  0.5484460  0.5460860  0.5625404  0.5777132  0.5758715  0.5740603  0.5733369  0.5632739  0.5393679  0.5424796  0.5724841  0.5760977  0.5699857  0.5664997  0.5493603
 3  0.7518726  0.7108777  0.6845735  0.6831550  0.7104046  0.7039429  0.6888193  0.6794165  0.6587845  0.6441183  0.6472774  0.6560144  0.6710394  0.6727739  0.6859581  0.7074501  0.7052565  0.7076007  0.7117851  0.7084635  0.7010759  0.6961902  0.7155981  0.7098756  0.6965175  0.7004226  0.6866356
 4  0.4567600  0.4430497  0.4651331  0.5154798  0.5243709  0.4888552  0.4521470  0.4273983  0.4174224  0.4371469  0.4577716  0.4764604  0.4701821  0.4609436  0.4960969  0.5064484  0.4883310  0.4903424  0.4906362  0.4653475  0.4178763  0.4657334  0.5128042  0.4948536  0.4881357  0.4862721  0.4527193
 1  0.7296366  0.6855797  0.6564573  0.6557937  0.6750130  0.6835831  0.6921176  0.6872353  0.6938801  0.6893402  0.6817022  0.6854303  0.6815590  0.6732272  0.6678637  0.6682173  0.6716128  0.6804089  0.6813804  0.6789135  0.6791579  0.6614732  0.6439512  0.6720744  0.6902073  0.6796237  0.6620927
 2  0.5720962  0.5327856  0.5329645  0.5613467  0.5797759  0.5914250  0.5901184  0.5857342  0.5820807  0.5676290  0.5455858  0.5363894  0.5318120  0.5168454  0.5098463  0.5138224  0.5336472  0.5601740  0.5705518  0.5743304  0.5699951  0.5454254  0.5340007  0.5800166  0.5955952  0.5789690  0.5370428
 3  0.7526637  0.7119216  0.6825024  0.6773440  0.6963389  0.7038137  0.7133844  0.7076857  0.7139768  0.7095621  0.6994904  0.7020985  0.6991360  0.6905404  0.6842653  0.6844631  0.6880201  0.6982928  0.7014973  0.6984792  0.6998754  0.6826028  0.6603780  0.6893379  0.7132683  0.7021596  0.6812719
 4  0.4551399  0.4428731  0.4643876  0.4990435  0.5114637  0.5182787  0.5135631  0.5037430  0.4990339  0.4639063  0.4366093  0.4437160  0.4365694  0.4110258  0.4104737  0.4281017  0.4629003  0.4940659  0.4955742  0.4988795  0.4909456  0.4416170  0.4641923  0.5295559  0.5273446  0.4733410  0.4136511
 1  0.7284429  0.6853886  0.6610301  0.6562458  0.6640902  0.6718046  0.6703294  0.6690756  0.6686147  0.6679817  0.6667807  0.6772642  0.6808925  0.6960863  0.6842059  0.6771458  0.6784249  0.6782435  0.6801119  0.6785450  0.6757154  0.6750310  0.6906395  0.6985905  0.6971392  0.6873417  0.6832130
 2  0.5730610  0.5336865  0.5342195  0.5504812  0.5621430  0.5629976  0.5474187  0.5274902  0.5215327  0.5263759  0.5408973  0.5574625  0.5787061  0.5906005  0.5806744  0.5645693  0.5557551  0.5502987  0.5446789  0.5396848  0.5318422  0.5423615  0.5724677  0.5904366  0.5878882  0.5659717  0.5537017
 3  0.7519268  0.7116540  0.6866801  0.6786411  0.6843945  0.6918127  0.6895627  0.6862770  0.6848113  0.6855803  0.6839540  0.6957283  0.6992307  0.7170686  0.7060524  0.6967086  0.6972979  0.6965866  0.6979816  0.6963062  0.6930561  0.6916235  0.7084113  0.7187547  0.7184831  0.7076100  0.6997487
 4  0.4576491  0.4420938  0.4624249  0.4791285  0.4873813  0.4768789  0.4418882  0.4196171  0.4372355  0.4452703  0.4672946  0.4855085  0.5118071  0.5213646  0.4919245  0.4728274  0.4668267  0.4601682  0.4530938  0.4438877  0.4374516  0.4693075  0.5083138  0.5202367  0.5013577  0.4501715  0.4651704
 1  0.7277919  0.6822733  0.6578063  0.6605249  0.6784833  0.6774991  0.6654508  0.6573767  0.6341334  0.6021161  0.6628142  0.6582471  0.6601741  0.6743821  0.6796896  0.6905600  0.6936194  0.6883281  0.6832148  0.6847252  0.6847479  0.6886833  0.6829894  0.6911610  0.6919977  0.6857199  0.6808276
 2  0.5737728  0.5331692  0.5346582  0.5685718  0.5881159  0.5846565  0.5602394  0.5307396  0.4936358  0.5160522  0.5704289  0.5675830  0.5597534  0.5611363  0.5689189  0.5813339  0.5852961  0.5734237  0.5570358  0.5491340  0.5488422  0.5487623  0.5509870  0.5650097  0.5692478  0.5583847  0.5395433
 3  0.7515671  0.7088575  0.6837355  0.6814239  0.7001998  0.7004785  0.6867271  0.6760727  0.6519527  0.6149484  0.6822105  0.6811204  0.6793213  0.6930519  0.6982050  0.7097061  0.7146038  0.7086216  0.7015516  0.7027488  0.7022864  0.7065668  0.7004582  0.7090127  0.7117972  0.7046904  0.6986004
 4  0.4588903  0.4434274  0.4650639  0.5083828  0.5263588  0.5042407  0.4572447  0.4224074  0.3977813  0.4767729  0.5184582  0.4835643  0.4726086  0.4815638  0.4947955  0.5123256  0.5050012  0.4747020  0.4605119  0.4575594  0.4621213  0.4570756  0.4671571  0.4926726  0.4838690  0.4557588  0.4350843
 1  0.7298005  0.6869166  0.6631858  0.6554378  0.6544324  0.6663973  0.6725877  0.6702210  0.6592496  0.6568218  0.6882598  0.6925596  0.6870247  0.6807258  0.6854231  0.7018049  0.6839023  0.6611325  0.6251527  0.6465904  0.6947431  0.6941933  0.6757269  0.6582693  0.6380675  0.6389641  0.6424366
 2  0.5740700  0.5339820  0.5367486  0.5472239  0.5525361  0.5606707  0.5602289  0.5437160  0.5088263  0.5168762  0.5643625  0.5812030  0.5707016  0.5482470  0.5582043  0.5798077  0.5691362  0.5321328  0.5036002  0.5796243  0.6111445  0.6099779  0.5850688  0.5547245  0.5223004  0.5165773  0.5252862
 3  0.7528205  0.7127312  0.6888919  0.6786994  0.6745799  0.6853660  0.6922257  0.6894133  0.6770613  0.6709247  0.7052230  0.7131754  0.7072265  0.6990910  0.7010654  0.7213060  0.7056522  0.6808472  0.6415596  0.6591938  0.7184410  0.7186254  0.6989663  0.6804272  0.6572100  0.6560856  0.6606055
 4  0.4569187  0.4427356  0.4672068  0.4715116  0.4748178  0.4854897  0.4753800  0.4367820  0.3822640  0.4519774  0.5098269  0.5046563  0.4681315  0.4358978  0.4889634  0.5147355  0.4745206  0.4143659  0.4338694  0.5378641  0.5538620  0.5371142  0.5040095  0.4561246  0.4266266  0.4422270  0.4514929
 1  0.7283085  0.6841639  0.6591234  0.6864495  0.7184711  0.7003264  0.6873940  0.6856891  0.6890421  0.6893731  0.6849899  0.6882779  0.6897632  0.6847049  0.6814630  0.6844248  0.7054247  0.6931857  0.6737699  0.6804433  0.6685157  0.6401735  0.6375305  0.6609020  0.6665220  0.6703599  0.6699604
 2  0.5726575  0.5332084  0.5351534  0.6087647  0.6241281  0.6123017  0.5701719  0.5176776  0.4855789  0.4738458  0.4963440  0.5277309  0.5487485  0.5517589  0.5460012  0.5719347  0.5974462  0.5909369  0.5678246  0.5665971  0.5519828  0.5077280  0.5032742  0.5342296  0.5511141  0.5555739  0.5549385
 3  0.7516802  0.7103537  0.6849372  0.7029535  0.7451802  0.7255313  0.7074191  0.7014700  0.7030642  0.7035764  0.6994370  0.7038064  0.7075236  0.7030305  0.6998563  0.7001836  0.7266235  0.7164526  0.6933241  0.6994089  0.6897120  0.6601321  0.6530919  0.6774362  0.6852900  0.6893068  0.6889345
 4  0.4573648  0.4429854  0.4660376  0.5531438  0.5650218  0.5097547  0.4141583  0.3633655  0.3672213  0.3694237  0.4052430  0.4545916  0.4692631  0.4636509  0.4488460  0.5091061  0.5374441  0.5006501  0.4762487  0.4926493  0.4604250  0.3897051  0.4249048  0.4726579  0.4779409  0.4738947  0.4717701
 1  0.7276216  0.6802812  0.6568347  0.6506767  0.6496427  0.6619361  0.6724592  0.6776631  0.6856891  0.6799076  0.6765623  0.6774947  0.6777374  0.6819226  0.6933124  0.6944366  0.6874491  0.6939661  0.6970209  0.6913201  0.6796137  0.6738437  0.6699718  0.6652910  0.6790363  0.6787393  0.6793928
 2  0.5713430  0.5316494  0.5362292  0.5444529  0.5446604  0.5486020  0.5492400  0.5527667  0.5610235  0.5561847  0.5417544  0.5255586  0.5166492  0.5339594  0.5692783  0.5818116  0.5805304  0.5876064  0.5905281  0.5812079  0.5595711  0.5447821  0.5337742  0.5350129  0.5499628  0.5491456  0.5438188
 3  0.7511091  0.7069675  0.6829953  0.6743915  0.6700329  0.6801500  0.6909188  0.6948961  0.7038290  0.6998306  0.6949952  0.6942103  0.6938470  0.6973815  0.7109494  0.7151465  0.7074497  0.7133524  0.7181694  0.7123072  0.6991384  0.6921980  0.6882141  0.6824422  0.6968591  0.6976114  0.6966290
 4  0.4565952  0.4444232  0.4686088  0.4663473  0.4585708  0.4668544  0.4607641  0.4699210  0.4858220  0.4648803  0.4312975  0.4156864  0.4178989  0.4635133  0.5068214  0.5061311  0.4988087  0.5155600  0.5150462  0.4895389  0.4613177  0.4527226  0.4413723  0.4565145  0.4726406  0.4540698  0.4480081
 1  0.7295355  0.6834364  0.6609311  0.6537659  0.6495242  0.6716135  0.6353737  0.5911274  0.6314572  0.6456711  0.6290188  0.6428553  0.6763272  0.6526307  0.6271250  0.6142075  0.6187923  0.5936223  0.6255553  0.6420342  0.6579654  0.6800006  0.7028113  0.7055557  0.6861543  0.6783010  0.6898390
 2  0.5725281  0.5322509  0.5381341  0.5470715  0.5572297  0.5700695  0.5361976  0.5130334  0.5621792  0.5644030  0.5443170  0.5670838  0.5920905  0.5685788  0.5330897  0.5157588  0.5249510  0.5165287  0.5366263  0.5417041  0.5473624  0.5736647  0.5998614  0.6018242  0.5739132  0.5584752  0.5678916
 3  0.7525048  0.7095045  0.6869276  0.6775296  0.6686881  0.6917692  0.6578052  0.6073035  0.6483642  0.6694272  0.6519131  0.6578180  0.6986883  0.6780416  0.6495292  0.6321811  0.6365241  0.6135781  0.6446807  0.6611897  0.6755940  0.6966682  0.7228138  0.7280263  0.7075491  0.6953995  0.7088340
 4  0.4559979  0.4440072  0.4709147  0.4697615  0.4886573  0.5002357  0.4504066  0.4604616  0.5160443  0.5008232  0.4577395  0.5111255  0.5387682  0.4918892  0.4382512  0.4416294  0.4672196  0.4574345  0.4656506  0.4593386  0.4665094  0.5105493  0.5363181  0.5206826  0.4610112  0.4736535  0.4986536
 1  0.7297679  0.6838131  0.6586362  0.6538890  0.6598800  0.6595533  0.6673193  0.6973747  0.6950390  0.6904619  0.6898264  0.6980333  0.6893071  0.6755815  0.6661751  0.6687704  0.6778815  0.6802834  0.6941172  0.6845222  0.6621133  0.6517303  0.6446818  0.6401694  0.6539437  0.6752016  0.6877426
 2  0.5727351  0.5323851  0.5355030  0.5516311  0.5552659  0.5416581  0.5555493  0.5850106  0.5892601  0.5777498  0.5746249  0.5808457  0.5695288  0.5410790  0.5134551  0.5223958  0.5440086  0.5699670  0.5851774  0.5728103  0.5308145  0.4977045  0.4839628  0.4870931  0.5263332  0.5639102  0.5823048
 3  0.7529215  0.7101920  0.6846580  0.6767714  0.6810150  0.6792940  0.6825094  0.7164632  0.7166920  0.7104463  0.7080287  0.7177175  0.7100497  0.6947143  0.6827858  0.6844699  0.6955810  0.6979552  0.7147066  0.7062628  0.6811015  0.6686177  0.6612523  0.6558034  0.6697350  0.6927008  0.7075963
 4  0.4563384  0.4435138  0.4671759  0.4809555  0.4708528  0.4357664  0.4882743  0.5249749  0.5071374  0.4807738  0.4949700  0.5062294  0.4742324  0.4191621  0.4063408  0.4513018  0.4726809  0.5036621  0.5150676  0.4704972  0.4096340  0.3910384  0.3887124  0.4118710  0.4640834  0.5021291  0.5112194
 1  0.7307883  0.6900409  0.6641554  0.6572610  0.6552425  0.6583207  0.6583609  0.6585414  0.6865340  0.7150603  0.6970429  0.6856174  0.6761628  0.6797052  0.6798980  0.6708876  0.6710533  0.6720725  0.6765995  0.6785467  0.6767385  0.6761079  0.6803138  0.6729193  0.6672860  0.6966496  0.7264512
 2  0.5721036  0.5338921  0.5353328  0.5473301  0.5461540  0.5383491  0.5221850  0.5156680  0.5900094  0.6160566  0.6053729  0.5729770  0.5305713  0.5156678  0.5149089  0.5208589  0.5356143  0.5531428  0.5651805  0.5680694  0.5601575  0.5556893  0.5564518  0.5473899  0.5333248  0.6058868  0.6259398
 3  0.7532927  0.7153436  0.6896031  0.6803283  0.6759661  0.6771890  0.6761858  0.6748130  0.6997166  0.7398254  0.7218595  0.7063562  0.6934197  0.6952822  0.6964077  0.6877442  0.6879690  0.6904434  0.6958427  0.6983955  0.6965044  0.6941812  0.6988740  0.6925122  0.6853516  0.7093071  0.7524907
 4  0.4546830  0.4410177  0.4653390  0.4715488  0.4584948  0.4422305  0.4190319  0.4282713  0.5404708  0.5583968  0.5117590  0.4416191  0.4055196  0.4223019  0.4268098  0.4331098  0.4617084  0.4834172  0.4919268  0.4876472  0.4682809  0.4702257  0.4774370  0.4538808  0.4331970  0.5515016  0.5686572
 1  0.7303903  0.6871271  0.6645237  0.6622821  0.6757951  0.6803433  0.6679250  0.6620919  0.6761572  0.6758406  0.6854080  0.6791804  0.6758571  0.6819196  0.6818598  0.6808744  0.6978270  0.6963876  0.7040295  0.6995953  0.6944529  0.6966195  0.6904402  0.6904905  0.6800644  0.6722960  0.6793599
 2  0.5724657  0.5328624  0.5375394  0.5616855  0.5772086  0.5756508  0.5493168  0.5376087  0.5475240  0.5571422  0.5648604  0.5554328  0.5413737  0.5374317  0.5320493  0.5405797  0.5645308  0.5792466  0.5858816  0.5813533  0.5715118  0.5653883  0.5612892  0.5534139  0.5346118  0.5124760  0.5179370
 3  0.7530171  0.7128430  0.6902611  0.6844158  0.6968041  0.7012989  0.6876645  0.6791402  0.6942205  0.6940078  0.7042342  0.6990932  0.6933982  0.6988317  0.6995196  0.6964116  0.7157844  0.7151624  0.7235117  0.7198403  0.7129981  0.7152994  0.7089328  0.7088331  0.6985167  0.6886304  0.6947586
 4  0.4545642  0.4424255  0.4682421  0.4954137  0.5054605  0.4867085  0.4443816  0.4559660  0.4707269  0.4801865  0.4862659  0.4556128  0.4395707  0.4478282  0.4283930  0.4650928  0.4928019  0.5018496  0.5074385  0.4883674  0.4796432  0.4767527  0.4712963  0.4591312  0.4197635  0.4019262  0.4338746
 1  0.7296366  0.6850754  0.6608953  0.6556724  0.6588255  0.6703952  0.6732576  0.6805418  0.6786533  0.6803915  0.6790068  0.6789410  0.6779287  0.6757007  0.6955300  0.7032742  0.6983085  0.7028497  0.7014020  0.6912674  0.6799152  0.6934162  0.6944787  0.6948281  0.6969048  0.6958176  0.6892651
 2  0.5735597  0.5332591  0.5361543  0.5488629  0.5558460  0.5590912  0.5584610  0.5566744  0.5487303  0.5392584  0.5325886  0.5322520  0.5259037  0.5340855  0.5695181  0.5882211  0.5901092  0.5934707  0.5890519  0.5682489  0.5538478  0.5718452  0.5797526  0.5785953  0.5755898  0.5694741  0.5510587
 3  0.7528274  0.7113183  0.6867915  0.6788058  0.6790543  0.6896273  0.6917062  0.6992113  0.6972229  0.6976956  0.6960674  0.6960302  0.6953631  0.6915677  0.7122271  0.7236520  0.7184176  0.7226872  0.7225435  0.7115463  0.6967059  0.7118684  0.7149213  0.7139044  0.7159103  0.7149968  0.7078530
 4  0.4567928  0.4433682  0.4668499  0.4738490  0.4765841  0.4749268  0.4758495  0.4702057  0.4506790  0.4393818  0.4397176  0.4417586  0.4231863  0.4536703  0.5082038  0.5156023  0.5080924  0.5167871  0.5042913  0.4562858  0.4698429  0.5066791  0.4982815  0.4894392  0.4896143  0.4765148  0.4442481
 1  0.7302785  0.6870223  0.6624270  0.6613010  0.6764784  0.6813047  0.6892676  0.6901863  0.6827399  0.6832113  0.6837613  0.6857466  0.6787100  0.6701142  0.6773401  0.6850630  0.6838579  0.6932345  0.6799463  0.6744644  0.6790391  0.7024388  0.6971021  0.6893257  0.6794559  0.6778813  0.6785642
 2  0.5733585  0.5332340  0.5362799  0.5629673  0.5784619  0.5844025  0.5854021  0.5785880  0.5603969  0.5454460  0.5412302  0.5409030  0.5336822  0.5290352  0.5484506  0.5652432  0.5780379  0.5845602  0.5725278  0.5545754  0.5724884  0.5948471  0.5913982  0.5645282  0.5156693  0.4863295  0.4919642
 3  0.7530235  0.7129058  0.6882660  0.6831613  0.6977859  0.7016366  0.7092926  0.7109224  0.7020462  0.7008130  0.7009712  0.7030807  0.6965782  0.6872585  0.6941195  0.7041798  0.7026980  0.7140421  0.7011135  0.6938509  0.6955312  0.7232556  0.7194163  0.7089428  0.6959934  0.6923737  0.6931459
 4  0.4550866  0.4426088  0.4671442  0.4984772  0.5073063  0.5065662  0.5088190  0.4888568  0.4567975  0.4460002  0.4507927  0.4512124  0.4364814  0.4411086  0.4796688  0.4923306  0.5069579  0.5104136  0.4823433  0.4586563  0.5078039  0.5320831  0.4985612  0.4284890  0.3687547  0.3724422  0.4135180
 1  0.7293163  0.6858574  0.6632109  0.6601038  0.6698756  0.6687015  0.6566366  0.6550465  0.6652370  0.6726840  0.6835473  0.7008699  0.6897206  0.6811059  0.6737411  0.6683184  0.6759218  0.6752843  0.6680044  0.6779912  0.7078363  0.7046670  0.6944782  0.6982033  0.6898686  0.6880039  0.6817724
 2  0.5744903  0.5339670  0.5373713  0.5605680  0.5706587  0.5609062  0.5272413  0.5081324  0.5243834  0.5439239  0.5755474  0.5920675  0.5806698  0.5549192  0.5251455  0.5122872  0.5236546  0.5308262  0.5232863  0.5663912  0.6046676  0.6073768  0.5967991  0.5887928  0.5762977  0.5600853  0.5375477
 3  0.7524203  0.7118234  0.6889994  0.6822140  0.6913318  0.6898622  0.6753807  0.6711023  0.6812154  0.6904833  0.7008362  0.7216055  0.7114008  0.7002072  0.6912549  0.6844594  0.6920459  0.6931391  0.6852977  0.6923724  0.7288162  0.7281578  0.7154405  0.7189675  0.7102156  0.7070768  0.7000301
 4  0.4571711  0.4432203  0.4678628  0.4948990  0.4971481  0.4608371  0.4084779  0.4145777  0.4546327  0.4720286  0.5102234  0.5219759  0.4841526  0.4402197  0.4112254  0.4202891  0.4461696  0.4384348  0.4245257  0.5122757  0.5472580  0.5292147  0.5114755  0.5056613  0.4846975  0.4595100  0.4192694
 1  0.7296147  0.6874557  0.6605725  0.6578159  0.6761377  0.6841021  0.6700976  0.6583929  0.6576348  0.6851475  0.7035349  0.7016902  0.6908895  0.6858181  0.6740139  0.6668750  0.6616858  0.6451511  0.6550723  0.6586337  0.6618088  0.6633892  0.6539597  0.6499529  0.6722512  0.6935734  0.6802997
 2  0.5737913  0.5338580  0.5334733  0.5588866  0.5810008  0.5830218  0.5552431  0.5158207  0.5167986  0.5747003  0.6041573  0.6039547  0.5839159  0.5577910  0.5289690  0.5213715  0.5219104  0.5153384  0.5241872  0.5283638  0.5290773  0.5329160  0.5388971  0.5540633  0.5868612  0.6001250  0.5829234
 3  0.7527116  0.7134875  0.6862786  0.6794353  0.6967750  0.7057202  0.6906918  0.6764119  0.6724896  0.7012530  0.7251930  0.7246191  0.7121292  0.7047704  0.6914929  0.6837731  0.6798196  0.6631987  0.6724748  0.6763866  0.6790990  0.6809728  0.6717452  0.6689124  0.6911057  0.7157395  0.7033969
 4  0.4563463  0.4417356  0.4626114  0.4947214  0.5145870  0.4990053  0.4436030  0.3919586  0.4461956  0.5251299  0.5416357  0.5215563  0.4811332  0.4448487  0.4269871  0.4392192  0.4364550  0.4322768  0.4419447  0.4420998  0.4439359  0.4512606  0.4715264  0.4952436  0.5267461  0.5328359  0.4928113
 1  0.7292546  0.6839832  0.6582695  0.6541504  0.6647943  0.6669643  0.6714323  0.6793745  0.6682202  0.6639366  0.6661236  0.6597103  0.6766390  0.7010350  0.6903965  0.6911170  0.6895964  0.6862841  0.6783874  0.6681395  0.6681163  0.6775319  0.6667892  0.6660048  0.6930602  0.6893992  0.6872200
 2  0.5718989  0.5325022  0.5348893  0.5551126  0.5649210  0.5619730  0.5586295  0.5564604  0.5415792  0.5357359  0.5391817  0.5343489  0.5703294  0.5940217  0.5897188  0.5817433  0.5742917  0.5632743  0.5413790  0.5193072  0.5293982  0.5534559  0.5501807  0.5641883  0.5876481  0.5864412  0.5752209
 3  0.7524902  0.7105481  0.6843471  0.6764750  0.6859495  0.6871209  0.6896333  0.6983458  0.6871165  0.6813976  0.6847498  0.6780799  0.6922492  0.7222169  0.7121444  0.7108389  0.7094754  0.7057446  0.6971123  0.6854589  0.6835587  0.6962882  0.6871817  0.6825038  0.7134862  0.7110447  0.7066525
 4  0.4556608  0.4436466  0.4658230  0.4881367  0.4891505  0.4732435  0.4763197  0.4701003  0.4469142  0.4555576  0.4565662  0.4479119  0.5112841  0.5296599  0.5036809  0.4954308  0.4888030  0.4690097  0.4334380  0.4112400  0.4618764  0.4868420  0.4602519  0.4996843  0.5236746  0.5000338  0.4831359
 1  0.7268804  0.6809616  0.6562878  0.6513924  0.6575572  0.6617915  0.6642209  0.6690677  0.6861917  0.6907819  0.6889408  0.6988169  0.6940944  0.6881359  0.6841634  0.7001912  0.7240268  0.7074147  0.6916709  0.6918387  0.6938638  0.6911752  0.6888622  0.6922429  0.6994808  0.6873363  0.6725670
 2  0.5720317  0.5324260  0.5339419  0.5474831  0.5515547  0.5440631  0.5265187  0.5263182  0.5541190  0.5676521  0.5744572  0.5801162  0.5718004  0.5476427  0.5197251  0.5787261  0.6125399  0.6079048  0.5767402  0.5485537  0.5340801  0.5207085  0.5193963  0.5430986  0.5664398  0.5607036  0.5336116
 3  0.7507258  0.7078335  0.6823353  0.6742299  0.6783088  0.6809935  0.6818566  0.6846947  0.7027155  0.7103124  0.7075283  0.7181146  0.7141644  0.7064440  0.7004860  0.7131270  0.7468930  0.7315896  0.7118340  0.7087656  0.7105908  0.7075034  0.7045866  0.7075643  0.7180240  0.7077462  0.6910288
 4  0.4578270  0.4435568  0.4640315  0.4747253  0.4667969  0.4451600  0.4175375  0.4440324  0.4891992  0.4889668  0.4929405  0.5006869  0.4737429  0.4250791  0.3940986  0.5265096  0.5563625  0.5140832  0.4483176  0.4363572  0.4330167  0.4138856  0.4148971  0.4720380  0.4968511  0.4614081  0.4138201
 1  0.7276814  0.6795785  0.6412999  0.6499697  0.6883400  0.6858298  0.6672173  0.6720692  0.6611918  0.6400630  0.6429391  0.6585381  0.6603617  0.6619470  0.6713575  0.6621408  0.6720731  0.6984719  0.6864215  0.6832402  0.6705809  0.6598561  0.6511039  0.6379706  0.6531670  0.6514226  0.6479286
 2  0.5706466  0.5313876  0.5278537  0.5756237  0.6008916  0.5968276  0.5728264  0.5679392  0.5493743  0.5113075  0.5081084  0.5304305  0.5404812  0.5525317  0.5601444  0.5475594  0.5691639  0.5909436  0.5837926  0.5679273  0.5507333  0.5390073  0.5211054  0.5076827  0.5226537  0.5226378  0.5082892
 3  0.7513709  0.7067483  0.6678203  0.6688511  0.7114962  0.7095144  0.6874328  0.6921748  0.6826666  0.6592782  0.6587612  0.6754706  0.6789865  0.6798619  0.6911837  0.6823734  0.6877733  0.7194983  0.7084936  0.7025689  0.6895592  0.6792479  0.6706025  0.6550049  0.6697700  0.6704599  0.6656901
 4  0.4564608  0.4447227  0.4641894  0.5230138  0.5408796  0.5121900  0.4903595  0.4942590  0.4530460  0.3994113  0.4292278  0.4635415  0.4639218  0.4817752  0.4843092  0.4528323  0.5059499  0.5274609  0.4932560  0.4709865  0.4670216  0.4566057  0.4194073  0.4212234  0.4519128  0.4331165  0.4009532
 1  0.7288869  0.6826410  0.6595996  0.6542727  0.6678902  0.7004612  0.6918351  0.6824805  0.6779775  0.6798369  0.6755607  0.6662156  0.6462566  0.6498934  0.6425938  0.6323717  0.6685617  0.6736513  0.6881312  0.6865644  0.6828818  0.6823590  0.6902233  0.6913600  0.6890881  0.7063745  0.6933000
 2  0.5722694  0.5323253  0.5361602  0.5460216  0.5804306  0.6015127  0.5923973  0.5638486  0.5352844  0.5267424  0.5222428  0.5192774  0.5286124  0.5563724  0.5510350  0.5499230  0.5708387  0.5803308  0.5834900  0.5751505  0.5522388  0.5337840  0.5446384  0.5531739  0.5793154  0.5993102  0.5899887
 3  0.7523135  0.7093900  0.6856780  0.6776064  0.6851891  0.7222085  0.7147477  0.7021807  0.6950810  0.6965024  0.6926424  0.6837174  0.6627447  0.6694401  0.6654846  0.6500493  0.6883830  0.6936858  0.7082053  0.7072825  0.7018187  0.6986563  0.7063796  0.7098608  0.7059653  0.7279228  0.7163992
 4  0.4564181  0.4440463  0.4664361  0.4677403  0.5188463  0.5379543  0.4985569  0.4426456  0.4277021  0.4350974  0.4330434  0.4265851  0.4677444  0.5029669  0.4712975  0.4852107  0.5058199  0.5058785  0.5067831  0.4806636  0.4332649  0.4311135  0.4696369  0.4715833  0.5142839  0.5358585  0.4962335
 1  0.7293529  0.6853639  0.6643818  0.6636173  0.6814081  0.6936970  0.6852468  0.6802826  0.6788075  0.6866696  0.6873006  0.6861473  0.6868689  0.6882700  0.7012462  0.7111300  0.7066867  0.7001084  0.6947087  0.6872169  0.6786212  0.6691644  0.6682894  0.6707259  0.6695194  0.6654581  0.6735556
 2  0.5733252  0.5333939  0.5382599  0.5637315  0.5887025  0.5946549  0.5767773  0.5429845  0.5194655  0.5236469  0.5310597  0.5337840  0.5289716  0.5346465  0.5712725  0.5983298  0.5995614  0.5890886  0.5734786  0.5586543  0.5378574  0.5180340  0.5149847  0.5246007  0.5328902  0.5423221  0.5654152
 3  0.7524326  0.7114409  0.6901720  0.6855527  0.7016558  0.7158976  0.7064878  0.6984218  0.6944880  0.7024805  0.7041862  0.7029228  0.7035450  0.7039783  0.7174096  0.7316559  0.7286308  0.7202289  0.7141308  0.7065521  0.6969590  0.6864083  0.6845875  0.6873798  0.6872766  0.6830480  0.6916358
 4  0.4564886  0.4434256  0.4682343  0.4979533  0.5244093  0.5173860  0.4675475  0.4111891  0.4158400  0.4403001  0.4401616  0.4335339  0.4230814  0.4480398  0.5109113  0.5329714  0.5151669  0.4940786  0.4832913  0.4622320  0.4311244  0.4134677  0.4255020  0.4454597  0.4503307  0.4682187  0.5027256
 1  0.7305986  0.6872891  0.6622014  0.6547139  0.6585142  0.6753582  0.6780477  0.6865582  0.6855527  0.6767386  0.6669751  0.6586547  0.6635790  0.6952533  0.6866190  0.6741873  0.6704737  0.6827932  0.6716091  0.6601495  0.6436263  0.6231297  0.6505111  0.6483781  0.6483385  0.6619235  0.6733414
 2  0.5717957  0.5330858  0.5356322  0.5458809  0.5581798  0.5674288  0.5687001  0.5716115  0.5684349  0.5543773  0.5314579  0.5108264  0.5524893  0.5927146  0.5888911  0.5605416  0.5477304  0.5631363  0.5601023  0.5493457  0.5292177  0.5213209  0.5433023  0.5388851  0.5315338  0.5441107  0.5643055
 3  0.7533970  0.7134098  0.6880552  0.6779080  0.6780775  0.6948723  0.6973439  0.7050983  0.7053495  0.6964973  0.6855506  0.6760223  0.6771666  0.7166003  0.7102303  0.6942060  0.6869526  0.7016239  0.6920809  0.6799641  0.6638122  0.6404450  0.6689642  0.6687567  0.6657413  0.6793446  0.6916025
 4  0.4545695  0.4427711  0.4654397  0.4692576  0.4839165  0.4905786  0.4854753  0.4922888  0.4857472  0.4579965  0.4256101  0.4068078  0.5026227  0.5374958  0.4970160  0.4417321  0.4702000  0.4962025  0.4807846  0.4667119  0.4407167  0.4559555  0.4771878  0.4476834  0.4467143  0.4739320  0.4961558
 1  0.7296065  0.6848909  0.6570381  0.6539228  0.6708197  0.6800947  0.6716408  0.6665845  0.6574194  0.6677394  0.6994412  0.6916436  0.6801176  0.6730795  0.6641093  0.6725841  0.6688008  0.6553120  0.6586361  0.6599450  0.6677117  0.6844040  0.6859430  0.6795304  0.6862516  0.6796403  0.6742182
 2  0.5709990  0.5326576  0.5344645  0.5573455  0.5768388  0.5789663  0.5575311  0.5292085  0.5075337  0.5596411  0.6014254  0.5988074  0.5770094  0.5431763  0.5209285  0.5381152  0.5435385  0.5305544  0.5297557  0.5293614  0.5430781  0.5657821  0.5681484  0.5613363  0.5587646  0.5446459  0.5169638
 3  0.7526389  0.7111901  0.6830943  0.6761243  0.6914919  0.7013073  0.6918656  0.6845896  0.6740061  0.6815641  0.7209368  0.7158660  0.7021341  0.6920479  0.6800646  0.6895713  0.6884827  0.6738958  0.6762121  0.6780064  0.6843868  0.7023715  0.7061146  0.6980871  0.7048565  0.6986803  0.6912856
 4  0.4553632  0.4435959  0.4666441  0.4924536  0.5085144  0.4953661  0.4521661  0.4146823  0.4133302  0.5119690  0.5459938  0.5203597  0.4693393  0.4169051  0.4342307  0.4733385  0.4578890  0.4376881  0.4457863  0.4435049  0.4692949  0.4967893  0.4815094  0.4723214  0.4719024  0.4375597  0.3908258
 1  0.7282144  0.6834731  0.6578598  0.6581440  0.6777089  0.6796767  0.6712801  0.6679744  0.6702323  0.6770190  0.6975851  0.6889034  0.6807347  0.6843765  0.6682574  0.6513384  0.6403914  0.6726841  0.6890977  0.6908888  0.6791422  0.6717586  0.6665775  0.6604745  0.6720871  0.6566059  0.6450813
 2  0.5716742  0.5323854  0.5342943  0.5634997  0.5824681  0.5790950  0.5532851  0.5244542  0.5074157  0.5386476  0.5782860  0.5831231  0.5794967  0.5780582  0.5549144  0.5113080  0.5119120  0.5737306  0.5969742  0.5938749  0.5675861  0.5380143  0.5186951  0.5343144  0.5592759  0.5507384  0.5400219
 3  0.7515257  0.7098470  0.6837805  0.6795705  0.6990723  0.7014598  0.6911427  0.6852821  0.6863724  0.6913887  0.7166394  0.7104715  0.7002246  0.7056284  0.6899000  0.6700404  0.6545240  0.6900068  0.7110672  0.7132152  0.7001275  0.6898157  0.6833911  0.6769454  0.6912403  0.6782378  0.6638161
 4  0.4562747  0.4428154  0.4650793  0.5012538  0.5148422  0.4897493  0.4393303  0.4095526  0.4025351  0.4803887  0.5189594  0.5022432  0.5048447  0.5023498  0.4486033  0.3813498  0.4513748  0.5266328  0.5311008  0.5078192  0.4574698  0.4259375  0.4277621  0.4713903  0.4956695  0.4655004  0.4607130
 1  0.7303159  0.6867083  0.6601943  0.6531802  0.6549577  0.6774368  0.6913792  0.6814792  0.6665054  0.6649882  0.6647353  0.6519488  0.6469607  0.6532270  0.6712617  0.6855530  0.6848813  0.6842593  0.6843539  0.6828782  0.6881484  0.6988290  0.6946555  0.6861110  0.6871412  0.6803714  0.6720435
 2  0.5706112  0.5320856  0.5340067  0.5443554  0.5536967  0.5795966  0.5888431  0.5747279  0.5470219  0.5437593  0.5465156  0.5350634  0.5323049  0.5460364  0.5706299  0.5831033  0.5799396  0.5700951  0.5567542  0.5424300  0.5505358  0.5720122  0.5730409  0.5624607  0.5514165  0.5299300  0.5150882
 3  0.7531030  0.7129209  0.6860833  0.6763461  0.6746350  0.6953801  0.7128019  0.7030480  0.6852855  0.6827400  0.6840492  0.6715860  0.6650395  0.6711294  0.6898108  0.7058786  0.7055693  0.7039605  0.7033143  0.7004177  0.7042644  0.7171514  0.7149536  0.7049796  0.7053828  0.6984863  0.6875193
 4  0.4535079  0.4420936  0.4638879  0.4674080  0.4781699  0.5154972  0.5176659  0.4759726  0.4495396  0.4692830  0.4701532  0.4488417  0.4544773  0.4805747  0.5057493  0.5104697  0.4953765  0.4786790  0.4556391  0.4390654  0.4750308  0.5026481  0.4847813  0.4651542  0.4532705  0.4108838  0.4229793
 1  0.7303754  0.6852247  0.6589116  0.6526451  0.6512013  0.6588392  0.6862957  0.6872848  0.6669632  0.6635965  0.6584150  0.6610015  0.6811274  0.6890836  0.6812523  0.6779754  0.6694235  0.6665034  0.6689882  0.6801896  0.7110580  0.7006346  0.6907415  0.6958939  0.6929749  0.6879347  0.6806766
 2  0.5696476  0.5317623  0.5354286  0.5480739  0.5460274  0.5609132  0.5828454  0.5810294  0.5540640  0.5409709  0.5359348  0.5462025  0.5739298  0.5803131  0.5626872  0.5347959  0.5018489  0.4923588  0.5025457  0.5695025  0.6056847  0.6031156  0.5853711  0.5759956  0.5630261  0.5381889  0.5107842
 3  0.7531583  0.7115117  0.6849783  0.6758937  0.6722114  0.6760532  0.7057576  0.7088907  0.6865616  0.6820859  0.6773013  0.6780247  0.6996472  0.7099750  0.7013403  0.6957476  0.6856858  0.6817600  0.6849305  0.6939183  0.7329565  0.7242022  0.7107371  0.7151349  0.7123862  0.7054305  0.6969047
 4  0.4536058  0.4434655  0.4673157  0.4742493  0.4601875  0.4931926  0.5187411  0.4927513  0.4579049  0.4576770  0.4509923  0.4784816  0.5095093  0.4987704  0.4539162  0.4090404  0.3853296  0.4006078  0.4162613  0.5187101  0.5480518  0.5150045  0.4892133  0.4887435  0.4599781  0.4168364  0.3873602
 1  0.7307392  0.6864747  0.6572269  0.6507630  0.6608503  0.6674038  0.6603889  0.6678940  0.6705188  0.6711423  0.6810188  0.6741461  0.6741863  0.6977937  0.6963489  0.6946717  0.6997767  0.6987493  0.6907244  0.6887927  0.6893054  0.6827672  0.6736238  0.6692895  0.6674862  0.6693387  0.6719394
 2  0.5709265  0.5324007  0.5338568  0.5526178  0.5662479  0.5642037  0.5491907  0.5464255  0.5468385  0.5536430  0.5630199  0.5526784  0.5602429  0.5864611  0.5915244  0.5885422  0.5889248  0.5834709  0.5650289  0.5536166  0.5489914  0.5374305  0.5226779  0.5153316  0.5159335  0.5277321  0.5392471
 3  0.7534590  0.7126204  0.6832849  0.6733148  0.6815743  0.6883767  0.6795090  0.6856191  0.6892643  0.6888049  0.7002001  0.6943095  0.6902908  0.7172204  0.7180825  0.7144056  0.7197604  0.7193367  0.7099971  0.7063799  0.7071135  0.7009659  0.6907547  0.6860691  0.6843041  0.6857102  0.6900642
 4  0.4540021  0.4430379  0.4661972  0.4862110  0.4960693  0.4773517  0.4568079  0.4659329  0.4633772  0.4791675  0.4872894  0.4517921  0.4888490  0.5251168  0.5112155  0.5047405  0.5108859  0.4935438  0.4613841  0.4580765  0.4595157  0.4355148  0.4194631  0.4211012  0.4258649  0.4511589  0.4595890
 1  0.7295925  0.6822941  0.6546486  0.6525401  0.6659266  0.6612214  0.6514660  0.6565793  0.6716811  0.6734974  0.6746923  0.6842750  0.6787474  0.6841449  0.6765529  0.6500974  0.6251539  0.6498129  0.6638674  0.6680094  0.6701815  0.6680336  0.6700102  0.6837819  0.7097415  0.7109262  0.6960467
 2  0.5730097  0.5322866  0.5348733  0.5588450  0.5681937  0.5517560  0.5143265  0.5051179  0.5325713  0.5481308  0.5629282  0.5700444  0.5657517  0.5687179  0.5624355  0.5309528  0.5161715  0.5560696  0.5716423  0.5694064  0.5621225  0.5521524  0.5454314  0.5770943  0.6120935  0.6156498  0.6031998
 3  0.7529158  0.7089683  0.6809456  0.6747607  0.6876971  0.6825187  0.6694507  0.6714685  0.6879138  0.6921559  0.6928547  0.7040731  0.6984127  0.7023277  0.6971918  0.6713687  0.6413719  0.6674943  0.6852036  0.6879880  0.6897950  0.6875658  0.6882835  0.6996458  0.7304991  0.7357313  0.7186722
 4  0.4567029  0.4447789  0.4684291  0.4950606  0.4926571  0.4423034  0.3872150  0.4223377  0.4683284  0.4727673  0.4892395  0.4922999  0.4782537  0.4921241  0.4838941  0.4262314  0.4495177  0.5058110  0.4991356  0.4862907  0.4794054  0.4636062  0.4554377  0.5166030  0.5541889  0.5451415  0.5160063
 1  0.7290320  0.6821640  0.6549648  0.6472235  0.6521027  0.6849222  0.6739667  0.6696504  0.6996459  0.6941751  0.6873672  0.6858820  0.6785619  0.6714440  0.6754066  0.6905719  0.6891436  0.6750429  0.6642476  0.6697755  0.6708538  0.6643496  0.6737705  0.6884124  0.6930689  0.7061258  0.6966613
 2  0.5710038  0.5318381  0.5350120  0.5427910  0.5665276  0.5861685  0.5703706  0.5702004  0.5912526  0.5887835  0.5667073  0.5403230  0.5047975  0.4665654  0.4859299  0.5344054  0.5538310  0.5413062  0.5283950  0.5431075  0.5520795  0.5522070  0.5720363  0.5879946  0.6021552  0.6070924  0.5947875
 3  0.7522313  0.7087878  0.6812507  0.6710664  0.6700892  0.7058250  0.6964588  0.6859603  0.7198979  0.7164153  0.7067540  0.7034740  0.6951293  0.6862104  0.6886638  0.7059225  0.7080409  0.6942049  0.6812443  0.6869270  0.6903209  0.6833225  0.6914989  0.7093774  0.7132259  0.7287902  0.7192311
 4  0.4554349  0.4445974  0.4684725  0.4661400  0.5037314  0.5203941  0.4694978  0.4977489  0.5293127  0.4983597  0.4525001  0.4189467  0.3704713  0.3339308  0.4091818  0.4739606  0.4727158  0.4337332  0.4390484  0.4759279  0.4757404  0.4723497  0.5087414  0.5219387  0.5340518  0.5362204  0.4975701
 1  0.7297245  0.6835427  0.6579710  0.6524212  0.6556740  0.6607232  0.6635997  0.6680126  0.6662477  0.6720119  0.6793671  0.6767648  0.6884622  0.7078683  0.7009666  0.6919241  0.6913185  0.6807621  0.6704196  0.6701960  0.6715627  0.6812526  0.6936505  0.6941708  0.6866139  0.6889681  0.6900004
 2  0.5712080  0.5321013  0.5354633  0.5488678  0.5512526  0.5451697  0.5331759  0.5220215  0.5160819  0.5315319  0.5475396  0.5505763  0.5789200  0.6017204  0.5970251  0.5826107  0.5704475  0.5530312  0.5311362  0.5248975  0.5348250  0.5590566  0.5816256  0.5812662  0.5647115  0.5578479  0.5546668
 3  0.7528725  0.7101326  0.6841320  0.6755821  0.6765205  0.6799018  0.6813455  0.6850618  0.6826385  0.6882319  0.6974513  0.6951083  0.7049937  0.7289052  0.7236651  0.7115919  0.7104917  0.7008470  0.6881874  0.6870496  0.6886045  0.6982547  0.7130993  0.7149769  0.7058873  0.7062783  0.7085572
 4  0.4552588  0.4441006  0.4672411  0.4757505  0.4668248  0.4499277  0.4353127  0.4208861  0.4248144  0.4587224  0.4687740  0.4641857  0.5154861  0.5378470  0.5089760  0.4861347  0.4861747  0.4522118  0.4268957  0.4359650  0.4564980  0.4937683  0.5118987  0.4921085  0.4601260  0.4691713  0.4685921
 1  0.7288970  0.6852140  0.6574147  0.6525936  0.6550228  0.6469544  0.6576178  0.6773265  0.6688393  0.6540027  0.6507576  0.6593674  0.6865384  0.6863653  0.6817475  0.6922893  0.6892313  0.6802617  0.6763509  0.6710173  0.6483095  0.6437364  0.6737404  0.6717535  0.6670501  0.6874947  0.6822314
 2  0.5725989  0.5334561  0.5337211  0.5542938  0.5575668  0.5478680  0.5580149  0.5722731  0.5603641  0.5307053  0.5110363  0.5346630  0.5707686  0.5767842  0.5729043  0.5796983  0.5755763  0.5617352  0.5533040  0.5447907  0.5235849  0.5463886  0.5791251  0.5748554  0.5725181  0.5814157  0.5733659
 3  0.7521482  0.7113023  0.6832705  0.6748950  0.6766184  0.6675842  0.6749865  0.6970761  0.6901177  0.6734718  0.6681525  0.6743227  0.7048692  0.7073118  0.7005197  0.7114888  0.7100899  0.6996268  0.6947422  0.6903867  0.6670312  0.6595164  0.6940385  0.6942342  0.6856773  0.7076758  0.7035371
 4  0.4571183  0.4427208  0.4653042  0.4885569  0.4838766  0.4630419  0.4898023  0.5035491  0.4687927  0.4231353  0.4098470  0.4748544  0.5105901  0.4919887  0.4893237  0.5068133  0.4899033  0.4674947  0.4698798  0.4556507  0.4373816  0.4939507  0.5198371  0.4908785  0.4966250  0.5114299  0.4799868
 1  0.7299151  0.6847892  0.6587474  0.6508204  0.6525636  0.6813154  0.6745940  0.6710306  0.6706264  0.6724858  0.6733862  0.6759589  0.7007304  0.6999859  0.6862280  0.6810624  0.6724563  0.6700408  0.6671041  0.6556001  0.6674136  0.6712429  0.6612070  0.6492112  0.6388754  0.6352692  0.6603561
 2  0.5719803  0.5324316  0.5358794  0.5422320  0.5603306  0.5772148  0.5678670  0.5498778  0.5467473  0.5543378  0.5520936  0.5688146  0.5949267  0.5972640  0.5766507  0.5534224  0.5366238  0.5380854  0.5380523  0.5365821  0.5616106  0.5703926  0.5542503  0.5194236  0.4826900  0.4931075  0.5429003
 3  0.7527795  0.7109303  0.6847957  0.6747425  0.6710134  0.7014187  0.6958440  0.6893497  0.6881649  0.6914022  0.6930248  0.6926161  0.7205483  0.7225865  0.7071943  0.6997616  0.6901155  0.6876166  0.6862923  0.6734000  0.6847624  0.6929454  0.6828041  0.6682671  0.6558349  0.6493607  0.6773336
 4  0.4551191  0.4435606  0.4684765  0.4622001  0.4922964  0.5082827  0.4729983  0.4510484  0.4703971  0.4812099  0.4618572  0.4997743  0.5338940  0.5169802  0.4736607  0.4476590  0.4469183  0.4631379  0.4507616  0.4576295  0.5034270  0.4998947  0.4535541  0.3989348  0.3670828  0.4346368  0.4897130
 1  0.7309689  0.6871785  0.6594285  0.6521552  0.6547161  0.6630581  0.6785264  0.6786796  0.6775195  0.6682684  0.6742684  0.6797140  0.6754996  0.6712365  0.6705316  0.6757596  0.6792542  0.6932688  0.6980207  0.6860104  0.6716949  0.6711217  0.6754894  0.6848742  0.6655972  0.6676665  0.6586629
 2  0.5716721  0.5324720  0.5342148  0.5481163  0.5518608  0.5622347  0.5730740  0.5759376  0.5684267  0.5573221  0.5616568  0.5633906  0.5493684  0.5207380  0.5060127  0.5166539  0.5472004  0.5852741  0.5962684  0.5808321  0.5482190  0.5276727  0.5430523  0.5633582  0.5653042  0.5678333  0.5604946
 3  0.7536761  0.7132903  0.6853937  0.6751179  0.6755304  0.6813514  0.6978929  0.6989250  0.6979731  0.6879921  0.6925200  0.6995668  0.6951763  0.6884250  0.6858211  0.6916640  0.6956837  0.7116124  0.7202967  0.7083841  0.6911768  0.6879138  0.6915281  0.7041441  0.6855237  0.6884158  0.6802382
 4  0.4539400  0.4425453  0.4653361  0.4763348  0.4711035  0.4890216  0.5035402  0.4995817  0.4850500  0.4712586  0.4871893  0.4825678  0.4383976  0.3937770  0.4090259  0.4389615  0.4821623  0.5253941  0.5258484  0.4817172  0.4300145  0.4279529  0.4781465  0.4951346  0.4947592  0.5002861  0.4774080
 1  0.7301943  0.6869204  0.6624820  0.6532394  0.6459642  0.6525222  0.6694250  0.6756159  0.6784342  0.6882138  0.6909009  0.6930739  0.6859698  0.6900277  0.6819707  0.6734255  0.6489854  0.6316290  0.6806352  0.6807003  0.6916403  0.6827790  0.6751786  0.6887501  0.6818695  0.6803552  0.6676169
 2  0.5734017  0.5334683  0.5371468  0.5421430  0.5308430  0.5293971  0.5464323  0.5570222  0.5650633  0.5755522  0.5826442  0.5800703  0.5717766  0.5659418  0.5526594  0.5319307  0.4944913  0.5280861  0.5782899  0.5917155  0.5901300  0.5701336  0.5493897  0.5549009  0.5627319  0.5639139  0.5507496
 3  0.7529447  0.7126506  0.6883153  0.6771988  0.6669478  0.6693512  0.6863758  0.6945832  0.6968879  0.7072740  0.7105929  0.7136930  0.7055162  0.7087822  0.7011343  0.6917661  0.6668273  0.6441143  0.7003791  0.7017829  0.7129465  0.7041621  0.6923252  0.7061897  0.7009826  0.6998481  0.6884397
 4  0.4555068  0.4430331  0.4690155  0.4605537  0.4271112  0.4437898  0.4784536  0.4802469  0.4873705  0.5009399  0.5078922  0.4960195  0.4811515  0.4776773  0.4576256  0.4233205  0.3844370  0.4856187  0.5247821  0.5187443  0.5101540  0.4594072  0.4530923  0.4808257  0.4870305  0.4876290  0.4565574
 1  0.7279256  0.6827263  0.6582004  0.6532525  0.6613454  0.6739367  0.6711694  0.6718970  0.6843383  0.6933372  0.6849861  0.6777172  0.6738250  0.6845940  0.6892135  0.6842618  0.6756747  0.6728003  0.6863462  0.6951814  0.6958976  0.6981104  0.6999646  0.6950613  0.6883115  0.6854403  0.6865529
 2  0.5728958  0.5329920  0.5347413  0.5482377  0.5605636  0.5632140  0.5489615  0.5373992  0.5524943  0.5646951  0.5560263  0.5388483  0.5383861  0.5623139  0.5745568  0.5674473  0.5463569  0.5401761  0.5623300  0.5806635  0.5853946  0.5847638  0.5770809  0.5553280  0.5188734  0.4930524  0.5227252
 3  0.7515529  0.7092466  0.6840945  0.6761644  0.6813668  0.6936808  0.6902805  0.6888639  0.7009714  0.7120389  0.7041940  0.6956935  0.6903714  0.7022968  0.7093094  0.7042435  0.6944724  0.6898374  0.7034568  0.7147970  0.7160809  0.7176880  0.7196487  0.7135755  0.7045669  0.7000524  0.7004747
 4  0.4580642  0.4432727  0.4650297  0.4749680  0.4847210  0.4773011  0.4464812  0.4446007  0.4795857  0.4852584  0.4574528  0.4329306  0.4603746  0.4981874  0.4975322  0.4716475  0.4424491  0.4561784  0.4964733  0.5095655  0.5032463  0.4996103  0.4808292  0.4316245  0.3781146  0.3734537  0.4633707
 1  0.7294668  0.6873812  0.6622115  0.6563101  0.6558877  0.6663480  0.6860014  0.6707132  0.6473900  0.6532427  0.6712845  0.6617890  0.6647756  0.6617165  0.6619616  0.6772629  0.6686038  0.6630297  0.6632386  0.6700342  0.6768170  0.6743003  0.6775407  0.6733636  0.6665073  0.6606979  0.6645862
 2  0.5714501  0.5334819  0.5347943  0.5485789  0.5503333  0.5713902  0.5857296  0.5695530  0.5379270  0.5517639  0.5693529  0.5598438  0.5464945  0.5231517  0.5230713  0.5493566  0.5556736  0.5493401  0.5494517  0.5550507  0.5571431  0.5559392  0.5569918  0.5565971  0.5482979  0.5497051  0.5612169
 3  0.7524214  0.7133199  0.6878641  0.6790779  0.6765664  0.6836207  0.7071314  0.6935986  0.6666736  0.6699669  0.6919071  0.6829130  0.6841973  0.6798632  0.6770826  0.6950148  0.6886150  0.6823632  0.6822976  0.6881548  0.6960143  0.6928370  0.6958695  0.6928945  0.6858464  0.6788731  0.6838303
 4  0.4553545  0.4419256  0.4638612  0.4748103  0.4689547  0.5066889  0.5218381  0.4759405  0.4457606  0.4929016  0.5025420  0.4732480  0.4439169  0.4090062  0.4496134  0.4856947  0.4765806  0.4677459  0.4667297  0.4789122  0.4742580  0.4700987  0.4799217  0.4759910  0.4630266  0.4772107  0.4968756
