              Isim, Ftarg, Btarg
   1 2019          0.3977734      21560.7846623       5544.3597106
   1 2021          0.3831494      21543.1234683       5501.7975211
   1 2023          0.4006982      21490.6039383       5541.5778739
   1 2025          0.3831494      21558.2740015       5496.0481148
   1 2027          0.4328711      21484.2750076       5675.8210710
   1 2029          0.4153223      21536.6270883       5628.3742040
   1 2031          0.4328711      21499.2393189       5627.1002348
   1 2033          0.4065479      21503.9525485       5530.3041408
   1 2035          0.4270215      21539.1828227       5606.0439609
   1 2037          0.3948486      21539.9266567       5472.1555141
   1 2039          0.4387207      21586.4853877       5643.6686066
   1 2041          0.4445703      21502.5203012       5668.9110948
   1 2043          0.3656006      21516.6646942       5321.3232278
   2 2019          0.3977734      21468.4703596       5520.6210708
   2 2021          0.3860742      21486.8522381       5497.1107357
   2 2023          0.4270215      21423.6750448       5646.4166145
   2 2025          0.4357959      21451.6575933       5658.0816917
   2 2027          0.4504199      21387.7128511       5679.9584124
   2 2029          0.4533447      21423.7044173       5682.7375331
   2 2031          0.4562695      21419.2209400       5686.6910313
   2 2033          0.4562695      21382.3271146       5684.1106030
   2 2035          0.3422021      21441.0720686       4953.5106622
   2 2037          0.3656006      21457.6037345       5288.7445544
   2 2039          0.4211719      21479.8460696       5636.1679723
   2 2041          0.4299463      21449.2485939       5649.3061661
   2 2043          0.4182471      21472.8019460       5580.2719977
   3 2019          0.3977734      21902.4674708       5632.2235072
   3 2021          0.3948486      21870.5089398       5651.4836017
   3 2023          0.4123975      21854.7851064       5706.4276654
   3 2025          0.3919238      21904.9564716       5663.2667232
   3 2027          0.3860742      21873.4616636       5607.5706009
   3 2029          0.3831494      21845.3798657       5574.2944548
   3 2031          0.3860742      21820.8301985       5598.8909566
   3 2033          0.3772998      21922.9060313       5525.5617507
   3 2035          0.3860742      21901.4877388       5612.0942324
   3 2037          0.3860742      21910.0293561       5613.4598109
   3 2039          0.3860742      21851.0355285       5603.9022598
   3 2041          0.3889990      21876.1815798       5634.4032896
   3 2043          0.3743750      21870.2589139       5528.5257072
   4 2019          0.3977734      22238.1558441       5718.5458336
   4 2021          0.3802246      22200.6821152       5636.4853612
   4 2023          0.4211719      22223.3839176       5827.7895676
   4 2025          0.4270215      22200.1584136       5834.9408071
   4 2027          0.3568262      22218.5859542       5432.7340718
   4 2029          0.3597510      22155.2189814       5393.3655233
   4 2031          0.3772998      22232.0534668       5584.4012428
   4 2033          0.4123975      22247.3215328       5770.4276360
   4 2035          0.3889990      22259.8492629       5700.2985759
   4 2037          0.4211719      22230.7101661       5822.5344757
   4 2039          0.3772998      22257.2910829       5644.2151573
   4 2041          0.3977734      22254.4214175       5745.7634830
   4 2043          0.3977734      22254.9165175       5749.2385757
