FL 2019 2020 2021 2022 2023 2024 2025 2026 2027 2028 2029 2030 2031 2032 2033 2034 2035 2036 2037 2038 2039 2040 2041 2042 2043 2044 2045
 1    4109.00    3559.25    3559.25    3423.42    3423.42    4148.76    4148.76    4783.55    4783.55    5864.63    5864.63    2559.94    2559.94    4074.84    4074.84    7735.27    7735.27    3858.16    3858.16    1505.66    1505.66    2091.47    2091.47    3749.13    3749.13    7799.02    7799.02
 2     783.00     677.95     677.95     652.08     652.08     790.24     790.24     911.15     911.15    1117.07    1117.07     487.61     487.61     776.16     776.16    1473.38    1473.38     734.89     734.89     286.79     286.79     398.38     398.38     714.12     714.12    1485.53    1485.53
 3    3537.00    5555.57    5445.06    3351.80    3385.71    3356.10    2665.08    6675.68    5153.40    5330.30    3852.74    1461.14    1656.37    2370.98    2122.57    2967.14    2178.96    1067.05     951.44    1003.56    1298.71    1636.44    1522.89    1965.81    1744.90    2847.22    2282.70
 4    1379.00    1626.52    1381.99    1519.57    1089.66    1219.11    1405.20    1533.28     862.84     984.25     879.65     992.10     907.47    1139.48    1020.95     980.71     723.57     899.14     967.56    1118.29     903.89    1027.99    1149.21    1521.48    1261.93    1503.98    1603.87
 1    4109.00    3386.92    3386.92    5551.39    5551.39    5074.61    5074.61    3675.67    3675.67    2608.45    2608.45    1492.72    1492.72    2146.91    2146.91    2658.81    2658.81    3263.11    3263.11    8925.84    8925.84    6069.29    6069.29    3978.28    3978.28    6473.54    6473.54
 2     783.00     645.13     645.13    1057.41    1057.41     966.59     966.59     700.13     700.13     496.85     496.85     284.33     284.33     408.94     408.94     506.44     506.44     621.54     621.54    1700.16    1700.16    1156.06    1156.06     757.77     757.77    1233.06    1233.06
 3    3537.00    3062.58    3227.86    6216.25    5595.47    2898.55    3040.07    2515.18    2283.81    2044.85    2561.01    1257.11    1941.66    2283.53    3153.97    3218.45    3131.46    3004.53    2277.48    1947.29    1831.23    1434.11    1610.98    1046.22    1429.55    3104.13    3753.91
 4    1379.00    1463.72    1481.52    1288.18    1191.63     970.09     974.97     779.08     810.83     946.48     982.11    1065.02    1436.94    1301.50    1238.77    1239.69     834.65     891.10    1104.98    1118.43     924.79     930.42    1471.77    1841.14    1986.67    2246.82    2579.35
 1    4109.00    4730.42    4730.42    4845.92    4845.92   10638.47   10638.47    7940.86    7940.86    5087.54    5087.54    4661.12    4661.12    2789.09    2789.09    8567.79    8567.79    5328.71    5328.71    5700.62    5700.62   11162.84   11162.84    5930.69    5930.69    4562.71    4562.71
 2     783.00     901.03     901.03     923.03     923.03    2026.38    2026.38    1512.54    1512.54     969.06     969.06     887.83     887.83     531.26     531.26    1631.96    1631.96    1014.99    1014.99    1085.83    1085.83    2126.26    2126.26    1129.66    1129.66     869.09     869.09
 3    3537.00    2608.48    2824.80    5585.90    5813.95   10945.89   13311.56   10868.75    8908.65    7580.85    6524.68    2112.59    2569.14    1907.89    2874.46    3258.25    2986.86    1820.22    1838.40    3902.38    4441.11    3696.52    2758.03    2803.40    2884.56    1826.46    1446.69
 4    1379.00    1348.19    1528.10    1659.74    1677.29    2361.07    1762.74    1188.99    1106.18     964.63    1020.30    1234.38    1484.26    1284.78    1156.82     887.80    1107.25    1540.39    1987.84    1749.91    1332.19    1253.95    1298.72    1236.03    1109.99     883.25     756.16
 1    4109.00    1523.68    1523.68    5920.53    5920.53    4038.34    4038.34    3924.69    3924.69    7612.84    7612.84    6491.56    6491.56    4667.12    4667.12    7939.93    7939.93   19414.16   19414.16   11768.53   11768.53    7611.45    7611.45    2795.56    2795.56    6635.71    6635.71
 2     783.00     290.22     290.22    1127.72    1127.72     769.21     769.21     747.56     747.56    1450.06    1450.06    1236.49    1236.49     888.98     888.98    1512.37    1512.37    3697.94    3697.94    2241.62    2241.62    1449.80    1449.80     532.49     532.49    1263.94    1263.94
 3    3537.00    1952.36    2201.71    6245.52    5094.33    2212.03    2404.34    5274.98    9539.36   11203.10    8591.93    9122.06    7267.54    5000.76    5233.01    7766.47    8836.54    9102.46    6950.10    5059.19    3062.28    1766.04    1243.46     711.07    1304.48    2297.42    3129.31
 4    1379.00    1399.66    1349.48     986.57     818.53    1655.83    3755.74    4704.50    3611.27    3207.75    2170.75    1870.41    2227.67    4349.48    4792.28    4318.66    3039.38    2206.83    1269.97     922.09     737.91     787.32    1320.64    1954.16    2098.07    1923.39    2412.62
 1    4109.00    2942.02    2942.02    4006.93    4006.93    7319.47    7319.47   19335.16   19335.16   18977.57   18977.57    6758.14    6758.14   12329.39   12329.39   12404.70   12404.70    4504.04    4504.04    2170.94    2170.94   10286.43   10286.43   15736.18   15736.18    7462.22    7462.22
 2     783.00     560.38     560.38     763.22     763.22    1394.18    1394.18    3682.89    3682.89    3614.78    3614.78    1287.26    1287.26    2348.46    2348.46    2362.80    2362.80     857.91     857.91     413.51     413.51    1959.32    1959.32    2997.37    2997.37    1421.38    1421.38
 3    3537.00    2790.28    3030.28    3241.41    3260.73    9545.77   15656.62   15042.38   13080.50    9967.07   12740.46    9248.20   10988.64   10665.84    9815.37    6065.71    4189.68    1040.22    1136.41    1107.21    1524.67    3846.17    3832.93    3448.77    2904.86    2025.79    2605.72
 4    1379.00    1421.27    1405.69    1137.85    1619.10    3025.44    2371.65    1777.32    1738.88    2920.88    3453.94    3165.04    2573.91    2021.58    1552.28     959.55     811.71     835.32    1358.12    2030.65    1862.82    2071.48    1856.63    2233.99    2364.75    1980.04    1471.21
 1    4109.00    6413.48    6413.48    7503.80    7503.80    6828.82    6828.82    5762.06    5762.06    4849.15    4849.15    1962.58    1962.58    4321.55    4321.55    5999.07    5999.07    3368.44    3368.44    5332.87    5332.87   11936.69   11936.69    9881.72    9881.72    1409.10    1409.10
 2     783.00    1221.62    1221.62    1429.30    1429.30    1300.73    1300.73    1097.54    1097.54     923.65     923.65     373.82     373.82     823.15     823.15    1142.68    1142.68     641.61     641.61    1015.78    1015.78    2273.66    2273.66    1882.23    1882.23     268.40     268.40
 3    3537.00    8421.62    8756.81    8871.82    9812.48    9492.34    9245.55    9033.31    8585.17    5259.05    4849.54    1497.63    1596.41    2409.83    2498.79    2283.86    2127.09    1478.76    1675.62    4217.42    4827.09    4313.94    3388.59    2317.63    1733.74     810.89     832.18
 4    1379.00    1296.13    1347.46    1657.11    1535.39    1587.46    1335.62    1252.15    1307.09    1314.80    1194.35    1085.93    1059.90    1138.12     981.15     882.01    1151.77    1955.43    2682.34    2347.89    1591.40    1131.00     891.12     768.97     639.41     759.86    1091.88
 1    4109.00    5819.35    5819.35    2903.21    2903.21    2731.81    2731.81    3714.94    3714.94    4053.13    4053.13    5491.79    5491.79    3705.24    3705.24   12722.56   12722.56    8078.07    8078.07    4476.32    4476.32    4064.21    4064.21   10086.38   10086.38    5347.65    5347.65
 2     783.00    1108.45    1108.45     552.99     552.99     520.34     520.34     707.61     707.61     772.02     772.02    1046.06    1046.06     705.76     705.76    2423.34    2423.34    1538.68    1538.68     852.63     852.63     774.14     774.14    1921.22    1921.22    1018.60    1018.60
 3    3537.00    4790.47    5013.67    2625.74    2632.18    3514.50    3606.15    3661.63    3395.01    3258.07    3359.99    6266.70    5882.34    4342.20    6099.19    6431.22    5014.40    6614.15    5649.41    1972.13    2434.70    3431.63    3690.59    5196.00    4661.57    2741.04    2203.69
 4    1379.00    1383.15    1359.05    1255.58    1240.42    1397.20     915.74     965.45    1493.07    1436.97    1414.32    1897.49    2221.78    2278.49    2254.47    2034.30    1668.46    1216.21    1829.51    2208.13    2859.26    2706.88    1923.34    1479.55    1084.32     916.43    1080.67
 1    4109.00     902.29     902.29    1257.10    1257.10    5051.51    5051.51   21160.99   21160.99    6819.12    6819.12    7314.38    7314.38    2146.45    2146.45    1756.06    1756.06    9934.85    9934.85   24349.25   24349.25   15143.44   15143.44    2779.39    2779.39    3946.40    3946.40
 2     783.00     171.86     171.86     239.45     239.45     962.19     962.19    4030.66    4030.66    1298.88    1298.88    1393.22    1393.22     408.85     408.85     334.49     334.49    1892.35    1892.35    4637.95    4637.95    2884.46    2884.46     529.41     529.41     751.70     751.70
 3    3537.00    1837.74    2002.97    3464.89    3607.68   10072.47   11362.05   10591.22    7220.86    2486.05    3061.29    4458.15    3255.10     811.70     706.60    1025.46    1778.32    3071.91    3891.98    5616.71    4789.12    3020.24    1762.92     958.02    1320.56    1570.21    2047.91
 4    1379.00    1326.64    1355.09    1576.85    2708.44    2868.43    2150.05    1770.55    1536.88    1165.55     963.36     782.39     572.97     782.76    1272.69    1439.38    1975.85    3551.01    3437.49    2510.47    1502.61    1191.05    1342.36    1287.84    1400.62    1794.66    1979.39
 1    4109.00    5486.71    5486.71    8851.00    8851.00    5361.97    5361.97     898.13     898.13    1581.43    1581.43    2582.58    2582.58    2620.93    2620.93    3822.13    3822.13    4795.10    4795.10    6659.73    6659.73    6396.85    6396.85    6554.39    6554.39    5044.58    5044.58
 2     783.00    1045.09    1045.09    1685.90    1685.90    1021.33    1021.33     171.07     171.07     301.22     301.22     491.92     491.92     499.22     499.22     728.02     728.02     913.35     913.35    1268.52    1268.52    1218.45    1218.45    1248.46    1248.46     960.87     960.87
 3    3537.00    4678.33    4804.74    8633.31    7107.25    5155.42    4774.46     597.42     810.84    1159.73    1277.48    1366.07    1212.07    1558.28    1939.31    2494.40    2596.83    2598.03    2979.26    3537.03    3607.95    2767.37    2977.47    2810.24    2592.32    3591.94    3654.90
 4    1379.00    1342.66    1260.14    1095.72     873.64     704.74     748.53     798.39     732.98     887.94     861.72     950.11    1190.70    1405.27    1474.72    1862.49    2108.22    1906.02    1719.68    1674.69    1685.70    1587.82    1837.18    2306.81    1904.01    2328.95    2459.31
 1    4109.00    6192.65    6192.65    3836.45    3836.45    1782.86    1782.86    1642.41    1642.41    1550.93    1550.93    2152.46    2152.46    3038.57    3038.57    4000.92    4000.92    4712.86    4712.86    3533.84    3533.84   10260.56   10260.56    7096.32    7096.32    7309.30    7309.30
 2     783.00    1179.55    1179.55     730.75     730.75     339.59     339.59     312.84     312.84     295.42     295.42     409.99     409.99     578.78     578.78     762.08     762.08     897.69     897.69     673.11     673.11    1954.39    1954.39    1351.68    1351.68    1392.25    1392.25
 3    3537.00    8253.75    7759.78    2274.13    2263.24    2263.24    2263.24    2263.24    2263.24     898.12    1089.90    1262.78    1559.05    1508.50    1843.35    1802.83    1846.34    1417.07    1632.86    1778.65    1983.46    2318.63    2076.40    2088.10    1872.88    1781.45    2745.80
 4    1379.00    1218.58     947.06     948.45     760.80     760.80     760.80     760.80     760.80     849.22     927.28     917.73     946.84    1202.53    1164.92    1007.66     929.19     952.00    1241.43    1603.20    1712.68    1663.04    1287.47    1339.86    2084.98    2115.10    1841.63
 1    4109.00    2299.84    2299.84    3216.44    3216.44    4955.87    4955.87    5884.49    5884.49    2822.82    2822.82    2331.25    2331.25    6198.19    6198.19    5733.42    5733.42    4160.77    4160.77    2185.26    2185.26    6965.11    6965.11    8991.91    8991.91   11644.25   11644.25
 2     783.00     438.06     438.06     612.66     612.66     943.98     943.98    1120.86    1120.86     537.68     537.68     444.05     444.05    1180.61    1180.61    1092.08    1092.08     792.53     792.53     416.24     416.24    1326.69    1326.69    1712.74    1712.74    2217.95    2217.95
 3    3537.00    2777.77    3600.57    3649.01    3751.54    3674.57    3985.90    6908.61    5412.00    1328.39    1500.80    1373.73    1841.06    5447.19    5472.88    5449.95    5050.35    1376.16    1389.72    1507.89    2034.78    2754.72    2664.59    5367.24    4473.90    3710.78    2699.36
 4    1379.00    1477.30    1340.99    1383.29    1494.23    1239.65     901.65     563.82     616.74     789.75    1011.99    1100.21    1355.99    1391.48    1150.57    1039.60     885.58    1057.76    1305.31    1516.59    2042.20    2230.43    1975.90    1617.48    1176.60     843.96     640.87
 1    4109.00    4192.65    4192.65    5807.34    5807.34    4767.38    4767.38    4046.66    4046.66    5311.15    5311.15    4733.19    4733.19    6390.85    6390.85    8710.09    8710.09    8922.61    8922.61    5775.00    5775.00    8044.34    8044.34    9340.72    9340.72    5426.65    5426.65
 2     783.00     798.60     798.60    1106.16    1106.16     908.07     908.07     770.79     770.79    1011.65    1011.65     901.56     901.56    1217.30    1217.30    1659.06    1659.06    1699.54    1699.54    1100.00    1100.00    1532.26    1532.26    1779.18    1779.18    1033.65    1033.65
 3    3537.00    4455.28    4898.65    3172.70    2622.93    2509.59    2141.33    1504.94    1836.44    2864.53    3232.04    1635.59    1986.47    3463.40    3289.77    3510.31    3560.71    2838.98    2413.63    2547.71    3275.19    2982.72    3025.76    2370.50    2016.94    1222.31    1015.17
 4    1379.00    1242.66    1158.41    1048.46     860.21     796.13     917.69    1083.08    1339.01    1283.78    1461.38    1996.77    1887.06    1702.58    1750.74    1531.46    1417.20    1750.69    2190.62    2216.81    1681.97    1165.73    1091.16    1050.56     999.25    1075.75    1258.89
 1    4109.00    4611.22    4611.22    3152.69    3152.69    3124.51    3124.51    2114.11    2114.11    5147.14    5147.14   10018.93   10018.93    6293.83    6293.83    3212.75    3212.75   15412.78   15412.78    7044.11    7044.11   11139.28   11139.28   20606.12   20606.12   16830.20   16830.20
 2     783.00     878.33     878.33     600.51     600.51     595.14     595.14     402.69     402.69     980.41     980.41    1908.37    1908.37    1198.82    1198.82     611.95     611.95    2935.77    2935.77    1341.74    1341.74    2121.77    2121.77    3924.98    3924.98    3205.75    3205.75
 3    3537.00    2925.44    3149.10    2978.04    2702.69    3119.97    4394.48    4172.61    4448.09    7452.50    7742.68    9303.05    6647.24    1346.04     928.19    1761.37    4055.66    4560.77    3303.78    3595.70    5377.04    5991.08    4954.93    4828.30    3953.15    3317.40    3004.47
 4    1379.00    1346.57    1368.54    1141.45    1376.36    1549.96    1390.09    1329.49    1976.25    1607.46    1168.29     731.12     521.47    1048.22    2515.92    2537.08    2108.29    2195.14    3220.10    3738.52    2816.11    2566.68    2420.99    2571.85    1939.53    1807.10    1918.05
 1    4109.00    5421.11    5421.11    8103.48    8103.48   10200.96   10200.96   25559.23   25559.23   10500.34   10500.34    1470.08    1470.08   14720.71   14720.71   13867.85   13867.85    7544.92    7544.92    9487.17    9487.17   16389.45   16389.45    8761.37    8761.37    3769.46    3769.46
 2     783.00    1032.59    1032.59    1543.52    1543.52    1943.04    1943.04    4868.42    4868.42    2000.06    2000.06     280.02     280.02    2803.94    2803.94    2641.50    2641.50    1437.13    1437.13    1807.08    1807.08    3121.80    3121.80    1668.83    1668.83     717.99     717.99
 3    3537.00    7113.06    7794.38    4414.00    5481.54   13664.18   19620.33   18486.35   11719.78    5259.39    2849.36      73.03     863.95    3541.24    4302.80    3659.89    3971.06    3899.65    3265.01    4400.43    5499.55    5097.34    3674.30    3442.27    2035.71    1154.93    1561.45
 4    1379.00    1101.25    1311.83    1834.98    2518.68    3917.70    2628.30    1546.79     855.29     479.54    1186.57    2829.03    3508.23    3409.22    3085.52    2286.80    2437.35    3053.89    3449.87    2927.74    2695.05    1747.69    1152.19     831.12     792.83    1231.39    1828.57
 1    4109.00    6735.50    6735.50    6317.85    6317.85    3658.58    3658.58    4429.19    4429.19    8442.59    8442.59    4952.18    4952.18    6765.53    6765.53    4579.81    4579.81    7208.12    7208.12   10484.17   10484.17    4390.85    4390.85    1821.67    1821.67    3353.66    3353.66
 2     783.00    1282.95    1282.95    1203.40    1203.40     696.87     696.87     843.66     843.66    1608.11    1608.11     943.27     943.27    1288.67    1288.67     872.34     872.34    1372.98    1372.98    1996.98    1996.98     836.35     836.35     346.98     346.98     638.79     638.79
 3    3537.00    8928.20   10013.90    8767.63    9733.39    3144.34    5126.25    5223.60    5406.07    8653.89    8592.13    5060.39    5055.81    5301.23    4621.79    3747.10    3326.26    3511.50    3360.66    3619.62    2830.84    1451.13    1747.00    1651.11    1703.27    1784.19    2041.16
 4    1379.00    1314.17    1302.15    1562.78    1957.67    1973.49    2134.52    2069.17    2077.95    2068.46    2222.23    1808.10    2077.66    1780.63    1361.65    1447.19    1717.12    1876.87    1587.84    1266.58     965.07    1036.26    1110.18    1213.42    1441.39    2610.07    2964.50
 1    4109.00    5239.54    5239.54    3069.99    3069.99   10834.36   10834.36   13432.19   13432.19    6893.96    6893.96    2236.54    2236.54    1788.40    1788.40    2009.24    2009.24    3274.66    3274.66    3294.98    3294.98    6167.24    6167.24    7037.65    7037.65    7301.91    7301.91
 2     783.00     998.01     998.01     584.76     584.76    2063.69    2063.69    2558.51    2558.51    1313.14    1313.14     426.01     426.01     340.65     340.65     382.71     382.71     623.74     623.74     627.62     627.62    1174.71    1174.71    1340.50    1340.50    1390.84    1390.84
 3    3537.00    9030.50    8441.83    2629.92    4178.91    5320.25    4688.81    4511.87    3743.83    3271.46    2906.10     944.83    1159.29    1189.83    1039.37    1129.94    1498.63    1823.52    2021.89    1984.88    2433.34    1730.48    1819.63    1841.78    2001.24    2041.88    2042.37
 4    1379.00    1384.86    1424.60    2172.72    2219.51    1913.25    1545.00    1187.72    1035.20     739.16     709.16     707.75     717.82     829.47     989.41     970.66    1087.20    1382.24    1286.60    1029.22     977.71    1360.64    1442.34    1582.99    1596.31    1390.10    1356.02
 1    4109.00    6705.47    6705.47    3977.36    3977.36    6929.08    6929.08    6165.39    6165.39    8755.82    8755.82    9336.10    9336.10    8341.87    8341.87    7375.83    7375.83    6782.62    6782.62    9276.04    9276.04   12353.42   12353.42    5933.00    5933.00   11657.18   11657.18
 2     783.00    1277.23    1277.23     757.59     757.59    1319.82    1319.82    1174.36    1174.36    1667.78    1667.78    1778.30    1778.30    1588.93    1588.93    1404.92    1404.92    1291.93    1291.93    1766.86    1766.86    2353.03    2353.03    1130.10    1130.10    2220.42    2220.42
 3    3537.00    5555.00    5497.61    2991.11    3403.03    7678.01    9517.04    5982.24    7444.74    8337.85    8582.41    4983.15    4889.37    4983.78    4125.11    2547.11    2406.50    2217.19    2075.18    2215.13    2056.02    2546.76    1700.33    1585.11    2261.95    3292.12    3441.28
 4    1379.00    1482.34    1617.63    1873.79    2181.87    2747.71    2825.40    3425.97    3451.97    2548.22    2519.98    2203.30    1917.52    1532.59    1301.61    1269.50    1455.00    1703.85    1773.99    2095.31    1521.54    1438.14    1967.32    2674.68    2438.32    1892.90    1562.56
 1    4109.00    3317.16    3317.16    5549.54    5549.54    4841.30    4841.30    7142.98    7142.98    3802.26    3802.26    2667.59    2667.59    4780.31    4780.31    4178.79    4178.79    4286.44    4286.44    5466.85    5466.85    2751.67    2751.67    3289.44    3289.44    5019.17    5019.17
 2     783.00     631.84     631.84    1057.06    1057.06     922.15     922.15    1360.57    1360.57     724.24     724.24     508.11     508.11     910.54     910.54     795.96     795.96     816.46     816.46    1041.30    1041.30     524.13     524.13     626.56     626.56     956.03     956.03
 3    3537.00    3397.51    3604.49    4093.24    4135.34    4124.06    3506.71    4837.21    3924.23    1968.70    1735.49    1958.66    2120.08    2764.21    3437.82    2707.80    2917.96    2452.36    2540.27    3408.24    2794.06    1649.81    1902.35    1996.26    2432.36    3266.43    3197.69
 4    1379.00    1690.27    1591.31    1725.78    1418.80    1211.72     959.85     786.97     669.09     665.34     857.43     981.01    1427.39    1457.16    1460.50    1482.14    1251.44    1135.06    1075.78     996.53     927.89    1268.84    1810.99    2040.14    1724.49    1682.10    1997.24
 1    4109.00    4747.97    4747.97   12376.98   12376.98    6695.77    6695.77    9899.27    9899.27    2917.07    2917.07    2754.91    2754.91    4660.66    4660.66    4264.26    4264.26    6200.04    6200.04    4863.94    4863.94    6370.52    6370.52    4925.38    4925.38    6529.91    6529.91
 2     783.00     904.38     904.38    2357.52    2357.52    1275.38    1275.38    1885.58    1885.58     555.63     555.63     524.74     524.74     887.74     887.74     812.24     812.24    1180.96    1180.96     926.46     926.46    1213.43    1213.43     938.17     938.17    1243.79    1243.79
 3    3537.00    8483.55    8429.54    8399.05   10232.42   10752.96    8712.25    4980.76    3242.42    1205.95    1663.17    2560.99    2731.48    3031.44    3652.37    2780.87    3363.26    4977.99    5602.81    2906.03    3109.16    3757.48    3743.83    2894.56    2802.61    3488.95    3357.74
 4    1379.00    1296.38    1336.01    1815.18    1867.95    1504.58     989.80     891.99     770.10    1153.40    1095.41    1112.65    1173.07    1331.02    1858.90    2058.13    1988.93    1728.97    1944.05    1725.78    1851.82    1738.01    1812.80    1970.02    1880.46    1603.26    1407.73
 1    4109.00    3951.95    3951.95    6867.63    6867.63    4349.73    4349.73    4357.58    4357.58    1618.85    1618.85    2033.26    2033.26    3684.45    3684.45    8354.35    8354.35   12638.01   12638.01    4526.21    4526.21   15093.54   15093.54   15281.57   15281.57   10766.91   10766.91
 2     783.00     752.75     752.75    1308.12    1308.12     828.52     828.52     830.02     830.02     308.35     308.35     387.29     387.29     701.80     701.80    1591.30    1591.30    2407.24    2407.24     862.14     862.14    2874.96    2874.96    2910.78    2910.78    2050.84    2050.84
 3    3537.00    3134.70    2949.60    9338.44    8210.55    1660.79    1534.52    1534.52    2669.54    1530.76    1841.19    2005.81    2690.23    2385.27    2072.74    3244.23    3615.90    2947.88    1889.30     529.88     963.03    2986.14    3619.30    4509.66    3648.69    3577.48    2958.21
 4    1379.00    1473.45    1273.50    1024.47    1050.85    1204.01     924.76     924.76     578.72    1017.59    1254.88    1116.18     941.73    1030.18    1568.04    1360.67    1035.40     775.70    1048.76    1721.51    2543.26    3068.00    2719.57    2178.54    1987.89    1673.82    1549.96
 1    4109.00    3602.68    3602.68    4073.92    4073.92    6946.63    6946.63   11550.00   11550.00    4791.86    4791.86    3155.46    3155.46    3868.79    3868.79    6817.27    6817.27   13092.62   13092.62   18613.98   18613.98    7938.55    7938.55    7169.78    7169.78    6607.52    6607.52
 2     783.00     686.22     686.22     775.98     775.98    1323.17    1323.17    2200.00    2200.00     912.74     912.74     601.04     601.04     736.91     736.91    1298.53    1298.53    2493.83    2493.83    3545.52    3545.52    1512.10    1512.10    1365.67    1365.67    1258.58    1258.58
 3    3537.00    3204.03    3458.91   11797.93   22747.46   24449.59   20383.77   15597.53   12651.99    7289.01    5278.30    2186.91    2426.33    3070.70    2500.16    3212.29    3281.22    4689.49    4985.71    4355.03    4996.07    4011.96    3100.10    3221.70    3343.01    4682.30    4257.91
 4    1379.00    1596.27    2311.13    5002.10    3343.94    1990.18    1330.87    1264.18     991.47    1099.40    1150.91    1399.10    1297.00    1382.10    1613.44    2771.33    2987.07    2615.76    3043.25    3055.17    2269.97    1451.02    1499.94    1751.27    1830.09    1753.80    1713.96
 1    4109.00    3749.13    3749.13    2834.37    2834.37    2212.52    2212.52    5312.54    5312.54    1345.34    1345.34    3095.40    3095.40    3303.30    3303.30    3240.93    3240.93    4317.39    4317.39    8090.54    8090.54    7271.42    7271.42    3184.10    3184.10    2365.90    2365.90
 2     783.00     714.12     714.12     539.88     539.88     421.43     421.43    1011.91    1011.91     256.26     256.26     589.60     589.60     629.20     629.20     617.32     617.32     822.36     822.36    1541.06    1541.06    1385.03    1385.03     606.50     606.50     450.65     450.65
 3    3537.00    7452.66    7815.43    2851.95    2634.93    2709.47    2854.54    3136.94    2623.69    1915.20    2523.81    2142.65    1915.38    1735.96    1946.84    1762.34    1962.72    3085.65    4241.56    4778.89    4567.02    4128.57    3667.41    2643.95    2579.25    2783.86    2728.53
 4    1379.00    1187.87     966.19    1094.53    1033.38    1091.15     942.60    1093.94    1059.06     840.08     771.88     675.62     641.41     800.58    1035.87    1242.39    1364.50    1687.64    2100.62    1824.55    1661.74    1427.64    1206.33    1322.00    1223.99    1089.92    1397.04
 1    4109.00    3433.12    3433.12    8425.49    8425.49   13062.13   13062.13    4524.37    4524.37    3827.67    3827.67   13724.63   13724.63   10321.54   10321.54   13646.56   13646.56    1722.80    1722.80    1395.24    1395.24    1161.47    1161.47    8216.21    8216.21   10013.85   10013.85
 2     783.00     653.93     653.93    1604.86    1604.86    2488.02    2488.02     861.78     861.78     729.08     729.08    2614.22    2614.22    1966.01    1966.01    2599.34    2599.34     328.15     328.15     265.76     265.76     221.23     221.23    1564.99    1564.99    1907.40    1907.40
 3    3537.00    4591.95    4678.63    8163.28    6314.67    7500.60    4353.96     526.33     903.84    1694.92    1980.71    2405.31    2225.42    3533.78    3256.11    5136.72    3749.17     578.18     861.54    1202.59    1404.64    1385.52    1767.97    3416.14    4565.29    4194.54    4315.07
 4    1379.00    1155.33    1151.64     924.82    1171.08     946.71     649.39     885.30    1175.12    1021.48    1084.07    2075.55    2037.46    1871.48    1369.15    1232.17     993.52     908.56     792.28     826.43    1101.00    1772.84    2361.99    2056.46    1967.57    2548.63    2266.92
 1    4109.00    4272.11    4272.11    3639.17    3639.17    2564.56    2564.56    2403.79    2403.79    5414.18    5414.18    8633.39    8633.39    9491.79    9491.79    5284.36    5284.36    4580.27    4580.27   10732.72   10732.72    8361.74    8361.74    2814.04    2814.04    1714.94    1714.94
 2     783.00     813.74     813.74     693.18     693.18     488.49     488.49     457.86     457.86    1031.27    1031.27    1644.46    1644.46    1807.96    1807.96    1006.54    1006.54     872.43     872.43    2044.33    2044.33    1592.71    1592.71     536.01     536.01     326.66     326.66
 3    3537.00    8002.52    7717.90    7938.38    7203.59    2153.31    2215.88    3010.26    4189.20    7939.28    7848.93    8929.91    9814.37    9212.01    6363.01    3265.13    3497.77    3529.25    4462.41    5825.88    4633.75    3695.62    2649.52    2649.52     966.91     950.17    1039.06
 4    1379.00    1262.18    1195.92     992.43     721.80     913.35    1513.43    1884.93    1956.05    1824.37    2562.74    2274.80    1722.97    1273.61    1238.28    1336.95    1624.41    2400.89    2214.88    1694.09    1173.32     824.15     679.80     679.80     821.97     939.46    1106.48
 1    4109.00    4005.54    4005.54    4286.44    4286.44    4362.67    4362.67    4675.44    4675.44    2652.80    2652.80    7708.47    7708.47    7243.70    7243.70    5403.55    5403.55    4347.42    4347.42    3925.61    3925.61    6689.30    6689.30    4480.48    4480.48    1833.68    1833.68
 2     783.00     762.96     762.96     816.46     816.46     830.98     830.98     890.56     890.56     505.30     505.30    1468.28    1468.28    1379.75    1379.75    1029.25    1029.25     828.08     828.08     747.74     747.74    1274.15    1274.15     853.42     853.42     349.27     349.27
 3    3537.00    9021.39    8338.92    3248.11    2731.54    2855.74    2591.08    1983.16    1655.67    3466.73    5714.19   14080.22   10489.40    2725.74    2662.70    3136.75    2806.41    1785.59    2221.89    1586.09    1850.22    3420.54    3455.47    1593.87    1433.06    1642.78    2753.61
 4    1379.00    1251.30    1103.22    1244.36     942.28     817.69     662.47    1141.21    2568.78    2734.73    2237.00    1088.84    1026.06    1186.23    1094.40    1061.29    1071.56    1148.61    1343.12    1201.43    1190.50    1278.29    1217.94     996.55    1787.72    4579.52    5724.00
 1    4109.00    2445.83    2445.83    3322.70    3322.70    8281.81    8281.81    4364.05    4364.05    4211.13    4211.13    2532.68    2532.68    3231.23    3231.23    1339.34    1339.34    1907.14    1907.14    4105.33    4105.33    5586.50    5586.50    6311.38    6311.38    2777.54    2777.54
 2     783.00     465.87     465.87     632.90     632.90    1577.49    1577.49     831.25     831.25     802.12     802.12     482.42     482.42     615.47     615.47     255.11     255.11     363.26     363.26     781.97     781.97    1064.10    1064.10    1202.17    1202.17     529.06     529.06
 3    3537.00    2978.12    3086.94    3805.82    4054.91    3867.56    3954.47    7810.95    8592.79    2375.30    2822.70    2294.04    2745.58    2384.26    2527.12    2294.36    2518.61    2612.06    3062.74    4577.94    4999.06    4680.82    4793.41    3967.60    3413.72    2800.80    2033.48
 4    1379.00    1420.02    1397.95    1721.88    1644.43    1482.15    1195.55    1018.55    1011.94    1280.18    1180.42    1126.01    1081.95     925.29     961.89    1102.58    1237.51    1756.06    1810.91    1837.16    1834.58    1708.27    1812.16    1540.22    1122.83     997.09     996.97
 1    4109.00    2442.13    2442.13    4333.10    4333.10    5636.86    5636.86    3056.13    3056.13    4086.39    4086.39    2590.43    2590.43    1212.29    1212.29    1983.37    1983.37    3988.45    3988.45    8537.30    8537.30    2933.24    2933.24    6614.92    6614.92   10626.46   10626.46
 2     783.00     465.17     465.17     825.35     825.35    1073.69    1073.69     582.12     582.12     778.36     778.36     493.42     493.42     230.91     230.91     377.78     377.78     759.70     759.70    1626.15    1626.15     558.71     558.71    1259.98    1259.98    2024.09    2024.09
 3    3537.00    3018.24    3309.37    3678.12    3941.23    3419.36    3587.95    3405.17    3185.54    3075.03    2730.46    2730.46    2486.97    1276.03    1499.66    2151.06    2436.83    3054.55    3602.08    4273.98    4366.30    3850.78    4535.18    7315.24    7601.22    8795.54    8285.74
 4    1379.00    1406.09    1362.31    1356.22    1319.55    1216.78    1182.94    1113.75     930.24     953.52     814.94     814.94     601.36     921.22    1270.79    1381.95    1777.73    2227.00    1933.88    1677.31    2298.43    2664.89    2699.00    3264.91    3110.62    2936.14    2270.08
 1    4109.00    3790.25    3790.25    3976.43    3976.43    6230.07    6230.07    6213.90    6213.90    5621.15    5621.15    7928.84    7928.84    5167.01    5167.01    5646.10    5646.10    8309.53    8309.53    6350.65    6350.65    3632.24    3632.24   12790.93   12790.93   14212.51   14212.51
 2     783.00     721.95     721.95     757.42     757.42    1186.68    1186.68    1183.60    1183.60    1070.70    1070.70    1510.26    1510.26     984.19     984.19    1075.45    1075.45    1582.77    1582.77    1209.65    1209.65     691.86     691.86    2436.37    2436.37    2707.14    2707.14
 3    3537.00    2873.39    3425.09    3561.44    3914.60    4065.88    4896.80   10286.53    9151.74    4774.46    5498.18    5057.87    4957.97    3591.95    3534.48    6828.87    6266.81    8560.30    8409.37    4753.61    4630.08    2998.02    5465.05    6284.46    6396.88    5119.01    3904.43
 4    1379.00    1320.06    1464.83    1735.61    2206.30    2099.38    2441.44    2082.90    1818.65    1634.82    1731.08    1554.73    1370.84    1334.81    1639.74    1872.21    2398.31    2226.83    2073.41    2490.94    4014.30    4384.15    3920.00    2460.64    1979.00    1729.47    1734.64
 1    4109.00    3049.66    3049.66    7336.56    7336.56    6334.02    6334.02    3965.81    3965.81    1364.75    1364.75    3510.28    3510.28    5629.47    5629.47    3728.80    3728.80    3865.09    3865.09    2099.33    2099.33    4049.89    4049.89    6470.77    6470.77    6164.00    6164.00
 2     783.00     580.89     580.89    1397.44    1397.44    1206.48    1206.48     755.39     755.39     259.95     259.95     668.62     668.62    1072.28    1072.28     710.25     710.25     736.21     736.21     399.87     399.87     771.41     771.41    1232.53    1232.53    1174.10    1174.10
 3    3537.00    2785.29    3585.21    6296.31    6684.55    3032.00    2624.07    2443.45    2362.64    1304.59    1327.70    2241.92    2534.60    4210.92    3247.19    1825.96    1291.72    1291.72    1383.84    1159.33    1265.41    2020.38    2786.11    3926.92    4759.48    3808.98    4047.79
 4    1379.00    1476.65    1469.44    1589.72    1336.15     954.45     719.90     772.11     774.64     982.67    1517.54    1466.14    1200.44    1049.83     767.53     759.08     649.09     649.09     755.22    1354.28    1903.08    2189.32    2681.70    2678.36    2322.54    2141.83    1611.33
 1    4109.00    4850.54    4850.54    3811.50    3811.50    8978.51    8978.51    6963.73    6963.73    2705.93    2705.93    6491.56    6491.56   16867.62   16867.62   13797.63   13797.63    4373.75    4373.75    5335.18    5335.18    9499.18    9499.18    2874.56    2874.56    6931.39    6931.39
 2     783.00     923.91     923.91     726.00     726.00    1710.19    1710.19    1326.42    1326.42     515.42     515.42    1236.49    1236.49    3212.88    3212.88    2628.12    2628.12     833.10     833.10    1016.22    1016.22    1809.37    1809.37     547.54     547.54    1320.26    1320.26
 3    3537.00    5738.12    5928.23    3157.99    4185.82    5402.98    5101.68    5778.89    4229.26    1792.01    2598.41    4565.71    5539.61    5743.71    6079.38    4014.80    3995.24    3465.99    3264.50    3524.35    2947.57    2439.74    1912.67     847.27     954.57    1297.91    1975.41
 4    1379.00    1417.43    1541.28    1893.92    2129.98    1943.27    1259.88     885.22    1424.95    2518.03    3212.66    3513.94    2725.03    2164.85    2126.90    1639.07    1588.85    1118.32    1031.43    1072.84     943.77     898.01     924.41    1169.79    1661.53    1938.17    1656.14
 1    4109.00    4488.79    4488.79    5452.06    5452.06    4914.29    4914.29    8230.99    8230.99    5631.32    5631.32    2284.13    2284.13    4289.67    4289.67    6349.73    6349.73    7973.20    7973.20    8404.70    8404.70    6133.97    6133.97    3212.75    3212.75    4632.47    4632.47
 2     783.00     855.01     855.01    1038.49    1038.49     936.06     936.06    1567.81    1567.81    1072.63    1072.63     435.07     435.07     817.08     817.08    1209.47    1209.47    1518.70    1518.70    1600.90    1600.90    1168.38    1168.38     611.95     611.95     882.38     882.38
 3    3537.00    5201.65    5537.09    2963.05    3286.69    3839.42    3468.64    3772.45    3292.39    1958.13    2462.10    1643.63    1978.24    6792.07    7566.67    7687.00    8423.01    8660.23    7806.78    6556.47    5315.63    5419.75    5033.03    1470.00    2092.63    4103.54    4841.81
 4    1379.00    1482.12    1408.51    1469.87    1372.66    1437.24    1330.74    1209.46    1045.00    1039.01    1053.81    1074.87    1818.16    1898.62    1970.69    2252.13    1990.90    1675.99    1244.59    1230.77    1578.18    1294.89    1414.82    2153.21    2549.12    2608.88    2404.36
 1    4109.00    4120.58    4120.58    2605.22    2605.22    3924.69    3924.69    3631.32    3631.32    1718.18    1718.18    2574.26    2574.26    2795.56    2795.56    2769.69    2769.69    5426.19    5426.19    7601.75    7601.75    4546.54    4546.54    7022.40    7022.40    7096.78    7096.78
 2     783.00     784.87     784.87     496.23     496.23     747.56     747.56     691.68     691.68     327.27     327.27     490.34     490.34     532.49     532.49     527.56     527.56    1033.56    1033.56    1447.95    1447.95     866.01     866.01    1337.60    1337.60    1351.77    1351.77
 3    3537.00    2763.34    3713.48    3562.34    3715.95    3925.90    3227.40    2818.74    2518.34    2344.00    3183.04    3550.88    3662.24    4120.90    3521.44    2821.98    4731.89   13165.40   13292.47   11187.55   10350.75    5344.48    4981.30    4315.84    4722.31    5253.95    4792.08
 4    1379.00    1658.41    1508.57    1388.06    1099.22     968.61     764.22     976.00    1122.94    1044.69    1424.94    1378.48    1128.57     911.60    1340.65    3293.49    3467.60    2536.05    2250.85    2167.12    1675.38    1424.74    1719.41    2044.08    1972.28    1443.71    1230.01
 1    4109.00   12784.00   12784.00    7507.50    7507.50   14899.96   14899.96   14941.08   14941.08    9128.66    9128.66    9532.45    9532.45    8043.42    8043.42    4489.25    4489.25    6983.59    6983.59   19555.07   19555.07   11952.40   11952.40    8573.33    8573.33    4841.30    4841.30
 2     783.00    2435.05    2435.05    1430.00    1430.00    2838.09    2838.09    2845.92    2845.92    1738.79    1738.79    1815.70    1815.70    1532.08    1532.08     855.10     855.10    1330.21    1330.21    3724.78    3724.78    2276.65    2276.65    1633.02    1633.02     922.15     922.15
 3    3537.00    2678.42    2585.46    1566.25    2475.77    3235.54    4337.35    4102.56    4586.11    4298.70    3515.33    3560.58    3236.03    3676.79    4263.84    2075.45    2373.89    2547.72    3829.40    4523.12    3659.82    3019.51    3268.45    2614.08    2028.95    2204.46    1969.96
 4    1379.00    1410.21    1611.41    2593.40    2951.33    2797.81    3520.11    3046.65    1959.24    1630.45    1726.47    1904.00    1689.49    1736.29    1607.14    1811.45    2633.29    2923.12    2847.17    3068.94    2485.36    2016.65    1425.73    1464.97    1193.66     935.43     698.45
 1    4109.00    1884.50    1884.50    3081.08    3081.08    5653.96    5653.96    8528.98    8528.98    8698.07    8698.07   11365.20   11365.20    5084.77    5084.77    2653.73    2653.73    3089.39    3089.39    3160.54    3160.54    5678.44    5678.44    6670.36    6670.36    6989.60    6989.60
 2     783.00     358.95     358.95     586.87     586.87    1076.94    1076.94    1624.57    1624.57    1656.78    1656.78    2164.80    2164.80     968.53     968.53     505.47     505.47     588.46     588.46     602.01     602.01    1081.61    1081.61    1270.54    1270.54    1331.35    1331.35
 3    3537.00    2760.27    3701.06    4265.49    3745.99   10209.56   11197.46   10192.55    8635.45    7140.20    5639.97    6890.32    4695.10    1513.55    2226.06     830.12    1265.95    1714.80    2409.76    2612.52    3117.40    2972.88    2862.62    2875.23    2525.75    2469.75    3725.11
 4    1379.00    1461.25    1409.55    1715.08    2565.68    2833.29    2077.28    1705.51    1727.94    1392.30    1012.08     819.31    1002.44    1054.93    1015.89    1279.18    1445.71    1974.52    1857.64    1487.57    1335.10    1587.06    1513.20    1845.83    2911.72    2907.16    2660.08
 1    4109.00     990.99     990.99    3550.93    3550.93    4553.01    4553.01    5270.96    5270.96    3099.10    3099.10    1874.33    1874.33    2197.27    2197.27    2181.10    2181.10    9722.79    9722.79   10317.38   10317.38    7123.58    7123.58    7279.27    7279.27    7339.79    7339.79
 2     783.00     188.76     188.76     676.37     676.37     867.24     867.24    1003.99    1003.99     590.30     590.30     357.02     357.02     418.53     418.53     415.45     415.45    1851.96    1851.96    1965.22    1965.22    1356.87    1356.87    1386.53    1386.53    1398.06    1398.06
 3    3537.00    1873.85    2352.27    4628.05    4675.99    5974.03    6937.50    5771.19    4650.22    4808.36    3830.57    3758.62    3368.08    3408.82    3137.31    3924.26    5450.99    6743.69    6193.91    6777.10    6694.90    4808.10    4541.05    5801.70    5770.75    1893.46    1893.33
 4    1379.00    1341.35    1607.49    2211.58    2685.56    2312.17    1808.63    1307.34    1356.65    1280.64    1115.87     924.80     864.16    1168.44    1896.42    2332.64    2502.69    2805.05    2462.10    2251.55    1731.16    1345.40    1348.07    1206.15    1111.57    1260.30    1529.51
 1    4109.00    3424.81    3424.81    3499.19    3499.19    4672.67    4672.67    6793.25    6793.25    5299.14    5299.14    6893.04    6893.04    3307.46    3307.46    8369.59    8369.59   11687.68   11687.68   12412.09   12412.09    5288.51    5288.51    5154.07    5154.07    3841.07    3841.07
 2     783.00     652.34     652.34     666.51     666.51     890.03     890.03    1293.95    1293.95    1009.36    1009.36    1312.96    1312.96     629.99     629.99    1594.21    1594.21    2226.22    2226.22    2364.21    2364.21    1007.34    1007.34     981.73     981.73     731.63     731.63
 3    3537.00    2903.76    3508.09    4492.58    3711.81    9542.05    9299.57    9421.37    9258.54    2049.47    2463.08    4768.21    4308.69    1362.43    2082.08    5145.68    4106.07    4445.40    4011.00    3475.57    3611.10    1219.55    1314.22    1519.09    1689.02    1172.34    1264.31
 4    1379.00    1417.84    1450.97    1527.04    1589.19    1120.77    1315.71    1444.65    1044.88    1088.38    1021.07    1068.47    1970.55    1866.93    1692.16    1592.72    1995.27    1956.81    1753.29    1464.86    1238.86    1187.10    1095.80     965.21    1024.31    1006.42    1353.88
 1    4109.00    6342.80    6342.80    3982.44    3982.44    6725.80    6725.80    8514.20    8514.20    4996.07    4996.07    3855.85    3855.85   11906.66   11906.66    7844.76    7844.76    4736.42    4736.42    2652.34    2652.34    3798.56    3798.56    3591.59    3591.59    2935.55    2935.55
 2     783.00    1208.15    1208.15     758.56     758.56    1281.10    1281.10    1621.75    1621.75     951.63     951.63     734.45     734.45    2267.94    2267.94    1494.24    1494.24     902.18     902.18     505.21     505.21     723.54     723.54     684.11     684.11     559.15     559.15
 3    3537.00    3032.74    2888.53    3410.11    3644.88    7586.35    6750.10    8116.02    5450.67    1516.79    2465.30    3413.85    4475.07    9401.81    6557.80    5977.44    5885.03    1710.65    1670.22    1442.82    1451.05    1814.13    1800.91    3286.84    3770.52    3770.52    3770.52
 4    1379.00    1481.08    1396.94    1705.55    1883.32    1413.06    1025.01     691.15     920.93    2018.82    2543.69    2629.29    2037.54    1462.04    1599.17    1412.96    1091.14    1130.94     948.11     968.57    1072.11    1313.16    1335.02    1221.67    1082.75    1082.75    1082.75
 1    4109.00    5397.55    5397.55    4135.36    4135.36    5731.57    5731.57    4901.36    4901.36    4509.12    4509.12    8074.84    8074.84    8817.27    8817.27   12484.63   12484.63    3356.43    3356.43    6935.54    6935.54   12809.87   12809.87   11476.08   11476.08    9481.16    9481.16
 2     783.00    1028.10    1028.10     787.69     787.69    1091.73    1091.73     933.59     933.59     858.88     858.88    1538.06    1538.06    1679.48    1679.48    2378.02    2378.02     639.32     639.32    1321.06    1321.06    2439.98    2439.98    2185.92    2185.92    1805.94    1805.94
 3    3537.00    4990.87    5273.15    2686.71    4183.62    7547.41    7009.56    2671.54    2494.53    2070.45    2265.71    3678.35    3797.34    4773.60    4929.00    4350.00    3090.60    1179.09    1766.85    2599.46    3692.43    3507.95    2864.61    2239.59    1921.83    1960.85    1603.56
 4    1379.00    1422.25    1444.14    1715.73    2076.36    1358.63     987.88     903.86     953.60    1403.69    1758.63    1850.75    2235.28    1958.41    1411.74    1060.57    1659.32    2023.35    2544.38    2470.06    2171.75    1662.74    1566.95    1772.40    1524.02    1494.33    1644.15
 1    4109.00    3605.45    3605.45    4899.05    4899.05    7220.60    7220.60   10321.08   10321.08    6933.23    6933.23    6705.01    6705.01    3420.19    3420.19    4394.08    4394.08    3947.33    3947.33    4964.19    4964.19    6882.88    6882.88    6195.88    6195.88    9490.87    9490.87
 2     783.00     686.75     686.75     933.15     933.15    1375.35    1375.35    1965.92    1965.92    1320.62    1320.62    1277.14    1277.14     651.46     651.46     836.97     836.97     751.87     751.87     945.56     945.56    1311.02    1311.02    1180.17    1180.17    1807.78    1807.78
 3    3537.00    2985.61    3526.71    3526.78    3647.63    9872.47   12857.67    9979.36    8174.31    1421.26    2346.70    5439.08    4469.48    1104.87    1394.53    2267.49    2198.90    3741.17    4343.23    3380.89    2988.29    3463.95    4034.90    4044.65    3458.74    3793.49    3062.68
 4    1379.00    1488.97    1403.42    1332.82    1614.55    1938.97    1634.72    1163.69    1221.66    1498.11    1381.99    1120.92    1154.43    1338.18    1651.32    2042.32    1892.56    1924.85    1604.90    1696.32    2098.00    2322.50    2293.58    2211.41    1565.26    1309.57    1343.29
 1    4109.00    4838.53    4838.53    7058.90    7058.90    3423.88    3423.88    8637.09    8637.09    6247.63    6247.63    2856.08    2856.08    3623.00    3623.00    7180.40    7180.40    4439.82    4439.82    2308.15    2308.15    3331.48    3331.48    4104.87    4104.87    7580.03    7580.03
 2     783.00     921.62     921.62    1344.55    1344.55     652.17     652.17    1645.16    1645.16    1190.02    1190.02     544.02     544.02     690.10     690.10    1367.70    1367.70     845.68     845.68     439.65     439.65     634.57     634.57     781.88     781.88    1443.82    1443.82
 3    3537.00    2755.53    3256.22    8368.48    7449.78    1673.17    2096.32    6521.05    6105.97    1888.23    2265.57    1812.44    1730.67    2302.90    2856.96    3920.56    2948.95    1860.84    1164.05    1363.87    1330.85    1967.44    2984.98    2962.41    3887.38    4118.51    3409.73
 4    1379.00    1356.11    1342.23     936.80     930.12    1695.44    1866.38    1304.28    1400.09    1185.44    1363.64    1568.12    1696.57    1505.67    1360.33     983.95     858.62     715.20     811.12    1772.13    1712.86    1873.47    2374.31    2045.51    1779.01    1385.86    1336.20
 1    4109.00    7334.25    7334.25    6039.73    6039.73    5170.70    5170.70    4316.00    4316.00    3848.00    3848.00    4026.33    4026.33    3478.86    3478.86    5061.21    5061.21    7175.32    7175.32   12452.29   12452.29   12690.68   12690.68    8165.39    8165.39    8208.82    8208.82
 2     783.00    1397.00    1397.00    1150.42    1150.42     984.90     984.90     822.10     822.10     732.95     732.95     766.92     766.92     662.64     662.64     964.04     964.04    1366.73    1366.73    2371.86    2371.86    2417.27    2417.27    1555.31    1555.31    1563.58    1563.58
 3    3537.00    7976.32    7683.07    4023.65    4969.63    2589.94    2718.71    3028.88    3286.16    2140.30    2212.65    2909.68    3287.37    1917.92    2214.89    3465.54    3730.15    4508.10    5408.01    5614.40    4854.78    4850.98    4243.60    3709.24    2963.88    2529.48    1937.66
 4    1379.00    1151.42    1105.52    1313.51    1382.25    1233.01    1087.29    1175.51    1203.57    1229.81    1188.39    1138.73    1779.19    2209.24    2253.19    3107.59    3417.89    3234.24    3190.35    3010.77    2565.63    1975.93    1760.13    1423.01    1422.91    1324.16    1054.41
 1    4109.00    6598.28    6598.28    4841.76    4841.76    3707.09    3707.09    3565.72    3565.72    2483.71    2483.71    2838.07    2838.07    8009.23    8009.23    7609.60    7609.60    2327.56    2327.56    4018.01    4018.01    2589.51    2589.51    4713.32    4713.32    6682.37    6682.37
 2     783.00    1256.82    1256.82     922.24     922.24     706.11     706.11     679.18     679.18     473.09     473.09     540.58     540.58    1525.57    1525.57    1449.45    1449.45     443.34     443.34     765.34     765.34     493.24     493.24     897.78     897.78    1272.83    1272.83
 3    3537.00    7342.62    6798.31    4891.22    5219.77    2721.74    2337.18    1917.27    1677.92    1943.45    1909.14    1600.78    2057.53    2480.27    2263.29    2407.74    1488.41     501.71     865.53    1013.99    1040.88    1327.93    1272.17    1232.70    1631.62    2777.31    4311.53
 4    1379.00    1114.14    1112.31    1493.61    1093.73     728.16     665.19     722.45     761.74     818.70     839.37     911.96    1052.24    1077.91     859.22     711.40     724.01     829.71     807.77     885.29     867.20     841.19     955.23    2157.02    3813.46    3924.22    4688.46
 1    4109.00    6513.74    6513.74    5403.55    5403.55    5319.47    5319.47    3613.76    3613.76    4317.85    4317.85    9338.87    9338.87    2927.69    2927.69    5715.40    5715.40    6330.32    6330.32    4949.41    4949.41    4328.94    4328.94    2968.81    2968.81    3155.00    3155.00
 2     783.00    1240.71    1240.71    1029.25    1029.25    1013.23    1013.23     688.34     688.34     822.45     822.45    1778.83    1778.83     557.66     557.66    1088.65    1088.65    1205.78    1205.78     942.74     942.74     824.56     824.56     565.49     565.49     600.95     600.95
 3    3537.00    7296.85    7448.71    4189.99    3852.05    2968.03    4082.28    2623.12    3350.58    7560.77    7966.82    6618.04    6050.43    2825.74    2705.39    2273.63    2614.74    1849.21    1383.75    1227.23    1334.58    1226.15    1125.43    1382.68    1677.48    2807.13    3787.38
 4    1379.00    1124.40    1003.96    1196.47    1689.56    1650.41    1661.30    2743.28    2899.07    2580.83    2257.38    1525.79    1074.26     851.62    1141.93    1123.55     983.93     825.98     874.84     837.79     807.42     935.00    1306.49    1918.46    2688.68    3114.19    2681.46
 1    4109.00    4747.51    4747.51    3068.60    3068.60    3807.34    3807.34    4311.38    4311.38    2406.10    2406.10    1249.71    1249.71    1663.66    1663.66    7003.00    7003.00    6527.14    6527.14    5045.04    5045.04    2530.37    2530.37    3821.66    3821.66    7046.89    7046.89
 2     783.00     904.29     904.29     584.50     584.50     725.21     725.21     821.22     821.22     458.30     458.30     238.04     238.04     316.89     316.89    1333.90    1333.90    1243.26    1243.26     960.96     960.96     481.98     481.98     727.94     727.94    1342.26    1342.26
 3    3537.00    4585.63    5039.02    3277.25    3503.90    3022.22    2888.41    3905.89    3905.89    3905.89    3905.89     850.76     919.56    1116.83    1768.67    4267.27    4063.46    3894.38    3956.36    2006.46    1906.56    1793.27    1951.08    2974.35    2742.20    2778.57    2914.66
 4    1379.00    1416.19    1324.81    1336.07    1155.36     905.84     766.89     581.67     581.67     581.67     581.67     774.48    1455.83    1554.94    1468.26    1783.93    1617.41    1106.36    1142.48     972.49    1250.57    1542.52    1686.21    1696.36    1588.02    1687.79    1405.79
 1    4109.00    7429.88    7429.88   12266.56   12266.56    3346.73    3346.73    4599.67    4599.67    4502.65    4502.65    3008.54    3008.54    4238.85    4238.85    5922.38    5922.38    8960.95    8960.95   13190.10   13190.10    6806.18    6806.18    6223.60    6223.60    5708.01    5708.01
 2     783.00    1415.22    1415.22    2336.49    2336.49     637.47     637.47     876.13     876.13     857.65     857.65     573.06     573.06     807.40     807.40    1128.07    1128.07    1706.85    1706.85    2512.40    2512.40    1296.42    1296.42    1185.45    1185.45    1087.24    1087.24
 3    3537.00    8119.90    8140.18    4485.52    3985.99    1533.87    1858.50    2188.28    3383.62    3411.93    2852.17    1679.19    2034.94    2431.34    2478.03    2907.85    3419.32    3338.09    3337.43    2542.07    2400.75    2710.36    2786.24    1674.77    2140.87    3613.04    3994.85
 4    1379.00    1184.04    1143.42    1279.69     994.72    1027.49    1350.55    1348.35    1105.54     920.42     933.49    1255.66    1381.08    1335.63    1666.16    1890.60    1699.06    1698.20    1522.96    1290.16    1257.80    1621.47    1737.35    1794.62    2447.74    2479.50    2114.78
 1    4109.00    5042.27    5042.27    4258.25    4258.25    4874.56    4874.56    7897.43    7897.43    3865.55    3865.55    3875.72    3875.72    7213.21    7213.21   13994.90   13994.90   10472.62   10472.62   11622.53   11622.53    6658.34    6658.34    8319.70    8319.70    7009.93    7009.93
 2     783.00     960.43     960.43     811.10     811.10     928.49     928.49    1504.27    1504.27     736.30     736.30     738.23     738.23    1373.94    1373.94    2665.70    2665.70    1994.78    1994.78    2213.82    2213.82    1268.26    1268.26    1584.70    1584.70    1335.22    1335.22
 3    3537.00    4701.72    4866.23    2793.39    2697.88    2988.34    3674.40    2454.37    2337.43    1784.98    1985.62    2270.03    1811.83    3942.66    4625.43    4833.83    4333.18    4009.30    3359.10    3184.54    2250.16    2842.84    3434.51    2910.84    2550.39    1606.93    1551.06
 4    1379.00    1301.34    1282.03    1217.60    1648.34    1366.45    1166.56    1233.09    1155.40    1344.57    1364.54    2180.20    2648.89    2552.70    2380.72    2078.14    2041.96    1864.42    1564.10    1811.19    2085.77    1958.69    1423.75     886.82     736.76     827.33     926.39
 1    4109.00    6045.73    6045.73    5134.21    5134.21    4897.20    4897.20    5612.38    5612.38    4588.12    4588.12    3642.41    3642.41    6609.83    6609.83    5078.77    5078.77    4753.52    4753.52    4937.86    4937.86    8853.77    8853.77   12729.95   12729.95    8086.85    8086.85
 2     783.00    1151.57    1151.57     977.94     977.94     932.80     932.80    1069.02    1069.02     873.93     873.93     693.79     693.79    1259.02    1259.02     967.38     967.38     905.43     905.43     940.54     940.54    1686.43    1686.43    2424.75    2424.75    1540.35    1540.35
 3    3537.00    7878.14    8476.60    7866.74    7349.75    3908.17    4897.00    2983.68    3579.01    2809.95    2941.42    3440.00    4168.10    4489.29    4210.55    4559.23    3595.44    1367.14    1739.73    2777.36    3051.49    3806.64    2613.35    2991.60    2406.85    1796.58    2018.86
 4    1379.00    1204.53    1135.20     970.69    1051.32    1388.59    1490.06    1680.56    1589.22    1688.56    1978.64    1687.74    1175.93    1027.21    1013.12     945.45    1273.36    1885.88    1991.33    1781.81    1401.65    1421.25    1577.68    1625.18    1898.24    1852.39    1697.74
 1    4109.00    4071.14    4071.14    2158.00    2158.00    5905.28    5905.28    2955.88    2955.88    3134.21    3134.21    3870.64    3870.64    6530.37    6530.37   11262.17   11262.17    2510.97    2510.97    2497.57    2497.57    4954.03    4954.03    9055.20    9055.20    9326.39    9326.39
 2     783.00     775.46     775.46     411.05     411.05    1124.82    1124.82     563.02     563.02     596.99     596.99     737.26     737.26    1243.88    1243.88    2145.18    2145.18     478.28     478.28     475.73     475.73     943.62     943.62    1724.80    1724.80    1776.46    1776.46
 3    3537.00    2652.62    3231.98    3435.13    3117.17    4260.77    3821.55    2162.40    2279.03    2699.79    3344.21    4047.26    4007.18    6610.21    6635.28    5505.22    3431.96     721.15     896.06    1275.89    1944.53    3472.52    4082.91    2993.62    2984.95    2534.90    2804.25
 4    1379.00    1346.58    1375.67     968.42     924.19     819.76     931.69     896.31    1188.18    1381.42    1666.14    1555.90    1693.47    1366.58    1144.22     798.02     683.84    1140.85    1365.64    1649.71    1594.28    1302.54    1703.08    1572.10    1871.21    1437.45    1278.37
 1    4109.00    3558.79    3558.79    3264.03    3264.03    4988.21    4988.21    2192.65    2192.65    3908.98    3908.98    5266.34    5266.34    3132.36    3132.36    4848.23    4848.23    3215.98    3215.98    2093.32    2093.32    1853.08    1853.08    5306.53    5306.53    8680.98    8680.98
 2     783.00     677.86     677.86     621.72     621.72     950.14     950.14     417.65     417.65     744.57     744.57    1003.11    1003.11     596.64     596.64     923.47     923.47     612.57     612.57     398.73     398.73     352.97     352.97    1010.77    1010.77    1653.52    1653.52
 3    3537.00    2751.21    3340.36    3619.35    3882.00    9375.24    8015.13    1913.31    2289.44    2081.83    2558.30    5222.81    4555.11    1303.93    1610.50    1950.85    2194.17    1954.37    1679.08    2230.71    2208.40    3016.70    3304.07    3994.07    3554.92    2722.40    2400.43
 4    1379.00    1446.00    1434.78    1401.31    1507.76     844.36     781.00    1004.09    1256.81    1155.84     998.69     858.75    1157.03    1242.83    1316.65    1096.44    1078.76    1252.00    1426.20    1901.59    1933.42    2039.42    1743.14    1394.51    1024.48     975.58    1335.14
 1    4109.00    3439.59    3439.59    8128.89    8128.89    9517.20    9517.20    9030.71    9030.71    5630.86    5630.86    2455.07    2455.07    7509.81    7509.81    8366.36    8366.36    4721.18    4721.18    4499.88    4499.88    6473.08    6473.08    7109.26    7109.26    8790.01    8790.01
 2     783.00     655.16     655.16    1548.36    1548.36    1812.80    1812.80    1720.14    1720.14    1072.54    1072.54     467.63     467.63    1430.44    1430.44    1593.59    1593.59     899.27     899.27     857.12     857.12    1232.97    1232.97    1354.14    1354.14    1674.29    1674.29
 3    3537.00    3280.09    3534.53   10030.95    8817.98    8029.39    9984.05    9464.75    6953.16    2111.86    2961.88    1811.62    2614.16    3461.70    2991.10    2694.74    2413.79    2248.35    2136.44    2129.34    2681.11    2304.41    2088.16    2468.07    2177.21    2121.10    1597.86
 4    1379.00    1656.92    1399.36    1148.25    1254.69    1863.97    1457.10    1082.42    1324.36    1881.25    1818.91    1580.38    1340.07    1180.43    1410.92    1455.36    1199.92    1182.28    1200.62    1258.32    1201.70    1201.49    1298.65    1222.56    1154.60    1309.05    1211.68
