              Isim, Ftarg, Btarg
   1 2019          0.3977734      43121.5693246      11088.7194212
   1 2021          0.3772998      43133.9900121      10906.9172095
   1 2023          0.3889990      43001.7885227      10914.8592839
   1 2025          0.3772998      43138.3532594      10908.4581534
   1 2027          0.4123975      43065.9326033      11258.0220299
   1 2029          0.3919238      43166.9520098      11148.8492490
   1 2031          0.4065479      43144.6074651      11192.1874669
   1 2033          0.3889990      43080.3639749      11094.5313037
   1 2035          0.4153223      43109.1672609      11261.2567984
   1 2037          0.4240967      43035.0777313      11270.8271333
   1 2039          0.3480518      43189.3900617      10219.7209692
   1 2041          0.3685254      43071.2658547      10697.8161996
   1 2043          0.4299463      43035.5255809      11300.4922291
   2 2019          0.3977734      42938.1396063      11041.5504357
   2 2021          0.3772998      42989.7306946      10863.7287225
   2 2023          0.4182471      42835.1104511      11217.8282712
   2 2025          0.3802246      42812.6993602      10916.0282164
   2 2027          0.4065479      42849.4426025      11105.4153202
   2 2029          0.3860742      42768.4287721      10978.3484600
   2 2031          0.4123975      42922.8703444      11125.3571204
   2 2033          0.3802246      42842.7755677      10879.6365804
   2 2035          0.3831494      42914.9720449      10817.2630053
   2 2037          0.3802246      42861.2830653      10860.0238870
   2 2039          0.4211719      42952.9717728      11275.1089930
   2 2041          0.3919238      42879.5696748      11110.7430347
   2 2043          0.3772998      42846.5763502      10881.7407666
   3 2019          0.3977734      43806.1338287      11264.7553084
   3 2021          0.3860742      43658.4369840      11186.9315536
   3 2023          0.4182471      43810.2281684      11420.8745244
   3 2025          0.3919238      43660.2215385      11313.5347663
   3 2027          0.4065479      43756.4953200      11357.0656960
   3 2029          0.3860742      43823.9686340      11220.3457341
   3 2031          0.4211719      43869.3683993      11456.9365286
   3 2033          0.3743750      43766.4355150      11017.3315942
   3 2035          0.4182471      43741.0356906      11427.9209119
   3 2037          0.3831494      43752.4808235      11187.8075175
   3 2039          0.4153223      43848.0813093      11421.5423525
   3 2041          0.3860742      43851.9725015      11257.5784877
   3 2043          0.3685254      43728.4836171      10941.1643892
   4 2019          0.3977734      44476.3116883      11437.0916673
   4 2021          0.3685254      44449.8379444      11040.9585986
   4 2023          0.4094727      44535.9775788      11557.3501155
   4 2025          0.3860742      44428.7890383      11389.3659043
   4 2027          0.3685254      44364.4825907      11046.1658513
   4 2029          0.3685254      44439.9439871      11042.5674591
   4 2031          0.4153223      44356.4288723      11534.9578969
   4 2033          0.3889990      44327.8492792      11357.3953836
   4 2035          0.4153223      44502.6230364      11572.0505361
   4 2037          0.3889990      44431.9498345      11443.1131937
   4 2039          0.4153223      44367.8477651      11573.1089834
   4 2041          0.3889990      44430.4879134      11439.1943794
   4 2043          0.4211719      44353.9192733      11664.8980552
   5 2019          0.3977734      43500.4176316      11186.1403325
   5 2021          0.3743750      43382.6909822      10938.8818547
   5 2023          0.3948486      43373.3467867      11122.2903636
   5 2025          0.3860742      43327.0322072      11128.7374763
   5 2027          0.4036230      43435.9990790      11304.9274763
   5 2029          0.3948486      43406.2646472      11286.4975812
   5 2031          0.4006982      43425.7735816      11198.2784517
   5 2033          0.3685254      43513.3393362      10841.6671496
   5 2035          0.4211719      43402.6418782      11400.7659658
   5 2037          0.3831494      43464.3565859      11135.8598175
   5 2039          0.3802246      43329.6607213      11020.7832388
   5 2041          0.4270215      43516.9188405      11447.5878787
   5 2043          0.4211719      43498.8831733      11416.1305243
