FL 2019 2020 2021 2022 2023 2024 2025 2026 2027 2028 2029 2030 2031 2032 2033 2034 2035 2036 2037 2038 2039 2040 2041 2042 2043 2044 2045
 1    4109.00    3843.84    3843.84    3992.14    3992.14    3844.76    3844.76    2825.13    2825.13    3018.71    3018.71    1528.30    1528.30    2120.58    2120.58    3617.46    3617.46    1660.89    1660.89     598.75     598.75     781.70     781.70    1373.99    1373.99    3398.93    3398.93
 2     783.00     732.16     732.16     760.41     760.41     732.34     732.34     538.12     538.12     574.99     574.99     291.10     291.10     403.92     403.92     689.04     689.04     316.36     316.36     114.05     114.05     148.90     148.90     261.71     261.71     647.42     647.42
 3    3537.00    3512.82    3100.80    2258.17    2258.17    1810.63    1810.63    1333.61    1333.61    1333.61    1333.61    1333.61    1333.61    1333.61    1333.61    1333.61    1333.61    1333.61    1333.61    1333.61    1333.61    1333.61    1333.61    1333.61    1333.61     872.09     851.02
 4    1379.00    1260.91     957.10     843.26     843.26     688.01     688.01     691.71     691.71     691.71     691.71     691.71     691.71     691.71     691.71     691.71     691.71     691.71     691.71     691.71     691.71     691.71     691.71     691.71     691.71     733.13     766.96
 1    4109.00    4333.10    4333.10    5967.19    5967.19    3613.30    3613.30    1400.78    1400.78     506.35     506.35     212.06     212.06     323.40     323.40     497.57     497.57     578.89     578.89    1230.31    1230.31    1092.17    1092.17     781.70     781.70    2120.58    2120.58
 2     783.00     825.35     825.35    1136.61    1136.61     688.25     688.25     266.82     266.82      96.45      96.45      40.39      40.39      61.60      61.60      94.78      94.78     110.26     110.26     234.34     234.34     208.03     208.03     148.90     148.90     403.92     403.92
 3    3537.00    4213.65    4541.91    3822.41    3822.41    3822.41    3822.41    3822.41    3822.41    3822.41    3822.41    3822.41    3822.41    3822.41    3822.41    3822.41    3822.41    3822.41    3822.41    3822.41    3822.41    3822.41    3822.41    3822.41     273.96     715.73    1277.87
 4    1379.00    1041.07     955.29     725.07     725.07     725.07     725.07     725.07     725.07     725.07     725.07     725.07     725.07     725.07     725.07     725.07     725.07     725.07     725.07     725.07     725.07     725.07     725.07     725.07     919.34     992.48    1037.28
 1    4109.00    6003.69    6003.69    4392.23    4392.23    6367.75    6367.75    3726.95    3726.95    2050.82    2050.82    1205.36    1205.36     483.71     483.71    1130.51    1130.51     296.14     296.14    1614.69    1614.69    5175.79    5175.79    3331.48    3331.48    2677.75    2677.75
 2     783.00    1143.56    1143.56     836.62     836.62    1212.90    1212.90     709.90     709.90     390.63     390.63     229.59     229.59      92.14      92.14     215.34     215.34      56.41      56.41     307.56     307.56     985.86     985.86     634.57     634.57     510.05     510.05
 3    3537.00    4307.60    4084.33    4282.50    4407.42    6479.59    6998.06    6609.31    6609.31    6609.31    6609.31    6118.61    6263.71    6609.31    6609.31    5748.56    3274.82    3453.84     264.11     600.44    1279.45    1279.45    1279.45    1279.45    1279.45    1279.45    1279.45
 4    1379.00    1004.28     874.97     768.94     838.69    1021.68     679.53     437.78     437.78     437.78     437.78     437.78     437.78     437.78     437.78     437.78     437.78     437.78     755.93     750.06     648.95     648.95     648.95     648.95     648.95     648.95     648.95
 1    4109.00    2238.85    2238.85    5586.97    5586.97    3547.24    3547.24    2021.25    2021.25    3763.91    3763.91    3379.53    3379.53    2495.72    2495.72    4057.75    4057.75    9721.40    9721.40    5722.33    5722.33    3117.11    3117.11     378.84     378.84    1798.57    1798.57
 2     783.00     426.45     426.45    1064.18    1064.18     675.66     675.66     385.00     385.00     716.94     716.94     643.72     643.72     475.38     475.38     772.90     772.90    1851.70    1851.70    1089.97    1089.97     593.74     593.74      72.16      72.16     342.58     342.58
 3    3537.00    1238.01    1741.42    1741.42    1741.42    3178.20    3632.18    1287.15    3469.81    4353.93    4028.76    4955.74    4200.31    2113.13    3289.45    3510.44    3846.46    3846.46    3846.46    3846.46    3846.46    3846.46    3482.17    3207.71     169.14     655.03     903.41
 4    1379.00    1090.11     986.09     986.09     986.09     815.78    2165.56    1973.11    1774.30    1408.77    1123.93     758.82     914.32    1740.58    2376.94    1984.61    1694.64    1694.64    1694.64    1694.64    1694.64    1694.64    1694.64    1694.64     858.37     734.99     951.79
 1    4109.00    3750.98    3750.98    4130.74    4130.74    4865.32    4865.32   10190.33   10190.33   10155.68   10155.68    3449.75    3449.75    5705.70    5705.70    5588.35    5588.35    1622.08    1622.08     324.79     324.79    4144.60    4144.60    7296.83    7296.83    3716.79    3716.79
 2     783.00     714.47     714.47     786.81     786.81     926.73     926.73    1941.02    1941.02    1934.42    1934.42     657.10     657.10    1086.80    1086.80    1064.45    1064.45     308.97     308.97      61.86      61.86     789.45     789.45    1389.87    1389.87     707.96     707.96
 3    3537.00    4540.53    4498.36    3638.73    3438.88    2752.90    4393.67    6695.50    5007.63    6111.09    8395.47    6735.01    7209.41    4902.20    4902.20    4902.20    4902.20    4902.20    3152.32     120.37     513.44     996.12    1340.73    2721.09    2859.81    5092.18    5092.18
 4    1379.00    1095.90     833.39     619.41     836.59    1313.38    1369.70    1136.24     884.73    1345.70    1560.80    1308.75    1095.36     876.75     876.75     876.75     876.75     876.75     876.75     748.59     946.79     908.87     878.61     933.67    1117.34     855.17     855.17
 1    4109.00    6756.75    6756.75    7415.10    7415.10    4487.87    4487.87    2784.94    2784.94    2741.97    2741.97    1339.80    1339.80    2662.97    2662.97    2907.83    2907.83    1402.17    1402.17    2532.68    2532.68    5822.12    5822.12    5129.12    5129.12     724.42     724.42
 2     783.00    1287.00    1287.00    1412.40    1412.40     854.83     854.83     530.46     530.46     522.28     522.28     255.20     255.20     507.23     507.23     553.87     553.87     267.08     267.08     482.42     482.42    1108.98    1108.98     976.98     976.98     137.98     137.98
 3    3537.00    6074.37    5524.26    7787.63    6610.29    3851.12    3879.32    1203.82    1505.17    1367.94    1762.17    1762.17    1762.17    1762.17    1762.17    1762.17    1762.17     726.51     638.14    1118.67    1118.67    1118.67    1118.67    1118.67    1118.67    1118.67    1118.67
 4    1379.00    1083.45     893.29     797.06     655.35     737.95     681.59     721.88     728.58     623.86     580.07     580.07     580.07     580.07     580.07     580.07     580.07     951.61    1198.11    1038.06    1038.06    1038.06    1038.06    1038.06    1038.06    1038.06    1038.06
 1    4109.00    7114.34    7114.34    3282.97    3282.97    1739.43    1739.43    1752.83    1752.83    1742.20    1742.20    2609.38    2609.38    2024.02    2024.02    7013.62    7013.62    4536.84    4536.84    2719.79    2719.79    2144.14    2144.14    5111.57    5111.57    2598.29    2598.29
 2     783.00    1355.11    1355.11     625.33     625.33     331.32     331.32     333.87     333.87     331.85     331.85     497.02     497.02     385.53     385.53    1335.93    1335.93     864.16     864.16     518.06     518.06     408.41     408.41     973.63     973.63     494.91     494.91
 3    3537.00    5829.38    5042.68    2746.15    2391.15    2391.15    2391.15    2391.15    2391.15     773.35     910.84    1016.22     904.51    1052.43    1660.57    2390.73    1946.61    2478.67    1939.35    1815.62    1747.03    1324.03    2120.06    2120.06    2120.06    2120.06    2120.06
 4    1379.00    1058.51     807.99     624.89     588.69     588.69     588.69     588.69     588.69     733.10     652.99     887.83    1074.17    1140.43    1082.06    1048.68     854.40     726.14     814.83    1060.30    1280.46    1213.48     932.23     932.23     932.23     932.23     932.23
 1    4109.00    1316.70    1316.70    1579.58    1579.58    3655.81    3655.81   12594.12   12594.12    4324.78    4324.78    3939.94    3939.94     707.32     707.32     270.27     270.27    3133.75    3133.75   11270.95   11270.95    7540.30    7540.30    1195.66    1195.66    1215.98    1215.98
 2     783.00     250.80     250.80     300.87     300.87     696.34     696.34    2398.88    2398.88     823.77     823.77     750.46     750.46     134.73     134.73      51.48      51.48     596.90     596.90    2146.85    2146.85    1436.25    1436.25     227.74     227.74     231.62     231.62
 3    3537.00    1423.04    1500.18    1826.39    1667.25    1959.88    2661.91    3967.53    3051.82    3051.82    3051.82    3051.82    3051.82    3051.82    2580.05    3051.82     349.58     836.97    1119.81    4699.63    3472.70    3472.70    3472.70    3472.70    3472.70     406.54     753.55
 4    1379.00    1026.77     932.73    1026.73    1334.37    1435.72    1237.33     918.71     813.98     813.98     813.98     813.98     813.98     813.98     813.98     813.98     939.28    1718.30    1476.61     934.29     689.99     689.99     689.99     689.99     689.99     780.36     794.97
 1    4109.00    6966.96    6966.96    7692.76    7692.76    3567.56    3567.56     322.48     322.48     219.45     219.45     216.68     216.68     255.95     255.95     666.67     666.67    1541.69    1541.69    2911.52    2911.52    3049.66    3049.66    3297.29    3297.29    2587.20    2587.20
 2     783.00    1327.04    1327.04    1465.29    1465.29     679.54     679.54      61.42      61.42      41.80      41.80      41.27      41.27      48.75      48.75     126.98     126.98     293.66     293.66     554.58     554.58     580.89     580.89     628.06     628.06     492.80     492.80
 3    3537.00    4531.10    3767.24    4107.29    4107.29    4107.29    4107.29    4107.29    4012.34    2687.25    3175.84    3344.15    3807.50    4107.29    4107.29     335.09     669.88    1108.44    1288.93    1512.47    1406.39    1629.18    1457.21    1212.61    1599.72    1460.48    1538.24
 4    1379.00    1134.72     778.05     653.60     653.60     653.60     653.60     653.60     653.60     653.60     653.60     653.60     653.60     653.60     653.60     714.21     867.19     886.77     798.43     887.89     801.33     859.96     863.39    1016.84     942.21    1032.51    1135.94
 1    4109.00    6473.08    6473.08    4508.20    4508.20    1331.48    1331.48     388.54     388.54      49.43      49.43     270.73     270.73     252.71     252.71     455.07     455.07     342.80     342.80     318.32     318.32    2042.96    2042.96    1415.11    1415.11    1763.45    1763.45
 2     783.00    1232.97    1232.97     858.70     858.70     253.62     253.62      74.01      74.01       9.42       9.42      51.57      51.57      48.14      48.14      86.68      86.68      65.30      65.30      60.63      60.63     389.14     389.14     269.54     269.54     335.90     335.90
 3    3537.00    5557.19    4706.55    4706.55    4706.55    4706.55    4706.55    2738.25    1653.01    2742.60    3823.38    4222.18    3776.65    3363.69    4706.55    4706.55    3940.83    3961.03    4218.48    4706.55    4706.55    4706.55    4706.55    4706.55     260.80     629.76    1169.21
 4    1379.00    1020.02     712.83     712.83     712.83     712.83     712.83     712.83     712.83     712.83     712.83     712.83     712.83     712.83     712.83     712.83     712.83     712.83     712.83     712.83     712.83     712.83     712.83     712.83     925.01    1003.74     834.65
 1    4109.00    3332.41    3332.41    3550.47    3550.47    3619.31    3619.31    2759.53    2759.53     766.00     766.00     369.14     369.14     982.21     982.21    1286.67    1286.67    1106.03    1106.03     505.89     505.89    2305.84    2305.84    3896.51    3896.51    5810.57    5810.57
 2     783.00     634.74     634.74     676.28     676.28     689.39     689.39     525.62     525.62     145.90     145.90      70.31      70.31     187.09     187.09     245.08     245.08     210.67     210.67      96.36      96.36     439.21     439.21     742.19     742.19    1106.78    1106.78
 3    3537.00    4851.30    4299.11    3974.17    4027.80    4027.80    4027.80    4027.80    4027.80    4027.80    4027.80    4027.80    4027.80    4027.80    4027.80    4027.80    4027.80    4027.80    4027.80    4027.80     331.93     727.91     883.00    1419.44    1419.44    1419.44    1419.44
 4    1379.00    1161.42     821.77     785.53     708.56     708.56     708.56     708.56     708.56     708.56     708.56     708.56     708.56     708.56     708.56     708.56     708.56     708.56     708.56     708.56     728.01    1075.50     880.20     822.67     822.67     822.67     822.67
 1    4109.00    4957.72    4957.72    5452.52    5452.52    2943.86    2943.86     644.49     644.49     707.78     707.78     615.85     615.85    1480.25    1480.25    3523.67    3523.67    4432.89    4432.89    3076.46    3076.46    4071.61    4071.61    4384.84    4384.84    2212.98    2212.98
 2     783.00     944.33     944.33    1038.58    1038.58     560.74     560.74     122.76     122.76     134.82     134.82     117.30     117.30     281.95     281.95     671.18     671.18     844.36     844.36     585.99     585.99     775.54     775.54     835.21     835.21     421.52     421.52
 3    3537.00    5550.79    5435.84    5435.84    5435.84    5435.84    5435.84    2761.34    4710.66    5435.84    5435.84    5435.84     237.07     690.73     924.78    1064.00    1339.99    1297.35    1195.52    1646.46    1646.46    1646.46    1646.46    1646.46    1646.46    1646.46    1646.46
 4    1379.00     982.69     795.77     795.77     795.77     795.77     795.77     795.77     795.77     795.77     795.77     795.77     686.99     805.90     803.62     708.68     800.96     852.24    1187.92    1087.92    1087.92    1087.92    1087.92    1087.92    1087.92    1087.92    1087.92
 1    4109.00    6219.44    6219.44    3489.95    3489.95    2092.40    2092.40    1068.14    1068.14    2694.85    2694.85    5428.96    5428.96    4980.36    4980.36    1901.59    1901.59    7602.67    7602.67    3448.83    3448.83    5308.38    5308.38    8934.16    8934.16    5463.15    5463.15
 2     783.00    1184.66    1184.66     664.75     664.75     398.55     398.55     203.46     203.46     513.30     513.30    1034.09    1034.09     948.64     948.64     362.21     362.21    1448.13    1448.13     656.92     656.92    1011.12    1011.12    1701.74    1701.74    1040.60    1040.60
 3    3537.00    4491.47    3683.86    2284.51    2169.63    1071.28    1071.28    1056.28    1412.40    1166.89    1166.89    1166.89    1166.89    1166.89    1558.34     468.07     967.17    3525.37    2729.01    5640.57    6630.02    5573.48    5286.34   12082.91    8514.89    7420.86    7420.86
 4    1379.00    1072.03     786.94     614.00     723.01     784.48     784.48     620.02     875.60     868.61     868.61     868.61     868.61     868.61    1052.00    1166.84     902.24     957.11    1517.19    1253.97    1027.74     766.75     974.67     594.98     420.89     301.62     301.62
 1    4109.00    5534.76    5534.76    8600.59    8600.59    6918.45    6918.45   13525.97   13525.97    5266.80    1574.60      75.31      75.31    7656.73    7656.73    6703.16    6703.16    3622.08    3622.08    4389.46    4389.46    7147.60    7147.60    3452.99    3452.99     815.89     815.89
 2     783.00    1054.24    1054.24    1638.21    1638.21    1317.80    1317.80    2576.38    2576.38    1003.20    1003.20      14.34      14.34    1458.42    1458.42    1276.79    1276.79     689.92     689.92     836.09     836.09    1361.45    1361.45     657.71     657.71     155.41     155.41
 3    3537.00    2987.87    2842.08    2180.94    2284.75    4332.61    6319.13   10664.82   10664.82    5680.39    1285.10      58.51     380.36    1689.34    2024.00    3663.16    3589.84    4720.94    5298.82    5721.19    4272.15    4272.15    4272.15    4272.15    4272.15    4272.15    4272.15
 4    1379.00    1018.82     921.06    1014.98    1282.51    2103.18    1614.63     761.32     761.32     761.32     761.32    1267.55    1705.50    1499.27    1340.22    1086.43     984.31    1513.35    1349.01    1309.09     901.88     901.88     901.88     901.88     901.88     901.88     901.88
 1    4109.00    6871.79    6871.79    6232.38    6232.38    3019.17    3019.17    2227.30    2227.30    4177.87    4177.87    2728.11    2728.11    3917.76    3917.76    2596.90    2596.90    3962.57    3962.57    5537.53    5537.53    2293.37    2293.37     839.45     839.45    1449.29    1449.29
 2     783.00    1308.91    1308.91    1187.12    1187.12     575.08     575.08     424.25     424.25     795.78     795.78     519.64     519.64     746.24     746.24     494.65     494.65     754.78     754.78    1054.77    1054.77     436.83     436.83     159.90     159.90     276.06     276.06
 3    3537.00    6710.50    6158.77    6946.18    6703.88    2584.82    2302.97    1245.61    1298.83    1648.12    1599.01    1752.05    1548.73    1705.49    1712.24    1698.99    1257.55    1978.57    1512.04    1512.04    1512.04    1512.04    1512.04    1512.04    1512.04     719.41    1028.03
 4    1379.00    1149.15     979.95     690.64     824.31     979.93     809.17     905.94     956.84    1143.55    1049.55     952.19    1056.04     836.79     796.69     706.00     881.39     924.58     698.41     698.41     698.41     698.41     698.41     698.41     698.41    1193.73    1521.24
 1    4109.00    5377.68    5377.68    3973.20    3973.20    7602.67    7602.67    7553.24    7553.24    3148.99    3148.99     667.59     667.59     341.42     341.42     299.38     299.38     597.83     597.83     789.56     789.56    1588.36    1588.36    2091.01    2091.01    2758.60    2758.60
 2     783.00    1024.32    1024.32     756.80     756.80    1448.13    1448.13    1438.71    1438.71     599.81     599.81     127.16     127.16      65.03      65.03      57.02      57.02     113.87     113.87     150.39     150.39     302.54     302.54     398.29     398.29     525.45     525.45
 3    3537.00    3930.45    3505.82    1830.02    1901.91    3710.52    2709.72    2709.72    2709.72    2709.72    2709.72    2709.72    2709.72    2709.72    2709.72    2709.72    2709.72    2709.72    2709.72    2709.72    2709.72    2709.72    2709.72    2709.72    2709.72     805.48     805.48
 4    1379.00    1312.99    1092.93    1224.08    1176.68    1048.01     662.65     662.65     662.65     662.65     662.65     662.65     662.65     662.65     662.65     662.65     662.65     662.65     662.65     662.65     662.65     662.65     662.65     662.65     662.65     648.11     648.11
 1    4109.00    7600.36    7600.36    4072.99    4072.99    4192.19    4192.19    3091.24    3091.24    4480.48    4480.48    4815.89    4815.89    4262.87    4262.87    3614.69    3614.69    2990.99    2990.99    4161.23    4161.23    6043.88    6043.88    2871.33    2871.33    5655.34    5655.34
 2     783.00    1447.69    1447.69     775.81     775.81     798.51     798.51     588.81     588.81     853.42     853.42     917.31     917.31     811.98     811.98     688.51     688.51     569.71     569.71     792.62     792.62    1151.22    1151.22     546.92     546.92    1077.21    1077.21
 3    3537.00    5433.99    5577.47    4714.77    4548.14    1663.32    2767.49    3088.41    3176.98    4230.26    3975.08    3416.04    2852.14    3139.34    3139.34    3139.34    3139.34     766.60     672.08    1189.56    1183.99    2562.72    1531.39    1316.15    2065.11    3833.89    2991.14
 4    1379.00    1014.66     890.19     912.67     981.08    1183.19    1421.42    1645.18    1435.62    1225.05    1241.92    1005.38     813.10     722.65     722.65     722.65     722.65     723.52     788.67     850.39     769.74     711.29     819.82    1238.28    1158.69     931.78     600.48
 1    4109.00    4343.26    4343.26    5465.00    5465.00    3356.89    3356.89    2879.65    2879.65     838.99     838.99     246.25     246.25     669.44     669.44     869.02     869.02     897.67     897.67    1140.68    1140.68     420.88     420.88     501.73     501.73    1678.45    1678.45
 2     783.00     827.29     827.29    1040.95    1040.95     639.41     639.41     548.50     548.50     159.81     159.81      46.90      46.90     127.51     127.51     165.53     165.53     170.98     170.98     217.27     217.27      80.17      80.17      95.57      95.57     319.70     319.70
 3    3537.00    5038.25    4930.69    5905.98    4646.27    4646.27    4646.27    4646.27    4646.27    4511.68    2712.79    3509.25    4333.20    4646.27    4646.27    4646.27    4646.27    4646.27    4646.27    4646.27    4646.27    4646.27    4646.27     293.96     293.96     948.16    1272.55
 4    1379.00    1255.67     944.55     816.42     666.87     666.87     666.87     666.87     666.87     666.87     666.87     666.87     666.87     666.87     666.87     666.87     666.87     666.87     666.87     666.87     666.87     666.87     666.87     748.79     748.79     719.15     958.80
 1    4109.00    4992.83    4992.83   12083.61   12083.61    3957.03    3957.03    3737.58    3737.58     996.53     996.53     735.04     735.04    1063.06    1063.06    1041.35    1041.35    2617.23    2617.23    2437.51    2437.51    3432.66    3432.66    2571.49    2571.49    3388.77    3388.77
 2     783.00     951.02     951.02    2301.64    2301.64     753.72     753.72     711.92     711.92     189.82     189.82     140.01     140.01     202.49     202.49     198.35     198.35     498.52     498.52     464.29     464.29     653.84     653.84     489.81     489.81     645.48     645.48
 3    3537.00    5851.27    6474.64    7191.14    6852.94    3739.55    3739.55    3739.55    3739.55    3739.55    3739.55    3739.55    3739.55    3739.55    3739.55     437.88     843.13    1160.03    1532.23    1676.98    1794.55    1387.10    1313.39    1471.04    1316.35    1309.88    1309.88
 4    1379.00    1016.67     993.39     915.93     811.17     641.06     641.06     641.06     641.06     641.06     641.06     641.06     641.06     641.06     641.06     953.37     818.56     823.15     937.69     809.38     864.12     763.63     905.74    1090.03     869.94     727.50     727.50
 1    4109.00    5086.62    5086.62    6340.03    6340.03    3338.87    3338.87    1997.69    1997.69     367.29     367.29     328.94     328.94     697.16     697.16    1468.70    1468.70    4249.01    4249.01    1229.38    1229.38    6622.31    6622.31    7544.00    7544.00    5406.32    5406.32
 2     783.00     968.88     968.88    1207.62    1207.62     635.98     635.98     380.51     380.51      69.96      69.96      62.66      62.66     132.79     132.79     279.75     279.75     809.34     809.34     234.17     234.17    1261.39    1261.39    1436.95    1436.95    1029.78    1029.78
 3    3537.00    4683.53    4556.99    4236.24    3659.27    3659.27    3659.27    3659.27    3659.27    3659.27    3659.27    3659.27    3659.27    3659.27    3659.27    3659.27    3659.27    3659.27    3659.27    3659.27     257.98     602.09    1356.77    3808.30    3145.86    5367.34    3946.33
 4    1379.00    1030.74     803.67     642.23     528.69     528.69     528.69     528.69     528.69     528.69     528.69     528.69     528.69     528.69     528.69     528.69     528.69     528.69     528.69     528.69    1171.30    1396.23    1381.59     905.99     856.37     634.42     533.48
 1    4109.00    3825.82    3825.82    3847.07    3847.07    4340.49    4340.49    6747.05    6747.05    2832.98    2832.98    1112.96    1112.96     483.25     483.25     555.32     555.32    5251.55    5251.55    8767.84    8767.84    4066.52    4066.52    3388.31    3388.31    2957.72    2957.72
 2     783.00     728.73     728.73     732.78     732.78     826.76     826.76    1285.15    1285.15     539.62     539.62     211.99     211.99      92.05      92.05     105.78     105.78    1000.30    1000.30    1670.06    1670.06     774.58     774.58     645.39     645.39     563.38     563.38
 3    3537.00    3562.66    3873.43    2890.45    4912.77   10955.58    9040.61    9777.54    9777.54    9777.54    9777.54    8348.61    6840.81    5822.37    5592.40      99.26     342.76    1390.76    1556.55    3478.34    3426.29    5086.49    3198.45    2067.71    2046.15    1067.77    1041.60
 4    1379.00    1129.87    1628.52    2602.48    2822.67    1568.78     991.47     677.00     677.00     677.00     677.00     677.00     677.00     677.00     677.00    1096.72    1155.75    1389.73    1327.57    1181.99     994.64     681.83     697.56     772.51     777.96     839.47     812.37
 1    4109.00    3961.65    3961.65    3582.35    3582.35    2352.97    2352.97    3640.56    3640.56     676.83     676.83    1243.24    1243.24    1192.42    1192.42    1162.39    1162.39    1662.28    1662.28    3882.65    3882.65    3872.48    3872.48    1899.74    1899.74    1229.84    1229.84
 2     783.00     754.60     754.60     682.35     682.35     448.18     448.18     693.44     693.44     128.92     128.92     236.81     236.81     227.13     227.13     221.41     221.41     316.62     316.62     739.55     739.55     737.62     737.62     361.86     361.86     234.26     234.26
 3    3537.00    2765.00    3511.86    2016.68    1663.79    1663.79    1663.79    1663.79    1663.79    1663.79    1663.79    1663.79    1663.79    1663.79    1663.79    1663.79    1663.79     706.86     846.08    1317.92    1322.01    2267.75    2243.68    2243.68    2243.68    2243.68    2243.68
 4    1379.00    1105.60     990.67     744.85     620.25     620.25     620.25     620.25     620.25     620.25     620.25     620.25     620.25     620.25     620.25     620.25     620.25     885.20     944.13     825.80     762.65     605.46     564.69     564.69     564.69     564.69     564.69
 1    4109.00    3854.93    3854.93    7984.28    7984.28   10165.39   10165.39    3096.79    3096.79    1148.99    1148.99    4504.96    4504.96    4808.50    4808.50    7562.48    7562.48    1125.89    1125.89     713.33     713.33     464.77     464.77    3777.31    3777.31    4872.71    4872.71
 2     783.00     734.27     734.27    1520.82    1520.82    1936.26    1936.26     589.86     589.86     218.86     218.86     858.09     858.09     915.90     915.90    1440.47    1440.47     214.46     214.46     135.87     135.87      88.53      88.53     719.49     719.49     928.14     928.14
 3    3537.00    2573.85    2794.96    2428.19    1721.46    1721.46    1721.46    1721.46    1721.46    1721.46    1721.46    1721.46     448.51    1339.84    1493.17    1493.17    1493.17    1493.17    1493.17    1493.17    1493.17     758.99     654.70    1093.68    1299.16    3278.60    3384.18
 4    1379.00    1000.24     782.78     656.91     636.35     636.35     636.35     636.35     636.35     636.35     636.35     636.35     992.55     749.51     652.90     652.90     652.90     652.90     652.90     652.90     652.90     837.70    1136.56     985.71     832.29    1134.48     978.00
 1    4109.00    4498.49    4498.49    3626.24    3626.24    2497.57    2497.57    1260.34    1260.34    2451.83    2451.83    4468.46    4468.46    5319.93    5319.93    3461.30    3461.30    2704.55    2704.55    5352.73    5352.73    3775.00    3775.00     770.15     770.15     158.93     158.93
 2     783.00     856.86     856.86     690.71     690.71     475.73     475.73     240.06     240.06     467.02     467.02     851.14     851.14    1013.32    1013.32     659.30     659.30     515.15     515.15    1019.57    1019.57     719.05     719.05     146.70     146.70      30.27      30.27
 3    3537.00    5272.55    5405.31    4342.68    4342.68    4342.68    4342.68     431.28     872.01    1194.06    1159.33    1813.17    1778.07    3220.95    2743.06    2667.05    2878.06    2812.12    3671.51    4458.13    4458.13    4458.13    4458.13    4458.13    2561.45    3294.04    4458.13
 4    1379.00     966.16     809.08     591.47     591.47     591.47     591.47     846.36     890.04     970.51    1237.14    1297.22    1041.70     697.78     675.51     633.51     785.03    1009.71     891.88     631.04     631.04     631.04     631.04     631.04     631.04     631.04     631.04
 1    4109.00    4145.99    4145.99    5252.48    5252.48    4238.85    4238.85    2357.12    2357.12     774.31     774.31    3577.73    3577.73    4205.12    4205.12    3575.42    3575.42    2594.13    2594.13    1830.44    1830.44    2723.03    2723.03    1896.51    1896.51     800.65     800.65
 2     783.00     789.71     789.71    1000.47    1000.47     807.40     807.40     448.98     448.98     147.49     147.49     681.47     681.47     800.98     800.98     681.03     681.03     494.12     494.12     348.66     348.66     518.67     518.67     361.24     361.24     152.50     152.50
 3    3537.00    3964.86    3666.40    3131.49    3131.49    3131.49    3131.49    3131.49     368.91     408.82    1193.53    1505.95    1658.64    1658.64    1658.64    1658.64    1658.64    1658.64    1658.64    1658.64    1658.64    1658.64    1658.64    1658.64     932.04     676.75    1208.44
 4    1379.00    1164.76     934.15     707.85     707.85     707.85     707.85     707.85     900.15    1178.01    1045.87     796.31     724.95     724.95     724.95     724.95     724.95     724.95     724.95     724.95     724.95     724.95     724.95     724.95     897.33    2084.87    2673.12
 1    4109.00    3186.41    3186.41    3591.59    3591.59    5752.36    5752.36    2641.25    2641.25    2574.26    2574.26    1610.53    1610.53    1723.72    1723.72     631.55     631.55     862.09     862.09    1975.05    1975.05    2851.46    2851.46    3382.76    3382.76    1538.00    1538.00
 2     783.00     606.94     606.94     684.11     684.11    1095.69    1095.69     503.10     503.10     490.34     490.34     306.77     306.77     328.33     328.33     120.30     120.30     164.21     164.21     376.20     376.20     543.14     543.14     644.34     644.34     292.95     292.95
 3    3537.00    2312.59    2318.86    1702.29    1508.45    1686.60    1512.09    1512.09    1512.09    1512.09    1512.09    1512.09    1512.09    1512.09    1512.09    1512.09    1512.09     887.75    1035.27    1103.41    1292.74    1505.81    1694.42    1694.42    1694.42    1694.42    1694.42
 4    1379.00    1054.03     953.30    1081.71     988.96     778.47     636.65     636.65     636.65     636.65     636.65     636.65     636.65     636.65     636.65     636.65     636.65     775.19     810.14     799.39     939.58     942.21     894.56     894.56     894.56     894.56     894.56
 1    4109.00    3413.72    3413.72    4713.79    4713.79    4056.36    4056.36    1460.84    1460.84    1597.60    1597.60     946.64     946.64     383.00     383.00     553.48     553.48    1336.10    1336.10    3763.91    3763.91    1498.27    1498.27    3466.39    3466.39    5612.38    5612.38
 2     783.00     650.23     650.23     897.86     897.86     772.64     772.64     278.26     278.26     304.30     304.30     180.31     180.31      72.95      72.95     105.42     105.42     254.50     254.50     716.94     716.94     285.38     285.38     660.26     660.26    1069.02    1069.02
 3    3537.00    4426.48    4429.03    3836.45    3670.33    2657.91    2657.91    2657.91    2657.91    2657.91    2657.91    2657.91    2657.91    2657.91    2657.91    2657.91     606.10     928.41    1185.10    1693.44    1576.79    1375.47    1816.82    1801.09    2186.45    4817.90    4389.34
 4    1379.00    1132.95     812.01     681.11     633.19     506.26     506.26     506.26     506.26     506.26     506.26     506.26     506.26     506.26     506.26     506.26     795.38     970.42     933.53     931.35    1073.47    1217.60    1286.90    1414.03    1489.64    1329.92     805.39
 1    4109.00    4673.13    4673.13    3987.52    3987.52    3974.12    3974.12    3070.45    3070.45    2945.25    2945.25    4155.69    4155.69    2875.95    2875.95    2907.37    2907.37    4190.34    4190.34    3245.55    3245.55    1803.19    1803.19    6385.76    6385.76    7087.54    7087.54
 2     783.00     890.12     890.12     759.53     759.53     756.98     756.98     584.85     584.85     561.00     561.00     791.56     791.56     547.80     547.80     553.78     553.78     798.16     798.16     618.20     618.20     343.46     343.46    1216.34    1216.34    1350.01    1350.01
 3    3537.00    5973.21    5665.19    3144.83    2929.68    2148.53    2205.73    3026.85    3436.28    2431.22    1772.34    2569.09    2499.95    2499.95    2734.08    2488.64    3047.26    3893.73    3870.31    3418.11    3758.98    1293.77    2444.70    5587.33    4710.03    6421.41    4452.04
 4    1379.00     993.00     864.18     954.49     866.46     980.30    1116.21     890.75     842.01     869.67     799.82     692.31     629.54     629.54     681.75     733.07    1123.25    1062.90     895.89    1003.80    1801.77    1826.72    1755.65    1012.15     783.63     528.64     620.90
 1    4109.00    3951.49    3951.49    6958.18    6958.18    4080.85    4080.85    1180.41    1180.41     103.03     103.03     410.26     410.26     925.39     925.39     369.14     369.14     223.15     223.15      44.35      44.35     768.77     768.77    2381.61    2381.61    2821.90    2821.90
 2     783.00     752.66     752.66    1325.37    1325.37     777.30     777.30     224.84     224.84      19.62      19.62      78.14      78.14     176.26     176.26      70.31      70.31      42.50      42.50       8.45       8.45     146.43     146.43     453.64     453.64     537.50     537.50
 3    3537.00    4855.70    4707.86    5262.15    5262.15    5262.15    5262.15    4672.14    2785.58    2842.23    3824.86    5262.15    5262.15    5262.15    5262.15    3019.89    2798.69    2628.04    1619.92    2030.68    5262.15     379.52     549.43    1311.32    1484.94    1990.48    1621.29
 4    1379.00    1192.39     944.68     796.66     796.66     796.66     796.66     796.66     796.66     796.66     796.66     796.66     796.66     796.66     796.66     796.66     796.66     796.66     796.66     796.66     796.66     819.73    1108.33    1259.30    1187.15     937.74     797.13
 1    4109.00    5286.67    5286.67    4194.50    4194.50    5773.15    5773.15    3716.79    3716.79    1485.33    1485.33    3311.15    3311.15    8558.09    8558.09    6908.75    6908.75    2006.93    2006.93    2155.69    2155.69    3260.33    3260.33     705.94     705.94    1547.70    1547.70
 2     783.00    1006.98    1006.98     798.95     798.95    1099.65    1099.65     707.96     707.96     282.92     282.92     630.70     630.70    1630.11    1630.11    1315.95    1315.95     382.27     382.27     410.61     410.61     621.02     621.02     134.46     134.46     294.80     294.80
 3    3537.00    6491.75    5921.88    3277.30    3719.28    1508.55    1508.55    1508.55    1508.55     665.53    1067.16    1743.52    2287.66    4522.74    3837.91    4359.96    3386.39    3386.39    3386.39    3386.39    3386.39    3386.39    3386.39    3386.39    3386.39     336.72     683.11
 4    1379.00    1025.72    1031.20     957.30    1070.73     838.23     838.23     838.23     838.23    1180.38    1560.04    1703.87    1440.52    1079.86     951.45     732.10     530.15     530.15     530.15     530.15     530.15     530.15     530.15     530.15     530.15     956.13     797.43
 1    4109.00    5287.59    5287.59    5851.23    5851.23    2908.75    2908.75    2607.99    2607.99    1317.16    1317.16     381.61     381.61     492.03     492.03    2534.99    2534.99    4205.59    4205.59    5059.82    5059.82    4085.00    4085.00    2012.01    2012.01    2349.27    2349.27
 2     783.00    1007.16    1007.16    1114.52    1114.52     554.05     554.05     496.76     496.76     250.89     250.89      72.69      72.69      93.72      93.72     482.86     482.86     801.06     801.06     963.78     963.78     778.10     778.10     383.24     383.24     447.48     447.48
 3    3537.00    6178.79    5553.36    6019.88    4954.23    4954.23    4954.23    4954.23    4954.23    4954.23    4954.23    4814.18    4520.73     191.21     754.87    1029.72    1674.36    1762.78    1806.07    2708.89    2358.64    2969.52    2692.59     719.81     804.89    1368.90    1531.08
 4    1379.00    1118.02     981.53     652.19     548.45     548.45     548.45     548.45     548.45     548.45     548.45     548.45     548.45     761.83     979.30    1105.47    1048.32     967.16     709.07     657.63     765.00     602.77     674.09    1085.80    1092.96    1136.33    1202.90
 1    4109.00    5316.23    5316.23    2980.82    2980.82    2838.53    2838.53    1782.40    1782.40     594.13     594.13     745.67     745.67     873.64     873.64     820.97     820.97    2418.11    2418.11    3873.87    3873.87    2774.77    2774.77    4505.42    4505.42    3966.73    3966.73
 2     783.00    1012.62    1012.62     567.78     567.78     540.67     540.67     339.50     339.50     113.17     113.17     142.03     142.03     166.41     166.41     156.38     156.38     460.59     460.59     737.88     737.88     528.53     528.53     858.18     858.18     755.57     755.57
 3    3537.00    5106.23    4728.20    3152.13    3152.13    3152.13    3152.13    3152.13    3152.13    3152.13    3152.13    3152.13    3152.13    3152.13    3152.13     497.44    1012.64    1518.40    2292.78    2513.50    2395.64    2747.38    2535.07    2722.32    2770.67    4291.68    4291.68
 4    1379.00    1197.27     980.77     776.87     776.87     776.87     776.87     776.87     776.87     776.87     776.87     776.87     776.87     776.87     776.87    1489.45    1557.43    1369.42    1258.96    1197.62     888.86     748.93     806.85    1010.93     917.81     579.05     579.05
 1    4109.00   12784.00   12784.00    6902.74    6902.74    6513.74    6513.74    4984.98    4984.98    2948.02    2948.02    1644.26    1644.26    1039.96    1039.96     673.13     673.13    1419.26    1419.26    8122.88    8122.88    5760.68    5760.68    3678.44    3678.44    1298.68    1298.68
 2     783.00    2435.05    2435.05    1314.81    1314.81    1240.71    1240.71     949.52     949.52     561.53     561.53     313.19     313.19     198.09     198.09     128.22     128.22     270.34     270.34    1547.22    1547.22    1097.27    1097.27     700.66     700.66     247.37     247.37
 3    3537.00    5736.37    4477.69    4206.44    6030.27    7917.17    6373.12    9127.38    7800.82    7800.82    7800.82    7800.82    7800.82    7106.32    7800.82    7800.82     314.80     474.02    1209.72    3815.05    3539.49    6932.91    5161.93    5161.93    5161.93    5161.93    5161.93
 4    1379.00     989.66     913.59    1112.61    1138.94    1004.33    1063.31     743.93     467.02     467.02     467.02     467.02     467.02     467.02     467.02     467.02    1112.88    1371.21    1257.96    1168.41    1080.85     695.84     488.74     488.74     488.74     488.74     488.74
 1    4109.00    2531.76    2531.76    3504.27    3504.27    4253.63    4253.63    4890.27    4890.27    4684.22    4684.22    6037.42    6037.42    2500.34    2500.34     881.50     881.50     800.18     800.18     958.19     958.19    2339.11    2339.11    3340.72    3340.72    3620.69    3620.69
 2     783.00     482.24     482.24     667.48     667.48     810.22     810.22     931.48     931.48     892.23     892.23    1149.98    1149.98     476.26     476.26     167.90     167.90     152.42     152.42     182.51     182.51     445.54     445.54     636.33     636.33     689.66     689.66
 3    3537.00    2241.03    2246.21    2050.39    2078.78    5585.69    5823.43    4912.82    4176.37    3200.46    3200.46    3200.46    3200.46    3200.46    3200.46    3200.46    3200.46    3200.46     495.75     495.75     495.75    1170.81    1215.45    1098.80    1296.64    1364.00    1921.74
 4    1379.00    1215.29     962.06     971.59    1328.25    1345.34    1029.84     701.38     678.02     629.72     629.72     629.72     629.72     629.72     629.72     629.72     629.72     629.72     763.46     763.46     763.46     617.57     732.99     816.95    1286.11    1384.60    1161.43
 1    4109.00    1437.74    1437.74    3947.33    3947.33    3652.57    3652.57    3392.47    3392.47    1891.43    1891.43    1056.59    1056.59    1115.73    1115.73    1041.81    1041.81    4856.08    4856.08    5433.12    5433.12    3825.82    3825.82    3795.79    3795.79    3041.35    3041.35
 2     783.00     273.86     273.86     751.87     751.87     695.73     695.73     646.18     646.18     360.27     360.27     201.26     201.26     212.52     212.52     198.44     198.44     924.97     924.97    1034.88    1034.88     728.73     728.73     723.01     723.01     579.30     579.30
 3    3537.00    1516.48    1666.02    2149.64    1964.46    1763.63    2219.84    2338.86    2013.14    2013.14    2013.14    2013.14    2013.14    2013.14     976.02    1134.10    1405.79    1985.25    1777.68    4037.73    3061.97    4139.81    4139.81    4139.81    4139.81    4139.81    4139.81
 4    1379.00    1361.34    1062.30    1187.32    1451.03    1220.73     891.76     718.91     686.96     686.96     686.96     686.96     686.96     686.96     877.20    1129.13    1192.58    1250.54    1228.36    1016.91     729.08     548.09     548.09     548.09     548.09     548.09     548.09
 1    4109.00    3859.09    3859.09    3740.81    3740.81    3137.90    3137.90    3939.94    3939.94    3721.41    3721.41    4378.37    4378.37    1955.18    1955.18    4383.92    4383.92    6176.48    6176.48    6794.17    6794.17    2937.86    2937.86    2506.35    2506.35    1515.36    1515.36
 2     783.00     735.06     735.06     712.54     712.54     597.70     597.70     750.46     750.46     708.84     708.84     833.98     833.98     372.42     372.42     835.03     835.03    1176.47    1176.47    1294.13    1294.13     559.59     559.59     477.40     477.40     288.64     288.64
 3    3537.00    6092.13    5915.39    3598.93    3255.42    1027.84    1149.79    1053.37    1348.66    1348.66    1348.66    1348.66     800.04     708.33    1088.23    1129.91    1392.35    1052.52    1677.74    1340.69    1340.69    1340.69    1340.69    1340.69    1340.69    1340.69    1340.69
 4    1379.00    1091.51     799.78     781.96     768.25     761.02     758.37     893.33     831.25     831.25     831.25     831.25     832.43     946.63     765.03     752.35     907.68     916.98     901.19     757.28     757.28     757.28     757.28     757.28     757.28     757.28     757.28
 1    4109.00    7171.63    7171.63    4405.17    4405.17    3635.02    3635.02    3483.94    3483.94    2272.12    2272.12    2041.58    2041.58    6305.84    6305.84    4393.16    4393.16    2648.18    2648.18    1018.25    1018.25     842.69     842.69     776.16     776.16     629.71     629.71
 2     783.00    1366.02    1366.02     839.08     839.08     692.38     692.38     663.61     663.61     432.78     432.78     388.87     388.87    1201.11    1201.11     836.79     836.79     504.42     504.42     193.95     193.95     160.51     160.51     147.84     147.84     119.94     119.94
 3    3537.00    5708.98    5158.21    5143.73    5635.69    2521.69    2521.69    2521.69    2521.69     420.40     512.70     942.47    1527.39    3476.68    2582.69    3968.70    3968.70    3968.70    3968.70    3968.70    3968.70    3968.70    3968.70    3968.70    3968.70    3968.70    3968.70
 4    1379.00    1006.62     844.81     714.92     769.64     725.21     725.21     725.21     725.21     958.51    1213.48    1040.35     902.46     668.25     680.24     631.27     631.27     631.27     631.27     631.27     631.27     631.27     631.27     631.27     631.27     631.27     631.27
 1    4109.00    6156.61    6156.61    4805.72    4805.72    3267.73    3267.73    1615.61    1615.61     684.68     684.68    1362.44    1362.44    3006.23    3006.23    6168.16    6168.16    2299.37    2299.37    3720.02    3720.02    6583.96    6583.96    5716.33    5716.33    4308.61    4308.61
 2     783.00    1172.69    1172.69     915.38     915.38     622.42     622.42     307.74     307.74     130.42     130.42     259.51     259.51     572.62     572.62    1174.89    1174.89     437.98     437.98     708.58     708.58    1254.09    1254.09    1088.82    1088.82     820.69     820.69
 3    3537.00    5706.84    5409.08    5606.18    6187.58    6187.58    6187.58    6187.58    6187.58    3731.70    6187.58     286.07     562.88     836.85     836.85    1336.55    1286.44     810.79    1238.94    1369.83    1734.18    2998.55    2351.56    2878.62    3006.83    3006.83    3006.83
 4    1379.00    1028.43     847.79     846.41     715.36     715.36     715.36     715.36     715.36     715.36     715.36     766.12     996.35     903.46     903.46     544.42     818.18    1017.65    1291.56    1057.45     814.61     678.24     652.46     697.18     650.15     650.15     650.15
 1    4109.00    4442.59    4442.59    4515.13    4515.13    4215.29    4215.29    4673.59    4673.59    3933.93    3933.93    3869.25    3869.25    2094.25    2094.25    2425.04    2425.04    1988.91    1988.91    2466.16    2466.16    3535.22    3535.22    3149.92    3149.92    4741.04    4741.04
 2     783.00     846.21     846.21     860.02     860.02     802.91     802.91     890.21     890.21     749.32     749.32     737.00     737.00     398.90     398.90     461.91     461.91     378.84     378.84     469.74     469.74     673.38     673.38     599.98     599.98     903.06     903.06
 3    3537.00    7223.34    5643.79    6976.02    6072.14    3699.42    4800.68    1778.02    1672.04    1020.10     971.87     971.87     971.87     971.87     730.45    1160.30     853.87    1389.06    1230.44    1885.22    1520.61    1905.40    1907.36    3501.22    3501.22    4072.01    4072.01
 4    1379.00    1330.62     796.76     484.14     658.35     851.44     736.88     714.18     743.44     797.65     700.75     700.75     700.75     700.75     836.74     996.23     901.42     918.52     857.95     805.37     979.90    1129.10     982.55     906.67     906.67     475.31     475.31
 1    4109.00    5645.18    5645.18    6198.19    6198.19    2032.80    2032.80    2356.66    2356.66    2700.39    2700.39    1813.35    1813.35    2073.92    2073.92    3729.26    3729.26    2287.36    2287.36    1078.31    1078.31    1499.19    1499.19    2012.93    2012.93    3824.44    3824.44
 2     783.00    1075.27    1075.27    1180.61    1180.61     387.20     387.20     448.89     448.89     514.36     514.36     345.40     345.40     395.03     395.03     710.34     710.34     435.69     435.69     205.39     205.39     285.56     285.56     383.42     383.42     728.46     728.46
 3    3537.00    5776.87    5125.61    6828.84    6828.84    6828.84     845.31     486.26     486.26     895.92     895.92     855.08     985.14    1233.21    1233.21    1233.21    1233.21    1233.21    1233.21    1233.21     442.51    1050.62    1259.89    1279.04    1615.21    1615.21    1615.21
 4    1379.00    1102.67     807.75     460.01     460.01     460.01     670.59     675.25     675.25     623.54     623.54     726.31     845.85     785.15     785.15     785.15     785.15     785.15     785.15     785.15     832.42     842.82     915.77    1007.86     769.62     769.62     769.62
 1    4109.00    7482.55    7482.55    6221.29    6221.29    3229.38    3229.38    1079.69    1079.69     526.22     526.22     528.07     528.07     385.31     385.31    1691.84    1691.84    3309.31    3309.31    6200.96    6200.96    6429.19    6429.19    4099.33    4099.33    3802.72    3802.72
 2     783.00    1425.25    1425.25    1185.01    1185.01     615.12     615.12     205.66     205.66     100.23     100.23     100.58     100.58      73.39      73.39     322.26     322.26     630.34     630.34    1181.14    1181.14    1224.61    1224.61     780.82     780.82     724.33     724.33
 3    3537.00    5991.74    4978.45    6370.25    5373.50    5373.50    5373.50    5373.50    5373.50    5060.10    5373.50    5373.50    5353.29     171.66     663.08    1361.91    1490.43    1896.47    2958.41    2877.50    2783.38    3602.67    3265.20    4270.33    4270.33    4270.33    4270.33
 4    1379.00    1141.34     814.42     587.45     456.95     456.95     456.95     456.95     456.95     456.95     456.95     456.95     456.95     884.68    1084.48    1444.42    1718.82    1315.95    1650.74    1414.88    1190.49     857.36     693.48     564.56     564.56     564.56     564.56
 1    4109.00    6866.71    6866.71    5339.33    5339.33    2358.51    2358.51     578.89     578.89     217.14     217.14     297.07     297.07     825.59     825.59    1047.82    1047.82     174.64     174.64     662.05     662.05     276.28     276.28     334.95     334.95    2649.11    2649.11
 2     783.00    1307.94    1307.94    1017.02    1017.02     449.24     449.24     110.26     110.26      41.36      41.36      56.58      56.58     157.26     157.26     199.58     199.58      33.26      33.26     126.10     126.10      52.62      52.62      63.80      63.80     504.59     504.59
 3    3537.00    4815.24    4722.47    6469.33    6469.33    6469.33    6371.50    1760.33    2784.72    3149.21    3280.17    4692.63    4266.53    4371.62    5449.29    3891.38    1827.86    3244.10    4411.36    4100.06    3953.05    3557.87    3066.75    3670.17     181.66     814.10    1697.25
 4    1379.00     938.42     821.16     607.02     607.02     607.02     607.02     607.02     607.02     607.02     607.02     607.02     607.02     607.02     607.02     607.02     607.02     607.02     607.02     607.02     607.02     607.02     607.02     607.02    1436.19    1772.48    1988.94
 1    4109.00    6836.21    6836.21    5919.61    5919.61    3446.98    3446.98    1365.21    1365.21    2035.57    2035.57    4667.59    4667.59    1675.67    1675.67    3033.95    3033.95    2796.95    2796.95    1590.20    1590.20    1067.22    1067.22     781.24     781.24    1330.56    1330.56
 2     783.00    1302.14    1302.14    1127.54    1127.54     656.57     656.57     260.04     260.04     387.73     387.73     889.06     889.06     319.18     319.18     577.90     577.90     532.75     532.75     302.90     302.90     203.28     203.28     148.81     148.81     253.44     253.44
 3    3537.00    5141.86    5002.74    5020.22    3653.12    3653.12    1033.28     767.88     816.75    1446.96    1943.31    1943.31    1943.31    1943.31    1943.31    1943.31    1943.31    1943.31    1943.31    1943.31    1943.31    1943.31    1943.31     258.35     516.41    1056.84    1800.77
 4    1379.00     926.94     793.70     582.81     777.56     777.56     710.35    1313.65    1306.77    1166.49    1103.86    1103.86    1103.86    1103.86    1103.86    1103.86    1103.86    1103.86    1103.86    1103.86    1103.86    1103.86    1103.86     742.44    1236.83    1471.61    1243.12
 1    4109.00    5147.14    5147.14    3276.04    3276.04    2707.32    2707.32    2131.67    2131.67     722.57     722.57     251.33     251.33     256.87     256.87    1929.77    1929.77    2767.84    2767.84    2584.43    2584.43    1395.24    1395.24    1985.68    1985.68    3604.99    3604.99
 2     783.00     980.41     980.41     624.01     624.01     515.68     515.68     406.03     406.03     137.63     137.63      47.87      47.87      48.93      48.93     367.58     367.58     527.21     527.21     492.27     492.27     265.76     265.76     378.22     378.22     686.66     686.66
 3    3537.00    5735.22    4952.73    3069.08    3069.08    3069.08    3069.08    3069.08    3069.08    3069.08    3069.08    3069.08    3069.08    3069.08     388.35     881.80     977.70     977.70     977.70     977.70     977.70     834.76     812.94    1344.78    1395.52    1774.30    1593.47
 4    1379.00    1043.95     793.88     697.07     697.07     697.07     697.07     697.07     697.07     697.07     697.07     697.07     697.07     697.07     615.94     842.21     774.60     774.60     774.60     774.60     774.60     757.78     798.04     771.35     731.58     733.65     646.43
 1    4109.00    7752.36    7752.36   12175.09   12175.09    1733.42    1733.42     668.51     668.51     663.43     663.43     159.39     159.39     577.50     577.50     690.69     690.69    1842.46    1842.46    5453.91    5453.91    3505.19    3505.19    3046.43    3046.43    2717.02    2717.02
 2     783.00    1476.64    1476.64    2319.06    2319.06     330.18     330.18     127.34     127.34     126.37     126.37      30.36      30.36     110.00     110.00     131.56     131.56     350.94     350.94    1038.84    1038.84     667.66     667.66     580.27     580.27     517.53     517.53
 3    3537.00    6001.18    5111.40    6318.57    6318.57    3369.91    3785.20    6318.57    6318.57    5480.61    3273.66    2849.99    6073.02    6318.57    6318.57    6318.57     391.24     667.75     921.80    2267.50    2267.50    2497.48    3201.28     674.29    1233.15    1177.72    1448.75
 4    1379.00     982.69     851.44     554.56     554.56     554.56     554.56     554.56     554.56     554.56     554.56     554.56     554.56     554.56     554.56     554.56     639.96     796.95     722.60     539.38     539.38     767.58     774.69     837.97    1110.23    1164.16    1051.47
 1    4109.00    5636.40    5636.40    4633.40    4633.40    2898.59    2898.59    3261.26    3261.26    1767.61    1767.61    1924.69    1924.69    3654.88    3654.88    7079.23    7079.23    5352.27    5352.27    5262.18    5262.18    2577.04    2577.04    3749.13    3749.13    3414.64    3414.64
 2     783.00    1073.60    1073.60     882.55     882.55     552.11     552.11     621.19     621.19     336.69     336.69     366.61     366.61     696.17     696.17    1348.42    1348.42    1019.48    1019.48    1002.32    1002.32     490.86     490.86     714.12     714.12     650.41     650.41
 3    3537.00    5664.18    5082.78    5072.76    3954.10    1078.84    1078.84    1078.84    1078.84    1078.84    1078.84     845.06    1124.94    1443.64    1581.42    3661.69    3245.75    5401.98    5070.83    2575.93    2152.59     974.10     974.10     974.10     974.10     974.10     974.10
 4    1379.00     985.75     714.86     517.14     624.26     648.27     648.27     648.27     648.27     648.27     648.27    1009.97    1291.78    1128.98    1122.04     912.87     862.68     634.23     556.18     738.11     763.89     739.42     739.42     739.42     739.42     739.42     739.42
 1    4109.00    6253.63    6253.63    5047.81    5047.81    4258.72    4258.72    2781.70    2781.70    2235.16    2235.16    1882.19    1882.19    3233.54    3233.54    2576.57    2576.57    2725.34    2725.34    2590.90    2590.90    4485.10    4485.10    6552.55    6552.55    3864.63    3864.63
 2     783.00    1191.17    1191.17     961.49     961.49     811.18     811.18     529.85     529.85     425.74     425.74     358.51     358.51     615.91     615.91     490.78     490.78     519.11     519.11     493.50     493.50     854.30     854.30    1248.10    1248.10     736.12     736.12
 3    3537.00    5332.77    5640.90    4987.90    4110.05    4110.05    1103.43     755.37    1101.65     903.02    1096.11    1096.11    1096.11    1096.11    1096.11    1096.11    1096.11     665.57     698.12    1051.02    1423.37    1370.93    1245.79    3330.48    2722.83    4542.82    4843.96
 4    1379.00     972.62     809.46     625.76     581.98     581.98     752.30     860.90     719.56     910.67     993.57     993.57     993.57     993.57     993.57     993.57     993.57     902.38     916.63     775.72     689.24     640.54     745.48     745.29     826.36     606.72     639.65
 1    4109.00    4722.10    4722.10    2413.49    2413.49    3778.70    3778.70     962.35     962.35     465.23     465.23     603.83     603.83    1471.93    1471.93    3129.59    3129.59     543.77     543.77     561.79     561.79    1043.66    1043.66    1982.90    1982.90    3354.12    3354.12
 2     783.00     899.45     899.45     459.71     459.71     719.75     719.75     183.30     183.30      88.62      88.62     115.02     115.02     280.37     280.37     596.11     596.11     103.58     103.58     107.01     107.01     198.79     198.79     377.70     377.70     638.88     638.88
 3    3537.00    5242.23    4730.28    4730.28    4730.28    4730.28    4730.28    4730.28    4730.28    4730.28    4730.28    4730.28    4730.28    4730.28    4730.28    4730.28    4730.28    2684.08    4730.28    4730.28    4730.28    4730.28    4730.28     513.63     762.31     797.91     797.91
 4    1379.00     970.58     751.66     751.66     751.66     751.66     751.66     751.66     751.66     751.66     751.66     751.66     751.66     751.66     751.66     751.66     751.66     751.66     751.66     751.66     751.66     751.66     751.66     684.68     776.61     763.98     763.98
 1    4109.00    4033.72    4033.72    3227.07    3227.07    3344.42    3344.42    1246.01    1246.01    1774.08    1774.08    1796.26    1796.26     884.27     884.27    1420.65    1420.65     856.09     856.09     534.07     534.07     669.44     669.44    2371.91    2371.91    3970.89    3970.89
 2     783.00     768.33     768.33     614.68     614.68     637.03     637.03     237.34     237.34     337.92     337.92     342.14     342.14     168.43     168.43     270.60     270.60     163.06     163.06     101.73     101.73     127.51     127.51     451.79     451.79     756.36     756.36
 3    3537.00    5886.62    5610.52    3201.87    3358.22    3358.22    3358.22    3358.22    3358.22    3358.22    3358.22    3358.22    3358.22    3358.22    3358.22    3358.22    3358.22    3358.22    3358.22     401.52     915.85    1104.24    1104.24    1104.24    1104.24    1104.24    1104.24
 4    1379.00    1068.15     819.38     738.69     704.18     704.18     704.18     704.18     704.18     704.18     704.18     704.18     704.18     704.18     704.18     704.18     704.18     704.18     704.18     688.63     996.93     995.87     995.87     995.87     995.87     995.87     995.87
 1    4109.00    4657.42    4657.42    7509.35    7509.35    6459.22    6459.22    4562.25    4562.25    2516.98    2516.98    1207.21    1207.21    3800.87    3800.87    4448.14    4448.14    2522.98    2522.98    2286.90    2286.90    3154.54    3154.54    3479.32    3479.32    4299.83    4299.83
 2     783.00     887.13     887.13    1430.35    1430.35    1230.33    1230.33     869.00     869.00     479.42     479.42     229.94     229.94     723.98     723.98     847.26     847.26     480.57     480.57     435.60     435.60     600.86     600.86     662.73     662.73     819.02     819.02
 3    3537.00    5299.75    5237.10    4948.34    4004.49    4938.15    5622.11    3708.87    3708.87     606.75     639.69     852.25     852.25     852.25     852.25    1240.06    1240.06    1240.06    1240.06    1240.06    1240.06    1240.06    1240.06    1240.06    1240.06    1240.06    1240.06
 4    1379.00    1170.95    1005.24     687.01     641.47     847.25     569.10     505.69     505.69     837.29     812.31     783.96     783.96     783.96     783.96     634.34     634.34     634.34     634.34     634.34     634.34     634.34     634.34     634.34     634.34     634.34     634.34
