2019 2020 2021 2022 2023 2024 2025 2026 2027 2028 2029 2030 2031 2032 2033 2034 2035 2036 2037 2038 2039 2040 2041 2042 2043 2044 2045
  25959.53   29781.11   42249.25   54780.91  104032.81  177065.00  205082.33  214244.09  187700.26  155354.36  126216.56   99924.19   92165.46   81846.77   71406.24   67005.97   59795.67   47860.59   44218.06   51274.82   72043.42   93527.14  105718.42  127368.21  129522.17  120334.94  104116.66
  26666.73   30531.55   43104.19   56596.64   65238.15   80441.70   86878.31   85408.27   95397.00  107385.15  100141.78   94439.35  101545.63  106624.95  102836.13   94710.60  120713.68  159953.46  169316.52  169871.11  130999.65   93050.34   76762.29   54560.28   41768.36   35022.35   45003.85
  27337.97   31352.20   43545.22   64493.06   86630.50  100116.55   92569.47   87768.54   89166.16   86090.46   81314.40   79003.79   69048.77   58213.08   68683.02   80208.08   74229.41   71584.63   78345.05   84116.28   79276.86   70235.49   61826.73   63669.61   84040.45  100335.36  106683.98
  27375.08   31749.17   45559.84   61718.65   73856.75   82490.38   83730.28   86448.92  109238.60  145274.77  168032.44  191655.32  201698.79  195409.75  193134.31  182159.15  174028.49  167911.15  148024.65  134269.94  141481.67  155103.77  147872.50  130596.93  110990.99   91702.58   67569.90
  27413.16   31184.50   44034.11   60375.54   87494.79  117074.86  132323.48  144796.74  130830.07  115964.20   85125.86   49619.06   51041.17   61758.35   85486.01  104819.71   87575.17   66869.85   71861.34   84670.85   88807.34   86620.65   76751.74   62907.21   38593.74   23467.63   38476.08
  27916.22   31765.90   43547.59   58661.43   71179.04   78678.08   76323.70   81931.39   97794.56  111430.38  112291.36  105395.67   91974.16   83911.17   86073.29   85462.56   72118.69   59358.30   59512.60   59304.29   64731.72   82759.95   98647.29  104161.58   95373.76   95809.76  110743.33
  25293.69   29440.80   41626.87   59900.23   78191.60   88248.70   79059.41   69322.29   66237.47   61299.01   50941.45   53256.02   72300.65   89383.28  100235.62  106200.63   92959.62   75858.13   83204.24  111429.88  145754.19  181563.03  193061.12  191685.61  180481.60  157427.28  123662.75
  26166.07   29372.72   42657.47   55492.32   64638.95   72426.86   84050.22  105513.36  123416.34  146720.26  165280.36  172474.02  145459.91  111854.73   94414.81   77255.13   96797.78  138866.83  162654.92  177889.39  154033.72  116354.82   90200.93   64596.62   62514.73   68961.70  101002.21
  26381.36   30209.24   42167.95   54325.91   61045.13   69483.76   75114.97   90806.86  130539.41  175026.35  198009.26  203557.55  187826.72  166643.54  141663.35  112660.37   93594.25   83564.81   79449.24   73916.39   81853.92   91797.29   90259.15  141208.61  241065.70  312275.18  336929.82
  25129.66   28957.18   40857.91   67072.04   95049.56  108647.06  100512.42   91313.69   86682.93   83094.24   76746.30   71111.09   70923.14   78838.21   93543.01  116882.81  144902.25  162361.74  153904.11  134404.76  107266.56   84644.47   62829.46   43987.01   43756.37   47042.66   55376.05
  27619.19   31451.88   44521.43   59923.40   76500.06   92021.45   93951.91   96091.33   94208.48   91081.42   88173.13   98871.37  126918.25  148522.20  158253.78  164278.95  159240.38  154809.52  146803.93  131735.77  124147.79  114154.78  103100.21   93115.65   77255.20   63630.76   58493.04
  24999.65   28832.24   41538.73   59840.93   76185.25   85987.98   80667.19   71543.79   64588.58   59562.58   64406.68   84720.93  126982.87  167428.05  179456.78  178882.90  154546.34  130116.87  113965.58  104037.17  112723.60  116537.64  123710.60  156473.10  186645.91  206570.69  210886.34
  23892.22   27141.02   39343.11   50016.22   70707.77   99579.35  109327.44  110482.13  110022.12  102458.76   80310.13   64329.55   60061.44   56617.29   42494.51   32960.90   37685.98   53834.40   73386.30   82138.98   90115.80   94000.16   80937.33   71506.66   68486.08   94557.57  127584.17
  24949.98   28954.52   41020.05   54160.72   60765.85   74850.71   89545.33  100351.33   88213.51   74231.93   81182.51   96621.00  103236.86  100035.90   90508.58   81670.96   82123.82   81481.89  115095.50  162759.65  185314.19  190248.25  158659.64  120840.27  101077.10   82383.31   73951.47
  22802.38   25910.03   37749.90   55861.09   81685.71  104327.15  104352.11   95851.84   85437.76   73737.05   59129.99   74329.97  119373.93  145603.98  146474.54  135987.68  123715.20  110171.78   86633.36   76967.11   79119.23   78115.37   69034.42   62203.99   73146.14   91186.04  104396.95
  24653.49   28396.05   40891.61   52604.65   65846.99   84171.34   93162.82  104071.51  103080.80  105067.14  117928.09  125962.12  123387.30  118026.38   95672.01   80763.73  131632.35  205376.94  247397.83  263669.05  240730.20  207571.55  164204.86  127285.01  120624.50  122469.89  141733.49
  25237.80   28975.21   40772.98   56503.88   77295.06   99407.66  106124.10  105503.46   98013.39   95509.96  102606.57  106255.71   91656.65  113121.10  167185.46  191683.98  176052.74  161266.72  156833.30  151925.18  132765.21  109392.67   82434.61   54069.78   50903.55   56519.67   66869.56
  29448.01   33719.86   46814.23   69462.59   92340.01  115007.86  116444.72  108998.24   96900.56   80591.47   72557.13   72250.53   76585.17   86878.37   87399.23   88502.88  106420.92  116027.73  114164.41  135099.37  167860.13  188613.00  197193.71  190352.19  166383.90  159197.66  169383.63
  26177.49   30319.03   42684.83   54072.22   44657.49   39450.37   48227.56   54966.16   46651.49   38448.87   50045.49   64165.95   70113.15   75002.84   68650.76   65653.90   76029.75   81265.29   79801.99   80928.70   87001.02   84799.27   68034.24   60856.84   68970.29   82200.05   99073.03
  26270.83   29403.21   41546.04   63349.65   94211.82  119669.65  121690.82  112923.69   96148.25  101418.25  130315.32  145255.26  147713.06  151022.69  150782.06  148910.02  128419.40  107657.77   79003.83   60509.48   67479.25   67436.90   56270.57   40567.57   36216.71   33880.98   48235.44
  29044.42   32625.52   45093.90   57918.09   70124.94   79932.77   91322.32  106540.01  126671.21  156889.43  179227.84  199059.36  208079.75  204774.51  188492.16  163843.04  125647.74   88139.40   66809.86   54632.87   63002.39   75141.13   88119.13   98775.24  101402.98  112956.35  138051.31
  27952.23   32448.48   45309.22   59991.99   78637.99   99676.78  111241.20  113624.97   92631.28   77521.42   95267.45  118095.75  128830.81  132470.28  114177.29   93077.95   78812.74   67126.42   62739.67   59396.00   68491.41   86330.17  104314.25  114115.17  115218.82  111481.23   92366.13
  25266.52   28635.19   40968.52   64875.04   88787.29  102851.25   89972.99   86757.19   83517.17   77439.69   75642.33   73507.16   56712.23   43419.69   75390.40  114414.33  123347.40  118335.40  111354.98  101096.01   98791.08   95073.36   95649.77   98756.32   94664.63   85986.45   78370.27
  26685.80   30843.38   43488.66   56022.54   62513.14   71549.90   77426.75   81833.01   89776.24   94855.23   89093.77   80228.12   74961.13   71739.28   86504.54  115500.57  156946.69  264840.65  402385.17  489698.27  456984.05  377628.93  285255.02  191399.54  151966.77  127411.87  128809.78
  29213.68   33616.88   46600.28   66856.84   87822.05  105930.65  104071.17   93111.66   74578.47   57732.29   54301.59   62162.65   86537.86  104586.64   94133.83   90970.19  108503.38  120088.16  120964.37  118370.29   87120.64   94165.25  146112.90  164972.90  158767.71  144477.42  107602.32
  28456.26   32150.95   45174.14   60666.89   71545.64   75969.54   69290.28   68780.95   76874.95   88918.62  100286.76  123115.93  156293.81  178019.88  180832.10  177297.12  160292.36  141899.96  129961.80  119211.93  110443.98  107453.88  102827.45   91885.55   88899.19   89261.64   86132.51
  27992.40   31377.67   44159.26   59841.60   75357.91   89782.39   89098.17   85238.50   89294.02   90236.16   96462.03  117472.45  134861.37  139069.01  116948.50   99480.14   97447.70   92174.85   80925.16   74441.81   78999.11   84384.20   88908.17   92689.59  103638.26  122672.45  130297.38
  25257.70   28924.43   41758.31   63262.70   96002.81  139105.71  153893.19  148310.13  138373.73  127997.37  103940.85   83147.45   84820.34   88313.58   85444.33   77514.75   69291.66   68503.06   71859.04   92192.06  134956.23  166304.78  184569.34  193274.35  181460.48  159216.41  126283.38
  27373.46   31486.29   44635.72   58147.24   67785.03   76558.62   62638.83   56919.44   77108.15   98543.46  120679.16  134103.08  123417.19  109854.56  103379.01   99229.71   90247.37   89769.76  113142.90  142488.66  153139.42  160591.02  160886.35  148699.27  137474.02  136933.79  152252.74
  30096.56   34903.69   47955.59   59518.21   66868.77   70990.24   58856.69   51205.17   58766.82   79012.39  107586.90  123668.82  123113.06  117411.23   95877.88   76331.01   74588.80   83595.09  103146.45  116746.73  115322.62  112398.04   91046.49   71548.54   83278.73  116252.29  153226.57
  24580.27   28268.26   40535.11   52516.94   61229.22   75322.51   89459.65  102900.69  108361.93  101855.21   74011.96   53283.15   56923.86   62497.63   78723.12  104099.35  141752.20  179006.21  183715.03  176709.67  158426.73  141690.06  128918.59  110653.45  104126.46  101109.26   98346.95
  30138.69   34764.99   47369.73   62270.38   77599.82   91024.55   93251.57   93283.64  107263.14  133007.78  149793.86  168999.71  183008.76  185443.32  185124.68  183735.43  159366.17  128547.14  114191.34  101742.69   82990.31   73415.36   81200.91   86057.40   80368.86   83735.27   97240.83
  26759.69   30666.32   38550.26   46142.04   50812.59   55379.63   50835.49   53969.94   66956.85   74061.61   82861.62   96186.69   99926.43  103809.29  106687.24   99570.01   82784.89   82013.61   97018.26  104652.80   89289.49  103837.38  152626.38  173827.10  164343.52  143281.89  121812.46
  26581.09   30258.48   43233.45   71392.47  103663.28  128335.55  135596.33  141196.84  144879.79  148761.08  142391.85  129328.21   91506.15   55708.19   31735.45   12445.87   26393.30   58947.80   98691.15  136781.72  166106.71  181956.51  174577.90  157285.50  145280.27  145194.73  141867.83
  24226.29   27529.05   40925.64   56753.44   72157.96   90928.62  109213.75  121439.60  155814.51  199438.78  204749.04  197754.04  191415.58  171978.98  151718.81  144791.16  152401.62  154914.37  146629.13  142598.10  139500.85  137672.41  146096.53  147085.42  134396.05  121092.38   96107.90
  26100.86   30277.31   43524.06   68962.60   95756.98  110878.32  117636.38  128807.49  131292.90  127611.85  116438.77  102948.03   88815.43   79287.91   78112.14   80154.50   83429.87   82698.69   77324.23   72181.13   60757.79   58399.57   82938.03  108468.25  134495.49  171206.55  191501.91
  29053.97   32827.61   44078.73   55130.01   67577.52   88456.27   98116.06  103554.46  122761.45  164743.30  189326.84  184969.20  169018.79  149993.33  120627.61   90391.41   75447.39   64307.10   58461.99   50825.11   52232.16   54607.04   51639.93   56125.59   70536.69   78810.71   86100.83
  26783.24   30796.61   43008.55   55281.07   65825.98   76531.77   88780.46  107394.47  127376.85  145686.69  146095.91  139028.15  112939.09   91911.18   82488.35   75398.85   81254.88   89957.90  100786.67  102320.78  105435.86  119380.79  136554.86  156151.22  159781.18  150549.87  125908.20
  25371.65   29219.18   42240.67   61939.78   81935.41   99013.33   99882.76   94011.85   83448.42   72148.58   59975.13   74534.84  109700.61  127426.52  121002.59  109215.33  106602.01  103283.83  102465.98  105932.56  102536.15   98321.73   97266.80   97651.60  100136.39   98023.52   86275.65
  22355.18   25695.07   38173.43   55388.14   70107.91   82282.52  107187.70  145098.44  156544.23  150350.48  129437.23  113487.56   99308.80   78106.09   76393.88   75430.36   67890.01   60250.56   61333.13   62808.92   58686.77   56340.24   74223.39  101255.38  119228.10  129588.53  123960.21
  23426.02   27295.08   38980.24   52009.11   62907.26   71903.58   66007.39   58714.41   59563.79   72090.63   91615.15  102638.15  111170.47  117743.21  103422.00   88232.26   87560.49   87672.29   93837.95  106209.01  118780.01  126545.15  116053.08  110637.02  115677.15  111252.66   96141.36
  26696.18   30642.64   41842.34   51180.38   59799.78   76834.81   86533.14   95574.83  108980.96  116713.81  118465.17  122926.48  124383.42  121441.47   93431.69   80693.23   88905.68   84753.93   85644.35   89514.86   87681.59   82756.62   80726.24   77379.97   79458.64   86898.56   91450.51
  31453.20   36055.63   47107.72   63664.45   84165.46  111965.94  118010.98  109876.02  105807.34  101117.20   98488.18   93633.16   89929.42   86870.23   92419.86   98452.92   83055.06   68399.99   60665.67   56979.20   56779.55   56452.36   60952.68   63849.65   65014.66   77043.34  101348.26
  25152.40   28099.88   39914.47   70472.64  108947.60  129420.39  127398.53  157236.74  218329.15  262066.23  269551.15  259767.73  229570.04  200614.94  180447.27  167163.25  158212.86  176612.74  226330.92  258400.91  261796.22  254403.98  234459.79  205543.36  173240.79  141209.75  104584.86
  24973.46   28611.82   39827.59   52481.69   49915.59   44147.55   55510.50   73088.86   77373.38   81818.02   90378.41   90556.98   76499.97   76999.79  114133.30  152892.93  163239.29  157546.41  132387.36  158649.93  222496.94  250991.41  237443.76  217964.11  191282.93  153031.12  129693.99
  25543.06   28762.98   40572.63   52183.53   62414.58   74574.68   73788.75   69078.37   65886.93   76071.64   96402.05  105793.56  100323.21   93770.95   93406.80   94865.37   96622.36  101672.04   99988.44   93303.11   72652.59   53575.74   54847.37   74666.70  106282.92  124438.15  119994.14
  23836.90   26898.00   38866.63   52269.11   61907.93   73122.72   74009.26   93068.97  128528.53  148176.36  129025.29  117193.60  145773.78  169856.45  168583.46  156182.93  132203.39  111743.75   88624.22   69480.68   77944.22   89966.78   88218.82  112837.48  143785.66  153863.77  155075.03
  27623.98   31841.05   44440.07   57671.00   66291.73   71388.22   68130.01   83541.05  113864.91  130980.43  136531.54  139108.66  138830.80  134968.79  121541.05  108666.36   98670.94  100457.22  103055.85   99929.03  102814.86  106295.22  103956.73   93856.15   81040.35   79534.51   85308.94
  24735.90   28119.68   40757.90   81246.96  132843.54  163546.74  167660.79  161969.58  147373.88  133701.64  114035.61  103732.32  106948.98  111855.01  117791.76  118359.08  111777.94  107417.05  101476.45   92105.55   99822.65  113019.68  123823.54  137182.63  140026.90  142020.15  135496.03
