FL 2019 2020 2021 2022 2023 2024 2025 2026 2027 2028 2029 2030 2031 2032 2033 2034 2035 2036 2037 2038 2039 2040 2041 2042 2043 2044 2045
 1  0.7288134  0.6829873  0.6675620  0.6664163  0.6878934  0.7186240  0.7067271  0.7011704  0.6992786  0.7006480  0.7052217  0.7028157  0.7020987  0.6949665  0.6901474  0.6943847  0.6932287  0.6743743  0.6626449  0.6794614  0.7031037  0.7094076  0.7102270  0.7134672  0.7131163  0.6980782  0.6858764
 2  0.5725724  0.5324563  0.5402277  0.5521567  0.5982032  0.6167402  0.6078715  0.5787414  0.5346253  0.5016200  0.4991995  0.5328282  0.5511464  0.5444172  0.5324412  0.5447244  0.5568881  0.5401535  0.5305050  0.5657791  0.5953593  0.6031867  0.5933205  0.5872078  0.5825022  0.5705942  0.5449881
 3  0.7521145  0.7094340  0.6934526  0.6896378  0.7044946  0.7420640  0.7302602  0.7204794  0.7155214  0.7150932  0.7190133  0.7186716  0.7200585  0.7130513  0.7065077  0.7104685  0.7122554  0.6946670  0.6798758  0.6957253  0.7233723  0.7305009  0.7303764  0.7309464  0.7324397  0.7185772  0.7046415
 4  0.4566311  0.4437178  0.4685918  0.4697863  0.5366330  0.5538851  0.5083996  0.4376501  0.3842862  0.3705538  0.4078171  0.4581498  0.4629533  0.4306000  0.4255377  0.4695733  0.4800340  0.4351053  0.4412414  0.5093225  0.5303529  0.5192203  0.4866815  0.4933131  0.5046768  0.4730376  0.4263351
 1  0.7290193  0.6838820  0.6677283  0.6672687  0.6659412  0.6747895  0.6955261  0.6998241  0.6973863  0.7019969  0.7012045  0.7002620  0.6916372  0.6782088  0.6914556  0.6983491  0.6977657  0.7119662  0.7074888  0.7069276  0.6959673  0.6836433  0.6825069  0.6627829  0.6402407  0.6393844  0.6697605
 2  0.5731135  0.5329778  0.5396549  0.5533711  0.5508982  0.5607592  0.5762785  0.5774448  0.5702476  0.5698130  0.5646851  0.5563839  0.5462002  0.5404799  0.5522535  0.5557852  0.5736664  0.5933026  0.5940777  0.5755142  0.5383414  0.5213343  0.5245195  0.5135753  0.5007726  0.5302542  0.5655246
 3  0.7523618  0.7102255  0.6934685  0.6902280  0.6864006  0.6922102  0.7142449  0.7194549  0.7153808  0.7203500  0.7201279  0.7174867  0.7091548  0.6959990  0.7085262  0.7162519  0.7137668  0.7322501  0.7288991  0.7252215  0.7128156  0.7000571  0.6997918  0.6817180  0.6571557  0.6554552  0.6885127
 4  0.4573780  0.4432885  0.4673616  0.4728253  0.4583123  0.4837976  0.5025642  0.4838594  0.4766537  0.4846336  0.4643766  0.4552830  0.4540916  0.4531373  0.4672361  0.4570039  0.5035692  0.5282102  0.4958947  0.4477100  0.4174816  0.4302622  0.4406083  0.4115770  0.4181520  0.4773699  0.5000307
 1  0.7283085  0.6841639  0.6671479  0.6706519  0.6867469  0.6912514  0.6837848  0.6863804  0.6924400  0.6909385  0.6896278  0.6922935  0.6892632  0.6790396  0.6818030  0.6959740  0.6815793  0.6775125  0.6818423  0.6881889  0.6802375  0.6705002  0.6718675  0.6818737  0.6980950  0.6972857  0.6925926
 2  0.5726575  0.5332084  0.5390913  0.5665585  0.5809825  0.5773560  0.5536105  0.5490251  0.5572738  0.5538800  0.5438705  0.5422805  0.5558533  0.5595330  0.5675662  0.5702872  0.5594152  0.5567961  0.5641112  0.5654787  0.5487138  0.5279561  0.5279145  0.5655076  0.5940740  0.5955201  0.5791504
 3  0.7516802  0.7103537  0.6928507  0.6924762  0.7079588  0.7116280  0.7017843  0.7034322  0.7107844  0.7095860  0.7073349  0.7084996  0.7065294  0.6996681  0.7007876  0.7145107  0.7004763  0.6963276  0.7009865  0.7071752  0.6993592  0.6882744  0.6881385  0.6986685  0.7186274  0.7197445  0.7134419
 4  0.4573648  0.4429854  0.4671021  0.4985831  0.5037184  0.4744726  0.4473243  0.4671085  0.4753129  0.4566877  0.4328370  0.4502273  0.4891995  0.4819292  0.4798381  0.4808556  0.4754424  0.4800196  0.4826575  0.4768017  0.4470121  0.4211057  0.4477435  0.5082582  0.5315365  0.5135600  0.4644882
 1  0.7292546  0.6839832  0.6689735  0.6698100  0.6758830  0.6848102  0.6890436  0.6989688  0.7084307  0.7197288  0.7178208  0.7161487  0.7185371  0.7139426  0.7160826  0.7186512  0.7201362  0.7235560  0.7153057  0.7117019  0.7106329  0.7141830  0.7021935  0.6924961  0.6893349  0.6899500  0.6787358
 2  0.5718989  0.5325022  0.5403865  0.5567438  0.5622800  0.5595592  0.5547443  0.5585179  0.5807539  0.5980511  0.5977688  0.5886428  0.5754394  0.5620948  0.5484126  0.5402735  0.5443015  0.5503968  0.5536607  0.5540525  0.5699728  0.5824250  0.5711779  0.5442574  0.5176294  0.5144410  0.5189548
 3  0.7524902  0.7105481  0.6947970  0.6925108  0.6961175  0.7036559  0.7062536  0.7161899  0.7256842  0.7394984  0.7386126  0.7343386  0.7363418  0.7316841  0.7319884  0.7340287  0.7352155  0.7396387  0.7321317  0.7286252  0.7277297  0.7336485  0.7223538  0.7104354  0.7052518  0.7053206  0.6953937
 4  0.4556608  0.4436466  0.4673884  0.4776867  0.4744894  0.4599287  0.4607586  0.4731974  0.5080435  0.5253602  0.5012806  0.4811075  0.4755696  0.4492056  0.4285355  0.4234470  0.4455733  0.4544398  0.4526705  0.4581692  0.4934423  0.5040422  0.4648007  0.4128016  0.3978418  0.4214218  0.4393054
 1  0.7307392  0.6864747  0.6697140  0.6702905  0.6844475  0.7020758  0.6984693  0.7026223  0.6885765  0.6828944  0.6574549  0.6133444  0.6169358  0.6713637  0.6782879  0.6890624  0.6698191  0.6548313  0.6659631  0.6947749  0.6875084  0.6811871  0.6795907  0.6775383  0.6534095  0.6292195  0.6729684
 2  0.5709265  0.5324007  0.5400931  0.5592403  0.5818650  0.5922840  0.5868718  0.5776338  0.5624352  0.5554289  0.5258257  0.4754005  0.5383942  0.5905898  0.5983279  0.5873776  0.5442014  0.5060389  0.5408472  0.5816876  0.5804444  0.5575228  0.5312521  0.5139172  0.4946020  0.5302203  0.5815584
 3  0.7534590  0.7126204  0.6954557  0.6928471  0.7038978  0.7227242  0.7185273  0.7217758  0.7074477  0.7023075  0.6783797  0.6317529  0.6268031  0.6941159  0.7018850  0.7097249  0.6892691  0.6723437  0.6799231  0.7148671  0.7096701  0.7002201  0.6966736  0.6943152  0.6700605  0.6444205  0.6917234
 4  0.4540021  0.4430379  0.4678070  0.4835958  0.5102389  0.5135266  0.4961618  0.4815788  0.4751905  0.4732653  0.4193069  0.3768510  0.5031692  0.5400902  0.5150356  0.4814916  0.4305049  0.3961383  0.4872945  0.5237304  0.4855131  0.4365905  0.4204783  0.4085884  0.4112944  0.4853968  0.5253029
 1  0.7296156  0.6865135  0.6679757  0.6676174  0.6746778  0.6818802  0.6783522  0.6864130  0.7019803  0.7045623  0.6975594  0.6944758  0.6905544  0.6941224  0.6978664  0.6982317  0.6809236  0.6659911  0.6784191  0.6902320  0.6981516  0.7122813  0.7144563  0.7069356  0.6969764  0.6999219  0.6970742
 2  0.5721350  0.5333712  0.5391139  0.5574149  0.5652857  0.5610957  0.5451742  0.5573140  0.5845873  0.5910068  0.5753228  0.5459919  0.5238427  0.5363646  0.5561128  0.5612257  0.5377582  0.5132047  0.5293093  0.5497056  0.5704026  0.5931454  0.5971898  0.5830121  0.5573108  0.5637782  0.5709299
 3  0.7525046  0.7124216  0.6936772  0.6903068  0.6952376  0.7013776  0.6961113  0.7027555  0.7209995  0.7257825  0.7178178  0.7118186  0.7057507  0.7101763  0.7154790  0.7167990  0.6996441  0.6828442  0.6941554  0.7077896  0.7155701  0.7307712  0.7356297  0.7270095  0.7141710  0.7171635  0.7167914
 4  0.4555682  0.4427927  0.4676963  0.4825327  0.4818256  0.4607494  0.4443578  0.4877083  0.5195772  0.5085768  0.4589484  0.4093750  0.4247874  0.4622136  0.4772947  0.4663047  0.4240371  0.4107962  0.4539638  0.4718661  0.4926524  0.5220121  0.5147134  0.4673217  0.4515226  0.4907847  0.4939141
 1  0.7282820  0.6802620  0.6620137  0.6651448  0.6806383  0.6866131  0.6834935  0.6869166  0.6963492  0.7019806  0.6948091  0.6959528  0.7125231  0.7116290  0.7097356  0.7111301  0.7088115  0.7034472  0.7018173  0.7165866  0.7110573  0.7107904  0.7032620  0.6965325  0.6940894  0.6943089  0.6831249
 2  0.5697585  0.5310939  0.5384156  0.5620223  0.5729867  0.5659730  0.5373381  0.5174007  0.5189000  0.5230152  0.5256845  0.5610688  0.5947793  0.6019502  0.5912363  0.5711576  0.5456016  0.5257962  0.5686754  0.6050651  0.6113500  0.6028127  0.5819655  0.5621950  0.5406182  0.5216870  0.4978403
 3  0.7517544  0.7072754  0.6882324  0.6874968  0.7016762  0.7062327  0.7005929  0.7023619  0.7115536  0.7174758  0.7106426  0.7114609  0.7324192  0.7332995  0.7298368  0.7286254  0.7251797  0.7197450  0.7161804  0.7385378  0.7342522  0.7312696  0.7226638  0.7155915  0.7114787  0.7102768  0.6987080
 4  0.4555172  0.4446611  0.4681197  0.4915062  0.4892124  0.4542403  0.4118051  0.4070501  0.4195533  0.4199606  0.4278771  0.5000480  0.5319150  0.5181923  0.4795695  0.4472544  0.4308712  0.4124230  0.5120919  0.5479623  0.5278305  0.5026855  0.4859033  0.4572290  0.4212592  0.3976494  0.3818459
 1  0.7315684  0.6872715  0.6726945  0.6715458  0.6751022  0.6849715  0.6939204  0.7093786  0.7018736  0.7014477  0.6998171  0.6996248  0.6921171  0.6836838  0.6860709  0.6854944  0.6870452  0.7067278  0.6939679  0.6877993  0.6817659  0.6680834  0.6580765  0.6499055  0.6582949  0.6664916  0.6931139
 2  0.5697771  0.5318252  0.5424677  0.5547991  0.5528833  0.5451227  0.5635691  0.5895887  0.5961845  0.5937040  0.5854944  0.5682245  0.5359802  0.5099460  0.5046301  0.5160571  0.5840487  0.6117955  0.6039868  0.5809091  0.5499068  0.5221323  0.4963960  0.5007469  0.5311787  0.5622953  0.5941578
 3  0.7537993  0.7131676  0.6984696  0.6948258  0.6953338  0.7022026  0.7091472  0.7290280  0.7231852  0.7226634  0.7205305  0.7184636  0.7094792  0.6998211  0.7014743  0.7012951  0.7009918  0.7313690  0.7189724  0.7078929  0.7000009  0.6869897  0.6751813  0.6658176  0.6750587  0.6841717  0.7125136
 4  0.4515532  0.4434329  0.4710943  0.4703439  0.4463971  0.4344446  0.4973418  0.5267258  0.5197778  0.5117233  0.4889424  0.4536277  0.4120549  0.3942092  0.4041806  0.4294061  0.5346598  0.5558059  0.5101389  0.4644181  0.4505128  0.4160833  0.3883249  0.4257298  0.4677208  0.5020602  0.5294315
 1  0.7286303  0.6828830  0.6652431  0.6637513  0.6627769  0.6748093  0.6840181  0.6932542  0.7117370  0.7178759  0.7138044  0.7105128  0.7090986  0.7107341  0.7103301  0.7061048  0.7069352  0.7099101  0.7122949  0.7010789  0.7051066  0.7115887  0.6998403  0.7041795  0.7277983  0.7181077  0.7102922
 2  0.5686480  0.5316152  0.5390352  0.5508968  0.5517732  0.5574539  0.5624245  0.5774819  0.5992004  0.6074482  0.5971029  0.5748710  0.5460948  0.5274321  0.5163340  0.5047867  0.5023751  0.5281364  0.5564897  0.5633545  0.5721299  0.5774867  0.5644207  0.6002087  0.6224842  0.6213513  0.5972564
 3  0.7517398  0.7093301  0.6911853  0.6870419  0.6829041  0.6931745  0.7026167  0.7110324  0.7312218  0.7391224  0.7345561  0.7289681  0.7252858  0.7260430  0.7255743  0.7208124  0.7210942  0.7240258  0.7295404  0.7198654  0.7226047  0.7301453  0.7189788  0.7192403  0.7519138  0.7422773  0.7307366
 4  0.4547156  0.4436557  0.4681323  0.4692733  0.4647912  0.4756318  0.4797894  0.5050697  0.5300997  0.5276029  0.4945586  0.4469422  0.4178243  0.4122779  0.3940984  0.3756651  0.3814607  0.4515765  0.4825809  0.4711269  0.4844682  0.4911146  0.4620913  0.5400972  0.5627649  0.5314234  0.4654117
 1  0.7290541  0.6817587  0.6640794  0.6712224  0.6927285  0.6923432  0.6858349  0.6885740  0.7008580  0.7053084  0.7013262  0.6933605  0.6924311  0.6973533  0.7086175  0.7075826  0.7107710  0.7086324  0.7020555  0.6988322  0.6950552  0.6956902  0.6920211  0.6710520  0.6631923  0.6755040  0.6784990
 2  0.5720311  0.5322537  0.5395734  0.5752474  0.5906709  0.5830647  0.5450099  0.5165320  0.5210652  0.5379152  0.5584867  0.5619761  0.5562472  0.5627986  0.5831985  0.5961353  0.5993585  0.5905898  0.5637773  0.5279521  0.4990605  0.5027919  0.5279186  0.5347194  0.5594370  0.5772710  0.5764704
 3  0.7524456  0.7084427  0.6901868  0.6924717  0.7150020  0.7135711  0.7035472  0.7034654  0.7158547  0.7210922  0.7186695  0.7126412  0.7111449  0.7135353  0.7272330  0.7280222  0.7317446  0.7290863  0.7206349  0.7151852  0.7097160  0.7099189  0.7086484  0.6900639  0.6805480  0.6965835  0.7003356
 4  0.4569095  0.4447763  0.4695473  0.5123388  0.5166891  0.4705748  0.3998469  0.4021205  0.4305059  0.4562532  0.4807263  0.4760277  0.4482138  0.4810596  0.5164463  0.5228615  0.5166511  0.4879218  0.4369086  0.3856191  0.3715910  0.4160756  0.4521025  0.4568634  0.4996202  0.5142403  0.4800674
