FL 2019 2020 2021 2022 2023 2024 2025 2026 2027 2028 2029 2030 2031 2032 2033 2034 2035 2036 2037 2038 2039 2040 2041 2042 2043 2044 2045
 1  0.7288134  0.6829873  0.6669894  0.6665052  0.6876680  0.7184979  0.7067072  0.7012018  0.6991367  0.7005241  0.7054946  0.7037283  0.7027465  0.6955311  0.6909414  0.6952504  0.6939217  0.6744095  0.6605500  0.6771761  0.7019631  0.7086493  0.7097531  0.7132872  0.7131149  0.6984814  0.6868139
 2  0.5725724  0.5324563  0.5399460  0.5523221  0.5979942  0.6165267  0.6077665  0.5786594  0.5343514  0.5012192  0.4986774  0.5325067  0.5508373  0.5442912  0.5327246  0.5451982  0.5572830  0.5400928  0.5293540  0.5657276  0.5957568  0.6034972  0.5935526  0.5875324  0.5828957  0.5712640  0.5458297
 3  0.7521145  0.7094340  0.6928853  0.6897194  0.7042677  0.7419098  0.7302139  0.7204954  0.7153704  0.7149484  0.7192471  0.7195343  0.7206634  0.7135856  0.7072861  0.7113430  0.7129716  0.6947451  0.6778141  0.6934032  0.7223195  0.7298223  0.7299577  0.7307970  0.7324398  0.7189451  0.7055252
 4  0.4566311  0.4437178  0.4684980  0.4698981  0.5363725  0.5535948  0.5082757  0.4375123  0.3839051  0.3697668  0.4066671  0.4573485  0.4624640  0.4303888  0.4257240  0.4698830  0.4803072  0.4351115  0.4413391  0.5103057  0.5310759  0.5197026  0.4870820  0.4938653  0.5051527  0.4735689  0.4264767
 1  0.7290193  0.6838820  0.6677455  0.6673338  0.6664364  0.6749024  0.6955849  0.6999254  0.6982023  0.7035008  0.7023547  0.7011264  0.6916555  0.6758059  0.6898094  0.6974127  0.6972729  0.7125147  0.7076848  0.7067577  0.6955577  0.6831473  0.6818944  0.6628851  0.6443714  0.6451999  0.6724189
 2  0.5731135  0.5329778  0.5396667  0.5534098  0.5512009  0.5607408  0.5763217  0.5776660  0.5710028  0.5708239  0.5653616  0.5568578  0.5462519  0.5394040  0.5521434  0.5562189  0.5742494  0.5939922  0.5944728  0.5756979  0.5385728  0.5218317  0.5249938  0.5143647  0.5030656  0.5304537  0.5642333
 3  0.7523618  0.7102255  0.6934830  0.6902877  0.6868834  0.6923236  0.7143341  0.7195776  0.7161996  0.7218602  0.7212688  0.7183508  0.7092057  0.6936994  0.7069545  0.7153825  0.7133022  0.7329251  0.7291783  0.7251105  0.7124644  0.6996141  0.6992171  0.6817970  0.6612618  0.6613733  0.6910565
 4  0.4573780  0.4432885  0.4673599  0.4728190  0.4584035  0.4838081  0.5027320  0.4841755  0.4772122  0.4851399  0.4647666  0.4556003  0.4543727  0.4531642  0.4680233  0.4579578  0.5043975  0.5288077  0.4963264  0.4482579  0.4183628  0.4312666  0.4413477  0.4121940  0.4179712  0.4749069  0.4978704
 1  0.7283085  0.6841639  0.6668507  0.6703599  0.6863969  0.6910547  0.6835731  0.6862142  0.6923446  0.6910912  0.6904095  0.6931103  0.6901692  0.6792195  0.6819040  0.6960272  0.6875575  0.6877361  0.6892026  0.6925789  0.6821810  0.6691190  0.6696292  0.6799313  0.6987122  0.7003927  0.6956825
 2  0.5726575  0.5332084  0.5389597  0.5663900  0.5807419  0.5772788  0.5534623  0.5489778  0.5572838  0.5540392  0.5443479  0.5423581  0.5555152  0.5588374  0.5670836  0.5701018  0.5629125  0.5612416  0.5652418  0.5651085  0.5474210  0.5253054  0.5261855  0.5651999  0.5948044  0.5978958  0.5811869
 3  0.7516802  0.7103537  0.6925437  0.6921788  0.7076090  0.7114270  0.7015770  0.7032653  0.7106837  0.7097142  0.7080694  0.7092751  0.7073756  0.6998046  0.7008626  0.7145434  0.7062631  0.7063365  0.7081045  0.7113931  0.7011876  0.6868937  0.6859028  0.6967158  0.7192350  0.7227077  0.7163865
 4  0.4573648  0.4429854  0.4670312  0.4984472  0.5035617  0.4744504  0.4472789  0.4671560  0.4753349  0.4566958  0.4328004  0.4496031  0.4882960  0.4810927  0.4794645  0.4807571  0.4766663  0.4798094  0.4809121  0.4749678  0.4452677  0.4191357  0.4471704  0.5087171  0.5320339  0.5150047  0.4654857
 1  0.7292546  0.6839832  0.6685633  0.6698389  0.6759701  0.6846825  0.6874408  0.6964726  0.7067165  0.7190009  0.7173832  0.7160435  0.7188457  0.7145302  0.7165423  0.7191224  0.7206874  0.7238427  0.7154978  0.7115573  0.7102512  0.7138505  0.7017287  0.6920636  0.6887349  0.6894908  0.6811884
 2  0.5718989  0.5325022  0.5401549  0.5568868  0.5624695  0.5595900  0.5538834  0.5575793  0.5805743  0.5981370  0.5979190  0.5889303  0.5757963  0.5625358  0.5484731  0.5402239  0.5443611  0.5505564  0.5540385  0.5543812  0.5702264  0.5825273  0.5712081  0.5443020  0.5175013  0.5142961  0.5198954
 3  0.7524902  0.7105481  0.6944095  0.6925470  0.6962141  0.7035484  0.7047033  0.7137541  0.7240023  0.7388156  0.7382080  0.7342434  0.7366439  0.7322232  0.7324163  0.7344691  0.7357572  0.7399544  0.7323585  0.7285282  0.7273837  0.7333835  0.7219418  0.7100337  0.7046719  0.7048654  0.6977754
 4  0.4556608  0.4436466  0.4673448  0.4778992  0.4747238  0.4600958  0.4606958  0.4734021  0.5083624  0.5256080  0.5015922  0.4813716  0.4756661  0.4493220  0.4282205  0.4230417  0.4455863  0.4548375  0.4532733  0.4588246  0.4938434  0.5042868  0.4650130  0.4130525  0.3979130  0.4213195  0.4391156
 1  0.7307392  0.6864747  0.6695489  0.6700112  0.6842729  0.7022309  0.6985903  0.7026349  0.6884416  0.6828312  0.6576155  0.6133325  0.6206212  0.6752131  0.6807701  0.6907232  0.6772299  0.6673214  0.6759185  0.6988999  0.6879672  0.6779595  0.6758355  0.6735932  0.6386642  0.6060424  0.6658243
 2  0.5709265  0.5324007  0.5399969  0.5591278  0.5819315  0.5925194  0.5870155  0.5776343  0.5623323  0.5552966  0.5258483  0.4752659  0.5394562  0.5902242  0.5976816  0.5869924  0.5491334  0.5137217  0.5425746  0.5814436  0.5781351  0.5531906  0.5286131  0.5128067  0.4894314  0.5294567  0.5843700
 3  0.7534590  0.7126204  0.6953047  0.6925844  0.7037288  0.7228854  0.7186476  0.7217893  0.7073070  0.7022380  0.6785194  0.6317331  0.6308355  0.6976435  0.7040775  0.7112559  0.6964381  0.6845826  0.6901297  0.7189326  0.7101358  0.6970891  0.6930109  0.6905133  0.6555530  0.6196446  0.6846497
 4  0.4540021  0.4430379  0.4678002  0.4836744  0.5104209  0.5137027  0.4962284  0.4815516  0.4750601  0.4730629  0.4192517  0.3766470  0.5033208  0.5387325  0.5140104  0.4809291  0.4331303  0.3986309  0.4857262  0.5223629  0.4829106  0.4340425  0.4205810  0.4097461  0.4121077  0.4913024  0.5295351
 1  0.7296156  0.6865135  0.6676092  0.6670326  0.6716536  0.6765537  0.6763571  0.6873534  0.7001016  0.7009007  0.6940498  0.6909808  0.6786939  0.6744165  0.6840530  0.6891318  0.6758828  0.6647785  0.6785643  0.6906245  0.6943583  0.7067628  0.7110977  0.7044333  0.6930488  0.6958852  0.7053142
 2  0.5721350  0.5333712  0.5389244  0.5571827  0.5634229  0.5578864  0.5455993  0.5584800  0.5835877  0.5885756  0.5731373  0.5440275  0.5172491  0.5314563  0.5556760  0.5616197  0.5391594  0.5152502  0.5297000  0.5491878  0.5675638  0.5907784  0.5964771  0.5828646  0.5559278  0.5628094  0.5759383
 3  0.7525046  0.7124216  0.6933258  0.6897305  0.6922815  0.6962614  0.6941871  0.7036809  0.7190998  0.7222671  0.7144671  0.7084490  0.6940327  0.6907399  0.7020935  0.7080658  0.6948086  0.6816554  0.6942631  0.7080937  0.7118273  0.7253356  0.7324608  0.7246759  0.7103447  0.7131629  0.7246052
 4  0.4555682  0.4427927  0.4676623  0.4825052  0.4812056  0.4598399  0.4457418  0.4875230  0.5188711  0.5071360  0.4578671  0.4088317  0.4243466  0.4659863  0.4811655  0.4693135  0.4266382  0.4120697  0.4532509  0.4707713  0.4912599  0.5220330  0.5153122  0.4679979  0.4516874  0.4914535  0.4959176
 1  0.7282820  0.6802620  0.6620539  0.6652510  0.6805347  0.6864259  0.6818043  0.6831367  0.6932270  0.6994156  0.6947874  0.6989446  0.7142392  0.7129384  0.7105917  0.7115864  0.7085799  0.7027311  0.7016788  0.7163031  0.7108593  0.7106618  0.7031620  0.6971146  0.6947404  0.6949232  0.6832008
 2  0.5697585  0.5310939  0.5384276  0.5620978  0.5728759  0.5658262  0.5361107  0.5152936  0.5182302  0.5230697  0.5271259  0.5618708  0.5943632  0.6016247  0.5908250  0.5707233  0.5450580  0.5253735  0.5689176  0.6052145  0.6115208  0.6029624  0.5819608  0.5625533  0.5408092  0.5218426  0.4974301
 3  0.7517544  0.7072754  0.6882774  0.6876034  0.7015897  0.7060718  0.6989628  0.6986844  0.7085391  0.7150328  0.7106193  0.7144258  0.7340075  0.7344679  0.7306121  0.7290469  0.7249548  0.7190562  0.7160464  0.7383141  0.7340885  0.7311516  0.7225608  0.7161373  0.7120966  0.7108557  0.6987283
 4  0.4555172  0.4446611  0.4681338  0.4915595  0.4891762  0.4542380  0.4113936  0.4071803  0.4206935  0.4213223  0.4289768  0.4989657  0.5307721  0.5175074  0.4789123  0.4467792  0.4306969  0.4124349  0.5123976  0.5482054  0.5280571  0.5027813  0.4857844  0.4572511  0.4211598  0.3974420  0.3808538
 1  0.7315684  0.6872715  0.6722967  0.6711300  0.6750375  0.6850499  0.6953562  0.7113242  0.7032287  0.7021097  0.7002088  0.6997567  0.6919540  0.6832556  0.6855664  0.6846649  0.6878626  0.7067344  0.6929433  0.6861238  0.6802943  0.6666200  0.6567666  0.6495545  0.6596762  0.6683384  0.6939508
 2  0.5697771  0.5318252  0.5422796  0.5545803  0.5529624  0.5452764  0.5643409  0.5901259  0.5963414  0.5937321  0.5854198  0.5681068  0.5357863  0.5096708  0.5045593  0.5160112  0.5850154  0.6117921  0.6032952  0.5799609  0.5497206  0.5224540  0.4970453  0.5012983  0.5316173  0.5624527  0.5939967
 3  0.7537993  0.7131676  0.6980765  0.6944238  0.6952710  0.7022834  0.7106020  0.7309074  0.7244945  0.7232953  0.7209125  0.7185922  0.7093218  0.6994145  0.7009921  0.7005022  0.7018775  0.7316715  0.7181214  0.7063146  0.6986117  0.6856459  0.6739403  0.6654818  0.6764224  0.6859933  0.7133184
 4  0.4515532  0.4434329  0.4710346  0.4702508  0.4465115  0.4346173  0.4975851  0.5266093  0.5196200  0.5116112  0.4887759  0.4535359  0.4119815  0.3942576  0.4045016  0.4298510  0.5354309  0.5557844  0.5096961  0.4644777  0.4516548  0.4172884  0.3893829  0.4260165  0.4673632  0.5016369  0.5290747
 1  0.7286303  0.6828830  0.6651190  0.6638395  0.6626685  0.6747039  0.6835847  0.6926179  0.7112679  0.7176865  0.7137359  0.7104315  0.7087391  0.7104710  0.7099929  0.7057117  0.7064622  0.7092727  0.7122982  0.7011847  0.7052158  0.7119020  0.7001250  0.7053205  0.7281255  0.7183005  0.7105119
 2  0.5686480  0.5316152  0.5389820  0.5509381  0.5516729  0.5574397  0.5623190  0.5773141  0.5991062  0.6074493  0.5971476  0.5748558  0.5457949  0.5271757  0.5159812  0.5044612  0.5021056  0.5277144  0.5562447  0.5631527  0.5719386  0.5774969  0.5644585  0.6006431  0.6225357  0.6214360  0.5974535
 3  0.7517398  0.7093301  0.6910565  0.6871288  0.6827980  0.6930778  0.7021979  0.7104067  0.7307576  0.7389377  0.7344866  0.7288862  0.7249310  0.7257771  0.7252474  0.7204329  0.7206316  0.7233838  0.7295154  0.7199319  0.7226959  0.7304476  0.7192648  0.7204523  0.7522855  0.7424783  0.7309551
 4  0.4547156  0.4436557  0.4681031  0.4692714  0.4647718  0.4757695  0.4798996  0.5050885  0.5301181  0.5276307  0.4946059  0.4469218  0.4175788  0.4120091  0.3938364  0.3755736  0.3814522  0.4512096  0.4821313  0.4708119  0.4842553  0.4910574  0.4621205  0.5402361  0.5627200  0.5314948  0.4656057
 1  0.7290541  0.6817587  0.6640004  0.6713342  0.6927807  0.6922696  0.6787417  0.6760291  0.6912405  0.6977583  0.6955996  0.6896119  0.6902969  0.6965362  0.7097881  0.7103434  0.7125807  0.7097475  0.7028407  0.6994635  0.6965908  0.6972753  0.6931614  0.6714357  0.6653024  0.6776329  0.6799146
 2  0.5720311  0.5322537  0.5395191  0.5753489  0.5907316  0.5830046  0.5382114  0.5077225  0.5175747  0.5371442  0.5579668  0.5616782  0.5561082  0.5625054  0.5829783  0.5965460  0.5993386  0.5902797  0.5634514  0.5277294  0.4997217  0.5030164  0.5278375  0.5345608  0.5601765  0.5778732  0.5767038
 3  0.7524456  0.7084427  0.6901201  0.6925867  0.7150495  0.7134958  0.6966730  0.6911139  0.7064043  0.7137206  0.7130219  0.7089324  0.7090265  0.7126791  0.7282598  0.7305699  0.7334101  0.7301031  0.7213582  0.7157754  0.7111949  0.7114577  0.7097744  0.6904486  0.6827080  0.6987015  0.7016784
 4  0.4569095  0.4447763  0.4695527  0.5124083  0.5167147  0.4705017  0.3951071  0.4003162  0.4320377  0.4580850  0.4817271  0.4765022  0.4482500  0.4802425  0.5152372  0.5223946  0.5159914  0.4871894  0.4362891  0.3851367  0.3713422  0.4152607  0.4516507  0.4567509  0.4996766  0.5140826  0.4798880
 1  0.7304056  0.6862663  0.6700362  0.6699321  0.6798062  0.6925939  0.6878633  0.6914003  0.6888135  0.6885979  0.6958922  0.7014347  0.7150015  0.7105445  0.7024798  0.7018799  0.6992903  0.6984562  0.7027933  0.6982043  0.6996734  0.7012321  0.7030339  0.7035630  0.6914534  0.6819538  0.6821783
 2  0.5719358  0.5325228  0.5397296  0.5565065  0.5679884  0.5714335  0.5671645  0.5671348  0.5570988  0.5410576  0.5380907  0.5681507  0.5940627  0.5990791  0.5859717  0.5733441  0.5583951  0.5473262  0.5488244  0.5440546  0.5363525  0.5317215  0.5394037  0.5476260  0.5422011  0.5308372  0.5408231
 3  0.7532408  0.7124399  0.6957231  0.6925792  0.6997691  0.7115710  0.7058377  0.7105913  0.7083460  0.7051936  0.7120558  0.7176645  0.7349808  0.7320888  0.7223994  0.7209576  0.7178134  0.7150655  0.7198558  0.7158424  0.7161698  0.7170435  0.7187941  0.7209890  0.7095850  0.6989928  0.6989639
 4  0.4545313  0.4425846  0.4667904  0.4783038  0.4840423  0.4791518  0.4855015  0.4864443  0.4454460  0.4284553  0.4461892  0.5030601  0.5286895  0.5122143  0.4889921  0.4765244  0.4488343  0.4476379  0.4566934  0.4406041  0.4223754  0.4240536  0.4524371  0.4601761  0.4381079  0.4320073  0.4641129
 1  0.7281665  0.6811525  0.6652584  0.6684922  0.6806834  0.6861496  0.6791697  0.6755986  0.6796408  0.6891605  0.6843403  0.7007719  0.7058422  0.7121444  0.7050214  0.7047020  0.7027670  0.7010423  0.7052809  0.6968559  0.6994295  0.6933267  0.6932451  0.7030107  0.7125563  0.7032596  0.6994243
 2  0.5709774  0.5315600  0.5402646  0.5634512  0.5730688  0.5677633  0.5407269  0.5176476  0.5275316  0.5486170  0.5769993  0.5990403  0.6106967  0.6078599  0.5882304  0.5614234  0.5282345  0.5211816  0.5386637  0.5602454  0.5754051  0.5744233  0.5682844  0.5830060  0.5944761  0.5894604  0.5742463
 3  0.7515019  0.7078046  0.6913207  0.6909418  0.7016975  0.7058928  0.6970244  0.6922002  0.6951628  0.7069189  0.7020517  0.7219900  0.7279195  0.7341646  0.7254669  0.7223034  0.7188482  0.7157880  0.7215847  0.7148396  0.7186507  0.7137166  0.7120615  0.7200892  0.7336139  0.7242039  0.7186623
 4  0.4557197  0.4444463  0.4698457  0.4918694  0.4904276  0.4632986  0.4261684  0.4095304  0.4508469  0.4760639  0.5133557  0.5373055  0.5364736  0.5199553  0.4747893  0.4323080  0.3972957  0.4257480  0.4610489  0.4856342  0.5009120  0.4853424  0.4703249  0.5117590  0.5228397  0.4955995  0.4730681
 1  0.7281973  0.6813801  0.6663505  0.6651772  0.6737150  0.7011866  0.7039550  0.7062964  0.6997623  0.6962525  0.7016131  0.7086056  0.6848781  0.6549436  0.6545167  0.6637926  0.6753462  0.6866530  0.7102659  0.7048139  0.6975271  0.6989661  0.7029230  0.7067056  0.6858248  0.6773038  0.7017142
 2  0.5743464  0.5328744  0.5415801  0.5509657  0.5719129  0.5895317  0.5898343  0.5737860  0.5378162  0.5011208  0.4947020  0.5299874  0.5492133  0.5439164  0.5462433  0.5490476  0.5498533  0.5760694  0.5989252  0.5976605  0.5754127  0.5508790  0.5374153  0.5387712  0.5558907  0.5945042  0.6090705
 3  0.7516029  0.7076443  0.6923187  0.6889529  0.6922242  0.7209491  0.7245397  0.7247175  0.7163605  0.7111460  0.7148182  0.7236311  0.7033127  0.6752607  0.6744923  0.6819551  0.6940020  0.7026504  0.7309410  0.7272591  0.7170950  0.7158999  0.7190543  0.7224075  0.7031545  0.6955666  0.7264039
 4  0.4584144  0.4447439  0.4722246  0.4659715  0.4975324  0.5179689  0.4960066  0.4502592  0.3971385  0.3540703  0.3980493  0.4568266  0.4791429  0.4714355  0.4608522  0.4678402  0.4598590  0.5095273  0.5359307  0.5058927  0.4533057  0.4318355  0.4308335  0.4493737  0.4935185  0.5418253  0.5439537
 1  0.7281184  0.6807090  0.6629916  0.6628152  0.6634498  0.6761085  0.6916077  0.6926431  0.6782012  0.6616467  0.6728616  0.6879752  0.6868802  0.6806435  0.6703184  0.6641778  0.6846399  0.6977979  0.7003656  0.7149715  0.7117550  0.7080438  0.7020694  0.6974641  0.7026952  0.7022121  0.6994833
 2  0.5729084  0.5323670  0.5394046  0.5530662  0.5530208  0.5661446  0.5806629  0.5817626  0.5584381  0.5357357  0.5561621  0.5797832  0.5809966  0.5655028  0.5363091  0.5238212  0.5594708  0.5790821  0.5925256  0.5998672  0.5923756  0.5681132  0.5249711  0.4940173  0.5007331  0.5310177  0.5439488
 3  0.7517145  0.7074706  0.6891343  0.6861273  0.6839665  0.6937807  0.7110701  0.7134879  0.6986783  0.6801850  0.6896209  0.7078123  0.7084310  0.7011328  0.6891124  0.6807400  0.7008881  0.7180933  0.7193986  0.7350640  0.7325951  0.7262894  0.7178750  0.7117703  0.7164986  0.7183484  0.7171506
 4  0.4576816  0.4449541  0.4696518  0.4738611  0.4640765  0.4919181  0.5118633  0.4978625  0.4570649  0.4438603  0.4927353  0.5156337  0.4989697  0.4629148  0.4233439  0.4393312  0.4997321  0.5058827  0.5120604  0.5218976  0.4918307  0.4312628  0.3726726  0.3648866  0.4149423  0.4530596  0.4462990
 1  0.7289669  0.6802509  0.6644856  0.6675734  0.6846537  0.6977100  0.6920478  0.6899755  0.6944421  0.7009447  0.6952792  0.7021022  0.7173403  0.7099735  0.6977830  0.6956103  0.7017407  0.7104659  0.7036538  0.6959068  0.6958592  0.6907871  0.6773667  0.6709680  0.6884769  0.7030217  0.7072256
 2  0.5742236  0.5321444  0.5414666  0.5662605  0.5864769  0.5910247  0.5715527  0.5370593  0.5020820  0.4829163  0.5255317  0.6014493  0.6196158  0.6128205  0.5728529  0.5265208  0.4998610  0.5039183  0.5339965  0.5621800  0.5762220  0.5712636  0.5481369  0.5362181  0.5533842  0.5761839  0.5872614
 3  0.7523603  0.7067756  0.6906829  0.6901400  0.7052194  0.7188734  0.7120177  0.7071122  0.7093862  0.7141320  0.7085705  0.7204133  0.7418743  0.7330208  0.7168376  0.7117020  0.7158430  0.7240721  0.7192401  0.7139233  0.7159701  0.7110751  0.6963299  0.6882696  0.7053652  0.7206190  0.7267606
 4  0.4578898  0.4455059  0.4732237  0.4972763  0.5153691  0.5051989  0.4547240  0.3944999  0.3496752  0.3598630  0.4745230  0.5500841  0.5529924  0.5058139  0.4295206  0.3783129  0.3745463  0.4091639  0.4593472  0.4947210  0.4992184  0.4757560  0.4438998  0.4482007  0.4762224  0.5029593  0.5104582
 1  0.7287269  0.6813673  0.6650026  0.6639901  0.6699030  0.6892934  0.6961900  0.6993258  0.6962123  0.6904441  0.6959039  0.6962349  0.6889452  0.6876397  0.6800499  0.6710294  0.6955594  0.7161956  0.7081851  0.7045576  0.7042215  0.7078286  0.7128668  0.7134933  0.7063570  0.7000723  0.6940287
 2  0.5719461  0.5319569  0.5405070  0.5512522  0.5587709  0.5700160  0.5749483  0.5776529  0.5718468  0.5689778  0.5770684  0.5774606  0.5623989  0.5449699  0.5338044  0.5407559  0.5935490  0.6138008  0.6082247  0.5826652  0.5385785  0.4945001  0.4887604  0.5357990  0.5710625  0.5813557  0.5860818
 3  0.7520538  0.7080049  0.6911268  0.6875901  0.6896219  0.7072978  0.7151869  0.7183397  0.7158421  0.7093407  0.7148042  0.7168928  0.7086461  0.7049080  0.6971595  0.6884489  0.7120852  0.7394534  0.7313576  0.7240007  0.7204442  0.7214886  0.7253209  0.7289907  0.7247912  0.7209541  0.7141785
 4  0.4562514  0.4449012  0.4707408  0.4678713  0.4702561  0.4891902  0.4944773  0.4938011  0.4834230  0.4845939  0.5034938  0.4924260  0.4525636  0.4377533  0.4462404  0.4699273  0.5367764  0.5497489  0.5105642  0.4439792  0.3738109  0.3349957  0.3967611  0.4688361  0.5028835  0.5053413  0.5062607
 1  0.7276935  0.6812072  0.6634060  0.6648691  0.6793601  0.6942324  0.6967750  0.6975852  0.6943030  0.6962305  0.7039306  0.7058702  0.6903473  0.6909895  0.7128122  0.7062402  0.6970565  0.6982719  0.7087204  0.7087098  0.6940364  0.6794907  0.6705771  0.6560150  0.6503081  0.6766919  0.6849228
 2  0.5721492  0.5322268  0.5388364  0.5587659  0.5754309  0.5828935  0.5737362  0.5557317  0.5400496  0.5482119  0.5629219  0.5665950  0.5558450  0.5858917  0.6061191  0.6000049  0.5618056  0.5299221  0.5468574  0.5642974  0.5575531  0.5303029  0.5083341  0.4936604  0.5280830  0.5753503  0.5857685
 3  0.7511928  0.7077284  0.6893959  0.6875621  0.6995511  0.7139657  0.7161599  0.7153002  0.7105521  0.7128077  0.7218240  0.7238694  0.7080047  0.7076332  0.7352300  0.7284124  0.7154225  0.7130714  0.7241175  0.7275557  0.7138555  0.6974126  0.6870690  0.6733183  0.6650296  0.6958546  0.7071339
 4  0.4573467  0.4439921  0.4687588  0.4857073  0.4983638  0.4980600  0.4720357  0.4387215  0.4402603  0.4706445  0.4792031  0.4681230  0.4684732  0.5282164  0.5400947  0.4915704  0.4062999  0.4134498  0.4784192  0.4887986  0.4489407  0.4084464  0.4060611  0.4005574  0.4744232  0.5220692  0.5022393
 1  0.7285885  0.6861851  0.6700195  0.6736403  0.6892342  0.6943299  0.6909515  0.6838336  0.6775144  0.6746801  0.6721146  0.6867373  0.6840704  0.6870742  0.6886816  0.6791477  0.6916328  0.6971496  0.6937269  0.7022009  0.7153954  0.7093823  0.7074058  0.7078736  0.7092741  0.7161898  0.7263290
 2  0.5713707  0.5332933  0.5390736  0.5672184  0.5811827  0.5847981  0.5733195  0.5575108  0.5316340  0.5012541  0.5258943  0.5668631  0.5734304  0.5727834  0.5703007  0.5679368  0.5748849  0.5725241  0.5572660  0.5728899  0.5933941  0.5925280  0.5766604  0.5501136  0.5150761  0.5283638  0.5707573
 3  0.7516385  0.7121700  0.6954802  0.6951814  0.7104622  0.7141082  0.7099261  0.7035827  0.6958066  0.6904942  0.6860233  0.7059316  0.7053288  0.7051916  0.7079310  0.6991243  0.7107625  0.7166163  0.7115849  0.7181551  0.7357378  0.7303841  0.7262496  0.7247414  0.7240527  0.7289931  0.7437509
 4  0.4556943  0.4418778  0.4650746  0.4989409  0.5033066  0.4944061  0.4878877  0.4586217  0.4033746  0.3763709  0.4689340  0.5100662  0.4821450  0.4833098  0.4949333  0.4891145  0.4926704  0.4735938  0.4500299  0.5040338  0.5250818  0.4978659  0.4566006  0.4100610  0.3607778  0.4550897  0.5066049
