              Isim, Ftarg, Btarg
   1 2019          0.3977734      43121.5693246      11088.7194212
   1 2021          0.3860742      43053.4165186      10981.6955094
   1 2023          0.3919238      43031.2179163      11046.7050851
   1 2025          0.3889990      43010.3537434      11039.1605256
   1 2027          0.3948486      43095.4883362      11103.9776400
   1 2029          0.3948486      43094.4148274      11131.2251197
   1 2031          0.3919238      42992.2486832      11059.8631458
   1 2033          0.3889990      43127.1745271      11059.0687557
   1 2035          0.3948486      43067.0169138      11156.2124412
   1 2037          0.3860742      43175.9501520      11040.0240063
   1 2039          0.3831494      43014.6097435      10895.2923216
   1 2041          0.3860742      42954.5372969      10936.9343689
   1 2043          0.3860742      43184.6875558      10995.3127454
   2 2019          0.3977734      43156.3370490      11097.6599479
   2 2021          0.3831494      43091.4908604      10938.8382257
   2 2023          0.3919238      43039.5561622      11087.1818262
   2 2025          0.3977734      43067.3478868      11154.7044694
   2 2027          0.3919238      43163.8912589      11103.6783187
   2 2029          0.3889990      43070.2588870      11030.1226118
   2 2031          0.3772998      43132.2922304      10813.3187169
   2 2033          0.3919238      43050.1158659      10993.5341118
   2 2035          0.3977734      43113.3482527      11085.4379022
   2 2037          0.3919238      43190.2101137      11051.8036073
   2 2039          0.3948486      43168.4307578      11164.5300199
   2 2041          0.3860742      43133.5395834      11047.4618043
   2 2043          0.3772998      43062.9040136      10875.8991140
   3 2019          0.3977734      42058.1565135      10815.2626228
   3 2021          0.3831494      41955.8020379      10696.1278743
   3 2023          0.3802246      42114.2415019      10667.5361135
   3 2025          0.3889990      41927.0671220      10785.0834387
   3 2027          0.3948486      41955.7144042      10840.1811395
   3 2029          0.3919238      42046.2393335      10821.4768968
   3 2031          0.3889990      42013.8082925      10803.6123291
   3 2033          0.3919238      42117.3002848      10789.3375670
   3 2035          0.3919238      42103.9180779      10855.9596056
   3 2037          0.3802246      41941.4616532      10665.2148708
   3 2039          0.3919238      42071.7117649      10805.3384152
   3 2041          0.3919238      42062.9843322      10854.0948674
   3 2043          0.3919238      41969.3586124      10825.4116523
   4 2019          0.3977734      43354.1534118      11148.5284617
   4 2021          0.3802246      43305.8845782      10894.3404536
   4 2023          0.3948486      43365.8236509      11180.7462767
   4 2025          0.3626758      43243.2443988      10668.6847872
   4 2027          0.3802246      43350.4683251      10898.3543553
   4 2029          0.3977734      43228.1602706      11145.5939564
   4 2031          0.3977734      43220.0541501      11143.8575930
   4 2033          0.3743750      43189.5841749      10809.7839569
   4 2035          0.3948486      43353.3598695      11104.4944892
   4 2037          0.4065479      43269.3243192      11298.2376763
   4 2039          0.4006982      43273.2553401      11272.3168762
   4 2041          0.3889990      43322.8204447      11150.9484130
   4 2043          0.3714502      43382.4542751      10832.0447106
   5 2019          0.3977734      44007.5468527      11316.5487043
   5 2021          0.3831494      43945.7168215      11146.7123671
   5 2023          0.3831494      44029.8364970      11172.7501239
   5 2025          0.3743750      44019.0967872      11079.9124991
   5 2027          0.3919238      44057.4192246      11359.1382199
   5 2029          0.3889990      44037.5418054      11320.4830936
   5 2031          0.3860742      44010.5211216      11227.6571815
   5 2033          0.3977734      43981.1876046      11391.0349476
   5 2035          0.3977734      44006.4369326      11425.0578347
   5 2037          0.3860742      43887.7082097      11274.3434336
   5 2039          0.3714502      44059.5006562      10982.2796924
   5 2041          0.3919238      43940.0079519      11323.0056454
   5 2043          0.3889990      43957.1280732      11316.2739460
   6 2019          0.3977734      44448.7372862      11430.0009048
   6 2021          0.3860742      44412.1031122      11362.5074255
   6 2023          0.3860742      44460.0736139      11368.7118573
   6 2025          0.3889990      44458.2564109      11412.2861758
   6 2027          0.3889990      44477.6233947      11405.0429075
   6 2029          0.3919238      44490.3495735      11435.0862550
   6 2031          0.3977734      44292.3990105      11415.5159550
   6 2033          0.3948486      44430.4623217      11455.6826302
   6 2035          0.3919238      44363.2997465      11436.6557486
   6 2037          0.3656006      44490.0003890      11004.3628855
   6 2039          0.3948486      44464.2750802      11421.0870043
   6 2041          0.4006982      44328.0602009      11540.3680492
   6 2043          0.3977734      44377.7144544      11537.2275192
   7 2019          0.3977734      43442.8710533      11171.3422194
   7 2021          0.3860742      43426.7738119      11103.4955043
   7 2023          0.3860742      43343.0430642      11041.7707098
   7 2025          0.3919238      43498.4119060      11121.6361523
   7 2027          0.3889990      43393.9630401      11103.8283911
   7 2029          0.3889990      43477.9566113      11118.5976281
   7 2031          0.3802246      43479.0935479      11006.0536995
   7 2033          0.3889990      43315.5758138      11039.1347530
   7 2035          0.3948486      43457.2038805      11226.2852384
   7 2037          0.3919238      43285.7549571      11162.8262968
   7 2039          0.3802246      43447.1420023      10978.8348874
   7 2041          0.3919238      43445.1073698      11098.8642102
   7 2043          0.4006982      43427.1528421      11269.3231531
   8 2019          0.3977734      42616.8378776      10958.9276375
   8 2021          0.3772998      42673.7526387      10631.1798034
   8 2023          0.3656006      42540.3337841      10418.9163453
   8 2025          0.3860742      42616.7784865      10822.9138640
   8 2027          0.3977734      42629.1113111      11056.8902209
   8 2029          0.3948486      42540.6604264      11013.2719325
   8 2031          0.3948486      42646.7552033      11039.4675403
   8 2033          0.3743750      42662.9116771      10724.7963074
   8 2035          0.3714502      42505.0239775      10579.7215979
   8 2037          0.3831494      42476.7923925      10847.6514536
   8 2039          0.4006982      42553.3722608      11077.8735709
   8 2041          0.3948486      42521.1136487      11035.1500201
   8 2043          0.3802246      42477.9832292      10767.5044612
   9 2019          0.3977734      42992.0895235      11055.4236667
   9 2021          0.3860742      42969.6767848      10982.4657530
   9 2023          0.3919238      42966.8012636      11087.6941629
   9 2025          0.3919238      42949.1035380      11075.3080869
   9 2027          0.3948486      42845.9706601      10999.3683607
   9 2029          0.3889990      42974.6223128      10981.1610769
   9 2031          0.3889990      42876.7620743      10969.5521567
   9 2033          0.3831494      42924.9033137      10872.1395655
   9 2035          0.3802246      43002.3956144      10838.3840610
   9 2037          0.3948486      42875.8557346      11021.2265247
   9 2039          0.3948486      42879.8748343      11048.2057220
   9 2041          0.3889990      42883.8858240      10983.1292813
   9 2043          0.3889990      42906.1650645      10987.7340761
  10 2019          0.3977734      43193.5025475      11107.2170626
  10 2021          0.3889990      43156.5539616      11084.3940443
  10 2023          0.3948486      43122.0425669      11132.7995114
  10 2025          0.3919238      43199.7793902      11058.8649488
  10 2027          0.3919238      43160.6389019      11041.3532949
  10 2029          0.3831494      43244.5806800      10942.3561848
  10 2031          0.3889990      43240.9352559      11019.1943962
  10 2033          0.3889990      43120.3008108      11034.0995860
  10 2035          0.3919238      43184.3897664      11085.3209490
  10 2037          0.3889990      43058.0664509      11058.3161584
  10 2039          0.3802246      43186.2368230      10921.4833690
  10 2041          0.3948486      43161.2988581      11161.2973862
  10 2043          0.3831494      43118.0571380      10991.8885889
  11 2019          0.3977734      42938.1396063      11041.5504357
  11 2021          0.3831494      42818.2595433      10852.4332594
  11 2023          0.3831494      42986.2084031      10879.9584718
  11 2025          0.3977734      42867.6327412      11082.7812423
  11 2027          0.3977734      42986.5621109      11108.8110178
  11 2029          0.3860742      42961.2215028      10950.6229052
  11 2031          0.3831494      42858.1677899      10883.8512495
  11 2033          0.3919238      42899.7974083      11036.4138204
  11 2035          0.3977734      42801.3568327      11092.2537357
  11 2037          0.3860742      43001.9968822      10979.5280768
  11 2039          0.3772998      42907.8934700      10776.0249965
  11 2041          0.3889990      42892.5122147      10985.0214962
  11 2043          0.3977734      42886.7888294      11103.7043058
  12 2019          0.3977734      43001.6806199      11057.8900189
  12 2021          0.3860742      42845.0745093      10964.7479439
  12 2023          0.3977734      42868.5584233      11115.2168301
  12 2025          0.3919238      43022.4006144      11075.5983568
  12 2027          0.3860742      42848.7273030      10977.4530824
  12 2029          0.3831494      43012.4282833      10949.1226167
  12 2031          0.3860742      42845.9028041      10955.2475707
  12 2033          0.3889990      42906.9028909      10995.5937112
  12 2035          0.3948486      42930.3463107      11084.6528077
  12 2037          0.3831494      43005.5480394      10971.0406930
  12 2039          0.3919238      42994.5088439      11023.4541346
  12 2041          0.3977734      43005.5022351      11124.9198287
  12 2043          0.3948486      43005.7565983      11121.6467271
  13 2019          0.3977734      43561.5608710      11201.8633277
  13 2021          0.3860742      43586.4102319      11114.5915890
  13 2023          0.3860742      43597.9467837      11075.6580668
  13 2025          0.3860742      43624.0099796      11083.7029989
  13 2027          0.3831494      43473.8215225      10975.3558510
  13 2029          0.3919238      43599.1324786      11174.2237860
  13 2031          0.3977734      43613.2784609      11301.2358530
  13 2033          0.3802246      43599.2039681      11103.5606928
  13 2035          0.3831494      43482.3439803      11043.8532232
  13 2037          0.3860742      43454.7814145      11148.2623386
  13 2039          0.3860742      43597.7686834      11093.8733489
  13 2041          0.3919238      43618.2656410      11190.8619164
  13 2043          0.3977734      43477.6077728      11287.0489673
  14 2019          0.3977734      43390.1200232      11157.7772824
  14 2021          0.3860742      43244.2987602      11078.6595931
  14 2023          0.3802246      43234.3722515      11024.2641451
  14 2025          0.3802246      43358.0751505      11023.8040969
  14 2027          0.4036230      43306.7315158      11304.6088322
  14 2029          0.3919238      43427.2670290      11215.1051039
  14 2031          0.3626758      43299.7994045      10713.8310647
  14 2033          0.3889990      43433.3574451      11127.3573047
  14 2035          0.3919238      43454.3044353      11165.6932070
  14 2037          0.3802246      43358.5191919      10972.3167169
  14 2039          0.3977734      43217.7708652      11169.1848316
  14 2041          0.4006982      43326.4590592      11274.9469206
  14 2043          0.3977734      43318.7066049      11242.9015082
  15 2019          0.3977734      44951.0709591      11559.1761004
  15 2021          0.3860742      44941.0540431      11483.5957354
  15 2023          0.3831494      44828.5897901      11432.1208150
  15 2025          0.3860742      44974.7028123      11457.7811038
  15 2027          0.3919238      44923.3555907      11501.2417932
  15 2029          0.3919238      44834.7236113      11537.4932250
  15 2031          0.3889990      44809.3403062      11467.5304009
  15 2033          0.3977734      44825.9822247      11596.6642981
  15 2035          0.3889990      44969.5880477      11487.2835585
  15 2037          0.3948486      44863.0508086      11574.0075646
  15 2039          0.3977734      44903.7284189      11652.3228300
  15 2041          0.3889990      44860.3049186      11513.1715200
  15 2043          0.3802246      44807.2577015      11300.2388053
  16 2019          0.3977734      44722.0835330      11500.2919420
  16 2021          0.3860742      44567.5329765      11405.7721327
  16 2023          0.3802246      44578.2458314      11286.1847548
  16 2025          0.3948486      44715.7711384      11547.8209374
  16 2027          0.3977734      44623.2206263      11605.6275004
  16 2029          0.3919238      44774.5491199      11550.9199531
  16 2031          0.3919238      44583.1251239      11483.5790251
  16 2033          0.3802246      44547.5543407      11303.8250208
  16 2035          0.3831494      44621.1495823      11315.5784551
  16 2037          0.3889990      44606.5446619      11415.1566714
  16 2039          0.3977734      44615.2144955      11510.8867268
  16 2041          0.3889990      44597.0755958      11455.9109747
  16 2043          0.3889990      44670.6308166      11461.8093178
  17 2019          0.3977734      44270.1031161      11384.0650953
  17 2021          0.3889990      44124.6672696      11342.8104115
  17 2023          0.3802246      44103.4860552      11177.4875309
  17 2025          0.3802246      44290.3594018      11212.7349724
  17 2027          0.3831494      44236.1936726      11212.6787622
  17 2029          0.3948486      44242.3375494      11374.9047890
  17 2031          0.3977734      44105.5842796      11420.1533397
  17 2033          0.3977734      44233.6100535      11439.9903444
  17 2035          0.3919238      44290.1561530      11394.6722192
  17 2037          0.3860742      44225.2502838      11311.6873192
  17 2039          0.3919238      44092.7057388      11389.9742418
  17 2041          0.3889990      44220.7044675      11384.6953979
  17 2043          0.3772998      44265.3737989      11174.1036118
  18 2019          0.3977734      44238.9320529      11376.0494507
  18 2021          0.3831494      44118.0839671      11205.1894812
  18 2023          0.3919238      44146.1318904      11349.7011567
  18 2025          0.3948486      44244.8828439      11384.4256579
  18 2027          0.3977734      44118.3969119      11456.6769138
  18 2029          0.3919238      44171.3816805      11384.1255023
  18 2031          0.3772998      44187.5651956      11162.0834757
  18 2033          0.3860742      44254.7939988      11303.5999795
  18 2035          0.3919238      44224.7587294      11335.4923188
  18 2037          0.3948486      44089.9527332      11372.3778360
  18 2039          0.3948486      44266.7504990      11400.4219732
  18 2041          0.3802246      44068.4390348      11165.3016941
  18 2043          0.3860742      44061.4125905      11218.5470321
  19 2019          0.3977734      43380.5289269      11155.3109302
  19 2021          0.3831494      43406.9233955      11041.6741511
  19 2023          0.3860742      43375.1285790      11128.6278152
  19 2025          0.3919238      43332.0282125      11162.5445362
  19 2027          0.3977734      43324.0867740      11263.3296620
  19 2029          0.3860742      43243.8535292      11098.1789066
  19 2031          0.3831494      43311.6716397      11014.5307805
  19 2033          0.3860742      43224.2775453      11045.8969172
  19 2035          0.3831494      43376.3296646      10995.5013272
  19 2037          0.3889990      43387.5485981      11093.2302061
  19 2039          0.3919238      43306.9898306      11104.0835517
  19 2041          0.3889990      43310.2105390      11093.6083835
  19 2043          0.3889990      43319.5154506      11063.7500925
  20 2019          0.3977734      44007.5468527      11316.5487043
  20 2021          0.3860742      44047.3339028      11212.0437264
  20 2023          0.3919238      43982.3698791      11319.5354790
  20 2025          0.3919238      43999.2295096      11312.1539237
  20 2027          0.3977734      43956.8087480      11388.3849406
  20 2029          0.3772998      43928.6560417      11047.9480228
  20 2031          0.3919238      43932.3573243      11231.2217314
  20 2033          0.3860742      44038.8511019      11198.3598623
  20 2035          0.3948486      43989.0574975      11361.4339783
  20 2037          0.3919238      44001.2652067      11373.5981388
  20 2039          0.3685254      43903.2587576      10991.1818936
  20 2041          0.3889990      43887.5572467      11305.1067955
  20 2043          0.3948486      43915.2321910      11371.2127723
  21 2019          0.3977734      43806.1338287      11264.7553084
  21 2021          0.3743750      43687.4011999      10969.9945553
  21 2023          0.3656006      43742.8182336      10783.9404631
  21 2025          0.3977734      43865.6474827      11253.5776715
  21 2027          0.4036230      43715.4965473      11367.6087732
  21 2029          0.4006982      43682.8940565      11321.3536087
  21 2031          0.3948486      43665.5423889      11265.8482626
  21 2033          0.3889990      43816.5531994      11218.4172968
  21 2035          0.3802246      43770.9854743      11111.8202118
  21 2037          0.3860742      43872.8528833      11204.2584965
  21 2039          0.3948486      43784.3434097      11328.9569326
  21 2041          0.3919238      43791.0118870      11264.7490786
  21 2043          0.3919238      43695.9771674      11255.3622614
  22 2019          0.3977734      43127.5637598      11090.2608914
  22 2021          0.3860742      42969.8876032      10979.1463862
  22 2023          0.3919238      43133.7588919      11035.4730588
  22 2025          0.3919238      43128.1859131      11036.3297272
  22 2027          0.3919238      43048.5247875      11097.0326637
  22 2029          0.3977734      43073.0909522      11050.4660199
  22 2031          0.4006982      43004.3284731      11136.8708715
  22 2033          0.3860742      42996.9896344      11007.3795400
  22 2035          0.3802246      43101.5393854      10914.0844430
  22 2037          0.3831494      43086.3481510      10946.6962679
  22 2039          0.3919238      43162.9877616      11085.5371647
  22 2041          0.3948486      43089.4278951      11117.1075693
  22 2043          0.3919238      42995.0478419      11036.9911467
  23 2019          0.3977734      42014.9965798      10804.1640380
  23 2021          0.3860742      42016.9783938      10707.0313884
  23 2023          0.3889990      42024.2448346      10798.3109245
  23 2025          0.3948486      41983.8153640      10896.7557732
  23 2027          0.3860742      41957.7198190      10794.2430103
  23 2029          0.3860742      41870.0925964      10745.8080655
  23 2031          0.3860742      41919.4002504      10786.1677123
  23 2033          0.3919238      41943.7228584      10833.9265384
  23 2035          0.3919238      42082.3069597      10872.7919643
  23 2037          0.3802246      42035.0888688      10642.6956253
  23 2039          0.3831494      41856.1919433      10607.3448134
  23 2041          0.3656006      41966.1753775      10290.7688977
  23 2043          0.3889990      42059.6981771      10762.1881882
  24 2019          0.3977734      42154.0674773      10839.9261446
  24 2021          0.3860742      42118.3812215      10746.2204179
  24 2023          0.3919238      42102.4244485      10812.7452087
  24 2025          0.3802246      42219.2279408      10670.1289527
  24 2027          0.3831494      42207.1554998      10690.6795111
  24 2029          0.3831494      42117.8980193      10696.1251189
  24 2031          0.3919238      42190.0560196      10832.9688027
  24 2033          0.3977734      42025.3780647      10898.6820005
  24 2035          0.3889990      42146.5431283      10799.5106162
  24 2037          0.3831494      42174.4458326      10704.9816001
  24 2039          0.3977734      42125.8790919      10913.6128715
  24 2041          0.3977734      42194.0443391      10926.8725034
  24 2043          0.3919238      42148.9360448      10831.9800354
  25 2019          0.3977734      43261.8391092      11124.7898219
  25 2021          0.3860742      43314.2776299      11027.8484255
  25 2023          0.3948486      43197.5177127      11135.0213957
  25 2025          0.3977734      43107.8833908      11192.7305735
  25 2027          0.3743750      43148.0385193      10907.2756170
  25 2029          0.3802246      43237.8633437      10876.5597454
  25 2031          0.3977734      43318.0628097      11168.3164296
  25 2033          0.4006982      43190.2799168      11213.2168897
  25 2035          0.3948486      43125.0227388      11158.9221957
  25 2037          0.3860742      43174.0670155      11060.2615979
  25 2039          0.3919238      43146.6217356      11096.0743027
  25 2041          0.3919238      43252.5256216      11135.6208338
  25 2043          0.3802246      43213.3015315      10960.2620984
  26 2019          0.3977734      42526.9213490      10935.8055858
  26 2021          0.3802246      42479.8992155      10727.5721227
  26 2023          0.3860742      42358.8204095      10797.2027504
  26 2025          0.3948486      42403.9373992      10967.6736985
  26 2027          0.3919238      42369.0626206      10902.1620223
  26 2029          0.3919238      42556.3174630      10912.8399821
  26 2031          0.3977734      42374.2999584      10923.9788669
  26 2033          0.3977734      42522.1997783      10965.6535862
  26 2035          0.3802246      42452.9501371      10679.6717106
  26 2037          0.3802246      42434.5843597      10679.8154940
  26 2039          0.3860742      42527.8564509      10805.9401228
  26 2041          0.3919238      42476.1343566      10903.5771007
  26 2043          0.4006982      42437.6338459      11001.2422425
  27 2019          0.3977734      43770.1672173      11255.5064877
  27 2021          0.3860742      43739.9334820      11108.0950098
  27 2023          0.3889990      43780.5054979      11186.0496209
  27 2025          0.3919238      43721.1128304      11245.6678590
  27 2027          0.3977734      43650.2851169      11257.9923090
  27 2029          0.3977734      43604.4219449      11294.6878058
  27 2031          0.3948486      43800.9542130      11256.7690174
  27 2033          0.3772998      43824.5695334      10958.0622208
  27 2035          0.3772998      43622.1307500      10954.0964561
  27 2037          0.3860742      43763.9373021      11124.4423144
  27 2039          0.3889990      43713.2493817      11207.9455448
  27 2041          0.3802246      43790.6842977      10992.5143501
  27 2043          0.3860742      43751.7805990      11130.3894981
  28 2019          0.3977734      43368.5400564      11152.2279900
  28 2021          0.3860742      43342.5233875      11039.9873721
  28 2023          0.3831494      43268.0227148      10987.1550488
  28 2025          0.3802246      43435.7836846      10988.6427217
  28 2027          0.3919238      43311.4776332      11112.0973456
  28 2029          0.3919238      43307.9275920      11106.6011665
  28 2031          0.3948486      43377.4825320      11192.9408330
  28 2033          0.3860742      43439.5675106      11069.4110338
  28 2035          0.3802246      43426.9515218      11001.4716481
  28 2037          0.3889990      43414.7768065      11122.6091307
  28 2039          0.3743750      43375.8536409      10887.0231358
  28 2041          0.3831494      43367.1568543      10935.6367491
  28 2043          0.4006982      43378.3468523      11231.5696405
  29 2019          0.3977734      44411.5717877      11420.4437900
  29 2021          0.3802246      44368.5144382      11208.2745703
  29 2023          0.3889990      44348.3145506      11390.2398074
  29 2025          0.3977734      44287.4353035      11494.9630091
  29 2027          0.3948486      44303.5775124      11451.2857693
  29 2029          0.3743750      44315.9545198      11081.4795564
  29 2031          0.3889990      44351.3183667      11335.4630306
  29 2033          0.3977734      44423.5630343      11481.8797106
  29 2035          0.3977734      44238.9786585      11457.6314157
  29 2037          0.3919238      44437.9772191      11425.3061025
  29 2039          0.3685254      44299.3843100      11019.7078665
  29 2041          0.3772998      44444.3560197      11165.6963794
  29 2043          0.3889990      44255.8405637      11325.9407132
  30 2019          0.3977734      44349.2296612      11404.4125008
  30 2021          0.3831494      44352.0656992      11280.7724025
  30 2023          0.3802246      44315.4657587      11201.9660885
  30 2025          0.3977734      44229.8768811      11464.4103219
  30 2027          0.3889990      44347.1508915      11382.7317477
  30 2029          0.3656006      44332.9078374      10954.8447048
  30 2031          0.3889990      44312.8425452      11301.9320807
  30 2033          0.3977734      44230.8516213      11477.8987714
  30 2035          0.3948486      44346.8079809      11464.4361534
  30 2037          0.3948486      44283.5335750      11404.7931144
  30 2039          0.3948486      44255.1546830      11438.5284623
  30 2041          0.3919238      44421.0018710      11465.7508081
  30 2043          0.3714502      44202.6756458      11094.8474631
  31 2019          0.3977734      44476.3116883      11437.0916673
  31 2021          0.3831494      44493.2802495      11308.8112135
  31 2023          0.3919238      44362.1131721      11413.4739735
  31 2025          0.3919238      44335.9107633      11412.1067541
  31 2027          0.3948486      44438.4279498      11496.1392058
  31 2029          0.3948486      44340.6621439      11474.5625349
  31 2031          0.3743750      44403.1448801      11124.0875611
  31 2033          0.3802246      44521.0927747      11243.5919957
  31 2035          0.3860742      44509.5429090      11331.7114167
  31 2037          0.3948486      44499.2624754      11463.0874542
  31 2039          0.3919238      44536.2038703      11455.4401421
  31 2041          0.3919238      44458.5267188      11441.2519538
  31 2043          0.3802246      44362.3596086      11232.1532485
  32 2019          0.3977734      44123.8388963      11346.4532245
  32 2021          0.3860742      44001.4981781      11235.3676637
  32 2023          0.3889990      44173.6172109      11232.7079938
  32 2025          0.3977734      44172.5049898      11375.5436449
  32 2027          0.3889990      44155.0050342      11292.9317863
  32 2029          0.3831494      44027.4180527      11130.4566516
  32 2031          0.3919238      44195.6892933      11267.1110748
  32 2033          0.3889990      44161.1154059      11237.4856290
  32 2035          0.3670630      44067.5631748      10891.7834605
  32 2037          0.3919238      44163.7034592      11267.5463361
  32 2039          0.3977734      44083.0476002      11355.6695145
  32 2041          0.3977734      43976.7776413      11339.8441470
  32 2043          0.3919238      43999.9758004      11335.5326607
  33 2019          0.3977734      43881.6637127      11284.1778319
  33 2021          0.3889990      43846.8222696      11302.4425363
  33 2023          0.3772998      43781.4677216      11105.6030308
  33 2025          0.3860742      43915.7545944      11241.7101135
  33 2027          0.3948486      43787.5283660      11326.9867532
  33 2029          0.3919238      43866.8553532      11279.2485048
  33 2031          0.3919238      43827.0329334      11296.5884752
  33 2033          0.3889990      43835.5124965      11260.8164342
  33 2035          0.3772998      43863.8316227      11047.4781019
  33 2037          0.3860742      43781.8383669      11171.0183350
  33 2039          0.3919238      43945.9252454      11314.6540497
  33 2041          0.3948486      43863.4917218      11340.9871695
  33 2043          0.3948486      43781.6247403      11328.7067056
  34 2019          0.3977734      44081.8778497      11335.6629337
  34 2021          0.3802246      44073.3909180      11091.8755461
  34 2023          0.3714502      44063.6865167      10974.6472244
  34 2025          0.3889990      44091.9287671      11238.5819720
  34 2027          0.3977734      43958.2552296      11375.4985753
  34 2029          0.3977734      43949.2998238      11404.9131674
  34 2031          0.3948486      43980.1611260      11408.9435235
  34 2033          0.3919238      43964.8353628      11376.2606944
  34 2035          0.3772998      44087.0140588      11133.3589245
  34 2037          0.3802246      43933.7347179      11109.7373704
  34 2039          0.3919238      44136.6049338      11259.3388122
  34 2041          0.3919238      44102.9447966      11304.4900084
  34 2043          0.3802246      43959.7576939      11154.1269097
  35 2019          0.3977734      44339.6385649      11401.9461487
  35 2021          0.3802246      44193.6430530      11078.2431455
  35 2023          0.3772998      44196.3840002      11122.6411046
  35 2025          0.3948486      44287.1066220      11359.1863352
  35 2027          0.3948486      44342.4200785      11406.2078601
  35 2029          0.3977734      44398.2011185      11406.8313522
  35 2031          0.4036230      44203.0301816      11422.3508816
  35 2033          0.3772998      44280.8327945      11123.9290634
  35 2035          0.3772998      44247.2989775      11086.2028030
  35 2037          0.3889990      44381.3943435      11355.6040900
  35 2039          0.3977734      44235.9134694      11454.1010274
  35 2041          0.3977734      44175.7427870      11447.1286308
  35 2043          0.3948486      44339.7181787      11447.3566727
  36 2019          0.3977734      44660.9402936      11484.5689468
  36 2021          0.3831494      44684.2328059      11338.6120217
  36 2023          0.3860742      44677.3392564      11352.8546745
  36 2025          0.3860742      44735.2319836      11388.7173706
  36 2027          0.3919238      44621.8703259      11474.6410036
  36 2029          0.3977734      44626.7551177      11547.6275815
  36 2031          0.3860742      44624.8104404      11434.3036126
  36 2033          0.3889990      44633.2733676      11395.4738751
  36 2035          0.3889990      44657.3752745      11453.1763785
  36 2037          0.3919238      44603.4976962      11506.4442302
  36 2039          0.3948486      44678.0863294      11561.5394688
  36 2041          0.3889990      44684.2416540      11469.1002678
  36 2043          0.3919238      44635.1449795      11493.6726104
  37 2019          0.3977734      44386.3951597      11413.9696156
  37 2021          0.3860742      44341.4951812      11354.7300576
  37 2023          0.3802246      44288.1348340      11220.6907193
  37 2025          0.3948486      44410.6967213      11433.5962091
  37 2027          0.3948486      44268.5587239      11468.6955642
  37 2029          0.3772998      44425.0689355      11251.9709715
  37 2031          0.3860742      44439.6252850      11294.0941352
  37 2033          0.3948486      44336.8177339      11460.3479491
  37 2035          0.3948486      44274.8507085      11453.6797457
  37 2037          0.3948486      44354.2745685      11439.7680132
  37 2039          0.3889990      44262.1417449      11331.1191139
  37 2041          0.3889990      44421.5052941      11355.0583634
  37 2043          0.3919238      44335.0022720      11361.2992191
  38 2019          0.3977734      43113.1771153      11086.5613631
  38 2021          0.3831494      43160.2609382      10975.9691096
  38 2023          0.3831494      43022.3842968      10936.2230405
  38 2025          0.3977734      43077.4037483      11116.3688724
  38 2027          0.3977734      43045.2180151      11128.5688437
  38 2029          0.3831494      43100.7813497      10984.8311310
  38 2031          0.3860742      43008.8993645      11023.6091981
  38 2033          0.3948486      43105.3430782      11121.7768935
  38 2035          0.3919238      43064.1808575      11121.2536240
  38 2037          0.3743750      43121.3742494      10819.6215058
  38 2039          0.3919238      43002.8722252      11054.4941051
  38 2041          0.3977734      43029.1581608      11164.6270465
  38 2043          0.3919238      43074.6914298      11117.3057828
  39 2019          0.3977734      43346.9600895      11146.6786976
  39 2021          0.3860742      43380.3822536      11032.9436618
  39 2023          0.3889990      43246.3763105      11081.1468756
  39 2025          0.3860742      43242.2393427      11067.2066094
  39 2027          0.3919238      43329.2255454      11162.9772370
  39 2029          0.3919238      43265.8175069      11174.4377296
  39 2031          0.3948486      43223.2686509      11192.1277186
  39 2033          0.3802246      43340.6738489      10972.7539679
  39 2035          0.3860742      43293.7769501      11029.3802998
  39 2037          0.3919238      43379.7720828      11078.9285678
  39 2039          0.3860742      43305.5695252      11013.9626981
  39 2041          0.3889990      43311.1934997      11085.5665680
  39 2043          0.3948486      43202.0150784      11128.0870342
  40 2019          0.3977734      43451.2632627      11173.5002776
  40 2021          0.3860742      43457.2731114      11095.6113484
  40 2023          0.3919238      43440.7344827      11180.4714281
  40 2025          0.3802246      43523.0147016      11012.9760317
  40 2027          0.3948486      43316.9548428      11218.3377798
  40 2029          0.3919238      43446.1243350      11183.6340017
  40 2031          0.3802246      43324.1167700      10968.8778184
  40 2033          0.3948486      43466.6029964      11145.0957636
  40 2035          0.4006982      43356.7796936      11268.3875111
  40 2037          0.3948486      43348.5653087      11187.9496599
  40 2039          0.3714502      43320.1518100      10832.9776481
  40 2041          0.3860742      43340.3650960      11013.3295961
  40 2043          0.3948486      43336.5663434      11125.6968572
  41 2019          0.3977734      43500.4176316      11186.1403325
  41 2021          0.3860742      43558.9442918      11140.4778571
  41 2023          0.3860742      43459.5320598      11130.0791522
  41 2025          0.3919238      43473.3815625      11196.1759347
  41 2027          0.3919238      43346.6292387      11176.8235706
  41 2029          0.3889990      43475.1396008      11123.2080519
  41 2031          0.3831494      43347.4307001      11031.7125041
  41 2033          0.3772998      43330.5023475      10916.5798998
  41 2035          0.3802246      43479.8352452      10956.9396560
  41 2037          0.3919238      43431.8778594      11108.0487688
  41 2039          0.3948486      43398.7442443      11201.3014482
  41 2041          0.3948486      43503.7201623      11225.7004845
  41 2043          0.3977734      43374.8127650      11238.0213641
  42 2019          0.3977734      43378.1311528      11154.6943422
  42 2021          0.3889990      43244.5369338      11121.8659224
  42 2023          0.3889990      43306.5216529      11122.3837483
  42 2025          0.3977734      43438.7791974      11211.6180075
  42 2027          0.3919238      43297.6358315      11174.2242021
  42 2029          0.3860742      43257.7404373      11055.7776364
  42 2031          0.3889990      43237.1616671      11080.1448830
  42 2033          0.3919238      43430.3497323      11193.2579026
  42 2035          0.3919238      43329.4463453      11205.8054290
  42 2037          0.3860742      43228.2115669      11053.3937101
  42 2039          0.3919238      43215.0781313      11143.5955255
  42 2041          0.3831494      43403.7731250      11007.8482617
  42 2043          0.3656006      43278.5163762      10743.5716434
  43 2019          0.3977734      43863.6804070      11279.5534215
  43 2021          0.3919238      43694.8707911      11268.6870217
  43 2023          0.3831494      43842.9780866      11177.9041999
  43 2025          0.3889990      43741.6743312      11238.3335515
  43 2027          0.3714502      43851.2000070      10953.0235255
  43 2029          0.3919238      43836.6661684      11182.8373694
  43 2031          0.4036230      43844.7578564      11389.1003149
  43 2033          0.3977734      43894.8358285      11282.0952101
  43 2035          0.3948486      43785.7836820      11313.4933811
  43 2037          0.3919238      43879.8899921      11312.9887965
  43 2039          0.3889990      43871.4933943      11266.6132310
  43 2041          0.3802246      43767.6069499      11131.6606663
  43 2043          0.3656006      43859.2493196      10822.3933617
  44 2019          0.3977734      43899.6470184      11288.8022422
  44 2021          0.3831494      43899.5671001      11173.5063617
  44 2023          0.3889990      43921.3175153      11210.1305545
  44 2025          0.3977734      43878.9305669      11326.2705752
  44 2027          0.3977734      43824.8214088      11354.5968788
  44 2029          0.3919238      43860.6532819      11268.0114114
  44 2031          0.3714502      43740.7754923      10929.1226237
  44 2033          0.3831494      43768.2300168      11073.6598211
  44 2035          0.3919238      43728.1613162      11275.1542855
  44 2037          0.3977734      43933.6751012      11340.0998944
  44 2039          0.3919238      43954.3435623      11284.6202278
  44 2041          0.3802246      43867.8917188      11068.8752998
  44 2043          0.3889990      43811.0851960      11182.7138416
  45 2019          0.3977734      43766.5705562      11254.5816056
  45 2021          0.3889990      43702.3050259      11228.9327246
  45 2023          0.3919238      43775.2184100      11312.3447675
  45 2025          0.3802246      43771.2428640      11120.0150081
  45 2027          0.3889990      43777.4386220      11230.4203666
  45 2029          0.3948486      43791.3880179      11279.2171767
  45 2031          0.3831494      43676.0149736      11111.8045159
  45 2033          0.3831494      43732.9628529      11108.9288103
  45 2035          0.3889990      43743.8282100      11200.4896556
  45 2037          0.3948486      43622.4749707      11283.3107719
  45 2039          0.3948486      43719.8839458      11323.1355667
  45 2041          0.3831494      43750.1126175      11167.4017297
  45 2043          0.3802246      43831.7405155      11097.4331390
  46 2019          0.3977734      42897.3774467      11031.0684389
  46 2021          0.3889990      42780.2303734      10982.0964367
  46 2023          0.3831494      42929.0781631      10911.8391716
  46 2025          0.3919238      42878.5859416      11023.4285701
  46 2027          0.3919238      42873.6247890      11050.3198048
  46 2029          0.3860742      42862.2440521      10937.9269337
  46 2031          0.3714502      42945.1625313      10715.7646942
  46 2033          0.3919238      42750.2916488      10981.0384353
  46 2035          0.3948486      42814.0955144      11070.7658785
  46 2037          0.3948486      42867.0468786      11078.4579941
  46 2039          0.3889990      42749.0448191      11017.1114081
  46 2041          0.3948486      42868.8056424      11054.3398893
  46 2043          0.3977734      42868.3447545      11116.3811096
  47 2019          0.3977734      43224.6736107      11115.2327072
  47 2021          0.3889990      43075.1733408      11068.4751957
  47 2023          0.3919238      43158.1396783      11106.3613619
  47 2025          0.3889990      43130.6003627      11082.3096873
  47 2027          0.3889990      43083.9766817      11080.8384929
  47 2029          0.3831494      43270.0653243      10991.9272879
  47 2031          0.4006982      43099.0553761      11123.8040365
  47 2033          0.3977734      43170.3242499      11175.4690952
  47 2035          0.3860742      43263.9054059      11046.4794793
  47 2037          0.3831494      43081.7571727      10988.6757686
  47 2039          0.3948486      43254.0437191      11114.0628513
  47 2041          0.3919238      43158.3695802      11123.3359129
  47 2043          0.3889990      43268.0870603      11118.6663093
  48 2019          0.3977734      43662.2673830      11227.7600256
  48 2021          0.3860742      43715.0876249      11145.3559223
  48 2023          0.3977734      43653.2205105      11207.8836189
  48 2025          0.3948486      43586.8003963      11265.3328018
  48 2027          0.3860742      43540.8373367      11133.6722926
  48 2029          0.3802246      43666.4763083      11046.5151573
  48 2031          0.3860742      43667.2698777      11115.5998330
  48 2033          0.3977734      43499.1915413      11266.3549855
  48 2035          0.3977734      43549.0263998      11333.6110329
  48 2037          0.3802246      43494.9851551      11061.2397447
  48 2039          0.3831494      43551.6074291      11052.9884237
  48 2041          0.3889990      43556.1937280      11154.5652661
  48 2043          0.3919238      43543.0389166      11229.4471128
  49 2019          0.3977734      43525.5942596      11192.6145070
  49 2021          0.3860742      43363.9703037      11071.0073202
  49 2023          0.3919238      43351.9989291      11114.2563103
  49 2025          0.3977734      43412.7101985      11220.2502463
  49 2027          0.3860742      43589.5201478      11058.5107423
  49 2029          0.3977734      43360.5339016      11218.9915066
  49 2031          0.3919238      43404.9070460      11191.9469563
  49 2033          0.3889990      43385.3870128      11106.6476366
  49 2035          0.3919238      43590.5709586      11198.9126223
  49 2037          0.3831494      43403.2600080      11028.2776887
  49 2039          0.3802246      43435.4338840      10921.0143956
  49 2041          0.3889990      43450.5588873      11021.0052463
  49 2043          0.4036230      43575.6609364      11262.2294078
  50 2019          0.3977734      44952.2698461      11559.4843944
  50 2021          0.3831494      44988.0577633      11400.4674083
  50 2023          0.3889990      44951.0154221      11535.8453489
  50 2025          0.3889990      44874.3474001      11552.5179004
  50 2027          0.3919238      44835.0420755      11589.5428478
  50 2029          0.3889990      44839.2116943      11532.3923638
  50 2031          0.3919238      44925.6781701      11485.0635533
  50 2033          0.3948486      44875.0701279      11594.8016223
  50 2035          0.3919238      44880.1361431      11573.1396186
  50 2037          0.3860742      45004.5869712      11485.2587632
  50 2039          0.3889990      44815.8660050      11508.5891954
  50 2041          0.3919238      44829.1844835      11560.0966189
  50 2043          0.3919238      44920.9827653      11584.6719297
