2019 2020 2021 2022 2023 2024 2025 2026 2027 2028 2029 2030 2031 2032 2033 2034 2035 2036 2037 2038 2039 2040 2041 2042 2043 2044 2045
  25959.53   29781.11   42211.65   54655.76  104244.30  177401.37  206608.14  215691.32  190440.88  157914.44  128177.08  101325.53   93040.91   82395.96   71585.79   67080.93   59561.13   47529.18   41319.13   47246.72   68895.40   91819.40  104609.30  126720.51  135184.52  132006.12  113759.46
  26666.73   30531.55   43087.53   56467.04   65349.58   80384.05   90576.18   93902.78  102478.61  112773.17  104310.10   96667.68  103324.02  107996.52  107115.50  100195.82  124180.44  161586.51  173254.55  175948.60  135489.64   96876.44   79024.18   55477.05   39030.76   30252.21   41083.74
  27337.97   31352.20   43522.10   64507.51   86685.50  100483.94   93473.48   88526.80   89489.77   86003.69   80851.00   78755.25   69773.00   60237.90   70578.36   81687.25   76161.28   73404.68   79357.82   84507.92   78311.85   67570.78   59686.48   62119.29   84544.91  102436.37  108471.18
  27375.08   31749.17   45558.64   61533.90   73705.88   82433.02   84023.14   86866.71  109901.21  145129.49  168891.92  192489.60  203539.07  197828.80  195982.25  185457.97  176039.52  170007.22  149654.42  135631.45  142258.04  155192.19  147514.62  130070.18  110502.46   91586.71   69512.18
  27413.16   31184.50   43804.67   60251.12   87297.75  116961.08  132475.77  145677.82  131060.15  115349.87   84903.69   49876.60   50883.27   59552.21   84006.25  103846.20   90796.41   72530.50   76507.84   87513.75   90174.33   86161.66   76084.85   62096.94   39887.74   26154.51   40737.59
  27916.22   31765.90   43619.01   58754.09   70822.87   77535.55   75945.28   82246.06  100280.09  115688.20  115690.24  108130.71   92024.89   80978.99   82702.75   81917.60   69768.21   57648.65   58604.40   59201.66   66957.38   86512.19  102388.04  107546.19  100657.90  101944.39  107771.47
  25293.69   29440.80   41530.11   59940.20   77570.65   87454.02   82107.08   75722.23   71357.16   65502.81   54273.20   55453.36   73252.56   89907.99  100841.72  106231.86   93183.69   75611.23   81684.54  109688.30  143938.92  179863.69  194149.20  192532.41  180261.28  156720.67  124390.62
  26166.07   29372.72   42770.94   55890.33   65061.20   72750.06   83949.06  105183.92  123302.61  146471.87  165359.01  172443.70  146342.76  112229.51   94663.61   77373.27   94139.90  134281.99  160422.37  178443.19  155532.00  118155.77   91722.16   65615.50   62760.99   67792.16   99872.05
  26381.36   30209.24   42296.01   54231.56   60671.14   68867.68   74428.82   89667.30  129491.92  174739.78  197997.07  202822.08  187153.41  165421.60  139961.99  110302.97   91807.10   82406.82   76240.24   69567.78   78747.96   89928.04   88143.42  138721.11  239128.87  311526.61  336280.47
  25129.66   28957.18   40986.13   67344.78   95038.22  107814.56   97219.84   86503.38   82509.26   79660.54   71860.17   66710.64   67864.64   77266.16   93210.63  118206.13  146094.39  162887.25  154032.17  134325.93  106266.69   82934.86   61725.53   43568.14   45371.23   51707.01   59522.55
  27619.19   31451.88   44390.78   59850.51   76636.21   92341.93   96165.41  101450.15   99235.06   95774.85   89494.88   98272.57  125345.19  146546.52  156777.01  163536.76  159341.36  154952.88  146681.39  131503.23  123935.96  113543.45  103052.97   92675.39   77061.09   63570.27   58165.28
  24999.65   28832.24   41585.18   59822.36   76496.94   86060.73   77149.93   65917.46   60595.43   56723.20   62187.65   82719.55  125394.61  166272.30  178956.11  179466.37  154883.75  130190.44  114358.78  104896.37  116542.71  123080.56  129600.00  161246.58  189903.42  208269.83  211463.09
  23892.22   27141.02   39422.84   50208.80   70948.51  100267.67  114757.50  118824.94  117410.95  109093.40   87888.51   71603.85   63757.56   57464.00   41018.01   30767.77   35622.22   52033.91   72035.81   80801.62   88610.99   93129.61   79195.64   68603.32   66860.66   93726.89  125062.76
  24949.98   28954.52   41012.53   53949.26   59764.00   73107.52   87885.81   98850.89   88317.54   74516.98   81301.40   96245.33  104642.92  103548.32   87811.11   73683.62   88391.69  102250.71  133262.99  178394.92  196993.10  196670.65  161858.11  121680.44  101346.02   82331.32   73888.77
  22802.38   25910.03   37655.11   55922.41   82143.09  105139.19  108219.64  101541.33   90149.07   77357.39   59106.13   72219.50  117376.76  143795.72  143220.90  131064.42  119246.93  106555.96   85674.49   75923.88   78332.04   77604.85   68805.31   61970.77   73009.67   91505.71  106708.30
  24653.49   28396.05   40894.79   52717.88   65791.60   84135.43   93067.68  104022.34  103721.40  105877.21  119093.61  126482.79  123740.41  118175.97  101871.25   90276.84  138402.41  209961.21  250441.63  264097.74  242649.29  207714.34  163256.21  125747.46  118974.23  120685.91  140629.02
  25237.80   28975.21   40617.69   56238.24   76821.11   98533.97  105673.37  105348.38   93680.25   88863.83   97045.69  102433.76   91293.21  115548.48  170053.62  194950.20  180347.14  165674.51  159555.46  153943.68  133992.54  110308.31   83425.93   54727.73   49719.58   55271.85   66113.20
  29448.01   33719.86   46712.70   69410.28   92334.17  114659.02  121640.09  117763.73  103459.95   85106.64   74733.99   72731.32   76439.20   85780.62   81611.99   77873.86   97183.66  108534.95  107621.18  128965.65  164208.75  186470.39  196237.57  189728.02  166094.16  158775.95  167715.12
  26177.49   30319.03   42619.50   53696.40   45829.30   40882.62   49222.62   55634.96   46317.73   37065.61   49004.76   63286.22   69813.54   75120.63   66119.12   62001.50   72515.33   78609.92   79708.20   83402.66   88905.03   86319.22   70730.12   63897.90   71456.50   84219.32  100033.79
  26270.83   29403.21   41557.72   63484.55   94229.77  120211.92  121797.16  113202.65   96555.32  102021.76  130376.55  144135.05  146314.60  150534.66  152167.42  150122.27  128958.34  107363.07   78546.84   59800.54   66608.41   66344.42   53890.29   37540.16   39722.11   42045.19   54975.19
  29044.42   32625.52   45057.92   57795.16   70050.67   79901.28   91250.49  106928.23  127399.26  157259.03  179177.10  199163.23  207562.23  204801.83  188436.58  163779.42  126050.30   87308.65   66315.39   54234.40   62419.65   74603.56   87271.27   97457.53  100693.42  113422.21  138757.93
  27952.23   32448.48   45313.19   59906.10   78627.69   99769.00  111282.98  114542.96   92394.82   75793.00   93718.22  116810.21  128002.24  132400.37  111801.76   90607.79   77051.40   65950.74   63161.12   61643.04   70459.17   87552.28  104629.62  113885.75  113488.27  109200.59  100100.04
  25266.52   28635.19   40985.40   64913.52   88932.68  102961.39   89844.58   86903.08   83513.44   77311.54   75995.84   73604.66   57062.93   43454.66   75231.57  114869.05  123684.74  119999.40  112120.86  101292.33   99231.36   95398.10   92173.12   91798.80   89736.15   82382.69   74884.21
  26685.80   30843.38   43344.53   55757.17   61846.23   70810.08   76666.11   81466.51   89313.88   94292.30   87371.51   78397.34   73616.27   70830.35   85369.34  114160.47  156539.57  264764.33  403101.04  493124.69  459573.76  380662.30  287953.81  193455.40  153403.06  128803.39  130065.87
