2019 2020 2021 2022 2023 2024 2025 2026 2027 2028 2029 2030 2031 2032 2033 2034 2035 2036 2037 2038 2039 2040 2041 2042 2043 2044 2045
 0.3700447  0.2169337  0.1945616  0.5020885  0.5631818  0.2085018  0.1851734  0.5861379  0.9883737        NaN        NaN        NaN        NaN        NaN        NaN        NaN        NaN        NaN        NaN  2.2460393  6.3299929        NaN        NaN        NaN  0.2273274  0.2403974  0.2277403
 0.3581629  0.2361088  0.2409853  0.8093339  1.1531853  1.9367042        NaN  3.6663490        NaN  4.9436890  2.5481086        NaN        NaN        NaN        NaN        NaN  0.0706564  0.0935409  0.0877763  0.8512186  1.3094774  3.5747363        NaN        NaN        NaN  3.8792818        NaN
 0.3469262  0.3408980  0.3613547  0.4558688  0.4884289  0.5396950  0.7628532  0.3735693  0.3455191  0.2497365  0.2586931  0.3303691  0.3132777  0.1814995  0.1694446  0.3006197  0.3078737  0.3076693  0.3069576  0.2608357  0.2709759  0.4572134  0.5915173  0.2964578  0.2038194  0.1978217  0.1887417
 0.3481117  0.1509544  0.1384595  0.6142278  0.7517132  1.0026232  3.3886186        NaN  0.1446571  0.0759596  0.0713734  0.1200529  0.0961879  0.1678034  0.1590242  0.1761832  0.1843820  0.4891057  0.5522781  0.2985036  0.2772265  0.4396916  0.4152643  0.5137253  0.7428204  0.7504511  1.0433137
 0.3492800  0.2044860  0.2012430  0.3647933  0.3896096  0.3352660  0.3479142  1.0938407  1.9226813  8.9168315        NaN        NaN  2.8399883  0.0888240  0.0814322  0.2530485  0.2601736  0.3565404  0.3862020  0.2139048  0.1961544  0.3644974  0.4539397  0.6749198  1.2693070  0.4103898  0.2871958
 0.3398981  0.3383946  0.3369641  0.9263620  2.4652628        NaN        NaN  2.6374949        NaN  5.0148940        NaN        NaN        NaN        NaN        NaN        NaN        NaN        NaN        NaN        NaN        NaN        NaN        NaN        NaN        NaN  5.9252772        NaN
 0.3830502  0.4093660  0.4327787  0.3996320  0.4454516  0.4660769  0.6603312  0.8715786  1.7776621        NaN        NaN  1.5655332  1.3301961  0.7834634  0.6779882  1.1473037  2.0711076        NaN  2.2329448  0.0699666  0.0700183  0.1398945  0.1196148  0.4942133  0.5057707  0.6047591  1.0454629
 0.3706689  0.1203462  0.1062829  0.1158716  0.1269100  0.2721979  0.3218950  0.4527261  0.4433348  0.2526712  0.2271752  0.3814238  0.4714598  0.3872876  0.5000451  0.3776706  0.2104452  0.2505255  0.2179692  1.2792247  5.0320707        NaN        NaN  2.6607481        NaN        NaN  0.0802390
 0.3644012  0.4159648  0.4271087  1.0329933        NaN        NaN        NaN  2.8234053  0.0618383  0.1422294  0.1175479  0.4065863  0.4091415  0.4664763  0.6449685  0.7998058  1.8854419        NaN        NaN        NaN        NaN  1.9029717  1.5057593  0.0818527  0.0588987  0.1501841  0.1401278
 0.3855958  0.3470774  0.3369997  0.5924928  0.6640393  0.7039760  1.3047111        NaN        NaN        NaN        NaN        NaN        NaN  2.3208183        NaN  0.1232067  0.1018484  0.2792818  0.2824444  0.3428761  0.4551851  0.8088695  1.5026047  0.9111211  0.8134390  0.4952941  0.4438141
 0.3454323  0.1868477  0.1699119  0.3845756  0.4097126  0.2787340  0.2963507  0.2380035  0.2546771  0.2537771  0.2708806  0.2445033  0.1822246  0.3644874  0.3548077  0.2598134  0.2659711  0.6196627  0.7142294  0.7097835  1.0411442  2.5983802        NaN        NaN        NaN        NaN        NaN
 0.3874715  0.2620918  0.2721365  0.5977332  0.8296018  1.3422126        NaN        NaN        NaN        NaN  2.5134741  0.0913890  0.0775045  0.1881362  0.1742920  0.7961205  1.0511266  3.7846847        NaN        NaN  0.1675665  0.1541265  0.1353681  0.3224071  0.2447707  0.3068488  0.3019333
 0.4074468  0.3673517  0.3582942  0.5130410  0.6036318  0.1780739  0.1566503  0.1117836  0.1210014  0.2190516  0.2659698  0.3708540  0.4278540  0.4517939  0.5448440  0.3217316  0.3233633  0.3279473  0.1981096  0.1566935  0.1522285  0.2137707  0.2311706  0.4604554  0.6250283  0.3380141  0.2232823
 0.3874858  0.3073595  0.2970017  1.1699314        NaN        NaN        NaN        NaN        NaN        NaN        NaN  0.5871015  0.5110544  0.6877928  0.8739434  0.9588487  0.9210954  0.1228186  0.1026925  0.1603850  0.1456744  0.3073019  0.3956236  0.3891848  0.5210698  0.4055752  0.4826552
 0.4330903  0.3111085  0.3062473  0.5168903  0.5852250  0.4866681  0.5712631  0.6518438  1.2409314        NaN        NaN  0.0555678  0.0559526  0.1757342  0.1778482  0.1810919  0.2101524  0.3088544  0.3705060  0.3838649  0.3728721  0.2486859  0.2573104  0.1903022  0.1751896  0.1781975  0.1593866
 0.3942923  0.2602797  0.2502684  0.3471530  0.3849442  0.4307656  0.4557948  0.9627947  1.1574880  0.3889595  0.2967396  0.2383439  0.2294265  0.5883018  0.6804788  0.2742319  0.1943943  0.1483759  0.1318536  0.5383265  0.8495626        NaN        NaN        NaN  0.1093478  0.1703903  0.1401419
 0.3817389  0.4908932  0.5377758  0.2928667  0.2917381  0.6278354  0.8151144  0.9402782  1.7682418  2.4775116  2.5006303  3.1089165        NaN  0.0833562  0.0647773  0.3785593  0.3511368  0.3735543  0.3636612  0.4662816  0.4935234  0.7693275  1.5248756  1.2866634  2.4672402  0.8070204  0.5576528
 0.3184712  0.2068124  0.1971395  0.6363085  0.7852800  0.2905430  0.2668501  0.2889050  0.3384903  0.3577195  0.4082839  0.2726730  0.2652775  0.3474209  0.4167262  0.1948667  0.1773860  0.1829332  0.1891302  0.2737475  0.2109355  0.1559583  0.1516151  0.2107955  0.4067395  0.2558324  0.2178676
 0.3667083  0.2473798  0.2325747  0.6617743  1.3658994  1.0199164  1.3683421  0.6518391  0.6266981  0.4088121  0.3080541  0.2384717  0.2291193  0.3116001  0.2988891  0.2292238  0.2058655  0.2390323  0.2443156  0.1903359  0.1848133  0.2438628  0.2944820  0.2454148  0.2181169  0.2044416  0.1325034
 0.3677299  0.2604366  0.2593893  0.6582267  0.8013597  0.7682341  1.0922652  4.6624256        NaN  1.5503555  0.0502952  0.1317815  0.1410278  0.3232471  0.3410648  0.3944219  0.4393260  1.4348404        NaN        NaN        NaN        NaN        NaN        NaN        NaN        NaN        NaN
 0.3255887  0.2071141  0.1970359  0.2782665  0.3302674  0.1647425  0.1750664  0.1802251  0.1692859  0.1244471  0.1200504  0.2921629  0.3019940  0.2289701  0.2455937  0.3607763  0.4839008  0.6082403  1.0089568  0.6847100  0.5756680  0.1261931  0.1069654  0.2047432  0.2196911  0.2299788  0.1871881
 0.3397852  0.2181607  0.2105082  0.3581885  0.3792859  0.1961570  0.2008195  0.3441307  0.4349542  0.1528301  0.1201506  0.1575425  0.1614187  0.2747352  0.3256159  0.3781385  0.4840015  0.3964008  0.4047517  0.3776065  0.3444937  0.2062228  0.1671565  0.1382978  0.1408805  0.1443572  0.1501742
 0.3834312  0.2196898  0.2120503  1.0781406  2.0218993  3.3908093        NaN  0.4275097  0.3155605  0.7292255  0.7902167  1.2413494  2.1203803  0.7393323  0.6126221  0.3851495  0.3244946  0.3447247  0.3661536  0.3881370  0.4600363  0.3819066  0.3904399  0.5206188  0.5654447  0.6643582  0.9143922
 0.3568089  0.2390085  0.2196650  0.2086435  0.2422715  0.2571248  0.2668366  0.2229228  0.2295065  0.2307619  0.2495541  0.3331690  0.3895315  0.2941637  0.2271523  0.1528776  0.1344347  0.1558006  0.1207896  0.2636037  0.2776985  0.5436370  0.7932607  0.9036100        NaN        NaN        NaN
 0.3219950  0.1995903  0.1944163  0.5284381  0.6083197  0.3707653  0.4135537  0.4837978  0.6808607  0.3150085  0.2794358  0.1748516  0.1074950  0.1622472  0.1668299  0.3380650  0.3532593  0.2486555  0.2680857  0.2950032  0.4592308  0.3355547  0.2147223  0.3565895  0.3529992  0.3567076  0.4664004
 0.3351417  0.1851363  0.1745791  0.3466859  0.4312549  0.8309853  4.6281152        NaN        NaN        NaN  1.9751641  0.0889796  0.0728697  0.1488635  0.1419134  0.1281640  0.1195016  0.2008834  0.2312473  0.2884653  0.3425297  0.3555993  0.3661129  0.3706906  0.4431380  0.3328837  0.3332881
 0.3404215  0.1889905  0.1870781  0.4781735  0.5583695  0.3347414  0.3712803  0.1867547  0.1862691  0.2117001  0.1964780  0.1552115  0.1314401  0.1451387  0.1637166  0.2269729  0.2454986  0.2438076  0.2661898  0.2634532  0.2681505  0.1560211  0.1523894  0.1834597  0.1502281  0.1695887  0.1511331
 0.3831411  0.2564777  0.2442324  0.5767786  0.6621078  0.2644103  0.2208573  0.1938338  0.2200826  0.2133206  0.2294094  0.2867225  0.3069278  0.2357221  0.2492818  0.3383073  0.4305338  0.4232921  0.2862600  0.1371471  0.1081149  0.1198073  0.1146733  0.4583635  0.6120341  1.2539858        NaN
 0.3449323  0.2058568  0.1987902  0.7758707  1.2860774  2.9426521        NaN        NaN        NaN  2.3002728  1.5186745  1.8603563        NaN        NaN        NaN        NaN        NaN        NaN  0.1675279  0.1281422  0.1185230  0.6407515  0.7013948  0.2637324  0.2900218  0.1253403  0.1147518
 0.3105468  0.2587462  0.2569120  0.2557813  0.3108935  0.4928584  0.8382871  0.7035114  0.7438682  0.3296604  0.0893756  0.1415468  0.1420351  0.3070631  0.3746273  0.3650935  0.3709807  0.1276251  0.1061599  0.2103119  0.2129004  0.5330297  0.7060085  0.3731365  0.3196490  0.3901804  0.3149354
 0.3946093  0.2841931  0.2618138  0.7025379  1.3398647        NaN  0.3669393  0.1824235  0.1530528  0.2777567  0.3268363  0.2112850  0.2236025  0.2556908  0.2229078  0.1901281  0.1588322  0.1957583  0.1782045  0.4500162  0.5639528  0.3729046  0.3969569  0.2229304  0.2320876  0.1842365  0.1779986
 0.3114949  0.2820986  0.2924171  0.4926754  0.5557187  0.2414891  0.2564989  0.2130540  0.1896775  0.1130744  0.1147192  0.1478984  0.1364560  0.1688825  0.1848518  0.2354284  0.2487818  0.2239706  0.2753990  0.3020683  0.3815779  0.3224563  0.3048290  0.3795543  0.4274426  0.4102973  0.3254846
 0.3588675  0.7206903  0.9752096  0.8349190  1.6299848  1.5618447        NaN  0.6925263  0.3589381  0.2763279  0.2400906  0.3067956  0.3245503  0.2587960  0.2443903  0.2027764  0.2123586  0.2272444  0.2078936  0.4361892  1.0380289  0.3649177  0.2110663  0.2157899  0.2349998  0.2755886  0.3505441
 0.3602931  0.1497562  0.1501109  0.3760422  0.3657820  0.2400701  0.2429122  0.3181304  0.3273340  0.2869732  0.2963967  0.5289749  0.8403085  1.1463622        NaN  1.4648801  0.5705920  0.1602146  0.0732200  0.1109273  0.1065445  0.3064059  0.3483303  0.3007836  0.3498096  0.2393788  0.2266488
 0.4004679  0.1089538  0.1102321  0.3967990  0.4410207  0.1935711  0.1927317  0.1502604  0.1326300  0.1218110  0.1183620  0.2219494  0.2527848  0.3606612  0.5220185  0.2861673  0.2596530  0.2543967  0.2535298  0.3766462  0.3754742  0.2117359  0.1921255  0.3977816  0.4307925  0.7208945  1.2215621
 0.3703705  0.1973830  0.1806797  0.2823534  0.2849780  0.2267975  0.2552010  0.5573272  0.6609849  0.7153264  1.0397737  2.4205628        NaN        NaN        NaN        NaN        NaN        NaN        NaN        NaN        NaN  5.7912498  1.5979532  0.5560505  0.4380786  0.1788901  0.1427581
 0.3258980  0.4182158  0.4709383  0.6564956  0.7982885  0.3108050  0.2707915  0.4236742  0.4162247  0.3149436  0.2446694  0.5127170  0.5307508  0.8569988  2.0052160        NaN        NaN        NaN        NaN        NaN        NaN        NaN        NaN  3.3640153        NaN        NaN        NaN
 0.3571923  0.3273078  0.3087514  0.6960893  1.2754353        NaN        NaN        NaN  0.1001481  0.1542941  0.1344684  0.3091176  0.3534301  0.3541533  0.3566957  0.7109454  0.8318758  0.1950500  0.1593380  0.2601503  0.2688488  0.3034285  0.2758159  0.6713686  0.7435752  0.4540188  0.5775341
 0.3827605  0.2131268  0.2026929  0.3716653  0.4153652  0.3570771  0.4061915  0.4409404  0.5674836  0.4251562  0.4529504  0.2305687  0.1567609  0.3237564  0.3132075  0.2701782  0.2926555  0.1710618  0.1742168  0.1703536  0.1648961  0.2264056  0.2369564  0.1961059  0.1932122  0.2703337  0.3010779
 0.4425226  0.3006046  0.3170806  0.7788358  1.0564314  0.3242818  0.2641753  0.2651452  0.2260402  0.2935340  0.6475881  0.8219223  1.1830336  1.2586272        NaN        NaN        NaN        NaN        NaN        NaN        NaN        NaN  3.8459053  0.0592274  0.0702120  0.1684339  0.1694032
 0.4173530  0.3688120  0.3636070  0.9658580  3.0802134        NaN        NaN  4.6588800        NaN  3.5986863        NaN        NaN        NaN        NaN        NaN        NaN        NaN        NaN  3.9259482  0.0943739  0.0898816  0.1694208  0.1630994  0.1885978  0.1761969  0.2606482  0.3152631
