FL 2019 2020 2021 2022 2023 2024 2025 2026 2027 2028 2029 2030 2031 2032 2033 2034 2035 2036 2037 2038 2039 2040 2041 2042 2043 2044 2045
 1  0.1254765  0.1016565  0.0930117  0.0912453  0.0893617  0.1178249  0.1217122  0.1217110  0.1458527  0.1981189  0.2864606  0.1030037  0.0795632  0.1094015  0.0891276  0.2245308  0.3573104  0.1979176  0.1683352  0.0473868  0.0352380  0.0557674  0.0560317  0.1013747  0.1180360  0.2292987  0.2688534
 2  0.0238751  0.0186097  0.0173076  0.0175380  0.0183368  0.0250508  0.0234482  0.0235272  0.0282822  0.0390110  0.0497807  0.0152963  0.0132662  0.0180715  0.0154717  0.0434319  0.0656082  0.0303496  0.0249865  0.0072763  0.0061682  0.0111055  0.0111087  0.0195160  0.0210916  0.0385918  0.0382214
 3  0.1162273  0.1039570  0.1143110  0.0556858  0.0491343  0.0675118  0.0599859  0.3258449  0.2827318  0.3787660  0.4600121  0.1030444  0.0868984  0.0961719  0.0834754  0.4155428  0.3551254  0.2174037  0.1826626  0.0379180  0.0363789  0.1174599  0.1141498  0.4320634  0.4059352  0.4616414  0.5492468
 4  0.0444602  0.0465317  0.0366822  0.0439119  0.0377512  0.0453355  0.0405733  0.0221403  0.0184216  0.0205170  0.0273090  0.0439823  0.0378519  0.0432814  0.0344903  0.0169512  0.0202201  0.0453246  0.0361920  0.0445177  0.0360318  0.0399067  0.0379897  0.0253028  0.0206493  0.0245032  0.0242951
 1  0.1254447  0.0965602  0.0855915  0.1343841  0.1358647  0.1425838  0.1717224  0.1389519  0.1445771  0.0937580  0.0849238  0.0481025  0.0427573  0.0488818  0.0439234  0.0534543  0.0565587  0.0794977  0.1028714  0.2484089  0.3256762  0.2015766  0.2071234  0.0859876  0.0477532  0.1027149  0.0908930
 2  0.0238456  0.0176601  0.0160614  0.0260338  0.0267138  0.0294022  0.0355566  0.0281235  0.0296312  0.0176837  0.0160017  0.0090895  0.0077163  0.0092842  0.0089545  0.0116602  0.0131341  0.0196420  0.0218035  0.0455821  0.0545746  0.0306947  0.0269989  0.0106689  0.0066793  0.0170197  0.0158627
 3  0.1162137  0.0683197  0.0722272  0.0779863  0.0847422  0.1790157  0.1753314  0.0567874  0.0584303  0.1271526  0.1323447  0.1057326  0.1064532  0.0407613  0.0632238  0.1117184  0.1040121  0.2570503  0.3308077  0.4055888  0.4321665  0.5428853  0.6708618  0.0235574  0.0390459  0.1080548  0.1064715
 4  0.0443576  0.0406584  0.0420445  0.0348313  0.0361250  0.0285654  0.0287892  0.0374532  0.0384502  0.0379549  0.0336240  0.0408109  0.0411774  0.0359716  0.0383282  0.0291838  0.0284384  0.0191146  0.0274550  0.0190400  0.0209861  0.0251641  0.0286579  0.0513008  0.0427537  0.0350151  0.0365205
 1  0.1278873  0.1404351  0.1289203  0.1264850  0.1162426  0.2411483  0.2404752  0.1902291  0.2372243  0.1669696  0.1619513  0.1433044  0.1174973  0.0725040  0.0650530  0.2002902  0.2650640  0.1997160  0.1618280  0.1205949  0.1095507  0.2293957  0.2784868  0.1853042  0.2119234  0.1518334  0.1592586
 2  0.0247547  0.0259561  0.0240535  0.0225600  0.0210133  0.0390184  0.0375769  0.0316215  0.0400499  0.0271397  0.0265810  0.0235358  0.0191948  0.0129756  0.0130580  0.0446059  0.0596966  0.0342427  0.0248112  0.0201721  0.0208094  0.0471874  0.0545475  0.0330421  0.0359451  0.0267241  0.0301711
 3  0.1181554  0.0624389  0.0698137  0.1475299  0.1478520  0.3852902  0.4357248  0.3852471  0.4210549  0.2057672  0.1987748  0.0349141  0.0440573  0.0378158  0.0473073  0.1360828  0.1262560  0.1838491  0.2076702  0.0389680  0.0446341  0.1338349  0.1453155  0.3863623  0.4264545  0.0884504  0.0975981
 4  0.0465951  0.0390945  0.0420837  0.0342978  0.0404925  0.0258354  0.0146595  0.0157576  0.0203893  0.0363812  0.0372365  0.0441777  0.0367858  0.0347709  0.0336902  0.0291738  0.0368355  0.0502173  0.0390244  0.0378040  0.0363097  0.0334475  0.0375001  0.0202902  0.0157432  0.0324050  0.0329532
 1  0.1288192  0.0450320  0.0372737  0.1316747  0.1596758  0.1337218  0.1212919  0.0480386  0.0338302  0.0648775  0.0648438  0.0652918  0.0737896  0.0637407  0.0502399  0.0663333  0.0645943  0.1655087  0.2223136  0.1918447  0.2875432  0.2813439  0.4036857  0.1205463  0.0512870  0.1061120  0.0998837
 2  0.0246201  0.0082139  0.0070762  0.0273331  0.0341164  0.0281463  0.0140725  0.0067989  0.0059257  0.0129566  0.0148264  0.0168171  0.0208075  0.0130421  0.0090238  0.0125209  0.0134724  0.0395490  0.0597378  0.0546626  0.0785419  0.0629172  0.0653290  0.0123927  0.0071433  0.0181974  0.0177729
 3  0.1191925  0.0374363  0.0430091  0.1760067  0.1660227  0.1764982  0.1900022  0.0299952  0.0447954  0.0557094  0.0599710  0.0548757  0.0578430  0.0974949  0.0956212  0.0942843  0.0916954  0.0956857  0.0864933  0.1075366  0.0989885  0.3282763  0.5709501  0.0266124  0.0229794  0.0844131  0.0844152
 4  0.0459275  0.0370026  0.0385753  0.0257883  0.0253137  0.0792829  0.0542314  0.0404943  0.0372193  0.0384929  0.0364950  0.0331287  0.0496882  0.0525292  0.0393660  0.0321615  0.0290230  0.0265016  0.0244471  0.0315303  0.0323576  0.0228244  0.0376571  0.0462180  0.0388260  0.0364314  0.0384396
 1  0.1248385  0.0838001  0.0736493  0.0937061  0.0942472  0.1633961  0.1272779  0.2902563  0.3648047  0.5018408  0.4816458  0.1136667  0.0846087  0.1627897  0.1835161  0.2649879  0.4600482  0.2894777  0.2674019  0.0610626  0.0359274  0.1684257  0.1871555  0.3270580  0.3483826  0.1380579  0.1326637
 2  0.0237493  0.0153531  0.0138496  0.0185928  0.0196787  0.0261426  0.0195536  0.0481139  0.0641192  0.0708374  0.0552002  0.0153768  0.0136541  0.0300748  0.0376824  0.0594877  0.0937113  0.0464578  0.0362462  0.0080142  0.0056016  0.0303315  0.0361096  0.0590152  0.0538006  0.0219209  0.0240250
 3  0.1157048  0.0698249  0.0597366  0.0606341  0.0586491  0.3273315  0.3408867  0.2864587  0.3000057  0.4852959  0.6244219  0.1056958  0.0967295  0.1392799  0.1368129  0.2806240  0.3214716  0.1070784  0.0788987  0.0304964  0.0373300  0.1866434  0.2078626  0.1710502  0.2229851  0.2068693  0.2185608
 4  0.0442984  0.0392621  0.0348418  0.0368487  0.0494289  0.0392434  0.0236779  0.0196829  0.0272088  0.0384783  0.0252738  0.0467173  0.0366037  0.0291610  0.0273202  0.0128666  0.0203749  0.0472060  0.0469341  0.0453725  0.0410538  0.0281077  0.0366939  0.0355883  0.0401183  0.0276798  0.0242736
 1  0.1109460  0.1609743  0.1840794  0.2158639  0.1896183  0.1803627  0.1610505  0.1531270  0.1821038  0.1744468  0.2059779  0.0622483  0.0502660  0.0882006  0.0841367  0.1419250  0.1946283  0.1085024  0.0611403  0.0775703  0.0707676  0.1861653  0.2796641  0.3168414  0.4291686  0.0657922  0.0522333
 2  0.0215407  0.0302378  0.0324684  0.0337480  0.0297733  0.0288955  0.0272289  0.0276506  0.0317735  0.0298580  0.0340670  0.0100056  0.0090870  0.0166530  0.0167842  0.0301853  0.0393220  0.0143935  0.0084592  0.0126722  0.0135507  0.0410474  0.0636639  0.0648692  0.0791203  0.0102857  0.0069738
 3  0.1025202  0.3227009  0.3388086  0.1918958  0.2049428  0.1195819  0.1152964  0.3529259  0.3631441  0.4066065  0.4149409  0.0361884  0.0415510  0.1112059  0.1036689  0.3165959  0.3222110  0.2385492  0.2687828  0.1098897  0.1089458  0.2610512  0.2662409  0.1643510  0.2258845  0.3405812  0.0424261
 4  0.0405097  0.0265842  0.0268407  0.0412674  0.0416131  0.0346663  0.0354812  0.0181247  0.0193154  0.0184805  0.0209431  0.0355551  0.0376362  0.0332025  0.0312964  0.0152340  0.0358709  0.0554536  0.0386946  0.0321675  0.0311217  0.0123107  0.0147195  0.0311863  0.0365753  0.0412221  0.0481461
 1  0.1265341  0.1664910  0.1598501  0.0826770  0.0769425  0.0692369  0.0646244  0.0930057  0.1068655  0.1067731  0.1246950  0.1536756  0.1487538  0.0588355  0.0523818  0.2037640  0.2438252  0.1589325  0.1549646  0.0667671  0.0480870  0.0518553  0.0471156  0.1354655  0.1954713  0.1215134  0.1439990
 2  0.0240649  0.0302890  0.0290688  0.0154592  0.0147565  0.0134825  0.0134992  0.0213638  0.0220376  0.0208642  0.0231026  0.0253141  0.0208798  0.0085533  0.0083799  0.0341769  0.0410559  0.0265850  0.0236138  0.0103774  0.0073609  0.0090335  0.0093966  0.0309553  0.0478067  0.0284175  0.0286472
 3  0.1171771  0.1094717  0.1051440  0.0446432  0.0418922  0.0527604  0.0638862  0.1134708  0.1108083  0.3790252  0.3858844  0.4361077  0.5200507  0.4815391  0.3836430  0.3960058  0.4327678  0.1975088  0.2030137  0.0379430  0.0463795  0.1089472  0.1023241  0.2563554  0.2649655  0.1571557  0.1679564
 4  0.0445246  0.0432034  0.0411382  0.0388320  0.0381326  0.0360468  0.0334773  0.0295919  0.0384479  0.0159748  0.0201962  0.0328961  0.0279398  0.0193492  0.0186587  0.0189368  0.0176267  0.0397472  0.0450670  0.0507106  0.0449684  0.0329959  0.0282855  0.0094964  0.0140707  0.0366983  0.0418115
 1  0.1297867  0.0275420  0.0229232  0.0284602  0.0268986  0.0732375  0.0720407  0.3238177  0.5135450  0.2336921  0.2165247  0.1950877  0.1948749  0.0941090  0.0877961  0.0621724  0.0465786  0.1811850  0.1378147  0.2923016  0.4129537  0.3999066  0.6681887  0.0878813  0.0492662  0.0765398  0.0600205
 2  0.0252255  0.0050988  0.0043904  0.0059517  0.0044849  0.0125326  0.0131412  0.0628813  0.0920448  0.0338748  0.0354053  0.0336589  0.0354059  0.0183183  0.0135107  0.0099050  0.0080380  0.0276102  0.0222798  0.0539973  0.0836734  0.0769236  0.0961086  0.0104725  0.0073120  0.0119600  0.0099783
 3  0.1198957  0.0475940  0.0417403  0.1100809  0.1125887  0.3499532  0.3064378  0.2804085  0.3643502  0.2341648  0.2016051  0.0732826  0.0909568  0.1009575  0.0974149  0.0288268  0.0396797  0.2055416  0.2075635  0.1836783  0.1749360  0.3478572  0.6088625  0.0210311  0.0288352  0.1672862  0.1674853
 4  0.0477583  0.0419498  0.0341211  0.0445847  0.0454569  0.0139991  0.0128771  0.0152186  0.0195948  0.0350190  0.0308027  0.0339094  0.0339477  0.0451919  0.0460406  0.0396671  0.0516774  0.0430308  0.0322266  0.0236187  0.0262581  0.0252098  0.0334021  0.0430407  0.0412845  0.0381468  0.0371252
 1  0.1223116  0.1549170  0.1487555  0.2417843  0.2643672  0.2126256  0.2373859  0.0526368  0.0498731  0.0762105  0.0738287  0.0929532  0.0941786  0.0755589  0.0653663  0.0816495  0.0748449  0.0760281  0.0735203  0.1090631  0.1067342  0.0859960  0.0818659  0.1011637  0.0957797  0.0804573  0.0872319
 2  0.0236805  0.0287747  0.0275976  0.0447919  0.0488189  0.0397640  0.0431844  0.0097546  0.0099304  0.0155582  0.0153212  0.0192667  0.0176472  0.0131232  0.0112405  0.0146505  0.0129931  0.0136619  0.0144073  0.0218504  0.0216263  0.0175962  0.0163978  0.0193496  0.0187116  0.0157775  0.0161662
 3  0.1129846  0.0970723  0.1021535  0.1068774  0.1097382  0.1255989  0.1211606  0.0969753  0.0797258  0.0665270  0.0547893  0.1553091  0.1707119  0.1985947  0.2399190  0.1397253  0.1537548  0.1973055  0.2111902  0.0507698  0.0500688  0.0558065  0.0610308  0.1282611  0.1285492  0.2999321  0.3234624
 4  0.0446547  0.0422173  0.0364187  0.0372096  0.0373932  0.0359363  0.0342874  0.0336388  0.0318779  0.0384434  0.0337490  0.0348973  0.0389198  0.0378833  0.0363964  0.0367314  0.0390855  0.0303732  0.0320281  0.0403559  0.0416486  0.0370529  0.0414852  0.0355812  0.0361729  0.0200391  0.0191470
 1  0.1207744  0.1726350  0.1967278  0.1344589  0.1377007  0.0632445  0.0664361  0.0713971  0.0774878  0.0709334  0.0594165  0.0739353  0.0736579  0.1008921  0.1061688  0.1142709  0.1077607  0.1015527  0.0933443  0.0855047  0.0727138  0.2209952  0.2489234  0.1724684  0.1840234  0.1220669  0.0991211
 2  0.0233681  0.0322093  0.0342604  0.0234187  0.0256989  0.0125704  0.0142448  0.0158334  0.0156772  0.0130936  0.0108942  0.0141899  0.0148411  0.0188652  0.0189234  0.0205594  0.0198517  0.0192467  0.0178089  0.0151559  0.0126296  0.0400161  0.0470717  0.0335521  0.0273355  0.0187877  0.0175167
 3  0.1116213  0.3170939  0.3567390  0.1194662  0.0989583  0.1052424  0.1095438  0.1216456  0.1339712  0.0452245  0.0400773  0.1524900  0.1417971  0.3913131  0.4208242  0.0539969  0.0584947  0.0574823  0.0594268  0.1740366  0.1849969  0.1758559  0.1721656  0.1914940  0.1944035  0.0856025  0.0873635
 4  0.0441728  0.0271238  0.0247920  0.0366077  0.0303905  0.0360669  0.0428119  0.0484739  0.0415789  0.0406073  0.0391355  0.0284729  0.0324936  0.0203329  0.0137787  0.0369266  0.0373971  0.0389772  0.0447004  0.0388373  0.0367273  0.0332855  0.0283780  0.0434816  0.0456033  0.0362476  0.0319884
 1  0.1220670  0.0637298  0.0557922  0.0715149  0.0686630  0.1032486  0.1150272  0.1600216  0.2334839  0.1313253  0.1193820  0.0759945  0.0624509  0.1503263  0.1670656  0.1694732  0.1801857  0.1190199  0.1082893  0.0553190  0.0432381  0.1274560  0.1151335  0.1471976  0.1868946  0.2995175  0.5327296
 2  0.0232303  0.0117448  0.0106124  0.0142492  0.0135479  0.0214811  0.0254836  0.0373240  0.0499508  0.0242837  0.0197634  0.0129721  0.0106551  0.0270177  0.0302221  0.0300700  0.0334676  0.0222634  0.0189786  0.0094824  0.0075141  0.0228667  0.0221030  0.0306106  0.0399676  0.0644999  0.1083964
 3  0.1130934  0.0765967  0.0665017  0.0590234  0.0608274  0.1237667  0.1164906  0.2661893  0.2906262  0.0908197  0.0928136  0.0542087  0.0551835  0.3233130  0.3451441  0.1974415  0.1772099  0.0440392  0.0391547  0.0577956  0.0632603  0.0581365  0.0617851  0.2420362  0.2501213  0.3003688  0.5374150
 4  0.0433681  0.0405848  0.0390711  0.0384273  0.0373522  0.0303188  0.0270139  0.0144341  0.0190420  0.0382433  0.0390316  0.0400065  0.0390270  0.0245296  0.0251245  0.0340898  0.0313445  0.0387940  0.0440845  0.0447643  0.0409946  0.0393817  0.0336145  0.0187616  0.0162621  0.0117532  0.0189941
 1  0.1248421  0.1186523  0.1100079  0.1491377  0.1596505  0.1677949  0.1801631  0.1669560  0.1509129  0.1576090  0.1582059  0.1229066  0.1072518  0.1271846  0.1285001  0.1555483  0.1885979  0.2353544  0.2343311  0.0821380  0.0633745  0.1291343  0.1563945  0.2206473  0.3088294  0.1966750  0.1609099
 2  0.0236711  0.0217012  0.0203855  0.0292723  0.0341267  0.0358736  0.0376585  0.0315793  0.0266402  0.0289228  0.0284798  0.0207488  0.0185447  0.0236890  0.0235983  0.0294639  0.0365410  0.0388825  0.0316736  0.0117634  0.0109138  0.0261573  0.0338537  0.0472154  0.0591994  0.0299761  0.0245769
 3  0.1157002  0.1082722  0.0871737  0.0476172  0.0496188  0.0434861  0.0505656  0.0469084  0.0457962  0.1192969  0.1193700  0.1973899  0.1886629  0.1127599  0.1175097  0.3222186  0.3609526  0.4222581  0.5507902  0.0997901  0.1100387  0.1482561  0.1356235  0.3054606  0.3667056  0.1967702  0.2194590
 4  0.0439966  0.0405724  0.0335285  0.0332089  0.0339574  0.0380144  0.0421555  0.0429710  0.0436859  0.0369915  0.0389885  0.0408719  0.0353320  0.0363527  0.0376697  0.0141921  0.0208463  0.0343439  0.0255178  0.0388082  0.0321699  0.0274212  0.0312694  0.0178424  0.0230738  0.0408962  0.0488375
 1  0.1245411  0.1317793  0.1210614  0.0814272  0.0800247  0.0743515  0.0682861  0.0452080  0.0530892  0.0988495  0.1072168  0.2138936  0.3204015  0.2512349  0.1822181  0.0642241  0.0474318  0.2472534  0.2898166  0.0991957  0.0940022  0.1539082  0.1815801  0.2855512  0.2709160  0.2664281  0.2908912
 2  0.0237521  0.0242651  0.0225936  0.0161532  0.0156785  0.0139927  0.0133238  0.0095834  0.0097490  0.0173849  0.0197961  0.0411682  0.0620919  0.0406375  0.0188796  0.0088473  0.0079284  0.0474803  0.0465507  0.0157260  0.0160607  0.0279347  0.0315571  0.0463685  0.0465944  0.0477966  0.0511494
 3  0.1153379  0.0711111  0.0751598  0.0546807  0.0568619  0.1288938  0.1249588  0.2887846  0.3450676  0.3810226  0.3434860  0.3578581  0.3271674  0.2127450  0.2433272  0.1720997  0.1547767  0.1359110  0.1396990  0.3989836  0.3437127  0.3088627  0.3439890  0.0707437  0.0751626  0.0829543  0.0811716
 4  0.0445669  0.0389091  0.0379941  0.0323124  0.0393579  0.0359241  0.0282860  0.0185233  0.0231694  0.0139953  0.0130808  0.0151164  0.0159538  0.0696713  0.0538720  0.0328576  0.0276373  0.0397660  0.0416139  0.0156024  0.0141348  0.0150325  0.0184405  0.0386184  0.0371718  0.0391095  0.0378517
 1  0.1327275  0.1675403  0.1865606  0.2658942  0.2069870  0.1997758  0.1201102  0.2935749  0.3926185  0.3441589  0.5481151  0.2539165  0.0870193  0.1653896  0.1690794  0.1656693  0.1826983  0.1081730  0.0888594  0.1007159  0.1031985  0.1965137  0.2562527  0.1937631  0.3134951  0.1507944  0.0960642
 2  0.0254987  0.0306105  0.0317046  0.0380421  0.0295327  0.0250580  0.0180920  0.0532534  0.0814752  0.0761611  0.1203529  0.0233088  0.0114356  0.0275292  0.0302085  0.0324698  0.0385548  0.0196645  0.0156147  0.0190916  0.0211750  0.0440301  0.0617473  0.0471630  0.0686525  0.0227409  0.0132731
 3  0.1228067  0.3329053  0.3782648  0.2141181  0.2338604  0.1247461  0.1025216  0.1058396  0.0953554  0.0974851  0.0952379  0.0973828  0.0908766  0.1069880  0.0952098  0.0943777  0.1058983  0.1066574  0.1038500  0.1031294  0.1060840  0.0982356  0.1112722  0.2948040  0.3473203  0.0356809  0.0341682
 4  0.0478112  0.0299512  0.0339965  0.0474137  0.0533817  0.0420478  0.0349828  0.0325481  0.0284181  0.0260736  0.0662190  0.0616159  0.0411188  0.0392651  0.0390433  0.0379119  0.0479957  0.0456838  0.0354731  0.0358989  0.0341785  0.0274804  0.0293361  0.0127014  0.0234387  0.0499309  0.0450592
 1  0.1072441  0.1591959  0.1763005  0.1806964  0.1853744  0.0856879  0.0666056  0.0737440  0.0650968  0.1318579  0.1479190  0.0944561  0.0988609  0.1062900  0.1011043  0.0793524  0.0795122  0.1301480  0.1548080  0.2449937  0.2895181  0.1065405  0.0904133  0.0439582  0.0388669  0.0757888  0.0513329
 2  0.0203581  0.0296372  0.0315329  0.0298049  0.0268603  0.0125847  0.0112845  0.0132910  0.0126037  0.0262269  0.0275876  0.0175134  0.0179478  0.0196844  0.0207846  0.0167407  0.0159013  0.0254935  0.0292322  0.0463553  0.0579569  0.0194907  0.0164594  0.0082023  0.0077056  0.0124066  0.0081655
 3  0.0993911  0.2878433  0.3130542  0.4094839  0.4910138  0.1009987  0.1077943  0.0563183  0.0643523  0.2661219  0.2875753  0.2169879  0.1979460  0.0451722  0.0452701  0.1132289  0.1053420  0.3460190  0.3631485  0.0707831  0.0816997  0.0494664  0.0467660  0.0508102  0.0429167  0.1133800  0.1098065
 4  0.0378383  0.0242984  0.0245369  0.0259789  0.0253628  0.0392654  0.0398114  0.0381277  0.0414658  0.0272519  0.0246795  0.0342085  0.0341753  0.0406203  0.0371425  0.0366322  0.0364882  0.0151812  0.0135722  0.0333033  0.0397426  0.0411596  0.0424616  0.0383207  0.0477500  0.0442060  0.0374034
 1  0.1151150  0.1353665  0.1487870  0.0841240  0.0577220  0.1784752  0.1905796  0.2746339  0.3643451  0.2746544  0.3390678  0.1373055  0.1213672  0.0911816  0.0796253  0.0685082  0.0606141  0.0880768  0.0843929  0.0804891  0.0901884  0.1774992  0.1559492  0.1521067  0.1645814  0.1661364  0.1611869
 2  0.0219508  0.0250596  0.0262538  0.0123683  0.0094436  0.0323637  0.0370789  0.0575385  0.0765542  0.0544185  0.0617442  0.0230494  0.0217836  0.0168699  0.0139694  0.0126609  0.0116866  0.0170392  0.0164849  0.0166153  0.0201952  0.0342089  0.0276272  0.0278974  0.0279765  0.0291356  0.0305187
 3  0.1066673  0.3211056  0.3212577  0.0962833  0.0958389  0.0970108  0.0958031  0.0849061  0.0987613  0.1383189  0.1523911  0.0896774  0.1065132  0.0415949  0.0435370  0.0449164  0.0486216  0.1410060  0.1418472  0.1765261  0.1727726  0.0752920  0.0782557  0.2378873  0.2464742  0.0558239  0.0559582
 4  0.0408969  0.0279871  0.0306758  0.0451024  0.0385257  0.0377165  0.0346056  0.0327226  0.0311683  0.0318737  0.0348220  0.0372207  0.0333651  0.0431071  0.0429413  0.0424751  0.0385286  0.0357249  0.0308817  0.0243326  0.0321913  0.0427286  0.0365179  0.0358664  0.0387928  0.0376261  0.0357144
 1  0.1151962  0.1732460  0.1714854  0.1050365  0.0857159  0.1275639  0.1068228  0.0865755  0.0782728  0.1013980  0.1036227  0.1049924  0.1100942  0.1166223  0.1417596  0.1559489  0.2146599  0.2011343  0.1671057  0.1862402  0.1600630  0.2405274  0.2855393  0.1333316  0.1072755  0.1846736  0.2427069
 2  0.0220659  0.0320440  0.0316371  0.0181293  0.0151471  0.0215522  0.0188602  0.0150446  0.0140148  0.0199259  0.0214829  0.0226707  0.0247911  0.0278542  0.0339008  0.0364624  0.0426169  0.0323089  0.0275100  0.0302312  0.0282717  0.0476590  0.0522912  0.0201330  0.0167984  0.0326334  0.0453455
 3  0.1065712  0.1136611  0.1059568  0.0447114  0.0416244  0.1090591  0.1060868  0.2106015  0.1982773  0.0500027  0.0597535  0.0544723  0.0527662  0.0975179  0.1017752  0.2868448  0.3811363  0.0659328  0.0703059  0.0807175  0.0662835  0.0797594  0.0783822  0.3943659  0.3623497  0.3249430  0.3280744
 4  0.0411010  0.0437220  0.0395013  0.0371289  0.0478269  0.0409992  0.0368980  0.0377939  0.0307010  0.0372701  0.0399836  0.0390610  0.0340586  0.0317472  0.0340081  0.0172990  0.0226820  0.0420943  0.0435067  0.0439266  0.0314934  0.0363042  0.0480205  0.0314203  0.0180230  0.0123039  0.0160465
 1  0.1096066  0.0805220  0.0723845  0.1172809  0.1147739  0.1026848  0.1130382  0.1975443  0.2862203  0.1757725  0.1853082  0.0936023  0.0713261  0.1155119  0.1011324  0.0970330  0.1007525  0.1008256  0.0980908  0.1227500  0.1521217  0.0839517  0.0685971  0.0589069  0.0453454  0.0804806  0.0948870
 2  0.0207519  0.0149699  0.0139224  0.0230766  0.0227710  0.0211901  0.0247025  0.0444058  0.0585598  0.0317338  0.0302482  0.0152555  0.0107075  0.0191891  0.0181940  0.0184180  0.0198017  0.0199537  0.0203093  0.0262387  0.0319469  0.0151781  0.0113648  0.0096537  0.0082535  0.0167761  0.0184199
 3  0.1016157  0.0771572  0.0751356  0.0525641  0.0563011  0.1255966  0.1248802  0.2633434  0.3407333  0.1982470  0.2343283  0.0323695  0.0401038  0.1140812  0.1012254  0.2001068  0.1894178  0.0597963  0.0628944  0.2494676  0.2833224  0.0994992  0.0903941  0.0485155  0.0605077  0.2406474  0.2580011
 4  0.0386192  0.0375649  0.0401760  0.0366631  0.0372928  0.0305413  0.0308306  0.0160705  0.0175844  0.0339398  0.0382593  0.0467416  0.0403888  0.0325619  0.0329403  0.0339466  0.0324458  0.0384329  0.0356803  0.0182871  0.0268988  0.0463836  0.0470288  0.0396232  0.0347056  0.0200974  0.0284036
 1  0.1210734  0.1282497  0.1364540  0.3627017  0.3826314  0.1773380  0.1587041  0.2804385  0.3171966  0.1576995  0.1209635  0.0974064  0.0922113  0.1282837  0.1279306  0.0930284  0.0836797  0.1115933  0.1109742  0.0738742  0.0771287  0.1033525  0.1045042  0.0748397  0.0694733  0.1054973  0.1297786
 2  0.0226531  0.0234111  0.0240909  0.0555773  0.0515270  0.0254406  0.0260509  0.0501539  0.0618581  0.0263322  0.0207163  0.0180977  0.0176337  0.0255679  0.0241275  0.0165588  0.0150134  0.0210841  0.0215642  0.0149529  0.0153663  0.0211702  0.0205151  0.0142007  0.0136884  0.0217206  0.0270420
 3  0.1124218  0.3059736  0.3285881  0.4480626  0.5291498  0.2222107  0.2050037  0.0382444  0.0424589  0.0401597  0.0476183  0.0463581  0.0504453  0.0925173  0.0824531  0.1950200  0.2132592  0.0980378  0.1109464  0.1686534  0.1751721  0.0571053  0.0600256  0.1287793  0.1228394  0.2866173  0.3067144
 4  0.0418976  0.0264636  0.0302711  0.0299362  0.0215583  0.0355697  0.0320171  0.0330967  0.0416089  0.0420219  0.0398299  0.0382667  0.0367002  0.0440385  0.0430215  0.0359444  0.0332591  0.0322225  0.0353027  0.0351569  0.0359138  0.0401796  0.0447425  0.0387982  0.0298700  0.0145332  0.0134749
 1  0.1167139  0.1061698  0.0974387  0.1617949  0.1814684  0.1433901  0.1476103  0.1525251  0.1942647  0.0563349  0.0435163  0.0515472  0.0477792  0.0982856  0.1187342  0.2018272  0.2312136  0.4274405  0.6997988  0.1513238  0.0561322  0.2756113  0.2485022  0.2401088  0.2940787  0.2182913  0.2724695
 2  0.0225821  0.0199549  0.0185951  0.0322277  0.0352688  0.0266787  0.0278416  0.0307105  0.0422752  0.0106102  0.0076878  0.0094853  0.0095301  0.0212133  0.0212177  0.0333538  0.0391129  0.0757048  0.1032720  0.0145417  0.0069637  0.0401607  0.0396981  0.0430093  0.0540650  0.0391457  0.0458480
 3  0.1078768  0.0731163  0.0608972  0.1383031  0.1432919  0.1726905  0.1661093  0.1816463  0.0558065  0.0545658  0.0455371  0.1160522  0.1110597  0.2868866  0.3801150  0.4435138  0.4111314  0.2727954  0.2921058  0.0198175  0.0304656  0.1925100  0.1985584  0.1787004  0.1868684  0.3652665  0.4169910
 4  0.0428988  0.0407273  0.0341431  0.0315836  0.0331729  0.0333976  0.0291280  0.0374840  0.0402075  0.0434868  0.0395723  0.0290602  0.0281964  0.0248475  0.0287584  0.0137893  0.0122634  0.0278523  0.0531230  0.0499347  0.0495586  0.0403346  0.0331941  0.0309317  0.0354655  0.0179152  0.0210551
 1  0.1187765  0.0970546  0.0874639  0.0793424  0.0407567  0.0565030  0.0585778  0.1172027  0.1469536  0.0898354  0.1171270  0.1022572  0.0992998  0.0934368  0.0934940  0.1524636  0.1175941  0.1800000  0.1925406  0.2462821  0.2618916  0.1420476  0.1665712  0.1415961  0.1636327  0.1511777  0.1673440
 2  0.0226444  0.0179704  0.0166006  0.0100657  0.0060722  0.0101634  0.0124856  0.0285744  0.0382087  0.0239476  0.0278576  0.0213734  0.0201671  0.0191230  0.0200919  0.0265654  0.0194940  0.0328494  0.0341482  0.0434666  0.0496435  0.0292417  0.0325802  0.0265988  0.0282925  0.0249465  0.0264711
 3  0.1100329  0.0689600  0.0927688  0.1599622  0.1387073  0.1340952  0.1256001  0.1222989  0.1141101  0.1479244  0.1481701  0.0503730  0.0440256  0.0578014  0.0585143  0.1255102  0.1356697  0.1268230  0.1240138  0.1352634  0.1320575  0.1262639  0.1219488  0.3700880  0.4056244  0.4447314  0.4525967
 4  0.0423910  0.0424314  0.0737651  0.0510849  0.0340357  0.0295220  0.0278932  0.0276751  0.0266615  0.0284006  0.0334678  0.0403895  0.0353331  0.0330151  0.0463811  0.0455025  0.0383261  0.0355688  0.0387802  0.0393431  0.0297663  0.0323138  0.0374457  0.0201427  0.0234051  0.0210174  0.0233190
 1  0.1318712  0.1125967  0.1165623  0.0877420  0.0845651  0.0616673  0.0573433  0.1425206  0.1506985  0.0416475  0.0447142  0.0934662  0.1006603  0.1071407  0.1026663  0.1043991  0.1150788  0.1138383  0.0945298  0.1575450  0.1718200  0.1564924  0.1531220  0.0583481  0.0459145  0.0442518  0.0424807
 2  0.0249026  0.0203175  0.0202441  0.0156011  0.0157538  0.0117856  0.0117267  0.0287535  0.0291938  0.0082818  0.0093840  0.0205864  0.0229446  0.0226028  0.0189021  0.0190234  0.0189778  0.0164692  0.0139652  0.0249845  0.0281061  0.0253774  0.0265908  0.0097806  0.0082987  0.0088225  0.0088818
 3  0.1222950  0.3195149  0.3223688  0.0993921  0.0960318  0.0537628  0.0573853  0.1567076  0.1565743  0.2055102  0.1594858  0.0617115  0.0562918  0.1173402  0.1338158  0.3946901  0.4615844  0.4977294  0.4869726  0.4153824  0.4272100  0.2259030  0.2048145  0.0456109  0.0451623  0.0543817  0.0533655
 4  0.0459998  0.0280857  0.0223793  0.0386485  0.0353701  0.0369119  0.0383242  0.0342203  0.0302436  0.0264143  0.0257821  0.0327744  0.0381014  0.0370578  0.0385021  0.0190056  0.0266475  0.0278353  0.0209145  0.0182903  0.0198996  0.0347462  0.0380060  0.0396378  0.0333539  0.0379403  0.0477422
 1  0.1335702  0.1084556  0.0995131  0.2381939  0.2734156  0.4787477  0.6611905  0.5981861  0.6259509  0.2155353  0.1750171  0.4483637  0.2961170  0.2403442  0.2403937  0.4171470  0.5309392  0.1022674  0.0859851  0.0587129  0.0530399  0.0346827  0.0245554  0.1268716  0.1374326  0.1780994  0.1674992
 2  0.0258944  0.0200258  0.0184297  0.0463734  0.0482952  0.0835328  0.1142203  0.0819118  0.0712194  0.0285052  0.0265442  0.0566067  0.0396944  0.0377819  0.0427506  0.0752791  0.0920261  0.0163866  0.0147735  0.0108829  0.0101954  0.0060390  0.0040296  0.0231926  0.0273118  0.0323282  0.0297909
 3  0.1234566  0.1025611  0.0998954  0.1039637  0.1096521  0.1170817  0.1187274  0.5361246  0.8170444  0.2329247  0.2016932  0.1502360  0.1265216  0.1178846  0.1212359  0.1137933  0.1140351  0.1025116  0.0816747  0.0510855  0.0539950  0.0460949  0.0424801  0.2052061  0.1782919  0.1784380  0.1993815
 4  0.0490362  0.0440643  0.0378662  0.0337571  0.0366236  0.0334263  0.0350924  0.0333414  0.0279266  0.0340928  0.0501862  0.0493569  0.0401300  0.0297232  0.0380171  0.0325846  0.0328717  0.0410488  0.0376602  0.0362294  0.0437595  0.0471062  0.0440921  0.0302802  0.0304432  0.0369040  0.0321389
 1  0.1265370  0.1239682  0.1325153  0.1154970  0.1110049  0.0889507  0.0857148  0.0641685  0.0510616  0.0952795  0.1018758  0.1443306  0.1489680  0.1776405  0.2400267  0.1192539  0.0970459  0.0871483  0.0620868  0.1622910  0.1831841  0.1854657  0.2384646  0.1219325  0.1419982  0.0862481  0.0889902
 2  0.0242237  0.0228057  0.0232655  0.0196314  0.0200542  0.0174106  0.0145472  0.0108210  0.0092068  0.0184052  0.0180181  0.0247824  0.0270452  0.0344308  0.0456851  0.0196588  0.0166053  0.0135976  0.0105216  0.0319006  0.0398491  0.0439958  0.0588436  0.0293960  0.0299766  0.0157913  0.0144461
 3  0.1171311  0.3194688  0.3327102  0.1839332  0.1921114  0.0518290  0.0510595  0.0577940  0.0513534  0.2546647  0.2910760  0.3035387  0.3054698  0.2855674  0.3041205  0.0875376  0.0818894  0.0574730  0.0506459  0.0619112  0.0601163  0.0675548  0.0533909  0.1079734  0.1212387  0.4296036  0.4945918
 4  0.0452793  0.0268608  0.0252615  0.0336319  0.0314315  0.0443287  0.0453452  0.0417320  0.0369120  0.0263448  0.0305633  0.0227681  0.0184284  0.0199293  0.0291413  0.0403294  0.0438975  0.0425430  0.0377640  0.0339741  0.0300286  0.0342515  0.0312688  0.0310713  0.0390295  0.0244700  0.0191741
 1  0.1098719  0.1025408  0.1095262  0.1232720  0.1321572  0.1368206  0.1458083  0.1716811  0.1632589  0.0542584  0.0454570  0.1262707  0.1630065  0.1324556  0.1400400  0.1269940  0.1190886  0.1122170  0.1075294  0.1079031  0.1110644  0.1692460  0.1602515  0.1075814  0.1208582  0.0445496  0.0171564
 2  0.0217666  0.0197427  0.0202918  0.0227711  0.0251306  0.0268963  0.0307408  0.0362058  0.0213787  0.0078795  0.0075429  0.0239456  0.0321922  0.0248611  0.0268168  0.0235527  0.0219248  0.0205608  0.0193848  0.0196813  0.0210459  0.0309303  0.0298550  0.0212627  0.0246165  0.0047981  0.0024395
 3  0.1012948  0.2670169  0.2595254  0.1923112  0.1777579  0.0559739  0.0538839  0.1234565  0.1383459  0.4399025  0.3568271  0.3002471  0.3112643  0.2000531  0.2099924  0.0588861  0.0574740  0.1776062  0.1700810  0.2205889  0.2095137  0.0870636  0.0840725  0.1888342  0.1851457  0.0362475  0.0286819
 4  0.0418956  0.0360821  0.0288373  0.0332574  0.0316645  0.0359234  0.0327818  0.0630566  0.0493972  0.0136830  0.0107860  0.0120372  0.0188617  0.0315181  0.0297787  0.0360923  0.0374112  0.0358046  0.0340275  0.0331822  0.0330392  0.0378838  0.0357142  0.0293391  0.0850001  0.0564512  0.0456724
 1  0.1211854  0.0694667  0.0613633  0.0773883  0.0689627  0.1555430  0.1705961  0.1100496  0.1260393  0.1364015  0.1257162  0.0667430  0.0640108  0.0728867  0.0743840  0.0374755  0.0330598  0.0448175  0.0388070  0.0750805  0.0832037  0.1075019  0.1233676  0.1042078  0.0987305  0.0435491  0.0431696
 2  0.0237817  0.0130931  0.0117979  0.0146418  0.0131359  0.0315358  0.0368296  0.0229447  0.0252061  0.0242072  0.0224278  0.0127591  0.0128592  0.0155285  0.0170855  0.0079531  0.0069046  0.0087092  0.0074457  0.0150557  0.0158714  0.0202605  0.0217885  0.0185478  0.0196412  0.0092984  0.0094483
 3  0.1117931  0.0676719  0.0651131  0.0591538  0.0470160  0.0607916  0.0695296  0.2745731  0.2916850  0.1651820  0.1781534  0.0473033  0.0413305  0.0586619  0.0612283  0.0537513  0.0467999  0.1119528  0.0948214  0.2756385  0.3242931  0.3535785  0.3945830  0.0386017  0.0450711  0.0624327  0.0601591
 4  0.0453864  0.0375875  0.0366083  0.0449281  0.0346272  0.0340106  0.0419309  0.0236207  0.0240884  0.0365383  0.0321179  0.0355135  0.0359693  0.0347079  0.0368440  0.0401490  0.0402008  0.0378716  0.0341990  0.0168083  0.0207377  0.0160876  0.0163670  0.0349514  0.0333904  0.0353454  0.0373795
 1  0.1201775  0.0667225  0.0582980  0.0969028  0.0966678  0.1295571  0.1419133  0.0809959  0.0993204  0.1198690  0.1419960  0.0749300  0.0879125  0.0425791  0.0364551  0.0376243  0.0269105  0.0650194  0.0535969  0.1264987  0.1492250  0.0427204  0.0341620  0.0749094  0.0717608  0.1201031  0.1312084
 2  0.0229901  0.0123475  0.0111217  0.0193695  0.0196529  0.0270933  0.0286711  0.0163901  0.0195950  0.0229311  0.0261987  0.0132824  0.0160404  0.0064500  0.0046274  0.0056783  0.0042983  0.0108479  0.0097960  0.0261109  0.0280737  0.0074635  0.0063017  0.0141089  0.0135844  0.0235170  0.0272172
 3  0.1112312  0.0686836  0.0695244  0.0601326  0.0610172  0.1198222  0.1382121  0.3437410  0.3562759  0.3239634  0.3700225  0.4473955  0.5216901  0.7022810  0.0276810  0.0395613  0.0444381  0.1480001  0.1436810  0.1944570  0.1839424  0.0550902  0.0596696  0.1733644  0.1819912  0.1808259  0.1775082
 4  0.0430954  0.0398562  0.0350311  0.0357281  0.0377343  0.0311070  0.0355121  0.0137244  0.0164291  0.0173215  0.0176290  0.0200956  0.0257513  0.0225230  0.0460240  0.0405652  0.0439815  0.0367523  0.0303618  0.0323525  0.0418609  0.0431467  0.0418605  0.0347132  0.0349318  0.0303825  0.0266425
 1  0.1184296  0.1036733  0.0940763  0.0928147  0.0810345  0.1188104  0.1094629  0.0956905  0.1118122  0.0974049  0.0995592  0.1398928  0.1471749  0.1045702  0.1069330  0.1270101  0.1172939  0.1504917  0.1631423  0.1259236  0.1105016  0.0378945  0.0283686  0.1079141  0.1244297  0.1737797  0.2197365
 2  0.0230435  0.0194339  0.0179383  0.0170569  0.0151310  0.0217292  0.0195791  0.0181809  0.0214636  0.0185284  0.0188963  0.0270606  0.0296780  0.0209055  0.0197515  0.0231671  0.0192910  0.0258023  0.0280220  0.0221184  0.0160542  0.0058772  0.0051482  0.0229950  0.0304864  0.0457860  0.0567712
 3  0.1093210  0.0661128  0.0736813  0.0608291  0.0591541  0.1322105  0.1302597  0.3222201  0.3131671  0.1705656  0.1753182  0.1099598  0.1093358  0.1667772  0.1658729  0.1352278  0.1739725  0.3498633  0.3501719  0.0989170  0.1037698  0.0535370  0.0532527  0.0639343  0.0687158  0.0624205  0.0690011
 4  0.0437191  0.0409349  0.0414455  0.0427014  0.0406686  0.0416917  0.0363424  0.0141241  0.0178724  0.0326701  0.0349706  0.0297220  0.0338106  0.0372370  0.0362114  0.0366095  0.0454884  0.0158097  0.0172149  0.0546763  0.0517138  0.0411260  0.0341401  0.0331685  0.0363417  0.0328080  0.0430597
 1  0.1185895  0.0829817  0.0737849  0.1651564  0.1612081  0.1572467  0.2022764  0.1600761  0.1684994  0.0504191  0.0429124  0.0871251  0.0788237  0.1300142  0.1743167  0.1234015  0.1239914  0.1120878  0.1229733  0.0739694  0.0466876  0.0839982  0.0717584  0.0931587  0.0988237  0.0850666  0.0869993
 2  0.0228059  0.0154615  0.0140754  0.0309577  0.0305849  0.0321846  0.0435804  0.0334681  0.0334321  0.0097315  0.0072114  0.0153681  0.0152033  0.0274087  0.0380231  0.0250161  0.0246766  0.0229699  0.0258081  0.0120064  0.0071939  0.0143308  0.0121248  0.0169194  0.0180238  0.0161081  0.0181722
 3  0.1096515  0.0690232  0.0753769  0.0896253  0.0771996  0.1929895  0.1632418  0.0587563  0.0599012  0.0443309  0.0531278  0.1101819  0.1118427  0.2903824  0.2877890  0.0912576  0.0934462  0.0957091  0.0520764  0.0402365  0.0371499  0.1072582  0.1124867  0.3192806  0.3299271  0.1105844  0.0995115
 4  0.0431479  0.0387579  0.0386182  0.0354645  0.0323233  0.0259266  0.0259737  0.0363587  0.0385656  0.0477438  0.0443096  0.0330130  0.0313721  0.0126676  0.0148667  0.0358736  0.0350378  0.0400786  0.0478608  0.0464903  0.0412206  0.0349943  0.0405422  0.0164829  0.0173410  0.0350205  0.0321513
 1  0.1080012  0.1170957  0.1115697  0.0888987  0.0751453  0.1504672  0.1595965  0.1536216  0.1934191  0.0854949  0.0585282  0.0822056  0.0727035  0.1860685  0.2258297  0.2140073  0.2512167  0.0998377  0.1022876  0.1390404  0.1811072  0.3743135  0.4789082  0.1145069  0.0715195  0.1543058  0.1310683
 2  0.0207042  0.0219708  0.0212480  0.0162308  0.0134757  0.0291335  0.0339216  0.0358611  0.0414323  0.0139103  0.0090648  0.0139612  0.0136876  0.0389613  0.0493257  0.0455271  0.0533227  0.0203345  0.0211208  0.0289843  0.0357416  0.0675244  0.0758220  0.0161135  0.0096115  0.0236623  0.0229329
 3  0.0998937  0.1064346  0.1082489  0.0420041  0.0407327  0.0486676  0.0505524  0.1190976  0.1348263  0.0913553  0.0949657  0.0864915  0.1030494  0.1106780  0.1047828  0.0890878  0.0908714  0.1056457  0.1189580  0.3167583  0.3502568  0.1949157  0.2007566  0.0279240  0.0325499  0.1464852  0.1549451
 4  0.0388828  0.0419661  0.0428682  0.0405917  0.0383506  0.0406416  0.0325148  0.0289473  0.0471340  0.0528260  0.0439609  0.0365215  0.0366265  0.0383749  0.0383487  0.0358646  0.0346214  0.0296119  0.0330074  0.0179243  0.0182868  0.0387817  0.0416894  0.0460921  0.0427464  0.0310223  0.0309137
 1  0.1193897  0.1198549  0.1102949  0.1365638  0.1275903  0.1157970  0.1149572  0.1963376  0.2390814  0.1845925  0.1936651  0.0768048  0.0669908  0.0893315  0.0808082  0.1150059  0.1089291  0.1346314  0.1481765  0.1848543  0.2487255  0.1767018  0.1719256  0.0787215  0.0497119  0.0692447  0.0644568
 2  0.0226910  0.0219428  0.0205125  0.0251384  0.0244136  0.0230409  0.0227556  0.0408097  0.0495308  0.0361124  0.0382823  0.0150902  0.0108380  0.0153135  0.0141135  0.0203461  0.0197594  0.0256720  0.0303640  0.0388859  0.0438625  0.0284904  0.0294526  0.0114510  0.0079565  0.0123140  0.0119546
 3  0.1105887  0.0997306  0.1065695  0.0505151  0.0458623  0.0496138  0.0536871  0.1321766  0.1402386  0.0843277  0.1013353  0.0577824  0.0458181  0.1849355  0.1727517  0.1772594  0.1779743  0.1761275  0.1637564  0.3028649  0.3813292  0.2067453  0.1870392  0.0402781  0.0348724  0.1477818  0.1385193
 4  0.0420011  0.0365243  0.0418276  0.0394914  0.0371046  0.0378445  0.0381914  0.0268351  0.0318986  0.0355006  0.0358595  0.0450324  0.0413079  0.0380609  0.0361328  0.0380239  0.0367571  0.0306879  0.0268225  0.0225822  0.0244384  0.0329219  0.0422107  0.0468723  0.0405072  0.0373118  0.0370320
 1  0.1197052  0.1081726  0.0965713  0.0578867  0.0546790  0.0871148  0.1008265  0.1151889  0.1416410  0.0547277  0.0552326  0.0495283  0.0475500  0.0526664  0.0556956  0.0458288  0.0212479  0.0560474  0.0543382  0.0862106  0.0908665  0.0671458  0.0867050  0.1544135  0.1597023  0.1331655  0.1353347
 2  0.0222257  0.0195370  0.0180546  0.0112393  0.0113389  0.0194078  0.0238343  0.0257323  0.0263325  0.0094410  0.0085821  0.0077101  0.0080333  0.0097868  0.0112721  0.0057737  0.0030919  0.0098948  0.0108576  0.0187148  0.0211617  0.0164838  0.0201952  0.0294025  0.0274076  0.0236468  0.0264026
 3  0.1112479  0.0697998  0.0722792  0.0562351  0.0559045  0.1196189  0.1295905  0.3180196  0.4060364  0.4037208  0.4814363  0.4703739  0.4063532  0.1797453  0.1647646  0.0592100  0.0304024  0.1063829  0.1048247  0.0953281  0.0953466  0.2422913  0.2521135  0.3314217  0.3982009  0.0711673  0.0749230
 4  0.0405983  0.0396665  0.0382982  0.0331959  0.0340962  0.0292831  0.0301530  0.0226451  0.0183685  0.0215431  0.0277153  0.0181930  0.0144333  0.0275442  0.0631467  0.0567788  0.0412157  0.0336472  0.0334299  0.0328060  0.0317500  0.0141092  0.0214776  0.0197589  0.0128285  0.0331370  0.0336276
 1  0.1281526  0.3612613  0.3967034  0.2493358  0.1591665  0.2363780  0.2276020  0.2042748  0.1990849  0.1430439  0.1606714  0.1800950  0.1974043  0.1815498  0.2119568  0.1147203  0.0980990  0.0924637  0.0746193  0.2260658  0.2462154  0.1778536  0.1936033  0.1741802  0.2052548  0.1338017  0.1632785
 2  0.0238308  0.0643915  0.0683032  0.0339842  0.0231827  0.0392791  0.0378841  0.0357280  0.0390904  0.0307568  0.0345398  0.0380906  0.0408523  0.0341514  0.0375506  0.0199761  0.0139693  0.0147420  0.0131579  0.0431918  0.0479717  0.0357302  0.0423137  0.0374987  0.0426558  0.0278203  0.0349885
 3  0.1190841  0.0669742  0.0697135  0.0412324  0.0327490  0.0455782  0.0506568  0.0410973  0.0460389  0.0534666  0.0456685  0.0781159  0.0784679  0.3516005  0.3963238  0.0927480  0.1016753  0.0468823  0.0603461  0.0641501  0.0620959  0.0543877  0.0530087  0.1576452  0.1804804  0.1747160  0.1617496
 4  0.0432240  0.0399301  0.0471874  0.0509294  0.0420826  0.0448700  0.0459453  0.0370344  0.0339414  0.0387463  0.0380912  0.0332349  0.0391064  0.0214165  0.0153826  0.0546961  0.0514106  0.0404658  0.0425176  0.0388464  0.0360566  0.0303702  0.0326395  0.0278857  0.0277180  0.0290549  0.0270222
 1  0.1228780  0.0516303  0.0437876  0.0664153  0.0619858  0.0858607  0.0799679  0.1281157  0.1518202  0.1744306  0.2068871  0.3442830  0.5718467  0.2690738  0.2153947  0.1011217  0.0669679  0.0712183  0.0580135  0.0547587  0.0583177  0.1092787  0.1086895  0.1169355  0.1167552  0.0984865  0.0922790
 2  0.0231605  0.0093746  0.0082872  0.0134154  0.0107133  0.0150105  0.0151002  0.0261569  0.0318464  0.0364850  0.0427516  0.0692380  0.0880692  0.0346434  0.0329949  0.0144292  0.0108923  0.0117689  0.0101425  0.0104848  0.0123280  0.0233253  0.0221027  0.0242978  0.0189531  0.0159682  0.0162828
 3  0.1139457  0.0620167  0.0733908  0.0607981  0.0604388  0.1960910  0.1915290  0.1716162  0.1630533  0.1647618  0.1802241  0.3362387  0.4620409  0.2602809  0.2164098  0.0366149  0.0381294  0.1539111  0.1387155  0.2097527  0.1763897  0.0606476  0.0612362  0.1205946  0.1289665  0.3513025  0.3521224
 4  0.0426510  0.0411128  0.0345771  0.0454383  0.0456042  0.0326808  0.0285527  0.0280604  0.0281910  0.0250567  0.0296418  0.0205827  0.0282062  0.0373901  0.0383562  0.0417506  0.0436565  0.0412127  0.0310453  0.0283487  0.0277459  0.0407706  0.0370786  0.0430019  0.0495698  0.0151405  0.0113566
 1  0.1200581  0.0272546  0.0226782  0.0713205  0.0630298  0.0691026  0.0757967  0.0904122  0.1157108  0.0561612  0.0569971  0.0331614  0.0310593  0.0443555  0.0402130  0.0403175  0.0361442  0.1500117  0.1575753  0.1556519  0.1859375  0.1391029  0.1675981  0.1276490  0.1158198  0.1492411  0.1227816
 2  0.0230951  0.0050609  0.0043885  0.0137050  0.0111801  0.0129065  0.0150316  0.0191592  0.0236802  0.0107670  0.0110310  0.0065654  0.0066593  0.0094254  0.0072378  0.0067998  0.0061814  0.0255601  0.0267794  0.0270678  0.0335467  0.0248622  0.0286670  0.0207753  0.0198508  0.0250719  0.0200477
 3  0.1110341  0.0385618  0.0405702  0.0967174  0.1108388  0.3040614  0.3076265  0.2770430  0.3227594  0.2020245  0.1700393  0.0392083  0.0494769  0.1072395  0.1139587  0.3758539  0.3467100  0.3451522  0.3583653  0.3684280  0.3667991  0.3853372  0.3904209  0.1788586  0.1929578  0.0543581  0.0522372
 4  0.0435161  0.0383701  0.0397052  0.0388131  0.0406846  0.0119575  0.0115321  0.0146995  0.0206382  0.0354319  0.0320690  0.0308191  0.0384682  0.0460966  0.0413354  0.0205457  0.0175706  0.0207396  0.0165727  0.0156010  0.0147425  0.0202964  0.0203994  0.0340502  0.0363317  0.0423585  0.0366053
 1  0.1130965  0.0875332  0.0781417  0.0756068  0.0739291  0.0961690  0.1105676  0.1679193  0.1826961  0.1373670  0.1355815  0.1797293  0.1873746  0.0764098  0.0652601  0.1787571  0.1998354  0.2310161  0.2354107  0.2700572  0.3821837  0.1908051  0.1397165  0.1175042  0.1152148  0.1045596  0.1043928
 2  0.0219065  0.0163576  0.0149825  0.0152199  0.0146935  0.0195462  0.0211453  0.0295599  0.0310305  0.0237594  0.0257247  0.0367765  0.0299346  0.0121827  0.0117178  0.0348559  0.0362788  0.0408994  0.0415211  0.0481502  0.0667271  0.0270298  0.0221699  0.0209156  0.0213249  0.0197556  0.0183322
 3  0.1045130  0.0617384  0.0671554  0.0589200  0.0675163  0.2732074  0.2908037  0.3542360  0.3690127  0.1019234  0.0893387  0.0777457  0.0786676  0.2209177  0.2188559  0.1349074  0.1449624  0.1415078  0.1421739  0.3945112  0.4176648  0.0901675  0.0990031  0.0833479  0.0778824  0.2166597  0.2059054
 4  0.0411056  0.0407345  0.0372776  0.0358999  0.0419445  0.0234876  0.0280394  0.0206600  0.0153277  0.0355624  0.0334275  0.0455455  0.0401578  0.0329288  0.0276219  0.0334160  0.0395748  0.0314755  0.0344568  0.0165556  0.0200508  0.0412103  0.0339212  0.0375640  0.0380386  0.0361261  0.0380369
 1  0.1195876  0.1721847  0.1637941  0.1030982  0.0889341  0.1310157  0.1468567  0.2258908  0.3490006  0.2422177  0.1259923  0.0674623  0.0555042  0.1750920  0.2347316  0.1939797  0.2390486  0.1471195  0.1358991  0.0665746  0.0596306  0.0877566  0.0823792  0.0927104  0.1018994  0.0807772  0.1150369
 2  0.0230067  0.0318218  0.0303740  0.0185481  0.0158552  0.0250151  0.0297251  0.0482750  0.0699983  0.0299665  0.0166934  0.0105896  0.0102620  0.0377031  0.0491237  0.0365391  0.0432501  0.0248874  0.0239011  0.0124274  0.0109793  0.0161575  0.0160576  0.0177873  0.0194015  0.0157281  0.0229618
 3  0.1106675  0.0687607  0.0745606  0.0532032  0.0546940  0.1900719  0.1751289  0.2905251  0.3073146  0.0865456  0.1059130  0.0513950  0.0547378  0.2095755  0.2388410  0.3555664  0.3942244  0.0993960  0.1027767  0.0368042  0.0470562  0.1506499  0.1404449  0.3276893  0.3798464  0.4626851  0.6585303
 4  0.0429499  0.0380011  0.0407468  0.0403122  0.0392014  0.0272400  0.0250912  0.0141675  0.0349018  0.0519295  0.0455043  0.0396589  0.0355547  0.0188535  0.0252979  0.0162811  0.0163623  0.0375163  0.0365953  0.0405721  0.0398356  0.0340844  0.0314954  0.0207576  0.0142672  0.0187481  0.0282834
 1  0.1199145  0.1460050  0.1385642  0.1080849  0.0882160  0.1064168  0.1156644  0.1225429  0.1436615  0.1475049  0.1235644  0.1767852  0.1906645  0.1677078  0.1712312  0.2688292  0.3477872  0.0754607  0.0488901  0.1063907  0.1005524  0.2001120  0.2428276  0.2476253  0.2568199  0.2261847  0.3060494
 2  0.0228188  0.0268752  0.0257370  0.0187644  0.0155671  0.0205279  0.0242880  0.0274223  0.0337053  0.0282645  0.0218697  0.0316689  0.0301842  0.0271885  0.0312615  0.0545148  0.0601262  0.0109240  0.0074391  0.0182746  0.0197099  0.0426862  0.0534229  0.0477320  0.0459672  0.0410922  0.0502713
 3  0.1110863  0.0980854  0.1180986  0.0404480  0.0422666  0.1459927  0.1245198  0.0977601  0.1006154  0.0626960  0.0554713  0.2997040  0.3500422  0.2279718  0.2095205  0.1048833  0.1107478  0.0875665  0.1092545  0.0953974  0.1025197  0.1036826  0.0913142  0.1348002  0.1503089  0.3811681  0.4257203
 4  0.0424321  0.0375119  0.0453981  0.0415872  0.0400641  0.0279844  0.0272465  0.0332436  0.0412269  0.0495388  0.0453620  0.0281114  0.0294750  0.0358558  0.0276615  0.0358340  0.0450495  0.0453767  0.0451211  0.0367413  0.0347073  0.0377576  0.0415953  0.0402603  0.0359104  0.0201739  0.0319756
 1  0.1138583  0.0925074  0.0836363  0.1087713  0.1099326  0.1564482  0.1525646  0.2291440  0.2927397  0.2205924  0.1885928  0.1704871  0.1716284  0.1029287  0.0967428  0.0976730  0.0823592  0.0626997  0.0692001  0.0917087  0.0882490  0.0937211  0.0853558  0.0898836  0.0887840  0.1476038  0.1926123
 2  0.0220431  0.0172610  0.0159858  0.0218417  0.0219562  0.0278691  0.0261378  0.0408978  0.0507062  0.0342798  0.0314894  0.0306104  0.0316297  0.0187429  0.0163559  0.0164979  0.0146340  0.0118977  0.0137128  0.0182336  0.0162219  0.0167217  0.0161012  0.0172358  0.0181558  0.0332170  0.0411823
 3  0.1052201  0.0738459  0.0717904  0.0553213  0.0677124  0.2984958  0.3236149  0.2928189  0.3317448  0.0886942  0.0911821  0.0814089  0.0798569  0.2085869  0.2047723  0.0806590  0.0803074  0.3176001  0.3135505  0.0861831  0.0851750  0.1490871  0.1441669  0.1284744  0.1330335  0.1769575  0.1712887
 4  0.0411772  0.0418013  0.0381629  0.0346815  0.0482919  0.0296470  0.0219860  0.0221275  0.0303653  0.0383090  0.0358089  0.0343097  0.0377411  0.0411966  0.0396326  0.0385308  0.0370817  0.0152471  0.0146684  0.0406979  0.0449973  0.0375732  0.0370475  0.0329881  0.0303206  0.0281635  0.0335963
 1  0.1224621  0.1357294  0.1257082  0.1760307  0.1975472  0.1232338  0.0971772  0.1981218  0.2266873  0.1744850  0.1931058  0.0866998  0.0672243  0.0651339  0.0609037  0.1328849  0.1718664  0.1377672  0.1729221  0.0844873  0.0487399  0.0599015  0.0542689  0.0606135  0.0668861  0.1407464  0.1948878
 2  0.0237819  0.0251338  0.0234691  0.0339640  0.0391231  0.0210926  0.0163086  0.0366760  0.0423074  0.0331470  0.0369700  0.0150610  0.0113030  0.0120299  0.0125477  0.0307233  0.0423544  0.0332951  0.0401379  0.0126150  0.0074851  0.0104951  0.0098133  0.0117002  0.0135980  0.0300497  0.0420931
 3  0.1132034  0.0728748  0.0656541  0.1434295  0.1377418  0.0823867  0.0905589  0.1496836  0.1408360  0.1594858  0.1784107  0.0361797  0.0425073  0.0593045  0.0566880  0.1523983  0.1610340  0.1504982  0.1418805  0.0447199  0.0283291  0.1142217  0.1049937  0.3195908  0.3060293  0.2868949  0.2889667
 4  0.0444552  0.0426948  0.0357353  0.0283033  0.0345692  0.0408825  0.0399266  0.0309829  0.0328550  0.0308254  0.0367684  0.0398203  0.0407239  0.0359872  0.0331907  0.0227592  0.0234015  0.0285078  0.0466448  0.0480235  0.0368681  0.0357305  0.0358671  0.0143494  0.0120969  0.0126171  0.0247489
 1  0.1189860  0.1997493  0.2284276  0.2094931  0.1956572  0.1504756  0.1437142  0.1214154  0.1148324  0.1148379  0.1038619  0.1064277  0.1127177  0.0792538  0.0649660  0.0768897  0.0641830  0.0728995  0.0780062  0.1469932  0.1690357  0.1631134  0.1758494  0.1183975  0.1257091  0.1516989  0.1588275
 2  0.0231473  0.0372314  0.0396940  0.0334046  0.0310078  0.0257805  0.0257919  0.0227038  0.0227053  0.0220065  0.0205037  0.0227319  0.0210086  0.0137740  0.0117139  0.0135424  0.0113324  0.0138808  0.0154401  0.0283783  0.0317126  0.0309807  0.0345831  0.0241862  0.0263950  0.0310372  0.0325597
 3  0.1099257  0.2929887  0.3441831  0.1952911  0.2218408  0.0434482  0.0424421  0.0447176  0.0511749  0.0477570  0.0467182  0.0998976  0.1124698  0.0878804  0.1016266  0.1127972  0.1018427  0.2657331  0.2725858  0.2943537  0.3062374  0.0750559  0.0749136  0.0768738  0.0760807  0.0862563  0.0719112
 4  0.0434759  0.0250107  0.0282764  0.0396906  0.0374169  0.0412714  0.0374832  0.0394951  0.0413997  0.0373204  0.0364916  0.0348721  0.0411772  0.0410131  0.0451634  0.0409982  0.0374793  0.0118015  0.0150798  0.0150823  0.0126380  0.0379804  0.0350752  0.0358440  0.0387993  0.0356301  0.0309931
 1  0.1306233  0.1962889  0.2250865  0.1641879  0.1420016  0.1072351  0.1124156  0.1310403  0.1343242  0.1057156  0.1134623  0.1076891  0.0990876  0.2340390  0.2286504  0.2733653  0.3637957  0.1420012  0.1262936  0.1672454  0.1511976  0.0848393  0.0803465  0.1454843  0.0964424  0.0909683  0.0731553
 2  0.0247698  0.0355968  0.0378490  0.0249686  0.0233294  0.0200180  0.0234843  0.0277030  0.0274289  0.0213452  0.0204603  0.0195185  0.0184034  0.0427707  0.0435703  0.0568689  0.0691981  0.0236384  0.0214743  0.0287725  0.0273598  0.0164318  0.0164627  0.0244189  0.0135527  0.0144738  0.0120780
 3  0.1210438  0.3405337  0.3524528  0.2182835  0.2003023  0.0425055  0.0554517  0.0760712  0.0746944  0.2044715  0.2297924  0.0535746  0.0565811  0.0464432  0.0445103  0.1075209  0.1133148  0.1891459  0.1896569  0.0464452  0.0446654  0.0451213  0.0477822  0.0447941  0.0394844  0.1048111  0.1067021
 4  0.0459343  0.0282483  0.0282695  0.0392244  0.0294734  0.0305919  0.0362973  0.0366886  0.0347965  0.0299119  0.0347760  0.0407573  0.0411887  0.0387596  0.0339905  0.0293417  0.0395478  0.0371036  0.0353845  0.0384451  0.0364689  0.0323648  0.0499906  0.0559577  0.0525622  0.0390665  0.0399104
 1  0.1290452  0.1914845  0.2168590  0.1882629  0.1833562  0.1312499  0.1096743  0.0776670  0.0532558  0.0542092  0.0530352  0.1184668  0.1434023  0.0592128  0.0749696  0.1428759  0.1467117  0.1673827  0.2047691  0.1851424  0.2241416  0.1884182  0.1879877  0.0713566  0.0415451  0.0421689  0.0316777
 2  0.0246009  0.0347630  0.0366288  0.0315800  0.0263815  0.0203211  0.0200259  0.0124436  0.0089817  0.0102945  0.0110542  0.0272653  0.0366466  0.0164096  0.0186617  0.0306935  0.0306042  0.0360881  0.0425648  0.0357062  0.0402166  0.0301769  0.0248008  0.0095328  0.0053715  0.0064877  0.0057578
 3  0.1195265  0.3314347  0.3694700  0.1843914  0.1974573  0.0369984  0.0413316  0.0515097  0.0405956  0.1064484  0.0995200  0.0992436  0.0988505  0.1384704  0.1245226  0.0643957  0.0578205  0.1269933  0.1161474  0.3502579  0.3976860  0.4753234  0.6612934  0.0222750  0.0414245  0.0292774  0.0457014
 4  0.0455732  0.0273987  0.0244931  0.0388872  0.0444295  0.0389275  0.0425446  0.0467078  0.0404157  0.0353190  0.0304302  0.0278437  0.0240727  0.0303074  0.0365216  0.0412855  0.0303781  0.0289415  0.0334057  0.0191268  0.0196973  0.0266810  0.0254111  0.0476268  0.0519423  0.0373290  0.0378604
 1  0.1242210  0.1333196  0.1229335  0.0805147  0.0758496  0.1000869  0.1147372  0.1469757  0.2060575  0.1336143  0.1633112  0.0702900  0.0670031  0.0364655  0.0230695  0.1288900  0.1215709  0.1266840  0.1628765  0.1298742  0.1313284  0.0536412  0.0408965  0.0654973  0.0645652  0.1315251  0.1559659
 2  0.0237190  0.0243589  0.0227151  0.0152813  0.0152976  0.0215418  0.0255335  0.0337321  0.0443418  0.0237777  0.0263076  0.0102275  0.0069961  0.0048357  0.0037984  0.0227591  0.0228315  0.0261740  0.0336339  0.0253252  0.0246484  0.0092548  0.0070546  0.0124952  0.0131718  0.0268234  0.0309867
 3  0.1150374  0.0910714  0.0980888  0.0448870  0.0476758  0.1360962  0.1252613  0.2584834  0.3646155  0.5540577  0.6884305  0.9271064  0.0237905  0.0276723  0.0378407  0.1457713  0.1360510  0.2805621  0.3066966  0.0977255  0.0832418  0.0457596  0.0460875  0.1110008  0.1008058  0.3080774  0.3524611
 4  0.0439503  0.0381392  0.0369488  0.0349379  0.0321148  0.0277955  0.0260931  0.0136656  0.0164651  0.0175327  0.0194805  0.0217859  0.0498075  0.0422046  0.0399234  0.0363132  0.0295135  0.0124580  0.0183585  0.0361785  0.0414315  0.0446791  0.0368317  0.0328179  0.0350285  0.0187598  0.0147098
 1  0.1165220  0.1966788  0.2324099  0.4015436  0.4452694  0.1590539  0.1254085  0.1370308  0.1211714  0.1215350  0.1472206  0.1080214  0.0872686  0.0986433  0.0926610  0.1183832  0.1128185  0.1797906  0.2208528  0.3294473  0.5257900  0.1790154  0.0897504  0.1011722  0.0866719  0.0908044  0.0933024
 2  0.0223310  0.0366331  0.0402359  0.0634044  0.0707384  0.0246693  0.0186765  0.0224329  0.0223028  0.0249628  0.0318872  0.0200827  0.0156444  0.0186361  0.0169379  0.0215926  0.0214783  0.0346279  0.0396874  0.0579148  0.0829990  0.0199186  0.0121517  0.0165444  0.0138120  0.0157825  0.0172015
 3  0.1078842  0.3220942  0.3338998  0.1936048  0.2086512  0.0372331  0.0342675  0.0819492  0.0773771  0.1909816  0.1860599  0.0490250  0.0529769  0.0560946  0.0588644  0.1681612  0.1765679  0.3173441  0.3729751  0.4332821  0.4573529  0.0862980  0.1042183  0.0827056  0.0872540  0.3365054  0.3322785
 4  0.0419358  0.0284868  0.0270225  0.0366924  0.0349477  0.0454439  0.0407092  0.0345875  0.0304377  0.0240945  0.0343172  0.0425734  0.0410055  0.0424814  0.0412678  0.0327024  0.0341895  0.0193842  0.0187205  0.0172174  0.0311968  0.0482736  0.0427379  0.0377141  0.0397612  0.0140049  0.0148967
 1  0.1258450  0.1472321  0.1421987  0.1211871  0.1190106  0.1246361  0.1191951  0.1993857  0.2182237  0.1112207  0.1061943  0.1000021  0.0750768  0.1029292  0.1059387  0.2016460  0.2491676  0.1904845  0.2341180  0.2590282  0.2246534  0.1098545  0.0926153  0.1627165  0.2027715  0.2542001  0.3502713
 2  0.0243853  0.0272602  0.0261263  0.0235279  0.0213010  0.0230610  0.0236953  0.0411866  0.0438306  0.0217870  0.0221032  0.0177699  0.0124536  0.0185683  0.0201865  0.0406249  0.0489565  0.0350393  0.0421820  0.0406760  0.0322874  0.0173167  0.0169860  0.0344238  0.0475976  0.0557967  0.0626705
 3  0.1162965  0.1226054  0.1071175  0.0398560  0.0511773  0.0452648  0.0483730  0.0439429  0.0460828  0.0427167  0.0465876  0.0615251  0.0590017  0.2092328  0.1663682  0.1841369  0.1757835  0.3720323  0.3752633  0.1888912  0.2173529  0.0364230  0.0448032  0.1084476  0.1019108  0.3084703  0.4342500
 4  0.0459349  0.0425753  0.0374007  0.0422473  0.0404534  0.0363872  0.0375121  0.0366849  0.0369598  0.0365817  0.0454207  0.0475642  0.0419652  0.0344902  0.0273215  0.0311792  0.0310976  0.0183945  0.0182251  0.0437687  0.0413428  0.0375895  0.0353657  0.0265386  0.0311422  0.0241456  0.0196967
 1  0.1167883  0.1609502  0.1778851  0.1647478  0.1963815  0.1739823  0.1324314  0.1422199  0.1132621  0.0969437  0.0864421  0.0660298  0.0652530  0.1242320  0.1604491  0.1541550  0.2030323  0.1447855  0.0908186  0.0811359  0.0782821  0.1649991  0.1954454  0.2919379  0.3378293  0.1808920  0.1660431
 2  0.0227042  0.0300980  0.0314691  0.0280884  0.0326127  0.0252695  0.0201459  0.0221340  0.0196812  0.0178990  0.0161787  0.0133088  0.0145701  0.0305251  0.0391825  0.0353398  0.0366930  0.0196763  0.0138606  0.0145249  0.0158663  0.0361480  0.0382224  0.0539149  0.0537701  0.0284152  0.0277231
 3  0.1078659  0.2936086  0.3201197  0.4341089  0.4158505  0.1839097  0.2287521  0.0422589  0.0459811  0.0440845  0.0496296  0.0567755  0.0630800  0.1412768  0.1631989  0.3013670  0.4124756  0.0723799  0.1100235  0.0597875  0.0654093  0.1689387  0.1845859  0.1897805  0.2113216  0.1774893  0.1932090
 4  0.0426806  0.0252588  0.0255857  0.0192914  0.0228028  0.0403890  0.0409652  0.0362013  0.0368171  0.0404471  0.0384212  0.0341310  0.0327915  0.0232023  0.0272227  0.0222205  0.0383588  0.0417996  0.0379770  0.0339771  0.0373914  0.0339881  0.0366573  0.0322841  0.0363068  0.0354238  0.0328975
 1  0.1211286  0.1153660  0.1059575  0.0552349  0.0560173  0.1668042  0.2164455  0.1200317  0.1099801  0.0867792  0.0705484  0.0806276  0.0831503  0.1374192  0.1465671  0.2679481  0.4496367  0.1515976  0.0800578  0.0653546  0.0458971  0.0912894  0.1007286  0.1818418  0.2312399  0.2260587  0.2601531
 2  0.0236729  0.0216830  0.0200765  0.0111735  0.0123373  0.0369888  0.0428380  0.0215131  0.0188197  0.0147787  0.0119259  0.0149221  0.0153086  0.0259113  0.0285729  0.0553993  0.0912329  0.0187973  0.0117230  0.0097418  0.0078656  0.0184977  0.0204472  0.0370333  0.0406285  0.0366176  0.0436970
 3  0.1117906  0.0714891  0.0795994  0.0608986  0.0634073  0.2561750  0.2943204  0.0940467  0.1027875  0.0802360  0.0813885  0.2299216  0.2076739  0.1872167  0.1779024  0.3156342  0.3129092  0.0425403  0.0286924  0.0397569  0.0419864  0.1412851  0.1280094  0.3366308  0.3787134  0.4109744  0.4280771
 4  0.0451994  0.0400237  0.0395743  0.0325905  0.0325668  0.0254830  0.0241916  0.0425820  0.0430864  0.0414532  0.0382882  0.0324899  0.0335712  0.0285165  0.0257597  0.0110193  0.0277107  0.0487303  0.0461556  0.0455677  0.0357994  0.0293893  0.0349951  0.0203302  0.0236915  0.0162482  0.0150752
 1  0.1199243  0.0954129  0.0845932  0.0744206  0.0711909  0.1048211  0.1297068  0.0710260  0.0673970  0.0949690  0.0919584  0.1356967  0.1599860  0.0973051  0.0894225  0.1299189  0.1314880  0.0804262  0.0770640  0.0450707  0.0359803  0.0280100  0.0251110  0.0778700  0.1016664  0.1995708  0.2903704
 2  0.0225624  0.0174672  0.0159973  0.0146201  0.0141127  0.0219046  0.0274074  0.0142299  0.0126033  0.0183180  0.0188120  0.0295131  0.0325971  0.0178630  0.0162770  0.0244483  0.0265462  0.0160019  0.0139880  0.0078575  0.0064473  0.0051618  0.0050433  0.0175633  0.0246455  0.0482978  0.0525214
 3  0.1112819  0.0634529  0.0738202  0.0586592  0.0617782  0.2619929  0.2508462  0.0976387  0.0747733  0.0556366  0.0730078  0.1554286  0.1439555  0.1830483  0.2170067  0.0789845  0.0777633  0.1707817  0.1928445  0.0529106  0.0629781  0.1374132  0.1187403  0.2508304  0.2466403  0.2717580  0.4487330
 4  0.0417796  0.0367605  0.0400584  0.0397246  0.0348809  0.0175825  0.0201803  0.0417877  0.0379971  0.0369774  0.0355100  0.0290852  0.0375408  0.0354878  0.0308990  0.0315099  0.0340751  0.0384821  0.0391850  0.0373972  0.0432902  0.0389980  0.0323512  0.0095130  0.0120389  0.0225090  0.0260318
 1  0.1081644  0.0837371  0.0761288  0.1704345  0.1918580  0.2722039  0.2844883  0.2809445  0.3760986  0.1977237  0.1292751  0.0513859  0.0422599  0.1391089  0.1686726  0.2047469  0.2687440  0.1389583  0.1275775  0.0916459  0.0742444  0.1458622  0.1425321  0.1915611  0.2434403  0.3369359  0.3978595
 2  0.0209184  0.0157555  0.0146852  0.0339948  0.0385754  0.0456211  0.0430067  0.0452335  0.0574619  0.0243995  0.0188359  0.0082987  0.0079595  0.0300194  0.0343476  0.0394867  0.0460774  0.0222831  0.0209820  0.0150726  0.0135207  0.0274431  0.0271189  0.0368494  0.0448286  0.0528747  0.0545757
 3  0.1000116  0.0777491  0.0681659  0.1320599  0.1379176  0.4101984  0.4644601  0.4129945  0.4725309  0.2808335  0.2406697  0.0360208  0.0435831  0.1689897  0.1731257  0.3857578  0.4057544  0.1958659  0.2009681  0.0449669  0.0434199  0.1082698  0.1176567  0.3296817  0.3815032  0.5147112  0.5819614
 4  0.0393348  0.0414881  0.0367173  0.0299482  0.0370376  0.0294410  0.0162340  0.0183063  0.0313244  0.0480361  0.0405612  0.0388604  0.0317714  0.0292178  0.0365445  0.0191205  0.0213972  0.0373874  0.0387078  0.0397487  0.0427720  0.0322849  0.0370471  0.0183276  0.0212430  0.0298758  0.0217856
