FL 2019 2020 2021 2022 2023 2024 2025 2026 2027 2028 2029 2030 2031 2032 2033 2034 2035 2036 2037 2038 2039 2040 2041 2042 2043 2044 2045
 1  0.7288134  0.6828020  0.6547509  0.6437466  0.6443011  0.6841669  0.6853137  0.6839052  0.6506646  0.5884626  0.5553489  0.6168546  0.6268591  0.5462715  0.4719042  0.6273777  0.6411046  0.5461651  0.4401720  0.6668644  0.6793343  0.6339295  0.5784512  0.5501870  0.6513723  0.6631139  0.6664194
 2  0.5725724  0.5236363  0.4982938  0.4799899  0.5242090  0.5749468  0.5800299  0.5574957  0.4887306  0.4352261  0.5230095  0.5537382  0.5521694  0.4799358  0.4637750  0.5716949  0.5647246  0.4747074  0.4604541  0.6007803  0.6000597  0.5618866  0.5104102  0.5277916  0.5784712  0.5874972  0.5663897
 3  0.7521145  0.7089222  0.6784896  0.6636148  0.6578337  0.7032005  0.7071665  0.7027235  0.6675387  0.6039497  0.5648277  0.6387379  0.6524668  0.5696051  0.4755384  0.6441188  0.6665905  0.5712368  0.4345889  0.6858215  0.7054113  0.6580943  0.6003732  0.5580554  0.6734220  0.6873516  0.6870378
 4  0.4566311  0.4168102  0.3871158  0.3617067  0.4756665  0.5218754  0.4861407  0.4204708  0.3580214  0.3612898  0.4946779  0.5139462  0.4954592  0.4165083  0.4481956  0.5302949  0.5079778  0.4048596  0.4547546  0.5538602  0.5427919  0.5026624  0.4526627  0.4952374  0.5322577  0.5032393  0.4515708
 1  0.7290193  0.6837632  0.6540080  0.6414835  0.5956057  0.5710310  0.6132818  0.5935188  0.5609272  0.6076500  0.5989226  0.5579607  0.5862352  0.5694055  0.5847374  0.5964383  0.5844837  0.6849907  0.6906895  0.6960821  0.6444793  0.5924136  0.5651209  0.4243476  0.4803072  0.6362331  0.6465892
 2  0.5731135  0.5245497  0.4969730  0.4785641  0.4407739  0.4730022  0.5420225  0.5243270  0.5135994  0.5476610  0.5279214  0.5034704  0.5243828  0.5170979  0.5316577  0.5281360  0.5595741  0.6034449  0.6064998  0.5877096  0.5121355  0.4905269  0.5043507  0.3838936  0.4758911  0.5741730  0.5750059
 3  0.7523618  0.7097663  0.6776812  0.6612705  0.6129875  0.5834650  0.6291751  0.6165835  0.5754511  0.6256775  0.6225903  0.5744218  0.6032972  0.5885764  0.5998224  0.6191766  0.5899253  0.7076553  0.7143288  0.7155003  0.6625025  0.6086196  0.5813612  0.4440145  0.4814181  0.6560005  0.6704110
 4  0.4573780  0.4167930  0.3851084  0.3637873  0.3512914  0.4361358  0.4999208  0.4609109  0.4718644  0.5045357  0.4612523  0.4550092  0.4798727  0.4659346  0.4929511  0.4688089  0.5217766  0.5489250  0.5139711  0.4619864  0.4128019  0.4363600  0.4609072  0.3502344  0.4624914  0.5296791  0.5203036
 1  0.7283085  0.6840649  0.6463453  0.6289881  0.6285610  0.6236739  0.6218655  0.6323048  0.6568518  0.6641646  0.6706797  0.6802031  0.6938238  0.6969861  0.6965898  0.7055692  0.7008990  0.7023705  0.6981951  0.6969018  0.6942136  0.6914650  0.6886572  0.6905893  0.7034532  0.7043098  0.6980980
 2  0.5726575  0.5248717  0.4906346  0.4825227  0.4932129  0.4935788  0.4931088  0.5198994  0.5477411  0.5500396  0.5426352  0.5435260  0.5613646  0.5686864  0.5713815  0.5711928  0.5668476  0.5659716  0.5661800  0.5644367  0.5536855  0.5387740  0.5334399  0.5673746  0.5958049  0.5998533  0.5823733
 3  0.7516802  0.7099042  0.6702170  0.6482903  0.6458200  0.6418990  0.6384831  0.6482081  0.6754956  0.6836638  0.6890696  0.6967112  0.7110062  0.7166776  0.7150142  0.7237481  0.7191592  0.7206236  0.7168670  0.7156438  0.7128127  0.7086361  0.7047979  0.7076987  0.7241346  0.7265659  0.7187287
 4  0.4573648  0.4163187  0.3812856  0.3943421  0.4194570  0.4068809  0.4118753  0.4624896  0.4792480  0.4613774  0.4379989  0.4555992  0.4910922  0.4844787  0.4783432  0.4782882  0.4763835  0.4791918  0.4790699  0.4735623  0.4480361  0.4241645  0.4474241  0.5088876  0.5324150  0.5161376  0.4659279
 1  0.7292546  0.6838715  0.6596329  0.6519463  0.6350764  0.6290970  0.6263636  0.6331178  0.6486636  0.6869604  0.6980180  0.7032318  0.7150005  0.7173486  0.7174718  0.7177208  0.7189507  0.7218476  0.7031738  0.6895416  0.6934272  0.7038975  0.6946721  0.6867828  0.6847169  0.6868803  0.6911276
 2  0.5718989  0.5240255  0.5021682  0.4878669  0.4683201  0.4662626  0.4831788  0.5170132  0.5628466  0.5931495  0.5980841  0.5907107  0.5794534  0.5669988  0.5480002  0.5373465  0.5417845  0.5482537  0.5455787  0.5430586  0.5665687  0.5818356  0.5711641  0.5437946  0.5162797  0.5135831  0.5249070
 3  0.7524902  0.7101030  0.6832763  0.6714511  0.6520102  0.6451694  0.6415802  0.6492113  0.6649222  0.7073748  0.7199700  0.7220040  0.7328775  0.7347785  0.7332002  0.7330114  0.7339735  0.7378928  0.7204643  0.7070741  0.7108019  0.7236929  0.7151767  0.7049092  0.7007294  0.7023111  0.7074723
 4  0.4556608  0.4177696  0.3888448  0.3704726  0.3695982  0.3778568  0.4149062  0.4594253  0.5095780  0.5308093  0.5076865  0.4857380  0.4781583  0.4513128  0.4263870  0.4202206  0.4432511  0.4527624  0.4492832  0.4576235  0.4961805  0.5065206  0.4666432  0.4134641  0.3974830  0.4218762  0.4402700
 1  0.7307392  0.6865300  0.6586944  0.6482452  0.6420688  0.6543791  0.6615930  0.6728303  0.6285242  0.6003395  0.5153743  0.4243719  0.6884753  0.7029877  0.6950247  0.7012253  0.6963065  0.6977612  0.7037857  0.7136353  0.7034293  0.6981443  0.6937303  0.6899211  0.6795319  0.6643005  0.6874727
 2  0.5709265  0.5237572  0.4991921  0.4864566  0.4967094  0.5244877  0.5423894  0.5492328  0.5283575  0.5239238  0.4468029  0.4482364  0.6181648  0.6128287  0.6152028  0.6020361  0.5708676  0.5401845  0.5526017  0.5833075  0.5829401  0.5641516  0.5362834  0.5174793  0.5052676  0.5396621  0.5843614
 3  0.7534590  0.7122673  0.6822044  0.6677225  0.6581033  0.6713947  0.6795983  0.6910880  0.6471823  0.6186910  0.5402802  0.4146461  0.7067694  0.7326561  0.7207137  0.7227420  0.7155508  0.7145513  0.7184248  0.7334002  0.7246683  0.7165231  0.7104376  0.7063970  0.6958046  0.6809313  0.7069919
 4  0.4540021  0.4161973  0.3868102  0.3766417  0.4259042  0.4580174  0.4650864  0.4637690  0.4629095  0.4740039  0.3745634  0.4482542  0.5646725  0.5565580  0.5293457  0.4949117  0.4492771  0.4122026  0.4849119  0.5196324  0.4845838  0.4382405  0.4195994  0.4072188  0.4132528  0.4861331  0.5259714
 1  0.7296156  0.6865713  0.6505142  0.6325965  0.5970784  0.5465526  0.4721520  0.6743416  0.6834675  0.6435689  0.5675185  0.4363308  0.5157073  0.6392985  0.6200013  0.5939342  0.5195577  0.4546939  0.6023358  0.6347864  0.6014028  0.6545105  0.6525321  0.5624137  0.4350434  0.6517779  0.6486093
 2  0.5721350  0.5249587  0.4922969  0.4760250  0.4614342  0.4545967  0.4568480  0.6010698  0.6037934  0.5653476  0.4902933  0.3948103  0.5033483  0.5726698  0.5547657  0.5262359  0.4594473  0.4448297  0.5550775  0.5628385  0.5532063  0.5893111  0.5732701  0.4881971  0.4509560  0.5855812  0.5714020
 3  0.7525046  0.7120612  0.6741776  0.6523688  0.6141269  0.5631381  0.4806453  0.6972984  0.7097031  0.6696368  0.5921905  0.4495725  0.5175463  0.6604630  0.6424657  0.6154129  0.5411369  0.4589996  0.6163437  0.6585912  0.6182998  0.6737963  0.6786603  0.5877170  0.4293099  0.6722524  0.6744449
 4  0.4555682  0.4155233  0.3824669  0.3741780  0.3894834  0.3986263  0.4359377  0.5519790  0.5483540  0.5028236  0.4114380  0.3587925  0.4849204  0.5248855  0.5005335  0.4726055  0.4009352  0.4305526  0.5173010  0.5095619  0.5076417  0.5421903  0.5126036  0.4109895  0.4480864  0.5397346  0.5110671
 1  0.7282820  0.6798776  0.6368705  0.6155497  0.6158298  0.6123337  0.6056285  0.5988077  0.5920712  0.5453419  0.5394652  0.6477377  0.6935326  0.6515109  0.6176566  0.5900378  0.5709512  0.5273239  0.6140547  0.7112963  0.7062573  0.7091146  0.7138087  0.7173342  0.6938280  0.6755113  0.6552350
 2  0.5697585  0.5218709  0.4875327  0.4746058  0.4781708  0.4718583  0.4570061  0.4616575  0.4912132  0.4946600  0.5050800  0.5950675  0.6104840  0.5735212  0.5359024  0.5084117  0.4999791  0.4747329  0.5911087  0.6222862  0.6254586  0.6150143  0.5981709  0.5805820  0.5359673  0.5051495  0.4829511
 3  0.7517544  0.7066486  0.6616768  0.6355272  0.6333013  0.6300022  0.6217924  0.6137537  0.6076807  0.5621083  0.5528451  0.6609020  0.7202822  0.6778271  0.6411963  0.6094893  0.5869915  0.5466192  0.6093048  0.7398394  0.7323693  0.7308548  0.7334731  0.7358016  0.7113305  0.6920165  0.6716041
 4  0.4555172  0.4185805  0.3827943  0.3846224  0.3965966  0.3767046  0.3609355  0.3943535  0.4404413  0.4536758  0.4725903  0.5495919  0.5554722  0.5072487  0.4571501  0.4370065  0.4511318  0.4275948  0.5498505  0.5677554  0.5434906  0.5145683  0.4963148  0.4665693  0.4157501  0.3910988  0.3814140
 1  0.7315684  0.6873880  0.6656205  0.6583622  0.6606952  0.6698965  0.6753582  0.6923627  0.6892634  0.6892680  0.6908920  0.6922593  0.6489388  0.5543731  0.5410979  0.5365956  0.6788569  0.7222899  0.7028157  0.6948076  0.6419280  0.5688734  0.4068944  0.6250717  0.6513865  0.6348466  0.6540235
 2  0.5697771  0.5223139  0.5038807  0.4888647  0.4725371  0.4641343  0.5006576  0.5551750  0.5769978  0.5809779  0.5782472  0.5636579  0.5054969  0.4453919  0.4995005  0.5049097  0.6169563  0.6332513  0.6189115  0.5919768  0.5272318  0.4760945  0.3864938  0.5646994  0.5794122  0.5738184  0.5875933
 3  0.7537993  0.7128146  0.6887205  0.6778139  0.6772346  0.6842159  0.6881945  0.7092612  0.7091425  0.7099429  0.7115417  0.7111806  0.6674005  0.5707394  0.5546282  0.5481559  0.6925594  0.7502535  0.7287756  0.7152599  0.6603827  0.5897944  0.4147665  0.6451093  0.6756446  0.6550052  0.6745867
 4  0.4515532  0.4146470  0.3913166  0.3649875  0.3410780  0.3421396  0.4423688  0.4980117  0.5056258  0.5041144  0.4852835  0.4516535  0.3982220  0.3856012  0.4678854  0.4799980  0.5637870  0.5744287  0.5236876  0.4732719  0.4484793  0.4022403  0.3681600  0.5244060  0.5271008  0.5236868  0.5378347
 1  0.7286303  0.6826911  0.6406644  0.6160400  0.5719840  0.5299732  0.5875857  0.5924827  0.6721591  0.6968397  0.6983366  0.6994504  0.6818255  0.6726691  0.6579616  0.6219928  0.5812855  0.5954784  0.6676990  0.5891002  0.5741827  0.6346205  0.5865744  0.6300887  0.7157990  0.7116025  0.7051440
 2  0.5686480  0.5225831  0.4878695  0.4628022  0.4384014  0.4725708  0.5307711  0.5550178  0.5992945  0.6162493  0.6068906  0.5843066  0.5362030  0.5122284  0.4970552  0.4701164  0.4663881  0.5616212  0.5872728  0.5251263  0.5343078  0.5653258  0.5162470  0.5987125  0.6285432  0.6292749  0.6034227
 3  0.7517398  0.7088155  0.6649735  0.6365382  0.5888639  0.5404578  0.6073740  0.6038027  0.6950847  0.7215505  0.7212644  0.7191118  0.6991261  0.6891658  0.6751955  0.6393383  0.5964698  0.6049011  0.6933693  0.6137556  0.5849235  0.6570666  0.6104989  0.6283443  0.7421755  0.7370812  0.7262715
 4  0.4547156  0.4168095  0.3816309  0.3562915  0.3672847  0.4437711  0.4871840  0.5193828  0.5480797  0.5454231  0.5095977  0.4593316  0.4189366  0.4162876  0.3984771  0.3782965  0.4110799  0.5239782  0.5355236  0.4631847  0.5015798  0.5135699  0.4516973  0.5532627  0.5734447  0.5414891  0.4726036
 1  0.7290541  0.6814757  0.6453458  0.6324608  0.6322246  0.6127926  0.5788138  0.5250959  0.6139526  0.5756969  0.6261528  0.6198200  0.5438329  0.5555614  0.6798638  0.6488188  0.6813679  0.6910456  0.6852269  0.6831635  0.6844606  0.6896955  0.6830767  0.6401736  0.6451055  0.6715330  0.6604760
 2  0.5720311  0.5230618  0.4924980  0.4955634  0.5096079  0.4927236  0.4436400  0.4430758  0.5533633  0.5299946  0.5643929  0.5486282  0.4832308  0.5442566  0.6023063  0.5798255  0.5983209  0.5966062  0.5668142  0.5283667  0.4991652  0.5053835  0.5317683  0.5289856  0.5650773  0.5840604  0.5696649
 3  0.7524456  0.7078604  0.6696082  0.6514302  0.6501449  0.6331044  0.5967445  0.5354882  0.6322664  0.5939939  0.6455212  0.6440626  0.5649948  0.5557266  0.7040097  0.6726028  0.7047032  0.7131730  0.7049448  0.7002816  0.6995179  0.7041982  0.7005952  0.6606669  0.6621521  0.6941060  0.6842304
 4  0.4569095  0.4176880  0.3854520  0.4169248  0.4414371  0.3955750  0.3357592  0.4139447  0.5126795  0.4892888  0.5208929  0.4913941  0.4296234  0.5155001  0.5519975  0.5227858  0.5275122  0.5012645  0.4450872  0.3904587  0.3760833  0.4233831  0.4620310  0.4637294  0.5128849  0.5245501  0.4783858
 1  0.7304056  0.6863066  0.6600122  0.6502564  0.6419733  0.6453887  0.6585461  0.6763494  0.6784500  0.6804177  0.6924517  0.7002300  0.7108932  0.7028200  0.6966598  0.6975279  0.6869157  0.6788877  0.6879654  0.6859701  0.6893632  0.6927562  0.6959550  0.6965592  0.6891525  0.6847005  0.6833986
 2  0.5719358  0.5241406  0.5000661  0.4853337  0.4768121  0.4857445  0.5144522  0.5385442  0.5360309  0.5253602  0.5297946  0.5644860  0.5915341  0.5944613  0.5834245  0.5718287  0.5505370  0.5370600  0.5441544  0.5417949  0.5344589  0.5299077  0.5382423  0.5467173  0.5441912  0.5358544  0.5449863
 3  0.7532408  0.7120878  0.6834632  0.6697213  0.6586136  0.6612404  0.6738214  0.6934634  0.6968162  0.6964582  0.7082277  0.7161825  0.7308311  0.7246912  0.7167292  0.7166789  0.7058779  0.6959341  0.7053701  0.7040555  0.7061824  0.7088101  0.7118971  0.7143413  0.7075316  0.7018662  0.7004782
 4  0.4545313  0.4161992  0.3865960  0.3701844  0.3825927  0.4017183  0.4436500  0.4602831  0.4255715  0.4156074  0.4389160  0.5003456  0.5278724  0.5098076  0.4882411  0.4761809  0.4451389  0.4457801  0.4586106  0.4426792  0.4238281  0.4252523  0.4543798  0.4624659  0.4416276  0.4372504  0.4699129
 1  0.7281665  0.6808234  0.6489111  0.6375276  0.6117242  0.5745893  0.4685913  0.5440779  0.5951998  0.6567611  0.6214116  0.6772515  0.6953845  0.7083725  0.7022065  0.7029991  0.6622949  0.6235206  0.6146585  0.5769658  0.6246868  0.6534001  0.6692861  0.6923694  0.7095160  0.7039968  0.6888978
 2  0.5709774  0.5221279  0.4954015  0.4864764  0.4746722  0.4613080  0.4214512  0.4962977  0.5565451  0.5777743  0.5753329  0.6000418  0.6182606  0.6163553  0.5947656  0.5651389  0.5001138  0.4905232  0.5348483  0.5325549  0.5603337  0.5790771  0.5791952  0.5919426  0.5981352  0.5921570  0.5665214
 3  0.7515019  0.7071882  0.6730298  0.6572129  0.6290869  0.5924481  0.4806128  0.5613781  0.6074206  0.6824964  0.6369699  0.7008866  0.7192808  0.7314090  0.7231993  0.7208366  0.6796304  0.6386402  0.6309002  0.5949781  0.6443376  0.6766120  0.6896851  0.7098320  0.7307154  0.7248469  0.7083160
 4  0.4557197  0.4170906  0.3873229  0.3874249  0.3978943  0.3897506  0.3861561  0.4647619  0.5189849  0.5272484  0.5271100  0.5502611  0.5475440  0.5294614  0.4812426  0.4356897  0.3867329  0.4322351  0.4924224  0.4896377  0.5167224  0.5055643  0.4874227  0.5186679  0.5253767  0.4973006  0.4691532
 1  0.7281973  0.6810513  0.6444745  0.6242384  0.5976284  0.6262634  0.6534074  0.6677576  0.6815189  0.6965528  0.7115676  0.7233388  0.7203150  0.7122161  0.6991726  0.6936008  0.6988433  0.7053245  0.7190480  0.7089952  0.7034103  0.7078469  0.7128090  0.7175263  0.7130984  0.7040945  0.7104491
 2  0.5743464  0.5232414  0.4913204  0.4671599  0.4732500  0.5299219  0.5548708  0.5502611  0.5309048  0.5058762  0.4995073  0.5322827  0.5579871  0.5652664  0.5579641  0.5553641  0.5578324  0.5861488  0.6059703  0.6031477  0.5832786  0.5599874  0.5443324  0.5433824  0.5643494  0.5980475  0.6087219
 3  0.7516029  0.7069893  0.6683965  0.6447550  0.6127721  0.6416598  0.6731473  0.6864356  0.6981629  0.7111114  0.7243758  0.7378819  0.7374082  0.7310320  0.7180678  0.7117888  0.7176550  0.7220292  0.7408318  0.7319899  0.7231057  0.7247101  0.7287488  0.7329934  0.7301308  0.7232694  0.7346312
 4  0.4584144  0.4155433  0.3857255  0.3557047  0.4174975  0.4849045  0.4769702  0.4374186  0.3947771  0.3556647  0.3948276  0.4510421  0.4767470  0.4737038  0.4594265  0.4693906  0.4648658  0.5182613  0.5426182  0.5113381  0.4598944  0.4367006  0.4326823  0.4496395  0.4918400  0.5395655  0.5412773
 1  0.7281184  0.6803456  0.6471835  0.6319426  0.5722017  0.4999784  0.6562526  0.5463530  0.5309236  0.4936190  0.6168900  0.6580112  0.6632325  0.6548799  0.6377888  0.6251426  0.6500445  0.6651673  0.6789225  0.7051029  0.7057853  0.7039390  0.7001699  0.6992235  0.7082333  0.7086274  0.7031335
 2  0.5729084  0.5231594  0.4947030  0.4757088  0.4364738  0.4949273  0.5787883  0.4910465  0.4753172  0.4744355  0.5683475  0.5847860  0.5836448  0.5629399  0.5256889  0.5128456  0.5580628  0.5744674  0.5937004  0.6023903  0.5945214  0.5697173  0.5262407  0.4967643  0.5056459  0.5373405  0.5489088
 3  0.7517145  0.7068348  0.6713793  0.6521542  0.5894000  0.5000878  0.6821954  0.5678434  0.5505908  0.5035822  0.6304464  0.6819852  0.6876502  0.6770702  0.6576515  0.6417036  0.6654893  0.6873268  0.6987845  0.7257226  0.7270647  0.7224233  0.7160567  0.7135109  0.7220812  0.7251632  0.7214750
 4  0.4576816  0.4178749  0.3868766  0.3655006  0.3622204  0.4793848  0.5307721  0.4520518  0.4317441  0.4498254  0.5297691  0.5312335  0.5096536  0.4682692  0.4235191  0.4429631  0.5095048  0.5112675  0.5181417  0.5265827  0.4953023  0.4336415  0.3739563  0.3666872  0.4193550  0.4595653  0.4529745
 1  0.7289669  0.6798174  0.6472209  0.6342446  0.6275340  0.6357848  0.6257860  0.6035924  0.5770441  0.5074790  0.6657398  0.7028388  0.7185265  0.7108083  0.7032681  0.7072892  0.7157577  0.7259081  0.7256716  0.7207854  0.7113809  0.6988338  0.6957927  0.6991950  0.7091609  0.7162042  0.7190222
 2  0.5742236  0.5219689  0.4943935  0.4884476  0.5057105  0.5253881  0.5119220  0.4702684  0.4276859  0.4307697  0.6049055  0.6217583  0.6312881  0.6239752  0.5873566  0.5436317  0.5128085  0.5125192  0.5427354  0.5693866  0.5788976  0.5711011  0.5586527  0.5520276  0.5612018  0.5795970  0.5916949
 3  0.7523603  0.7060461  0.6712448  0.6539006  0.6440417  0.6542778  0.6457858  0.6218620  0.5938934  0.5168912  0.6815791  0.7276799  0.7462183  0.7351306  0.7226872  0.7232925  0.7295986  0.7392617  0.7408350  0.7383527  0.7311874  0.7190327  0.7143431  0.7161231  0.7259234  0.7338487  0.7383940
 4  0.4578898  0.4160871  0.3888775  0.3971217  0.4446289  0.4575315  0.4148947  0.3588899  0.3280517  0.4076077  0.5563956  0.5658604  0.5654100  0.5183051  0.4429523  0.3895087  0.3795604  0.4107929  0.4596126  0.4938622  0.4978399  0.4742433  0.4494732  0.4530695  0.4771095  0.5035571  0.5119142
 1  0.7287269  0.6810465  0.6496614  0.6364170  0.6272883  0.6378470  0.6552577  0.6649373  0.6583045  0.6449202  0.6701125  0.6821273  0.6782496  0.6798394  0.6858425  0.6895992  0.6982403  0.7098360  0.7031661  0.7005682  0.6720832  0.6314060  0.5004995  0.6524672  0.6353711  0.6760240  0.6855528
 2  0.5719461  0.5224118  0.4960522  0.4765510  0.4652287  0.4894159  0.5239039  0.5470755  0.5479802  0.5483303  0.5718366  0.5774700  0.5621529  0.5441884  0.5384104  0.5465536  0.5901988  0.6091564  0.6055808  0.5812556  0.5095056  0.4361288  0.4667275  0.5748731  0.5719680  0.5950521  0.6011812
 3  0.7520538  0.7073838  0.6737134  0.6566630  0.6440999  0.6526807  0.6717245  0.6827979  0.6778531  0.6639102  0.6889890  0.7032065  0.6983633  0.6972658  0.7027197  0.7064533  0.7146939  0.7333175  0.7266176  0.7201933  0.6893335  0.6468104  0.5006005  0.6790557  0.6575698  0.6999027  0.7070166
 4  0.4562514  0.4171398  0.3882109  0.3599958  0.3701974  0.4230714  0.4582018  0.4755856  0.4736941  0.4806396  0.5069610  0.4965164  0.4546670  0.4382027  0.4458932  0.4669245  0.5335521  0.5474284  0.5095041  0.4436426  0.3556354  0.3162885  0.4628920  0.5284741  0.5214248  0.5280645  0.5211904
 1  0.7276935  0.6808899  0.6312453  0.6010681  0.6165543  0.6411317  0.6431780  0.6315813  0.6283388  0.6370282  0.6458718  0.6358836  0.6309310  0.6795842  0.7109156  0.7074721  0.6735987  0.6560396  0.6784883  0.6877591  0.6720603  0.6537769  0.6378185  0.6046399  0.6055504  0.6638706  0.6597938
 2  0.5721492  0.5231672  0.4820569  0.4626876  0.4863122  0.5143372  0.5176559  0.5028058  0.5065150  0.5375361  0.5547277  0.5465330  0.5458230  0.5963818  0.6130087  0.6065923  0.5407472  0.5010967  0.5407038  0.5646005  0.5522640  0.5193902  0.4946320  0.4780994  0.5317906  0.5856510  0.5777419
 3  0.7511928  0.7071239  0.6557983  0.6211508  0.6331355  0.6576180  0.6611122  0.6496214  0.6444681  0.6535178  0.6657881  0.6565820  0.6493142  0.6961341  0.7338661  0.7298026  0.6929136  0.6711844  0.6938555  0.7073606  0.6928983  0.6724396  0.6546468  0.6228729  0.6177826  0.6845750  0.6847696
 4  0.4573467  0.4167572  0.3791684  0.3756684  0.4159308  0.4430498  0.4329391  0.4100023  0.4369144  0.4840975  0.4913162  0.4728325  0.4820275  0.5385724  0.5464285  0.4979348  0.3896736  0.4086610  0.4859057  0.4948606  0.4491327  0.4056313  0.4068556  0.4053461  0.4914744  0.5372676  0.4999096
 1  0.7285885  0.6862186  0.6590909  0.6496509  0.6247925  0.6044631  0.6393493  0.6582701  0.6617227  0.6680951  0.6841848  0.7027880  0.6969130  0.6967903  0.7028640  0.6936477  0.7007343  0.7030519  0.7027476  0.7121589  0.7179901  0.7068625  0.7046312  0.7052617  0.7076597  0.7011122  0.7164436
 2  0.5713707  0.5254495  0.4989936  0.4922047  0.4860684  0.4971410  0.5309163  0.5396372  0.5218254  0.4975497  0.5280388  0.5650041  0.5713002  0.5719561  0.5746371  0.5725545  0.5766850  0.5733571  0.5614253  0.5754999  0.5925676  0.5887477  0.5736567  0.5477276  0.5137114  0.5213357  0.5697377
 3  0.7516385  0.7118235  0.6823931  0.6685708  0.6419866  0.6214878  0.6560966  0.6771780  0.6797332  0.6836920  0.6980312  0.7211187  0.7171788  0.7145743  0.7218403  0.7132599  0.7196747  0.7223131  0.7202866  0.7280862  0.7381898  0.7279567  0.7235304  0.7221705  0.7224482  0.7139578  0.7341501
 4  0.4556943  0.4160292  0.3840740  0.3939226  0.4126301  0.4358294  0.4643152  0.4483884  0.3975581  0.3732655  0.4640524  0.5023245  0.4767345  0.4811204  0.4945085  0.4896028  0.4918932  0.4726450  0.4509780  0.5024087  0.5234165  0.4945999  0.4543458  0.4083278  0.3596325  0.4564992  0.5097046
 1  0.7287496  0.6818591  0.6504342  0.6367491  0.6101649  0.5723214  0.6292774  0.6307804  0.6394359  0.6470452  0.6683681  0.6951777  0.6911155  0.6932052  0.7051345  0.7106634  0.7119248  0.7084298  0.7091102  0.7137967  0.7176201  0.7153506  0.7167934  0.7262989  0.7309106  0.7251415  0.7220760
 2  0.5722266  0.5235127  0.4961374  0.4736765  0.4304147  0.4325799  0.5272789  0.5454448  0.5514132  0.5517213  0.5775337  0.5921595  0.5833397  0.5671011  0.5676088  0.5795501  0.5829054  0.5774728  0.5674598  0.5678410  0.5696899  0.5577988  0.5412686  0.5549446  0.5787766  0.5938779  0.5993430
 3  0.7522206  0.7083418  0.6745497  0.6569501  0.6281107  0.5855295  0.6442039  0.6525606  0.6601828  0.6675316  0.6860208  0.7166350  0.7130398  0.7111165  0.7222277  0.7294850  0.7316545  0.7275403  0.7267205  0.7309993  0.7357770  0.7328550  0.7320587  0.7411385  0.7489711  0.7444658  0.7423352
 4  0.4567510  0.4181136  0.3857962  0.3522347  0.3071658  0.3900495  0.4873301  0.4834561  0.4806113  0.4759574  0.5137501  0.5238630  0.4791436  0.4558228  0.4853532  0.5038593  0.4956348  0.4724407  0.4635116  0.4793466  0.4737501  0.4302229  0.4104250  0.4729996  0.5051294  0.5142350  0.5159461
 1  0.7314508  0.6878004  0.6568562  0.6457435  0.6316586  0.6284960  0.5960613  0.5054464  0.4941324  0.7055015  0.7043020  0.6982285  0.6951795  0.7020927  0.7057111  0.7043302  0.6886698  0.6777430  0.6140543  0.5405311  0.6621347  0.5212768  0.4964691  0.4996539  0.5558227  0.6314968  0.6046156
 2  0.5718119  0.5234790  0.4963430  0.4947756  0.5129546  0.5272949  0.4924435  0.4016926  0.5045713  0.6226573  0.6151795  0.6157510  0.5917241  0.5682088  0.5663220  0.5716415  0.5606632  0.5418226  0.4974815  0.5246257  0.5798113  0.4652415  0.4582392  0.4585129  0.5259064  0.5605970  0.5594985
 3  0.7538355  0.7130726  0.6802634  0.6648316  0.6482110  0.6480247  0.6175704  0.5236005  0.4874658  0.7303756  0.7336864  0.7241606  0.7160982  0.7189922  0.7224854  0.7238368  0.7086084  0.6960832  0.6326181  0.5452951  0.6891434  0.5455839  0.5081954  0.5176934  0.5646090  0.6545177  0.6204667
 4  0.4534029  0.4143047  0.3865794  0.4048581  0.4558023  0.4610001  0.3964509  0.3195827  0.4915690  0.5668744  0.5572197  0.5236253  0.4640105  0.4563363  0.4923234  0.4935204  0.4599562  0.4403937  0.4253908  0.4981377  0.5297688  0.4157809  0.4315360  0.4222101  0.4972873  0.5100538  0.5136502
 1  0.7320621  0.6914412  0.6646794  0.6531602  0.6460076  0.6485755  0.6612326  0.6811274  0.6948519  0.7082552  0.7110231  0.7123611  0.7094141  0.7033324  0.7028299  0.7012576  0.6960621  0.6868862  0.6835767  0.6847568  0.6738530  0.6835558  0.6851445  0.6938603  0.7013549  0.7099549  0.7146976
 2  0.5746545  0.5263231  0.4996189  0.4822494  0.4715830  0.4736253  0.4966031  0.5287349  0.5627703  0.5844796  0.5879458  0.5814791  0.5649253  0.5511781  0.5389272  0.5285699  0.5128628  0.4924683  0.5196627  0.5639017  0.5833737  0.5880242  0.5867048  0.5732510  0.5611636  0.5734431  0.5898254
 3  0.7544364  0.7162697  0.6875096  0.6725262  0.6625889  0.6641376  0.6759441  0.6964596  0.7114047  0.7270817  0.7308327  0.7305420  0.7270488  0.7208344  0.7193769  0.7173091  0.7119483  0.7024193  0.6980391  0.7043305  0.6943655  0.7063279  0.7072576  0.7124011  0.7182231  0.7269555  0.7339799
 4  0.4545522  0.4138657  0.3852220  0.3636582  0.3688699  0.3784776  0.4161393  0.4536609  0.4932752  0.5102716  0.4941189  0.4750336  0.4624376  0.4447386  0.4269622  0.4135844  0.3910558  0.3715364  0.4549615  0.5078438  0.5202528  0.5203212  0.4888727  0.4593498  0.4641582  0.4988282  0.5198714
 1  0.7287904  0.6835164  0.6537698  0.6415197  0.6300091  0.6368384  0.6547965  0.6651446  0.6728846  0.6861573  0.6982514  0.7120685  0.7099292  0.7099324  0.7057498  0.7053939  0.7060522  0.7017866  0.7028386  0.6975632  0.6954472  0.7006818  0.7051195  0.7029280  0.7046243  0.7099434  0.7204278
 2  0.5701777  0.5238196  0.4976345  0.4799606  0.4731987  0.4949529  0.5135868  0.5130518  0.5147402  0.5334788  0.5644172  0.5836868  0.5833286  0.5680096  0.5407947  0.5251437  0.5232640  0.5408563  0.5617720  0.5705662  0.5773609  0.5890343  0.5932228  0.5832173  0.5621516  0.5408659  0.5357878
 3  0.7520664  0.7098105  0.6776942  0.6613270  0.6464995  0.6525612  0.6717180  0.6817872  0.6879358  0.7025102  0.7150284  0.7308420  0.7293355  0.7278600  0.7221988  0.7207305  0.7216029  0.7182209  0.7209392  0.7171009  0.7145114  0.7204383  0.7261780  0.7230159  0.7224857  0.7253924  0.7350640
 4  0.4552733  0.4179815  0.3856234  0.3650649  0.3883814  0.4267018  0.4259068  0.3990151  0.4232334  0.4569014  0.4930145  0.5051320  0.4844413  0.4471205  0.4131849  0.4111356  0.4260651  0.4606831  0.4865315  0.4886707  0.4997093  0.5175148  0.5111232  0.4776684  0.4312798  0.4138441  0.4306494
 1  0.7295185  0.6835518  0.6558559  0.6472532  0.6189931  0.5794562  0.5450086  0.6556933  0.6453271  0.6331597  0.6456132  0.6587057  0.6195131  0.5667225  0.6304147  0.6820634  0.6717166  0.6657876  0.6686983  0.6742988  0.6766492  0.6769828  0.6818206  0.6871846  0.6786855  0.6653659  0.6552091
 2  0.5718653  0.5230020  0.4985734  0.4987393  0.5030058  0.4904036  0.5110836  0.5799574  0.5668760  0.5476209  0.5503041  0.5593552  0.5311148  0.5169696  0.5785238  0.5997884  0.5850920  0.5550979  0.5287181  0.5176635  0.5168780  0.5289630  0.5470464  0.5592947  0.5524368  0.5311212  0.5269034
 3  0.7524887  0.7094268  0.6794530  0.6662144  0.6361776  0.5997103  0.5533229  0.6795287  0.6716796  0.6536689  0.6637382  0.6787509  0.6396371  0.5821466  0.6448706  0.7066261  0.6961661  0.6858856  0.6858378  0.6906815  0.6927737  0.6935022  0.6988570  0.7054267  0.6980013  0.6842271  0.6717438
 4  0.4555759  0.4158283  0.3881504  0.4096857  0.4439273  0.4223775  0.4806000  0.5329954  0.4853386  0.4617956  0.4850068  0.4873954  0.4663004  0.4772056  0.5337304  0.5396718  0.4888734  0.4345838  0.4206802  0.4212847  0.4273259  0.4459989  0.4710951  0.4800936  0.4609120  0.4266484  0.4519642
 1  0.7274045  0.6818744  0.6521534  0.6396852  0.6398273  0.6475289  0.6700515  0.6820537  0.6886226  0.6928238  0.6974071  0.7002219  0.7047279  0.7095555  0.7061892  0.7186419  0.7144865  0.7232977  0.7267159  0.7190504  0.7040471  0.6963984  0.6772561  0.6617363  0.6694789  0.6838751  0.6901959
 2  0.5715916  0.5239169  0.4968614  0.4765321  0.4566619  0.4602438  0.5005245  0.5335690  0.5466430  0.5482228  0.5434987  0.5330672  0.5469458  0.5656697  0.5921448  0.6078989  0.6132849  0.6211064  0.6222716  0.6135090  0.5753675  0.5212445  0.4506826  0.4263921  0.4817754  0.5413135  0.5702081
 3  0.7509238  0.7080620  0.6759615  0.6596228  0.6569580  0.6617398  0.6841469  0.6988799  0.7061352  0.7101805  0.7145646  0.7166534  0.7201997  0.7282745  0.7245407  0.7404880  0.7362438  0.7439366  0.7501402  0.7417363  0.7237297  0.7125604  0.6910737  0.6748282  0.6828070  0.7003562  0.7089450
 4  0.4571408  0.4171220  0.3855355  0.3583070  0.3278061  0.3691502  0.4348787  0.4572266  0.4537337  0.4489327  0.4363510  0.4196546  0.4671690  0.4903662  0.5237701  0.5401433  0.5328900  0.5480961  0.5496013  0.5137995  0.4311626  0.3427348  0.2966767  0.3277013  0.4235335  0.4812008  0.4959959
 1  0.7295224  0.6865967  0.6601029  0.6500913  0.6226113  0.6001083  0.6237432  0.6352350  0.6438643  0.6543786  0.6801741  0.6992779  0.7095662  0.7103260  0.7091016  0.7115729  0.7143813  0.7046755  0.6962408  0.6931607  0.6947295  0.6904003  0.7149195  0.7006071  0.6788374  0.6699212  0.6731987
 2  0.5724896  0.5259165  0.5000879  0.4902311  0.4799572  0.4862195  0.5074978  0.5092326  0.5021809  0.5098768  0.5473048  0.5808002  0.5951172  0.5917247  0.5706293  0.5599596  0.5719240  0.5757814  0.5655653  0.5491821  0.5359479  0.5720813  0.6039373  0.5973838  0.5498478  0.4979347  0.4814398
 3  0.7526309  0.7122956  0.6834398  0.6692117  0.6396436  0.6171804  0.6409179  0.6532354  0.6608731  0.6700773  0.6962611  0.7173382  0.7298901  0.7303197  0.7273352  0.7272469  0.7318152  0.7249842  0.7156408  0.7105958  0.7117110  0.7047195  0.7372807  0.7241475  0.6984791  0.6856945  0.6876561
 4  0.4564538  0.4168345  0.3854991  0.3868559  0.4044958  0.4220238  0.4315227  0.4160209  0.4006750  0.4317047  0.4820306  0.5148395  0.5163964  0.4902070  0.4440237  0.4617840  0.5021256  0.4922675  0.4561882  0.4397933  0.4270256  0.5175241  0.5454821  0.4951051  0.3959214  0.3594013  0.3815892
 1  0.7309671  0.6881320  0.6620944  0.6523054  0.6448971  0.6390932  0.6257025  0.6171360  0.6481117  0.6232609  0.6403898  0.6439518  0.6893031  0.6976875  0.7000586  0.7058289  0.7124820  0.7169256  0.7135831  0.7077187  0.7001765  0.6900972  0.6873657  0.6702565  0.6543070  0.6633579  0.6590610
 2  0.5684563  0.5234431  0.5004814  0.4864178  0.4692424  0.4501279  0.4404964  0.5146706  0.5674382  0.5589326  0.5631966  0.5778371  0.5996853  0.6002760  0.5818120  0.5602729  0.5449847  0.5319884  0.5275783  0.5279339  0.5304264  0.5430343  0.5563689  0.5413709  0.5286245  0.5447023  0.5478405
 3  0.7533426  0.7135582  0.6853373  0.6716927  0.6619445  0.6549805  0.6400534  0.6292445  0.6688416  0.6438758  0.6616687  0.6629277  0.7109174  0.7194608  0.7191867  0.7228241  0.7285005  0.7318527  0.7285460  0.7231965  0.7163404  0.7066665  0.7060153  0.6904975  0.6711878  0.6808209  0.6792498
 4  0.4519946  0.4152868  0.3868619  0.3714937  0.3559731  0.3304245  0.3534336  0.4815933  0.5156845  0.5020440  0.5060420  0.5188073  0.5322161  0.5070065  0.4657628  0.4434213  0.4252770  0.4144417  0.4171254  0.4270737  0.4349130  0.4670780  0.4807558  0.4378112  0.4448388  0.4815359  0.4657132
 1  0.7317671  0.6900678  0.6645408  0.6546973  0.6335769  0.6248773  0.6405065  0.6513758  0.6690217  0.6838823  0.6951377  0.7132752  0.7125873  0.7095552  0.7115712  0.7205192  0.7320051  0.7304790  0.7248113  0.7215954  0.7205594  0.7181082  0.7211260  0.7225286  0.7281043  0.7289304  0.7242154
 2  0.5734793  0.5252307  0.5006170  0.4878744  0.4749506  0.4850051  0.5059949  0.5171457  0.5304342  0.5366320  0.5612434  0.5884990  0.5937668  0.5782596  0.5458936  0.5250439  0.5350630  0.5549873  0.5630108  0.5660112  0.5681242  0.5689066  0.5698555  0.5691883  0.5773463  0.5912918  0.5938212
 3  0.7541083  0.7150693  0.6874739  0.6739339  0.6504834  0.6411335  0.6571559  0.6683876  0.6856132  0.7006861  0.7107472  0.7321501  0.7334804  0.7285441  0.7276523  0.7340228  0.7461372  0.7469391  0.7418404  0.7386139  0.7381971  0.7357629  0.7388369  0.7392769  0.7448031  0.7473519  0.7442617
 4  0.4539986  0.4140657  0.3867486  0.3761724  0.3877573  0.4135532  0.4274109  0.4313959  0.4423699  0.4403890  0.4899536  0.5220741  0.5039424  0.4495074  0.3854066  0.3987378  0.4491487  0.4641417  0.4599062  0.4682671  0.4730909  0.4752239  0.4661450  0.4646713  0.4914163  0.5140533  0.5044698
 1  0.7288535  0.6820883  0.6525584  0.6430261  0.6463295  0.6603586  0.6762608  0.6778568  0.6818277  0.6919788  0.7069518  0.7120075  0.7116628  0.7106752  0.7067781  0.7047707  0.7090003  0.7165706  0.7194220  0.7155516  0.7182382  0.7133976  0.7145042  0.7205238  0.7022280  0.6794062  0.6410690
 2  0.5713388  0.5228276  0.4972975  0.4932421  0.5133080  0.5455354  0.5599929  0.5486540  0.5206940  0.5037528  0.5178928  0.5376796  0.5576917  0.5670941  0.5608961  0.5408542  0.5304126  0.5560917  0.5889297  0.6091060  0.6141435  0.6055414  0.5892208  0.5735845  0.5392923  0.4983587  0.4669713
 3  0.7520863  0.7082459  0.6763921  0.6623080  0.6629151  0.6776708  0.6955223  0.6969582  0.6983609  0.7060731  0.7213842  0.7279058  0.7283608  0.7290187  0.7254262  0.7214726  0.7241213  0.7322777  0.7387864  0.7368964  0.7411361  0.7348741  0.7329943  0.7379519  0.7196390  0.6956674  0.6570564
 4  0.4561338  0.4167630  0.3877370  0.3994525  0.4464974  0.4829827  0.4779442  0.4307343  0.3746668  0.3896155  0.4305828  0.4493009  0.4723467  0.4799469  0.4491973  0.4083910  0.4185816  0.4857372  0.5253654  0.5412146  0.5365607  0.5030970  0.4785524  0.4624061  0.4162341  0.3732809  0.3746170
 1  0.7275399  0.6835103  0.6575117  0.6476044  0.6082832  0.5814192  0.5588808  0.5684141  0.6542535  0.6257643  0.6124964  0.6006691  0.5648137  0.5015197  0.5932927  0.6433480  0.5902813  0.5753407  0.6387671  0.6817817  0.6882129  0.6955509  0.6901119  0.6800000  0.6841622  0.6972453  0.7056810
 2  0.5739787  0.5258796  0.4996351  0.4810242  0.4492570  0.4581417  0.4810732  0.5391560  0.5832704  0.5576148  0.5422588  0.5243391  0.4812589  0.4562204  0.5529207  0.5697448  0.5260380  0.5319313  0.5802838  0.6026321  0.5997614  0.5860146  0.5580551  0.5317749  0.5296228  0.5542219  0.5733619
 3  0.7511398  0.7093131  0.6807887  0.6671239  0.6252485  0.5965365  0.5746787  0.5771604  0.6769079  0.6494024  0.6340940  0.6222052  0.5850915  0.5132940  0.6035070  0.6677875  0.6128289  0.5886606  0.6564853  0.7055742  0.7109422  0.7147272  0.7084780  0.6982646  0.6998528  0.7136816  0.7241939
 4  0.4592037  0.4164436  0.3856633  0.3623074  0.3617270  0.4021496  0.4328918  0.5077675  0.5344101  0.5013559  0.4834629  0.4539316  0.4034421  0.4217936  0.5199354  0.5153913  0.4686013  0.4942755  0.5344945  0.5373470  0.5047346  0.4783602  0.4581555  0.4194022  0.4374469  0.4837976  0.4937713
 1  0.7283414  0.6853327  0.6545862  0.6393461  0.6370694  0.6436184  0.6503021  0.6592803  0.6812202  0.6848460  0.6995685  0.7000197  0.6994431  0.7075106  0.7121140  0.7140183  0.7153361  0.7143159  0.7129702  0.7117385  0.7048106  0.7028647  0.6901726  0.6651515  0.6675892  0.6852905  0.6948743
 2  0.5707404  0.5255412  0.4965437  0.4718610  0.4521026  0.4420441  0.4452565  0.4958468  0.5589689  0.5935664  0.6050803  0.6020667  0.5773678  0.5488312  0.5296704  0.5324452  0.5672296  0.5907003  0.5973397  0.5880508  0.5621932  0.5457763  0.5430804  0.5451284  0.5739795  0.5969524  0.6048051
 3  0.7516474  0.7112628  0.6782436  0.6592605  0.6539370  0.6584685  0.6645747  0.6733966  0.6989635  0.7048789  0.7231161  0.7227688  0.7184877  0.7234224  0.7272521  0.7293316  0.7319931  0.7345240  0.7339894  0.7312341  0.7226365  0.7192745  0.7075127  0.6850087  0.6856473  0.7063081  0.7180735
 4  0.4561331  0.4174347  0.3827393  0.3488414  0.3291973  0.3260596  0.3438538  0.4397718  0.5051148  0.5350679  0.5378139  0.5021339  0.4434771  0.4164184  0.4169987  0.4427545  0.4990387  0.5218360  0.5100240  0.4782554  0.4433318  0.4431857  0.4671881  0.4760386  0.5140810  0.5391809  0.5323004
 1  0.7279220  0.6800036  0.6476700  0.6329609  0.5933326  0.5584397  0.6132707  0.6676881  0.6753289  0.6809722  0.6860461  0.6988114  0.7077862  0.7137508  0.7173621  0.7203088  0.7176968  0.7196635  0.7094949  0.7051655  0.6768271  0.6550432  0.6653870  0.6653214  0.6723850  0.6849879  0.6979986
 2  0.5722626  0.5225433  0.4946736  0.4739059  0.4396147  0.4712099  0.5651725  0.5908340  0.5865540  0.5625775  0.5315998  0.5238669  0.5340648  0.5532387  0.5790267  0.5961978  0.6057834  0.6053985  0.5862823  0.5542834  0.5117510  0.5247070  0.5473802  0.5474727  0.5439867  0.5445171  0.5520624
 3  0.7514597  0.7064343  0.6717874  0.6532278  0.6106955  0.5697011  0.6266376  0.6907537  0.6980831  0.7002795  0.7020168  0.7141232  0.7234918  0.7299363  0.7345678  0.7403102  0.7381277  0.7410692  0.7299671  0.7222058  0.6923114  0.6718227  0.6841945  0.6850055  0.6905731  0.7016421  0.7148663
 4  0.4572140  0.4171446  0.3864652  0.3588779  0.3502109  0.4395820  0.5260367  0.5273813  0.4881818  0.4285841  0.4094527  0.4265739  0.4423202  0.4647451  0.5061127  0.5233773  0.5288011  0.5197695  0.4673095  0.4121663  0.4195938  0.4652963  0.4758108  0.4569644  0.4425676  0.4525126  0.4640022
 1  0.7299583  0.6872195  0.6530034  0.6363875  0.6271408  0.6279687  0.6441523  0.6619074  0.6761811  0.7002737  0.7040785  0.7066322  0.7151494  0.7157360  0.7149902  0.7149363  0.7152497  0.7118132  0.7115663  0.7175600  0.7239117  0.7275334  0.7320052  0.7252292  0.7193876  0.7189614  0.7243207
 2  0.5711477  0.5252501  0.4942408  0.4748550  0.4656713  0.4706817  0.4913914  0.5094650  0.5459990  0.5783944  0.5855307  0.5804500  0.5732283  0.5645116  0.5513028  0.5528871  0.5553957  0.5428245  0.5258776  0.5150604  0.5146122  0.5396937  0.5692152  0.5771954  0.5650716  0.5709575  0.5869689
 3  0.7529014  0.7130312  0.6768333  0.6561992  0.6440365  0.6438458  0.6593927  0.6778582  0.6912399  0.7187917  0.7244955  0.7245329  0.7326968  0.7332180  0.7310403  0.7310370  0.7323096  0.7285837  0.7266287  0.7313994  0.7380315  0.7415758  0.7490360  0.7436225  0.7368007  0.7349787  0.7434761
 4  0.4546550  0.4171442  0.3818176  0.3643704  0.3722029  0.3857097  0.4106504  0.4211616  0.4813583  0.5137807  0.4920796  0.4756144  0.4747109  0.4538590  0.4412754  0.4581602  0.4559196  0.4167892  0.3828248  0.3909730  0.3959474  0.4561882  0.4902215  0.4769260  0.4455022  0.4877152  0.5142385
 1  0.7300844  0.6846392  0.6204352  0.5646972  0.5495219  0.5477234  0.5883627  0.6025910  0.6748629  0.6748615  0.6776184  0.6897889  0.6995079  0.6958613  0.6937986  0.6909440  0.6952583  0.7104915  0.7118748  0.7064811  0.6948166  0.6620410  0.7038182  0.6943730  0.6863944  0.6892848  0.7027483
 2  0.5711411  0.5235489  0.4723477  0.4319882  0.4286409  0.4615660  0.5109841  0.5589134  0.5945848  0.5919543  0.5793551  0.5772993  0.5823072  0.5796527  0.5724436  0.5512582  0.5436232  0.5634864  0.5756651  0.5702513  0.5453843  0.5659927  0.6021582  0.5977354  0.5646533  0.5183045  0.4956196
 3  0.7530262  0.7106776  0.6455657  0.5857883  0.5669887  0.5611481  0.6051824  0.6143771  0.6979995  0.6989681  0.6981668  0.7082275  0.7186999  0.7160637  0.7136957  0.7095817  0.7109036  0.7268702  0.7310860  0.7251857  0.7125873  0.6753633  0.7263330  0.7181873  0.7061563  0.7050673  0.7161783
 4  0.4548105  0.4170595  0.3739821  0.3457147  0.3572811  0.4206561  0.4619428  0.5182531  0.5395753  0.5087357  0.4830710  0.4939674  0.5065246  0.4982111  0.4744170  0.4279691  0.4454220  0.4928822  0.4924104  0.4621969  0.4298489  0.5175104  0.5462742  0.5003380  0.4141288  0.3544805  0.3743719
 1  0.7297766  0.6848057  0.6612911  0.6568239  0.6640565  0.6639922  0.6735070  0.6851497  0.6806335  0.6767894  0.6837233  0.6839015  0.6707041  0.6552953  0.6519498  0.5800081  0.6555021  0.7034079  0.7158558  0.7139252  0.7166779  0.7181827  0.7104715  0.7027979  0.7046678  0.7126729  0.7027524
 2  0.5731114  0.5244942  0.5019924  0.5052845  0.5182790  0.5228108  0.5307331  0.5399446  0.5371699  0.5363444  0.5454837  0.5386184  0.5090130  0.4907879  0.5044449  0.5011833  0.5892753  0.6209680  0.6279864  0.6225958  0.6055102  0.5849829  0.5507365  0.5212293  0.5409351  0.5717032  0.5754020
 3  0.7529155  0.7106406  0.6845624  0.6753694  0.6814557  0.6817816  0.6897424  0.7020394  0.6982149  0.6938541  0.7014671  0.7020715  0.6881007  0.6713508  0.6695486  0.5977703  0.6703247  0.7268090  0.7415198  0.7367243  0.7370738  0.7366460  0.7273301  0.7184966  0.7191337  0.7310988  0.7231557
 4  0.4566960  0.4162671  0.3880502  0.4150185  0.4380817  0.4304713  0.4407170  0.4514520  0.4441189  0.4516122  0.4587414  0.4321082  0.3870553  0.4004797  0.4313576  0.4579837  0.5422452  0.5628892  0.5567436  0.5288144  0.5001847  0.4664165  0.4234218  0.3966438  0.4684291  0.5059385  0.4799937
 1  0.7280549  0.6809974  0.6612152  0.6569539  0.6507098  0.6543081  0.6734020  0.6877076  0.6969789  0.7142088  0.7113738  0.7125644  0.7091507  0.7056294  0.7052385  0.7065110  0.7076504  0.6902393  0.6900159  0.6929471  0.6961197  0.6929332  0.7024435  0.7034939  0.6845958  0.6725869  0.6507432
 2  0.5742871  0.5233197  0.5039993  0.4929541  0.4825563  0.4966178  0.5318097  0.5510352  0.5738295  0.5884293  0.5858014  0.5682354  0.5362761  0.5018485  0.4890976  0.5462965  0.5769879  0.5719756  0.5625634  0.5596317  0.5571285  0.5580659  0.5690404  0.5666006  0.5398819  0.5202854  0.5134972
 3  0.7515398  0.7070218  0.6844341  0.6761930  0.6673968  0.6696775  0.6890175  0.7055141  0.7135935  0.7335013  0.7312105  0.7299238  0.7251532  0.7201905  0.7180691  0.7213226  0.7274476  0.7107109  0.7086096  0.7107165  0.7142961  0.7106303  0.7203829  0.7223626  0.7026750  0.6893973  0.6682776
 4  0.4584217  0.4157221  0.3909822  0.3776782  0.3826136  0.4196787  0.4637122  0.4655817  0.4976558  0.5125749  0.4820771  0.4400778  0.3955648  0.3461885  0.3892859  0.4913689  0.5073133  0.4766426  0.4626048  0.4706512  0.4669030  0.4715086  0.4860439  0.4671092  0.4277831  0.4241594  0.4371097
 1  0.7296925  0.6821534  0.6537250  0.6463577  0.6516730  0.6504553  0.6580291  0.6759533  0.6808181  0.6729919  0.6616760  0.6475230  0.6364651  0.6352155  0.6382832  0.6359500  0.6424776  0.6307445  0.6173851  0.6323363  0.6057191  0.6019673  0.6599268  0.6881524  0.6936865  0.7069560  0.7089166
 2  0.5699182  0.5222040  0.4991947  0.4982236  0.5054951  0.5008538  0.5010489  0.5246008  0.5439261  0.5421770  0.5272409  0.5070751  0.5167701  0.5489705  0.5578095  0.5574181  0.5552131  0.5395925  0.5374937  0.5512723  0.5291742  0.5451341  0.5884266  0.6048698  0.6029804  0.6015371  0.5919920
 3  0.7528275  0.7087934  0.6778998  0.6655206  0.6691169  0.6682107  0.6734150  0.6910408  0.6984520  0.6919325  0.6803428  0.6651308  0.6523116  0.6534758  0.6596143  0.6558936  0.6635108  0.6516995  0.6337692  0.6528795  0.6279380  0.6152873  0.6798645  0.7114470  0.7147716  0.7271618  0.7296777
 4  0.4541773  0.4185686  0.3887091  0.4050945  0.4211003  0.3966988  0.4024841  0.4504232  0.4695059  0.4530302  0.4251317  0.4118709  0.4577527  0.4988192  0.4942125  0.4938597  0.4861675  0.4587908  0.4825400  0.4952647  0.4575649  0.5018530  0.5373401  0.5323765  0.5176877  0.5193216  0.4969064
 1  0.7310651  0.6893614  0.6470744  0.6203616  0.5925409  0.6024833  0.6459688  0.6587960  0.6565898  0.6718578  0.6855161  0.6791205  0.6679410  0.6730838  0.6635806  0.6422864  0.6317099  0.5945355  0.5920597  0.5312947  0.5458287  0.5831736  0.6260201  0.6185852  0.6679409  0.6260900  0.5892424
 2  0.5714015  0.5249206  0.4878720  0.4609824  0.4483819  0.4984898  0.5411908  0.5537593  0.5631965  0.5882513  0.5939824  0.5743193  0.5341858  0.5129075  0.4958490  0.4860068  0.5090386  0.5209444  0.5247119  0.4838960  0.5010705  0.5389728  0.5582400  0.5724102  0.5888566  0.5487665  0.5216772
 3  0.7535218  0.7145680  0.6708808  0.6407263  0.6092882  0.6158113  0.6637883  0.6776027  0.6730643  0.6919955  0.7089986  0.7010330  0.6857087  0.6891025  0.6804991  0.6583843  0.6486077  0.6121341  0.6116439  0.5498593  0.5596805  0.5988673  0.6476788  0.6335366  0.6927426  0.6525005  0.6069630
 4  0.4534606  0.4148438  0.3794292  0.3526098  0.3724915  0.4560675  0.4784014  0.4703397  0.5041834  0.5333503  0.5178714  0.4556694  0.4095743  0.4114395  0.3950105  0.4061296  0.4481999  0.4724132  0.4737503  0.4397104  0.4676660  0.4991302  0.5111081  0.5268230  0.5377890  0.4699204  0.4637618
 1  0.7294815  0.6844707  0.6486787  0.6304502  0.5988989  0.5742629  0.5755454  0.6450286  0.6693414  0.6872914  0.6927795  0.6979426  0.6952296  0.6919971  0.7007578  0.6939814  0.6808583  0.6731765  0.6864458  0.6920889  0.6879188  0.6967508  0.7027356  0.7036310  0.6962715  0.6870033  0.6505010
 2  0.5725402  0.5238844  0.4928390  0.4710032  0.4458597  0.4554340  0.5238055  0.5742257  0.5951920  0.5960903  0.5816958  0.5629372  0.5341067  0.5329887  0.5569835  0.5678953  0.5636787  0.5643052  0.5735610  0.5671048  0.5534188  0.5638241  0.5816833  0.5879592  0.5775170  0.5551182  0.5042118
 3  0.7525449  0.7104590  0.6727420  0.6507155  0.6161338  0.5888894  0.5860081  0.6677343  0.6928656  0.7086142  0.7126459  0.7159964  0.7121541  0.7074620  0.7182822  0.7135778  0.7003036  0.6927525  0.7061184  0.7114083  0.7051664  0.7136397  0.7220596  0.7239642  0.7167006  0.7063031  0.6686311
 4  0.4554746  0.4167696  0.3842651  0.3588083  0.3580451  0.4016458  0.4906034  0.5271982  0.5223938  0.5061308  0.4791045  0.4489194  0.4132794  0.4489599  0.4879073  0.4873538  0.4839998  0.4905789  0.4914827  0.4628675  0.4540996  0.4918827  0.5108912  0.5068319  0.4823691  0.4418120  0.3972215
 1  0.7294027  0.6818774  0.6525266  0.6429276  0.6328098  0.6271729  0.6423648  0.6491537  0.6541406  0.6647853  0.6703917  0.6900893  0.7099533  0.7016433  0.6872753  0.6816696  0.6817200  0.6817386  0.6767211  0.6748577  0.6805712  0.6772954  0.6743220  0.6724814  0.6743283  0.6665359  0.6615122
 2  0.5698543  0.5217168  0.4979399  0.4906276  0.4866004  0.4931997  0.5082919  0.5107750  0.5153800  0.5280700  0.5458259  0.5882938  0.6063208  0.5987399  0.5598436  0.5280430  0.5250033  0.5359154  0.5419833  0.5447723  0.5514629  0.5503388  0.5466779  0.5521700  0.5540298  0.5420667  0.5392279
 3  0.7524993  0.7083400  0.6766269  0.6624673  0.6500622  0.6440489  0.6589442  0.6667227  0.6705996  0.6820230  0.6881922  0.7067641  0.7328268  0.7240346  0.7062392  0.6983793  0.6975259  0.6990897  0.6951234  0.6920682  0.6987294  0.6958716  0.6921816  0.6906694  0.6935649  0.6856896  0.6785353
 4  0.4541562  0.4175816  0.3884944  0.3902522  0.4031986  0.4165922  0.4275570  0.4172560  0.4311597  0.4517748  0.4706476  0.5308555  0.5400558  0.4941617  0.4308553  0.4147445  0.4434541  0.4597691  0.4502244  0.4619600  0.4709644  0.4615053  0.4627016  0.4769401  0.4715150  0.4453712  0.4616650
 1  0.7272826  0.6765279  0.6434120  0.6289385  0.5955254  0.5720730  0.5978241  0.6801701  0.6841534  0.6835717  0.6837862  0.6780685  0.6838650  0.6690248  0.6509648  0.6403675  0.6367311  0.6233130  0.6035089  0.5960760  0.5836969  0.5662377  0.6350137  0.6794320  0.6890155  0.6933141  0.7001745
 2  0.5729577  0.5210785  0.4936685  0.4835376  0.4719583  0.4785559  0.5529370  0.5972158  0.5960041  0.5710979  0.5303948  0.5112026  0.5337432  0.5365803  0.5169658  0.5095003  0.5241792  0.5268067  0.5234777  0.5277791  0.5228661  0.5216577  0.5842998  0.6000858  0.6068562  0.5930297  0.5638363
 3  0.7510606  0.7032012  0.6677097  0.6488645  0.6127293  0.5888378  0.6059791  0.7018008  0.7076738  0.7036403  0.7005602  0.6926229  0.7003589  0.6886417  0.6693139  0.6569051  0.6539350  0.6424438  0.6219626  0.6135544  0.6030791  0.5809176  0.6490113  0.7045269  0.7138685  0.7139086  0.7177127
 4  0.4584400  0.4170217  0.3888281  0.3888043  0.4036991  0.4215515  0.5164627  0.5419763  0.5048974  0.4391885  0.3881443  0.4275956  0.4689105  0.4453097  0.4138220  0.4328028  0.4619318  0.4617878  0.4634946  0.4782484  0.4709551  0.4837714  0.5394979  0.5455636  0.5206470  0.4742238  0.4355471
 1  0.7263195  0.6761652  0.6387565  0.6207130  0.5742602  0.5223248  0.5130120  0.4518784  0.6429735  0.6677555  0.6688626  0.5939003  0.5006670  0.6022853  0.5637923  0.4523456  0.5920203  0.6356348  0.6020770  0.6580620  0.6721529  0.6875841  0.6925610  0.7036279  0.7112120  0.7083779  0.7013173
 2  0.5711790  0.5212492  0.4905964  0.4714958  0.4470998  0.4583879  0.4565384  0.4658588  0.5818347  0.5995225  0.5886612  0.5195314  0.4766685  0.5410743  0.4912023  0.4335331  0.5497664  0.5627280  0.5585972  0.5822778  0.5960594  0.5880357  0.5674652  0.5599197  0.5608610  0.5581493  0.5332723
 3  0.7502776  0.7030711  0.6633746  0.6411755  0.5910723  0.5351646  0.5337628  0.4467214  0.6616680  0.6892839  0.6946586  0.6196672  0.5088614  0.6207220  0.5890965  0.4595918  0.6031375  0.6596348  0.6165399  0.6809512  0.6956073  0.7079554  0.7107831  0.7200551  0.7285099  0.7263227  0.7181019
 4  0.4579942  0.4180866  0.3859284  0.3672703  0.3785498  0.4207409  0.4084453  0.4584351  0.5376938  0.5466376  0.5319078  0.4461312  0.4515952  0.4981961  0.4158603  0.4137860  0.5163581  0.5056949  0.5136995  0.5327883  0.5139627  0.4822926  0.4550856  0.4657432  0.4741307  0.4487818  0.3962822
 1  0.7283663  0.6827752  0.6429110  0.6208765  0.5644580  0.5314261  0.6262375  0.5436649  0.5997862  0.6114860  0.5353486  0.5625458  0.6162026  0.5812380  0.4808483  0.5500144  0.6874967  0.6739544  0.6719665  0.6852381  0.6932151  0.6921663  0.6952152  0.6983966  0.6969871  0.7028452  0.7005586
 2  0.5709641  0.5238797  0.4891858  0.4609505  0.4248463  0.4944553  0.5551080  0.5035446  0.5468234  0.5404785  0.4856238  0.5229209  0.5522960  0.5152284  0.4342369  0.5496256  0.6038743  0.5943944  0.5722839  0.5599553  0.5565794  0.5519462  0.5551849  0.5525198  0.5580366  0.5728885  0.5735249
 3  0.7517058  0.7088831  0.6670857  0.6414806  0.5811203  0.5361807  0.6498414  0.5606679  0.6157455  0.6352627  0.5539800  0.5736948  0.6372590  0.6033879  0.4979395  0.5435892  0.7140866  0.7002579  0.6926172  0.7025877  0.7111871  0.7103226  0.7128206  0.7159956  0.7137052  0.7216141  0.7206718
 4  0.4566222  0.4170227  0.3813825  0.3444430  0.3532993  0.4761031  0.5023122  0.4648555  0.5080126  0.4818449  0.4383234  0.4912480  0.5019439  0.4581453  0.3928866  0.5219591  0.5526841  0.5031269  0.4563738  0.4648487  0.4715698  0.4607631  0.4598648  0.4524071  0.4781764  0.5007833  0.4749918
 1  0.7305319  0.6896581  0.6509537  0.6298089  0.6043503  0.6030527  0.6408621  0.6447301  0.6554638  0.6702998  0.6940699  0.7063063  0.7087524  0.7135775  0.7185395  0.7262037  0.7224301  0.7207870  0.7178459  0.7160513  0.7124497  0.7047060  0.6988774  0.6987697  0.7042321  0.7155245  0.7182057
 2  0.5721984  0.5266032  0.4905927  0.4738443  0.4769109  0.5180124  0.5489250  0.5416335  0.5244529  0.5132458  0.5288672  0.5434764  0.5521502  0.5533816  0.5587315  0.5621765  0.5583283  0.5503512  0.5455077  0.5585168  0.5730201  0.5770884  0.5738057  0.5689053  0.5789753  0.5950823  0.6002758
 3  0.7533336  0.7150011  0.6746239  0.6494059  0.6206915  0.6184255  0.6601849  0.6656268  0.6738786  0.6855545  0.7089950  0.7227615  0.7251324  0.7301446  0.7346391  0.7425777  0.7391747  0.7370049  0.7337993  0.7329437  0.7312228  0.7248157  0.7184422  0.7178118  0.7220454  0.7349749  0.7390239
 4  0.4550996  0.4161370  0.3786446  0.3758170  0.4152107  0.4722985  0.4841595  0.4456965  0.3971180  0.4076071  0.4480244  0.4524881  0.4507990  0.4482671  0.4591119  0.4617723  0.4481850  0.4334369  0.4437014  0.4770627  0.4965481  0.4922912  0.4828969  0.4759102  0.5006392  0.5238956  0.5131947
 1  0.7307829  0.6860838  0.6552370  0.6457713  0.6614451  0.6607766  0.6521664  0.6713081  0.7075440  0.7025281  0.6954692  0.6956927  0.6598945  0.6327925  0.6615934  0.6770297  0.6780773  0.6782707  0.7025191  0.7031794  0.6901228  0.6850597  0.6929744  0.6963475  0.6838290  0.6636776  0.6373257
 2  0.5712566  0.5225106  0.4961323  0.5082512  0.5347903  0.5333024  0.5008080  0.5428525  0.5938881  0.5992807  0.5839852  0.5543230  0.4857455  0.4614415  0.5197335  0.5587399  0.5661138  0.5806240  0.5981877  0.5964686  0.5671311  0.5393645  0.5295930  0.5203879  0.5028444  0.4844417  0.4949578
 3  0.7532018  0.7114615  0.6787519  0.6641754  0.6795419  0.6804488  0.6698091  0.6834961  0.7270267  0.7256136  0.7162007  0.7135292  0.6768336  0.6470242  0.6762933  0.6952223  0.6978306  0.6963516  0.7235452  0.7248949  0.7098060  0.7022518  0.7092236  0.7122626  0.6997022  0.6793880  0.6525337
 4  0.4532831  0.4141112  0.3878291  0.4346066  0.4665498  0.4316556  0.3614474  0.4881759  0.5415698  0.5183879  0.4676625  0.4187650  0.3508190  0.3894517  0.4670253  0.4929149  0.4870360  0.5138312  0.5302634  0.5036841  0.4483851  0.4261720  0.4241494  0.4100091  0.3842379  0.3820882  0.4353522
 1  0.7288303  0.6817250  0.6371886  0.6130328  0.5797624  0.4847386  0.5775554  0.6777377  0.6664634  0.6716655  0.6771906  0.6772516  0.6770190  0.6898330  0.7128636  0.7164136  0.7045981  0.7007042  0.7006886  0.7076015  0.7233081  0.7032500  0.6781585  0.6649754  0.6765685  0.6757626  0.6639418
 2  0.5741911  0.5237030  0.4858281  0.4638326  0.4389067  0.4152737  0.5506112  0.5962127  0.5899496  0.5837939  0.5738338  0.5535707  0.5249676  0.5566360  0.6034104  0.6148275  0.5992411  0.5649685  0.5220225  0.5736334  0.6120763  0.6051753  0.5615521  0.5144974  0.5099203  0.5050896  0.5004074
 3  0.7523075  0.7079528  0.6616061  0.6334765  0.5977483  0.4982479  0.5808579  0.7039040  0.6917734  0.6933570  0.6981832  0.6968293  0.6939900  0.7039823  0.7325536  0.7400969  0.7267751  0.7189988  0.7158843  0.7204764  0.7468997  0.7281522  0.6995868  0.6815901  0.6919603  0.6928753  0.6800691
 4  0.4580154  0.4169323  0.3812723  0.3633134  0.3552307  0.3795877  0.5199709  0.5444685  0.5157422  0.5031206  0.4835896  0.4389859  0.4031682  0.4970401  0.5485211  0.5412659  0.4858465  0.4132989  0.3781693  0.5246393  0.5568633  0.5133992  0.4179337  0.3906036  0.4238872  0.4057436  0.3998992
 1  0.7302531  0.6859038  0.6530131  0.6360891  0.6101108  0.5971101  0.5930466  0.5239993  0.5108194  0.6596260  0.6799843  0.6245235  0.5615914  0.5522817  0.5792880  0.6166126  0.6136565  0.6280022  0.5937496  0.5295788  0.5111417  0.5990738  0.6008197  0.6418819  0.6866054  0.6872071  0.6803786
 2  0.5733499  0.5237260  0.4945041  0.4749049  0.4554016  0.4740634  0.5033820  0.4703330  0.4952935  0.5970762  0.5963179  0.5430182  0.4833700  0.4964272  0.5343586  0.5544512  0.5581875  0.5574541  0.5183030  0.4607974  0.4860981  0.5394067  0.5436123  0.5913528  0.6033003  0.6065197  0.5776348
 3  0.7529906  0.7113011  0.6765642  0.6561991  0.6273293  0.6118644  0.6099872  0.5420353  0.5167997  0.6778161  0.7073558  0.6513465  0.5803596  0.5652403  0.5947149  0.6362800  0.6327685  0.6501390  0.6185732  0.5477328  0.5183625  0.6197994  0.6205149  0.6550115  0.7132272  0.7124093  0.7011346
 4  0.4553468  0.4144629  0.3863575  0.3635955  0.3671677  0.4197502  0.4500974  0.4221437  0.4732410  0.5498633  0.5385659  0.4543291  0.4141913  0.4592998  0.4934663  0.5094424  0.5101541  0.5068466  0.4414530  0.3995966  0.4638168  0.4955029  0.4972282  0.5449871  0.5488249  0.5156038  0.4576891
 1  0.7306463  0.6839494  0.6500842  0.6337900  0.6342531  0.6421136  0.6600909  0.6750218  0.6970195  0.6879513  0.6838329  0.6878186  0.7027671  0.7057205  0.6994141  0.6982120  0.7012150  0.7111989  0.7160556  0.7083338  0.7021333  0.7075904  0.7040256  0.7107013  0.7064193  0.6739507  0.6673019
 2  0.5746519  0.5227490  0.4942467  0.4790429  0.4732123  0.4860786  0.5175205  0.5675637  0.5935401  0.5861011  0.5611812  0.5439937  0.5635955  0.5757122  0.5680707  0.5402916  0.5092547  0.5044780  0.5395824  0.5627686  0.5753573  0.5812193  0.5784629  0.5956035  0.5992249  0.5736298  0.5526058
 3  0.7534515  0.7096860  0.6739528  0.6539404  0.6517713  0.6574620  0.6757969  0.6911517  0.7182270  0.7106720  0.7036735  0.7036917  0.7190337  0.7254618  0.7188154  0.7150995  0.7158454  0.7247688  0.7313444  0.7276957  0.7212094  0.7269906  0.7235368  0.7283786  0.7293210  0.6978170  0.6868812
 4  0.4558021  0.4152092  0.3886203  0.3753554  0.3701703  0.4063654  0.4502626  0.5117557  0.5305572  0.4932400  0.4297532  0.4421277  0.4981014  0.4978971  0.4512893  0.3916222  0.3664882  0.4030553  0.4698162  0.4851910  0.4913071  0.4968732  0.4867649  0.5253952  0.5340712  0.4783306  0.4496712
