FL 2019 2020 2021 2022 2023 2024 2025 2026 2027 2028 2029 2030 2031 2032 2033 2034 2035 2036 2037 2038 2039 2040 2041 2042 2043 2044 2045
 1  0.7288134  0.6828020  0.6420793  0.6195447  0.6111010  0.6072720  0.6195862  0.6460833  0.6462947  0.6436360  0.6467560  0.6597158  0.6656257  0.6651761  0.6758604  0.6697211  0.6443718  0.6304416  0.6456539  0.6553837  0.6625229  0.6595705  0.6626007  0.6819004  0.6845656  0.6814270  0.6777534
 2  0.5725724  0.5236363  0.4891070  0.4675840  0.4557412  0.4582854  0.5099080  0.5527315  0.5512055  0.5308201  0.5262077  0.5427574  0.5494052  0.5566115  0.5672294  0.5600189  0.5290084  0.5262932  0.5549784  0.5683491  0.5687276  0.5534419  0.5509125  0.5700963  0.5757995  0.5706799  0.5694908
 3  0.7521145  0.7089222  0.6662647  0.6397250  0.6285469  0.6229879  0.6328333  0.6653305  0.6681507  0.6627264  0.6636542  0.6771560  0.6850662  0.6831285  0.6949734  0.6909316  0.6638712  0.6474134  0.6639482  0.6757139  0.6840627  0.6800989  0.6797254  0.7000849  0.7051848  0.7011273  0.6963519
 4  0.4566311  0.4168102  0.3822618  0.3643187  0.3593728  0.3800573  0.4658190  0.4977103  0.4626376  0.4291569  0.4481220  0.4768241  0.4689748  0.4809414  0.4991839  0.4716508  0.4363643  0.4651027  0.4982604  0.5055763  0.4899612  0.4553350  0.4733337  0.5054750  0.4977733  0.4826729  0.4970156
 1  0.7287870  0.6826929  0.6403959  0.6157102  0.6091656  0.6100189  0.6093571  0.6096337  0.6138104  0.6116145  0.6429475  0.6279030  0.6379940  0.6610483  0.6537013  0.6533201  0.6535183  0.6481530  0.6486117  0.6704838  0.6487469  0.6243226  0.6251137  0.6556574  0.6811847  0.6884562  0.6809812
 2  0.5725221  0.5236217  0.4880088  0.4669800  0.4664556  0.4738880  0.4807318  0.4949860  0.5126500  0.5395901  0.5643673  0.5535077  0.5647096  0.5754480  0.5637172  0.5482752  0.5344326  0.5162198  0.5351355  0.5693994  0.5574527  0.5348419  0.5521929  0.5810120  0.5994003  0.5957725  0.5809744
 3  0.7521049  0.7088467  0.6646575  0.6358431  0.6262097  0.6267302  0.6259536  0.6257501  0.6316009  0.6269699  0.6636385  0.6499731  0.6558104  0.6828343  0.6756093  0.6726354  0.6724857  0.6662481  0.6635202  0.6897995  0.6713520  0.6440225  0.6418420  0.6752652  0.7032481  0.7109823  0.7014614
 4  0.4566462  0.4169339  0.3816799  0.3682280  0.3859202  0.3961125  0.4043090  0.4316714  0.4491099  0.4921268  0.5100240  0.4854211  0.5084548  0.5107944  0.4780804  0.4598012  0.4423230  0.4186809  0.4776267  0.5130890  0.4807839  0.4642052  0.5004855  0.5283540  0.5327517  0.5132970  0.4920423
 1  0.7305922  0.6848759  0.6357311  0.6085956  0.6203588  0.6320313  0.6597731  0.6452251  0.6343686  0.6381875  0.6449451  0.6533797  0.6590253  0.6642992  0.6603607  0.6571221  0.6474681  0.6512387  0.6840350  0.6849096  0.6709789  0.6658460  0.6591442  0.6552511  0.6549256  0.6407643  0.6238522
 2  0.5728104  0.5230737  0.4832153  0.4749187  0.4960548  0.5333254  0.5605967  0.5452860  0.5215407  0.5139224  0.5218118  0.5355312  0.5559835  0.5620694  0.5520728  0.5303088  0.5109917  0.5539940  0.5932317  0.5933793  0.5663465  0.5386997  0.5320165  0.5474666  0.5533607  0.5315727  0.5009558
 3  0.7534214  0.7107166  0.6601365  0.6280194  0.6376969  0.6478568  0.6789833  0.6675878  0.6533791  0.6555915  0.6621959  0.6705986  0.6771456  0.6847680  0.6811283  0.6756131  0.6644025  0.6654895  0.7049954  0.7086192  0.6924572  0.6838812  0.6759006  0.6737213  0.6755005  0.6617933  0.6424890
 4  0.4549219  0.4157554  0.3800158  0.3973663  0.4265810  0.4775282  0.4998468  0.4546550  0.4247859  0.4317487  0.4462016  0.4665516  0.4918246  0.4902440  0.4560545  0.4220208  0.4241908  0.5069713  0.5384772  0.5120379  0.4554376  0.4328868  0.4610841  0.4869762  0.4794731  0.4339358  0.4002548
 1  0.7291430  0.6826862  0.6480078  0.6287242  0.6093618  0.5995539  0.6529761  0.7104429  0.6925074  0.6779743  0.6783446  0.6767289  0.6777837  0.6867587  0.7122494  0.7025077  0.6868900  0.6762625  0.6578659  0.6297305  0.5784246  0.5615452  0.6791073  0.6612481  0.6864183  0.6756166  0.6662787
 2  0.5726204  0.5229265  0.4939999  0.4688343  0.4408402  0.4411332  0.5763631  0.6150796  0.6034557  0.5673263  0.5338403  0.5096558  0.4888259  0.5492573  0.5948543  0.5970216  0.5693743  0.5271387  0.4690440  0.4256027  0.4533788  0.5461045  0.5971369  0.5992623  0.6016335  0.5943578  0.5744040
 3  0.7522586  0.7088094  0.6720203  0.6490972  0.6267866  0.6144134  0.6604565  0.7349444  0.7177368  0.6980109  0.6955728  0.6933828  0.6928293  0.6996366  0.7323913  0.7250902  0.7074061  0.6943072  0.6738312  0.6442311  0.5929946  0.5616697  0.7061716  0.6798943  0.7138816  0.7016061  0.6860764
 4  0.4556339  0.4166043  0.3863003  0.3513907  0.3337002  0.3680852  0.5373918  0.5608860  0.5046158  0.4398525  0.4197790  0.3943908  0.3717560  0.4977336  0.5386994  0.5101170  0.4498811  0.3850761  0.3248965  0.3305969  0.4095072  0.5171984  0.5467020  0.5488159  0.5469189  0.5036720  0.4836947
 1  0.7281315  0.6823707  0.6439288  0.6219394  0.6150045  0.6334567  0.6825465  0.6737358  0.6446365  0.6227368  0.6582625  0.6625020  0.6519496  0.6464493  0.6399531  0.6281778  0.6045884  0.5731218  0.5727318  0.6835622  0.6964804  0.6887153  0.6730243  0.6711208  0.6748984  0.6744183  0.6602806
 2  0.5721117  0.5240494  0.4907652  0.4679764  0.4575763  0.5270310  0.5808254  0.5783062  0.5354682  0.5296641  0.5776337  0.5781600  0.5619305  0.5360387  0.5066887  0.4748180  0.4646045  0.5083641  0.5454802  0.6057279  0.6148436  0.6012851  0.5662880  0.5555906  0.5693835  0.5721293  0.5514451
 3  0.7515323  0.7084022  0.6678977  0.6420944  0.6322688  0.6450564  0.7021826  0.6966069  0.6653495  0.6388673  0.6759904  0.6868610  0.6751197  0.6663088  0.6581031  0.6454378  0.6198062  0.5873450  0.5829440  0.7079694  0.7230278  0.7123104  0.6933910  0.6890459  0.6933172  0.6963715  0.6821287
 4  0.4574745  0.4167219  0.3831526  0.3623175  0.3613221  0.4869053  0.5284364  0.4916705  0.4344603  0.4710528  0.5299418  0.5126497  0.4692890  0.4313530  0.4019710  0.3683120  0.3992594  0.4723010  0.5091049  0.5556554  0.5459325  0.5051732  0.4640125  0.4762084  0.5086684  0.4994824  0.4444218
 1  0.7302442  0.6876550  0.6392597  0.6108895  0.6144265  0.6205067  0.6347405  0.6377957  0.6436465  0.6539956  0.6562610  0.6601298  0.6662714  0.6695137  0.6757319  0.6692156  0.6592346  0.6688765  0.7060008  0.6993393  0.6819000  0.6731386  0.6600873  0.6420018  0.6066020  0.5485999  0.6416362
 2  0.5712935  0.5251229  0.4836792  0.4722951  0.4953523  0.5181250  0.5338239  0.5350745  0.5382731  0.5417417  0.5413062  0.5394191  0.5370964  0.5363238  0.5395384  0.5337008  0.5240921  0.5764046  0.6098291  0.6055040  0.5730393  0.5296190  0.4886243  0.4833895  0.5064353  0.5116587  0.5865581
 3  0.7530500  0.7132381  0.6634451  0.6302108  0.6312536  0.6383097  0.6529336  0.6570661  0.6620477  0.6725917  0.6749689  0.6782774  0.6846288  0.6865059  0.6931260  0.6878535  0.6765942  0.6830326  0.7284607  0.7234470  0.7033575  0.6910673  0.6760133  0.6577036  0.6241087  0.5624362  0.6577758
 4  0.4545673  0.4162033  0.3767799  0.3921152  0.4338498  0.4548549  0.4646811  0.4586223  0.4619162  0.4637791  0.4579367  0.4563115  0.4431462  0.4477155  0.4575772  0.4391048  0.4374620  0.5269819  0.5518351  0.5200568  0.4503869  0.3926560  0.3779725  0.4144523  0.4559332  0.4820230  0.5414700
 1  0.7289947  0.6824030  0.6295040  0.5959065  0.5962986  0.6155132  0.6366188  0.6415313  0.6493250  0.6783768  0.6785193  0.6801890  0.6894963  0.6946048  0.6894012  0.6845697  0.6729276  0.6587609  0.6581149  0.6752480  0.6823864  0.6933392  0.6838475  0.6753699  0.6626154  0.6475666  0.6425824
 2  0.5714732  0.5225117  0.4805434  0.4542154  0.4608073  0.4897661  0.5096474  0.5031407  0.5219077  0.5600496  0.5680028  0.5673878  0.5797314  0.5864971  0.5781524  0.5628430  0.5407706  0.5222359  0.5342697  0.5618010  0.5826662  0.5871609  0.5701131  0.5340182  0.4881854  0.4676592  0.5120561
 3  0.7522130  0.7087276  0.6543605  0.6165492  0.6131741  0.6308862  0.6535758  0.6592862  0.6634733  0.6960794  0.6990883  0.6985142  0.7079092  0.7155320  0.7102703  0.7035159  0.6913219  0.6772971  0.6743885  0.6936014  0.7017494  0.7143674  0.7049079  0.6935347  0.6787507  0.6627207  0.6566429
 4  0.4550080  0.4172151  0.3787440  0.3594975  0.3839977  0.4258106  0.4308376  0.3945625  0.4565970  0.5023943  0.4836645  0.4820998  0.5111162  0.5129674  0.4847749  0.4616711  0.4481024  0.4287961  0.4657199  0.4988979  0.5140747  0.5093462  0.4616827  0.3987368  0.3614431  0.3758676  0.4666445
 1  0.7296185  0.6841061  0.6539534  0.6372295  0.6408595  0.6779335  0.6753679  0.6669925  0.6450372  0.6273037  0.6283598  0.6089274  0.5962618  0.5563378  0.5864469  0.6963699  0.6711992  0.6857919  0.7026345  0.6830372  0.6383992  0.6001192  0.5993515  0.6176043  0.6341500  0.6339736  0.6586901
 2  0.5721330  0.5228668  0.4967590  0.4735557  0.5081797  0.5560994  0.5608753  0.5383034  0.5083635  0.5113426  0.5142548  0.4969137  0.4955964  0.4891549  0.5700740  0.6105431  0.5936103  0.6053141  0.6069033  0.5845169  0.5124374  0.4612237  0.5019853  0.5546471  0.5591149  0.5606340  0.5731348
 3  0.7524823  0.7097460  0.6774087  0.6572708  0.6551248  0.6952956  0.6960392  0.6855020  0.6619247  0.6448251  0.6478655  0.6276789  0.6124359  0.5748995  0.5849462  0.7238104  0.6974266  0.7052463  0.7263301  0.7067322  0.6587007  0.6167610  0.6124621  0.6358406  0.6571195  0.6534663  0.6785819
 4  0.4552526  0.4147791  0.3874220  0.3542337  0.4519267  0.5001432  0.4692393  0.4214455  0.4224784  0.4490489  0.4340739  0.4120474  0.4368425  0.4375248  0.5340238  0.5583952  0.5161044  0.5363742  0.5396833  0.4800623  0.3825273  0.3744938  0.4626566  0.5099161  0.4933211  0.4955072  0.5103420
 1  0.7295170  0.6852160  0.6345356  0.6025267  0.5899872  0.5757589  0.5777459  0.5859126  0.5808803  0.5706504  0.6037539  0.5960086  0.6112932  0.6508967  0.6557860  0.6578846  0.6678327  0.6869477  0.6848024  0.6798748  0.6832833  0.6853840  0.6866207  0.6910875  0.6912581  0.6838981  0.6868417
 2  0.5724068  0.5236713  0.4815457  0.4611346  0.4641161  0.4718184  0.4965032  0.5164103  0.5098048  0.5125039  0.5445504  0.5390278  0.5604631  0.5813539  0.5813982  0.5745834  0.5793497  0.5836723  0.5712562  0.5512526  0.5442343  0.5490495  0.5565458  0.5698103  0.5715918  0.5635018  0.5626038
 3  0.7523910  0.7108911  0.6588983  0.6226515  0.6071383  0.5928072  0.5932155  0.6038083  0.6019275  0.5851307  0.6215816  0.6157781  0.6271732  0.6730393  0.6792019  0.6804970  0.6875873  0.7070639  0.7054482  0.6979733  0.7001615  0.7031961  0.7043760  0.7094031  0.7111204  0.7030355  0.7050071
 4  0.4547988  0.4152720  0.3782360  0.3727906  0.3944657  0.4101914  0.4466179  0.4678076  0.4432659  0.4682317  0.5000342  0.4913467  0.5184952  0.5303063  0.5183756  0.4993129  0.5034737  0.5068421  0.4721323  0.4445679  0.4576171  0.4667168  0.4767952  0.4946613  0.4874843  0.4723278  0.4791357
 1  0.7294070  0.6855701  0.6375518  0.6060816  0.5900726  0.5809498  0.5851291  0.5713015  0.5708145  0.6583064  0.6333164  0.6045596  0.5756688  0.5782667  0.6519020  0.6067811  0.5723096  0.6055725  0.6070073  0.6238802  0.6590994  0.6547941  0.6375669  0.6192629  0.6312459  0.6871868  0.6801900
 2  0.5726944  0.5242874  0.4834308  0.4530652  0.4328905  0.4272618  0.4399178  0.4594536  0.5419103  0.5846628  0.5643695  0.5400376  0.5158806  0.5454758  0.5754811  0.5333835  0.5127390  0.5457324  0.5471000  0.5685172  0.5841130  0.5760077  0.5477247  0.5194012  0.5586413  0.5944015  0.5871499
 3  0.7523779  0.7111375  0.6616611  0.6267376  0.6078100  0.5963723  0.6005559  0.5862051  0.5773809  0.6824820  0.6570714  0.6258312  0.5959831  0.5881975  0.6759414  0.6323411  0.5875485  0.6232317  0.6270025  0.6406376  0.6822432  0.6784608  0.6593336  0.6394183  0.6437523  0.7086467  0.7035966
 4  0.4557622  0.4151688  0.3784979  0.3474856  0.3335003  0.3472269  0.3655426  0.4066030  0.5120397  0.5349703  0.5099104  0.4892642  0.4654992  0.5101376  0.5246291  0.4566522  0.4658343  0.5010368  0.4968224  0.5230765  0.5285684  0.5020310  0.4642393  0.4333465  0.5115365  0.5379693  0.4942272
 1  0.7290193  0.6837632  0.6453819  0.6255524  0.6241687  0.6382962  0.6390405  0.6350167  0.6342074  0.6360216  0.6368421  0.6534236  0.6461527  0.6613688  0.6573316  0.6514043  0.6490054  0.6416449  0.6476382  0.6678795  0.6753000  0.6847115  0.6833190  0.6768605  0.6696576  0.6618220  0.6408811
 2  0.5731135  0.5245497  0.4908581  0.4700244  0.4747997  0.4920478  0.4902460  0.4758570  0.4863983  0.5222448  0.5568671  0.5717469  0.5723624  0.5765878  0.5676191  0.5525865  0.5370645  0.5248826  0.5444156  0.5749787  0.5858660  0.5896096  0.5788448  0.5599934  0.5347620  0.5106222  0.4797854
 3  0.7523618  0.7097663  0.6693266  0.6455252  0.6406163  0.6545159  0.6562839  0.6511305  0.6491905  0.6527627  0.6543545  0.6748469  0.6674338  0.6822862  0.6794610  0.6716522  0.6683550  0.6601056  0.6636601  0.6871817  0.6966669  0.7056793  0.7043851  0.6968036  0.6879381  0.6793089  0.6579895
 4  0.4573780  0.4167930  0.3818299  0.3638779  0.3946040  0.4128465  0.3893345  0.3697535  0.4171259  0.4682405  0.5043393  0.5153004  0.5073704  0.5118854  0.4893833  0.4671857  0.4495551  0.4404807  0.4866418  0.5179713  0.5167599  0.5121253  0.4918886  0.4587820  0.4288495  0.4026088  0.3764669
 1  0.7286387  0.6825674  0.6389720  0.6129463  0.5953286  0.5780021  0.5972148  0.5857998  0.6279750  0.6226301  0.6011614  0.6337231  0.6576285  0.6627797  0.6639907  0.6791584  0.6709532  0.6648808  0.6801214  0.6858697  0.6763874  0.6660324  0.6574420  0.6604675  0.6499975  0.6135673  0.6325351
 2  0.5727279  0.5238275  0.4868015  0.4597858  0.4328821  0.4318666  0.4929166  0.5394544  0.5665488  0.5506915  0.5409442  0.5687572  0.5787671  0.5743329  0.5635393  0.5634668  0.5470013  0.5414246  0.5699333  0.5816680  0.5668251  0.5324141  0.4981510  0.5052847  0.5226723  0.5340199  0.5609370
 3  0.7520377  0.7087434  0.6632874  0.6334545  0.6132796  0.5925895  0.6108297  0.6012433  0.6474001  0.6472433  0.6207943  0.6515675  0.6804211  0.6851698  0.6827896  0.6980039  0.6907964  0.6817969  0.6976035  0.7073868  0.6979196  0.6851434  0.6734398  0.6757761  0.6682770  0.6305532  0.6522483
 4  0.4570261  0.4170074  0.3806498  0.3524620  0.3245941  0.3681881  0.4519528  0.4976697  0.5239947  0.4932877  0.4868205  0.5194792  0.5155759  0.4846787  0.4775925  0.4830399  0.4485628  0.4610127  0.5110902  0.5105699  0.4649261  0.3990003  0.3883061  0.4355619  0.4558282  0.4851039  0.5110797
 1  0.7283148  0.6831372  0.6339829  0.6033941  0.5993848  0.6263576  0.6514658  0.6563439  0.6662047  0.6915862  0.6851848  0.6764712  0.6618163  0.6358102  0.6653057  0.7063715  0.6846499  0.6748008  0.6627379  0.6874655  0.6789912  0.6693989  0.6659268  0.6745289  0.6650832  0.6393264  0.6280867
 2  0.5733267  0.5243695  0.4826011  0.4535949  0.4599310  0.5055728  0.5349745  0.5315125  0.5424542  0.5644651  0.5589110  0.5343561  0.5004044  0.4925761  0.5970670  0.6161057  0.5999468  0.5674569  0.5589958  0.5843299  0.5791125  0.5550399  0.5382739  0.5467218  0.5435624  0.5255904  0.5263351
 3  0.7516587  0.7090010  0.6582572  0.6240583  0.6158171  0.6408900  0.6692851  0.6751170  0.6815130  0.7095062  0.7052505  0.6943306  0.6788027  0.6515205  0.6759914  0.7335657  0.7103993  0.6954420  0.6782922  0.7083678  0.7017943  0.6892870  0.6832856  0.6919333  0.6846481  0.6591214  0.6457129
 4  0.4576247  0.4160708  0.3788567  0.3505724  0.3858350  0.4523053  0.4638084  0.4261457  0.4661215  0.4955826  0.4597484  0.4133275  0.3856229  0.4265453  0.5523168  0.5585243  0.5037042  0.4460859  0.4959128  0.5267453  0.4897243  0.4441837  0.4491067  0.4737485  0.4651631  0.4422984  0.4620500
 1  0.7288068  0.6820604  0.6346088  0.6109729  0.6249589  0.6446439  0.6780065  0.6594622  0.6060066  0.5052768  0.5059187  0.7227464  0.7369115  0.7071266  0.6732416  0.6733963  0.6625767  0.6626946  0.6880012  0.6832165  0.6712289  0.6680029  0.6542705  0.6317252  0.6154042  0.5677938  0.6729598
 2  0.5718598  0.5223214  0.4842878  0.4861512  0.5244923  0.5711583  0.5889376  0.5651571  0.4836399  0.3858418  0.4738687  0.6375835  0.6417651  0.6251078  0.5753360  0.5513019  0.5307519  0.5434398  0.5757353  0.5742923  0.5487287  0.5242299  0.4899747  0.4610424  0.4729987  0.5376381  0.6011536
 3  0.7519277  0.7080332  0.6589812  0.6297636  0.6418377  0.6612311  0.7007972  0.6835528  0.6267681  0.5209439  0.5160990  0.7414816  0.7679592  0.7342890  0.6942843  0.6922702  0.6817346  0.6779925  0.7072234  0.7046172  0.6905349  0.6857695  0.6713332  0.6475883  0.6313788  0.5742946  0.6950646
 4  0.4558752  0.4157904  0.3824136  0.4177176  0.4721592  0.5202544  0.5266720  0.4624529  0.3540649  0.3171630  0.4486417  0.5762335  0.5849273  0.5291061  0.4661784  0.4600330  0.4317918  0.4812126  0.5134172  0.4837741  0.4397422  0.4102206  0.3738248  0.3692266  0.4070738  0.5073081  0.5519253
 1  0.7290677  0.6862459  0.6378840  0.6099640  0.6151600  0.6377073  0.6477877  0.6507219  0.6648825  0.6721706  0.6784343  0.6772412  0.6740399  0.6812697  0.6757296  0.6664292  0.6792968  0.6881488  0.6827758  0.6726526  0.6538573  0.6347759  0.6523257  0.6488334  0.6493190  0.6632341  0.7037715
 2  0.5727112  0.5263597  0.4837028  0.4658043  0.4946590  0.5296768  0.5378855  0.5350211  0.5403464  0.5485777  0.5571027  0.5556590  0.5518298  0.5516383  0.5392765  0.5244955  0.5432473  0.5628040  0.5596881  0.5418323  0.5094965  0.5061323  0.5443658  0.5542416  0.5513521  0.5838195  0.6099702
 3  0.7524285  0.7121797  0.6621879  0.6295934  0.6309493  0.6552090  0.6670496  0.6685225  0.6822827  0.6899586  0.6965001  0.6967725  0.6924086  0.6991938  0.6946358  0.6832903  0.6953705  0.7066706  0.7022606  0.6917090  0.6719122  0.6502751  0.6697100  0.6692771  0.6693506  0.6787632  0.7259488
 4  0.4570490  0.4177869  0.3751355  0.3774680  0.4374349  0.4685590  0.4531569  0.4476699  0.4597341  0.4697092  0.4809643  0.4688576  0.4623067  0.4661889  0.4358297  0.4288969  0.4732711  0.4890774  0.4703675  0.4360722  0.4008044  0.4436082  0.4892485  0.4849935  0.4735197  0.5272093  0.5503689
 1  0.7285444  0.6845345  0.6400266  0.6181345  0.6399052  0.6436809  0.6388392  0.6322376  0.6112719  0.5738891  0.5644966  0.5920334  0.5954954  0.5374655  0.6115296  0.6561423  0.6190644  0.6223237  0.6411030  0.6364703  0.6194051  0.6133889  0.6673518  0.6603474  0.6467210  0.6595507  0.6460546
 2  0.5715557  0.5250164  0.4864079  0.4886505  0.5179126  0.5245875  0.5115720  0.4982689  0.4847792  0.4898356  0.5120372  0.5374006  0.5285345  0.4983395  0.5657305  0.5790042  0.5504207  0.5543394  0.5645902  0.5514724  0.5178344  0.5358377  0.5844962  0.5775641  0.5641469  0.5633343  0.5454780
 3  0.7518726  0.7104597  0.6641596  0.6365367  0.6575710  0.6625882  0.6562193  0.6500269  0.6284472  0.5894370  0.5811385  0.6100548  0.6187396  0.5528171  0.6244239  0.6812197  0.6425252  0.6405633  0.6623395  0.6587011  0.6404342  0.6263665  0.6868877  0.6846708  0.6666984  0.6802030  0.6672737
 4  0.4567600  0.4170512  0.3787140  0.4190791  0.4513891  0.4367094  0.4196810  0.4077240  0.4092381  0.4445759  0.4683866  0.4991079  0.4753941  0.4618273  0.5269342  0.5246826  0.4853770  0.5011980  0.5043426  0.4727283  0.4189949  0.4864105  0.5363584  0.5022831  0.4917000  0.4916106  0.4549650
 1  0.7296366  0.6855753  0.6329987  0.6007015  0.6181335  0.6370531  0.6632619  0.6660624  0.6808941  0.6786713  0.6705565  0.6739238  0.6738941  0.6697220  0.6636971  0.6610078  0.6581869  0.6626669  0.6707041  0.6717514  0.6751338  0.6598417  0.6429959  0.6710480  0.6899126  0.6766920  0.6548312
 2  0.5720962  0.5246205  0.4809364  0.4690908  0.4981661  0.5359680  0.5593372  0.5676078  0.5726025  0.5604876  0.5386990  0.5309533  0.5300043  0.5175406  0.5079740  0.5094908  0.5284747  0.5562375  0.5701735  0.5742525  0.5699420  0.5460772  0.5336566  0.5788479  0.5951047  0.5757760  0.5304185
 3  0.7526637  0.7115512  0.6576192  0.6200310  0.6349674  0.6534136  0.6820220  0.6854863  0.7004787  0.6989182  0.6884451  0.6906841  0.6915778  0.6870104  0.6800894  0.6772476  0.6746575  0.6806406  0.6911588  0.6914528  0.6959179  0.6809804  0.6594132  0.6881555  0.7127764  0.6992560  0.6741223
 4  0.4551399  0.4171846  0.3764195  0.3936720  0.4340404  0.4774400  0.4919800  0.4926986  0.4937573  0.4597679  0.4335368  0.4433680  0.4376007  0.4118978  0.4085348  0.4259699  0.4628653  0.4966542  0.4983864  0.5002161  0.4915892  0.4424123  0.4632639  0.5283978  0.5267705  0.4704472  0.4095693
 1  0.7284429  0.6853728  0.6444071  0.6228914  0.6185931  0.6241976  0.6268090  0.6206979  0.6179075  0.5997150  0.5641712  0.6286992  0.6178035  0.6604523  0.6391286  0.6317943  0.6372395  0.6390585  0.6411781  0.6377088  0.6286406  0.6220950  0.6528424  0.6686771  0.6816561  0.6819448  0.6792135
 2  0.5730610  0.5262178  0.4887875  0.4684989  0.4706461  0.4840426  0.4855816  0.4793068  0.4966473  0.5133293  0.5231192  0.5611009  0.5690771  0.5836364  0.5646816  0.5496559  0.5469415  0.5439869  0.5392651  0.5328200  0.5235993  0.5398975  0.5773196  0.5901240  0.5923428  0.5763532  0.5594943
 3  0.7519268  0.7112964  0.6683723  0.6426354  0.6352928  0.6406897  0.6439151  0.6371137  0.6333114  0.6182383  0.5777826  0.6499902  0.6347565  0.6843172  0.6641197  0.6521325  0.6570993  0.6585050  0.6602446  0.6568546  0.6471966  0.6383405  0.6712013  0.6908344  0.7046142  0.7030498  0.6960482
 4  0.4576491  0.4173467  0.3778304  0.3666716  0.3905609  0.4069438  0.3931298  0.3917087  0.4379408  0.4592399  0.4843741  0.5174912  0.5218415  0.5336974  0.4905595  0.4771439  0.4755998  0.4693119  0.4632986  0.4541096  0.4498144  0.4876149  0.5264766  0.5290519  0.5116322  0.4628739  0.4699787
 1  0.7277919  0.6820498  0.6388290  0.6165814  0.6172891  0.6134862  0.6125891  0.6081385  0.5980119  0.5770180  0.6554726  0.6474021  0.6444154  0.6596911  0.6664259  0.6840420  0.6904985  0.6874105  0.6822117  0.6825549  0.6831980  0.6872592  0.6832121  0.6911865  0.6906365  0.6849435  0.6799342
 2  0.5737728  0.5250074  0.4869586  0.4827462  0.5157263  0.5266061  0.5188472  0.5018896  0.4831385  0.5189951  0.5754514  0.5657078  0.5535971  0.5572866  0.5675227  0.5828268  0.5867418  0.5750655  0.5571570  0.5478731  0.5480730  0.5480227  0.5509894  0.5642741  0.5674958  0.5573275  0.5384339
 3  0.7515671  0.7083461  0.6631062  0.6354386  0.6336944  0.6340647  0.6333268  0.6268385  0.6158271  0.5874766  0.6755852  0.6714277  0.6638148  0.6786271  0.6852096  0.7033734  0.7116499  0.7077544  0.7005640  0.7005975  0.7007335  0.7051178  0.7006082  0.7089371  0.7103867  0.7038591  0.6976519
 4  0.4588903  0.4177643  0.3792583  0.4067695  0.4655958  0.4639932  0.4347921  0.4146283  0.4027886  0.4844891  0.5264338  0.4839188  0.4726855  0.4846924  0.4980581  0.5153306  0.5069970  0.4760745  0.4603664  0.4569197  0.4617509  0.4565477  0.4664947  0.4913217  0.4822465  0.4547420  0.4338374
 1  0.7298005  0.6870013  0.6450497  0.6193049  0.6051879  0.6124996  0.6277605  0.6233131  0.6081090  0.5957851  0.6644768  0.6651809  0.6520058  0.6408739  0.6490339  0.6812591  0.6651231  0.6454810  0.6023766  0.6308099  0.6896851  0.6916212  0.6752551  0.6582793  0.6386340  0.6399856  0.6437380
 2  0.5740700  0.5257027  0.4880801  0.4638933  0.4604879  0.4898470  0.5145886  0.5063521  0.4755826  0.5103488  0.5834287  0.5836466  0.5603000  0.5350815  0.5576696  0.5854773  0.5705092  0.5320776  0.4996184  0.5859337  0.6094779  0.6105221  0.5867301  0.5559774  0.5230392  0.5163285  0.5244964
 3  0.7528205  0.7123844  0.6687473  0.6394001  0.6220061  0.6279552  0.6453516  0.6424911  0.6266739  0.6064240  0.6830011  0.6892963  0.6745436  0.6607833  0.6637866  0.7021764  0.6885623  0.6660118  0.6183097  0.6401044  0.7152022  0.7166784  0.6986674  0.6804599  0.6577597  0.6570662  0.6617799
 4  0.4569187  0.4152260  0.3799185  0.3604342  0.3828111  0.4316945  0.4456382  0.4152877  0.3688463  0.4737127  0.5377409  0.5131474  0.4698880  0.4403321  0.5031613  0.5280026  0.4804516  0.4184949  0.4388394  0.5459233  0.5536497  0.5387583  0.5055929  0.4569435  0.4264278  0.4407235  0.4497109
 1  0.7283085  0.6840649  0.6441619  0.6418904  0.6863664  0.6779453  0.6643181  0.6600304  0.6642403  0.6630031  0.6557327  0.6541095  0.6477625  0.6232870  0.6022420  0.6015869  0.6895593  0.6864338  0.6662081  0.6764374  0.6644364  0.6344768  0.6317706  0.6576115  0.6647149  0.6673379  0.6687640
 2  0.5726575  0.5248717  0.4893672  0.5405031  0.5832310  0.5775921  0.5355911  0.4865063  0.4646695  0.4612416  0.4874807  0.5262154  0.5459215  0.5355474  0.5187716  0.5657262  0.6065116  0.6013089  0.5716325  0.5683061  0.5515583  0.5054014  0.5013936  0.5337850  0.5511544  0.5542331  0.5547793
 3  0.7516802  0.7099042  0.6680493  0.6568113  0.7072052  0.7009262  0.6836572  0.6757336  0.6783010  0.6777031  0.6706198  0.6700468  0.6672679  0.6432675  0.6220448  0.6089941  0.7124816  0.7110575  0.6862368  0.6955602  0.6858690  0.6546343  0.6472904  0.6740958  0.6834768  0.6863144  0.6877172
 4  0.4573648  0.4163187  0.3805957  0.4917670  0.5275757  0.4776601  0.3845163  0.3434714  0.3591765  0.3683140  0.4104942  0.4692671  0.4815661  0.4690579  0.4537667  0.5254036  0.5521868  0.5131771  0.4806909  0.4949778  0.4609660  0.3889009  0.4251761  0.4732218  0.4782354  0.4734088  0.4717707
 1  0.7276216  0.6798879  0.6386128  0.6143236  0.6065231  0.6129582  0.6261096  0.6304133  0.6439150  0.6295446  0.6102022  0.5940284  0.5720698  0.5778952  0.6604066  0.6424493  0.6125980  0.6427489  0.6635619  0.6714307  0.6663801  0.6675591  0.6670812  0.6636387  0.6752013  0.6738794  0.6737233
 2  0.5713430  0.5222614  0.4885212  0.4628138  0.4518100  0.4660103  0.4875835  0.5127531  0.5416929  0.5348367  0.5110957  0.4949643  0.4978253  0.5458363  0.5902279  0.5673895  0.5518819  0.5762992  0.5853288  0.5844329  0.5639628  0.5493480  0.5365049  0.5353676  0.5481382  0.5466299  0.5411529
 3  0.7511091  0.7063106  0.6630061  0.6348704  0.6237239  0.6280188  0.6421261  0.6462519  0.6613495  0.6511042  0.6303268  0.6114967  0.5882317  0.5873374  0.6825337  0.6677761  0.6327272  0.6614544  0.6865807  0.6939584  0.6866969  0.6862293  0.6854221  0.6807917  0.6930288  0.6928936  0.6910700
 4  0.4565952  0.4171017  0.3834489  0.3553101  0.3578020  0.3945651  0.4136458  0.4489186  0.4842719  0.4599952  0.4255291  0.4258908  0.4488573  0.5122537  0.5413166  0.5095561  0.4978577  0.5259835  0.5227333  0.4995820  0.4691171  0.4578757  0.4436977  0.4563526  0.4719693  0.4530506  0.4475996
 1  0.7295355  0.6832702  0.6425119  0.6196359  0.5986426  0.6116932  0.5394081  0.5641877  0.6619597  0.6296440  0.5826604  0.6027944  0.6736519  0.6604766  0.6367394  0.6265988  0.6216599  0.5856934  0.6085901  0.6190102  0.6315609  0.6584764  0.6908544  0.6997352  0.6818519  0.6757956  0.6881643
 2  0.5725281  0.5225575  0.4886512  0.4663574  0.4700549  0.5118762  0.4759700  0.5388079  0.5878810  0.5508606  0.5134185  0.5594577  0.5963630  0.5807124  0.5442465  0.5231476  0.5228247  0.5102217  0.5261118  0.5303313  0.5392486  0.5742520  0.6022591  0.6052550  0.5763022  0.5597557  0.5677508
 3  0.7525048  0.7089570  0.6664050  0.6399819  0.6145997  0.6279749  0.5612285  0.5695788  0.6866662  0.6565792  0.6067535  0.6119629  0.6978951  0.6865324  0.6593581  0.6448832  0.6393572  0.6052965  0.6273782  0.6384186  0.6493079  0.6748762  0.7115899  0.7229499  0.7036613  0.6929839  0.7071268
 4  0.4559979  0.4146528  0.3838378  0.3611569  0.4085064  0.4620314  0.4166106  0.5112548  0.5398151  0.4949996  0.4435617  0.5191448  0.5458204  0.5028364  0.4451656  0.4415916  0.4625988  0.4531700  0.4621889  0.4579067  0.4712127  0.5191928  0.5423013  0.5257326  0.4641561  0.4744893  0.4985011
 1  0.7297679  0.6836862  0.6410869  0.6184659  0.6161835  0.6141585  0.6227245  0.6660149  0.6757919  0.6776272  0.6812852  0.6930924  0.6840701  0.6694887  0.6584323  0.6606148  0.6687652  0.6746764  0.6913612  0.6832864  0.6610132  0.6469224  0.6290764  0.5960052  0.5925985  0.6317708  0.6395969
 2  0.5727351  0.5235637  0.4877541  0.4693490  0.4648063  0.4562139  0.5008703  0.5647629  0.5797544  0.5726522  0.5719278  0.5794812  0.5671115  0.5374927  0.5091598  0.5199501  0.5424351  0.5698876  0.5851487  0.5731124  0.5304483  0.4941401  0.4759476  0.4776653  0.5318145  0.5709559  0.5706655
 3  0.7529215  0.7097180  0.6652743  0.6384861  0.6336159  0.6308679  0.6350834  0.6833021  0.6973680  0.6976744  0.6993941  0.7127245  0.7049448  0.6887858  0.6751408  0.6762829  0.6866353  0.6923504  0.7119364  0.7050066  0.6799874  0.6638234  0.6459741  0.6113373  0.6066978  0.6510289  0.6627489
 4  0.4563384  0.4165036  0.3813095  0.3714288  0.3716629  0.3559932  0.4546201  0.5163884  0.5030718  0.4791834  0.4945392  0.5060455  0.4729932  0.4172729  0.4052653  0.4522854  0.4741335  0.5045695  0.5153896  0.4709202  0.4089537  0.3891497  0.3879148  0.4246837  0.4918246  0.5272706  0.5174352
 1  0.7307883  0.6903155  0.6505866  0.6264230  0.6160369  0.6102930  0.6048571  0.5766905  0.6495081  0.7121781  0.6934528  0.6789652  0.6669776  0.6718416  0.6735231  0.6647547  0.6616399  0.6576585  0.6585032  0.6574225  0.6550122  0.6523236  0.6597557  0.6511318  0.6415920  0.6868211  0.7250003
 2  0.5721036  0.5259416  0.4891981  0.4656416  0.4541617  0.4519691  0.4534214  0.4683692  0.6045906  0.6236762  0.6107041  0.5734011  0.5279445  0.5147938  0.5154292  0.5207427  0.5338264  0.5501347  0.5605354  0.5611765  0.5528357  0.5490446  0.5527588  0.5424075  0.5251652  0.6066986  0.6271335
 3  0.7532927  0.7151250  0.6738090  0.6462133  0.6332491  0.6262541  0.6208497  0.5913648  0.6539290  0.7400135  0.7195633  0.7003876  0.6846151  0.6875956  0.6902490  0.6817910  0.6786722  0.6762860  0.6781377  0.6778456  0.6754912  0.6707492  0.6786843  0.6716245  0.6602985  0.6981744  0.7510123
 4  0.4546830  0.4134365  0.3782434  0.3594670  0.3574923  0.3657195  0.3700607  0.4198832  0.5587145  0.5669700  0.5179380  0.4437167  0.4069215  0.4255235  0.4298547  0.4349420  0.4637618  0.4856253  0.4935604  0.4884136  0.4690569  0.4726261  0.4820939  0.4559279  0.4347946  0.5531582  0.5700854
 1  0.7303903  0.6872281  0.6476526  0.6290082  0.6354789  0.6429267  0.6381047  0.6310040  0.6497218  0.6472360  0.6612104  0.6533961  0.6466458  0.6530891  0.6490644  0.6398081  0.6684963  0.6639448  0.6782353  0.6829467  0.6834778  0.6903761  0.6858088  0.6882501  0.6795692  0.6728450  0.6779504
 2  0.5724657  0.5240630  0.4897167  0.4805866  0.4965887  0.5085239  0.5004843  0.5054787  0.5305084  0.5454819  0.5572799  0.5466098  0.5312540  0.5313240  0.5246301  0.5366087  0.5680353  0.5787036  0.5835953  0.5832550  0.5743109  0.5678028  0.5616541  0.5536140  0.5350712  0.5128835  0.5178727
 3  0.7530171  0.7124936  0.6712541  0.6483601  0.6524012  0.6603584  0.6556550  0.6467154  0.6671620  0.6654562  0.6802682  0.6744566  0.6647901  0.6705442  0.6682009  0.6552228  0.6877434  0.6843246  0.6988521  0.7043654  0.7025390  0.7093139  0.7044586  0.7066097  0.6979901  0.6891557  0.6934354
 4  0.4545642  0.4140901  0.3816967  0.3906034  0.4219122  0.4257819  0.4044445  0.4372383  0.4644080  0.4778725  0.4885312  0.4552518  0.4411501  0.4554214  0.4343223  0.4773777  0.5109522  0.5098429  0.5151048  0.4962452  0.4849643  0.4799958  0.4722862  0.4595101  0.4200121  0.4020574  0.4358037
 1  0.7296366  0.6850367  0.6483447  0.6280249  0.6202371  0.6273205  0.6360112  0.6471109  0.6513913  0.6562956  0.6581160  0.6580798  0.6546855  0.6453695  0.6713336  0.6826931  0.6782375  0.6926338  0.6956541  0.6871733  0.6791320  0.6941178  0.6957517  0.6946239  0.6953358  0.6923399  0.6839168
 2  0.5735597  0.5248236  0.4923840  0.4709658  0.4658524  0.4799391  0.5035126  0.5216363  0.5265751  0.5242130  0.5238759  0.5261708  0.5197441  0.5300690  0.5753438  0.5907185  0.5890340  0.5951694  0.5907480  0.5694615  0.5553441  0.5716867  0.5792142  0.5767971  0.5733390  0.5665896  0.5475694
 3  0.7528274  0.7109048  0.6721875  0.6480106  0.6370951  0.6431636  0.6518597  0.6644229  0.6695976  0.6735391  0.6753668  0.6755857  0.6730672  0.6614562  0.6883788  0.7050882  0.6995015  0.7129749  0.7171799  0.7077054  0.6959591  0.7124009  0.7159360  0.7135653  0.7142768  0.7115786  0.7026829
 4  0.4567928  0.4166185  0.3829839  0.3635058  0.3784724  0.4033005  0.4343642  0.4469938  0.4380980  0.4337820  0.4395528  0.4447857  0.4270164  0.4646426  0.5240938  0.5245047  0.5126220  0.5212857  0.5074256  0.4582683  0.4701362  0.5051373  0.4969187  0.4873335  0.4878551  0.4749906  0.4429182
 1  0.7302785  0.6871144  0.6444833  0.6215483  0.6305747  0.6405852  0.6599990  0.6679676  0.6638642  0.6667063  0.6711763  0.6772315  0.6719426  0.6634850  0.6683221  0.6800493  0.6787873  0.6914873  0.6779504  0.6718799  0.6753622  0.6998588  0.6927655  0.6808212  0.6668008  0.6632366  0.6659490
 2  0.5733585  0.5247492  0.4877664  0.4785342  0.4978566  0.5243203  0.5502118  0.5562930  0.5448813  0.5348512  0.5354320  0.5381372  0.5312983  0.5260496  0.5450561  0.5642997  0.5766181  0.5845259  0.5716642  0.5529734  0.5708121  0.5939517  0.5887536  0.5576298  0.5061249  0.4794030  0.4916174
 3  0.7530235  0.7125651  0.6683819  0.6408894  0.6476617  0.6573512  0.6774735  0.6877768  0.6829430  0.6842434  0.6883983  0.6945776  0.6898476  0.6806321  0.6850352  0.6991753  0.6976251  0.7122498  0.6991328  0.6912709  0.6917521  0.7206759  0.7153198  0.7008109  0.6837099  0.6779664  0.6807715
 4  0.4550866  0.4151430  0.3805493  0.3944281  0.4261107  0.4585087  0.4843080  0.4735868  0.4476274  0.4416047  0.4494440  0.4507583  0.4356131  0.4397963  0.4794880  0.4928455  0.5067409  0.5106287  0.4817709  0.4577049  0.5072164  0.5319917  0.4967724  0.4236947  0.3649626  0.3750021  0.4195733
 1  0.7293163  0.6858717  0.6461021  0.6269356  0.6226951  0.6116687  0.5919983  0.5596541  0.5856170  0.6028583  0.6227782  0.6713736  0.6378815  0.6103357  0.5904708  0.5616494  0.5909314  0.5755521  0.4912315  0.6635132  0.7100022  0.6795988  0.6781802  0.6916822  0.6857640  0.6858311  0.6794091
 2  0.5744903  0.5255678  0.4899357  0.4795930  0.4866877  0.4808983  0.4575839  0.4639108  0.5372578  0.5399245  0.5757240  0.5914237  0.5594055  0.5217658  0.4951420  0.4953077  0.5376455  0.5083962  0.4695248  0.6086189  0.6223052  0.5974292  0.5959373  0.5930210  0.5804951  0.5632122  0.5380987
 3  0.7524203  0.7114284  0.6698549  0.6463311  0.6400220  0.6302066  0.6095942  0.5728918  0.5992334  0.6250261  0.6369761  0.6967505  0.6639671  0.6313889  0.6092355  0.5763377  0.6069925  0.5995310  0.5017032  0.6742599  0.7381742  0.7067566  0.7002963  0.7131580  0.7065596  0.7051075  0.6978137
 4  0.4571711  0.4157190  0.3817232  0.3898755  0.4118684  0.3929925  0.3642303  0.4218074  0.5007662  0.4949911  0.5316120  0.5386511  0.4785319  0.4361962  0.4212195  0.4509560  0.4998318  0.4531843  0.4447353  0.5596731  0.5659845  0.5266507  0.5177176  0.5131897  0.4896480  0.4624102  0.4200390
 1  0.7296147  0.6875649  0.6439877  0.6214058  0.6305227  0.6431128  0.6356913  0.6185996  0.6140554  0.6575605  0.6949309  0.6964695  0.6852802  0.6802455  0.6667246  0.6604991  0.6574616  0.6419650  0.6500823  0.6512513  0.6505234  0.6453568  0.6241269  0.6065100  0.6424920  0.6757922  0.6730773
 2  0.5737913  0.5263818  0.4871323  0.4745919  0.4986419  0.5170945  0.5042557  0.4716317  0.4950506  0.5806067  0.6100002  0.6068488  0.5839876  0.5566135  0.5264821  0.5202510  0.5219902  0.5152196  0.5222063  0.5251452  0.5246898  0.5274276  0.5328069  0.5462251  0.5815114  0.5956921  0.5866596
 3  0.7527116  0.7132029  0.6679613  0.6407468  0.6469546  0.6609015  0.6542319  0.6359570  0.6274270  0.6724280  0.7177313  0.7201506  0.7069564  0.6994584  0.6844014  0.6774891  0.6756725  0.6600350  0.6675049  0.6691467  0.6679944  0.6633267  0.6416999  0.6241511  0.6605419  0.6992312  0.6970694
 4  0.4563463  0.4165652  0.3771959  0.3862315  0.4323805  0.4401341  0.4021699  0.3627109  0.4459387  0.5376589  0.5487198  0.5254599  0.4825183  0.4455304  0.4274549  0.4406656  0.4378316  0.4325030  0.4414222  0.4414975  0.4445475  0.4537658  0.4772357  0.5014256  0.5308432  0.5359532  0.4999893
 1  0.7292546  0.6838715  0.6375500  0.6121457  0.6114246  0.6123848  0.6283692  0.6459632  0.6411607  0.6404201  0.6459906  0.6372220  0.6569418  0.6904987  0.6837005  0.6874406  0.6868109  0.6835986  0.6747270  0.6644937  0.6622141  0.6690460  0.6609447  0.6632555  0.6911272  0.6871993  0.6855500
 2  0.5718989  0.5240255  0.4856719  0.4694796  0.4754648  0.4854278  0.5102754  0.5278098  0.5238391  0.5249372  0.5325242  0.5274422  0.5694246  0.5950948  0.5920460  0.5834419  0.5743943  0.5623409  0.5392227  0.5173701  0.5269048  0.5511681  0.5492726  0.5636559  0.5864967  0.5846143  0.5737189
 3  0.7524902  0.7101030  0.6620653  0.6320247  0.6286680  0.6293678  0.6440716  0.6638409  0.6598071  0.6575197  0.6648280  0.6559884  0.6717074  0.7124240  0.7060266  0.7073562  0.7067706  0.7031046  0.6935316  0.6818632  0.6775845  0.6878337  0.6814788  0.6797021  0.7113765  0.7087789  0.7049174
 4  0.4556608  0.4177696  0.3799477  0.3793953  0.3980558  0.4105559  0.4444308  0.4528406  0.4379680  0.4535212  0.4573387  0.4491975  0.5167308  0.5348272  0.5073978  0.4971697  0.4890526  0.4685413  0.4323415  0.4104414  0.4613813  0.4873294  0.4606409  0.4986807  0.5224630  0.4984575  0.4817874
 1  0.7268804  0.6806550  0.6341907  0.6076371  0.6070066  0.6101501  0.6127846  0.6117908  0.6376606  0.6400247  0.6252228  0.6491290  0.6421866  0.6233794  0.6024909  0.6456546  0.7148836  0.7017309  0.6823695  0.6832687  0.6853508  0.6830879  0.6810261  0.6856966  0.6954690  0.6836641  0.6695596
 2  0.5720317  0.5242663  0.4848438  0.4606156  0.4558163  0.4546077  0.4517961  0.4776211  0.5405471  0.5548846  0.5548642  0.5683654  0.5565623  0.5215415  0.4871971  0.5914380  0.6236217  0.6156052  0.5769545  0.5472531  0.5328737  0.5203557  0.5186661  0.5429694  0.5666530  0.5600916  0.5328642
 3  0.7507258  0.7072833  0.6588688  0.6279096  0.6242629  0.6262550  0.6282929  0.6258033  0.6528378  0.6617567  0.6439600  0.6693930  0.6651859  0.6442181  0.6205890  0.6499185  0.7401277  0.7272574  0.7032862  0.7005177  0.7024470  0.6997796  0.6970209  0.7010925  0.7140947  0.7042383  0.6881043
 4  0.4578270  0.4187493  0.3784100  0.3611477  0.3630339  0.3627707  0.3579153  0.4212309  0.4957552  0.4918185  0.4955509  0.5116123  0.4761292  0.4214284  0.3986971  0.5479487  0.5690328  0.5229856  0.4504373  0.4389022  0.4361413  0.4168750  0.4174127  0.4739827  0.4980790  0.4615718  0.4136538
 1  0.7276814  0.6791530  0.5936960  0.5386288  0.6213914  0.6341066  0.6293851  0.6504692  0.6462464  0.6286620  0.6340503  0.6532867  0.6582435  0.6591884  0.6684599  0.6587773  0.6699988  0.6979469  0.6848260  0.6798516  0.6639853  0.6531708  0.6445474  0.6313471  0.6448700  0.6400495  0.6289480
 2  0.5706466  0.5224671  0.4583176  0.4744268  0.5484471  0.5543548  0.5496489  0.5594403  0.5458137  0.5104927  0.5073395  0.5301435  0.5406937  0.5511714  0.5584315  0.5454467  0.5681355  0.5905282  0.5822437  0.5650466  0.5468609  0.5363809  0.5190581  0.5057173  0.5205634  0.5190138  0.4991245
 3  0.7513709  0.7061079  0.6196723  0.5518396  0.6384957  0.6565311  0.6482509  0.6702391  0.6682267  0.6481993  0.6498416  0.6701700  0.6768045  0.6770350  0.6882312  0.6790432  0.6856191  0.7187956  0.7068652  0.6991801  0.6830033  0.6726462  0.6642288  0.6484187  0.6614233  0.6594857  0.6472089
 4  0.4564608  0.4193534  0.3672734  0.4414828  0.5039912  0.4828605  0.4818982  0.4948597  0.4544917  0.4016427  0.4308667  0.4643646  0.4640873  0.4806807  0.4832697  0.4515436  0.5052397  0.5269114  0.4918580  0.4692224  0.4659000  0.4565459  0.4194485  0.4213271  0.4531572  0.4329098  0.3989375
 1  0.7288869  0.6824357  0.6452791  0.6260852  0.6285627  0.6639179  0.6668092  0.6593067  0.6570953  0.6614524  0.6607227  0.6527106  0.6294549  0.6283101  0.6120635  0.5833008  0.6437403  0.6478851  0.6753520  0.6780400  0.6774631  0.6801032  0.6897954  0.6916926  0.6890273  0.7062354  0.6912835
 2  0.5722694  0.5237251  0.4925728  0.4693859  0.4974734  0.5456153  0.5533364  0.5325644  0.5133560  0.5131779  0.5148753  0.5133413  0.5238801  0.5535939  0.5347153  0.5302223  0.5663975  0.5752554  0.5843514  0.5769395  0.5544973  0.5367678  0.5470509  0.5551317  0.5802575  0.5996677  0.5885588
 3  0.7523135  0.7088855  0.6695450  0.6463272  0.6433193  0.6807290  0.6870784  0.6780541  0.6737146  0.6779050  0.6777940  0.6702810  0.6455281  0.6473071  0.6361762  0.5977517  0.6637632  0.6687759  0.6960734  0.6993917  0.6967791  0.6965477  0.7060734  0.7103245  0.7059736  0.7277880  0.7144873
 4  0.4564181  0.4182524  0.3840686  0.3568372  0.4394959  0.4901606  0.4657299  0.4182263  0.4141664  0.4287807  0.4303324  0.4249433  0.4685088  0.5069921  0.4622459  0.4840685  0.5142303  0.5084772  0.5121459  0.4851906  0.4370518  0.4347136  0.4724925  0.4737450  0.5150073  0.5361466  0.4950716
 1  0.7293529  0.6853443  0.6529628  0.6381284  0.6447452  0.6616400  0.6601076  0.6567273  0.6599768  0.6707776  0.6732655  0.6720392  0.6709654  0.6693416  0.6824220  0.7028934  0.7022150  0.6957330  0.6901039  0.6820442  0.6727404  0.6641342  0.6649411  0.6665861  0.6635251  0.6547703  0.6598499
 2  0.5733252  0.5247888  0.4957771  0.4870322  0.5132928  0.5380978  0.5334133  0.5086363  0.4974266  0.5096258  0.5209459  0.5244962  0.5197321  0.5272288  0.5697297  0.5997866  0.6009315  0.5884633  0.5716606  0.5563221  0.5351690  0.5163969  0.5142263  0.5228610  0.5300282  0.5378168  0.5617549
 3  0.7524326  0.7110250  0.6764912  0.6573213  0.6608835  0.6797285  0.6791551  0.6740295  0.6751680  0.6861895  0.6900500  0.6888477  0.6879037  0.6852553  0.6984083  0.7237179  0.7244285  0.7160134  0.7096133  0.7015254  0.6912423  0.6814803  0.6812436  0.6832342  0.6813306  0.6723980  0.6777524
 4  0.4564886  0.4159843  0.3851294  0.3932858  0.4499419  0.4663327  0.4305600  0.3840133  0.4006637  0.4310892  0.4337969  0.4287755  0.4200065  0.4491614  0.5156295  0.5363501  0.5172426  0.4941726  0.4828825  0.4616262  0.4305579  0.4136448  0.4253233  0.4445626  0.4492178  0.4674875  0.5038609
 1  0.7305986  0.6873949  0.6469051  0.6225218  0.6181855  0.6322804  0.6424307  0.6586956  0.6673579  0.6633527  0.6571069  0.6489793  0.6511730  0.6868376  0.6808336  0.6691030  0.6670499  0.6811354  0.6712606  0.6615915  0.6438940  0.6188697  0.6414990  0.6314297  0.6218904  0.6340481  0.6468150
 2  0.5717957  0.5249263  0.4902186  0.4652285  0.4679672  0.4919476  0.5157838  0.5404537  0.5516909  0.5437363  0.5244793  0.5044877  0.5509086  0.5940932  0.5901930  0.5610374  0.5477567  0.5627431  0.5598301  0.5498585  0.5283947  0.5180696  0.5398767  0.5304417  0.5207236  0.5409409  0.5641088
 3  0.7533970  0.7131027  0.6708614  0.6426829  0.6346212  0.6480194  0.6589442  0.6754742  0.6862369  0.6827750  0.6755564  0.6663563  0.6639567  0.7088307  0.7051451  0.6894661  0.6835602  0.6998794  0.6916255  0.6812966  0.6639724  0.6360612  0.6599271  0.6525476  0.6392095  0.6515030  0.6656676
 4  0.4545695  0.4166784  0.3810640  0.3570849  0.3877956  0.4221529  0.4445158  0.4710153  0.4747890  0.4511301  0.4212351  0.4039020  0.5053056  0.5415503  0.4997629  0.4432043  0.4704085  0.4957381  0.4802602  0.4660624  0.4392206  0.4543010  0.4779513  0.4442813  0.4486403  0.4845961  0.5053131
 1  0.7296065  0.6848393  0.6340831  0.6030131  0.6149073  0.6313124  0.6339168  0.6313328  0.6248542  0.6379154  0.6935898  0.6888057  0.6761733  0.6686839  0.6583926  0.6678843  0.6641525  0.6512792  0.6528047  0.6509743  0.6538042  0.6698572  0.6703603  0.6618149  0.6709165  0.6634566  0.6569159
 2  0.5709990  0.5240058  0.4822350  0.4672363  0.4947470  0.5157786  0.5124273  0.4949768  0.4862559  0.5592160  0.6049817  0.6008947  0.5764594  0.5415006  0.5188920  0.5377839  0.5430932  0.5298582  0.5276743  0.5261528  0.5399217  0.5649712  0.5660746  0.5581763  0.5564289  0.5415794  0.5122981
 3  0.7526389  0.7107676  0.6585582  0.6227034  0.6314045  0.6491197  0.6523695  0.6487191  0.6410824  0.6491308  0.7156024  0.7134655  0.6984703  0.6878335  0.6743793  0.6849025  0.6840172  0.6699579  0.6704437  0.6692858  0.6706136  0.6882508  0.6916066  0.6809734  0.6900376  0.6833960  0.6746883
 4  0.4553632  0.4168830  0.3783037  0.3861668  0.4321809  0.4435619  0.4185528  0.3929740  0.4062635  0.5195207  0.5506771  0.5229244  0.4695817  0.4165797  0.4347696  0.4748878  0.4587271  0.4379592  0.4460190  0.4440706  0.4726086  0.5028751  0.4852302  0.4754555  0.4765941  0.4402307  0.3931343
 1  0.7282144  0.6833298  0.6319576  0.6082336  0.6239020  0.6334556  0.6332161  0.6304004  0.6343980  0.6409778  0.6785706  0.6778804  0.6791070  0.6876149  0.6701280  0.6516665  0.6316681  0.6604619  0.6846265  0.6869294  0.6756828  0.6698260  0.6638513  0.6597949  0.6708830  0.6577368  0.6465938
 2  0.5716742  0.5239913  0.4810056  0.4748031  0.5030020  0.5154572  0.5044345  0.4872173  0.4842943  0.5394247  0.5870390  0.5910249  0.5874402  0.5840490  0.5569710  0.5103730  0.5096042  0.5803005  0.6019368  0.5955448  0.5683737  0.5391689  0.5181251  0.5337748  0.5579836  0.5510244  0.5398163
 3  0.7515257  0.7093806  0.6564694  0.6274309  0.6407472  0.6519518  0.6514174  0.6471228  0.6505456  0.6540683  0.6994298  0.7010740  0.6991449  0.7089498  0.6917015  0.6703403  0.6454137  0.6779370  0.7075666  0.7098352  0.6969905  0.6880009  0.6806973  0.6762016  0.6898710  0.6791492  0.6652562
 4  0.4562747  0.4167053  0.3764440  0.3976404  0.4391766  0.4356005  0.4019923  0.3879580  0.3976734  0.4957898  0.5350548  0.5129999  0.5112568  0.5057829  0.4492219  0.3799984  0.4551958  0.5363426  0.5364784  0.5104551  0.4592190  0.4272118  0.4275603  0.4703077  0.4942376  0.4651264  0.4592070
 1  0.7303159  0.6867748  0.6442857  0.6197813  0.6120407  0.6321509  0.6604455  0.6561207  0.6441460  0.6462768  0.6542680  0.6457793  0.6422276  0.6472555  0.6647596  0.6815748  0.6840837  0.6848644  0.6842535  0.6817716  0.6870365  0.6972327  0.6926624  0.6816009  0.6808128  0.6715647  0.6589307
 2  0.5706112  0.5239103  0.4882019  0.4629859  0.4610157  0.5106691  0.5494290  0.5464642  0.5277649  0.5338859  0.5437626  0.5344553  0.5309828  0.5437467  0.5684637  0.5821957  0.5807960  0.5710377  0.5561523  0.5405485  0.5488037  0.5704156  0.5712972  0.5590107  0.5475091  0.5249517  0.5103482
 3  0.7531030  0.7126017  0.6684395  0.6400313  0.6286096  0.6461689  0.6786400  0.6766789  0.6623744  0.6635811  0.6735069  0.6654284  0.6602579  0.6650519  0.6832536  0.7019374  0.7047371  0.7044734  0.7031239  0.6992617  0.7030787  0.7154386  0.7129240  0.7005307  0.6991659  0.6900551  0.6745609
 4  0.4535079  0.4164784  0.3795204  0.3542075  0.3791514  0.4610838  0.4878084  0.4546985  0.4389485  0.4671186  0.4707064  0.4493381  0.4538922  0.4800535  0.5055518  0.5106373  0.4960575  0.4785717  0.4542699  0.4371021  0.4733440  0.5013170  0.4833760  0.4632003  0.4522253  0.4091348  0.4261143
 1  0.7303754  0.6851955  0.6385238  0.6117358  0.5986416  0.6002384  0.6472070  0.6592648  0.6461049  0.6479840  0.6464063  0.6510024  0.6728040  0.6841019  0.6782284  0.6765221  0.6702066  0.6657248  0.6622360  0.6643340  0.7030549  0.6948641  0.6863361  0.6931713  0.6894058  0.6836370  0.6747311
 2  0.5696476  0.5227441  0.4853407  0.4629127  0.4514631  0.4899283  0.5486929  0.5595523  0.5413342  0.5334145  0.5316309  0.5437587  0.5723710  0.5798793  0.5631877  0.5354317  0.5032355  0.4931109  0.5035375  0.5768037  0.6112592  0.6077677  0.5885797  0.5776404  0.5624524  0.5363041  0.5074193
 3  0.7531583  0.7110985  0.6628706  0.6320883  0.6162094  0.6137175  0.6635167  0.6803487  0.6654638  0.6662239  0.6653377  0.6678557  0.6913077  0.7051810  0.6984444  0.6943476  0.6864653  0.6810983  0.6787655  0.6769278  0.7270211  0.7196993  0.7068189  0.7126056  0.7090041  0.7012812  0.6911190
 4  0.4536058  0.4163692  0.3804684  0.3633039  0.3622563  0.4441797  0.4988299  0.4788851  0.4516261  0.4556100  0.4504210  0.4790743  0.5105576  0.4998170  0.4550491  0.4096744  0.3862471  0.4036574  0.4234941  0.5302173  0.5567575  0.5213557  0.4927918  0.4905557  0.4601360  0.4161199  0.3864516
 1  0.7307392  0.6865300  0.6340512  0.5973629  0.5972116  0.6060250  0.6061431  0.6203180  0.6344424  0.6400230  0.6609381  0.6558202  0.6566281  0.6883633  0.6914197  0.6905594  0.6963648  0.6945435  0.6868520  0.6856332  0.6848886  0.6771519  0.6675915  0.6639589  0.6629034  0.6641278  0.6650981
 2  0.5709265  0.5237572  0.4810960  0.4603237  0.4789210  0.4946481  0.5013351  0.5210646  0.5364817  0.5495270  0.5630098  0.5512071  0.5599465  0.5881716  0.5940063  0.5892265  0.5883907  0.5816736  0.5635622  0.5526948  0.5472780  0.5352290  0.5205041  0.5137461  0.5146845  0.5260580  0.5370032
 3  0.7534590  0.7122673  0.6585163  0.6173073  0.6138016  0.6239081  0.6235003  0.6367744  0.6536074  0.6576949  0.6807969  0.6771358  0.6725199  0.7080727  0.7135753  0.7104741  0.7164331  0.7153043  0.7062571  0.7032765  0.7028105  0.6955473  0.6848694  0.6808066  0.6797828  0.6805191  0.6833494
 4  0.4540021  0.4161973  0.3774627  0.3772583  0.4165904  0.4237328  0.4296661  0.4620233  0.4670195  0.4859587  0.4953040  0.4563028  0.4942584  0.5302423  0.5147983  0.5058316  0.5111571  0.4930160  0.4612149  0.4581593  0.4595065  0.4353068  0.4194699  0.4213205  0.4258739  0.4511412  0.4598241
 1  0.7295925  0.6820493  0.6295624  0.5976164  0.6046548  0.5981011  0.5872617  0.5884205  0.6251012  0.6029563  0.5868749  0.6309918  0.5968807  0.6159869  0.6339003  0.5901380  0.5291309  0.6708460  0.6194091  0.5891765  0.5989698  0.5855204  0.5659197  0.6270679  0.7016664  0.7091491  0.6927158
 2  0.5730097  0.5230653  0.4812077  0.4679165  0.4821870  0.4708162  0.4450848  0.4743525  0.5438781  0.5371126  0.5427477  0.5590525  0.5368519  0.5563242  0.5583354  0.5086504  0.4970397  0.5928754  0.5480099  0.5307991  0.5374312  0.5224511  0.5129888  0.5866742  0.6205567  0.6241227  0.6076968
 3  0.7529158  0.7084089  0.6543476  0.6173018  0.6222371  0.6171109  0.6041116  0.6009366  0.6416858  0.6246220  0.6012306  0.6538980  0.6187721  0.6322950  0.6575196  0.6145212  0.5366885  0.6955833  0.6451390  0.6079174  0.6183542  0.6064352  0.5831318  0.6352810  0.7265622  0.7360860  0.7161935
 4  0.4567029  0.4175895  0.3799113  0.3907095  0.4102226  0.3738203  0.3430422  0.4309817  0.4996282  0.4832171  0.5030101  0.5096322  0.4787328  0.5118358  0.4985500  0.4222203  0.4679352  0.5440968  0.4884217  0.4827840  0.4895492  0.4688705  0.4684817  0.5440528  0.5656059  0.5551918  0.5209992
 1  0.7290320  0.6819098  0.6281689  0.5922777  0.5883969  0.6334186  0.6360525  0.6365409  0.6872509  0.6869928  0.6796481  0.6800393  0.6730621  0.6636663  0.6648170  0.6758831  0.6615970  0.6160574  0.5621110  0.6248514  0.6085880  0.5487884  0.6244115  0.6613982  0.6566388  0.6932470  0.6870899
 2  0.5710038  0.5224872  0.4802158  0.4501876  0.4802797  0.5345598  0.5338166  0.5517171  0.5867815  0.5873231  0.5636380  0.5379720  0.5023673  0.4624458  0.4878709  0.5454687  0.5554080  0.5154490  0.4964138  0.5637387  0.5391783  0.5105527  0.5737532  0.5856837  0.5923709  0.6075347  0.5970456
 3  0.7522313  0.7082204  0.6530017  0.6131703  0.6028876  0.6502331  0.6575267  0.6509276  0.7070021  0.7093760  0.6992385  0.6977616  0.6897985  0.6786796  0.6781732  0.6921995  0.6830649  0.6377486  0.5761437  0.6439228  0.6329648  0.5634700  0.6391307  0.6861190  0.6768769  0.7172770  0.7107249
 4  0.4554349  0.4173099  0.3795295  0.3528555  0.4312842  0.4837315  0.4426685  0.4922134  0.5294067  0.4988924  0.4514154  0.4186522  0.3700977  0.3341638  0.4221371  0.4938927  0.4828312  0.4280407  0.4532170  0.5215695  0.4846860  0.4751235  0.5325044  0.5324572  0.5359031  0.5429660  0.5033988
 1  0.7297245  0.6833959  0.6380852  0.6118746  0.6098583  0.6134636  0.6186976  0.6190674  0.6081376  0.5922476  0.6035355  0.5465743  0.6300922  0.6883201  0.6681129  0.6524473  0.6622319  0.6566257  0.6445810  0.6461693  0.6455467  0.6547577  0.6715138  0.6810673  0.6758486  0.6829057  0.6871964
 2  0.5712080  0.5231943  0.4864343  0.4641764  0.4596617  0.4609359  0.4667764  0.4725374  0.4829883  0.5222767  0.5388265  0.5044582  0.5852344  0.6069050  0.5861387  0.5693842  0.5647387  0.5510109  0.5265711  0.5206034  0.5316215  0.5584801  0.5806977  0.5833704  0.5663760  0.5597999  0.5559523
 3  0.7528725  0.7096515  0.6625784  0.6322158  0.6272069  0.6295419  0.6341714  0.6351882  0.6241546  0.6062446  0.6251457  0.5633140  0.6406175  0.7143188  0.6946167  0.6734683  0.6820078  0.6779371  0.6630693  0.6633352  0.6630693  0.6718184  0.6918988  0.7029010  0.6957850  0.7004271  0.7057830
 4  0.4552588  0.4175536  0.3813923  0.3647273  0.3673908  0.3725146  0.3828506  0.3898139  0.4183693  0.4835430  0.4893703  0.4665125  0.5427252  0.5526986  0.5079476  0.4876574  0.4938407  0.4585095  0.4303002  0.4417758  0.4633463  0.5025228  0.5184598  0.4987971  0.4646382  0.4720007  0.4698551
 1  0.7288970  0.6851856  0.6328893  0.6001430  0.5746536  0.4845519  0.5748556  0.6457503  0.6324219  0.6144380  0.6071183  0.6204477  0.6660077  0.6622597  0.6544063  0.6734784  0.6795795  0.6765523  0.6764510  0.6734402  0.6524249  0.6423596  0.6678094  0.6671501  0.6622864  0.6845908  0.6787269
 2  0.5725989  0.5252925  0.4801196  0.4625174  0.4650751  0.4518870  0.5403486  0.5724743  0.5544363  0.5235235  0.5035339  0.5419491  0.5818173  0.5763547  0.5683931  0.5790892  0.5793917  0.5673625  0.5567698  0.5466381  0.5243131  0.5433586  0.5758546  0.5723661  0.5701518  0.5800488  0.5713099
 3  0.7521482  0.7109017  0.6571714  0.6198340  0.5916923  0.4979027  0.5836978  0.6694823  0.6574267  0.6357943  0.6253080  0.6338492  0.6861734  0.6857770  0.6738636  0.6932262  0.7011582  0.6962251  0.6948866  0.6926226  0.6709511  0.6580258  0.6879489  0.6897042  0.6808474  0.7047044  0.7001199
 4  0.4571183  0.4161795  0.3753974  0.3805156  0.4053741  0.4190983  0.5085584  0.5210440  0.4763480  0.4315461  0.4231613  0.4964223  0.5290982  0.4983472  0.4949511  0.5141959  0.4971424  0.4728035  0.4711677  0.4552935  0.4356076  0.4910716  0.5183350  0.4894474  0.4954084  0.5108081  0.4787415
 1  0.7299151  0.6847284  0.6370575  0.6084362  0.5997149  0.6320790  0.6369425  0.6367979  0.6445919  0.6516750  0.6549143  0.6596756  0.6945302  0.6967920  0.6834949  0.6796507  0.6691157  0.6650844  0.6638559  0.6530120  0.6659585  0.6710881  0.6616732  0.6522961  0.6414379  0.6334081  0.6513318
 2  0.5719803  0.5233381  0.4841774  0.4562155  0.4706772  0.5150843  0.5245790  0.5191588  0.5321007  0.5474270  0.5469082  0.5662957  0.5958010  0.5983687  0.5768467  0.5535959  0.5347409  0.5358587  0.5372203  0.5359021  0.5608017  0.5701095  0.5541368  0.5210900  0.4832757  0.4952845  0.5508728
 3  0.7527795  0.7104792  0.6613222  0.6291434  0.6152518  0.6481311  0.6562926  0.6541860  0.6614356  0.6705622  0.6751258  0.6760339  0.7144340  0.7196154  0.7045916  0.6983728  0.6867979  0.6826701  0.6830715  0.6708078  0.6832068  0.6926172  0.6831328  0.6712122  0.6583516  0.6474388  0.6691625
 4  0.4551191  0.4156233  0.3803877  0.3500156  0.4096608  0.4587469  0.4406096  0.4333154  0.4665245  0.4818161  0.4625887  0.5024761  0.5365082  0.5187732  0.4741858  0.4476370  0.4459123  0.4627368  0.4509608  0.4572739  0.5025035  0.4993381  0.4529516  0.3990778  0.3668374  0.4410605  0.5027143
 1  0.7309689  0.6872780  0.6391329  0.6093305  0.6035028  0.6116960  0.6414381  0.6495735  0.6589960  0.6543573  0.6680014  0.6773911  0.6751118  0.6729115  0.6733047  0.6761612  0.6733319  0.6832705  0.6947163  0.6837207  0.6714782  0.6716628  0.6731724  0.6831136  0.6647552  0.6677547  0.6594644
 2  0.5716721  0.5240787  0.4841112  0.4610467  0.4592466  0.4894232  0.5322227  0.5523553  0.5564140  0.5506143  0.5598633  0.5628161  0.5488212  0.5209191  0.5075435  0.5195637  0.5507606  0.5882378  0.6004608  0.5843605  0.5522218  0.5299829  0.5425178  0.5631033  0.5653976  0.5678098  0.5605179
 3  0.7536761  0.7129757  0.6634388  0.6295566  0.6207724  0.6265327  0.6577948  0.6686085  0.6789889  0.6739837  0.6860706  0.6970465  0.6946305  0.6899738  0.6885754  0.6923922  0.6903105  0.7022486  0.7178029  0.7065829  0.6911491  0.6885183  0.6892357  0.7024021  0.6846658  0.6884075  0.6809064
 4  0.4539400  0.4161248  0.3782329  0.3646824  0.3750014  0.4320336  0.4755809  0.4857393  0.4795041  0.4689467  0.4863463  0.4816599  0.4372359  0.3932356  0.4110796  0.4446070  0.4899692  0.5325078  0.5316394  0.4860654  0.4335593  0.4290259  0.4783192  0.4954674  0.4946802  0.4995451  0.4767299
 1  0.7301943  0.6870094  0.6447943  0.6174429  0.6058563  0.6050108  0.6184913  0.6070168  0.5938094  0.6204964  0.6309793  0.6417978  0.6287783  0.6433008  0.6377491  0.6267564  0.5796162  0.5365767  0.6884935  0.6382727  0.6513146  0.6352763  0.6160607  0.6486256  0.6455018  0.6503672  0.6515393
 2  0.5734017  0.5246388  0.4878770  0.4594505  0.4371313  0.4435926  0.4966978  0.5251418  0.5372549  0.5598145  0.5675762  0.5642230  0.5551146  0.5559664  0.5456088  0.5206920  0.4707497  0.5426639  0.6034521  0.5733009  0.5706604  0.5476045  0.5297585  0.5545225  0.5625661  0.5614532  0.5537865
 3  0.7529447  0.7122838  0.6685159  0.6379323  0.6235820  0.6193262  0.6326894  0.6261603  0.6101744  0.6394838  0.6519482  0.6649529  0.6499538  0.6630170  0.6587986  0.6466787  0.5988750  0.5260604  0.7158174  0.6616597  0.6737180  0.6595726  0.6329853  0.6663626  0.6660529  0.6706455  0.6732875
 4  0.4555068  0.4143987  0.3814863  0.3494033  0.3242038  0.3709714  0.4504241  0.4711433  0.4919236  0.5152320  0.5150681  0.5019432  0.4854247  0.4889341  0.4667087  0.4296504  0.3873209  0.5209102  0.5506525  0.5117697  0.5114084  0.4529278  0.4586816  0.4999047  0.4969367  0.4953596  0.4653497
 1  0.7279256  0.6825337  0.6421018  0.6187048  0.6172445  0.6302755  0.6339695  0.6369622  0.6540809  0.6682451  0.6600049  0.6502429  0.6437386  0.6580307  0.6635392  0.6559026  0.6445739  0.6390008  0.6581410  0.6728464  0.6834530  0.6902910  0.6948102  0.6929402  0.6899050  0.6904418  0.6918804
 2  0.5728958  0.5247955  0.4891307  0.4661563  0.4693554  0.4845150  0.4879253  0.4954233  0.5296462  0.5519272  0.5449070  0.5265522  0.5314858  0.5623490  0.5717784  0.5591172  0.5360577  0.5328903  0.5626620  0.5809015  0.5884063  0.5870222  0.5783651  0.5573907  0.5224784  0.4981287  0.5285780
 3  0.7515529  0.7087541  0.6662499  0.6387620  0.6338750  0.6464081  0.6506272  0.6525232  0.6696462  0.6869042  0.6798522  0.6687698  0.6602694  0.6759346  0.6850835  0.6772265  0.6643669  0.6562481  0.6753193  0.6935589  0.7044612  0.7103303  0.7148161  0.7116110  0.7061598  0.7050141  0.7059889
 4  0.4580642  0.4175484  0.3803955  0.3629684  0.3881410  0.4042175  0.3955814  0.4158185  0.4689914  0.4813733  0.4542210  0.4318265  0.4665916  0.5082469  0.5025803  0.4730327  0.4445214  0.4633586  0.5071610  0.5166618  0.5096259  0.5035180  0.4833131  0.4341524  0.3810619  0.3772309  0.4692471
 1  0.7294668  0.6874883  0.6461871  0.6220920  0.6084319  0.6118431  0.6534439  0.6394527  0.6224306  0.6382380  0.6654689  0.6581254  0.6627049  0.6623427  0.6615291  0.6735396  0.6602972  0.6491508  0.6461388  0.6511913  0.6583725  0.6537464  0.6576458  0.6536199  0.6448924  0.6375322  0.6462003
 2  0.5714501  0.5257168  0.4888158  0.4658987  0.4563390  0.5036812  0.5562603  0.5442668  0.5231165  0.5479977  0.5695962  0.5603121  0.5467202  0.5245072  0.5227260  0.5486575  0.5525877  0.5432596  0.5433143  0.5504161  0.5536991  0.5517922  0.5542191  0.5539026  0.5435094  0.5456323  0.5595230
 3  0.7524214  0.7130224  0.6699911  0.6419929  0.6255994  0.6251537  0.6717524  0.6624142  0.6413784  0.6542544  0.6861247  0.6793556  0.6821647  0.6804372  0.6766348  0.6913729  0.6806555  0.6686732  0.6655258  0.6694801  0.6783028  0.6728991  0.6763540  0.6738965  0.6648405  0.6557269  0.6654994
 4  0.4553545  0.4161760  0.3785329  0.3621747  0.3695109  0.4601203  0.5039212  0.4583003  0.4403570  0.4944776  0.5044180  0.4742333  0.4442589  0.4095780  0.4494391  0.4868027  0.4759473  0.4674105  0.4676069  0.4823620  0.4782839  0.4737816  0.4858521  0.4804409  0.4662358  0.4816584  0.5020835
