FL 2019 2020 2021 2022 2023 2024 2025 2026 2027 2028 2029 2030 2031 2032 2033 2034 2035 2036 2037 2038 2039 2040 2041 2042 2043 2044 2045
 1    4109.00    3843.84    3843.84    3954.26    3954.26    3329.63    3329.63    1776.85    1776.85    1983.37    1983.37    1067.22    1067.22    1735.73    1735.73    3111.11    3111.11    1378.61    1378.61     483.25     483.25     648.19     648.19    1087.09    1087.09    2954.95    2954.95
 2     783.00     732.16     732.16     753.19     753.19     634.22     634.22     338.45     338.45     377.78     377.78     203.28     203.28     330.62     330.62     592.59     592.59     262.59     262.59      92.05      92.05     123.46     123.46     207.06     207.06     562.85     562.85
 3    3537.00    4552.49    4553.09    4771.17    4771.17    4771.17    4771.17    2177.90    2177.90    2177.90    2177.90    2177.90    2177.90    2177.90    2177.90    2177.90    2177.90    2177.90    2177.90    2177.90    2177.90    2177.90    2177.90    2177.90    2177.90    2224.23    2108.27
 4    1379.00    1209.08     877.11     823.44     823.44     823.44     823.44     566.62     566.62     566.62     566.62     566.62     566.62     566.62     566.62     566.62     566.62     566.62     566.62     566.62     566.62     566.62     566.62     566.62     566.62     617.23     723.83
 1    4109.00    4333.10    4333.10    5920.99    5920.99    3596.21    3596.21    1507.04    1507.04     607.07     607.07     276.74     276.74     414.88     414.88     607.53     607.53     736.89     736.89    1681.68    1681.68    1382.30    1382.30     970.66     970.66    2442.59    2442.59
 2     783.00     825.35     825.35    1127.81    1127.81     684.99     684.99     287.06     287.06     115.63     115.63      52.71      52.71      79.02      79.02     115.72     115.72     140.36     140.36     320.32     320.32     263.30     263.30     184.89     184.89     465.26     465.26
 3    3537.00    4472.81    4798.68    3485.47    3485.47    3485.47    3485.47    3485.47    3485.47    3485.47    3485.47    3485.47    3485.47    3485.47    3485.47    3485.47    3485.47    3485.47    3485.47    3485.47    3485.47    3485.47    3485.47    1232.35    2431.91    3290.92    3298.35
 4    1379.00    1105.67     882.03     670.82     670.82     670.82     670.82     670.82     670.82     670.82     670.82     670.82     670.82     670.82     670.82     670.82     670.82     670.82     670.82     670.82     670.82     670.82     670.82     706.27     856.89     859.52     928.90
 1    4109.00    6003.69    6003.69    4407.02    4407.02    6542.84    6542.84    4200.50    4200.50    2960.96    2960.96    3275.12    3275.12    1419.26    1419.26    3283.90    3283.90    1748.21    1748.21    2058.21    2058.21    5099.56    5099.56    2607.07    2607.07    1775.00    1775.00
 2     783.00    1143.56    1143.56     839.43     839.43    1246.26    1246.26     800.10     800.10     563.99     563.99     623.83     623.83     270.34     270.34     625.50     625.50     332.99     332.99     392.04     392.04     971.34     971.34     496.58     496.58     338.10     338.10
 3    3537.00    4217.89    3913.72    3256.09    3851.54    3206.65    3733.49    3588.87    2868.88    2868.88    2868.88    2868.88    2868.88    2868.88    2868.88    2868.88    2868.88    2868.88    1847.77    2926.53    2995.53    2995.53    2995.53    2995.53    2995.53    2995.53    2995.53
 4    1379.00     987.93     834.25     870.53     917.58    1235.40     961.99     751.78     594.51     594.51     594.51     594.51     594.51     594.51     594.51     594.51     594.51     594.51     822.95     678.46     526.91     526.91     526.91     526.91     526.91     526.91     526.91
 1    4109.00    2238.85    2238.85    5533.37    5533.37    2928.62    2928.62    1722.34    1722.34    3613.76    3613.76    2940.17    2940.17    1965.35    1965.35    3702.93    3702.93    8867.63    8867.63    4440.74    4440.74     570.11     570.11     282.28     282.28    1611.92    1611.92
 2     783.00     426.45     426.45    1053.98    1053.98     557.83     557.83     328.06     328.06     688.34     688.34     560.03     560.03     374.35     374.35     705.32     705.32    1689.07    1689.07     845.86     845.86     108.59     108.59      53.77      53.77     307.03     307.03
 3    3537.00    4025.52    4656.73    4656.73    4656.73    1914.00    1957.31    5399.28    7576.36    6990.21    6360.47    4889.06    4173.79    3800.80    6396.60    8987.09    8457.88    8457.88    8457.88    8457.88    5477.70     990.44    2443.18    4297.62    2108.74    3015.50    2753.37
 4    1379.00    1042.59     840.94     840.94     840.94     768.02    1928.27    1848.72    1435.84    1212.63     938.12     683.79     841.75    1944.37    2137.84    1925.85    1321.53    1321.53    1321.53    1321.53    1321.53    1321.53    1321.53    1321.53     766.00     730.63     937.46
 1    4109.00    3750.98    3750.98    4168.16    4168.16    4830.67    4830.67   10176.01   10176.01   10488.79   10488.79    3989.37    3989.37    6729.49    6729.49    6567.79    6567.79    1895.12    1895.12     309.54     309.54    3644.72    3644.72    6534.53    6534.53    3336.10    3336.10
 2     783.00     714.47     714.47     793.94     793.94     920.13     920.13    1938.29    1938.29    1997.86    1997.86     759.88     759.88    1281.81    1281.81    1251.01    1251.01     360.98     360.98      58.96      58.96     694.23     694.23    1244.67    1244.67     635.45     635.45
 3    3537.00    4146.79    4679.30    3835.91    3435.70    2712.20    4343.61    5329.42    4470.37    3324.87    3547.79    5325.62    5678.23    4983.83    4983.83    4983.83    4983.83    4983.83    3022.46     976.22    2349.12    3285.14    2965.08    2726.13    2554.35    3727.18    3727.18
 4    1379.00    1058.71     934.90     678.11     819.59    1292.06    1423.22    1116.48    1013.72    1465.73    1806.47    1690.03    1203.15     867.68     867.68     867.68     867.68     867.68     867.68     732.47     821.57     768.23     693.12     874.38     972.83     858.16     858.16
 1    4109.00    6756.75    6756.75    7478.86    7478.86    5177.17    5177.17    3519.05    3519.05    2969.27    2969.27    1196.58    1196.58    2154.31    2154.31    2266.11    2266.11    1058.44    1058.44    2222.68    2222.68    5319.01    5319.01    3652.11    3652.11     206.98     206.98
 2     783.00    1287.00    1287.00    1424.54    1424.54     986.13     986.13     670.30     670.30     565.58     565.58     227.92     227.92     410.34     410.34     431.64     431.64     201.61     201.61     423.37     423.37    1013.14    1013.14     695.64     695.64      39.42      39.42
 3    3537.00    5074.23    4716.35    4330.67    3463.12    2884.71    3235.84    2866.46    2469.94    2627.30    2627.30    2627.30    2627.30    2627.30    2627.30    2627.30    2627.30    1257.42    2807.38    4184.51    4184.51    4184.51    4184.51    4184.51    4184.51    1594.64    2628.18
 4    1379.00    1278.24     933.00     992.37     847.19     866.45     759.93     704.54     653.09     616.31     616.31     616.31     616.31     616.31     616.31     616.31     616.31     966.89    1193.43     882.43     882.43     882.43     882.43     882.43     882.43     882.43     882.43
 1    4109.00    7114.34    7114.34    3400.78    3400.78    1884.50    1884.50    1708.94    1708.94    1538.92    1538.92    2416.72    2416.72    1803.19    1803.19    6307.22    6307.22    3710.32    3710.32    1987.52    1987.52    1840.15    1840.15    4618.15    4618.15    1700.16    1700.16
 2     783.00    1355.11    1355.11     647.77     647.77     358.95     358.95     325.51     325.51     293.13     293.13     460.33     460.33     343.46     343.46    1201.38    1201.38     706.73     706.73     378.58     378.58     350.50     350.50     879.65     879.65     323.84     323.84
 3    3537.00    4277.24    3840.75    3518.18    2899.43    2899.43    2899.43    2899.43    2899.43    2162.38    2162.38    2381.50    3164.81    3556.32    4310.23    4607.69    3520.82    2831.67    2569.89    2857.40    3351.68    4780.95    5437.55    5437.55    5437.55    5437.55    5437.55
 4    1379.00    1076.52     790.04     690.94     649.29     649.29     649.29     649.29     649.29     549.00     549.00     756.57    1054.96     939.64     881.97     940.24     612.03     561.65     797.30     898.90    1268.49    1133.53     843.92     843.92     843.92     843.92     843.92
 1    4109.00    1316.70    1316.70    1565.26    1565.26    3240.93    3240.93   11262.64   11262.64    3417.41    3417.41    3187.80    3187.80     615.85     615.85     264.73     264.73    2976.67    2976.67   10518.82   10518.82    6344.18    6344.18     874.57     874.57    1076.00    1076.00
 2     783.00     250.80     250.80     298.14     298.14     617.32     617.32    2145.26    2145.26     650.94     650.94     607.20     607.20     117.30     117.30      50.42      50.42     566.98     566.98    2003.58    2003.58    1208.42    1208.42     166.58     166.58     204.95     204.95
 3    3537.00    3639.81    4551.54    4119.07    3826.67    5461.81    6113.69    5120.73    3267.04    3267.04    3267.04    3267.04    3267.04    3267.04    2650.08    3267.04    1923.34    2663.02    5388.43    6284.98    3845.26    3845.26    3845.26    3845.26    3845.26    3845.26    2417.79
 4    1379.00     940.10     792.42     811.82    1453.61    1339.04     981.29     817.09     684.15     684.15     684.15     684.15     684.15     684.15     684.15     684.15     841.65    1616.65    1468.35     967.45     549.57     549.57     549.57     549.57     549.57     549.57     760.90
 1    4109.00    6966.96    6966.96    7740.35    7740.35    3644.72    3644.72     376.53     376.53     310.93     310.93     251.79     251.79     256.41     256.41     711.02     711.02    1443.29    1443.29    2574.26    2574.26    2289.21    2289.21    2578.88    2578.88    2264.26    2264.26
 2     783.00    1327.04    1327.04    1474.35    1474.35     694.23     694.23      71.72      71.72      59.22      59.22      47.96      47.96      48.84      48.84     135.43     135.43     274.91     274.91     490.34     490.34     436.04     436.04     491.22     491.22     431.29     431.29
 3    3537.00    4308.02    3859.20    3542.61    3542.61    3542.61    3542.61    3542.61    3542.61    3542.61    3542.61    3414.88    3542.61    3542.61    3542.61    2076.85    2350.93    3268.51    3687.96    3413.00    3098.97    2986.70    2845.03    3410.86    3934.67    3838.18    4132.50
 4    1379.00    1089.05     779.35     708.57     708.57     708.57     708.57     708.57     708.57     708.57     708.57     708.57     708.57     708.57     708.57     654.05     855.18     776.01     633.71     676.23     689.25     719.93     764.69     889.46     875.61     913.90     975.80
 1    4109.00    6473.08    6473.08    4634.78    4634.78    1502.42    1502.42     539.15     539.15      67.45      67.45     269.81     269.81     254.10     254.10     453.68     453.68     434.74     434.74     355.28     355.28    2316.01    2316.01    1658.58    1658.58    1951.03    1951.03
 2     783.00    1232.97    1232.97     882.82     882.82     286.18     286.18     102.70     102.70      12.85      12.85      51.39      51.39      48.40      48.40      86.42      86.42      82.81      82.81      67.67      67.67     441.14     441.14     315.92     315.92     371.62     371.62
 3    3537.00    4303.78    3963.15    3963.15    3963.15    3963.15    3963.15    3963.15    2008.99    2741.10    3775.74    3963.15    3797.75    3300.25    3963.15    3963.15    3963.15    3963.15    3963.15    3963.15    3963.15    3963.15    3963.15    3963.15    1463.71    2631.83    3486.26
 4    1379.00     985.25     782.35     782.35     782.35     782.35     782.35     782.35     782.35     782.35     782.35     782.35     782.35     782.35     782.35     782.35     782.35     782.35     782.35     782.35     782.35     782.35     782.35     782.35     852.41     837.56     677.02
 1    4109.00    3332.41    3332.41    3573.57    3573.57    3622.08    3622.08    2895.82    2895.82     982.21     982.21     577.96     577.96    1424.81    1424.81    1724.65    1724.65    1486.72    1486.72     714.71     714.71    2592.74    2592.74    3735.73    3735.73    4930.00    4930.00
 2     783.00     634.74     634.74     680.68     680.68     689.92     689.92     551.58     551.58     187.09     187.09     110.09     110.09     271.39     271.39     328.50     328.50     283.18     283.18     136.14     136.14     493.86     493.86     711.57     711.57     939.05     939.05
 3    3537.00    4591.57    4488.62    3870.23    3289.89    3289.89    3289.89    3289.89    3289.89    3289.89    3289.89    3289.89    3289.89    3289.89    3289.89    3289.89    3289.89    3289.89    3289.89    3289.89    2450.61    2956.26    3192.13    3167.61    3167.61    3167.61    3167.61
 4    1379.00    1092.06     903.44     732.45     709.19     709.19     709.19     709.19     709.19     709.19     709.19     709.19     709.19     709.19     709.19     709.19     709.19     709.19     709.19     709.19     813.56     887.39     708.75     620.77     620.77     620.77     620.77
 1    4109.00    4957.72    4957.72    5530.14    5530.14    3480.25    3480.25    1047.35    1047.35     738.74     738.74     740.12     740.12    1713.56    1713.56    3352.73    3352.73    3772.69    3772.69    2523.91    2523.91    3680.75    3680.75    3672.44    3672.44    1315.78    1315.78
 2     783.00     944.33     944.33    1053.36    1053.36     662.90     662.90     199.50     199.50     140.71     140.71     140.98     140.98     326.39     326.39     638.62     638.62     718.61     718.61     480.74     480.74     701.10     701.10     699.51     699.51     250.62     250.62
 3    3537.00    4335.28    4249.35    4249.35    4249.35    4249.35    4249.35    4249.35    4249.35    4249.35    4249.35    4249.35    2183.27    2731.31    2635.66    3428.34    2838.40    2714.87    2691.69    3494.41    3494.41    3494.41    3494.41    3494.41    3494.41    3494.41    3494.41
 4    1379.00    1179.67     845.29     845.29     845.29     845.29     845.29     845.29     845.29     845.29     845.29     845.29     684.32     702.68     751.92     687.79     543.38     878.41    1050.46     804.45     804.45     804.45     804.45     804.45     804.45     804.45     804.45
 1    4109.00    6219.44    6219.44    3446.52    3446.52    1922.38    1922.38     965.12     965.12    2319.70    2319.70    4695.31    4695.31    3170.71    3170.71    1178.56    1178.56    7037.65    7037.65    2972.97    2972.97    5068.14    5068.14    9129.58    9129.58    7319.47    7319.47
 2     783.00    1184.66    1184.66     656.48     656.48     366.17     366.17     183.83     183.83     441.85     441.85     894.34     894.34     603.94     603.94     224.49     224.49    1340.50    1340.50     566.28     566.28     965.36     965.36    1738.97    1738.97    1394.18    1394.18
 3    3537.00    4675.30    3964.49    3415.28    2732.24    2711.29    2711.29    2755.45    2681.97    3414.21    3414.21    3414.21    3414.21    3414.21    1017.77    3029.81    3682.94    4251.94    3016.13    4422.92    5418.71    4754.12    4134.05    4295.12    4190.45    3235.09    2203.67
 4    1379.00    1151.96     780.53     678.55     690.49     648.70     648.70     567.93     842.69     784.28     784.28     784.28     784.28     784.28    1136.24    1076.78     809.40     924.16    1554.91    1421.05    1108.50     902.76    1047.85    1036.23     934.21     731.48     668.61
 1    4109.00    5534.76    5534.76    8408.40    8408.40    6412.10    6412.10   13168.85   13168.85    5775.92    2534.90     224.53     224.53    5805.49    5805.49    6097.01    6097.01    3155.92    3155.92    4209.74    4209.74    7016.86    7016.86    3304.69    3304.69     690.23     690.23
 2     783.00    1054.24    1054.24    1601.60    1601.60    1221.35    1221.35    2508.35    2508.35    1100.18    1100.18      42.77      42.77    1105.81    1105.81    1161.34    1161.34     601.13     601.13     801.86     801.86    1336.54    1336.54     629.46     629.46     131.47     131.47
 3    3537.00    4104.25    4151.50    3131.45    3512.71    3376.38    5752.05    7008.52    7008.52    7008.52    2176.09     305.73    3733.15    6267.71    4757.55    4938.20    4245.38    3524.90    5267.71    6389.74    4754.95    4754.95    4754.95    4754.95    4754.95    3268.63    4754.95
 4    1379.00    1042.91    1002.96     949.29    1267.05    2041.50    1788.14    1137.87    1137.87    1137.87    1137.87    1409.43    1587.90    1450.04    1212.58     994.89     947.45    1339.41    1512.08    1231.14     850.22     850.22     850.22     850.22     850.22     850.22     850.22
 1    4109.00    6871.79    6871.79    6303.53    6303.53    3422.03    3422.03    2665.74    2665.74    4086.39    4086.39    2404.25    2404.25    3338.87    3338.87    2163.08    2163.08    3241.39    3241.39    4714.25    4714.25    1644.26    1644.26     531.30     531.30     889.81     889.81
 2     783.00    1308.91    1308.91    1200.67    1200.67     651.82     651.82     507.76     507.76     778.36     778.36     457.95     457.95     635.98     635.98     412.02     412.02     617.41     617.41     897.95     897.95     313.19     313.19     101.20     101.20     169.49     169.49
 3    3537.00    5526.11    4931.75    4557.53    3608.16    3624.18    3941.90    3570.82    3535.84    3211.70    3811.16    3836.40    3594.33    4042.79    3879.49    2574.54    2648.10    3359.78    3409.02    3409.02    3409.02    3409.02    3409.02    3409.02    3409.02    1771.27    3816.03
 4    1379.00    1304.92    1050.25    1046.70    1053.15     839.27     802.28     791.89     838.36     874.59     937.60     777.17     835.72     742.29     587.15     577.93     776.84     791.96     584.06     584.06     584.06     584.06     584.06     584.06     584.06    1201.74    1578.56
 1    4109.00    5377.68    5377.68    3911.75    3911.75    7111.57    7111.57    6745.66    6745.66    2299.37    2299.37     406.56     406.56     238.39     238.39     220.84     220.84     436.13     436.13     547.01     547.01     981.29     981.29    1345.34    1345.34    2019.86    2019.86
 2     783.00    1024.32    1024.32     745.10     745.10    1354.58    1354.58    1284.89    1284.89     437.98     437.98      77.44      77.44      45.41      45.41      42.06      42.06      83.07      83.07     104.19     104.19     186.91     186.91     256.26     256.26     384.74     384.74
 3    3537.00    5015.78    5381.59    4023.32    4134.83    4453.76    3683.74    3683.74    3683.74    3683.74    3683.74    2837.14    3317.13    2568.16    2943.27    3683.74    3683.74    3683.74    3683.74    3683.74    3683.74    3683.74    3683.74    3683.74    3683.74    3683.74    3683.74
 4    1379.00    1144.10    1183.28    1072.05     996.02     821.38     668.60     668.60     668.60     668.60     668.60     668.60     668.60     668.60     668.60     668.60     668.60     668.60     668.60     668.60     668.60     668.60     668.60     668.60     668.60     668.60     668.60
 1    4109.00    7600.36    7600.36    4075.76    4075.76    4428.27    4428.27    3111.57    3111.57    4280.89    4280.89    4127.97    4127.97    3702.93    3702.93    2808.96    2808.96    2488.33    2488.33    3810.58    3810.58    5366.59    5366.59    2276.27    2276.27    5299.60    5299.60
 2     783.00    1447.69    1447.69     776.34     776.34     843.48     843.48     592.68     592.68     815.41     815.41     786.28     786.28     705.32     705.32     535.04     535.04     473.97     473.97     725.82     725.82    1022.21    1022.21     433.58     433.58    1009.45    1009.45
 3    3537.00    4881.22    4797.03    3550.56    3805.30    3666.33    4589.54    4186.51    5734.99    6316.60    5964.11    4862.28    4248.99    4116.25    4116.25    4116.25    4116.25    2137.57    2593.44    2561.98    3067.73    2760.54    2137.14    2315.53    4444.42    4697.81    3146.62
 4    1379.00    1153.28     993.89     926.78     996.18    1246.62    1276.75    1366.36    1442.98    1054.70    1091.65     918.42     684.90     560.08     560.08     560.08     560.08     641.04     757.51     823.20     710.41     525.85     829.37    1156.94    1114.76     777.20     554.09
 1    4109.00    4343.26    4343.26    5408.17    5408.17    3411.87    3411.87    3067.22    3067.22     967.89     967.89     315.08     315.08     663.89     663.89     884.27     884.27     957.73     957.73    1279.74    1279.74     500.81     500.81     610.76     610.76    1668.28    1668.28
 2     783.00     827.29     827.29    1030.13    1030.13     649.88     649.88     584.23     584.23     184.36     184.36      60.02      60.02     126.46     126.46     168.43     168.43     182.42     182.42     243.76     243.76      95.39      95.39     116.34     116.34     317.77     317.77
 3    3537.00    5517.23    4959.98    4836.58    4109.17    4109.17    4109.17    4109.17    4109.17    4109.17    3402.17    3521.18    4109.17    4109.17    4109.17    4109.17    4109.17    4109.17    4109.17    4109.17    4109.17    4109.17    4109.17    1748.60    1748.60    3333.01    2674.06
 4    1379.00    1335.08     950.51     856.59     785.86     785.86     785.86     785.86     785.86     785.86     785.86     785.86     785.86     785.86     785.86     785.86     785.86     785.86     785.86     785.86     785.86     785.86     785.86     769.17     769.17     581.17     784.35
 1    4109.00    4992.83    4992.83   12295.21   12295.21    4675.90    4675.90    5555.09    5555.09    1469.16    1469.16     934.63     934.63    1440.98    1440.98    1434.97    1434.97    2778.01    2778.01    2071.61    2071.61    2695.77    2695.77    2096.56    2096.56    2934.62    2934.62
 2     783.00     951.02     951.02    2341.94    2341.94     890.65     890.65    1058.11    1058.11     279.84     279.84     178.02     178.02     274.47     274.47     273.33     273.33     529.14     529.14     394.59     394.59     513.48     513.48     399.34     399.34     558.98     558.98
 3    3537.00    4604.56    5086.78    4089.60    3332.12    3062.67    2739.70    2739.70    2739.70    2739.70    2739.70    2739.70    2739.70    2739.70    2198.86    2562.63    3067.50    3698.03    3876.54    3140.52    3202.77    2996.33    3068.67    3545.22    3333.18    3774.93    3774.93
 4    1379.00    1127.05     973.35    1102.41    1026.24     846.49     599.14     599.14     599.14     599.14     599.14     599.14     599.14     599.14     810.94     830.85     805.08     820.10     818.53     690.24     676.78     645.56     825.91     885.65     690.72     671.07     671.07
 1    4109.00    5086.62    5086.62    6318.31    6318.31    3318.55    3318.55    2096.09    2096.09     412.10     412.10     404.25     404.25     819.59     819.59    1828.13    1828.13    4585.81    4585.81    1426.19    1426.19    6010.16    6010.16    6988.67    6988.67    4841.30    4841.30
 2     783.00     968.88     968.88    1203.49    1203.49     632.10     632.10     399.26     399.26      78.50      78.50      77.00      77.00     156.11     156.11     348.22     348.22     873.49     873.49     271.66     271.66    1144.79    1144.79    1331.18    1331.18     922.15     922.15
 3    3537.00    4471.04    4525.89    4212.16    3125.16    3125.16    3125.16    3125.16    3125.16    3125.16    3125.16    3125.16    3125.16    3125.16    3125.16    3125.16    3125.16    3125.16    3125.16    3125.16    1891.86    3413.69    4594.60    4093.24    3306.57    2855.60    2831.26
 4    1379.00    1040.39     874.05     733.69     662.59     662.59     662.59     662.59     662.59     662.59     662.59     662.59     662.59     662.59     662.59     662.59     662.59     662.59     662.59     662.59    1102.65    1341.77    1249.67     810.49     745.76     672.66     668.82
 1    4109.00    3825.82    3825.82    3777.77    3777.77    4133.98    4133.98    6460.15    6460.15    2845.00    2845.00    1706.63    1706.63    1095.40    1095.40    1011.78    1011.78    4678.21    4678.21    7890.04    7890.04    3570.80    3570.80    2973.89    2973.89    2830.21    2830.21
 2     783.00     728.73     728.73     719.58     719.58     787.42     787.42    1230.50    1230.50     541.90     541.90     325.07     325.07     208.65     208.65     192.72     192.72     891.09     891.09    1502.86    1502.86     680.15     680.15     566.46     566.46     539.09     539.09
 3    3537.00    4973.84    4861.45    4217.02    7707.05   10093.46    8776.04    6475.10    6475.10    6475.10    6475.10    6475.10    6475.10    6475.10    6475.10    1125.33    2998.70    4944.89    4334.85    4671.26    4720.00    3655.21    2568.17    2774.81    3389.93    2612.30    2902.41
 4    1379.00    1239.72    1472.14    2840.81    2437.74    1586.33     999.76     797.48     797.48     797.48     797.48     797.48     797.48     797.48     797.48     991.03    1231.76    1162.08    1377.49    1303.58     790.75     627.43     717.02     748.01     838.38     626.77     730.73
 1    4109.00    3961.65    3961.65    3529.68    3529.68    2009.70    2009.70    2391.77    2391.77     378.38     378.38     541.00     541.00     250.87     250.87     364.98     364.98     622.78     622.78    2498.50    2498.50    3033.03    3033.03    1381.38    1381.38    1011.32    1011.32
 2     783.00     754.60     754.60     672.32     672.32     382.80     382.80     455.58     455.58      72.07      72.07     103.05     103.05      47.78      47.78      69.52      69.52     118.62     118.62     475.90     475.90     577.72     577.72     263.12     263.12     192.63     192.63
 3    3537.00    4136.74    4575.10    4034.66    4034.66    4034.66    4034.66    4034.66    4034.66    4034.66    4034.66    4034.66    3657.82    2102.65    3603.70    4034.66    4034.66    4034.66    1998.42    2835.66    2817.73    2864.16    2864.16    2864.16    2864.16    2864.16    2864.16
 4    1379.00     987.73     816.85     705.65     705.65     705.65     705.65     705.65     705.65     705.65     705.65     705.65     705.65     705.65     705.65     705.65     705.65     705.65     728.71     696.78     641.68     573.17     573.17     573.17     573.17     573.17     573.17
 1    4109.00    3854.93    3854.93    7833.67    7833.67    9287.59    7145.29    1790.71    1790.71    1089.40    1089.40    3626.24    3626.24    3962.11    3962.11    6628.78    6628.78     895.36     895.36     534.07     534.07     321.55     321.55    3000.69    3000.69    4250.86    4250.86
 2     783.00     734.27     734.27    1492.13    1492.13    1769.06    1769.06     341.09     341.09     207.50     207.50     690.71     690.71     754.69     754.69    1262.62    1262.62     170.54     170.54     101.73     101.73      61.25      61.25     571.56     571.56     809.69     809.69
 3    3537.00    4013.48    3900.17    3449.64    3449.64    3449.64    3449.64    2172.87    3449.64    3449.64    3449.64    3449.64    1842.69    2729.36    2638.65    2638.65    2638.65    2638.65    2638.65    2638.65    2638.65    2638.65    2182.02    3579.63    3773.36    3552.96    4184.06
 4    1379.00     948.64     782.98     645.99     645.99     645.99     645.99     645.99     645.99     645.99     645.99     645.99     863.56     689.54     550.79     550.79     550.79     550.79     550.79     550.79     550.79     550.79     945.75     855.01     815.53    1083.71     929.55
 1    4109.00    4498.49    4498.49    3683.06    3683.06    2808.04    2808.04    1448.83    1448.83    2408.41    2408.41    4063.75    4063.75    4692.07    4692.07    2746.13    2746.13    2198.66    2198.66    5108.80    5108.80    3805.03    3805.03     898.59     898.59     245.32     245.32
 2     783.00     856.86     856.86     701.54     701.54     534.86     534.86     275.97     275.97     458.74     458.74     774.05     774.05     893.73     893.73     523.07     523.07     418.79     418.79     973.10     973.10     724.77     724.77     171.16     171.16      46.73      46.73
 3    3537.00    4213.02    3943.85    3846.51    3846.51    3846.51    3846.51    2564.95    2701.85    3253.09    3438.65    4512.36    4551.40    4045.31    3469.27    3469.27    2325.33    2742.36    3451.33    3985.67    3985.67    3985.67    3985.67    3985.67    3799.77    3490.03    3985.67
 4    1379.00     991.45     832.93     699.13     699.13     699.13     699.13     878.89     684.25     827.23    1128.14    1141.50     793.00     567.90     614.31     614.31     703.80    1059.34     899.34     606.45     606.45     606.45     606.45     606.45     606.45     606.45     606.45
 1    4109.00    4145.99    4145.99    5152.22    5152.22    3920.53    3920.53    1887.73    1887.73     653.27     653.27    3255.25    3255.25    3168.86    3168.86    2732.27    2732.27    1703.39    1703.39    1276.51    1276.51    1997.69    1997.69    1397.55    1397.55     565.03     565.03
 2     783.00     789.71     789.71     981.38     981.38     746.77     746.77     359.57     359.57     124.43     124.43     620.05     620.05     603.59     603.59     520.43     520.43     324.46     324.46     243.14     243.14     380.51     380.51     266.20     266.20     107.62     107.62
 3    3537.00    5241.34    5176.44    3840.21    3840.21    3840.21    3840.21    3840.21     642.87    2734.15    4729.85    4393.82    3189.44    3189.44    3189.44    3189.44    3189.44    3189.44    3189.44    3189.44    3189.44    3189.44    3189.44    3189.44    1355.01    1638.91    6380.35
 4    1379.00    1088.43     928.95     645.79     645.79     645.79     645.79     645.79     999.77    1158.65     875.19     676.44     563.61     563.61     563.61     563.61     563.61     563.61     563.61     563.61     563.61     563.61     563.61     563.61     758.31    2314.61    2486.51
 1    4109.00    3186.41    3186.41    3436.36    3436.36    5234.00    5234.00    2126.12    2126.12    1597.13    1597.13     969.74     969.74    1017.32    1017.32     340.96     340.96     439.82     439.82    1139.75    1139.75    2215.29    2215.29    2742.89    2742.89    1154.08    1154.08
 2     783.00     606.94     606.94     654.54     654.54     996.95     996.95     404.98     404.98     304.22     304.22     184.71     184.71     193.78     193.78      64.94      64.94      83.78      83.78     217.10     217.10     421.96     421.96     522.46     522.46     219.82     219.82
 3    3537.00    5070.51    4531.27    3745.92    3969.42    3603.42    3603.42    3603.42    3603.42    3603.42    3603.42    3603.42    3603.42    3603.42    3603.42    3603.42    3603.42    3603.42    2215.71    2959.00    3221.39    3605.72    3204.66    3204.66    3204.66    3204.66    3204.66
 4    1379.00    1056.22     947.42     924.15     794.42     618.31     618.31     618.31     618.31     618.31     618.31     618.31     618.31     618.31     618.31     618.31     618.31     618.31     668.86     696.88     801.44     804.73     706.51     706.51     706.51     706.51     706.51
 1    4109.00    3413.72    3413.72    4736.42    4736.42    4007.39    4007.39    1458.07    1458.07    1557.86    1557.86     898.59     898.59     350.66     350.66     503.12     503.12    1214.60    1214.60    3236.31    3236.31    1156.39    1156.39    3060.75    3060.75    4924.00    4924.00
 2     783.00     650.23     650.23     902.18     902.18     763.31     763.31     277.73     277.73     296.74     296.74     171.16     171.16      66.79      66.79      95.83      95.83     231.35     231.35     616.44     616.44     220.26     220.26     583.00     583.00     937.90     937.90
 3    3537.00    4144.84    4538.43    4267.04    3168.86    2776.47    2776.47    2776.47    2776.47    2776.47    2776.47    2776.47    2776.47    2776.47    2776.47    2776.47    1944.60    2891.39    3855.99    3729.74    2977.07    3556.32    4643.32    4846.28    5475.48    5688.89    5501.77
 4    1379.00    1135.77     904.84     701.43     563.47     567.88     567.88     567.88     567.88     567.88     567.88     567.88     567.88     567.88     567.88     567.88     725.95     977.35     868.33     751.96     943.84    1073.51    1116.44    1375.12    1278.47    1200.75     853.82
 1    4109.00    4673.13    4673.13    4083.62    4083.62    4111.80    4111.80    2832.06    2832.06    2472.16    2472.16    3784.24    3784.24    2364.52    2364.52    2466.16    2466.16    3908.98    3908.98    3238.16    3238.16    1769.00    1769.00    6166.31    6166.31    5977.36    5977.36
 2     783.00     890.12     890.12     777.83     777.83     783.20     783.20     539.44     539.44     470.89     470.89     720.81     720.81     450.38     450.38     469.74     469.74     744.57     744.57     616.79     616.79     336.95     336.95    1174.54    1174.54    1138.54    1138.54
 3    3537.00    4774.61    4668.30    3571.29    3998.79    3583.54    3446.88    4763.47    4141.91    3757.57    3249.11    3545.93    3545.93    3545.93    2135.66    3276.12    2502.01    3901.74    4091.31    4105.91    3976.70    6196.69    7859.11    6924.39    5221.86    3475.86    2631.08
 4    1379.00    1196.25     936.51     868.56     949.13    1118.37     955.30     944.88     755.72     702.81     676.41     596.92     596.92     596.92     682.21     885.45    1019.90    1021.91     973.22    1014.78    1969.40    1985.97    1430.83     908.83     622.34     571.77     667.83
 1    4109.00    3951.49    3951.49    6986.83    6986.83    4265.65    4265.65    1366.13    1366.13     131.21     131.21     410.26     410.26     952.64     952.64     461.08     461.08     234.23     234.23      42.50      42.50     777.08     777.08    2138.60    2138.60    2447.21    2447.21
 2     783.00     752.66     752.66    1330.82    1330.82     812.50     812.50     260.22     260.22      24.99      24.99      78.14      78.14     181.46     181.46      87.82      87.82      44.62      44.62       8.10       8.10     148.02     148.02     407.35     407.35     466.14     466.14
 3    3537.00    4793.83    4379.07    4484.35    4484.35    4484.35    4484.35    4484.35    3442.41    2856.14    3723.03    4484.35    4484.35    4484.35    4484.35    4369.04    2890.72    2504.69    1474.97    1901.98    4484.35    1846.72    2630.36    4010.81    4351.41    4766.37    4577.97
 4    1379.00    1107.02     908.14     915.40     915.40     915.40     915.40     915.40     915.40     915.40     915.40     915.40     915.40     915.40     915.40     915.40     915.40     915.40     915.40     915.40     915.40     780.49    1011.45    1122.92    1046.68     857.47     565.47
 1    4109.00    5286.67    5286.67    4242.55    4242.55    5905.28    5905.28    3438.20    3438.20     861.63     861.63    2603.83    2603.83    7524.13    7524.13    5752.36    5752.36    1685.84    1685.84    2129.36    2129.36    3549.08    3549.08     789.56     789.56    1682.60    1682.60
 2     783.00    1006.98    1006.98     808.10     808.10    1124.82    1124.82     654.90     654.90     164.12     164.12     495.97     495.97    1433.17    1433.17    1095.69    1095.69     321.11     321.11     405.59     405.59     676.02     676.02     150.39     150.39     320.50     320.50
 3    3537.00    5442.61    4853.64    4303.30    4612.39    4417.92    4417.92    4417.92    4417.92    1715.96    3519.90    5130.11    5604.91    5539.18    4272.79    3187.90    3127.71    3127.71    3127.71    3127.71    3127.71    3127.71    3127.71    3127.71    3127.71    2051.56    2857.67
 4    1379.00    1221.07    1026.15     993.31    1012.01     729.57     729.57     729.57     729.57    1154.99    1423.67    1344.08    1167.96     956.36     872.82     669.32     558.39     558.39     558.39     558.39     558.39     558.39     558.39     558.39     558.39     815.70     637.03
 1    4109.00    5287.59    5287.59    5964.88    5964.88    3347.65    3347.65    3578.65    3578.65    2139.06    2139.06     788.63     788.63    1287.59    1287.59    2858.86    2858.86    4007.39    4007.39    4369.13    4369.13    3209.51    3209.51    1634.56    1634.56    2239.31    2239.31
 2     783.00    1007.16    1007.16    1136.17    1136.17     637.65     637.65     681.65     681.65     407.44     407.44     150.22     150.22     245.26     245.26     544.54     544.54     763.31     763.31     832.22     832.22     611.34     611.34     311.34     311.34     426.54     426.54
 3    3537.00    5053.57    4786.39    4006.71    3488.86    2804.55    2804.55    2804.55    2804.55    2804.55    2804.55    2804.55    2804.55    2624.24    3120.66    3553.34    3988.90    4202.58    3623.56    3623.56    3623.56    2306.17    2256.70    2230.43    3760.29    3780.32    5055.10
 4    1379.00    1181.47     980.27     810.72     725.66     581.31     581.31     581.31     581.31     581.31     581.31     581.31     581.31     803.89     870.98     996.04     956.48     821.76     536.40     536.40     536.40     518.49     580.54     914.53    1035.49     992.43    1277.33
 1    4109.00    5316.23    5316.23    2981.75    2981.75    2679.60    2679.60    1437.74    1437.74     393.16     393.16     447.68     447.68     558.56     558.56     413.49     413.49    1816.12    1816.12    3322.70    3322.70    2203.28    2203.28    3546.31    3546.31    3377.22    3377.22
 2     783.00    1012.62    1012.62     567.95     567.95     510.40     510.40     273.86     273.86      74.89      74.89      85.27      85.27     106.39     106.39      78.76      78.76     345.93     345.93     632.90     632.90     419.67     419.67     675.49     675.49     643.28     643.28
 3    3537.00    5267.28    4989.41    4539.20    4539.20    4539.20    4539.20    4539.20    4539.20    4539.20    4539.20    4539.20    4539.20    4539.20    4539.20    1035.82    3482.70    6406.98    5457.53    5457.77    4326.02    4328.94    3647.46    3163.05    3809.73    3618.15    3618.15
 4    1379.00    1267.66     915.05     727.79     727.79     727.79     727.79     727.79     727.79     727.79     727.79     727.79     727.79     727.79     727.79    1310.02    1542.13    1187.76    1017.04    1062.16     686.46     652.63     663.36     957.53     884.51     593.99     593.99
 1    4109.00   12784.00   12784.00    6935.08    6935.08    6993.29    6993.29    6109.03    6109.03    3888.19    3888.19    3889.58    3889.58    3367.52    3367.52    1872.95    1872.95    3082.00    3082.00    8870.40    8870.40    4962.34    4962.34    3236.31    3236.31    1613.30    1613.30
 2     783.00    2435.05    2435.05    1320.97    1320.97    1332.06    1332.06    1163.62    1163.62     740.61     740.61     740.87     740.87     641.43     641.43     356.75     356.75     587.05     587.05    1689.60    1689.60     945.21     945.21     616.44     616.44     307.30     307.30
 3    3537.00    5199.59    3872.38    2529.75    3326.05    4044.67    3815.10    4345.27    4003.68    3586.97    2951.89    2722.84    3106.04    2975.29    2963.21    2814.60    2690.14    4669.44    4976.13    5457.79    3884.79    3618.19    3403.76    3403.76    3403.76    3403.76    3403.76
 4    1379.00    1344.49     990.88    1242.53    1298.94    1142.56    1470.36    1214.53     778.99     624.35     676.95     661.03     673.91     826.86     642.65     813.77    1274.44    1295.56    1130.28    1202.18     968.50     688.52     572.89     572.89     572.89     572.89     572.89
 1    4109.00    2531.76    2531.76    3423.42    3423.42    3700.62    3700.62    4496.65    4496.65    4419.49    4419.49    5963.03    5963.03    2532.22    2532.22     900.90     900.90     811.73     811.73    1028.87    1028.87    2107.64    2107.64    2556.71    2556.71    2921.23    2921.23
 2     783.00     482.24     482.24     652.08     652.08     704.88     704.88     856.50     856.50     841.81     841.81    1135.82    1135.82     482.33     482.33     171.60     171.60     154.62     154.62     195.98     195.98     401.46     401.46     486.99     486.99     556.42     556.42
 3    3537.00    4769.03    4916.03    4243.79    3919.41    5235.09    5658.13    4748.35    3822.33    3293.04    3293.04    3293.04    3293.04    3293.04    3293.04    3293.04    3293.04    1842.41    2864.76    2864.76    2864.76    2864.76    2864.76    2825.91    2749.01    4649.40    5438.99
 4    1379.00    1179.91     906.29     836.26    1250.97    1295.68    1025.08     747.18     667.56     557.82     557.82     557.82     557.82     557.82     557.82     557.82     557.82     710.26     804.79     804.79     804.79     804.79     804.79     765.60    1409.43    1433.51     988.79
 1    4109.00    1437.74    1437.74    3935.32    3935.32    3051.97    3051.97    2593.21    2593.21    1364.29    1364.29     779.39     779.39     806.65     806.65     739.20     739.20    4452.76    4452.76    4738.27    4738.27    3246.94    3246.94    3303.30    3303.30    3116.65    3116.65
 2     783.00     273.86     273.86     749.58     749.58     581.33     581.33     493.94     493.94     259.86     259.86     148.46     148.46     153.65     153.65     140.80     140.80     848.14     848.14     902.53     902.53     618.46     618.46     629.20     629.20     593.65     593.65
 3    3537.00    4685.19    5388.70    4766.11    4200.28    4922.30    4922.30    3510.88    3510.88    3510.88    3510.88    3510.88    3510.88    3510.88    1688.74    2740.92    4455.16    4688.30    4607.95    4579.07    3729.72    3230.34    3230.34    3230.34    3230.34    3230.34    3230.34
 4    1379.00    1090.75    1068.68    1091.55    1111.24     926.24     926.24     497.13     497.13     497.13     497.13     497.13     497.13     497.13     851.01     979.76    1073.16    1208.99     999.84     871.44     607.65     528.71     528.71     528.71     528.71     528.71     528.71
 1    4109.00    3859.09    3859.09    3774.54    3774.54    3153.15    3153.15    3584.66    3584.66    3106.95    3106.95    3569.41    3569.41    1241.86    1241.86    3730.65    3730.65    5106.49    5106.49    5694.61    5694.61    2275.81    2275.81    1822.59    1822.59     961.88     961.88
 2     783.00     735.06     735.06     718.96     718.96     600.60     600.60     682.79     682.79     591.80     591.80     679.89     679.89     236.54     236.54     710.60     710.60     972.66     972.66    1084.69    1084.69     433.49     433.49     347.16     347.16     183.22     183.22
 3    3537.00    5162.74    5578.17    4398.35    4254.40    3552.30    3010.20    3066.32    3170.88    3170.88    3170.88    3170.88    3170.88    2319.62    3332.72    3096.76    2580.81    2724.37    2828.49    3120.85    3120.85    3120.85    3120.85    3120.85    3120.85    3120.85    3120.85
 4    1379.00    1164.49    1013.05     766.79     763.38     720.33     709.51     785.54     661.17     661.17     661.17     661.17     661.17     821.47     678.64     623.02     784.98     776.33     734.27     670.52     670.52     670.52     670.52     670.52     670.52     670.52     670.52
 1    4109.00    7171.63    7171.63    4496.65    4496.65    3995.84    3995.84    4105.79    4105.79    2331.71    2331.71    1770.85    1770.85    5489.48    5489.48    3448.37    3448.37    2181.56    2181.56    1137.91    1137.91    1210.44    1210.44    1125.89    1125.89     919.84     919.84
 2     783.00    1366.02    1366.02     856.50     856.50     761.11     761.11     782.06     782.06     444.14     444.14     337.30     337.30    1045.62    1045.62     656.83     656.83     415.54     415.54     216.74     216.74     230.56     230.56     214.46     214.46     175.21     175.21
 3    3537.00    4426.84    4238.10    3307.75    3512.05    3148.59    3148.59    3148.59    3148.59    1187.85    2842.53    4134.37    4343.98    3994.71    2977.53    2976.04    2976.04    2976.04    2976.04    2976.04    2976.04    2976.04    2976.04    2976.04    2976.04    2976.04    2976.04
 4    1379.00    1192.07     881.17     867.18     816.87     635.20     635.20     635.20     635.20     872.16    1209.37    1035.30     820.83     657.90     692.75     623.89     623.89     623.89     623.89     623.89     623.89     623.89     623.89     623.89     623.89     623.89     623.89
 1    4109.00    6156.61    6156.61    4735.50    4735.50    3574.96    3574.96    2223.61    2223.61    1445.60    1445.60    2298.45    2298.45    3745.90    3745.90    5697.85    5697.85    1173.94    1173.94    2837.14    2837.14    5627.62    5627.62    4653.26    4653.26    3913.14    3913.14
 2     783.00    1172.69    1172.69     902.00     902.00     680.94     680.94     423.54     423.54     275.35     275.35     437.80     437.80     713.50     713.50    1085.30    1085.30     223.61     223.61     540.41     540.41    1071.93    1071.93     886.34     886.34     745.36     745.36
 3    3537.00    5591.83    3895.65    3401.56    3905.72    3905.72    3905.72    3905.72    3905.72    3905.72    1811.77    2125.51    2942.66    4139.30    4139.30    4139.30    4139.30    1668.59    3110.75    3879.33    3601.75    3811.67    2850.74    2478.07    2456.74    2456.74    2103.13
 4    1379.00    1217.56     934.84     932.86     946.62     946.62     946.62     946.62     946.62     946.62     696.14     765.78    1097.60     849.89     849.89     849.89     849.89     929.24    1117.85     909.86     639.11     637.87     596.45     731.18     613.14     613.14     703.74
 1    4109.00    4442.59    4442.59    4686.53    4686.53    4778.00    4778.00    5519.98    5519.98    4262.41    4262.41    3514.90    3514.90    1524.14    1524.14    1723.26    1723.26    1750.98    1750.98    2172.32    2172.32    3016.86    3016.86    2755.37    2755.37    3926.54    3926.54
 2     783.00     846.21     846.21     892.67     892.67     910.10     910.10    1051.42    1051.42     811.89     811.89     669.50     669.50     290.31     290.31     328.24     328.24     333.52     333.52     413.78     413.78     574.64     574.64     524.83     524.83     747.91     747.91
 3    3537.00    5064.63    4799.35    4344.31    3124.55    2924.39    3362.90    3606.19    3134.86    2443.97    2602.20    2602.20    2602.20    2602.20    2099.41    2562.41    3218.78    3612.75    3857.38    3205.82    3173.38    3782.77    4437.53    4575.06    4575.06    4575.06    4575.06
 4    1379.00    1213.70     891.83     687.82     796.60    1010.45     849.59     694.65     709.33     658.35     581.39     581.39     581.39     581.39     770.41     814.13     809.44     761.52     690.71     658.95     847.97    1052.27     893.30     902.06     902.06     902.06     902.06
 1    4109.00    5645.18    5645.18    6324.78    6324.78    2701.31    2701.31    4385.77    4385.77    2752.13    2752.13    1187.34    1187.34    1361.51    1361.51    2967.89    2967.89    1570.80    1570.80     633.40     633.40    1042.73    1042.73    1548.62    1548.62    3338.41    3338.41
 2     783.00    1075.27    1075.27    1204.72    1204.72     514.54     514.54     835.38     835.38     524.22     524.22     226.16     226.16     259.34     259.34     565.31     565.31     299.20     299.20     120.65     120.65     198.62     198.62     294.98     294.98     635.89     635.89
 3    3537.00    4352.38    3881.26    3659.07    2892.64    2892.64    2797.04    2817.11    2817.11    2817.11    2817.11    2817.11    2353.93    2892.35    2892.35    2892.35    2892.35    2892.35    2892.35    2892.35    1795.13    3032.74    3470.36    4041.93    4177.55    4177.55    4177.55
 4    1379.00    1022.72     860.30     677.08     539.33     539.33     745.16     652.64     652.64     652.64     652.64     652.64     794.94     632.96     632.96     632.96     632.96     632.96     632.96     632.96     782.38     782.77     947.08     801.08     610.85     610.85     610.85
 1    4109.00    7482.55    7482.55    6455.53    6455.53    3994.45    3994.45    1816.12    1816.12    1166.55    1166.55    1244.17    1244.17    1105.57    1105.57    2181.56    2181.56    3066.29    3066.29    5502.88    5502.88    5430.35    5430.35    3371.68    3371.68    3278.35    3278.35
 2     783.00    1425.25    1425.25    1229.62    1229.62     760.85     760.85     345.93     345.93     222.20     222.20     236.98     236.98     210.58     210.58     415.54     415.54     584.06     584.06    1048.17    1048.17    1034.35    1034.35     642.22     642.22     624.45     624.45
 3    3537.00    4417.24    4788.16    3596.84    2868.40    2868.40    2868.40    2868.40    2868.40    2868.40    2868.40    2868.40    2868.40    2462.82    3771.12    4235.28    5193.35    5988.37    5604.51    5569.95    5372.62    4564.95    3702.82    3171.08    3171.08    3171.08    3171.08
 4    1379.00    1034.00     884.27     756.82     668.47     668.47     668.47     668.47     668.47     668.47     668.47     668.47     668.47     903.46    1082.27    1366.59    1475.46    1325.21    1179.53    1259.36     977.70     750.50     622.53     586.60     586.60     586.60     586.60
 1    4109.00    6866.71    6866.71    5385.07    5385.07    2886.11    2886.11    1367.06    1367.06     420.88     420.88     314.16     314.16     917.07     917.07    1272.81    1272.81     327.10     327.10     631.55     631.55     310.46     310.46     373.30     373.30    2023.10    2023.10
 2     783.00    1307.94    1307.94    1025.73    1025.73     549.74     549.74     260.39     260.39      80.17      80.17      59.84      59.84     174.68     174.68     242.44     242.44      62.30      62.30     120.30     120.30      59.14      59.14      71.10      71.10     385.35     385.35
 3    3537.00    4086.28    4190.51    3423.31    3423.31    3423.31    3423.31    3423.31    3423.31    3423.31    3382.41    3423.31    3423.31    3423.31    3423.31    3423.31    3304.01    3395.82    3423.31    3423.31    3423.31    3423.31    3310.64    3423.31    1643.37    4519.18    5610.84
 4    1379.00     999.75     894.89     836.97     836.97     836.97     836.97     836.97     836.97     836.97     836.97     836.97     836.97     836.97     836.97     836.97     836.97     836.97     836.97     836.97     836.97     836.97     836.97     836.97    1433.01    1628.70    1906.67
 1    4109.00    6836.21    6836.21    5979.67    5979.67    4076.69    4076.69    1630.86    1630.86    1884.50    1884.50    4261.95    4261.95    1173.02    1173.02    1710.32    1710.32    1401.25    1401.25     556.71     556.71     436.13     436.13     391.31     391.31     822.82     822.82
 2     783.00    1302.14    1302.14    1138.98    1138.98     776.51     776.51     310.64     310.64     358.95     358.95     811.80     811.80     223.43     223.43     325.78     325.78     266.90     266.90     106.04     106.04      83.07      83.07      74.54      74.54     156.73     156.73
 3    3537.00    4555.02    4230.81    3001.90    2694.56    2694.56    2670.31    2152.67    3547.14    5234.74    4606.82    4606.82    4606.82    4606.82    4606.82    4606.82    4606.82    4606.82    4606.82    3196.35    3678.96    2982.10    3764.27    4606.82    1894.45    3609.79    5417.27
 4    1379.00    1149.47     767.00     676.86     914.33     914.33     629.08    1271.10    1267.09    1112.21     797.85     797.85     797.85     797.85     797.85     797.85     797.85     797.85     797.85     797.85     797.85     797.85     797.85     797.85    1305.22    1252.76    1172.08
 1    4109.00    5147.14    5147.14    3355.97    3355.97    2797.87    2797.87    1993.99    1993.99     557.17     557.17     139.52     139.52     223.61     223.61    1713.10    1713.10    1920.07    1920.07    1461.77    1461.77     700.39     700.39    1090.32    1090.32    2482.33    2482.33
 2     783.00     980.41     980.41     639.23     639.23     532.93     532.93     379.81     379.81     106.13     106.13      26.58      26.58      42.59      42.59     326.30     326.30     365.73     365.73     278.43     278.43     133.41     133.41     207.68     207.68     472.82     472.82
 3    3537.00    4444.11    4340.98    3832.60    3832.60    3832.60    3832.60    3832.60    3832.60    3832.60    2971.47    2269.84    2994.06    3832.60    3832.60    3832.60    3832.60    3832.60    3832.60    3832.60    3832.60    3832.60    1974.15    2915.42    2590.33    2824.24    2591.37
 4    1379.00    1081.41     838.53     656.10     656.10     656.10     656.10     656.10     656.10     656.10     656.10     656.10     656.10     656.10     656.10     656.10     656.10     656.10     656.10     656.10     656.10     656.10     661.02     631.30     596.26     632.85     474.09
 1    4109.00    7752.36    7752.36   12353.88   12353.88    2343.73    2343.73     915.22     915.22     988.22     988.22     597.37     597.37     938.78     938.78    1542.16    1542.16    3571.72    3571.72    5962.11    5962.11    2947.10    2947.10    2468.93    2468.93    2492.49    2492.49
 2     783.00    1476.64    1476.64    2353.12    2353.12     446.42     446.42     174.33     174.33     188.23     188.23     113.78     113.78     178.82     178.82     293.74     293.74     680.33     680.33    1135.64    1135.64     561.35     561.35     470.27     470.27     474.76     474.76
 3    3537.00    4764.44    4106.93    3338.09    3338.09    3338.09    3338.09    3338.09    3338.09    3338.09    3338.09    3338.09    3338.09    3338.09    3338.09    2318.07    2840.25    2748.40    2943.66    2745.01    2745.01    2745.01    2210.30    3125.97    2783.16    3879.99    4091.22
 4    1379.00    1237.73     903.00     740.87     740.87     740.87     740.87     740.87     740.87     740.87     740.87     740.87     740.87     740.87     740.87     735.35     665.20     644.82     653.78     506.88     506.88     506.88     759.50     785.28    1122.85    1076.58     771.73
 1    4109.00    5636.40    5636.40    4740.58    4740.58    3467.31    3467.31    3473.78    3473.78    1350.43    1350.43    1292.21    1292.21    2864.86    2864.86    6271.65    6271.65    4508.20    4508.20    4921.22    4921.22    2909.68    2909.68    3779.62    3779.62    2781.70    2781.70
 2     783.00    1073.60    1073.60     902.97     902.97     660.44     660.44     661.67     661.67     257.22     257.22     246.14     246.14     545.69     545.69    1194.60    1194.60     858.70     858.70     937.38     937.38     554.22     554.22     719.93     719.93     529.85     529.85
 3    3537.00    4503.53    3717.08    3646.33    2767.30    2815.40    2815.40    2815.40    2815.40    2815.40    2815.40    2073.64    3118.87    4400.74    4211.01    4571.37    3983.45    2945.37    2872.86    2541.48    2553.95    2861.25    2861.25    2861.25    2861.25    2861.25    2861.25
 4    1379.00    1105.77     709.96     629.37     746.88     649.51     649.51     649.51     649.51     649.51     649.51     962.40    1244.76    1008.03     894.19     838.54     817.78     712.03     574.13     775.24     906.84     706.08     706.08     706.08     706.08     706.08     706.08
 1    4109.00    6253.63    6253.63    5049.66    5049.66    4613.53    4613.53    3527.37    3527.37    2093.32    2093.32    1504.73    1504.73    2624.62    2624.62    1830.44    1830.44    1589.74    1589.74    1960.73    1960.73    3617.46    3617.46    5283.89    5283.89    3443.29    3443.29
 2     783.00    1191.17    1191.17     961.84     961.84     878.77     878.77     671.88     671.88     398.73     398.73     286.62     286.62     499.93     499.93     348.66     348.66     302.81     302.81     373.47     373.47     689.04     689.04    1006.46    1006.46     655.86     655.86
 3    3537.00    4725.29    4296.94    3751.53    2840.32    2317.90    2787.54    2581.05    2828.06    2506.47    3108.15    3108.15    3108.15    3108.15    3108.15    3108.15    3108.15    1710.71    3000.14    3250.30    3250.30    3250.30    2304.01    2747.17    2402.12    2793.61    2602.90
 4    1379.00    1205.19     843.41     650.91     569.38     647.20     791.64     755.86     638.65     735.43     841.72     841.72     841.72     841.72     841.72     841.72     841.72     935.74     856.95     644.06     644.06     644.06     750.16     699.60     863.24     796.89     706.74
 1    4109.00    4722.10    4722.10    2443.06    2443.06    3777.77    3777.77     978.52     978.52     471.24     471.24     601.06     601.06    1446.52    1446.52    3058.90    3058.90     528.99     528.99     555.79     555.79    1027.95    1027.95    1935.32    1935.32    2589.51    2589.51
 2     783.00     899.45     899.45     465.34     465.34     719.58     719.58     186.38     186.38      89.76      89.76     114.49     114.49     275.53     275.53     582.65     582.65     100.76     100.76     105.86     105.86     195.80     195.80     368.63     368.63     493.24     493.24
 3    3537.00    4509.01    4590.39    4590.39    4590.39    4590.39    4590.39    4590.39    4590.39    4590.39    4590.39    4590.39    4590.39    4590.39    4590.39    4590.39    4590.39    2611.65    4590.39    4590.39    4590.39    4590.39    4590.39    4590.39    4590.39    2126.28    2126.28
 4    1379.00    1118.79     873.96     873.96     873.96     873.96     873.96     873.96     873.96     873.96     873.96     873.96     873.96     873.96     873.96     873.96     873.96     873.96     873.96     873.96     873.96     873.96     873.96     873.96     873.96     575.02     575.02
 1    4109.00    4033.72    4033.72    3259.87    3259.87    3298.68    3298.68    1218.29    1218.29    1728.34    1728.34    1753.75    1753.75     865.79     865.79    1397.09    1397.09     854.24     854.24     528.53     528.53     625.09     625.09    2237.93    2237.93    3514.90    3514.90
 2     783.00     768.33     768.33     620.93     620.93     628.32     628.32     232.06     232.06     329.21     329.21     334.05     334.05     164.91     164.91     266.11     266.11     162.71     162.71     100.67     100.67     119.06     119.06     426.27     426.27     669.50     669.50
 3    3537.00    4784.76    5192.65    4605.48    3494.19    3494.19    3494.19    3494.19    3494.19    3494.19    3494.19    3494.19    3494.19    3494.19    3494.19    3494.19    3494.19    3494.19    3494.19    1907.19    2736.16    3134.34    3134.34    3134.34    3134.34    3134.34    3134.34
 4    1379.00    1211.40     982.95     810.91     635.58     635.58     635.58     635.58     635.58     635.58     635.58     635.58     635.58     635.58     635.58     635.58     635.58     635.58     635.58     654.79     797.61     815.04     815.04     815.04     815.04     815.04     815.04
 1    4109.00    4657.42    4657.42    7498.26    7498.26    6507.73    6507.73    5137.90    5137.90    3433.12    3433.12    1314.85    1314.85    3454.37    3454.37    3331.02    3331.02    1676.14    1676.14    1369.83    1369.83    2271.65    2271.65    2418.57    2418.57    2965.58    2965.58
 2     783.00     887.13     887.13    1428.24    1428.24    1239.57    1239.57     978.65     978.65     653.93     653.93     250.45     250.45     657.98     657.98     634.48     634.48     319.26     319.26     260.92     260.92     432.70     432.70     460.68     460.68     564.87     564.87
 3    3537.00    5318.92    5265.32    4427.32    3420.20    2475.11    3060.04    2510.72    2308.87    2040.03    2956.87    3090.01    3090.01    3090.01    3090.01    3090.01    3090.01    3090.01    3090.01    3090.01    3090.01    3090.01    3090.01    3090.01    3090.01    3090.01    3090.01
 4    1379.00    1230.36     990.03     809.36     649.12     852.11     910.76     597.97     717.58     903.86     751.56     662.14     662.14     662.14     662.14     662.14     662.14     662.14     662.14     662.14     662.14     662.14     662.14     662.14     662.14     662.14     662.14
