              Isim, Ftarg, Btarg
   1 2019          0.3977734     128188.5997802      32963.7218271
   1 2021          0.3948486     127818.2478651      32521.4548847
   1 2023          0.4123975     127985.9033017      33086.2284571
   1 2025          0.3977734     128063.6489580      32790.4905767
   1 2027          0.4123975     128188.5519045      33264.2225785
   1 2029          0.4036230     128328.9549623      33199.3430430
   1 2031          0.4094727     127907.9553999      33165.8387174
   1 2033          0.4036230     128305.9726554      33108.6884809
   1 2035          0.4036230     128136.2058392      33292.9606142
   1 2037          0.3977734     128344.2305486      32964.2380990
   1 2039          0.4123975     128168.8658552      33115.7766036
   1 2041          0.4036230     128247.1432887      32927.9067467
   1 2043          0.4094727     127803.7232376      33115.4675193
   2 2019          0.3977734     127555.5874191      32800.9425829
   2 2021          0.3919238     127679.6527560      32269.5760170
   2 2023          0.4094727     127165.0666293      32883.5209148
   2 2025          0.4123975     127199.3618281      33100.9692627
   2 2027          0.4065479     127626.6799765      32993.3091581
   2 2029          0.4094727     127042.6204684      32960.6054791
   2 2031          0.4006982     127274.9218745      32571.7584192
   2 2033          0.4153223     127233.2315187      33023.6856035
   2 2035          0.4211719     127200.8188374      33233.1851568
   2 2037          0.4036230     127546.4836501      32822.0488127
   2 2039          0.4065479     127362.0192824      33118.2313569
   2 2041          0.3948486     127517.6610429      32734.8641490
   2 2043          0.3948486     127677.8456860      32552.5137958
   3 2019          0.3977734     130112.8134914      33458.5337341
   3 2021          0.3919238     130109.7212557      32986.7350196
   3 2023          0.4006982     130053.9134428      33223.6813429
   3 2025          0.4036230     129992.0315447      33572.2396527
   3 2027          0.4094727     129750.3024205      33791.7555743
   3 2029          0.4065479     129753.4035956      33715.6707797
   3 2031          0.4006982     129766.2921469      33566.1645058
   3 2033          0.4123975     130025.5126017      33723.9435050
   3 2035          0.4036230     129904.2979238      33725.9711117
   3 2037          0.3948486     130039.6919700      33224.1835685
   3 2039          0.4094727     130304.8565089      33744.8225175
   3 2041          0.4036230     129623.6449432      33735.5993458
   3 2043          0.4065479     130035.6090103      33705.8965357
   4 2019          0.3977734     128688.5356790      33092.2804347
   4 2021          0.3948486     128657.9349940      32550.4425157
   4 2023          0.4123975     128380.6280940      33310.8655721
   4 2025          0.3656006     128341.8303437      31431.6641234
   4 2027          0.4153223     128497.3512116      33331.1048781
   4 2029          0.4182471     128509.4823497      33501.5936624
   4 2031          0.4094727     128368.5415593      33301.6914430
   4 2033          0.3977734     128170.7197641      32807.5014386
   4 2035          0.4182471     128576.2528433      33470.9842354
   4 2037          0.4123975     128725.8973809      33622.1708149
   4 2039          0.4065479     128679.2206283      33529.1497693
   4 2041          0.3919238     128845.5360285      33004.1504176
   4 2043          0.4006982     128330.0638488      32851.5717418
