FL 2019 2020 2021 2022 2023 2024 2025 2026 2027 2028 2029 2030 2031 2032 2033 2034 2035 2036 2037 2038 2039 2040 2041 2042 2043 2044 2045
 1  0.1254765  0.1016565  0.0880634  0.0886634  0.0852599  0.0934925  0.0726717  0.1363983  0.1687330  0.2105503  0.2706026  0.1398344  0.1510087  0.1832115  0.2086490  0.2575641  0.3335207  0.2137327  0.4212897  0.0277139  0.0109483  0.0497048  0.0379645  0.1144342  0.1084264  0.2174875  0.2391433
 2  0.0238751  0.0186097  0.0166660  0.0179336  0.0124341  0.0145047  0.0132498  0.0288365  0.0404235  0.0536616  0.0665903  0.0293206  0.0302635  0.0380642  0.0435344  0.0496395  0.0573892  0.0357093  0.0522399  0.0027817  0.0014288  0.0077054  0.0069878  0.0209242  0.0198164  0.0416814  0.0498774
 3  0.1162273  0.0243338  0.0249736  0.1538653  0.1509954  0.0191708  0.0196672  0.1263396  0.1113032  0.0396729  0.0234994  0.1531828  0.1409965  0.0315173  0.0267882  0.3622632  0.4786871  0.7717549  0.9990000  0.0057926  0.0189918  0.0206841  0.0220815  0.2421359  0.2310889  0.0275893  0.0235463
 4  0.0444602  0.0394619  0.0349814  0.0573548  0.0412702  0.0440562  0.0332681  0.0262510  0.0259131  0.0403043  0.0354452  0.0362807  0.0237144  0.0382869  0.0365451  0.0275603  0.0319677  0.0525480  0.0577287  0.0535154  0.0397451  0.0372559  0.0380160  0.0440990  0.0240045  0.0385132  0.0315609
 1  0.1220670  0.0981552  0.0853722  0.1354147  0.1745507  0.1597584  0.1262821  0.1035127  0.0952456  0.1111532  0.1172044  0.0723851  0.0665225  0.0609690  0.0602824  0.0599611  0.0567141  0.0637409  0.0561908  0.2705241  0.3508080  0.2932937  0.4582489  0.2973836  0.6919133  0.0448510  0.0253177
 2  0.0232303  0.0180890  0.0162960  0.0273578  0.0347037  0.0267437  0.0213885  0.0190715  0.0177253  0.0216418  0.0239648  0.0145465  0.0140023  0.0130426  0.0127772  0.0131810  0.0103113  0.0116512  0.0111497  0.0587533  0.0801140  0.0631190  0.0865867  0.0479365  0.0820024  0.0047663  0.0031920
 3  0.1130934  0.0226267  0.0233108  0.3151714  0.3157808  0.0253980  0.0129114  0.0233993  0.0212430  0.1768042  0.1753728  0.0244920  0.0258469  0.0996932  0.0995732  0.0263802  0.0266447  0.0830625  0.0814651  0.0312235  0.0327670  0.3183468  0.4203153  0.9142248  0.9990000  0.9990000  0.9990000
 4  0.0433681  0.0387312  0.0350385  0.0150984  0.0209247  0.0387824  0.0361356  0.0355973  0.0353996  0.0320153  0.0338964  0.0338457  0.0366960  0.0296825  0.0310886  0.0454141  0.0425457  0.0331154  0.0321783  0.0334304  0.0379871  0.0229909  0.0165744  0.0290297  0.0386402  0.0333743  0.0252280
 1  0.1187765  0.1402300  0.1288364  0.1261907  0.1289493  0.2934865  0.3398366  0.1714239  0.1601997  0.1240127  0.1206947  0.1640587  0.1917978  0.0911955  0.0777164  0.1316788  0.1332591  0.1552467  0.1457545  0.1273962  0.1415027  0.2614765  0.3131839  0.1299688  0.0908988  0.1057592  0.0945289
 2  0.0226444  0.0259647  0.0243397  0.0230080  0.0229776  0.0542778  0.0632564  0.0299898  0.0283225  0.0232147  0.0245201  0.0332165  0.0338138  0.0155208  0.0133368  0.0245842  0.0247626  0.0291554  0.0276046  0.0250480  0.0292646  0.0551921  0.0625633  0.0209124  0.0141114  0.0182595  0.0187947
 3  0.1100329  0.0438830  0.0450240  0.2774319  0.3197609  0.0240997  0.0252972  0.1317264  0.1227067  0.0215777  0.0288909  0.2937072  0.4078712  0.0224566  0.0235399  0.1366032  0.1407515  0.0209010  0.0231352  0.1898276  0.1837099  0.0359757  0.0270496  0.0572120  0.0590936  0.0175149  0.0255126
 4  0.0423910  0.0411107  0.0420379  0.0280907  0.0242612  0.0327084  0.0413127  0.0358361  0.0315919  0.0314759  0.0369094  0.0291042  0.0275096  0.0378518  0.0355678  0.0343113  0.0317769  0.0370091  0.0339226  0.0272251  0.0232119  0.0363356  0.0400012  0.0431464  0.0368186  0.0323606  0.0307503
 1  0.1193897  0.0451615  0.0373877  0.1282979  0.1368782  0.1315558  0.1383844  0.0701488  0.0642335  0.0445892  0.0352560  0.0515327  0.0496949  0.0619685  0.0627831  0.0776606  0.0919036  0.1645957  0.1802542  0.1283217  0.1366586  0.1732767  0.1614491  0.1686680  0.2449851  0.1897685  0.1876167
 2  0.0226910  0.0082681  0.0071816  0.0260433  0.0283318  0.0280960  0.0291280  0.0144743  0.0114713  0.0077425  0.0068307  0.0102663  0.0104048  0.0138263  0.0148486  0.0190995  0.0210362  0.0365250  0.0383934  0.0267635  0.0243044  0.0303428  0.0312990  0.0362503  0.0530688  0.0366071  0.0361682
 3  0.1105887  0.0230977  0.0184663  0.0976639  0.0962991  0.0197282  0.0277903  0.0617790  0.0577680  0.0208731  0.0231464  0.1395557  0.1356156  0.0244363  0.0304903  0.1502881  0.1517686  0.0195540  0.0228875  0.1727948  0.2062557  0.0244816  0.0242967  0.2803544  0.2871212  0.0261722  0.0285614
 4  0.0420011  0.0372407  0.0373411  0.0313866  0.0296921  0.0328106  0.0350139  0.0406661  0.0419545  0.0349175  0.0348009  0.0399435  0.0365119  0.0322493  0.0356617  0.0315703  0.0352475  0.0356488  0.0372987  0.0343602  0.0324260  0.0349487  0.0315480  0.0123518  0.0170027  0.0351172  0.0377120
 1  0.1189860  0.0867447  0.0750481  0.0946375  0.0917654  0.1638799  0.1545059  0.2909893  0.3694369  0.4090659  0.4945668  0.1806587  0.1805171  0.0823917  0.0606776  0.1709039  0.2438200  0.2975914  0.3136409  0.0736924  0.0557655  0.1826526  0.2826175  0.4459549  0.9990000  0.0463223  0.0192654
 2  0.0231473  0.0161684  0.0144193  0.0187147  0.0166360  0.0303137  0.0286114  0.0567157  0.0665462  0.0712375  0.0934878  0.0341113  0.0255814  0.0124261  0.0101810  0.0326614  0.0483984  0.0572494  0.0454180  0.0112370  0.0099597  0.0369159  0.0570192  0.0820601  0.1790737  0.0044043  0.0021992
 3  0.1099257  0.0246179  0.0208470  0.1103544  0.1111783  0.0184288  0.0287873  0.1532304  0.1545189  0.0224919  0.0175801  0.1594811  0.1819299  0.0199860  0.0228377  0.3773543  0.3887760  0.0211001  0.0197736  0.0153920  0.0226505  0.3777830  0.4174452  0.7529655  0.9990000  0.9990000  0.0071684
 4  0.0434759  0.0364801  0.0366788  0.0375134  0.0398662  0.0353969  0.0389869  0.0324249  0.0332247  0.0337117  0.0309373  0.0404389  0.0386281  0.0365215  0.0334183  0.0131775  0.0152756  0.0401549  0.0425019  0.0347775  0.0301142  0.0121919  0.0129582  0.0198632  0.0334257  0.0280269  0.0396774
 1  0.1162521  0.1609616  0.1492039  0.1880468  0.2344071  0.2509536  0.2664034  0.1194801  0.0843452  0.1131132  0.1035796  0.0741112  0.0875552  0.1443853  0.1441556  0.1491911  0.1941596  0.1450216  0.1816504  0.0539274  0.0442828  0.0933343  0.0689768  0.1804559  0.2462875  0.0845041  0.0631581
 2  0.0225599  0.0301525  0.0283014  0.0362136  0.0425584  0.0447565  0.0479476  0.0190729  0.0132020  0.0198534  0.0208775  0.0168453  0.0200134  0.0309718  0.0293421  0.0308787  0.0408973  0.0296238  0.0321880  0.0097084  0.0076119  0.0152350  0.0124896  0.0371106  0.0484545  0.0139100  0.0111986
 3  0.1074261  0.0269322  0.0260108  0.3109353  0.3486536  0.0216287  0.0245616  0.0243105  0.0184947  0.0212555  0.0279797  0.1762978  0.1779218  0.0262291  0.0276880  0.2680359  0.2363125  0.3293243  0.0171752  0.0217683  0.0190208  0.0180836  0.0242031  0.2625193  0.2699662  0.0211994  0.0213505
 4  0.0426515  0.0360619  0.0373184  0.0194669  0.0167122  0.0342044  0.0414673  0.0451662  0.0404257  0.0332445  0.0322194  0.0220372  0.0291476  0.0378693  0.0369572  0.0172158  0.0177201  0.0221626  0.0361186  0.0363021  0.0387564  0.0343157  0.0345486  0.0200297  0.0286315  0.0421349  0.0343017
 1  0.1297236  0.1629250  0.1473067  0.0782566  0.0722099  0.0848792  0.0890948  0.0876249  0.1058422  0.1190301  0.1513845  0.1063855  0.0738453  0.0482355  0.0391524  0.1731161  0.2145970  0.1597677  0.1591072  0.0594906  0.0413149  0.0631232  0.0581460  0.1267117  0.1352645  0.1023483  0.1468536
 2  0.0243926  0.0292131  0.0269620  0.0142466  0.0138226  0.0176957  0.0202423  0.0210038  0.0250896  0.0277002  0.0327153  0.0169682  0.0112187  0.0079855  0.0074601  0.0367430  0.0474145  0.0358406  0.0247332  0.0090704  0.0069661  0.0115133  0.0112515  0.0269817  0.0315526  0.0254510  0.0363762
 3  0.1204050  0.0440925  0.0412821  0.1293783  0.1386309  0.0268982  0.0306874  0.1591890  0.1599624  0.1937053  0.2476679  0.1543341  0.1646266  0.0201365  0.0248747  0.1665504  0.1553872  0.0274187  0.0272818  0.0168696  0.0211039  0.1302137  0.1225337  0.0246765  0.0253862  0.2720186  0.2767662
 4  0.0445032  0.0387801  0.0411882  0.0336324  0.0322866  0.0316011  0.0310829  0.0233434  0.0233104  0.0276929  0.0306734  0.0437518  0.0385361  0.0345493  0.0311453  0.0246592  0.0200638  0.0444723  0.0463499  0.0401533  0.0375961  0.0346402  0.0319050  0.0331649  0.0317591  0.0138505  0.0171962
 1  0.1244105  0.0278125  0.0228459  0.0282096  0.0272457  0.0872842  0.1023702  0.2492432  0.2205578  0.1138025  0.1018026  0.2221469  0.2547605  0.1758042  0.2521467  0.1516279  0.1142420  0.1483671  0.1104887  0.2818104  0.4299181  0.4296104  0.5481592  0.0943287  0.0693504  0.0692910  0.0480359
 2  0.0246932  0.0052100  0.0044252  0.0058888  0.0062059  0.0211238  0.0202481  0.0433836  0.0359633  0.0191289  0.0185343  0.0444705  0.0559877  0.0401689  0.0547388  0.0281152  0.0138824  0.0214478  0.0192426  0.0540881  0.0796910  0.0726609  0.0954879  0.0146999  0.0112005  0.0110195  0.0074441
 3  0.1146225  0.0220933  0.0246487  0.0207417  0.0277193  0.1769335  0.2265667  0.0131716  0.0248143  0.1305877  0.1228142  0.0243605  0.0285111  0.2662799  0.3070269  0.0267296  0.0183047  0.0133888  0.0206460  0.3358384  0.3966843  0.0201671  0.0168674  0.0194299  0.0183217  0.0260166  0.0216146
 4  0.0469218  0.0360404  0.0376188  0.0320547  0.0321493  0.0299450  0.0361197  0.0423065  0.0394801  0.0375595  0.0309008  0.0314548  0.0326395  0.0141965  0.0152146  0.0576798  0.0446940  0.0375227  0.0357662  0.0152620  0.0129478  0.0326151  0.0352345  0.0369942  0.0412413  0.0427841  0.0422694
 1  0.1237088  0.1514107  0.1380953  0.2329696  0.3344522  0.2663969  0.2249855  0.0383288  0.0233867  0.0830927  0.0669217  0.1225036  0.1514758  0.1525246  0.1733231  0.1066993  0.1345367  0.0841924  0.0728046  0.0626538  0.0573777  0.0650436  0.0610167  0.0775724  0.0410949  0.0642105  0.0577790
 2  0.0237626  0.0277731  0.0257731  0.0458984  0.0607705  0.0412707  0.0360426  0.0056414  0.0034910  0.0137309  0.0126695  0.0264503  0.0347115  0.0352774  0.0420166  0.0264828  0.0330054  0.0172683  0.0145189  0.0126193  0.0111896  0.0131557  0.0132893  0.0112104  0.0061796  0.0113149  0.0118990
 3  0.1145732  0.0340338  0.0423140  0.3263113  0.3696764  0.0175218  0.0242564  0.0139412  0.0207672  0.0197558  0.0250847  0.1809283  0.1823071  0.0241417  0.0265595  0.1299546  0.1343891  0.0315601  0.0177168  0.0286465  0.0232536  0.0335111  0.0438974  0.0291639  0.0160609  0.0230815  0.0308306
 4  0.0440699  0.0436639  0.0365680  0.0152041  0.0214414  0.0345674  0.0451475  0.0427216  0.0435991  0.0340113  0.0350154  0.0213514  0.0258238  0.0329326  0.0309490  0.0265187  0.0388931  0.0372629  0.0354217  0.0381547  0.0351317  0.0350912  0.0638658  0.0514577  0.0386299  0.0352103  0.0351503
 1  0.1300004  0.1695394  0.1530639  0.1111424  0.0952633  0.0889357  0.0920869  0.0993947  0.1220757  0.1198177  0.1126949  0.0881544  0.0848295  0.1045128  0.0921941  0.1068463  0.0826333  0.1378884  0.1794884  0.1933382  0.2335253  0.2696646  0.3523873  0.1332039  0.1059869  0.0917831  0.0779281
 2  0.0246276  0.0307237  0.0282436  0.0188034  0.0167912  0.0174529  0.0205116  0.0233584  0.0277386  0.0245244  0.0214680  0.0173835  0.0181417  0.0206987  0.0167713  0.0180946  0.0145602  0.0269155  0.0370979  0.0420057  0.0524491  0.0567943  0.0653696  0.0221612  0.0161403  0.0154077  0.0149736
 3  0.1205402  0.0230055  0.0279049  0.1890279  0.1922954  0.0235495  0.0265535  0.2073084  0.1951645  0.0293832  0.0225642  0.0252169  0.0262997  0.1085835  0.1225724  0.0202134  0.0237840  0.3186985  0.2878042  0.0290180  0.0234327  0.2083690  0.2558201  0.0174393  0.0145012  0.0264637  0.0264609
 4  0.0455741  0.0369915  0.0419019  0.0367594  0.0255505  0.0294451  0.0319620  0.0319476  0.0279220  0.0369231  0.0363715  0.0310806  0.0356679  0.0376815  0.0400469  0.0399344  0.0380560  0.0207156  0.0167140  0.0315887  0.0343911  0.0286541  0.0289888  0.0440654  0.0391780  0.0374510  0.0386878
 1  0.1180277  0.0648099  0.0551778  0.0719044  0.0748194  0.1134561  0.1104079  0.1175589  0.1245009  0.1345835  0.1411745  0.1246719  0.1031234  0.1743425  0.1566114  0.1335001  0.1531500  0.1860872  0.1771864  0.0908774  0.0966941  0.1764252  0.1898756  0.1310767  0.1511288  0.2184892  0.2354216
 2  0.0228373  0.0120688  0.0106803  0.0145436  0.0150297  0.0231321  0.0214479  0.0236270  0.0271270  0.0297225  0.0314015  0.0227006  0.0171335  0.0298197  0.0278808  0.0254861  0.0306639  0.0351122  0.0342500  0.0184081  0.0206324  0.0380676  0.0390807  0.0271528  0.0314134  0.0448309  0.0454341
 3  0.1090697  0.0248980  0.0290901  0.1541718  0.1397619  0.0222234  0.0257967  0.0877930  0.0940736  0.0283863  0.0248866  0.1801270  0.2113572  0.0218302  0.0261918  0.2532864  0.2647230  0.0236572  0.0244866  0.1209071  0.1307859  0.0260887  0.0249726  0.1735900  0.1657841  0.0240856  0.0222196
 4  0.0428520  0.0361866  0.0378673  0.0356258  0.0353424  0.0363716  0.0370929  0.0319849  0.0334105  0.0343458  0.0397495  0.0447392  0.0401106  0.0360508  0.0350859  0.0217239  0.0245179  0.0364808  0.0327628  0.0310657  0.0292614  0.0370815  0.0372087  0.0265682  0.0261486  0.0386384  0.0555950
 1  0.1305073  0.1152266  0.0993944  0.1362912  0.1380199  0.1778996  0.1967386  0.1972023  0.2733457  0.1808072  0.1518334  0.0735204  0.0489325  0.1025559  0.0959096  0.1739498  0.2015913  0.2076599  0.2810272  0.1555774  0.1123557  0.1060292  0.0983734  0.1679823  0.1246450  0.1644933  0.1708681
 2  0.0247657  0.0208515  0.0185179  0.0256332  0.0264464  0.0359171  0.0422269  0.0442617  0.0529611  0.0314219  0.0219251  0.0109876  0.0074813  0.0180799  0.0190974  0.0384627  0.0493759  0.0484349  0.0566763  0.0240054  0.0180435  0.0187898  0.0184793  0.0276159  0.0217188  0.0303321  0.0327011
 3  0.1209417  0.0260592  0.0210586  0.1445252  0.1336961  0.0249260  0.0276855  0.2292315  0.2647686  0.0223139  0.0203979  0.0197834  0.0164363  0.0772566  0.0827354  0.0257269  0.0300781  0.2586108  0.3657212  0.0192781  0.0237024  0.0791778  0.0739649  0.0228881  0.0218199  0.1448237  0.1532988
 4  0.0457994  0.0351234  0.0376677  0.0371223  0.0280761  0.0324850  0.0325331  0.0223013  0.0243151  0.0441130  0.0424945  0.0418964  0.0356901  0.0326579  0.0337566  0.0299955  0.0350320  0.0263881  0.0277671  0.0408264  0.0391049  0.0332637  0.0409138  0.0407704  0.0397244  0.0314548  0.0351252
 1  0.1355563  0.1296076  0.1140697  0.0761766  0.0775084  0.0717494  0.0604335  0.0429228  0.0440001  0.1095214  0.1543070  0.2250986  0.2433854  0.1793037  0.1934140  0.1093829  0.1002707  0.1680308  0.1274560  0.0865704  0.0791845  0.1100118  0.1401981  0.2710057  0.2760807  0.1519412  0.0871120
 2  0.0258173  0.0236284  0.0212049  0.0153180  0.0140015  0.0127635  0.0116387  0.0092314  0.0107290  0.0302588  0.0410001  0.0492766  0.0472178  0.0344769  0.0374244  0.0207809  0.0205359  0.0281013  0.0203613  0.0153204  0.0157670  0.0240276  0.0306333  0.0538454  0.0470403  0.0201150  0.0136212
 3  0.1255444  0.0279931  0.0311582  0.1222759  0.1237584  0.0216842  0.0209299  0.0261338  0.0264550  0.1905494  0.2276198  0.0231399  0.0179327  0.1038643  0.1068796  0.0227359  0.0234801  0.1466592  0.1726106  0.0191826  0.0269818  0.2655808  0.2619858  0.0223131  0.0178975  0.0168212  0.0167395
 4  0.0485933  0.0396716  0.0381766  0.0395791  0.0444278  0.0376918  0.0327451  0.0316011  0.0395934  0.0175354  0.0286290  0.0393384  0.0392182  0.0305945  0.0303667  0.0340277  0.0430121  0.0427023  0.0338035  0.0327919  0.0325731  0.0237752  0.0250894  0.0384270  0.0516380  0.0423352  0.0345390
 1  0.1307984  0.1637958  0.1465217  0.2549026  0.3301491  0.3169425  0.2527682  0.2846427  0.2812936  0.2128140  0.2339150  0.2199836  0.1743080  0.1932353  0.2775844  0.1826906  0.1400700  0.0520816  0.0407733  0.0823939  0.0680173  0.1680031  0.2375419  0.2175016  0.2671233  0.1194249  0.1179450
 2  0.0245606  0.0294990  0.0269821  0.0494420  0.0623510  0.0490853  0.0385714  0.0469625  0.0514355  0.0397916  0.0378595  0.0335045  0.0291104  0.0360478  0.0530476  0.0299333  0.0206739  0.0087020  0.0065051  0.0141100  0.0133447  0.0379201  0.0587497  0.0531123  0.0601634  0.0240448  0.0241079
 3  0.1213701  0.0212981  0.0227725  0.1991483  0.1985087  0.0275080  0.0142726  0.0197052  0.0209815  0.2177726  0.2364685  0.0206930  0.0238000  0.3849227  0.3689130  0.0233720  0.0189624  0.0227801  0.0202443  0.0192765  0.0252160  0.1919361  0.1800729  0.0289833  0.0291667  0.0512315  0.0486775
 4  0.0453260  0.0387662  0.0383938  0.0272301  0.0308062  0.0432151  0.0354929  0.0323095  0.0309263  0.0391238  0.0454834  0.0380404  0.0358908  0.0154327  0.0195674  0.0450317  0.0374889  0.0405916  0.0386863  0.0362434  0.0341459  0.0205488  0.0222169  0.0372194  0.0395914  0.0323764  0.0314777
 1  0.1425452  0.1646896  0.1463921  0.1376885  0.1259131  0.0953870  0.0890968  0.0866073  0.0990180  0.1459188  0.1719984  0.0497679  0.0294430  0.0970863  0.1116946  0.1035930  0.1181282  0.1474769  0.1911086  0.1842577  0.1539272  0.0856717  0.0826097  0.0574725  0.0532273  0.0858550  0.0782037
 2  0.0270896  0.0297057  0.0267515  0.0248220  0.0213550  0.0172072  0.0181003  0.0200510  0.0261323  0.0408351  0.0388425  0.0074665  0.0047867  0.0184673  0.0239242  0.0248962  0.0304206  0.0371923  0.0400451  0.0316036  0.0266796  0.0160819  0.0169198  0.0121612  0.0111927  0.0168438  0.0145578
 3  0.1320490  0.0208695  0.0208589  0.1279773  0.1417304  0.0293815  0.0275423  0.0284781  0.0322602  0.0299797  0.0328625  0.0223041  0.0182357  0.1970722  0.1732219  0.0276100  0.0304029  0.1872795  0.2585973  0.0205347  0.0202092  0.0613121  0.0706564  0.0266422  0.0235243  0.1313508  0.1327308
 4  0.0507192  0.0388719  0.0387393  0.0351436  0.0360117  0.0340686  0.0321464  0.0424778  0.0581662  0.0385518  0.0550843  0.0427946  0.0331535  0.0226071  0.0206721  0.0332544  0.0356333  0.0305913  0.0402120  0.0387460  0.0337619  0.0359461  0.0377381  0.0381016  0.0369511  0.0414460  0.0365341
 1  0.1323154  0.1361319  0.1191526  0.0781533  0.0787819  0.1919211  0.1885173  0.2277280  0.2713974  0.2507168  0.1967650  0.1373086  0.1349872  0.1672044  0.1698437  0.1181576  0.1104741  0.0761452  0.0541980  0.0958376  0.1283196  0.2626589  0.3545562  0.2161117  0.2353069  0.1547003  0.1146492
 2  0.0251284  0.0246228  0.0220666  0.0155518  0.0158465  0.0376074  0.0360889  0.0423207  0.0480192  0.0389074  0.0301242  0.0235784  0.0256772  0.0332410  0.0349071  0.0234042  0.0152015  0.0110225  0.0094307  0.0197430  0.0302101  0.0660947  0.0806865  0.0396620  0.0345399  0.0228571  0.0171676
 3  0.1226001  0.0238588  0.0239783  0.0807928  0.0790990  0.0223880  0.0211750  0.2852788  0.3255468  0.0191560  0.0187015  0.1220942  0.1234459  0.0230411  0.0228889  0.2434302  0.3378030  0.0167675  0.0241005  0.2836548  0.2665116  0.0214201  0.0238650  0.3667079  0.4384249  0.0157245  0.0221456
 4  0.0466048  0.0375673  0.0344166  0.0312311  0.0338858  0.0400111  0.0384787  0.0289731  0.0332926  0.0437194  0.0366010  0.0322697  0.0344825  0.0352419  0.0350820  0.0545292  0.0513428  0.0386135  0.0341184  0.0091756  0.0094689  0.0327381  0.0372234  0.0259937  0.0226416  0.0415851  0.0383315
 1  0.1289129  0.1675016  0.1540672  0.0994202  0.0956875  0.1396929  0.1308093  0.0854028  0.0944624  0.0763108  0.0684265  0.0682743  0.0700547  0.0778106  0.0504834  0.1175334  0.1591447  0.2588402  0.2633774  0.1899601  0.1975450  0.2948252  0.3686136  0.1679268  0.1920634  0.1107886  0.0869241
 2  0.0243850  0.0304557  0.0284364  0.0185235  0.0173304  0.0255795  0.0258421  0.0181951  0.0201155  0.0153499  0.0139035  0.0142889  0.0142956  0.0123725  0.0086282  0.0233407  0.0349927  0.0531356  0.0466677  0.0337118  0.0376713  0.0598041  0.0772986  0.0357864  0.0336679  0.0179083  0.0156217
 3  0.1195341  0.0424079  0.0455860  0.1438324  0.1359360  0.0248102  0.0259235  0.1394773  0.1386772  0.0251938  0.0274857  0.1186548  0.1084270  0.0242601  0.0208545  0.3076991  0.2858338  0.0276870  0.0266342  0.1244793  0.1235158  0.0250804  0.0188625  0.1272476  0.1369139  0.0220733  0.0178372
 4  0.0452728  0.0393508  0.0428029  0.0375089  0.0359827  0.0345950  0.0319493  0.0267491  0.0303393  0.0370597  0.0377646  0.0381133  0.0512276  0.0460195  0.0347358  0.0093681  0.0162153  0.0389963  0.0402827  0.0333740  0.0321119  0.0321575  0.0304289  0.0362327  0.0393816  0.0358403  0.0285030
 1  0.1102676  0.0810587  0.0705409  0.1103898  0.1165943  0.1191833  0.1009669  0.1536855  0.2325104  0.2283800  0.2414938  0.0897566  0.0735577  0.1593741  0.1596683  0.1077256  0.0882771  0.0857210  0.0885106  0.1205708  0.0891371  0.0693891  0.0649066  0.1012218  0.1395537  0.1306584  0.1067400
 2  0.0212429  0.0151811  0.0137260  0.0209903  0.0216478  0.0208238  0.0182023  0.0309063  0.0484750  0.0464238  0.0391629  0.0148152  0.0134379  0.0290816  0.0290402  0.0187263  0.0158955  0.0169820  0.0183498  0.0210094  0.0156439  0.0131894  0.0136982  0.0243070  0.0364686  0.0264103  0.0194798
 3  0.1019949  0.0224910  0.0257931  0.2826569  0.3126937  0.0231631  0.0254577  0.3871314  0.3178658  0.0246975  0.0205808  0.0173549  0.0208666  0.2065589  0.2443151  0.0221283  0.0213307  0.1084240  0.1059533  0.0229132  0.0186106  0.0287839  0.0280146  0.2318381  0.2152473  0.0300361  0.0181821
 4  0.0398775  0.0355784  0.0377684  0.0270237  0.0257321  0.0359403  0.0344749  0.0137743  0.0129003  0.0407391  0.0379695  0.0357569  0.0373756  0.0292258  0.0325521  0.0367309  0.0354791  0.0288378  0.0392749  0.0420329  0.0383420  0.0378306  0.0326300  0.0100295  0.0216883  0.0448804  0.0352605
 1  0.1249681  0.1281330  0.1123613  0.3197474  0.6143383  0.4207783  0.3261490  0.1414077  0.1462012  0.0852453  0.0799312  0.0461264  0.0337221  0.0946271  0.0876565  0.0782658  0.0725011  0.1034801  0.1041798  0.0590700  0.0546406  0.0850217  0.1060467  0.0767556  0.0686628  0.0683496  0.0565012
 2  0.0235296  0.0232448  0.0210856  0.0649472  0.1192041  0.0487128  0.0389696  0.0184359  0.0192084  0.0114801  0.0087386  0.0066515  0.0059648  0.0184518  0.0176398  0.0156129  0.0148136  0.0217010  0.0224294  0.0125105  0.0121201  0.0206461  0.0264229  0.0168576  0.0140628  0.0129272  0.0105766
 3  0.1159195  0.0204990  0.0242389  0.3765710  0.3788220  0.9990000  0.9990000  0.9954584  0.9990000  0.9990000  0.0144155  0.0108826  0.0145033  0.0273833  0.0323198  0.0973190  0.1039453  0.0246440  0.0282315  0.0274599  0.0247476  0.1390251  0.1242330  0.0253869  0.0210924  0.0234919  0.0241476
 4  0.0433172  0.0375033  0.0361836  0.0119262  0.0177973  0.0237566  0.0204081  0.0218447  0.0228310  0.0255577  0.0410763  0.0331148  0.0317831  0.0376496  0.0381717  0.0340764  0.0319984  0.0342786  0.0367161  0.0344612  0.0328264  0.0245503  0.0297279  0.0379906  0.0376010  0.0366713  0.0360684
 1  0.1235830  0.1063336  0.0937672  0.1492799  0.1411698  0.1380063  0.1327077  0.1695155  0.2496800  0.0717504  0.0413511  0.0742875  0.0730822  0.1232761  0.1192407  0.2150855  0.3024634  0.5027407  0.6540041  0.2884991  0.1951712  0.2886846  0.2930588  0.2014748  0.2578134  0.1353928  0.1124951
 2  0.0244388  0.0200164  0.0179320  0.0273785  0.0237693  0.0245376  0.0268834  0.0391727  0.0560340  0.0105135  0.0064935  0.0134358  0.0150614  0.0264572  0.0241417  0.0443477  0.0583959  0.0880712  0.1122422  0.0378714  0.0286995  0.0473337  0.0534882  0.0395053  0.0464994  0.0232775  0.0173136
 3  0.1139036  0.0279801  0.0238561  0.1777885  0.1924839  0.0188884  0.0238286  0.2222592  0.2169563  0.0215912  0.0202652  0.0959977  0.0814388  0.0334775  0.0212913  0.3123744  0.3453615  0.0179789  0.0205403  0.1619188  0.1492208  0.0220150  0.0290232  0.2530938  0.2604734  0.0213639  0.0339305
 4  0.0466939  0.0358845  0.0401014  0.0381254  0.0364357  0.0347672  0.0305680  0.0194960  0.0404124  0.0413576  0.0378746  0.0292282  0.0302167  0.0412947  0.0372787  0.0228920  0.0271779  0.0357499  0.0375436  0.0403022  0.0373957  0.0338952  0.0324960  0.0292020  0.0305376  0.0421141  0.0435383
 1  0.1114495  0.0997521  0.0890032  0.0939087  0.0936715  0.0531232  0.0531162  0.0817962  0.0802912  0.0535670  0.0431521  0.0813835  0.0869052  0.1320209  0.1381767  0.1876351  0.2931453  0.4011206  0.9990000  0.1050432  0.0572933  0.0453477  0.0340167  0.1169685  0.1232212  0.1277862  0.1008272
 2  0.0220729  0.0191440  0.0174495  0.0193667  0.0197394  0.0117726  0.0115426  0.0173137  0.0147940  0.0094458  0.0082397  0.0163495  0.0180012  0.0279542  0.0308140  0.0436139  0.0662717  0.0826574  0.1231269  0.0123982  0.0069290  0.0068221  0.0060364  0.0234776  0.0253257  0.0232970  0.0173365
 3  0.1026403  0.0224182  0.0193220  0.0270720  0.0276813  0.0253799  0.0329027  0.1269662  0.1266676  0.0205356  0.0247847  0.2004451  0.2065985  0.0261726  0.0228273  0.2964473  0.3315432  0.6483106  0.9990000  0.2199754  0.2051173  0.0130695  0.0239520  0.1153893  0.1262996  0.0209945  0.0205184
 4  0.0426156  0.0361660  0.0324759  0.0321147  0.0339487  0.0350160  0.0356907  0.0371150  0.0381838  0.0361238  0.0365022  0.0346744  0.0312317  0.0339301  0.0360854  0.0127808  0.0118667  0.0194518  0.0187025  0.0508008  0.0431052  0.0339582  0.0354749  0.0305943  0.0395102  0.0443487  0.0362152
 1  0.1170474  0.1108915  0.0971356  0.0852943  0.0828539  0.0771423  0.0725284  0.1759300  0.2747055  0.0549663  0.0433279  0.0683339  0.0572031  0.1352995  0.1808968  0.2158690  0.2449166  0.1241641  0.1166473  0.1404013  0.1256745  0.1093198  0.0874886  0.0691817  0.0710495  0.0688653  0.0716592
 2  0.0222378  0.0203095  0.0184334  0.0170138  0.0164007  0.0154085  0.0154814  0.0407729  0.0570088  0.0097084  0.0070051  0.0118414  0.0108564  0.0290133  0.0406506  0.0467961  0.0522528  0.0239588  0.0214701  0.0257770  0.0223896  0.0188638  0.0160772  0.0140210  0.0161017  0.0165580  0.0175258
 3  0.1084871  0.0250263  0.0186146  0.0534628  0.0541789  0.0230618  0.0256980  0.3009044  0.3118494  0.0184959  0.0226632  0.0224259  0.0212186  0.2514399  0.2353686  0.0248398  0.0291586  0.1055534  0.1072639  0.0244912  0.0182862  0.0227732  0.0245270  0.0825890  0.0835961  0.0321166  0.0266490
 4  0.0409754  0.0384391  0.0371463  0.0368033  0.0340860  0.0341219  0.0304575  0.0187189  0.0243982  0.0458886  0.0390807  0.0359615  0.0287695  0.0182942  0.0214171  0.0351525  0.0365739  0.0352018  0.0332870  0.0391465  0.0382391  0.0356865  0.0348813  0.0284995  0.0286985  0.0325011  0.0399991
 1  0.1287303  0.1083194  0.0945049  0.2158795  0.2320849  0.5567999  0.7599036  0.3420927  0.2694747  0.3188700  0.3734346  0.6178241  0.7206823  0.3602995  0.2415056  0.2386020  0.1995689  0.1097255  0.1379909  0.1200479  0.1183048  0.0452888  0.0409285  0.1306978  0.1455839  0.1762091  0.1976434
 2  0.0248432  0.0199418  0.0178232  0.0385876  0.0387317  0.0959343  0.1063331  0.0457296  0.0432650  0.0534839  0.0586270  0.0934873  0.1074753  0.0488165  0.0288134  0.0349032  0.0346643  0.0215563  0.0280295  0.0240197  0.0241659  0.0091687  0.0081803  0.0268292  0.0302816  0.0380265  0.0406720
 3  0.1190409  0.0278573  0.0232904  0.2928514  0.3332170  0.0211843  0.0211220  0.0192855  0.0257371  0.2617815  0.2968400  0.0225094  0.0184572  0.0347984  0.0329194  0.0189961  0.0245084  0.2973943  0.2983276  0.0222228  0.0269551  0.0253074  0.0208570  0.1703055  0.1642054  0.0282909  0.0305636
 4  0.0466638  0.0384667  0.0386271  0.0397208  0.0310898  0.0395285  0.0461267  0.0366453  0.0323690  0.0346452  0.0331025  0.0388685  0.0388155  0.0502108  0.0443252  0.0350334  0.0336145  0.0226577  0.0250764  0.0346911  0.0359429  0.0368489  0.0348228  0.0271142  0.0245917  0.0364758  0.0355925
 1  0.1219628  0.1219804  0.1076496  0.0982917  0.1022021  0.1020244  0.0981174  0.0857726  0.0821653  0.1025277  0.1097973  0.1635160  0.1888999  0.1251237  0.1234843  0.0732216  0.0532162  0.0820413  0.0480193  0.1516836  0.1563789  0.1828707  0.2458285  0.1509686  0.2133515  0.1441511  0.1394763
 2  0.0230466  0.0222855  0.0202888  0.0198273  0.0226332  0.0220228  0.0201389  0.0174751  0.0171490  0.0221917  0.0250165  0.0392469  0.0409104  0.0260647  0.0200623  0.0117842  0.0084517  0.0115357  0.0074545  0.0279252  0.0340181  0.0470129  0.0720485  0.0461701  0.0552853  0.0301612  0.0263482
 3  0.1131144  0.0265852  0.0205769  0.0535465  0.0550152  0.0295789  0.0196303  0.0280343  0.0335680  0.0754677  0.0735455  0.0321849  0.0279352  0.1119418  0.1169762  0.0246039  0.0215618  0.0183577  0.0216730  0.0252890  0.0267101  0.0264851  0.0296299  0.1016040  0.1102682  0.0259037  0.0246261
 4  0.0426943  0.0374024  0.0355020  0.0326287  0.0333551  0.0401037  0.0373078  0.0346510  0.0332016  0.0302957  0.0307022  0.0325987  0.0387527  0.0458280  0.0457381  0.0425137  0.0533013  0.0465736  0.0427081  0.0358861  0.0291936  0.0302961  0.0340959  0.0320787  0.0377936  0.0378426  0.0360456
 1  0.1113715  0.0991147  0.0870466  0.1108181  0.1095790  0.1577127  0.1581463  0.2366874  0.4111558  0.1454372  0.1563966  0.0367216  0.0219978  0.0782213  0.0768735  0.1419788  0.1264183  0.1317363  0.1412007  0.1663379  0.1770200  0.1682149  0.1240314  0.1347081  0.1360004  0.0842353  0.1053325
 2  0.0213932  0.0185077  0.0168272  0.0213452  0.0211192  0.0306207  0.0321974  0.0516403  0.0849439  0.0232110  0.0202227  0.0049400  0.0034597  0.0142546  0.0160984  0.0287102  0.0239874  0.0259642  0.0289861  0.0347334  0.0392577  0.0262376  0.0184178  0.0232150  0.0277044  0.0193771  0.0249647
 3  0.1030635  0.0187453  0.0205456  0.1441328  0.1408337  0.0268770  0.0296882  0.3474421  0.3301235  0.6855734  0.0159962  0.0115932  0.0223008  0.1158482  0.1006173  0.0275558  0.0234499  0.1265230  0.1339156  0.0224051  0.0285509  0.3872704  0.4579981  0.0181516  0.0244844  0.2105321  0.1970948
 4  0.0401234  0.0378018  0.0360949  0.0322635  0.0302582  0.0341239  0.0330551  0.0140687  0.0169947  0.0210797  0.0465236  0.0402582  0.0349037  0.0297975  0.0312423  0.0417054  0.0379830  0.0305601  0.0329276  0.0325235  0.0540888  0.0379270  0.0154723  0.0308855  0.0321440  0.0248902  0.0234809
 1  0.1145158  0.0692925  0.0595296  0.0787744  0.0808072  0.1982132  0.2504243  0.1020595  0.0880044  0.0875503  0.0731998  0.0615344  0.0459664  0.0838780  0.0880040  0.0608684  0.0615369  0.0658342  0.0791762  0.1008210  0.1061268  0.0856763  0.0829952  0.0946722  0.1021631  0.0410552  0.0395988
 2  0.0226344  0.0130720  0.0115834  0.0159605  0.0173569  0.0460061  0.0588996  0.0203718  0.0169597  0.0159499  0.0138869  0.0108052  0.0083743  0.0167649  0.0187344  0.0136065  0.0147055  0.0164615  0.0193157  0.0235394  0.0245024  0.0182792  0.0174081  0.0212547  0.0224840  0.0090214  0.0090301
 3  0.1056338  0.0179666  0.0257688  0.1075251  0.1090731  0.0264352  0.0273358  0.0232715  0.0238220  0.0269860  0.0216817  0.0226316  0.0208631  0.1298341  0.1203544  0.0309004  0.0305129  0.1605218  0.1565335  0.0241539  0.0246687  0.0840962  0.0895900  0.0290787  0.0266369  0.0357697  0.0260923
 4  0.0427542  0.0386419  0.0382877  0.0285443  0.0289764  0.0335561  0.0371661  0.0397301  0.0378605  0.0367983  0.0384881  0.0398272  0.0386114  0.0330730  0.0344943  0.0329540  0.0351192  0.0308821  0.0284139  0.0344838  0.0360605  0.0326861  0.0271314  0.0374516  0.0372244  0.0363104  0.0323981
 1  0.1157815  0.0694723  0.0600285  0.0936858  0.0963105  0.1387309  0.1405368  0.0782238  0.0829489  0.1145069  0.1157232  0.0673582  0.0541081  0.0612631  0.0658560  0.1056661  0.1416522  0.1208605  0.1147719  0.0853941  0.0823774  0.0351061  0.0310756  0.0570489  0.0527122  0.0915845  0.0850806
 2  0.0229241  0.0132355  0.0117624  0.0189544  0.0194684  0.0281651  0.0293502  0.0168149  0.0178578  0.0252347  0.0216050  0.0117508  0.0102404  0.0131533  0.0163469  0.0273868  0.0321449  0.0233808  0.0221996  0.0165092  0.0162147  0.0069089  0.0065686  0.0123385  0.0109039  0.0177141  0.0165430
 3  0.1066490  0.0187667  0.0193410  0.1190420  0.1176344  0.0265695  0.0230829  0.1094665  0.1116909  0.0316238  0.0297933  0.0449032  0.0434540  0.0481218  0.0472386  0.2812767  0.3542109  0.0248483  0.0289404  0.1298092  0.1248680  0.0278243  0.0242469  0.0201782  0.0265147  0.1518496  0.1630903
 4  0.0440659  0.0384868  0.0344870  0.0358816  0.0321208  0.0337541  0.0338848  0.0311552  0.0314469  0.0459470  0.0441391  0.0373353  0.0322506  0.0340376  0.0341468  0.0233791  0.0211858  0.0388431  0.0355152  0.0329104  0.0308227  0.0365469  0.0355740  0.0388581  0.0405823  0.0322709  0.0293003
 1  0.1290325  0.0987184  0.0845850  0.0859817  0.0751066  0.1171936  0.0961643  0.0980966  0.1322348  0.1175143  0.1188110  0.1268078  0.1351950  0.0900617  0.0840078  0.1350935  0.1688986  0.1902439  0.1683447  0.0662367  0.0431305  0.0467051  0.0431534  0.1085819  0.1141541  0.1599547  0.2493330
 2  0.0246445  0.0180101  0.0159178  0.0158490  0.0131265  0.0199286  0.0179154  0.0208315  0.0306851  0.0263418  0.0256923  0.0265869  0.0258283  0.0170948  0.0176325  0.0314122  0.0397497  0.0379934  0.0289269  0.0099350  0.0071312  0.0087401  0.0086077  0.0236910  0.0274978  0.0418633  0.0638591
 3  0.1195162  0.0222546  0.0248791  0.1115438  0.1200353  0.0221352  0.0224589  0.2746970  0.2417243  0.0254309  0.0260969  0.1261563  0.1232748  0.0251804  0.0200342  0.1250897  0.1302436  0.0281665  0.0248990  0.0196003  0.0212060  0.0779415  0.0762413  0.0236600  0.0326939  0.2318397  0.2440307
 4  0.0458670  0.0372252  0.0380735  0.0366657  0.0379702  0.0369850  0.0317218  0.0159370  0.0189372  0.0367860  0.0406192  0.0343944  0.0350959  0.0359663  0.0304174  0.0235650  0.0313995  0.0424203  0.0449857  0.0423526  0.0379596  0.0352280  0.0351831  0.0312270  0.0347587  0.0164863  0.0201936
 1  0.1183230  0.0823829  0.0712253  0.1661783  0.2131830  0.1676182  0.1641971  0.1050962  0.0837075  0.0542650  0.0453112  0.1206779  0.1480503  0.1722542  0.1874208  0.0888325  0.0843003  0.1419992  0.1209397  0.1102450  0.1034958  0.1470327  0.1423231  0.1156562  0.1608224  0.0773487  0.0584628
 2  0.0224026  0.0152347  0.0136872  0.0340361  0.0421212  0.0313769  0.0314643  0.0185800  0.0145884  0.0097421  0.0087534  0.0257906  0.0341049  0.0394779  0.0384612  0.0173830  0.0165550  0.0266049  0.0203990  0.0194026  0.0195391  0.0283176  0.0293724  0.0261482  0.0328449  0.0128809  0.0101070
 3  0.1097152  0.0239594  0.0274386  0.2477166  0.2446516  0.0235083  0.0162832  0.0305218  0.0267725  0.0259119  0.0213758  0.1903426  0.1741948  0.0293795  0.0238283  0.0795456  0.0854223  0.0281940  0.0191966  0.1608803  0.1537809  0.0246850  0.0228233  0.3104072  0.3659717  0.0233961  0.0216663
 4  0.0420017  0.0388650  0.0359700  0.0273681  0.0266320  0.0338191  0.0362653  0.0406106  0.0355826  0.0392011  0.0344299  0.0241255  0.0230716  0.0391000  0.0366127  0.0347210  0.0391088  0.0435688  0.0408279  0.0298719  0.0313658  0.0365936  0.0301783  0.0155239  0.0263604  0.0411294  0.0350800
 1  0.1082802  0.1142389  0.1024760  0.0869503  0.0959060  0.2020514  0.2528613  0.1288118  0.1252915  0.0569771  0.0371106  0.0823772  0.0865206  0.2067026  0.2545673  0.2040656  0.2342361  0.0519509  0.0370079  0.1090493  0.1154867  0.3179633  0.3887510  0.1807000  0.1753273  0.1881885  0.1260579
 2  0.0206362  0.0212219  0.0196970  0.0180180  0.0210666  0.0467978  0.0600480  0.0270181  0.0231271  0.0087586  0.0061823  0.0158848  0.0188865  0.0493296  0.0621926  0.0461580  0.0409306  0.0081310  0.0063789  0.0211687  0.0243961  0.0684287  0.0778176  0.0332402  0.0264281  0.0265310  0.0193895
 3  0.1003378  0.0306082  0.0206844  0.1197464  0.1090381  0.0259562  0.0312834  0.1014784  0.1216587  0.0153450  0.0209789  0.1023837  0.0870909  0.0304968  0.0229796  0.1437631  0.1673765  0.0155951  0.0218757  0.1190844  0.1112259  0.0285051  0.0244714  0.1824712  0.2077461  0.0175166  0.0203067
 4  0.0383101  0.0396450  0.0341711  0.0299039  0.0273364  0.0315648  0.0372752  0.0352460  0.0472751  0.0365117  0.0342708  0.0333515  0.0310066  0.0321729  0.0388294  0.0384164  0.0463603  0.0378589  0.0339084  0.0282614  0.0296873  0.0362222  0.0370928  0.0374144  0.0477159  0.0404718  0.0392948
 1  0.1326288  0.1176636  0.1020179  0.1271088  0.1459584  0.1202966  0.0989642  0.1571968  0.1676451  0.2203782  0.2668806  0.0837944  0.0814587  0.1009958  0.0897972  0.0929976  0.0716125  0.1026600  0.0967555  0.1626516  0.1886923  0.1810303  0.2080418  0.1220949  0.1260077  0.0785278  0.0793593
 2  0.0249980  0.0212418  0.0189967  0.0254658  0.0297508  0.0222659  0.0164680  0.0276130  0.0316201  0.0455557  0.0567083  0.0175198  0.0168736  0.0201743  0.0158627  0.0161645  0.0117348  0.0184853  0.0199546  0.0373657  0.0445836  0.0406190  0.0437170  0.0250206  0.0266101  0.0165895  0.0165876
 3  0.1230205  0.0276498  0.0230592  0.1708689  0.1680724  0.0249333  0.0216604  0.2332135  0.2136605  0.0308820  0.0279705  0.0376358  0.0368147  0.0219744  0.0290949  0.0216890  0.0260455  0.0698923  0.0595368  0.0287423  0.0264588  0.1193482  0.1233905  0.0260782  0.0259042  0.1114362  0.1096310
 4  0.0462208  0.0378693  0.0343007  0.0270803  0.0322008  0.0419709  0.0411493  0.0306753  0.0241564  0.0322015  0.0325474  0.0343847  0.0324555  0.0420043  0.0414402  0.0402289  0.0394839  0.0322240  0.0293050  0.0347444  0.0383881  0.0332898  0.0320603  0.0360503  0.0325159  0.0374242  0.0329810
 1  0.1083181  0.1140063  0.1024436  0.0590043  0.0586156  0.0921899  0.0940626  0.0998359  0.1089282  0.0536197  0.0431053  0.0662065  0.0612184  0.0720149  0.0727313  0.0964958  0.1183270  0.0872903  0.0943534  0.0649500  0.0707929  0.0438327  0.0379940  0.0918704  0.0993663  0.1131211  0.0937502
 2  0.0208560  0.0213050  0.0197363  0.0118021  0.0120325  0.0196406  0.0202656  0.0223076  0.0203038  0.0093200  0.0082761  0.0129932  0.0126471  0.0158844  0.0166471  0.0216251  0.0253078  0.0189481  0.0218056  0.0154796  0.0174672  0.0094569  0.0078279  0.0195251  0.0222109  0.0220778  0.0177943
 3  0.1001866  0.0337345  0.0301996  0.1095659  0.1086299  0.0309683  0.0248268  0.1337015  0.1564481  0.0232887  0.0248758  0.0823970  0.0834702  0.0297428  0.0315146  0.2806798  0.3132286  0.0234045  0.0303764  0.0809278  0.0834106  0.0201846  0.0254510  0.1056543  0.1097834  0.0231221  0.0239032
 4  0.0388983  0.0373746  0.0365280  0.0329350  0.0341448  0.0352887  0.0329258  0.0347327  0.0404792  0.0359974  0.0382264  0.0346782  0.0332132  0.0371891  0.0395321  0.0279337  0.0237149  0.0302475  0.0341202  0.0268195  0.0321798  0.0317744  0.0349498  0.0318080  0.0405586  0.0400982  0.0363784
 1  0.1220607  0.3689111  0.4156371  0.2825895  0.4047187  0.3228547  0.3883288  0.1489754  0.0722485  0.0689645  0.0548678  0.1202723  0.1118015  0.1560661  0.1440347  0.0960245  0.1163232  0.1266614  0.1047901  0.2266171  0.3293166  0.1693295  0.0814191  0.1180827  0.1272997  0.1552908  0.1879886
 2  0.0234936  0.0679193  0.0728716  0.0499020  0.0679528  0.0478194  0.0552087  0.0158142  0.0096724  0.0108202  0.0096190  0.0218905  0.0199296  0.0281101  0.0278253  0.0208524  0.0237146  0.0226254  0.0195382  0.0452361  0.0654864  0.0204101  0.0118011  0.0208949  0.0266162  0.0374534  0.0478750
 3  0.1129126  0.0498522  0.0391005  0.3694676  0.3619113  0.5536298  0.6740230  0.3486730  0.3100412  0.0184836  0.0251811  0.1733250  0.1930190  0.0207874  0.0233974  0.1996279  0.2031607  0.0232544  0.0229120  0.2974552  0.2769290  0.0242439  0.0144720  0.1315241  0.1247837  0.0251182  0.0232911
 4  0.0437848  0.0398288  0.0395591  0.0240866  0.0244791  0.0292968  0.0338557  0.0404627  0.0318592  0.0357105  0.0405080  0.0341720  0.0333119  0.0353639  0.0329718  0.0249525  0.0343181  0.0370760  0.0313461  0.0209528  0.0399153  0.0437093  0.0334935  0.0263281  0.0245362  0.0328982  0.0343991
 1  0.1223909  0.0534962  0.0448578  0.0602160  0.0492217  0.1020269  0.0995392  0.1063607  0.1158219  0.1622856  0.1669091  0.2802104  0.4857762  0.5996478  0.9990000  0.1338812  0.0452890  0.0344015  0.0159891  0.0466248  0.0366887  0.0900697  0.1091028  0.1824240  0.2090611  0.1122151  0.1044843
 2  0.0234945  0.0099101  0.0086607  0.0108758  0.0092378  0.0203770  0.0202298  0.0224846  0.0248119  0.0339155  0.0348131  0.0622108  0.1058015  0.1041697  0.1911962  0.0120513  0.0042104  0.0038387  0.0023191  0.0076870  0.0069472  0.0194489  0.0252883  0.0434172  0.0412122  0.0205844  0.0201127
 3  0.1132614  0.0221573  0.0240588  0.0685618  0.0608081  0.0280417  0.0322860  0.1310505  0.1313211  0.0286483  0.0216690  0.2632230  0.2514887  0.6302581  0.9990000  0.9990000  0.0034606  0.0115332  0.0133319  0.0209897  0.0250908  0.2338100  0.2240310  0.0252678  0.0258240  0.1029783  0.1040197
 4  0.0441167  0.0351453  0.0379524  0.0459267  0.0357652  0.0366341  0.0369341  0.0337768  0.0365942  0.0339843  0.0324044  0.0189033  0.0212771  0.0334930  0.0559844  0.0792430  0.0526483  0.0387035  0.0386742  0.0345805  0.0336870  0.0145927  0.0113620  0.0389833  0.0405673  0.0354645  0.0346647
 1  0.1338174  0.0269737  0.0219313  0.0680491  0.0640393  0.0656115  0.0639359  0.0647810  0.0577430  0.0505498  0.0458210  0.0558769  0.0577178  0.0774710  0.0996818  0.0812195  0.0708171  0.1341795  0.1503988  0.1538936  0.1474750  0.1010538  0.0930954  0.1385381  0.1478183  0.2348826  0.3800848
 2  0.0253898  0.0049197  0.0041898  0.0136993  0.0133574  0.0135761  0.0123473  0.0128885  0.0100791  0.0092914  0.0091698  0.0122628  0.0143497  0.0216674  0.0274952  0.0172715  0.0144117  0.0276339  0.0309812  0.0303185  0.0300833  0.0199081  0.0179714  0.0286935  0.0324683  0.0537398  0.0776939
 3  0.1239903  0.0225296  0.0195951  0.0238374  0.0260919  0.1385136  0.1512104  0.0193035  0.0237607  0.1029391  0.0914290  0.0297202  0.0286831  0.1307830  0.1416715  0.0301840  0.0238711  0.1476304  0.1551297  0.0302565  0.0216538  0.0688402  0.0690577  0.0252794  0.0260463  0.3096083  0.3446787
 4  0.0476223  0.0400775  0.0355473  0.0328105  0.0387753  0.0345637  0.0333859  0.0404094  0.0440354  0.0353289  0.0321060  0.0346987  0.0333061  0.0275484  0.0392201  0.0386052  0.0372761  0.0286039  0.0359213  0.0349765  0.0374672  0.0366377  0.0323605  0.0343440  0.0320231  0.0183996  0.0207774
 1  0.1259169  0.0831957  0.0703120  0.0680302  0.0570566  0.1009670  0.1059535  0.1486614  0.1606467  0.1549120  0.1627949  0.2014954  0.2616952  0.1227792  0.1049110  0.1205032  0.1086128  0.2262439  0.2938736  0.2723847  0.2822184  0.1128041  0.0805636  0.1197298  0.1005834  0.1082260  0.0917685
 2  0.0239017  0.0150352  0.0132412  0.0123112  0.0108990  0.0212912  0.0230875  0.0313972  0.0323785  0.0311002  0.0345007  0.0448906  0.0534113  0.0219341  0.0189949  0.0220511  0.0212843  0.0475918  0.0558629  0.0485737  0.0516631  0.0184113  0.0126572  0.0205457  0.0173666  0.0188826  0.0177982
 3  0.1166749  0.0249287  0.0196212  0.0627377  0.0602321  0.0235838  0.0288053  0.1483671  0.1699676  0.0262513  0.0239846  0.1643713  0.1893325  0.0243557  0.0165423  0.0325511  0.0245796  0.1939743  0.2143607  0.0217541  0.0242726  0.0282571  0.0235571  0.0232342  0.0253266  0.0500629  0.0483656
 4  0.0437607  0.0413353  0.0357328  0.0379065  0.0330571  0.0334577  0.0336916  0.0348350  0.0327155  0.0342736  0.0335185  0.0292599  0.0348534  0.0385086  0.0368874  0.0396572  0.0336411  0.0277712  0.0303541  0.0347672  0.0396826  0.0443509  0.0391789  0.0411353  0.0431601  0.0390221  0.0330810
 1  0.1118120  0.1818013  0.1765901  0.1081251  0.1381719  0.1379746  0.1020399  0.1501365  0.1638197  0.2006160  0.1347532  0.1112312  0.1468439  0.2458865  0.2866564  0.1737168  0.2228644  0.1130765  0.0954860  0.0616441  0.0587347  0.0896728  0.0883713  0.0682412  0.0550551  0.0572045  0.0556544
 2  0.0220355  0.0345272  0.0335097  0.0214323  0.0253649  0.0213504  0.0173485  0.0269273  0.0248045  0.0272529  0.0217747  0.0214563  0.0297689  0.0500912  0.0612409  0.0361871  0.0427345  0.0194835  0.0177320  0.0122313  0.0125723  0.0195631  0.0194823  0.0132113  0.0106006  0.0119183  0.0119481
 3  0.1031050  0.0470545  0.0425278  0.3693755  0.3958087  0.0181500  0.0239552  0.3557924  0.4366686  0.0166096  0.0201395  0.3102874  0.3014153  0.0211799  0.0296997  0.2643088  0.3012763  0.0179211  0.0240223  0.0313896  0.0226538  0.0375359  0.0233918  0.0201141  0.0193619  0.0266383  0.0250542
 4  0.0419424  0.0416518  0.0343880  0.0157537  0.0227996  0.0369155  0.0361425  0.0255303  0.0304198  0.0404781  0.0387607  0.0142277  0.0205568  0.0329866  0.0329352  0.0202361  0.0224390  0.0336790  0.0328922  0.0336606  0.0334354  0.0349809  0.0373433  0.0380717  0.0361625  0.0354488  0.0366471
 1  0.1216805  0.1436062  0.1289389  0.1052074  0.1165171  0.1172305  0.1102137  0.0713780  0.0593023  0.1247876  0.1485292  0.2767760  0.3284136  0.1771436  0.1697261  0.1802313  0.1512917  0.0797576  0.0656586  0.1147424  0.1293866  0.1850238  0.1639752  0.1777124  0.1814935  0.2418533  0.2808281
 2  0.0233076  0.0264306  0.0242561  0.0209874  0.0234949  0.0233734  0.0198379  0.0127515  0.0108849  0.0243467  0.0293054  0.0546515  0.0685378  0.0321411  0.0285101  0.0294094  0.0256906  0.0139098  0.0122716  0.0241634  0.0269329  0.0349716  0.0290289  0.0316108  0.0333849  0.0475784  0.0594327
 3  0.1125661  0.0247906  0.0254889  0.1749117  0.1766047  0.0282143  0.0225157  0.0277072  0.0260732  0.2946338  0.3116546  0.0244835  0.0237023  0.2348876  0.2871783  0.0157820  0.0196547  0.0261449  0.0206079  0.1255899  0.1231968  0.0285789  0.0249916  0.1811041  0.1720497  0.0229636  0.0254146
 4  0.0435238  0.0375403  0.0370591  0.0240570  0.0267105  0.0388429  0.0388139  0.0398268  0.0370612  0.0235852  0.0246984  0.0338258  0.0350100  0.0317223  0.0288008  0.0377856  0.0389404  0.0400296  0.0351501  0.0281360  0.0370437  0.0420102  0.0422279  0.0348513  0.0319664  0.0307448  0.0419265
 1  0.1291358  0.0873879  0.0737104  0.0964116  0.0930610  0.1745237  0.1767500  0.2140329  0.3051406  0.2226614  0.2155898  0.1143297  0.0659381  0.1177738  0.1541100  0.1748143  0.1759671  0.0562658  0.0517391  0.0562242  0.0515759  0.1001991  0.1090319  0.0899410  0.0860105  0.1231704  0.1468220
 2  0.0246433  0.0158362  0.0138574  0.0181558  0.0178501  0.0339260  0.0356643  0.0458320  0.0603922  0.0399575  0.0369609  0.0155362  0.0104506  0.0218475  0.0306768  0.0344094  0.0336512  0.0109431  0.0105240  0.0115432  0.0110797  0.0223513  0.0240510  0.0188604  0.0185672  0.0279533  0.0312498
 3  0.1195893  0.0215944  0.0301508  0.1464883  0.1381316  0.0232713  0.0248231  0.2484995  0.2565714  0.0218334  0.0179153  0.0170360  0.0227774  0.3670194  0.3360205  0.0261504  0.0205182  0.0216299  0.0259517  0.0278836  0.0242560  0.1083690  0.1049759  0.0323782  0.0223286  0.1485763  0.1501908
 4  0.0454104  0.0368289  0.0396236  0.0341596  0.0321790  0.0360237  0.0325181  0.0182301  0.0229422  0.0389631  0.0474263  0.0416641  0.0355944  0.0148725  0.0175612  0.0369681  0.0359284  0.0358459  0.0363772  0.0367493  0.0352601  0.0306051  0.0321222  0.0363250  0.0320539  0.0312803  0.0345617
 1  0.1456978  0.1264619  0.1081965  0.1596316  0.1671731  0.1263050  0.1089971  0.1656644  0.1481501  0.1834903  0.2158899  0.1210311  0.1391541  0.0997589  0.0986199  0.0973485  0.1010517  0.0909721  0.0913813  0.0834831  0.0825798  0.0626136  0.0564596  0.0404365  0.0325239  0.0962608  0.1104509
 2  0.0272533  0.0224436  0.0197226  0.0296219  0.0311377  0.0236893  0.0167481  0.0268698  0.0268057  0.0376201  0.0492971  0.0262663  0.0272484  0.0189386  0.0199184  0.0204249  0.0212522  0.0194492  0.0194821  0.0180225  0.0182932  0.0137249  0.0104262  0.0072470  0.0064312  0.0209498  0.0260992
 3  0.1352938  0.0289579  0.0192446  0.1734615  0.1646102  0.0230799  0.0219273  0.1330968  0.1214541  0.0283811  0.0302699  0.2856113  0.3583535  0.0267785  0.0228787  0.1044911  0.1011546  0.0241454  0.0238175  0.0248359  0.0233515  0.0228537  0.0243778  0.0202457  0.0231428  0.1338901  0.1346940
 4  0.0503031  0.0372829  0.0376271  0.0366501  0.0333948  0.0455412  0.0424922  0.0361922  0.0274029  0.0329855  0.0366572  0.0271380  0.0210882  0.0346431  0.0352303  0.0338569  0.0275821  0.0343282  0.0337504  0.0340556  0.0373725  0.0437115  0.0439497  0.0352628  0.0324288  0.0243028  0.0346906
 1  0.1394635  0.1955862  0.1788795  0.1774724  0.2382439  0.2070765  0.1885352  0.1026924  0.0926781  0.0746791  0.0526502  0.0925395  0.0905049  0.0957047  0.1065922  0.0983987  0.1018175  0.0511880  0.0472942  0.0908269  0.0820536  0.1179181  0.1473275  0.1324244  0.1213999  0.1407809  0.1682234
 2  0.0258566  0.0346084  0.0321461  0.0333276  0.0413312  0.0328986  0.0336063  0.0191820  0.0171006  0.0122507  0.0092148  0.0180630  0.0181719  0.0205293  0.0245657  0.0228666  0.0222495  0.0111431  0.0089855  0.0173810  0.0162925  0.0254452  0.0320411  0.0262104  0.0240571  0.0296643  0.0384792
 3  0.1297000  0.0336895  0.0345535  0.4086763  0.5177629  0.0185265  0.0182356  0.0203574  0.0215411  0.0195066  0.0198829  0.0432925  0.0352578  0.1463588  0.1427306  0.0226587  0.0200925  0.0312990  0.0173343  0.0210332  0.0239544  0.2244571  0.1984053  0.0280110  0.0214555  0.1228454  0.1199650
 4  0.0471594  0.0435903  0.0420436  0.0161854  0.0190840  0.0350613  0.0338270  0.0355391  0.0418131  0.0401564  0.0365912  0.0333103  0.0330693  0.0255879  0.0260404  0.0370128  0.0378360  0.0386263  0.0373558  0.0356416  0.0318941  0.0252759  0.0268535  0.0379541  0.0334480  0.0264276  0.0248554
 1  0.1220500  0.1965221  0.1843379  0.1652155  0.2208491  0.1246443  0.0918037  0.1220733  0.1095153  0.1224433  0.1183365  0.1375860  0.1535325  0.3209001  0.3933500  0.3228299  0.2632149  0.1515596  0.1440552  0.2005503  0.2134210  0.1251642  0.1158107  0.1781086  0.2297098  0.1015452  0.0772990
 2  0.0232430  0.0360705  0.0342642  0.0330926  0.0415550  0.0194871  0.0155365  0.0213607  0.0192817  0.0233230  0.0239192  0.0278495  0.0295305  0.0620056  0.0796201  0.0499664  0.0396117  0.0255899  0.0266951  0.0378607  0.0400826  0.0232011  0.0218992  0.0357973  0.0389157  0.0155041  0.0137615
 3  0.1131263  0.0213455  0.0219484  0.2909838  0.3129626  0.0188178  0.0198858  0.1116796  0.1114097  0.0205030  0.0249385  0.2329379  0.2277054  0.0289641  0.0222349  0.2150743  0.2438527  0.0224482  0.0224295  0.1614401  0.1779733  0.0308303  0.0294570  0.3236955  0.4013618  0.0141117  0.0218966
 4  0.0431712  0.0360132  0.0314620  0.0201359  0.0333470  0.0382890  0.0345425  0.0329738  0.0331544  0.0358402  0.0342217  0.0304422  0.0244580  0.0343283  0.0395336  0.0378734  0.0287891  0.0324060  0.0374395  0.0360833  0.0359903  0.0338955  0.0338075  0.0208661  0.0277068  0.0333515  0.0326526
