2019 2020 2021 2022 2023 2024 2025 2026 2027 2028 2029 2030 2031 2032 2033 2034 2035 2036 2037 2038 2039 2040 2041 2042 2043 2044 2045
  25959.53   26051.37   28586.90   30102.09   40548.15   59421.79   68656.81   71546.29   57646.66   43740.38   35411.60   28616.31   25329.37   21474.02   19624.43   19654.84   14154.19    7386.06    4229.55    7752.13   16236.01   25312.32   31391.72   40284.36   40412.99   37319.85   33002.59
  26666.73   26817.68   29358.43   31142.63   23069.17   19817.71   25224.56   28789.91   33191.85   38189.91   34681.33   31379.24   33765.92   35528.89   36376.81   35180.87   43040.23   55546.16   58301.32   57987.08   44266.20   31043.61   18579.18    7284.82    3412.03    4921.67    7517.48
  27337.97   27563.26   28448.25   31279.49   29521.54   24807.54   22320.88   20969.99   22160.74   21912.52   22547.95   23628.90   20762.82   16658.27   20797.81   25335.02   25596.86   26320.33   28324.30   29873.79   25770.31   21044.34   18458.65   19690.50   27843.49   34667.12   37025.21
  27375.08   27902.26   32087.75   35823.44   33436.35   30249.58   30135.76   30529.73   36737.33   47651.68   55763.81   64221.35   65147.87   61099.15   61350.56   58574.99   50847.11   45454.63   41681.65   39423.69   39668.98   41752.29   42007.12   38857.55   26333.90   17441.04   17876.12
  27413.16   27422.00   30145.89   33079.47   36538.35   40916.21   44122.65   46288.04   37083.58   29449.03   22294.57   13546.27   18032.67   25300.85   32987.75   38863.57   25388.97   14133.44   17839.54   24285.78   29481.24   32765.23   20243.68   10457.23    3291.61    4115.19    8616.96
  27916.22   27932.99   28578.82   29468.15   22884.69   16512.52   16469.75   19368.31   28209.27   36077.57   37639.72   36172.05   31895.88   29229.20   29415.57   28651.08   20731.83   14948.68   12566.57   14255.67   18819.67   27492.51   34129.17   36691.51   27439.04   23664.62   30069.59
  25293.69   25675.19   26620.83   28717.20   30313.46   28714.53   28058.93   26588.89   22246.71   18241.43   14480.85   14604.25   20509.17   25278.53   29903.18   32974.96   26235.09   19367.29   25039.63   37398.18   49508.72   62048.22   66645.49   66582.68   62397.44   54374.91   36885.58
  26166.07   25622.66   29846.94   32696.05   33749.94   33905.20   32380.23   34677.31   39542.41   46071.14   49088.88   48451.91   41687.36   32567.57   22354.84   14586.34   27779.37   48586.19   57109.63   62561.91   38478.85   16804.96   13573.94   10916.92   15739.43   23155.88   35164.77
  26381.36   26438.13   27391.62   27393.21   18542.35   13213.52   16154.17   22281.78   37541.62   54481.27   63796.83   66766.63   53855.11   41370.80   35863.50   28933.14   23047.80   20472.84   22835.26   24534.11   28049.85   32077.25   33219.24   51485.53   83846.07  107444.01  115227.70
  25129.66   25193.12   26334.78   31249.74   34159.67   31674.42   31095.76   30105.36   24687.05   21434.74   23233.00   24897.43   25421.37   28499.67   32392.53   38881.91   48200.02   53722.22   38542.59   25118.56   21550.23   19079.98   14501.82   10392.72   14936.67   20414.53   22777.36
  27619.19   27734.69   31028.20   33768.31   32787.09   32175.76   35219.24   38052.00   34442.31   30567.66   29477.50   33231.78   38869.55   41646.29   46518.68   50220.49   41552.44   34341.74   35645.58   34383.26   32294.68   29341.01   28452.83   27260.90   22916.93   19429.49   18888.12
  24999.65   25065.38   27520.32   30954.24   29823.25   27161.18   24808.06   21368.88   16415.90   13254.68   18759.90   29078.66   43828.42   58380.81   59990.77   56975.65   48923.99   40908.50   29396.67   21268.43   28973.26   34774.76   37952.68   49452.37   60968.41   68557.90   64241.02
  23892.22   23434.10   25387.75   25918.84   28500.60   34017.37   38786.22   40778.67   40150.25   37194.16   27440.53   19994.08   18610.77   17495.71   16044.55   15140.78   16109.33   20763.08   25949.42   27278.00   29594.28   30704.04   23760.72   19320.44   20280.18   30620.49   44924.60
  24949.98   25151.37   26554.53   27277.33   20513.38   18086.06   22964.37   26860.76   25886.03   23868.76   23820.74   26796.89   31719.88   33520.75   21703.61   14546.71   21945.88   29151.75   41362.11   58432.91   65881.08   66634.97   45865.92   27975.99   23970.09   20455.12   20036.18
  22802.38   22249.88   23752.82   26600.48   30317.17   32688.71   34019.29   32678.06   29154.25   25030.41   23431.66   31002.79   44826.55   52567.56   44486.23   35376.64   32219.89   29243.04   23054.71   20004.51   23140.55   24945.36   25826.55   26289.64   29333.85   34623.37   37250.84
  24653.49   24614.47   26627.63   27479.48   28237.07   30845.28   31689.61   33391.45   26689.19   22110.89   29356.71   34889.69   34319.83   32589.91   32539.53   33414.81   44091.32   60905.85   76146.17   82620.09   59344.16   38991.97   31569.90   26775.48   25760.68   26494.72   37977.70
  25237.80   25258.33   25921.86   26934.61   28836.94   31396.64   32753.03   31967.01   29983.72   29759.58   32828.98   34700.72   34691.44   45935.83   62719.63   69619.80   48458.89   34205.37   36446.26   38430.53   34457.91   28438.58   22974.98   16461.59   16694.18   19740.71   23291.89
  29448.01   29880.41   32751.86   37613.56   34027.18   30921.71   37173.11   39785.62   24382.99   14318.67   16860.75   21268.24   24740.89   29994.07   29119.50   27607.93   33846.16   37279.75   36653.60   43765.19   55410.63   62931.47   66015.34   63988.73   45345.63   37486.01   44115.27
  26177.49   26590.86   28657.42   29151.53   12901.16    4449.86    7298.57    6661.53    6065.17    5611.58    7904.83   14394.81   18161.34   21826.17   24727.99   28066.12   29292.45   28346.28   28608.66   29768.13   31159.14   29979.46   24348.63   22031.96   24388.43   28458.64   33773.75
  26270.83   25684.57   27766.55   32226.00   34878.07   35749.26   35707.04   32493.78   22968.18   23643.36   36463.05   44491.43   44440.83   45103.01   49001.44   52270.24   34560.22   20558.55   15558.64   13248.44   18096.19   19862.56   19065.40   16326.68   13505.82   11641.91   16070.33
  29044.42   28804.22   30889.74   32189.41   32844.29   32646.49   34465.34   37678.19   40687.56   47657.24   56194.45   63759.26   58502.00   50916.30   48632.75   43987.88   26545.32   12689.32    5763.17    7428.36   14343.45   21691.35   27475.62   32201.90   31595.68   33943.67   43226.63
  27952.23   28601.36   30888.93   32759.88   35094.32   38239.74   39886.68   38858.51   25526.53   17842.97   25128.51   34270.14   39769.99   42988.35   31382.88   22140.33   19801.65   18155.40   19448.66   20801.61   24278.67   30586.81   36365.76   39203.27   37447.12   34515.26   33939.57
  25266.52   24941.75   27196.80   32544.68   29114.55   23255.42   20198.14   20764.37   23236.13   24675.34   21594.40   18895.12   15947.63   13638.68   24993.09   38758.61   41811.00   40369.77   32055.73   24942.53   26158.91   27052.83   31100.77   35584.50   30875.30   25201.29   23996.21
  26685.80   27043.85   29068.05   30130.20   28325.66   27514.53   29650.40   31550.62   32800.76   33179.42   30575.05   27080.34   25069.45   23851.96   27652.00   36182.20   50587.68   87477.07  134496.21  164225.22  153004.63  126990.94   96790.80   65351.64   48275.43   37999.71   39593.66
  29213.68   29706.20   32231.34   36003.03   35770.82   35038.60   34796.98   32037.71   17418.68    8958.96    9617.23   17401.94   26975.64   34454.13   34063.57   35671.03   40733.45   43745.02   39340.90   34373.12   31750.07   40206.49   47563.49   41376.56   40572.97   37601.87   30571.65
  28456.26   28346.14   31482.66   34118.23   32364.44   28502.48   23437.66   20984.61   23791.03   27959.42   32380.27   40877.99   52595.97   60088.47   56265.05   51581.58   50769.86   48812.09   40364.30   33945.89   32277.51   32388.88   32390.36   29925.11   29466.49   30024.75   30548.72
  27992.40   27615.38   30629.20   33610.68   32735.43   32035.32   31696.48   30558.29   29278.08   27408.86   30640.35   38613.40   44298.00   45589.42   42476.42   39555.44   29705.70   21295.94   22409.17   24301.75   24941.09   25787.82   28546.46   31039.32   35122.87   41858.43   42164.23
  25257.70   25172.50   27942.37   32595.66   38651.56   47733.23   54992.28   55711.02   40078.48   29492.72   29990.47   30038.77   29093.47   29111.95   29986.00   29183.82   23868.46   21518.41   25147.68   34975.21   48930.75   58969.47   65205.01   68590.18   64024.68   55623.39   34773.49
  27373.46   27647.46   30611.12   32506.32   24947.40   19587.82   20356.12   23480.97   29863.35   36740.22   43214.41   46944.34   36997.30   28552.33   27892.04   28231.97   29261.79   32160.46   40172.75   50212.47   50141.42   49063.63   49827.64   46423.99   34722.07   29689.78   38332.13
  30096.56   30971.34   32743.42   33241.85   29821.26   26041.09   21147.85   17607.37   18761.79   24033.84   34089.99   39953.34   37634.46   34478.38   28221.80   22772.16   21389.83   23591.19   31126.96   36717.36   34380.69   32132.65   26628.90   21513.63   24934.80   35118.45   48914.02
  24580.27   24581.66   26879.15   28148.83   24366.00   23339.23   30853.37   38996.27   33782.00   25986.99   22607.37   19570.64   20650.10   22446.13   27417.30   35329.82   47728.57   60139.89   59697.43   55805.24   49948.20   44761.04   38189.98   30731.24   30022.28   30249.08   30030.95
  30138.69   30885.72   32525.00   33879.93   34230.36   33740.57   34174.78   33954.86   34894.63   40019.28   46234.93   53274.20   56771.82   56079.74   56915.66   57361.22   44523.09   31094.25   29303.61   27624.85   25228.45   24849.59   28077.75   29810.83   27095.54   27340.18   31892.07
  26759.69   26880.70   21891.10   17103.51   11395.02    8131.78    6997.11    8259.46   14724.50   18019.43   23084.95   29434.18   31837.50   33374.19   34943.22   33109.52   29482.53   30859.64   35069.97   37071.42   24054.45   25358.87   43802.12   53277.58   47659.29   38587.00   33556.46
  26581.09   26545.55   30272.53   37815.85   44409.44   48279.60   51258.87   53141.82   48358.49   44639.70   42832.94   38891.33   20898.01    8228.73    3681.28    1655.75    6304.86   17791.19   31276.37   44530.51   54996.02   60925.82   48818.69   36778.09   36184.62   39270.43   39326.42
  24226.29   23885.80   28213.30   32375.94   34769.68   38033.16   40252.86   40890.50   51938.49   66248.47   69271.52   69230.92   66634.94   59870.21   48784.34   43474.13   46796.34   48623.96   42821.76   38572.52   39215.89   40509.61   43953.71   44640.24   41901.51   38590.16   22954.43
  26100.86   26523.31   29655.81   36020.32   41352.12   42389.91   42471.23   44326.40   40176.88   34511.10   32254.71   29207.36   23387.69   19628.95   22720.45   26742.67   28861.13   29566.24   23617.74   18805.74   17845.49   19444.92   28087.33   37103.60   45579.66   57744.77   63419.90
  29053.97   29015.13   28195.61   26763.74   20960.38   20515.93   26489.30   31388.10   32033.55   40518.90   52952.44   55433.91   42255.00   31962.40   27232.89   21830.29   17029.22   13670.86   15992.74   17191.72   18394.74   19759.41   20040.77   22695.68   26848.02   28896.92   30619.09
  26783.24   26992.21   28433.73   28885.51   26029.31   23826.68   28184.62   34909.28   41764.32   48339.88   38872.33   29040.91   24023.32   20841.72   21601.18   21484.69   25887.21   30985.88   37177.49   40417.94   37314.83   38553.11   43511.32   49672.77   45820.66   38725.02   33249.20
  25371.65   25493.70   28618.13   32732.47   33205.80   33179.61   32835.14   30275.10   21526.57   15296.32   16744.10   26258.27   39076.48   45693.80   33207.29   23630.61   25097.74   26419.93   28736.06   32068.88   34693.71   36264.92   33503.94   31617.80   32222.50   31630.10   27382.85
  22355.18   22021.23   24421.20   27671.48   25877.39   23849.31   33753.75   48528.22   49026.65   43705.97   37611.93   33226.81   28390.13   21151.49   21836.56   22799.95   22357.46   21554.46   21885.24   22401.75   22688.93   23252.14   28458.08   36666.74   42189.18   45011.37   38698.08
  23426.02   23556.33   24203.41   24427.92   17744.60   12183.89   13241.27   13770.40   16679.06   23224.13   30765.55   34998.20   37324.72   39356.24   33871.70   28401.93   28623.80   28991.87   34316.97   41652.74   45005.45   46969.14   37048.96   31951.20   34328.99   33886.02   27575.70
  26696.18   26881.07   27012.25   25684.74   19403.20   17969.38   23515.95   29191.31   33347.72   35257.66   36995.55   39553.18   34704.26   29900.19   23429.11   21938.16   24949.72   22605.62   24406.84   27173.34   25074.48   21962.97   24104.39   25465.66   21203.97   19855.71   24017.79
