FL 2019 2020 2021 2022 2023 2024 2025 2026 2027 2028 2029 2030 2031 2032 2033 2034 2035 2036 2037 2038 2039 2040 2041 2042 2043 2044 2045
 1  0.1254765  0.1113135  0.1044505  0.1151976  0.1306982  0.1139435  0.0940945  0.1427926  0.2029987  0.3038443  0.9990000  0.0974468  0.0617020  0.1288451  0.2182456  0.1011175  0.0701897  0.1254735  0.2434206  0.0105296  0.0051829  0.0442662  0.0474669  0.1017701  0.0624445  0.1414566  0.1263154
 2  0.0238751  0.0211859  0.0212859  0.0254557  0.0221779  0.0187001  0.0175915  0.0304215  0.0471950  0.0674266  0.1305475  0.0102307  0.0082867  0.0188173  0.0255588  0.0110824  0.0093907  0.0188122  0.0256673  0.0010496  0.0006299  0.0058934  0.0068522  0.0111129  0.0080640  0.0224066  0.0235532
 3  0.1162273  0.0237987  0.0189838  0.1618048  0.1755130  0.0194485  0.0233308  0.2523227  0.3573917  0.6693592  0.9990000  0.9990000  0.9990000  0.9990000  0.9990000  0.9990000  0.9990000  0.9990000  0.9990000  0.9990000  0.9990000  0.9990000  0.9990000  0.9990000  0.0400995  0.0242204  0.0210806
 4  0.0444602  0.0364351  0.0307074  0.0441052  0.0439112  0.0396502  0.0326264  0.0216852  0.0338866  0.0535203  0.0753590  0.0843875  0.0826024  0.1176861  0.1308331  0.0950342  0.0952134  0.1490738  0.1490900  0.0787854  0.0543021  0.0499375  0.0629116  0.0436868  0.0375524  0.0348186  0.0421583
 1  0.1220670  0.1254239  0.1208288  0.1807311  0.2725531  0.2305844  0.2661028  0.1197607  0.1344678  0.0795509  0.0747054  0.0511261  0.0515683  0.0490521  0.0504191  0.0375786  0.0370695  0.0395099  0.0272519  0.2341740  0.3897736  0.6140512  0.9327115  0.2583913  0.2094733  0.0231325  0.0151375
 2  0.0232303  0.0240070  0.0246680  0.0395257  0.0582886  0.0398680  0.0396806  0.0180288  0.0183791  0.0108868  0.0114266  0.0075108  0.0077543  0.0071061  0.0069706  0.0056190  0.0039044  0.0055518  0.0046769  0.0466457  0.0777811  0.0816038  0.1198175  0.0295499  0.0233655  0.0026272  0.0019247
 3  0.1130934  0.0339935  0.0347211  0.3015387  0.2960728  0.4840499  0.5803391  0.6650059  0.7588591  0.7020924  0.6370091  0.7225084  0.7363504  0.8083716  0.8517659  0.8352926  0.0227967  0.0129209  0.0232299  0.3748539  0.6294859  0.9990000  0.9990000  0.9990000  0.9990000  0.9990000  0.9990000
 4  0.0433681  0.0369043  0.0378206  0.0120943  0.0160959  0.0166663  0.0163594  0.0201034  0.0181875  0.0172236  0.0200980  0.0200992  0.0218601  0.0221061  0.0211141  0.0251056  0.0434825  0.0375742  0.0328651  0.0113553  0.0175966  0.0262764  0.0389327  0.0900033  0.0688744  0.0480885  0.0384158
 1  0.1187765  0.1772624  0.1814083  0.1531942  0.1663195  0.3009182  0.3898805  0.2038084  0.1919969  0.1256976  0.1273112  0.1701691  0.1660794  0.0791252  0.0750258  0.1625159  0.1667173  0.1694365  0.1700371  0.1409706  0.1427891  0.2428986  0.3025394  0.1536239  0.1127676  0.1068554  0.0962178
 2  0.0226444  0.0340864  0.0366428  0.0308241  0.0333873  0.0623836  0.0794050  0.0370468  0.0348652  0.0240725  0.0261970  0.0345414  0.0315276  0.0155584  0.0145463  0.0329874  0.0333863  0.0340181  0.0335582  0.0282046  0.0306648  0.0547788  0.0650618  0.0260163  0.0178528  0.0186533  0.0192452
 3  0.1100329  0.0498045  0.0394880  0.1295759  0.1445532  0.0245913  0.0318767  0.0430007  0.0404935  0.0394428  0.0395143  0.0415528  0.0412317  0.0381217  0.0358670  0.0320569  0.0327341  0.0321675  0.0321990  0.0318137  0.0318369  0.0351392  0.0441899  0.0519256  0.0141014  0.0176098  0.0154327
 4  0.0423910  0.0324117  0.0321645  0.0288105  0.0302794  0.0305911  0.0370503  0.0391460  0.0383056  0.0427520  0.0492528  0.0463642  0.0395987  0.0420994  0.0375793  0.0374479  0.0357924  0.0358393  0.0344630  0.0359701  0.0420361  0.0500123  0.0530643  0.0388041  0.0358261  0.0326980  0.0388633
 1  0.1193897  0.0679200  0.0613487  0.1470261  0.1945695  0.1699132  0.2316619  0.0862783  0.0845703  0.0306693  0.0213157  0.0442921  0.0377166  0.0526999  0.0553112  0.0837555  0.0911578  0.1449679  0.1815055  0.1532989  0.1492333  0.1554759  0.1467380  0.1690731  0.1999869  0.1682269  0.1934455
 2  0.0226910  0.0129094  0.0126073  0.0325452  0.0430820  0.0370736  0.0457294  0.0147298  0.0114978  0.0045366  0.0037636  0.0082793  0.0077795  0.0120396  0.0134656  0.0210534  0.0219230  0.0347277  0.0401558  0.0315533  0.0267606  0.0284529  0.0295213  0.0375787  0.0477738  0.0399146  0.0450265
 3  0.1105887  0.0253035  0.0244658  0.2073179  0.1784176  0.2407217  0.3313542  0.4553351  0.0533074  0.0208223  0.0244822  0.0310701  0.0244600  0.0665298  0.0681391  0.0263577  0.0267199  0.1485871  0.1544909  0.0342973  0.0147850  0.0184158  0.0232181  0.0247290  0.0291370  0.0361264  0.0416849
 4  0.0420011  0.0359938  0.0365225  0.0262148  0.0231435  0.0305851  0.0338004  0.0366853  0.0478216  0.0354735  0.0365007  0.0355455  0.0344928  0.0318562  0.0325022  0.0342629  0.0363357  0.0294255  0.0307982  0.0412475  0.0339495  0.0313778  0.0313407  0.0407019  0.0506350  0.0580198  0.0644199
 1  0.1189860  0.1082440  0.1024561  0.1187157  0.1381075  0.1986944  0.2024779  0.3061727  0.4482153  0.4982774  0.8913053  0.3938465  0.1734872  0.0359523  0.0214822  0.1511249  0.1490629  0.1984884  0.2272574  0.1176772  0.1047330  0.2045668  0.2418012  0.3258757  0.4848491  0.1509032  0.1171312
 2  0.0231473  0.0209637  0.0211278  0.0257863  0.0276967  0.0384561  0.0381248  0.0591757  0.0750897  0.0741572  0.1363227  0.0406330  0.0139783  0.0045541  0.0032597  0.0272849  0.0310288  0.0466145  0.0450460  0.0215413  0.0207588  0.0438687  0.0551638  0.0776710  0.1117245  0.0254835  0.0176232
 3  0.1099257  0.0264073  0.0205360  0.1616953  0.1727242  0.0209524  0.0206309  0.3063245  0.4036779  0.6098557  0.9990000  0.9990000  0.9990000  0.0091618  0.0180588  0.0129877  0.0125545  0.0135333  0.0158432  0.0244915  0.0211580  0.0212135  0.0250375  0.0318308  0.0475304  0.0854034  0.0676833
 4  0.0434759  0.0346955  0.0314731  0.0328881  0.0366029  0.0357360  0.0325779  0.0167429  0.0201208  0.0258423  0.0501643  0.1251054  0.0378290  0.0344440  0.0342254  0.0350325  0.0426719  0.0549262  0.0383282  0.0329967  0.0363056  0.0429124  0.0536322  0.0719961  0.0951705  0.0941398  0.0637291
 1  0.1162521  0.1743033  0.1788899  0.2242859  0.3609661  0.4806265  0.9990000  0.0664871  0.0269069  0.0754158  0.0978333  0.0815644  0.1014197  0.0440932  0.0370794  0.0912732  0.1274076  0.1009658  0.0904277  0.0330454  0.0309304  0.0553751  0.0370046  0.1867787  0.3533904  0.0259679  0.0168539
 2  0.0225599  0.0339334  0.0364824  0.0472925  0.0690074  0.0728148  0.1443016  0.0061335  0.0031101  0.0105311  0.0150345  0.0116397  0.0117987  0.0054911  0.0048047  0.0129013  0.0189143  0.0127462  0.0105047  0.0043615  0.0035766  0.0062355  0.0051511  0.0286251  0.0401009  0.0029004  0.0022987
 3  0.1074261  0.0416472  0.0377978  0.3684479  0.6010634  0.9990000  0.9990000  0.9990000  0.9990000  0.9990000  0.9990000  0.9990000  0.9990000  0.9990000  0.9990000  0.9990000  0.9990000  0.9990000  0.9990000  0.9990000  0.9990000  0.9990000  0.9990000  0.9990000  0.9990000  0.9990000  0.9990000
 4  0.0426515  0.0379031  0.0360471  0.0183398  0.0250063  0.0445072  0.0691545  0.0443579  0.0259231  0.0258524  0.0401170  0.0643780  0.0555926  0.0458931  0.0409740  0.0469782  0.0715890  0.0896817  0.0702882  0.0679099  0.0487091  0.0290090  0.0290193  0.0424507  0.0453961  0.0324303  0.0302847
 1  0.1297236  0.2047868  0.2119869  0.1205892  0.1366461  0.1130102  0.1601887  0.1193512  0.2332212  0.0942364  0.1178665  0.0273336  0.0108093  0.0371488  0.0366846  0.1747542  0.2777314  0.0997601  0.0754272  0.0243183  0.0131434  0.0541859  0.0437598  0.1121358  0.1380558  0.1229619  0.1708129
 2  0.0243926  0.0381699  0.0412593  0.0236574  0.0272458  0.0234216  0.0335534  0.0224497  0.0343485  0.0122165  0.0138626  0.0024417  0.0012714  0.0050831  0.0056420  0.0265847  0.0377486  0.0134246  0.0055962  0.0029029  0.0019614  0.0091667  0.0082722  0.0242356  0.0318679  0.0290765  0.0401732
 3  0.1204050  0.0654831  0.0613295  0.2139642  0.2426000  0.3034273  0.4292251  0.7546784  0.9990000  0.9990000  0.9990000  0.9990000  0.9990000  0.7241509  0.6948993  0.8659312  0.9990000  0.9990000  0.9990000  0.0090886  0.0246990  0.0188272  0.0281457  0.2116169  0.1831690  0.2392932  0.3321960
 4  0.0445032  0.0406293  0.0348220  0.0313176  0.0373932  0.0519355  0.0736504  0.1020952  0.1367852  0.2045636  0.2116753  0.0937658  0.0588336  0.0575245  0.0705011  0.0831400  0.1115101  0.1782542  0.0509488  0.0383192  0.0367415  0.0367547  0.0363202  0.0209005  0.0211602  0.0285530  0.0383397
 1  0.1244105  0.0413573  0.0369127  0.0426727  0.0452522  0.1028960  0.1249783  0.2587744  0.2547181  0.1214277  0.1049341  0.2102167  0.2485051  0.1844444  0.2323877  0.1363818  0.1255057  0.1503109  0.1132115  0.2836526  0.4366374  0.4405673  0.9990000  0.0688011  0.0345331  0.0490375  0.0307298
 2  0.0246932  0.0080751  0.0077118  0.0097153  0.0112830  0.0272701  0.0279420  0.0498787  0.0439097  0.0208035  0.0195020  0.0432349  0.0557916  0.0426732  0.0537738  0.0289426  0.0162497  0.0221002  0.0198322  0.0545436  0.0807385  0.0735550  0.1828024  0.0068816  0.0041756  0.0057140  0.0035342
 3  0.1146225  0.0242517  0.0287447  0.0277139  0.0290908  0.1029542  0.1140555  0.0194727  0.0229134  0.0388340  0.0460237  0.0534022  0.0625652  0.0843630  0.1066997  0.1451316  0.0187847  0.0184703  0.0175565  0.3389502  0.4113841  0.8294128  0.9990000  0.9990000  0.9990000  0.9990000  0.0140521
 4  0.0469218  0.0337215  0.0327702  0.0378548  0.0466516  0.0319269  0.0384223  0.0370345  0.0396416  0.0387792  0.0355081  0.0300913  0.0406427  0.0550007  0.0670820  0.0762670  0.0480679  0.0354596  0.0322650  0.0171679  0.0129752  0.0228250  0.0456976  0.0530768  0.0365172  0.0239027  0.0443905
 1  0.1237088  0.1965694  0.2071930  0.2817253  0.4766227  0.4774772  0.6381230  0.0331062  0.0138151  0.0728428  0.0515183  0.1167629  0.1314701  0.1369105  0.1710721  0.1289917  0.1893076  0.0922611  0.0891404  0.0561894  0.0567585  0.0439040  0.0405957  0.0381461  0.0144171  0.0685372  0.0600568
 2  0.0237626  0.0374854  0.0409759  0.0585521  0.0905518  0.0625884  0.0775761  0.0031857  0.0015688  0.0103640  0.0088678  0.0236179  0.0293112  0.0321411  0.0414787  0.0309091  0.0427237  0.0147693  0.0131658  0.0083486  0.0075738  0.0062141  0.0064493  0.0040045  0.0019571  0.0115212  0.0120420
 3  0.1145732  0.0740615  0.0756027  0.3152188  0.5383853  0.9990000  0.9990000  0.9990000  0.0115450  0.0158675  0.0198314  0.1245753  0.1217575  0.1424655  0.1774514  0.2571288  0.3810584  0.6314300  0.6295792  0.6525816  0.6806502  0.5471073  0.0281606  0.0235251  0.0100781  0.0213639  0.0220936
 4  0.0440699  0.0379144  0.0361969  0.0138646  0.0195508  0.0276953  0.0326391  0.0215236  0.0411011  0.0355610  0.0331605  0.0258825  0.0273019  0.0330483  0.0442935  0.0620701  0.0810281  0.0671896  0.0654293  0.0700725  0.0572015  0.0532485  0.0634552  0.0488265  0.0361429  0.0320057  0.0312751
 1  0.1300004  0.1813853  0.1820354  0.1496411  0.1554046  0.1151786  0.1531412  0.1333132  0.1977533  0.1201944  0.1182883  0.0575463  0.0727789  0.0677110  0.0311007  0.0567954  0.0311562  0.1232749  0.1219329  0.1460108  0.1870961  0.3161400  0.4762354  0.1799292  0.1859223  0.0786109  0.0672033
 2  0.0246276  0.0342159  0.0361063  0.0284442  0.0295861  0.0234823  0.0335810  0.0271047  0.0341707  0.0154945  0.0141552  0.0077552  0.0103225  0.0065221  0.0036586  0.0070148  0.0046233  0.0217538  0.0248485  0.0341267  0.0467033  0.0738120  0.0937885  0.0282154  0.0229761  0.0108966  0.0109884
 3  0.1205402  0.0405668  0.0347515  0.1894466  0.1981804  0.2275382  0.2997440  0.4809910  0.7377413  0.9990000  0.9990000  0.9990000  0.9990000  0.9990000  0.8404403  0.0165762  0.0161484  0.0871085  0.0843513  0.0940870  0.1202551  0.1655059  0.2549844  0.4802419  0.5194899  0.3570958  0.2897383
 4  0.0455741  0.0384291  0.0406823  0.0306451  0.0339380  0.0471109  0.0711573  0.0878937  0.1030314  0.1091046  0.0968403  0.1071967  0.1479193  0.0901096  0.0592390  0.0401092  0.0314041  0.0274639  0.0350432  0.0485424  0.0638268  0.0710151  0.0841228  0.1106135  0.0756150  0.0681369  0.0798730
 1  0.1180277  0.0938898  0.0878459  0.0984908  0.1129647  0.1470630  0.1603806  0.1289205  0.1349694  0.1258965  0.1349586  0.1281430  0.0993811  0.1615291  0.1604509  0.1470369  0.1449531  0.1508656  0.1787892  0.1239039  0.1662970  0.2337081  0.3994853  0.0795876  0.0867907  0.1368372  0.1321429
 2  0.0228373  0.0181486  0.0181948  0.0217552  0.0252313  0.0328907  0.0334239  0.0266592  0.0300459  0.0286104  0.0309370  0.0240136  0.0174112  0.0294970  0.0296237  0.0282192  0.0302556  0.0317462  0.0361825  0.0241386  0.0314379  0.0385899  0.0487511  0.0104230  0.0122149  0.0176397  0.0156639
 3  0.1090697  0.0259515  0.0220447  0.1190396  0.1096302  0.0251929  0.0192781  0.0193955  0.0199502  0.0227314  0.0245562  0.0241349  0.0186960  0.1098578  0.1126633  0.0277208  0.0224865  0.2346421  0.3055695  0.4010380  0.5419028  0.8743617  0.9990000  0.9990000  0.9990000  0.9990000  0.9990000
 4  0.0428520  0.0368476  0.0338266  0.0307650  0.0277577  0.0356799  0.0344483  0.0363440  0.0452869  0.0503907  0.0535537  0.0420519  0.0377253  0.0314659  0.0351568  0.0302070  0.0356234  0.0229965  0.0202173  0.0254256  0.0329913  0.0406835  0.0427518  0.0514696  0.0628233  0.0692489  0.0578916
 1  0.1305073  0.1430011  0.1374305  0.1668228  0.2130300  0.2537319  0.4815218  0.4208933  0.4789800  0.0577862  0.0441065  0.0412545  0.0211597  0.1033526  0.0894460  0.1583228  0.2166374  0.2621512  0.3533031  0.1262573  0.1021767  0.0897097  0.0712724  0.1508440  0.1104554  0.1667618  0.1573982
 2  0.0247657  0.0269414  0.0274781  0.0343797  0.0429187  0.0494993  0.0845749  0.0533123  0.0472585  0.0072741  0.0044173  0.0049272  0.0028437  0.0169969  0.0171428  0.0347314  0.0509299  0.0543571  0.0615614  0.0170079  0.0139515  0.0140122  0.0122802  0.0237073  0.0187921  0.0301417  0.0304452
 3  0.1209417  0.0314106  0.0368327  0.2543962  0.3266770  0.4801008  0.9246936  0.9990000  0.9990000  0.9990000  0.9990000  0.0081554  0.0176304  0.0242506  0.0217214  0.2357198  0.2186141  0.3309435  0.4621349  0.6638435  0.2702241  0.0125968  0.0211546  0.0825354  0.0841121  0.0244175  0.0199980
 4  0.0457994  0.0380748  0.0377257  0.0190681  0.0237495  0.0339632  0.0541456  0.1107627  0.0816002  0.0771608  0.0382158  0.0441420  0.0368416  0.0330681  0.0304450  0.0149894  0.0178021  0.0191490  0.0207957  0.0189996  0.0316485  0.0347632  0.0428608  0.0406296  0.0378028  0.0366166  0.0326967
 1  0.1355563  0.1824441  0.1870257  0.1211367  0.1566223  0.0903615  0.0748617  0.0404017  0.0406066  0.0993200  0.1183194  0.1778000  0.2061400  0.2161585  0.2514121  0.1190176  0.1169902  0.1647553  0.1122358  0.0809440  0.0746736  0.1120428  0.1186241  0.2496785  0.2913968  0.2076037  0.1410361
 2  0.0258173  0.0347184  0.0370905  0.0257155  0.0290922  0.0153784  0.0138280  0.0083618  0.0096140  0.0269336  0.0328493  0.0449110  0.0460590  0.0461002  0.0526146  0.0237493  0.0245678  0.0268975  0.0180233  0.0147134  0.0152687  0.0252402  0.0285136  0.0595727  0.0583923  0.0297343  0.0218035
 3  0.1255444  0.0582374  0.0595047  0.2696831  0.2664235  0.0145482  0.0117407  0.0107707  0.0106742  0.0114189  0.0136346  0.0158794  0.0185434  0.0206841  0.0239380  0.0282962  0.0276454  0.0276230  0.0160207  0.0119024  0.0107386  0.0105795  0.0111787  0.0120397  0.0351921  0.2023150  0.2135888
 4  0.0485933  0.0382806  0.0338421  0.0251694  0.0313651  0.0343379  0.0344650  0.0408020  0.0508151  0.0667231  0.0698006  0.0684151  0.0654827  0.0732028  0.0823074  0.0876742  0.0975874  0.0545552  0.0358507  0.0368800  0.0422759  0.0469311  0.0527018  0.0520424  0.0473422  0.0391144  0.0309528
 1  0.1307984  0.1695620  0.1651477  0.2952805  0.5343134  0.7803906  0.6368167  0.3089315  0.3218229  0.1643406  0.1164546  0.1017629  0.0707769  0.1751168  0.2074102  0.1501798  0.1513863  0.0480331  0.0331125  0.0804887  0.0632807  0.1649658  0.1957940  0.1688275  0.2132817  0.1378324  0.1564075
 2  0.0245606  0.0317910  0.0328246  0.0626129  0.1036215  0.0860591  0.0729746  0.0378848  0.0438833  0.0195226  0.0126303  0.0126338  0.0104060  0.0291953  0.0373980  0.0244345  0.0197644  0.0070488  0.0047413  0.0129282  0.0119306  0.0362400  0.0493864  0.0454268  0.0554775  0.0318493  0.0351936
 3  0.1213701  0.0237124  0.0273869  0.3336660  0.6101593  0.9990000  0.9990000  0.9990000  0.9990000  0.9990000  0.9990000  0.4672932  0.3750129  0.3284038  0.3843458  0.5391615  0.5730493  0.0174616  0.0239296  0.0216627  0.0211319  0.0195589  0.0229990  0.0307548  0.0392125  0.0504139  0.0570902
 4  0.0453260  0.0346999  0.0342295  0.0142759  0.0218558  0.0259459  0.0232277  0.0268570  0.0341000  0.0373835  0.0229350  0.0277044  0.0221391  0.0250332  0.0335328  0.0356533  0.0249079  0.0415686  0.0440227  0.0338056  0.0304976  0.0382143  0.0554754  0.0750988  0.0810157  0.0871445  0.1019553
 1  0.1425452  0.1759241  0.1721209  0.1670166  0.2094596  0.1302696  0.1580746  0.1082644  0.2571707  0.1634812  0.0872664  0.0122391  0.0044648  0.0941469  0.0903379  0.0808768  0.0915557  0.1439985  0.1752537  0.1866791  0.1842760  0.1027361  0.1035424  0.0562113  0.0534253  0.0813331  0.0662855
 2  0.0270896  0.0331628  0.0341435  0.0335166  0.0370762  0.0223805  0.0287256  0.0203309  0.0439367  0.0176268  0.0077451  0.0011522  0.0006189  0.0164854  0.0188011  0.0200244  0.0253138  0.0401228  0.0422601  0.0381452  0.0354019  0.0202768  0.0217684  0.0119890  0.0111211  0.0155729  0.0124009
 3  0.1320490  0.0188857  0.0256848  0.3114441  0.3500499  0.4030925  0.4793076  0.7657541  0.9990000  0.9990000  0.9990000  0.0116060  0.0102200  0.0233320  0.0218263  0.0229295  0.0258212  0.0298793  0.0368095  0.0411817  0.0408881  0.0409403  0.0408235  0.0426509  0.0408203  0.0137165  0.0237777
 4  0.0507192  0.0369784  0.0339474  0.0248198  0.0230981  0.0271400  0.0376757  0.0637885  0.1269183  0.1886989  0.0746076  0.0426676  0.0316441  0.0333234  0.0428565  0.0580013  0.0697284  0.0751371  0.0701795  0.0605221  0.0577604  0.0644475  0.0724297  0.0734707  0.0646194  0.0351980  0.0377237
 1  0.1323154  0.1439949  0.1372608  0.1106659  0.1394833  0.2540595  0.2687641  0.2404029  0.2503597  0.2143451  0.1766448  0.1427472  0.1454138  0.1675528  0.1718794  0.1220179  0.1059146  0.0742356  0.0551969  0.0970000  0.1332828  0.3198145  0.9990000  0.0995950  0.0583645  0.0957518  0.0675479
 2  0.0251284  0.0271413  0.0274672  0.0239534  0.0299355  0.0501663  0.0502530  0.0425638  0.0442358  0.0353612  0.0285604  0.0254337  0.0283339  0.0339733  0.0358515  0.0244280  0.0153449  0.0113746  0.0099388  0.0205020  0.0319392  0.0782935  0.1715457  0.0108337  0.0066878  0.0139281  0.0102991
 3  0.1226001  0.0236045  0.0330017  0.2093109  0.2026745  0.0257102  0.0216183  0.1504151  0.1614973  0.0231447  0.0231995  0.1251236  0.0980985  0.0188729  0.0231088  0.1093486  0.1306868  0.0177840  0.0237306  0.2880117  0.3922057  0.7142880  0.9990000  0.9990000  0.0098232  0.0133698  0.0214790
 4  0.0466048  0.0344016  0.0326760  0.0206998  0.0248373  0.0345531  0.0344474  0.0345644  0.0314120  0.0425293  0.0360262  0.0321731  0.0298159  0.0331337  0.0338184  0.0521720  0.0403468  0.0357722  0.0319154  0.0129337  0.0213241  0.0364208  0.0485598  0.0450193  0.0411241  0.0377482  0.0378738
 1  0.1289129  0.2032378  0.2239255  0.1404670  0.1417030  0.1473185  0.1764319  0.1126770  0.1553468  0.0722228  0.0723519  0.0547160  0.0606854  0.0374180  0.0142328  0.1137086  0.1200800  0.1926172  0.2013107  0.1952845  0.2304089  0.3336892  0.5498136  0.2912071  0.4722727  0.0436166  0.0329254
 2  0.0243850  0.0384447  0.0434012  0.0272965  0.0273527  0.0286632  0.0343617  0.0216299  0.0266356  0.0101714  0.0100814  0.0077584  0.0078027  0.0036194  0.0019934  0.0201237  0.0254043  0.0428085  0.0408462  0.0387919  0.0464014  0.0685451  0.1056760  0.0430148  0.0427977  0.0051340  0.0047751
 3  0.1195341  0.1331501  0.1243791  0.0438355  0.0400078  0.2748557  0.3283677  0.4545499  0.6387372  0.8574343  0.8625995  0.9256581  0.9990000  0.0157453  0.0136543  0.0905313  0.0954017  0.0290685  0.0312439  0.1744890  0.1736899  0.2336501  0.3910957  0.9990000  0.9990000  0.9030334  0.6357497
 4  0.0452728  0.0363821  0.0322591  0.0373398  0.0370761  0.0204101  0.0254871  0.0344412  0.0373809  0.0353838  0.0363095  0.0403368  0.0369891  0.0408514  0.0341666  0.0297712  0.0332201  0.0412506  0.0384215  0.0276883  0.0250984  0.0344430  0.0491629  0.0937408  0.0643453  0.0463208  0.0509785
 1  0.1102676  0.1079712  0.1035780  0.1331792  0.1662542  0.1634388  0.1514051  0.1637008  0.1827718  0.1773531  0.2121418  0.1356998  0.1298128  0.1874836  0.1731279  0.1048610  0.0884279  0.0893819  0.0887100  0.1124664  0.0921122  0.0750055  0.0694895  0.1004257  0.1150129  0.1123294  0.0999418
 2  0.0212429  0.0209596  0.0215121  0.0281117  0.0338264  0.0301639  0.0279269  0.0328459  0.0406789  0.0427190  0.0434305  0.0259229  0.0256662  0.0350751  0.0325933  0.0190535  0.0164574  0.0181203  0.0190014  0.0207160  0.0163722  0.0140739  0.0144347  0.0237175  0.0309002  0.0254693  0.0200457
 3  0.1019949  0.0322910  0.0242469  0.2788597  0.3125570  0.0172959  0.0218224  0.0206093  0.0226160  0.0279248  0.0341555  0.0326819  0.0306035  0.0307730  0.1284546  0.0226767  0.0196658  0.0273390  0.0303240  0.1265509  0.1287247  0.0291961  0.0240949  0.0241644  0.0990411  0.0243474  0.0180731
 4  0.0398775  0.0361773  0.0324314  0.0191872  0.0188521  0.0357896  0.0335706  0.0391299  0.0529391  0.0710559  0.0545474  0.0505551  0.0546927  0.0471849  0.0299609  0.0333932  0.0332355  0.0342475  0.0403562  0.0420926  0.0360650  0.0324975  0.0318868  0.0402841  0.0273830  0.0406628  0.0336213
 1  0.1249681  0.1369230  0.1301718  0.3515683  0.5367153  0.3954809  0.4882549  0.2286216  0.2160497  0.0997224  0.0875270  0.0654284  0.0567940  0.1079901  0.1070342  0.0743767  0.0650255  0.0866880  0.0879266  0.0551604  0.0515305  0.0805387  0.0948361  0.0638073  0.0594489  0.0679102  0.0563631
 2  0.0235296  0.0257902  0.0262302  0.0773882  0.1255486  0.0770158  0.0799812  0.0348971  0.0342243  0.0166235  0.0129468  0.0107584  0.0108336  0.0217261  0.0210609  0.0140374  0.0127489  0.0178308  0.0186322  0.0114819  0.0112449  0.0193021  0.0237981  0.0143477  0.0122817  0.0126948  0.0103128
 3  0.1159195  0.0231952  0.0229527  0.0237179  0.0359253  0.0846494  0.1087952  0.1322306  0.1239886  0.1216587  0.1086032  0.0748300  0.0624513  0.0625504  0.0629160  0.0580718  0.0504622  0.0477509  0.0483400  0.0481546  0.0448414  0.0458384  0.0537683  0.0622467  0.0588732  0.0532518  0.0160977
 4  0.0433172  0.0345313  0.0315338  0.0392452  0.0664994  0.0981432  0.0971281  0.1101527  0.1123757  0.1214140  0.0805177  0.0716584  0.0843443  0.0870001  0.0775248  0.0659949  0.0649346  0.0690648  0.0714367  0.0653220  0.0698215  0.0888278  0.1069520  0.0886967  0.0756834  0.0584666  0.0371957
 1  0.1235830  0.1405912  0.1396325  0.1841645  0.2248049  0.1748267  0.2204639  0.2553554  0.8188462  0.0168590  0.0057100  0.0650516  0.0558251  0.1056010  0.1045200  0.2262717  0.2437966  0.3470588  0.5555704  0.5457399  0.4769033  0.3358363  0.4687371  0.1707925  0.1633409  0.0547792  0.0491477
 2  0.0244388  0.0275778  0.0287244  0.0374068  0.0399300  0.0303605  0.0409803  0.0484621  0.0952518  0.0013784  0.0007230  0.0105231  0.0107497  0.0218725  0.0204225  0.0447830  0.0492855  0.0717669  0.1072471  0.0646764  0.0604024  0.0448990  0.0617976  0.0215173  0.0180188  0.0071771  0.0053252
 3  0.1139036  0.0348992  0.0367692  0.2772711  0.3174374  0.3606065  0.4454124  0.8023316  0.9990000  0.9990000  0.0087779  0.0190029  0.0254304  0.1232376  0.1296835  0.0180887  0.0229043  0.2280787  0.3692127  0.9302752  0.8259324  0.9875391  0.9990000  0.9990000  0.9990000  0.9990000  0.9990000
 4  0.0466939  0.0433337  0.0416754  0.0264327  0.0226122  0.0267881  0.0398316  0.0731786  0.0964994  0.0384408  0.0383169  0.0343612  0.0327736  0.0382785  0.0341629  0.0346190  0.0330828  0.0221311  0.0312900  0.0315108  0.0328542  0.0436944  0.0604825  0.0933922  0.0708011  0.0686148  0.0425320
 1  0.1114495  0.1062878  0.1020291  0.1055778  0.1214822  0.0770526  0.0830612  0.0892237  0.0851295  0.0530929  0.0440196  0.0829222  0.0865992  0.1274384  0.1358683  0.1939039  0.2414469  0.2732086  0.3967209  0.2806229  0.2649650  0.0611370  0.0479448  0.1177154  0.1152339  0.1162691  0.0968315
 2  0.0220729  0.0212015  0.0216238  0.0239416  0.0282108  0.0182526  0.0189240  0.0192358  0.0161542  0.0097213  0.0086309  0.0169954  0.0184032  0.0279134  0.0312469  0.0462361  0.0600518  0.0698833  0.0836433  0.0488404  0.0384723  0.0096582  0.0086717  0.0237302  0.0241208  0.0222905  0.0172393
 3  0.1026403  0.0192199  0.0209783  0.0807295  0.0925810  0.0271354  0.0309109  0.0379773  0.0354872  0.0185540  0.0265356  0.1505200  0.1500535  0.0291155  0.0259051  0.0289592  0.0359430  0.0503223  0.0747539  0.0944917  0.0904194  0.0144953  0.0109097  0.0095092  0.0260308  0.0547719  0.0478116
 4  0.0426156  0.0331236  0.0309965  0.0287077  0.0332823  0.0323542  0.0352438  0.0407456  0.0368167  0.0339510  0.0348350  0.0349056  0.0279804  0.0326655  0.0322055  0.0382278  0.0517179  0.0741152  0.0682742  0.0671263  0.0465918  0.0351055  0.0354097  0.0371564  0.0350001  0.0395879  0.0342238
 1  0.1170474  0.1174287  0.1109625  0.1082584  0.1271991  0.1021779  0.1028925  0.1872258  0.2312297  0.0482039  0.0442457  0.0805962  0.0719141  0.1414589  0.1586005  0.1760493  0.2119308  0.1591731  0.1652085  0.1556195  0.1493154  0.1136863  0.0894504  0.0664354  0.0647186  0.0610193  0.0635875
 2  0.0222378  0.0223059  0.0225928  0.0236439  0.0275269  0.0214097  0.0224312  0.0432997  0.0515899  0.0102076  0.0083379  0.0152525  0.0143590  0.0312037  0.0381361  0.0437938  0.0526514  0.0353275  0.0336901  0.0304226  0.0272387  0.0194829  0.0162668  0.0133347  0.0147182  0.0150186  0.0161252
 3  0.1084871  0.0268636  0.0186593  0.1394189  0.1338275  0.0277362  0.0277037  0.0299414  0.0371912  0.0435062  0.0332576  0.0195106  0.0188049  0.0176976  0.0196541  0.0233507  0.0281766  0.0354135  0.0372022  0.0373981  0.0361518  0.0157280  0.0197185  0.0171185  0.0164345  0.0173054  0.0181186
 4  0.0409754  0.0364417  0.0312064  0.0325115  0.0302637  0.0320913  0.0361336  0.0446880  0.0471026  0.0504514  0.0398272  0.0342344  0.0314545  0.0367911  0.0457661  0.0548676  0.0632298  0.0631470  0.0587773  0.0570334  0.0478178  0.0340019  0.0320065  0.0346416  0.0426292  0.0475901  0.0492711
 1  0.1287303  0.1214578  0.1150476  0.2481300  0.3386612  0.7434172  0.9990000  0.3167569  0.2286168  0.3106746  0.3046345  0.4997937  0.6637005  0.4510357  0.3450286  0.2219405  0.1742511  0.1049332  0.1109698  0.1124835  0.1275581  0.0602769  0.0617328  0.1487130  0.1586818  0.1633162  0.2030941
 2  0.0248432  0.0232892  0.0234404  0.0501168  0.0611377  0.1262992  0.1585216  0.0391263  0.0353266  0.0501912  0.0489359  0.0836506  0.1051360  0.0595691  0.0376486  0.0311258  0.0295732  0.0203466  0.0234619  0.0250555  0.0284697  0.0126632  0.0120981  0.0286291  0.0311478  0.0335817  0.0382449
 3  0.1190409  0.0225295  0.0236724  0.3107379  0.3904812  0.0191626  0.0350653  0.1063724  0.1099845  0.1051799  0.0183774  0.1496691  0.2007724  0.3182900  0.0159775  0.0076285  0.0233644  0.1069444  0.1117527  0.1217388  0.1379755  0.1612475  0.1664322  0.1594432  0.1690128  0.1960233  0.2463541
 4  0.0466638  0.0338529  0.0340444  0.0203725  0.0164150  0.0388953  0.0362797  0.0354203  0.0375805  0.0372119  0.0354206  0.0333000  0.0404264  0.0451764  0.0436258  0.0333305  0.0313845  0.0258881  0.0285293  0.0328568  0.0362089  0.0379760  0.0341875  0.0328622  0.0374753  0.0483460  0.0469029
 1  0.1219628  0.1302858  0.1249909  0.1119677  0.1256543  0.1262814  0.1389988  0.1065687  0.1100426  0.1054834  0.1124206  0.1516917  0.1813571  0.1174932  0.1105271  0.0661390  0.0475340  0.0824687  0.0487018  0.1505159  0.1544262  0.1824930  0.2791583  0.1866239  0.2467338  0.1271422  0.1250508
 2  0.0230466  0.0247232  0.0253186  0.0245683  0.0303882  0.0303611  0.0311324  0.0226352  0.0232679  0.0226329  0.0253554  0.0361367  0.0384381  0.0237600  0.0174191  0.0106822  0.0076079  0.0116885  0.0075883  0.0277731  0.0336643  0.0470179  0.0797849  0.0524604  0.0581087  0.0249221  0.0221181
 3  0.1131144  0.0320063  0.0255712  0.0263938  0.0292902  0.0355264  0.0397353  0.0425649  0.0438499  0.0460975  0.0489208  0.0551988  0.0669885  0.0699297  0.0239897  0.0149876  0.0229845  0.0229717  0.0187576  0.0218679  0.0268122  0.1498907  0.1397225  0.0340221  0.0456104  0.1484925  0.1422330
 4  0.0426943  0.0351920  0.0323258  0.0392198  0.0523993  0.0563535  0.0543973  0.0553787  0.0589899  0.0638529  0.0751283  0.0916721  0.0806876  0.0835520  0.0430506  0.0388127  0.0542409  0.0465265  0.0380164  0.0334799  0.0296025  0.0177797  0.0202544  0.0384994  0.0346497  0.0371067  0.0350860
 1  0.1113715  0.1046022  0.0988400  0.1380784  0.1766836  0.2148117  0.2289739  0.2323226  0.2864547  0.1001334  0.0949767  0.0590006  0.0436922  0.0881496  0.0846524  0.1353204  0.1343943  0.1453426  0.1440005  0.1499435  0.1602528  0.2133083  0.1319746  0.1213045  0.1364048  0.1104135  0.1388513
 2  0.0213932  0.0202620  0.0205270  0.0296496  0.0364919  0.0415910  0.0453150  0.0482472  0.0620988  0.0205156  0.0176619  0.0099203  0.0076615  0.0170304  0.0185456  0.0288385  0.0258221  0.0279826  0.0294269  0.0320113  0.0365993  0.0321374  0.0206821  0.0224986  0.0292928  0.0262534  0.0339131
 3  0.1030635  0.0226105  0.0252146  0.2648799  0.2825093  0.0239946  0.0255327  0.0290801  0.0356845  0.0478220  0.0461279  0.0383050  0.0231797  0.0186300  0.0330332  0.1297616  0.1441096  0.0218865  0.0228536  0.0239219  0.2314624  0.0232548  0.0188927  0.1292211  0.1264276  0.1594222  0.2014790
 4  0.0401234  0.0332351  0.0382191  0.0194423  0.0196473  0.0356630  0.0406717  0.0515372  0.0672248  0.0750124  0.0593397  0.0416089  0.0329495  0.0330899  0.0340837  0.0378510  0.0304255  0.0338330  0.0308300  0.0337983  0.0329177  0.0451984  0.0350100  0.0247711  0.0241464  0.0327362  0.0398493
 1  0.1145158  0.0904078  0.0844163  0.0997759  0.1178642  0.2329722  0.4029576  0.1825803  0.1851874  0.0719424  0.0540843  0.0361841  0.0174417  0.0743961  0.0651166  0.0475572  0.0466112  0.0653978  0.0740981  0.0967806  0.1124024  0.1060392  0.1085494  0.0961356  0.1126941  0.0414934  0.0414400
 2  0.0226344  0.0177182  0.0176298  0.0221678  0.0275867  0.0574185  0.0934112  0.0257975  0.0239823  0.0084175  0.0070890  0.0042000  0.0025111  0.0127547  0.0127465  0.0103909  0.0112511  0.0168566  0.0190371  0.0242526  0.0271981  0.0228376  0.0223314  0.0208649  0.0231562  0.0082017  0.0083916
 3  0.1056338  0.0182376  0.0221438  0.1341710  0.1577152  0.2065382  0.3597389  0.9093587  0.9522993  0.9971070  0.7445683  0.0200671  0.0146317  0.0252157  0.0213466  0.0217574  0.0282664  0.0748671  0.0850974  0.0979258  0.1142458  0.1335424  0.1381491  0.1480717  0.1742678  0.1844170  0.1818475
 4  0.0427542  0.0328718  0.0330049  0.0296347  0.0386098  0.0557729  0.0809523  0.0813806  0.0802609  0.0677011  0.0640788  0.0410119  0.0359555  0.0299335  0.0342041  0.0299684  0.0312955  0.0276658  0.0310563  0.0335058  0.0371846  0.0337096  0.0344949  0.0437761  0.0426705  0.0425508  0.0457756
 1  0.1157815  0.0969098  0.0916984  0.1277187  0.1597151  0.1904573  0.2071866  0.0822195  0.0813855  0.0982622  0.0978581  0.0696017  0.0560233  0.0608094  0.0643591  0.0985821  0.1069156  0.1053998  0.1148174  0.1115519  0.1135001  0.0373212  0.0351284  0.0584020  0.0556504  0.0927253  0.0809513
 2  0.0229241  0.0192028  0.0193154  0.0283782  0.0348824  0.0395645  0.0430631  0.0171045  0.0171733  0.0217185  0.0186341  0.0124046  0.0108024  0.0132905  0.0163129  0.0264033  0.0277244  0.0257210  0.0268290  0.0249048  0.0250752  0.0080905  0.0079427  0.0132395  0.0118070  0.0180287  0.0160924
 3  0.1066490  0.0196824  0.0194850  0.1916940  0.2125281  0.0203751  0.0221325  0.0249112  0.0246244  0.0242254  0.0299480  0.0153197  0.0120744  0.0110264  0.0115098  0.0129806  0.0142571  0.0154852  0.0168707  0.0181809  0.0185519  0.0189437  0.0177786  0.0176212  0.0333503  0.0479110  0.0579846
 4  0.0440659  0.0321031  0.0329352  0.0239112  0.0228945  0.0305839  0.0339138  0.0384717  0.0384550  0.0417747  0.0395955  0.0352656  0.0351330  0.0429706  0.0584267  0.0617648  0.0592893  0.0607683  0.0639993  0.0629634  0.0641020  0.0624061  0.0664820  0.0634209  0.0394395  0.0411433  0.0366613
 1  0.1290325  0.1287604  0.1224373  0.1172602  0.1308842  0.1485965  0.1251587  0.1001718  0.1091380  0.0951661  0.1031596  0.1365975  0.1502543  0.0996966  0.1008280  0.1430001  0.1773968  0.1724619  0.1582247  0.0627512  0.0398356  0.0460367  0.0409943  0.1015200  0.1308633  0.2373088  0.6013017
 2  0.0246445  0.0244595  0.0247338  0.0239597  0.0244846  0.0251824  0.0228889  0.0206973  0.0257175  0.0235567  0.0251830  0.0319627  0.0316410  0.0203917  0.0221547  0.0341396  0.0428720  0.0351891  0.0269085  0.0092828  0.0065358  0.0085769  0.0082295  0.0225676  0.0305111  0.0551514  0.1123504
 3  0.1195162  0.0262646  0.0284586  0.2264183  0.2579736  0.0260170  0.0279034  0.0266052  0.0285867  0.0332415  0.0363791  0.0395892  0.0439990  0.0448403  0.0447042  0.0499567  0.0622063  0.0760097  0.0206475  0.0186503  0.0191228  0.0265424  0.0245407  0.2646377  0.3385167  0.5332043  0.9990000
 4  0.0458670  0.0357284  0.0374782  0.0289753  0.0366802  0.0361207  0.0315546  0.0396653  0.0536700  0.0592439  0.0604537  0.0616346  0.0569320  0.0578929  0.0701585  0.0905308  0.1060143  0.0862727  0.0488937  0.0392168  0.0364125  0.0376519  0.0321419  0.0200352  0.0281129  0.0430621  0.0749317
 1  0.1183230  0.1080783  0.1022404  0.1964562  0.2957651  0.2468507  0.3891273  0.1704583  0.1095954  0.0362937  0.0293920  0.0999224  0.1186163  0.1336728  0.1804700  0.0475953  0.0470811  0.0969329  0.0682782  0.0699918  0.0502890  0.1169711  0.1221211  0.1326355  0.1437082  0.0628130  0.0535206
 2  0.0224026  0.0207619  0.0210858  0.0437811  0.0635229  0.0474412  0.0652781  0.0189919  0.0132700  0.0047649  0.0042541  0.0160791  0.0207875  0.0214508  0.0215705  0.0062267  0.0064566  0.0117939  0.0076601  0.0099897  0.0085685  0.0220199  0.0248006  0.0290631  0.0306938  0.0123220  0.0104726
 3  0.1097152  0.0229544  0.0263911  0.2617008  0.2688918  0.4432847  0.7107629  0.9990000  0.9151835  0.6869290  0.5444928  0.4906027  0.5729664  0.8658657  0.9990000  0.9990000  0.9673114  0.9990000  0.0408279  0.0238931  0.0193495  0.1803033  0.1876732  0.0237988  0.0241919  0.0219211  0.0249166
 4  0.0420017  0.0345320  0.0318517  0.0171868  0.0210292  0.0284238  0.0366468  0.0338426  0.0256759  0.0227649  0.0220213  0.0247968  0.0344286  0.0408705  0.0341573  0.0330917  0.0350488  0.0280144  0.0507634  0.0364619  0.0345111  0.0257315  0.0264300  0.0364683  0.0408671  0.0393355  0.0354085
 1  0.1082802  0.1281870  0.1249024  0.1142162  0.1312248  0.2043200  0.2908101  0.1787619  0.1993136  0.0582260  0.0373839  0.0778623  0.0744914  0.1777996  0.2117999  0.1954081  0.2141351  0.0537122  0.0413985  0.1120033  0.1147091  0.2986539  0.3787455  0.2001437  0.1881538  0.1842226  0.1371486
 2  0.0206362  0.0246608  0.0256909  0.0255719  0.0318450  0.0528395  0.0765242  0.0398135  0.0368769  0.0084801  0.0059161  0.0144694  0.0159639  0.0427262  0.0535157  0.0468942  0.0411318  0.0092412  0.0075413  0.0225290  0.0251505  0.0675317  0.0792469  0.0375675  0.0292630  0.0272632  0.0212257
 3  0.1003378  0.0342042  0.0292397  0.0307588  0.0350034  0.0430442  0.0612273  0.1008805  0.1157597  0.1092400  0.0179090  0.0130395  0.0122089  0.0125533  0.0149730  0.0187167  0.0210780  0.0271015  0.0218291  0.0421851  0.0427891  0.0456684  0.0587434  0.0768202  0.0289186  0.1474748  0.1517984
 4  0.0383101  0.0392128  0.0340866  0.0427155  0.0553486  0.0745970  0.1053690  0.1167761  0.0998767  0.0624994  0.0335942  0.0355709  0.0436864  0.0509843  0.0618183  0.0655884  0.0483849  0.0386117  0.0323758  0.0316611  0.0368720  0.0385990  0.0415004  0.0462030  0.0442835  0.0375928  0.0360712
 1  0.1326288  0.1463043  0.1408976  0.1751251  0.2700586  0.2271026  0.2801221  0.1004523  0.0819330  0.1424240  0.1990183  0.0808467  0.1036158  0.0814857  0.0604240  0.0513204  0.0275193  0.1014957  0.0867349  0.1500992  0.1999049  0.2296751  0.2304919  0.1044615  0.1038632  0.0736610  0.0698772
 2  0.0249980  0.0274896  0.0281580  0.0377885  0.0564902  0.0348855  0.0312070  0.0130905  0.0128597  0.0255523  0.0345059  0.0124163  0.0143797  0.0100410  0.0065967  0.0063759  0.0036497  0.0164586  0.0168937  0.0335761  0.0446196  0.0448409  0.0438875  0.0204609  0.0214584  0.0155119  0.0149670
 3  0.1230205  0.0304295  0.0381169  0.3264488  0.5043041  0.9990000  0.9990000  0.4999479  0.3847273  0.4064429  0.5710198  0.8401971  0.9990000  0.9990000  0.9907618  0.0109135  0.0163890  0.0207615  0.0262598  0.2190833  0.2655767  0.0229980  0.0243135  0.0253292  0.0249284  0.0249317  0.0236673
 4  0.0462208  0.0379856  0.0327775  0.0142468  0.0202716  0.0232020  0.0177264  0.0233702  0.0269610  0.0371801  0.0442626  0.0526079  0.0569290  0.0537103  0.0321483  0.0430370  0.0388514  0.0337237  0.0328008  0.0171530  0.0252333  0.0356613  0.0366210  0.0424607  0.0455564  0.0448931  0.0434055
 1  0.1083181  0.1429281  0.1414403  0.0897155  0.1126281  0.1339374  0.1429955  0.1004015  0.1006416  0.0471438  0.0383043  0.0669504  0.0606255  0.0676222  0.0716941  0.1039230  0.1057001  0.0743536  0.0857286  0.0831050  0.0975687  0.0484328  0.0464093  0.0974147  0.1048105  0.1004870  0.0844016
 2  0.0208560  0.0276615  0.0290630  0.0194386  0.0242572  0.0282115  0.0298218  0.0213319  0.0182596  0.0083280  0.0074681  0.0133549  0.0128376  0.0154089  0.0167738  0.0234474  0.0241841  0.0183255  0.0224772  0.0224829  0.0271818  0.0116014  0.0100901  0.0211666  0.0238079  0.0196915  0.0158533
 3  0.1001866  0.0380673  0.0451692  0.2564431  0.2638372  0.0278054  0.0296604  0.0472144  0.0423980  0.0217878  0.0248781  0.0272024  0.0223570  0.0789459  0.0721778  0.0267389  0.0271711  0.0291240  0.0333472  0.0394747  0.0463547  0.0567429  0.0554118  0.0536805  0.0574459  0.0634401  0.0543338
 4  0.0388983  0.0367258  0.0360918  0.0160920  0.0181888  0.0333729  0.0343563  0.0428880  0.0394157  0.0339534  0.0356148  0.0386459  0.0308481  0.0311564  0.0342138  0.0373715  0.0405364  0.0521307  0.0658545  0.0767712  0.0944835  0.0780671  0.0705906  0.0731723  0.0884042  0.0645888  0.0550065
 1  0.1220607  0.3739779  0.4618307  0.3791971  0.5321980  0.4470916  0.5758992  0.1789376  0.0938044  0.0721480  0.0614618  0.1232784  0.1051669  0.1494705  0.1393216  0.0985773  0.1055586  0.1178669  0.1054456  0.2396442  0.2879526  0.2214850  0.1244464  0.1223418  0.1231197  0.1331728  0.1621891
 2  0.0234936  0.0715663  0.0880100  0.0721578  0.1011801  0.0748950  0.0909086  0.0201891  0.0127827  0.0115465  0.0108297  0.0221368  0.0189183  0.0274888  0.0273787  0.0217377  0.0228229  0.0235461  0.0213344  0.0506475  0.0635423  0.0303247  0.0187391  0.0219805  0.0262365  0.0333666  0.0439576
 3  0.1129126  0.0395871  0.0351324  0.0511117  0.0714296  0.1266630  0.1652776  0.2267998  0.1160743  0.0790454  0.0661954  0.0571908  0.1338606  0.0237472  0.0218729  0.0221660  0.0237729  0.0204254  0.0278716  0.0269973  0.2699925  0.0181952  0.0142809  0.0103465  0.0101303  0.0115724  0.0141184
 4  0.0437848  0.0354199  0.0328854  0.0488908  0.0677790  0.0927959  0.1115132  0.0788749  0.0599997  0.0579525  0.0571318  0.0473542  0.0358139  0.0346271  0.0375241  0.0485625  0.0435793  0.0373691  0.0337063  0.0369719  0.0328377  0.0435657  0.0338921  0.0379822  0.0537325  0.0761576  0.0917438
 1  0.1223909  0.0721368  0.0660946  0.0845632  0.0834746  0.1250102  0.1302931  0.1108682  0.1181014  0.1565058  0.1623145  0.2848073  0.3950649  0.4435526  0.7563791  0.2962203  0.2009108  0.0283570  0.0128193  0.0449693  0.0346468  0.0889358  0.0990084  0.1667487  0.1933784  0.1153185  0.1059533
 2  0.0234945  0.0138895  0.0136954  0.0172826  0.0171915  0.0263536  0.0272552  0.0235395  0.0254037  0.0331135  0.0343379  0.0639886  0.0930792  0.0982880  0.1507961  0.0362609  0.0194308  0.0030399  0.0018094  0.0072330  0.0064208  0.0188435  0.0231489  0.0412503  0.0400101  0.0219292  0.0210732
 3  0.1132614  0.0276452  0.0257166  0.1168537  0.1268354  0.0305379  0.0217942  0.0878482  0.0903065  0.0276609  0.0287446  0.0308080  0.0424332  0.0740751  0.1286791  0.4707610  0.3433407  0.1266465  0.0104168  0.0215183  0.0240570  0.1383465  0.1528967  0.0315248  0.0276874  0.0387895  0.0470748
 4  0.0441167  0.0343492  0.0362941  0.0319221  0.0305623  0.0328402  0.0346596  0.0301113  0.0309760  0.0325408  0.0344743  0.0429648  0.0642862  0.0930308  0.1365080  0.2083876  0.0972862  0.0437524  0.0425738  0.0362344  0.0317436  0.0304584  0.0393919  0.0388062  0.0374079  0.0354055  0.0316155
