FL 2019 2020 2021 2022 2023 2024 2025 2026 2027 2028 2029 2030 2031 2032 2033 2034 2035 2036 2037 2038 2039 2040 2041 2042 2043 2044 2045
 1  0.7288134  0.6829873  0.6670241  0.6666705  0.6879452  0.7186311  0.7069307  0.7014817  0.6995320  0.7007192  0.7051454  0.7031148  0.7025480  0.6952240  0.6900752  0.6945804  0.6934492  0.6742023  0.6588827  0.6756825  0.7012177  0.7082450  0.7094735  0.7131832  0.7146889  0.7020004  0.6897030
 2  0.5725724  0.5324563  0.5399610  0.5524280  0.5981294  0.6166664  0.6079292  0.5788983  0.5346474  0.5012864  0.4985410  0.5324278  0.5509563  0.5442903  0.5321021  0.5445672  0.5567615  0.5397790  0.5280928  0.5654720  0.5959110  0.6036694  0.5935613  0.5875128  0.5835129  0.5728898  0.5468413
 3  0.7521145  0.7094340  0.6929213  0.6898816  0.7045586  0.7420274  0.7304254  0.7207616  0.7157516  0.7151428  0.7189121  0.7189397  0.7204710  0.7132755  0.7064242  0.7106502  0.7124561  0.6944996  0.6761409  0.6918623  0.7215883  0.7294340  0.7296883  0.7306856  0.7339455  0.7222685  0.7083094
 4  0.4566311  0.4437178  0.4685063  0.4699600  0.5364533  0.5537361  0.5083963  0.4376560  0.3839756  0.3698149  0.4068833  0.4575592  0.4626089  0.4303865  0.4251293  0.4692506  0.4798104  0.4347828  0.4409154  0.5107189  0.5314368  0.5198797  0.4870584  0.4936953  0.5048511  0.4741521  0.4266995
 1  0.7290193  0.6838820  0.6678089  0.6673518  0.6665136  0.6751424  0.6956221  0.6999170  0.6978758  0.7030075  0.7021584  0.7010226  0.6913071  0.6778910  0.6911754  0.6985065  0.7007228  0.7149231  0.7095967  0.7083189  0.6969161  0.6843686  0.6830449  0.6630079  0.6416772  0.6402502  0.6700643
 2  0.5731135  0.5329778  0.5397176  0.5533576  0.5511684  0.5606693  0.5760369  0.5772677  0.5704312  0.5702328  0.5648356  0.5563754  0.5455604  0.5400812  0.5519955  0.5558173  0.5747869  0.5937590  0.5940853  0.5752757  0.5383518  0.5215711  0.5248400  0.5137603  0.5015451  0.5301175  0.5651907
 3  0.7523618  0.7102255  0.6935304  0.6902976  0.6869463  0.6925512  0.7143239  0.7195282  0.7158491  0.7213110  0.7210298  0.7182049  0.7088145  0.6956738  0.7082339  0.7163745  0.7167042  0.7351371  0.7308803  0.7265477  0.7137366  0.7007851  0.7003408  0.6819462  0.6585901  0.6563413  0.6888164
 4  0.4573780  0.4432885  0.4673433  0.4726879  0.4582448  0.4834456  0.5022428  0.4836573  0.4766417  0.4844870  0.4640744  0.4549031  0.4535629  0.4528508  0.4670174  0.4568729  0.5033604  0.5274179  0.4952503  0.4472936  0.4174213  0.4304007  0.4408171  0.4117229  0.4181055  0.4768178  0.4996574
 1  0.7283085  0.6841639  0.6666911  0.6700390  0.6862537  0.6910673  0.6838499  0.6867444  0.6928622  0.6915902  0.6905439  0.6933989  0.6939442  0.6867691  0.6877205  0.6995375  0.6883954  0.6861573  0.6874989  0.6914820  0.6823496  0.6717235  0.6722909  0.6819334  0.7006831  0.7025271  0.6969416
 2  0.5726575  0.5332084  0.5388817  0.5662377  0.5806924  0.5773242  0.5536455  0.5490558  0.5572011  0.5540014  0.5442464  0.5426127  0.5569774  0.5617266  0.5684218  0.5704463  0.5619961  0.5598744  0.5646913  0.5650777  0.5482675  0.5276840  0.5276675  0.5654479  0.5950191  0.5984820  0.5811743
 3  0.7516802  0.7103537  0.6923850  0.6918557  0.7074609  0.7114294  0.7018362  0.7037741  0.7111833  0.7102009  0.7082106  0.7095685  0.7111201  0.7070596  0.7065029  0.7179520  0.7070920  0.7048134  0.7064726  0.7103654  0.7013880  0.6894573  0.6885629  0.6987357  0.7211168  0.7247102  0.7175622
 4  0.4573648  0.4429854  0.4670046  0.4983748  0.5035206  0.4744532  0.4471970  0.4668177  0.4750343  0.4566066  0.4328596  0.4498857  0.4881387  0.4815691  0.4790002  0.4799767  0.4757821  0.4795507  0.4811858  0.4754392  0.4461474  0.4205981  0.4475285  0.5082556  0.5316306  0.5149169  0.4650637
 1  0.7292546  0.6839832  0.6686730  0.6697854  0.6758311  0.6846238  0.6865326  0.6953114  0.7056755  0.7184325  0.7170157  0.7157528  0.7184592  0.7139850  0.7162757  0.7190871  0.7204328  0.7237369  0.7152892  0.7113944  0.7102406  0.7138922  0.7017669  0.6923002  0.6891750  0.6904557  0.6786226
 2  0.5718989  0.5325022  0.5402155  0.5568407  0.5623195  0.5594737  0.5531967  0.5572232  0.5808288  0.5985337  0.5981408  0.5889884  0.5756542  0.5620671  0.5482853  0.5401727  0.5441507  0.5504211  0.5537718  0.5542637  0.5701988  0.5824980  0.5711509  0.5443143  0.5175610  0.5144847  0.5185510
 3  0.7524902  0.7105481  0.6945140  0.6924872  0.6960706  0.7034798  0.7038191  0.7126697  0.7230172  0.7382827  0.7378767  0.7339691  0.7362445  0.7316988  0.7321488  0.7344322  0.7355020  0.7398348  0.7321570  0.7283622  0.7273644  0.7333947  0.7219498  0.7102469  0.7050846  0.7057997  0.6952877
 4  0.4556608  0.4436466  0.4673577  0.4778213  0.4745419  0.4599208  0.4605258  0.4739930  0.5091257  0.5261421  0.5018284  0.4814375  0.4755471  0.4489570  0.4280735  0.4229690  0.4454357  0.4546481  0.4530878  0.4587940  0.4937668  0.5041525  0.4648719  0.4128660  0.3975759  0.4209263  0.4390076
 1  0.7307392  0.6864747  0.6695623  0.6703312  0.6841983  0.7021437  0.6986558  0.7028670  0.6888455  0.6830639  0.6577714  0.6126225  0.6204986  0.6743740  0.6806956  0.6907165  0.6718537  0.6559171  0.6663813  0.6947298  0.6846879  0.6756101  0.6743303  0.6733928  0.6473890  0.6198092  0.6692846
 2  0.5709265  0.5324007  0.5399971  0.5593428  0.5818565  0.5925574  0.5871776  0.5778653  0.5624296  0.5551578  0.5255076  0.4744950  0.5391036  0.5900167  0.5977614  0.5868746  0.5443950  0.5057736  0.5407967  0.5818186  0.5783594  0.5533269  0.5284154  0.5126938  0.4927563  0.5283739  0.5813867
 3  0.7534590  0.7126204  0.6953229  0.6928974  0.7036610  0.7227998  0.7187134  0.7219996  0.7076846  0.7024381  0.6786613  0.6310247  0.6307399  0.6966339  0.7039338  0.7112054  0.6911909  0.6733929  0.6803499  0.7148909  0.7070805  0.6948363  0.6915296  0.6902607  0.6640920  0.6344617  0.6879223
 4  0.4540021  0.4430379  0.4678106  0.4837777  0.5104431  0.5138607  0.4963531  0.4815402  0.4748431  0.4727029  0.4187988  0.3765929  0.5029482  0.5387280  0.5139712  0.4804701  0.4300837  0.3956840  0.4873582  0.5239918  0.4838269  0.4344077  0.4202451  0.4090769  0.4111667  0.4859448  0.5258147
 1  0.7296156  0.6865135  0.6678194  0.6675442  0.6747482  0.6820263  0.6789349  0.6870506  0.7021079  0.7047459  0.6974465  0.6943586  0.6932955  0.6974873  0.7005983  0.7003171  0.6851816  0.6721914  0.6831404  0.6928584  0.6971688  0.7090853  0.7123039  0.7053025  0.6928753  0.6945954  0.7043955
 2  0.5721350  0.5333712  0.5390318  0.5574163  0.5653848  0.5612740  0.5456494  0.5573628  0.5842738  0.5907896  0.5748990  0.5457823  0.5257286  0.5375015  0.5565112  0.5614922  0.5399533  0.5162315  0.5302550  0.5494570  0.5686110  0.5914286  0.5965969  0.5828518  0.5550990  0.5617718  0.5753937
 3  0.7525046  0.7124216  0.6935286  0.6902379  0.6953140  0.7015249  0.6966765  0.7033793  0.7211004  0.7259425  0.7177090  0.7117041  0.7084557  0.7134826  0.7181269  0.7188007  0.7037232  0.6889142  0.6988277  0.7103336  0.7146115  0.7276319  0.7335855  0.7254710  0.7101528  0.7118508  0.7236836
 4  0.4555682  0.4427927  0.4676839  0.4825860  0.4819447  0.4609208  0.4444950  0.4872489  0.5191653  0.5083062  0.4585791  0.4093173  0.4252977  0.4618084  0.4767845  0.4658904  0.4248132  0.4110736  0.4528048  0.4706662  0.4914729  0.5218174  0.5149737  0.4676547  0.4507665  0.4909325  0.4956477
 1  0.7282820  0.6802620  0.6620359  0.6649606  0.6804476  0.6863767  0.6784670  0.6779587  0.6890515  0.6958292  0.6913181  0.6952451  0.7124671  0.7119285  0.7098693  0.7110500  0.7085718  0.7025368  0.7005133  0.7158945  0.7105132  0.7102454  0.7039220  0.6991915  0.6968019  0.6971227  0.6904380
 2  0.5697585  0.5310939  0.5383968  0.5619878  0.5729999  0.5660535  0.5334758  0.5121843  0.5167225  0.5221555  0.5260366  0.5611698  0.5943320  0.6015940  0.5907100  0.5706058  0.5451996  0.5253161  0.5688071  0.6053678  0.6115633  0.6029204  0.5828409  0.5642696  0.5422913  0.5231708  0.5019361
 3  0.7517544  0.7072754  0.6882738  0.6873226  0.7015125  0.7060269  0.6957241  0.6936054  0.7044496  0.7115214  0.7072371  0.7106994  0.7322415  0.7334962  0.7299200  0.7285261  0.7249524  0.7188721  0.7148581  0.7379907  0.7338068  0.7307801  0.7233366  0.7181746  0.7140983  0.7130029  0.7057710
 4  0.4555172  0.4446611  0.4681509  0.4916489  0.4894437  0.4545188  0.4099757  0.4066108  0.4210496  0.4216155  0.4291425  0.4994909  0.5311644  0.5176456  0.4789478  0.4467878  0.4308116  0.4124843  0.5127653  0.5484823  0.5282164  0.5030283  0.4865274  0.4583284  0.4219029  0.3978068  0.3821905
 1  0.7315684  0.6872715  0.6726115  0.6712151  0.6751589  0.6852942  0.6961449  0.7122401  0.7035881  0.7023431  0.7002063  0.6997535  0.6919206  0.6835141  0.6860075  0.6855513  0.6870024  0.7071573  0.6942430  0.6879146  0.6814017  0.6674419  0.6573325  0.6493639  0.6623931  0.6734794  0.6966192
 2  0.5697771  0.5318252  0.5424187  0.5545678  0.5530933  0.5455558  0.5650294  0.5907052  0.5966172  0.5939802  0.5855711  0.5682252  0.5357903  0.5098499  0.5047715  0.5163866  0.5843188  0.6119681  0.6041204  0.5809098  0.5496096  0.5218601  0.4961287  0.5006561  0.5323578  0.5635213  0.5937855
 3  0.7537993  0.7131676  0.6983959  0.6945205  0.6953971  0.7025350  0.7114167  0.7318847  0.7248934  0.7235566  0.7209237  0.7185954  0.7092929  0.6996646  0.7014251  0.7013693  0.7009547  0.7318087  0.7192368  0.7080060  0.6996487  0.6863645  0.6744527  0.6652802  0.6791043  0.6910587  0.7158719
 4  0.4515532  0.4434329  0.4710943  0.4702804  0.4467113  0.4349584  0.4981629  0.5269976  0.5198827  0.5118801  0.4889612  0.4536035  0.4119419  0.3942971  0.4045360  0.4298662  0.5349081  0.5558574  0.5102189  0.4643841  0.4504710  0.4160929  0.3882497  0.4258919  0.4670874  0.5008554  0.5278896
 1  0.7286303  0.6828830  0.6647712  0.6635256  0.6624812  0.6747904  0.6837394  0.6927906  0.7114186  0.7177153  0.7138651  0.7104496  0.7088596  0.7104864  0.7100771  0.7056139  0.7065805  0.7096807  0.7131149  0.7025709  0.7063708  0.7126935  0.7058318  0.7133664  0.7309737  0.7201179  0.7117832
 2  0.5686480  0.5316152  0.5388060  0.5508226  0.5516390  0.5575416  0.5623494  0.5774271  0.5992934  0.6076843  0.5974170  0.5749578  0.5460022  0.5273391  0.5161975  0.5044826  0.5020384  0.5276403  0.5562391  0.5635271  0.5721790  0.5776256  0.5682315  0.6024585  0.6227275  0.6212713  0.5972115
 3  0.7517398  0.7093301  0.6907163  0.6868205  0.6826135  0.6931583  0.7023576  0.7105915  0.7309471  0.7389903  0.7346315  0.7289189  0.7250590  0.7257997  0.7253314  0.7203259  0.7207361  0.7237742  0.7302821  0.7212357  0.7238187  0.7312082  0.7246886  0.7289033  0.7549556  0.7441402  0.7321353
 4  0.4547156  0.4436557  0.4680549  0.4692599  0.4647880  0.4757656  0.4798772  0.5052949  0.5303972  0.5279405  0.4948440  0.4470326  0.4178651  0.4122648  0.3940309  0.3754175  0.3810359  0.4508902  0.4817606  0.4707617  0.4841360  0.4909423  0.4640194  0.5396355  0.5620552  0.5308685  0.4650382
 1  0.7290541  0.6817587  0.6639917  0.6713382  0.6927854  0.6922488  0.6810001  0.6797465  0.6939900  0.6997108  0.6995567  0.6955961  0.6949836  0.6996140  0.7096814  0.7078673  0.7107979  0.7082596  0.7016197  0.6983832  0.6942851  0.6943832  0.6908119  0.6698553  0.6577355  0.6689131  0.6744384
 2  0.5720311  0.5322537  0.5395149  0.5753565  0.5907584  0.5830131  0.5403779  0.5102605  0.5185345  0.5372683  0.5590668  0.5636888  0.5570654  0.5624942  0.5824386  0.5953220  0.5988562  0.5900681  0.5633696  0.5276217  0.4985133  0.5022289  0.5278133  0.5346996  0.5576165  0.5751577  0.5758311
 3  0.7524456  0.7084427  0.6901116  0.6925911  0.7150536  0.7134768  0.6988630  0.6947801  0.7091129  0.7156284  0.7168661  0.7146644  0.7134981  0.7157070  0.7281886  0.7282481  0.7317420  0.7287128  0.7202078  0.7147468  0.7089637  0.7086343  0.7074911  0.6889093  0.6749542  0.6899714  0.6964231
 4  0.4569095  0.4447763  0.4695513  0.5124272  0.5167596  0.4705238  0.3965837  0.4007879  0.4316209  0.4575416  0.4811419  0.4762305  0.4475172  0.4795969  0.5152503  0.5220690  0.5162512  0.4875823  0.4366501  0.3854132  0.3714056  0.4162465  0.4525839  0.4572401  0.4993860  0.5142275  0.4804887
 1  0.7304056  0.6862663  0.6702559  0.6701808  0.6797371  0.6926696  0.6922259  0.6985374  0.6950736  0.6941649  0.7019555  0.7073019  0.7131551  0.7015600  0.6943167  0.6951550  0.6940730  0.6948133  0.7002752  0.6963577  0.6984929  0.7003197  0.7022138  0.7028235  0.6899424  0.6791133  0.6801517
 2  0.5719358  0.5325228  0.5398411  0.5565945  0.5679389  0.5714608  0.5697623  0.5704938  0.5590954  0.5422632  0.5393432  0.5680496  0.5917942  0.5926248  0.5817859  0.5711730  0.5575921  0.5477259  0.5491406  0.5442517  0.5366106  0.5317373  0.5389634  0.5470556  0.5410838  0.5291355  0.5403936
 3  0.7532408  0.7124399  0.6959380  0.6928300  0.6996977  0.7116517  0.7101244  0.7174920  0.7142738  0.7105769  0.7179280  0.7234026  0.7332171  0.7236238  0.7145301  0.7144860  0.7128484  0.7115537  0.7174289  0.7140916  0.7150386  0.7161402  0.7179727  0.7202362  0.7081121  0.6962139  0.6969630
 4  0.4545313  0.4425846  0.4668233  0.4783487  0.4840314  0.4791448  0.4863673  0.4866820  0.4451224  0.4274755  0.4442220  0.5008349  0.5274982  0.5084889  0.4882371  0.4773592  0.4501928  0.4492904  0.4579103  0.4414175  0.4230084  0.4240335  0.4519795  0.4597245  0.4374627  0.4316904  0.4646381
 1  0.7281665  0.6811525  0.6651702  0.6681088  0.6802551  0.6861230  0.6829067  0.6831971  0.6866895  0.6941209  0.6853204  0.6990511  0.7046352  0.7113693  0.7043090  0.7041894  0.7024186  0.7005564  0.7052815  0.6967963  0.6993405  0.6939813  0.6938087  0.7032610  0.7127841  0.7033262  0.6993714
 2  0.5709774  0.5315600  0.5402288  0.5632297  0.5728265  0.5677554  0.5435719  0.5220957  0.5288701  0.5480205  0.5751840  0.5976695  0.6101605  0.6076936  0.5881036  0.5613437  0.5281889  0.5209583  0.5385582  0.5600396  0.5751171  0.5746550  0.5683931  0.5828944  0.5943588  0.5893694  0.5741018
 3  0.7515019  0.7078046  0.6912279  0.6905555  0.7012568  0.7058462  0.7006340  0.6995672  0.7020826  0.7116566  0.7029865  0.7202597  0.7267477  0.7334236  0.7247921  0.7218118  0.7185142  0.7153065  0.7215701  0.7147472  0.7185375  0.7143192  0.7125949  0.7203273  0.7338470  0.7242650  0.7186178
 4  0.4557197  0.4444463  0.4698235  0.4917162  0.4902303  0.4631760  0.4273327  0.4099425  0.4485562  0.4733182  0.5117608  0.5368694  0.5364002  0.5200853  0.4748685  0.4323714  0.3973666  0.4256032  0.4607954  0.4853183  0.5005557  0.4853319  0.4702239  0.5115475  0.5226102  0.4955001  0.4730201
 1  0.7281973  0.6813801  0.6665289  0.6650107  0.6737141  0.7008697  0.6992447  0.6969152  0.7014470  0.7080955  0.7055417  0.7064081  0.7023587  0.6962208  0.6592627  0.6352597  0.6576825  0.6770699  0.7011355  0.6886016  0.6865744  0.6933596  0.6882954  0.6833838  0.6875404  0.6981296  0.7078324
 2  0.5743464  0.5328744  0.5416821  0.5508672  0.5717556  0.5891899  0.5861904  0.5664691  0.5414863  0.5126102  0.4953048  0.5279307  0.5554604  0.5619396  0.5371644  0.5286483  0.5441829  0.5785105  0.5993806  0.5902068  0.5726128  0.5513242  0.5301223  0.5295371  0.5593802  0.5991744  0.6085835
 3  0.7516029  0.7076443  0.6924802  0.6887652  0.6922182  0.7206080  0.7200663  0.7157301  0.7179682  0.7225661  0.7186265  0.7214673  0.7200970  0.7154323  0.6790789  0.6531844  0.6768312  0.6929762  0.7223238  0.7122262  0.7067295  0.7104943  0.7048004  0.6996247  0.7047645  0.7169762  0.7319881
 4  0.4584144  0.4447439  0.4722245  0.4658287  0.4972214  0.5176567  0.4935087  0.4459428  0.4004524  0.3593982  0.3952760  0.4563320  0.4798458  0.4741458  0.4500184  0.4630447  0.4637519  0.5141937  0.5393551  0.5019502  0.4536169  0.4331553  0.4293715  0.4499331  0.4947932  0.5407732  0.5413496
 1  0.7281184  0.6807090  0.6630028  0.6629094  0.6631594  0.6760502  0.6918631  0.6929401  0.6780204  0.6611714  0.6722755  0.6871566  0.6866652  0.6809191  0.6718032  0.6669174  0.6867477  0.6991670  0.7014211  0.7152775  0.7119140  0.7080258  0.7018470  0.6975465  0.7024832  0.7021663  0.6991028
 2  0.5729084  0.5323670  0.5394070  0.5531136  0.5528380  0.5662457  0.5809663  0.5820291  0.5582006  0.5354473  0.5563130  0.5800135  0.5816161  0.5663494  0.5377373  0.5251274  0.5592178  0.5785611  0.5920328  0.5994381  0.5920989  0.5678919  0.5246987  0.4940103  0.5006163  0.5310684  0.5438733
 3  0.7517145  0.7074706  0.6891478  0.6862252  0.6836843  0.6937314  0.7113274  0.7137794  0.6985140  0.6797223  0.6890519  0.7070862  0.7082756  0.7014237  0.6905664  0.6834472  0.7029647  0.7193157  0.7203765  0.7353276  0.7327352  0.7262648  0.7176525  0.7118488  0.7162913  0.7183074  0.7167635
 4  0.4576816  0.4449541  0.4696571  0.4739089  0.4640560  0.4921793  0.5121178  0.4980131  0.4568735  0.4439108  0.4934229  0.5162872  0.4997415  0.4636058  0.4240136  0.4390011  0.4984467  0.5047688  0.5113873  0.5215086  0.4915566  0.4310642  0.3724208  0.3648105  0.4150060  0.4531687  0.4463051
 1  0.7289669  0.6802509  0.6644337  0.6682035  0.6850691  0.6979301  0.6919213  0.6892627  0.6932107  0.6998599  0.6960947  0.7054181  0.7188566  0.7110771  0.7013510  0.7010714  0.7071819  0.7153565  0.7095417  0.7027345  0.7000917  0.6928608  0.6802137  0.6756981  0.6917544  0.7051322  0.7081279
 2  0.5742236  0.5321444  0.5414361  0.5666497  0.5866188  0.5909316  0.5711516  0.5360745  0.5008158  0.4820347  0.5262832  0.6021977  0.6202441  0.6135019  0.5762477  0.5312642  0.5031059  0.5053531  0.5351123  0.5632436  0.5763666  0.5705231  0.5488862  0.5384406  0.5541776  0.5761983  0.5869810
 3  0.7523603  0.7067756  0.6906365  0.6907634  0.7056201  0.7190644  0.7118701  0.7064103  0.7081793  0.7130626  0.7094088  0.7239661  0.7434025  0.7341050  0.7202894  0.7170041  0.7211351  0.7288423  0.7249790  0.7205818  0.7200345  0.7130751  0.6991017  0.6929380  0.7085944  0.7226839  0.7276095
 4  0.4578898  0.4455059  0.4732239  0.4974235  0.5152294  0.5048733  0.4542407  0.3936936  0.3488882  0.3594122  0.4751556  0.5502426  0.5535000  0.5064224  0.4320010  0.3803153  0.3745340  0.4080034  0.4580894  0.4935163  0.4981092  0.4745259  0.4440773  0.4485708  0.4756341  0.5022974  0.5099540
 1  0.7287269  0.6813673  0.6650050  0.6637582  0.6696925  0.6890701  0.6961618  0.6993991  0.6963536  0.6904052  0.6959623  0.6961743  0.6887285  0.6872736  0.6748173  0.6618647  0.6911606  0.7148375  0.7074448  0.7040526  0.7038781  0.7077997  0.7128824  0.7136035  0.7064510  0.6999666  0.6941144
 2  0.5719461  0.5319569  0.5405086  0.5511065  0.5586570  0.5699474  0.5750849  0.5777662  0.5717957  0.5686242  0.5768323  0.5772182  0.5620816  0.5446871  0.5314054  0.5386420  0.5941004  0.6144174  0.6087117  0.5829388  0.5386560  0.4946378  0.4889235  0.5362111  0.5714264  0.5815696  0.5863634
 3  0.7520538  0.7080049  0.6911290  0.6873621  0.6894146  0.7070835  0.7151488  0.7183878  0.7159438  0.7092763  0.7148379  0.7168197  0.7084342  0.7045576  0.6920523  0.6794245  0.7075533  0.7381833  0.7306834  0.7235297  0.7201173  0.7214625  0.7253413  0.7291336  0.7249301  0.7208866  0.7142835
 4  0.4562514  0.4449012  0.4707408  0.4677904  0.4702307  0.4892884  0.4946177  0.4937074  0.4830719  0.4841358  0.5032189  0.4922033  0.4523382  0.4378526  0.4467779  0.4714072  0.5380575  0.5506005  0.5111562  0.4442878  0.3739088  0.3351341  0.3971160  0.4693628  0.5032944  0.5056696  0.5065191
 1  0.7276935  0.6812072  0.6633625  0.6649937  0.6793561  0.6941339  0.6969359  0.6981324  0.6947015  0.6965253  0.7043906  0.7061863  0.6897233  0.6901092  0.7125558  0.7059831  0.6973339  0.6994957  0.7098123  0.7097592  0.6950325  0.6803366  0.6715168  0.6561802  0.6534430  0.6795243  0.6867046
 2  0.5721492  0.5322268  0.5388186  0.5588367  0.5754002  0.5827273  0.5738140  0.5561442  0.5402918  0.5484978  0.5633638  0.5670326  0.5558299  0.5864454  0.6067385  0.6006518  0.5629688  0.5313427  0.5469414  0.5640141  0.5573537  0.5300897  0.5083106  0.4934473  0.5291989  0.5752752  0.5852591
 3  0.7511928  0.7077284  0.6893500  0.6876836  0.6995394  0.7138718  0.7163136  0.7158277  0.7109506  0.7131234  0.7223199  0.7242202  0.7074444  0.7067811  0.7351244  0.7282554  0.7157288  0.7142917  0.7251723  0.7284819  0.7147517  0.6981990  0.6879851  0.6735060  0.6682366  0.6985624  0.7087129
 4  0.4573467  0.4439921  0.4687475  0.4857198  0.4982731  0.4978986  0.4720930  0.4389799  0.4404611  0.4710117  0.4796743  0.4686747  0.4691064  0.5292487  0.5409888  0.4924173  0.4074673  0.4137486  0.4776146  0.4880707  0.4483151  0.4078196  0.4057299  0.4005520  0.4744487  0.5208781  0.5010405
