              Isim, Ftarg, Btarg
   1 2019          0.3977734      43121.5693246      11088.7194212
   1 2021          0.4094727      43037.1058181      11160.5988120
   1 2023          0.4123975      43116.0884730      11199.1813858
   1 2025          0.4036230      42970.0898770      11125.0945928
   1 2027          0.4153223      42986.9227137      11227.7220275
   1 2029          0.4065479      43051.0603523      11201.1914586
   1 2031          0.4094727      43107.6323833      11170.3452742
   1 2033          0.4065479      43066.8407832      11170.9702392
   1 2035          0.4036230      43176.3377942      11209.2007009
   1 2037          0.4006982      43111.3151840      11117.3020193
   1 2039          0.4182471      42999.9058154      11194.3539545
   1 2041          0.4065479      43033.0246366      11114.8970563
   1 2043          0.4094727      43081.6061795      11165.3109931
   2 2019          0.3977734      43156.3370490      11097.6599479
   2 2021          0.4065479      43071.8569487      11139.4763726
   2 2023          0.4065479      43131.0628318      11181.2146620
   2 2025          0.4123975      43059.5717746      11233.0425118
   2 2027          0.4094727      43085.1633276      11203.9605977
   2 2029          0.4094727      43123.9998103      11162.9745633
   2 2031          0.4065479      43088.8253013      11085.4128447
   2 2033          0.4182471      43112.6090887      11200.1791040
   2 2035          0.4211719      43164.4908401      11249.8453687
   2 2037          0.4065479      43110.8715485      11148.9992424
   2 2039          0.4036230      43228.4484635      11201.4625858
   2 2041          0.4006982      43027.5302226      11131.8849679
   2 2043          0.4006982      43027.6097624      11063.3236785
   3 2019          0.3977734      42058.1565135      10815.2626228
   3 2021          0.4036230      42057.7293702      10860.5548524
   3 2023          0.4036230      42013.1419249      10839.7767323
   3 2025          0.4036230      42064.8013715      10886.6572429
   3 2027          0.4094727      42027.1804233      10935.1689118
   3 2029          0.4065479      42005.3616482      10908.2049867
   3 2031          0.4006982      42074.2486971      10865.7391806
   3 2033          0.4153223      42072.1268328      10933.0451715
   3 2035          0.4036230      42035.7435388      10917.1440317
   3 2037          0.3977734      42058.9881890      10785.5613978
   3 2039          0.4153223      41938.5108183      10947.1113530
   3 2041          0.4006982      42033.4003558      10899.6747292
   3 2043          0.4094727      41901.0167650      10918.5615606
   4 2019          0.3977734      43354.1534118      11148.5284617
   4 2021          0.4123975      43338.9321422      11193.1292480
   4 2023          0.4123975      43287.9163695      11299.6997049
   4 2025          0.3714502      43378.5571156      10757.9153417
   4 2027          0.4182471      43317.7095121      11232.7624740
   4 2029          0.4182471      43347.8130610      11288.4157878
   4 2031          0.4123975      43223.4017223      11237.1680428
   4 2033          0.4006982      43238.5348756      11062.1209555
   4 2035          0.4211719      43304.7554144      11295.4181731
   4 2037          0.4123975      43298.6404914      11332.3391278
   4 2039          0.4094727      43182.7995465      11315.0998192
   4 2041          0.3948486      43304.0850355      11147.5157031
   4 2043          0.4036230      43322.2853282      11110.8414748
   5 2019          0.3977734      44007.5468527      11316.5487043
   5 2021          0.4094727      43847.5321247      11374.0405370
   5 2023          0.4065479      43880.3031977      11362.4680228
   5 2025          0.4006982      43872.9016592      11301.6979265
   5 2027          0.4036230      44007.5229234      11427.0373113
   5 2029          0.3948486      43882.5341865      11339.1191448
   5 2031          0.4094727      44012.3027979      11395.0507251
   5 2033          0.4094727      44033.5526642      11464.9291251
   5 2035          0.4036230      44015.0694090      11450.7490985
   5 2037          0.3919238      43996.2222093      11275.8568881
   5 2039          0.4094727      43874.4391785      11323.8375901
   5 2041          0.4065479      44001.9324548      11418.6282236
   5 2043          0.3977734      43940.6796424      11360.9989830
   6 2019          0.3977734      44448.7372862      11430.0009048
   6 2021          0.4036230      44481.4475308      11495.5872933
   6 2023          0.4036230      44285.2195688      11495.9984579
   6 2025          0.4065479      44402.6581346      11522.1456089
   6 2027          0.4065479      44376.4513394      11522.7354622
   6 2029          0.4094727      44318.2534793      11544.8621511
   6 2031          0.4153223      44454.5130542      11536.2855059
   6 2033          0.4123975      44401.2312930      11555.9038231
   6 2035          0.4036230      44299.1986672      11506.7172467
   6 2037          0.3948486      44464.7056499      11306.2109749
   6 2039          0.4211719      44329.3887867      11593.0471856
   6 2041          0.4094727      44391.0007693      11600.2876045
   6 2043          0.4065479      44412.2918490      11581.0521985
   7 2019          0.3977734      43442.8710533      11171.3422194
   7 2021          0.4065479      43418.7930992      11259.1193066
   7 2023          0.4065479      43458.3614013      11220.4547776
   7 2025          0.4182471      43441.0837515      11307.9709609
   7 2027          0.4036230      43369.2204091      11200.3485461
   7 2029          0.4123975      43362.0773638      11258.7020132
   7 2031          0.3977734      43438.1472870      11143.2075872
   7 2033          0.4123975      43353.8995896      11229.9099891
   7 2035          0.4065479      43437.7427836      11296.3630224
   7 2037          0.4006982      43418.5104662      11216.7746187
   7 2039          0.4006982      43320.9311384      11129.2271924
   7 2041          0.4211719      43430.5477284      11305.5469695
   7 2043          0.4153223      43374.1191132      11353.5570107
   8 2019          0.3977734      42616.8378776      10958.9276375
   8 2021          0.4153223      42554.1911069      11004.3191135
   8 2023          0.3889990      42614.0144558      10734.4945439
   8 2025          0.4182471      42506.7943875      11066.3664644
   8 2027          0.4036230      42657.6523988      11085.6869516
   8 2029          0.4094727      42668.6947529      11086.9596409
   8 2031          0.4065479      42514.2598691      11097.8553507
   8 2033          0.3889990      42487.2971443      10815.2569117
   8 2035          0.4006982      42524.7672038      10873.8578271
   8 2037          0.4036230      42560.5358393      10993.2576238
   8 2039          0.4065479      42602.5923213      11113.5093995
   8 2041          0.4006982      42558.7952643      11059.9974487
   8 2043          0.4094727      42554.7978580      10989.3498878
   9 2019          0.3977734      42992.0895235      11055.4236667
   9 2021          0.4065479      42932.8171896      11135.1534135
   9 2023          0.4036230      42994.7448474      11165.1634272
   9 2025          0.4036230      42974.4897635      11147.0431757
   9 2027          0.4153223      43000.3061406      11142.7583576
   9 2029          0.4153223      42833.3360751      11161.1294426
   9 2031          0.4006982      42903.6763562      11037.7285378
   9 2033          0.4065479      43016.1098674      11070.0096978
   9 2035          0.4065479      42856.0363305      11067.8018144
   9 2037          0.4153223      43041.3978287      11164.8404751
   9 2039          0.4094727      42890.5645402      11147.6874766
   9 2041          0.4036230      43054.2844694      11075.7060893
   9 2043          0.4094727      43061.0123381      11129.4254387
  10 2019          0.3977734      43193.5025475      11107.2170626
  10 2021          0.4065479      43164.1226807      11202.4546054
  10 2023          0.4123975      43137.3684288      11246.4923414
  10 2025          0.4182471      43097.9279853      11238.2046520
  10 2027          0.4182471      43206.4675418      11226.5173136
  10 2029          0.4065479      43219.0874612      11124.8770927
  10 2031          0.4153223      43037.7635391      11202.4865726
  10 2033          0.4123975      43077.2252585      11193.2157856
  10 2035          0.4094727      43181.9005085      11202.0208378
  10 2037          0.4036230      43115.7590560      11153.3593522
  10 2039          0.4036230      43155.4036668      11106.3901428
  10 2041          0.4094727      43046.1620319      11246.8699701
  10 2043          0.3919238      43194.8845058      11054.4438939
  11 2019          0.3977734      42938.1396063      11041.5504357
  11 2021          0.4094727      42995.9839741      11081.5355196
  11 2023          0.4094727      42843.4441315      11094.7974057
  11 2025          0.4182471      42929.8602999      11207.5175714
  11 2027          0.4094727      42785.7167556      11177.1025057
  11 2029          0.4006982      42883.9252195      11041.1819842
  11 2031          0.4036230      42843.2179747      11042.0074387
  11 2033          0.4094727      42948.8425257      11148.4322558
  11 2035          0.4123975      42819.2997438      11182.0169439
  11 2037          0.4006982      42935.6493129      11057.1471896
  11 2039          0.4006982      42894.5448787      10978.2977642
  11 2041          0.4123975      42869.4831622      11151.5330170
  11 2043          0.4094727      42984.5006842      11176.3954529
  12 2019          0.3977734      43001.6806199      11057.8900189
  12 2021          0.4094727      42914.1192113      11133.4249236
  12 2023          0.4094727      43051.6311033      11194.0544069
  12 2025          0.4065479      42912.8623557      11151.9024374
  12 2027          0.4036230      42856.0790940      11083.1280918
  12 2029          0.4036230      42925.4302799      11101.1585512
  12 2031          0.4065479      42964.5243618      11097.5087661
  12 2033          0.4065479      42946.9392175      11126.4884609
  12 2035          0.4094727      42991.7193115      11181.1622211
  12 2037          0.3977734      42851.1100690      11056.7627931
  12 2039          0.4182471      42912.3681652      11200.3763814
  12 2041          0.4094727      42918.9530777      11196.0612351
  12 2043          0.4036230      42998.0570381      11169.9992100
  13 2019          0.3977734      43561.5608710      11201.8633277
  13 2021          0.4065479      43569.0727711      11273.7259786
  13 2023          0.4065479      43515.0024098      11233.4883059
  13 2025          0.4153223      43477.3290684      11296.9205814
  13 2027          0.4065479      43469.5629354      11185.1636510
  13 2029          0.4182471      43564.9227635      11351.5786938
  13 2031          0.4094727      43463.8855091      11365.3280417
  13 2033          0.3831494      43604.5332990      11071.7116523
  13 2035          0.4153223      43480.5798592      11283.9683760
  13 2037          0.3948486      43488.1035037      11217.5560894
  13 2039          0.4123975      43518.1428234      11280.9186243
  13 2041          0.4065479      43463.9151745      11280.7009221
  13 2043          0.4065479      43450.4978072      11329.7897473
  14 2019          0.3977734      43390.1200232      11157.7772824
  14 2021          0.4036230      43297.1915334      11207.0553400
  14 2023          0.3948486      43243.3460698      11124.4553091
  14 2025          0.4036230      43291.5467802      11189.5131626
  14 2027          0.4065479      43325.0897908      11322.6459583
  14 2029          0.3977734      43270.0596172      11239.9043244
  14 2031          0.3948486      43238.1882652      11011.9618493
  14 2033          0.4065479      43300.1674403      11241.4783595
  14 2035          0.4065479      43300.7834973      11255.2208809
  14 2037          0.4036230      43407.4280406      11158.6042253
  14 2039          0.4153223      43345.6656510      11293.8300990
  14 2041          0.4094727      43420.3136111      11322.0409938
  14 2043          0.4094727      43236.2648715      11304.0681656
  15 2019          0.3977734      44951.0709591      11559.1761004
  15 2021          0.4036230      44890.8661440      11621.9448957
  15 2023          0.3977734      45007.8182977      11559.8053331
  15 2025          0.4094727      44960.5861623      11628.0790710
  15 2027          0.4094727      44951.9309033      11629.4894815
  15 2029          0.4065479      44883.0940071      11640.9105246
  15 2031          0.4094727      44897.9205620      11622.9777146
  15 2033          0.4153223      44978.3858381      11716.6593125
  15 2035          0.4036230      44903.9352229      11574.2809722
  15 2037          0.4123975      44816.6745128      11679.7168956
  15 2039          0.4094727      44795.9682778      11721.9317868
  15 2041          0.4065479      44895.5132333      11624.7932706
  15 2043          0.4036230      44994.4933018      11520.0076937
  16 2019          0.3977734      44722.0835330      11500.2919420
  16 2021          0.4036230      44617.8726045      11540.8779463
  16 2023          0.4094727      44576.3164462      11535.3070349
  16 2025          0.4094727      44550.2152757      11641.4807380
  16 2027          0.4036230      44782.8061813      11640.0950763
  16 2029          0.4036230      44702.7338708      11616.0837659
  16 2031          0.4123975      44654.5216501      11611.5416330
  16 2033          0.4006982      44610.5894649      11475.8571766
  16 2035          0.4094727      44621.2944764      11544.3115294
  16 2037          0.4094727      44740.3266127      11570.2379974
  16 2039          0.4153223      44790.1858994      11628.9001116
  16 2041          0.4036230      44640.5052743      11555.9473530
  16 2043          0.4036230      44617.0550978      11559.6307246
  17 2019          0.3977734      44270.1031161      11384.0650953
  17 2021          0.4036230      44277.8978129      11453.3468864
  17 2023          0.4006982      44229.9372886      11356.0609190
  17 2025          0.4036230      44237.9180003      11409.1511915
  17 2027          0.4094727      44241.3601269      11430.0459967
  17 2029          0.4123975      44152.5296185      11489.0148683
  17 2031          0.4123975      44273.3414239      11516.0998097
  17 2033          0.4153223      44118.8924908      11545.2564216
  17 2035          0.4065479      44147.1013230      11464.7651839
  17 2037          0.4036230      44164.9657846      11430.7360411
  17 2039          0.4065479      44210.3056343      11484.8802443
  17 2041          0.3977734      44213.0549516      11430.6683085
  17 2043          0.4065479      44204.6132396      11402.3286915
  18 2019          0.3977734      44238.9320529      11376.0494507
  18 2021          0.4094727      44168.6982867      11431.0919520
  18 2023          0.4094727      44150.0704618      11472.0892096
  18 2025          0.4182471      44111.8333311      11540.5640707
  18 2027          0.4094727      44136.9201189      11516.7443571
  18 2029          0.4036230      44237.2622994      11442.9883252
  18 2031          0.3977734      44285.5082598      11329.8955204
  18 2033          0.4094727      44151.3170333      11465.6795038
  18 2035          0.4123975      44140.9557683      11476.0117167
  18 2037          0.4153223      44110.5691077      11510.3179496
  18 2039          0.4094727      44281.6419855      11499.4201347
  18 2041          0.4006982      44164.0759473      11325.1889056
  18 2043          0.4153223      44305.0347083      11463.0648516
  19 2019          0.3977734      43380.5289269      11155.3109302
  19 2021          0.4065479      43291.4933588      11213.2208103
  19 2023          0.4006982      43246.8637921      11224.0533231
  19 2025          0.4094727      43337.2583388      11279.1989704
  19 2027          0.4036230      43364.7028429      11287.5249012
  19 2029          0.4006982      43415.4102877      11178.9978469
  19 2031          0.4094727      43244.3067140      11204.5403327
  19 2033          0.4006982      43414.0337936      11156.8036344
  19 2035          0.4094727      43314.4970706      11200.6788788
  19 2037          0.4094727      43371.7412068      11237.5970609
  19 2039          0.4123975      43281.5025653      11240.9399926
  19 2041          0.4065479      43306.5640849      11205.1265188
  19 2043          0.4123975      43390.4464594      11237.7476427
  20 2019          0.3977734      44007.5468527      11316.5487043
  20 2021          0.4094727      43913.5703880      11393.2960331
  20 2023          0.4065479      43938.8275347      11417.5870322
  20 2025          0.4094727      44034.8165550      11424.9080745
  20 2027          0.4094727      44043.1321314      11455.8117747
  20 2029          0.4036230      43944.6855498      11286.8627401
  20 2031          0.4240967      43888.9940850      11469.9079109
  20 2033          0.4006982      43933.5129706      11307.3864125
  20 2035          0.4094727      44028.1443193      11451.5937070
  20 2037          0.3977734      44020.8514474      11411.4299656
  20 2039          0.3889990      43897.1928922      11163.0787039
  20 2041          0.4036230      44011.9888042      11397.7633587
  20 2043          0.4065479      43918.8389357      11437.8265846
  21 2019          0.3977734      43806.1338287      11264.7553084
  21 2021          0.3919238      43853.3509543      11150.4738351
  21 2023          0.4006982      43824.1700698      11182.7307630
  21 2025          0.4270215      43637.0865240      11459.1898837
  21 2027          0.4123975      43823.2444444      11427.3822299
  21 2029          0.4123975      43729.8138407      11381.2897237
  21 2031          0.4094727      43857.3231191      11347.2035154
  21 2033          0.4094727      43639.2414751      11338.4451989
  21 2035          0.4006982      43772.9919616      11239.3849847
  21 2037          0.4036230      43653.5735745      11323.4708165
  21 2039          0.4094727      43760.5166745      11410.1658360
  21 2041          0.4036230      43862.3061252      11334.0122371
  21 2043          0.4065479      43771.5047554      11331.1427956
  22 2019          0.3977734      43127.5637598      11090.2608914
  22 2021          0.4065479      43129.9878392      11149.2670347
  22 2023          0.4123975      43079.8331384      11185.0588003
  22 2025          0.4153223      42982.6517566      11198.1867545
  22 2027          0.4065479      43155.1494613      11182.1496543
  22 2029          0.4270215      43072.2911873      11260.9580385
  22 2031          0.4182471      43029.7748946      11246.9585777
  22 2033          0.4006982      43030.1453641      11087.9584150
  22 2035          0.4006982      43154.2984069      11074.1950767
  22 2037          0.4094727      43017.9833852      11139.6229171
  22 2039          0.4094727      43000.5548597      11201.2353637
  22 2041          0.4094727      43030.8229128      11208.4260850
  22 2043          0.4153223      42962.2513355      11191.0306093
  23 2019          0.3977734      42014.9965798      10804.1640380
  23 2021          0.4094727      42076.7398856      10882.1698172
  23 2023          0.4006982      41963.9289495      10880.2387125
  23 2025          0.4036230      41869.2274725      10947.6451895
  23 2027          0.3948486      41909.5968936      10840.0798523
  23 2029          0.4036230      41930.0309624      10853.6153208
  23 2031          0.3977734      41867.0581279      10855.0258639
  23 2033          0.4065479      41927.7511246      10922.3098557
  23 2035          0.4006982      42005.2868695      10913.4738234
  23 2037          0.4123975      41932.7809225      10878.9417002
  23 2039          0.4036230      41915.9392384      10776.0815725
  23 2041          0.4006982      41921.2980998      10695.7836557
  23 2043          0.4123975      41932.9206066      10915.8411319
  24 2019          0.3977734      42154.0674773      10839.9261446
  24 2021          0.4065479      42111.2188515      10907.8856225
  24 2023          0.4153223      41988.4458605      10967.9870789
  24 2025          0.3977734      42123.3844247      10805.5915001
  24 2027          0.4094727      42208.0113632      10871.7627349
  24 2029          0.4006982      42170.6122885      10825.8410936
  24 2031          0.4153223      42006.2582859      10974.7075237
  24 2033          0.4094727      42096.6091295      10967.5858769
  24 2035          0.4065479      42068.8235151      10899.1669040
  24 2037          0.4065479      42170.8617700      10865.8658871
  24 2039          0.4094727      42167.5888134      10979.4547386
  24 2041          0.4094727      42089.2720472      10993.9039950
  24 2043          0.4006982      42174.0530041      10855.2296987
  25 2019          0.3977734      43261.8391092      11124.7898219
  25 2021          0.4094727      43170.9013092      11204.2651788
  25 2023          0.4123975      43269.3893493      11263.3570673
  25 2025          0.4123975      43171.1764286      11283.4670824
  25 2027          0.3802246      43204.2660720      10923.2761170
  25 2029          0.4182471      43197.6114233      11210.1135335
  25 2031          0.4123975      43197.1281290      11257.7775010
  25 2033          0.4123975      43147.8463159      11274.0882330
  25 2035          0.4036230      43246.5366994      11202.5618276
  25 2037          0.4065479      43142.7798262      11189.3137104
  25 2039          0.4123975      43195.0787636      11229.9961243
  25 2041          0.4065479      43237.6839405      11222.0955811
  25 2043          0.3948486      43143.0326641      11060.6631688
  26 2019          0.3977734      42526.9213490      10935.8055858
  26 2021          0.4094727      42452.6261913      10979.4625947
  26 2023          0.4094727      42473.3404665      10983.0425724
  26 2025          0.4094727      42547.4194840      11064.7609060
  26 2027          0.4094727      42559.8482215      11018.1997339
  26 2029          0.4094727      42569.6137202      11022.5540860
  26 2031          0.4153223      42413.8222876      11039.2605075
  26 2033          0.4153223      42519.2236509      11061.3703504
  26 2035          0.4123975      42417.0430961      10961.5897896
  26 2037          0.4094727      42578.4360576      10944.4214531
  26 2039          0.4094727      42585.9317434      10989.7585780
  26 2041          0.4123975      42427.8292471      11031.5608947
  26 2043          0.4153223      42593.5322764      11087.2128964
  27 2019          0.3977734      43770.1672173      11255.5064877
  27 2021          0.4094727      43838.4646338      11303.4678299
  27 2023          0.4094727      43690.9694367      11346.5931012
  27 2025          0.4094727      43645.9076486      11353.2529498
  27 2027          0.4153223      43799.7711671      11376.1634158
  27 2029          0.4123975      43668.7415848      11385.5954895
  27 2031          0.4153223      43777.5540622      11391.8069033
  27 2033          0.4006982      43763.0257042      11184.4079762
  27 2035          0.4036230      43665.5373497      11212.2461056
  27 2037          0.4123975      43660.9804387      11325.3507370
  27 2039          0.4006982      43801.6731391      11276.6178470
  27 2041          0.4123975      43689.2953891      11279.0157672
  27 2043          0.4094727      43642.0810085      11297.2905221
  28 2019          0.3977734      43368.5400564      11152.2279900
  28 2021          0.4065479      43359.3580183      11202.6376715
  28 2023          0.4065479      43352.7129957      11180.4846415
  28 2025          0.4036230      43381.6771503      11177.8345118
  28 2027          0.4153223      43269.2879757      11263.6408966
  28 2029          0.4094727      43356.4822272      11228.0672300
  28 2031          0.4094727      43427.3472660      11282.0198586
  28 2033          0.4036230      43407.3202080      11192.0777168
  28 2035          0.3977734      43354.7148498      11124.9093754
  28 2037          0.4094727      43257.2252887      11246.2260727
  28 2039          0.3889990      43404.4584436      11014.6627235
  28 2041          0.4211719      43212.5002984      11251.6150195
  28 2043          0.4153223      43278.6998285      11322.0912528
  29 2019          0.3977734      44411.5717877      11420.4437900
  29 2021          0.4094727      44275.7782506      11477.5236956
  29 2023          0.4065479      44399.4171233      11519.6765646
  29 2025          0.4123975      44346.7600271      11589.6465503
  29 2027          0.4036230      44457.7838446      11494.8576959
  29 2029          0.3948486      44399.8238084      11291.8277320
  29 2031          0.4153223      44452.4588993      11538.2969475
  29 2033          0.4123975      44426.9780553      11575.7926096
  29 2035          0.4153223      44298.6756193      11565.0275745
  29 2037          0.4153223      44280.9080936      11566.9081605
  29 2039          0.3948486      44328.5067908      11279.3232607
  29 2041          0.4006982      44332.2632820      11372.7180929
  29 2043          0.4123975      44296.7586315      11504.9191185
  30 2019          0.3977734      44349.2296612      11404.4125008
  30 2021          0.4065479      44353.7973599      11468.3534488
  30 2023          0.4065479      44253.1171663      11429.9409103
  30 2025          0.4123975      44338.9412765      11563.8362692
  30 2027          0.3977734      44360.4673622      11422.1584946
  30 2029          0.3977734      44195.3256954      11280.9331695
  30 2031          0.4153223      44198.0094585      11501.7633002
  30 2033          0.4094727      44186.1042633      11548.1204472
  30 2035          0.4065479      44333.9373285      11541.3072109
  30 2037          0.4123975      44314.4953887      11507.0219875
  30 2039          0.4094727      44290.7348661      11521.0282232
  30 2041          0.4036230      44208.1266207      11525.1454403
  30 2043          0.3919238      44272.3808179      11277.0767568
  31 2019          0.3977734      44476.3116883      11437.0916673
  31 2021          0.4065479      44412.3101342      11488.1557323
  31 2023          0.4094727      44376.6395703      11532.6145040
  31 2025          0.4065479      44495.3698222      11509.1726240
  31 2027          0.4094727      44394.3031490      11579.3190341
  31 2029          0.4094727      44422.2339882      11556.3892100
  31 2031          0.3948486      44345.7586093      11319.1228508
  31 2033          0.4065479      44407.2808709      11455.6773248
  31 2035          0.4094727      44473.4279301      11512.5441396
  31 2037          0.4123975      44460.6335584      11582.5119622
  31 2039          0.4036230      44380.7423405      11526.2110666
  31 2041          0.4065479      44340.3234093      11526.5718188
  31 2043          0.4036230      44378.3771437      11415.9234849
  32 2019          0.3977734      44123.8388963      11346.4532245
  32 2021          0.4065479      44152.8207091      11405.3535471
  32 2023          0.4153223      44161.8306485      11452.2075627
  32 2025          0.4182471      44031.5484698      11507.5629453
  32 2027          0.4065479      44038.7275591      11400.4514210
  32 2029          0.4065479      43997.1405843      11332.2328929
  32 2031          0.4211719      44146.3803268      11483.1102972
  32 2033          0.4094727      43984.3697549      11392.4994754
  32 2035          0.4006982      43977.4722967      11244.4430248
  32 2037          0.4153223      44180.2234725      11440.1339170
  32 2039          0.4182471      44019.2856123      11504.4440902
  32 2041          0.4123975      44136.2251164      11444.3127960
  32 2043          0.4094727      44034.9917004      11433.0190603
  33 2019          0.3977734      43881.6637127      11284.1778319
  33 2021          0.3977734      43944.9718296      11354.9090198
  33 2023          0.3977734      43710.3102187      11253.3766660
  33 2025          0.4006982      43743.9073111      11330.7603093
  33 2027          0.4094727      43875.8906078      11422.5517117
  33 2029          0.4065479      43756.2133206      11376.1269287
  33 2031          0.4065479      43811.0970680      11382.4726399
  33 2033          0.4094727      43764.7716535      11391.2124568
  33 2035          0.3889990      43926.8640573      11127.8519317
  33 2037          0.4094727      43810.6811352      11342.2803825
  33 2039          0.4036230      43877.3627666      11393.2560760
  33 2041          0.4094727      43887.2433439      11422.1553038
  33 2043          0.4065479      43864.7964256      11394.1155008
  34 2019          0.3977734      44081.8778497      11335.6629337
  34 2021          0.4123975      43985.8248887      11380.0706335
  34 2023          0.3919238      44062.2078214      11192.9260906
  34 2025          0.4153223      44095.5828403      11444.0794384
  34 2027          0.4094727      44136.0882413      11453.5887697
  34 2029          0.4094727      44106.0613867      11477.0073876
  34 2031          0.3977734      44143.3794245      11421.5082181
  34 2033          0.4036230      44148.5686557      11426.8925180
  34 2035          0.4036230      43913.1190369      11335.2778529
  34 2037          0.4065479      43979.5792916      11347.2612016
  34 2039          0.4211719      44129.3617324      11481.6807532
  34 2041          0.4094727      43972.5773796      11419.1768342
  34 2043          0.3919238      43988.4284925      11234.9678975
  35 2019          0.3977734      44339.6385649      11401.9461487
  35 2021          0.4123975      44242.0419013      11417.4918233
  35 2023          0.4036230      44191.8702932      11377.9760606
  35 2025          0.4211719      44254.4101311      11549.5792085
  35 2027          0.4123975      44346.2034010      11516.5805598
  35 2029          0.4211719      44233.2883689      11550.8056472
  35 2031          0.4211719      44241.3309169      11536.2909040
  35 2033          0.3948486      44353.1536788      11277.2803049
  35 2035          0.4094727      44209.9153654      11395.5118729
  35 2037          0.4094727      44297.2954863      11492.5636968
  35 2039          0.4123975      44298.4452523      11551.3064651
  35 2041          0.4094727      44288.1796814      11513.0601204
  35 2043          0.4065479      44365.6856641      11510.5103664
  36 2019          0.3977734      44660.9402936      11484.5689468
  36 2021          0.4094727      44608.0253733      11547.9448777
  36 2023          0.4094727      44596.5279126      11546.3068646
  36 2025          0.4065479      44664.0403710      11527.5503294
  36 2027          0.4094727      44607.0010262      11582.9103142
  36 2029          0.4123975      44637.4701252      11637.5433946
  36 2031          0.3919238      44660.0710824      11459.2318110
  36 2033          0.4153223      44689.8217071      11583.2948715
  36 2035          0.4006982      44679.1329615      11537.1782718
  36 2037          0.4036230      44673.3942922      11578.6068185
  36 2039          0.4065479      44534.8499378      11621.3339901
  36 2041          0.4094727      44514.9069329      11585.4189987
  36 2043          0.4036230      44724.5762727      11558.9549072
  37 2019          0.3977734      44386.3951597      11413.9696156
  37 2021          0.4036230      44410.4158620      11488.4051812
  37 2023          0.4036230      44345.0369878      11428.4152982
  37 2025          0.4153223      44217.8900321      11573.2951569
  37 2027          0.4036230      44287.1945947      11516.5441404
  37 2029          0.3948486      44292.6665432      11353.2688404
  37 2031          0.4153223      44439.7066299      11518.4622294
  37 2033          0.4036230      44393.1675487      11522.2055959
  37 2035          0.4094727      44414.1397762      11541.7225908
  37 2037          0.4094727      44410.9320555      11528.9212282
  37 2039          0.4065479      44277.4120946      11452.1351268
  37 2041          0.4123975      44375.6504253      11514.6644931
  37 2043          0.4153223      44291.5922135      11532.6538845
  38 2019          0.3977734      43113.1771153      11086.5613631
  38 2021          0.4065479      43040.0978208      11156.5813989
  38 2023          0.4065479      43056.0531033      11122.6000632
  38 2025          0.4153223      43159.1215743      11229.0630947
  38 2027          0.4094727      43083.6653514      11198.4124189
  38 2029          0.4036230      42960.9216889      11107.0986522
  38 2031          0.4006982      43114.4548264      11111.4127686
  38 2033          0.4153223      42941.0144617      11242.0561985
  38 2035          0.3977734      43088.7287552      11151.7859355
  38 2037          0.4006982      42970.1624720      11015.9458607
  38 2039          0.4153223      42995.9239955      11216.1923851
  38 2041          0.4065479      43066.1600814      11211.8029800
  38 2043          0.4036230      43025.0748068      11174.6449496
  39 2019          0.3977734      43346.9600895      11146.6786976
  39 2021          0.4094727      43354.0353502      11218.2248582
  39 2023          0.4036230      43375.2759375      11183.2661187
  39 2025          0.4065479      43319.9967414      11218.6059506
  39 2027          0.4065479      43219.1756079      11261.8108769
  39 2029          0.4065479      43332.9522901      11253.0328058
  39 2031          0.4036230      43327.6733960      11237.6237128
  39 2033          0.3977734      43364.6514337      11106.5199260
  39 2035          0.4094727      43175.9506248      11189.3454428
  39 2037          0.4153223      43370.8373685      11250.8937604
  39 2039          0.4036230      43211.7087860      11152.0346497
  39 2041          0.4094727      43378.8967923      11220.2990994
  39 2043          0.4153223      43295.2895965      11276.4638014
  40 2019          0.3977734      43451.2632627      11173.5002776
  40 2021          0.4065479      43379.4043657      11247.4452173
  40 2023          0.4036230      43517.2843959      11262.3936050
  40 2025          0.4036230      43371.2128312      11183.7559679
  40 2027          0.4065479      43337.9412797      11283.6811198
  40 2029          0.4065479      43440.5117239      11265.5694214
  40 2031          0.4036230      43361.1805487      11156.3543319
  40 2033          0.4211719      43438.8703045      11319.3204599
  40 2035          0.4153223      43382.9815632      11353.6133442
  40 2037          0.4065479      43347.5541294      11259.3707327
  40 2039          0.4006982      43322.0677619      11085.5607831
  40 2041          0.4065479      43347.0781991      11174.6868319
  40 2043          0.4240967      43333.7335527      11331.1533863
  41 2019          0.3977734      43500.4176316      11186.1403325
  41 2021          0.4036230      43441.0447394      11265.7140906
  41 2023          0.4036230      43492.8885966      11258.1087524
  41 2025          0.4065479      43463.8483299      11280.4979410
  41 2027          0.4094727      43365.0842356      11286.8157842
  41 2029          0.4094727      43480.4125874      11265.2613740
  41 2031          0.3977734      43369.1738848      11146.0526882
  41 2033          0.4036230      43570.9995491      11161.3551852
  41 2035          0.4036230      43454.7385749      11157.8308782
  41 2037          0.4123975      43369.6432416      11256.5092819
  41 2039          0.4094727      43521.1810565      11292.5031607
  41 2041          0.4094727      43505.7806047      11316.0437286
  41 2043          0.4094727      43530.0238713      11298.2483932
  42 2019          0.3977734      43378.1311528      11154.6943422
  42 2021          0.4036230      43308.4700568      11226.8478547
  42 2023          0.4094727      43293.3676483      11257.2932712
  42 2025          0.4123975      43364.3427277      11302.4471696
  42 2027          0.4065479      43393.0300939      11249.1248920
  42 2029          0.4065479      43315.5786378      11202.2728142
  42 2031          0.4094727      43399.3332461      11224.3780307
  42 2033          0.4094727      43219.8967465      11297.5496369
  42 2035          0.4006982      43377.7803163      11250.0395569
  42 2037          0.4094727      43213.6288103      11219.6853940
  42 2039          0.4094727      43317.0057991      11260.0457931
  42 2041          0.4065479      43397.8520720      11200.4016996
  42 2043          0.3860742      43271.6371531      10950.1286687
  43 2019          0.3977734      43863.6804070      11279.5534215
  43 2021          0.4036230      43921.3385404      11358.6281410
  43 2023          0.3977734      43862.5403636      11288.3898900
  43 2025          0.4094727      43709.7405379      11374.2704026
  43 2027          0.4036230      43796.4812239      11251.2959443
  43 2029          0.4211719      43741.8832270      11412.9497909
  43 2031          0.4182471      43820.2345571      11476.2207103
  43 2033          0.4094727      43802.0654720      11336.2438441
  43 2035          0.4123975      43844.1987348      11410.7870606
  43 2037          0.4065479      43751.2605900      11391.5260489
  43 2039          0.4094727      43751.7030036      11400.1387713
  43 2041          0.3977734      43802.4059154      11271.5625543
  43 2043          0.3919238      43695.2278084      11109.9499091
  44 2019          0.3977734      43899.6470184      11288.8022422
  44 2021          0.4065479      43827.9459265      11353.6465282
  44 2023          0.4153223      43731.9047524      11403.1482044
  44 2025          0.4153223      43877.5881105      11436.3720425
  44 2027          0.4123975      43917.8130383      11436.8680892
  44 2029          0.4182471      43822.3470180      11439.0512756
  44 2031          0.3919238      43942.1044494      11137.9096016
  44 2033          0.4153223      43725.2180088      11346.2722295
  44 2035          0.4094727      43746.3608416      11395.2650980
  44 2037          0.4123975      43769.4077787      11427.1080030
  44 2039          0.4065479      43805.5765984      11356.3100582
  44 2041          0.4065479      43813.8219993      11288.6574883
  44 2043          0.4123975      43892.4082287      11370.7118118
  45 2019          0.3977734      43766.5705562      11254.5816056
  45 2021          0.4036230      43671.3872437      11332.7379302
  45 2023          0.4036230      43662.1439305      11383.2735123
  45 2025          0.3977734      43590.3261013      11241.8396633
  45 2027          0.4094727      43838.8455583      11354.7687597
  45 2029          0.4123975      43645.1055907      11384.0764182
  45 2031          0.4065479      43695.8938866      11279.9476440
  45 2033          0.4006982      43713.6462224      11240.7296637
  45 2035          0.4094727      43768.1905238      11335.5536050
  45 2037          0.4065479      43718.1179213      11353.0130699
  45 2039          0.4036230      43662.0443980      11374.0118779
  45 2041          0.3977734      43796.2505825      11248.7983717
  45 2043          0.3977734      43599.5696425      11213.3515204
  46 2019          0.3977734      42897.3774467      11031.0684389
  46 2021          0.4065479      42889.7981113      11111.9145053
  46 2023          0.4036230      42786.8897864      11064.9671038
  46 2025          0.4153223      42761.2782250      11162.0853177
  46 2027          0.4036230      42847.3372849      11110.2717989
  46 2029          0.4094727      42759.9062159      11092.9467692
  46 2031          0.3977734      42791.6775153      10949.8755542
  46 2033          0.4123975      42885.8162596      11124.6826697
  46 2035          0.4065479      42872.6060246      11141.3356840
  46 2037          0.4094727      42788.8469962      11155.7468535
  46 2039          0.3977734      42958.7929594      11063.7246807
  46 2041          0.4153223      42728.8547284      11167.4200793
  46 2043          0.4094727      42927.7300704      11184.9418669
  47 2019          0.3977734      43224.6736107      11115.2327072
  47 2021          0.4065479      43142.5427726      11200.8875506
  47 2023          0.4094727      43053.7505660      11218.1142194
  47 2025          0.4036230      43057.3400432      11171.1620302
  47 2027          0.4065479      43194.5749480      11192.2408897
  47 2029          0.4036230      43243.7624113      11136.7141242
  47 2031          0.4211719      43283.1085343      11271.6351560
  47 2033          0.4123975      43171.9375570      11260.4668922
  47 2035          0.4006982      43149.0904588      11127.6837727
  47 2037          0.4036230      43205.8040558      11127.1924392
  47 2039          0.4153223      43279.6279334      11250.4245214
  47 2041          0.4006982      43258.4459174      11177.7853715
  47 2043          0.3977734      43275.0416214      11160.0273137
  48 2019          0.3977734      43662.2673830      11227.7600256
  48 2021          0.4094727      43614.9077301      11313.2073197
  48 2023          0.4182471      43633.7185262      11354.1061463
  48 2025          0.4065479      43567.9380938      11329.3839593
  48 2027          0.4036230      43607.8284644      11245.6330277
  48 2029          0.4065479      43552.5271897      11250.1198557
  48 2031          0.4094727      43503.3820768      11283.2394219
  48 2033          0.4094727      43706.2314926      11341.2515225
  48 2035          0.4036230      43694.2293911      11357.5738907
  48 2037          0.4036230      43550.3047001      11231.8473737
  48 2039          0.4153223      43493.0992033      11307.2439730
  48 2041          0.4065479      43654.6030084      11291.5428558
  48 2043          0.4065479      43547.9968020      11317.2957460
  49 2019          0.3977734      43525.5942596      11192.6145070
  49 2021          0.4094727      43479.1927420      11260.1580815
  49 2023          0.4123975      43411.1446965      11270.2590147
  49 2025          0.4153223      43365.9844497      11333.6088944
  49 2027          0.4094727      43371.2420381      11231.8595993
  49 2029          0.4153223      43482.4921556      11331.1348266
  49 2031          0.4065479      43532.5800547      11276.1951842
  49 2033          0.4094727      43526.6594882      11256.8068810
  49 2035          0.4094727      43582.0066278      11302.1776080
  49 2037          0.4036230      43478.7113032      11192.2994466
  49 2039          0.4065479      43513.4948348      11168.8247308
  49 2041          0.4211719      43562.8417670      11300.8277110
  49 2043          0.4211719      43414.8415168      11377.8124881
  50 2019          0.3977734      44952.2698461      11559.4843944
  50 2021          0.4094727      44877.0369645      11622.9159250
  50 2023          0.4036230      45027.2794921      11650.1480087
  50 2025          0.4036230      44810.5752054      11636.1141474
  50 2027          0.4036230      44812.6932771      11657.2417659
  50 2029          0.4065479      44812.0705242      11637.1464221
  50 2031          0.4182471      44905.5663991      11687.6950353
  50 2033          0.4036230      44900.2067046      11637.9958240
  50 2035          0.4036230      44990.8622003      11652.7083819
  50 2037          0.4065479      44933.3385372      11628.1184771
  50 2039          0.4094727      44953.3246763      11651.0036015
  50 2041          0.4036230      45010.5753123      11641.1902452
  50 2043          0.4065479      44894.9394861      11664.9387839
