2019 2020 2021 2022 2023 2024 2025 2026 2027 2028 2029 2030 2031 2032 2033 2034 2035 2036 2037 2038 2039 2040 2041 2042 2043 2044 2045
  25959.53   26051.37   25802.18   25689.17   24097.93   23132.58   24379.53   26922.55   25100.64   22827.06   19993.00   18869.85   18498.69   19558.98   20201.65   19644.20   15486.09   12959.75   14418.71   16703.94   18764.38   19528.14   20324.55   23644.95   24456.33   25647.42   25517.58
  25975.45   26096.72   26570.69   26945.85   25928.14   24074.91   21660.74   19234.20   17949.35   18250.21   19718.61   20561.04   24770.77   28545.23   29748.79   29766.09   27763.88   24876.28   23915.84   24842.60   21369.81   18549.49   19525.85   23545.48   31245.20   36903.25   39804.07
  25467.19   25159.79   24426.98   25793.43   28169.69   34227.41   37923.25   35309.84   32158.11   28281.25   25745.16   24755.28   25472.78   26058.07   26478.10   25112.61   19979.06   20295.75   27535.59   31656.32   30435.20   28525.58   24045.66   21801.31   22475.84   20445.60   17974.31
  25289.83   25243.07   26894.84   26993.58   22863.91   19516.52   35793.31   61371.44   68695.31   69256.16   65697.67   56930.89   49078.82   53325.16   72216.04   81944.85   77661.52   67846.94   48442.33   30827.00   20980.94   14415.35   14457.58   21065.30   32382.84   36808.85   38426.02
  26039.35   26088.90   26958.95   27187.17   25669.23   34514.88   47408.93   52273.34   41832.96   36193.42   41632.61   46198.14   49827.73   48909.50   40217.93   29820.51   20786.10   13665.21   15694.29   23638.93   33137.57   38034.77   34708.77   33421.83   34369.56   34295.67   32595.13
  29351.88   29700.03   27281.07   27678.64   29680.45   31224.43   32396.54   31133.45   30070.40   28837.63   27609.73   26191.79   26112.86   26072.57   24761.80   21708.86   18908.59   23602.63   35909.02   43229.07   41317.05   36715.75   27252.14   19035.65   14115.40    9891.94   13554.66
  25822.80   26060.51   24702.67   23118.82   24255.64   26634.00   27190.33   25190.79   25553.17   28425.75   28489.41   29739.87   34741.57   40698.20   43682.02   44804.04   38414.05   30911.08   29998.45   32168.63   40583.08   48887.44   48454.94   44133.16   34996.40   25549.67   23736.39
  24991.85   24449.98   26359.58   26854.80   35509.62   49398.71   50943.61   48547.57   35389.55   23913.64   21814.00   17740.06   14105.23   10407.21   14813.84   22465.35   27663.12   42361.60   54465.34   54834.76   37579.71   21879.65   17688.92   16037.97   20653.88   25991.43   32147.30
  26551.78   26416.61   25144.66   24251.96   21536.28   18341.07   17304.92   16064.30   16722.24   17618.47   18296.41   18754.35   20713.87   24501.99   28966.16   32498.09   36097.79   40362.84   39784.90   37442.45   35806.33   34592.38   35498.42   38639.88   40448.22   41577.17   44133.96
  26856.33   26723.11   24677.87   21928.92   19646.04   17198.65   15305.12   13044.56   12286.51   13000.91   15577.11   17929.81   18700.18   21066.33   23129.69   22638.51   21878.44   21659.20   21533.50   24407.51   29336.95   32882.10   28764.30   23088.84   27262.51   35287.84   36292.99
  26666.73   26817.68   27842.40   28064.58   29572.77   30282.37   26934.28   22632.41   18988.24   16541.30   17969.63   20291.71   23347.24   27871.54   27442.58   25815.54   23674.61   20945.31   21487.02   24646.02   30607.06   37302.67   38290.75   36249.90   31495.85   25545.67   17528.58
  26098.35   26266.96   26179.13   24532.68   20586.13   17484.50   16893.88   17287.55   20589.23   22647.20   23833.33   27973.55   32920.05   34105.18   33954.75   34688.13   31098.81   29147.01   33013.40   37045.01   37342.63   32938.54   26841.62   22766.48   18208.94   15902.55   17866.01
  26048.27   26011.29   25530.75   23895.18   24219.14   27640.04   30584.20   29554.44   32929.00   37953.40   36210.07   32064.25   23118.12   16380.93   23216.53   34586.61   39932.25   40478.30   39966.43   46492.26   50859.23   50044.33   47540.49   47426.62   39622.05   29832.35   25559.65
  24483.34   24136.95   23014.71   25607.49   30350.72   44343.97   59177.58   58849.62   37415.14   17686.05   10721.21   19781.98   44184.20   53885.11   51752.44   49459.96   42387.21   43533.17   53483.45   56374.35   52554.12   46429.46   34261.41   22529.98   17635.67   15572.06   21622.88
  30409.17   31412.83   29319.90   28691.86   32081.27   36648.70   38327.57   39319.99   40411.05   41389.79   41177.30   39448.20   40074.11   41127.89   36668.22   32841.93   34186.67   36143.69   34700.51   30732.82   23898.13   19315.87   20498.19   21335.48   23097.71   31751.17   47255.94
  28278.60   28753.38   27796.89   31895.37   38945.24   41201.94   36016.53   29150.93   21150.31   14027.28   12976.29   12554.15   13681.84   14208.49   16849.98   19672.89   21405.08   24163.44   25734.91   25847.30   23531.95   23849.89   25948.77   26358.54   27437.17   28499.72   26063.72
  28329.41   28845.12   26374.69   26952.81   31531.35   39097.91   45811.20   52980.44   60501.80   60244.57   55945.12   52474.00   47262.10   41008.48   34769.17   29041.53   26785.50   27306.47   28696.02   31876.08   32107.21   28306.56   24956.45   30602.06   40685.63   42397.33   35892.12
  29696.28   30542.62   30327.66   30493.79   29816.88   28967.24   26572.20   23541.58   19927.60   16431.11   16091.79   16807.62   20894.09   26238.29   27559.88   28518.60   29147.75   28810.85   27800.99   25997.20   23313.57   22210.29   26469.85   32883.86   36386.15   35208.82   36166.86
  26904.66   27432.08   26887.25   29702.69   30911.63   30265.71   29130.45   26282.80   18275.16   13582.24   18403.80   20006.39   22164.70   24431.68   27265.12   33285.31   38119.21   39955.87   39162.39   37471.13   37660.36   36827.27   35814.28   38160.38   39849.32   39112.57   35748.04
  27754.21   27724.16   27538.39   26536.01   24284.18   23294.58   23315.94   21261.02   17050.32   15723.80   19785.45   22958.62   23668.53   22701.61   24777.78   28855.52   26302.15   21752.87   14714.42   15540.35   28304.63   41769.70   44239.91   40457.83   33503.99   27977.65   26192.64
  27337.97   27563.26   27545.26   47994.50   78501.42   86852.50   78642.11   68399.11   54863.28   42457.91   35073.78   31839.34   31091.91   30227.49   28263.93   34025.06   44820.73   47406.35   45584.28   47959.95   41971.07   30465.08   28853.93   29524.94   30478.41   30759.11   31205.11
  24720.35   24754.63   25345.36   24747.88   23740.96   23448.01   23235.88   23687.54   23553.47   21554.24   21104.95   19919.61   17602.91   16598.92   18421.82   20160.74   22504.52   28022.53   33636.22   35970.52   33508.75   30695.06   27882.03   25603.04   27492.99   26891.01   26813.74
  24274.19   23608.36   24069.31   23249.61   21175.44   20761.33   13581.40    8389.73   12081.02   14492.19   15365.07   20913.05   25056.04   25172.65   22561.70   20069.19   16634.40   12281.51   14928.19   16335.54   18317.46   23710.28   34321.04   42227.86   39637.83   40359.70   43054.96
  25756.42   25660.45   25266.10   25362.56   24838.58   22363.98   24323.05   30461.51   34926.28   37049.12   41748.04   47776.35   46712.95   40320.09   32478.25   28292.07   28490.68   32452.58   39203.68   38983.21   31697.83   24015.37   18205.61   13495.18   13264.08   15942.98   20050.48
  29426.21   29118.04   28397.70   27255.16   24853.24   22091.79   18241.13   15065.42   22868.90   36918.86   44476.07   44882.79   39145.34   34411.41   29317.49   23959.85   21560.99   21029.17   22745.15   24321.64   24640.20   25562.36   25023.03   22801.73   20920.29   40656.82   73959.91
  26734.77   26284.26   26857.94   28934.44   32048.05   32887.75   27812.54   24248.09   24846.65   25508.46   27139.22   26109.27   25274.62   24767.08   22632.38   22516.66   24837.73   28398.60   33731.05   36139.96   37638.54   39019.20   38167.70   37169.89   32280.63   27184.53   26385.88
  27078.40   27258.10   28326.38   28552.28   27838.82   27587.12   26928.46   25826.24   25208.63   24171.60   22047.17   20181.23   18202.34   17430.59   21185.81   25102.99   29368.66   36641.57   41002.87   40779.69   39534.64   43543.16   49211.22   54381.34   57904.05   58761.94   53486.81
  27402.71   27290.41   27054.24   28818.11   31904.71   35855.78   40355.95   42831.12   42263.99   40601.53   39288.08   37572.27   32665.12   28281.69   29024.89   30593.42   34850.19   40752.98   40300.48   38626.24   47823.16   64224.66   71788.95   68146.75   54644.92   42649.23   33635.66
  27325.87   27376.50   27861.42   29899.67   29408.77   26245.99   21530.78   17895.73   17225.10   16868.46   21429.06   27815.30   28782.58   27838.22   23969.91   20456.92   19097.83   16515.35   13662.07   15396.19   24437.23   31727.75   39269.72   47358.01   50564.50   50229.63   44974.56
  30111.08   30813.74   29625.38   30520.24   35189.78   37948.27   32720.54   25625.60   23219.69   28847.94   43203.78   54571.11   57996.72   56359.68   45766.60   36605.40   30405.48   24198.43   23878.14   22939.55   21266.31   19546.88   15773.19   13976.59   20554.76   29167.54   30711.59
  27375.08   27902.26   27619.41   27796.82   28064.13   26839.55   27619.71   27546.04   24333.46   21975.28   20600.02   18499.12   24008.82   31519.35   35726.61   40878.22   42983.02   42570.98   37919.79   31938.55   29121.73   28047.15   25702.29   29264.04   38510.09   43889.21   48052.30
  27305.77   28219.33   28462.59   28337.02   28518.91   27317.00   23829.28   21495.87   22424.71   22808.46   25562.21   29758.23   30315.53   28162.37   24829.31   34268.77   52913.68   59598.00   57354.89   55552.22   50853.03   44675.50   40099.18   40812.14   42622.69   39114.89   33780.78
  25628.43   26298.18   20203.67   22064.42   33911.01   40186.02   41362.34   44652.04   40741.42   33256.29   31300.38   30367.69   28820.02   29217.86   30052.48   28347.82   36212.17   46915.36   50038.45   51432.83   43684.50   36128.08   30808.18   25432.66   24655.90   21945.99   19711.20
  26627.21   27168.76   28758.66   28870.00   35654.35   47113.20   49373.43   46912.16   41559.72   36660.66   30641.66   24236.83   18926.73   16363.92   16236.97   17343.15   21798.06   26669.81   32344.98   34944.11   33594.73   32582.77   31903.17   30796.86   36451.53   48650.47   51766.10
  27041.67   27097.59   29005.84   32593.67   39257.93   44983.83   43702.47   39465.11   35575.02   33158.62   31005.52   28127.26   26008.06   25236.27   29752.00   38383.97   45327.34   51607.97   51284.26   47481.90   41158.37   34104.04   30269.87   27186.40   24222.77   22894.08   24970.71
  28837.28   29205.51   29685.76   28912.49   29603.92   30943.17   31202.37   33135.22   33671.90   30969.04   26864.28   22275.86   23903.78   30266.27   33609.45   33421.13   32281.68   33603.14   30673.00   27850.19   22964.33   19268.31   20911.77   19681.02   18816.79   18758.77   21058.28
  27268.07   27456.05   25340.67   25477.64   29534.27   32400.48   30064.24   26210.76   20645.75   22105.01   32590.61   39681.87   41867.30   39648.12   33637.03   30425.21   27678.26   23994.00   22946.58   21030.28   21751.40   24356.31   24886.26   25617.44   26275.94   24198.63   21024.46
  27150.14   27458.00   26210.47   27493.38   32156.83   33686.92   31161.25   26631.16   22993.62   23722.14   27976.00   30978.21   34736.39   37927.11   34259.20   27615.86   22638.53   24923.29   35462.97   42849.07   41538.41   38444.46   31564.76   27397.86   27236.74   24603.19   23180.38
  28681.81   29070.24   29211.81   28307.77   27491.72   31954.86   35843.03   35202.00   30753.50   28591.82   27412.02   23795.22   21644.67   21221.79   26257.35   32667.37   36356.40   38912.38   38792.59   37454.76   39116.41   43945.56   44059.44   43047.70   41795.95   36709.59   31137.40
  26666.78   26622.21   25823.68   24968.97   22238.82   22678.35   28973.60   31481.28   27852.58   24752.31   23071.60   23271.00   29042.06   33060.62   32919.25   29673.02   23729.51   18274.85   14673.77   18464.70   28131.02   33401.93   38031.34   43294.82   43103.65   39592.75   31949.30
  27413.16   27422.00   24817.20   23492.75   24134.41   23009.62   21758.07   21038.18   21283.20   22712.49   24696.04   23754.24   26463.08   33774.69   39186.51   46995.14   56496.40   61222.87   61256.56   60658.08   56796.36   49612.56   41887.36   34383.72   30367.18   27324.73   25075.07
  25014.09   25065.71   23453.01   23561.22   24527.18   21689.19   18727.34   16680.86   16304.47   15493.19   16956.17   18540.66   19529.16   21713.13   19728.17   15232.78   12619.48   11905.67   14464.45   16541.04   17210.28   16724.05   17027.95   22091.60   37076.11   52973.75   64936.50
  25311.86   25368.41   23228.34   20976.18   23413.19   28445.54   27456.67   32950.18   45814.50   51371.33   51966.04   48433.38   38223.84   27995.70   25815.65   26257.07   24562.97   21432.39   18238.07   17129.39   16772.75   16210.05   18641.25   23103.47   34400.64   48100.32   54086.73
  26328.10   26556.96   26077.73   25214.41   24985.85   23964.52   21573.17   18694.76   16273.85   14622.92   14093.01   13538.30   18004.92   25491.94   30142.45   33904.49   34525.77   31561.34   27960.55   24616.21   23666.29   25595.63   30387.81   33553.81   33115.78   34513.01   32914.90
  27868.90   28062.37   25304.64   24171.86   19282.48   13897.45   18169.01   23108.73   24194.49   22342.86   19879.42   20253.75   24105.61   25665.69   27885.84   32775.16   34400.95   34733.98   32869.90   29497.77   22628.33   20535.18   26085.89   28398.31   33368.53   40536.60   42339.19
  25840.41   25556.46   24454.53   22505.61   23985.64   27134.19   26784.74   25477.21   23729.52   22734.67   23111.11   27535.69   38701.96   47048.14   47750.72   45844.07   39489.58   34103.61   29902.02   27020.25   28820.04   30183.54   29588.70   25809.08   19788.85   15683.60   14759.04
  27930.34   28054.98   25998.42   24408.01   23099.73   24005.06   26435.79   28703.05   29936.23   29515.64   33066.20   35172.20   33635.69   30438.69   26073.18   22639.61   22673.31   27772.80   34288.97   35374.33   32954.04   30465.97   29006.53   29338.18   27966.57   28443.34   29310.50
  26723.98   26349.89   25585.65   23850.41   22225.55   21541.81   20131.99   18740.05   20319.08   23280.64   27479.59   30461.46   32285.39   34222.01   31877.18   27724.58   18826.72   14628.29   19300.00   24800.12   30672.57   30826.72   30550.00   32437.38   31473.00   31382.19   27690.99
  27163.84   27656.58   27758.53   27549.35   28728.92   28933.46   26143.23   23827.31   25391.52   27385.11   25945.25   23498.02   22255.21   23028.49   25115.31   25760.11   23643.31   22519.63   25547.17   29669.09   34845.01   40346.50   43679.12   42658.03   35724.71   29277.97   25671.84
  30056.55   30563.71   30617.64   30378.04   26377.33   27907.96   31374.59   29331.47   25531.67   26310.28   30069.63   29768.35   30300.05   28622.95   26025.19   25101.82   23539.38   22439.06   22718.84   23907.90   24720.56   24902.41   24142.86   23372.48   21442.88   20654.63   20648.86
