2019 2020 2021 2022 2023 2024 2025 2026 2027 2028 2029 2030 2031 2032 2033 2034 2035 2036 2037 2038 2039 2040 2041 2042 2043 2044 2045
  25959.53   26051.37   25876.13   26084.18   24967.35   23884.65   24747.73   26844.92   25485.10   23656.28   20528.10   19070.04   18662.31   19623.80   20537.46   19885.74   15678.21   13234.46   14457.30   16742.00   18896.43   19553.32   20368.71   23392.75   24139.87   25200.21   24829.46
  25975.45   26096.72   26356.44   26685.05   25889.74   24071.93   21679.64   19428.24   18094.46   18468.56   20091.60   21009.22   24981.54   28435.85   29102.69   29295.99   27466.83   24650.52   23825.82   24497.77   21325.83   18164.16   18985.08   23441.66   30964.88   36819.44   39905.07
  25467.19   25159.79   24431.83   25700.35   27933.30   34428.58   37678.24   34906.03   31528.16   27699.58   25641.61   24944.47   25396.48   25954.48   26254.53   24656.71   19843.58   20126.31   27580.98   31692.36   30738.76   28904.68   24520.17   22163.18   22883.00   20434.99   17856.05
  25289.83   25243.07   27016.15   27158.81   23316.66   20017.95   36169.68   62190.17   71289.00   72369.23   67379.52   58198.75   49682.51   53955.56   72953.71   83083.64   79514.83   68957.39   48609.10   30521.87   20606.73   14196.53   14276.80   21065.92   32040.40   36751.54   38654.05
  26039.35   26088.90   26906.44   26645.88   25342.63   34194.99   47174.78   52070.94   41981.42   36115.45   41845.85   46208.35   50213.79   49410.90   40563.62   30161.32   21024.32   14051.68   16134.44   24049.95   33596.95   38604.05   35221.32   33723.90   33807.82   33802.63   32456.05
  29351.88   29700.03   27530.65   27658.45   28948.37   30297.89   31274.39   30752.99   30418.39   29533.85   27673.41   26314.61   26208.90   26436.79   25165.15   22197.12   19347.71   23740.29   36039.92   43469.27   41918.75   37629.70   27931.49   19336.25   14064.28    9538.27   13060.81
  25822.80   26060.51   24929.24   23497.86   24614.34   26514.07   26941.54   24685.39   25237.66   28123.65   28551.36   30289.55   35343.36   41152.05   44447.34   45737.79   39113.98   30851.44   29645.92   31511.55   39845.37   48033.61   49030.34   45119.09   35632.34   26285.85   24326.29
  24991.85   24449.98   26833.65   26932.83   35707.77   49595.40   52177.89   50217.73   35804.16   24270.42   21949.02   17963.28   14581.01   10685.85   15065.26   22650.34   28485.92   43555.52   54793.77   53744.25   36470.48   20781.32   16706.17   15745.11   20646.13   26352.85   32561.33
  26551.78   26416.61   24799.29   24029.10   21372.00   17948.60   17150.85   15934.29   16854.79   17817.33   18411.46   18991.70   21020.49   24835.06   29238.90   32580.34   36009.85   40616.36   40053.67   37832.90   36426.99   34733.16   35695.75   38634.78   40351.02   40920.72   43647.90
  26856.33   26723.11   24911.66   22049.98   19835.11   17045.97   14852.82   12319.20   11387.47   11965.70   14687.13   17116.70   18087.26   20827.96   22961.31   22761.85   21891.40   21245.98   21136.37   23813.28   28772.44   31939.39   27550.83   22243.90   26567.82   34939.49   36404.37
  26666.73   26817.68   27909.31   28650.26   30082.00   30811.61   27108.37   22942.86   19048.58   16533.77   18104.13   20349.14   23640.84   28125.86   27836.45   26286.68   24050.67   21210.97   22070.64   25378.48   30916.04   37174.94   37891.29   35644.89   31139.75   25351.47   17627.31
  26098.35   26266.96   26129.06   24766.03   20790.36   17656.69   16767.41   17383.59   20772.87   22944.28   24258.01   28512.96   33340.53   34284.48   34330.52   34822.73   30811.57   28717.44   32801.81   36559.70   37013.89   32960.03   27062.33   22827.65   18542.58   16225.22   18199.53
  26048.27   26011.29   25522.99   24119.82   25290.04   29030.70   31596.85   30141.06   33222.96   38295.27   36391.47   32684.89   24109.73   17265.97   23566.53   34790.45   39820.04   40732.58   40607.22   46681.30   51086.95   50529.28   47838.74   46968.21   38640.69   29250.30   25739.05
  24483.34   24136.95   23107.54   25940.57   30254.27   44531.17   59682.99   59354.98   37541.12   16879.95    9965.17   19125.69   44114.57   54227.19   51895.01   49714.97   43068.78   43563.82   53364.56   55621.34   52407.95   46019.92   33551.57   22221.70   17481.56   15604.31   21891.05
  30409.17   31412.83   28892.82   28464.55   32112.05   36316.43   38059.17   39220.17   40191.00   41763.48   41846.72   39563.36   40029.45   41077.01   37105.57   33689.38   34866.48   37035.06   35614.70   31984.76   24299.99   18822.24   20125.57   20915.03   22550.12   31313.73   46951.42
  28278.60   28753.38   27666.64   31664.27   38579.37   40669.91   35615.65   28020.62   20097.71   13182.70   12354.24   12313.33   13435.22   14026.19   16686.50   19433.54   21461.81   23910.36   25998.99   25683.71   23565.36   23863.85   26217.83   26541.44   27624.51   28436.52   26099.19
  28329.41   28845.12   26557.56   27082.90   31700.37   39790.57   45915.37   52221.50   59754.10   60142.89   55817.26   53096.76   48008.50   41157.94   34212.96   28972.06   27410.02   28366.24   29401.56   32400.15   32766.75   28663.57   25559.16   31188.77   41587.07   43742.31   36741.19
  29696.28   30542.62   30292.77   30431.51   30393.62   29817.09   27438.56   24021.41   20272.07   16843.19   16357.82   16861.16   20628.26   26001.74   27419.32   28049.45   28531.57   28370.15   27643.00   25897.80   23004.84   21753.79   26113.56   32594.56   36827.12   36468.94   36537.41
  26904.66   27432.08   26710.25   29651.24   31218.08   30614.01   29285.84   25778.18   17870.83   13545.11   18294.04   19994.73   22420.32   24705.38   27214.07   32586.33   37289.51   39188.79   38817.82   37405.94   38079.24   37346.22   36145.34   39046.61   40702.02   39607.49   35909.89
  27754.21   27724.16   27050.86   26168.25   24017.06   23440.61   23658.63   21307.53   16663.50   15193.77   19253.48   22742.54   23374.35   23052.19   25155.56   29116.39   25968.41   21021.34   13891.54   14864.91   27976.81   42069.04   44618.64   40936.30   33617.53   28301.66   26341.72
  27337.97   27563.26   27284.20   47494.08   77559.41   86316.63   78828.65   67396.28   53859.08   41025.03   34524.44   31351.33   30616.81   30093.87   28652.61   34506.45   44888.64   47911.54   46325.69   48848.65   42161.70   30943.27   28749.04   29430.65   30218.53   31077.39   31627.97
  24720.35   24754.63   25115.23   24490.47   24084.65   24149.15   23260.91   23715.07   23544.59   21683.28   21059.60   19946.90   17588.40   16551.81   18211.80   20100.06   22500.69   28064.26   33155.16   35874.30   33819.38   31115.63   27648.99   25171.94   26735.38   26290.04   26330.99
  24274.19   23608.36   23962.91   23412.74   21345.96   20682.76   13872.78    8507.61   12178.60   14353.30   15078.21   20594.12   24960.65   25107.20   22506.27   20120.91   16396.58   12117.05   14753.07   16174.10   17939.69   23371.78   34123.48   42253.27   39470.27   40494.82   42753.24
  25756.42   25660.45   25279.59   25238.90   24588.62   22258.06   24388.25   30735.63   34967.73   37637.09   41627.60   47997.69   46449.80   39495.39   32190.25   28194.70   28487.01   32850.60   39705.66   39918.11   32021.09   24289.79   18492.78   13926.54   13832.93   16174.81   20144.03
  29426.21   29118.04   28186.52   26730.12   24505.78   21835.70   18299.56   15098.96   23217.34   36884.68   43447.40   44077.56   38718.65   34346.57   29942.66   24553.97   22289.11   21607.43   23148.66   24180.13   24101.34   24869.11   24634.33   22604.50   20751.84   40351.21   73993.20
  26734.77   26284.26   27132.42   29286.82   32086.69   33075.51   27995.55   24990.66   25330.79   26115.02   27773.58   26596.51   25959.90   25345.11   22899.11   23010.20   25350.00   29166.90   34115.32   36643.17   38383.62   40149.23   39462.37   38152.73   32914.33   27859.17   26375.98
  27078.40   27258.10   27785.67   28271.46   28191.89   27528.29   26542.68   25208.58   24380.21   23395.91   21567.91   19526.89   17300.89   16701.87   20433.77   24355.55   28603.17   36224.92   41262.39   40854.52   39804.80   43546.67   49063.13   55450.05   59530.33   61352.59   55593.84
  27402.71   27290.41   27063.08   28876.74   32368.11   36787.41   42067.08   43768.23   43126.47   42008.92   40244.27   38373.43   33301.52   28356.58   29264.65   30976.67   35704.48   41128.37   41004.29   39419.03   48405.21   64399.58   71821.13   69722.98   55856.70   43528.49   33842.37
  27325.87   27376.50   27761.84   29303.15   29089.44   25976.51   21547.13   17942.68   17223.51   16715.26   21337.82   27445.85   28792.97   27316.61   23417.74   20002.81   18891.03   16624.29   14001.38   15928.13   24880.34   32776.44   39885.82   47300.88   50527.66   49678.79   44322.75
  30111.08   30813.74   29695.04   30723.75   35428.53   38089.33   32179.99   25150.04   22690.38   28807.41   42972.46   54865.42   58191.34   56846.25   45810.55   36679.39   30078.66   23543.88   23705.27   23024.70   21133.20   19478.20   15715.61   13857.36   20546.27   29435.02   31215.89
  27375.08   27902.26   27340.16   28015.39   28346.47   27628.62   28374.61   28216.76   24554.17   21688.08   20104.66   18201.82   23947.06   31717.18   36270.85   41301.25   43570.47   43449.66   38795.19   32435.86   29258.40   27842.90   25844.92   29115.71   38577.55   43709.95   47229.44
  27305.77   28219.33   28211.50   27881.65   27938.60   26821.66   23468.19   21469.48   22499.77   23225.16   26153.14   30475.40   30777.67   28777.05   25217.96   34703.75   53674.48   61135.88   59870.19   58861.92   53685.24   46625.06   40981.15   41523.14   42661.01   39250.18   33421.53
  25628.43   26298.18   20421.40   22290.85   34018.10   40361.47   42055.56   44893.12   41561.90   33200.43   30879.26   30178.17   28768.15   29313.83   31142.28   28996.70   36441.25   47282.50   50528.95   52029.80   44221.05   35970.64   30856.32   25606.53   24675.37   21551.43   19431.81
  26627.21   27168.76   28473.45   29112.24   35527.36   47043.31   49831.83   47638.27   42162.23   37010.90   31265.12   24910.29   19473.74   16673.81   16079.93   16770.71   21589.35   26742.05   32650.33   34977.63   34333.00   33187.02   32669.72   31415.95   37123.51   48781.48   52223.32
  27041.67   27097.59   28912.99   32672.67   39332.00   45179.77   43896.48   39747.91   35876.75   33149.55   31168.75   28922.71   26811.15   25986.27   30555.44   39263.86   46135.30   52382.18   51942.02   48270.76   41545.70   34171.07   30767.66   28001.30   25028.88   23095.50   24722.50
  28837.28   29205.51   29493.66   28738.14   29276.93   30941.49   31795.48   34086.02   34075.32   31691.06   27848.71   22997.25   23738.48   29860.55   33309.29   33168.87   32277.20   33316.60   30941.60   27901.29   22701.99   18999.58   20631.47   19582.32   18419.92   18320.17   20890.86
  27268.07   27456.05   25489.35   25262.06   29657.23   32775.92   30445.33   26330.34   20504.48   21976.95   32473.33   39649.53   41461.57   39040.63   33135.85   29430.21   26821.72   23259.24   22089.64   20527.08   21738.98   24499.11   24917.84   25692.18   26351.70   24403.26   21348.03
  27150.14   27458.00   26304.11   27652.45   32258.96   34287.64   31641.83   27711.80   23956.64   24714.35   28827.10   31530.90   34780.39   37980.75   34527.88   28058.13   22840.31   24813.72   35651.66   42989.97   42064.58   38881.37   30870.36   26853.39   27014.37   24382.14   23305.77
  28681.81   29070.24   29254.47   28205.62   27262.00   31782.38   35738.99   34928.46   30679.99   28294.60   26788.66   23127.08   21526.22   21492.99   26832.85   32703.59   36796.90   39268.11   39781.29   38512.52   40055.10   44376.00   44594.74   43821.04   42001.22   36778.37   31320.27
  26666.78   26622.21   25863.36   24963.35   21720.20   21972.17   27892.22   30626.13   27854.57   25110.89   23704.36   24289.42   30073.97   33568.80   33281.38   30342.86   24429.71   18914.82   15235.76   18687.97   28707.73   34163.56   38530.83   43233.32   43123.20   40109.96   32311.17
  27413.16   27422.00   24915.15   23598.14   24268.51   23170.47   21851.29   21550.55   21615.28   22974.55   24986.58   23984.09   26587.55   33807.55   39913.83   47723.02   57075.47   62447.35   62738.43   62698.47   57969.50   49925.24   41392.83   34272.57   30187.01   27362.84   25191.27
  25014.09   25065.71   23376.31   23478.77   24200.58   21777.18   18748.35   16619.29   16179.90   15580.77   16962.54   18845.49   19862.88   22200.04   19776.26   15310.93   12525.29   11955.89   14368.99   16144.37   16729.31   16313.85   16660.45   21826.19   37002.21   53650.25   65756.81
  25311.86   25368.41   23720.76   21303.65   23839.64   28380.98   27464.30   32486.29   45560.64   51124.13   51397.31   48375.99   38397.06   28788.58   26086.63   26481.18   24748.11   21627.34   18867.72   17451.45   17014.27   16278.09   18644.75   23265.51   34233.95   48186.12   54549.47
  26328.10   26556.96   25970.93   25130.25   25138.14   23750.32   21556.41   18742.78   16161.45   14364.80   13724.43   13067.85   17670.81   25296.54   30067.74   33851.77   33683.99   30797.26   27454.42   24401.13   23761.32   25472.60   30444.18   33729.66   33162.11   34598.10   33313.66
  27868.90   28062.37   25326.39   24094.16   19016.32   13810.53   17979.31   22812.55   23655.69   22043.96   20166.19   20644.15   24407.82   26177.59   28852.91   33546.87   34821.30   34961.03   33305.89   29689.40   22421.13   20329.47   25995.82   28402.43   33371.30   41257.02   43404.40
  25840.41   25556.46   24655.56   22400.57   23807.05   27273.95   26961.91   26073.43   24197.66   23195.99   23298.66   27513.96   38905.06   46582.11   46766.54   45362.74   39075.23   34472.70   30326.95   27487.96   29216.60   30387.93   29940.30   25964.29   19894.10   15962.90   14979.30
  27930.34   28054.98   26338.46   24617.85   23423.68   24386.84   26213.49   28300.51   29517.67   29541.54   32898.87   35240.64   33838.23   30860.61   26158.07   22796.50   22576.92   27592.25   33960.21   35641.29   33507.57   31291.69   29961.51   29531.54   27933.17   28418.96   29914.14
  26723.98   26349.89   25954.42   24434.04   22471.59   21602.57   20088.67   18529.81   20320.55   23150.50   27327.92   30680.93   32379.71   34175.04   32021.55   28048.81   18826.03   14506.25   19377.42   25107.00   30717.03   31617.10   31386.72   32915.13   31345.75   31185.16   27650.02
  27163.84   27656.58   27790.73   27692.65   28787.57   29002.16   26336.85   24176.69   26175.49   28033.42   26078.61   23481.26   22157.79   23465.28   25566.60   26195.05   24076.03   22791.78   25977.21   30343.23   35413.84   41279.70   44359.65   42473.21   35706.76   29165.38   25456.70
  30056.55   30563.71   30666.54   30544.90   26397.13   27816.40   31037.31   28518.40   25123.29   26227.44   29412.85   29697.68   31076.07   29550.48   27000.46   25898.93   24200.76   22542.74   22571.15   23873.41   24652.53   24919.95   24836.46   24075.57   22197.05   21303.44   20702.30
