FL 2019 2020 2021 2022 2023 2024 2025 2026 2027 2028 2029 2030 2031 2032 2033 2034 2035 2036 2037 2038 2039 2040 2041 2042 2043 2044 2045
 1  0.1254765  0.0537101  0.0372486  0.0514438  0.0432138  0.0912784  0.0854811  0.1131027  0.1118998  0.1627613  0.1904893  0.1131300  0.1132904  0.1589806  0.1519134  0.2500826  0.3086661  0.1830028  0.1762494  0.0601284  0.0509174  0.0646743  0.0650731  0.1006295  0.0930232  0.1954129  0.2035110
 2  0.0238751  0.0086047  0.0058513  0.0086027  0.0079310  0.0178031  0.0155184  0.0214356  0.0227314  0.0354431  0.0409861  0.0232424  0.0237373  0.0307745  0.0285559  0.0498206  0.0623662  0.0343199  0.0309743  0.0103943  0.0094799  0.0132426  0.0130873  0.0195662  0.0183312  0.0386596  0.0370455
 3  0.1162273  0.0913862  0.0807647  0.0971614  0.0778252  0.0747996  0.0673707  0.0875625  0.0734954  0.0800999  0.0672898  0.0775940  0.0748933  0.0827871  0.0798556  0.0909441  0.0760528  0.0867745  0.0717982  0.0911604  0.0869267  0.0891491  0.0819434  0.0830704  0.0712299  0.0795703  0.0735528
 4  0.0444602  0.0575301  0.0419736  0.0418358  0.0343115  0.0450107  0.0383039  0.0424224  0.0333292  0.0398585  0.0370996  0.0442994  0.0392230  0.0461176  0.0392434  0.0394815  0.0364146  0.0481376  0.0378607  0.0458029  0.0352802  0.0405177  0.0420176  0.0446992  0.0347720  0.0452131  0.0441962
 1  0.1254447  0.0530791  0.0359493  0.0785503  0.0642246  0.1036665  0.1046427  0.1207764  0.1298183  0.1076452  0.1000692  0.0505322  0.0454521  0.0510917  0.0476179  0.0557262  0.0576254  0.0770606  0.0856359  0.2396326  0.2770786  0.2202479  0.2295942  0.1249952  0.0926079  0.1164690  0.1050030
 2  0.0238456  0.0084980  0.0056811  0.0130200  0.0112247  0.0200228  0.0215680  0.0260425  0.0285951  0.0217835  0.0199389  0.0100056  0.0085437  0.0100099  0.0098800  0.0122708  0.0135605  0.0194082  0.0197559  0.0513593  0.0569050  0.0432365  0.0400296  0.0198189  0.0146046  0.0202874  0.0188506
 3  0.1162137  0.0650857  0.0809332  0.0794875  0.0742867  0.0714046  0.0747393  0.0710091  0.0656842  0.0723537  0.0721017  0.0729246  0.0790497  0.0677664  0.0703263  0.0688024  0.0645300  0.0644688  0.0683773  0.0666952  0.0686120  0.0681573  0.0824979  0.0807135  0.0794187  0.0673417  0.0657642
 4  0.0443576  0.0419435  0.0421487  0.0394319  0.0353586  0.0331064  0.0346787  0.0343400  0.0370934  0.0356031  0.0367701  0.0384997  0.0388960  0.0327228  0.0352170  0.0334354  0.0308072  0.0357182  0.0384953  0.0354670  0.0350456  0.0400840  0.0474755  0.0469092  0.0394898  0.0369762  0.0357545
 1  0.1278873  0.0770175  0.0535662  0.0681668  0.0474224  0.1990031  0.1569606  0.1522660  0.1623436  0.1464735  0.1624896  0.2063650  0.2221322  0.0969872  0.0925311  0.2132953  0.2671005  0.1799051  0.1349620  0.1197434  0.1154930  0.2451299  0.2888592  0.1802474  0.1726561  0.1389413  0.1585086
 2  0.0247547  0.0124165  0.0083813  0.0102709  0.0078718  0.0314201  0.0266355  0.0289718  0.0332383  0.0315780  0.0349890  0.0428593  0.0412993  0.0180467  0.0186072  0.0464441  0.0589142  0.0307523  0.0213781  0.0208983  0.0225587  0.0512668  0.0579930  0.0332862  0.0322917  0.0282536  0.0345162
 3  0.1181554  0.0857799  0.0833556  0.0754435  0.0781432  0.0703968  0.0829329  0.0709654  0.0692050  0.0744771  0.0726090  0.0712112  0.0656445  0.0736298  0.0772462  0.0783392  0.0785366  0.0754639  0.0744615  0.0830178  0.0770106  0.0670188  0.0764683  0.0751906  0.0714303  0.0840942  0.0718226
 4  0.0465951  0.0460552  0.0475018  0.0378231  0.0442626  0.0410196  0.0382686  0.0323376  0.0360586  0.0364684  0.0389065  0.0413991  0.0371053  0.0331770  0.0340087  0.0339820  0.0487178  0.0462935  0.0385225  0.0360399  0.0384864  0.0354493  0.0402736  0.0387362  0.0319498  0.0311226  0.0333298
 1  0.1288192  0.0243211  0.0160073  0.0818923  0.0759621  0.0852244  0.0661086  0.0528863  0.0390095  0.0672938  0.0673358  0.0649255  0.0735503  0.0638827  0.0496965  0.0650961  0.0621113  0.1581383  0.2026009  0.1800604  0.2593616  0.2757538  0.3480069  0.1288403  0.0757177  0.1192650  0.1203931
 2  0.0246201  0.0038663  0.0025247  0.0144946  0.0144491  0.0170961  0.0079802  0.0077940  0.0069766  0.0136052  0.0154950  0.0167768  0.0207606  0.0131709  0.0090746  0.0124923  0.0131883  0.0386305  0.0562554  0.0540580  0.0761644  0.0688292  0.0688308  0.0176426  0.0115779  0.0213543  0.0216546
 3  0.1191925  0.0675910  0.0791716  0.0799793  0.0739701  0.0724984  0.0743029  0.0697723  0.0608261  0.0544466  0.0496912  0.0567170  0.0539050  0.0570581  0.0595450  0.0523895  0.0517067  0.0492947  0.0556486  0.0601603  0.0573568  0.0599691  0.0705867  0.0765264  0.0811896  0.1316262  0.1210920
 4  0.0459275  0.0425064  0.0395317  0.0326330  0.0345620  0.0754673  0.0536806  0.0361910  0.0290376  0.0299682  0.0286641  0.0297577  0.0473304  0.0515466  0.0362917  0.0302061  0.0271729  0.0245090  0.0283890  0.0311071  0.0360651  0.0368717  0.0494967  0.0445652  0.0375294  0.0332524  0.0388198
 1  0.1248385  0.0459876  0.0311676  0.0544802  0.0459224  0.1252476  0.0747015  0.2558222  0.2800387  0.4038198  0.4040852  0.1365829  0.1164173  0.1749701  0.1974771  0.2576939  0.3677664  0.2722633  0.3218973  0.0894650  0.0580399  0.1736694  0.1766496  0.2859922  0.2936491  0.1341210  0.1287080
 2  0.0237493  0.0073569  0.0049125  0.0092543  0.0084342  0.0178116  0.0117036  0.0452284  0.0546095  0.0719815  0.0601865  0.0214301  0.0206280  0.0348001  0.0435240  0.0623002  0.0868162  0.0578897  0.0544632  0.0126742  0.0092247  0.0311818  0.0344759  0.0546286  0.0499048  0.0234180  0.0252276
 3  0.1157048  0.0709095  0.0749495  0.0786166  0.0782973  0.0717235  0.0736385  0.0678913  0.0616669  0.0658766  0.0755831  0.0697583  0.0648492  0.0603948  0.0615907  0.0610275  0.0609644  0.0734255  0.0749173  0.0812408  0.0841699  0.0704114  0.0673557  0.0694141  0.0717034  0.0766505  0.0721274
 4  0.0442984  0.0485724  0.0381828  0.0344874  0.0534751  0.0479402  0.0386343  0.0314005  0.0374280  0.0497933  0.0428439  0.0345708  0.0315477  0.0305751  0.0295011  0.0310464  0.0328857  0.0410280  0.0537040  0.0452159  0.0356703  0.0316010  0.0376222  0.0431433  0.0398408  0.0340504  0.0291473
 1  0.1109460  0.0858735  0.0617004  0.1077157  0.0772618  0.1563320  0.1430662  0.1558534  0.1608393  0.1552212  0.1661368  0.0715817  0.0710837  0.1327828  0.1412107  0.1687138  0.1977803  0.1068502  0.0680391  0.0809622  0.0756707  0.1843523  0.2333566  0.2715416  0.3785194  0.0834847  0.0720746
 2  0.0215407  0.0142182  0.0099093  0.0164330  0.0124739  0.0268597  0.0259975  0.0302378  0.0317742  0.0315641  0.0340032  0.0147742  0.0154804  0.0288596  0.0308424  0.0377286  0.0436529  0.0169147  0.0104466  0.0142013  0.0152708  0.0427190  0.0589356  0.0683553  0.0871849  0.0163269  0.0117972
 3  0.1025202  0.0663579  0.0837298  0.0829796  0.0777772  0.0800291  0.0723412  0.0733442  0.0732034  0.0762059  0.0641122  0.0669857  0.0708206  0.0724242  0.0675380  0.0659177  0.0668479  0.0722480  0.0819488  0.0681754  0.0679965  0.0567045  0.0640391  0.0640023  0.0727118  0.0674190  0.0749396
 4  0.0405097  0.0427888  0.0479980  0.0440307  0.0390284  0.0390321  0.0357780  0.0371323  0.0371596  0.0371156  0.0349805  0.0330081  0.0358564  0.0372427  0.0318694  0.0318104  0.0479910  0.0539502  0.0431513  0.0309374  0.0297985  0.0296649  0.0328504  0.0347256  0.0381444  0.0435942  0.0463010
 1  0.1265341  0.0907328  0.0630842  0.0469286  0.0380565  0.0576466  0.0507549  0.0846177  0.0914293  0.1009203  0.0963017  0.1287056  0.1180594  0.0668397  0.0582706  0.1861717  0.2055782  0.1579153  0.1779696  0.1075837  0.0942430  0.0610126  0.0557067  0.1320254  0.1593758  0.1066995  0.1257245
 2  0.0240649  0.0144453  0.0098167  0.0078075  0.0066084  0.0104376  0.0101233  0.0189908  0.0187909  0.0200950  0.0195634  0.0250923  0.0208366  0.0120067  0.0113054  0.0381429  0.0439979  0.0351267  0.0361283  0.0203232  0.0161100  0.0110929  0.0113783  0.0306888  0.0413726  0.0288379  0.0308355
 3  0.1171771  0.0801157  0.0871178  0.0818537  0.0835712  0.0773878  0.0714622  0.0707865  0.0682406  0.0700795  0.0734434  0.0757866  0.0736684  0.0753993  0.0640169  0.0630827  0.0627391  0.0712765  0.0695301  0.0677100  0.0693105  0.0649540  0.0607058  0.0587255  0.0596816  0.0592291  0.0693289
 4  0.0445246  0.0471617  0.0412454  0.0377489  0.0399249  0.0360323  0.0321580  0.0384493  0.0436512  0.0358344  0.0381438  0.0435705  0.0449258  0.0367080  0.0331119  0.0335551  0.0328629  0.0369968  0.0420994  0.0413272  0.0422232  0.0336564  0.0269521  0.0280114  0.0293604  0.0367541  0.0434562
 1  0.1297867  0.0147419  0.0097845  0.0182706  0.0140226  0.0603221  0.0471981  0.2515231  0.3147332  0.1709751  0.1848426  0.2661938  0.3465581  0.1479809  0.1487384  0.0616200  0.0466068  0.1830308  0.1258205  0.2692481  0.3389054  0.3316553  0.4530350  0.1097674  0.0883701  0.1011634  0.0826923
 2  0.0252255  0.0023679  0.0015438  0.0032373  0.0019049  0.0094315  0.0085878  0.0517511  0.0670809  0.0353331  0.0401951  0.0583021  0.0742794  0.0309248  0.0230157  0.0096618  0.0078768  0.0270705  0.0205808  0.0512794  0.0728461  0.0732946  0.0879777  0.0179374  0.0152441  0.0172379  0.0145437
 3  0.1198957  0.0813194  0.0811278  0.0858487  0.0790079  0.0774579  0.0674115  0.0644074  0.0674097  0.0690361  0.0698671  0.0655672  0.0693711  0.0828800  0.0741446  0.0831683  0.0846715  0.0678224  0.0626691  0.0634038  0.0650181  0.0641547  0.0749351  0.0746521  0.0740279  0.0726188  0.0708525
 4  0.0477583  0.0481468  0.0394413  0.0592592  0.0516721  0.0369161  0.0323346  0.0337700  0.0362860  0.0348251  0.0328629  0.0309887  0.0331345  0.0480785  0.0480449  0.0406226  0.0497888  0.0433291  0.0308408  0.0305871  0.0300353  0.0366190  0.0429695  0.0380831  0.0398795  0.0410615  0.0352949
 1  0.1223116  0.0850998  0.0598145  0.1516526  0.1274391  0.1665949  0.1701375  0.0538944  0.0525727  0.0880507  0.0903680  0.1041500  0.1024654  0.0741425  0.0618771  0.0761831  0.0704365  0.0755645  0.0710053  0.1042168  0.1094468  0.1051673  0.1071045  0.1088733  0.1004366  0.0766516  0.0720087
 2  0.0236805  0.0138226  0.0094251  0.0246355  0.0219554  0.0310695  0.0323574  0.0107805  0.0112733  0.0192160  0.0196253  0.0220948  0.0197710  0.0134096  0.0112074  0.0146397  0.0132043  0.0146290  0.0150300  0.0229799  0.0241356  0.0229278  0.0223070  0.0210935  0.0199010  0.0153684  0.0144381
 3  0.1129846  0.0742243  0.0770431  0.0775242  0.0812802  0.0720891  0.0735604  0.0699764  0.0728407  0.0749850  0.0706511  0.0746481  0.0695209  0.0778081  0.0734493  0.0716375  0.0687158  0.0700584  0.0686715  0.0648363  0.0638158  0.0680801  0.0696404  0.0682925  0.0627438  0.0652993  0.0646431
 4  0.0446547  0.0462444  0.0424486  0.0375736  0.0374002  0.0350759  0.0353073  0.0314635  0.0324278  0.0355988  0.0361245  0.0420286  0.0425185  0.0399704  0.0391648  0.0390707  0.0379662  0.0349990  0.0351502  0.0355096  0.0386899  0.0387029  0.0410202  0.0380445  0.0357782  0.0372856  0.0364765
 1  0.1207744  0.0938964  0.0667001  0.0689497  0.0625667  0.0595210  0.0616353  0.0752401  0.0810194  0.0759824  0.0683633  0.0827650  0.0797206  0.0973429  0.0852627  0.1068630  0.1124907  0.1350272  0.1380084  0.0996211  0.0815506  0.2090803  0.2207818  0.1727897  0.1943198  0.1429591  0.1221709
 2  0.0233681  0.0153227  0.0105176  0.0119987  0.0118985  0.0123586  0.0139827  0.0179060  0.0177017  0.0150927  0.0130903  0.0161392  0.0163609  0.0187348  0.0168830  0.0224332  0.0237867  0.0283821  0.0280522  0.0179982  0.0144807  0.0390110  0.0437799  0.0361304  0.0315631  0.0230560  0.0220796
 3  0.1116213  0.0727975  0.0818410  0.0857343  0.0829233  0.0815447  0.0705177  0.0753113  0.0654490  0.0742553  0.0887494  0.0771659  0.0748155  0.0710531  0.0720340  0.0697539  0.0707823  0.0670766  0.0776571  0.0711461  0.0786899  0.0728230  0.0748802  0.1565694  0.1476089  0.0798954  0.0791951
 4  0.0441728  0.0461620  0.0391499  0.0344786  0.0337160  0.0337707  0.0315263  0.0380324  0.0368322  0.0386659  0.0423429  0.0343017  0.0375140  0.0376657  0.0351346  0.0348040  0.0344894  0.0377338  0.0452367  0.0452074  0.0394432  0.0355200  0.0332125  0.0495416  0.0556807  0.0392672  0.0336178
 1  0.1220670  0.0351462  0.0238821  0.0427434  0.0345658  0.0771552  0.0751360  0.1368217  0.1601991  0.1213280  0.1253083  0.0985647  0.0900948  0.1605377  0.1528358  0.1433885  0.1486646  0.1405814  0.1485536  0.0714837  0.0588454  0.1303739  0.1182126  0.1488431  0.1631189  0.2488686  0.3420625
 2  0.0232303  0.0056849  0.0038192  0.0072400  0.0058648  0.0145038  0.0157775  0.0316395  0.0371532  0.0269844  0.0245117  0.0185749  0.0161810  0.0292620  0.0292305  0.0284707  0.0314259  0.0303864  0.0293043  0.0129241  0.0104230  0.0233901  0.0225337  0.0306298  0.0360224  0.0585621  0.0835031
 3  0.1130934  0.0662091  0.0820648  0.0866873  0.0798319  0.0764494  0.0706797  0.0662874  0.0718378  0.0752850  0.0742495  0.0815136  0.0785929  0.0736365  0.0756697  0.0691402  0.0707655  0.0718352  0.0743517  0.0721989  0.0769215  0.0698192  0.0738957  0.0662917  0.0677167  0.0605438  0.0627448
 4  0.0433681  0.0426209  0.0397827  0.0443894  0.0380894  0.0341464  0.0308875  0.0320287  0.0359875  0.0391996  0.0401725  0.0416549  0.0416656  0.0369263  0.0357324  0.0335021  0.0343009  0.0377721  0.0441663  0.0426254  0.0410451  0.0358696  0.0346402  0.0332464  0.0320612  0.0285169  0.0325513
 1  0.1248421  0.0642769  0.0442818  0.0827349  0.0748623  0.1252013  0.1236700  0.1487615  0.1328658  0.1587726  0.1547206  0.1226088  0.1016356  0.1223008  0.1240230  0.1557455  0.1642390  0.1916379  0.1849962  0.1022275  0.0928002  0.1386233  0.1675796  0.2228053  0.2743145  0.2006787  0.1947866
 2  0.0236711  0.0103043  0.0069792  0.0142849  0.0145251  0.0248890  0.0247874  0.0279120  0.0234750  0.0291546  0.0281625  0.0211528  0.0182988  0.0239674  0.0241339  0.0312315  0.0351727  0.0384342  0.0322329  0.0180785  0.0183201  0.0310312  0.0399889  0.0527618  0.0615380  0.0386463  0.0350268
 3  0.1157002  0.0755823  0.0777072  0.0780956  0.0804548  0.0795308  0.0723109  0.0734740  0.0796381  0.0754392  0.0783105  0.0721606  0.0790353  0.0712773  0.0652735  0.0695705  0.0694764  0.0702242  0.0682971  0.0667708  0.0686073  0.0687191  0.0615231  0.0613849  0.0722627  0.0717745  0.0807780
 4  0.0439966  0.0451860  0.0395771  0.0335750  0.0352094  0.0370130  0.0419318  0.0403642  0.0394541  0.0379080  0.0423134  0.0425697  0.0382967  0.0357129  0.0377759  0.0333416  0.0373958  0.0456932  0.0423352  0.0341263  0.0297499  0.0324070  0.0322413  0.0359526  0.0385234  0.0423387  0.0491833
 1  0.1245411  0.0728744  0.0502737  0.0482337  0.0411618  0.0573658  0.0462697  0.0390979  0.0388524  0.0891924  0.0867818  0.1968129  0.2542288  0.3277220  0.3922159  0.0877602  0.0644448  0.2389926  0.2639909  0.0992564  0.0819649  0.1299142  0.1382064  0.2649928  0.3019666  0.3121633  0.3867308
 2  0.0237521  0.0117164  0.0079016  0.0083660  0.0070751  0.0098307  0.0086790  0.0082660  0.0076641  0.0179567  0.0188490  0.0457370  0.0627306  0.0760889  0.0512367  0.0123779  0.0108860  0.0463690  0.0440892  0.0164785  0.0151704  0.0263167  0.0287480  0.0545709  0.0618314  0.0621981  0.0713831
 3  0.1153379  0.0693502  0.0823577  0.0856174  0.0778171  0.0743020  0.0663215  0.0762995  0.0631591  0.0662955  0.0636086  0.0657975  0.0713820  0.1408313  0.1629333  0.0846591  0.0804295  0.0626083  0.0739979  0.0643004  0.0639116  0.0655903  0.0612904  0.0603779  0.0633627  0.0754077  0.0654793
 4  0.0445669  0.0455242  0.0411359  0.0389008  0.0412597  0.0388015  0.0320574  0.0391403  0.0403912  0.0334134  0.0306229  0.0309337  0.0343034  0.0677811  0.0614381  0.0373726  0.0328455  0.0429140  0.0496569  0.0338731  0.0326973  0.0344317  0.0383755  0.0340910  0.0318374  0.0389987  0.0369944
 1  0.1327275  0.0961794  0.0659410  0.1376429  0.0881391  0.1867302  0.1218143  0.2952469  0.3870513  0.3306036  0.5217365  0.2866190  0.1078697  0.1656670  0.1638764  0.1609776  0.1728645  0.1046363  0.0877353  0.1000987  0.1014789  0.1886108  0.2395788  0.1858636  0.2468595  0.1445327  0.1269535
 2  0.0254987  0.0152245  0.0101224  0.0193732  0.0131167  0.0255569  0.0192912  0.0556313  0.0833120  0.0766623  0.1214700  0.0284949  0.0143386  0.0276680  0.0295012  0.0320445  0.0373594  0.0199471  0.0161013  0.0196627  0.0215418  0.0438223  0.0603829  0.0482359  0.0622299  0.0294730  0.0209577
 3  0.1228067  0.0808252  0.0875923  0.0852750  0.0905821  0.0761348  0.0655627  0.0633453  0.0608195  0.0723131  0.0694175  0.0805507  0.0864630  0.0670953  0.0619707  0.0590965  0.0656947  0.0639524  0.0643362  0.0633799  0.0568963  0.0563064  0.0631586  0.0610658  0.0698747  0.0720343  0.0785668
 4  0.0478112  0.0458845  0.0521416  0.0450162  0.0506463  0.0451452  0.0318893  0.0264815  0.0285553  0.0305223  0.0694033  0.0605985  0.0382415  0.0329881  0.0346937  0.0303348  0.0385143  0.0448845  0.0375722  0.0317549  0.0317788  0.0293155  0.0313356  0.0307654  0.0400063  0.0495200  0.0507270
 1  0.1072441  0.0926306  0.0674604  0.0882064  0.0641781  0.0780350  0.0670064  0.0858130  0.0822626  0.1429955  0.1443192  0.0843251  0.0852002  0.1129568  0.1192980  0.0888589  0.0908196  0.1321635  0.1333418  0.2040922  0.2569364  0.1365889  0.1359597  0.0526427  0.0484521  0.0804264  0.0527828
 2  0.0203581  0.0153038  0.0108920  0.0139539  0.0099153  0.0131386  0.0126193  0.0170882  0.0171311  0.0298576  0.0291951  0.0174684  0.0175890  0.0239270  0.0270470  0.0202096  0.0193439  0.0271615  0.0278218  0.0447538  0.0591076  0.0290063  0.0271346  0.0102361  0.0097442  0.0129828  0.0083611
 3  0.0993911  0.0643690  0.0799253  0.0795011  0.0735214  0.0826929  0.0690220  0.0675039  0.0670802  0.0619921  0.0620851  0.0665536  0.0597914  0.0659565  0.0562872  0.0619308  0.0618520  0.0636349  0.0700332  0.0731040  0.0653612  0.0757553  0.0691632  0.0706343  0.0808519  0.0705850  0.0672846
 4  0.0378383  0.0441958  0.0470921  0.0471264  0.0426237  0.0372915  0.0340230  0.0346257  0.0379344  0.0371374  0.0372811  0.0376854  0.0351418  0.0331295  0.0290985  0.0395502  0.0397801  0.0344136  0.0352006  0.0333785  0.0351283  0.0414709  0.0372151  0.0367102  0.0524428  0.0512686  0.0357119
 1  0.1151150  0.0773801  0.0546609  0.0446041  0.0269186  0.1693950  0.1747831  0.2633985  0.3427486  0.2674116  0.3266146  0.1438027  0.1337611  0.0966725  0.0880912  0.0719057  0.0652259  0.0882500  0.0793987  0.0756129  0.0785124  0.1673154  0.1586002  0.1701865  0.1715465  0.1649607  0.1708584
 2  0.0219508  0.0126061  0.0086989  0.0061950  0.0043268  0.0307194  0.0344337  0.0567048  0.0747523  0.0557977  0.0631096  0.0257367  0.0250336  0.0184593  0.0156831  0.0132486  0.0123978  0.0167122  0.0154700  0.0158452  0.0182376  0.0350452  0.0301138  0.0326047  0.0310012  0.0311983  0.0342557
 3  0.1066673  0.0723085  0.0826264  0.0802732  0.0781640  0.0793186  0.0680115  0.0646538  0.0681127  0.0772977  0.0801579  0.0794715  0.0788979  0.0703035  0.0823451  0.0881950  0.0772712  0.0725630  0.0718588  0.0691838  0.0728410  0.0737391  0.0749785  0.0744231  0.0736968  0.0719705  0.0679759
 4  0.0408969  0.0424113  0.0524158  0.0438820  0.0384395  0.0348430  0.0304599  0.0315215  0.0336739  0.0365978  0.0396133  0.0346295  0.0323905  0.0380722  0.0438219  0.0403004  0.0401789  0.0368550  0.0337870  0.0290504  0.0390866  0.0466185  0.0400599  0.0362535  0.0396930  0.0338483  0.0353901
 1  0.1151962  0.0931735  0.0665660  0.0557222  0.0378958  0.1163570  0.0891088  0.0822422  0.0681552  0.0936012  0.0989436  0.1114510  0.1274460  0.1324217  0.1584969  0.1491860  0.1687627  0.1588320  0.1505929  0.1970316  0.1814843  0.2543751  0.3098260  0.1354711  0.0936231  0.1625977  0.1808545
 2  0.0220659  0.0151854  0.0105661  0.0083840  0.0061349  0.0185827  0.0154769  0.0144177  0.0127259  0.0195770  0.0218163  0.0254482  0.0294605  0.0315059  0.0375719  0.0345756  0.0358548  0.0303224  0.0279772  0.0347718  0.0335772  0.0515113  0.0570414  0.0202760  0.0154142  0.0308703  0.0380755
 3  0.1065712  0.0735750  0.0887865  0.0761611  0.0764053  0.0690851  0.0705538  0.0640058  0.0593112  0.0596808  0.0607057  0.1190485  0.1230521  0.0635756  0.0713525  0.0679495  0.0732201  0.0743724  0.0737406  0.0700239  0.0801278  0.0757384  0.0687813  0.0765596  0.0732390  0.0689880  0.0635008
 4  0.0411010  0.0442963  0.0452999  0.0422266  0.0434806  0.0383970  0.0422630  0.0385130  0.0345602  0.0343955  0.0361695  0.0317980  0.0301169  0.0339434  0.0356409  0.0396581  0.0411930  0.0425329  0.0400005  0.0390462  0.0356603  0.0364835  0.0511629  0.0445178  0.0356220  0.0315990  0.0303757
 1  0.1096066  0.0447243  0.0316981  0.0644785  0.0514477  0.0754972  0.0758386  0.1731450  0.2004193  0.1437580  0.1567743  0.1206019  0.1109994  0.1393668  0.1259660  0.0991133  0.0943923  0.0957649  0.0968252  0.1299095  0.1449061  0.0789683  0.0707785  0.0699357  0.0579150  0.0845923  0.0886080
 2  0.0207519  0.0073718  0.0051541  0.0107161  0.0088805  0.0142312  0.0157444  0.0382334  0.0439247  0.0312920  0.0314045  0.0233736  0.0186531  0.0241029  0.0230577  0.0189081  0.0190479  0.0199845  0.0210376  0.0288117  0.0326656  0.0163339  0.0131387  0.0123447  0.0109386  0.0179528  0.0181158
 3  0.1016157  0.0749920  0.0847298  0.0850980  0.0754815  0.1334886  0.1303792  0.0652824  0.0687985  0.0718166  0.0739981  0.0720611  0.0847677  0.0815911  0.0746527  0.0736528  0.0711584  0.0716489  0.0770122  0.0747568  0.0681691  0.0671945  0.0723638  0.0705065  0.0726926  0.0679600  0.0605673
 4  0.0386192  0.0455474  0.0414231  0.0413088  0.0368923  0.0318479  0.0302398  0.0330766  0.0355373  0.0371852  0.0384191  0.0422420  0.0427616  0.0397172  0.0347882  0.0360439  0.0359702  0.0347433  0.0359320  0.0355195  0.0368805  0.0444956  0.0457495  0.0379753  0.0326557  0.0354777  0.0392262
 1  0.1210734  0.0686307  0.0479095  0.1937853  0.1325656  0.1440349  0.1357200  0.3167692  0.4380139  0.2574344  0.2146786  0.0988100  0.0913633  0.1141710  0.1057579  0.0861976  0.0712245  0.1011630  0.1013588  0.0808660  0.0824242  0.1083962  0.1168589  0.0844068  0.0783813  0.1036831  0.1099783
 2  0.0226531  0.0110325  0.0075881  0.0280625  0.0197755  0.0242977  0.0258136  0.0665225  0.0966728  0.0439219  0.0353510  0.0173615  0.0164332  0.0214939  0.0191905  0.0151059  0.0130461  0.0200578  0.0208713  0.0174358  0.0177522  0.0241354  0.0246040  0.0167586  0.0160354  0.0221123  0.0248222
 3  0.1124218  0.0791338  0.0737271  0.0818096  0.0784760  0.0763296  0.0763194  0.0651819  0.0784737  0.0798544  0.0922602  0.0840085  0.0806866  0.0765547  0.0754721  0.0710677  0.0716420  0.0673876  0.0604953  0.0701670  0.0626476  0.0669159  0.0623800  0.0695317  0.0665374  0.0661570  0.0712418
 4  0.0418976  0.0431451  0.0473086  0.0498160  0.0402000  0.0358076  0.0314889  0.0302397  0.0415774  0.0437036  0.0390362  0.0378849  0.0394248  0.0408731  0.0461533  0.0400639  0.0348760  0.0349415  0.0335890  0.0365775  0.0346179  0.0361485  0.0374165  0.0387633  0.0327623  0.0326836  0.0342269
 1  0.1167139  0.0585491  0.0409137  0.0930544  0.0800456  0.0990828  0.0895694  0.1454919  0.1720230  0.0693922  0.0600860  0.0593103  0.0553674  0.0984188  0.1018289  0.1961904  0.2022573  0.3536339  0.5315792  0.2571524  0.1398345  0.2702747  0.2245889  0.2164999  0.2434875  0.1995786  0.2195638
 2  0.0225821  0.0096340  0.0065487  0.0158900  0.0139835  0.0178884  0.0173425  0.0312523  0.0408339  0.0146605  0.0114881  0.0113621  0.0113500  0.0217329  0.0199209  0.0377231  0.0403956  0.0759502  0.1049064  0.0325689  0.0184636  0.0395576  0.0363811  0.0401554  0.0479687  0.0401790  0.0441491
 3  0.1078768  0.0697846  0.0855177  0.0797772  0.0758606  0.0761122  0.0750220  0.0732239  0.0659338  0.0679248  0.0704110  0.0749017  0.0720704  0.0695757  0.0717478  0.0723292  0.0679352  0.0753516  0.0717845  0.0905200  0.0952314  0.0754673  0.0680800  0.0668826  0.0697386  0.0692544  0.0723464
 4  0.0428988  0.0433549  0.0411203  0.0396624  0.0393697  0.0364074  0.0341870  0.0312272  0.0353058  0.0443852  0.0410706  0.0342079  0.0326408  0.0400178  0.0432062  0.0369350  0.0317889  0.0348630  0.0471243  0.0552102  0.0504977  0.0400496  0.0312314  0.0323904  0.0353461  0.0352538  0.0358852
 1  0.1187765  0.0511140  0.0352031  0.0430834  0.0165013  0.0552445  0.0530355  0.1040282  0.1220590  0.0822774  0.1020995  0.1032889  0.1113863  0.1156227  0.1242883  0.1702003  0.1283098  0.1758883  0.1811912  0.2395820  0.2478746  0.1329610  0.1519337  0.1428610  0.1439283  0.1317276  0.1329871
 2  0.0226444  0.0083081  0.0056272  0.0043810  0.0023292  0.0097521  0.0113150  0.0261138  0.0339252  0.0242785  0.0275764  0.0249852  0.0252687  0.0254280  0.0277646  0.0297542  0.0213818  0.0324248  0.0328943  0.0438607  0.0490208  0.0288146  0.0319768  0.0290939  0.0285647  0.0259694  0.0261591
 3  0.1100329  0.0644042  0.0803626  0.0862692  0.0705750  0.0545132  0.0505873  0.0522294  0.0546636  0.0491558  0.0581171  0.0605777  0.0690013  0.0669640  0.0738410  0.0651227  0.0691547  0.0692621  0.0688579  0.0649717  0.0656667  0.0633535  0.0638846  0.0705888  0.0682325  0.0705867  0.0675640
 4  0.0423910  0.0416646  0.0834926  0.0571781  0.0353688  0.0261475  0.0270393  0.0314271  0.0316949  0.0302792  0.0382476  0.0358075  0.0361504  0.0345346  0.0463052  0.0491359  0.0359268  0.0371315  0.0414013  0.0347401  0.0288202  0.0350043  0.0370235  0.0376304  0.0352832  0.0382648  0.0372605
 1  0.1318712  0.0590542  0.0396052  0.0481311  0.0410215  0.0545243  0.0501883  0.1460513  0.1497868  0.0414055  0.0410973  0.0912329  0.1021488  0.1219083  0.1204835  0.1083343  0.1008063  0.1118791  0.0902803  0.1483129  0.1506874  0.1486894  0.1595280  0.0840263  0.0805057  0.0571749  0.0585143
 2  0.0249026  0.0092926  0.0061553  0.0082429  0.0074808  0.0104535  0.0103841  0.0299598  0.0297210  0.0084648  0.0090322  0.0214142  0.0247536  0.0272371  0.0232619  0.0204649  0.0183029  0.0191488  0.0159073  0.0281232  0.0301442  0.0307731  0.0345929  0.0174323  0.0166624  0.0123476  0.0127847
 3  0.1222950  0.0782669  0.0820613  0.0719142  0.0686505  0.0714156  0.0719654  0.1085693  0.1110603  0.0759958  0.0648670  0.0689243  0.0578721  0.0736143  0.0706145  0.0833627  0.0804579  0.0759002  0.0788512  0.0736914  0.0704546  0.0735769  0.0716763  0.0739732  0.0658845  0.0698218  0.0711700
 4  0.0459998  0.0426942  0.0410670  0.0352464  0.0343965  0.0354871  0.0348547  0.0372422  0.0336455  0.0326558  0.0334862  0.0314790  0.0360475  0.0466586  0.0402331  0.0397416  0.0434097  0.0433587  0.0387472  0.0352576  0.0354077  0.0347915  0.0362438  0.0380948  0.0336698  0.0351248  0.0455736
 1  0.1335702  0.0577214  0.0388671  0.1444605  0.1278691  0.3864199  0.4599101  0.4696197  0.4746772  0.2625885  0.2525270  0.5186983  0.4049332  0.2603288  0.2567850  0.4061020  0.4987484  0.0985169  0.0837416  0.0610878  0.0572597  0.0362169  0.0259944  0.1259959  0.1220493  0.1580231  0.1448756
 2  0.0258944  0.0092281  0.0060612  0.0246527  0.0205962  0.0670656  0.0833948  0.0764773  0.0671515  0.0404730  0.0428159  0.0728031  0.0555860  0.0407489  0.0453564  0.0728997  0.0872247  0.0162485  0.0147456  0.0115434  0.0111138  0.0062964  0.0042218  0.0227657  0.0246109  0.0304651  0.0281182
 3  0.1234566  0.0694989  0.0887175  0.0795247  0.0791817  0.0728334  0.0783538  0.0715663  0.0795610  0.0902748  0.0772224  0.0868769  0.0899432  0.0809153  0.0816924  0.0857669  0.0809626  0.0850485  0.0826951  0.0804166  0.0750690  0.0769195  0.0692961  0.0643826  0.0677778  0.0615707  0.0633907
 4  0.0490362  0.0484238  0.0442514  0.0421779  0.0392549  0.0339370  0.0346242  0.0437435  0.0400913  0.0366921  0.0485797  0.0510676  0.0434256  0.0329182  0.0355016  0.0413227  0.0377539  0.0377513  0.0335835  0.0384520  0.0431075  0.0483746  0.0405840  0.0300952  0.0372141  0.0412807  0.0330237
 1  0.1265370  0.0659282  0.0455188  0.0583341  0.0472265  0.0758277  0.0744423  0.0707594  0.0582487  0.0992123  0.0944052  0.1272607  0.1205254  0.1468034  0.1730416  0.1300659  0.1334574  0.1138714  0.0941013  0.1725180  0.1996575  0.1910834  0.2464976  0.1201911  0.1329646  0.0810317  0.0688744
 2  0.0242237  0.0106137  0.0071731  0.0095404  0.0085332  0.0154230  0.0133629  0.0124486  0.0107545  0.0193772  0.0175591  0.0239804  0.0245928  0.0327498  0.0403443  0.0288456  0.0286254  0.0207108  0.0170651  0.0348623  0.0438112  0.0450714  0.0600374  0.0283765  0.0279303  0.0150746  0.0123752
 3  0.1171311  0.0765074  0.0843006  0.0901271  0.0799742  0.0733656  0.0665232  0.0733501  0.0661808  0.0705685  0.0687051  0.0671076  0.0613315  0.0585903  0.0574498  0.0611988  0.0657436  0.0705726  0.0662114  0.0648837  0.0656809  0.0692507  0.0642747  0.0600878  0.0695427  0.0799393  0.0680094
 4  0.0452793  0.0449899  0.0430210  0.0418987  0.0330900  0.0431722  0.0430865  0.0377017  0.0361143  0.0406311  0.0420226  0.0366060  0.0294981  0.0289313  0.0346285  0.0353404  0.0414892  0.0432632  0.0339353  0.0289379  0.0299496  0.0323607  0.0306586  0.0362514  0.0394017  0.0448699  0.0343343
 1  0.1098719  0.0575126  0.0416954  0.0654014  0.0566054  0.1114295  0.1182043  0.1831479  0.1862588  0.0581749  0.0420042  0.1075504  0.1183801  0.1390658  0.1577003  0.1630653  0.1871843  0.1527117  0.1477345  0.1116147  0.1106760  0.1734892  0.1710669  0.1154077  0.1214838  0.0449170  0.0190928
 2  0.0217666  0.0097297  0.0067770  0.0112509  0.0105031  0.0224794  0.0259712  0.0408731  0.0252270  0.0084755  0.0072300  0.0217904  0.0267831  0.0330718  0.0385785  0.0376910  0.0400402  0.0300845  0.0279247  0.0210994  0.0218268  0.0333914  0.0331883  0.0234515  0.0257844  0.0052692  0.0027738
 3  0.1012948  0.0818693  0.0730529  0.0869939  0.0775112  0.0779496  0.0638966  0.1383591  0.1503722  0.0805128  0.0749511  0.0682953  0.0627017  0.0664001  0.0662083  0.0706988  0.0685084  0.0698828  0.0721258  0.1267676  0.1335158  0.0746172  0.0766201  0.0729279  0.0711571  0.0757331  0.0697361
 4  0.0418956  0.0477418  0.0391028  0.0403503  0.0346093  0.0344974  0.0334100  0.0651367  0.0611248  0.0377284  0.0316224  0.0312548  0.0333462  0.0322546  0.0341651  0.0381964  0.0396663  0.0373486  0.0394971  0.0340698  0.0371150  0.0387214  0.0355027  0.0316729  0.0798393  0.0571420  0.0365919
 1  0.1211854  0.0383366  0.0262167  0.0444864  0.0320590  0.1439202  0.1464047  0.1016801  0.0972439  0.1192973  0.1128028  0.0771450  0.0809074  0.0911940  0.0976734  0.0407732  0.0363798  0.0452581  0.0379711  0.0729148  0.0703409  0.0898049  0.0910410  0.1045542  0.1156991  0.0632735  0.0689081
 2  0.0237817  0.0063067  0.0042046  0.0070036  0.0053250  0.0266504  0.0298273  0.0205911  0.0203587  0.0238126  0.0225453  0.0163691  0.0176540  0.0204888  0.0230869  0.0087055  0.0075576  0.0086763  0.0072650  0.0146846  0.0141756  0.0190114  0.0191668  0.0231456  0.0273270  0.0154754  0.0166193
 3  0.1117931  0.0644226  0.0751459  0.0829656  0.0813062  0.0719750  0.0678592  0.0690055  0.0734367  0.0674964  0.0708884  0.0736775  0.0704099  0.0634590  0.0714782  0.0668523  0.0651465  0.0748636  0.0685164  0.0703765  0.0618107  0.0659515  0.0655793  0.0678544  0.0731821  0.0696732  0.0655906
 4  0.0453864  0.0418002  0.0436622  0.0427609  0.0377292  0.0320757  0.0342352  0.0373445  0.0373654  0.0374177  0.0317184  0.0321499  0.0367510  0.0318422  0.0379738  0.0423246  0.0378289  0.0413688  0.0370224  0.0356679  0.0352516  0.0368864  0.0351785  0.0315397  0.0351885  0.0356443  0.0388883
 1  0.1201775  0.0369685  0.0253606  0.0568966  0.0472460  0.0931361  0.0884081  0.0673605  0.0670961  0.1115628  0.1228822  0.0865865  0.0935495  0.0481980  0.0435204  0.0569194  0.0497832  0.0772679  0.0640240  0.1300469  0.1503644  0.0454824  0.0377455  0.0770058  0.0696374  0.1100782  0.1126747
 2  0.0229901  0.0059969  0.0040439  0.0096444  0.0083218  0.0176208  0.0169966  0.0137545  0.0144417  0.0250849  0.0281018  0.0197809  0.0223519  0.0105852  0.0083412  0.0107596  0.0090636  0.0136878  0.0121410  0.0276757  0.0295657  0.0083165  0.0071658  0.0147598  0.0136264  0.0226896  0.0251122
 3  0.1112312  0.0807760  0.0870288  0.0831038  0.0741555  0.0787791  0.0701125  0.0714733  0.0764478  0.0712450  0.0729105  0.0698718  0.0650761  0.0707400  0.0703484  0.0791249  0.0707292  0.0685317  0.0735984  0.1367461  0.1342813  0.0667722  0.0649969  0.0639177  0.0655978  0.0588154  0.0567403
 4  0.0430954  0.0454692  0.0426824  0.0409246  0.0356317  0.0388989  0.0354246  0.0341964  0.0351581  0.0350372  0.0343483  0.0315959  0.0369183  0.0444414  0.0420038  0.0411571  0.0423557  0.0375355  0.0330693  0.0363294  0.0480453  0.0380301  0.0371264  0.0377147  0.0378535  0.0336248  0.0309986
 1  0.1184296  0.0567210  0.0398685  0.0519404  0.0365369  0.0916872  0.0770728  0.0881634  0.0846236  0.0882618  0.0915548  0.1414540  0.1585096  0.1257660  0.1308785  0.1305320  0.1238734  0.1500338  0.1429316  0.1129658  0.1077800  0.0474845  0.0381170  0.1117183  0.1292882  0.1728296  0.2193107
 2  0.0230435  0.0093089  0.0063520  0.0079679  0.0060277  0.0154476  0.0132405  0.0165536  0.0171107  0.0189535  0.0200085  0.0315384  0.0360169  0.0277680  0.0265611  0.0257010  0.0217665  0.0271529  0.0269309  0.0227128  0.0182704  0.0080575  0.0072851  0.0245520  0.0323349  0.0462741  0.0576258
 3  0.1093210  0.0846608  0.0782510  0.0841072  0.0786074  0.1433671  0.1424407  0.0646311  0.0675920  0.0758911  0.0767004  0.0635883  0.0652292  0.0660863  0.0703727  0.0730279  0.0750190  0.0677994  0.0739244  0.0625065  0.0656056  0.0630318  0.0560191  0.0526181  0.0539518  0.0551294  0.0647246
 4  0.0437191  0.0492228  0.0483314  0.0468345  0.0407034  0.0432215  0.0392502  0.0344052  0.0362546  0.0344995  0.0337678  0.0342470  0.0330422  0.0382723  0.0391828  0.0426546  0.0411096  0.0368514  0.0366545  0.0451707  0.0496101  0.0356982  0.0291997  0.0263021  0.0294318  0.0332523  0.0453061
 1  0.1185895  0.0457564  0.0315351  0.0912896  0.0683244  0.1192288  0.1373158  0.1490495  0.1604426  0.0548878  0.0490553  0.0896474  0.0799930  0.1258029  0.1395142  0.1108027  0.1205428  0.1420534  0.1683197  0.0926640  0.0619929  0.0839779  0.0697861  0.0901925  0.0814656  0.0746040  0.0779071
 2  0.0228059  0.0074554  0.0050274  0.0143149  0.0116284  0.0231440  0.0293118  0.0324308  0.0335052  0.0110513  0.0084127  0.0158784  0.0155069  0.0267683  0.0324518  0.0261175  0.0279877  0.0329079  0.0387699  0.0157427  0.0095993  0.0141819  0.0117262  0.0164524  0.0157777  0.0158298  0.0182421
 3  0.1096515  0.0738603  0.0723708  0.0784302  0.0745224  0.1611212  0.1501933  0.0658316  0.0683957  0.0770834  0.0704116  0.0782069  0.0761330  0.0644386  0.0708827  0.0693574  0.0673555  0.0692183  0.0715176  0.0680607  0.0836169  0.0747182  0.0705978  0.0639979  0.0649168  0.0617927  0.0591466
 4  0.0431479  0.0468566  0.0448496  0.0403118  0.0310325  0.0307659  0.0335709  0.0365935  0.0405761  0.0456869  0.0430716  0.0363664  0.0320816  0.0290142  0.0350253  0.0363567  0.0338683  0.0341087  0.0489843  0.0519705  0.0430114  0.0387469  0.0394822  0.0335793  0.0350149  0.0306229  0.0296026
 1  0.1080012  0.0624632  0.0448831  0.0480951  0.0335554  0.1393694  0.1394224  0.1476303  0.1733996  0.0796971  0.0558387  0.0820382  0.0724995  0.1791921  0.2083849  0.2043251  0.2420853  0.1008245  0.1052601  0.1377813  0.1516909  0.3122871  0.4018223  0.1517144  0.1191506  0.1721978  0.1464831
 2  0.0207042  0.0103797  0.0072924  0.0075015  0.0053499  0.0251466  0.0283370  0.0336391  0.0371920  0.0134973  0.0089037  0.0142098  0.0138779  0.0383061  0.0471585  0.0458936  0.0543511  0.0217267  0.0228752  0.0302098  0.0333465  0.0675144  0.0780181  0.0255442  0.0174908  0.0270205  0.0259284
 3  0.0998937  0.0747118  0.0780167  0.0799818  0.0771948  0.0721265  0.0719239  0.0687431  0.0664922  0.0740054  0.0713490  0.0651453  0.0588979  0.0590942  0.0617754  0.0629528  0.0643900  0.0714159  0.0652950  0.0665844  0.0683801  0.0654204  0.0712909  0.0801699  0.0811001  0.0874238  0.0757149
 4  0.0388828  0.0437371  0.0434284  0.0453449  0.0401600  0.0313684  0.0309601  0.0357895  0.0477434  0.0499373  0.0417884  0.0343561  0.0301947  0.0337959  0.0340142  0.0348660  0.0333196  0.0342875  0.0323160  0.0324885  0.0353358  0.0354067  0.0401313  0.0441875  0.0490390  0.0393536  0.0350233
 1  0.1193897  0.0649613  0.0449083  0.0762258  0.0582795  0.0926617  0.0913878  0.1847877  0.2036990  0.1628092  0.1699903  0.0786332  0.0715934  0.0950299  0.0816005  0.1086226  0.0986551  0.1260895  0.1327752  0.1725234  0.2017549  0.1698149  0.1814940  0.1047994  0.0795438  0.0750622  0.0677274
 2  0.0226910  0.0104522  0.0071103  0.0120990  0.0100629  0.0172562  0.0170873  0.0366915  0.0415239  0.0325822  0.0346905  0.0161020  0.0120166  0.0164967  0.0146041  0.0199613  0.0189089  0.0257648  0.0295538  0.0400612  0.0429047  0.0344477  0.0371708  0.0179693  0.0137227  0.0137868  0.0129142
 3  0.1105887  0.0735221  0.0836389  0.0805771  0.0833610  0.1504053  0.1457353  0.0707429  0.0776759  0.0771265  0.0760683  0.0683598  0.0740198  0.0749703  0.0770433  0.0694044  0.0705677  0.0655185  0.0658841  0.0647100  0.0615641  0.0691437  0.0761259  0.0729046  0.0725967  0.0674142  0.0631260
 4  0.0420011  0.0437562  0.0464730  0.0407102  0.0368384  0.0391359  0.0383942  0.0337795  0.0376654  0.0367268  0.0346274  0.0453488  0.0442234  0.0389738  0.0414641  0.0373402  0.0348464  0.0336744  0.0303670  0.0363347  0.0368155  0.0357975  0.0431779  0.0466046  0.0404864  0.0364678  0.0352020
 1  0.1197052  0.0597384  0.0416215  0.0336268  0.0271236  0.0663603  0.0676428  0.0896485  0.0875309  0.0492646  0.0464055  0.0601169  0.0557134  0.0618179  0.0686250  0.0689062  0.0422470  0.0596505  0.0575694  0.0826570  0.0860877  0.0659518  0.0745985  0.1316409  0.1298672  0.1191883  0.1338099
 2  0.0222257  0.0095300  0.0065824  0.0055954  0.0049569  0.0134021  0.0150998  0.0198875  0.0180016  0.0101306  0.0089420  0.0117372  0.0116990  0.0143700  0.0173104  0.0114953  0.0068601  0.0110496  0.0118755  0.0184840  0.0207235  0.0168450  0.0188929  0.0292521  0.0270402  0.0257152  0.0304947
 3  0.1112479  0.0880605  0.0786889  0.0806309  0.0788351  0.0755236  0.0591280  0.0647641  0.0705521  0.0707086  0.0691587  0.0658892  0.0685936  0.0661424  0.0624620  0.0652644  0.0643641  0.0621549  0.0597467  0.0605206  0.0583287  0.0552212  0.0610163  0.0648453  0.0641417  0.0647942  0.0648244
 4  0.0405983  0.0471915  0.0384513  0.0379366  0.0341046  0.0330047  0.0302350  0.0367249  0.0379020  0.0364134  0.0387140  0.0327577  0.0297184  0.0298771  0.0588672  0.0574916  0.0349254  0.0298571  0.0344484  0.0324333  0.0305085  0.0310108  0.0388400  0.0423654  0.0330079  0.0292008  0.0305258
 1  0.1281526  0.2298843  0.1730602  0.1213995  0.0647629  0.2247536  0.2160572  0.2050541  0.2048812  0.1458270  0.1648105  0.1833153  0.1990558  0.1794061  0.1716752  0.0992112  0.0998438  0.1052538  0.0901238  0.2330028  0.2560321  0.1805835  0.1981868  0.1759439  0.1924182  0.1216521  0.1370571
 2  0.0238308  0.0359920  0.0259004  0.0151110  0.0092458  0.0374044  0.0362961  0.0362367  0.0403735  0.0312887  0.0351354  0.0382040  0.0407374  0.0335039  0.0326524  0.0198575  0.0162525  0.0177843  0.0163584  0.0450248  0.0499654  0.0360851  0.0429542  0.0373935  0.0404989  0.0263917  0.0313073
 3  0.1190841  0.0815519  0.0749267  0.0862237  0.0844848  0.0676225  0.0670626  0.0677555  0.0622975  0.0653976  0.0651332  0.0705817  0.0731644  0.0703258  0.0690352  0.1555111  0.1367320  0.0690675  0.0676099  0.0620703  0.0667172  0.0646161  0.0663533  0.0706470  0.0707241  0.0638487  0.0641979
 4  0.0432240  0.0462103  0.0529151  0.0518743  0.0397410  0.0371713  0.0394044  0.0352820  0.0290367  0.0325610  0.0363266  0.0376703  0.0389227  0.0404765  0.0326658  0.0496932  0.0478872  0.0362945  0.0358722  0.0358912  0.0366823  0.0311939  0.0335697  0.0373321  0.0333207  0.0294329  0.0308375
 1  0.1228780  0.0285973  0.0192505  0.0391171  0.0302484  0.0680326  0.0534770  0.1085598  0.1162729  0.1561725  0.1799791  0.3240247  0.4629568  0.3252465  0.3346334  0.1354395  0.1050225  0.0773952  0.0580926  0.0509099  0.0484768  0.1005199  0.1038145  0.1258740  0.1275077  0.1000163  0.0838895
 2  0.0231605  0.0045608  0.0030543  0.0067405  0.0043326  0.0107777  0.0097892  0.0225074  0.0260109  0.0364595  0.0427048  0.0753434  0.0907628  0.0546362  0.0586586  0.0208927  0.0171998  0.0123181  0.0099393  0.0096853  0.0104679  0.0227708  0.0225950  0.0276821  0.0219196  0.0168584  0.0157865
 3  0.1139457  0.0777849  0.0827072  0.0917675  0.0743061  0.0700087  0.0661478  0.0601984  0.0638365  0.0614077  0.0693671  0.0700711  0.0689442  0.0836044  0.0893498  0.1662342  0.1602176  0.0800507  0.0821003  0.0668169  0.0672455  0.0604397  0.0637613  0.0681662  0.0650495  0.0695953  0.0650214
 4  0.0426510  0.0460403  0.0413819  0.0551476  0.0487733  0.0362802  0.0291764  0.0312330  0.0357335  0.0334932  0.0350495  0.0391644  0.0404772  0.0370960  0.0409671  0.0487487  0.0440670  0.0406113  0.0390616  0.0290034  0.0324250  0.0378104  0.0359749  0.0462467  0.0442085  0.0367253  0.0314661
 1  0.1200581  0.0145090  0.0096929  0.0435281  0.0296738  0.0529299  0.0465936  0.0721482  0.0829275  0.0635795  0.0665947  0.0426786  0.0453807  0.0578521  0.0547120  0.0440353  0.0351219  0.1289599  0.1230502  0.1329712  0.1428688  0.1183765  0.1341942  0.1631795  0.1887500  0.2379767  0.2514621
 2  0.0230951  0.0023548  0.0015542  0.0067938  0.0044852  0.0091232  0.0092074  0.0163517  0.0195849  0.0150073  0.0157906  0.0100262  0.0110219  0.0134659  0.0105741  0.0077680  0.0064942  0.0245617  0.0244262  0.0280443  0.0322464  0.0277799  0.0316104  0.0374735  0.0419449  0.0484758  0.0446282
 3  0.1110341  0.0652018  0.0799873  0.0809930  0.0778415  0.0727715  0.0663939  0.1222696  0.1308983  0.0597176  0.0723070  0.0677930  0.0647824  0.0625117  0.0679888  0.0743237  0.0690497  0.0642594  0.0629840  0.0598248  0.0614258  0.0587064  0.0662699  0.0737991  0.0701548  0.0724831  0.0756482
 4  0.0435161  0.0411591  0.0448228  0.0495169  0.0419061  0.0330760  0.0297905  0.0283797  0.0363902  0.0324201  0.0342665  0.0338191  0.0348426  0.0459167  0.0456907  0.0410377  0.0386768  0.0383782  0.0350084  0.0306067  0.0319773  0.0333049  0.0357386  0.0380289  0.0361278  0.0435197  0.0395619
 1  0.1130965  0.0470002  0.0328899  0.0436727  0.0362483  0.0706481  0.0636332  0.1319120  0.1251301  0.1368982  0.1501479  0.2147659  0.2559607  0.0927598  0.0755219  0.1628701  0.1763868  0.2241947  0.2331873  0.2743263  0.3160163  0.1814093  0.1694784  0.1640036  0.1798453  0.1209616  0.1118847
 2  0.0219065  0.0077281  0.0052897  0.0075057  0.0061928  0.0129595  0.0119840  0.0250853  0.0245148  0.0284011  0.0333762  0.0501202  0.0452860  0.0151730  0.0139142  0.0330145  0.0343290  0.0431069  0.0444322  0.0521878  0.0626209  0.0331848  0.0318286  0.0325519  0.0355506  0.0232452  0.0202473
 3  0.1045130  0.0766119  0.0818951  0.0902152  0.0759939  0.0773240  0.0720943  0.0741475  0.0756032  0.0731069  0.0663033  0.0738199  0.0671871  0.0757723  0.0721359  0.0674980  0.0642033  0.0726422  0.0732082  0.0658470  0.0816261  0.0714770  0.0895089  0.0800036  0.0719057  0.0706654  0.0765851
 4  0.0411056  0.0463357  0.0396014  0.0444452  0.0388607  0.0386763  0.0394590  0.0390277  0.0368635  0.0331619  0.0319363  0.0462389  0.0468200  0.0370937  0.0301492  0.0389251  0.0399048  0.0376328  0.0368116  0.0322817  0.0398668  0.0370221  0.0388721  0.0355708  0.0369242  0.0406613  0.0395880
 1  0.1195876  0.0923002  0.0650209  0.0578914  0.0414337  0.1093298  0.1056310  0.1917080  0.2373958  0.2502957  0.1860717  0.0803105  0.0696654  0.1842114  0.2199486  0.1665119  0.1766166  0.1451657  0.1574773  0.0926670  0.0990918  0.1092967  0.0998949  0.0893618  0.0831279  0.0688949  0.0747067
 2  0.0230067  0.0149428  0.0102260  0.0089869  0.0066453  0.0196500  0.0211735  0.0426102  0.0543510  0.0423836  0.0279889  0.0132358  0.0131478  0.0398090  0.0475926  0.0345830  0.0371383  0.0304641  0.0332961  0.0199865  0.0199058  0.0204518  0.0196379  0.0173221  0.0169720  0.0152811  0.0182745
 3  0.1106675  0.0721150  0.0835024  0.0823723  0.0792360  0.0793266  0.0726003  0.0723478  0.0629432  0.0708126  0.0753208  0.0774750  0.0722331  0.0638383  0.0625067  0.0664423  0.0688766  0.0702074  0.0661909  0.1266816  0.1246996  0.0730140  0.0786182  0.0724165  0.0670470  0.0726472  0.0625285
 4  0.0429499  0.0444254  0.0451894  0.0462619  0.0384051  0.0354782  0.0326766  0.0326259  0.0456453  0.0532497  0.0407648  0.0351067  0.0312727  0.0339270  0.0373316  0.0365783  0.0323797  0.0353360  0.0331375  0.0361057  0.0387586  0.0362335  0.0368567  0.0390712  0.0313550  0.0281821  0.0274321
 1  0.1199145  0.0785697  0.0553998  0.0595425  0.0401610  0.0924641  0.0902192  0.1109089  0.1248200  0.1531406  0.1366461  0.1851710  0.1760726  0.1537456  0.1518500  0.2489059  0.3341656  0.1007651  0.0725738  0.1077887  0.1019706  0.1938919  0.2299348  0.2423198  0.2500630  0.2227158  0.2451122
 2  0.0228188  0.0127254  0.0087787  0.0088991  0.0064290  0.0168362  0.0185726  0.0251795  0.0303636  0.0313656  0.0251967  0.0337874  0.0297305  0.0275818  0.0305613  0.0565024  0.0672790  0.0163184  0.0116566  0.0190228  0.0203497  0.0421851  0.0520700  0.0488808  0.0471366  0.0425790  0.0456749
 3  0.1110863  0.0749065  0.0821329  0.0797589  0.0836402  0.0763935  0.0773922  0.0643917  0.0655475  0.0687258  0.0721259  0.0761373  0.0714200  0.0736338  0.0651663  0.0699221  0.0658664  0.0740600  0.0741171  0.0731264  0.0670528  0.0714722  0.0605514  0.0711391  0.0725809  0.0711548  0.0782197
 4  0.0424321  0.0452982  0.0476284  0.0469532  0.0388108  0.0333892  0.0333950  0.0304389  0.0410760  0.0460410  0.0396818  0.0425388  0.0412325  0.0332530  0.0301016  0.0370206  0.0443875  0.0434651  0.0390865  0.0327135  0.0327358  0.0349081  0.0360400  0.0400987  0.0357500  0.0337340  0.0499222
 1  0.1138583  0.0507761  0.0357109  0.0602243  0.0506182  0.1242494  0.0942009  0.1849272  0.2015564  0.2131944  0.2227196  0.2114136  0.2412373  0.1208745  0.1068022  0.0955294  0.0829054  0.0630655  0.0595749  0.0762985  0.0777146  0.1005956  0.0944697  0.0878111  0.0871090  0.1432270  0.1749982
 2  0.0220431  0.0083629  0.0057616  0.0103820  0.0087901  0.0200584  0.0163516  0.0356393  0.0403405  0.0419281  0.0443021  0.0428060  0.0475059  0.0223104  0.0184376  0.0167234  0.0151392  0.0122403  0.0126338  0.0171609  0.0164297  0.0200690  0.0194294  0.0181720  0.0190824  0.0345158  0.0413380
 3  0.1052201  0.0746343  0.0859109  0.0793644  0.0745737  0.0721717  0.0744153  0.0673168  0.0704311  0.0647829  0.0658080  0.0766438  0.0757778  0.0833475  0.0721757  0.0768985  0.0666431  0.0659912  0.0652992  0.0622871  0.0619394  0.0636043  0.0670567  0.0614330  0.0584748  0.0666103  0.0585850
 4  0.0411772  0.0441931  0.0415983  0.0379127  0.0477531  0.0419195  0.0338203  0.0310531  0.0374934  0.0350970  0.0344674  0.0364006  0.0399914  0.0450930  0.0424880  0.0411916  0.0341545  0.0333213  0.0322041  0.0382223  0.0423593  0.0361213  0.0351794  0.0345236  0.0297927  0.0339446  0.0375389
 1  0.1224621  0.0732954  0.0510446  0.1042210  0.0896222  0.0889276  0.0673361  0.1957233  0.2150279  0.1713769  0.1869056  0.0886766  0.0757922  0.0719774  0.0690983  0.1381927  0.1669134  0.1274605  0.1520702  0.0899965  0.0583482  0.0636708  0.0569258  0.0597755  0.0561645  0.1106176  0.1298879
 2  0.0237819  0.0118692  0.0080425  0.0174288  0.0163181  0.0149550  0.0114665  0.0371869  0.0417732  0.0343555  0.0381605  0.0168206  0.0134642  0.0136363  0.0144040  0.0319650  0.0417121  0.0321892  0.0378532  0.0149952  0.0093751  0.0113309  0.0104134  0.0116816  0.0121467  0.0264068  0.0331732
 3  0.1132034  0.0737602  0.0797437  0.0748473  0.0823699  0.0766958  0.0816605  0.0781073  0.0699827  0.0824009  0.0674490  0.0697656  0.0710163  0.0715915  0.0746133  0.0662994  0.0713975  0.0702851  0.0755652  0.0665097  0.0787504  0.0746541  0.0712943  0.0665185  0.0679316  0.0594885  0.0613977
 4  0.0444552  0.0487439  0.0415264  0.0355263  0.0426610  0.0445400  0.0387320  0.0351407  0.0359739  0.0380169  0.0355322  0.0417811  0.0360160  0.0336444  0.0305958  0.0314755  0.0328961  0.0346325  0.0528410  0.0468799  0.0393622  0.0370957  0.0407119  0.0355194  0.0312124  0.0289089  0.0397590
 1  0.1189860  0.1156389  0.0832325  0.1013901  0.0782268  0.1410546  0.1429366  0.1452678  0.1481395  0.1287390  0.1197608  0.1098944  0.1126316  0.0736655  0.0594294  0.0742131  0.0609970  0.0722248  0.0690863  0.1224981  0.1264921  0.1388223  0.1629851  0.1262722  0.1458105  0.1683935  0.1882624
 2  0.0231473  0.0188915  0.0130810  0.0160438  0.0128911  0.0261068  0.0276867  0.0288835  0.0302824  0.0247603  0.0233108  0.0229596  0.0205504  0.0127605  0.0107518  0.0132346  0.0110004  0.0140854  0.0145217  0.0263395  0.0278904  0.0321600  0.0383564  0.0299227  0.0344783  0.0375962  0.0407873
 3  0.1099257  0.0724413  0.0777789  0.0860794  0.0829947  0.0735166  0.0709454  0.0712047  0.0742117  0.0750650  0.0728039  0.0723241  0.0740314  0.0712383  0.0687651  0.0669896  0.0657213  0.0683342  0.0673751  0.0556047  0.0564316  0.0624594  0.0606907  0.0624113  0.0624440  0.0708322  0.0674141
 4  0.0434759  0.0431184  0.0421641  0.0421777  0.0367434  0.0327755  0.0344764  0.0360444  0.0389515  0.0416440  0.0343346  0.0390241  0.0465947  0.0407004  0.0394817  0.0417026  0.0395296  0.0322155  0.0324825  0.0329699  0.0320649  0.0327656  0.0332293  0.0339094  0.0352069  0.0381309  0.0329391
 1  0.1306233  0.1076832  0.0743959  0.0851414  0.0621116  0.1018449  0.1119241  0.1616958  0.1771731  0.1183976  0.1182042  0.1031940  0.1001322  0.2497858  0.2576869  0.2924485  0.3827995  0.1327236  0.1099616  0.1588359  0.1511346  0.0920437  0.0910103  0.1491121  0.0978672  0.0890295  0.0695137
 2  0.0247698  0.0170223  0.0114754  0.0129625  0.0106283  0.0202832  0.0250403  0.0367655  0.0380739  0.0244511  0.0221359  0.0198098  0.0194179  0.0469076  0.0492711  0.0598948  0.0712061  0.0218740  0.0189719  0.0283905  0.0281566  0.0181280  0.0187043  0.0245891  0.0134898  0.0139613  0.0114318
 3  0.1210438  0.0711659  0.0794397  0.0737130  0.0768043  0.0792082  0.0727730  0.0676489  0.0701356  0.0720837  0.0715108  0.0805573  0.0760859  0.0756253  0.0860082  0.0766249  0.0743811  0.0875545  0.0766964  0.0763601  0.0775147  0.0801335  0.0743911  0.0673045  0.0793338  0.0726891  0.0652168
 4  0.0459343  0.0448746  0.0447868  0.0372039  0.0320708  0.0283415  0.0338395  0.0367385  0.0386861  0.0369758  0.0387548  0.0378764  0.0399739  0.0380519  0.0341916  0.0360994  0.0403658  0.0412717  0.0369380  0.0385339  0.0366295  0.0363498  0.0495873  0.0569673  0.0496135  0.0402955  0.0366116
 1  0.1290452  0.1026011  0.0705034  0.0970788  0.0806466  0.1333950  0.1201532  0.0882090  0.0626783  0.0552789  0.0525036  0.1125698  0.1307647  0.0590146  0.0705407  0.1436437  0.1556351  0.1939253  0.2408022  0.1971750  0.2015376  0.1705140  0.1575493  0.0870860  0.0653499  0.0455042  0.0362433
 2  0.0246009  0.0162348  0.0108904  0.0164614  0.0121656  0.0221863  0.0230268  0.0146048  0.0106497  0.0104499  0.0109249  0.0260870  0.0340243  0.0169004  0.0187296  0.0336566  0.0346754  0.0436760  0.0518946  0.0389217  0.0393974  0.0319196  0.0259960  0.0144179  0.0096242  0.0073721  0.0067284
 3  0.1195265  0.0699278  0.0805507  0.0900288  0.0769752  0.0800762  0.0724674  0.0720117  0.0699418  0.0714818  0.0591144  0.0565051  0.0600915  0.0561444  0.0557488  0.0584409  0.0628680  0.0750979  0.0740812  0.0735145  0.0790162  0.0742022  0.0769123  0.0820377  0.0775785  0.0732375  0.0697218
 4  0.0455732  0.0415176  0.0383611  0.0465462  0.0450704  0.0359870  0.0443944  0.0471355  0.0371118  0.0326270  0.0311220  0.0279793  0.0276183  0.0321545  0.0387052  0.0342577  0.0319873  0.0329639  0.0376311  0.0379206  0.0371591  0.0411446  0.0468740  0.0501502  0.0459095  0.0368552  0.0329131
 1  0.1242210  0.0705272  0.0484819  0.0450846  0.0368794  0.0781439  0.0784340  0.1273118  0.1481347  0.1093158  0.1116411  0.0730001  0.0672570  0.0560988  0.0439098  0.1448020  0.1377400  0.1259457  0.1394941  0.1207306  0.1322675  0.0673680  0.0571218  0.0736153  0.0721805  0.1298828  0.1376254
 2  0.0237190  0.0112795  0.0076062  0.0074817  0.0066731  0.0155170  0.0168013  0.0293979  0.0344443  0.0238424  0.0238554  0.0152460  0.0114693  0.0092936  0.0080968  0.0272315  0.0268983  0.0268207  0.0310069  0.0271610  0.0285946  0.0130451  0.0104785  0.0144072  0.0149711  0.0269019  0.0290420
 3  0.1150374  0.0763500  0.0839683  0.0867841  0.0754903  0.0730299  0.0772355  0.0728445  0.0714254  0.0690740  0.0751853  0.0767926  0.0668161  0.0837834  0.0751371  0.0752335  0.0756396  0.0702968  0.0691122  0.0714189  0.0668728  0.0679483  0.0771610  0.0723646  0.0659432  0.1373816  0.1401832
 4  0.0439503  0.0446153  0.0423453  0.0397385  0.0323774  0.0344124  0.0331318  0.0343096  0.0369527  0.0371973  0.0357669  0.0503800  0.0451262  0.0394584  0.0346705  0.0380788  0.0363489  0.0333766  0.0338039  0.0390373  0.0393306  0.0420090  0.0404675  0.0341404  0.0361715  0.0384292  0.0334215
 1  0.1165220  0.1077411  0.0781790  0.2032520  0.1735810  0.1357125  0.1245689  0.1761238  0.1701579  0.1351596  0.1563763  0.1023048  0.0853883  0.1018404  0.0974133  0.1202654  0.1076291  0.1643692  0.1699451  0.2669186  0.3356828  0.2137922  0.1756606  0.1429434  0.1366975  0.0947132  0.0835195
 2  0.0223310  0.0176367  0.0123621  0.0319411  0.0292487  0.0240094  0.0210154  0.0310892  0.0326184  0.0281769  0.0343500  0.0195833  0.0155697  0.0193849  0.0177987  0.0217771  0.0207576  0.0328527  0.0340811  0.0559716  0.0697896  0.0365180  0.0288756  0.0256490  0.0226714  0.0165156  0.0160504
 3  0.1078842  0.0748121  0.0869297  0.1298997  0.1402129  0.0867333  0.0753540  0.0771593  0.0755090  0.1119606  0.1112581  0.0690507  0.0717508  0.0752980  0.0758411  0.0720694  0.0673240  0.0615299  0.0681621  0.0686198  0.0695307  0.0678816  0.0820442  0.0870213  0.0697624  0.0728675  0.0726426
 4  0.0419358  0.0470926  0.0486541  0.0381191  0.0382422  0.0442695  0.0426076  0.0375699  0.0329532  0.0286146  0.0386595  0.0435145  0.0366404  0.0401545  0.0435056  0.0386122  0.0365356  0.0366620  0.0352623  0.0329790  0.0414702  0.0402719  0.0392451  0.0444651  0.0419907  0.0346038  0.0341555
 1  0.1258450  0.0785110  0.0541823  0.0697481  0.0593623  0.0991413  0.0903811  0.1855958  0.2045158  0.1106961  0.1069932  0.0979133  0.0722867  0.1015217  0.0935665  0.1829332  0.2075707  0.1768830  0.1902474  0.2514961  0.2663092  0.1400586  0.1339139  0.1815618  0.2273712  0.2502875  0.2817013
 2  0.0243853  0.0126708  0.0085047  0.0121192  0.0094641  0.0172901  0.0173657  0.0377410  0.0404436  0.0212897  0.0218218  0.0169497  0.0117588  0.0180733  0.0181185  0.0384714  0.0444799  0.0369392  0.0406486  0.0503113  0.0465754  0.0247687  0.0261617  0.0395457  0.0541224  0.0551861  0.0554148
 3  0.1162965  0.0678140  0.0913534  0.0887094  0.0711900  0.0850049  0.0749132  0.0911827  0.0917208  0.0811299  0.0696592  0.0761817  0.0745762  0.0681773  0.0658393  0.0622847  0.0655970  0.0637880  0.0660731  0.0787700  0.0666089  0.0725991  0.0702117  0.0696910  0.0635604  0.0705410  0.0730828
 4  0.0459349  0.0439342  0.0416149  0.0425031  0.0405722  0.0375802  0.0344086  0.0367899  0.0354746  0.0383396  0.0428057  0.0514965  0.0417690  0.0320093  0.0327308  0.0349720  0.0372201  0.0322141  0.0348070  0.0460316  0.0397814  0.0328029  0.0299049  0.0315195  0.0337140  0.0413866  0.0367582
 1  0.1167883  0.0902575  0.0649850  0.0836158  0.0688722  0.1514748  0.1297957  0.1622264  0.1498062  0.1152274  0.1142621  0.0691053  0.0669443  0.1187212  0.1394690  0.1324568  0.1455025  0.1426419  0.1113465  0.0954271  0.1027304  0.1863750  0.2045999  0.2681211  0.2879110  0.1777438  0.1666952
 2  0.0227042  0.0148356  0.0103228  0.0138220  0.0122568  0.0263657  0.0229554  0.0288227  0.0280805  0.0220463  0.0210677  0.0132604  0.0142388  0.0278515  0.0334122  0.0312431  0.0298244  0.0240387  0.0189314  0.0181901  0.0213901  0.0402584  0.0397242  0.0506737  0.0485436  0.0302275  0.0299085
 3  0.1078659  0.0789922  0.0810089  0.0747578  0.0818526  0.0734985  0.0767197  0.0744005  0.0757920  0.1471048  0.1514599  0.0737521  0.0648478  0.0667497  0.0662723  0.0708157  0.0621691  0.0760559  0.0801185  0.1436508  0.1406376  0.0692530  0.0684209  0.0784754  0.0696017  0.0830029  0.0764400
 4  0.0426806  0.0494482  0.0432936  0.0389440  0.0423354  0.0404600  0.0403335  0.0385305  0.0388954  0.0419436  0.0409672  0.0321417  0.0276233  0.0325664  0.0337471  0.0408868  0.0461821  0.0450501  0.0370726  0.0295499  0.0337904  0.0403612  0.0409131  0.0412941  0.0394570  0.0396961  0.0359789
 1  0.1211286  0.0621601  0.0428443  0.0319052  0.0286646  0.1244205  0.1219181  0.0915791  0.0874099  0.1011783  0.0889399  0.0894393  0.0855982  0.1288423  0.1324354  0.2534731  0.3437611  0.1483392  0.1167685  0.0840811  0.0645535  0.0976954  0.1032892  0.1721097  0.1801425  0.1902152  0.2012669
 2  0.0236729  0.0101722  0.0068045  0.0056358  0.0056339  0.0249274  0.0240033  0.0181671  0.0166005  0.0187948  0.0159500  0.0171051  0.0165525  0.0259767  0.0280554  0.0575365  0.0818599  0.0267056  0.0203567  0.0136574  0.0113989  0.0198782  0.0210672  0.0357056  0.0351118  0.0366633  0.0407089
 3  0.1117906  0.0628072  0.0822515  0.0840807  0.0806118  0.0817668  0.0787585  0.0777552  0.0726353  0.0753035  0.0758809  0.0777421  0.0710855  0.0713287  0.0715774  0.0588179  0.0739712  0.0765691  0.0756812  0.0789732  0.0744811  0.0737597  0.0635002  0.0670836  0.0681313  0.0752022  0.0729918
 4  0.0451994  0.0437445  0.0381321  0.0333163  0.0375865  0.0404490  0.0368337  0.0375782  0.0384308  0.0407324  0.0381925  0.0365994  0.0366267  0.0348166  0.0346965  0.0291139  0.0396301  0.0469197  0.0428634  0.0393521  0.0342458  0.0339444  0.0363142  0.0385076  0.0370752  0.0357531  0.0310552
 1  0.1199243  0.0512625  0.0353253  0.0415827  0.0331997  0.0884587  0.0868468  0.0565558  0.0543883  0.1084729  0.1131016  0.1439216  0.1632753  0.0977265  0.0869787  0.1301410  0.1378452  0.0901593  0.0837990  0.0459852  0.0392316  0.0299281  0.0260066  0.0744942  0.0839289  0.1621519  0.2039207
 2  0.0225624  0.0082643  0.0056335  0.0069809  0.0057353  0.0168337  0.0180341  0.0121186  0.0111598  0.0226308  0.0243808  0.0322458  0.0345028  0.0187590  0.0167002  0.0261174  0.0293853  0.0188047  0.0161559  0.0085598  0.0073215  0.0056484  0.0053571  0.0172770  0.0216977  0.0444483  0.0478078
 3  0.1112819  0.0704745  0.0821217  0.0774905  0.0822692  0.0730426  0.0738541  0.0677920  0.0681774  0.0778778  0.0722505  0.0730293  0.0741955  0.0722296  0.0772312  0.0746087  0.0702790  0.0642280  0.0708369  0.0766517  0.0703739  0.0680711  0.0652327  0.0618750  0.0630391  0.0606460  0.0636486
 4  0.0417796  0.0426609  0.0413111  0.0391122  0.0388061  0.0327023  0.0328876  0.0396229  0.0372315  0.0373132  0.0334854  0.0397643  0.0405321  0.0379539  0.0352395  0.0343765  0.0366973  0.0399834  0.0427893  0.0415194  0.0387404  0.0343949  0.0305919  0.0293827  0.0299424  0.0383513  0.0439186
 1  0.1081644  0.0466171  0.0331457  0.0958884  0.0815044  0.2044022  0.1602391  0.2211842  0.2482092  0.2169069  0.1940069  0.0694390  0.0695585  0.1697220  0.1964467  0.1916439  0.2010356  0.1260547  0.1245174  0.1204759  0.1150014  0.1696604  0.1714567  0.1927675  0.2039048  0.2704137  0.2755092
 2  0.0209184  0.0077459  0.0053784  0.0162323  0.0147151  0.0330494  0.0268798  0.0414602  0.0477902  0.0379718  0.0346619  0.0129369  0.0140580  0.0373903  0.0404764  0.0378306  0.0383386  0.0242279  0.0242481  0.0232043  0.0231441  0.0336737  0.0335452  0.0376598  0.0404737  0.0504904  0.0486516
 3  0.1000116  0.0803260  0.0798359  0.0766307  0.0806819  0.0707294  0.0737756  0.0702047  0.0677876  0.0718882  0.0701790  0.1581829  0.1474260  0.0648196  0.0669309  0.0744897  0.0778073  0.0695082  0.0722550  0.0766209  0.0666355  0.0724233  0.0711944  0.0741036  0.0724999  0.0697394  0.0738707
 4  0.0393348  0.0441850  0.0427998  0.0365895  0.0465048  0.0442297  0.0356354  0.0324457  0.0400394  0.0421178  0.0347472  0.0373028  0.0322750  0.0345222  0.0394101  0.0380313  0.0379387  0.0339114  0.0395768  0.0387067  0.0352488  0.0366546  0.0390889  0.0366184  0.0374054  0.0429126  0.0356652
