FL 2019 2020 2021 2022 2023 2024 2025 2026 2027 2028 2029 2030 2031 2032 2033 2034 2035 2036 2037 2038 2039 2040 2041 2042 2043 2044 2045
 1  0.1254765  0.0537101  0.0373593  0.0514962  0.0431718  0.0910552  0.0918108  0.1140041  0.1128482  0.1656412  0.2011862  0.1063604  0.0997527  0.1484577  0.1464723  0.2551740  0.3302102  0.1783133  0.1569947  0.0539378  0.0444002  0.0623532  0.0661710  0.1012782  0.0948051  0.1990690  0.2137842
 2  0.0238751  0.0086047  0.0058585  0.0085903  0.0079104  0.0177269  0.0161861  0.0207085  0.0219805  0.0344961  0.0405989  0.0200981  0.0196027  0.0275255  0.0263095  0.0486651  0.0629825  0.0305985  0.0258343  0.0089758  0.0080963  0.0126377  0.0130009  0.0190072  0.0179582  0.0377149  0.0366003
 3  0.1162273  0.1002074  0.0891783  0.0951200  0.0800388  0.1756707  0.1544383  0.1380410  0.1250448  0.1576421  0.1546050  0.0855803  0.0710965  0.1811116  0.1592324  0.1770254  0.1691483  0.0908126  0.0831189  0.0982025  0.0829469  0.1678896  0.1393374  0.1408009  0.1264717  0.1652729  0.1511934
 4  0.0444602  0.0559343  0.0442830  0.0433555  0.0349555  0.0505707  0.0462585  0.0407139  0.0342085  0.0391578  0.0419218  0.0411649  0.0367234  0.0531138  0.0403497  0.0385132  0.0418543  0.0478551  0.0405970  0.0450601  0.0353918  0.0415965  0.0437095  0.0495876  0.0419686  0.0496686  0.0471306
 1  0.1254447  0.0530791  0.0361807  0.0779545  0.0637460  0.1033869  0.1102946  0.1248462  0.1365009  0.1020223  0.0896918  0.0469070  0.0417065  0.0493334  0.0487448  0.0580275  0.0609554  0.0749155  0.0803128  0.2126094  0.2340236  0.2056359  0.2137652  0.1257289  0.0944452  0.1175542  0.1134443
 2  0.0238456  0.0084980  0.0057065  0.0128861  0.0111138  0.0199150  0.0223335  0.0259463  0.0286629  0.0193822  0.0170921  0.0090157  0.0076722  0.0095683  0.0098997  0.0123162  0.0137112  0.0178781  0.0174907  0.0437644  0.0470272  0.0402899  0.0375610  0.0202118  0.0150333  0.0205727  0.0200507
 3  0.1162137  0.0742104  0.0881196  0.0820175  0.0798851  0.1498217  0.1478094  0.1170720  0.1161025  0.0732737  0.0774606  0.0857291  0.0702001  0.1561292  0.1517214  0.1164442  0.1118773  0.0609515  0.0677220  0.0786102  0.0817136  0.0774398  0.0764317  0.0805407  0.0806149  0.1579121  0.1553454
 4  0.0443576  0.0451822  0.0412854  0.0415195  0.0370200  0.0316415  0.0381333  0.0408799  0.0403848  0.0374155  0.0369718  0.0429211  0.0391079  0.0403050  0.0368844  0.0361912  0.0326195  0.0368433  0.0409443  0.0349224  0.0382273  0.0403729  0.0458877  0.0456304  0.0404087  0.0415388  0.0423973
 1  0.1278873  0.0770175  0.0531845  0.0683579  0.0503438  0.2063032  0.1654315  0.1563116  0.1731129  0.1562132  0.1652048  0.1947064  0.2109578  0.0928189  0.0851773  0.1962656  0.2504992  0.1806526  0.1301403  0.1159518  0.1167171  0.2587329  0.3244481  0.1769996  0.1565974  0.1228035  0.1431775
 2  0.0247547  0.0124165  0.0083509  0.0103219  0.0082405  0.0315014  0.0269834  0.0285427  0.0336320  0.0313732  0.0332752  0.0383066  0.0372205  0.0164641  0.0165681  0.0417964  0.0538479  0.0295675  0.0201575  0.0200029  0.0223943  0.0523480  0.0608770  0.0298220  0.0275672  0.0240508  0.0300364
 3  0.1181554  0.0687603  0.0850389  0.1719010  0.1638914  0.1554003  0.1532786  0.1503088  0.1477929  0.0701508  0.0694025  0.1467244  0.1532776  0.0742961  0.0694653  0.1371513  0.1533254  0.0729457  0.0837727  0.1609109  0.1477883  0.1502119  0.1549249  0.0822687  0.0834836  0.1589846  0.1565194
 4  0.0465951  0.0471378  0.0467712  0.0496509  0.0506041  0.0488163  0.0381992  0.0345312  0.0361265  0.0347292  0.0365070  0.0457831  0.0421158  0.0319850  0.0307135  0.0315087  0.0491338  0.0505787  0.0419127  0.0366475  0.0359698  0.0411665  0.0464432  0.0404616  0.0351962  0.0308547  0.0354210
 1  0.1288192  0.0243211  0.0160750  0.0825010  0.0806164  0.0887435  0.0682376  0.0512126  0.0370838  0.0669949  0.0694895  0.0705184  0.0834589  0.0674605  0.0484616  0.0638035  0.0618845  0.1678150  0.2277443  0.2028146  0.2896989  0.2681041  0.3068545  0.1076213  0.0619516  0.1175954  0.1206448
 2  0.0246201  0.0038663  0.0025312  0.0145664  0.0151005  0.0171939  0.0077126  0.0073498  0.0065386  0.0134061  0.0157004  0.0176575  0.0224562  0.0127136  0.0083574  0.0118410  0.0127719  0.0397784  0.0606620  0.0567218  0.0783560  0.0602355  0.0560367  0.0143543  0.0094140  0.0210463  0.0216522
 3  0.1191925  0.0757812  0.0890056  0.1590662  0.1599131  0.1257993  0.1166291  0.0745109  0.0635004  0.1119312  0.1111543  0.1161527  0.1143046  0.0577599  0.0597638  0.1109055  0.1076229  0.1086132  0.1203820  0.0587090  0.0671340  0.0634168  0.0745315  0.0907725  0.0821486  0.1520668  0.1444655
 4  0.0459275  0.0433981  0.0410775  0.0344690  0.0377953  0.0903782  0.0611077  0.0374936  0.0308856  0.0272750  0.0257718  0.0260361  0.0467370  0.0508892  0.0355475  0.0266767  0.0225902  0.0229293  0.0259007  0.0297085  0.0355723  0.0409184  0.0530040  0.0508429  0.0365592  0.0355799  0.0414815
 1  0.1248385  0.0459876  0.0311865  0.0546708  0.0462952  0.1240299  0.0768013  0.2610208  0.2957016  0.4317169  0.4043950  0.1292805  0.1080263  0.1730038  0.2046767  0.2806926  0.4059770  0.2597297  0.2898144  0.0805031  0.0515475  0.1731700  0.1876009  0.3067830  0.3072340  0.1302896  0.1219474
 2  0.0237493  0.0073569  0.0049078  0.0092679  0.0084812  0.0175904  0.0118451  0.0452007  0.0559852  0.0720179  0.0571084  0.0198711  0.0189529  0.0342636  0.0445009  0.0657355  0.0914511  0.0520526  0.0466928  0.0112650  0.0081714  0.0311348  0.0361680  0.0563360  0.0500608  0.0221388  0.0235180
 3  0.1157048  0.0795780  0.0828246  0.0842962  0.0747509  0.1551300  0.1501906  0.1312054  0.1382726  0.0725934  0.0734728  0.0722570  0.0662518  0.1233381  0.1335324  0.0658156  0.0677389  0.0827222  0.0791863  0.0857276  0.0808587  0.1467977  0.1419813  0.0711898  0.0764708  0.0739612  0.0758880
 4  0.0442984  0.0437870  0.0410074  0.0378041  0.0536090  0.0581793  0.0389912  0.0298444  0.0403210  0.0480454  0.0433946  0.0348016  0.0322357  0.0278914  0.0291898  0.0293975  0.0356165  0.0472570  0.0488740  0.0433836  0.0368621  0.0347934  0.0381539  0.0442730  0.0404528  0.0340459  0.0298131
 1  0.1109460  0.0858735  0.0622328  0.1090056  0.0819254  0.1613507  0.1519620  0.1620544  0.1707729  0.1578437  0.1691275  0.0661688  0.0620075  0.1159591  0.1239599  0.1623160  0.1916217  0.0990064  0.0585733  0.0786020  0.0767298  0.1993211  0.2717835  0.2934078  0.3899635  0.0701495  0.0564682
 2  0.0215407  0.0142182  0.0099669  0.0165394  0.0129570  0.0268611  0.0264434  0.0297480  0.0314814  0.0296890  0.0319319  0.0125643  0.0126618  0.0239275  0.0257749  0.0345488  0.0401313  0.0146517  0.0087253  0.0136128  0.0152503  0.0450288  0.0651809  0.0670362  0.0814177  0.0126921  0.0088030
 3  0.1025202  0.0787216  0.0969038  0.1783160  0.1652644  0.1640829  0.1573788  0.1547930  0.1583521  0.1536522  0.1491127  0.0713962  0.0795334  0.1451597  0.1472035  0.1186298  0.1219380  0.0778634  0.0748690  0.1447838  0.1419461  0.1286896  0.1307550  0.0676304  0.0791534  0.0710648  0.0747724
 4  0.0405097  0.0463755  0.0530760  0.0519887  0.0448805  0.0425060  0.0405441  0.0392745  0.0399425  0.0395269  0.0372990  0.0337946  0.0357557  0.0383973  0.0346852  0.0344136  0.0586153  0.0491855  0.0377517  0.0320873  0.0284682  0.0283413  0.0334558  0.0347695  0.0371065  0.0447608  0.0421216
 1  0.1265341  0.0907328  0.0626657  0.0468861  0.0381463  0.0575724  0.0538808  0.0892577  0.0987118  0.0942187  0.0859939  0.1231200  0.1153089  0.0680367  0.0578921  0.1848676  0.2123871  0.1685254  0.1854118  0.0985909  0.0840043  0.0588102  0.0558287  0.1422614  0.1834358  0.1056123  0.1190951
 2  0.0240649  0.0144453  0.0097693  0.0078129  0.0066317  0.0104479  0.0106075  0.0195033  0.0192451  0.0177117  0.0167506  0.0233631  0.0197399  0.0118347  0.0109778  0.0372231  0.0442132  0.0358773  0.0359154  0.0179848  0.0140297  0.0105853  0.0112306  0.0322719  0.0455651  0.0264361  0.0265643
 3  0.1171771  0.0722262  0.0868636  0.0840968  0.0761432  0.1626808  0.1538670  0.1161847  0.1194713  0.0739247  0.0704636  0.1401446  0.1433514  0.0730950  0.0676554  0.1271648  0.1331807  0.0661515  0.0706604  0.0768141  0.0683112  0.1378759  0.1374212  0.1301842  0.1339046  0.0638514  0.0735602
 4  0.0445246  0.0429701  0.0391457  0.0380651  0.0382250  0.0408976  0.0332399  0.0399177  0.0469181  0.0364066  0.0383036  0.0470141  0.0451840  0.0368345  0.0337008  0.0333099  0.0310913  0.0385355  0.0437360  0.0434228  0.0386138  0.0330294  0.0275380  0.0261231  0.0311442  0.0372009  0.0428608
 1  0.1297867  0.0147419  0.0097272  0.0181911  0.0139422  0.0604032  0.0494973  0.2707819  0.3593887  0.1863283  0.1917972  0.2519649  0.3307332  0.1392898  0.1305118  0.0575061  0.0426975  0.1818454  0.1302596  0.2796597  0.3729929  0.3727404  0.4983545  0.0897224  0.0675106  0.0935617  0.0789694
 2  0.0252255  0.0023679  0.0015367  0.0032255  0.0018994  0.0094623  0.0089345  0.0546225  0.0729767  0.0351842  0.0385383  0.0517956  0.0664892  0.0272069  0.0190826  0.0088441  0.0071594  0.0268601  0.0210084  0.0521843  0.0774822  0.0762876  0.0871589  0.0135906  0.0112063  0.0156245  0.0135450
 3  0.1198957  0.0757376  0.0829328  0.0821029  0.0758068  0.1569770  0.1427466  0.1251666  0.1408831  0.0724930  0.0756780  0.1407243  0.1569888  0.0765084  0.0745072  0.0824247  0.0830113  0.1465479  0.1421136  0.1304447  0.1380050  0.0741854  0.0756625  0.0926102  0.0801865  0.1593595  0.1502979
 4  0.0477583  0.0431397  0.0370376  0.0579905  0.0499689  0.0401013  0.0318599  0.0296562  0.0381512  0.0357042  0.0336594  0.0344548  0.0374092  0.0505250  0.0471531  0.0391001  0.0498639  0.0483734  0.0343641  0.0269777  0.0290898  0.0373681  0.0412016  0.0421709  0.0394027  0.0439455  0.0385098
 1  0.1223116  0.0850998  0.0599321  0.1532477  0.1369315  0.1754088  0.1859881  0.0520737  0.0488777  0.0770956  0.0802980  0.0995942  0.0959148  0.0706212  0.0562454  0.0744765  0.0719388  0.0780513  0.0715580  0.1026589  0.1120626  0.1015373  0.0996689  0.1007619  0.0954683  0.0803592  0.0776944
 2  0.0236805  0.0138226  0.0094349  0.0248411  0.0231387  0.0316292  0.0335187  0.0097198  0.0098624  0.0159637  0.0165037  0.0199451  0.0175039  0.0121542  0.0098757  0.0140331  0.0130733  0.0145264  0.0146728  0.0219896  0.0237114  0.0210068  0.0198527  0.0189411  0.0183083  0.0154615  0.0147655
 3  0.1129846  0.0786209  0.0856759  0.1719362  0.1663781  0.1542696  0.1667491  0.0799564  0.0755511  0.1540084  0.1424210  0.1147394  0.1330421  0.0740415  0.0815597  0.1537240  0.1410046  0.0715898  0.0775248  0.1379141  0.1293170  0.0713332  0.0725507  0.1483320  0.1423195  0.1450107  0.1375508
 4  0.0446547  0.0460759  0.0441852  0.0460593  0.0407953  0.0360710  0.0408904  0.0355032  0.0333532  0.0385572  0.0394152  0.0422962  0.0507638  0.0384585  0.0389853  0.0424810  0.0422239  0.0357436  0.0361040  0.0369352  0.0360675  0.0401033  0.0418602  0.0415523  0.0381501  0.0415606  0.0386163
 1  0.1207744  0.0938964  0.0663905  0.0689675  0.0627530  0.0593450  0.0605836  0.0764394  0.0824815  0.0760123  0.0682649  0.0825442  0.0842561  0.1041977  0.0920513  0.1025149  0.1037858  0.1215938  0.1211464  0.0943974  0.0767276  0.2098651  0.2372617  0.1792948  0.1828121  0.1341251  0.1203997
 2  0.0233681  0.0153227  0.0104808  0.0120114  0.0119402  0.0123400  0.0138001  0.0182669  0.0181181  0.0151725  0.0131303  0.0161855  0.0171225  0.0192734  0.0173860  0.0204813  0.0210139  0.0247988  0.0241564  0.0169839  0.0136536  0.0393103  0.0464068  0.0362088  0.0292093  0.0219076  0.0217734
 3  0.1116213  0.0680864  0.0827175  0.0873442  0.0762556  0.0654295  0.0757078  0.0718805  0.0620070  0.0672835  0.0749735  0.1508738  0.1686155  0.1294655  0.1287054  0.0698255  0.0678752  0.0752593  0.0694667  0.0679117  0.0798972  0.1509344  0.1417345  0.0724471  0.0737908  0.1537039  0.1498475
 4  0.0441728  0.0427894  0.0381259  0.0355122  0.0331280  0.0297877  0.0310477  0.0386216  0.0399442  0.0375843  0.0370662  0.0355229  0.0468917  0.0445612  0.0386624  0.0329734  0.0390938  0.0405861  0.0418216  0.0437269  0.0387053  0.0376024  0.0316571  0.0473138  0.0469274  0.0395882  0.0321089
 1  0.1220670  0.0351462  0.0238605  0.0432769  0.0347728  0.0771519  0.0790854  0.1487431  0.1871430  0.1134365  0.1079033  0.0862300  0.0792800  0.1639909  0.1593765  0.1480884  0.1497934  0.1279516  0.1389997  0.0670522  0.0529113  0.1280584  0.1197927  0.1551160  0.1776303  0.2602922  0.3787973
 2  0.0232303  0.0056849  0.0038162  0.0073260  0.0059025  0.0145166  0.0164339  0.0334907  0.0408816  0.0230832  0.0195521  0.0155877  0.0137270  0.0288267  0.0292626  0.0279554  0.0302603  0.0265900  0.0260107  0.0115238  0.0090653  0.0225055  0.0222664  0.0308129  0.0372907  0.0572470  0.0845864
 3  0.1130934  0.0658108  0.0865765  0.0813519  0.0769067  0.1481657  0.1478871  0.1498131  0.1435994  0.0685877  0.0765476  0.1537260  0.1590470  0.1465575  0.1527530  0.0781741  0.0756855  0.1530409  0.1396630  0.0786815  0.0848337  0.1419860  0.1519647  0.1434577  0.1424266  0.1448388  0.1506473
 4  0.0433681  0.0415737  0.0414140  0.0402744  0.0366615  0.0332165  0.0308425  0.0347261  0.0417430  0.0386306  0.0406692  0.0420474  0.0460400  0.0373209  0.0360603  0.0365678  0.0354470  0.0444360  0.0473208  0.0414958  0.0449507  0.0383761  0.0376009  0.0330467  0.0329768  0.0301961  0.0374616
 1  0.1248421  0.0642769  0.0444513  0.0828093  0.0789358  0.1294421  0.1300307  0.1403996  0.1178952  0.1517109  0.1549510  0.1211668  0.0970051  0.1197804  0.1277553  0.1632560  0.1674110  0.1851379  0.1817296  0.1029880  0.0914126  0.1362826  0.1722871  0.2389376  0.2885420  0.1786911  0.1618863
 2  0.0236711  0.0103043  0.0069941  0.0142537  0.0150953  0.0248732  0.0248454  0.0248224  0.0200416  0.0273780  0.0274723  0.0200972  0.0169898  0.0230158  0.0240490  0.0312607  0.0344900  0.0357951  0.0302641  0.0174608  0.0175173  0.0298311  0.0397386  0.0533476  0.0608935  0.0326308  0.0283728
 3  0.1157002  0.0838512  0.0906017  0.1604986  0.1540204  0.1345778  0.1275006  0.0720031  0.0711395  0.1637946  0.1514945  0.0785354  0.0857337  0.1539189  0.1456053  0.0671315  0.0726452  0.1444257  0.1520997  0.0767692  0.0730081  0.1356123  0.1359887  0.0726438  0.0744650  0.0712106  0.0853811
 4  0.0439966  0.0451750  0.0423908  0.0361873  0.0351557  0.0448165  0.0444493  0.0413330  0.0376107  0.0414184  0.0456614  0.0428222  0.0404774  0.0398914  0.0401014  0.0349267  0.0391590  0.0510927  0.0477849  0.0369953  0.0316577  0.0292730  0.0358010  0.0347473  0.0366006  0.0377344  0.0503900
 1  0.1245411  0.0728744  0.0507755  0.0476967  0.0404909  0.0571924  0.0462176  0.0395948  0.0414511  0.0945590  0.0952743  0.2068268  0.2780601  0.3020629  0.2887664  0.0792333  0.0590826  0.2360574  0.2808825  0.1034672  0.0842838  0.1292578  0.1425296  0.2810512  0.3318451  0.3303047  0.3848610
 2  0.0237521  0.0117164  0.0079555  0.0082417  0.0069400  0.0097909  0.0086598  0.0083526  0.0080046  0.0183305  0.0197649  0.0454533  0.0639657  0.0626371  0.0358832  0.0113968  0.0101196  0.0464614  0.0465938  0.0166749  0.0152515  0.0257320  0.0288037  0.0551974  0.0638452  0.0610999  0.0666615
 3  0.1153379  0.0834919  0.0920384  0.0836154  0.0740467  0.0783588  0.0771125  0.1459877  0.1425770  0.1429037  0.1430534  0.1354974  0.1469207  0.0762405  0.0851182  0.0853686  0.0722289  0.1354484  0.1454459  0.0701525  0.0669409  0.1269125  0.1359468  0.1310467  0.1340776  0.0687381  0.0868817
 4  0.0445669  0.0502372  0.0395846  0.0383456  0.0424132  0.0392982  0.0335941  0.0396625  0.0459778  0.0377558  0.0321769  0.0291204  0.0360126  0.0650760  0.0577695  0.0381310  0.0311942  0.0414482  0.0532703  0.0382556  0.0319778  0.0338213  0.0410696  0.0372750  0.0340330  0.0390898  0.0416912
 1  0.1327275  0.0961794  0.0658743  0.1369174  0.0921281  0.1905477  0.1248336  0.3031553  0.4203442  0.3778273  0.6000354  0.2272401  0.0707694  0.1645244  0.1709078  0.1709340  0.1829341  0.1033033  0.0837566  0.0982814  0.1033416  0.2021492  0.2760527  0.2020369  0.2611551  0.1178686  0.0939525
 2  0.0254987  0.0152245  0.0101156  0.0193106  0.0135209  0.0253085  0.0192331  0.0555385  0.0870554  0.0809760  0.1261334  0.0194326  0.0092297  0.0273400  0.0304396  0.0331161  0.0383531  0.0189763  0.0150212  0.0190609  0.0215422  0.0456607  0.0662840  0.0482751  0.0603109  0.0219506  0.0147467
 3  0.1228067  0.0792945  0.0807239  0.1741202  0.1759629  0.1587948  0.1450292  0.1318257  0.1327753  0.0745980  0.0822233  0.0796888  0.0917223  0.1412714  0.1357143  0.0646700  0.0649356  0.0658009  0.0605635  0.1262173  0.1222096  0.1300875  0.1260185  0.0662636  0.0666482  0.0784319  0.0845004
 4  0.0478112  0.0454482  0.0484099  0.0567419  0.0614556  0.0520292  0.0360659  0.0263957  0.0261409  0.0312025  0.0754563  0.0567842  0.0414370  0.0310752  0.0366353  0.0335669  0.0393922  0.0429174  0.0333815  0.0294791  0.0286604  0.0290566  0.0286521  0.0333312  0.0389707  0.0510429  0.0490215
 1  0.1072441  0.0926306  0.0681832  0.0882544  0.0667925  0.0777427  0.0672480  0.0878504  0.0863983  0.1472005  0.1505670  0.0849298  0.0819012  0.1083668  0.1175316  0.0940921  0.0930153  0.1265747  0.1305921  0.2110964  0.2749438  0.1312860  0.1194302  0.0470271  0.0420271  0.0754893  0.0509952
 2  0.0203581  0.0153038  0.0109693  0.0139040  0.0101259  0.0127547  0.0123344  0.0168971  0.0171666  0.0289200  0.0283902  0.0164157  0.0159450  0.0219665  0.0255061  0.0201966  0.0187078  0.0248629  0.0259982  0.0440389  0.0595818  0.0253918  0.0222254  0.0087408  0.0082192  0.0120301  0.0079224
 3  0.0993911  0.0804662  0.0859532  0.1620894  0.1546509  0.1281321  0.1194207  0.1375789  0.1390758  0.1380792  0.1425592  0.0695412  0.0679243  0.1407611  0.1391640  0.0678272  0.0685279  0.1421739  0.1491497  0.1397837  0.1369049  0.0688483  0.0815783  0.0776409  0.0717481  0.1483598  0.1470465
 4  0.0378383  0.0478938  0.0461218  0.0507161  0.0478305  0.0415703  0.0377008  0.0372080  0.0388558  0.0409014  0.0392421  0.0345319  0.0379778  0.0350574  0.0320306  0.0416649  0.0413115  0.0378218  0.0357383  0.0315230  0.0345864  0.0397954  0.0403370  0.0356496  0.0500553  0.0586586  0.0423048
 1  0.1151150  0.0773801  0.0548920  0.0444864  0.0267957  0.1689141  0.1815199  0.2850159  0.3766365  0.2657971  0.3091526  0.1304928  0.1192314  0.0949059  0.0878483  0.0714301  0.0646199  0.0885070  0.0853932  0.0788218  0.0817560  0.1582140  0.1491129  0.1685436  0.1650159  0.1601904  0.1720751
 2  0.0219508  0.0126061  0.0087209  0.0061684  0.0043036  0.0306148  0.0353595  0.0594966  0.0786884  0.0526780  0.0574260  0.0229523  0.0221974  0.0181784  0.0156745  0.0131910  0.0123208  0.0168314  0.0163697  0.0159707  0.0183495  0.0318407  0.0271266  0.0309737  0.0288868  0.0297299  0.0336174
 3  0.1066673  0.0802729  0.0839922  0.0802294  0.0789975  0.1375162  0.1481015  0.0757425  0.0667337  0.0771288  0.0764430  0.0803602  0.0746439  0.0852057  0.0773488  0.0822363  0.0716793  0.1628668  0.1611924  0.0849662  0.0644179  0.1309556  0.1578149  0.0782437  0.0782982  0.1454861  0.1524640
 4  0.0408969  0.0429970  0.0525860  0.0436265  0.0370786  0.0309626  0.0355681  0.0348818  0.0351914  0.0362131  0.0375919  0.0394213  0.0346705  0.0426442  0.0384796  0.0401426  0.0359211  0.0433026  0.0376619  0.0352222  0.0356101  0.0452478  0.0470583  0.0401264  0.0409143  0.0341993  0.0395909
 1  0.1151962  0.0931735  0.0666633  0.0557102  0.0381843  0.1158928  0.0926029  0.0851627  0.0688283  0.0925890  0.1013142  0.1157684  0.1240440  0.1201404  0.1487942  0.1566761  0.1774498  0.1566678  0.1535326  0.2064146  0.1942533  0.2650566  0.3160085  0.1191712  0.0785393  0.1598762  0.1859842
 2  0.0220659  0.0151854  0.0105685  0.0083696  0.0061605  0.0184360  0.0158159  0.0144645  0.0125169  0.0189529  0.0216802  0.0253615  0.0280050  0.0285245  0.0350785  0.0357744  0.0370293  0.0294564  0.0277906  0.0350392  0.0343484  0.0510601  0.0548745  0.0171192  0.0127283  0.0301333  0.0386243
 3  0.1065712  0.0798099  0.0901210  0.0897380  0.0785746  0.1480357  0.1465446  0.0679624  0.0641869  0.1234005  0.1156731  0.0631291  0.0582211  0.1205762  0.1286266  0.0727641  0.0673999  0.1472574  0.1515401  0.1500007  0.1568105  0.0847260  0.0758147  0.0755804  0.0804846  0.1352110  0.1389874
 4  0.0411010  0.0421533  0.0512595  0.0470754  0.0431751  0.0435631  0.0425455  0.0382672  0.0336861  0.0305271  0.0316849  0.0352142  0.0312218  0.0286088  0.0347679  0.0394109  0.0377432  0.0407769  0.0450735  0.0405910  0.0361705  0.0388256  0.0507210  0.0448563  0.0358418  0.0275621  0.0317825
 1  0.1096066  0.0447243  0.0316302  0.0653496  0.0518684  0.0757248  0.0771688  0.1734425  0.2109733  0.1455966  0.1534323  0.1118917  0.1066349  0.1341339  0.1209969  0.0955386  0.0887674  0.0898123  0.0945388  0.1350077  0.1559295  0.0762509  0.0640821  0.0629392  0.0530248  0.0873383  0.0953434
 2  0.0207519  0.0073718  0.0051467  0.0108552  0.0089547  0.0142772  0.0159772  0.0380506  0.0451650  0.0304292  0.0295568  0.0211242  0.0172299  0.0224065  0.0214563  0.0176315  0.0174285  0.0183618  0.0199347  0.0287857  0.0333330  0.0145803  0.0111608  0.0106840  0.0096802  0.0179122  0.0184194
 3  0.1016157  0.0716923  0.0907282  0.0802561  0.0755354  0.1506574  0.1448231  0.1228154  0.1244424  0.0669775  0.0758225  0.1604924  0.1494830  0.1354685  0.1250336  0.0774791  0.0724613  0.1467827  0.1442582  0.1437513  0.1495784  0.0739360  0.0746653  0.1535486  0.1484585  0.1433643  0.1265066
 4  0.0386192  0.0447454  0.0433352  0.0380917  0.0377346  0.0334929  0.0313155  0.0384679  0.0416167  0.0366278  0.0404972  0.0502707  0.0483963  0.0400661  0.0383767  0.0380561  0.0346679  0.0369154  0.0358441  0.0352438  0.0416526  0.0465395  0.0443027  0.0425345  0.0327798  0.0373740  0.0426749
 1  0.1210734  0.0686307  0.0482266  0.1945924  0.1389401  0.1466637  0.1358844  0.3090975  0.4564923  0.2543414  0.1905205  0.0910471  0.0829348  0.1109927  0.1102921  0.0870032  0.0693621  0.0990314  0.1037344  0.0812899  0.0802666  0.1021290  0.1126122  0.0862324  0.0767155  0.1005491  0.1112222
 2  0.0226531  0.0110325  0.0076251  0.0280358  0.0202931  0.0241027  0.0252561  0.0635990  0.0969008  0.0396550  0.0300580  0.0157074  0.0147962  0.0209220  0.0196595  0.0146931  0.0123788  0.0192675  0.0207335  0.0167777  0.0165805  0.0219880  0.0227525  0.0162703  0.0151246  0.0208737  0.0242687
 3  0.1124218  0.0867638  0.0869332  0.1767715  0.1645931  0.0852880  0.0722920  0.1504488  0.1444689  0.0712770  0.0926475  0.0895575  0.0719793  0.1682466  0.1578810  0.0677868  0.0722148  0.1445263  0.1406671  0.0672185  0.0713564  0.1311232  0.1418519  0.0644076  0.0666243  0.1410130  0.1407306
 4  0.0418976  0.0473421  0.0535175  0.0578546  0.0459606  0.0347368  0.0326200  0.0326887  0.0416148  0.0436376  0.0404554  0.0371087  0.0369799  0.0498669  0.0494592  0.0399943  0.0352475  0.0354758  0.0371350  0.0364227  0.0362518  0.0354057  0.0467144  0.0360244  0.0305104  0.0339294  0.0323687
 1  0.1167139  0.0585491  0.0410422  0.0931766  0.0844500  0.1012683  0.0916450  0.1408847  0.1614632  0.0644414  0.0539463  0.0574245  0.0559501  0.1030976  0.1086537  0.1862336  0.1824887  0.3438552  0.5470105  0.2562106  0.1274453  0.2667231  0.2312964  0.2275496  0.2533686  0.1990106  0.2138016
 2  0.0225821  0.0096340  0.0065616  0.0158785  0.0144944  0.0176821  0.0171216  0.0290762  0.0370346  0.0131453  0.0100962  0.0108836  0.0112674  0.0220784  0.0201013  0.0338992  0.0352077  0.0723650  0.1041825  0.0301774  0.0164616  0.0387675  0.0369002  0.0411666  0.0484590  0.0388223  0.0418913
 3  0.1078768  0.0752479  0.0929782  0.1655261  0.1597089  0.1182586  0.1348208  0.0721789  0.0780276  0.0638375  0.0703483  0.1489183  0.1522844  0.1174681  0.1209575  0.0750038  0.0739746  0.1495508  0.1463101  0.0835972  0.0995576  0.1601754  0.1456522  0.0675174  0.0760781  0.0712986  0.0712330
 4  0.0428988  0.0441345  0.0388511  0.0421998  0.0443563  0.0400962  0.0370448  0.0295733  0.0370191  0.0442785  0.0423115  0.0356525  0.0344549  0.0438254  0.0496653  0.0366576  0.0314203  0.0350495  0.0574666  0.0537554  0.0486222  0.0428869  0.0346772  0.0314287  0.0370098  0.0349063  0.0363959
 1  0.1187765  0.0511140  0.0353694  0.0429240  0.0167296  0.0541154  0.0535150  0.1138224  0.1402314  0.0902330  0.1100498  0.0973877  0.1047097  0.1103937  0.1130146  0.1515323  0.1136984  0.1772576  0.1883742  0.2480820  0.2611241  0.1429797  0.1604797  0.1352936  0.1364388  0.1329618  0.1279917
 2  0.0226444  0.0083081  0.0056425  0.0043587  0.0023467  0.0094742  0.0112710  0.0278138  0.0370174  0.0245938  0.0273707  0.0218024  0.0220595  0.0226350  0.0239821  0.0254178  0.0183376  0.0318423  0.0329693  0.0432784  0.0490851  0.0291803  0.0315153  0.0259375  0.0255041  0.0247886  0.0241428
 3  0.1100329  0.0742568  0.0801295  0.1562781  0.1405225  0.1106341  0.1099602  0.1095623  0.1140176  0.0575069  0.0630211  0.1286412  0.1371500  0.0703955  0.0804951  0.1433589  0.1421717  0.1402392  0.1420143  0.1394383  0.1466944  0.0754036  0.0726579  0.1428684  0.1459526  0.0693678  0.0658194
 4  0.0423910  0.0418439  0.0832381  0.0625903  0.0335156  0.0204044  0.0213063  0.0272014  0.0282030  0.0345341  0.0384063  0.0396958  0.0363862  0.0349542  0.0492737  0.0551978  0.0395512  0.0343327  0.0430276  0.0357083  0.0316545  0.0372268  0.0395753  0.0415901  0.0403250  0.0337521  0.0347156
 1  0.1318712  0.0590542  0.0398584  0.0484166  0.0412455  0.0545295  0.0524700  0.1503079  0.1503630  0.0388639  0.0377395  0.0894727  0.1067846  0.1258199  0.1217485  0.1001812  0.0886219  0.1053297  0.0837548  0.1468634  0.1576131  0.1598152  0.1780556  0.0808312  0.0724617  0.0518721  0.0545414
 2  0.0249026  0.0092926  0.0061858  0.0082518  0.0074797  0.0103885  0.0106528  0.0296966  0.0288140  0.0077444  0.0081435  0.0207044  0.0251439  0.0265072  0.0220464  0.0179921  0.0155884  0.0177578  0.0146758  0.0278361  0.0311014  0.0319669  0.0366944  0.0155460  0.0141528  0.0107370  0.0113837
 3  0.1222950  0.0843026  0.1066237  0.0778590  0.0745816  0.1431422  0.1449535  0.1131519  0.1134057  0.0706180  0.0738624  0.1515083  0.1418638  0.1156953  0.1158535  0.0759143  0.0795020  0.0776779  0.0768330  0.1462846  0.1475616  0.1405441  0.1435736  0.0675712  0.0745311  0.1444852  0.1514726
 4  0.0459998  0.0478883  0.0434353  0.0356352  0.0350496  0.0363826  0.0397327  0.0417663  0.0370626  0.0317810  0.0319552  0.0358016  0.0395361  0.0466677  0.0425090  0.0397777  0.0450196  0.0432752  0.0378653  0.0361354  0.0378589  0.0359083  0.0374130  0.0388181  0.0355859  0.0355581  0.0507540
 1  0.1335702  0.0577214  0.0387828  0.1434999  0.1347187  0.4030884  0.5133142  0.5149828  0.4688320  0.2251803  0.2058008  0.5010545  0.4193618  0.2709147  0.2655396  0.3996454  0.5014674  0.0977374  0.0797849  0.0576223  0.0529670  0.0353111  0.0250106  0.1256354  0.1288359  0.1688229  0.1578580
 2  0.0258944  0.0092281  0.0060434  0.0245053  0.0213147  0.0679216  0.0887130  0.0757565  0.0616235  0.0338244  0.0345667  0.0711841  0.0568015  0.0415142  0.0459769  0.0700963  0.0845656  0.0153658  0.0135897  0.0106428  0.0101163  0.0060822  0.0040540  0.0226804  0.0256599  0.0313459  0.0290341
 3  0.1234566  0.0746590  0.0830462  0.1664130  0.1613104  0.1670820  0.1669692  0.0939686  0.0930780  0.0964026  0.0871662  0.1760549  0.1825622  0.0888174  0.0832905  0.1568826  0.1609535  0.0898387  0.0817280  0.0822201  0.0743575  0.0677931  0.0742837  0.1435460  0.1346244  0.1335919  0.1382266
 4  0.0490362  0.0419313  0.0403901  0.0464388  0.0479559  0.0398092  0.0410422  0.0500856  0.0423593  0.0387466  0.0489163  0.0602714  0.0471671  0.0364121  0.0375501  0.0388038  0.0406545  0.0392298  0.0347375  0.0359262  0.0454781  0.0469518  0.0403447  0.0325090  0.0365763  0.0440442  0.0347592
 1  0.1265370  0.0659282  0.0456546  0.0582421  0.0492808  0.0803147  0.0775849  0.0664602  0.0564113  0.1026064  0.1001194  0.1298043  0.1229448  0.1544789  0.1795646  0.1254717  0.1233996  0.1083967  0.0909840  0.1795285  0.2201575  0.2053373  0.2588967  0.1030697  0.1079122  0.0718559  0.0619885
 2  0.0242237  0.0106137  0.0071860  0.0095256  0.0087976  0.0159261  0.0133884  0.0113508  0.0100754  0.0192620  0.0175696  0.0230057  0.0236686  0.0325522  0.0395494  0.0262364  0.0252821  0.0191107  0.0160135  0.0351892  0.0462953  0.0453356  0.0586442  0.0226292  0.0213918  0.0129795  0.0108411
 3  0.1171311  0.0821253  0.0790419  0.1691700  0.1750056  0.0792151  0.0726059  0.1613407  0.1486740  0.1482563  0.1419434  0.1376370  0.1348494  0.0685207  0.0714495  0.0664638  0.0685755  0.1433279  0.1465437  0.1434261  0.1412505  0.0720663  0.0658778  0.0723398  0.0672920  0.1505918  0.1557735
 4  0.0452793  0.0455151  0.0425085  0.0418510  0.0378275  0.0411382  0.0472207  0.0473061  0.0388672  0.0454133  0.0469429  0.0351485  0.0296305  0.0324050  0.0396544  0.0368633  0.0423048  0.0462760  0.0362777  0.0301405  0.0293258  0.0331383  0.0315031  0.0374310  0.0389029  0.0455561  0.0391095
 1  0.1098719  0.0575126  0.0416031  0.0654753  0.0567032  0.1112735  0.1244339  0.1936616  0.1865069  0.0557775  0.0399004  0.1068193  0.1237319  0.1490718  0.1666509  0.1605362  0.1785561  0.1465079  0.1480010  0.1123082  0.1050121  0.1594945  0.1652091  0.1207057  0.1256186  0.0432101  0.0178564
 2  0.0217666  0.0097297  0.0067623  0.0112486  0.0105022  0.0223935  0.0268988  0.0414624  0.0241403  0.0080309  0.0068313  0.0215821  0.0276230  0.0342352  0.0392379  0.0357360  0.0371097  0.0284521  0.0273165  0.0205276  0.0203743  0.0307831  0.0317856  0.0240298  0.0261453  0.0049344  0.0025745
 3  0.1012948  0.0821009  0.0826837  0.0915512  0.0827817  0.1491619  0.1484751  0.1171088  0.1356989  0.0808407  0.0748276  0.1329180  0.1270635  0.0630711  0.0736361  0.0677236  0.0591114  0.1467123  0.1470653  0.0759327  0.0785497  0.1496432  0.1497326  0.0687717  0.0785300  0.0730544  0.0676637
 4  0.0418956  0.0443853  0.0400556  0.0389512  0.0341611  0.0316248  0.0330765  0.0725348  0.0644563  0.0391827  0.0307145  0.0288677  0.0319568  0.0331261  0.0352776  0.0383520  0.0336747  0.0422959  0.0403690  0.0376612  0.0391428  0.0403797  0.0362397  0.0333150  0.0852653  0.0582508  0.0356030
 1  0.1211854  0.0383366  0.0263358  0.0443649  0.0318105  0.1451394  0.1557601  0.1101205  0.1019042  0.1127685  0.1084827  0.0755124  0.0771893  0.0834942  0.0918666  0.0402359  0.0344033  0.0428049  0.0366921  0.0757595  0.0744895  0.0906583  0.0932955  0.1070040  0.1207706  0.0592081  0.0618833
 2  0.0237817  0.0063067  0.0042170  0.0069701  0.0052801  0.0268321  0.0312856  0.0213446  0.0204596  0.0216186  0.0207761  0.0153258  0.0161779  0.0181280  0.0208915  0.0081244  0.0068525  0.0079372  0.0067737  0.0146798  0.0143365  0.0182659  0.0185397  0.0222748  0.0267808  0.0134761  0.0139415
 3  0.1117931  0.0719622  0.0791905  0.0788056  0.0907495  0.1420874  0.1550603  0.0681074  0.0797292  0.1422759  0.1491393  0.0770290  0.0773805  0.1345853  0.1350057  0.0721350  0.0727833  0.1489588  0.1427310  0.1253221  0.1110924  0.1335715  0.1352465  0.1367576  0.1318234  0.0745013  0.0625862
 4  0.0453864  0.0433248  0.0442629  0.0415886  0.0378117  0.0328248  0.0391306  0.0364432  0.0407540  0.0418259  0.0374394  0.0341533  0.0395417  0.0321630  0.0376426  0.0402158  0.0386866  0.0451096  0.0390556  0.0429302  0.0388395  0.0364714  0.0361321  0.0308168  0.0285468  0.0373209  0.0361193
 1  0.1201775  0.0369685  0.0252503  0.0568893  0.0472146  0.0935228  0.0931071  0.0707086  0.0690839  0.1039036  0.1186091  0.0867548  0.0912769  0.0452726  0.0396678  0.0551225  0.0497924  0.0784126  0.0654412  0.1238130  0.1312280  0.0418217  0.0354613  0.0777260  0.0744475  0.1169208  0.1247846
 2  0.0229901  0.0059969  0.0040318  0.0096578  0.0083296  0.0177281  0.0176723  0.0139998  0.0144270  0.0227515  0.0261423  0.0189035  0.0209500  0.0095817  0.0074071  0.0102690  0.0088608  0.0134306  0.0119974  0.0254833  0.0254525  0.0078067  0.0068651  0.0151537  0.0145239  0.0236174  0.0268467
 3  0.1112312  0.0744545  0.0843697  0.0821778  0.0712250  0.1456959  0.1552352  0.0702433  0.0730741  0.1434392  0.1422507  0.0711743  0.0677186  0.0703701  0.0748066  0.1489928  0.1462480  0.1213736  0.1138849  0.0681753  0.0656152  0.0730631  0.0630916  0.1289521  0.1275816  0.1243141  0.1214828
 4  0.0430954  0.0433864  0.0412485  0.0390048  0.0362180  0.0374564  0.0402264  0.0341950  0.0340667  0.0356060  0.0367862  0.0334315  0.0344099  0.0429622  0.0433927  0.0415047  0.0445950  0.0447220  0.0343215  0.0357632  0.0453556  0.0413440  0.0384417  0.0392201  0.0359333  0.0327091  0.0275040
 1  0.1184296  0.0567210  0.0396729  0.0521842  0.0365074  0.0925883  0.0786805  0.0879808  0.0846182  0.0880209  0.0947583  0.1500477  0.1770142  0.1272821  0.1263144  0.1228827  0.1183751  0.1508639  0.1464441  0.1147245  0.1065186  0.0436856  0.0342479  0.1115339  0.1348332  0.1895686  0.2556742
 2  0.0230435  0.0093089  0.0063256  0.0080103  0.0060339  0.0156370  0.0135119  0.0165082  0.0170782  0.0188695  0.0204405  0.0325494  0.0384597  0.0262692  0.0239962  0.0231122  0.0198003  0.0261932  0.0263975  0.0220200  0.0171676  0.0072117  0.0064450  0.0242842  0.0332133  0.0490771  0.0628898
 3  0.1093210  0.0819265  0.0821760  0.0771426  0.0764346  0.1525515  0.1407522  0.0700731  0.0662704  0.1260316  0.1356707  0.1375242  0.1377437  0.0729217  0.0747046  0.1510223  0.1463535  0.1475525  0.1320555  0.0748729  0.0662625  0.0618739  0.0591763  0.1098436  0.1195843  0.1177480  0.1209965
 4  0.0437191  0.0440386  0.0451696  0.0419864  0.0425027  0.0455125  0.0393260  0.0332167  0.0347011  0.0334525  0.0364952  0.0348996  0.0360193  0.0403073  0.0418468  0.0490050  0.0462795  0.0371852  0.0331401  0.0479219  0.0473197  0.0336805  0.0282454  0.0216393  0.0275926  0.0319919  0.0446777
 1  0.1185895  0.0457564  0.0315031  0.0921571  0.0686908  0.1204342  0.1371970  0.1494648  0.1612278  0.0543375  0.0482618  0.0902776  0.0848840  0.1330093  0.1564497  0.1094367  0.1126473  0.1238358  0.1486261  0.0872948  0.0546358  0.0805824  0.0702911  0.0909082  0.0843842  0.0764373  0.0781689
 2  0.0228059  0.0074554  0.0050180  0.0143991  0.0116637  0.0233011  0.0292336  0.0323870  0.0334493  0.0108638  0.0082371  0.0159387  0.0162075  0.0275163  0.0346856  0.0237993  0.0241629  0.0269795  0.0322039  0.0138057  0.0081628  0.0133989  0.0115158  0.0160922  0.0156992  0.0154809  0.0175647
 3  0.1096515  0.0788964  0.0907211  0.0770361  0.0881377  0.1503330  0.1592486  0.0735899  0.0734612  0.0774042  0.0765274  0.1587450  0.1487557  0.1455043  0.1507320  0.0723227  0.0812900  0.1513920  0.1427074  0.0775432  0.0800890  0.1695823  0.1349311  0.1395448  0.1269357  0.0654993  0.0624669
 4  0.0431479  0.0419981  0.0471908  0.0396718  0.0382914  0.0302241  0.0339405  0.0356488  0.0368686  0.0442566  0.0447603  0.0403252  0.0334498  0.0323368  0.0340673  0.0359747  0.0358784  0.0325782  0.0487006  0.0525495  0.0424933  0.0454686  0.0405020  0.0366119  0.0308606  0.0318989  0.0313658
 1  0.1080012  0.0624632  0.0448768  0.0482170  0.0335548  0.1389041  0.1486036  0.1600868  0.1973009  0.0730284  0.0462426  0.0801000  0.0726884  0.1904030  0.2304871  0.2196718  0.2501610  0.0947221  0.0947512  0.1325631  0.1520898  0.3252504  0.4439552  0.1436747  0.1020730  0.1560388  0.1338828
 2  0.0207042  0.0103797  0.0072934  0.0075000  0.0053361  0.0250060  0.0297335  0.0352568  0.0393236  0.0111422  0.0069767  0.0135119  0.0135690  0.0393911  0.0495567  0.0456649  0.0523983  0.0192820  0.0198065  0.0283462  0.0323814  0.0672232  0.0799950  0.0219409  0.0140899  0.0238774  0.0232555
 3  0.0998937  0.0733024  0.0921547  0.0827090  0.0810122  0.1608609  0.1517078  0.1354260  0.1479826  0.0766434  0.0738458  0.1394723  0.1363895  0.1201764  0.1299765  0.0651454  0.0628781  0.0691928  0.0696455  0.1398178  0.1394331  0.1538761  0.1603711  0.0849404  0.0802268  0.1572409  0.1547628
 4  0.0388828  0.0445135  0.0458233  0.0445224  0.0396245  0.0354618  0.0295517  0.0363506  0.0588167  0.0508265  0.0396100  0.0337960  0.0322606  0.0300822  0.0347152  0.0354636  0.0317853  0.0359784  0.0342759  0.0355857  0.0370734  0.0406655  0.0430315  0.0519844  0.0448904  0.0415110  0.0336026
 1  0.1193897  0.0649613  0.0446496  0.0759484  0.0583673  0.0932059  0.0918531  0.1851816  0.2119623  0.1638250  0.1662694  0.0743798  0.0674003  0.0944971  0.0850535  0.1142299  0.1070471  0.1313957  0.1426133  0.1853709  0.2092543  0.1585296  0.1655491  0.0994075  0.0726312  0.0737014  0.0702740
 2  0.0226910  0.0104522  0.0070820  0.0120798  0.0100849  0.0173543  0.0171639  0.0366963  0.0426764  0.0319811  0.0332610  0.0150331  0.0112168  0.0163363  0.0149695  0.0203629  0.0196377  0.0254667  0.0298432  0.0399466  0.0409088  0.0301742  0.0322463  0.0163186  0.0122520  0.0133738  0.0130818
 3  0.1105887  0.0651803  0.0818829  0.0867095  0.0875107  0.1496643  0.1516558  0.1163094  0.1121643  0.0698724  0.0678133  0.0759227  0.0824267  0.1557608  0.1501446  0.1478948  0.1414679  0.1437409  0.1460541  0.0707734  0.0737318  0.1169085  0.1157003  0.0781737  0.0758054  0.1564170  0.1350851
 4  0.0420011  0.0410276  0.0429657  0.0403751  0.0394557  0.0387828  0.0390999  0.0362372  0.0384185  0.0340821  0.0319037  0.0475729  0.0459581  0.0419084  0.0410139  0.0422479  0.0370389  0.0340311  0.0335135  0.0393529  0.0408766  0.0347874  0.0404042  0.0477328  0.0408479  0.0419288  0.0360437
 1  0.1197052  0.0597384  0.0414706  0.0339396  0.0274376  0.0659563  0.0705916  0.0948246  0.0943712  0.0463879  0.0422201  0.0554372  0.0530690  0.0623300  0.0701853  0.0651050  0.0365974  0.0587127  0.0586605  0.0892099  0.0956415  0.0694031  0.0766689  0.1255521  0.1237142  0.1233514  0.1438366
 2  0.0222257  0.0095300  0.0065667  0.0056454  0.0050062  0.0133086  0.0155623  0.0202843  0.0183886  0.0090435  0.0077808  0.0104967  0.0107712  0.0139298  0.0169247  0.0099613  0.0057048  0.0106537  0.0118429  0.0192887  0.0219310  0.0165823  0.0182238  0.0262607  0.0242823  0.0252319  0.0309885
 3  0.1112479  0.0821138  0.0861697  0.0873249  0.0733345  0.1417587  0.1374227  0.1198217  0.1196737  0.0740746  0.0783190  0.1483207  0.1406646  0.1061875  0.1169941  0.0698104  0.0693686  0.1307844  0.1263853  0.1180776  0.1317102  0.0618488  0.0586596  0.1356507  0.1417229  0.1419433  0.1418021
 4  0.0405983  0.0459853  0.0424594  0.0368047  0.0340448  0.0313042  0.0335734  0.0472863  0.0426092  0.0421621  0.0425456  0.0367880  0.0311385  0.0311629  0.0695603  0.0554641  0.0367821  0.0281585  0.0322679  0.0318499  0.0322515  0.0342685  0.0399489  0.0449698  0.0366266  0.0311069  0.0316366
 1  0.1281526  0.2298843  0.1808123  0.1228507  0.0628060  0.2220511  0.2257926  0.2134033  0.2073207  0.1441012  0.1695968  0.1895523  0.1983494  0.1716402  0.1691292  0.0996249  0.0906996  0.1017827  0.0924087  0.2452607  0.2856988  0.1915525  0.2040417  0.1681925  0.1750114  0.1116910  0.1242492
 2  0.0238308  0.0359920  0.0265606  0.0147548  0.0088318  0.0366434  0.0370187  0.0362957  0.0396207  0.0301178  0.0348073  0.0374591  0.0388389  0.0310982  0.0311162  0.0191628  0.0145355  0.0173453  0.0167104  0.0465890  0.0534260  0.0358765  0.0417569  0.0338947  0.0354658  0.0237035  0.0279946
 3  0.1190841  0.1588435  0.1675473  0.0856062  0.0855773  0.1565265  0.1424213  0.0684028  0.0599569  0.1334253  0.1386701  0.0698426  0.0679023  0.1539897  0.1509100  0.0687432  0.0759386  0.1489830  0.1310245  0.1385854  0.1407848  0.0702128  0.0742173  0.0689685  0.0757970  0.0743307  0.0692501
 4  0.0432240  0.0516312  0.0657481  0.0525127  0.0399045  0.0412836  0.0420118  0.0339767  0.0300092  0.0337921  0.0390461  0.0374185  0.0373367  0.0454587  0.0363907  0.0458205  0.0468925  0.0422777  0.0332970  0.0386404  0.0379062  0.0338064  0.0338780  0.0372077  0.0363938  0.0311534  0.0312572
 1  0.1228780  0.0285973  0.0193147  0.0391902  0.0302392  0.0685056  0.0560319  0.1161878  0.1313362  0.1688808  0.2016888  0.3449363  0.4956909  0.2708936  0.2398407  0.1144984  0.0855801  0.0784432  0.0645623  0.0560292  0.0539597  0.1018026  0.1110645  0.1312166  0.1286626  0.0950076  0.0812308
 2  0.0231605  0.0045608  0.0030606  0.0067445  0.0043299  0.0108314  0.0101457  0.0235657  0.0281049  0.0367354  0.0436273  0.0723575  0.0853791  0.0407900  0.0401027  0.0178088  0.0144926  0.0131678  0.0113373  0.0106935  0.0116039  0.0227895  0.0233300  0.0274195  0.0209840  0.0155941  0.0149261
 3  0.1139457  0.0841720  0.0852111  0.0896566  0.0863011  0.1457565  0.1426867  0.1354842  0.1387319  0.1393614  0.1501531  0.1437759  0.1591062  0.0917578  0.0855559  0.0836198  0.0747969  0.1487344  0.1502947  0.0728668  0.0701996  0.1375632  0.1373796  0.0725891  0.0611445  0.1431519  0.1357053
 4  0.0426510  0.0466840  0.0393955  0.0549169  0.0507189  0.0374000  0.0318541  0.0316487  0.0359418  0.0359807  0.0381068  0.0403394  0.0486504  0.0386813  0.0388201  0.0441741  0.0410430  0.0410765  0.0389443  0.0312373  0.0314011  0.0405117  0.0384068  0.0483278  0.0425860  0.0390044  0.0291753
 1  0.1200581  0.0145090  0.0097635  0.0434087  0.0293627  0.0524417  0.0482856  0.0760692  0.0831478  0.0559540  0.0615357  0.0457197  0.0480132  0.0547180  0.0534314  0.0431585  0.0331963  0.1268158  0.1250130  0.1403593  0.1571446  0.1268063  0.1404943  0.1554832  0.1808079  0.2286892  0.2251421
 2  0.0230951  0.0023548  0.0015616  0.0067541  0.0044337  0.0090376  0.0094546  0.0168747  0.0192878  0.0132115  0.0144478  0.0104966  0.0114042  0.0124389  0.0098989  0.0072798  0.0059660  0.0236976  0.0241788  0.0285623  0.0338242  0.0279339  0.0310140  0.0336429  0.0378526  0.0434996  0.0381296
 3  0.1110341  0.0776679  0.0851738  0.0752528  0.0763511  0.1440600  0.1409236  0.0694995  0.0631204  0.1282907  0.1442718  0.0644529  0.0636525  0.1336014  0.1440946  0.0764785  0.0665011  0.1322357  0.1305969  0.1300105  0.1283435  0.0678912  0.0689676  0.1403920  0.1556749  0.0764156  0.0724277
 4  0.0435161  0.0435565  0.0463359  0.0472309  0.0418017  0.0336339  0.0288457  0.0334399  0.0358220  0.0338155  0.0359636  0.0354725  0.0334512  0.0488800  0.0561683  0.0404166  0.0341209  0.0380737  0.0352201  0.0316361  0.0309378  0.0347130  0.0340160  0.0370427  0.0420849  0.0436003  0.0417686
 1  0.1130965  0.0470002  0.0328146  0.0439816  0.0360939  0.0712553  0.0677634  0.1401203  0.1369610  0.1412086  0.1600311  0.2222447  0.2666749  0.0786148  0.0597867  0.1564310  0.1747590  0.2324733  0.2486504  0.2803210  0.3102345  0.1592890  0.1435879  0.1572225  0.1848954  0.1263513  0.1136697
 2  0.0219065  0.0077281  0.0052773  0.0075579  0.0061843  0.0131145  0.0126085  0.0258213  0.0256482  0.0277455  0.0333685  0.0480098  0.0417411  0.0118790  0.0105694  0.0308945  0.0328673  0.0427817  0.0449148  0.0503107  0.0587407  0.0282447  0.0266062  0.0312023  0.0360736  0.0234182  0.0198710
 3  0.1045130  0.0774315  0.0839256  0.0772109  0.0733598  0.1530423  0.1528425  0.1481093  0.1493227  0.1522582  0.1459414  0.1478025  0.1488921  0.0816626  0.0814142  0.1367762  0.1396973  0.1501654  0.1463884  0.0741220  0.0722043  0.0777022  0.0833873  0.1658405  0.1542678  0.0736172  0.0701880
 4  0.0411056  0.0424857  0.0383098  0.0386340  0.0385237  0.0398482  0.0433856  0.0415768  0.0359508  0.0353170  0.0332790  0.0538109  0.0547749  0.0394815  0.0325889  0.0373000  0.0438012  0.0390902  0.0372099  0.0340497  0.0346996  0.0393592  0.0333848  0.0387510  0.0443744  0.0401778  0.0414236
 1  0.1195876  0.0923002  0.0648902  0.0584980  0.0415770  0.1095667  0.1110972  0.2061301  0.2736246  0.2419472  0.1559616  0.0739946  0.0630383  0.1822943  0.2310913  0.1777174  0.1853643  0.1358809  0.1417599  0.0877521  0.0891746  0.1045234  0.1022719  0.0967671  0.0885305  0.0692077  0.0793310
 2  0.0230067  0.0149428  0.0102089  0.0090731  0.0066715  0.0197238  0.0220582  0.0446739  0.0593586  0.0363041  0.0222313  0.0119605  0.0117987  0.0393133  0.0491540  0.0353130  0.0374506  0.0275017  0.0292047  0.0186277  0.0179999  0.0200549  0.0202304  0.0184665  0.0177531  0.0150606  0.0188284
 3  0.1106675  0.0709252  0.0906393  0.0767003  0.0721600  0.1477369  0.1449423  0.1463911  0.1490707  0.0703165  0.0808882  0.0761120  0.0730800  0.1325578  0.1340631  0.0760810  0.0809963  0.0689621  0.0729874  0.0748038  0.0678485  0.1463814  0.1536137  0.0682443  0.0743677  0.1475745  0.1371064
 4  0.0429499  0.0423940  0.0457365  0.0413435  0.0371532  0.0332514  0.0305394  0.0329477  0.0535941  0.0539949  0.0420763  0.0352047  0.0332440  0.0323117  0.0412035  0.0371830  0.0365451  0.0328099  0.0348169  0.0401694  0.0417500  0.0391006  0.0389355  0.0347148  0.0328333  0.0310693  0.0278333
 1  0.1199145  0.0785697  0.0556478  0.0595939  0.0402044  0.0916979  0.0941470  0.1152865  0.1342475  0.1428374  0.1190638  0.1765378  0.1727512  0.1577446  0.1523313  0.2449115  0.3442787  0.0998678  0.0684279  0.1059369  0.1039015  0.2084681  0.2568654  0.2575016  0.2444914  0.2084900  0.2221711
 2  0.0228188  0.0127254  0.0087995  0.0088798  0.0064171  0.0166760  0.0191573  0.0254735  0.0312970  0.0272532  0.0209964  0.0314870  0.0283712  0.0274226  0.0299519  0.0544802  0.0665612  0.0152038  0.0105995  0.0183389  0.0202769  0.0437438  0.0548939  0.0470784  0.0429293  0.0382180  0.0403163
 3  0.1110863  0.0850879  0.0913834  0.0879496  0.0781999  0.1498782  0.1438829  0.1160356  0.1049505  0.0737001  0.0737969  0.1522279  0.1507531  0.0712438  0.0693660  0.1351375  0.1426592  0.0845776  0.0781487  0.1480703  0.1444249  0.1294404  0.1443528  0.0703028  0.0759224  0.0852574  0.0759337
 4  0.0424321  0.0447827  0.0457042  0.0460019  0.0367277  0.0323034  0.0311187  0.0338934  0.0414564  0.0498123  0.0394548  0.0439092  0.0441133  0.0331932  0.0273058  0.0344727  0.0555203  0.0483626  0.0383865  0.0335483  0.0330619  0.0326441  0.0431074  0.0417498  0.0377581  0.0373724  0.0455415
 1  0.1138583  0.0507761  0.0355592  0.0605275  0.0511848  0.1245733  0.0980501  0.1925480  0.2211431  0.2199260  0.2187734  0.2020216  0.2351605  0.1178182  0.0984975  0.0890415  0.0790480  0.0667642  0.0622006  0.0747737  0.0790868  0.1049805  0.1000922  0.0937638  0.0898350  0.1396090  0.1770380
 2  0.0220431  0.0083629  0.0057432  0.0104479  0.0088940  0.0200690  0.0167635  0.0362393  0.0424294  0.0405017  0.0411907  0.0392317  0.0443126  0.0206156  0.0163897  0.0152912  0.0141339  0.0125641  0.0128219  0.0163765  0.0160107  0.0198869  0.0195481  0.0182460  0.0186796  0.0321718  0.0393743
 3  0.1052201  0.0698629  0.0836078  0.0834902  0.0849059  0.1449239  0.1466482  0.1435166  0.1365088  0.0705892  0.0767050  0.1497906  0.1569083  0.0783617  0.0713371  0.1460598  0.1547316  0.0709807  0.0649208  0.1338999  0.1296540  0.1363894  0.1537713  0.0681023  0.0677274  0.1385677  0.1481760
 4  0.0411772  0.0413255  0.0382080  0.0402118  0.0478214  0.0435449  0.0356841  0.0335006  0.0385398  0.0351525  0.0359163  0.0377502  0.0430488  0.0425654  0.0397387  0.0401216  0.0393294  0.0359117  0.0321689  0.0393852  0.0438722  0.0398399  0.0399520  0.0355292  0.0321226  0.0323866  0.0422952
 1  0.1224621  0.0732954  0.0511336  0.1035155  0.0946311  0.0894813  0.0670385  0.1936122  0.2204713  0.1730974  0.1802420  0.0818705  0.0678465  0.0699219  0.0705923  0.1470166  0.1891558  0.1237331  0.1390374  0.0751514  0.0459837  0.0617349  0.0577202  0.0603260  0.0555574  0.1093113  0.1338662
 2  0.0237819  0.0118692  0.0080475  0.0172841  0.0169467  0.0144896  0.0109962  0.0356327  0.0410916  0.0329030  0.0351833  0.0149728  0.0117956  0.0131072  0.0144371  0.0330172  0.0448816  0.0287790  0.0320244  0.0117347  0.0072045  0.0108625  0.0103450  0.0114166  0.0116677  0.0254156  0.0330689
 3  0.1132034  0.0793442  0.0854901  0.1701450  0.1514404  0.1260218  0.1252765  0.1544045  0.1433573  0.0769236  0.0767858  0.0723772  0.0759063  0.1546372  0.1438227  0.1421094  0.1346038  0.0675318  0.0706158  0.0738244  0.0898192  0.1540612  0.1416307  0.0709249  0.0669174  0.1240060  0.1267139
 4  0.0444552  0.0475216  0.0397136  0.0418777  0.0433178  0.0502067  0.0401152  0.0370234  0.0374114  0.0364928  0.0412499  0.0431711  0.0394403  0.0344979  0.0315609  0.0310289  0.0318792  0.0318376  0.0539670  0.0519737  0.0429005  0.0394631  0.0409937  0.0347401  0.0317374  0.0272088  0.0408920
 1  0.1189860  0.1156389  0.0835892  0.1017783  0.0823762  0.1422551  0.1474197  0.1416279  0.1391133  0.1156629  0.1029299  0.1070304  0.1178863  0.0740948  0.0580311  0.0740165  0.0625342  0.0734985  0.0721445  0.1277132  0.1329738  0.1465774  0.1678561  0.1240189  0.1472835  0.1744106  0.1868443
 2  0.0231473  0.0188915  0.0131225  0.0160778  0.0133567  0.0256447  0.0275055  0.0268095  0.0272548  0.0215327  0.0197395  0.0222637  0.0210124  0.0123908  0.0102422  0.0129325  0.0109661  0.0138792  0.0145803  0.0261565  0.0277227  0.0318909  0.0372944  0.0279828  0.0329223  0.0363258  0.0382486
 3  0.1099257  0.0769269  0.0819832  0.1690894  0.1698263  0.1264062  0.1263688  0.0806488  0.0769409  0.0675426  0.0738609  0.1614740  0.1404495  0.0741286  0.0822530  0.1394880  0.1287993  0.1324917  0.1233161  0.1093279  0.1249507  0.0667078  0.0657262  0.1329410  0.1363983  0.0773306  0.0741598
 4  0.0434759  0.0460169  0.0408656  0.0489583  0.0433245  0.0393281  0.0404709  0.0359880  0.0393982  0.0360203  0.0332432  0.0459055  0.0514828  0.0390459  0.0425088  0.0438290  0.0359874  0.0337604  0.0328845  0.0307125  0.0328065  0.0325855  0.0333983  0.0335044  0.0383460  0.0383543  0.0338969
 1  0.1306233  0.1076832  0.0747356  0.0855199  0.0660549  0.1028776  0.1161171  0.1509757  0.1563354  0.1052044  0.1021653  0.1009313  0.0965822  0.2494685  0.2746230  0.3131893  0.4053145  0.1226891  0.0974302  0.1536538  0.1532792  0.0949014  0.0915973  0.1397509  0.0923541  0.0867331  0.0692934
 2  0.0247698  0.0170223  0.0115003  0.0129669  0.0110962  0.0199660  0.0250861  0.0324418  0.0319274  0.0210419  0.0188284  0.0192965  0.0187905  0.0471993  0.0518280  0.0623248  0.0724993  0.0195473  0.0165168  0.0272434  0.0280199  0.0180854  0.0182417  0.0223690  0.0123278  0.0132996  0.0110970
 3  0.1210438  0.0829472  0.0939540  0.1803614  0.1613899  0.1258688  0.1185376  0.0694612  0.0706489  0.0768348  0.0764575  0.0697005  0.0726634  0.1487038  0.1493537  0.0691649  0.0772535  0.0802264  0.0799949  0.1578809  0.1573533  0.0778686  0.0769904  0.1505598  0.1541377  0.1528833  0.1376938
 4  0.0459343  0.0436520  0.0451176  0.0469923  0.0346566  0.0317221  0.0359016  0.0369204  0.0359381  0.0379364  0.0359887  0.0336851  0.0367221  0.0390782  0.0344679  0.0331678  0.0423066  0.0396824  0.0383578  0.0390902  0.0384229  0.0357648  0.0485172  0.0640235  0.0500900  0.0432529  0.0382759
 1  0.1290452  0.1026011  0.0714295  0.0966477  0.0790410  0.1333978  0.1267874  0.0925035  0.0627277  0.0542440  0.0531868  0.1201291  0.1480678  0.0575679  0.0668460  0.1276020  0.1372053  0.1795845  0.2198216  0.1768075  0.1702993  0.1591727  0.1525127  0.0875717  0.0643013  0.0444295  0.0365841
 2  0.0246009  0.0162348  0.0109923  0.0163327  0.0119269  0.0222080  0.0240525  0.0146605  0.0103345  0.0100379  0.0107825  0.0269436  0.0367730  0.0154077  0.0163551  0.0276767  0.0284961  0.0380125  0.0446491  0.0331185  0.0323009  0.0294917  0.0247479  0.0141634  0.0093049  0.0071353  0.0066940
 3  0.1195265  0.0860628  0.0838935  0.0743818  0.0764320  0.1603694  0.1573259  0.0729577  0.0733462  0.1367079  0.1233772  0.1314078  0.1266846  0.0616475  0.0667039  0.1377938  0.1426869  0.1205079  0.1231644  0.0762995  0.0827358  0.1466086  0.1514840  0.0832150  0.0782360  0.1467239  0.1326309
 4  0.0455732  0.0492929  0.0399961  0.0434005  0.0443097  0.0386754  0.0451808  0.0477663  0.0373084  0.0313410  0.0296812  0.0291192  0.0256593  0.0337305  0.0408196  0.0382442  0.0325078  0.0377758  0.0441808  0.0371245  0.0354553  0.0419453  0.0484082  0.0503710  0.0475933  0.0371588  0.0308963
 1  0.1242210  0.0705272  0.0484810  0.0450437  0.0369214  0.0780320  0.0831963  0.1299353  0.1547380  0.1029064  0.1005567  0.0670867  0.0599966  0.0553592  0.0450956  0.1540148  0.1514902  0.1294071  0.1478478  0.1100586  0.1118608  0.0598695  0.0488221  0.0708132  0.0722111  0.1364290  0.1350221
 2  0.0237190  0.0112795  0.0076090  0.0074673  0.0066705  0.0154667  0.0175134  0.0290441  0.0343042  0.0211726  0.0205404  0.0135954  0.0100673  0.0091146  0.0082018  0.0280845  0.0281837  0.0259944  0.0305433  0.0227836  0.0225505  0.0110476  0.0087381  0.0137068  0.0147279  0.0273022  0.0280325
 3  0.1150374  0.0741896  0.0914215  0.0909334  0.0777976  0.1533052  0.1376593  0.1221058  0.1087258  0.0756133  0.0748715  0.0739742  0.0751461  0.1600687  0.1635578  0.1524258  0.1499161  0.1480605  0.1396166  0.0663045  0.0744344  0.0668399  0.0781419  0.1392324  0.1440006  0.0749320  0.0687818
 4  0.0439503  0.0459900  0.0425976  0.0407822  0.0350494  0.0358433  0.0311371  0.0334813  0.0364398  0.0370573  0.0350684  0.0463657  0.0480425  0.0440026  0.0400746  0.0423774  0.0367107  0.0324392  0.0353234  0.0355642  0.0406084  0.0425671  0.0394246  0.0336699  0.0367818  0.0403310  0.0357324
 1  0.1165220  0.1077411  0.0777084  0.2026494  0.1772610  0.1369037  0.1246672  0.1718124  0.1723235  0.1383914  0.1520297  0.0932747  0.0769839  0.1017429  0.1031788  0.1213785  0.1092336  0.1675624  0.1787012  0.2789493  0.3677074  0.2069702  0.1509036  0.1250813  0.1206327  0.0956255  0.0823962
 2  0.0223310  0.0176367  0.0123036  0.0319113  0.0297479  0.0239785  0.0207818  0.0300495  0.0324306  0.0279673  0.0326337  0.0177007  0.0140283  0.0194141  0.0185717  0.0212683  0.0203361  0.0321092  0.0339089  0.0549044  0.0703990  0.0313883  0.0232054  0.0217153  0.0194026  0.0162065  0.0155268
 3  0.1078842  0.0698472  0.0848159  0.1600569  0.1680159  0.0892064  0.0787672  0.1495464  0.1523861  0.0693278  0.0738915  0.0694582  0.0745477  0.1531850  0.1490327  0.1230634  0.1237073  0.1430554  0.1481318  0.1561675  0.1586741  0.0848809  0.0869005  0.1585746  0.1470320  0.0704845  0.0682062
 4  0.0419358  0.0421017  0.0451737  0.0424110  0.0421121  0.0453135  0.0424783  0.0373950  0.0334281  0.0318896  0.0399259  0.0426932  0.0392793  0.0417067  0.0466631  0.0419822  0.0392470  0.0382992  0.0382614  0.0369256  0.0484657  0.0459238  0.0399679  0.0448344  0.0441843  0.0342334  0.0339142
 1  0.1258450  0.0785110  0.0543219  0.0694047  0.0587809  0.0996974  0.0954006  0.1940617  0.2147673  0.1025628  0.0945180  0.0926735  0.0694217  0.1027940  0.0975930  0.1950811  0.2288959  0.1861821  0.1898468  0.2383163  0.2492932  0.1396042  0.1310566  0.1791035  0.2377080  0.2731211  0.2907735
 2  0.0243853  0.0126708  0.0085186  0.0120508  0.0093825  0.0173943  0.0181200  0.0382641  0.0406450  0.0188331  0.0186555  0.0156830  0.0110087  0.0178411  0.0183310  0.0393004  0.0460015  0.0356529  0.0379138  0.0451321  0.0414570  0.0237118  0.0248917  0.0381916  0.0547532  0.0559230  0.0535048
 3  0.1162965  0.0721983  0.0916961  0.0813474  0.0750640  0.1577027  0.1600208  0.1184565  0.1218848  0.0758009  0.0771588  0.1451442  0.1492944  0.1397707  0.1452333  0.1294740  0.1396101  0.0683094  0.0705631  0.1439305  0.1511398  0.0867510  0.0743778  0.1475875  0.1475103  0.0681966  0.0734073
 4  0.0459349  0.0447000  0.0401676  0.0426495  0.0423526  0.0388248  0.0369977  0.0430613  0.0428919  0.0353742  0.0443663  0.0529179  0.0441982  0.0331954  0.0357586  0.0330279  0.0390220  0.0343357  0.0370302  0.0478725  0.0458464  0.0367031  0.0318651  0.0307704  0.0363517  0.0397562  0.0385417
 1  0.1167883  0.0902575  0.0649424  0.0829455  0.0720807  0.1541674  0.1322587  0.1620339  0.1530075  0.1112299  0.1005268  0.0620622  0.0635731  0.1283094  0.1579473  0.1314651  0.1385304  0.1317093  0.0991553  0.0927302  0.0950209  0.1743922  0.2052071  0.2876119  0.3117228  0.1796538  0.1653651
 2  0.0227042  0.0148356  0.0103004  0.0137015  0.0126355  0.0259728  0.0225534  0.0276982  0.0274743  0.0202416  0.0180931  0.0119856  0.0135171  0.0297960  0.0367382  0.0294844  0.0270039  0.0214560  0.0166194  0.0175871  0.0199730  0.0388686  0.0407077  0.0540096  0.0517918  0.0299885  0.0292494
 3  0.1078659  0.0871327  0.0826176  0.1666582  0.1593892  0.1224655  0.1249641  0.1580785  0.1432611  0.0817944  0.0701913  0.1494930  0.1324377  0.1134119  0.1060307  0.0688561  0.0730652  0.0783636  0.0793682  0.0806895  0.0732983  0.1324383  0.1392408  0.0776226  0.0804385  0.0815131  0.0746764
 4  0.0426806  0.0430173  0.0395957  0.0404032  0.0434235  0.0461494  0.0446675  0.0421161  0.0358835  0.0408273  0.0399508  0.0343445  0.0264470  0.0342939  0.0365229  0.0392846  0.0482933  0.0440158  0.0367837  0.0343624  0.0353058  0.0408120  0.0408385  0.0419598  0.0426245  0.0381989  0.0361447
 1  0.1211286  0.0621601  0.0430984  0.0321565  0.0289046  0.1234647  0.1265179  0.0938154  0.0874820  0.0968226  0.0887107  0.0878401  0.0840633  0.1278269  0.1334622  0.2645544  0.3852095  0.1417621  0.0963806  0.0749179  0.0558366  0.0941659  0.1044860  0.1818332  0.1977471  0.1977779  0.1987779
 2  0.0236729  0.0101722  0.0068282  0.0056637  0.0056648  0.0246607  0.0244304  0.0179695  0.0161030  0.0175549  0.0153337  0.0161363  0.0155702  0.0246981  0.0269597  0.0569922  0.0854837  0.0222090  0.0155872  0.0116869  0.0096798  0.0190061  0.0209214  0.0363592  0.0364186  0.0356073  0.0382692
 3  0.1117906  0.0742938  0.0910696  0.0870017  0.0806235  0.1477449  0.1544063  0.0784091  0.0820647  0.1661864  0.1526112  0.1231418  0.1158530  0.1358257  0.1391423  0.1449690  0.1412696  0.0773467  0.0820702  0.0869444  0.0746324  0.1446346  0.1398374  0.1444001  0.1529622  0.0761781  0.0848569
 4  0.0451994  0.0445260  0.0397407  0.0339960  0.0338092  0.0398026  0.0381796  0.0405103  0.0404117  0.0508055  0.0412252  0.0392746  0.0403681  0.0347515  0.0313968  0.0322502  0.0422005  0.0458361  0.0421401  0.0425514  0.0335611  0.0326812  0.0423409  0.0422464  0.0444380  0.0347368  0.0345188
 1  0.1199243  0.0512625  0.0357500  0.0414017  0.0331684  0.0869394  0.0901391  0.0590642  0.0551791  0.1034988  0.1101332  0.1510750  0.1729113  0.0902335  0.0762588  0.1196356  0.1307514  0.0921921  0.0830484  0.0430012  0.0358288  0.0293653  0.0266396  0.0801103  0.0952984  0.1755795  0.2304990
 2  0.0225624  0.0082643  0.0056813  0.0069178  0.0056920  0.0164585  0.0183860  0.0121656  0.0108454  0.0208787  0.0228802  0.0323818  0.0344983  0.0162988  0.0140688  0.0234565  0.0271493  0.0184225  0.0153855  0.0077880  0.0065807  0.0054866  0.0053845  0.0180646  0.0236271  0.0450863  0.0480663
 3  0.1112819  0.0867685  0.0928306  0.0922659  0.0822951  0.1528211  0.1573769  0.0684481  0.0695967  0.1430727  0.1505004  0.1132151  0.1150116  0.0739450  0.0754990  0.1469304  0.1532827  0.0663665  0.0725100  0.0737959  0.0798036  0.1428921  0.1377148  0.1333390  0.1339811  0.1357782  0.1368818
 4  0.0417796  0.0488311  0.0436040  0.0394394  0.0379166  0.0349306  0.0368255  0.0406278  0.0385702  0.0347507  0.0350853  0.0399642  0.0464343  0.0396816  0.0349189  0.0341617  0.0379229  0.0417657  0.0408990  0.0403815  0.0406888  0.0374013  0.0319039  0.0283043  0.0287472  0.0419978  0.0483025
 1  0.1081644  0.0466171  0.0332733  0.0952560  0.0856670  0.2152142  0.1711939  0.2290018  0.2516870  0.2088117  0.1781427  0.0664018  0.0618011  0.1571519  0.1952319  0.2067747  0.2193498  0.1271121  0.1254042  0.1185840  0.1188407  0.1798578  0.1886553  0.1969559  0.2102274  0.2676710  0.2649361
 2  0.0209184  0.0077459  0.0053936  0.0161018  0.0152099  0.0333545  0.0273616  0.0409346  0.0462868  0.0350405  0.0310922  0.0122270  0.0126073  0.0356172  0.0412085  0.0408750  0.0416062  0.0241955  0.0241708  0.0226152  0.0233486  0.0342322  0.0347407  0.0358117  0.0386964  0.0460095  0.0434557
 3  0.1000116  0.0848648  0.0833127  0.1665160  0.1687312  0.1675803  0.1660158  0.0788929  0.0752200  0.0750366  0.0752332  0.0704785  0.0738271  0.1333174  0.1226594  0.0711531  0.0734638  0.0756700  0.0751636  0.1563557  0.1500737  0.1571294  0.1565486  0.1599653  0.1447753  0.1521616  0.1585363
 4  0.0393348  0.0465448  0.0410555  0.0421088  0.0504781  0.0517299  0.0404424  0.0364865  0.0418353  0.0398011  0.0364069  0.0330063  0.0311366  0.0348701  0.0394177  0.0379791  0.0367827  0.0364302  0.0367380  0.0414382  0.0371766  0.0420359  0.0419004  0.0405355  0.0399430  0.0466955  0.0393415
