2019 2020 2021 2022 2023 2024 2025 2026 2027 2028 2029 2030 2031 2032 2033 2034 2035 2036 2037 2038 2039 2040 2041 2042 2043 2044 2045
  25959.53   29781.11   40598.40   52955.39   61061.20   68346.74   74253.39   82971.66   79747.20   73290.82   62480.28   56378.47   58333.69   63781.13   63752.83   60014.69   45735.47   36012.21   42631.86   51732.58   60364.33   64558.33   65155.18   72674.20   74583.76   76761.19   74649.09
  25975.45   29829.46   41485.15   54965.80   66593.77   74127.82   69820.97   64678.66   59269.48   58856.69   65022.89   69136.52   82091.02   95177.27   94209.61   91502.87   85733.56   77528.77   78467.03   82192.85   71874.91   61965.11   63587.70   75931.57  100375.95  120892.50  127340.73
  25467.19   28797.54   39514.02   58072.45   73701.10   99992.80  115171.91  111790.34  101370.65   88934.67   86211.14   85826.54   82244.88   79973.21   84258.46   83610.63   66382.35   63163.04   85567.08   99589.64   94613.40   87521.25   72321.24   63215.51   68605.12   65867.17   56895.88
  25289.83   28992.92   41515.22   51490.41   52111.73   52513.21  105791.23  186989.00  223336.89  245473.35  236771.40  210985.23  179816.04  183789.48  240210.63  279317.28  276204.60  250397.29  183509.33  117355.52   82376.80   56140.15   50907.80   66684.83   99994.76  117321.13  121590.53
  26039.35   29895.27   41866.77   54201.55   62928.43  101816.20  143670.22  164677.04  137467.14  120335.22  138664.40  154610.04  175050.62  181554.52  151349.64  111308.87   79941.70   52070.20   53485.02   73920.16  103656.89  123536.51  112501.48  106616.65  111896.94  113557.16  114114.41
  29351.88   33544.55   43970.93   62686.09   79693.78   95203.67   99223.15   97962.92   94413.48   89088.69   83246.61   77717.06   81838.24   85292.84   78927.94   68310.29   58980.53   70948.13  110917.26  139127.17  135552.80  121023.57   89083.08   60334.25   45404.21   33070.47   46689.67
  25822.80   29818.04   40753.02   52236.40   65145.25   80395.93   82543.50   76617.86   78531.20   86619.10   91229.20  100305.00  112268.43  127961.54  144346.53  155288.44  132583.12  104677.08  103036.93  108440.25  134364.19  162718.40  161990.91  148253.67  115030.73   82052.76   78446.46
  24991.85   28136.05   40504.66   50621.18   86449.11  137986.32  151878.03  153698.42  116485.57   81427.88   76263.03   65483.90   50263.83   34292.80   47650.45   70798.83   90408.15  138901.79  171211.60  170521.94  121550.82   70510.56   58381.71   53627.47   67897.64   87177.83  102797.45
  26551.78   30135.14   40595.74   53959.06   58206.72   58760.71   57086.70   53163.92   56572.39   60532.88   58611.07   58002.79   63548.02   73727.07   90712.04  104088.71  112644.88  125306.70  129920.13  129122.81  120021.47  112804.34  117659.95  128875.47  129592.37  129538.81  135733.56
  26856.33   30459.06   40948.71   49638.68   53613.76   55615.69   54867.53   52109.42   51523.71   55164.56   60751.56   65552.18   62695.61   64552.72   69236.73   67106.53   68542.69   70595.56   71687.97   81843.40   97419.54  109207.57   92112.88   71841.14   85749.89  110603.67  111889.50
  26666.73   30531.55   42749.89   55622.67   71878.90   86067.95   81213.97   72281.01   59592.06   50724.88   57045.88   65303.67   73021.40   83682.55   82296.30   77270.64   75022.60   69724.95   69239.26   77230.80   97211.99  119994.33  122429.89  114746.42   98525.03   77649.59   51984.56
  26098.35   29986.32   41100.06   51161.74   50869.50   51168.66   51817.05   56162.26   67875.55   77136.80   76905.07   86923.56  103239.70  109539.12  107402.67  107424.15  100528.96   97789.38  105466.15  114345.19  120711.18  113797.66   92902.11   76240.45   62680.57   53715.73   59099.06
  26048.27   29779.08   40630.04   50138.96   62866.57   84015.93   98388.09  102064.78  109037.56  121474.60  113137.75   98735.51   71372.24   48893.47   70989.32  105906.98  126657.79  137968.56  134888.00  148269.37  168243.01  175378.03  164865.06  159016.58  128837.70   94883.55   84816.07
  24483.34   27889.91   38536.70   62035.59   87965.67  141975.14  187023.66  190390.12  129262.59   64212.33   41020.72   65259.76  137440.30  172226.03  170472.20  162501.34  149671.14  156859.80  186978.61  202152.78  190197.69  166548.96  119560.32   76080.67   59332.83   51957.14   70125.61
  30409.17   35300.80   45555.25   62229.28   85252.36  109509.51  120325.87  128599.57  130859.25  132772.84  130633.70  122518.27  131023.83  140044.31  123497.24  108400.20  114761.31  122649.93  114831.64   99281.43   74497.23   57109.79   63317.87   67683.79   75175.15  104712.75  147635.30
  28278.60   32621.55   43680.37   72032.91  105408.97  126271.58  116067.28   96330.11   73478.16   52400.85   46038.10   42269.47   45029.47   47006.41   55258.60   64600.53   71094.00   81212.32   82240.22   78684.97   74073.11   78144.08   82310.54   80319.65   85824.89   90525.97   81650.60
  28329.41   32674.20   43220.25   62708.31   87424.68  123317.57  145346.49  168238.80  202054.27  213790.07  199169.21  186659.54  171648.78  151726.94  123391.69   99337.15   91477.00   92163.29   91514.40   97208.27   96884.33   83522.95   78511.63   98886.94  133118.84  145378.74  123887.91
  29696.28   34369.00   46283.42   60951.58   76415.96   88480.32   84408.33   77161.71   64965.34   52852.20   53062.86   55090.21   63814.66   78526.43   82959.03   86611.38   92680.83   96077.73   90543.91   81708.59   70410.13   64616.96   80293.58  103509.56  114614.19  112258.62  113174.76
  26904.66   31184.21   42129.86   66055.01   88815.36  104088.33  107869.15  104245.35   67985.50   45233.28   57702.94   61354.67   70687.88   81315.15   85642.01  100471.12  119723.27  130914.18  126781.09  120338.67  125209.12  125714.85  118743.48  121517.13  130592.27  133101.84  118966.09
  27754.21   31530.52   42879.90   54291.60   60631.48   69133.12   74198.44   70649.88   61067.80   56990.99   69198.28   78727.39   77449.35   72178.74   77334.22   88159.93   83476.74   72437.31   47290.22   46988.83   86187.66  129475.33  138227.26  127785.19  117290.68  104563.06   98356.28
  27337.97   31352.20   43113.09  118412.88  217632.69  259606.90  257379.71  236629.10  195564.58  150744.78  127145.96  115875.85  105922.29   98042.36   93716.48  111239.60  139094.87  148222.31  146563.69  153320.99  133388.71   97506.57   95756.08   99964.88   99597.40   98189.32  103091.29
  24720.35   28484.88   39916.27   49923.39   59067.94   69164.29   70604.51   73274.60   72974.78   67952.80   69863.05   68900.49   58035.20   53326.62   56815.29   61597.01   71419.51   90573.10  109188.34  121374.58  111160.68   98997.77   86790.16   77531.66   85553.74   87130.40   85148.08
  24274.19   27242.39   38489.84   49001.99   56522.84   66071.50   47611.80   33154.12   40767.67   45421.22   47847.94   65338.88   74446.60   72666.47   70268.28   66760.54   52601.76   37492.81   46398.38   52806.38   60272.23   78665.47  113128.14  142049.13  130869.35  131240.46  135213.47
  25756.42   29306.50   40120.06   53724.40   60230.87   59524.91   73214.32   97866.98  108805.33  116722.46  127704.39  145929.39  143790.67  126709.51  112347.26  102870.93  103827.38  116648.05  131433.85  128493.47  103578.55   76830.04   61436.58   47814.66   48554.40   55791.85   64338.92
  29426.21   32859.91   43445.79   54741.83   61599.40   65638.83   57836.99   50494.86   72868.60  112228.26  138463.80  148956.53  131192.09  115031.44  101898.08   84721.87   77690.14   75782.12   74888.64   74544.79   77705.92   82150.94   77669.34   68399.98   66246.00  127316.19  230053.45
  26734.77   29962.56   41538.30   59549.10   80799.48   95751.34   86747.93   79041.95   83541.87   88524.28   89509.15   82143.87   82986.15   83174.60   73301.02   71080.15   80244.93   94128.50  107143.83  113745.51  118894.30  124536.24  122228.52  117914.53  100998.28   84770.27   84066.66
  27078.40   31043.93   43182.43   55983.72   68016.66   79543.90   81808.05   81288.37   83118.28   82760.48   72717.60   63082.78   58751.67   57468.58   69313.99   82318.56   92818.49  113119.31  127027.01  127557.66  132304.29  148316.85  169064.99  193499.78  200190.13  201813.20  183169.88
  27402.71   31041.50   42182.40   61515.80   83925.89  110167.81  129109.99  139286.41  144686.14  146594.19  137432.61  126517.46  104750.12   86487.93   91679.88   98708.83  109868.45  125454.90  125347.41  122106.12  155467.66  211430.76  247161.57  253797.05  211470.49  165460.95  124803.54
  27325.87   31217.81   43151.73   61489.26   77951.10   83793.33   72805.82   61285.38   58866.01   57204.23   71596.44   90976.66   90650.69   85225.57   71386.38   58303.79   57449.57   52460.30   43907.98   50229.67   77840.25  103263.10  122527.78  145701.35  154589.44  156660.36  150673.93
  30111.08   34649.66   45893.44   64847.78   92715.86  114515.50  102045.06   83118.38   74603.00   89551.77  135691.74  177852.55  188554.01  185094.64  153299.36  121801.44  104168.24   85541.06   85698.90   83301.93   72867.02   63120.51   47202.19   38583.56   60863.24   90600.59   96111.65
  27375.08   31749.17   43707.36   60589.68   75261.41   85598.12   89713.82   89743.38   78104.51   69050.33   66492.59   62720.03   80987.72  104715.11  113754.39  126770.83  132384.48  132510.42  118005.39   97831.70   94161.67   92321.43   85457.59   95210.26  123679.99  143928.25  152645.46
  27305.77   32035.76   43680.39   57183.87   68551.37   75693.44   70308.03   67370.11   70153.85   71694.23   83214.05   97989.21   97538.88   90674.84   81281.38  108237.21  166956.72  197354.17  195756.92  191740.23  176589.42  152325.87  139784.20  143037.88  140057.13  125447.75  106019.59
  25628.43   30093.66   35756.24   63058.28  108694.24  142777.80  145736.22  152336.92  145763.45  126346.64  113188.66  103693.07   98824.19   99481.75   96254.84   86525.65  114267.27  150186.67  157738.39  165281.57  140929.20  114984.11  103714.00   90295.67   87529.05   77067.77   69544.93
  26627.21   30981.55   43388.67   55605.22   87678.90  133410.27  148053.91  147590.42  133035.57  116845.46   97009.03   74481.76   55904.95   46166.28   48073.47   54982.63   70524.20   88956.00  105396.87  110168.28  112258.12  113565.33  106893.96   99838.35  118931.74  158162.77  166572.63
  27041.67   30932.67   43720.49   64125.67   98678.41  130994.84  135065.25  127503.65  122510.48  118165.07  106502.66   92325.93   87513.72   86719.73   97062.50  119558.10  144979.96  171448.87  170228.73  160231.67  139578.65  114449.18  105384.85   97655.28   82829.00   72506.69   77228.05
  28837.28   33068.39   44946.62   57071.83   72829.06   89643.32   95553.70  105433.85  104437.45   96950.69   83677.81   67990.16   70512.32   88230.96  103096.14  109485.67  105994.25  107221.00   97560.76   86421.20   74759.52   65844.48   71366.46   68651.29   60709.92   56673.46   65993.39
  27268.07   31295.18   42181.25   58928.74   82644.20  102292.19   97519.39   86285.59   65775.95   67089.30   99629.27  125115.08  139414.99  140400.48  116851.94  100050.56   91704.03   80891.51   78146.67   72840.23   76183.74   84268.52   81375.06   79572.88   84431.93   80969.38   69897.51
  27150.14   31187.00   41759.21   62160.53   88060.64  106074.04  100466.94   89686.07   77375.19   78155.08   90742.41  101011.58  108664.11  116341.50  112897.14   99367.15   79017.84   80048.35  112525.33  139567.18  135409.90  124082.79  100614.38   84125.52   86205.63   80352.29   78287.46
  28681.81   32819.47   44428.93   55920.78   68538.53   95280.67  112053.65  114373.43  100781.83   92150.73   90109.08   82014.03   71764.39   66609.38   83683.80  104590.08  115232.99  121005.61  127561.97  129395.54  130480.28  140890.99  139033.01  132824.52  135372.38  125446.45  104439.05
  26666.78   30380.46   41230.59   53254.78   55894.87   67831.90   89115.28   99978.79   88791.52   78472.70   75491.65   78417.55   97414.39  111944.99  107273.91   95985.51   74749.98   56412.81   50226.18   61756.37   91533.68  110098.54  121788.20  134651.24  140801.58  138047.12  111711.71
  27413.16   31184.50   40856.43   55251.40   67354.44   73192.16   72278.32   72541.05   73077.47   77491.13   84430.82   82451.10   85568.69  103958.46  125651.32  154718.40  181421.41  199909.67  200658.93  200751.96  189902.04  165752.63  146166.24  125004.61  105658.18   92042.28   83918.18
  25014.09   28817.63   39187.13   56024.34   66934.68   66988.11   60097.17   55597.01   54939.99   53516.31   57990.91   63308.70   66817.94   74751.75   63578.45   46873.15   39878.38   38239.52   46402.03   54220.24   53636.11   50543.56   53179.03   70214.50  113554.47  161007.91  199663.52
  25311.86   29162.33   39546.02   49493.88   69929.65   95590.64   91563.89  106203.70  147656.31  170294.57  172392.44  162676.63  129564.87   95798.28   88419.62   89252.57   79046.73   65823.71   55865.10   50933.67   51264.88   51442.98   58492.77   70720.46  107057.20  153317.87  171896.22
  26328.10   30353.99   41750.63   54245.94   64441.72   71530.55   67281.10   61150.56   52519.25   47682.44   47918.34   48043.78   61596.93   84985.59   94443.75  102926.39  101914.16   91317.79   81233.56   71731.42   73043.98   82334.38  100533.33  112522.22  109895.16  110466.27  107858.13
  27868.90   31847.89   42002.31   57080.28   60783.59   59469.20   71680.34   86482.50   81170.77   68839.01   63585.63   65767.35   78953.38   86023.87   89562.32  101320.93  106083.92  107126.28  100644.83   89268.63   67388.42   59314.38   78982.88   89766.70  103836.71  125105.71  137981.78
  25840.41   29266.80   40116.22   48968.50   65289.24   85316.15   84853.86   82192.67   76614.11   72670.03   76107.94   91682.58  122585.93  145025.22  148024.92  142140.03  122595.34  106475.68   99906.14   95040.17   96088.23   95981.97   96833.19   89322.02   66777.87   51059.33   48341.45
  27930.34   31793.63   41847.18   54233.79   60453.16   71579.55   82423.20   93400.50   94589.07   93902.14  107988.68  118373.60  110903.27   99183.86   83263.84   71009.05   72019.70   88786.70  109414.83  117240.18  114329.35  110065.59   99654.65   93230.58   89830.59   91420.85   96528.94
  26723.98   30126.40   41368.72   50176.39   54542.54   61040.36   60732.29   59540.96   66551.76   77241.74   85865.38   93414.51   99438.03  106185.62   99081.82   85678.63   56992.04   43166.37   58969.50   78536.09   99008.10  104793.24  101719.28  103056.28   95932.91   92665.52   86798.02
  27163.84   31421.26   42794.14   55666.27   70740.96   83327.41   79019.08   74512.93   83971.90   92345.05   84431.45   73438.86   68013.56   70278.51   80088.56   85183.74   76564.89   70008.59   81796.28   96708.87  114985.32  135823.26  142905.45  136228.59  114108.16   91498.01   76409.23
  30056.55   34451.79   45963.59   59505.89   64166.30   81727.39   95602.92   93870.33   87930.25   93131.09  103381.09  105568.89  111044.31  107426.71   93122.24   85021.41   79266.22   74291.52   75922.00   80863.91   77910.69   75259.70   71684.58   67368.89   61772.49   60700.58   61257.51
